000 (9709119.000.000) 05/01 23:17:34 Job submitted from host: <137.138.156.150:9618?addrs=137.138.156.150-9618+[2001-1458-d00-14--9a]-9618&alias=bigbird13.cern.ch&noUDP&sock=schedd_2138_1192>
...
040 (9709119.000.000) 05/01 23:32:25 Started transferring input files
	Transferring to host: <188.184.160.77:9618?addrs=188.184.160.77-9618+[2001-1458-301-48--100-47]-9618&alias=b9s09p3280.cern.ch&noUDP&sock=slot1_32_363373_e692_115323>
...
040 (9709119.000.000) 05/01 23:32:25 Finished transferring input files
...
001 (9709119.000.000) 05/01 23:32:26 Job executing on host: <188.184.160.77:9618?addrs=188.184.160.77-9618+[2001-1458-301-48--100-47]-9618&alias=b9s09p3280.cern.ch&noUDP&sock=startd_363334_7b4d>
...
006 (9709119.000.000) 05/01 23:32:34 Image size of job updated: 158508
	155  -  MemoryUsage of job (MB)
	158252  -  ResidentSetSize of job (KB)
...
006 (9709119.000.000) 05/01 23:37:34 Image size of job updated: 524448
	509  -  MemoryUsage of job (MB)
	520668  -  ResidentSetSize of job (KB)
...
006 (9709119.000.000) 05/01 23:42:34 Image size of job updated: 835468
	815  -  MemoryUsage of job (MB)
	834088  -  ResidentSetSize of job (KB)
...
006 (9709119.000.000) 05/01 23:47:35 Image size of job updated: 1168036
	1133  -  MemoryUsage of job (MB)
	1159600  -  ResidentSetSize of job (KB)
...
006 (9709119.000.000) 05/01 23:52:35 Image size of job updated: 1400520
	1133  -  MemoryUsage of job (MB)
	1159600  -  ResidentSetSize of job (KB)
...
006 (9709119.000.000) 05/01 23:57:35 Image size of job updated: 1400520
	1218  -  MemoryUsage of job (MB)
	1246812  -  ResidentSetSize of job (KB)
...
006 (9709119.000.000) 05/02 00:02:36 Image size of job updated: 1583012
	1546  -  MemoryUsage of job (MB)
	1582272  -  ResidentSetSize of job (KB)
...
006 (9709119.000.000) 05/02 00:07:37 Image size of job updated: 1913936
	1868  -  MemoryUsage of job (MB)
	1912756  -  ResidentSetSize of job (KB)
...
006 (9709119.000.000) 05/02 00:12:37 Image size of job updated: 2108976
	1868  -  MemoryUsage of job (MB)
	1912756  -  ResidentSetSize of job (KB)
...
006 (9709119.000.000) 05/02 00:22:39 Image size of job updated: 2270652
	2211  -  MemoryUsage of job (MB)
	2263244  -  ResidentSetSize of job (KB)
...
006 (9709119.000.000) 05/02 00:27:39 Image size of job updated: 2659912
	2596  -  MemoryUsage of job (MB)
	2657728  -  ResidentSetSize of job (KB)
...
006 (9709119.000.000) 05/02 00:32:39 Image size of job updated: 3046832
	2969  -  MemoryUsage of job (MB)
	3040180  -  ResidentSetSize of job (KB)
...
006 (9709119.000.000) 05/02 00:37:40 Image size of job updated: 3383244
	3295  -  MemoryUsage of job (MB)
	3374080  -  ResidentSetSize of job (KB)
...
006 (9709119.000.000) 05/02 00:42:40 Image size of job updated: 3706800
	3612  -  MemoryUsage of job (MB)
	3698584  -  ResidentSetSize of job (KB)
...
006 (9709119.000.000) 05/02 00:47:40 Image size of job updated: 4042868
	3948  -  MemoryUsage of job (MB)
	4041836  -  ResidentSetSize of job (KB)
...
006 (9709119.000.000) 05/02 00:52:41 Image size of job updated: 4397732
	4293  -  MemoryUsage of job (MB)
	4395812  -  ResidentSetSize of job (KB)
...
006 (9709119.000.000) 05/02 00:57:42 Image size of job updated: 4719600
	4601  -  MemoryUsage of job (MB)
	4710492  -  ResidentSetSize of job (KB)
...
006 (9709119.000.000) 05/02 01:02:42 Image size of job updated: 5052548
	4928  -  MemoryUsage of job (MB)
	5045724  -  ResidentSetSize of job (KB)
...
006 (9709119.000.000) 05/02 01:07:43 Image size of job updated: 5421932
	5287  -  MemoryUsage of job (MB)
	5413084  -  ResidentSetSize of job (KB)
...
006 (9709119.000.000) 05/02 01:12:44 Image size of job updated: 5789552
	5653  -  MemoryUsage of job (MB)
	5788368  -  ResidentSetSize of job (KB)
...
006 (9709119.000.000) 05/02 01:17:44 Image size of job updated: 6127360
	5976  -  MemoryUsage of job (MB)
	6118472  -  ResidentSetSize of job (KB)
...
006 (9709119.000.000) 05/02 01:22:45 Image size of job updated: 6421576
	6264  -  MemoryUsage of job (MB)
	6414084  -  ResidentSetSize of job (KB)
...
006 (9709119.000.000) 05/02 01:27:46 Image size of job updated: 6754904
	6590  -  MemoryUsage of job (MB)
	6748128  -  ResidentSetSize of job (KB)
...
006 (9709119.000.000) 05/02 01:32:46 Image size of job updated: 6943652
	6590  -  MemoryUsage of job (MB)
	6748132  -  ResidentSetSize of job (KB)
...
006 (9709119.000.000) 05/02 02:42:52 Image size of job updated: 7073840
	6902  -  MemoryUsage of job (MB)
	7066960  -  ResidentSetSize of job (KB)
...
006 (9709119.000.000) 05/02 02:47:53 Image size of job updated: 7496196
	7320  -  MemoryUsage of job (MB)
	7495224  -  ResidentSetSize of job (KB)
...
006 (9709119.000.000) 05/02 02:52:54 Image size of job updated: 7906916
	7721  -  MemoryUsage of job (MB)
	7906072  -  ResidentSetSize of job (KB)
...
006 (9709119.000.000) 05/02 02:57:54 Image size of job updated: 8017204
	7829  -  MemoryUsage of job (MB)
	8016492  -  ResidentSetSize of job (KB)
...
006 (9709119.000.000) 05/02 03:02:55 Image size of job updated: 8364992
	8168  -  MemoryUsage of job (MB)
	8363212  -  ResidentSetSize of job (KB)
...
006 (9709119.000.000) 05/02 03:07:56 Image size of job updated: 8727696
	8523  -  MemoryUsage of job (MB)
	8726812  -  ResidentSetSize of job (KB)
...
006 (9709119.000.000) 05/02 03:12:56 Image size of job updated: 9114408
	8881  -  MemoryUsage of job (MB)
	9093548  -  ResidentSetSize of job (KB)
...
006 (9709119.000.000) 05/02 03:17:56 Image size of job updated: 9234144
	8942  -  MemoryUsage of job (MB)
	9155760  -  ResidentSetSize of job (KB)
...
006 (9709119.000.000) 05/02 03:22:57 Image size of job updated: 9287500
	9065  -  MemoryUsage of job (MB)
	9282152  -  ResidentSetSize of job (KB)
...
006 (9709119.000.000) 05/02 03:27:57 Image size of job updated: 9449440
	9228  -  MemoryUsage of job (MB)
	9448604  -  ResidentSetSize of job (KB)
...
006 (9709119.000.000) 05/02 03:32:57 Image size of job updated: 9644132
	9237  -  MemoryUsage of job (MB)
	9458444  -  ResidentSetSize of job (KB)
...
006 (9709119.000.000) 05/02 03:47:58 Image size of job updated: 9644132
	9361  -  MemoryUsage of job (MB)
	9584932  -  ResidentSetSize of job (KB)
...
006 (9709119.000.000) 05/02 03:52:59 Image size of job updated: 9851904
	9572  -  MemoryUsage of job (MB)
	9801628  -  ResidentSetSize of job (KB)
...
006 (9709119.000.000) 05/02 03:58:00 Image size of job updated: 10265052
	10023  -  MemoryUsage of job (MB)
	10263292  -  ResidentSetSize of job (KB)
...
006 (9709119.000.000) 05/02 04:03:00 Image size of job updated: 10651996
	10299  -  MemoryUsage of job (MB)
	10545540  -  ResidentSetSize of job (KB)
...
006 (9709119.000.000) 05/02 04:08:01 Image size of job updated: 10856388
	10602  -  MemoryUsage of job (MB)
	10855604  -  ResidentSetSize of job (KB)
...
006 (9709119.000.000) 05/02 04:13:02 Image size of job updated: 11171740
	10909  -  MemoryUsage of job (MB)
	11170232  -  ResidentSetSize of job (KB)
...
006 (9709119.000.000) 05/02 04:18:02 Image size of job updated: 11433196
	11163  -  MemoryUsage of job (MB)
	11429972  -  ResidentSetSize of job (KB)
...
006 (9709119.000.000) 05/02 04:23:02 Image size of job updated: 11822424
	11544  -  MemoryUsage of job (MB)
	11820552  -  ResidentSetSize of job (KB)
...
006 (9709119.000.000) 05/02 04:28:03 Image size of job updated: 12106904
	11715  -  MemoryUsage of job (MB)
	11995872  -  ResidentSetSize of job (KB)
...
006 (9709119.000.000) 05/02 04:33:03 Image size of job updated: 12327992
	12039  -  MemoryUsage of job (MB)
	12327556  -  ResidentSetSize of job (KB)
...
006 (9709119.000.000) 05/02 04:38:03 Image size of job updated: 12659504
	12361  -  MemoryUsage of job (MB)
	12656868  -  ResidentSetSize of job (KB)
...
006 (9709119.000.000) 05/02 04:43:04 Image size of job updated: 13112784
	12784  -  MemoryUsage of job (MB)
	13090268  -  ResidentSetSize of job (KB)
...
006 (9709119.000.000) 05/02 04:48:05 Image size of job updated: 13181956
	12784  -  MemoryUsage of job (MB)
	13090268  -  ResidentSetSize of job (KB)
...
006 (9709119.000.000) 05/02 04:53:05 Image size of job updated: 13181956
	12795  -  MemoryUsage of job (MB)
	13101876  -  ResidentSetSize of job (KB)
...
006 (9709119.000.000) 05/02 04:58:06 Image size of job updated: 13279144
	12939  -  MemoryUsage of job (MB)
	13248808  -  ResidentSetSize of job (KB)
...
006 (9709119.000.000) 05/02 05:03:07 Image size of job updated: 13606120
	13284  -  MemoryUsage of job (MB)
	13602724  -  ResidentSetSize of job (KB)
...
006 (9709119.000.000) 05/02 05:08:07 Image size of job updated: 13753156
	13284  -  MemoryUsage of job (MB)
	13602724  -  ResidentSetSize of job (KB)
...
006 (9709119.000.000) 05/02 05:13:07 Image size of job updated: 13807700
	13284  -  MemoryUsage of job (MB)
	13602724  -  ResidentSetSize of job (KB)
...
006 (9709119.000.000) 05/02 05:23:09 Image size of job updated: 13807700
	13425  -  MemoryUsage of job (MB)
	13746540  -  ResidentSetSize of job (KB)
...
006 (9709119.000.000) 05/02 05:28:09 Image size of job updated: 14011148
	13671  -  MemoryUsage of job (MB)
	13998112  -  ResidentSetSize of job (KB)
...
006 (9709119.000.000) 05/02 05:38:11 Image size of job updated: 14200828
	13857  -  MemoryUsage of job (MB)
	14189240  -  ResidentSetSize of job (KB)
...
006 (9709119.000.000) 05/02 05:43:11 Image size of job updated: 14210820
	13857  -  MemoryUsage of job (MB)
	14189240  -  ResidentSetSize of job (KB)
...
006 (9709119.000.000) 05/02 05:53:12 Image size of job updated: 14226276
	13857  -  MemoryUsage of job (MB)
	14189240  -  ResidentSetSize of job (KB)
...
006 (9709119.000.000) 05/02 06:38:16 Image size of job updated: 15840704
	15257  -  MemoryUsage of job (MB)
	15622712  -  ResidentSetSize of job (KB)
...
040 (9709119.000.000) 05/02 07:21:27 Started transferring output files
...
040 (9709119.000.000) 05/02 07:21:27 Finished transferring output files
...
005 (9709119.000.000) 05/02 07:21:27 Job terminated.
	(1) Normal termination (return value 0)
		Usr 0 02:50:27, Sys 0 00:28:19  -  Run Remote Usage
		Usr 0 00:00:00, Sys 0 00:00:00  -  Run Local Usage
		Usr 0 02:50:27, Sys 0 00:28:19  -  Total Remote Usage
		Usr 0 00:00:00, Sys 0 00:00:00  -  Total Local Usage
	9742  -  Run Bytes Sent By Job
	217  -  Run Bytes Received By Job
	9742  -  Total Bytes Sent By Job
	217  -  Total Bytes Received By Job
	Partitionable Resources :    Usage  Request Allocated 
	   Cpus                 :     0.99        1         1 
	   Disk (KB)            :    31           1   2963362 
	   Memory (MB)          : 15257        2000      2000 

	Job terminated of its own accord at 2024-05-02T05:21:27Z.
...
