000 (9709094.000.000) 05/01 23:17:04 Job submitted from host: <137.138.156.150:9618?addrs=137.138.156.150-9618+[2001-1458-d00-14--9a]-9618&alias=bigbird13.cern.ch&noUDP&sock=schedd_2138_1192>
...
040 (9709094.000.000) 05/01 23:32:19 Started transferring input files
	Transferring to host: <188.184.160.77:9618?addrs=188.184.160.77-9618+[2001-1458-301-48--100-47]-9618&alias=b9s09p3280.cern.ch&noUDP&sock=slot1_29_363373_e692_115321>
...
040 (9709094.000.000) 05/01 23:32:19 Finished transferring input files
...
001 (9709094.000.000) 05/01 23:32:20 Job executing on host: <188.184.160.77:9618?addrs=188.184.160.77-9618+[2001-1458-301-48--100-47]-9618&alias=b9s09p3280.cern.ch&noUDP&sock=startd_363334_7b4d>
...
006 (9709094.000.000) 05/01 23:32:29 Image size of job updated: 164264
	161  -  MemoryUsage of job (MB)
	164012  -  ResidentSetSize of job (KB)
...
006 (9709094.000.000) 05/01 23:37:30 Image size of job updated: 639048
	619  -  MemoryUsage of job (MB)
	633404  -  ResidentSetSize of job (KB)
...
006 (9709094.000.000) 05/01 23:42:30 Image size of job updated: 983908
	961  -  MemoryUsage of job (MB)
	983704  -  ResidentSetSize of job (KB)
...
006 (9709094.000.000) 05/01 23:47:30 Image size of job updated: 1348812
	1316  -  MemoryUsage of job (MB)
	1347448  -  ResidentSetSize of job (KB)
...
006 (9709094.000.000) 05/01 23:52:31 Image size of job updated: 1538024
	1316  -  MemoryUsage of job (MB)
	1347456  -  ResidentSetSize of job (KB)
...
006 (9709094.000.000) 05/02 00:02:31 Image size of job updated: 1659700
	1620  -  MemoryUsage of job (MB)
	1658456  -  ResidentSetSize of job (KB)
...
006 (9709094.000.000) 05/02 00:07:32 Image size of job updated: 2033156
	1985  -  MemoryUsage of job (MB)
	2032632  -  ResidentSetSize of job (KB)
...
006 (9709094.000.000) 05/02 00:12:33 Image size of job updated: 2272784
	1986  -  MemoryUsage of job (MB)
	2032892  -  ResidentSetSize of job (KB)
...
006 (9709094.000.000) 05/02 00:22:34 Image size of job updated: 2380056
	2323  -  MemoryUsage of job (MB)
	2378540  -  ResidentSetSize of job (KB)
...
006 (9709094.000.000) 05/02 00:27:35 Image size of job updated: 2771788
	2702  -  MemoryUsage of job (MB)
	2766076  -  ResidentSetSize of job (KB)
...
006 (9709094.000.000) 05/02 00:32:35 Image size of job updated: 3153512
	3077  -  MemoryUsage of job (MB)
	3150276  -  ResidentSetSize of job (KB)
...
006 (9709094.000.000) 05/02 00:37:35 Image size of job updated: 3501344
	3417  -  MemoryUsage of job (MB)
	3498856  -  ResidentSetSize of job (KB)
...
006 (9709094.000.000) 05/02 00:42:36 Image size of job updated: 3809040
	3715  -  MemoryUsage of job (MB)
	3803704  -  ResidentSetSize of job (KB)
...
006 (9709094.000.000) 05/02 00:47:36 Image size of job updated: 4142316
	4039  -  MemoryUsage of job (MB)
	4135044  -  ResidentSetSize of job (KB)
...
006 (9709094.000.000) 05/02 00:52:36 Image size of job updated: 4439724
	4329  -  MemoryUsage of job (MB)
	4432312  -  ResidentSetSize of job (KB)
...
006 (9709094.000.000) 05/02 00:57:38 Image size of job updated: 4753716
	4635  -  MemoryUsage of job (MB)
	4746200  -  ResidentSetSize of job (KB)
...
006 (9709094.000.000) 05/02 01:02:38 Image size of job updated: 5079288
	4954  -  MemoryUsage of job (MB)
	5072244  -  ResidentSetSize of job (KB)
...
006 (9709094.000.000) 05/02 01:07:38 Image size of job updated: 5408328
	5281  -  MemoryUsage of job (MB)
	5407068  -  ResidentSetSize of job (KB)
...
006 (9709094.000.000) 05/02 01:12:39 Image size of job updated: 5743008
	5600  -  MemoryUsage of job (MB)
	5734360  -  ResidentSetSize of job (KB)
...
006 (9709094.000.000) 05/02 01:17:40 Image size of job updated: 6061876
	5916  -  MemoryUsage of job (MB)
	6057604  -  ResidentSetSize of job (KB)
...
006 (9709094.000.000) 05/02 01:22:40 Image size of job updated: 6354500
	6202  -  MemoryUsage of job (MB)
	6350468  -  ResidentSetSize of job (KB)
...
006 (9709094.000.000) 05/02 01:27:41 Image size of job updated: 6661712
	6504  -  MemoryUsage of job (MB)
	6659960  -  ResidentSetSize of job (KB)
...
006 (9709094.000.000) 05/02 01:32:42 Image size of job updated: 6851080
	6682  -  MemoryUsage of job (MB)
	6842160  -  ResidentSetSize of job (KB)
...
006 (9709094.000.000) 05/02 02:17:46 Image size of job updated: 6915532
	6682  -  MemoryUsage of job (MB)
	6842160  -  ResidentSetSize of job (KB)
...
006 (9709094.000.000) 05/02 02:42:48 Image size of job updated: 7079284
	6913  -  MemoryUsage of job (MB)
	7078004  -  ResidentSetSize of job (KB)
...
006 (9709094.000.000) 05/02 02:47:48 Image size of job updated: 7500748
	7325  -  MemoryUsage of job (MB)
	7499992  -  ResidentSetSize of job (KB)
...
006 (9709094.000.000) 05/02 02:52:49 Image size of job updated: 7918624
	7733  -  MemoryUsage of job (MB)
	7917980  -  ResidentSetSize of job (KB)
...
006 (9709094.000.000) 05/02 02:57:50 Image size of job updated: 8036000
	7837  -  MemoryUsage of job (MB)
	8024292  -  ResidentSetSize of job (KB)
...
006 (9709094.000.000) 05/02 03:02:50 Image size of job updated: 8374280
	8172  -  MemoryUsage of job (MB)
	8367260  -  ResidentSetSize of job (KB)
...
006 (9709094.000.000) 05/02 03:07:51 Image size of job updated: 8715676
	8504  -  MemoryUsage of job (MB)
	8707364  -  ResidentSetSize of job (KB)
...
006 (9709094.000.000) 05/02 03:12:52 Image size of job updated: 9079412
	8852  -  MemoryUsage of job (MB)
	9063608  -  ResidentSetSize of job (KB)
...
006 (9709094.000.000) 05/02 03:17:52 Image size of job updated: 9225144
	8927  -  MemoryUsage of job (MB)
	9140856  -  ResidentSetSize of job (KB)
...
006 (9709094.000.000) 05/02 03:22:52 Image size of job updated: 9289620
	9061  -  MemoryUsage of job (MB)
	9277468  -  ResidentSetSize of job (KB)
...
006 (9709094.000.000) 05/02 03:27:53 Image size of job updated: 9460580
	9237  -  MemoryUsage of job (MB)
	9458576  -  ResidentSetSize of job (KB)
...
006 (9709094.000.000) 05/02 03:32:53 Image size of job updated: 9648216
	9270  -  MemoryUsage of job (MB)
	9492428  -  ResidentSetSize of job (KB)
...
006 (9709094.000.000) 05/02 03:47:55 Image size of job updated: 9648216
	9350  -  MemoryUsage of job (MB)
	9574376  -  ResidentSetSize of job (KB)
...
006 (9709094.000.000) 05/02 03:52:55 Image size of job updated: 9837264
	9559  -  MemoryUsage of job (MB)
	9788028  -  ResidentSetSize of job (KB)
...
006 (9709094.000.000) 05/02 03:57:56 Image size of job updated: 10241088
	9994  -  MemoryUsage of job (MB)
	10232992  -  ResidentSetSize of job (KB)
...
006 (9709094.000.000) 05/02 04:02:57 Image size of job updated: 10620008
	10294  -  MemoryUsage of job (MB)
	10541000  -  ResidentSetSize of job (KB)
...
006 (9709094.000.000) 05/02 04:07:57 Image size of job updated: 10843160
	10582  -  MemoryUsage of job (MB)
	10835172  -  ResidentSetSize of job (KB)
...
006 (9709094.000.000) 05/02 04:12:58 Image size of job updated: 11141128
	10879  -  MemoryUsage of job (MB)
	11139748  -  ResidentSetSize of job (KB)
...
006 (9709094.000.000) 05/02 04:17:59 Image size of job updated: 11410156
	11140  -  MemoryUsage of job (MB)
	11406396  -  ResidentSetSize of job (KB)
...
006 (9709094.000.000) 05/02 04:22:59 Image size of job updated: 11759112
	11481  -  MemoryUsage of job (MB)
	11756396  -  ResidentSetSize of job (KB)
...
006 (9709094.000.000) 05/02 04:27:59 Image size of job updated: 12035796
	11653  -  MemoryUsage of job (MB)
	11932640  -  ResidentSetSize of job (KB)
...
006 (9709094.000.000) 05/02 04:33:00 Image size of job updated: 12264680
	11967  -  MemoryUsage of job (MB)
	12253612  -  ResidentSetSize of job (KB)
...
006 (9709094.000.000) 05/02 04:38:01 Image size of job updated: 12580804
	12284  -  MemoryUsage of job (MB)
	12577992  -  ResidentSetSize of job (KB)
...
006 (9709094.000.000) 05/02 04:43:01 Image size of job updated: 13039168
	12705  -  MemoryUsage of job (MB)
	13009068  -  ResidentSetSize of job (KB)
...
006 (9709094.000.000) 05/02 04:48:02 Image size of job updated: 13081084
	12705  -  MemoryUsage of job (MB)
	13009324  -  ResidentSetSize of job (KB)
...
006 (9709094.000.000) 05/02 04:53:03 Image size of job updated: 13081084
	12710  -  MemoryUsage of job (MB)
	13014560  -  ResidentSetSize of job (KB)
...
006 (9709094.000.000) 05/02 04:58:03 Image size of job updated: 13143560
	12791  -  MemoryUsage of job (MB)
	13097088  -  ResidentSetSize of job (KB)
...
006 (9709094.000.000) 05/02 05:03:04 Image size of job updated: 13477440
	13155  -  MemoryUsage of job (MB)
	13469992  -  ResidentSetSize of job (KB)
...
006 (9709094.000.000) 05/02 05:08:05 Image size of job updated: 13642028
	13174  -  MemoryUsage of job (MB)
	13489596  -  ResidentSetSize of job (KB)
...
006 (9709094.000.000) 05/02 05:13:05 Image size of job updated: 13672876
	13174  -  MemoryUsage of job (MB)
	13489596  -  ResidentSetSize of job (KB)
...
006 (9709094.000.000) 05/02 05:23:07 Image size of job updated: 13672876
	13314  -  MemoryUsage of job (MB)
	13633064  -  ResidentSetSize of job (KB)
...
006 (9709094.000.000) 05/02 05:28:07 Image size of job updated: 13900980
	13574  -  MemoryUsage of job (MB)
	13899520  -  ResidentSetSize of job (KB)
...
006 (9709094.000.000) 05/02 05:33:07 Image size of job updated: 13920280
	13574  -  MemoryUsage of job (MB)
	13899520  -  ResidentSetSize of job (KB)
...
006 (9709094.000.000) 05/02 05:38:08 Image size of job updated: 14118648
	13782  -  MemoryUsage of job (MB)
	14112012  -  ResidentSetSize of job (KB)
...
006 (9709094.000.000) 05/02 06:38:14 Image size of job updated: 15291728
	14740  -  MemoryUsage of job (MB)
	15093428  -  ResidentSetSize of job (KB)
...
040 (9709094.000.000) 05/02 07:18:38 Started transferring output files
...
040 (9709094.000.000) 05/02 07:18:38 Finished transferring output files
...
005 (9709094.000.000) 05/02 07:18:38 Job terminated.
	(1) Normal termination (return value 0)
		Usr 0 02:48:12, Sys 0 00:28:42  -  Run Remote Usage
		Usr 0 00:00:00, Sys 0 00:00:00  -  Run Local Usage
		Usr 0 02:48:12, Sys 0 00:28:42  -  Total Remote Usage
		Usr 0 00:00:00, Sys 0 00:00:00  -  Total Local Usage
	11098  -  Run Bytes Sent By Job
	215  -  Run Bytes Received By Job
	11098  -  Total Bytes Sent By Job
	215  -  Total Bytes Received By Job
	Partitionable Resources :    Usage  Request Allocated 
	   Cpus                 :     0.99        1         1 
	   Disk (KB)            :    32           1   2963362 
	   Memory (MB)          : 14740        2000      2000 

	Job terminated of its own accord at 2024-05-02T05:18:38Z.
...
