000 (9709096.000.000) 05/01 23:17:06 Job submitted from host: <137.138.156.150:9618?addrs=137.138.156.150-9618+[2001-1458-d00-14--9a]-9618&alias=bigbird13.cern.ch&noUDP&sock=schedd_2138_1192>
...
040 (9709096.000.000) 05/01 23:32:16 Started transferring input files
	Transferring to host: <188.184.162.215:9618?addrs=188.184.162.215-9618+[2001-1458-301-4a--100-d1]-9618&alias=b9s11p0148.cern.ch&noUDP&sock=slot1_34_3507280_cb17_1361>
...
040 (9709096.000.000) 05/01 23:32:16 Finished transferring input files
...
001 (9709096.000.000) 05/01 23:32:17 Job executing on host: <188.184.162.215:9618?addrs=188.184.162.215-9618+[2001-1458-301-4a--100-d1]-9618&alias=b9s11p0148.cern.ch&noUDP&sock=startd_1010629_030f>
...
006 (9709096.000.000) 05/01 23:32:25 Image size of job updated: 31416
	31  -  MemoryUsage of job (MB)
	31352  -  ResidentSetSize of job (KB)
...
006 (9709096.000.000) 05/01 23:33:48 Image size of job updated: 193060
	58  -  MemoryUsage of job (MB)
	59236  -  ResidentSetSize of job (KB)
...
040 (9709096.000.000) 05/01 23:33:48 Started transferring output files
...
040 (9709096.000.000) 05/01 23:33:48 Finished transferring output files
...
005 (9709096.000.000) 05/01 23:33:48 Job terminated.
	(1) Normal termination (return value 1)
		Usr 0 00:00:03, Sys 0 00:00:02  -  Run Remote Usage
		Usr 0 00:00:00, Sys 0 00:00:00  -  Run Local Usage
		Usr 0 00:00:03, Sys 0 00:00:02  -  Total Remote Usage
		Usr 0 00:00:00, Sys 0 00:00:00  -  Total Local Usage
	10574  -  Run Bytes Sent By Job
	217  -  Run Bytes Received By Job
	10574  -  Total Bytes Sent By Job
	217  -  Total Bytes Received By Job
	Partitionable Resources :    Usage  Request Allocated 
	   Cpus                 :        0        1         1 
	   Disk (KB)            :       31        1   2821305 
	   Memory (MB)          :       58     2000      2000 

	Job terminated of its own accord at 2024-05-01T21:33:48Z.
...
