000 (9709122.000.000) 05/01 23:17:37 Job submitted from host: <137.138.156.150:9618?addrs=137.138.156.150-9618+[2001-1458-d00-14--9a]-9618&alias=bigbird13.cern.ch&noUDP&sock=schedd_2138_1192>
...
040 (9709122.000.000) 05/01 23:32:27 Started transferring input files
	Transferring to host: <128.142.63.52:9618?addrs=128.142.63.52-9618+[2001-1458-301-38--100-31]-9618&alias=b9s08p9659.cern.ch&noUDP&sock=slot1_30_7470_0a69_29871>
...
040 (9709122.000.000) 05/01 23:32:27 Finished transferring input files
...
001 (9709122.000.000) 05/01 23:32:28 Job executing on host: <128.142.63.52:9618?addrs=128.142.63.52-9618+[2001-1458-301-38--100-31]-9618&alias=b9s08p9659.cern.ch&noUDP&sock=startd_5888_41b9>
...
006 (9709122.000.000) 05/01 23:32:36 Image size of job updated: 33352
	33  -  MemoryUsage of job (MB)
	33340  -  ResidentSetSize of job (KB)
...
006 (9709122.000.000) 05/01 23:37:36 Image size of job updated: 438244
	425  -  MemoryUsage of job (MB)
	434444  -  ResidentSetSize of job (KB)
...
006 (9709122.000.000) 05/01 23:42:36 Image size of job updated: 730312
	710  -  MemoryUsage of job (MB)
	726676  -  ResidentSetSize of job (KB)
...
006 (9709122.000.000) 05/01 23:47:37 Image size of job updated: 1038428
	1006  -  MemoryUsage of job (MB)
	1029364  -  ResidentSetSize of job (KB)
...
006 (9709122.000.000) 05/01 23:52:38 Image size of job updated: 1334644
	1302  -  MemoryUsage of job (MB)
	1332636  -  ResidentSetSize of job (KB)
...
006 (9709122.000.000) 05/01 23:57:38 Image size of job updated: 1627400
	1588  -  MemoryUsage of job (MB)
	1625208  -  ResidentSetSize of job (KB)
...
006 (9709122.000.000) 05/02 00:02:39 Image size of job updated: 1961276
	1904  -  MemoryUsage of job (MB)
	1949084  -  ResidentSetSize of job (KB)
...
006 (9709122.000.000) 05/02 00:07:40 Image size of job updated: 2267776
	2208  -  MemoryUsage of job (MB)
	2260260  -  ResidentSetSize of job (KB)
...
006 (9709122.000.000) 05/02 00:12:40 Image size of job updated: 2550424
	2483  -  MemoryUsage of job (MB)
	2542240  -  ResidentSetSize of job (KB)
...
006 (9709122.000.000) 05/02 00:17:41 Image size of job updated: 2835744
	2767  -  MemoryUsage of job (MB)
	2832584  -  ResidentSetSize of job (KB)
...
006 (9709122.000.000) 05/02 00:22:42 Image size of job updated: 3129232
	3048  -  MemoryUsage of job (MB)
	3121136  -  ResidentSetSize of job (KB)
...
006 (9709122.000.000) 05/02 00:27:42 Image size of job updated: 3423952
	3339  -  MemoryUsage of job (MB)
	3419136  -  ResidentSetSize of job (KB)
...
006 (9709122.000.000) 05/02 00:32:42 Image size of job updated: 3680176
	3586  -  MemoryUsage of job (MB)
	3671064  -  ResidentSetSize of job (KB)
...
006 (9709122.000.000) 05/02 00:37:44 Image size of job updated: 3904348
	3809  -  MemoryUsage of job (MB)
	3899632  -  ResidentSetSize of job (KB)
...
006 (9709122.000.000) 05/02 00:42:44 Image size of job updated: 4151076
	4046  -  MemoryUsage of job (MB)
	4142156  -  ResidentSetSize of job (KB)
...
006 (9709122.000.000) 05/02 00:47:44 Image size of job updated: 4386464
	4282  -  MemoryUsage of job (MB)
	4384480  -  ResidentSetSize of job (KB)
...
006 (9709122.000.000) 05/02 00:52:45 Image size of job updated: 4627940
	4513  -  MemoryUsage of job (MB)
	4620452  -  ResidentSetSize of job (KB)
...
006 (9709122.000.000) 05/02 00:57:46 Image size of job updated: 4885024
	4765  -  MemoryUsage of job (MB)
	4879300  -  ResidentSetSize of job (KB)
...
006 (9709122.000.000) 05/02 01:02:46 Image size of job updated: 5172008
	5044  -  MemoryUsage of job (MB)
	5164184  -  ResidentSetSize of job (KB)
...
006 (9709122.000.000) 05/02 01:07:47 Image size of job updated: 5451736
	5317  -  MemoryUsage of job (MB)
	5444532  -  ResidentSetSize of job (KB)
...
006 (9709122.000.000) 05/02 01:12:48 Image size of job updated: 5734000
	5598  -  MemoryUsage of job (MB)
	5731528  -  ResidentSetSize of job (KB)
...
006 (9709122.000.000) 05/02 01:17:48 Image size of job updated: 5995360
	5848  -  MemoryUsage of job (MB)
	5988120  -  ResidentSetSize of job (KB)
...
006 (9709122.000.000) 05/02 01:22:48 Image size of job updated: 6299852
	6145  -  MemoryUsage of job (MB)
	6292344  -  ResidentSetSize of job (KB)
...
006 (9709122.000.000) 05/02 01:27:49 Image size of job updated: 6562980
	6409  -  MemoryUsage of job (MB)
	6562060  -  ResidentSetSize of job (KB)
...
006 (9709122.000.000) 05/02 01:32:49 Image size of job updated: 6846708
	6685  -  MemoryUsage of job (MB)
	6845424  -  ResidentSetSize of job (KB)
...
006 (9709122.000.000) 05/02 01:37:49 Image size of job updated: 7125220
	6951  -  MemoryUsage of job (MB)
	7117316  -  ResidentSetSize of job (KB)
...
006 (9709122.000.000) 05/02 01:42:50 Image size of job updated: 7403908
	7225  -  MemoryUsage of job (MB)
	7397516  -  ResidentSetSize of job (KB)
...
006 (9709122.000.000) 05/02 01:47:51 Image size of job updated: 7665664
	7481  -  MemoryUsage of job (MB)
	7660128  -  ResidentSetSize of job (KB)
...
006 (9709122.000.000) 05/02 01:52:51 Image size of job updated: 7947616
	7761  -  MemoryUsage of job (MB)
	7946460  -  ResidentSetSize of job (KB)
...
006 (9709122.000.000) 05/02 01:57:52 Image size of job updated: 8243524
	8044  -  MemoryUsage of job (MB)
	8236072  -  ResidentSetSize of job (KB)
...
006 (9709122.000.000) 05/02 02:02:53 Image size of job updated: 8541376
	8334  -  MemoryUsage of job (MB)
	8533416  -  ResidentSetSize of job (KB)
...
006 (9709122.000.000) 05/02 02:07:53 Image size of job updated: 8838100
	8631  -  MemoryUsage of job (MB)
	8837836  -  ResidentSetSize of job (KB)
...
006 (9709122.000.000) 05/02 02:12:53 Image size of job updated: 9095176
	8877  -  MemoryUsage of job (MB)
	9089652  -  ResidentSetSize of job (KB)
...
006 (9709122.000.000) 05/02 02:17:54 Image size of job updated: 9371596
	9146  -  MemoryUsage of job (MB)
	9365268  -  ResidentSetSize of job (KB)
...
006 (9709122.000.000) 05/02 02:22:54 Image size of job updated: 9636828
	9405  -  MemoryUsage of job (MB)
	9630656  -  ResidentSetSize of job (KB)
...
006 (9709122.000.000) 05/02 02:27:54 Image size of job updated: 9914840
	9674  -  MemoryUsage of job (MB)
	9906060  -  ResidentSetSize of job (KB)
...
006 (9709122.000.000) 05/02 02:32:55 Image size of job updated: 10224156
	9982  -  MemoryUsage of job (MB)
	10221144  -  ResidentSetSize of job (KB)
...
006 (9709122.000.000) 05/02 02:37:56 Image size of job updated: 10467060
	10202  -  MemoryUsage of job (MB)
	10446560  -  ResidentSetSize of job (KB)
...
006 (9709122.000.000) 05/02 02:42:56 Image size of job updated: 10714776
	10462  -  MemoryUsage of job (MB)
	10712668  -  ResidentSetSize of job (KB)
...
006 (9709122.000.000) 05/02 02:47:57 Image size of job updated: 11005208
	10743  -  MemoryUsage of job (MB)
	11000724  -  ResidentSetSize of job (KB)
...
006 (9709122.000.000) 05/02 02:52:58 Image size of job updated: 11192524
	10907  -  MemoryUsage of job (MB)
	11168508  -  ResidentSetSize of job (KB)
...
006 (9709122.000.000) 05/02 02:57:58 Image size of job updated: 11393632
	11121  -  MemoryUsage of job (MB)
	11387864  -  ResidentSetSize of job (KB)
...
006 (9709122.000.000) 05/02 03:02:58 Image size of job updated: 11481688
	11121  -  MemoryUsage of job (MB)
	11387864  -  ResidentSetSize of job (KB)
...
006 (9709122.000.000) 05/02 05:43:16 Image size of job updated: 11515052
	11183  -  MemoryUsage of job (MB)
	11450776  -  ResidentSetSize of job (KB)
...
006 (9709122.000.000) 05/02 05:48:16 Image size of job updated: 11587392
	11307  -  MemoryUsage of job (MB)
	11577436  -  ResidentSetSize of job (KB)
...
006 (9709122.000.000) 05/02 05:53:17 Image size of job updated: 11619124
	11324  -  MemoryUsage of job (MB)
	11595104  -  ResidentSetSize of job (KB)
...
006 (9709122.000.000) 05/02 05:58:18 Image size of job updated: 11647100
	11338  -  MemoryUsage of job (MB)
	11609964  -  ResidentSetSize of job (KB)
...
006 (9709122.000.000) 05/02 06:03:18 Image size of job updated: 11763824
	11479  -  MemoryUsage of job (MB)
	11753612  -  ResidentSetSize of job (KB)
...
006 (9709122.000.000) 05/02 06:08:19 Image size of job updated: 11883900
	11595  -  MemoryUsage of job (MB)
	11872920  -  ResidentSetSize of job (KB)
...
006 (9709122.000.000) 05/02 06:13:20 Image size of job updated: 11955208
	11658  -  MemoryUsage of job (MB)
	11936872  -  ResidentSetSize of job (KB)
...
006 (9709122.000.000) 05/02 06:18:20 Image size of job updated: 11955208
	11659  -  MemoryUsage of job (MB)
	11938496  -  ResidentSetSize of job (KB)
...
006 (9709122.000.000) 05/02 06:23:20 Image size of job updated: 12017392
	11700  -  MemoryUsage of job (MB)
	11980608  -  ResidentSetSize of job (KB)
...
006 (9709122.000.000) 05/02 06:28:21 Image size of job updated: 12105032
	11810  -  MemoryUsage of job (MB)
	12092848  -  ResidentSetSize of job (KB)
...
006 (9709122.000.000) 05/02 06:33:21 Image size of job updated: 12307148
	12016  -  MemoryUsage of job (MB)
	12304068  -  ResidentSetSize of job (KB)
...
006 (9709122.000.000) 05/02 06:38:21 Image size of job updated: 12428208
	12092  -  MemoryUsage of job (MB)
	12381284  -  ResidentSetSize of job (KB)
...
006 (9709122.000.000) 05/02 06:43:22 Image size of job updated: 12512480
	12164  -  MemoryUsage of job (MB)
	12455228  -  ResidentSetSize of job (KB)
...
006 (9709122.000.000) 05/02 07:48:29 Image size of job updated: 15308188
	14862  -  MemoryUsage of job (MB)
	15218100  -  ResidentSetSize of job (KB)
...
006 (9709122.000.000) 05/02 08:24:52 Image size of job updated: 16172528
	14862  -  MemoryUsage of job (MB)
	15218100  -  ResidentSetSize of job (KB)
...
040 (9709122.000.000) 05/02 08:24:52 Started transferring output files
...
040 (9709122.000.000) 05/02 08:24:52 Finished transferring output files
...
005 (9709122.000.000) 05/02 08:24:52 Job terminated.
	(1) Normal termination (return value 0)
		Usr 0 02:27:03, Sys 0 00:37:59  -  Run Remote Usage
		Usr 0 00:00:00, Sys 0 00:00:00  -  Run Local Usage
		Usr 0 02:27:03, Sys 0 00:37:59  -  Total Remote Usage
		Usr 0 00:00:00, Sys 0 00:00:00  -  Total Local Usage
	9285  -  Run Bytes Sent By Job
	215  -  Run Bytes Received By Job
	9285  -  Total Bytes Sent By Job
	215  -  Total Bytes Received By Job
	Partitionable Resources :    Usage  Request Allocated 
	   Cpus                 :     0.99        1         1 
	   Disk (KB)            :    30           1   2889390 
	   Memory (MB)          : 14862        2000      2000 

	Job terminated of its own accord at 2024-05-02T06:24:52Z.
...
