000 (9709118.000.000) 05/01 23:17:33 Job submitted from host: <137.138.156.150:9618?addrs=137.138.156.150-9618+[2001-1458-d00-14--9a]-9618&alias=bigbird13.cern.ch&noUDP&sock=schedd_2138_1192>
...
040 (9709118.000.000) 05/01 23:32:25 Started transferring input files
	Transferring to host: <128.142.62.47:9618?addrs=128.142.62.47-9618+[2001-1458-301-37--100-2e]-9618&alias=b9s07p0867.cern.ch&noUDP&sock=slot1_28_7602_0bee_16321>
...
040 (9709118.000.000) 05/01 23:32:25 Finished transferring input files
...
001 (9709118.000.000) 05/01 23:32:26 Job executing on host: <128.142.62.47:9618?addrs=128.142.62.47-9618+[2001-1458-301-37--100-2e]-9618&alias=b9s07p0867.cern.ch&noUDP&sock=startd_5823_ac11>
...
006 (9709118.000.000) 05/01 23:32:34 Image size of job updated: 33780
	33  -  MemoryUsage of job (MB)
	33388  -  ResidentSetSize of job (KB)
...
006 (9709118.000.000) 05/01 23:37:34 Image size of job updated: 571288
	552  -  MemoryUsage of job (MB)
	564848  -  ResidentSetSize of job (KB)
...
006 (9709118.000.000) 05/01 23:42:35 Image size of job updated: 1004528
	978  -  MemoryUsage of job (MB)
	1001084  -  ResidentSetSize of job (KB)
...
006 (9709118.000.000) 05/01 23:47:36 Image size of job updated: 1466976
	1430  -  MemoryUsage of job (MB)
	1463720  -  ResidentSetSize of job (KB)
...
006 (9709118.000.000) 05/01 23:52:36 Image size of job updated: 1893184
	1843  -  MemoryUsage of job (MB)
	1887052  -  ResidentSetSize of job (KB)
...
006 (9709118.000.000) 05/01 23:57:37 Image size of job updated: 2283384
	2227  -  MemoryUsage of job (MB)
	2279696  -  ResidentSetSize of job (KB)
...
006 (9709118.000.000) 05/02 00:02:38 Image size of job updated: 2681432
	2613  -  MemoryUsage of job (MB)
	2675608  -  ResidentSetSize of job (KB)
...
006 (9709118.000.000) 05/02 00:07:38 Image size of job updated: 3130044
	3056  -  MemoryUsage of job (MB)
	3128536  -  ResidentSetSize of job (KB)
...
006 (9709118.000.000) 05/02 00:12:38 Image size of job updated: 3568512
	3482  -  MemoryUsage of job (MB)
	3564816  -  ResidentSetSize of job (KB)
...
006 (9709118.000.000) 05/02 00:17:39 Image size of job updated: 4029372
	3934  -  MemoryUsage of job (MB)
	4027580  -  ResidentSetSize of job (KB)
...
006 (9709118.000.000) 05/02 00:22:39 Image size of job updated: 4458656
	4349  -  MemoryUsage of job (MB)
	4452832  -  ResidentSetSize of job (KB)
...
006 (9709118.000.000) 05/02 00:27:39 Image size of job updated: 4920060
	4796  -  MemoryUsage of job (MB)
	4910692  -  ResidentSetSize of job (KB)
...
006 (9709118.000.000) 05/02 00:32:40 Image size of job updated: 5359788
	5233  -  MemoryUsage of job (MB)
	5358368  -  ResidentSetSize of job (KB)
...
006 (9709118.000.000) 05/02 00:37:41 Image size of job updated: 5817628
	5680  -  MemoryUsage of job (MB)
	5816120  -  ResidentSetSize of job (KB)
...
006 (9709118.000.000) 05/02 00:42:41 Image size of job updated: 6236236
	6085  -  MemoryUsage of job (MB)
	6230088  -  ResidentSetSize of job (KB)
...
006 (9709118.000.000) 05/02 00:47:42 Image size of job updated: 6628952
	6465  -  MemoryUsage of job (MB)
	6619784  -  ResidentSetSize of job (KB)
...
006 (9709118.000.000) 05/02 00:52:43 Image size of job updated: 7042856
	6878  -  MemoryUsage of job (MB)
	7042592  -  ResidentSetSize of job (KB)
...
006 (9709118.000.000) 05/02 00:57:43 Image size of job updated: 7497296
	7314  -  MemoryUsage of job (MB)
	7488768  -  ResidentSetSize of job (KB)
...
006 (9709118.000.000) 05/02 01:02:43 Image size of job updated: 7916056
	7723  -  MemoryUsage of job (MB)
	7908244  -  ResidentSetSize of job (KB)
...
006 (9709118.000.000) 05/02 01:07:44 Image size of job updated: 8302784
	8092  -  MemoryUsage of job (MB)
	8285240  -  ResidentSetSize of job (KB)
...
006 (9709118.000.000) 05/02 01:12:44 Image size of job updated: 8743396
	8531  -  MemoryUsage of job (MB)
	8734732  -  ResidentSetSize of job (KB)
...
006 (9709118.000.000) 05/02 01:17:44 Image size of job updated: 9187040
	8965  -  MemoryUsage of job (MB)
	9179168  -  ResidentSetSize of job (KB)
...
006 (9709118.000.000) 05/02 01:22:45 Image size of job updated: 9595572
	9363  -  MemoryUsage of job (MB)
	9587040  -  ResidentSetSize of job (KB)
...
006 (9709118.000.000) 05/02 01:27:46 Image size of job updated: 9973468
	9735  -  MemoryUsage of job (MB)
	9967700  -  ResidentSetSize of job (KB)
...
006 (9709118.000.000) 05/02 01:32:46 Image size of job updated: 10317504
	10070  -  MemoryUsage of job (MB)
	10310856  -  ResidentSetSize of job (KB)
...
006 (9709118.000.000) 05/02 01:37:47 Image size of job updated: 10669796
	10411  -  MemoryUsage of job (MB)
	10660584  -  ResidentSetSize of job (KB)
...
006 (9709118.000.000) 05/02 01:42:48 Image size of job updated: 10982664
	10724  -  MemoryUsage of job (MB)
	10980860  -  ResidentSetSize of job (KB)
...
006 (9709118.000.000) 05/02 01:47:48 Image size of job updated: 11357908
	11089  -  MemoryUsage of job (MB)
	11354160  -  ResidentSetSize of job (KB)
...
006 (9709118.000.000) 05/02 01:52:48 Image size of job updated: 11748868
	11466  -  MemoryUsage of job (MB)
	11740552  -  ResidentSetSize of job (KB)
...
006 (9709118.000.000) 05/02 01:57:49 Image size of job updated: 12095608
	11806  -  MemoryUsage of job (MB)
	12088532  -  ResidentSetSize of job (KB)
...
006 (9709118.000.000) 05/02 02:02:49 Image size of job updated: 12384000
	12077  -  MemoryUsage of job (MB)
	12366144  -  ResidentSetSize of job (KB)
...
006 (9709118.000.000) 05/02 02:07:49 Image size of job updated: 12781964
	12480  -  MemoryUsage of job (MB)
	12778608  -  ResidentSetSize of job (KB)
...
006 (9709118.000.000) 05/02 02:12:50 Image size of job updated: 13159400
	12833  -  MemoryUsage of job (MB)
	13140404  -  ResidentSetSize of job (KB)
...
006 (9709118.000.000) 05/02 02:17:50 Image size of job updated: 13543988
	13200  -  MemoryUsage of job (MB)
	13515788  -  ResidentSetSize of job (KB)
...
006 (9709118.000.000) 05/02 02:22:50 Image size of job updated: 14018664
	13688  -  MemoryUsage of job (MB)
	14015984  -  ResidentSetSize of job (KB)
...
006 (9709118.000.000) 05/02 02:27:51 Image size of job updated: 14374392
	13989  -  MemoryUsage of job (MB)
	14324352  -  ResidentSetSize of job (KB)
...
006 (9709118.000.000) 05/02 02:32:52 Image size of job updated: 14380268
	13989  -  MemoryUsage of job (MB)
	14324352  -  ResidentSetSize of job (KB)
...
006 (9709118.000.000) 05/02 03:47:58 Image size of job updated: 14709084
	14358  -  MemoryUsage of job (MB)
	14701864  -  ResidentSetSize of job (KB)
...
006 (9709118.000.000) 05/02 03:52:59 Image size of job updated: 15079428
	14724  -  MemoryUsage of job (MB)
	15076428  -  ResidentSetSize of job (KB)
...
006 (9709118.000.000) 05/02 03:58:00 Image size of job updated: 15457856
	14957  -  MemoryUsage of job (MB)
	15315152  -  ResidentSetSize of job (KB)
...
006 (9709118.000.000) 05/02 05:18:09 Image size of job updated: 15470228
	15073  -  MemoryUsage of job (MB)
	15434232  -  ResidentSetSize of job (KB)
...
006 (9709118.000.000) 05/02 05:23:09 Image size of job updated: 15750908
	15374  -  MemoryUsage of job (MB)
	15742592  -  ResidentSetSize of job (KB)
...
006 (9709118.000.000) 05/02 05:28:09 Image size of job updated: 15807716
	15430  -  MemoryUsage of job (MB)
	15799784  -  ResidentSetSize of job (KB)
...
006 (9709118.000.000) 05/02 05:33:10 Image size of job updated: 16109840
	15583  -  MemoryUsage of job (MB)
	15956668  -  ResidentSetSize of job (KB)
...
006 (9709118.000.000) 05/02 06:27:14 Image size of job updated: 16192876
	15583  -  MemoryUsage of job (MB)
	15956668  -  ResidentSetSize of job (KB)
...
040 (9709118.000.000) 05/02 06:27:14 Started transferring output files
...
040 (9709118.000.000) 05/02 06:27:14 Finished transferring output files
...
005 (9709118.000.000) 05/02 06:27:14 Job terminated.
	(1) Normal termination (return value 0)
		Usr 0 02:05:44, Sys 0 00:37:06  -  Run Remote Usage
		Usr 0 00:00:00, Sys 0 00:00:00  -  Run Local Usage
		Usr 0 02:05:44, Sys 0 00:37:06  -  Total Remote Usage
		Usr 0 00:00:00, Sys 0 00:00:00  -  Total Local Usage
	7538  -  Run Bytes Sent By Job
	215  -  Run Bytes Received By Job
	7538  -  Total Bytes Sent By Job
	215  -  Total Bytes Received By Job
	Partitionable Resources :    Usage  Request Allocated 
	   Cpus                 :     0.99        1         1 
	   Disk (KB)            :    28           1   2887362 
	   Memory (MB)          : 15583        2000      2000 

	Job terminated of its own accord at 2024-05-02T04:27:14Z.
...
