000 (9709113.000.000) 05/01 23:17:29 Job submitted from host: <137.138.156.150:9618?addrs=137.138.156.150-9618+[2001-1458-d00-14--9a]-9618&alias=bigbird13.cern.ch&noUDP&sock=schedd_2138_1192>
...
040 (9709113.000.000) 05/01 23:32:22 Started transferring input files
	Transferring to host: <128.142.62.172:9618?addrs=128.142.62.172-9618+[2001-1458-301-37--100-ab]-9618&alias=b9s07p5765.cern.ch&noUDP&sock=slot1_30_7900_03ba_86326>
...
040 (9709113.000.000) 05/01 23:32:22 Finished transferring input files
...
001 (9709113.000.000) 05/01 23:32:23 Job executing on host: <128.142.62.172:9618?addrs=128.142.62.172-9618+[2001-1458-301-37--100-ab]-9618&alias=b9s07p5765.cern.ch&noUDP&sock=startd_6696_7a3f>
...
006 (9709113.000.000) 05/01 23:32:32 Image size of job updated: 30500
	30  -  MemoryUsage of job (MB)
	30248  -  ResidentSetSize of job (KB)
...
006 (9709113.000.000) 05/01 23:37:33 Image size of job updated: 496360
	482  -  MemoryUsage of job (MB)
	492600  -  ResidentSetSize of job (KB)
...
006 (9709113.000.000) 05/01 23:42:34 Image size of job updated: 853880
	827  -  MemoryUsage of job (MB)
	845984  -  ResidentSetSize of job (KB)
...
006 (9709113.000.000) 05/01 23:47:34 Image size of job updated: 1262824
	1231  -  MemoryUsage of job (MB)
	1259576  -  ResidentSetSize of job (KB)
...
006 (9709113.000.000) 05/01 23:52:34 Image size of job updated: 1667644
	1628  -  MemoryUsage of job (MB)
	1666232  -  ResidentSetSize of job (KB)
...
006 (9709113.000.000) 05/01 23:57:35 Image size of job updated: 2033880
	1984  -  MemoryUsage of job (MB)
	2030668  -  ResidentSetSize of job (KB)
...
006 (9709113.000.000) 05/02 00:02:35 Image size of job updated: 2386392
	2322  -  MemoryUsage of job (MB)
	2377156  -  ResidentSetSize of job (KB)
...
006 (9709113.000.000) 05/02 00:07:35 Image size of job updated: 2754268
	2683  -  MemoryUsage of job (MB)
	2746616  -  ResidentSetSize of job (KB)
...
006 (9709113.000.000) 05/02 00:12:36 Image size of job updated: 3118992
	3044  -  MemoryUsage of job (MB)
	3116224  -  ResidentSetSize of job (KB)
...
006 (9709113.000.000) 05/02 00:17:37 Image size of job updated: 3489932
	3404  -  MemoryUsage of job (MB)
	3485324  -  ResidentSetSize of job (KB)
...
006 (9709113.000.000) 05/02 00:22:37 Image size of job updated: 3863676
	3766  -  MemoryUsage of job (MB)
	3855412  -  ResidentSetSize of job (KB)
...
006 (9709113.000.000) 05/02 00:27:38 Image size of job updated: 4237504
	4130  -  MemoryUsage of job (MB)
	4229004  -  ResidentSetSize of job (KB)
...
006 (9709113.000.000) 05/02 00:32:39 Image size of job updated: 4598696
	4488  -  MemoryUsage of job (MB)
	4594844  -  ResidentSetSize of job (KB)
...
006 (9709113.000.000) 05/02 00:37:39 Image size of job updated: 4941504
	4819  -  MemoryUsage of job (MB)
	4934348  -  ResidentSetSize of job (KB)
...
006 (9709113.000.000) 05/02 00:42:39 Image size of job updated: 5271868
	5146  -  MemoryUsage of job (MB)
	5268880  -  ResidentSetSize of job (KB)
...
006 (9709113.000.000) 05/02 00:47:40 Image size of job updated: 5621584
	5483  -  MemoryUsage of job (MB)
	5613640  -  ResidentSetSize of job (KB)
...
006 (9709113.000.000) 05/02 00:52:40 Image size of job updated: 5961348
	5820  -  MemoryUsage of job (MB)
	5959020  -  ResidentSetSize of job (KB)
...
006 (9709113.000.000) 05/02 00:57:40 Image size of job updated: 6302532
	6155  -  MemoryUsage of job (MB)
	6301768  -  ResidentSetSize of job (KB)
...
006 (9709113.000.000) 05/02 01:02:41 Image size of job updated: 6649492
	6492  -  MemoryUsage of job (MB)
	6647644  -  ResidentSetSize of job (KB)
...
006 (9709113.000.000) 05/02 01:07:42 Image size of job updated: 7015744
	6843  -  MemoryUsage of job (MB)
	7006564  -  ResidentSetSize of job (KB)
...
006 (9709113.000.000) 05/02 01:12:42 Image size of job updated: 7379036
	7200  -  MemoryUsage of job (MB)
	7372492  -  ResidentSetSize of job (KB)
...
006 (9709113.000.000) 05/02 01:17:43 Image size of job updated: 7713276
	7525  -  MemoryUsage of job (MB)
	7705128  -  ResidentSetSize of job (KB)
...
006 (9709113.000.000) 05/02 01:22:44 Image size of job updated: 8069740
	7879  -  MemoryUsage of job (MB)
	8068076  -  ResidentSetSize of job (KB)
...
006 (9709113.000.000) 05/02 01:27:44 Image size of job updated: 8465564
	8264  -  MemoryUsage of job (MB)
	8461940  -  ResidentSetSize of job (KB)
...
006 (9709113.000.000) 05/02 01:32:44 Image size of job updated: 8810144
	8600  -  MemoryUsage of job (MB)
	8805692  -  ResidentSetSize of job (KB)
...
006 (9709113.000.000) 05/02 01:37:45 Image size of job updated: 9152528
	8936  -  MemoryUsage of job (MB)
	9149920  -  ResidentSetSize of job (KB)
...
006 (9709113.000.000) 05/02 01:42:45 Image size of job updated: 9514144
	9287  -  MemoryUsage of job (MB)
	9509232  -  ResidentSetSize of job (KB)
...
006 (9709113.000.000) 05/02 01:47:45 Image size of job updated: 9891312
	9652  -  MemoryUsage of job (MB)
	9883032  -  ResidentSetSize of job (KB)
...
006 (9709113.000.000) 05/02 01:52:46 Image size of job updated: 10247360
	9999  -  MemoryUsage of job (MB)
	10238760  -  ResidentSetSize of job (KB)
...
006 (9709113.000.000) 05/02 01:57:47 Image size of job updated: 10610720
	10361  -  MemoryUsage of job (MB)
	10608964  -  ResidentSetSize of job (KB)
...
006 (9709113.000.000) 05/02 02:02:47 Image size of job updated: 10886416
	10623  -  MemoryUsage of job (MB)
	10877852  -  ResidentSetSize of job (KB)
...
006 (9709113.000.000) 05/02 02:07:48 Image size of job updated: 11246100
	10982  -  MemoryUsage of job (MB)
	11245212  -  ResidentSetSize of job (KB)
...
006 (9709113.000.000) 05/02 02:12:49 Image size of job updated: 11595972
	11324  -  MemoryUsage of job (MB)
	11595352  -  ResidentSetSize of job (KB)
...
006 (9709113.000.000) 05/02 02:17:49 Image size of job updated: 11886388
	11602  -  MemoryUsage of job (MB)
	11880172  -  ResidentSetSize of job (KB)
...
006 (9709113.000.000) 05/02 02:22:49 Image size of job updated: 12235544
	11946  -  MemoryUsage of job (MB)
	12231836  -  ResidentSetSize of job (KB)
...
006 (9709113.000.000) 05/02 02:27:50 Image size of job updated: 12608672
	12308  -  MemoryUsage of job (MB)
	12602416  -  ResidentSetSize of job (KB)
...
006 (9709113.000.000) 05/02 02:32:50 Image size of job updated: 12849704
	12308  -  MemoryUsage of job (MB)
	12602416  -  ResidentSetSize of job (KB)
...
006 (9709113.000.000) 05/02 04:43:04 Image size of job updated: 12849704
	12410  -  MemoryUsage of job (MB)
	12707368  -  ResidentSetSize of job (KB)
...
006 (9709113.000.000) 05/02 04:53:04 Image size of job updated: 12849704
	12500  -  MemoryUsage of job (MB)
	12799432  -  ResidentSetSize of job (KB)
...
006 (9709113.000.000) 05/02 04:58:06 Image size of job updated: 12981148
	12675  -  MemoryUsage of job (MB)
	12978984  -  ResidentSetSize of job (KB)
...
006 (9709113.000.000) 05/02 05:03:06 Image size of job updated: 13275636
	12964  -  MemoryUsage of job (MB)
	13274288  -  ResidentSetSize of job (KB)
...
006 (9709113.000.000) 05/02 05:08:06 Image size of job updated: 13738640
	13416  -  MemoryUsage of job (MB)
	13737144  -  ResidentSetSize of job (KB)
...
006 (9709113.000.000) 05/02 05:13:07 Image size of job updated: 14204696
	13871  -  MemoryUsage of job (MB)
	14203188  -  ResidentSetSize of job (KB)
...
006 (9709113.000.000) 05/02 05:18:08 Image size of job updated: 14635384
	14284  -  MemoryUsage of job (MB)
	14626388  -  ResidentSetSize of job (KB)
...
006 (9709113.000.000) 05/02 05:23:08 Image size of job updated: 14958184
	14604  -  MemoryUsage of job (MB)
	14953944  -  ResidentSetSize of job (KB)
...
006 (9709113.000.000) 05/02 05:28:09 Image size of job updated: 15339604
	14977  -  MemoryUsage of job (MB)
	15336276  -  ResidentSetSize of job (KB)
...
006 (9709113.000.000) 05/02 05:33:10 Image size of job updated: 15773652
	15403  -  MemoryUsage of job (MB)
	15772636  -  ResidentSetSize of job (KB)
...
006 (9709113.000.000) 05/02 05:38:10 Image size of job updated: 16087708
	15709  -  MemoryUsage of job (MB)
	16085316  -  ResidentSetSize of job (KB)
...
006 (9709113.000.000) 05/02 05:43:10 Image size of job updated: 16088712
	15709  -  MemoryUsage of job (MB)
	16085316  -  ResidentSetSize of job (KB)
...
006 (9709113.000.000) 05/02 06:59:10 Image size of job updated: 16114476
	15709  -  MemoryUsage of job (MB)
	16085316  -  ResidentSetSize of job (KB)
...
040 (9709113.000.000) 05/02 06:59:10 Started transferring output files
...
040 (9709113.000.000) 05/02 06:59:10 Finished transferring output files
...
005 (9709113.000.000) 05/02 06:59:10 Job terminated.
	(1) Normal termination (return value 0)
		Usr 0 02:06:59, Sys 0 00:37:51  -  Run Remote Usage
		Usr 0 00:00:00, Sys 0 00:00:00  -  Run Local Usage
		Usr 0 02:06:59, Sys 0 00:37:51  -  Total Remote Usage
		Usr 0 00:00:00, Sys 0 00:00:00  -  Total Local Usage
	8161  -  Run Bytes Sent By Job
	217  -  Run Bytes Received By Job
	8161  -  Total Bytes Sent By Job
	217  -  Total Bytes Received By Job
	Partitionable Resources :    Usage  Request Allocated 
	   Cpus                 :     0.99        1         1 
	   Disk (KB)            :    29           1   3013528 
	   Memory (MB)          : 15709        2000      2000 

	Job terminated of its own accord at 2024-05-02T04:59:10Z.
...
