000 (9709121.000.000) 05/01 23:17:36 Job submitted from host: <137.138.156.150:9618?addrs=137.138.156.150-9618+[2001-1458-d00-14--9a]-9618&alias=bigbird13.cern.ch&noUDP&sock=schedd_2138_1192>
...
040 (9709121.000.000) 05/01 23:32:25 Started transferring input files
	Transferring to host: <128.142.62.172:9618?addrs=128.142.62.172-9618+[2001-1458-301-37--100-ab]-9618&alias=b9s07p5765.cern.ch&noUDP&sock=slot1_32_7900_03ba_86327>
...
040 (9709121.000.000) 05/01 23:32:25 Finished transferring input files
...
001 (9709121.000.000) 05/01 23:32:26 Job executing on host: <128.142.62.172:9618?addrs=128.142.62.172-9618+[2001-1458-301-37--100-ab]-9618&alias=b9s07p5765.cern.ch&noUDP&sock=startd_6696_7a3f>
...
006 (9709121.000.000) 05/01 23:32:34 Image size of job updated: 31888
	31  -  MemoryUsage of job (MB)
	31736  -  ResidentSetSize of job (KB)
...
006 (9709121.000.000) 05/01 23:37:34 Image size of job updated: 536152
	520  -  MemoryUsage of job (MB)
	531832  -  ResidentSetSize of job (KB)
...
006 (9709121.000.000) 05/01 23:42:34 Image size of job updated: 899252
	878  -  MemoryUsage of job (MB)
	898080  -  ResidentSetSize of job (KB)
...
006 (9709121.000.000) 05/01 23:47:35 Image size of job updated: 1263672
	1227  -  MemoryUsage of job (MB)
	1256380  -  ResidentSetSize of job (KB)
...
006 (9709121.000.000) 05/01 23:52:35 Image size of job updated: 1600672
	1563  -  MemoryUsage of job (MB)
	1599664  -  ResidentSetSize of job (KB)
...
006 (9709121.000.000) 05/01 23:57:35 Image size of job updated: 1956372
	1905  -  MemoryUsage of job (MB)
	1950308  -  ResidentSetSize of job (KB)
...
006 (9709121.000.000) 05/02 00:02:36 Image size of job updated: 2277880
	2223  -  MemoryUsage of job (MB)
	2276104  -  ResidentSetSize of job (KB)
...
006 (9709121.000.000) 05/02 00:07:37 Image size of job updated: 2627348
	2566  -  MemoryUsage of job (MB)
	2627348  -  ResidentSetSize of job (KB)
...
006 (9709121.000.000) 05/02 00:12:37 Image size of job updated: 3012164
	2940  -  MemoryUsage of job (MB)
	3010000  -  ResidentSetSize of job (KB)
...
006 (9709121.000.000) 05/02 00:17:38 Image size of job updated: 3388756
	3304  -  MemoryUsage of job (MB)
	3382756  -  ResidentSetSize of job (KB)
...
006 (9709121.000.000) 05/02 00:22:39 Image size of job updated: 3743300
	3649  -  MemoryUsage of job (MB)
	3736496  -  ResidentSetSize of job (KB)
...
006 (9709121.000.000) 05/02 00:27:39 Image size of job updated: 4125488
	4021  -  MemoryUsage of job (MB)
	4116592  -  ResidentSetSize of job (KB)
...
006 (9709121.000.000) 05/02 00:32:39 Image size of job updated: 4479852
	4372  -  MemoryUsage of job (MB)
	4476908  -  ResidentSetSize of job (KB)
...
006 (9709121.000.000) 05/02 00:37:40 Image size of job updated: 4843524
	4722  -  MemoryUsage of job (MB)
	4834872  -  ResidentSetSize of job (KB)
...
006 (9709121.000.000) 05/02 00:42:40 Image size of job updated: 5177176
	5055  -  MemoryUsage of job (MB)
	5175440  -  ResidentSetSize of job (KB)
...
006 (9709121.000.000) 05/02 00:47:40 Image size of job updated: 5508220
	5378  -  MemoryUsage of job (MB)
	5507000  -  ResidentSetSize of job (KB)
...
006 (9709121.000.000) 05/02 00:52:41 Image size of job updated: 5858796
	5717  -  MemoryUsage of job (MB)
	5854056  -  ResidentSetSize of job (KB)
...
006 (9709121.000.000) 05/02 00:57:42 Image size of job updated: 6217364
	6065  -  MemoryUsage of job (MB)
	6209808  -  ResidentSetSize of job (KB)
...
006 (9709121.000.000) 05/02 01:02:42 Image size of job updated: 6582624
	6428  -  MemoryUsage of job (MB)
	6581660  -  ResidentSetSize of job (KB)
...
006 (9709121.000.000) 05/02 01:07:43 Image size of job updated: 6948064
	6784  -  MemoryUsage of job (MB)
	6946368  -  ResidentSetSize of job (KB)
...
006 (9709121.000.000) 05/02 01:12:44 Image size of job updated: 7313756
	7141  -  MemoryUsage of job (MB)
	7311736  -  ResidentSetSize of job (KB)
...
006 (9709121.000.000) 05/02 01:17:44 Image size of job updated: 7663528
	7483  -  MemoryUsage of job (MB)
	7662500  -  ResidentSetSize of job (KB)
...
006 (9709121.000.000) 05/02 01:22:44 Image size of job updated: 7986920
	7793  -  MemoryUsage of job (MB)
	7979872  -  ResidentSetSize of job (KB)
...
006 (9709121.000.000) 05/02 01:27:45 Image size of job updated: 8362216
	8158  -  MemoryUsage of job (MB)
	8353624  -  ResidentSetSize of job (KB)
...
006 (9709121.000.000) 05/02 01:32:45 Image size of job updated: 8691392
	8486  -  MemoryUsage of job (MB)
	8689172  -  ResidentSetSize of job (KB)
...
006 (9709121.000.000) 05/02 01:37:45 Image size of job updated: 9035780
	8818  -  MemoryUsage of job (MB)
	9028780  -  ResidentSetSize of job (KB)
...
006 (9709121.000.000) 05/02 01:42:47 Image size of job updated: 9391700
	9170  -  MemoryUsage of job (MB)
	9389784  -  ResidentSetSize of job (KB)
...
006 (9709121.000.000) 05/02 01:47:47 Image size of job updated: 9750312
	9520  -  MemoryUsage of job (MB)
	9747716  -  ResidentSetSize of job (KB)
...
006 (9709121.000.000) 05/02 01:52:47 Image size of job updated: 10097100
	9853  -  MemoryUsage of job (MB)
	10089096  -  ResidentSetSize of job (KB)
...
006 (9709121.000.000) 05/02 01:57:48 Image size of job updated: 10419344
	10174  -  MemoryUsage of job (MB)
	10417360  -  ResidentSetSize of job (KB)
...
006 (9709121.000.000) 05/02 02:02:49 Image size of job updated: 10738968
	10487  -  MemoryUsage of job (MB)
	10737704  -  ResidentSetSize of job (KB)
...
006 (9709121.000.000) 05/02 02:07:49 Image size of job updated: 11102396
	10841  -  MemoryUsage of job (MB)
	11100948  -  ResidentSetSize of job (KB)
...
006 (9709121.000.000) 05/02 02:12:50 Image size of job updated: 11443112
	11172  -  MemoryUsage of job (MB)
	11439644  -  ResidentSetSize of job (KB)
...
006 (9709121.000.000) 05/02 02:17:51 Image size of job updated: 11769244
	11488  -  MemoryUsage of job (MB)
	11763256  -  ResidentSetSize of job (KB)
...
006 (9709121.000.000) 05/02 02:22:51 Image size of job updated: 12122300
	11834  -  MemoryUsage of job (MB)
	12117796  -  ResidentSetSize of job (KB)
...
006 (9709121.000.000) 05/02 02:27:51 Image size of job updated: 12474116
	12181  -  MemoryUsage of job (MB)
	12472768  -  ResidentSetSize of job (KB)
...
006 (9709121.000.000) 05/02 02:32:52 Image size of job updated: 12741776
	12181  -  MemoryUsage of job (MB)
	12472768  -  ResidentSetSize of job (KB)
...
006 (9709121.000.000) 05/02 04:38:04 Image size of job updated: 12741776
	12293  -  MemoryUsage of job (MB)
	12587624  -  ResidentSetSize of job (KB)
...
006 (9709121.000.000) 05/02 04:43:05 Image size of job updated: 12742524
	12432  -  MemoryUsage of job (MB)
	12730180  -  ResidentSetSize of job (KB)
...
006 (9709121.000.000) 05/02 04:48:06 Image size of job updated: 12806776
	12432  -  MemoryUsage of job (MB)
	12730180  -  ResidentSetSize of job (KB)
...
006 (9709121.000.000) 05/02 04:53:06 Image size of job updated: 12830348
	12521  -  MemoryUsage of job (MB)
	12821132  -  ResidentSetSize of job (KB)
...
006 (9709121.000.000) 05/02 04:58:06 Image size of job updated: 12997596
	12692  -  MemoryUsage of job (MB)
	12995752  -  ResidentSetSize of job (KB)
...
006 (9709121.000.000) 05/02 05:03:07 Image size of job updated: 13284076
	12964  -  MemoryUsage of job (MB)
	13275124  -  ResidentSetSize of job (KB)
...
006 (9709121.000.000) 05/02 05:08:07 Image size of job updated: 13736716
	13413  -  MemoryUsage of job (MB)
	13733924  -  ResidentSetSize of job (KB)
...
006 (9709121.000.000) 05/02 05:13:07 Image size of job updated: 14190452
	13852  -  MemoryUsage of job (MB)
	14183488  -  ResidentSetSize of job (KB)
...
006 (9709121.000.000) 05/02 05:18:08 Image size of job updated: 14618744
	14263  -  MemoryUsage of job (MB)
	14605212  -  ResidentSetSize of job (KB)
...
006 (9709121.000.000) 05/02 05:23:09 Image size of job updated: 14928412
	14576  -  MemoryUsage of job (MB)
	14925148  -  ResidentSetSize of job (KB)
...
006 (9709121.000.000) 05/02 05:28:09 Image size of job updated: 15335524
	14967  -  MemoryUsage of job (MB)
	15326124  -  ResidentSetSize of job (KB)
...
006 (9709121.000.000) 05/02 05:33:10 Image size of job updated: 15771460
	15394  -  MemoryUsage of job (MB)
	15763388  -  ResidentSetSize of job (KB)
...
006 (9709121.000.000) 05/02 05:38:11 Image size of job updated: 16113172
	15735  -  MemoryUsage of job (MB)
	16111744  -  ResidentSetSize of job (KB)
...
006 (9709121.000.000) 05/02 05:43:11 Image size of job updated: 16128624
	15735  -  MemoryUsage of job (MB)
	16111744  -  ResidentSetSize of job (KB)
...
006 (9709121.000.000) 05/02 06:57:13 Image size of job updated: 16558292
	15735  -  MemoryUsage of job (MB)
	16111744  -  ResidentSetSize of job (KB)
...
040 (9709121.000.000) 05/02 06:57:13 Started transferring output files
...
040 (9709121.000.000) 05/02 06:57:13 Finished transferring output files
...
005 (9709121.000.000) 05/02 06:57:14 Job terminated.
	(1) Normal termination (return value 0)
		Usr 0 02:03:54, Sys 0 00:37:42  -  Run Remote Usage
		Usr 0 00:00:00, Sys 0 00:00:00  -  Run Local Usage
		Usr 0 02:03:54, Sys 0 00:37:42  -  Total Remote Usage
		Usr 0 00:00:00, Sys 0 00:00:00  -  Total Local Usage
	7732  -  Run Bytes Sent By Job
	217  -  Run Bytes Received By Job
	7732  -  Total Bytes Sent By Job
	217  -  Total Bytes Received By Job
	Partitionable Resources :    Usage  Request Allocated 
	   Cpus                 :     0.99        1         1 
	   Disk (KB)            :    29           1   3013526 
	   Memory (MB)          : 15735        2000      2000 

	Job terminated of its own accord at 2024-05-02T04:57:13Z.
...
