000 (9709101.000.000) 05/01 23:17:12 Job submitted from host: <137.138.156.150:9618?addrs=137.138.156.150-9618+[2001-1458-d00-14--9a]-9618&alias=bigbird13.cern.ch&noUDP&sock=schedd_2138_1192>
...
040 (9709101.000.000) 05/01 23:32:17 Started transferring input files
	Transferring to host: <128.142.63.48:9618?addrs=128.142.63.48-9618+[2001-1458-301-38--100-2d]-9618&alias=b9s08p9887.cern.ch&noUDP&sock=slot1_16_54093_2971_114667>
...
040 (9709101.000.000) 05/01 23:32:17 Finished transferring input files
...
001 (9709101.000.000) 05/01 23:32:18 Job executing on host: <128.142.63.48:9618?addrs=128.142.63.48-9618+[2001-1458-301-38--100-2d]-9618&alias=b9s08p9887.cern.ch&noUDP&sock=startd_54054_205f>
...
006 (9709101.000.000) 05/01 23:32:27 Image size of job updated: 33400
	33  -  MemoryUsage of job (MB)
	33116  -  ResidentSetSize of job (KB)
...
006 (9709101.000.000) 05/01 23:37:28 Image size of job updated: 461064
	442  -  MemoryUsage of job (MB)
	451796  -  ResidentSetSize of job (KB)
...
006 (9709101.000.000) 05/01 23:42:28 Image size of job updated: 586112
	567  -  MemoryUsage of job (MB)
	579736  -  ResidentSetSize of job (KB)
...
006 (9709101.000.000) 05/01 23:47:28 Image size of job updated: 915048
	890  -  MemoryUsage of job (MB)
	910540  -  ResidentSetSize of job (KB)
...
006 (9709101.000.000) 05/01 23:52:29 Image size of job updated: 1231264
	1202  -  MemoryUsage of job (MB)
	1229976  -  ResidentSetSize of job (KB)
...
006 (9709101.000.000) 05/01 23:57:30 Image size of job updated: 1559304
	1516  -  MemoryUsage of job (MB)
	1551620  -  ResidentSetSize of job (KB)
...
006 (9709101.000.000) 05/02 00:02:30 Image size of job updated: 1867540
	1822  -  MemoryUsage of job (MB)
	1865348  -  ResidentSetSize of job (KB)
...
006 (9709101.000.000) 05/02 00:07:31 Image size of job updated: 2206548
	2155  -  MemoryUsage of job (MB)
	2206288  -  ResidentSetSize of job (KB)
...
006 (9709101.000.000) 05/02 00:12:32 Image size of job updated: 2522508
	2459  -  MemoryUsage of job (MB)
	2517096  -  ResidentSetSize of job (KB)
...
006 (9709101.000.000) 05/02 00:17:32 Image size of job updated: 2839972
	2771  -  MemoryUsage of job (MB)
	2837212  -  ResidentSetSize of job (KB)
...
006 (9709101.000.000) 05/02 00:22:32 Image size of job updated: 3137828
	3059  -  MemoryUsage of job (MB)
	3131712  -  ResidentSetSize of job (KB)
...
006 (9709101.000.000) 05/02 00:27:33 Image size of job updated: 3412348
	3331  -  MemoryUsage of job (MB)
	3410044  -  ResidentSetSize of job (KB)
...
006 (9709101.000.000) 05/02 00:32:33 Image size of job updated: 3691384
	3601  -  MemoryUsage of job (MB)
	3686656  -  ResidentSetSize of job (KB)
...
006 (9709101.000.000) 05/02 00:37:33 Image size of job updated: 3953536
	3856  -  MemoryUsage of job (MB)
	3948388  -  ResidentSetSize of job (KB)
...
006 (9709101.000.000) 05/02 00:42:34 Image size of job updated: 4258144
	4152  -  MemoryUsage of job (MB)
	4251496  -  ResidentSetSize of job (KB)
...
006 (9709101.000.000) 05/02 00:47:35 Image size of job updated: 4542880
	4432  -  MemoryUsage of job (MB)
	4537500  -  ResidentSetSize of job (KB)
...
006 (9709101.000.000) 05/02 00:52:35 Image size of job updated: 4802272
	4685  -  MemoryUsage of job (MB)
	4796820  -  ResidentSetSize of job (KB)
...
006 (9709101.000.000) 05/02 00:57:36 Image size of job updated: 5065912
	4946  -  MemoryUsage of job (MB)
	5064340  -  ResidentSetSize of job (KB)
...
006 (9709101.000.000) 05/02 01:02:37 Image size of job updated: 5295136
	5171  -  MemoryUsage of job (MB)
	5294144  -  ResidentSetSize of job (KB)
...
006 (9709101.000.000) 05/02 01:07:37 Image size of job updated: 5590956
	5454  -  MemoryUsage of job (MB)
	5584140  -  ResidentSetSize of job (KB)
...
006 (9709101.000.000) 05/02 01:12:37 Image size of job updated: 5928824
	5784  -  MemoryUsage of job (MB)
	5922076  -  ResidentSetSize of job (KB)
...
006 (9709101.000.000) 05/02 01:17:38 Image size of job updated: 6226804
	6073  -  MemoryUsage of job (MB)
	6218496  -  ResidentSetSize of job (KB)
...
006 (9709101.000.000) 05/02 01:22:38 Image size of job updated: 6543388
	6382  -  MemoryUsage of job (MB)
	6534724  -  ResidentSetSize of job (KB)
...
006 (9709101.000.000) 05/02 01:27:38 Image size of job updated: 6838936
	6674  -  MemoryUsage of job (MB)
	6833540  -  ResidentSetSize of job (KB)
...
006 (9709101.000.000) 05/02 01:32:39 Image size of job updated: 7138704
	6969  -  MemoryUsage of job (MB)
	7136004  -  ResidentSetSize of job (KB)
...
006 (9709101.000.000) 05/02 01:37:40 Image size of job updated: 7480196
	7301  -  MemoryUsage of job (MB)
	7475732  -  ResidentSetSize of job (KB)
...
006 (9709101.000.000) 05/02 01:42:40 Image size of job updated: 7832720
	7645  -  MemoryUsage of job (MB)
	7828044  -  ResidentSetSize of job (KB)
...
006 (9709101.000.000) 05/02 01:47:41 Image size of job updated: 8157860
	7966  -  MemoryUsage of job (MB)
	8156436  -  ResidentSetSize of job (KB)
...
006 (9709101.000.000) 05/02 01:52:42 Image size of job updated: 8479320
	8281  -  MemoryUsage of job (MB)
	8478888  -  ResidentSetSize of job (KB)
...
006 (9709101.000.000) 05/02 01:57:42 Image size of job updated: 8822536
	8615  -  MemoryUsage of job (MB)
	8821288  -  ResidentSetSize of job (KB)
...
006 (9709101.000.000) 05/02 02:02:42 Image size of job updated: 9171608
	8951  -  MemoryUsage of job (MB)
	9165020  -  ResidentSetSize of job (KB)
...
006 (9709101.000.000) 05/02 02:07:43 Image size of job updated: 9523616
	9295  -  MemoryUsage of job (MB)
	9517616  -  ResidentSetSize of job (KB)
...
006 (9709101.000.000) 05/02 02:12:43 Image size of job updated: 9591196
	9295  -  MemoryUsage of job (MB)
	9517616  -  ResidentSetSize of job (KB)
...
006 (9709101.000.000) 05/02 03:32:52 Image size of job updated: 9750716
	9520  -  MemoryUsage of job (MB)
	9748124  -  ResidentSetSize of job (KB)
...
006 (9709101.000.000) 05/02 03:37:52 Image size of job updated: 10092044
	9855  -  MemoryUsage of job (MB)
	10090600  -  ResidentSetSize of job (KB)
...
006 (9709101.000.000) 05/02 03:42:52 Image size of job updated: 10297500
	10054  -  MemoryUsage of job (MB)
	10294908  -  ResidentSetSize of job (KB)
...
006 (9709101.000.000) 05/02 03:47:53 Image size of job updated: 10600484
	10346  -  MemoryUsage of job (MB)
	10593936  -  ResidentSetSize of job (KB)
...
006 (9709101.000.000) 05/02 03:52:53 Image size of job updated: 10929668
	10664  -  MemoryUsage of job (MB)
	10919320  -  ResidentSetSize of job (KB)
...
006 (9709101.000.000) 05/02 03:57:53 Image size of job updated: 11207340
	10941  -  MemoryUsage of job (MB)
	11203040  -  ResidentSetSize of job (KB)
...
006 (9709101.000.000) 05/02 04:02:54 Image size of job updated: 11266080
	10941  -  MemoryUsage of job (MB)
	11203040  -  ResidentSetSize of job (KB)
...
006 (9709101.000.000) 05/02 04:27:57 Image size of job updated: 11289632
	11022  -  MemoryUsage of job (MB)
	11286332  -  ResidentSetSize of job (KB)
...
006 (9709101.000.000) 05/02 04:32:57 Image size of job updated: 11631836
	11358  -  MemoryUsage of job (MB)
	11629936  -  ResidentSetSize of job (KB)
...
006 (9709101.000.000) 05/02 04:37:58 Image size of job updated: 11697036
	11374  -  MemoryUsage of job (MB)
	11646356  -  ResidentSetSize of job (KB)
...
006 (9709101.000.000) 05/02 04:42:58 Image size of job updated: 11895512
	11610  -  MemoryUsage of job (MB)
	11888544  -  ResidentSetSize of job (KB)
...
006 (9709101.000.000) 05/02 04:47:58 Image size of job updated: 12262712
	11975  -  MemoryUsage of job (MB)
	12261440  -  ResidentSetSize of job (KB)
...
006 (9709101.000.000) 05/02 04:52:59 Image size of job updated: 12622424
	12325  -  MemoryUsage of job (MB)
	12620380  -  ResidentSetSize of job (KB)
...
006 (9709101.000.000) 05/02 04:58:00 Image size of job updated: 12763616
	12453  -  MemoryUsage of job (MB)
	12751548  -  ResidentSetSize of job (KB)
...
006 (9709101.000.000) 05/02 05:03:00 Image size of job updated: 13117416
	12804  -  MemoryUsage of job (MB)
	13110744  -  ResidentSetSize of job (KB)
...
006 (9709101.000.000) 05/02 05:08:01 Image size of job updated: 13292056
	12972  -  MemoryUsage of job (MB)
	13282552  -  ResidentSetSize of job (KB)
...
006 (9709101.000.000) 05/02 05:13:02 Image size of job updated: 13731020
	13408  -  MemoryUsage of job (MB)
	13728852  -  ResidentSetSize of job (KB)
...
006 (9709101.000.000) 05/02 05:18:02 Image size of job updated: 14132372
	13801  -  MemoryUsage of job (MB)
	14131596  -  ResidentSetSize of job (KB)
...
006 (9709101.000.000) 05/02 05:23:02 Image size of job updated: 14541268
	14194  -  MemoryUsage of job (MB)
	14534208  -  ResidentSetSize of job (KB)
...
006 (9709101.000.000) 05/02 05:28:04 Image size of job updated: 14886800
	14537  -  MemoryUsage of job (MB)
	14885620  -  ResidentSetSize of job (KB)
...
006 (9709101.000.000) 05/02 05:33:04 Image size of job updated: 15300112
	14941  -  MemoryUsage of job (MB)
	15298696  -  ResidentSetSize of job (KB)
...
006 (9709101.000.000) 05/02 05:38:04 Image size of job updated: 15646264
	15272  -  MemoryUsage of job (MB)
	15638496  -  ResidentSetSize of job (KB)
...
006 (9709101.000.000) 05/02 05:43:05 Image size of job updated: 15653944
	15272  -  MemoryUsage of job (MB)
	15638496  -  ResidentSetSize of job (KB)
...
040 (9709101.000.000) 05/02 07:27:35 Started transferring output files
...
040 (9709101.000.000) 05/02 07:27:35 Finished transferring output files
...
005 (9709101.000.000) 05/02 07:27:35 Job terminated.
	(1) Normal termination (return value 0)
		Usr 0 02:23:43, Sys 0 00:37:45  -  Run Remote Usage
		Usr 0 00:00:00, Sys 0 00:00:00  -  Run Local Usage
		Usr 0 02:23:43, Sys 0 00:37:45  -  Total Remote Usage
		Usr 0 00:00:00, Sys 0 00:00:00  -  Total Local Usage
	108290  -  Run Bytes Sent By Job
	215  -  Run Bytes Received By Job
	108290  -  Total Bytes Sent By Job
	215  -  Total Bytes Received By Job
	Partitionable Resources :    Usage  Request Allocated 
	   Cpus                 :     0.99        1         1 
	   Disk (KB)            :   127           1   2897727 
	   Memory (MB)          : 15272        2000      2000 

	Job terminated of its own accord at 2024-05-02T05:27:35Z.
...
