000 (9709095.000.000) 05/01 23:17:05 Job submitted from host: <137.138.156.150:9618?addrs=137.138.156.150-9618+[2001-1458-d00-14--9a]-9618&alias=bigbird13.cern.ch&noUDP&sock=schedd_2138_1192>
...
040 (9709095.000.000) 05/01 23:32:16 Started transferring input files
	Transferring to host: <128.142.62.47:9618?addrs=128.142.62.47-9618+[2001-1458-301-37--100-2e]-9618&alias=b9s07p0867.cern.ch&noUDP&sock=slot1_7_7602_0bee_16318>
...
040 (9709095.000.000) 05/01 23:32:16 Finished transferring input files
...
001 (9709095.000.000) 05/01 23:32:17 Job executing on host: <128.142.62.47:9618?addrs=128.142.62.47-9618+[2001-1458-301-37--100-2e]-9618&alias=b9s07p0867.cern.ch&noUDP&sock=startd_5823_ac11>
...
006 (9709095.000.000) 05/01 23:32:26 Image size of job updated: 34796
	34  -  MemoryUsage of job (MB)
	34704  -  ResidentSetSize of job (KB)
...
006 (9709095.000.000) 05/01 23:37:27 Image size of job updated: 600420
	586  -  MemoryUsage of job (MB)
	599800  -  ResidentSetSize of job (KB)
...
006 (9709095.000.000) 05/01 23:42:28 Image size of job updated: 1058988
	1027  -  MemoryUsage of job (MB)
	1050916  -  ResidentSetSize of job (KB)
...
006 (9709095.000.000) 05/01 23:47:28 Image size of job updated: 1519956
	1477  -  MemoryUsage of job (MB)
	1511452  -  ResidentSetSize of job (KB)
...
006 (9709095.000.000) 05/01 23:52:28 Image size of job updated: 1971808
	1918  -  MemoryUsage of job (MB)
	1963328  -  ResidentSetSize of job (KB)
...
006 (9709095.000.000) 05/01 23:57:29 Image size of job updated: 2404972
	2340  -  MemoryUsage of job (MB)
	2395780  -  ResidentSetSize of job (KB)
...
006 (9709095.000.000) 05/02 00:02:29 Image size of job updated: 2805428
	2731  -  MemoryUsage of job (MB)
	2796372  -  ResidentSetSize of job (KB)
...
006 (9709095.000.000) 05/02 00:07:29 Image size of job updated: 3266200
	3188  -  MemoryUsage of job (MB)
	3263920  -  ResidentSetSize of job (KB)
...
006 (9709095.000.000) 05/02 00:12:31 Image size of job updated: 3717608
	3631  -  MemoryUsage of job (MB)
	3717604  -  ResidentSetSize of job (KB)
...
006 (9709095.000.000) 05/02 00:17:31 Image size of job updated: 4151784
	4050  -  MemoryUsage of job (MB)
	4146388  -  ResidentSetSize of job (KB)
...
006 (9709095.000.000) 05/02 00:22:31 Image size of job updated: 4704012
	4592  -  MemoryUsage of job (MB)
	4702132  -  ResidentSetSize of job (KB)
...
006 (9709095.000.000) 05/02 00:27:32 Image size of job updated: 5158988
	5029  -  MemoryUsage of job (MB)
	5149684  -  ResidentSetSize of job (KB)
...
006 (9709095.000.000) 05/02 00:32:33 Image size of job updated: 5569476
	5438  -  MemoryUsage of job (MB)
	5568200  -  ResidentSetSize of job (KB)
...
006 (9709095.000.000) 05/02 00:37:33 Image size of job updated: 5991844
	5848  -  MemoryUsage of job (MB)
	5987496  -  ResidentSetSize of job (KB)
...
006 (9709095.000.000) 05/02 00:42:33 Image size of job updated: 6408240
	6255  -  MemoryUsage of job (MB)
	6404200  -  ResidentSetSize of job (KB)
...
006 (9709095.000.000) 05/02 00:47:34 Image size of job updated: 6839944
	6672  -  MemoryUsage of job (MB)
	6831152  -  ResidentSetSize of job (KB)
...
006 (9709095.000.000) 05/02 00:52:34 Image size of job updated: 7249000
	7074  -  MemoryUsage of job (MB)
	7242852  -  ResidentSetSize of job (KB)
...
006 (9709095.000.000) 05/02 00:57:34 Image size of job updated: 7762668
	7579  -  MemoryUsage of job (MB)
	7759888  -  ResidentSetSize of job (KB)
...
006 (9709095.000.000) 05/02 01:02:35 Image size of job updated: 8205620
	8007  -  MemoryUsage of job (MB)
	8198924  -  ResidentSetSize of job (KB)
...
006 (9709095.000.000) 05/02 01:07:36 Image size of job updated: 8627664
	8407  -  MemoryUsage of job (MB)
	8608260  -  ResidentSetSize of job (KB)
...
006 (9709095.000.000) 05/02 01:12:36 Image size of job updated: 9062752
	8847  -  MemoryUsage of job (MB)
	9058596  -  ResidentSetSize of job (KB)
...
006 (9709095.000.000) 05/02 01:17:37 Image size of job updated: 9501788
	9278  -  MemoryUsage of job (MB)
	9500520  -  ResidentSetSize of job (KB)
...
006 (9709095.000.000) 05/02 01:22:38 Image size of job updated: 9927760
	9688  -  MemoryUsage of job (MB)
	9920160  -  ResidentSetSize of job (KB)
...
006 (9709095.000.000) 05/02 01:27:38 Image size of job updated: 10339108
	10091  -  MemoryUsage of job (MB)
	10332652  -  ResidentSetSize of job (KB)
...
006 (9709095.000.000) 05/02 01:32:38 Image size of job updated: 10732816
	10474  -  MemoryUsage of job (MB)
	10725332  -  ResidentSetSize of job (KB)
...
006 (9709095.000.000) 05/02 01:37:39 Image size of job updated: 11130664
	10867  -  MemoryUsage of job (MB)
	11127652  -  ResidentSetSize of job (KB)
...
006 (9709095.000.000) 05/02 01:42:39 Image size of job updated: 11493712
	11224  -  MemoryUsage of job (MB)
	11492508  -  ResidentSetSize of job (KB)
...
006 (9709095.000.000) 05/02 01:47:39 Image size of job updated: 11873256
	11595  -  MemoryUsage of job (MB)
	11872360  -  ResidentSetSize of job (KB)
...
006 (9709095.000.000) 05/02 01:52:40 Image size of job updated: 12297656
	12005  -  MemoryUsage of job (MB)
	12292156  -  ResidentSetSize of job (KB)
...
006 (9709095.000.000) 05/02 01:57:41 Image size of job updated: 12670628
	12371  -  MemoryUsage of job (MB)
	12667412  -  ResidentSetSize of job (KB)
...
006 (9709095.000.000) 05/02 02:02:41 Image size of job updated: 13019632
	12690  -  MemoryUsage of job (MB)
	12994036  -  ResidentSetSize of job (KB)
...
006 (9709095.000.000) 05/02 02:07:42 Image size of job updated: 13422444
	13104  -  MemoryUsage of job (MB)
	13418228  -  ResidentSetSize of job (KB)
...
006 (9709095.000.000) 05/02 02:12:43 Image size of job updated: 13812424
	13467  -  MemoryUsage of job (MB)
	13789192  -  ResidentSetSize of job (KB)
...
006 (9709095.000.000) 05/02 02:17:43 Image size of job updated: 14236576
	13888  -  MemoryUsage of job (MB)
	14221060  -  ResidentSetSize of job (KB)
...
006 (9709095.000.000) 05/02 02:22:43 Image size of job updated: 14717484
	14368  -  MemoryUsage of job (MB)
	14711888  -  ResidentSetSize of job (KB)
...
006 (9709095.000.000) 05/02 02:27:44 Image size of job updated: 15159644
	14797  -  MemoryUsage of job (MB)
	15152028  -  ResidentSetSize of job (KB)
...
006 (9709095.000.000) 05/02 02:32:44 Image size of job updated: 15166812
	14797  -  MemoryUsage of job (MB)
	15152028  -  ResidentSetSize of job (KB)
...
006 (9709095.000.000) 05/02 03:57:53 Image size of job updated: 15389280
	14973  -  MemoryUsage of job (MB)
	15332072  -  ResidentSetSize of job (KB)
...
006 (9709095.000.000) 05/02 05:18:01 Image size of job updated: 15452456
	15066  -  MemoryUsage of job (MB)
	15426908  -  ResidentSetSize of job (KB)
...
006 (9709095.000.000) 05/02 05:23:01 Image size of job updated: 15703120
	15334  -  MemoryUsage of job (MB)
	15701340  -  ResidentSetSize of job (KB)
...
006 (9709095.000.000) 05/02 05:28:02 Image size of job updated: 15780496
	15405  -  MemoryUsage of job (MB)
	15774708  -  ResidentSetSize of job (KB)
...
006 (9709095.000.000) 05/02 05:33:03 Image size of job updated: 16098608
	15575  -  MemoryUsage of job (MB)
	15948180  -  ResidentSetSize of job (KB)
...
006 (9709095.000.000) 05/02 06:25:39 Image size of job updated: 16465204
	15575  -  MemoryUsage of job (MB)
	15948180  -  ResidentSetSize of job (KB)
...
040 (9709095.000.000) 05/02 06:25:39 Started transferring output files
...
040 (9709095.000.000) 05/02 06:25:39 Finished transferring output files
...
005 (9709095.000.000) 05/02 06:25:39 Job terminated.
	(1) Normal termination (return value 0)
		Usr 0 02:04:18, Sys 0 00:37:32  -  Run Remote Usage
		Usr 0 00:00:00, Sys 0 00:00:00  -  Run Local Usage
		Usr 0 02:04:18, Sys 0 00:37:32  -  Total Remote Usage
		Usr 0 00:00:00, Sys 0 00:00:00  -  Total Local Usage
	7736  -  Run Bytes Sent By Job
	215  -  Run Bytes Received By Job
	7736  -  Total Bytes Sent By Job
	215  -  Total Bytes Received By Job
	Partitionable Resources :    Usage  Request Allocated 
	   Cpus                 :     0.99        1         1 
	   Disk (KB)            :    29           1   2887560 
	   Memory (MB)          : 15575        2000      2000 

	Job terminated of its own accord at 2024-05-02T04:25:39Z.
...
