000 (9709111.000.000) 05/01 23:17:27 Job submitted from host: <137.138.156.150:9618?addrs=137.138.156.150-9618+[2001-1458-d00-14--9a]-9618&alias=bigbird13.cern.ch&noUDP&sock=schedd_2138_1192>
...
040 (9709111.000.000) 05/01 23:32:22 Started transferring input files
	Transferring to host: <128.142.63.52:9618?addrs=128.142.63.52-9618+[2001-1458-301-38--100-31]-9618&alias=b9s08p9659.cern.ch&noUDP&sock=slot1_26_7470_0a69_29870>
...
040 (9709111.000.000) 05/01 23:32:22 Finished transferring input files
...
001 (9709111.000.000) 05/01 23:32:23 Job executing on host: <128.142.63.52:9618?addrs=128.142.63.52-9618+[2001-1458-301-38--100-31]-9618&alias=b9s08p9659.cern.ch&noUDP&sock=startd_5888_41b9>
...
006 (9709111.000.000) 05/01 23:32:32 Image size of job updated: 30496
	30  -  MemoryUsage of job (MB)
	30496  -  ResidentSetSize of job (KB)
...
006 (9709111.000.000) 05/01 23:37:33 Image size of job updated: 442992
	425  -  MemoryUsage of job (MB)
	434488  -  ResidentSetSize of job (KB)
...
006 (9709111.000.000) 05/01 23:42:34 Image size of job updated: 741000
	722  -  MemoryUsage of job (MB)
	739304  -  ResidentSetSize of job (KB)
...
006 (9709111.000.000) 05/01 23:47:34 Image size of job updated: 1040736
	1010  -  MemoryUsage of job (MB)
	1033280  -  ResidentSetSize of job (KB)
...
006 (9709111.000.000) 05/01 23:52:35 Image size of job updated: 1324592
	1290  -  MemoryUsage of job (MB)
	1320776  -  ResidentSetSize of job (KB)
...
006 (9709111.000.000) 05/01 23:57:36 Image size of job updated: 1601388
	1564  -  MemoryUsage of job (MB)
	1600960  -  ResidentSetSize of job (KB)
...
006 (9709111.000.000) 05/02 00:02:36 Image size of job updated: 1923464
	1860  -  MemoryUsage of job (MB)
	1903932  -  ResidentSetSize of job (KB)
...
006 (9709111.000.000) 05/02 00:07:36 Image size of job updated: 2235800
	2175  -  MemoryUsage of job (MB)
	2226836  -  ResidentSetSize of job (KB)
...
006 (9709111.000.000) 05/02 00:12:37 Image size of job updated: 2520056
	2460  -  MemoryUsage of job (MB)
	2518920  -  ResidentSetSize of job (KB)
...
006 (9709111.000.000) 05/02 00:17:37 Image size of job updated: 2819220
	2752  -  MemoryUsage of job (MB)
	2817988  -  ResidentSetSize of job (KB)
...
006 (9709111.000.000) 05/02 00:22:37 Image size of job updated: 3112572
	3036  -  MemoryUsage of job (MB)
	3107888  -  ResidentSetSize of job (KB)
...
006 (9709111.000.000) 05/02 00:27:38 Image size of job updated: 3390660
	3304  -  MemoryUsage of job (MB)
	3383112  -  ResidentSetSize of job (KB)
...
006 (9709111.000.000) 05/02 00:32:39 Image size of job updated: 3639912
	3550  -  MemoryUsage of job (MB)
	3634484  -  ResidentSetSize of job (KB)
...
006 (9709111.000.000) 05/02 00:37:39 Image size of job updated: 3886608
	3787  -  MemoryUsage of job (MB)
	3877740  -  ResidentSetSize of job (KB)
...
006 (9709111.000.000) 05/02 00:42:40 Image size of job updated: 4148768
	4045  -  MemoryUsage of job (MB)
	4141544  -  ResidentSetSize of job (KB)
...
006 (9709111.000.000) 05/02 00:47:41 Image size of job updated: 4413756
	4302  -  MemoryUsage of job (MB)
	4404668  -  ResidentSetSize of job (KB)
...
006 (9709111.000.000) 05/02 00:52:41 Image size of job updated: 4676336
	4561  -  MemoryUsage of job (MB)
	4669628  -  ResidentSetSize of job (KB)
...
006 (9709111.000.000) 05/02 00:57:41 Image size of job updated: 4951248
	4834  -  MemoryUsage of job (MB)
	4949720  -  ResidentSetSize of job (KB)
...
006 (9709111.000.000) 05/02 01:02:42 Image size of job updated: 5252972
	5127  -  MemoryUsage of job (MB)
	5249784  -  ResidentSetSize of job (KB)
...
006 (9709111.000.000) 05/02 01:07:42 Image size of job updated: 5538752
	5408  -  MemoryUsage of job (MB)
	5537212  -  ResidentSetSize of job (KB)
...
006 (9709111.000.000) 05/02 01:12:42 Image size of job updated: 5847216
	5709  -  MemoryUsage of job (MB)
	5845492  -  ResidentSetSize of job (KB)
...
006 (9709111.000.000) 05/02 01:17:43 Image size of job updated: 6120180
	5969  -  MemoryUsage of job (MB)
	6111520  -  ResidentSetSize of job (KB)
...
006 (9709111.000.000) 05/02 01:22:44 Image size of job updated: 6405852
	6255  -  MemoryUsage of job (MB)
	6404284  -  ResidentSetSize of job (KB)
...
006 (9709111.000.000) 05/02 01:27:44 Image size of job updated: 6695796
	6532  -  MemoryUsage of job (MB)
	6688456  -  ResidentSetSize of job (KB)
...
006 (9709111.000.000) 05/02 01:32:45 Image size of job updated: 6979180
	6810  -  MemoryUsage of job (MB)
	6973092  -  ResidentSetSize of job (KB)
...
006 (9709111.000.000) 05/02 01:37:46 Image size of job updated: 7253036
	7082  -  MemoryUsage of job (MB)
	7251300  -  ResidentSetSize of job (KB)
...
006 (9709111.000.000) 05/02 01:42:46 Image size of job updated: 7534896
	7351  -  MemoryUsage of job (MB)
	7527344  -  ResidentSetSize of job (KB)
...
006 (9709111.000.000) 05/02 01:47:46 Image size of job updated: 7794092
	7610  -  MemoryUsage of job (MB)
	7792088  -  ResidentSetSize of job (KB)
...
006 (9709111.000.000) 05/02 01:52:47 Image size of job updated: 8073492
	7884  -  MemoryUsage of job (MB)
	8072700  -  ResidentSetSize of job (KB)
...
006 (9709111.000.000) 05/02 01:57:47 Image size of job updated: 8363368
	8161  -  MemoryUsage of job (MB)
	8356108  -  ResidentSetSize of job (KB)
...
006 (9709111.000.000) 05/02 02:02:47 Image size of job updated: 8661512
	8451  -  MemoryUsage of job (MB)
	8653376  -  ResidentSetSize of job (KB)
...
006 (9709111.000.000) 05/02 02:07:48 Image size of job updated: 8955072
	8740  -  MemoryUsage of job (MB)
	8949204  -  ResidentSetSize of job (KB)
...
006 (9709111.000.000) 05/02 02:12:49 Image size of job updated: 9223152
	8999  -  MemoryUsage of job (MB)
	9214652  -  ResidentSetSize of job (KB)
...
006 (9709111.000.000) 05/02 02:17:49 Image size of job updated: 9496724
	9269  -  MemoryUsage of job (MB)
	9490644  -  ResidentSetSize of job (KB)
...
006 (9709111.000.000) 05/02 02:22:50 Image size of job updated: 9768184
	9534  -  MemoryUsage of job (MB)
	9761876  -  ResidentSetSize of job (KB)
...
006 (9709111.000.000) 05/02 02:27:51 Image size of job updated: 10060988
	9824  -  MemoryUsage of job (MB)
	10058768  -  ResidentSetSize of job (KB)
...
006 (9709111.000.000) 05/02 02:32:51 Image size of job updated: 10367276
	10118  -  MemoryUsage of job (MB)
	10360212  -  ResidentSetSize of job (KB)
...
006 (9709111.000.000) 05/02 02:37:51 Image size of job updated: 10629864
	10373  -  MemoryUsage of job (MB)
	10621440  -  ResidentSetSize of job (KB)
...
006 (9709111.000.000) 05/02 02:42:52 Image size of job updated: 10889464
	10627  -  MemoryUsage of job (MB)
	10881876  -  ResidentSetSize of job (KB)
...
006 (9709111.000.000) 05/02 02:47:52 Image size of job updated: 11182940
	10916  -  MemoryUsage of job (MB)
	11177020  -  ResidentSetSize of job (KB)
...
006 (9709111.000.000) 05/02 02:52:52 Image size of job updated: 11384888
	11094  -  MemoryUsage of job (MB)
	11359452  -  ResidentSetSize of job (KB)
...
006 (9709111.000.000) 05/02 02:57:53 Image size of job updated: 11587600
	11316  -  MemoryUsage of job (MB)
	11586896  -  ResidentSetSize of job (KB)
...
006 (9709111.000.000) 05/02 03:02:54 Image size of job updated: 11671780
	11316  -  MemoryUsage of job (MB)
	11586896  -  ResidentSetSize of job (KB)
...
006 (9709111.000.000) 05/02 05:48:10 Image size of job updated: 11671780
	11374  -  MemoryUsage of job (MB)
	11646064  -  ResidentSetSize of job (KB)
...
006 (9709111.000.000) 05/02 05:53:10 Image size of job updated: 11694248
	11395  -  MemoryUsage of job (MB)
	11668384  -  ResidentSetSize of job (KB)
...
006 (9709111.000.000) 05/02 05:58:10 Image size of job updated: 11705680
	11395  -  MemoryUsage of job (MB)
	11668384  -  ResidentSetSize of job (KB)
...
006 (9709111.000.000) 05/02 06:03:12 Image size of job updated: 11795392
	11513  -  MemoryUsage of job (MB)
	11788400  -  ResidentSetSize of job (KB)
...
006 (9709111.000.000) 05/02 06:08:12 Image size of job updated: 11931236
	11645  -  MemoryUsage of job (MB)
	11923968  -  ResidentSetSize of job (KB)
...
006 (9709111.000.000) 05/02 06:13:12 Image size of job updated: 11997396
	11707  -  MemoryUsage of job (MB)
	11987420  -  ResidentSetSize of job (KB)
...
006 (9709111.000.000) 05/02 06:18:13 Image size of job updated: 12003372
	11713  -  MemoryUsage of job (MB)
	11994100  -  ResidentSetSize of job (KB)
...
006 (9709111.000.000) 05/02 06:23:14 Image size of job updated: 12071176
	11760  -  MemoryUsage of job (MB)
	12041644  -  ResidentSetSize of job (KB)
...
006 (9709111.000.000) 05/02 06:28:14 Image size of job updated: 12177396
	11885  -  MemoryUsage of job (MB)
	12169812  -  ResidentSetSize of job (KB)
...
006 (9709111.000.000) 05/02 06:33:14 Image size of job updated: 12381932
	12091  -  MemoryUsage of job (MB)
	12380788  -  ResidentSetSize of job (KB)
...
006 (9709111.000.000) 05/02 06:38:15 Image size of job updated: 12519532
	12181  -  MemoryUsage of job (MB)
	12473156  -  ResidentSetSize of job (KB)
...
006 (9709111.000.000) 05/02 06:43:15 Image size of job updated: 12603996
	12254  -  MemoryUsage of job (MB)
	12547564  -  ResidentSetSize of job (KB)
...
006 (9709111.000.000) 05/02 07:48:22 Image size of job updated: 15406640
	14961  -  MemoryUsage of job (MB)
	15319416  -  ResidentSetSize of job (KB)
...
006 (9709111.000.000) 05/02 08:24:58 Image size of job updated: 16142828
	14961  -  MemoryUsage of job (MB)
	15319416  -  ResidentSetSize of job (KB)
...
040 (9709111.000.000) 05/02 08:24:58 Started transferring output files
...
040 (9709111.000.000) 05/02 08:24:58 Finished transferring output files
...
005 (9709111.000.000) 05/02 08:24:58 Job terminated.
	(1) Normal termination (return value 0)
		Usr 0 02:27:14, Sys 0 00:37:19  -  Run Remote Usage
		Usr 0 00:00:00, Sys 0 00:00:00  -  Run Local Usage
		Usr 0 02:27:14, Sys 0 00:37:19  -  Total Remote Usage
		Usr 0 00:00:00, Sys 0 00:00:00  -  Total Local Usage
	9260  -  Run Bytes Sent By Job
	215  -  Run Bytes Received By Job
	9260  -  Total Bytes Sent By Job
	215  -  Total Bytes Received By Job
	Partitionable Resources :    Usage  Request Allocated 
	   Cpus                 :     0.99        1         1 
	   Disk (KB)            :    30           1   2889390 
	   Memory (MB)          : 14961        2000      2000 

	Job terminated of its own accord at 2024-05-02T06:24:58Z.
...
