000 (9376013.000.000) 03/06 11:00:45 Job submitted from host: <137.138.156.150:9618?addrs=137.138.156.150-9618+[2001-1458-d00-14--9a]-9618&alias=bigbird13.cern.ch&noUDP&sock=schedd_5144_ef43>
...
040 (9376013.000.000) 03/06 13:23:43 Started transferring input files
	Transferring to host: <128.142.59.83:9618?addrs=128.142.59.83-9618&alias=b7s04p9097.cern.ch&noUDP&sock=slot1_13_7462_6769_61036>
...
040 (9376013.000.000) 03/06 13:23:43 Finished transferring input files
...
001 (9376013.000.000) 03/06 13:23:44 Job executing on host: <128.142.59.83:9618?addrs=128.142.59.83-9618&alias=b7s04p9097.cern.ch&noUDP&sock=startd_7395_eef2>
...
006 (9376013.000.000) 03/06 13:23:53 Image size of job updated: 111044
	44  -  MemoryUsage of job (MB)
	44808  -  ResidentSetSize of job (KB)
...
006 (9376013.000.000) 03/06 13:28:53 Image size of job updated: 5021832
	2911  -  MemoryUsage of job (MB)
	2980076  -  ResidentSetSize of job (KB)
...
006 (9376013.000.000) 03/06 13:33:53 Image size of job updated: 5108444
	2985  -  MemoryUsage of job (MB)
	3056112  -  ResidentSetSize of job (KB)
...
006 (9376013.000.000) 03/06 13:38:54 Image size of job updated: 5279820
	3110  -  MemoryUsage of job (MB)
	3184036  -  ResidentSetSize of job (KB)
...
006 (9376013.000.000) 03/06 13:43:55 Image size of job updated: 5354180
	3213  -  MemoryUsage of job (MB)
	3289204  -  ResidentSetSize of job (KB)
...
006 (9376013.000.000) 03/06 13:48:55 Image size of job updated: 5439868
	3327  -  MemoryUsage of job (MB)
	3406776  -  ResidentSetSize of job (KB)
...
006 (9376013.000.000) 03/06 13:53:56 Image size of job updated: 5674532
	3443  -  MemoryUsage of job (MB)
	3525204  -  ResidentSetSize of job (KB)
...
006 (9376013.000.000) 03/06 13:58:58 Image size of job updated: 5760352
	3558  -  MemoryUsage of job (MB)
	3643376  -  ResidentSetSize of job (KB)
...
006 (9376013.000.000) 03/06 14:03:58 Image size of job updated: 5846044
	3673  -  MemoryUsage of job (MB)
	3760248  -  ResidentSetSize of job (KB)
...
006 (9376013.000.000) 03/06 14:08:58 Image size of job updated: 5923228
	3774  -  MemoryUsage of job (MB)
	3864488  -  ResidentSetSize of job (KB)
...
006 (9376013.000.000) 03/06 14:13:59 Image size of job updated: 5994096
	3868  -  MemoryUsage of job (MB)
	3960588  -  ResidentSetSize of job (KB)
...
006 (9376013.000.000) 03/06 14:19:00 Image size of job updated: 6353612
	3955  -  MemoryUsage of job (MB)
	4049228  -  ResidentSetSize of job (KB)
...
006 (9376013.000.000) 03/06 14:24:00 Image size of job updated: 6415364
	4037  -  MemoryUsage of job (MB)
	4132996  -  ResidentSetSize of job (KB)
...
006 (9376013.000.000) 03/06 14:29:00 Image size of job updated: 6477116
	4119  -  MemoryUsage of job (MB)
	4217108  -  ResidentSetSize of job (KB)
...
006 (9376013.000.000) 03/06 14:34:01 Image size of job updated: 6540668
	4202  -  MemoryUsage of job (MB)
	4302528  -  ResidentSetSize of job (KB)
...
006 (9376013.000.000) 03/06 14:39:01 Image size of job updated: 6604460
	4289  -  MemoryUsage of job (MB)
	4391772  -  ResidentSetSize of job (KB)
...
006 (9376013.000.000) 03/06 14:44:01 Image size of job updated: 6669748
	4379  -  MemoryUsage of job (MB)
	4483988  -  ResidentSetSize of job (KB)
...
006 (9376013.000.000) 03/06 14:49:02 Image size of job updated: 6744204
	4477  -  MemoryUsage of job (MB)
	4583888  -  ResidentSetSize of job (KB)
...
006 (9376013.000.000) 03/06 14:54:03 Image size of job updated: 6821256
	4579  -  MemoryUsage of job (MB)
	4687892  -  ResidentSetSize of job (KB)
...
006 (9376013.000.000) 03/06 14:59:03 Image size of job updated: 6892168
	4674  -  MemoryUsage of job (MB)
	4785192  -  ResidentSetSize of job (KB)
...
006 (9376013.000.000) 03/06 15:04:04 Image size of job updated: 6960748
	4765  -  MemoryUsage of job (MB)
	4878492  -  ResidentSetSize of job (KB)
...
006 (9376013.000.000) 03/06 15:09:05 Image size of job updated: 7026864
	4853  -  MemoryUsage of job (MB)
	4968480  -  ResidentSetSize of job (KB)
...
006 (9376013.000.000) 03/06 15:14:05 Image size of job updated: 7099384
	4947  -  MemoryUsage of job (MB)
	5065580  -  ResidentSetSize of job (KB)
...
006 (9376013.000.000) 03/06 15:19:05 Image size of job updated: 7757528
	4947  -  MemoryUsage of job (MB)
	5065580  -  ResidentSetSize of job (KB)
...
006 (9376013.000.000) 03/06 15:24:06 Image size of job updated: 7825328
	4947  -  MemoryUsage of job (MB)
	5065580  -  ResidentSetSize of job (KB)
...
006 (9376013.000.000) 03/06 15:29:06 Image size of job updated: 7898436
	4947  -  MemoryUsage of job (MB)
	5065580  -  ResidentSetSize of job (KB)
...
006 (9376013.000.000) 03/06 15:34:06 Image size of job updated: 7963388
	4947  -  MemoryUsage of job (MB)
	5065580  -  ResidentSetSize of job (KB)
...
006 (9376013.000.000) 03/06 15:39:08 Image size of job updated: 8028212
	4972  -  MemoryUsage of job (MB)
	5091032  -  ResidentSetSize of job (KB)
...
006 (9376013.000.000) 03/06 15:44:08 Image size of job updated: 8095236
	5065  -  MemoryUsage of job (MB)
	5186380  -  ResidentSetSize of job (KB)
...
006 (9376013.000.000) 03/06 15:49:08 Image size of job updated: 8156900
	5151  -  MemoryUsage of job (MB)
	5273904  -  ResidentSetSize of job (KB)
...
006 (9376013.000.000) 03/06 15:54:09 Image size of job updated: 8221720
	5237  -  MemoryUsage of job (MB)
	5361940  -  ResidentSetSize of job (KB)
...
006 (9376013.000.000) 03/06 15:59:09 Image size of job updated: 8257500
	5237  -  MemoryUsage of job (MB)
	5361940  -  ResidentSetSize of job (KB)
...
006 (9376013.000.000) 03/06 16:04:09 Image size of job updated: 8285736
	6054  -  MemoryUsage of job (MB)
	6198332  -  ResidentSetSize of job (KB)
...
006 (9376013.000.000) 03/06 16:09:10 Image size of job updated: 8481732
	6054  -  MemoryUsage of job (MB)
	6198332  -  ResidentSetSize of job (KB)
...
006 (9376013.000.000) 03/06 16:14:10 Image size of job updated: 9222360
	6444  -  MemoryUsage of job (MB)
	6597732  -  ResidentSetSize of job (KB)
...
006 (9376013.000.000) 03/06 16:19:10 Image size of job updated: 9257176
	6505  -  MemoryUsage of job (MB)
	6660444  -  ResidentSetSize of job (KB)
...
006 (9376013.000.000) 03/06 16:24:11 Image size of job updated: 9302100
	6572  -  MemoryUsage of job (MB)
	6729564  -  ResidentSetSize of job (KB)
...
006 (9376013.000.000) 03/06 16:29:12 Image size of job updated: 9366924
	6661  -  MemoryUsage of job (MB)
	6820276  -  ResidentSetSize of job (KB)
...
006 (9376013.000.000) 03/06 16:34:12 Image size of job updated: 9437164
	6751  -  MemoryUsage of job (MB)
	6912668  -  ResidentSetSize of job (KB)
...
006 (9376013.000.000) 03/06 16:39:13 Image size of job updated: 9505488
	6842  -  MemoryUsage of job (MB)
	7005736  -  ResidentSetSize of job (KB)
...
006 (9376013.000.000) 03/06 16:44:14 Image size of job updated: 9575492
	6936  -  MemoryUsage of job (MB)
	7101484  -  ResidentSetSize of job (KB)
...
006 (9376013.000.000) 03/06 16:49:14 Image size of job updated: 9650552
	7038  -  MemoryUsage of job (MB)
	7206592  -  ResidentSetSize of job (KB)
...
006 (9376013.000.000) 03/06 16:54:14 Image size of job updated: 9732316
	7143  -  MemoryUsage of job (MB)
	7314224  -  ResidentSetSize of job (KB)
...
006 (9376013.000.000) 03/06 16:59:15 Image size of job updated: 9802192
	7241  -  MemoryUsage of job (MB)
	7414344  -  ResidentSetSize of job (KB)
...
006 (9376013.000.000) 03/06 17:04:15 Image size of job updated: 9872972
	7335  -  MemoryUsage of job (MB)
	7510936  -  ResidentSetSize of job (KB)
...
006 (9376013.000.000) 03/06 17:09:15 Image size of job updated: 9942976
	7427  -  MemoryUsage of job (MB)
	7604688  -  ResidentSetSize of job (KB)
...
006 (9376013.000.000) 03/06 17:14:16 Image size of job updated: 10011944
	7519  -  MemoryUsage of job (MB)
	7698544  -  ResidentSetSize of job (KB)
...
006 (9376013.000.000) 03/06 17:19:17 Image size of job updated: 10080652
	7519  -  MemoryUsage of job (MB)
	7698544  -  ResidentSetSize of job (KB)
...
006 (9376013.000.000) 03/06 17:24:17 Image size of job updated: 10153868
	7519  -  MemoryUsage of job (MB)
	7698544  -  ResidentSetSize of job (KB)
...
006 (9376013.000.000) 03/06 17:29:18 Image size of job updated: 10222964
	7519  -  MemoryUsage of job (MB)
	7698544  -  ResidentSetSize of job (KB)
...
006 (9376013.000.000) 03/06 17:34:19 Image size of job updated: 11474304
	7529  -  MemoryUsage of job (MB)
	7709596  -  ResidentSetSize of job (KB)
...
006 (9376013.000.000) 03/06 17:39:19 Image size of job updated: 11544564
	7529  -  MemoryUsage of job (MB)
	7709596  -  ResidentSetSize of job (KB)
...
006 (9376013.000.000) 03/06 17:44:20 Image size of job updated: 11612496
	7529  -  MemoryUsage of job (MB)
	7709596  -  ResidentSetSize of job (KB)
...
006 (9376013.000.000) 03/06 17:49:21 Image size of job updated: 11684188
	7585  -  MemoryUsage of job (MB)
	7766184  -  ResidentSetSize of job (KB)
...
006 (9376013.000.000) 03/06 17:54:21 Image size of job updated: 11751988
	7674  -  MemoryUsage of job (MB)
	7858024  -  ResidentSetSize of job (KB)
...
006 (9376013.000.000) 03/06 17:59:21 Image size of job updated: 11820308
	7766  -  MemoryUsage of job (MB)
	7951648  -  ResidentSetSize of job (KB)
...
006 (9376013.000.000) 03/06 18:04:22 Image size of job updated: 11894688
	7860  -  MemoryUsage of job (MB)
	8047852  -  ResidentSetSize of job (KB)
...
006 (9376013.000.000) 03/06 18:09:22 Image size of job updated: 11971040
	7964  -  MemoryUsage of job (MB)
	8155120  -  ResidentSetSize of job (KB)
...
006 (9376013.000.000) 03/06 18:14:22 Image size of job updated: 12054748
	8074  -  MemoryUsage of job (MB)
	8266880  -  ResidentSetSize of job (KB)
...
006 (9376013.000.000) 03/06 18:19:23 Image size of job updated: 12131624
	8074  -  MemoryUsage of job (MB)
	8266884  -  ResidentSetSize of job (KB)
...
006 (9376013.000.000) 03/06 18:24:24 Image size of job updated: 12215328
	8074  -  MemoryUsage of job (MB)
	8266884  -  ResidentSetSize of job (KB)
...
006 (9376013.000.000) 03/06 18:29:24 Image size of job updated: 12298780
	8074  -  MemoryUsage of job (MB)
	8266884  -  ResidentSetSize of job (KB)
...
