000 (9405637.000.000) 03/11 11:55:18 Job submitted from host: <137.138.156.150:9618?addrs=137.138.156.150-9618+[2001-1458-d00-14--9a]-9618&alias=bigbird13.cern.ch&noUDP&sock=schedd_5144_ef43>
...
040 (9405637.000.000) 03/11 20:06:59 Started transferring input files
	Transferring to host: <128.142.59.73:9618?addrs=128.142.59.73-9618&alias=b7s04p0096.cern.ch&noUDP&sock=slot1_18_7563_914d_69330>
...
040 (9405637.000.000) 03/11 20:06:59 Finished transferring input files
...
001 (9405637.000.000) 03/11 20:07:00 Job executing on host: <128.142.59.73:9618?addrs=128.142.59.73-9618&alias=b7s04p0096.cern.ch&noUDP&sock=startd_7501_a3fc>
...
006 (9405637.000.000) 03/11 20:07:08 Image size of job updated: 89832
	40  -  MemoryUsage of job (MB)
	40456  -  ResidentSetSize of job (KB)
...
006 (9405637.000.000) 03/11 20:12:08 Image size of job updated: 5020756
	2908  -  MemoryUsage of job (MB)
	2977636  -  ResidentSetSize of job (KB)
...
006 (9405637.000.000) 03/11 20:17:09 Image size of job updated: 5098636
	2971  -  MemoryUsage of job (MB)
	3042052  -  ResidentSetSize of job (KB)
...
006 (9405637.000.000) 03/11 20:22:10 Image size of job updated: 5163236
	3058  -  MemoryUsage of job (MB)
	3130620  -  ResidentSetSize of job (KB)
...
006 (9405637.000.000) 03/11 20:27:10 Image size of job updated: 5302200
	3145  -  MemoryUsage of job (MB)
	3219640  -  ResidentSetSize of job (KB)
...
006 (9405637.000.000) 03/11 20:32:10 Image size of job updated: 5369992
	3233  -  MemoryUsage of job (MB)
	3310332  -  ResidentSetSize of job (KB)
...
006 (9405637.000.000) 03/11 20:37:11 Image size of job updated: 5436240
	3321  -  MemoryUsage of job (MB)
	3400520  -  ResidentSetSize of job (KB)
...
006 (9405637.000.000) 03/11 20:42:12 Image size of job updated: 5643544
	3405  -  MemoryUsage of job (MB)
	3485864  -  ResidentSetSize of job (KB)
...
006 (9405637.000.000) 03/11 20:47:12 Image size of job updated: 5707980
	3489  -  MemoryUsage of job (MB)
	3572680  -  ResidentSetSize of job (KB)
...
006 (9405637.000.000) 03/11 20:52:13 Image size of job updated: 5772580
	3574  -  MemoryUsage of job (MB)
	3659360  -  ResidentSetSize of job (KB)
...
006 (9405637.000.000) 03/11 20:57:14 Image size of job updated: 5833036
	3656  -  MemoryUsage of job (MB)
	3743360  -  ResidentSetSize of job (KB)
...
006 (9405637.000.000) 03/11 21:02:14 Image size of job updated: 5895176
	3737  -  MemoryUsage of job (MB)
	3825752  -  ResidentSetSize of job (KB)
...
006 (9405637.000.000) 03/11 21:07:14 Image size of job updated: 5954860
	3816  -  MemoryUsage of job (MB)
	3907568  -  ResidentSetSize of job (KB)
...
006 (9405637.000.000) 03/11 21:12:15 Image size of job updated: 6310008
	3898  -  MemoryUsage of job (MB)
	3991156  -  ResidentSetSize of job (KB)
...
006 (9405637.000.000) 03/11 21:17:16 Image size of job updated: 6372888
	3980  -  MemoryUsage of job (MB)
	4074728  -  ResidentSetSize of job (KB)
...
006 (9405637.000.000) 03/11 21:22:16 Image size of job updated: 6431440
	4061  -  MemoryUsage of job (MB)
	4158420  -  ResidentSetSize of job (KB)
...
006 (9405637.000.000) 03/11 21:27:17 Image size of job updated: 6492676
	4142  -  MemoryUsage of job (MB)
	4241292  -  ResidentSetSize of job (KB)
...
006 (9405637.000.000) 03/11 21:32:18 Image size of job updated: 6554068
	4223  -  MemoryUsage of job (MB)
	4323788  -  ResidentSetSize of job (KB)
...
006 (9405637.000.000) 03/11 21:37:18 Image size of job updated: 6616684
	4304  -  MemoryUsage of job (MB)
	4406792  -  ResidentSetSize of job (KB)
...
006 (9405637.000.000) 03/11 21:42:18 Image size of job updated: 6675236
	4385  -  MemoryUsage of job (MB)
	4489932  -  ResidentSetSize of job (KB)
...
006 (9405637.000.000) 03/11 21:47:19 Image size of job updated: 6733788
	4464  -  MemoryUsage of job (MB)
	4571000  -  ResidentSetSize of job (KB)
...
006 (9405637.000.000) 03/11 21:52:20 Image size of job updated: 6796152
	4545  -  MemoryUsage of job (MB)
	4653608  -  ResidentSetSize of job (KB)
...
006 (9405637.000.000) 03/11 21:57:20 Image size of job updated: 6856520
	4626  -  MemoryUsage of job (MB)
	4736200  -  ResidentSetSize of job (KB)
...
006 (9405637.000.000) 03/11 22:02:21 Image size of job updated: 6915848
	4706  -  MemoryUsage of job (MB)
	4818480  -  ResidentSetSize of job (KB)
...
006 (9405637.000.000) 03/11 22:07:22 Image size of job updated: 6980280
	4790  -  MemoryUsage of job (MB)
	4904752  -  ResidentSetSize of job (KB)
...
006 (9405637.000.000) 03/11 22:12:22 Image size of job updated: 7046788
	4879  -  MemoryUsage of job (MB)
	4995408  -  ResidentSetSize of job (KB)
...
006 (9405637.000.000) 03/11 22:17:22 Image size of job updated: 7111220
	4963  -  MemoryUsage of job (MB)
	5081472  -  ResidentSetSize of job (KB)
...
006 (9405637.000.000) 03/11 22:22:23 Image size of job updated: 7760892
	5043  -  MemoryUsage of job (MB)
	5163852  -  ResidentSetSize of job (KB)
...
006 (9405637.000.000) 03/11 22:27:24 Image size of job updated: 7820352
	5123  -  MemoryUsage of job (MB)
	5245888  -  ResidentSetSize of job (KB)
...
006 (9405637.000.000) 03/11 22:32:24 Image size of job updated: 7880508
	5201  -  MemoryUsage of job (MB)
	5325564  -  ResidentSetSize of job (KB)
...
006 (9405637.000.000) 03/11 22:37:24 Image size of job updated: 7933700
	5279  -  MemoryUsage of job (MB)
	5404872  -  ResidentSetSize of job (KB)
...
006 (9405637.000.000) 03/11 22:42:25 Image size of job updated: 7993856
	5356  -  MemoryUsage of job (MB)
	5483628  -  ResidentSetSize of job (KB)
...
006 (9405637.000.000) 03/11 22:47:25 Image size of job updated: 8051244
	5432  -  MemoryUsage of job (MB)
	5561944  -  ResidentSetSize of job (KB)
...
006 (9405637.000.000) 03/11 22:52:25 Image size of job updated: 8109664
	5509  -  MemoryUsage of job (MB)
	5640692  -  ResidentSetSize of job (KB)
...
006 (9405637.000.000) 03/11 22:57:26 Image size of job updated: 8169256
	5590  -  MemoryUsage of job (MB)
	5723176  -  ResidentSetSize of job (KB)
...
006 (9405637.000.000) 03/11 23:02:27 Image size of job updated: 8230192
	5671  -  MemoryUsage of job (MB)
	5806868  -  ResidentSetSize of job (KB)
...
006 (9405637.000.000) 03/11 23:07:27 Image size of job updated: 8256332
	5671  -  MemoryUsage of job (MB)
	5806868  -  ResidentSetSize of job (KB)
...
006 (9405637.000.000) 03/11 23:12:28 Image size of job updated: 8284960
	6225  -  MemoryUsage of job (MB)
	6373604  -  ResidentSetSize of job (KB)
...
006 (9405637.000.000) 03/11 23:17:29 Image size of job updated: 8446120
	6225  -  MemoryUsage of job (MB)
	6373604  -  ResidentSetSize of job (KB)
...
040 (9405637.000.000) 03/11 23:31:11 Started transferring output files
...
040 (9405637.000.000) 03/11 23:31:11 Finished transferring output files
...
005 (9405637.000.000) 03/11 23:31:11 Job terminated.
	(1) Normal termination (return value 0)
		Usr 0 03:22:35, Sys 0 00:00:56  -  Run Remote Usage
		Usr 0 00:00:00, Sys 0 00:00:00  -  Run Local Usage
		Usr 0 03:22:35, Sys 0 00:00:56  -  Total Remote Usage
		Usr 0 00:00:00, Sys 0 00:00:00  -  Total Local Usage
	25981  -  Run Bytes Sent By Job
	220  -  Run Bytes Received By Job
	25981  -  Total Bytes Sent By Job
	220  -  Total Bytes Received By Job
	Partitionable Resources :    Usage  Request Allocated 
	   Cpus                 :     1.00        1         1 
	   Disk (KB)            :  6588           1   1259979 
	   Memory (MB)          :  6225        2000      2000 

	Job terminated of its own accord at 2024-03-11T22:31:11Z.
...
