000 (9405663.000.000) 03/11 11:55:49 Job submitted from host: <137.138.156.150:9618?addrs=137.138.156.150-9618+[2001-1458-d00-14--9a]-9618&alias=bigbird13.cern.ch&noUDP&sock=schedd_5144_ef43>
...
040 (9405663.000.000) 03/11 20:07:04 Started transferring input files
	Transferring to host: <128.142.58.93:9618?addrs=128.142.58.93-9618&alias=b7s03p3960.cern.ch&noUDP&sock=slot1_7_6933_acf3_68277>
...
040 (9405663.000.000) 03/11 20:07:04 Finished transferring input files
...
001 (9405663.000.000) 03/11 20:07:05 Job executing on host: <128.142.58.93:9618?addrs=128.142.58.93-9618&alias=b7s03p3960.cern.ch&noUDP&sock=startd_6866_1558>
...
006 (9405663.000.000) 03/11 20:07:13 Image size of job updated: 92244
	41  -  MemoryUsage of job (MB)
	41312  -  ResidentSetSize of job (KB)
...
006 (9405663.000.000) 03/11 20:12:13 Image size of job updated: 5028548
	2920  -  MemoryUsage of job (MB)
	2989632  -  ResidentSetSize of job (KB)
...
006 (9405663.000.000) 03/11 20:17:14 Image size of job updated: 5123456
	3004  -  MemoryUsage of job (MB)
	3075600  -  ResidentSetSize of job (KB)
...
006 (9405663.000.000) 03/11 20:22:15 Image size of job updated: 5282876
	3116  -  MemoryUsage of job (MB)
	3190272  -  ResidentSetSize of job (KB)
...
006 (9405663.000.000) 03/11 20:27:15 Image size of job updated: 5349644
	3206  -  MemoryUsage of job (MB)
	3282208  -  ResidentSetSize of job (KB)
...
006 (9405663.000.000) 03/11 20:32:15 Image size of job updated: 5422580
	3304  -  MemoryUsage of job (MB)
	3382824  -  ResidentSetSize of job (KB)
...
006 (9405663.000.000) 03/11 20:37:16 Image size of job updated: 5634636
	3391  -  MemoryUsage of job (MB)
	3471692  -  ResidentSetSize of job (KB)
...
006 (9405663.000.000) 03/11 20:42:17 Image size of job updated: 5698684
	3479  -  MemoryUsage of job (MB)
	3561488  -  ResidentSetSize of job (KB)
...
006 (9405663.000.000) 03/11 20:47:17 Image size of job updated: 5768300
	3572  -  MemoryUsage of job (MB)
	3657352  -  ResidentSetSize of job (KB)
...
006 (9405663.000.000) 03/11 20:52:18 Image size of job updated: 5843060
	3672  -  MemoryUsage of job (MB)
	3759736  -  ResidentSetSize of job (KB)
...
006 (9405663.000.000) 03/11 20:57:19 Image size of job updated: 5918036
	3771  -  MemoryUsage of job (MB)
	3861088  -  ResidentSetSize of job (KB)
...
006 (9405663.000.000) 03/11 21:02:19 Image size of job updated: 5991500
	3867  -  MemoryUsage of job (MB)
	3959468  -  ResidentSetSize of job (KB)
...
006 (9405663.000.000) 03/11 21:07:19 Image size of job updated: 6361688
	3966  -  MemoryUsage of job (MB)
	4060696  -  ResidentSetSize of job (KB)
...
006 (9405663.000.000) 03/11 21:12:20 Image size of job updated: 6429104
	4011  -  MemoryUsage of job (MB)
	4106588  -  ResidentSetSize of job (KB)
...
006 (9405663.000.000) 03/11 21:17:20 Image size of job updated: 6501788
	4011  -  MemoryUsage of job (MB)
	4106588  -  ResidentSetSize of job (KB)
...
006 (9405663.000.000) 03/11 21:22:20 Image size of job updated: 6574980
	4011  -  MemoryUsage of job (MB)
	4106588  -  ResidentSetSize of job (KB)
...
006 (9405663.000.000) 03/11 21:27:21 Image size of job updated: 6646280
	4027  -  MemoryUsage of job (MB)
	4122896  -  ResidentSetSize of job (KB)
...
006 (9405663.000.000) 03/11 21:32:22 Image size of job updated: 6714988
	4115  -  MemoryUsage of job (MB)
	4213368  -  ResidentSetSize of job (KB)
...
006 (9405663.000.000) 03/11 21:37:22 Image size of job updated: 6777740
	4200  -  MemoryUsage of job (MB)
	4300540  -  ResidentSetSize of job (KB)
...
006 (9405663.000.000) 03/11 21:42:22 Image size of job updated: 6843468
	4286  -  MemoryUsage of job (MB)
	4388116  -  ResidentSetSize of job (KB)
...
006 (9405663.000.000) 03/11 21:47:23 Image size of job updated: 6906684
	4372  -  MemoryUsage of job (MB)
	4476436  -  ResidentSetSize of job (KB)
...
006 (9405663.000.000) 03/11 21:52:23 Image size of job updated: 6971504
	4456  -  MemoryUsage of job (MB)
	4562912  -  ResidentSetSize of job (KB)
...
006 (9405663.000.000) 03/11 21:57:23 Image size of job updated: 7035552
	4545  -  MemoryUsage of job (MB)
	4653168  -  ResidentSetSize of job (KB)
...
006 (9405663.000.000) 03/11 22:02:24 Image size of job updated: 7105556
	4634  -  MemoryUsage of job (MB)
	4745036  -  ResidentSetSize of job (KB)
...
006 (9405663.000.000) 03/11 22:07:24 Image size of job updated: 7755872
	4718  -  MemoryUsage of job (MB)
	4830552  -  ResidentSetSize of job (KB)
...
006 (9405663.000.000) 03/11 22:12:24 Image size of job updated: 7821604
	4801  -  MemoryUsage of job (MB)
	4915828  -  ResidentSetSize of job (KB)
...
006 (9405663.000.000) 03/11 22:17:25 Image size of job updated: 7886940
	4882  -  MemoryUsage of job (MB)
	4998412  -  ResidentSetSize of job (KB)
...
006 (9405663.000.000) 03/11 22:22:26 Image size of job updated: 7952668
	4963  -  MemoryUsage of job (MB)
	5081360  -  ResidentSetSize of job (KB)
...
006 (9405663.000.000) 03/11 22:27:26 Image size of job updated: 8018400
	5049  -  MemoryUsage of job (MB)
	5169600  -  ResidentSetSize of job (KB)
...
006 (9405663.000.000) 03/11 22:32:27 Image size of job updated: 8081748
	5130  -  MemoryUsage of job (MB)
	5252940  -  ResidentSetSize of job (KB)
...
006 (9405663.000.000) 03/11 22:37:28 Image size of job updated: 8146436
	5210  -  MemoryUsage of job (MB)
	5334576  -  ResidentSetSize of job (KB)
...
006 (9405663.000.000) 03/11 22:42:28 Image size of job updated: 8209188
	5288  -  MemoryUsage of job (MB)
	5413892  -  ResidentSetSize of job (KB)
...
006 (9405663.000.000) 03/11 22:47:28 Image size of job updated: 8306460
	5288  -  MemoryUsage of job (MB)
	5413892  -  ResidentSetSize of job (KB)
...
006 (9405663.000.000) 03/11 22:57:29 Image size of job updated: 8461028
	5288  -  MemoryUsage of job (MB)
	5413892  -  ResidentSetSize of job (KB)
...
006 (9405663.000.000) 03/11 23:02:29 Image size of job updated: 8461028
	5388  -  MemoryUsage of job (MB)
	5516352  -  ResidentSetSize of job (KB)
...
006 (9405663.000.000) 03/11 23:07:30 Image size of job updated: 8461028
	5764  -  MemoryUsage of job (MB)
	5901880  -  ResidentSetSize of job (KB)
...
040 (9405663.000.000) 03/11 23:11:28 Started transferring output files
...
040 (9405663.000.000) 03/11 23:11:28 Finished transferring output files
...
005 (9405663.000.000) 03/11 23:11:28 Job terminated.
	(1) Normal termination (return value 0)
		Usr 0 03:02:28, Sys 0 00:01:08  -  Run Remote Usage
		Usr 0 00:00:00, Sys 0 00:00:00  -  Run Local Usage
		Usr 0 03:02:28, Sys 0 00:01:08  -  Total Remote Usage
		Usr 0 00:00:00, Sys 0 00:00:00  -  Total Local Usage
	25989  -  Run Bytes Sent By Job
	220  -  Run Bytes Received By Job
	25989  -  Total Bytes Sent By Job
	220  -  Total Bytes Received By Job
	Partitionable Resources :    Usage  Request Allocated 
	   Cpus                 :     1.00        1         1 
	   Disk (KB)            :  5621           1   1120576 
	   Memory (MB)          :  5764        2000      2000 

	Job terminated of its own accord at 2024-03-11T22:11:28Z.
...
