000 (9405640.000.000) 03/11 11:55:20 Job submitted from host: <137.138.156.150:9618?addrs=137.138.156.150-9618+[2001-1458-d00-14--9a]-9618&alias=bigbird13.cern.ch&noUDP&sock=schedd_5144_ef43>
...
040 (9405640.000.000) 03/11 20:06:59 Started transferring input files
	Transferring to host: <128.142.57.14:9618?addrs=128.142.57.14-9618&alias=b7s02p6768.cern.ch&noUDP&sock=slot1_7_33188_b2bf_62734>
...
040 (9405640.000.000) 03/11 20:06:59 Finished transferring input files
...
001 (9405640.000.000) 03/11 20:07:00 Job executing on host: <128.142.57.14:9618?addrs=128.142.57.14-9618&alias=b7s02p6768.cern.ch&noUDP&sock=startd_6874_921a>
...
006 (9405640.000.000) 03/11 20:07:08 Image size of job updated: 125040
	41  -  MemoryUsage of job (MB)
	41788  -  ResidentSetSize of job (KB)
...
006 (9405640.000.000) 03/11 20:12:08 Image size of job updated: 4980924
	2905  -  MemoryUsage of job (MB)
	2974088  -  ResidentSetSize of job (KB)
...
006 (9405640.000.000) 03/11 20:17:09 Image size of job updated: 5098116
	2916  -  MemoryUsage of job (MB)
	2985224  -  ResidentSetSize of job (KB)
...
006 (9405640.000.000) 03/11 20:22:10 Image size of job updated: 5157828
	2995  -  MemoryUsage of job (MB)
	3066844  -  ResidentSetSize of job (KB)
...
006 (9405640.000.000) 03/11 20:27:10 Image size of job updated: 5291588
	3078  -  MemoryUsage of job (MB)
	3150896  -  ResidentSetSize of job (KB)
...
006 (9405640.000.000) 03/11 20:32:11 Image size of job updated: 5350708
	3078  -  MemoryUsage of job (MB)
	3150896  -  ResidentSetSize of job (KB)
...
006 (9405640.000.000) 03/11 20:37:12 Image size of job updated: 5411168
	3078  -  MemoryUsage of job (MB)
	3150896  -  ResidentSetSize of job (KB)
...
006 (9405640.000.000) 03/11 20:42:12 Image size of job updated: 5618560
	3078  -  MemoryUsage of job (MB)
	3150896  -  ResidentSetSize of job (KB)
...
006 (9405640.000.000) 03/11 20:47:12 Image size of job updated: 5679924
	3078  -  MemoryUsage of job (MB)
	3150896  -  ResidentSetSize of job (KB)
...
006 (9405640.000.000) 03/11 20:52:13 Image size of job updated: 5741156
	3082  -  MemoryUsage of job (MB)
	3155660  -  ResidentSetSize of job (KB)
...
006 (9405640.000.000) 03/11 20:57:14 Image size of job updated: 5799712
	3160  -  MemoryUsage of job (MB)
	3235264  -  ResidentSetSize of job (KB)
...
006 (9405640.000.000) 03/11 21:02:14 Image size of job updated: 5857876
	3238  -  MemoryUsage of job (MB)
	3314712  -  ResidentSetSize of job (KB)
...
006 (9405640.000.000) 03/11 21:07:15 Image size of job updated: 5913968
	3320  -  MemoryUsage of job (MB)
	3398696  -  ResidentSetSize of job (KB)
...
006 (9405640.000.000) 03/11 21:12:16 Image size of job updated: 5971832
	3403  -  MemoryUsage of job (MB)
	3484112  -  ResidentSetSize of job (KB)
...
006 (9405640.000.000) 03/11 21:17:16 Image size of job updated: 6325296
	3489  -  MemoryUsage of job (MB)
	3572544  -  ResidentSetSize of job (KB)
...
006 (9405640.000.000) 03/11 21:22:16 Image size of job updated: 6385500
	3578  -  MemoryUsage of job (MB)
	3662852  -  ResidentSetSize of job (KB)
...
006 (9405640.000.000) 03/11 21:27:17 Image size of job updated: 6444308
	3665  -  MemoryUsage of job (MB)
	3752268  -  ResidentSetSize of job (KB)
...
006 (9405640.000.000) 03/11 21:32:18 Image size of job updated: 6503328
	3754  -  MemoryUsage of job (MB)
	3843228  -  ResidentSetSize of job (KB)
...
006 (9405640.000.000) 03/11 21:37:18 Image size of job updated: 6561880
	3840  -  MemoryUsage of job (MB)
	3931412  -  ResidentSetSize of job (KB)
...
006 (9405640.000.000) 03/11 21:42:19 Image size of job updated: 6622116
	3926  -  MemoryUsage of job (MB)
	4019892  -  ResidentSetSize of job (KB)
...
006 (9405640.000.000) 03/11 21:47:20 Image size of job updated: 6684348
	4009  -  MemoryUsage of job (MB)
	4105056  -  ResidentSetSize of job (KB)
...
006 (9405640.000.000) 03/11 21:52:20 Image size of job updated: 6744328
	4095  -  MemoryUsage of job (MB)
	4192936  -  ResidentSetSize of job (KB)
...
006 (9405640.000.000) 03/11 21:57:21 Image size of job updated: 6806688
	4180  -  MemoryUsage of job (MB)
	4279976  -  ResidentSetSize of job (KB)
...
006 (9405640.000.000) 03/11 22:02:22 Image size of job updated: 6863556
	4264  -  MemoryUsage of job (MB)
	4365756  -  ResidentSetSize of job (KB)
...
006 (9405640.000.000) 03/11 22:07:22 Image size of job updated: 6923792
	4349  -  MemoryUsage of job (MB)
	4452508  -  ResidentSetSize of job (KB)
...
006 (9405640.000.000) 03/11 22:12:22 Image size of job updated: 6982736
	4432  -  MemoryUsage of job (MB)
	4537948  -  ResidentSetSize of job (KB)
...
006 (9405640.000.000) 03/11 22:17:23 Image size of job updated: 7043544
	4516  -  MemoryUsage of job (MB)
	4623916  -  ResidentSetSize of job (KB)
...
006 (9405640.000.000) 03/11 22:22:24 Image size of job updated: 7101576
	4598  -  MemoryUsage of job (MB)
	4708252  -  ResidentSetSize of job (KB)
...
006 (9405640.000.000) 03/11 22:27:24 Image size of job updated: 7749564
	4677  -  MemoryUsage of job (MB)
	4788716  -  ResidentSetSize of job (KB)
...
006 (9405640.000.000) 03/11 22:32:25 Image size of job updated: 7808248
	4756  -  MemoryUsage of job (MB)
	4869988  -  ResidentSetSize of job (KB)
...
006 (9405640.000.000) 03/11 22:37:26 Image size of job updated: 7869568
	4836  -  MemoryUsage of job (MB)
	4951788  -  ResidentSetSize of job (KB)
...
006 (9405640.000.000) 03/11 22:42:26 Image size of job updated: 7925528
	4913  -  MemoryUsage of job (MB)
	5030908  -  ResidentSetSize of job (KB)
...
006 (9405640.000.000) 03/11 22:47:26 Image size of job updated: 7984080
	4991  -  MemoryUsage of job (MB)
	5110408  -  ResidentSetSize of job (KB)
...
006 (9405640.000.000) 03/11 22:52:27 Image size of job updated: 8043152
	5071  -  MemoryUsage of job (MB)
	5191712  -  ResidentSetSize of job (KB)
...
006 (9405640.000.000) 03/11 22:57:27 Image size of job updated: 8102480
	5150  -  MemoryUsage of job (MB)
	5273028  -  ResidentSetSize of job (KB)
...
006 (9405640.000.000) 03/11 23:02:27 Image size of job updated: 8167824
	5236  -  MemoryUsage of job (MB)
	5361104  -  ResidentSetSize of job (KB)
...
006 (9405640.000.000) 03/11 23:07:28 Image size of job updated: 8232000
	5321  -  MemoryUsage of job (MB)
	5448128  -  ResidentSetSize of job (KB)
...
006 (9405640.000.000) 03/11 23:12:29 Image size of job updated: 8301288
	5321  -  MemoryUsage of job (MB)
	5448128  -  ResidentSetSize of job (KB)
...
006 (9405640.000.000) 03/11 23:17:29 Image size of job updated: 8319820
	5933  -  MemoryUsage of job (MB)
	6074504  -  ResidentSetSize of job (KB)
...
006 (9405640.000.000) 03/11 23:22:30 Image size of job updated: 8446188
	5933  -  MemoryUsage of job (MB)
	6074504  -  ResidentSetSize of job (KB)
...
040 (9405640.000.000) 03/11 23:36:03 Started transferring output files
...
040 (9405640.000.000) 03/11 23:36:03 Finished transferring output files
...
005 (9405640.000.000) 03/11 23:36:03 Job terminated.
	(1) Normal termination (return value 0)
		Usr 0 03:27:23, Sys 0 00:00:48  -  Run Remote Usage
		Usr 0 00:00:00, Sys 0 00:00:00  -  Run Local Usage
		Usr 0 03:27:23, Sys 0 00:00:48  -  Total Remote Usage
		Usr 0 00:00:00, Sys 0 00:00:00  -  Total Local Usage
	25969  -  Run Bytes Sent By Job
	222  -  Run Bytes Received By Job
	25969  -  Total Bytes Sent By Job
	222  -  Total Bytes Received By Job
	Partitionable Resources :    Usage  Request Allocated 
	   Cpus                 :     1.00        1         1 
	   Disk (KB)            :  6404           1   2710190 
	   Memory (MB)          :  5933        2000      2000 

	Job terminated of its own accord at 2024-03-11T22:36:03Z.
...
