000 (9405675.000.000) 03/11 11:56:02 Job submitted from host: <137.138.156.150:9618?addrs=137.138.156.150-9618+[2001-1458-d00-14--9a]-9618&alias=bigbird13.cern.ch&noUDP&sock=schedd_5144_ef43>
...
040 (9405675.000.000) 03/11 20:07:06 Started transferring input files
	Transferring to host: <128.142.56.100:9618?addrs=128.142.56.100-9618&alias=b7s01p9274.cern.ch&noUDP&sock=slot1_37_6984_9c15_69530>
...
040 (9405675.000.000) 03/11 20:07:06 Finished transferring input files
...
001 (9405675.000.000) 03/11 20:07:07 Job executing on host: <128.142.56.100:9618?addrs=128.142.56.100-9618&alias=b7s01p9274.cern.ch&noUDP&sock=startd_6937_c892>
...
006 (9405675.000.000) 03/11 20:07:16 Image size of job updated: 504748
	47  -  MemoryUsage of job (MB)
	47108  -  ResidentSetSize of job (KB)
...
006 (9405675.000.000) 03/11 20:12:17 Image size of job updated: 5157676
	2918  -  MemoryUsage of job (MB)
	2987876  -  ResidentSetSize of job (KB)
...
006 (9405675.000.000) 03/11 20:17:18 Image size of job updated: 5248856
	3001  -  MemoryUsage of job (MB)
	3072472  -  ResidentSetSize of job (KB)
...
006 (9405675.000.000) 03/11 20:22:18 Image size of job updated: 5410084
	3110  -  MemoryUsage of job (MB)
	3184292  -  ResidentSetSize of job (KB)
...
006 (9405675.000.000) 03/11 20:27:19 Image size of job updated: 5464868
	3189  -  MemoryUsage of job (MB)
	3264916  -  ResidentSetSize of job (KB)
...
006 (9405675.000.000) 03/11 20:32:20 Image size of job updated: 5535880
	3282  -  MemoryUsage of job (MB)
	3360384  -  ResidentSetSize of job (KB)
...
006 (9405675.000.000) 03/11 20:37:20 Image size of job updated: 5753728
	3376  -  MemoryUsage of job (MB)
	3456088  -  ResidentSetSize of job (KB)
...
006 (9405675.000.000) 03/11 20:42:20 Image size of job updated: 5825508
	3471  -  MemoryUsage of job (MB)
	3553364  -  ResidentSetSize of job (KB)
...
006 (9405675.000.000) 03/11 20:47:21 Image size of job updated: 5896896
	3564  -  MemoryUsage of job (MB)
	3649456  -  ResidentSetSize of job (KB)
...
006 (9405675.000.000) 03/11 20:52:21 Image size of job updated: 5963924
	3564  -  MemoryUsage of job (MB)
	3649468  -  ResidentSetSize of job (KB)
...
006 (9405675.000.000) 03/11 20:57:21 Image size of job updated: 6033540
	3564  -  MemoryUsage of job (MB)
	3649468  -  ResidentSetSize of job (KB)
...
006 (9405675.000.000) 03/11 21:02:22 Image size of job updated: 6109684
	3564  -  MemoryUsage of job (MB)
	3649468  -  ResidentSetSize of job (KB)
...
006 (9405675.000.000) 03/11 21:07:23 Image size of job updated: 6477800
	3564  -  MemoryUsage of job (MB)
	3649468  -  ResidentSetSize of job (KB)
...
006 (9405675.000.000) 03/11 21:12:23 Image size of job updated: 6545472
	3564  -  MemoryUsage of job (MB)
	3649468  -  ResidentSetSize of job (KB)
...
006 (9405675.000.000) 03/11 21:17:24 Image size of job updated: 6608652
	3564  -  MemoryUsage of job (MB)
	3649468  -  ResidentSetSize of job (KB)
...
006 (9405675.000.000) 03/11 21:22:25 Image size of job updated: 6677644
	3564  -  MemoryUsage of job (MB)
	3649468  -  ResidentSetSize of job (KB)
...
006 (9405675.000.000) 03/11 21:27:25 Image size of job updated: 6741948
	3564  -  MemoryUsage of job (MB)
	3649468  -  ResidentSetSize of job (KB)
...
006 (9405675.000.000) 03/11 21:32:26 Image size of job updated: 6810268
	3564  -  MemoryUsage of job (MB)
	3649468  -  ResidentSetSize of job (KB)
...
006 (9405675.000.000) 03/11 21:37:27 Image size of job updated: 6878200
	3564  -  MemoryUsage of job (MB)
	3649468  -  ResidentSetSize of job (KB)
...
006 (9405675.000.000) 03/11 21:42:29 Image size of job updated: 6943024
	3564  -  MemoryUsage of job (MB)
	3649468  -  ResidentSetSize of job (KB)
...
006 (9405675.000.000) 03/11 21:47:27 Image size of job updated: 7003392
	3564  -  MemoryUsage of job (MB)
	3649468  -  ResidentSetSize of job (KB)
...
006 (9405675.000.000) 03/11 21:52:27 Image size of job updated: 7067304
	3564  -  MemoryUsage of job (MB)
	3649468  -  ResidentSetSize of job (KB)
...
006 (9405675.000.000) 03/11 21:57:27 Image size of job updated: 7126244
	3564  -  MemoryUsage of job (MB)
	3649468  -  ResidentSetSize of job (KB)
...
006 (9405675.000.000) 03/11 22:02:28 Image size of job updated: 7192496
	3564  -  MemoryUsage of job (MB)
	3649468  -  ResidentSetSize of job (KB)
...
006 (9405675.000.000) 03/11 22:07:29 Image size of job updated: 7851284
	3564  -  MemoryUsage of job (MB)
	3649468  -  ResidentSetSize of job (KB)
...
006 (9405675.000.000) 03/11 22:12:29 Image size of job updated: 7922636
	3564  -  MemoryUsage of job (MB)
	3649468  -  ResidentSetSize of job (KB)
...
006 (9405675.000.000) 03/11 22:17:30 Image size of job updated: 7997428
	3564  -  MemoryUsage of job (MB)
	3649468  -  ResidentSetSize of job (KB)
...
006 (9405675.000.000) 03/11 22:22:31 Image size of job updated: 8075000
	3564  -  MemoryUsage of job (MB)
	3649468  -  ResidentSetSize of job (KB)
...
006 (9405675.000.000) 03/11 22:27:31 Image size of job updated: 8151404
	3564  -  MemoryUsage of job (MB)
	3649468  -  ResidentSetSize of job (KB)
...
006 (9405675.000.000) 03/11 22:32:31 Image size of job updated: 8228456
	3617  -  MemoryUsage of job (MB)
	3703112  -  ResidentSetSize of job (KB)
...
006 (9405675.000.000) 03/11 22:37:32 Image size of job updated: 8305504
	3797  -  MemoryUsage of job (MB)
	3887368  -  ResidentSetSize of job (KB)
...
006 (9405675.000.000) 03/11 22:42:32 Image size of job updated: 8380432
	3968  -  MemoryUsage of job (MB)
	4062748  -  ResidentSetSize of job (KB)
...
006 (9405675.000.000) 03/11 22:47:32 Image size of job updated: 8435560
	5057  -  MemoryUsage of job (MB)
	5177388  -  ResidentSetSize of job (KB)
...
006 (9405675.000.000) 03/11 22:52:33 Image size of job updated: 8616620
	5057  -  MemoryUsage of job (MB)
	5177388  -  ResidentSetSize of job (KB)
...
006 (9405675.000.000) 03/11 22:57:34 Image size of job updated: 8616620
	5537  -  MemoryUsage of job (MB)
	5669720  -  ResidentSetSize of job (KB)
...
040 (9405675.000.000) 03/11 23:00:02 Started transferring output files
...
040 (9405675.000.000) 03/11 23:00:02 Finished transferring output files
...
005 (9405675.000.000) 03/11 23:00:02 Job terminated.
	(1) Normal termination (return value 0)
		Usr 0 02:47:05, Sys 0 00:01:19  -  Run Remote Usage
		Usr 0 00:00:00, Sys 0 00:00:00  -  Run Local Usage
		Usr 0 02:47:05, Sys 0 00:01:19  -  Total Remote Usage
		Usr 0 00:00:00, Sys 0 00:00:00  -  Total Local Usage
	25972  -  Run Bytes Sent By Job
	220  -  Run Bytes Received By Job
	25972  -  Total Bytes Sent By Job
	220  -  Total Bytes Received By Job
	Partitionable Resources :    Usage  Request Allocated 
	   Cpus                 :     1.00        1         1 
	   Disk (KB)            :  1172           1   1105477 
	   Memory (MB)          :  5537        2000      2000 

	Job terminated of its own accord at 2024-03-11T22:00:01Z.
...
