000 (9405628.000.000) 03/11 11:55:09 Job submitted from host: <137.138.156.150:9618?addrs=137.138.156.150-9618+[2001-1458-d00-14--9a]-9618&alias=bigbird13.cern.ch&noUDP&sock=schedd_5144_ef43>
...
040 (9405628.000.000) 03/11 20:06:56 Started transferring input files
	Transferring to host: <128.142.58.96:9618?addrs=128.142.58.96-9618&alias=b7s03p6695.cern.ch&noUDP&sock=slot1_24_7605_290e_83063>
...
040 (9405628.000.000) 03/11 20:06:56 Finished transferring input files
...
001 (9405628.000.000) 03/11 20:06:57 Job executing on host: <128.142.58.96:9618?addrs=128.142.58.96-9618&alias=b7s03p6695.cern.ch&noUDP&sock=startd_7541_13c6>
...
006 (9405628.000.000) 03/11 20:07:06 Image size of job updated: 146736
	50  -  MemoryUsage of job (MB)
	50560  -  ResidentSetSize of job (KB)
...
006 (9405628.000.000) 03/11 20:12:07 Image size of job updated: 5094028
	2922  -  MemoryUsage of job (MB)
	2991240  -  ResidentSetSize of job (KB)
...
006 (9405628.000.000) 03/11 20:17:08 Image size of job updated: 5191044
	3008  -  MemoryUsage of job (MB)
	3080152  -  ResidentSetSize of job (KB)
...
006 (9405628.000.000) 03/11 20:22:08 Image size of job updated: 5353144
	3121  -  MemoryUsage of job (MB)
	3195728  -  ResidentSetSize of job (KB)
...
006 (9405628.000.000) 03/11 20:27:08 Image size of job updated: 5422912
	3218  -  MemoryUsage of job (MB)
	3294640  -  ResidentSetSize of job (KB)
...
006 (9405628.000.000) 03/11 20:32:09 Image size of job updated: 5502548
	3324  -  MemoryUsage of job (MB)
	3403120  -  ResidentSetSize of job (KB)
...
006 (9405628.000.000) 03/11 20:37:10 Image size of job updated: 5728352
	3428  -  MemoryUsage of job (MB)
	3509864  -  ResidentSetSize of job (KB)
...
006 (9405628.000.000) 03/11 20:42:10 Image size of job updated: 5801424
	3529  -  MemoryUsage of job (MB)
	3612968  -  ResidentSetSize of job (KB)
...
006 (9405628.000.000) 03/11 20:47:10 Image size of job updated: 5872296
	3622  -  MemoryUsage of job (MB)
	3708520  -  ResidentSetSize of job (KB)
...
006 (9405628.000.000) 03/11 20:52:11 Image size of job updated: 5941912
	3714  -  MemoryUsage of job (MB)
	3802992  -  ResidentSetSize of job (KB)
...
006 (9405628.000.000) 03/11 20:57:11 Image size of job updated: 6009328
	3803  -  MemoryUsage of job (MB)
	3894032  -  ResidentSetSize of job (KB)
...
006 (9405628.000.000) 03/11 21:02:11 Image size of job updated: 6374332
	3896  -  MemoryUsage of job (MB)
	3988660  -  ResidentSetSize of job (KB)
...
006 (9405628.000.000) 03/11 21:07:12 Image size of job updated: 6444336
	3990  -  MemoryUsage of job (MB)
	4085092  -  ResidentSetSize of job (KB)
...
006 (9405628.000.000) 03/11 21:12:12 Image size of job updated: 6512140
	4073  -  MemoryUsage of job (MB)
	4170644  -  ResidentSetSize of job (KB)
...
006 (9405628.000.000) 03/11 21:17:13 Image size of job updated: 6582480
	4160  -  MemoryUsage of job (MB)
	4258904  -  ResidentSetSize of job (KB)
...
006 (9405628.000.000) 03/11 21:22:14 Image size of job updated: 6651580
	4160  -  MemoryUsage of job (MB)
	4258908  -  ResidentSetSize of job (KB)
...
006 (9405628.000.000) 03/11 21:27:14 Image size of job updated: 6719380
	4160  -  MemoryUsage of job (MB)
	4258908  -  ResidentSetSize of job (KB)
...
006 (9405628.000.000) 03/11 21:32:14 Image size of job updated: 6784976
	4160  -  MemoryUsage of job (MB)
	4258908  -  ResidentSetSize of job (KB)
...
006 (9405628.000.000) 03/11 21:37:15 Image size of job updated: 6849492
	4160  -  MemoryUsage of job (MB)
	4258908  -  ResidentSetSize of job (KB)
...
006 (9405628.000.000) 03/11 21:42:16 Image size of job updated: 6913280
	4160  -  MemoryUsage of job (MB)
	4258908  -  ResidentSetSize of job (KB)
...
006 (9405628.000.000) 03/11 21:47:16 Image size of job updated: 6980304
	4160  -  MemoryUsage of job (MB)
	4258908  -  ResidentSetSize of job (KB)
...
006 (9405628.000.000) 03/11 21:52:17 Image size of job updated: 7046680
	4160  -  MemoryUsage of job (MB)
	4258908  -  ResidentSetSize of job (KB)
...
006 (9405628.000.000) 03/11 21:57:18 Image size of job updated: 7113316
	4160  -  MemoryUsage of job (MB)
	4258908  -  ResidentSetSize of job (KB)
...
006 (9405628.000.000) 03/11 22:02:18 Image size of job updated: 7178656
	4160  -  MemoryUsage of job (MB)
	4258908  -  ResidentSetSize of job (KB)
...
006 (9405628.000.000) 03/11 22:07:18 Image size of job updated: 7838356
	4160  -  MemoryUsage of job (MB)
	4258908  -  ResidentSetSize of job (KB)
...
006 (9405628.000.000) 03/11 22:12:19 Image size of job updated: 7905816
	4160  -  MemoryUsage of job (MB)
	4258908  -  ResidentSetSize of job (KB)
...
006 (9405628.000.000) 03/11 22:17:20 Image size of job updated: 7973956
	4160  -  MemoryUsage of job (MB)
	4258908  -  ResidentSetSize of job (KB)
...
006 (9405628.000.000) 03/11 22:22:20 Image size of job updated: 8043184
	4212  -  MemoryUsage of job (MB)
	4312776  -  ResidentSetSize of job (KB)
...
006 (9405628.000.000) 03/11 22:27:20 Image size of job updated: 8113448
	4333  -  MemoryUsage of job (MB)
	4436840  -  ResidentSetSize of job (KB)
...
006 (9405628.000.000) 03/11 22:32:21 Image size of job updated: 8185444
	4447  -  MemoryUsage of job (MB)
	4552872  -  ResidentSetSize of job (KB)
...
006 (9405628.000.000) 03/11 22:37:21 Image size of job updated: 8256356
	4547  -  MemoryUsage of job (MB)
	4655932  -  ResidentSetSize of job (KB)
...
006 (9405628.000.000) 03/11 22:42:21 Image size of job updated: 8371204
	4547  -  MemoryUsage of job (MB)
	4655936  -  ResidentSetSize of job (KB)
...
006 (9405628.000.000) 03/11 22:47:23 Image size of job updated: 8371204
	5616  -  MemoryUsage of job (MB)
	5750012  -  ResidentSetSize of job (KB)
...
006 (9405628.000.000) 03/11 22:52:23 Image size of job updated: 8517964
	5616  -  MemoryUsage of job (MB)
	5750012  -  ResidentSetSize of job (KB)
...
040 (9405628.000.000) 03/11 23:01:55 Started transferring output files
...
040 (9405628.000.000) 03/11 23:01:55 Finished transferring output files
...
005 (9405628.000.000) 03/11 23:01:55 Job terminated.
	(1) Normal termination (return value 0)
		Usr 0 02:53:01, Sys 0 00:00:46  -  Run Remote Usage
		Usr 0 00:00:00, Sys 0 00:00:00  -  Run Local Usage
		Usr 0 02:53:01, Sys 0 00:00:46  -  Total Remote Usage
		Usr 0 00:00:00, Sys 0 00:00:00  -  Total Local Usage
	25964  -  Run Bytes Sent By Job
	222  -  Run Bytes Received By Job
	25964  -  Total Bytes Sent By Job
	222  -  Total Bytes Received By Job
	Partitionable Resources :    Usage  Request Allocated 
	   Cpus                 :     1.00        1         1 
	   Disk (KB)            :   671           1   1284803 
	   Memory (MB)          :  5616        2000      2000 

	Job terminated of its own accord at 2024-03-11T22:01:55Z.
...
