000 (9405683.000.000) 03/11 11:56:12 Job submitted from host: <137.138.156.150:9618?addrs=137.138.156.150-9618+[2001-1458-d00-14--9a]-9618&alias=bigbird13.cern.ch&noUDP&sock=schedd_5144_ef43>
...
040 (9405683.000.000) 03/11 20:07:07 Started transferring input files
	Transferring to host: <128.142.58.132:9618?addrs=128.142.58.132-9618&alias=b7s03p1352.cern.ch&noUDP&sock=slot1_34_6905_f272_69702>
...
040 (9405683.000.000) 03/11 20:07:07 Finished transferring input files
...
001 (9405683.000.000) 03/11 20:07:08 Job executing on host: <128.142.58.132:9618?addrs=128.142.58.132-9618&alias=b7s03p1352.cern.ch&noUDP&sock=startd_6840_3fe2>
...
006 (9405683.000.000) 03/11 20:07:17 Image size of job updated: 77244
	33  -  MemoryUsage of job (MB)
	33652  -  ResidentSetSize of job (KB)
...
006 (9405683.000.000) 03/11 20:07:33 Image size of job updated: 917952
	33  -  MemoryUsage of job (MB)
	33652  -  ResidentSetSize of job (KB)
...
040 (9405683.000.000) 03/11 20:07:33 Started transferring output files
...
040 (9405683.000.000) 03/11 20:07:33 Finished transferring output files
...
005 (9405683.000.000) 03/11 20:07:33 Job terminated.
	(1) Normal termination (return value 0)
		Usr 0 00:00:04, Sys 0 00:00:01  -  Run Remote Usage
		Usr 0 00:00:00, Sys 0 00:00:00  -  Run Local Usage
		Usr 0 00:00:04, Sys 0 00:00:01  -  Total Remote Usage
		Usr 0 00:00:00, Sys 0 00:00:00  -  Total Local Usage
	24262  -  Run Bytes Sent By Job
	222  -  Run Bytes Received By Job
	24262  -  Total Bytes Sent By Job
	222  -  Total Bytes Received By Job
	Partitionable Resources :    Usage  Request Allocated 
	   Cpus                 :     0.14        1         1 
	   Disk (KB)            :    44           1   1002668 
	   Memory (MB)          :    33        2000      2000 

	Job terminated of its own accord at 2024-03-11T19:07:33Z.
...
