000 (9405679.000.000) 03/11 11:56:07 Job submitted from host: <137.138.156.150:9618?addrs=137.138.156.150-9618+[2001-1458-d00-14--9a]-9618&alias=bigbird13.cern.ch&noUDP&sock=schedd_5144_ef43>
...
040 (9405679.000.000) 03/11 20:07:06 Started transferring input files
	Transferring to host: <128.142.58.164:9618?addrs=128.142.58.164-9618&alias=b7s03p1304.cern.ch&noUDP&sock=slot1_23_6903_89b2_69162>
...
040 (9405679.000.000) 03/11 20:07:06 Finished transferring input files
...
001 (9405679.000.000) 03/11 20:07:07 Job executing on host: <128.142.58.164:9618?addrs=128.142.58.164-9618&alias=b7s03p1304.cern.ch&noUDP&sock=startd_6853_2a9d>
...
006 (9405679.000.000) 03/11 20:07:16 Image size of job updated: 92292
	41  -  MemoryUsage of job (MB)
	41176  -  ResidentSetSize of job (KB)
...
006 (9405679.000.000) 03/11 20:12:17 Image size of job updated: 5024968
	2915  -  MemoryUsage of job (MB)
	2984144  -  ResidentSetSize of job (KB)
...
006 (9405679.000.000) 03/11 20:17:18 Image size of job updated: 5103732
	2979  -  MemoryUsage of job (MB)
	3050204  -  ResidentSetSize of job (KB)
...
006 (9405679.000.000) 03/11 20:22:18 Image size of job updated: 5164712
	3061  -  MemoryUsage of job (MB)
	3134100  -  ResidentSetSize of job (KB)
...
006 (9405679.000.000) 03/11 20:27:18 Image size of job updated: 5300584
	3143  -  MemoryUsage of job (MB)
	3218256  -  ResidentSetSize of job (KB)
...
006 (9405679.000.000) 03/11 20:32:19 Image size of job updated: 5365028
	3228  -  MemoryUsage of job (MB)
	3305276  -  ResidentSetSize of job (KB)
...
006 (9405679.000.000) 03/11 20:37:20 Image size of job updated: 5428852
	3314  -  MemoryUsage of job (MB)
	3392852  -  ResidentSetSize of job (KB)
...
006 (9405679.000.000) 03/11 20:42:20 Image size of job updated: 5641520
	3399  -  MemoryUsage of job (MB)
	3480352  -  ResidentSetSize of job (KB)
...
006 (9405679.000.000) 03/11 20:47:21 Image size of job updated: 5706252
	3486  -  MemoryUsage of job (MB)
	3569296  -  ResidentSetSize of job (KB)
...
006 (9405679.000.000) 03/11 20:52:22 Image size of job updated: 5769168
	3570  -  MemoryUsage of job (MB)
	3655196  -  ResidentSetSize of job (KB)
...
006 (9405679.000.000) 03/11 20:57:22 Image size of job updated: 5830664
	3652  -  MemoryUsage of job (MB)
	3739096  -  ResidentSetSize of job (KB)
...
006 (9405679.000.000) 03/11 21:02:22 Image size of job updated: 5894192
	3739  -  MemoryUsage of job (MB)
	3828704  -  ResidentSetSize of job (KB)
...
006 (9405679.000.000) 03/11 21:07:23 Image size of job updated: 5962380
	3739  -  MemoryUsage of job (MB)
	3828704  -  ResidentSetSize of job (KB)
...
006 (9405679.000.000) 03/11 21:12:24 Image size of job updated: 6324320
	3739  -  MemoryUsage of job (MB)
	3828704  -  ResidentSetSize of job (KB)
...
006 (9405679.000.000) 03/11 21:17:24 Image size of job updated: 6392120
	3739  -  MemoryUsage of job (MB)
	3828704  -  ResidentSetSize of job (KB)
...
006 (9405679.000.000) 03/11 21:22:24 Image size of job updated: 6453484
	3739  -  MemoryUsage of job (MB)
	3828704  -  ResidentSetSize of job (KB)
...
006 (9405679.000.000) 03/11 21:27:25 Image size of job updated: 6518200
	3739  -  MemoryUsage of job (MB)
	3828704  -  ResidentSetSize of job (KB)
...
006 (9405679.000.000) 03/11 21:32:25 Image size of job updated: 6584064
	3739  -  MemoryUsage of job (MB)
	3828704  -  ResidentSetSize of job (KB)
...
006 (9405679.000.000) 03/11 21:37:25 Image size of job updated: 6648576
	3739  -  MemoryUsage of job (MB)
	3828704  -  ResidentSetSize of job (KB)
...
006 (9405679.000.000) 03/11 21:42:26 Image size of job updated: 6711324
	3739  -  MemoryUsage of job (MB)
	3828704  -  ResidentSetSize of job (KB)
...
006 (9405679.000.000) 03/11 21:47:27 Image size of job updated: 6770396
	3739  -  MemoryUsage of job (MB)
	3828704  -  ResidentSetSize of job (KB)
...
006 (9405679.000.000) 03/11 21:52:27 Image size of job updated: 6834312
	3739  -  MemoryUsage of job (MB)
	3828704  -  ResidentSetSize of job (KB)
...
006 (9405679.000.000) 03/11 21:57:28 Image size of job updated: 6894548
	3739  -  MemoryUsage of job (MB)
	3828704  -  ResidentSetSize of job (KB)
...
006 (9405679.000.000) 03/11 22:02:29 Image size of job updated: 6957816
	3739  -  MemoryUsage of job (MB)
	3828704  -  ResidentSetSize of job (KB)
...
006 (9405679.000.000) 03/11 22:07:29 Image size of job updated: 7018440
	3739  -  MemoryUsage of job (MB)
	3828704  -  ResidentSetSize of job (KB)
...
006 (9405679.000.000) 03/11 22:12:30 Image size of job updated: 7082100
	3739  -  MemoryUsage of job (MB)
	3828704  -  ResidentSetSize of job (KB)
...
006 (9405679.000.000) 03/11 22:17:31 Image size of job updated: 7739980
	3739  -  MemoryUsage of job (MB)
	3828704  -  ResidentSetSize of job (KB)
...
006 (9405679.000.000) 03/11 22:22:31 Image size of job updated: 7805064
	3739  -  MemoryUsage of job (MB)
	3828704  -  ResidentSetSize of job (KB)
...
006 (9405679.000.000) 03/11 22:27:31 Image size of job updated: 7870660
	3739  -  MemoryUsage of job (MB)
	3828704  -  ResidentSetSize of job (KB)
...
006 (9405679.000.000) 03/11 22:32:32 Image size of job updated: 7934396
	3849  -  MemoryUsage of job (MB)
	3940844  -  ResidentSetSize of job (KB)
...
006 (9405679.000.000) 03/11 22:37:32 Image size of job updated: 8002584
	3970  -  MemoryUsage of job (MB)
	4065172  -  ResidentSetSize of job (KB)
...
006 (9405679.000.000) 03/11 22:42:32 Image size of job updated: 8073676
	4089  -  MemoryUsage of job (MB)
	4186808  -  ResidentSetSize of job (KB)
...
006 (9405679.000.000) 03/11 22:47:33 Image size of job updated: 8141476
	4203  -  MemoryUsage of job (MB)
	4303752  -  ResidentSetSize of job (KB)
...
006 (9405679.000.000) 03/11 22:52:34 Image size of job updated: 8211484
	4325  -  MemoryUsage of job (MB)
	4428048  -  ResidentSetSize of job (KB)
...
006 (9405679.000.000) 03/11 22:57:34 Image size of job updated: 8393908
	4325  -  MemoryUsage of job (MB)
	4428048  -  ResidentSetSize of job (KB)
...
006 (9405679.000.000) 03/11 23:02:35 Image size of job updated: 8393908
	5705  -  MemoryUsage of job (MB)
	5840932  -  ResidentSetSize of job (KB)
...
006 (9405679.000.000) 03/11 23:07:36 Image size of job updated: 8450548
	5705  -  MemoryUsage of job (MB)
	5840932  -  ResidentSetSize of job (KB)
...
040 (9405679.000.000) 03/11 23:16:26 Started transferring output files
...
040 (9405679.000.000) 03/11 23:16:26 Finished transferring output files
...
005 (9405679.000.000) 03/11 23:16:26 Job terminated.
	(1) Normal termination (return value 0)
		Usr 0 03:05:16, Sys 0 00:01:38  -  Run Remote Usage
		Usr 0 00:00:00, Sys 0 00:00:00  -  Run Local Usage
		Usr 0 03:05:16, Sys 0 00:01:38  -  Total Remote Usage
		Usr 0 00:00:00, Sys 0 00:00:00  -  Total Local Usage
	25988  -  Run Bytes Sent By Job
	222  -  Run Bytes Received By Job
	25988  -  Total Bytes Sent By Job
	222  -  Total Bytes Received By Job
	Partitionable Resources :    Usage  Request Allocated 
	   Cpus                 :     1.00        1         1 
	   Disk (KB)            :   512           1   1124966 
	   Memory (MB)          :  5705        2000      2000 

	Job terminated of its own accord at 2024-03-11T22:16:26Z.
...
