000 (9868240.000.000) 05/19 18:03:34 Job submitted from host: <137.138.156.150:9618?addrs=137.138.156.150-9618+[2001-1458-d00-14--9a]-9618&alias=bigbird13.cern.ch&noUDP&sock=schedd_25162_9e1a>
...
040 (9868240.000.000) 05/19 19:03:05 Started transferring input files
	Transferring to host: <128.142.63.24:9618?addrs=128.142.63.24-9618+[2001-1458-301-38--100-15]-9618&alias=b9s08p9345.cern.ch&noUDP&sock=slot1_17_180701_f38d_132902>
...
040 (9868240.000.000) 05/19 19:03:05 Finished transferring input files
...
001 (9868240.000.000) 05/19 19:03:06 Job executing on host: <128.142.63.24:9618?addrs=128.142.63.24-9618+[2001-1458-301-38--100-15]-9618&alias=b9s08p9345.cern.ch&noUDP&sock=startd_180661_ff6b>
	SlotName: slot1_17@b9s08p9345.cern.ch
	CondorScratchDir = "/pool/condor/dir_1305706"
	Cpus = 1
	Disk = 2740273
	Memory = 2000
...
006 (9868240.000.000) 05/19 19:03:15 Image size of job updated: 27580
	27  -  MemoryUsage of job (MB)
	27580  -  ResidentSetSize of job (KB)
...
006 (9868240.000.000) 05/19 19:08:16 Image size of job updated: 2761072
	2695  -  MemoryUsage of job (MB)
	2758772  -  ResidentSetSize of job (KB)
...
006 (9868240.000.000) 05/19 19:13:16 Image size of job updated: 7132668
	6965  -  MemoryUsage of job (MB)
	7131816  -  ResidentSetSize of job (KB)
...
006 (9868240.000.000) 05/19 19:18:16 Image size of job updated: 11410168
	11142  -  MemoryUsage of job (MB)
	11408448  -  ResidentSetSize of job (KB)
...
006 (9868240.000.000) 05/19 19:23:17 Image size of job updated: 15660280
	15290  -  MemoryUsage of job (MB)
	15656576  -  ResidentSetSize of job (KB)
...
006 (9868240.000.000) 05/19 19:28:17 Image size of job updated: 20019056
	19548  -  MemoryUsage of job (MB)
	20016608  -  ResidentSetSize of job (KB)
...
006 (9868240.000.000) 05/19 19:33:17 Image size of job updated: 24269856
	23696  -  MemoryUsage of job (MB)
	24263744  -  ResidentSetSize of job (KB)
...
006 (9868240.000.000) 05/19 19:38:18 Image size of job updated: 28707608
	28034  -  MemoryUsage of job (MB)
	28705836  -  ResidentSetSize of job (KB)
...
006 (9868240.000.000) 05/19 19:43:19 Image size of job updated: 29916792
	29162  -  MemoryUsage of job (MB)
	29861264  -  ResidentSetSize of job (KB)
...
006 (9868240.000.000) 05/19 19:48:19 Image size of job updated: 33020624
	32246  -  MemoryUsage of job (MB)
	33019836  -  ResidentSetSize of job (KB)
...
006 (9868240.000.000) 05/19 19:53:20 Image size of job updated: 37148196
	36275  -  MemoryUsage of job (MB)
	37144820  -  ResidentSetSize of job (KB)
...
006 (9868240.000.000) 05/19 19:58:21 Image size of job updated: 37322740
	36275  -  MemoryUsage of job (MB)
	37144820  -  ResidentSetSize of job (KB)
...
006 (9868240.000.000) 05/19 20:03:21 Image size of job updated: 39779540
	38845  -  MemoryUsage of job (MB)
	39776844  -  ResidentSetSize of job (KB)
...
006 (9868240.000.000) 05/19 20:08:21 Image size of job updated: 40519512
	38845  -  MemoryUsage of job (MB)
	39776844  -  ResidentSetSize of job (KB)
...
006 (9868240.000.000) 05/19 20:38:24 Image size of job updated: 42649944
	41649  -  MemoryUsage of job (MB)
	42648464  -  ResidentSetSize of job (KB)
...
006 (9868240.000.000) 05/19 20:43:24 Image size of job updated: 46770428
	45674  -  MemoryUsage of job (MB)
	46769220  -  ResidentSetSize of job (KB)
...
006 (9868240.000.000) 05/19 20:48:25 Image size of job updated: 51264488
	50054  -  MemoryUsage of job (MB)
	51255080  -  ResidentSetSize of job (KB)
...
006 (9868240.000.000) 05/19 20:53:25 Image size of job updated: 52469360
	50054  -  MemoryUsage of job (MB)
	51255080  -  ResidentSetSize of job (KB)
...
006 (9868240.000.000) 05/19 21:03:26 Image size of job updated: 53024848
	50991  -  MemoryUsage of job (MB)
	52214624  -  ResidentSetSize of job (KB)
...
006 (9868240.000.000) 05/19 21:08:27 Image size of job updated: 55872732
	54561  -  MemoryUsage of job (MB)
	55870292  -  ResidentSetSize of job (KB)
...
006 (9868240.000.000) 05/19 21:13:27 Image size of job updated: 55907944
	54562  -  MemoryUsage of job (MB)
	55870544  -  ResidentSetSize of job (KB)
...
006 (9868240.000.000) 05/19 21:18:28 Image size of job updated: 56443292
	55023  -  MemoryUsage of job (MB)
	56342716  -  ResidentSetSize of job (KB)
...
006 (9868240.000.000) 05/19 21:23:29 Image size of job updated: 57865236
	56507  -  MemoryUsage of job (MB)
	57863016  -  ResidentSetSize of job (KB)
...
006 (9868240.000.000) 05/19 21:28:29 Image size of job updated: 61373256
	59875  -  MemoryUsage of job (MB)
	61311992  -  ResidentSetSize of job (KB)
...
006 (9868240.000.000) 05/19 21:33:29 Image size of job updated: 62419788
	60563  -  MemoryUsage of job (MB)
	62016464  -  ResidentSetSize of job (KB)
...
006 (9868240.000.000) 05/19 21:38:30 Image size of job updated: 64779532
	63260  -  MemoryUsage of job (MB)
	64777644  -  ResidentSetSize of job (KB)
...
006 (9868240.000.000) 05/19 21:43:30 Image size of job updated: 68165844
	66568  -  MemoryUsage of job (MB)
	68165188  -  ResidentSetSize of job (KB)
...
006 (9868240.000.000) 05/19 21:48:30 Image size of job updated: 69792684
	66921  -  MemoryUsage of job (MB)
	68526844  -  ResidentSetSize of job (KB)
...
006 (9868240.000.000) 05/19 21:53:31 Image size of job updated: 69792684
	66921  -  MemoryUsage of job (MB)
	68526852  -  ResidentSetSize of job (KB)
...
040 (9868240.000.000) 05/19 23:10:47 Started transferring output files
...
040 (9868240.000.000) 05/19 23:10:47 Finished transferring output files
...
005 (9868240.000.000) 05/19 23:10:47 Job terminated.
	(1) Normal termination (return value 0)
		Usr 0 02:30:08, Sys 0 00:43:25  -  Run Remote Usage
		Usr 0 00:00:00, Sys 0 00:00:00  -  Run Local Usage
		Usr 0 02:30:08, Sys 0 00:43:25  -  Total Remote Usage
		Usr 0 00:00:00, Sys 0 00:00:00  -  Total Local Usage
	9798  -  Run Bytes Sent By Job
	197  -  Run Bytes Received By Job
	9798  -  Total Bytes Sent By Job
	197  -  Total Bytes Received By Job
	Partitionable Resources :    Usage  Request Allocated 
	   Cpus                 :     0.99        1         1 
	   Disk (KB)            :    31           1   2740273 
	   Memory (MB)          : 66921        2000      2000 

	Job terminated of its own accord at 2024-05-19T21:10:47Z with exit-code 0.
...
