000 (9826677.000.000) 05/16 09:12:29 Job submitted from host: <137.138.156.150:9618?addrs=137.138.156.150-9618+[2001-1458-d00-14--9a]-9618&alias=bigbird13.cern.ch&noUDP&sock=schedd_25162_9e1a>
...
040 (9826677.000.000) 05/16 09:38:49 Started transferring input files
	Transferring to host: <128.142.131.123:9618?addrs=128.142.131.123-9618+[2001-1458-301-59--100-6f]-9618&alias=b9g11p3298.cern.ch&noUDP&sock=slot1_17_2951_ff11_41064>
...
040 (9826677.000.000) 05/16 09:38:49 Finished transferring input files
...
001 (9826677.000.000) 05/16 09:38:50 Job executing on host: <128.142.131.123:9618?addrs=128.142.131.123-9618+[2001-1458-301-59--100-6f]-9618&alias=b9g11p3298.cern.ch&noUDP&sock=startd_2631_39c3>
	SlotName: slot1_17@b9g11p3298.cern.ch
	CondorScratchDir = "/pool/condor/dir_193294"
	Cpus = 1
	Disk = 1719796
	Memory = 2000
...
006 (9826677.000.000) 05/16 09:38:58 Image size of job updated: 74000
	73  -  MemoryUsage of job (MB)
	74000  -  ResidentSetSize of job (KB)
...
006 (9826677.000.000) 05/16 09:43:58 Image size of job updated: 489472
	478  -  MemoryUsage of job (MB)
	489472  -  ResidentSetSize of job (KB)
...
006 (9826677.000.000) 05/16 09:48:59 Image size of job updated: 720568
	704  -  MemoryUsage of job (MB)
	720568  -  ResidentSetSize of job (KB)
...
006 (9826677.000.000) 05/16 09:54:00 Image size of job updated: 942332
	921  -  MemoryUsage of job (MB)
	942332  -  ResidentSetSize of job (KB)
...
006 (9826677.000.000) 05/16 09:59:00 Image size of job updated: 1160664
	1134  -  MemoryUsage of job (MB)
	1160664  -  ResidentSetSize of job (KB)
...
006 (9826677.000.000) 05/16 10:04:00 Image size of job updated: 1387352
	1355  -  MemoryUsage of job (MB)
	1387352  -  ResidentSetSize of job (KB)
...
006 (9826677.000.000) 05/16 10:09:01 Image size of job updated: 1687324
	1648  -  MemoryUsage of job (MB)
	1687324  -  ResidentSetSize of job (KB)
...
006 (9826677.000.000) 05/16 10:14:01 Image size of job updated: 1945484
	1900  -  MemoryUsage of job (MB)
	1945484  -  ResidentSetSize of job (KB)
...
006 (9826677.000.000) 05/16 10:19:01 Image size of job updated: 2162512
	2112  -  MemoryUsage of job (MB)
	2162512  -  ResidentSetSize of job (KB)
...
006 (9826677.000.000) 05/16 10:24:02 Image size of job updated: 2383592
	2328  -  MemoryUsage of job (MB)
	2383592  -  ResidentSetSize of job (KB)
...
006 (9826677.000.000) 05/16 10:29:03 Image size of job updated: 2615220
	2554  -  MemoryUsage of job (MB)
	2615220  -  ResidentSetSize of job (KB)
...
006 (9826677.000.000) 05/16 10:34:03 Image size of job updated: 2831364
	2766  -  MemoryUsage of job (MB)
	2831364  -  ResidentSetSize of job (KB)
...
006 (9826677.000.000) 05/16 10:39:04 Image size of job updated: 3059572
	2988  -  MemoryUsage of job (MB)
	3059572  -  ResidentSetSize of job (KB)
...
006 (9826677.000.000) 05/16 10:44:05 Image size of job updated: 3280652
	3204  -  MemoryUsage of job (MB)
	3280652  -  ResidentSetSize of job (KB)
...
006 (9826677.000.000) 05/16 10:49:05 Image size of job updated: 3515876
	3434  -  MemoryUsage of job (MB)
	3515876  -  ResidentSetSize of job (KB)
...
006 (9826677.000.000) 05/16 10:54:06 Image size of job updated: 3755988
	3668  -  MemoryUsage of job (MB)
	3755988  -  ResidentSetSize of job (KB)
...
006 (9826677.000.000) 05/16 10:59:07 Image size of job updated: 3994840
	3902  -  MemoryUsage of job (MB)
	3994840  -  ResidentSetSize of job (KB)
...
006 (9826677.000.000) 05/16 11:04:07 Image size of job updated: 4232236
	4134  -  MemoryUsage of job (MB)
	4232236  -  ResidentSetSize of job (KB)
...
006 (9826677.000.000) 05/16 11:09:07 Image size of job updated: 4463196
	4359  -  MemoryUsage of job (MB)
	4463196  -  ResidentSetSize of job (KB)
...
006 (9826677.000.000) 05/16 11:14:08 Image size of job updated: 4696940
	4587  -  MemoryUsage of job (MB)
	4696940  -  ResidentSetSize of job (KB)
...
006 (9826677.000.000) 05/16 11:19:08 Image size of job updated: 4945988
	4831  -  MemoryUsage of job (MB)
	4945988  -  ResidentSetSize of job (KB)
...
006 (9826677.000.000) 05/16 11:24:08 Image size of job updated: 5161432
	5041  -  MemoryUsage of job (MB)
	5161432  -  ResidentSetSize of job (KB)
...
006 (9826677.000.000) 05/16 11:29:09 Image size of job updated: 5394184
	5268  -  MemoryUsage of job (MB)
	5394184  -  ResidentSetSize of job (KB)
...
006 (9826677.000.000) 05/16 11:34:10 Image size of job updated: 5619472
	5488  -  MemoryUsage of job (MB)
	5619472  -  ResidentSetSize of job (KB)
...
006 (9826677.000.000) 05/16 11:39:10 Image size of job updated: 5831444
	5695  -  MemoryUsage of job (MB)
	5831444  -  ResidentSetSize of job (KB)
...
006 (9826677.000.000) 05/16 11:44:11 Image size of job updated: 6048280
	5907  -  MemoryUsage of job (MB)
	6048280  -  ResidentSetSize of job (KB)
...
006 (9826677.000.000) 05/16 11:49:12 Image size of job updated: 6292960
	6146  -  MemoryUsage of job (MB)
	6292960  -  ResidentSetSize of job (KB)
...
006 (9826677.000.000) 05/16 11:54:12 Image size of job updated: 6507000
	6355  -  MemoryUsage of job (MB)
	6507000  -  ResidentSetSize of job (KB)
...
006 (9826677.000.000) 05/16 11:59:12 Image size of job updated: 6732532
	6575  -  MemoryUsage of job (MB)
	6732532  -  ResidentSetSize of job (KB)
...
006 (9826677.000.000) 05/16 12:04:13 Image size of job updated: 6969836
	6807  -  MemoryUsage of job (MB)
	6969836  -  ResidentSetSize of job (KB)
...
006 (9826677.000.000) 05/16 12:09:13 Image size of job updated: 7215132
	7047  -  MemoryUsage of job (MB)
	7215132  -  ResidentSetSize of job (KB)
...
006 (9826677.000.000) 05/16 12:14:13 Image size of job updated: 7438700
	7265  -  MemoryUsage of job (MB)
	7438700  -  ResidentSetSize of job (KB)
...
006 (9826677.000.000) 05/16 12:19:14 Image size of job updated: 7669784
	7491  -  MemoryUsage of job (MB)
	7669784  -  ResidentSetSize of job (KB)
...
006 (9826677.000.000) 05/16 12:24:15 Image size of job updated: 7893336
	7709  -  MemoryUsage of job (MB)
	7893336  -  ResidentSetSize of job (KB)
...
006 (9826677.000.000) 05/16 12:29:15 Image size of job updated: 8111172
	7922  -  MemoryUsage of job (MB)
	8111172  -  ResidentSetSize of job (KB)
...
006 (9826677.000.000) 05/16 12:34:16 Image size of job updated: 8359636
	8164  -  MemoryUsage of job (MB)
	8359636  -  ResidentSetSize of job (KB)
...
006 (9826677.000.000) 05/16 12:39:17 Image size of job updated: 8597272
	8396  -  MemoryUsage of job (MB)
	8597272  -  ResidentSetSize of job (KB)
...
006 (9826677.000.000) 05/16 12:44:17 Image size of job updated: 8825884
	8620  -  MemoryUsage of job (MB)
	8825884  -  ResidentSetSize of job (KB)
...
006 (9826677.000.000) 05/16 13:04:18 Image size of job updated: 8848848
	8642  -  MemoryUsage of job (MB)
	8848848  -  ResidentSetSize of job (KB)
...
006 (9826677.000.000) 05/16 13:09:19 Image size of job updated: 9077348
	8865  -  MemoryUsage of job (MB)
	9077348  -  ResidentSetSize of job (KB)
...
006 (9826677.000.000) 05/16 13:14:20 Image size of job updated: 9302100
	9085  -  MemoryUsage of job (MB)
	9302100  -  ResidentSetSize of job (KB)
...
006 (9826677.000.000) 05/16 13:19:20 Image size of job updated: 9519012
	9296  -  MemoryUsage of job (MB)
	9519012  -  ResidentSetSize of job (KB)
...
006 (9826677.000.000) 05/16 13:24:21 Image size of job updated: 9727324
	9500  -  MemoryUsage of job (MB)
	9727324  -  ResidentSetSize of job (KB)
...
006 (9826677.000.000) 05/16 13:29:22 Image size of job updated: 9959768
	9727  -  MemoryUsage of job (MB)
	9959768  -  ResidentSetSize of job (KB)
...
006 (9826677.000.000) 05/16 15:49:37 Image size of job updated: 10051080
	9816  -  MemoryUsage of job (MB)
	10051080  -  ResidentSetSize of job (KB)
...
006 (9826677.000.000) 05/16 15:54:38 Image size of job updated: 10322756
	10081  -  MemoryUsage of job (MB)
	10322756  -  ResidentSetSize of job (KB)
...
006 (9826677.000.000) 05/16 15:59:39 Image size of job updated: 10602128
	10354  -  MemoryUsage of job (MB)
	10602128  -  ResidentSetSize of job (KB)
...
006 (9826677.000.000) 05/16 16:04:39 Image size of job updated: 10868408
	10614  -  MemoryUsage of job (MB)
	10868408  -  ResidentSetSize of job (KB)
...
006 (9826677.000.000) 05/16 16:09:40 Image size of job updated: 11147540
	10887  -  MemoryUsage of job (MB)
	11147540  -  ResidentSetSize of job (KB)
...
006 (9826677.000.000) 05/16 16:14:41 Image size of job updated: 11439716
	11172  -  MemoryUsage of job (MB)
	11439716  -  ResidentSetSize of job (KB)
...
006 (9826677.000.000) 05/16 16:19:41 Image size of job updated: 11703912
	11430  -  MemoryUsage of job (MB)
	11703912  -  ResidentSetSize of job (KB)
...
006 (9826677.000.000) 05/16 16:24:41 Image size of job updated: 11983340
	11703  -  MemoryUsage of job (MB)
	11983340  -  ResidentSetSize of job (KB)
...
006 (9826677.000.000) 05/16 16:29:43 Image size of job updated: 12266844
	11980  -  MemoryUsage of job (MB)
	12266844  -  ResidentSetSize of job (KB)
...
006 (9826677.000.000) 05/16 16:34:43 Image size of job updated: 12520784
	12228  -  MemoryUsage of job (MB)
	12520784  -  ResidentSetSize of job (KB)
...
006 (9826677.000.000) 05/16 16:39:43 Image size of job updated: 12606720
	12312  -  MemoryUsage of job (MB)
	12606720  -  ResidentSetSize of job (KB)
...
006 (9826677.000.000) 05/16 16:44:44 Image size of job updated: 12740884
	12443  -  MemoryUsage of job (MB)
	12740884  -  ResidentSetSize of job (KB)
...
006 (9826677.000.000) 05/16 18:09:54 Image size of job updated: 12868060
	12567  -  MemoryUsage of job (MB)
	12868060  -  ResidentSetSize of job (KB)
...
006 (9826677.000.000) 05/16 18:14:54 Image size of job updated: 13048040
	12743  -  MemoryUsage of job (MB)
	13048040  -  ResidentSetSize of job (KB)
...
006 (9826677.000.000) 05/16 18:19:54 Image size of job updated: 13302436
	12991  -  MemoryUsage of job (MB)
	13302436  -  ResidentSetSize of job (KB)
...
040 (9826677.000.000) 05/16 19:23:47 Started transferring output files
...
040 (9826677.000.000) 05/16 19:23:47 Finished transferring output files
...
005 (9826677.000.000) 05/16 19:23:47 Job terminated.
	(1) Normal termination (return value 0)
		Usr 0 02:22:21, Sys 0 00:22:23  -  Run Remote Usage
		Usr 0 00:00:00, Sys 0 00:00:00  -  Run Local Usage
		Usr 0 02:22:21, Sys 0 00:22:23  -  Total Remote Usage
		Usr 0 00:00:00, Sys 0 00:00:00  -  Total Local Usage
	131908  -  Run Bytes Sent By Job
	197  -  Run Bytes Received By Job
	131908  -  Total Bytes Sent By Job
	197  -  Total Bytes Received By Job
	Partitionable Resources :    Usage  Request Allocated 
	   Cpus                 :     0.99        1         1 
	   Disk (KB)            :   150           1   1719796 
	   Memory (MB)          : 12991        2000      2000 

	Job terminated of its own accord at 2024-05-16T17:23:47Z with exit-code 0.
...
