000 (9868242.000.000) 05/19 18:03:35 Job submitted from host: <137.138.156.150:9618?addrs=137.138.156.150-9618+[2001-1458-d00-14--9a]-9618&alias=bigbird13.cern.ch&noUDP&sock=schedd_25162_9e1a>
...
040 (9868242.000.000) 05/19 19:03:06 Started transferring input files
	Transferring to host: <128.142.63.89:9618?addrs=128.142.63.89-9618+[2001-1458-301-38--100-56]-9618&alias=b9s08p3452.cern.ch&noUDP&sock=slot1_18_6474_44c0_12566>
...
040 (9868242.000.000) 05/19 19:03:06 Finished transferring input files
...
001 (9868242.000.000) 05/19 19:03:07 Job executing on host: <128.142.63.89:9618?addrs=128.142.63.89-9618+[2001-1458-301-38--100-56]-9618&alias=b9s08p3452.cern.ch&noUDP&sock=startd_5226_2e07>
	SlotName: slot1_18@b9s08p3452.cern.ch
	CondorScratchDir = "/pool/condor/dir_2931447"
	Cpus = 1
	Disk = 2881037
	Memory = 2000
...
006 (9868242.000.000) 05/19 19:03:16 Image size of job updated: 23564
	24  -  MemoryUsage of job (MB)
	23564  -  ResidentSetSize of job (KB)
...
006 (9868242.000.000) 05/19 19:08:17 Image size of job updated: 2745560
	2680  -  MemoryUsage of job (MB)
	2743576  -  ResidentSetSize of job (KB)
...
006 (9868242.000.000) 05/19 19:13:17 Image size of job updated: 7028256
	6862  -  MemoryUsage of job (MB)
	7026168  -  ResidentSetSize of job (KB)
...
006 (9868242.000.000) 05/19 19:18:17 Image size of job updated: 11265392
	11000  -  MemoryUsage of job (MB)
	11263864  -  ResidentSetSize of job (KB)
...
006 (9868242.000.000) 05/19 19:23:18 Image size of job updated: 15492916
	15130  -  MemoryUsage of job (MB)
	15492528  -  ResidentSetSize of job (KB)
...
006 (9868242.000.000) 05/19 19:28:18 Image size of job updated: 19496624
	19039  -  MemoryUsage of job (MB)
	19495764  -  ResidentSetSize of job (KB)
...
006 (9868242.000.000) 05/19 19:33:18 Image size of job updated: 23542652
	22988  -  MemoryUsage of job (MB)
	23539608  -  ResidentSetSize of job (KB)
...
006 (9868242.000.000) 05/19 19:38:19 Image size of job updated: 27644640
	26995  -  MemoryUsage of job (MB)
	27642340  -  ResidentSetSize of job (KB)
...
006 (9868242.000.000) 05/19 19:43:20 Image size of job updated: 31618252
	30877  -  MemoryUsage of job (MB)
	31617376  -  ResidentSetSize of job (KB)
...
006 (9868242.000.000) 05/19 19:48:20 Image size of job updated: 35795048
	34949  -  MemoryUsage of job (MB)
	35786824  -  ResidentSetSize of job (KB)
...
006 (9868242.000.000) 05/19 19:53:21 Image size of job updated: 39869344
	38935  -  MemoryUsage of job (MB)
	39869344  -  ResidentSetSize of job (KB)
...
006 (9868242.000.000) 05/19 19:58:22 Image size of job updated: 43796632
	42767  -  MemoryUsage of job (MB)
	43792768  -  ResidentSetSize of job (KB)
...
006 (9868242.000.000) 05/19 20:03:22 Image size of job updated: 45764596
	44691  -  MemoryUsage of job (MB)
	45763092  -  ResidentSetSize of job (KB)
...
006 (9868242.000.000) 05/19 20:08:22 Image size of job updated: 47979320
	44691  -  MemoryUsage of job (MB)
	45763092  -  ResidentSetSize of job (KB)
...
006 (9868242.000.000) 05/19 21:18:29 Image size of job updated: 49059264
	47909  -  MemoryUsage of job (MB)
	49058728  -  ResidentSetSize of job (KB)
...
006 (9868242.000.000) 05/19 21:23:30 Image size of job updated: 52853968
	51615  -  MemoryUsage of job (MB)
	52852772  -  ResidentSetSize of job (KB)
...
006 (9868242.000.000) 05/19 21:28:30 Image size of job updated: 56814312
	55482  -  MemoryUsage of job (MB)
	56813332  -  ResidentSetSize of job (KB)
...
006 (9868242.000.000) 05/19 21:33:30 Image size of job updated: 60546444
	59127  -  MemoryUsage of job (MB)
	60545444  -  ResidentSetSize of job (KB)
...
006 (9868242.000.000) 05/19 21:38:31 Image size of job updated: 63542324
	62051  -  MemoryUsage of job (MB)
	63539764  -  ResidentSetSize of job (KB)
...
006 (9868242.000.000) 05/19 21:43:32 Image size of job updated: 65976392
	64322  -  MemoryUsage of job (MB)
	65864976  -  ResidentSetSize of job (KB)
...
006 (9868242.000.000) 05/19 21:48:32 Image size of job updated: 67619532
	66033  -  MemoryUsage of job (MB)
	67617644  -  ResidentSetSize of job (KB)
...
006 (9868242.000.000) 05/19 21:53:33 Image size of job updated: 68537956
	66034  -  MemoryUsage of job (MB)
	67618160  -  ResidentSetSize of job (KB)
...
006 (9868242.000.000) 05/19 21:58:34 Image size of job updated: 69321324
	67693  -  MemoryUsage of job (MB)
	69317456  -  ResidentSetSize of job (KB)
...
006 (9868242.000.000) 05/19 22:03:34 Image size of job updated: 71015508
	68628  -  MemoryUsage of job (MB)
	70274968  -  ResidentSetSize of job (KB)
...
040 (9868242.000.000) 05/19 23:30:55 Started transferring output files
...
040 (9868242.000.000) 05/19 23:30:55 Finished transferring output files
...
005 (9868242.000.000) 05/19 23:30:55 Job terminated.
	(1) Normal termination (return value 0)
		Usr 0 02:27:41, Sys 0 00:43:38  -  Run Remote Usage
		Usr 0 00:00:00, Sys 0 00:00:00  -  Run Local Usage
		Usr 0 02:27:41, Sys 0 00:43:38  -  Total Remote Usage
		Usr 0 00:00:00, Sys 0 00:00:00  -  Total Local Usage
	7046  -  Run Bytes Sent By Job
	199  -  Run Bytes Received By Job
	7046  -  Total Bytes Sent By Job
	199  -  Total Bytes Received By Job
	Partitionable Resources :    Usage  Request Allocated 
	   Cpus                 :     0.99        1         1 
	   Disk (KB)            :    28           1   2881037 
	   Memory (MB)          : 68628        2000      2000 

	Job terminated of its own accord at 2024-05-19T21:30:55Z with exit-code 0.
...
