000 (9826693.000.000) 05/16 09:12:43 Job submitted from host: <137.138.156.150:9618?addrs=137.138.156.150-9618+[2001-1458-d00-14--9a]-9618&alias=bigbird13.cern.ch&noUDP&sock=schedd_25162_9e1a>
...
040 (9826693.000.000) 05/16 09:38:53 Started transferring input files
	Transferring to host: <188.185.205.54:9618?addrs=188.185.205.54-9618&alias=b9p03p2398.cern.ch&noUDP&sock=slot1_34_7386_dae5_82851>
...
040 (9826693.000.000) 05/16 09:38:53 Finished transferring input files
...
001 (9826693.000.000) 05/16 09:38:54 Job executing on host: <188.185.205.54:9618?addrs=188.185.205.54-9618&alias=b9p03p2398.cern.ch&noUDP&sock=startd_7320_7d58>
	SlotName: slot1_34@b9p03p2398.cern.ch
	CondorScratchDir = "/pool/condor/dir_687688"
	Cpus = 1
	Disk = 2853958
	Memory = 2000
...
006 (9826693.000.000) 05/16 09:39:03 Image size of job updated: 33400
	33  -  MemoryUsage of job (MB)
	33180  -  ResidentSetSize of job (KB)
...
006 (9826693.000.000) 05/16 09:44:04 Image size of job updated: 590088
	575  -  MemoryUsage of job (MB)
	588184  -  ResidentSetSize of job (KB)
...
006 (9826693.000.000) 05/16 09:49:05 Image size of job updated: 1033952
	1009  -  MemoryUsage of job (MB)
	1032388  -  ResidentSetSize of job (KB)
...
006 (9826693.000.000) 05/16 09:54:05 Image size of job updated: 1497652
	1456  -  MemoryUsage of job (MB)
	1490380  -  ResidentSetSize of job (KB)
...
006 (9826693.000.000) 05/16 09:59:05 Image size of job updated: 1956216
	1902  -  MemoryUsage of job (MB)
	1947084  -  ResidentSetSize of job (KB)
...
006 (9826693.000.000) 05/16 10:04:06 Image size of job updated: 2440596
	2377  -  MemoryUsage of job (MB)
	2433036  -  ResidentSetSize of job (KB)
...
006 (9826693.000.000) 05/16 10:09:06 Image size of job updated: 2872556
	2804  -  MemoryUsage of job (MB)
	2871280  -  ResidentSetSize of job (KB)
...
006 (9826693.000.000) 05/16 10:14:06 Image size of job updated: 3320588
	3240  -  MemoryUsage of job (MB)
	3316764  -  ResidentSetSize of job (KB)
...
006 (9826693.000.000) 05/16 10:19:07 Image size of job updated: 3771820
	3679  -  MemoryUsage of job (MB)
	3766316  -  ResidentSetSize of job (KB)
...
006 (9826693.000.000) 05/16 10:24:08 Image size of job updated: 4230064
	4123  -  MemoryUsage of job (MB)
	4221828  -  ResidentSetSize of job (KB)
...
006 (9826693.000.000) 05/16 10:29:08 Image size of job updated: 4705376
	4590  -  MemoryUsage of job (MB)
	4699616  -  ResidentSetSize of job (KB)
...
006 (9826693.000.000) 05/16 10:34:09 Image size of job updated: 5204136
	5075  -  MemoryUsage of job (MB)
	5195896  -  ResidentSetSize of job (KB)
...
006 (9826693.000.000) 05/16 10:39:10 Image size of job updated: 5737704
	5602  -  MemoryUsage of job (MB)
	5736140  -  ResidentSetSize of job (KB)
...
006 (9826693.000.000) 05/16 10:44:10 Image size of job updated: 6237040
	6088  -  MemoryUsage of job (MB)
	6233428  -  ResidentSetSize of job (KB)
...
006 (9826693.000.000) 05/16 10:49:10 Image size of job updated: 6738840
	6575  -  MemoryUsage of job (MB)
	6732624  -  ResidentSetSize of job (KB)
...
006 (9826693.000.000) 05/16 10:54:11 Image size of job updated: 7244264
	7069  -  MemoryUsage of job (MB)
	7238440  -  ResidentSetSize of job (KB)
...
006 (9826693.000.000) 05/16 10:59:11 Image size of job updated: 7771608
	7581  -  MemoryUsage of job (MB)
	7762188  -  ResidentSetSize of job (KB)
...
006 (9826693.000.000) 05/16 11:04:11 Image size of job updated: 8258340
	8061  -  MemoryUsage of job (MB)
	8254076  -  ResidentSetSize of job (KB)
...
006 (9826693.000.000) 05/16 11:09:12 Image size of job updated: 8740376
	8533  -  MemoryUsage of job (MB)
	8737628  -  ResidentSetSize of job (KB)
...
006 (9826693.000.000) 05/16 11:14:13 Image size of job updated: 9211408
	8989  -  MemoryUsage of job (MB)
	9204132  -  ResidentSetSize of job (KB)
...
006 (9826693.000.000) 05/16 11:19:13 Image size of job updated: 9693124
	9458  -  MemoryUsage of job (MB)
	9684944  -  ResidentSetSize of job (KB)
...
006 (9826693.000.000) 05/16 11:24:14 Image size of job updated: 10184080
	9941  -  MemoryUsage of job (MB)
	10179392  -  ResidentSetSize of job (KB)
...
006 (9826693.000.000) 05/16 11:29:15 Image size of job updated: 10654688
	10396  -  MemoryUsage of job (MB)
	10644804  -  ResidentSetSize of job (KB)
...
006 (9826693.000.000) 05/16 11:34:15 Image size of job updated: 11037816
	10776  -  MemoryUsage of job (MB)
	11034220  -  ResidentSetSize of job (KB)
...
006 (9826693.000.000) 05/16 11:39:15 Image size of job updated: 11543432
	11266  -  MemoryUsage of job (MB)
	11536072  -  ResidentSetSize of job (KB)
...
006 (9826693.000.000) 05/16 11:44:16 Image size of job updated: 12027900
	11742  -  MemoryUsage of job (MB)
	12023736  -  ResidentSetSize of job (KB)
...
006 (9826693.000.000) 05/16 11:49:16 Image size of job updated: 12525628
	12230  -  MemoryUsage of job (MB)
	12523320  -  ResidentSetSize of job (KB)
...
006 (9826693.000.000) 05/16 11:54:16 Image size of job updated: 12985020
	12676  -  MemoryUsage of job (MB)
	12980100  -  ResidentSetSize of job (KB)
...
006 (9826693.000.000) 05/16 11:59:17 Image size of job updated: 13496772
	13178  -  MemoryUsage of job (MB)
	13493500  -  ResidentSetSize of job (KB)
...
006 (9826693.000.000) 05/16 12:04:18 Image size of job updated: 13951220
	13623  -  MemoryUsage of job (MB)
	13949456  -  ResidentSetSize of job (KB)
...
006 (9826693.000.000) 05/16 12:09:18 Image size of job updated: 14529732
	14189  -  MemoryUsage of job (MB)
	14529232  -  ResidentSetSize of job (KB)
...
006 (9826693.000.000) 05/16 12:14:18 Image size of job updated: 15143384
	14781  -  MemoryUsage of job (MB)
	15134732  -  ResidentSetSize of job (KB)
...
006 (9826693.000.000) 05/16 12:19:19 Image size of job updated: 15732632
	15361  -  MemoryUsage of job (MB)
	15729608  -  ResidentSetSize of job (KB)
...
006 (9826693.000.000) 05/16 12:24:19 Image size of job updated: 16329764
	15940  -  MemoryUsage of job (MB)
	16322080  -  ResidentSetSize of job (KB)
...
006 (9826693.000.000) 05/16 12:29:19 Image size of job updated: 16802468
	16409  -  MemoryUsage of job (MB)
	16801808  -  ResidentSetSize of job (KB)
...
006 (9826693.000.000) 05/16 12:34:20 Image size of job updated: 17341848
	16933  -  MemoryUsage of job (MB)
	17339268  -  ResidentSetSize of job (KB)
...
006 (9826693.000.000) 05/16 12:39:21 Image size of job updated: 17884236
	17464  -  MemoryUsage of job (MB)
	17882136  -  ResidentSetSize of job (KB)
...
006 (9826693.000.000) 05/16 12:44:21 Image size of job updated: 18504960
	18070  -  MemoryUsage of job (MB)
	18502768  -  ResidentSetSize of job (KB)
...
006 (9826693.000.000) 05/16 12:49:22 Image size of job updated: 18929540
	18070  -  MemoryUsage of job (MB)
	18502768  -  ResidentSetSize of job (KB)
...
006 (9826693.000.000) 05/16 13:14:25 Image size of job updated: 18929540
	18076  -  MemoryUsage of job (MB)
	18509028  -  ResidentSetSize of job (KB)
...
006 (9826693.000.000) 05/16 13:19:25 Image size of job updated: 18929540
	18417  -  MemoryUsage of job (MB)
	18858968  -  ResidentSetSize of job (KB)
...
006 (9826693.000.000) 05/16 13:24:26 Image size of job updated: 19402492
	18946  -  MemoryUsage of job (MB)
	19400608  -  ResidentSetSize of job (KB)
...
006 (9826693.000.000) 05/16 13:29:27 Image size of job updated: 20010356
	19536  -  MemoryUsage of job (MB)
	20004432  -  ResidentSetSize of job (KB)
...
006 (9826693.000.000) 05/16 13:34:27 Image size of job updated: 20596772
	20114  -  MemoryUsage of job (MB)
	20595740  -  ResidentSetSize of job (KB)
...
006 (9826693.000.000) 05/16 13:39:27 Image size of job updated: 21218728
	20714  -  MemoryUsage of job (MB)
	21210140  -  ResidentSetSize of job (KB)
...
006 (9826693.000.000) 05/16 13:44:28 Image size of job updated: 21796628
	21283  -  MemoryUsage of job (MB)
	21792820  -  ResidentSetSize of job (KB)
...
006 (9826693.000.000) 05/16 13:49:28 Image size of job updated: 22375084
	21849  -  MemoryUsage of job (MB)
	22372492  -  ResidentSetSize of job (KB)
...
006 (9826693.000.000) 05/16 13:54:28 Image size of job updated: 22974200
	22433  -  MemoryUsage of job (MB)
	22971224  -  ResidentSetSize of job (KB)
...
006 (9826693.000.000) 05/16 13:59:29 Image size of job updated: 23571880
	23019  -  MemoryUsage of job (MB)
	23570620  -  ResidentSetSize of job (KB)
...
006 (9826693.000.000) 05/16 14:04:30 Image size of job updated: 24169280
	23601  -  MemoryUsage of job (MB)
	24166500  -  ResidentSetSize of job (KB)
...
006 (9826693.000.000) 05/16 14:09:30 Image size of job updated: 24767620
	24179  -  MemoryUsage of job (MB)
	24758340  -  ResidentSetSize of job (KB)
...
006 (9826693.000.000) 05/16 14:14:30 Image size of job updated: 25338408
	24742  -  MemoryUsage of job (MB)
	25335208  -  ResidentSetSize of job (KB)
...
006 (9826693.000.000) 05/16 14:19:31 Image size of job updated: 25969436
	25358  -  MemoryUsage of job (MB)
	25966400  -  ResidentSetSize of job (KB)
...
006 (9826693.000.000) 05/16 14:24:31 Image size of job updated: 26526256
	25903  -  MemoryUsage of job (MB)
	26524352  -  ResidentSetSize of job (KB)
...
006 (9826693.000.000) 05/16 14:29:31 Image size of job updated: 26774004
	25903  -  MemoryUsage of job (MB)
	26524352  -  ResidentSetSize of job (KB)
...
040 (9826693.000.000) 05/16 15:28:45 Started transferring output files
...
040 (9826693.000.000) 05/16 15:28:45 Finished transferring output files
...
005 (9826693.000.000) 05/16 15:28:45 Job terminated.
	(1) Normal termination (return value 0)
		Usr 0 01:33:13, Sys 0 00:26:09  -  Run Remote Usage
		Usr 0 00:00:00, Sys 0 00:00:00  -  Run Local Usage
		Usr 0 01:33:13, Sys 0 00:26:09  -  Total Remote Usage
		Usr 0 00:00:00, Sys 0 00:00:00  -  Total Local Usage
	7644  -  Run Bytes Sent By Job
	197  -  Run Bytes Received By Job
	7644  -  Total Bytes Sent By Job
	197  -  Total Bytes Received By Job
	Partitionable Resources :    Usage  Request Allocated 
	   Cpus                 :     0.99        1         1 
	   Disk (KB)            :    28           1   2853958 
	   Memory (MB)          : 25903        2000      2000 

	Job terminated of its own accord at 2024-05-16T13:28:45Z with exit-code 0.
...
