000 (9868247.000.000) 05/19 18:03:41 Job submitted from host: <137.138.156.150:9618?addrs=137.138.156.150-9618+[2001-1458-d00-14--9a]-9618&alias=bigbird13.cern.ch&noUDP&sock=schedd_25162_9e1a>
...
040 (9868247.000.000) 05/19 19:03:08 Started transferring input files
	Transferring to host: <128.142.60.109:9618?addrs=128.142.60.109-9618+[2001-1458-301-22--100-6c]-9618&alias=b9s05p8642.cern.ch&noUDP&sock=slot1_21_165770_b60e_132161>
...
040 (9868247.000.000) 05/19 19:03:08 Finished transferring input files
...
001 (9868247.000.000) 05/19 19:03:10 Job executing on host: <128.142.60.109:9618?addrs=128.142.60.109-9618+[2001-1458-301-22--100-6c]-9618&alias=b9s05p8642.cern.ch&noUDP&sock=startd_165731_4272>
	SlotName: slot1_21@b9s05p8642.cern.ch
	CondorScratchDir = "/pool/condor/dir_408000"
	Cpus = 1
	Disk = 2879370
	Memory = 2000
...
006 (9868247.000.000) 05/19 19:03:18 Image size of job updated: 28208
	28  -  MemoryUsage of job (MB)
	28208  -  ResidentSetSize of job (KB)
...
006 (9868247.000.000) 05/19 19:08:18 Image size of job updated: 2811832
	2745  -  MemoryUsage of job (MB)
	2810352  -  ResidentSetSize of job (KB)
...
006 (9868247.000.000) 05/19 19:13:18 Image size of job updated: 7226652
	7057  -  MemoryUsage of job (MB)
	7226076  -  ResidentSetSize of job (KB)
...
006 (9868247.000.000) 05/19 19:18:19 Image size of job updated: 11479968
	11209  -  MemoryUsage of job (MB)
	11477616  -  ResidentSetSize of job (KB)
...
006 (9868247.000.000) 05/19 19:23:20 Image size of job updated: 15753312
	15383  -  MemoryUsage of job (MB)
	15751816  -  ResidentSetSize of job (KB)
...
006 (9868247.000.000) 05/19 19:28:20 Image size of job updated: 20002352
	19532  -  MemoryUsage of job (MB)
	20000240  -  ResidentSetSize of job (KB)
...
006 (9868247.000.000) 05/19 19:33:21 Image size of job updated: 24356424
	23786  -  MemoryUsage of job (MB)
	24356348  -  ResidentSetSize of job (KB)
...
006 (9868247.000.000) 05/19 19:38:22 Image size of job updated: 28636648
	27965  -  MemoryUsage of job (MB)
	28635616  -  ResidentSetSize of job (KB)
...
006 (9868247.000.000) 05/19 19:43:22 Image size of job updated: 32687836
	31920  -  MemoryUsage of job (MB)
	32685820  -  ResidentSetSize of job (KB)
...
006 (9868247.000.000) 05/19 19:48:22 Image size of job updated: 36729308
	35866  -  MemoryUsage of job (MB)
	36726252  -  ResidentSetSize of job (KB)
...
006 (9868247.000.000) 05/19 19:53:23 Image size of job updated: 39748372
	38814  -  MemoryUsage of job (MB)
	39745272  -  ResidentSetSize of job (KB)
...
006 (9868247.000.000) 05/19 19:58:23 Image size of job updated: 43742588
	42710  -  MemoryUsage of job (MB)
	43734284  -  ResidentSetSize of job (KB)
...
006 (9868247.000.000) 05/19 20:03:23 Image size of job updated: 48403292
	47267  -  MemoryUsage of job (MB)
	48401308  -  ResidentSetSize of job (KB)
...
006 (9868247.000.000) 05/19 20:08:24 Image size of job updated: 48699192
	47267  -  MemoryUsage of job (MB)
	48401308  -  ResidentSetSize of job (KB)
...
006 (9868247.000.000) 05/19 20:58:29 Image size of job updated: 51207432
	50000  -  MemoryUsage of job (MB)
	51199124  -  ResidentSetSize of job (KB)
...
006 (9868247.000.000) 05/19 21:03:30 Image size of job updated: 54970904
	53682  -  MemoryUsage of job (MB)
	54970048  -  ResidentSetSize of job (KB)
...
006 (9868247.000.000) 05/19 21:08:30 Image size of job updated: 58616292
	57240  -  MemoryUsage of job (MB)
	58612900  -  ResidentSetSize of job (KB)
...
006 (9868247.000.000) 05/19 21:13:30 Image size of job updated: 61893012
	60415  -  MemoryUsage of job (MB)
	61863948  -  ResidentSetSize of job (KB)
...
006 (9868247.000.000) 05/19 21:18:31 Image size of job updated: 63786920
	62277  -  MemoryUsage of job (MB)
	63771644  -  ResidentSetSize of job (KB)
...
006 (9868247.000.000) 05/19 21:23:32 Image size of job updated: 65550548
	63844  -  MemoryUsage of job (MB)
	65376192  -  ResidentSetSize of job (KB)
...
006 (9868247.000.000) 05/19 21:28:32 Image size of job updated: 66852180
	65276  -  MemoryUsage of job (MB)
	66842324  -  ResidentSetSize of job (KB)
...
006 (9868247.000.000) 05/19 21:33:33 Image size of job updated: 71113320
	69446  -  MemoryUsage of job (MB)
	71112124  -  ResidentSetSize of job (KB)
...
006 (9868247.000.000) 05/19 21:38:34 Image size of job updated: 73905652
	72138  -  MemoryUsage of job (MB)
	73869004  -  ResidentSetSize of job (KB)
...
006 (9868247.000.000) 05/19 21:43:34 Image size of job updated: 74903708
	73143  -  MemoryUsage of job (MB)
	74898344  -  ResidentSetSize of job (KB)
...
006 (9868247.000.000) 05/19 21:48:34 Image size of job updated: 76826768
	75024  -  MemoryUsage of job (MB)
	76824496  -  ResidentSetSize of job (KB)
...
006 (9868247.000.000) 05/19 21:53:35 Image size of job updated: 77025164
	75024  -  MemoryUsage of job (MB)
	76824496  -  ResidentSetSize of job (KB)
...
040 (9868247.000.000) 05/19 23:04:14 Started transferring output files
...
040 (9868247.000.000) 05/19 23:04:14 Finished transferring output files
...
005 (9868247.000.000) 05/19 23:04:14 Job terminated.
	(1) Normal termination (return value 0)
		Usr 0 02:24:39, Sys 0 00:41:45  -  Run Remote Usage
		Usr 0 00:00:00, Sys 0 00:00:00  -  Run Local Usage
		Usr 0 02:24:39, Sys 0 00:41:45  -  Total Remote Usage
		Usr 0 00:00:00, Sys 0 00:00:00  -  Total Local Usage
	8422  -  Run Bytes Sent By Job
	197  -  Run Bytes Received By Job
	8422  -  Total Bytes Sent By Job
	197  -  Total Bytes Received By Job
	Partitionable Resources :    Usage  Request Allocated 
	   Cpus                 :     0.99        1         1 
	   Disk (KB)            :    30           1   2879370 
	   Memory (MB)          : 75024        2000      2000 

	Job terminated of its own accord at 2024-05-19T21:04:14Z with exit-code 0.
...
