000 (9826699.000.000) 05/16 09:12:48 Job submitted from host: <137.138.156.150:9618?addrs=137.138.156.150-9618+[2001-1458-d00-14--9a]-9618&alias=bigbird13.cern.ch&noUDP&sock=schedd_25162_9e1a>
...
040 (9826699.000.000) 05/16 09:38:55 Started transferring input files
	Transferring to host: <128.142.131.123:9618?addrs=128.142.131.123-9618+[2001-1458-301-59--100-6f]-9618&alias=b9g11p3298.cern.ch&noUDP&sock=slot1_21_2951_ff11_41066>
...
040 (9826699.000.000) 05/16 09:38:55 Finished transferring input files
...
001 (9826699.000.000) 05/16 09:38:56 Job executing on host: <128.142.131.123:9618?addrs=128.142.131.123-9618+[2001-1458-301-59--100-6f]-9618&alias=b9g11p3298.cern.ch&noUDP&sock=startd_2631_39c3>
	SlotName: slot1_21@b9g11p3298.cern.ch
	CondorScratchDir = "/pool/condor/dir_193762"
	Cpus = 1
	Disk = 1718419
	Memory = 2000
...
006 (9826699.000.000) 05/16 09:39:05 Image size of job updated: 132528
	130  -  MemoryUsage of job (MB)
	132528  -  ResidentSetSize of job (KB)
...
006 (9826699.000.000) 05/16 09:44:06 Image size of job updated: 424096
	415  -  MemoryUsage of job (MB)
	424096  -  ResidentSetSize of job (KB)
...
006 (9826699.000.000) 05/16 09:49:06 Image size of job updated: 642580
	628  -  MemoryUsage of job (MB)
	642580  -  ResidentSetSize of job (KB)
...
006 (9826699.000.000) 05/16 09:54:06 Image size of job updated: 855992
	836  -  MemoryUsage of job (MB)
	855992  -  ResidentSetSize of job (KB)
...
006 (9826699.000.000) 05/16 09:59:07 Image size of job updated: 1074812
	1050  -  MemoryUsage of job (MB)
	1074812  -  ResidentSetSize of job (KB)
...
006 (9826699.000.000) 05/16 10:04:07 Image size of job updated: 1284476
	1255  -  MemoryUsage of job (MB)
	1284476  -  ResidentSetSize of job (KB)
...
006 (9826699.000.000) 05/16 10:09:07 Image size of job updated: 1509184
	1474  -  MemoryUsage of job (MB)
	1509184  -  ResidentSetSize of job (KB)
...
006 (9826699.000.000) 05/16 10:14:08 Image size of job updated: 1724648
	1685  -  MemoryUsage of job (MB)
	1724648  -  ResidentSetSize of job (KB)
...
006 (9826699.000.000) 05/16 10:19:09 Image size of job updated: 1939496
	1895  -  MemoryUsage of job (MB)
	1939496  -  ResidentSetSize of job (KB)
...
006 (9826699.000.000) 05/16 10:24:09 Image size of job updated: 2157772
	2108  -  MemoryUsage of job (MB)
	2157772  -  ResidentSetSize of job (KB)
...
006 (9826699.000.000) 05/16 10:29:10 Image size of job updated: 2383380
	2328  -  MemoryUsage of job (MB)
	2383380  -  ResidentSetSize of job (KB)
...
006 (9826699.000.000) 05/16 10:34:11 Image size of job updated: 2601184
	2541  -  MemoryUsage of job (MB)
	2601184  -  ResidentSetSize of job (KB)
...
006 (9826699.000.000) 05/16 10:39:11 Image size of job updated: 2814144
	2749  -  MemoryUsage of job (MB)
	2814144  -  ResidentSetSize of job (KB)
...
006 (9826699.000.000) 05/16 10:44:11 Image size of job updated: 3027164
	2957  -  MemoryUsage of job (MB)
	3027164  -  ResidentSetSize of job (KB)
...
006 (9826699.000.000) 05/16 10:49:12 Image size of job updated: 3262256
	3186  -  MemoryUsage of job (MB)
	3262256  -  ResidentSetSize of job (KB)
...
006 (9826699.000.000) 05/16 10:54:12 Image size of job updated: 3479704
	3399  -  MemoryUsage of job (MB)
	3479704  -  ResidentSetSize of job (KB)
...
006 (9826699.000.000) 05/16 10:59:12 Image size of job updated: 3719484
	3633  -  MemoryUsage of job (MB)
	3719484  -  ResidentSetSize of job (KB)
...
006 (9826699.000.000) 05/16 11:04:13 Image size of job updated: 3946292
	3854  -  MemoryUsage of job (MB)
	3946292  -  ResidentSetSize of job (KB)
...
006 (9826699.000.000) 05/16 11:09:14 Image size of job updated: 4177888
	4080  -  MemoryUsage of job (MB)
	4177888  -  ResidentSetSize of job (KB)
...
006 (9826699.000.000) 05/16 11:14:14 Image size of job updated: 4403256
	4301  -  MemoryUsage of job (MB)
	4403256  -  ResidentSetSize of job (KB)
...
006 (9826699.000.000) 05/16 11:19:15 Image size of job updated: 4640576
	4532  -  MemoryUsage of job (MB)
	4640576  -  ResidentSetSize of job (KB)
...
006 (9826699.000.000) 05/16 11:24:16 Image size of job updated: 4871820
	4758  -  MemoryUsage of job (MB)
	4871820  -  ResidentSetSize of job (KB)
...
006 (9826699.000.000) 05/16 11:29:16 Image size of job updated: 5112180
	4993  -  MemoryUsage of job (MB)
	5112180  -  ResidentSetSize of job (KB)
...
006 (9826699.000.000) 05/16 11:34:16 Image size of job updated: 5337556
	5213  -  MemoryUsage of job (MB)
	5337556  -  ResidentSetSize of job (KB)
...
006 (9826699.000.000) 05/16 11:39:17 Image size of job updated: 5555864
	5426  -  MemoryUsage of job (MB)
	5555864  -  ResidentSetSize of job (KB)
...
006 (9826699.000.000) 05/16 11:44:17 Image size of job updated: 5788872
	5654  -  MemoryUsage of job (MB)
	5788872  -  ResidentSetSize of job (KB)
...
006 (9826699.000.000) 05/16 11:49:17 Image size of job updated: 6018288
	5878  -  MemoryUsage of job (MB)
	6018288  -  ResidentSetSize of job (KB)
...
006 (9826699.000.000) 05/16 11:54:19 Image size of job updated: 6269144
	6123  -  MemoryUsage of job (MB)
	6269144  -  ResidentSetSize of job (KB)
...
006 (9826699.000.000) 05/16 11:59:19 Image size of job updated: 6491740
	6340  -  MemoryUsage of job (MB)
	6491740  -  ResidentSetSize of job (KB)
...
006 (9826699.000.000) 05/16 12:04:19 Image size of job updated: 6715884
	6559  -  MemoryUsage of job (MB)
	6715884  -  ResidentSetSize of job (KB)
...
006 (9826699.000.000) 05/16 12:09:20 Image size of job updated: 6951180
	6789  -  MemoryUsage of job (MB)
	6951180  -  ResidentSetSize of job (KB)
...
006 (9826699.000.000) 05/16 12:14:21 Image size of job updated: 7187852
	7020  -  MemoryUsage of job (MB)
	7187852  -  ResidentSetSize of job (KB)
...
006 (9826699.000.000) 05/16 12:19:21 Image size of job updated: 7411844
	7239  -  MemoryUsage of job (MB)
	7411844  -  ResidentSetSize of job (KB)
...
006 (9826699.000.000) 05/16 12:24:22 Image size of job updated: 7633796
	7455  -  MemoryUsage of job (MB)
	7633796  -  ResidentSetSize of job (KB)
...
006 (9826699.000.000) 05/16 12:29:23 Image size of job updated: 7860588
	7677  -  MemoryUsage of job (MB)
	7860588  -  ResidentSetSize of job (KB)
...
006 (9826699.000.000) 05/16 12:34:23 Image size of job updated: 8073296
	7885  -  MemoryUsage of job (MB)
	8073296  -  ResidentSetSize of job (KB)
...
006 (9826699.000.000) 05/16 12:39:23 Image size of job updated: 8287288
	8094  -  MemoryUsage of job (MB)
	8287288  -  ResidentSetSize of job (KB)
...
006 (9826699.000.000) 05/16 12:44:24 Image size of job updated: 8526296
	8327  -  MemoryUsage of job (MB)
	8526296  -  ResidentSetSize of job (KB)
...
006 (9826699.000.000) 05/16 12:49:24 Image size of job updated: 8526296
	8328  -  MemoryUsage of job (MB)
	8527072  -  ResidentSetSize of job (KB)
...
006 (9826699.000.000) 05/16 13:04:26 Image size of job updated: 8630276
	8429  -  MemoryUsage of job (MB)
	8630276  -  ResidentSetSize of job (KB)
...
006 (9826699.000.000) 05/16 13:09:26 Image size of job updated: 8863036
	8656  -  MemoryUsage of job (MB)
	8863036  -  ResidentSetSize of job (KB)
...
006 (9826699.000.000) 05/16 13:14:27 Image size of job updated: 9091664
	8879  -  MemoryUsage of job (MB)
	9091664  -  ResidentSetSize of job (KB)
...
006 (9826699.000.000) 05/16 13:19:28 Image size of job updated: 9316596
	9099  -  MemoryUsage of job (MB)
	9316596  -  ResidentSetSize of job (KB)
...
006 (9826699.000.000) 05/16 13:24:28 Image size of job updated: 9524620
	9302  -  MemoryUsage of job (MB)
	9524620  -  ResidentSetSize of job (KB)
...
006 (9826699.000.000) 05/16 13:29:28 Image size of job updated: 9764480
	9536  -  MemoryUsage of job (MB)
	9764480  -  ResidentSetSize of job (KB)
...
006 (9826699.000.000) 05/16 15:44:41 Image size of job updated: 9786776
	9558  -  MemoryUsage of job (MB)
	9786776  -  ResidentSetSize of job (KB)
...
006 (9826699.000.000) 05/16 15:49:42 Image size of job updated: 10062388
	9827  -  MemoryUsage of job (MB)
	10062388  -  ResidentSetSize of job (KB)
...
006 (9826699.000.000) 05/16 15:54:42 Image size of job updated: 10312704
	10071  -  MemoryUsage of job (MB)
	10312704  -  ResidentSetSize of job (KB)
...
006 (9826699.000.000) 05/16 15:59:43 Image size of job updated: 10598800
	10351  -  MemoryUsage of job (MB)
	10598800  -  ResidentSetSize of job (KB)
...
006 (9826699.000.000) 05/16 16:04:44 Image size of job updated: 10864808
	10611  -  MemoryUsage of job (MB)
	10864808  -  ResidentSetSize of job (KB)
...
006 (9826699.000.000) 05/16 16:09:44 Image size of job updated: 11148256
	10887  -  MemoryUsage of job (MB)
	11148256  -  ResidentSetSize of job (KB)
...
006 (9826699.000.000) 05/16 16:14:44 Image size of job updated: 11417404
	11150  -  MemoryUsage of job (MB)
	11417404  -  ResidentSetSize of job (KB)
...
006 (9826699.000.000) 05/16 16:19:45 Image size of job updated: 11700296
	11427  -  MemoryUsage of job (MB)
	11700296  -  ResidentSetSize of job (KB)
...
006 (9826699.000.000) 05/16 16:24:45 Image size of job updated: 11990236
	11710  -  MemoryUsage of job (MB)
	11990236  -  ResidentSetSize of job (KB)
...
006 (9826699.000.000) 05/16 16:29:45 Image size of job updated: 12270396
	11983  -  MemoryUsage of job (MB)
	12270396  -  ResidentSetSize of job (KB)
...
006 (9826699.000.000) 05/16 16:34:46 Image size of job updated: 12511376
	12219  -  MemoryUsage of job (MB)
	12511376  -  ResidentSetSize of job (KB)
...
