000 (9868231.000.000) 05/19 18:03:27 Job submitted from host: <137.138.156.150:9618?addrs=137.138.156.150-9618+[2001-1458-d00-14--9a]-9618&alias=bigbird13.cern.ch&noUDP&sock=schedd_25162_9e1a>
...
040 (9868231.000.000) 05/19 19:03:01 Started transferring input files
	Transferring to host: <128.142.60.84:9618?addrs=128.142.60.84-9618+[2001-1458-301-22--100-53]-9618&alias=b9s05p5125.cern.ch&noUDP&sock=slot1_16_380774_7ab5_135127>
...
040 (9868231.000.000) 05/19 19:03:01 Finished transferring input files
...
001 (9868231.000.000) 05/19 19:03:02 Job executing on host: <128.142.60.84:9618?addrs=128.142.60.84-9618+[2001-1458-301-22--100-53]-9618&alias=b9s05p5125.cern.ch&noUDP&sock=startd_380735_1ecb>
	SlotName: slot1_16@b9s05p5125.cern.ch
	CondorScratchDir = "/pool/condor/dir_2724192"
	Cpus = 1
	Disk = 2815850
	Memory = 2000
...
006 (9868231.000.000) 05/19 19:03:11 Image size of job updated: 47096
	46  -  MemoryUsage of job (MB)
	47096  -  ResidentSetSize of job (KB)
...
006 (9868231.000.000) 05/19 19:08:12 Image size of job updated: 2641276
	2578  -  MemoryUsage of job (MB)
	2639732  -  ResidentSetSize of job (KB)
...
006 (9868231.000.000) 05/19 19:13:13 Image size of job updated: 6751408
	6592  -  MemoryUsage of job (MB)
	6749880  -  ResidentSetSize of job (KB)
...
006 (9868231.000.000) 05/19 19:18:13 Image size of job updated: 9904880
	9648  -  MemoryUsage of job (MB)
	9878676  -  ResidentSetSize of job (KB)
...
006 (9868231.000.000) 05/19 19:23:13 Image size of job updated: 13578684
	13259  -  MemoryUsage of job (MB)
	13576552  -  ResidentSetSize of job (KB)
...
006 (9868231.000.000) 05/19 19:28:14 Image size of job updated: 16565928
	16176  -  MemoryUsage of job (MB)
	16563336  -  ResidentSetSize of job (KB)
...
006 (9868231.000.000) 05/19 19:33:14 Image size of job updated: 19836420
	19371  -  MemoryUsage of job (MB)
	19835152  -  ResidentSetSize of job (KB)
...
006 (9868231.000.000) 05/19 19:38:14 Image size of job updated: 23596300
	23026  -  MemoryUsage of job (MB)
	23578076  -  ResidentSetSize of job (KB)
...
006 (9868231.000.000) 05/19 19:43:15 Image size of job updated: 26275748
	25657  -  MemoryUsage of job (MB)
	26271856  -  ResidentSetSize of job (KB)
...
006 (9868231.000.000) 05/19 19:48:16 Image size of job updated: 30052052
	29339  -  MemoryUsage of job (MB)
	30042864  -  ResidentSetSize of job (KB)
...
006 (9868231.000.000) 05/19 19:53:16 Image size of job updated: 33937792
	33141  -  MemoryUsage of job (MB)
	33935544  -  ResidentSetSize of job (KB)
...
006 (9868231.000.000) 05/19 19:58:17 Image size of job updated: 37539328
	36432  -  MemoryUsage of job (MB)
	37305556  -  ResidentSetSize of job (KB)
...
006 (9868231.000.000) 05/19 20:03:18 Image size of job updated: 39925772
	38990  -  MemoryUsage of job (MB)
	39925164  -  ResidentSetSize of job (KB)
...
006 (9868231.000.000) 05/19 20:08:18 Image size of job updated: 42239884
	40303  -  MemoryUsage of job (MB)
	41269784  -  ResidentSetSize of job (KB)
...
006 (9868231.000.000) 05/19 20:13:18 Image size of job updated: 43094516
	42015  -  MemoryUsage of job (MB)
	43023284  -  ResidentSetSize of job (KB)
...
006 (9868231.000.000) 05/19 20:18:19 Image size of job updated: 44792900
	42015  -  MemoryUsage of job (MB)
	43023284  -  ResidentSetSize of job (KB)
...
006 (9868231.000.000) 05/19 20:48:22 Image size of job updated: 46228876
	45144  -  MemoryUsage of job (MB)
	46227292  -  ResidentSetSize of job (KB)
...
006 (9868231.000.000) 05/19 20:53:23 Image size of job updated: 47082688
	45144  -  MemoryUsage of job (MB)
	46227416  -  ResidentSetSize of job (KB)
...
006 (9868231.000.000) 05/19 21:28:26 Image size of job updated: 47324412
	46214  -  MemoryUsage of job (MB)
	47322696  -  ResidentSetSize of job (KB)
...
006 (9868231.000.000) 05/19 21:33:26 Image size of job updated: 51626380
	50416  -  MemoryUsage of job (MB)
	51625308  -  ResidentSetSize of job (KB)
...
006 (9868231.000.000) 05/19 21:38:27 Image size of job updated: 54307500
	50949  -  MemoryUsage of job (MB)
	52171196  -  ResidentSetSize of job (KB)
...
006 (9868231.000.000) 05/19 21:53:28 Image size of job updated: 54307500
	52379  -  MemoryUsage of job (MB)
	53635592  -  ResidentSetSize of job (KB)
...
006 (9868231.000.000) 05/19 21:58:30 Image size of job updated: 55807452
	54499  -  MemoryUsage of job (MB)
	55806296  -  ResidentSetSize of job (KB)
...
006 (9868231.000.000) 05/19 22:03:30 Image size of job updated: 57575320
	56225  -  MemoryUsage of job (MB)
	57574128  -  ResidentSetSize of job (KB)
...
006 (9868231.000.000) 05/19 22:08:30 Image size of job updated: 58457744
	56242  -  MemoryUsage of job (MB)
	57591564  -  ResidentSetSize of job (KB)
...
040 (9868231.000.000) 05/19 23:39:59 Started transferring output files
...
040 (9868231.000.000) 05/19 23:39:59 Finished transferring output files
...
005 (9868231.000.000) 05/19 23:39:59 Job terminated.
	(1) Normal termination (return value 0)
		Usr 0 02:36:33, Sys 0 00:45:14  -  Run Remote Usage
		Usr 0 00:00:00, Sys 0 00:00:00  -  Run Local Usage
		Usr 0 02:36:33, Sys 0 00:45:14  -  Total Remote Usage
		Usr 0 00:00:00, Sys 0 00:00:00  -  Total Local Usage
	10162  -  Run Bytes Sent By Job
	197  -  Run Bytes Received By Job
	10162  -  Total Bytes Sent By Job
	197  -  Total Bytes Received By Job
	Partitionable Resources :    Usage  Request Allocated 
	   Cpus                 :     0.99        1         1 
	   Disk (KB)            :    31           1   2815850 
	   Memory (MB)          : 56242        2000      2000 

	Job terminated of its own accord at 2024-05-19T21:39:59Z with exit-code 0.
...
