000 (9826683.000.000) 05/16 09:12:34 Job submitted from host: <137.138.156.150:9618?addrs=137.138.156.150-9618+[2001-1458-d00-14--9a]-9618&alias=bigbird13.cern.ch&noUDP&sock=schedd_25162_9e1a>
...
040 (9826683.000.000) 05/16 09:38:51 Started transferring input files
	Transferring to host: <188.185.205.54:9618?addrs=188.185.205.54-9618&alias=b9p03p2398.cern.ch&noUDP&sock=slot1_32_7386_dae5_82849>
...
040 (9826683.000.000) 05/16 09:38:51 Finished transferring input files
...
001 (9826683.000.000) 05/16 09:38:52 Job executing on host: <188.185.205.54:9618?addrs=188.185.205.54-9618&alias=b9p03p2398.cern.ch&noUDP&sock=startd_7320_7d58>
	SlotName: slot1_32@b9p03p2398.cern.ch
	CondorScratchDir = "/pool/condor/dir_686996"
	Cpus = 1
	Disk = 2854220
	Memory = 2000
...
006 (9826683.000.000) 05/16 09:39:01 Image size of job updated: 45264
	44  -  MemoryUsage of job (MB)
	44504  -  ResidentSetSize of job (KB)
...
006 (9826683.000.000) 05/16 09:44:02 Image size of job updated: 568564
	552  -  MemoryUsage of job (MB)
	564856  -  ResidentSetSize of job (KB)
...
006 (9826683.000.000) 05/16 09:49:03 Image size of job updated: 1009340
	978  -  MemoryUsage of job (MB)
	1001032  -  ResidentSetSize of job (KB)
...
006 (9826683.000.000) 05/16 09:54:03 Image size of job updated: 1475056
	1433  -  MemoryUsage of job (MB)
	1466740  -  ResidentSetSize of job (KB)
...
006 (9826683.000.000) 05/16 09:59:03 Image size of job updated: 1966116
	1912  -  MemoryUsage of job (MB)
	1956988  -  ResidentSetSize of job (KB)
...
006 (9826683.000.000) 05/16 10:04:04 Image size of job updated: 2464428
	2403  -  MemoryUsage of job (MB)
	2460048  -  ResidentSetSize of job (KB)
...
006 (9826683.000.000) 05/16 10:09:04 Image size of job updated: 2996864
	2926  -  MemoryUsage of job (MB)
	2995460  -  ResidentSetSize of job (KB)
...
006 (9826683.000.000) 05/16 10:14:04 Image size of job updated: 3600232
	3513  -  MemoryUsage of job (MB)
	3597244  -  ResidentSetSize of job (KB)
...
006 (9826683.000.000) 05/16 10:19:05 Image size of job updated: 4090588
	3994  -  MemoryUsage of job (MB)
	4089036  -  ResidentSetSize of job (KB)
...
006 (9826683.000.000) 05/16 10:24:06 Image size of job updated: 4563180
	4455  -  MemoryUsage of job (MB)
	4561316  -  ResidentSetSize of job (KB)
...
006 (9826683.000.000) 05/16 10:29:06 Image size of job updated: 5016896
	4893  -  MemoryUsage of job (MB)
	5009476  -  ResidentSetSize of job (KB)
...
006 (9826683.000.000) 05/16 10:34:07 Image size of job updated: 5484304
	5348  -  MemoryUsage of job (MB)
	5475408  -  ResidentSetSize of job (KB)
...
006 (9826683.000.000) 05/16 10:39:08 Image size of job updated: 5982824
	5835  -  MemoryUsage of job (MB)
	5974576  -  ResidentSetSize of job (KB)
...
006 (9826683.000.000) 05/16 10:44:08 Image size of job updated: 6485596
	6329  -  MemoryUsage of job (MB)
	6480576  -  ResidentSetSize of job (KB)
...
006 (9826683.000.000) 05/16 10:49:09 Image size of job updated: 6996588
	6825  -  MemoryUsage of job (MB)
	6988500  -  ResidentSetSize of job (KB)
...
006 (9826683.000.000) 05/16 10:54:10 Image size of job updated: 7493388
	7311  -  MemoryUsage of job (MB)
	7486384  -  ResidentSetSize of job (KB)
...
006 (9826683.000.000) 05/16 10:59:10 Image size of job updated: 8010916
	7822  -  MemoryUsage of job (MB)
	8009332  -  ResidentSetSize of job (KB)
...
006 (9826683.000.000) 05/16 11:04:10 Image size of job updated: 8504412
	8302  -  MemoryUsage of job (MB)
	8501128  -  ResidentSetSize of job (KB)
...
006 (9826683.000.000) 05/16 11:09:11 Image size of job updated: 8982444
	8764  -  MemoryUsage of job (MB)
	8973324  -  ResidentSetSize of job (KB)
...
006 (9826683.000.000) 05/16 11:14:12 Image size of job updated: 9456156
	9227  -  MemoryUsage of job (MB)
	9447836  -  ResidentSetSize of job (KB)
...
006 (9826683.000.000) 05/16 11:19:12 Image size of job updated: 9931960
	9693  -  MemoryUsage of job (MB)
	9924644  -  ResidentSetSize of job (KB)
...
006 (9826683.000.000) 05/16 11:24:13 Image size of job updated: 10422900
	10175  -  MemoryUsage of job (MB)
	10419100  -  ResidentSetSize of job (KB)
...
006 (9826683.000.000) 05/16 11:29:14 Image size of job updated: 10897528
	10641  -  MemoryUsage of job (MB)
	10895584  -  ResidentSetSize of job (KB)
...
006 (9826683.000.000) 05/16 11:34:14 Image size of job updated: 11269316
	10997  -  MemoryUsage of job (MB)
	11260696  -  ResidentSetSize of job (KB)
...
006 (9826683.000.000) 05/16 11:39:14 Image size of job updated: 11792796
	11512  -  MemoryUsage of job (MB)
	11787432  -  ResidentSetSize of job (KB)
...
006 (9826683.000.000) 05/16 11:44:15 Image size of job updated: 12294172
	12004  -  MemoryUsage of job (MB)
	12291592  -  ResidentSetSize of job (KB)
...
006 (9826683.000.000) 05/16 11:49:16 Image size of job updated: 12805560
	12506  -  MemoryUsage of job (MB)
	12805192  -  ResidentSetSize of job (KB)
...
006 (9826683.000.000) 05/16 11:54:16 Image size of job updated: 13285732
	12967  -  MemoryUsage of job (MB)
	13277324  -  ResidentSetSize of job (KB)
...
006 (9826683.000.000) 05/16 11:59:17 Image size of job updated: 13796596
	13468  -  MemoryUsage of job (MB)
	13790396  -  ResidentSetSize of job (KB)
...
006 (9826683.000.000) 05/16 12:04:18 Image size of job updated: 14254940
	13920  -  MemoryUsage of job (MB)
	14253300  -  ResidentSetSize of job (KB)
...
006 (9826683.000.000) 05/16 12:09:18 Image size of job updated: 14852876
	14503  -  MemoryUsage of job (MB)
	14850064  -  ResidentSetSize of job (KB)
...
006 (9826683.000.000) 05/16 12:14:18 Image size of job updated: 15456376
	15093  -  MemoryUsage of job (MB)
	15454852  -  ResidentSetSize of job (KB)
...
006 (9826683.000.000) 05/16 12:19:19 Image size of job updated: 16044840
	15666  -  MemoryUsage of job (MB)
	16041900  -  ResidentSetSize of job (KB)
...
006 (9826683.000.000) 05/16 12:24:20 Image size of job updated: 16610884
	16221  -  MemoryUsage of job (MB)
	16610228  -  ResidentSetSize of job (KB)
...
006 (9826683.000.000) 05/16 12:29:20 Image size of job updated: 17102112
	16696  -  MemoryUsage of job (MB)
	17096508  -  ResidentSetSize of job (KB)
...
006 (9826683.000.000) 05/16 12:34:21 Image size of job updated: 17650468
	17231  -  MemoryUsage of job (MB)
	17643684  -  ResidentSetSize of job (KB)
...
006 (9826683.000.000) 05/16 12:39:22 Image size of job updated: 18187496
	17760  -  MemoryUsage of job (MB)
	18185524  -  ResidentSetSize of job (KB)
...
006 (9826683.000.000) 05/16 12:44:22 Image size of job updated: 18803404
	18363  -  MemoryUsage of job (MB)
	18803160  -  ResidentSetSize of job (KB)
...
006 (9826683.000.000) 05/16 12:49:22 Image size of job updated: 19215200
	18363  -  MemoryUsage of job (MB)
	18803160  -  ResidentSetSize of job (KB)
...
006 (9826683.000.000) 05/16 13:19:26 Image size of job updated: 19215200
	18581  -  MemoryUsage of job (MB)
	19026216  -  ResidentSetSize of job (KB)
...
006 (9826683.000.000) 05/16 13:24:26 Image size of job updated: 19576464
	19111  -  MemoryUsage of job (MB)
	19569028  -  ResidentSetSize of job (KB)
...
006 (9826683.000.000) 05/16 13:29:27 Image size of job updated: 20176368
	19697  -  MemoryUsage of job (MB)
	20168876  -  ResidentSetSize of job (KB)
...
006 (9826683.000.000) 05/16 13:34:27 Image size of job updated: 20775052
	20286  -  MemoryUsage of job (MB)
	20772144  -  ResidentSetSize of job (KB)
...
006 (9826683.000.000) 05/16 13:39:27 Image size of job updated: 21375464
	20872  -  MemoryUsage of job (MB)
	21372056  -  ResidentSetSize of job (KB)
...
006 (9826683.000.000) 05/16 13:44:28 Image size of job updated: 21970716
	21456  -  MemoryUsage of job (MB)
	21969956  -  ResidentSetSize of job (KB)
...
006 (9826683.000.000) 05/16 13:49:29 Image size of job updated: 22542692
	22013  -  MemoryUsage of job (MB)
	22540860  -  ResidentSetSize of job (KB)
...
006 (9826683.000.000) 05/16 13:54:29 Image size of job updated: 23118656
	22576  -  MemoryUsage of job (MB)
	23117384  -  ResidentSetSize of job (KB)
...
006 (9826683.000.000) 05/16 13:59:30 Image size of job updated: 23712388
	23155  -  MemoryUsage of job (MB)
	23710412  -  ResidentSetSize of job (KB)
...
006 (9826683.000.000) 05/16 14:04:31 Image size of job updated: 24279768
	23711  -  MemoryUsage of job (MB)
	24279292  -  ResidentSetSize of job (KB)
...
006 (9826683.000.000) 05/16 14:09:31 Image size of job updated: 24873048
	24284  -  MemoryUsage of job (MB)
	24866532  -  ResidentSetSize of job (KB)
...
006 (9826683.000.000) 05/16 14:14:31 Image size of job updated: 25462328
	24861  -  MemoryUsage of job (MB)
	25456736  -  ResidentSetSize of job (KB)
...
006 (9826683.000.000) 05/16 14:19:32 Image size of job updated: 26110312
	25497  -  MemoryUsage of job (MB)
	26108476  -  ResidentSetSize of job (KB)
...
006 (9826683.000.000) 05/16 14:24:33 Image size of job updated: 26660756
	26031  -  MemoryUsage of job (MB)
	26655708  -  ResidentSetSize of job (KB)
...
006 (9826683.000.000) 05/16 14:29:33 Image size of job updated: 26905656
	26031  -  MemoryUsage of job (MB)
	26655708  -  ResidentSetSize of job (KB)
...
040 (9826683.000.000) 05/16 15:29:20 Started transferring output files
...
040 (9826683.000.000) 05/16 15:29:20 Finished transferring output files
...
005 (9826683.000.000) 05/16 15:29:20 Job terminated.
	(1) Normal termination (return value 0)
		Usr 0 01:34:22, Sys 0 00:25:58  -  Run Remote Usage
		Usr 0 00:00:00, Sys 0 00:00:00  -  Run Local Usage
		Usr 0 01:34:22, Sys 0 00:25:58  -  Total Remote Usage
		Usr 0 00:00:00, Sys 0 00:00:00  -  Total Local Usage
	7414  -  Run Bytes Sent By Job
	197  -  Run Bytes Received By Job
	7414  -  Total Bytes Sent By Job
	197  -  Total Bytes Received By Job
	Partitionable Resources :    Usage  Request Allocated 
	   Cpus                 :     0.99        1         1 
	   Disk (KB)            :    28           1   2854220 
	   Memory (MB)          : 26031        2000      2000 

	Job terminated of its own accord at 2024-05-16T13:29:20Z with exit-code 0.
...
