000 (9826727.000.000) 05/16 09:13:13 Job submitted from host: <137.138.156.150:9618?addrs=137.138.156.150-9618+[2001-1458-d00-14--9a]-9618&alias=bigbird13.cern.ch&noUDP&sock=schedd_25162_9e1a>
...
040 (9826727.000.000) 05/16 09:39:04 Started transferring input files
	Transferring to host: <188.185.205.54:9618?addrs=188.185.205.54-9618&alias=b9p03p2398.cern.ch&noUDP&sock=slot1_44_7386_dae5_82854>
...
040 (9826727.000.000) 05/16 09:39:04 Finished transferring input files
...
001 (9826727.000.000) 05/16 09:39:05 Job executing on host: <188.185.205.54:9618?addrs=188.185.205.54-9618&alias=b9p03p2398.cern.ch&noUDP&sock=startd_7320_7d58>
	SlotName: slot1_44@b9p03p2398.cern.ch
	CondorScratchDir = "/pool/condor/dir_688651"
	Cpus = 1
	Disk = 2850505
	Memory = 2000
...
006 (9826727.000.000) 05/16 09:39:13 Image size of job updated: 44812
	44  -  MemoryUsage of job (MB)
	44340  -  ResidentSetSize of job (KB)
...
006 (9826727.000.000) 05/16 09:44:13 Image size of job updated: 586180
	564  -  MemoryUsage of job (MB)
	577524  -  ResidentSetSize of job (KB)
...
006 (9826727.000.000) 05/16 09:49:14 Image size of job updated: 1033172
	1008  -  MemoryUsage of job (MB)
	1031628  -  ResidentSetSize of job (KB)
...
006 (9826727.000.000) 05/16 09:54:14 Image size of job updated: 1501308
	1462  -  MemoryUsage of job (MB)
	1496508  -  ResidentSetSize of job (KB)
...
006 (9826727.000.000) 05/16 09:59:14 Image size of job updated: 1955568
	1901  -  MemoryUsage of job (MB)
	1946484  -  ResidentSetSize of job (KB)
...
006 (9826727.000.000) 05/16 10:04:15 Image size of job updated: 2435288
	2379  -  MemoryUsage of job (MB)
	2435288  -  ResidentSetSize of job (KB)
...
006 (9826727.000.000) 05/16 10:09:16 Image size of job updated: 2891992
	2823  -  MemoryUsage of job (MB)
	2889928  -  ResidentSetSize of job (KB)
...
006 (9826727.000.000) 05/16 10:14:16 Image size of job updated: 3338020
	3259  -  MemoryUsage of job (MB)
	3336548  -  ResidentSetSize of job (KB)
...
006 (9826727.000.000) 05/16 10:19:16 Image size of job updated: 3850652
	3753  -  MemoryUsage of job (MB)
	3842636  -  ResidentSetSize of job (KB)
...
006 (9826727.000.000) 05/16 10:24:17 Image size of job updated: 4288400
	4187  -  MemoryUsage of job (MB)
	4287408  -  ResidentSetSize of job (KB)
...
006 (9826727.000.000) 05/16 10:29:17 Image size of job updated: 4752316
	4640  -  MemoryUsage of job (MB)
	4751156  -  ResidentSetSize of job (KB)
...
006 (9826727.000.000) 05/16 10:34:17 Image size of job updated: 5218632
	5089  -  MemoryUsage of job (MB)
	5210256  -  ResidentSetSize of job (KB)
...
006 (9826727.000.000) 05/16 10:39:18 Image size of job updated: 5718956
	5578  -  MemoryUsage of job (MB)
	5711296  -  ResidentSetSize of job (KB)
...
006 (9826727.000.000) 05/16 10:44:19 Image size of job updated: 6247932
	6094  -  MemoryUsage of job (MB)
	6240112  -  ResidentSetSize of job (KB)
...
006 (9826727.000.000) 05/16 10:49:19 Image size of job updated: 6743840
	6579  -  MemoryUsage of job (MB)
	6736236  -  ResidentSetSize of job (KB)
...
006 (9826727.000.000) 05/16 10:54:20 Image size of job updated: 7238936
	7063  -  MemoryUsage of job (MB)
	7232172  -  ResidentSetSize of job (KB)
...
006 (9826727.000.000) 05/16 10:59:21 Image size of job updated: 7744908
	7556  -  MemoryUsage of job (MB)
	7736792  -  ResidentSetSize of job (KB)
...
006 (9826727.000.000) 05/16 11:04:21 Image size of job updated: 8219964
	8024  -  MemoryUsage of job (MB)
	8216244  -  ResidentSetSize of job (KB)
...
006 (9826727.000.000) 05/16 11:09:21 Image size of job updated: 8720040
	8507  -  MemoryUsage of job (MB)
	8710972  -  ResidentSetSize of job (KB)
...
006 (9826727.000.000) 05/16 11:14:22 Image size of job updated: 9198584
	8980  -  MemoryUsage of job (MB)
	9195360  -  ResidentSetSize of job (KB)
...
006 (9826727.000.000) 05/16 11:19:22 Image size of job updated: 9677936
	9447  -  MemoryUsage of job (MB)
	9673252  -  ResidentSetSize of job (KB)
...
006 (9826727.000.000) 05/16 11:24:22 Image size of job updated: 10197992
	9958  -  MemoryUsage of job (MB)
	10196184  -  ResidentSetSize of job (KB)
...
006 (9826727.000.000) 05/16 11:29:23 Image size of job updated: 10683220
	10428  -  MemoryUsage of job (MB)
	10678228  -  ResidentSetSize of job (KB)
...
006 (9826727.000.000) 05/16 11:34:24 Image size of job updated: 11061848
	10799  -  MemoryUsage of job (MB)
	11058060  -  ResidentSetSize of job (KB)
...
006 (9826727.000.000) 05/16 11:39:24 Image size of job updated: 11553800
	11274  -  MemoryUsage of job (MB)
	11543860  -  ResidentSetSize of job (KB)
...
006 (9826727.000.000) 05/16 11:44:25 Image size of job updated: 12020012
	11733  -  MemoryUsage of job (MB)
	12014132  -  ResidentSetSize of job (KB)
...
006 (9826727.000.000) 05/16 11:49:26 Image size of job updated: 12526200
	12230  -  MemoryUsage of job (MB)
	12522616  -  ResidentSetSize of job (KB)
...
006 (9826727.000.000) 05/16 11:54:26 Image size of job updated: 12983272
	12675  -  MemoryUsage of job (MB)
	12978904  -  ResidentSetSize of job (KB)
...
006 (9826727.000.000) 05/16 11:59:26 Image size of job updated: 13507740
	13186  -  MemoryUsage of job (MB)
	13502232  -  ResidentSetSize of job (KB)
...
006 (9826727.000.000) 05/16 12:04:27 Image size of job updated: 13959420
	13627  -  MemoryUsage of job (MB)
	13953592  -  ResidentSetSize of job (KB)
...
006 (9826727.000.000) 05/16 12:09:27 Image size of job updated: 14530528
	14181  -  MemoryUsage of job (MB)
	14520668  -  ResidentSetSize of job (KB)
...
006 (9826727.000.000) 05/16 12:14:27 Image size of job updated: 15127700
	14772  -  MemoryUsage of job (MB)
	15125628  -  ResidentSetSize of job (KB)
...
006 (9826727.000.000) 05/16 12:19:28 Image size of job updated: 15724584
	15355  -  MemoryUsage of job (MB)
	15723220  -  ResidentSetSize of job (KB)
...
006 (9826727.000.000) 05/16 12:24:29 Image size of job updated: 16322604
	15937  -  MemoryUsage of job (MB)
	16318632  -  ResidentSetSize of job (KB)
...
006 (9826727.000.000) 05/16 12:29:29 Image size of job updated: 16808532
	16414  -  MemoryUsage of job (MB)
	16807416  -  ResidentSetSize of job (KB)
...
006 (9826727.000.000) 05/16 12:34:29 Image size of job updated: 17346944
	16932  -  MemoryUsage of job (MB)
	17338072  -  ResidentSetSize of job (KB)
...
006 (9826727.000.000) 05/16 12:39:30 Image size of job updated: 17871520
	17451  -  MemoryUsage of job (MB)
	17869572  -  ResidentSetSize of job (KB)
...
006 (9826727.000.000) 05/16 12:44:30 Image size of job updated: 18501640
	18062  -  MemoryUsage of job (MB)
	18495224  -  ResidentSetSize of job (KB)
...
006 (9826727.000.000) 05/16 12:49:30 Image size of job updated: 18878284
	18062  -  MemoryUsage of job (MB)
	18495224  -  ResidentSetSize of job (KB)
...
006 (9826727.000.000) 05/16 13:19:33 Image size of job updated: 18878284
	18271  -  MemoryUsage of job (MB)
	18708804  -  ResidentSetSize of job (KB)
...
006 (9826727.000.000) 05/16 13:24:33 Image size of job updated: 19263492
	18805  -  MemoryUsage of job (MB)
	19255436  -  ResidentSetSize of job (KB)
...
006 (9826727.000.000) 05/16 13:29:34 Image size of job updated: 19872676
	19407  -  MemoryUsage of job (MB)
	19871840  -  ResidentSetSize of job (KB)
...
006 (9826727.000.000) 05/16 13:34:35 Image size of job updated: 20472948
	19991  -  MemoryUsage of job (MB)
	20470248  -  ResidentSetSize of job (KB)
...
006 (9826727.000.000) 05/16 13:39:35 Image size of job updated: 21118920
	20619  -  MemoryUsage of job (MB)
	21113804  -  ResidentSetSize of job (KB)
...
006 (9826727.000.000) 05/16 13:44:36 Image size of job updated: 21705600
	21195  -  MemoryUsage of job (MB)
	21703540  -  ResidentSetSize of job (KB)
...
006 (9826727.000.000) 05/16 13:49:37 Image size of job updated: 22296096
	21768  -  MemoryUsage of job (MB)
	22289688  -  ResidentSetSize of job (KB)
...
006 (9826727.000.000) 05/16 13:54:37 Image size of job updated: 22876552
	22341  -  MemoryUsage of job (MB)
	22876344  -  ResidentSetSize of job (KB)
...
006 (9826727.000.000) 05/16 13:59:37 Image size of job updated: 23485452
	22932  -  MemoryUsage of job (MB)
	23481928  -  ResidentSetSize of job (KB)
...
006 (9826727.000.000) 05/16 14:04:38 Image size of job updated: 24078248
	23506  -  MemoryUsage of job (MB)
	24069924  -  ResidentSetSize of job (KB)
...
006 (9826727.000.000) 05/16 14:09:38 Image size of job updated: 24668672
	24082  -  MemoryUsage of job (MB)
	24659888  -  ResidentSetSize of job (KB)
...
006 (9826727.000.000) 05/16 14:14:38 Image size of job updated: 25306020
	24712  -  MemoryUsage of job (MB)
	25304072  -  ResidentSetSize of job (KB)
...
006 (9826727.000.000) 05/16 14:19:39 Image size of job updated: 25922152
	25313  -  MemoryUsage of job (MB)
	25919828  -  ResidentSetSize of job (KB)
...
006 (9826727.000.000) 05/16 14:24:40 Image size of job updated: 26458172
	25834  -  MemoryUsage of job (MB)
	26453560  -  ResidentSetSize of job (KB)
...
006 (9826727.000.000) 05/16 14:29:40 Image size of job updated: 26721140
	25834  -  MemoryUsage of job (MB)
	26453560  -  ResidentSetSize of job (KB)
...
040 (9826727.000.000) 05/16 15:28:53 Started transferring output files
...
040 (9826727.000.000) 05/16 15:28:53 Finished transferring output files
...
005 (9826727.000.000) 05/16 15:28:53 Job terminated.
	(1) Normal termination (return value 0)
		Usr 0 01:33:55, Sys 0 00:25:53  -  Run Remote Usage
		Usr 0 00:00:00, Sys 0 00:00:00  -  Run Local Usage
		Usr 0 01:33:55, Sys 0 00:25:53  -  Total Remote Usage
		Usr 0 00:00:00, Sys 0 00:00:00  -  Total Local Usage
	7362  -  Run Bytes Sent By Job
	199  -  Run Bytes Received By Job
	7362  -  Total Bytes Sent By Job
	199  -  Total Bytes Received By Job
	Partitionable Resources :    Usage  Request Allocated 
	   Cpus                 :     0.99        1         1 
	   Disk (KB)            :    28           1   2850505 
	   Memory (MB)          : 25834        2000      2000 

	Job terminated of its own accord at 2024-05-16T13:28:53Z with exit-code 0.
...
