000 (9826680.000.000) 05/16 09:12:31 Job submitted from host: <137.138.156.150:9618?addrs=137.138.156.150-9618+[2001-1458-d00-14--9a]-9618&alias=bigbird13.cern.ch&noUDP&sock=schedd_25162_9e1a>
...
040 (9826680.000.000) 05/16 09:38:50 Started transferring input files
	Transferring to host: <188.185.208.58:9618?addrs=188.185.208.58-9618+[2001-1458-303-f--100-37]-9618&alias=b9p09p3569.cern.ch&noUDP&sock=slot1_10_5435_32f6_69008>
...
040 (9826680.000.000) 05/16 09:38:50 Finished transferring input files
...
001 (9826680.000.000) 05/16 09:38:51 Job executing on host: <188.185.208.58:9618?addrs=188.185.208.58-9618+[2001-1458-303-f--100-37]-9618&alias=b9p09p3569.cern.ch&noUDP&sock=startd_4527_b953>
	SlotName: slot1_10@b9p09p3569.cern.ch
	CondorScratchDir = "/pool/condor/dir_256589"
	Cpus = 1
	Disk = 2778711
	Memory = 2000
...
006 (9826680.000.000) 05/16 09:38:59 Image size of job updated: 39720
	39  -  MemoryUsage of job (MB)
	39720  -  ResidentSetSize of job (KB)
...
006 (9826680.000.000) 05/16 09:44:00 Image size of job updated: 621920
	606  -  MemoryUsage of job (MB)
	619908  -  ResidentSetSize of job (KB)
...
006 (9826680.000.000) 05/16 09:49:01 Image size of job updated: 1283152
	1252  -  MemoryUsage of job (MB)
	1281056  -  ResidentSetSize of job (KB)
...
006 (9826680.000.000) 05/16 09:54:01 Image size of job updated: 1795592
	1750  -  MemoryUsage of job (MB)
	1791540  -  ResidentSetSize of job (KB)
...
006 (9826680.000.000) 05/16 09:59:01 Image size of job updated: 2315364
	2260  -  MemoryUsage of job (MB)
	2314148  -  ResidentSetSize of job (KB)
...
006 (9826680.000.000) 05/16 10:04:02 Image size of job updated: 2837768
	2764  -  MemoryUsage of job (MB)
	2830068  -  ResidentSetSize of job (KB)
...
006 (9826680.000.000) 05/16 10:09:02 Image size of job updated: 3318680
	3233  -  MemoryUsage of job (MB)
	3309588  -  ResidentSetSize of job (KB)
...
006 (9826680.000.000) 05/16 10:14:02 Image size of job updated: 3765960
	3676  -  MemoryUsage of job (MB)
	3763716  -  ResidentSetSize of job (KB)
...
006 (9826680.000.000) 05/16 10:19:03 Image size of job updated: 4325544
	4216  -  MemoryUsage of job (MB)
	4316904  -  ResidentSetSize of job (KB)
...
006 (9826680.000.000) 05/16 10:24:04 Image size of job updated: 4807864
	4694  -  MemoryUsage of job (MB)
	4805896  -  ResidentSetSize of job (KB)
...
006 (9826680.000.000) 05/16 10:29:04 Image size of job updated: 5243416
	5119  -  MemoryUsage of job (MB)
	5240992  -  ResidentSetSize of job (KB)
...
006 (9826680.000.000) 05/16 10:34:05 Image size of job updated: 5681600
	5540  -  MemoryUsage of job (MB)
	5672712  -  ResidentSetSize of job (KB)
...
006 (9826680.000.000) 05/16 10:39:06 Image size of job updated: 6131024
	5987  -  MemoryUsage of job (MB)
	6130064  -  ResidentSetSize of job (KB)
...
006 (9826680.000.000) 05/16 10:44:06 Image size of job updated: 6546512
	6389  -  MemoryUsage of job (MB)
	6541900  -  ResidentSetSize of job (KB)
...
006 (9826680.000.000) 05/16 10:49:06 Image size of job updated: 6945872
	6780  -  MemoryUsage of job (MB)
	6941760  -  ResidentSetSize of job (KB)
...
006 (9826680.000.000) 05/16 10:54:08 Image size of job updated: 7377356
	7196  -  MemoryUsage of job (MB)
	7368248  -  ResidentSetSize of job (KB)
...
006 (9826680.000.000) 05/16 10:59:08 Image size of job updated: 7831472
	7645  -  MemoryUsage of job (MB)
	7828076  -  ResidentSetSize of job (KB)
...
006 (9826680.000.000) 05/16 11:04:08 Image size of job updated: 8293488
	8091  -  MemoryUsage of job (MB)
	8284324  -  ResidentSetSize of job (KB)
...
006 (9826680.000.000) 05/16 11:09:09 Image size of job updated: 8700788
	8492  -  MemoryUsage of job (MB)
	8695324  -  ResidentSetSize of job (KB)
...
006 (9826680.000.000) 05/16 11:14:10 Image size of job updated: 9208400
	8991  -  MemoryUsage of job (MB)
	9206344  -  ResidentSetSize of job (KB)
...
006 (9826680.000.000) 05/16 11:19:10 Image size of job updated: 9710660
	9474  -  MemoryUsage of job (MB)
	9701180  -  ResidentSetSize of job (KB)
...
006 (9826680.000.000) 05/16 11:24:11 Image size of job updated: 10173404
	9933  -  MemoryUsage of job (MB)
	10170608  -  ResidentSetSize of job (KB)
...
006 (9826680.000.000) 05/16 11:29:12 Image size of job updated: 10632320
	10378  -  MemoryUsage of job (MB)
	10626648  -  ResidentSetSize of job (KB)
...
006 (9826680.000.000) 05/16 11:34:12 Image size of job updated: 11075956
	10813  -  MemoryUsage of job (MB)
	11072488  -  ResidentSetSize of job (KB)
...
006 (9826680.000.000) 05/16 11:39:12 Image size of job updated: 11566728
	11293  -  MemoryUsage of job (MB)
	11563248  -  ResidentSetSize of job (KB)
...
006 (9826680.000.000) 05/16 11:44:14 Image size of job updated: 12043852
	11760  -  MemoryUsage of job (MB)
	12042072  -  ResidentSetSize of job (KB)
...
006 (9826680.000.000) 05/16 11:49:14 Image size of job updated: 12495056
	12201  -  MemoryUsage of job (MB)
	12492956  -  ResidentSetSize of job (KB)
...
006 (9826680.000.000) 05/16 11:54:14 Image size of job updated: 12960524
	12653  -  MemoryUsage of job (MB)
	12956256  -  ResidentSetSize of job (KB)
...
006 (9826680.000.000) 05/16 11:59:15 Image size of job updated: 13447704
	13126  -  MemoryUsage of job (MB)
	13440584  -  ResidentSetSize of job (KB)
...
006 (9826680.000.000) 05/16 12:04:16 Image size of job updated: 13943164
	13613  -  MemoryUsage of job (MB)
	13939492  -  ResidentSetSize of job (KB)
...
006 (9826680.000.000) 05/16 12:09:16 Image size of job updated: 14563340
	14220  -  MemoryUsage of job (MB)
	14560556  -  ResidentSetSize of job (KB)
...
006 (9826680.000.000) 05/16 12:14:16 Image size of job updated: 15036176
	14220  -  MemoryUsage of job (MB)
	14560556  -  ResidentSetSize of job (KB)
...
006 (9826680.000.000) 05/16 13:29:25 Image size of job updated: 15036176
	14424  -  MemoryUsage of job (MB)
	14770124  -  ResidentSetSize of job (KB)
...
006 (9826680.000.000) 05/16 13:34:25 Image size of job updated: 15377012
	15015  -  MemoryUsage of job (MB)
	15374440  -  ResidentSetSize of job (KB)
...
006 (9826680.000.000) 05/16 13:39:25 Image size of job updated: 15992540
	15610  -  MemoryUsage of job (MB)
	15984608  -  ResidentSetSize of job (KB)
...
006 (9826680.000.000) 05/16 13:44:26 Image size of job updated: 16593952
	16202  -  MemoryUsage of job (MB)
	16589868  -  ResidentSetSize of job (KB)
...
006 (9826680.000.000) 05/16 13:49:26 Image size of job updated: 17187744
	16783  -  MemoryUsage of job (MB)
	17184992  -  ResidentSetSize of job (KB)
...
006 (9826680.000.000) 05/16 13:54:26 Image size of job updated: 17779164
	17355  -  MemoryUsage of job (MB)
	17771224  -  ResidentSetSize of job (KB)
...
006 (9826680.000.000) 05/16 13:59:27 Image size of job updated: 18384532
	17947  -  MemoryUsage of job (MB)
	18377688  -  ResidentSetSize of job (KB)
...
006 (9826680.000.000) 05/16 14:04:28 Image size of job updated: 18967836
	18518  -  MemoryUsage of job (MB)
	18961416  -  ResidentSetSize of job (KB)
...
006 (9826680.000.000) 05/16 14:09:28 Image size of job updated: 19541756
	19083  -  MemoryUsage of job (MB)
	19540948  -  ResidentSetSize of job (KB)
...
006 (9826680.000.000) 05/16 14:14:29 Image size of job updated: 20149320
	19675  -  MemoryUsage of job (MB)
	20147176  -  ResidentSetSize of job (KB)
...
006 (9826680.000.000) 05/16 14:19:30 Image size of job updated: 20770048
	20282  -  MemoryUsage of job (MB)
	20768444  -  ResidentSetSize of job (KB)
...
006 (9826680.000.000) 05/16 14:24:30 Image size of job updated: 21340052
	20838  -  MemoryUsage of job (MB)
	21337960  -  ResidentSetSize of job (KB)
...
006 (9826680.000.000) 05/16 14:29:30 Image size of job updated: 21819468
	21305  -  MemoryUsage of job (MB)
	21816020  -  ResidentSetSize of job (KB)
...
006 (9826680.000.000) 05/16 14:34:31 Image size of job updated: 22418192
	21893  -  MemoryUsage of job (MB)
	22417680  -  ResidentSetSize of job (KB)
...
006 (9826680.000.000) 05/16 14:39:31 Image size of job updated: 22982792
	22440  -  MemoryUsage of job (MB)
	22977716  -  ResidentSetSize of job (KB)
...
006 (9826680.000.000) 05/16 14:44:31 Image size of job updated: 23500360
	22945  -  MemoryUsage of job (MB)
	23495124  -  ResidentSetSize of job (KB)
...
006 (9826680.000.000) 05/16 14:49:32 Image size of job updated: 23955184
	23385  -  MemoryUsage of job (MB)
	23945932  -  ResidentSetSize of job (KB)
...
006 (9826680.000.000) 05/16 14:54:33 Image size of job updated: 24471244
	23897  -  MemoryUsage of job (MB)
	24470516  -  ResidentSetSize of job (KB)
...
006 (9826680.000.000) 05/16 14:59:33 Image size of job updated: 24991228
	24400  -  MemoryUsage of job (MB)
	24984960  -  ResidentSetSize of job (KB)
...
006 (9826680.000.000) 05/16 15:04:34 Image size of job updated: 25559300
	24960  -  MemoryUsage of job (MB)
	25558284  -  ResidentSetSize of job (KB)
...
006 (9826680.000.000) 05/16 15:09:35 Image size of job updated: 26028604
	25417  -  MemoryUsage of job (MB)
	26026816  -  ResidentSetSize of job (KB)
...
006 (9826680.000.000) 05/16 15:14:35 Image size of job updated: 26248008
	25507  -  MemoryUsage of job (MB)
	26118236  -  ResidentSetSize of job (KB)
...
006 (9826680.000.000) 05/16 15:19:35 Image size of job updated: 26455480
	25705  -  MemoryUsage of job (MB)
	26321700  -  ResidentSetSize of job (KB)
...
006 (9826680.000.000) 05/16 15:24:36 Image size of job updated: 26642968
	25848  -  MemoryUsage of job (MB)
	26467456  -  ResidentSetSize of job (KB)
...
006 (9826680.000.000) 05/16 15:29:17 Image size of job updated: 26888112
	25848  -  MemoryUsage of job (MB)
	26467456  -  ResidentSetSize of job (KB)
...
040 (9826680.000.000) 05/16 15:29:17 Started transferring output files
...
040 (9826680.000.000) 05/16 15:29:17 Finished transferring output files
...
005 (9826680.000.000) 05/16 15:29:18 Job terminated.
	(1) Normal termination (return value 0)
		Usr 0 01:37:40, Sys 0 00:27:19  -  Run Remote Usage
		Usr 0 00:00:00, Sys 0 00:00:00  -  Run Local Usage
		Usr 0 01:37:40, Sys 0 00:27:19  -  Total Remote Usage
		Usr 0 00:00:00, Sys 0 00:00:00  -  Total Local Usage
	7392  -  Run Bytes Sent By Job
	199  -  Run Bytes Received By Job
	7392  -  Total Bytes Sent By Job
	199  -  Total Bytes Received By Job
	Partitionable Resources :    Usage  Request Allocated 
	   Cpus                 :     0.99        1         1 
	   Disk (KB)            :    29           1   2778711 
	   Memory (MB)          : 25848        2000      2000 

	Job terminated of its own accord at 2024-05-16T13:29:17Z with exit-code 0.
...
