000 (9868203.000.000) 05/19 18:02:58 Job submitted from host: <137.138.156.150:9618?addrs=137.138.156.150-9618+[2001-1458-d00-14--9a]-9618&alias=bigbird13.cern.ch&noUDP&sock=schedd_25162_9e1a>
...
040 (9868203.000.000) 05/19 19:02:46 Started transferring input files
	Transferring to host: <188.185.209.210:9618?addrs=188.185.209.210-9618+[2001-1458-303-12--100-4f]-9618&alias=b9p12p2091.cern.ch&noUDP&sock=slot1_42_6965_38f4_16807>
...
040 (9868203.000.000) 05/19 19:02:46 Finished transferring input files
...
001 (9868203.000.000) 05/19 19:02:47 Job executing on host: <188.185.209.210:9618?addrs=188.185.209.210-9618+[2001-1458-303-12--100-4f]-9618&alias=b9p12p2091.cern.ch&noUDP&sock=startd_5523_e5a7>
	SlotName: slot1_42@b9p12p2091.cern.ch
	CondorScratchDir = "/pool/condor/dir_2985931"
	Cpus = 1
	Disk = 2730890
	Memory = 2000
...
006 (9868203.000.000) 05/19 19:02:55 Image size of job updated: 38132
	37  -  MemoryUsage of job (MB)
	37876  -  ResidentSetSize of job (KB)
...
006 (9868203.000.000) 05/19 19:07:55 Image size of job updated: 2993404
	2916  -  MemoryUsage of job (MB)
	2985020  -  ResidentSetSize of job (KB)
...
006 (9868203.000.000) 05/19 19:12:56 Image size of job updated: 7851852
	7666  -  MemoryUsage of job (MB)
	7849712  -  ResidentSetSize of job (KB)
...
006 (9868203.000.000) 05/19 19:17:57 Image size of job updated: 12637244
	12341  -  MemoryUsage of job (MB)
	12636220  -  ResidentSetSize of job (KB)
...
006 (9868203.000.000) 05/19 19:22:57 Image size of job updated: 17482340
	17071  -  MemoryUsage of job (MB)
	17480684  -  ResidentSetSize of job (KB)
...
006 (9868203.000.000) 05/19 19:27:58 Image size of job updated: 22324032
	21800  -  MemoryUsage of job (MB)
	22322372  -  ResidentSetSize of job (KB)
...
006 (9868203.000.000) 05/19 19:32:59 Image size of job updated: 26680972
	26054  -  MemoryUsage of job (MB)
	26679040  -  ResidentSetSize of job (KB)
...
006 (9868203.000.000) 05/19 19:37:59 Image size of job updated: 31088880
	30351  -  MemoryUsage of job (MB)
	31079108  -  ResidentSetSize of job (KB)
...
006 (9868203.000.000) 05/19 19:42:59 Image size of job updated: 35241416
	34411  -  MemoryUsage of job (MB)
	35236108  -  ResidentSetSize of job (KB)
...
006 (9868203.000.000) 05/19 19:48:00 Image size of job updated: 39319508
	38397  -  MemoryUsage of job (MB)
	39318252  -  ResidentSetSize of job (KB)
...
006 (9868203.000.000) 05/19 19:53:01 Image size of job updated: 43572776
	42552  -  MemoryUsage of job (MB)
	43572300  -  ResidentSetSize of job (KB)
...
006 (9868203.000.000) 05/19 19:58:01 Image size of job updated: 47814736
	46685  -  MemoryUsage of job (MB)
	47805344  -  ResidentSetSize of job (KB)
...
006 (9868203.000.000) 05/19 20:03:02 Image size of job updated: 49527464
	46685  -  MemoryUsage of job (MB)
	47805344  -  ResidentSetSize of job (KB)
...
006 (9868203.000.000) 05/19 20:48:07 Image size of job updated: 51131740
	49934  -  MemoryUsage of job (MB)
	51131396  -  ResidentSetSize of job (KB)
...
006 (9868203.000.000) 05/19 20:53:07 Image size of job updated: 55106956
	53815  -  MemoryUsage of job (MB)
	55106460  -  ResidentSetSize of job (KB)
...
006 (9868203.000.000) 05/19 20:58:07 Image size of job updated: 59073172
	57688  -  MemoryUsage of job (MB)
	59072144  -  ResidentSetSize of job (KB)
...
006 (9868203.000.000) 05/19 21:03:08 Image size of job updated: 63330256
	61843  -  MemoryUsage of job (MB)
	63326228  -  ResidentSetSize of job (KB)
...
006 (9868203.000.000) 05/19 21:08:08 Image size of job updated: 66982824
	65410  -  MemoryUsage of job (MB)
	66979816  -  ResidentSetSize of job (KB)
...
006 (9868203.000.000) 05/19 21:13:08 Image size of job updated: 71041432
	69374  -  MemoryUsage of job (MB)
	71038216  -  ResidentSetSize of job (KB)
...
006 (9868203.000.000) 05/19 21:18:09 Image size of job updated: 75255588
	73491  -  MemoryUsage of job (MB)
	75254236  -  ResidentSetSize of job (KB)
...
006 (9868203.000.000) 05/19 21:23:10 Image size of job updated: 79452548
	77590  -  MemoryUsage of job (MB)
	79451796  -  ResidentSetSize of job (KB)
...
006 (9868203.000.000) 05/19 21:28:10 Image size of job updated: 83629216
	81668  -  MemoryUsage of job (MB)
	83627356  -  ResidentSetSize of job (KB)
...
006 (9868203.000.000) 05/19 21:33:10 Image size of job updated: 87690568
	85626  -  MemoryUsage of job (MB)
	87680100  -  ResidentSetSize of job (KB)
...
006 (9868203.000.000) 05/19 21:38:11 Image size of job updated: 91736020
	89582  -  MemoryUsage of job (MB)
	91731500  -  ResidentSetSize of job (KB)
...
006 (9868203.000.000) 05/19 21:43:11 Image size of job updated: 96109116
	93856  -  MemoryUsage of job (MB)
	96108156  -  ResidentSetSize of job (KB)
...
006 (9868203.000.000) 05/19 21:48:11 Image size of job updated: 98494316
	96185  -  MemoryUsage of job (MB)
	98492760  -  ResidentSetSize of job (KB)
...
006 (9868203.000.000) 05/19 21:53:12 Image size of job updated: 98714708
	96273  -  MemoryUsage of job (MB)
	98583344  -  ResidentSetSize of job (KB)
...
006 (9868203.000.000) 05/19 21:58:13 Image size of job updated: 98804168
	96273  -  MemoryUsage of job (MB)
	98583344  -  ResidentSetSize of job (KB)
...
040 (9868203.000.000) 05/19 22:53:05 Started transferring output files
...
040 (9868203.000.000) 05/19 22:53:05 Finished transferring output files
...
005 (9868203.000.000) 05/19 22:53:05 Job terminated.
	(1) Normal termination (return value 0)
		Usr 0 02:13:06, Sys 0 00:37:02  -  Run Remote Usage
		Usr 0 00:00:00, Sys 0 00:00:00  -  Run Local Usage
		Usr 0 02:13:06, Sys 0 00:37:02  -  Total Remote Usage
		Usr 0 00:00:00, Sys 0 00:00:00  -  Total Local Usage
	7255  -  Run Bytes Sent By Job
	197  -  Run Bytes Received By Job
	7255  -  Total Bytes Sent By Job
	197  -  Total Bytes Received By Job
	Partitionable Resources :    Usage  Request Allocated 
	   Cpus                 :     0.99        1         1 
	   Disk (KB)            :    32           1   2730890 
	   Memory (MB)          : 96273        2000      2000 

	Job terminated of its own accord at 2024-05-19T20:53:05Z with exit-code 0.
...
