000 (9868237.000.000) 05/19 18:03:32 Job submitted from host: <137.138.156.150:9618?addrs=137.138.156.150-9618+[2001-1458-d00-14--9a]-9618&alias=bigbird13.cern.ch&noUDP&sock=schedd_25162_9e1a>
...
040 (9868237.000.000) 05/19 19:03:04 Started transferring input files
	Transferring to host: <128.142.63.85:9618?addrs=128.142.63.85-9618+[2001-1458-301-38--100-52]-9618&alias=b9s08p6732.cern.ch&noUDP&sock=slot1_15_898252_8b28_4801>
...
040 (9868237.000.000) 05/19 19:03:04 Finished transferring input files
...
001 (9868237.000.000) 05/19 19:03:05 Job executing on host: <128.142.63.85:9618?addrs=128.142.63.85-9618+[2001-1458-301-38--100-52]-9618&alias=b9s08p6732.cern.ch&noUDP&sock=startd_581850_4842>
	SlotName: slot1_15@b9s08p6732.cern.ch
	CondorScratchDir = "/pool/condor/dir_3354315"
	Cpus = 1
	Disk = 2754186
	Memory = 2000
...
006 (9868237.000.000) 05/19 19:03:13 Image size of job updated: 23748
	24  -  MemoryUsage of job (MB)
	23748  -  ResidentSetSize of job (KB)
...
006 (9868237.000.000) 05/19 19:08:13 Image size of job updated: 2614756
	2553  -  MemoryUsage of job (MB)
	2614152  -  ResidentSetSize of job (KB)
...
006 (9868237.000.000) 05/19 19:13:14 Image size of job updated: 6631308
	6475  -  MemoryUsage of job (MB)
	6630028  -  ResidentSetSize of job (KB)
...
006 (9868237.000.000) 05/19 19:18:15 Image size of job updated: 10672108
	10420  -  MemoryUsage of job (MB)
	10669732  -  ResidentSetSize of job (KB)
...
006 (9868237.000.000) 05/19 19:23:15 Image size of job updated: 14621148
	14271  -  MemoryUsage of job (MB)
	14613468  -  ResidentSetSize of job (KB)
...
006 (9868237.000.000) 05/19 19:28:16 Image size of job updated: 18783084
	18343  -  MemoryUsage of job (MB)
	18782540  -  ResidentSetSize of job (KB)
...
006 (9868237.000.000) 05/19 19:33:17 Image size of job updated: 22677504
	22146  -  MemoryUsage of job (MB)
	22676496  -  ResidentSetSize of job (KB)
...
006 (9868237.000.000) 05/19 19:38:17 Image size of job updated: 26419820
	25798  -  MemoryUsage of job (MB)
	26416728  -  ResidentSetSize of job (KB)
...
006 (9868237.000.000) 05/19 19:43:17 Image size of job updated: 29456784
	28761  -  MemoryUsage of job (MB)
	29450696  -  ResidentSetSize of job (KB)
...
006 (9868237.000.000) 05/19 19:48:18 Image size of job updated: 32580152
	31815  -  MemoryUsage of job (MB)
	32577708  -  ResidentSetSize of job (KB)
...
006 (9868237.000.000) 05/19 19:53:19 Image size of job updated: 34399732
	33593  -  MemoryUsage of job (MB)
	34398832  -  ResidentSetSize of job (KB)
...
006 (9868237.000.000) 05/19 19:58:19 Image size of job updated: 34623912
	33731  -  MemoryUsage of job (MB)
	34539712  -  ResidentSetSize of job (KB)
...
006 (9868237.000.000) 05/19 20:03:19 Image size of job updated: 36406448
	35553  -  MemoryUsage of job (MB)
	36405388  -  ResidentSetSize of job (KB)
...
006 (9868237.000.000) 05/19 20:08:21 Image size of job updated: 40160804
	39216  -  MemoryUsage of job (MB)
	40156396  -  ResidentSetSize of job (KB)
...
006 (9868237.000.000) 05/19 20:13:21 Image size of job updated: 44342500
	43303  -  MemoryUsage of job (MB)
	44342256  -  ResidentSetSize of job (KB)
...
006 (9868237.000.000) 05/19 20:18:21 Image size of job updated: 46032120
	43303  -  MemoryUsage of job (MB)
	44342256  -  ResidentSetSize of job (KB)
...
006 (9868237.000.000) 05/19 20:53:25 Image size of job updated: 46032120
	44798  -  MemoryUsage of job (MB)
	45872220  -  ResidentSetSize of job (KB)
...
006 (9868237.000.000) 05/19 20:58:26 Image size of job updated: 46377508
	44798  -  MemoryUsage of job (MB)
	45872220  -  ResidentSetSize of job (KB)
...
006 (9868237.000.000) 05/19 21:08:27 Image size of job updated: 46693324
	45495  -  MemoryUsage of job (MB)
	46586168  -  ResidentSetSize of job (KB)
...
006 (9868237.000.000) 05/19 21:13:27 Image size of job updated: 50522392
	49329  -  MemoryUsage of job (MB)
	50512624  -  ResidentSetSize of job (KB)
...
006 (9868237.000.000) 05/19 21:18:28 Image size of job updated: 50986592
	49784  -  MemoryUsage of job (MB)
	50978316  -  ResidentSetSize of job (KB)
...
006 (9868237.000.000) 05/19 21:23:28 Image size of job updated: 53596260
	52338  -  MemoryUsage of job (MB)
	53593788  -  ResidentSetSize of job (KB)
...
006 (9868237.000.000) 05/19 21:28:28 Image size of job updated: 56585420
	55258  -  MemoryUsage of job (MB)
	56583744  -  ResidentSetSize of job (KB)
...
006 (9868237.000.000) 05/19 21:33:29 Image size of job updated: 59279764
	57888  -  MemoryUsage of job (MB)
	59277244  -  ResidentSetSize of job (KB)
...
006 (9868237.000.000) 05/19 21:38:30 Image size of job updated: 62743044
	61264  -  MemoryUsage of job (MB)
	62734180  -  ResidentSetSize of job (KB)
...
006 (9868237.000.000) 05/19 21:43:30 Image size of job updated: 64879908
	63359  -  MemoryUsage of job (MB)
	64879000  -  ResidentSetSize of job (KB)
...
006 (9868237.000.000) 05/19 21:48:30 Image size of job updated: 66294748
	64740  -  MemoryUsage of job (MB)
	66293548  -  ResidentSetSize of job (KB)
...
006 (9868237.000.000) 05/19 21:53:31 Image size of job updated: 67971724
	65891  -  MemoryUsage of job (MB)
	67472352  -  ResidentSetSize of job (KB)
...
006 (9868237.000.000) 05/19 21:58:31 Image size of job updated: 68096280
	65891  -  MemoryUsage of job (MB)
	67472352  -  ResidentSetSize of job (KB)
...
040 (9868237.000.000) 05/19 22:33:29 Started transferring output files
...
040 (9868237.000.000) 05/19 22:33:29 Finished transferring output files
...
005 (9868237.000.000) 05/19 22:33:29 Job terminated.
	(1) Normal termination (return value 1)
		Usr 0 01:34:44, Sys 0 00:44:17  -  Run Remote Usage
		Usr 0 00:00:00, Sys 0 00:00:00  -  Run Local Usage
		Usr 0 01:34:44, Sys 0 00:44:17  -  Total Remote Usage
		Usr 0 00:00:00, Sys 0 00:00:00  -  Total Local Usage
	8454  -  Run Bytes Sent By Job
	197  -  Run Bytes Received By Job
	8454  -  Total Bytes Sent By Job
	197  -  Total Bytes Received By Job
	Partitionable Resources :    Usage  Request Allocated 
	   Cpus                 :     0.99        1         1 
	   Disk (KB)            :    30           1   2754186 
	   Memory (MB)          : 65891        2000      2000 

	Job terminated of its own accord at 2024-05-19T20:33:29Z with exit-code 1.
...
