000 (9868197.000.000) 05/19 18:02:54 Job submitted from host: <137.138.156.150:9618?addrs=137.138.156.150-9618+[2001-1458-d00-14--9a]-9618&alias=bigbird13.cern.ch&noUDP&sock=schedd_25162_9e1a>
...
040 (9868197.000.000) 05/19 19:02:45 Started transferring input files
	Transferring to host: <128.142.248.28:9618?addrs=128.142.248.28-9618+[2001-1458-301-73--100-10c]-9618&alias=b9g23p6607.cern.ch&noUDP&sock=slot1_47_3391364_7c2e_121852>
...
040 (9868197.000.000) 05/19 19:02:45 Finished transferring input files
...
001 (9868197.000.000) 05/19 19:02:46 Job executing on host: <128.142.248.28:9618?addrs=128.142.248.28-9618+[2001-1458-301-73--100-10c]-9618&alias=b9g23p6607.cern.ch&noUDP&sock=startd_118419_29ad>
	SlotName: slot1_47@b9g23p6607.cern.ch
	CondorScratchDir = "/pool/condor/dir_2738871"
	Cpus = 1
	Disk = 2869030
	Memory = 2000
...
006 (9868197.000.000) 05/19 19:02:54 Image size of job updated: 32548
	32  -  MemoryUsage of job (MB)
	32428  -  ResidentSetSize of job (KB)
...
006 (9868197.000.000) 05/19 19:07:54 Image size of job updated: 2517024
	2457  -  MemoryUsage of job (MB)
	2515744  -  ResidentSetSize of job (KB)
...
006 (9868197.000.000) 05/19 19:12:54 Image size of job updated: 6172016
	6026  -  MemoryUsage of job (MB)
	6170196  -  ResidentSetSize of job (KB)
...
006 (9868197.000.000) 05/19 19:17:55 Image size of job updated: 9719072
	9484  -  MemoryUsage of job (MB)
	9710628  -  ResidentSetSize of job (KB)
...
006 (9868197.000.000) 05/19 19:22:55 Image size of job updated: 13264548
	12954  -  MemoryUsage of job (MB)
	13264012  -  ResidentSetSize of job (KB)
...
006 (9868197.000.000) 05/19 19:27:55 Image size of job updated: 16894936
	16499  -  MemoryUsage of job (MB)
	16894216  -  ResidentSetSize of job (KB)
...
006 (9868197.000.000) 05/19 19:32:56 Image size of job updated: 20487856
	20006  -  MemoryUsage of job (MB)
	20485524  -  ResidentSetSize of job (KB)
...
006 (9868197.000.000) 05/19 19:37:57 Image size of job updated: 23925944
	23364  -  MemoryUsage of job (MB)
	23924440  -  ResidentSetSize of job (KB)
...
006 (9868197.000.000) 05/19 19:42:57 Image size of job updated: 27338728
	26696  -  MemoryUsage of job (MB)
	27336472  -  ResidentSetSize of job (KB)
...
006 (9868197.000.000) 05/19 19:47:58 Image size of job updated: 29203192
	28293  -  MemoryUsage of job (MB)
	28971852  -  ResidentSetSize of job (KB)
...
006 (9868197.000.000) 05/19 19:52:59 Image size of job updated: 31630924
	30888  -  MemoryUsage of job (MB)
	31628348  -  ResidentSetSize of job (KB)
...
006 (9868197.000.000) 05/19 19:57:59 Image size of job updated: 34954916
	33833  -  MemoryUsage of job (MB)
	34644532  -  ResidentSetSize of job (KB)
...
006 (9868197.000.000) 05/19 20:02:59 Image size of job updated: 35909320
	35052  -  MemoryUsage of job (MB)
	35892252  -  ResidentSetSize of job (KB)
...
006 (9868197.000.000) 05/19 20:08:00 Image size of job updated: 37310148
	36412  -  MemoryUsage of job (MB)
	37285156  -  ResidentSetSize of job (KB)
...
006 (9868197.000.000) 05/19 20:13:00 Image size of job updated: 38514820
	37203  -  MemoryUsage of job (MB)
	38095016  -  ResidentSetSize of job (KB)
...
006 (9868197.000.000) 05/19 22:28:14 Image size of job updated: 38635040
	37730  -  MemoryUsage of job (MB)
	38634652  -  ResidentSetSize of job (KB)
...
006 (9868197.000.000) 05/19 22:33:15 Image size of job updated: 40209980
	38549  -  MemoryUsage of job (MB)
	39474088  -  ResidentSetSize of job (KB)
...
006 (9868197.000.000) 05/19 22:38:16 Image size of job updated: 42569300
	41571  -  MemoryUsage of job (MB)
	42568532  -  ResidentSetSize of job (KB)
...
006 (9868197.000.000) 05/19 22:43:16 Image size of job updated: 43534380
	42499  -  MemoryUsage of job (MB)
	43518668  -  ResidentSetSize of job (KB)
...
006 (9868197.000.000) 05/19 22:48:17 Image size of job updated: 44085048
	42499  -  MemoryUsage of job (MB)
	43518668  -  ResidentSetSize of job (KB)
...
006 (9868197.000.000) 05/19 23:03:18 Image size of job updated: 45265296
	44204  -  MemoryUsage of job (MB)
	45264524  -  ResidentSetSize of job (KB)
...
006 (9868197.000.000) 05/19 23:08:19 Image size of job updated: 47754116
	46579  -  MemoryUsage of job (MB)
	47696740  -  ResidentSetSize of job (KB)
...
006 (9868197.000.000) 05/19 23:13:19 Image size of job updated: 50173744
	48990  -  MemoryUsage of job (MB)
	50165508  -  ResidentSetSize of job (KB)
...
006 (9868197.000.000) 05/19 23:18:19 Image size of job updated: 54036972
	52766  -  MemoryUsage of job (MB)
	54032380  -  ResidentSetSize of job (KB)
...
006 (9868197.000.000) 05/19 23:23:20 Image size of job updated: 55782224
	52766  -  MemoryUsage of job (MB)
	54032380  -  ResidentSetSize of job (KB)
...
040 (9868197.000.000) 05/20 01:38:09 Started transferring output files
...
040 (9868197.000.000) 05/20 01:38:09 Finished transferring output files
...
005 (9868197.000.000) 05/20 01:38:09 Job terminated.
	(1) Normal termination (return value 0)
		Usr 0 03:44:58, Sys 0 00:31:37  -  Run Remote Usage
		Usr 0 00:00:00, Sys 0 00:00:00  -  Run Local Usage
		Usr 0 03:44:58, Sys 0 00:31:37  -  Total Remote Usage
		Usr 0 00:00:00, Sys 0 00:00:00  -  Total Local Usage
	13586  -  Run Bytes Sent By Job
	199  -  Run Bytes Received By Job
	13586  -  Total Bytes Sent By Job
	199  -  Total Bytes Received By Job
	Partitionable Resources :    Usage  Request Allocated 
	   Cpus                 :     0.99        1         1 
	   Disk (KB)            :    35           1   2869030 
	   Memory (MB)          : 52766        2000      2000 

	Job terminated of its own accord at 2024-05-19T23:38:08Z with exit-code 0.
...
