000 (9619840.000.000) 04/10 15:39:26 Job submitted from host: <137.138.156.150:9618?addrs=137.138.156.150-9618+[2001-1458-d00-14--9a]-9618&alias=bigbird13.cern.ch&noUDP&sock=schedd_2138_1192>
...
040 (9619840.000.000) 04/10 17:03:02 Started transferring input files
	Transferring to host: <128.142.58.94:9618?addrs=128.142.58.94-9618&alias=b7s03p3766.cern.ch&noUDP&sock=slot1_9_6944_6d13_95859>
...
040 (9619840.000.000) 04/10 17:03:02 Finished transferring input files
...
001 (9619840.000.000) 04/10 17:03:03 Job executing on host: <128.142.58.94:9618?addrs=128.142.58.94-9618&alias=b7s03p3766.cern.ch&noUDP&sock=startd_6858_9896>
...
006 (9619840.000.000) 04/10 17:03:12 Image size of job updated: 17204
	12  -  MemoryUsage of job (MB)
	12164  -  ResidentSetSize of job (KB)
...
006 (9619840.000.000) 04/10 17:08:12 Image size of job updated: 1746024
	1206  -  MemoryUsage of job (MB)
	1234284  -  ResidentSetSize of job (KB)
...
006 (9619840.000.000) 04/10 17:13:12 Image size of job updated: 16955364
	1948  -  MemoryUsage of job (MB)
	1994120  -  ResidentSetSize of job (KB)
...
006 (9619840.000.000) 04/10 17:18:13 Image size of job updated: 21752036
	2133  -  MemoryUsage of job (MB)
	2184180  -  ResidentSetSize of job (KB)
...
006 (9619840.000.000) 04/10 17:23:14 Image size of job updated: 21752036
	2161  -  MemoryUsage of job (MB)
	2212520  -  ResidentSetSize of job (KB)
...
006 (9619840.000.000) 04/10 17:33:14 Image size of job updated: 21752036
	2185  -  MemoryUsage of job (MB)
	2236936  -  ResidentSetSize of job (KB)
...
006 (9619840.000.000) 04/10 17:38:15 Image size of job updated: 21752036
	2208  -  MemoryUsage of job (MB)
	2260648  -  ResidentSetSize of job (KB)
...
006 (9619840.000.000) 04/10 17:43:16 Image size of job updated: 21752036
	2230  -  MemoryUsage of job (MB)
	2283372  -  ResidentSetSize of job (KB)
...
006 (9619840.000.000) 04/10 17:48:16 Image size of job updated: 21752036
	2231  -  MemoryUsage of job (MB)
	2283964  -  ResidentSetSize of job (KB)
...
006 (9619840.000.000) 04/10 17:53:17 Image size of job updated: 21752036
	2252  -  MemoryUsage of job (MB)
	2305488  -  ResidentSetSize of job (KB)
...
006 (9619840.000.000) 04/10 17:58:18 Image size of job updated: 21752036
	2273  -  MemoryUsage of job (MB)
	2327056  -  ResidentSetSize of job (KB)
...
006 (9619840.000.000) 04/10 18:03:18 Image size of job updated: 21752036
	2273  -  MemoryUsage of job (MB)
	2327304  -  ResidentSetSize of job (KB)
...
006 (9619840.000.000) 04/10 18:08:18 Image size of job updated: 21752036
	2294  -  MemoryUsage of job (MB)
	2348468  -  ResidentSetSize of job (KB)
...
006 (9619840.000.000) 04/10 18:13:20 Image size of job updated: 21752036
	2315  -  MemoryUsage of job (MB)
	2369636  -  ResidentSetSize of job (KB)
...
006 (9619840.000.000) 04/10 18:18:20 Image size of job updated: 21752036
	2315  -  MemoryUsage of job (MB)
	2369812  -  ResidentSetSize of job (KB)
...
006 (9619840.000.000) 04/10 18:23:20 Image size of job updated: 21752036
	2336  -  MemoryUsage of job (MB)
	2391064  -  ResidentSetSize of job (KB)
...
006 (9619840.000.000) 04/10 18:28:21 Image size of job updated: 21752036
	2336  -  MemoryUsage of job (MB)
	2391136  -  ResidentSetSize of job (KB)
...
006 (9619840.000.000) 04/10 18:33:22 Image size of job updated: 21752036
	2336  -  MemoryUsage of job (MB)
	2391412  -  ResidentSetSize of job (KB)
...
006 (9619840.000.000) 04/10 18:38:22 Image size of job updated: 21752036
	2336  -  MemoryUsage of job (MB)
	2391476  -  ResidentSetSize of job (KB)
...
006 (9619840.000.000) 04/10 18:43:22 Image size of job updated: 21752036
	2357  -  MemoryUsage of job (MB)
	2412696  -  ResidentSetSize of job (KB)
...
006 (9619840.000.000) 04/10 18:53:24 Image size of job updated: 21752036
	2377  -  MemoryUsage of job (MB)
	2433976  -  ResidentSetSize of job (KB)
...
006 (9619840.000.000) 04/10 18:58:24 Image size of job updated: 21752036
	2398  -  MemoryUsage of job (MB)
	2455172  -  ResidentSetSize of job (KB)
...
006 (9619840.000.000) 04/10 19:03:25 Image size of job updated: 21752036
	2419  -  MemoryUsage of job (MB)
	2476312  -  ResidentSetSize of job (KB)
...
006 (9619840.000.000) 04/10 19:08:26 Image size of job updated: 21752036
	2419  -  MemoryUsage of job (MB)
	2476396  -  ResidentSetSize of job (KB)
...
006 (9619840.000.000) 04/10 19:13:26 Image size of job updated: 21752036
	2440  -  MemoryUsage of job (MB)
	2497584  -  ResidentSetSize of job (KB)
...
006 (9619840.000.000) 04/10 19:23:27 Image size of job updated: 21752036
	2460  -  MemoryUsage of job (MB)
	2518848  -  ResidentSetSize of job (KB)
...
006 (9619840.000.000) 04/10 19:28:27 Image size of job updated: 21752036
	2481  -  MemoryUsage of job (MB)
	2540100  -  ResidentSetSize of job (KB)
...
006 (9619840.000.000) 04/10 19:33:27 Image size of job updated: 21752036
	2502  -  MemoryUsage of job (MB)
	2561268  -  ResidentSetSize of job (KB)
...
006 (9619840.000.000) 04/10 19:38:28 Image size of job updated: 21752036
	2502  -  MemoryUsage of job (MB)
	2561308  -  ResidentSetSize of job (KB)
...
040 (9619840.000.000) 04/10 20:41:45 Started transferring output files
...
040 (9619840.000.000) 04/10 20:41:45 Finished transferring output files
...
005 (9619840.000.000) 04/10 20:41:45 Job terminated.
	(1) Normal termination (return value 0)
		Usr 0 05:26:41, Sys 0 00:39:33  -  Run Remote Usage
		Usr 0 00:00:00, Sys 0 00:00:00  -  Run Local Usage
		Usr 0 05:26:41, Sys 0 00:39:33  -  Total Remote Usage
		Usr 0 00:00:00, Sys 0 00:00:00  -  Total Local Usage
	15793  -  Run Bytes Sent By Job
	196  -  Run Bytes Received By Job
	15793  -  Total Bytes Sent By Job
	196  -  Total Bytes Received By Job
	Partitionable Resources :    Usage  Request Allocated 
	   Cpus                 :     1.64        1         1 
	   Disk (KB)            :    36           1   1197932 
	   Memory (MB)          :  2502        2000      2000 

	Job terminated of its own accord at 2024-04-10T18:41:44Z.
...
