000 (9619792.000.000) 04/10 15:33:52 Job submitted from host: <137.138.156.150:9618?addrs=137.138.156.150-9618+[2001-1458-d00-14--9a]-9618&alias=bigbird13.cern.ch&noUDP&sock=schedd_2138_1192>
...
040 (9619792.000.000) 04/10 17:02:45 Started transferring input files
	Transferring to host: <128.142.58.100:9618?addrs=128.142.58.100-9618&alias=b7s03p6299.cern.ch&noUDP&sock=slot1_18_7443_0448_97477>
...
040 (9619792.000.000) 04/10 17:02:46 Finished transferring input files
...
001 (9619792.000.000) 04/10 17:02:47 Job executing on host: <128.142.58.100:9618?addrs=128.142.58.100-9618&alias=b7s03p6299.cern.ch&noUDP&sock=startd_7379_f56e>
...
006 (9619792.000.000) 04/10 17:02:55 Image size of job updated: 335332
	14  -  MemoryUsage of job (MB)
	13500  -  ResidentSetSize of job (KB)
...
006 (9619792.000.000) 04/10 17:07:55 Image size of job updated: 1694484
	199  -  MemoryUsage of job (MB)
	203004  -  ResidentSetSize of job (KB)
...
006 (9619792.000.000) 04/10 17:12:56 Image size of job updated: 16959788
	1954  -  MemoryUsage of job (MB)
	2000696  -  ResidentSetSize of job (KB)
...
006 (9619792.000.000) 04/10 17:17:57 Image size of job updated: 21695744
	2143  -  MemoryUsage of job (MB)
	2193928  -  ResidentSetSize of job (KB)
...
006 (9619792.000.000) 04/10 17:27:57 Image size of job updated: 21695744
	2169  -  MemoryUsage of job (MB)
	2220640  -  ResidentSetSize of job (KB)
...
006 (9619792.000.000) 04/10 17:32:59 Image size of job updated: 21695744
	2191  -  MemoryUsage of job (MB)
	2243432  -  ResidentSetSize of job (KB)
...
006 (9619792.000.000) 04/10 17:37:59 Image size of job updated: 21695744
	2192  -  MemoryUsage of job (MB)
	2244548  -  ResidentSetSize of job (KB)
...
006 (9619792.000.000) 04/10 17:42:59 Image size of job updated: 21695744
	2215  -  MemoryUsage of job (MB)
	2267976  -  ResidentSetSize of job (KB)
...
006 (9619792.000.000) 04/10 17:53:01 Image size of job updated: 21757084
	2237  -  MemoryUsage of job (MB)
	2289696  -  ResidentSetSize of job (KB)
...
006 (9619792.000.000) 04/10 17:58:01 Image size of job updated: 21757084
	2258  -  MemoryUsage of job (MB)
	2312056  -  ResidentSetSize of job (KB)
...
006 (9619792.000.000) 04/10 18:03:01 Image size of job updated: 21757084
	2259  -  MemoryUsage of job (MB)
	2312320  -  ResidentSetSize of job (KB)
...
006 (9619792.000.000) 04/10 18:08:02 Image size of job updated: 21757084
	2261  -  MemoryUsage of job (MB)
	2315244  -  ResidentSetSize of job (KB)
...
006 (9619792.000.000) 04/10 18:13:03 Image size of job updated: 21757084
	2263  -  MemoryUsage of job (MB)
	2317060  -  ResidentSetSize of job (KB)
...
006 (9619792.000.000) 04/10 18:18:03 Image size of job updated: 21757084
	2289  -  MemoryUsage of job (MB)
	2342944  -  ResidentSetSize of job (KB)
...
006 (9619792.000.000) 04/10 18:23:04 Image size of job updated: 21757084
	2309  -  MemoryUsage of job (MB)
	2364192  -  ResidentSetSize of job (KB)
...
006 (9619792.000.000) 04/10 18:28:05 Image size of job updated: 21757084
	2309  -  MemoryUsage of job (MB)
	2364224  -  ResidentSetSize of job (KB)
...
006 (9619792.000.000) 04/10 18:33:05 Image size of job updated: 21757084
	2330  -  MemoryUsage of job (MB)
	2385532  -  ResidentSetSize of job (KB)
...
006 (9619792.000.000) 04/10 19:33:11 Image size of job updated: 21757084
	2345  -  MemoryUsage of job (MB)
	2401220  -  ResidentSetSize of job (KB)
...
006 (9619792.000.000) 04/10 19:38:11 Image size of job updated: 21757084
	2366  -  MemoryUsage of job (MB)
	2422640  -  ResidentSetSize of job (KB)
...
006 (9619792.000.000) 04/10 19:43:11 Image size of job updated: 21757084
	2366  -  MemoryUsage of job (MB)
	2422712  -  ResidentSetSize of job (KB)
...
006 (9619792.000.000) 04/10 19:48:12 Image size of job updated: 21757084
	2387  -  MemoryUsage of job (MB)
	2444008  -  ResidentSetSize of job (KB)
...
006 (9619792.000.000) 04/10 19:53:13 Image size of job updated: 21757084
	2387  -  MemoryUsage of job (MB)
	2444044  -  ResidentSetSize of job (KB)
...
006 (9619792.000.000) 04/10 19:58:13 Image size of job updated: 21757084
	2408  -  MemoryUsage of job (MB)
	2465180  -  ResidentSetSize of job (KB)
...
006 (9619792.000.000) 04/10 20:03:14 Image size of job updated: 21757084
	2429  -  MemoryUsage of job (MB)
	2486316  -  ResidentSetSize of job (KB)
...
006 (9619792.000.000) 04/10 20:08:15 Image size of job updated: 21757084
	2429  -  MemoryUsage of job (MB)
	2486344  -  ResidentSetSize of job (KB)
...
006 (9619792.000.000) 04/10 20:13:15 Image size of job updated: 21757084
	2449  -  MemoryUsage of job (MB)
	2507544  -  ResidentSetSize of job (KB)
...
006 (9619792.000.000) 04/10 20:23:16 Image size of job updated: 21757084
	2470  -  MemoryUsage of job (MB)
	2528788  -  ResidentSetSize of job (KB)
...
040 (9619792.000.000) 04/10 20:26:28 Started transferring output files
...
040 (9619792.000.000) 04/10 20:26:28 Finished transferring output files
...
005 (9619792.000.000) 04/10 20:26:28 Job terminated.
	(1) Normal termination (return value 0)
		Usr 0 04:57:49, Sys 0 00:32:38  -  Run Remote Usage
		Usr 0 00:00:00, Sys 0 00:00:00  -  Run Local Usage
		Usr 0 04:57:49, Sys 0 00:32:38  -  Total Remote Usage
		Usr 0 00:00:00, Sys 0 00:00:00  -  Total Local Usage
	15491  -  Run Bytes Sent By Job
	196  -  Run Bytes Received By Job
	15491  -  Total Bytes Sent By Job
	196  -  Total Bytes Received By Job
	Partitionable Resources :    Usage  Request Allocated 
	   Cpus                 :     1.79        1         1 
	   Disk (KB)            :    35           1   1280257 
	   Memory (MB)          :  2470        2000      2000 

	Job terminated of its own accord at 2024-04-10T18:26:28Z.
...
