000 (9622253.000.000) 04/10 21:17:30 Job submitted from host: <137.138.156.150:9618?addrs=137.138.156.150-9618+[2001-1458-d00-14--9a]-9618&alias=bigbird13.cern.ch&noUDP&sock=schedd_2138_1192>
...
040 (9622253.000.000) 04/10 21:21:17 Started transferring input files
	Transferring to host: <128.142.59.14:9618?addrs=128.142.59.14-9618&alias=b7s04p3770.cern.ch&noUDP&sock=slot1_10_7484_e7a9_99743>
...
040 (9622253.000.000) 04/10 21:21:17 Finished transferring input files
...
001 (9622253.000.000) 04/10 21:21:18 Job executing on host: <128.142.59.14:9618?addrs=128.142.59.14-9618&alias=b7s04p3770.cern.ch&noUDP&sock=startd_7431_a05b>
...
006 (9622253.000.000) 04/10 21:21:27 Image size of job updated: 300560
	153  -  MemoryUsage of job (MB)
	156040  -  ResidentSetSize of job (KB)
...
006 (9622253.000.000) 04/10 21:26:28 Image size of job updated: 16955200
	1951  -  MemoryUsage of job (MB)
	1997096  -  ResidentSetSize of job (KB)
...
006 (9622253.000.000) 04/10 21:31:29 Image size of job updated: 21751844
	2139  -  MemoryUsage of job (MB)
	2190052  -  ResidentSetSize of job (KB)
...
006 (9622253.000.000) 04/10 21:36:29 Image size of job updated: 21751844
	2142  -  MemoryUsage of job (MB)
	2192448  -  ResidentSetSize of job (KB)
...
006 (9622253.000.000) 04/10 21:41:29 Image size of job updated: 21751844
	2166  -  MemoryUsage of job (MB)
	2217160  -  ResidentSetSize of job (KB)
...
006 (9622253.000.000) 04/10 21:46:30 Image size of job updated: 21751844
	2187  -  MemoryUsage of job (MB)
	2239120  -  ResidentSetSize of job (KB)
...
006 (9622253.000.000) 04/10 21:51:30 Image size of job updated: 21751844
	2188  -  MemoryUsage of job (MB)
	2239944  -  ResidentSetSize of job (KB)
...
006 (9622253.000.000) 04/10 21:56:30 Image size of job updated: 21751844
	2211  -  MemoryUsage of job (MB)
	2263204  -  ResidentSetSize of job (KB)
...
006 (9622253.000.000) 04/10 22:01:31 Image size of job updated: 21751844
	2212  -  MemoryUsage of job (MB)
	2264140  -  ResidentSetSize of job (KB)
...
006 (9622253.000.000) 04/10 22:06:32 Image size of job updated: 21751844
	2233  -  MemoryUsage of job (MB)
	2286400  -  ResidentSetSize of job (KB)
...
006 (9622253.000.000) 04/10 22:11:32 Image size of job updated: 21751844
	2255  -  MemoryUsage of job (MB)
	2308360  -  ResidentSetSize of job (KB)
...
006 (9622253.000.000) 04/10 22:16:33 Image size of job updated: 21751844
	2255  -  MemoryUsage of job (MB)
	2308420  -  ResidentSetSize of job (KB)
...
006 (9622253.000.000) 04/10 22:21:34 Image size of job updated: 21751844
	2276  -  MemoryUsage of job (MB)
	2330128  -  ResidentSetSize of job (KB)
...
006 (9622253.000.000) 04/10 22:31:34 Image size of job updated: 21751844
	2297  -  MemoryUsage of job (MB)
	2351776  -  ResidentSetSize of job (KB)
...
006 (9622253.000.000) 04/10 22:36:35 Image size of job updated: 21751844
	2297  -  MemoryUsage of job (MB)
	2351900  -  ResidentSetSize of job (KB)
...
006 (9622253.000.000) 04/10 22:46:36 Image size of job updated: 21751844
	2318  -  MemoryUsage of job (MB)
	2373116  -  ResidentSetSize of job (KB)
...
006 (9622253.000.000) 04/10 22:51:36 Image size of job updated: 21751844
	2339  -  MemoryUsage of job (MB)
	2394256  -  ResidentSetSize of job (KB)
...
006 (9622253.000.000) 04/10 22:56:37 Image size of job updated: 21751844
	2359  -  MemoryUsage of job (MB)
	2415368  -  ResidentSetSize of job (KB)
...
006 (9622253.000.000) 04/10 23:01:37 Image size of job updated: 21751844
	2359  -  MemoryUsage of job (MB)
	2415516  -  ResidentSetSize of job (KB)
...
006 (9622253.000.000) 04/10 23:06:37 Image size of job updated: 21751844
	2381  -  MemoryUsage of job (MB)
	2437232  -  ResidentSetSize of job (KB)
...
006 (9622253.000.000) 04/10 23:11:38 Image size of job updated: 21751844
	2401  -  MemoryUsage of job (MB)
	2458432  -  ResidentSetSize of job (KB)
...
006 (9622253.000.000) 04/10 23:16:39 Image size of job updated: 21751844
	2428  -  MemoryUsage of job (MB)
	2485268  -  ResidentSetSize of job (KB)
...
006 (9622253.000.000) 04/10 23:21:39 Image size of job updated: 21751844
	2428  -  MemoryUsage of job (MB)
	2485852  -  ResidentSetSize of job (KB)
...
006 (9622253.000.000) 04/10 23:26:40 Image size of job updated: 21751844
	2449  -  MemoryUsage of job (MB)
	2507188  -  ResidentSetSize of job (KB)
...
006 (9622253.000.000) 04/10 23:36:41 Image size of job updated: 21751844
	2470  -  MemoryUsage of job (MB)
	2528608  -  ResidentSetSize of job (KB)
...
006 (9622253.000.000) 04/10 23:41:41 Image size of job updated: 21751844
	2470  -  MemoryUsage of job (MB)
	2528668  -  ResidentSetSize of job (KB)
...
006 (9622253.000.000) 04/10 23:51:43 Image size of job updated: 21751844
	2491  -  MemoryUsage of job (MB)
	2549920  -  ResidentSetSize of job (KB)
...
006 (9622253.000.000) 04/10 23:56:43 Image size of job updated: 21751844
	2511  -  MemoryUsage of job (MB)
	2571020  -  ResidentSetSize of job (KB)
...
006 (9622253.000.000) 04/11 00:06:44 Image size of job updated: 21751844
	2532  -  MemoryUsage of job (MB)
	2592352  -  ResidentSetSize of job (KB)
...
006 (9622253.000.000) 04/11 00:11:45 Image size of job updated: 21751844
	2553  -  MemoryUsage of job (MB)
	2613532  -  ResidentSetSize of job (KB)
...
006 (9622253.000.000) 04/11 00:16:45 Image size of job updated: 21751844
	2573  -  MemoryUsage of job (MB)
	2634720  -  ResidentSetSize of job (KB)
...
006 (9622253.000.000) 04/11 00:26:46 Image size of job updated: 21751844
	2595  -  MemoryUsage of job (MB)
	2656620  -  ResidentSetSize of job (KB)
...
006 (9622253.000.000) 04/11 00:31:46 Image size of job updated: 21751844
	2615  -  MemoryUsage of job (MB)
	2677752  -  ResidentSetSize of job (KB)
...
006 (9622253.000.000) 04/11 00:36:46 Image size of job updated: 21751844
	2616  -  MemoryUsage of job (MB)
	2677844  -  ResidentSetSize of job (KB)
...
006 (9622253.000.000) 04/11 00:41:47 Image size of job updated: 21751844
	2616  -  MemoryUsage of job (MB)
	2677952  -  ResidentSetSize of job (KB)
...
006 (9622253.000.000) 04/11 00:46:48 Image size of job updated: 21751844
	2636  -  MemoryUsage of job (MB)
	2698916  -  ResidentSetSize of job (KB)
...
006 (9622253.000.000) 04/11 00:51:48 Image size of job updated: 21751844
	2657  -  MemoryUsage of job (MB)
	2719996  -  ResidentSetSize of job (KB)
...
006 (9622253.000.000) 04/11 01:01:49 Image size of job updated: 21751844
	2677  -  MemoryUsage of job (MB)
	2741196  -  ResidentSetSize of job (KB)
...
006 (9622253.000.000) 04/11 01:06:50 Image size of job updated: 21751844
	2698  -  MemoryUsage of job (MB)
	2762520  -  ResidentSetSize of job (KB)
...
006 (9622253.000.000) 04/11 01:16:50 Image size of job updated: 21751844
	2719  -  MemoryUsage of job (MB)
	2783628  -  ResidentSetSize of job (KB)
...
006 (9622253.000.000) 04/11 01:21:52 Image size of job updated: 21751844
	2740  -  MemoryUsage of job (MB)
	2804824  -  ResidentSetSize of job (KB)
...
006 (9622253.000.000) 04/11 01:31:52 Image size of job updated: 21751844
	2761  -  MemoryUsage of job (MB)
	2827024  -  ResidentSetSize of job (KB)
...
006 (9622253.000.000) 04/11 01:36:53 Image size of job updated: 21751844
	2782  -  MemoryUsage of job (MB)
	2848032  -  ResidentSetSize of job (KB)
...
006 (9622253.000.000) 04/11 01:41:54 Image size of job updated: 21751844
	2782  -  MemoryUsage of job (MB)
	2848064  -  ResidentSetSize of job (KB)
...
040 (9622253.000.000) 04/11 01:43:21 Started transferring output files
...
040 (9622253.000.000) 04/11 01:43:21 Finished transferring output files
...
005 (9622253.000.000) 04/11 01:43:22 Job terminated.
	(1) Normal termination (return value 0)
		Usr 0 06:45:29, Sys 0 00:44:40  -  Run Remote Usage
		Usr 0 00:00:00, Sys 0 00:00:00  -  Run Local Usage
		Usr 0 06:45:29, Sys 0 00:44:40  -  Total Remote Usage
		Usr 0 00:00:00, Sys 0 00:00:00  -  Total Local Usage
	16019  -  Run Bytes Sent By Job
	194  -  Run Bytes Received By Job
	16019  -  Total Bytes Sent By Job
	194  -  Total Bytes Received By Job
	Partitionable Resources :    Usage  Request Allocated 
	   Cpus                 :     1.80        1         1 
	   Disk (KB)            :    36           1   1257563 
	   Memory (MB)          :  2782        2000      2000 

	Job terminated of its own accord at 2024-04-10T23:43:21Z.
...
