000 (9619836.000.000) 04/10 15:39:00 Job submitted from host: <137.138.156.150:9618?addrs=137.138.156.150-9618+[2001-1458-d00-14--9a]-9618&alias=bigbird13.cern.ch&noUDP&sock=schedd_2138_1192>
...
040 (9619836.000.000) 04/10 17:03:00 Started transferring input files
	Transferring to host: <128.142.57.74:9618?addrs=128.142.57.74-9618&alias=b7s02p6933.cern.ch&noUDP&sock=slot1_7_6924_5593_100362>
...
040 (9619836.000.000) 04/10 17:03:00 Finished transferring input files
...
001 (9619836.000.000) 04/10 17:03:01 Job executing on host: <128.142.57.74:9618?addrs=128.142.57.74-9618&alias=b7s02p6933.cern.ch&noUDP&sock=startd_6859_482f>
...
006 (9619836.000.000) 04/10 17:03:10 Image size of job updated: 357980
	15  -  MemoryUsage of job (MB)
	14452  -  ResidentSetSize of job (KB)
...
006 (9619836.000.000) 04/10 17:08:11 Image size of job updated: 3124360
	340  -  MemoryUsage of job (MB)
	347504  -  ResidentSetSize of job (KB)
...
006 (9619836.000.000) 04/10 17:13:12 Image size of job updated: 16955312
	1950  -  MemoryUsage of job (MB)
	1996564  -  ResidentSetSize of job (KB)
...
006 (9619836.000.000) 04/10 17:18:12 Image size of job updated: 21752044
	2088  -  MemoryUsage of job (MB)
	2137988  -  ResidentSetSize of job (KB)
...
006 (9619836.000.000) 04/10 18:33:18 Image size of job updated: 21752044
	2096  -  MemoryUsage of job (MB)
	2145524  -  ResidentSetSize of job (KB)
...
006 (9619836.000.000) 04/10 18:38:19 Image size of job updated: 21752044
	2113  -  MemoryUsage of job (MB)
	2163072  -  ResidentSetSize of job (KB)
...
006 (9619836.000.000) 04/10 18:43:20 Image size of job updated: 21752044
	2113  -  MemoryUsage of job (MB)
	2163080  -  ResidentSetSize of job (KB)
...
006 (9619836.000.000) 04/10 18:48:20 Image size of job updated: 21752044
	2134  -  MemoryUsage of job (MB)
	2184420  -  ResidentSetSize of job (KB)
...
006 (9619836.000.000) 04/10 18:53:20 Image size of job updated: 21752044
	2153  -  MemoryUsage of job (MB)
	2204364  -  ResidentSetSize of job (KB)
...
006 (9619836.000.000) 04/10 19:03:22 Image size of job updated: 21752044
	2173  -  MemoryUsage of job (MB)
	2224920  -  ResidentSetSize of job (KB)
...
006 (9619836.000.000) 04/10 19:08:22 Image size of job updated: 21752044
	2191  -  MemoryUsage of job (MB)
	2242896  -  ResidentSetSize of job (KB)
...
006 (9619836.000.000) 04/10 19:13:23 Image size of job updated: 21752044
	2191  -  MemoryUsage of job (MB)
	2242920  -  ResidentSetSize of job (KB)
...
006 (9619836.000.000) 04/10 19:18:24 Image size of job updated: 21752044
	2211  -  MemoryUsage of job (MB)
	2263940  -  ResidentSetSize of job (KB)
...
006 (9619836.000.000) 04/10 19:28:24 Image size of job updated: 21752044
	2230  -  MemoryUsage of job (MB)
	2282788  -  ResidentSetSize of job (KB)
...
006 (9619836.000.000) 04/10 19:33:25 Image size of job updated: 21752044
	2249  -  MemoryUsage of job (MB)
	2302540  -  ResidentSetSize of job (KB)
...
006 (9619836.000.000) 04/10 19:38:25 Image size of job updated: 21752044
	2249  -  MemoryUsage of job (MB)
	2302580  -  ResidentSetSize of job (KB)
...
006 (9619836.000.000) 04/10 19:43:25 Image size of job updated: 21752044
	2269  -  MemoryUsage of job (MB)
	2322492  -  ResidentSetSize of job (KB)
...
040 (9619836.000.000) 04/10 19:48:24 Started transferring output files
...
040 (9619836.000.000) 04/10 19:48:24 Finished transferring output files
...
005 (9619836.000.000) 04/10 19:48:24 Job terminated.
	(1) Normal termination (return value 0)
		Usr 0 03:53:47, Sys 0 00:26:14  -  Run Remote Usage
		Usr 0 00:00:00, Sys 0 00:00:00  -  Run Local Usage
		Usr 0 03:53:47, Sys 0 00:26:14  -  Total Remote Usage
		Usr 0 00:00:00, Sys 0 00:00:00  -  Total Local Usage
	15251  -  Run Bytes Sent By Job
	194  -  Run Bytes Received By Job
	15251  -  Total Bytes Sent By Job
	194  -  Total Bytes Received By Job
	Partitionable Resources :    Usage  Request Allocated 
	   Cpus                 :     1.70        1         1 
	   Disk (KB)            :    35           1   1197574 
	   Memory (MB)          :  2269        2000      2000 

	Job terminated of its own accord at 2024-04-10T17:48:24Z.
...
