000 (9619805.000.000) 04/10 15:35:19 Job submitted from host: <137.138.156.150:9618?addrs=137.138.156.150-9618+[2001-1458-d00-14--9a]-9618&alias=bigbird13.cern.ch&noUDP&sock=schedd_2138_1192>
...
040 (9619805.000.000) 04/10 17:02:50 Started transferring input files
	Transferring to host: <128.142.57.48:9618?addrs=128.142.57.48-9618+[2001-1458-301-7--100-2f]-9618&alias=b7s02p3198.cern.ch&noUDP&sock=slot1_10_64878_2b87_99746>
...
040 (9619805.000.000) 04/10 17:02:50 Finished transferring input files
...
001 (9619805.000.000) 04/10 17:02:51 Job executing on host: <128.142.57.48:9618?addrs=128.142.57.48-9618+[2001-1458-301-7--100-2f]-9618&alias=b7s02p3198.cern.ch&noUDP&sock=startd_64839_bd49>
...
006 (9619805.000.000) 04/10 17:03:00 Image size of job updated: 41820
	31  -  MemoryUsage of job (MB)
	31516  -  ResidentSetSize of job (KB)
...
006 (9619805.000.000) 04/10 17:08:01 Image size of job updated: 1645640
	182  -  MemoryUsage of job (MB)
	186348  -  ResidentSetSize of job (KB)
...
006 (9619805.000.000) 04/10 17:13:02 Image size of job updated: 16960008
	1959  -  MemoryUsage of job (MB)
	2005904  -  ResidentSetSize of job (KB)
...
006 (9619805.000.000) 04/10 17:18:02 Image size of job updated: 21695996
	2062  -  MemoryUsage of job (MB)
	2110496  -  ResidentSetSize of job (KB)
...
006 (9619805.000.000) 04/10 17:23:02 Image size of job updated: 21695996
	2152  -  MemoryUsage of job (MB)
	2203304  -  ResidentSetSize of job (KB)
...
006 (9619805.000.000) 04/10 17:28:03 Image size of job updated: 21695996
	2179  -  MemoryUsage of job (MB)
	2230700  -  ResidentSetSize of job (KB)
...
006 (9619805.000.000) 04/10 17:33:03 Image size of job updated: 21695996
	2180  -  MemoryUsage of job (MB)
	2231440  -  ResidentSetSize of job (KB)
...
006 (9619805.000.000) 04/10 17:38:03 Image size of job updated: 21695996
	2202  -  MemoryUsage of job (MB)
	2253840  -  ResidentSetSize of job (KB)
...
006 (9619805.000.000) 04/10 17:43:04 Image size of job updated: 21695996
	2202  -  MemoryUsage of job (MB)
	2254332  -  ResidentSetSize of job (KB)
...
006 (9619805.000.000) 04/10 17:48:04 Image size of job updated: 21695996
	2223  -  MemoryUsage of job (MB)
	2275592  -  ResidentSetSize of job (KB)
...
006 (9619805.000.000) 04/10 17:53:04 Image size of job updated: 21695996
	2223  -  MemoryUsage of job (MB)
	2275920  -  ResidentSetSize of job (KB)
...
006 (9619805.000.000) 04/10 17:58:05 Image size of job updated: 21695996
	2244  -  MemoryUsage of job (MB)
	2297700  -  ResidentSetSize of job (KB)
...
006 (9619805.000.000) 04/10 18:08:05 Image size of job updated: 21695996
	2266  -  MemoryUsage of job (MB)
	2319528  -  ResidentSetSize of job (KB)
...
006 (9619805.000.000) 04/10 18:13:06 Image size of job updated: 21730316
	2287  -  MemoryUsage of job (MB)
	2340888  -  ResidentSetSize of job (KB)
...
006 (9619805.000.000) 04/10 18:18:07 Image size of job updated: 21730316
	2287  -  MemoryUsage of job (MB)
	2340944  -  ResidentSetSize of job (KB)
...
006 (9619805.000.000) 04/10 18:23:07 Image size of job updated: 21730316
	2307  -  MemoryUsage of job (MB)
	2362248  -  ResidentSetSize of job (KB)
...
006 (9619805.000.000) 04/10 18:28:08 Image size of job updated: 21730316
	2307  -  MemoryUsage of job (MB)
	2362312  -  ResidentSetSize of job (KB)
...
006 (9619805.000.000) 04/10 18:33:09 Image size of job updated: 21730316
	2328  -  MemoryUsage of job (MB)
	2383712  -  ResidentSetSize of job (KB)
...
006 (9619805.000.000) 04/10 18:43:10 Image size of job updated: 21730316
	2353  -  MemoryUsage of job (MB)
	2409388  -  ResidentSetSize of job (KB)
...
006 (9619805.000.000) 04/10 18:53:11 Image size of job updated: 21730316
	2374  -  MemoryUsage of job (MB)
	2430620  -  ResidentSetSize of job (KB)
...
006 (9619805.000.000) 04/10 18:58:12 Image size of job updated: 21730316
	2395  -  MemoryUsage of job (MB)
	2451712  -  ResidentSetSize of job (KB)
...
006 (9619805.000.000) 04/10 19:03:13 Image size of job updated: 21730316
	2395  -  MemoryUsage of job (MB)
	2451796  -  ResidentSetSize of job (KB)
...
006 (9619805.000.000) 04/10 19:08:13 Image size of job updated: 21730316
	2416  -  MemoryUsage of job (MB)
	2472964  -  ResidentSetSize of job (KB)
...
006 (9619805.000.000) 04/10 19:13:13 Image size of job updated: 21730316
	2416  -  MemoryUsage of job (MB)
	2473016  -  ResidentSetSize of job (KB)
...
006 (9619805.000.000) 04/10 19:18:14 Image size of job updated: 21730316
	2437  -  MemoryUsage of job (MB)
	2495396  -  ResidentSetSize of job (KB)
...
006 (9619805.000.000) 04/10 19:28:14 Image size of job updated: 21730316
	2459  -  MemoryUsage of job (MB)
	2517704  -  ResidentSetSize of job (KB)
...
040 (9619805.000.000) 04/10 19:33:35 Started transferring output files
...
040 (9619805.000.000) 04/10 19:33:35 Finished transferring output files
...
005 (9619805.000.000) 04/10 19:33:35 Job terminated.
	(1) Normal termination (return value 0)
		Usr 0 03:29:15, Sys 0 00:19:55  -  Run Remote Usage
		Usr 0 00:00:00, Sys 0 00:00:00  -  Run Local Usage
		Usr 0 03:29:15, Sys 0 00:19:55  -  Total Remote Usage
		Usr 0 00:00:00, Sys 0 00:00:00  -  Total Local Usage
	14879  -  Run Bytes Sent By Job
	196  -  Run Bytes Received By Job
	14879  -  Total Bytes Sent By Job
	196  -  Total Bytes Received By Job
	Partitionable Resources :    Usage  Request Allocated 
	   Cpus                 :     1.67        1         1 
	   Disk (KB)            :    35           1   1055305 
	   Memory (MB)          :  2459        2000      2000 

	Job terminated of its own accord at 2024-04-10T17:33:35Z.
...
