000 (9826736.000.000) 05/16 09:14:42 Job submitted from host: <137.138.156.150:9618?addrs=137.138.156.150-9618+[2001-1458-d00-14--9a]-9618&alias=bigbird13.cern.ch&noUDP&sock=schedd_25162_9e1a>
...
040 (9826736.000.000) 05/16 09:39:07 Started transferring input files
	Transferring to host: <188.185.209.218:9618?addrs=188.185.209.218-9618+[2001-1458-303-12--100-57]-9618&alias=b9p12p0668.cern.ch&noUDP&sock=slot1_31_4203_24c4_71333>
...
040 (9826736.000.000) 05/16 09:39:07 Finished transferring input files
...
001 (9826736.000.000) 05/16 09:39:08 Job executing on host: <188.185.209.218:9618?addrs=188.185.209.218-9618+[2001-1458-303-12--100-57]-9618&alias=b9p12p0668.cern.ch&noUDP&sock=startd_3693_ab57>
	SlotName: slot1_31@b9p12p0668.cern.ch
	CondorScratchDir = "/pool/condor/dir_4019036"
	Cpus = 1
	Disk = 2729098
	Memory = 2000
...
006 (9826736.000.000) 05/16 09:39:16 Image size of job updated: 51680
	51  -  MemoryUsage of job (MB)
	51468  -  ResidentSetSize of job (KB)
...
006 (9826736.000.000) 05/16 09:44:16 Image size of job updated: 541940
	520  -  MemoryUsage of job (MB)
	532300  -  ResidentSetSize of job (KB)
...
006 (9826736.000.000) 05/16 09:49:17 Image size of job updated: 940064
	914  -  MemoryUsage of job (MB)
	935916  -  ResidentSetSize of job (KB)
...
006 (9826736.000.000) 05/16 09:54:17 Image size of job updated: 1340684
	1308  -  MemoryUsage of job (MB)
	1338648  -  ResidentSetSize of job (KB)
...
006 (9826736.000.000) 05/16 09:59:17 Image size of job updated: 1752544
	1702  -  MemoryUsage of job (MB)
	1742836  -  ResidentSetSize of job (KB)
...
006 (9826736.000.000) 05/16 10:04:18 Image size of job updated: 2140232
	2082  -  MemoryUsage of job (MB)
	2130984  -  ResidentSetSize of job (KB)
...
006 (9826736.000.000) 05/16 10:09:19 Image size of job updated: 2498404
	2439  -  MemoryUsage of job (MB)
	2496576  -  ResidentSetSize of job (KB)
...
006 (9826736.000.000) 05/16 10:14:19 Image size of job updated: 2861656
	2794  -  MemoryUsage of job (MB)
	2860772  -  ResidentSetSize of job (KB)
...
006 (9826736.000.000) 05/16 10:19:20 Image size of job updated: 3234504
	3157  -  MemoryUsage of job (MB)
	3232076  -  ResidentSetSize of job (KB)
...
006 (9826736.000.000) 05/16 10:24:21 Image size of job updated: 3638064
	3546  -  MemoryUsage of job (MB)
	3631068  -  ResidentSetSize of job (KB)
...
006 (9826736.000.000) 05/16 10:29:21 Image size of job updated: 4037676
	3940  -  MemoryUsage of job (MB)
	4034264  -  ResidentSetSize of job (KB)
...
006 (9826736.000.000) 05/16 10:34:22 Image size of job updated: 4450620
	4345  -  MemoryUsage of job (MB)
	4448808  -  ResidentSetSize of job (KB)
...
006 (9826736.000.000) 05/16 10:39:23 Image size of job updated: 4838256
	4720  -  MemoryUsage of job (MB)
	4832988  -  ResidentSetSize of job (KB)
...
006 (9826736.000.000) 05/16 10:44:23 Image size of job updated: 5192976
	5069  -  MemoryUsage of job (MB)
	5190408  -  ResidentSetSize of job (KB)
...
006 (9826736.000.000) 05/16 10:49:23 Image size of job updated: 5564624
	5434  -  MemoryUsage of job (MB)
	5563596  -  ResidentSetSize of job (KB)
...
006 (9826736.000.000) 05/16 10:54:25 Image size of job updated: 5958324
	5811  -  MemoryUsage of job (MB)
	5950400  -  ResidentSetSize of job (KB)
...
006 (9826736.000.000) 05/16 10:59:25 Image size of job updated: 6323428
	6167  -  MemoryUsage of job (MB)
	6314292  -  ResidentSetSize of job (KB)
...
006 (9826736.000.000) 05/16 11:04:25 Image size of job updated: 6722928
	6565  -  MemoryUsage of job (MB)
	6721948  -  ResidentSetSize of job (KB)
...
006 (9826736.000.000) 05/16 11:09:26 Image size of job updated: 7144596
	6976  -  MemoryUsage of job (MB)
	7142480  -  ResidentSetSize of job (KB)
...
006 (9826736.000.000) 05/16 11:14:27 Image size of job updated: 7598184
	7411  -  MemoryUsage of job (MB)
	7588376  -  ResidentSetSize of job (KB)
...
006 (9826736.000.000) 05/16 11:19:27 Image size of job updated: 7941472
	7750  -  MemoryUsage of job (MB)
	7935224  -  ResidentSetSize of job (KB)
...
006 (9826736.000.000) 05/16 11:24:28 Image size of job updated: 8311608
	8111  -  MemoryUsage of job (MB)
	8305168  -  ResidentSetSize of job (KB)
...
006 (9826736.000.000) 05/16 11:29:29 Image size of job updated: 8670224
	8462  -  MemoryUsage of job (MB)
	8664920  -  ResidentSetSize of job (KB)
...
006 (9826736.000.000) 05/16 11:34:29 Image size of job updated: 8971644
	8760  -  MemoryUsage of job (MB)
	8969492  -  ResidentSetSize of job (KB)
...
006 (9826736.000.000) 05/16 11:39:29 Image size of job updated: 9262404
	9040  -  MemoryUsage of job (MB)
	9255972  -  ResidentSetSize of job (KB)
...
006 (9826736.000.000) 05/16 11:44:30 Image size of job updated: 9526132
	9301  -  MemoryUsage of job (MB)
	9523308  -  ResidentSetSize of job (KB)
...
006 (9826736.000.000) 05/16 11:49:30 Image size of job updated: 9789792
	9558  -  MemoryUsage of job (MB)
	9786788  -  ResidentSetSize of job (KB)
...
006 (9826736.000.000) 05/16 11:54:30 Image size of job updated: 10142568
	9902  -  MemoryUsage of job (MB)
	10138776  -  ResidentSetSize of job (KB)
...
006 (9826736.000.000) 05/16 11:59:31 Image size of job updated: 10333580
	9995  -  MemoryUsage of job (MB)
	10234264  -  ResidentSetSize of job (KB)
...
006 (9826736.000.000) 05/16 12:04:32 Image size of job updated: 10603328
	10348  -  MemoryUsage of job (MB)
	10595628  -  ResidentSetSize of job (KB)
...
006 (9826736.000.000) 05/16 12:09:32 Image size of job updated: 10863376
	10518  -  MemoryUsage of job (MB)
	10770412  -  ResidentSetSize of job (KB)
...
006 (9826736.000.000) 05/16 12:14:33 Image size of job updated: 10985136
	10722  -  MemoryUsage of job (MB)
	10978376  -  ResidentSetSize of job (KB)
...
006 (9826736.000.000) 05/16 12:19:34 Image size of job updated: 11157232
	10845  -  MemoryUsage of job (MB)
	11104644  -  ResidentSetSize of job (KB)
...
006 (9826736.000.000) 05/16 12:24:34 Image size of job updated: 11270244
	10999  -  MemoryUsage of job (MB)
	11262836  -  ResidentSetSize of job (KB)
...
006 (9826736.000.000) 05/16 12:29:34 Image size of job updated: 11286708
	11010  -  MemoryUsage of job (MB)
	11273312  -  ResidentSetSize of job (KB)
...
006 (9826736.000.000) 05/16 12:34:35 Image size of job updated: 11384020
	11116  -  MemoryUsage of job (MB)
	11382568  -  ResidentSetSize of job (KB)
...
006 (9826736.000.000) 05/16 12:39:35 Image size of job updated: 11851276
	11573  -  MemoryUsage of job (MB)
	11849780  -  ResidentSetSize of job (KB)
...
006 (9826736.000.000) 05/16 12:44:35 Image size of job updated: 12365100
	12073  -  MemoryUsage of job (MB)
	12362132  -  ResidentSetSize of job (KB)
...
006 (9826736.000.000) 05/16 12:49:36 Image size of job updated: 12892544
	12586  -  MemoryUsage of job (MB)
	12887688  -  ResidentSetSize of job (KB)
...
006 (9826736.000.000) 05/16 12:54:37 Image size of job updated: 13338416
	13022  -  MemoryUsage of job (MB)
	13334256  -  ResidentSetSize of job (KB)
...
006 (9826736.000.000) 05/16 12:59:37 Image size of job updated: 13496864
	13022  -  MemoryUsage of job (MB)
	13334256  -  ResidentSetSize of job (KB)
...
006 (9826736.000.000) 05/16 13:14:39 Image size of job updated: 13496864
	13029  -  MemoryUsage of job (MB)
	13341396  -  ResidentSetSize of job (KB)
...
006 (9826736.000.000) 05/16 13:19:39 Image size of job updated: 13567544
	13167  -  MemoryUsage of job (MB)
	13482512  -  ResidentSetSize of job (KB)
...
006 (9826736.000.000) 05/16 13:49:42 Image size of job updated: 13936704
	13606  -  MemoryUsage of job (MB)
	13932224  -  ResidentSetSize of job (KB)
...
006 (9826736.000.000) 05/16 13:54:43 Image size of job updated: 14388400
	14050  -  MemoryUsage of job (MB)
	14386764  -  ResidentSetSize of job (KB)
...
006 (9826736.000.000) 05/16 13:59:44 Image size of job updated: 14875464
	14524  -  MemoryUsage of job (MB)
	14872432  -  ResidentSetSize of job (KB)
...
006 (9826736.000.000) 05/16 14:04:44 Image size of job updated: 15339912
	14978  -  MemoryUsage of job (MB)
	15336516  -  ResidentSetSize of job (KB)
...
006 (9826736.000.000) 05/16 14:09:45 Image size of job updated: 15832932
	15459  -  MemoryUsage of job (MB)
	15829300  -  ResidentSetSize of job (KB)
...
006 (9826736.000.000) 05/16 14:14:46 Image size of job updated: 16333232
	15948  -  MemoryUsage of job (MB)
	16329744  -  ResidentSetSize of job (KB)
...
006 (9826736.000.000) 05/16 14:19:46 Image size of job updated: 16804968
	16407  -  MemoryUsage of job (MB)
	16800436  -  ResidentSetSize of job (KB)
...
006 (9826736.000.000) 05/16 14:24:46 Image size of job updated: 17187484
	16780  -  MemoryUsage of job (MB)
	17182676  -  ResidentSetSize of job (KB)
...
006 (9826736.000.000) 05/16 14:29:48 Image size of job updated: 17642144
	17220  -  MemoryUsage of job (MB)
	17632580  -  ResidentSetSize of job (KB)
...
006 (9826736.000.000) 05/16 14:34:48 Image size of job updated: 18065452
	17642  -  MemoryUsage of job (MB)
	18064584  -  ResidentSetSize of job (KB)
...
006 (9826736.000.000) 05/16 14:39:48 Image size of job updated: 18104540
	17642  -  MemoryUsage of job (MB)
	18064584  -  ResidentSetSize of job (KB)
...
006 (9826736.000.000) 05/16 15:14:52 Image size of job updated: 18226260
	17790  -  MemoryUsage of job (MB)
	18216908  -  ResidentSetSize of job (KB)
...
006 (9826736.000.000) 05/16 15:19:54 Image size of job updated: 18676640
	18230  -  MemoryUsage of job (MB)
	18667288  -  ResidentSetSize of job (KB)
...
006 (9826736.000.000) 05/16 15:24:54 Image size of job updated: 19064880
	18618  -  MemoryUsage of job (MB)
	19064404  -  ResidentSetSize of job (KB)
...
006 (9826736.000.000) 05/16 15:29:54 Image size of job updated: 19498252
	19010  -  MemoryUsage of job (MB)
	19465844  -  ResidentSetSize of job (KB)
...
006 (9826736.000.000) 05/16 15:34:55 Image size of job updated: 19577196
	19010  -  MemoryUsage of job (MB)
	19466100  -  ResidentSetSize of job (KB)
...
006 (9826736.000.000) 05/16 15:44:56 Image size of job updated: 19874244
	19408  -  MemoryUsage of job (MB)
	19873536  -  ResidentSetSize of job (KB)
...
006 (9826736.000.000) 05/16 15:49:57 Image size of job updated: 20335668
	19858  -  MemoryUsage of job (MB)
	20334348  -  ResidentSetSize of job (KB)
...
006 (9826736.000.000) 05/16 15:54:58 Image size of job updated: 20767892
	20150  -  MemoryUsage of job (MB)
	20632996  -  ResidentSetSize of job (KB)
...
006 (9826736.000.000) 05/16 15:59:58 Image size of job updated: 20857300
	20267  -  MemoryUsage of job (MB)
	20752784  -  ResidentSetSize of job (KB)
...
006 (9826736.000.000) 05/16 16:04:58 Image size of job updated: 20975420
	20355  -  MemoryUsage of job (MB)
	20843240  -  ResidentSetSize of job (KB)
...
006 (9826736.000.000) 05/16 16:09:59 Image size of job updated: 21162796
	20483  -  MemoryUsage of job (MB)
	20974428  -  ResidentSetSize of job (KB)
...
006 (9826736.000.000) 05/16 16:17:04 Image size of job updated: 21405020
	20483  -  MemoryUsage of job (MB)
	20974428  -  ResidentSetSize of job (KB)
...
040 (9826736.000.000) 05/16 16:17:04 Started transferring output files
...
040 (9826736.000.000) 05/16 16:17:04 Finished transferring output files
...
005 (9826736.000.000) 05/16 16:17:04 Job terminated.
	(1) Normal termination (return value 0)
		Usr 0 01:39:26, Sys 0 00:26:04  -  Run Remote Usage
		Usr 0 00:00:00, Sys 0 00:00:00  -  Run Local Usage
		Usr 0 01:39:26, Sys 0 00:26:04  -  Total Remote Usage
		Usr 0 00:00:00, Sys 0 00:00:00  -  Total Local Usage
	7022  -  Run Bytes Sent By Job
	197  -  Run Bytes Received By Job
	7022  -  Total Bytes Sent By Job
	197  -  Total Bytes Received By Job
	Partitionable Resources :    Usage  Request Allocated 
	   Cpus                 :     0.97        1         1 
	   Disk (KB)            :    28           1   2729098 
	   Memory (MB)          : 20483        2000      2000 

	Job terminated of its own accord at 2024-05-16T14:17:04Z with exit-code 0.
...
