000 (9826740.000.000) 05/16 09:14:45 Job submitted from host: <137.138.156.150:9618?addrs=137.138.156.150-9618+[2001-1458-d00-14--9a]-9618&alias=bigbird13.cern.ch&noUDP&sock=schedd_25162_9e1a>
...
040 (9826740.000.000) 05/16 09:39:08 Started transferring input files
	Transferring to host: <128.142.131.123:9618?addrs=128.142.131.123-9618+[2001-1458-301-59--100-6f]-9618&alias=b9g11p3298.cern.ch&noUDP&sock=slot1_42_2951_ff11_41069>
...
040 (9826740.000.000) 05/16 09:39:08 Finished transferring input files
...
001 (9826740.000.000) 05/16 09:39:09 Job executing on host: <128.142.131.123:9618?addrs=128.142.131.123-9618+[2001-1458-301-59--100-6f]-9618&alias=b9g11p3298.cern.ch&noUDP&sock=startd_2631_39c3>
	SlotName: slot1_42@b9g11p3298.cern.ch
	CondorScratchDir = "/pool/condor/dir_194482"
	Cpus = 1
	Disk = 1716857
	Memory = 2000
...
006 (9826740.000.000) 05/16 09:39:18 Image size of job updated: 119020
	117  -  MemoryUsage of job (MB)
	119020  -  ResidentSetSize of job (KB)
...
006 (9826740.000.000) 05/16 09:44:19 Image size of job updated: 400876
	392  -  MemoryUsage of job (MB)
	400876  -  ResidentSetSize of job (KB)
...
006 (9826740.000.000) 05/16 09:49:19 Image size of job updated: 628128
	614  -  MemoryUsage of job (MB)
	628128  -  ResidentSetSize of job (KB)
...
006 (9826740.000.000) 05/16 09:54:19 Image size of job updated: 843204
	824  -  MemoryUsage of job (MB)
	843204  -  ResidentSetSize of job (KB)
...
006 (9826740.000.000) 05/16 09:59:20 Image size of job updated: 1062736
	1038  -  MemoryUsage of job (MB)
	1062736  -  ResidentSetSize of job (KB)
...
006 (9826740.000.000) 05/16 10:04:21 Image size of job updated: 1276120
	1247  -  MemoryUsage of job (MB)
	1276120  -  ResidentSetSize of job (KB)
...
006 (9826740.000.000) 05/16 10:09:21 Image size of job updated: 1489752
	1455  -  MemoryUsage of job (MB)
	1489752  -  ResidentSetSize of job (KB)
...
006 (9826740.000.000) 05/16 10:14:22 Image size of job updated: 1696080
	1657  -  MemoryUsage of job (MB)
	1696080  -  ResidentSetSize of job (KB)
...
006 (9826740.000.000) 05/16 10:19:23 Image size of job updated: 1908724
	1864  -  MemoryUsage of job (MB)
	1908724  -  ResidentSetSize of job (KB)
...
006 (9826740.000.000) 05/16 10:24:23 Image size of job updated: 2135832
	2086  -  MemoryUsage of job (MB)
	2135832  -  ResidentSetSize of job (KB)
...
006 (9826740.000.000) 05/16 10:29:24 Image size of job updated: 2364608
	2310  -  MemoryUsage of job (MB)
	2364608  -  ResidentSetSize of job (KB)
...
006 (9826740.000.000) 05/16 10:34:25 Image size of job updated: 2588080
	2528  -  MemoryUsage of job (MB)
	2588080  -  ResidentSetSize of job (KB)
...
006 (9826740.000.000) 05/16 10:39:25 Image size of job updated: 2798176
	2733  -  MemoryUsage of job (MB)
	2798176  -  ResidentSetSize of job (KB)
...
006 (9826740.000.000) 05/16 10:44:25 Image size of job updated: 3014464
	2944  -  MemoryUsage of job (MB)
	3014464  -  ResidentSetSize of job (KB)
...
006 (9826740.000.000) 05/16 10:49:26 Image size of job updated: 3243916
	3168  -  MemoryUsage of job (MB)
	3243916  -  ResidentSetSize of job (KB)
...
006 (9826740.000.000) 05/16 10:54:26 Image size of job updated: 3461724
	3381  -  MemoryUsage of job (MB)
	3461724  -  ResidentSetSize of job (KB)
...
006 (9826740.000.000) 05/16 10:59:26 Image size of job updated: 3688916
	3603  -  MemoryUsage of job (MB)
	3688916  -  ResidentSetSize of job (KB)
...
006 (9826740.000.000) 05/16 11:04:27 Image size of job updated: 3917260
	3826  -  MemoryUsage of job (MB)
	3917260  -  ResidentSetSize of job (KB)
...
006 (9826740.000.000) 05/16 11:09:28 Image size of job updated: 4150684
	4054  -  MemoryUsage of job (MB)
	4150684  -  ResidentSetSize of job (KB)
...
006 (9826740.000.000) 05/16 11:14:28 Image size of job updated: 4359880
	4258  -  MemoryUsage of job (MB)
	4359880  -  ResidentSetSize of job (KB)
...
006 (9826740.000.000) 05/16 11:19:29 Image size of job updated: 4571548
	4465  -  MemoryUsage of job (MB)
	4571548  -  ResidentSetSize of job (KB)
...
006 (9826740.000.000) 05/16 11:24:30 Image size of job updated: 4797000
	4685  -  MemoryUsage of job (MB)
	4797000  -  ResidentSetSize of job (KB)
...
006 (9826740.000.000) 05/16 11:29:30 Image size of job updated: 5035996
	4918  -  MemoryUsage of job (MB)
	5035996  -  ResidentSetSize of job (KB)
...
006 (9826740.000.000) 05/16 11:34:30 Image size of job updated: 5262632
	5140  -  MemoryUsage of job (MB)
	5262632  -  ResidentSetSize of job (KB)
...
006 (9826740.000.000) 05/16 11:39:31 Image size of job updated: 5481552
	5354  -  MemoryUsage of job (MB)
	5481552  -  ResidentSetSize of job (KB)
...
006 (9826740.000.000) 05/16 11:44:31 Image size of job updated: 5696112
	5563  -  MemoryUsage of job (MB)
	5696112  -  ResidentSetSize of job (KB)
...
006 (9826740.000.000) 05/16 11:49:31 Image size of job updated: 5925496
	5787  -  MemoryUsage of job (MB)
	5925496  -  ResidentSetSize of job (KB)
...
006 (9826740.000.000) 05/16 11:54:32 Image size of job updated: 6137972
	5995  -  MemoryUsage of job (MB)
	6137972  -  ResidentSetSize of job (KB)
...
006 (9826740.000.000) 05/16 11:59:33 Image size of job updated: 6364940
	6216  -  MemoryUsage of job (MB)
	6364940  -  ResidentSetSize of job (KB)
...
006 (9826740.000.000) 05/16 12:04:33 Image size of job updated: 6593792
	6440  -  MemoryUsage of job (MB)
	6593792  -  ResidentSetSize of job (KB)
...
006 (9826740.000.000) 05/16 12:09:34 Image size of job updated: 6816644
	6657  -  MemoryUsage of job (MB)
	6816644  -  ResidentSetSize of job (KB)
...
006 (9826740.000.000) 05/16 12:14:35 Image size of job updated: 7047464
	6883  -  MemoryUsage of job (MB)
	7047464  -  ResidentSetSize of job (KB)
...
006 (9826740.000.000) 05/16 12:19:35 Image size of job updated: 7267396
	7098  -  MemoryUsage of job (MB)
	7267396  -  ResidentSetSize of job (KB)
...
006 (9826740.000.000) 05/16 12:24:35 Image size of job updated: 7496888
	7322  -  MemoryUsage of job (MB)
	7496888  -  ResidentSetSize of job (KB)
...
006 (9826740.000.000) 05/16 12:29:36 Image size of job updated: 7721156
	7541  -  MemoryUsage of job (MB)
	7721156  -  ResidentSetSize of job (KB)
...
006 (9826740.000.000) 05/16 12:34:36 Image size of job updated: 7950444
	7765  -  MemoryUsage of job (MB)
	7950444  -  ResidentSetSize of job (KB)
...
006 (9826740.000.000) 05/16 12:39:36 Image size of job updated: 8174880
	7984  -  MemoryUsage of job (MB)
	8174880  -  ResidentSetSize of job (KB)
...
006 (9826740.000.000) 05/16 12:44:37 Image size of job updated: 8405952
	8209  -  MemoryUsage of job (MB)
	8405952  -  ResidentSetSize of job (KB)
...
006 (9826740.000.000) 05/16 13:09:40 Image size of job updated: 8590952
	8390  -  MemoryUsage of job (MB)
	8590952  -  ResidentSetSize of job (KB)
...
006 (9826740.000.000) 05/16 13:14:40 Image size of job updated: 8809344
	8603  -  MemoryUsage of job (MB)
	8809344  -  ResidentSetSize of job (KB)
...
006 (9826740.000.000) 05/16 13:19:41 Image size of job updated: 9023812
	8813  -  MemoryUsage of job (MB)
	9023812  -  ResidentSetSize of job (KB)
...
006 (9826740.000.000) 05/16 13:24:41 Image size of job updated: 9230616
	9015  -  MemoryUsage of job (MB)
	9230616  -  ResidentSetSize of job (KB)
...
006 (9826740.000.000) 05/16 13:29:41 Image size of job updated: 9460380
	9239  -  MemoryUsage of job (MB)
	9460380  -  ResidentSetSize of job (KB)
...
006 (9826740.000.000) 05/16 15:44:56 Image size of job updated: 9729516
	9502  -  MemoryUsage of job (MB)
	9729516  -  ResidentSetSize of job (KB)
...
006 (9826740.000.000) 05/16 15:49:57 Image size of job updated: 9998084
	9764  -  MemoryUsage of job (MB)
	9998084  -  ResidentSetSize of job (KB)
...
006 (9826740.000.000) 05/16 15:54:58 Image size of job updated: 10249308
	10010  -  MemoryUsage of job (MB)
	10249308  -  ResidentSetSize of job (KB)
...
006 (9826740.000.000) 05/16 15:59:58 Image size of job updated: 10525732
	10280  -  MemoryUsage of job (MB)
	10525732  -  ResidentSetSize of job (KB)
...
006 (9826740.000.000) 05/16 16:04:59 Image size of job updated: 10797140
	10545  -  MemoryUsage of job (MB)
	10797140  -  ResidentSetSize of job (KB)
...
006 (9826740.000.000) 05/16 16:10:00 Image size of job updated: 11059636
	10801  -  MemoryUsage of job (MB)
	11059636  -  ResidentSetSize of job (KB)
...
006 (9826740.000.000) 05/16 16:15:00 Image size of job updated: 11331128
	11066  -  MemoryUsage of job (MB)
	11331128  -  ResidentSetSize of job (KB)
...
006 (9826740.000.000) 05/16 16:20:00 Image size of job updated: 11574248
	11303  -  MemoryUsage of job (MB)
	11574248  -  ResidentSetSize of job (KB)
...
006 (9826740.000.000) 05/16 16:25:01 Image size of job updated: 11850116
	11573  -  MemoryUsage of job (MB)
	11850116  -  ResidentSetSize of job (KB)
...
006 (9826740.000.000) 05/16 16:30:01 Image size of job updated: 12104724
	11822  -  MemoryUsage of job (MB)
	12104724  -  ResidentSetSize of job (KB)
...
006 (9826740.000.000) 05/16 16:35:01 Image size of job updated: 12339028
	12050  -  MemoryUsage of job (MB)
	12339028  -  ResidentSetSize of job (KB)
...
006 (9826740.000.000) 05/16 16:40:02 Image size of job updated: 12411780
	12121  -  MemoryUsage of job (MB)
	12411780  -  ResidentSetSize of job (KB)
...
006 (9826740.000.000) 05/16 16:45:03 Image size of job updated: 12537552
	12244  -  MemoryUsage of job (MB)
	12537552  -  ResidentSetSize of job (KB)
...
006 (9826740.000.000) 05/16 18:05:12 Image size of job updated: 12623812
	12328  -  MemoryUsage of job (MB)
	12623812  -  ResidentSetSize of job (KB)
...
006 (9826740.000.000) 05/16 18:10:12 Image size of job updated: 12820304
	12520  -  MemoryUsage of job (MB)
	12820304  -  ResidentSetSize of job (KB)
...
006 (9826740.000.000) 05/16 18:15:12 Image size of job updated: 12981996
	12678  -  MemoryUsage of job (MB)
	12981996  -  ResidentSetSize of job (KB)
...
006 (9826740.000.000) 05/16 18:20:13 Image size of job updated: 13228588
	12919  -  MemoryUsage of job (MB)
	13228588  -  ResidentSetSize of job (KB)
...
040 (9826740.000.000) 05/16 19:35:47 Started transferring output files
...
040 (9826740.000.000) 05/16 19:35:47 Finished transferring output files
...
005 (9826740.000.000) 05/16 19:35:47 Job terminated.
	(1) Normal termination (return value 0)
		Usr 0 02:36:47, Sys 0 00:22:38  -  Run Remote Usage
		Usr 0 00:00:00, Sys 0 00:00:00  -  Run Local Usage
		Usr 0 02:36:47, Sys 0 00:22:38  -  Total Remote Usage
		Usr 0 00:00:00, Sys 0 00:00:00  -  Total Local Usage
	129900  -  Run Bytes Sent By Job
	199  -  Run Bytes Received By Job
	129900  -  Total Bytes Sent By Job
	199  -  Total Bytes Received By Job
	Partitionable Resources :    Usage  Request Allocated 
	   Cpus                 :     1.00        1         1 
	   Disk (KB)            :   148           1   1716857 
	   Memory (MB)          : 12919        2000      2000 

	Job terminated of its own accord at 2024-05-16T17:35:47Z with exit-code 0.
...
