000 (9826782.000.000) 05/16 09:15:32 Job submitted from host: <137.138.156.150:9618?addrs=137.138.156.150-9618+[2001-1458-d00-14--9a]-9618&alias=bigbird13.cern.ch&noUDP&sock=schedd_25162_9e1a>
...
040 (9826782.000.000) 05/16 16:13:52 Started transferring input files
	Transferring to host: <128.142.60.18:9618?addrs=128.142.60.18-9618+[2001-1458-301-22--100-11]-9618&alias=b9s05p9858.cern.ch&noUDP&sock=slot1_25_580129_1c80_130097>
...
040 (9826782.000.000) 05/16 16:13:52 Finished transferring input files
...
001 (9826782.000.000) 05/16 16:13:53 Job executing on host: <128.142.60.18:9618?addrs=128.142.60.18-9618+[2001-1458-301-22--100-11]-9618&alias=b9s05p9858.cern.ch&noUDP&sock=startd_580091_c12b>
	SlotName: slot1_25@b9s05p9858.cern.ch
	CondorScratchDir = "/pool/condor/dir_157415"
	Cpus = 1
	Disk = 2994908
	Memory = 2000
...
006 (9826782.000.000) 05/16 16:14:02 Image size of job updated: 56168
	55  -  MemoryUsage of job (MB)
	55820  -  ResidentSetSize of job (KB)
...
006 (9826782.000.000) 05/16 16:19:03 Image size of job updated: 1349976
	1316  -  MemoryUsage of job (MB)
	1347580  -  ResidentSetSize of job (KB)
...
006 (9826782.000.000) 05/16 16:24:03 Image size of job updated: 2330780
	2276  -  MemoryUsage of job (MB)
	2330540  -  ResidentSetSize of job (KB)
...
006 (9826782.000.000) 05/16 16:29:03 Image size of job updated: 3758172
	3669  -  MemoryUsage of job (MB)
	3756312  -  ResidentSetSize of job (KB)
...
006 (9826782.000.000) 05/16 16:34:04 Image size of job updated: 5250876
	5126  -  MemoryUsage of job (MB)
	5248964  -  ResidentSetSize of job (KB)
...
006 (9826782.000.000) 05/16 16:39:04 Image size of job updated: 6800976
	6640  -  MemoryUsage of job (MB)
	6799300  -  ResidentSetSize of job (KB)
...
006 (9826782.000.000) 05/16 16:44:04 Image size of job updated: 8059388
	7869  -  MemoryUsage of job (MB)
	8057520  -  ResidentSetSize of job (KB)
...
006 (9826782.000.000) 05/16 16:49:05 Image size of job updated: 10037164
	9773  -  MemoryUsage of job (MB)
	10007052  -  ResidentSetSize of job (KB)
...
006 (9826782.000.000) 05/16 16:54:05 Image size of job updated: 11937932
	11651  -  MemoryUsage of job (MB)
	11929996  -  ResidentSetSize of job (KB)
...
006 (9826782.000.000) 05/16 16:59:05 Image size of job updated: 14000696
	13575  -  MemoryUsage of job (MB)
	13900452  -  ResidentSetSize of job (KB)
...
006 (9826782.000.000) 05/16 17:04:06 Image size of job updated: 15759232
	15390  -  MemoryUsage of job (MB)
	15758952  -  ResidentSetSize of job (KB)
...
006 (9826782.000.000) 05/16 17:09:07 Image size of job updated: 18395192
	17961  -  MemoryUsage of job (MB)
	18391356  -  ResidentSetSize of job (KB)
...
006 (9826782.000.000) 05/16 17:14:07 Image size of job updated: 21564748
	21057  -  MemoryUsage of job (MB)
	21561908  -  ResidentSetSize of job (KB)
...
006 (9826782.000.000) 05/16 17:19:08 Image size of job updated: 24750268
	24156  -  MemoryUsage of job (MB)
	24735744  -  ResidentSetSize of job (KB)
...
006 (9826782.000.000) 05/16 17:24:09 Image size of job updated: 27217080
	26577  -  MemoryUsage of job (MB)
	27214488  -  ResidentSetSize of job (KB)
...
006 (9826782.000.000) 05/16 17:29:09 Image size of job updated: 28602424
	27932  -  MemoryUsage of job (MB)
	28601404  -  ResidentSetSize of job (KB)
...
006 (9826782.000.000) 05/16 17:34:09 Image size of job updated: 30658200
	29705  -  MemoryUsage of job (MB)
	30417056  -  ResidentSetSize of job (KB)
...
006 (9826782.000.000) 05/16 17:39:10 Image size of job updated: 32643936
	31860  -  MemoryUsage of job (MB)
	32624360  -  ResidentSetSize of job (KB)
...
006 (9826782.000.000) 05/16 17:44:10 Image size of job updated: 33303960
	32523  -  MemoryUsage of job (MB)
	33303476  -  ResidentSetSize of job (KB)
...
006 (9826782.000.000) 05/16 17:49:10 Image size of job updated: 36362040
	35508  -  MemoryUsage of job (MB)
	36359852  -  ResidentSetSize of job (KB)
...
006 (9826782.000.000) 05/16 17:54:11 Image size of job updated: 39767656
	38834  -  MemoryUsage of job (MB)
	39765216  -  ResidentSetSize of job (KB)
...
006 (9826782.000.000) 05/16 17:59:12 Image size of job updated: 41121672
	40156  -  MemoryUsage of job (MB)
	41119560  -  ResidentSetSize of job (KB)
...
006 (9826782.000.000) 05/16 18:04:12 Image size of job updated: 42921048
	40156  -  MemoryUsage of job (MB)
	41119560  -  ResidentSetSize of job (KB)
...
006 (9826782.000.000) 05/16 18:14:14 Image size of job updated: 42921048
	40966  -  MemoryUsage of job (MB)
	41948252  -  ResidentSetSize of job (KB)
...
006 (9826782.000.000) 05/16 18:19:14 Image size of job updated: 43521396
	40966  -  MemoryUsage of job (MB)
	41948252  -  ResidentSetSize of job (KB)
...
006 (9826782.000.000) 05/16 20:19:26 Image size of job updated: 43521396
	42100  -  MemoryUsage of job (MB)
	43110388  -  ResidentSetSize of job (KB)
...
006 (9826782.000.000) 05/16 20:24:27 Image size of job updated: 44382276
	43342  -  MemoryUsage of job (MB)
	44381324  -  ResidentSetSize of job (KB)
...
006 (9826782.000.000) 05/16 20:29:27 Image size of job updated: 46166364
	45075  -  MemoryUsage of job (MB)
	46156708  -  ResidentSetSize of job (KB)
...
006 (9826782.000.000) 05/16 20:34:27 Image size of job updated: 47418308
	46305  -  MemoryUsage of job (MB)
	47415648  -  ResidentSetSize of job (KB)
...
006 (9826782.000.000) 05/16 20:39:28 Image size of job updated: 47947140
	46822  -  MemoryUsage of job (MB)
	47944972  -  ResidentSetSize of job (KB)
...
006 (9826782.000.000) 05/16 20:44:29 Image size of job updated: 47953756
	46828  -  MemoryUsage of job (MB)
	47951856  -  ResidentSetSize of job (KB)
...
006 (9826782.000.000) 05/16 20:49:29 Image size of job updated: 47957768
	46832  -  MemoryUsage of job (MB)
	47955908  -  ResidentSetSize of job (KB)
...
006 (9826782.000.000) 05/16 20:54:30 Image size of job updated: 48883840
	47736  -  MemoryUsage of job (MB)
	48880940  -  ResidentSetSize of job (KB)
...
006 (9826782.000.000) 05/16 20:59:31 Image size of job updated: 50226136
	49048  -  MemoryUsage of job (MB)
	50224880  -  ResidentSetSize of job (KB)
...
006 (9826782.000.000) 05/16 21:04:31 Image size of job updated: 52401284
	51171  -  MemoryUsage of job (MB)
	52398720  -  ResidentSetSize of job (KB)
...
006 (9826782.000.000) 05/16 21:09:31 Image size of job updated: 54456884
	53177  -  MemoryUsage of job (MB)
	54453228  -  ResidentSetSize of job (KB)
...
006 (9826782.000.000) 05/16 21:14:32 Image size of job updated: 57111340
	55772  -  MemoryUsage of job (MB)
	57110460  -  ResidentSetSize of job (KB)
...
006 (9826782.000.000) 05/16 21:19:32 Image size of job updated: 60069176
	58661  -  MemoryUsage of job (MB)
	60068200  -  ResidentSetSize of job (KB)
...
006 (9826782.000.000) 05/16 21:24:32 Image size of job updated: 63941148
	62441  -  MemoryUsage of job (MB)
	63938612  -  ResidentSetSize of job (KB)
...
006 (9826782.000.000) 05/16 21:29:33 Image size of job updated: 66700584
	65136  -  MemoryUsage of job (MB)
	66698948  -  ResidentSetSize of job (KB)
...
006 (9826782.000.000) 05/16 21:34:34 Image size of job updated: 67354780
	65668  -  MemoryUsage of job (MB)
	67243836  -  ResidentSetSize of job (KB)
...
006 (9826782.000.000) 05/16 21:59:36 Image size of job updated: 68288612
	66687  -  MemoryUsage of job (MB)
	68286864  -  ResidentSetSize of job (KB)
...
006 (9826782.000.000) 05/16 22:04:37 Image size of job updated: 71753332
	70069  -  MemoryUsage of job (MB)
	71750540  -  ResidentSetSize of job (KB)
...
006 (9826782.000.000) 05/16 22:09:37 Image size of job updated: 73091084
	70691  -  MemoryUsage of job (MB)
	72386596  -  ResidentSetSize of job (KB)
...
040 (9826782.000.000) 05/16 22:24:44 Started transferring output files
...
040 (9826782.000.000) 05/16 22:24:44 Finished transferring output files
...
005 (9826782.000.000) 05/16 22:24:44 Job terminated.
	(1) Normal termination (return value 1)
		Usr 0 01:29:48, Sys 0 00:43:45  -  Run Remote Usage
		Usr 0 00:00:00, Sys 0 00:00:00  -  Run Local Usage
		Usr 0 01:29:48, Sys 0 00:43:45  -  Total Remote Usage
		Usr 0 00:00:00, Sys 0 00:00:00  -  Total Local Usage
	9803  -  Run Bytes Sent By Job
	197  -  Run Bytes Received By Job
	9803  -  Total Bytes Sent By Job
	197  -  Total Bytes Received By Job
	Partitionable Resources :    Usage  Request Allocated 
	   Cpus                 :     0.99        1         1 
	   Disk (KB)            :    31           1   2994908 
	   Memory (MB)          : 70691        2000      2000 

	Job terminated of its own accord at 2024-05-16T20:24:44Z with exit-code 1.
...
