000 (9826742.000.000) 05/16 09:14:46 Job submitted from host: <137.138.156.150:9618?addrs=137.138.156.150-9618+[2001-1458-d00-14--9a]-9618&alias=bigbird13.cern.ch&noUDP&sock=schedd_25162_9e1a>
...
040 (9826742.000.000) 05/16 09:39:08 Started transferring input files
	Transferring to host: <128.142.137.31:9618?addrs=128.142.137.31-9618+[2001-1458-301-5e--100-13]-9618&alias=b9g19p7005.cern.ch&noUDP&sock=slot1_39_1427898_108a_9637>
...
040 (9826742.000.000) 05/16 09:39:08 Finished transferring input files
...
001 (9826742.000.000) 05/16 09:39:09 Job executing on host: <128.142.137.31:9618?addrs=128.142.137.31-9618+[2001-1458-301-5e--100-13]-9618&alias=b9g19p7005.cern.ch&noUDP&sock=startd_2367_24c2>
	SlotName: slot1_39@b9g19p7005.cern.ch
	CondorScratchDir = "/pool/condor/dir_1944583"
	Cpus = 1
	Disk = 1733653
	Memory = 2000
...
006 (9826742.000.000) 05/16 09:39:18 Image size of job updated: 53408
	53  -  MemoryUsage of job (MB)
	53408  -  ResidentSetSize of job (KB)
...
006 (9826742.000.000) 05/16 09:40:09 Image size of job updated: 53408
	53  -  MemoryUsage of job (MB)
	53444  -  ResidentSetSize of job (KB)
...
040 (9826742.000.000) 05/16 09:40:09 Started transferring output files
...
040 (9826742.000.000) 05/16 09:40:09 Finished transferring output files
...
005 (9826742.000.000) 05/16 09:40:09 Job terminated.
	(1) Normal termination (return value 1)
		Usr 0 00:00:03, Sys 0 00:00:02  -  Run Remote Usage
		Usr 0 00:00:00, Sys 0 00:00:00  -  Run Local Usage
		Usr 0 00:00:03, Sys 0 00:00:02  -  Total Remote Usage
		Usr 0 00:00:00, Sys 0 00:00:00  -  Total Local Usage
	10500  -  Run Bytes Sent By Job
	197  -  Run Bytes Received By Job
	10500  -  Total Bytes Sent By Job
	197  -  Total Bytes Received By Job
	Partitionable Resources :    Usage  Request Allocated 
	   Cpus                 :     0.06        1         1 
	   Disk (KB)            :    31           1   1733653 
	   Memory (MB)          :    53        2000      2000 

	Job terminated of its own accord at 2024-05-16T07:40:09Z with exit-code 1.
...
