000 (9706279.000.000) 04/30 22:32:10 Job submitted from host: <137.138.156.150:9618?addrs=137.138.156.150-9618+[2001-1458-d00-14--9a]-9618&alias=bigbird13.cern.ch&noUDP&sock=schedd_2138_1192>
...
040 (9706279.000.000) 04/30 22:41:16 Started transferring input files
	Transferring to host: <188.184.165.72:9618?addrs=188.184.165.72-9618+[2001-1458-301-51--100-43]-9618&alias=b9s14p1517.cern.ch&noUDP&sock=slot1_29_10315_99bd_34999>
...
040 (9706279.000.000) 04/30 22:41:16 Finished transferring input files
...
001 (9706279.000.000) 04/30 22:41:17 Job executing on host: <188.184.165.72:9618?addrs=188.184.165.72-9618+[2001-1458-301-51--100-43]-9618&alias=b9s14p1517.cern.ch&noUDP&sock=startd_8882_e446>
...
006 (9706279.000.000) 04/30 22:41:25 Image size of job updated: 31408
	31  -  MemoryUsage of job (MB)
	31408  -  ResidentSetSize of job (KB)
...
006 (9706279.000.000) 04/30 22:42:51 Image size of job updated: 243864
	123  -  MemoryUsage of job (MB)
	125804  -  ResidentSetSize of job (KB)
...
040 (9706279.000.000) 04/30 22:42:51 Started transferring output files
...
040 (9706279.000.000) 04/30 22:42:51 Finished transferring output files
...
005 (9706279.000.000) 04/30 22:42:51 Job terminated.
	(1) Normal termination (return value 1)
		Usr 0 00:00:03, Sys 0 00:00:01  -  Run Remote Usage
		Usr 0 00:00:00, Sys 0 00:00:00  -  Run Local Usage
		Usr 0 00:00:03, Sys 0 00:00:01  -  Total Remote Usage
		Usr 0 00:00:00, Sys 0 00:00:00  -  Total Local Usage
	8243  -  Run Bytes Sent By Job
	215  -  Run Bytes Received By Job
	8243  -  Total Bytes Sent By Job
	215  -  Total Bytes Received By Job
	Partitionable Resources :    Usage  Request Allocated 
	   Cpus                 :        0        1         1 
	   Disk (KB)            :       29        1   3051965 
	   Memory (MB)          :      123     2000      2000 

	Job terminated of its own accord at 2024-04-30T20:42:51Z.
...
