000 (9706306.000.000) 04/30 22:32:29 Job submitted from host: <137.138.156.150:9618?addrs=137.138.156.150-9618+[2001-1458-d00-14--9a]-9618&alias=bigbird13.cern.ch&noUDP&sock=schedd_2138_1192>
...
040 (9706306.000.000) 04/30 22:41:26 Started transferring input files
	Transferring to host: <128.142.192.156:9618?addrs=128.142.192.156-9618+[2001-1458-301-56--100-18]-9618&alias=b9g18p6330.cern.ch&noUDP&sock=slot1_10_4580_c633_28093>
...
040 (9706306.000.000) 04/30 22:41:26 Finished transferring input files
...
001 (9706306.000.000) 04/30 22:41:27 Job executing on host: <128.142.192.156:9618?addrs=128.142.192.156-9618+[2001-1458-301-56--100-18]-9618&alias=b9g18p6330.cern.ch&noUDP&sock=startd_4253_c860>
...
006 (9706306.000.000) 04/30 22:41:35 Image size of job updated: 36880
	37  -  MemoryUsage of job (MB)
	36880  -  ResidentSetSize of job (KB)
...
006 (9706306.000.000) 04/30 22:46:35 Image size of job updated: 3088708
	3016  -  MemoryUsage of job (MB)
	3087540  -  ResidentSetSize of job (KB)
...
006 (9706306.000.000) 04/30 22:51:35 Image size of job updated: 6864656
	6704  -  MemoryUsage of job (MB)
	6864656  -  ResidentSetSize of job (KB)
...
006 (9706306.000.000) 04/30 22:56:36 Image size of job updated: 10509628
	10262  -  MemoryUsage of job (MB)
	10507776  -  ResidentSetSize of job (KB)
...
006 (9706306.000.000) 04/30 23:01:37 Image size of job updated: 13777812
	13453  -  MemoryUsage of job (MB)
	13775276  -  ResidentSetSize of job (KB)
...
006 (9706306.000.000) 04/30 23:06:37 Image size of job updated: 17326368
	16919  -  MemoryUsage of job (MB)
	17324076  -  ResidentSetSize of job (KB)
...
006 (9706306.000.000) 04/30 23:11:38 Image size of job updated: 20901976
	20411  -  MemoryUsage of job (MB)
	20899932  -  ResidentSetSize of job (KB)
...
006 (9706306.000.000) 04/30 23:16:39 Image size of job updated: 24591540
	24013  -  MemoryUsage of job (MB)
	24588868  -  ResidentSetSize of job (KB)
...
006 (9706306.000.000) 04/30 23:21:39 Image size of job updated: 27808524
	27149  -  MemoryUsage of job (MB)
	27800204  -  ResidentSetSize of job (KB)
...
006 (9706306.000.000) 04/30 23:26:39 Image size of job updated: 29923224
	27981  -  MemoryUsage of job (MB)
	28652044  -  ResidentSetSize of job (KB)
...
006 (9706306.000.000) 04/30 23:36:40 Image size of job updated: 30364548
	29651  -  MemoryUsage of job (MB)
	30362208  -  ResidentSetSize of job (KB)
...
006 (9706306.000.000) 04/30 23:41:40 Image size of job updated: 33750244
	32958  -  MemoryUsage of job (MB)
	33748868  -  ResidentSetSize of job (KB)
...
006 (9706306.000.000) 04/30 23:46:41 Image size of job updated: 36980972
	36113  -  MemoryUsage of job (MB)
	36979432  -  ResidentSetSize of job (KB)
...
006 (9706306.000.000) 04/30 23:51:42 Image size of job updated: 40398784
	39452  -  MemoryUsage of job (MB)
	40398368  -  ResidentSetSize of job (KB)
...
006 (9706306.000.000) 04/30 23:56:42 Image size of job updated: 43746868
	42720  -  MemoryUsage of job (MB)
	43745100  -  ResidentSetSize of job (KB)
...
006 (9706306.000.000) 05/01 00:01:43 Image size of job updated: 45617124
	42720  -  MemoryUsage of job (MB)
	43745100  -  ResidentSetSize of job (KB)
...
006 (9706306.000.000) 05/01 00:51:48 Image size of job updated: 47049888
	45924  -  MemoryUsage of job (MB)
	47025552  -  ResidentSetSize of job (KB)
...
006 (9706306.000.000) 05/01 00:56:49 Image size of job updated: 49446744
	48288  -  MemoryUsage of job (MB)
	49445992  -  ResidentSetSize of job (KB)
...
006 (9706306.000.000) 05/01 01:01:49 Image size of job updated: 51138980
	49936  -  MemoryUsage of job (MB)
	51133836  -  ResidentSetSize of job (KB)
...
006 (9706306.000.000) 05/01 01:06:50 Image size of job updated: 53113512
	51573  -  MemoryUsage of job (MB)
	52809896  -  ResidentSetSize of job (KB)
...
006 (9706306.000.000) 05/01 01:11:51 Image size of job updated: 54926288
	53639  -  MemoryUsage of job (MB)
	54925812  -  ResidentSetSize of job (KB)
...
006 (9706306.000.000) 05/01 01:16:51 Image size of job updated: 56730460
	55400  -  MemoryUsage of job (MB)
	56729188  -  ResidentSetSize of job (KB)
...
006 (9706306.000.000) 05/01 01:21:51 Image size of job updated: 58245976
	56831  -  MemoryUsage of job (MB)
	58194184  -  ResidentSetSize of job (KB)
...
006 (9706306.000.000) 05/01 01:26:52 Image size of job updated: 60508820
	59090  -  MemoryUsage of job (MB)
	60507664  -  ResidentSetSize of job (KB)
...
006 (9706306.000.000) 05/01 01:31:52 Image size of job updated: 64237052
	62731  -  MemoryUsage of job (MB)
	64235864  -  ResidentSetSize of job (KB)
...
006 (9706306.000.000) 05/01 01:36:52 Image size of job updated: 65671584
	63733  -  MemoryUsage of job (MB)
	65261876  -  ResidentSetSize of job (KB)
...
006 (9706306.000.000) 05/01 01:41:53 Image size of job updated: 67092612
	65424  -  MemoryUsage of job (MB)
	66993236  -  ResidentSetSize of job (KB)
...
006 (9706306.000.000) 05/01 01:46:54 Image size of job updated: 69062296
	67444  -  MemoryUsage of job (MB)
	69062116  -  ResidentSetSize of job (KB)
...
006 (9706306.000.000) 05/01 01:51:54 Image size of job updated: 70018908
	67444  -  MemoryUsage of job (MB)
	69062116  -  ResidentSetSize of job (KB)
...
006 (9706306.000.000) 05/01 01:56:55 Image size of job updated: 70018908
	67608  -  MemoryUsage of job (MB)
	69230240  -  ResidentSetSize of job (KB)
...
006 (9706306.000.000) 05/01 02:01:56 Image size of job updated: 70094008
	67851  -  MemoryUsage of job (MB)
	69479096  -  ResidentSetSize of job (KB)
...
006 (9706306.000.000) 05/01 02:06:56 Image size of job updated: 71654164
	69499  -  MemoryUsage of job (MB)
	71166896  -  ResidentSetSize of job (KB)
...
040 (9706306.000.000) 05/01 03:48:50 Started transferring output files
...
040 (9706306.000.000) 05/01 03:48:50 Finished transferring output files
...
005 (9706306.000.000) 05/01 03:48:50 Job terminated.
	(1) Normal termination (return value 0)
		Usr 0 03:12:44, Sys 0 00:37:20  -  Run Remote Usage
		Usr 0 00:00:00, Sys 0 00:00:00  -  Run Local Usage
		Usr 0 03:12:44, Sys 0 00:37:20  -  Total Remote Usage
		Usr 0 00:00:00, Sys 0 00:00:00  -  Total Local Usage
	8187  -  Run Bytes Sent By Job
	217  -  Run Bytes Received By Job
	8187  -  Total Bytes Sent By Job
	217  -  Total Bytes Received By Job
	Partitionable Resources :    Usage  Request Allocated 
	   Cpus                 :     0.99        1         1 
	   Disk (KB)            :    29           1   2823708 
	   Memory (MB)          : 69499        2000      2000 

	Job terminated of its own accord at 2024-05-01T01:48:50Z.
...
