000 (9706309.000.000) 04/30 22:32:30 Job submitted from host: <137.138.156.150:9618?addrs=137.138.156.150-9618+[2001-1458-d00-14--9a]-9618&alias=bigbird13.cern.ch&noUDP&sock=schedd_2138_1192>
...
040 (9706309.000.000) 04/30 22:41:27 Started transferring input files
	Transferring to host: <128.142.192.140:9618?addrs=128.142.192.140-9618+[2001-1458-301-56--100-8]-9618&alias=b9g18p8843.cern.ch&noUDP&sock=slot1_17_3596_750b_28378>
...
040 (9706309.000.000) 04/30 22:41:27 Finished transferring input files
...
001 (9706309.000.000) 04/30 22:41:28 Job executing on host: <128.142.192.140:9618?addrs=128.142.192.140-9618+[2001-1458-301-56--100-8]-9618&alias=b9g18p8843.cern.ch&noUDP&sock=startd_3376_3bd1>
...
006 (9706309.000.000) 04/30 22:41:36 Image size of job updated: 36056
	36  -  MemoryUsage of job (MB)
	36056  -  ResidentSetSize of job (KB)
...
006 (9706309.000.000) 04/30 22:46:36 Image size of job updated: 2767204
	2701  -  MemoryUsage of job (MB)
	2764896  -  ResidentSetSize of job (KB)
...
006 (9706309.000.000) 04/30 22:51:37 Image size of job updated: 5993164
	5844  -  MemoryUsage of job (MB)
	5984104  -  ResidentSetSize of job (KB)
...
006 (9706309.000.000) 04/30 22:56:38 Image size of job updated: 9117268
	8902  -  MemoryUsage of job (MB)
	9115524  -  ResidentSetSize of job (KB)
...
006 (9706309.000.000) 04/30 23:01:38 Image size of job updated: 12335728
	12045  -  MemoryUsage of job (MB)
	12333872  -  ResidentSetSize of job (KB)
...
006 (9706309.000.000) 04/30 23:06:38 Image size of job updated: 15535392
	15171  -  MemoryUsage of job (MB)
	15534384  -  ResidentSetSize of job (KB)
...
006 (9706309.000.000) 04/30 23:11:39 Image size of job updated: 18779140
	18337  -  MemoryUsage of job (MB)
	18776992  -  ResidentSetSize of job (KB)
...
006 (9706309.000.000) 04/30 23:16:39 Image size of job updated: 22061076
	21542  -  MemoryUsage of job (MB)
	22058500  -  ResidentSetSize of job (KB)
...
006 (9706309.000.000) 04/30 23:21:39 Image size of job updated: 25237692
	24644  -  MemoryUsage of job (MB)
	25235428  -  ResidentSetSize of job (KB)
...
006 (9706309.000.000) 04/30 23:26:40 Image size of job updated: 27643000
	25886  -  MemoryUsage of job (MB)
	26506780  -  ResidentSetSize of job (KB)
...
006 (9706309.000.000) 04/30 23:36:41 Image size of job updated: 28535456
	27867  -  MemoryUsage of job (MB)
	28534940  -  ResidentSetSize of job (KB)
...
006 (9706309.000.000) 04/30 23:41:41 Image size of job updated: 31781420
	31035  -  MemoryUsage of job (MB)
	31779596  -  ResidentSetSize of job (KB)
...
006 (9706309.000.000) 04/30 23:46:42 Image size of job updated: 34565308
	33747  -  MemoryUsage of job (MB)
	34556700  -  ResidentSetSize of job (KB)
...
006 (9706309.000.000) 04/30 23:51:42 Image size of job updated: 37035324
	36150  -  MemoryUsage of job (MB)
	37016676  -  ResidentSetSize of job (KB)
...
006 (9706309.000.000) 04/30 23:56:42 Image size of job updated: 39260636
	36150  -  MemoryUsage of job (MB)
	37016676  -  ResidentSetSize of job (KB)
...
006 (9706309.000.000) 05/01 00:51:48 Image size of job updated: 39260636
	36919  -  MemoryUsage of job (MB)
	37804780  -  ResidentSetSize of job (KB)
...
006 (9706309.000.000) 05/01 00:56:49 Image size of job updated: 39376444
	38366  -  MemoryUsage of job (MB)
	39285948  -  ResidentSetSize of job (KB)
...
006 (9706309.000.000) 05/01 01:01:49 Image size of job updated: 40834376
	39876  -  MemoryUsage of job (MB)
	40832536  -  ResidentSetSize of job (KB)
...
006 (9706309.000.000) 05/01 01:06:49 Image size of job updated: 42078976
	41074  -  MemoryUsage of job (MB)
	42059400  -  ResidentSetSize of job (KB)
...
006 (9706309.000.000) 05/01 01:11:50 Image size of job updated: 45801548
	44727  -  MemoryUsage of job (MB)
	45799652  -  ResidentSetSize of job (KB)
...
006 (9706309.000.000) 05/01 01:16:51 Image size of job updated: 46193264
	44727  -  MemoryUsage of job (MB)
	45799652  -  ResidentSetSize of job (KB)
...
006 (9706309.000.000) 05/01 01:21:51 Image size of job updated: 46193264
	44728  -  MemoryUsage of job (MB)
	45800892  -  ResidentSetSize of job (KB)
...
006 (9706309.000.000) 05/01 01:26:52 Image size of job updated: 48688332
	47547  -  MemoryUsage of job (MB)
	48687796  -  ResidentSetSize of job (KB)
...
006 (9706309.000.000) 05/01 01:31:53 Image size of job updated: 52515052
	51284  -  MemoryUsage of job (MB)
	52514496  -  ResidentSetSize of job (KB)
...
006 (9706309.000.000) 05/01 01:36:53 Image size of job updated: 54256280
	51875  -  MemoryUsage of job (MB)
	53119884  -  ResidentSetSize of job (KB)
...
006 (9706309.000.000) 05/01 01:41:53 Image size of job updated: 55872700
	54543  -  MemoryUsage of job (MB)
	55851508  -  ResidentSetSize of job (KB)
...
006 (9706309.000.000) 05/01 01:46:54 Image size of job updated: 56818620
	55479  -  MemoryUsage of job (MB)
	56809996  -  ResidentSetSize of job (KB)
...
006 (9706309.000.000) 05/01 01:51:55 Image size of job updated: 57561840
	56097  -  MemoryUsage of job (MB)
	57443144  -  ResidentSetSize of job (KB)
...
006 (9706309.000.000) 05/01 01:56:55 Image size of job updated: 58200664
	56764  -  MemoryUsage of job (MB)
	58125372  -  ResidentSetSize of job (KB)
...
006 (9706309.000.000) 05/01 02:01:56 Image size of job updated: 58507776
	56764  -  MemoryUsage of job (MB)
	58125376  -  ResidentSetSize of job (KB)
...
040 (9706309.000.000) 05/01 03:55:21 Started transferring output files
...
040 (9706309.000.000) 05/01 03:55:21 Finished transferring output files
...
005 (9706309.000.000) 05/01 03:55:21 Job terminated.
	(1) Normal termination (return value 0)
		Usr 0 03:25:09, Sys 0 00:35:42  -  Run Remote Usage
		Usr 0 00:00:00, Sys 0 00:00:00  -  Run Local Usage
		Usr 0 03:25:09, Sys 0 00:35:42  -  Total Remote Usage
		Usr 0 00:00:00, Sys 0 00:00:00  -  Total Local Usage
	8412  -  Run Bytes Sent By Job
	215  -  Run Bytes Received By Job
	8412  -  Total Bytes Sent By Job
	215  -  Total Bytes Received By Job
	Partitionable Resources :    Usage  Request Allocated 
	   Cpus                 :     0.99        1         1 
	   Disk (KB)            :    29           1   2935563 
	   Memory (MB)          : 56764        2000      2000 

	Job terminated of its own accord at 2024-05-01T01:55:21Z.
...
