000 (9706257.000.000) 04/30 22:31:54 Job submitted from host: <137.138.156.150:9618?addrs=137.138.156.150-9618+[2001-1458-d00-14--9a]-9618&alias=bigbird13.cern.ch&noUDP&sock=schedd_2138_1192>
...
040 (9706257.000.000) 04/30 22:41:08 Started transferring input files
	Transferring to host: <188.184.163.100:9618?addrs=188.184.163.100-9618+[2001-1458-301-4d--100-5e]-9618&alias=b9s12p4561.cern.ch&noUDP&sock=slot1_12_9991_502f_34318>
...
040 (9706257.000.000) 04/30 22:41:09 Finished transferring input files
...
001 (9706257.000.000) 04/30 22:41:09 Job executing on host: <188.184.163.100:9618?addrs=188.184.163.100-9618+[2001-1458-301-4d--100-5e]-9618&alias=b9s12p4561.cern.ch&noUDP&sock=startd_8301_5fc0>
...
006 (9706257.000.000) 04/30 22:41:18 Image size of job updated: 55480
	55  -  MemoryUsage of job (MB)
	55480  -  ResidentSetSize of job (KB)
...
006 (9706257.000.000) 04/30 22:46:19 Image size of job updated: 2870780
	2803  -  MemoryUsage of job (MB)
	2869944  -  ResidentSetSize of job (KB)
...
006 (9706257.000.000) 04/30 22:51:19 Image size of job updated: 6583684
	6428  -  MemoryUsage of job (MB)
	6582164  -  ResidentSetSize of job (KB)
...
006 (9706257.000.000) 04/30 22:56:19 Image size of job updated: 10489152
	10242  -  MemoryUsage of job (MB)
	10487632  -  ResidentSetSize of job (KB)
...
006 (9706257.000.000) 04/30 23:01:20 Image size of job updated: 14170788
	13837  -  MemoryUsage of job (MB)
	14168480  -  ResidentSetSize of job (KB)
...
006 (9706257.000.000) 04/30 23:06:20 Image size of job updated: 17738220
	17320  -  MemoryUsage of job (MB)
	17735496  -  ResidentSetSize of job (KB)
...
006 (9706257.000.000) 04/30 23:11:20 Image size of job updated: 20125404
	19617  -  MemoryUsage of job (MB)
	20087072  -  ResidentSetSize of job (KB)
...
006 (9706257.000.000) 04/30 23:16:21 Image size of job updated: 23021124
	22446  -  MemoryUsage of job (MB)
	22984008  -  ResidentSetSize of job (KB)
...
006 (9706257.000.000) 04/30 23:21:22 Image size of job updated: 25359216
	24764  -  MemoryUsage of job (MB)
	25357964  -  ResidentSetSize of job (KB)
...
006 (9706257.000.000) 04/30 23:26:22 Image size of job updated: 28593608
	27914  -  MemoryUsage of job (MB)
	28583320  -  ResidentSetSize of job (KB)
...
006 (9706257.000.000) 04/30 23:31:23 Image size of job updated: 31261996
	30528  -  MemoryUsage of job (MB)
	31260496  -  ResidentSetSize of job (KB)
...
006 (9706257.000.000) 04/30 23:36:24 Image size of job updated: 33635264
	32845  -  MemoryUsage of job (MB)
	33633132  -  ResidentSetSize of job (KB)
...
006 (9706257.000.000) 04/30 23:41:24 Image size of job updated: 35374960
	34545  -  MemoryUsage of job (MB)
	35373252  -  ResidentSetSize of job (KB)
...
006 (9706257.000.000) 04/30 23:46:24 Image size of job updated: 38945464
	38032  -  MemoryUsage of job (MB)
	38943956  -  ResidentSetSize of job (KB)
...
006 (9706257.000.000) 04/30 23:51:25 Image size of job updated: 39392932
	38032  -  MemoryUsage of job (MB)
	38944476  -  ResidentSetSize of job (KB)
...
006 (9706257.000.000) 04/30 23:56:25 Image size of job updated: 39621484
	38691  -  MemoryUsage of job (MB)
	39619028  -  ResidentSetSize of job (KB)
...
006 (9706257.000.000) 05/01 00:01:25 Image size of job updated: 39998644
	38691  -  MemoryUsage of job (MB)
	39619028  -  ResidentSetSize of job (KB)
...
006 (9706257.000.000) 05/01 01:06:32 Image size of job updated: 40493332
	39513  -  MemoryUsage of job (MB)
	40460472  -  ResidentSetSize of job (KB)
...
006 (9706257.000.000) 05/01 01:11:32 Image size of job updated: 42697904
	41498  -  MemoryUsage of job (MB)
	42493644  -  ResidentSetSize of job (KB)
...
006 (9706257.000.000) 05/01 01:16:33 Image size of job updated: 42805424
	41626  -  MemoryUsage of job (MB)
	42624164  -  ResidentSetSize of job (KB)
...
006 (9706257.000.000) 05/01 01:21:34 Image size of job updated: 42986668
	41626  -  MemoryUsage of job (MB)
	42624692  -  ResidentSetSize of job (KB)
...
040 (9706257.000.000) 05/01 03:45:09 Started transferring output files
...
040 (9706257.000.000) 05/01 03:45:09 Finished transferring output files
...
005 (9706257.000.000) 05/01 03:45:09 Job terminated.
	(1) Normal termination (return value 0)
		Usr 0 03:03:25, Sys 0 00:34:57  -  Run Remote Usage
		Usr 0 00:00:00, Sys 0 00:00:00  -  Run Local Usage
		Usr 0 03:03:25, Sys 0 00:34:57  -  Total Remote Usage
		Usr 0 00:00:00, Sys 0 00:00:00  -  Total Local Usage
	10056  -  Run Bytes Sent By Job
	215  -  Run Bytes Received By Job
	10056  -  Total Bytes Sent By Job
	215  -  Total Bytes Received By Job
	Partitionable Resources :    Usage  Request Allocated 
	   Cpus                 :     0.99        1         1 
	   Disk (KB)            :    31           1   2934651 
	   Memory (MB)          : 41626        2000      2000 

	Job terminated of its own accord at 2024-05-01T01:45:09Z.
...
