000 (9706302.000.000) 04/30 22:32:26 Job submitted from host: <137.138.156.150:9618?addrs=137.138.156.150-9618+[2001-1458-d00-14--9a]-9618&alias=bigbird13.cern.ch&noUDP&sock=schedd_2138_1192>
...
040 (9706302.000.000) 04/30 22:41:24 Started transferring input files
	Transferring to host: <188.184.163.136:9618?addrs=188.184.163.136-9618+[2001-1458-301-4d--100-82]-9618&alias=b9s12p9991.cern.ch&noUDP&sock=slot1_21_3752375_64a6_20403>
...
040 (9706302.000.000) 04/30 22:41:24 Finished transferring input files
...
001 (9706302.000.000) 04/30 22:41:25 Job executing on host: <188.184.163.136:9618?addrs=188.184.163.136-9618+[2001-1458-301-4d--100-82]-9618&alias=b9s12p9991.cern.ch&noUDP&sock=startd_5842_b45e>
...
006 (9706302.000.000) 04/30 22:41:33 Image size of job updated: 31008
	31  -  MemoryUsage of job (MB)
	30820  -  ResidentSetSize of job (KB)
...
006 (9706302.000.000) 04/30 22:46:33 Image size of job updated: 3156020
	3081  -  MemoryUsage of job (MB)
	3154224  -  ResidentSetSize of job (KB)
...
006 (9706302.000.000) 04/30 22:51:33 Image size of job updated: 6813832
	6654  -  MemoryUsage of job (MB)
	6812756  -  ResidentSetSize of job (KB)
...
006 (9706302.000.000) 04/30 22:56:34 Image size of job updated: 10239140
	9998  -  MemoryUsage of job (MB)
	10237176  -  ResidentSetSize of job (KB)
...
006 (9706302.000.000) 04/30 23:01:35 Image size of job updated: 13710084
	13386  -  MemoryUsage of job (MB)
	13706512  -  ResidentSetSize of job (KB)
...
006 (9706302.000.000) 04/30 23:06:35 Image size of job updated: 17114656
	16712  -  MemoryUsage of job (MB)
	17112104  -  ResidentSetSize of job (KB)
...
006 (9706302.000.000) 04/30 23:11:36 Image size of job updated: 20566112
	20083  -  MemoryUsage of job (MB)
	20564236  -  ResidentSetSize of job (KB)
...
006 (9706302.000.000) 04/30 23:16:37 Image size of job updated: 23981480
	23411  -  MemoryUsage of job (MB)
	23972800  -  ResidentSetSize of job (KB)
...
006 (9706302.000.000) 04/30 23:21:37 Image size of job updated: 27638156
	26990  -  MemoryUsage of job (MB)
	27637072  -  ResidentSetSize of job (KB)
...
006 (9706302.000.000) 04/30 23:26:37 Image size of job updated: 31218480
	30487  -  MemoryUsage of job (MB)
	31218036  -  ResidentSetSize of job (KB)
...
006 (9706302.000.000) 04/30 23:31:38 Image size of job updated: 34460532
	33652  -  MemoryUsage of job (MB)
	34459348  -  ResidentSetSize of job (KB)
...
006 (9706302.000.000) 04/30 23:36:38 Image size of job updated: 37739784
	36854  -  MemoryUsage of job (MB)
	37737972  -  ResidentSetSize of job (KB)
...
006 (9706302.000.000) 04/30 23:41:38 Image size of job updated: 41003172
	40041  -  MemoryUsage of job (MB)
	41001332  -  ResidentSetSize of job (KB)
...
006 (9706302.000.000) 04/30 23:46:39 Image size of job updated: 43769048
	42734  -  MemoryUsage of job (MB)
	43759444  -  ResidentSetSize of job (KB)
...
006 (9706302.000.000) 04/30 23:51:40 Image size of job updated: 45969236
	44669  -  MemoryUsage of job (MB)
	45740608  -  ResidentSetSize of job (KB)
...
006 (9706302.000.000) 04/30 23:56:40 Image size of job updated: 47039160
	45936  -  MemoryUsage of job (MB)
	47037676  -  ResidentSetSize of job (KB)
...
006 (9706302.000.000) 05/01 00:01:41 Image size of job updated: 49558332
	48393  -  MemoryUsage of job (MB)
	49554192  -  ResidentSetSize of job (KB)
...
006 (9706302.000.000) 05/01 00:06:42 Image size of job updated: 53257708
	52009  -  MemoryUsage of job (MB)
	53256996  -  ResidentSetSize of job (KB)
...
006 (9706302.000.000) 05/01 00:11:42 Image size of job updated: 54496028
	52009  -  MemoryUsage of job (MB)
	53256996  -  ResidentSetSize of job (KB)
...
006 (9706302.000.000) 05/01 01:01:47 Image size of job updated: 54496028
	52506  -  MemoryUsage of job (MB)
	53766116  -  ResidentSetSize of job (KB)
...
006 (9706302.000.000) 05/01 01:06:47 Image size of job updated: 56676308
	52507  -  MemoryUsage of job (MB)
	53766404  -  ResidentSetSize of job (KB)
...
006 (9706302.000.000) 05/01 01:11:48 Image size of job updated: 56676308
	54072  -  MemoryUsage of job (MB)
	55369448  -  ResidentSetSize of job (KB)
...
006 (9706302.000.000) 05/01 01:21:48 Image size of job updated: 57341856
	55996  -  MemoryUsage of job (MB)
	57338976  -  ResidentSetSize of job (KB)
...
006 (9706302.000.000) 05/01 01:26:49 Image size of job updated: 58488184
	55996  -  MemoryUsage of job (MB)
	57338976  -  ResidentSetSize of job (KB)
...
006 (9706302.000.000) 05/01 01:31:50 Image size of job updated: 59901156
	57244  -  MemoryUsage of job (MB)
	58617436  -  ResidentSetSize of job (KB)
...
006 (9706302.000.000) 05/01 01:46:52 Image size of job updated: 60001620
	58593  -  MemoryUsage of job (MB)
	59999128  -  ResidentSetSize of job (KB)
...
006 (9706302.000.000) 05/01 01:51:52 Image size of job updated: 63348552
	61863  -  MemoryUsage of job (MB)
	63346932  -  ResidentSetSize of job (KB)
...
006 (9706302.000.000) 05/01 01:56:52 Image size of job updated: 64826184
	61864  -  MemoryUsage of job (MB)
	63347956  -  ResidentSetSize of job (KB)
...
040 (9706302.000.000) 05/01 03:50:06 Started transferring output files
...
040 (9706302.000.000) 05/01 03:50:06 Finished transferring output files
...
005 (9706302.000.000) 05/01 03:50:06 Job terminated.
	(1) Normal termination (return value 0)
		Usr 0 03:24:54, Sys 0 00:36:58  -  Run Remote Usage
		Usr 0 00:00:00, Sys 0 00:00:00  -  Run Local Usage
		Usr 0 03:24:54, Sys 0 00:36:58  -  Total Remote Usage
		Usr 0 00:00:00, Sys 0 00:00:00  -  Total Local Usage
	8604  -  Run Bytes Sent By Job
	215  -  Run Bytes Received By Job
	8604  -  Total Bytes Sent By Job
	215  -  Total Bytes Received By Job
	Partitionable Resources :    Usage  Request Allocated 
	   Cpus                 :     0.99        1         1 
	   Disk (KB)            :    30           1   2953437 
	   Memory (MB)          : 61864        2000      2000 

	Job terminated of its own accord at 2024-05-01T01:50:06Z.
...
