000 (9706284.000.000) 04/30 22:32:14 Job submitted from host: <137.138.156.150:9618?addrs=137.138.156.150-9618+[2001-1458-d00-14--9a]-9618&alias=bigbird13.cern.ch&noUDP&sock=schedd_2138_1192>
...
040 (9706284.000.000) 04/30 22:41:17 Started transferring input files
	Transferring to host: <188.184.164.152:9618?addrs=188.184.164.152-9618+[2001-1458-301-4e--100-92]-9618&alias=b9s13p1202.cern.ch&noUDP&sock=slot1_5_6704_530a_33843>
...
040 (9706284.000.000) 04/30 22:41:17 Finished transferring input files
...
001 (9706284.000.000) 04/30 22:41:18 Job executing on host: <188.184.164.152:9618?addrs=188.184.164.152-9618+[2001-1458-301-4e--100-92]-9618&alias=b9s13p1202.cern.ch&noUDP&sock=startd_5465_1d29>
...
006 (9706284.000.000) 04/30 22:41:26 Image size of job updated: 25576
	25  -  MemoryUsage of job (MB)
	25440  -  ResidentSetSize of job (KB)
...
006 (9706284.000.000) 04/30 22:46:26 Image size of job updated: 2766448
	2701  -  MemoryUsage of job (MB)
	2765464  -  ResidentSetSize of job (KB)
...
006 (9706284.000.000) 04/30 22:51:27 Image size of job updated: 5962052
	5821  -  MemoryUsage of job (MB)
	5960636  -  ResidentSetSize of job (KB)
...
006 (9706284.000.000) 04/30 22:56:27 Image size of job updated: 9548408
	9325  -  MemoryUsage of job (MB)
	9548152  -  ResidentSetSize of job (KB)
...
006 (9706284.000.000) 04/30 23:01:27 Image size of job updated: 13068188
	12760  -  MemoryUsage of job (MB)
	13066120  -  ResidentSetSize of job (KB)
...
006 (9706284.000.000) 04/30 23:06:28 Image size of job updated: 16123688
	15745  -  MemoryUsage of job (MB)
	16122596  -  ResidentSetSize of job (KB)
...
006 (9706284.000.000) 04/30 23:11:29 Image size of job updated: 18621084
	18180  -  MemoryUsage of job (MB)
	18615400  -  ResidentSetSize of job (KB)
...
006 (9706284.000.000) 04/30 23:16:29 Image size of job updated: 21239896
	20734  -  MemoryUsage of job (MB)
	21231276  -  ResidentSetSize of job (KB)
...
006 (9706284.000.000) 04/30 23:21:30 Image size of job updated: 23313044
	22766  -  MemoryUsage of job (MB)
	23311420  -  ResidentSetSize of job (KB)
...
006 (9706284.000.000) 04/30 23:26:31 Image size of job updated: 24793876
	24212  -  MemoryUsage of job (MB)
	24792616  -  ResidentSetSize of job (KB)
...
006 (9706284.000.000) 04/30 23:31:31 Image size of job updated: 25391436
	24788  -  MemoryUsage of job (MB)
	25382460  -  ResidentSetSize of job (KB)
...
006 (9706284.000.000) 04/30 23:36:31 Image size of job updated: 27581020
	26912  -  MemoryUsage of job (MB)
	27556916  -  ResidentSetSize of job (KB)
...
006 (9706284.000.000) 04/30 23:41:32 Image size of job updated: 28458680
	27773  -  MemoryUsage of job (MB)
	28439332  -  ResidentSetSize of job (KB)
...
006 (9706284.000.000) 04/30 23:46:32 Image size of job updated: 30929624
	30204  -  MemoryUsage of job (MB)
	30928112  -  ResidentSetSize of job (KB)
...
006 (9706284.000.000) 04/30 23:51:32 Image size of job updated: 31732348
	30900  -  MemoryUsage of job (MB)
	31640776  -  ResidentSetSize of job (KB)
...
006 (9706284.000.000) 04/30 23:56:33 Image size of job updated: 32100192
	30900  -  MemoryUsage of job (MB)
	31641036  -  ResidentSetSize of job (KB)
...
006 (9706284.000.000) 05/01 00:46:39 Image size of job updated: 32100192
	30903  -  MemoryUsage of job (MB)
	31643972  -  ResidentSetSize of job (KB)
...
006 (9706284.000.000) 05/01 00:51:39 Image size of job updated: 34461060
	33653  -  MemoryUsage of job (MB)
	34460380  -  ResidentSetSize of job (KB)
...
006 (9706284.000.000) 05/01 00:56:39 Image size of job updated: 36966412
	36092  -  MemoryUsage of job (MB)
	36958108  -  ResidentSetSize of job (KB)
...
006 (9706284.000.000) 05/01 01:01:40 Image size of job updated: 38978144
	37838  -  MemoryUsage of job (MB)
	38745732  -  ResidentSetSize of job (KB)
...
006 (9706284.000.000) 05/01 01:11:41 Image size of job updated: 39302148
	38373  -  MemoryUsage of job (MB)
	39293584  -  ResidentSetSize of job (KB)
...
006 (9706284.000.000) 05/01 01:16:42 Image size of job updated: 40923964
	39964  -  MemoryUsage of job (MB)
	40922744  -  ResidentSetSize of job (KB)
...
006 (9706284.000.000) 05/01 01:21:43 Image size of job updated: 42822580
	41763  -  MemoryUsage of job (MB)
	42764808  -  ResidentSetSize of job (KB)
...
006 (9706284.000.000) 05/01 01:26:43 Image size of job updated: 43936732
	42760  -  MemoryUsage of job (MB)
	43785388  -  ResidentSetSize of job (KB)
...
006 (9706284.000.000) 05/01 01:31:43 Image size of job updated: 47180624
	46074  -  MemoryUsage of job (MB)
	47179192  -  ResidentSetSize of job (KB)
...
006 (9706284.000.000) 05/01 01:36:44 Image size of job updated: 47220936
	46074  -  MemoryUsage of job (MB)
	47179192  -  ResidentSetSize of job (KB)
...
040 (9706284.000.000) 05/01 03:48:45 Started transferring output files
...
040 (9706284.000.000) 05/01 03:48:45 Finished transferring output files
...
005 (9706284.000.000) 05/01 03:48:45 Job terminated.
	(1) Normal termination (return value 0)
		Usr 0 03:05:28, Sys 0 00:36:23  -  Run Remote Usage
		Usr 0 00:00:00, Sys 0 00:00:00  -  Run Local Usage
		Usr 0 03:05:28, Sys 0 00:36:23  -  Total Remote Usage
		Usr 0 00:00:00, Sys 0 00:00:00  -  Total Local Usage
	8587  -  Run Bytes Sent By Job
	217  -  Run Bytes Received By Job
	8587  -  Total Bytes Sent By Job
	217  -  Total Bytes Received By Job
	Partitionable Resources :    Usage  Request Allocated 
	   Cpus                 :     1.00        1         1 
	   Disk (KB)            :    30           1   2869814 
	   Memory (MB)          : 46074        2000      2000 

	Job terminated of its own accord at 2024-05-01T01:48:45Z.
...
