000 (9706312.000.000) 04/30 22:32:32 Job submitted from host: <137.138.156.150:9618?addrs=137.138.156.150-9618+[2001-1458-d00-14--9a]-9618&alias=bigbird13.cern.ch&noUDP&sock=schedd_2138_1192>
...
040 (9706312.000.000) 04/30 22:41:28 Started transferring input files
	Transferring to host: <128.142.192.170:9618?addrs=128.142.192.170-9618+[2001-1458-301-56--100-26]-9618&alias=b9g18p5946.cern.ch&noUDP&sock=slot1_21_4014_f9dc_28553>
...
040 (9706312.000.000) 04/30 22:41:28 Finished transferring input files
...
001 (9706312.000.000) 04/30 22:41:30 Job executing on host: <128.142.192.170:9618?addrs=128.142.192.170-9618+[2001-1458-301-56--100-26]-9618&alias=b9g18p5946.cern.ch&noUDP&sock=startd_3679_1104>
...
006 (9706312.000.000) 04/30 22:41:38 Image size of job updated: 30900
	30  -  MemoryUsage of job (MB)
	30660  -  ResidentSetSize of job (KB)
...
006 (9706312.000.000) 04/30 22:46:38 Image size of job updated: 3069876
	2996  -  MemoryUsage of job (MB)
	3067612  -  ResidentSetSize of job (KB)
...
006 (9706312.000.000) 04/30 22:51:38 Image size of job updated: 6721348
	6563  -  MemoryUsage of job (MB)
	6719832  -  ResidentSetSize of job (KB)
...
006 (9706312.000.000) 04/30 22:56:39 Image size of job updated: 10070228
	9834  -  MemoryUsage of job (MB)
	10069720  -  ResidentSetSize of job (KB)
...
006 (9706312.000.000) 04/30 23:01:40 Image size of job updated: 13588728
	13262  -  MemoryUsage of job (MB)
	13579704  -  ResidentSetSize of job (KB)
...
006 (9706312.000.000) 04/30 23:06:40 Image size of job updated: 16661488
	16271  -  MemoryUsage of job (MB)
	16660772  -  ResidentSetSize of job (KB)
...
006 (9706312.000.000) 04/30 23:11:41 Image size of job updated: 19936984
	19469  -  MemoryUsage of job (MB)
	19936036  -  ResidentSetSize of job (KB)
...
006 (9706312.000.000) 04/30 23:16:42 Image size of job updated: 22858316
	22323  -  MemoryUsage of job (MB)
	22857888  -  ResidentSetSize of job (KB)
...
006 (9706312.000.000) 04/30 23:21:42 Image size of job updated: 25931732
	25322  -  MemoryUsage of job (MB)
	25929496  -  ResidentSetSize of job (KB)
...
006 (9706312.000.000) 04/30 23:26:42 Image size of job updated: 29181472
	28496  -  MemoryUsage of job (MB)
	29179772  -  ResidentSetSize of job (KB)
...
006 (9706312.000.000) 04/30 23:31:43 Image size of job updated: 31739852
	30994  -  MemoryUsage of job (MB)
	31737776  -  ResidentSetSize of job (KB)
...
006 (9706312.000.000) 04/30 23:36:43 Image size of job updated: 34798348
	33975  -  MemoryUsage of job (MB)
	34789560  -  ResidentSetSize of job (KB)
...
006 (9706312.000.000) 04/30 23:41:43 Image size of job updated: 38282876
	37385  -  MemoryUsage of job (MB)
	38282004  -  ResidentSetSize of job (KB)
...
006 (9706312.000.000) 04/30 23:46:44 Image size of job updated: 41798088
	40817  -  MemoryUsage of job (MB)
	41796372  -  ResidentSetSize of job (KB)
...
006 (9706312.000.000) 04/30 23:51:45 Image size of job updated: 44241320
	43204  -  MemoryUsage of job (MB)
	44240840  -  ResidentSetSize of job (KB)
...
006 (9706312.000.000) 04/30 23:56:45 Image size of job updated: 46839492
	43204  -  MemoryUsage of job (MB)
	44240840  -  ResidentSetSize of job (KB)
...
006 (9706312.000.000) 05/01 00:51:51 Image size of job updated: 47261440
	46154  -  MemoryUsage of job (MB)
	47261064  -  ResidentSetSize of job (KB)
...
006 (9706312.000.000) 05/01 00:56:52 Image size of job updated: 50740252
	49550  -  MemoryUsage of job (MB)
	50738540  -  ResidentSetSize of job (KB)
...
006 (9706312.000.000) 05/01 01:01:52 Image size of job updated: 53980176
	52715  -  MemoryUsage of job (MB)
	53979340  -  ResidentSetSize of job (KB)
...
006 (9706312.000.000) 05/01 01:06:52 Image size of job updated: 56104888
	54344  -  MemoryUsage of job (MB)
	55648080  -  ResidentSetSize of job (KB)
...
006 (9706312.000.000) 05/01 01:11:53 Image size of job updated: 57809428
	56455  -  MemoryUsage of job (MB)
	57809176  -  ResidentSetSize of job (KB)
...
006 (9706312.000.000) 05/01 01:16:53 Image size of job updated: 59736084
	58329  -  MemoryUsage of job (MB)
	59728420  -  ResidentSetSize of job (KB)
...
006 (9706312.000.000) 05/01 01:21:53 Image size of job updated: 61890636
	60438  -  MemoryUsage of job (MB)
	61888348  -  ResidentSetSize of job (KB)
...
006 (9706312.000.000) 05/01 01:26:54 Image size of job updated: 63258556
	61774  -  MemoryUsage of job (MB)
	63256024  -  ResidentSetSize of job (KB)
...
006 (9706312.000.000) 05/01 01:31:55 Image size of job updated: 66239552
	64685  -  MemoryUsage of job (MB)
	66236984  -  ResidentSetSize of job (KB)
...
006 (9706312.000.000) 05/01 01:36:55 Image size of job updated: 67444932
	65864  -  MemoryUsage of job (MB)
	67444368  -  ResidentSetSize of job (KB)
...
006 (9706312.000.000) 05/01 01:41:56 Image size of job updated: 69382388
	67751  -  MemoryUsage of job (MB)
	69376504  -  ResidentSetSize of job (KB)
...
006 (9706312.000.000) 05/01 01:46:57 Image size of job updated: 71702324
	70021  -  MemoryUsage of job (MB)
	71701324  -  ResidentSetSize of job (KB)
...
006 (9706312.000.000) 05/01 01:51:57 Image size of job updated: 74341416
	72591  -  MemoryUsage of job (MB)
	74332816  -  ResidentSetSize of job (KB)
...
006 (9706312.000.000) 05/01 01:56:58 Image size of job updated: 77305028
	75493  -  MemoryUsage of job (MB)
	77304388  -  ResidentSetSize of job (KB)
...
006 (9706312.000.000) 05/01 02:01:59 Image size of job updated: 80399168
	78507  -  MemoryUsage of job (MB)
	80390668  -  ResidentSetSize of job (KB)
...
006 (9706312.000.000) 05/01 02:06:59 Image size of job updated: 83353724
	81400  -  MemoryUsage of job (MB)
	83352712  -  ResidentSetSize of job (KB)
...
006 (9706312.000.000) 05/01 02:11:59 Image size of job updated: 84957240
	81400  -  MemoryUsage of job (MB)
	83352712  -  ResidentSetSize of job (KB)
...
006 (9706312.000.000) 05/01 02:22:01 Image size of job updated: 84957240
	81655  -  MemoryUsage of job (MB)
	83614216  -  ResidentSetSize of job (KB)
...
006 (9706312.000.000) 05/01 02:27:01 Image size of job updated: 85065976
	83071  -  MemoryUsage of job (MB)
	85064316  -  ResidentSetSize of job (KB)
...
040 (9706312.000.000) 05/01 04:32:18 Started transferring output files
...
040 (9706312.000.000) 05/01 04:32:18 Finished transferring output files
...
005 (9706312.000.000) 05/01 04:32:18 Job terminated.
	(1) Normal termination (return value 0)
		Usr 0 03:38:00, Sys 0 00:37:16  -  Run Remote Usage
		Usr 0 00:00:00, Sys 0 00:00:00  -  Run Local Usage
		Usr 0 03:38:00, Sys 0 00:37:16  -  Total Remote Usage
		Usr 0 00:00:00, Sys 0 00:00:00  -  Total Local Usage
	8771  -  Run Bytes Sent By Job
	215  -  Run Bytes Received By Job
	8771  -  Total Bytes Sent By Job
	215  -  Total Bytes Received By Job
	Partitionable Resources :    Usage  Request Allocated 
	   Cpus                 :     0.98        1         1 
	   Disk (KB)            :    30           1   2878679 
	   Memory (MB)          : 83071        2000      2000 

	Job terminated of its own accord at 2024-05-01T02:32:18Z.
...
