000 (9706288.000.000) 04/30 22:32:17 Job submitted from host: <137.138.156.150:9618?addrs=137.138.156.150-9618+[2001-1458-d00-14--9a]-9618&alias=bigbird13.cern.ch&noUDP&sock=schedd_2138_1192>
...
040 (9706288.000.000) 04/30 22:41:19 Started transferring input files
	Transferring to host: <188.184.163.198:9618?addrs=188.184.163.198-9618+[2001-1458-301-4d--100-c0]-9618&alias=b9s12p8103.cern.ch&noUDP&sock=slot1_22_6088_4bf1_34260>
...
040 (9706288.000.000) 04/30 22:41:19 Finished transferring input files
...
001 (9706288.000.000) 04/30 22:41:20 Job executing on host: <188.184.163.198:9618?addrs=188.184.163.198-9618+[2001-1458-301-4d--100-c0]-9618&alias=b9s12p8103.cern.ch&noUDP&sock=startd_4483_8b29>
...
006 (9706288.000.000) 04/30 22:41:28 Image size of job updated: 31024
	31  -  MemoryUsage of job (MB)
	30836  -  ResidentSetSize of job (KB)
...
006 (9706288.000.000) 04/30 22:46:28 Image size of job updated: 3108332
	3035  -  MemoryUsage of job (MB)
	3106864  -  ResidentSetSize of job (KB)
...
006 (9706288.000.000) 04/30 22:51:29 Image size of job updated: 6978512
	6815  -  MemoryUsage of job (MB)
	6978508  -  ResidentSetSize of job (KB)
...
006 (9706288.000.000) 04/30 22:56:30 Image size of job updated: 10771920
	10519  -  MemoryUsage of job (MB)
	10770908  -  ResidentSetSize of job (KB)
...
006 (9706288.000.000) 04/30 23:01:30 Image size of job updated: 14550564
	14208  -  MemoryUsage of job (MB)
	14548852  -  ResidentSetSize of job (KB)
...
006 (9706288.000.000) 04/30 23:06:31 Image size of job updated: 18085024
	17660  -  MemoryUsage of job (MB)
	18083508  -  ResidentSetSize of job (KB)
...
006 (9706288.000.000) 04/30 23:11:32 Image size of job updated: 21453496
	20949  -  MemoryUsage of job (MB)
	21451424  -  ResidentSetSize of job (KB)
...
006 (9706288.000.000) 04/30 23:16:32 Image size of job updated: 24006632
	23443  -  MemoryUsage of job (MB)
	24005220  -  ResidentSetSize of job (KB)
...
006 (9706288.000.000) 04/30 23:21:32 Image size of job updated: 27532996
	26887  -  MemoryUsage of job (MB)
	27531720  -  ResidentSetSize of job (KB)
...
006 (9706288.000.000) 04/30 23:26:33 Image size of job updated: 30197328
	29489  -  MemoryUsage of job (MB)
	30196316  -  ResidentSetSize of job (KB)
...
006 (9706288.000.000) 04/30 23:31:33 Image size of job updated: 31915964
	31168  -  MemoryUsage of job (MB)
	31915136  -  ResidentSetSize of job (KB)
...
006 (9706288.000.000) 04/30 23:36:33 Image size of job updated: 33743796
	32952  -  MemoryUsage of job (MB)
	33742256  -  ResidentSetSize of job (KB)
...
006 (9706288.000.000) 04/30 23:41:34 Image size of job updated: 35903648
	34978  -  MemoryUsage of job (MB)
	35816708  -  ResidentSetSize of job (KB)
...
006 (9706288.000.000) 04/30 23:46:35 Image size of job updated: 38074128
	37180  -  MemoryUsage of job (MB)
	38072208  -  ResidentSetSize of job (KB)
...
006 (9706288.000.000) 04/30 23:51:35 Image size of job updated: 39676200
	38690  -  MemoryUsage of job (MB)
	39617800  -  ResidentSetSize of job (KB)
...
006 (9706288.000.000) 04/30 23:56:36 Image size of job updated: 42293120
	41301  -  MemoryUsage of job (MB)
	42292004  -  ResidentSetSize of job (KB)
...
006 (9706288.000.000) 05/01 00:01:37 Image size of job updated: 45937388
	44859  -  MemoryUsage of job (MB)
	45935572  -  ResidentSetSize of job (KB)
...
006 (9706288.000.000) 05/01 00:06:37 Image size of job updated: 49943544
	48773  -  MemoryUsage of job (MB)
	49942536  -  ResidentSetSize of job (KB)
...
006 (9706288.000.000) 05/01 00:11:38 Image size of job updated: 50051560
	48773  -  MemoryUsage of job (MB)
	49942588  -  ResidentSetSize of job (KB)
...
006 (9706288.000.000) 05/01 01:06:44 Image size of job updated: 51222220
	50021  -  MemoryUsage of job (MB)
	51220544  -  ResidentSetSize of job (KB)
...
006 (9706288.000.000) 05/01 01:11:44 Image size of job updated: 54699692
	53417  -  MemoryUsage of job (MB)
	54698400  -  ResidentSetSize of job (KB)
...
006 (9706288.000.000) 05/01 01:16:44 Image size of job updated: 58195628
	56831  -  MemoryUsage of job (MB)
	58194344  -  ResidentSetSize of job (KB)
...
006 (9706288.000.000) 05/01 01:21:45 Image size of job updated: 61297864
	59861  -  MemoryUsage of job (MB)
	61296728  -  ResidentSetSize of job (KB)
...
006 (9706288.000.000) 05/01 01:26:46 Image size of job updated: 63864436
	62367  -  MemoryUsage of job (MB)
	63863552  -  ResidentSetSize of job (KB)
...
006 (9706288.000.000) 05/01 01:31:46 Image size of job updated: 63987320
	62396  -  MemoryUsage of job (MB)
	63892760  -  ResidentSetSize of job (KB)
...
040 (9706288.000.000) 05/01 03:37:01 Started transferring output files
...
040 (9706288.000.000) 05/01 03:37:01 Finished transferring output files
...
005 (9706288.000.000) 05/01 03:37:01 Job terminated.
	(1) Normal termination (return value 0)
		Usr 0 03:15:13, Sys 0 00:40:28  -  Run Remote Usage
		Usr 0 00:00:00, Sys 0 00:00:00  -  Run Local Usage
		Usr 0 03:15:13, Sys 0 00:40:28  -  Total Remote Usage
		Usr 0 00:00:00, Sys 0 00:00:00  -  Total Local Usage
	8185  -  Run Bytes Sent By Job
	217  -  Run Bytes Received By Job
	8185  -  Total Bytes Sent By Job
	217  -  Total Bytes Received By Job
	Partitionable Resources :    Usage  Request Allocated 
	   Cpus                 :     0.99        1         1 
	   Disk (KB)            :    29           1   2940607 
	   Memory (MB)          : 62396        2000      2000 

	Job terminated of its own accord at 2024-05-01T01:37:01Z.
...
