using mass: 10GeV, coupling 1e-2
using mass: 10GeV, coupling 1e-2p5
using mass: 10GeV, coupling 1e-3
using mass: 10GeV, coupling 1e-3p5
using mass: 10GeV, coupling 1e-4
using mass: 10GeV, coupling 1e-4p5
using mass: 10GeV, coupling 1e-5
using mass: 20GeV, coupling 1e-2
using mass: 20GeV, coupling 1e-2p5
using mass: 20GeV, coupling 1e-3
using mass: 20GeV, coupling 1e-3p5
using mass: 20GeV, coupling 1e-4
using mass: 20GeV, coupling 1e-4p5
using mass: 20GeV, coupling 1e-5
using mass: 30GeV, coupling 1e-2
using mass: 30GeV, coupling 1e-2p5
using mass: 30GeV, coupling 1e-3
using mass: 30GeV, coupling 1e-3p5
using mass: 30GeV, coupling 1e-4
using mass: 30GeV, coupling 1e-4p5
file /eos/user/t/tcritchl/HNLs/stage1/HNL_Dirac_ejj_30GeV_1e-4p5Ve.root does not exist, moving to next file
using mass: 30GeV, coupling 1e-5
file /eos/user/t/tcritchl/HNLs/stage1/HNL_Dirac_ejj_30GeV_1e-5Ve.root does not exist, moving to next file
using mass: 40GeV, coupling 1e-2
using mass: 40GeV, coupling 1e-2p5
using mass: 40GeV, coupling 1e-3
using mass: 40GeV, coupling 1e-3p5
using mass: 40GeV, coupling 1e-4
using mass: 40GeV, coupling 1e-4p5
file /eos/user/t/tcritchl/HNLs/stage1/HNL_Dirac_ejj_40GeV_1e-4p5Ve.root does not exist, moving to next file
using mass: 40GeV, coupling 1e-5
using mass: 50GeV, coupling 1e-2
using mass: 50GeV, coupling 1e-2p5
using mass: 50GeV, coupling 1e-3
using mass: 50GeV, coupling 1e-3p5
using mass: 50GeV, coupling 1e-4
using mass: 50GeV, coupling 1e-4p5
file /eos/user/t/tcritchl/HNLs/stage1/HNL_Dirac_ejj_50GeV_1e-4p5Ve.root does not exist, moving to next file
using mass: 50GeV, coupling 1e-5
using mass: 60GeV, coupling 1e-2
using mass: 60GeV, coupling 1e-2p5
using mass: 60GeV, coupling 1e-3
using mass: 60GeV, coupling 1e-3p5
using mass: 60GeV, coupling 1e-4
using mass: 60GeV, coupling 1e-4p5
using mass: 60GeV, coupling 1e-5
using mass: 70GeV, coupling 1e-2
using mass: 70GeV, coupling 1e-2p5
using mass: 70GeV, coupling 1e-3
using mass: 70GeV, coupling 1e-3p5
using mass: 70GeV, coupling 1e-4
using mass: 70GeV, coupling 1e-4p5
using mass: 70GeV, coupling 1e-5
using mass: 80GeV, coupling 1e-2
using mass: 80GeV, coupling 1e-2p5
using mass: 80GeV, coupling 1e-3
using mass: 80GeV, coupling 1e-3p5
using mass: 80GeV, coupling 1e-4
using mass: 80GeV, coupling 1e-4p5
using mass: 80GeV, coupling 1e-5
[['/eos/user/t/tcritchl/HNLs/stage1/HNL_Dirac_ejj_10GeV_1e-2Ve.root', 'signal_10GeV_1e-2'], ['/eos/user/t/tcritchl/HNLs/stage1/HNL_Dirac_ejj_10GeV_1e-2p5Ve.root', 'signal_10GeV_1e-2p5'], ['/eos/user/t/tcritchl/HNLs/stage1/HNL_Dirac_ejj_10GeV_1e-3Ve.root', 'signal_10GeV_1e-3'], ['/eos/user/t/tcritchl/HNLs/stage1/HNL_Dirac_ejj_10GeV_1e-3p5Ve.root', 'signal_10GeV_1e-3p5'], ['/eos/user/t/tcritchl/HNLs/stage1/HNL_Dirac_ejj_10GeV_1e-4Ve.root', 'signal_10GeV_1e-4'], ['/eos/user/t/tcritchl/HNLs/stage1/HNL_Dirac_ejj_10GeV_1e-4p5Ve.root', 'signal_10GeV_1e-4p5'], ['/eos/user/t/tcritchl/HNLs/stage1/HNL_Dirac_ejj_10GeV_1e-5Ve.root', 'signal_10GeV_1e-5'], ['/eos/user/t/tcritchl/HNLs/stage1/HNL_Dirac_ejj_20GeV_1e-2Ve.root', 'signal_20GeV_1e-2'], ['/eos/user/t/tcritchl/HNLs/stage1/HNL_Dirac_ejj_20GeV_1e-2p5Ve.root', 'signal_20GeV_1e-2p5'], ['/eos/user/t/tcritchl/HNLs/stage1/HNL_Dirac_ejj_20GeV_1e-3Ve.root', 'signal_20GeV_1e-3'], ['/eos/user/t/tcritchl/HNLs/stage1/HNL_Dirac_ejj_20GeV_1e-3p5Ve.root', 'signal_20GeV_1e-3p5'], ['/eos/user/t/tcritchl/HNLs/stage1/HNL_Dirac_ejj_20GeV_1e-4Ve.root', 'signal_20GeV_1e-4'], ['/eos/user/t/tcritchl/HNLs/stage1/HNL_Dirac_ejj_20GeV_1e-4p5Ve.root', 'signal_20GeV_1e-4p5'], ['/eos/user/t/tcritchl/HNLs/stage1/HNL_Dirac_ejj_20GeV_1e-5Ve.root', 'signal_20GeV_1e-5'], ['/eos/user/t/tcritchl/HNLs/stage1/HNL_Dirac_ejj_30GeV_1e-2Ve.root', 'signal_30GeV_1e-2'], ['/eos/user/t/tcritchl/HNLs/stage1/HNL_Dirac_ejj_30GeV_1e-2p5Ve.root', 'signal_30GeV_1e-2p5'], ['/eos/user/t/tcritchl/HNLs/stage1/HNL_Dirac_ejj_30GeV_1e-3Ve.root', 'signal_30GeV_1e-3'], ['/eos/user/t/tcritchl/HNLs/stage1/HNL_Dirac_ejj_30GeV_1e-3p5Ve.root', 'signal_30GeV_1e-3p5'], ['/eos/user/t/tcritchl/HNLs/stage1/HNL_Dirac_ejj_30GeV_1e-4Ve.root', 'signal_30GeV_1e-4'], ['/eos/user/t/tcritchl/HNLs/stage1/HNL_Dirac_ejj_40GeV_1e-2Ve.root', 'signal_40GeV_1e-2'], ['/eos/user/t/tcritchl/HNLs/stage1/HNL_Dirac_ejj_40GeV_1e-2p5Ve.root', 'signal_40GeV_1e-2p5'], ['/eos/user/t/tcritchl/HNLs/stage1/HNL_Dirac_ejj_40GeV_1e-3Ve.root', 'signal_40GeV_1e-3'], ['/eos/user/t/tcritchl/HNLs/stage1/HNL_Dirac_ejj_40GeV_1e-3p5Ve.root', 'signal_40GeV_1e-3p5'], ['/eos/user/t/tcritchl/HNLs/stage1/HNL_Dirac_ejj_40GeV_1e-4Ve.root', 'signal_40GeV_1e-4'], ['/eos/user/t/tcritchl/HNLs/stage1/HNL_Dirac_ejj_40GeV_1e-5Ve.root', 'signal_40GeV_1e-5'], ['/eos/user/t/tcritchl/HNLs/stage1/HNL_Dirac_ejj_50GeV_1e-2Ve.root', 'signal_50GeV_1e-2'], ['/eos/user/t/tcritchl/HNLs/stage1/HNL_Dirac_ejj_50GeV_1e-2p5Ve.root', 'signal_50GeV_1e-2p5'], ['/eos/user/t/tcritchl/HNLs/stage1/HNL_Dirac_ejj_50GeV_1e-3Ve.root', 'signal_50GeV_1e-3'], ['/eos/user/t/tcritchl/HNLs/stage1/HNL_Dirac_ejj_50GeV_1e-3p5Ve.root', 'signal_50GeV_1e-3p5'], ['/eos/user/t/tcritchl/HNLs/stage1/HNL_Dirac_ejj_50GeV_1e-4Ve.root', 'signal_50GeV_1e-4'], ['/eos/user/t/tcritchl/HNLs/stage1/HNL_Dirac_ejj_50GeV_1e-5Ve.root', 'signal_50GeV_1e-5'], ['/eos/user/t/tcritchl/HNLs/stage1/HNL_Dirac_ejj_60GeV_1e-2Ve.root', 'signal_60GeV_1e-2'], ['/eos/user/t/tcritchl/HNLs/stage1/HNL_Dirac_ejj_60GeV_1e-2p5Ve.root', 'signal_60GeV_1e-2p5'], ['/eos/user/t/tcritchl/HNLs/stage1/HNL_Dirac_ejj_60GeV_1e-3Ve.root', 'signal_60GeV_1e-3'], ['/eos/user/t/tcritchl/HNLs/stage1/HNL_Dirac_ejj_60GeV_1e-3p5Ve.root', 'signal_60GeV_1e-3p5'], ['/eos/user/t/tcritchl/HNLs/stage1/HNL_Dirac_ejj_60GeV_1e-4Ve.root', 'signal_60GeV_1e-4'], ['/eos/user/t/tcritchl/HNLs/stage1/HNL_Dirac_ejj_60GeV_1e-4p5Ve.root', 'signal_60GeV_1e-4p5'], ['/eos/user/t/tcritchl/HNLs/stage1/HNL_Dirac_ejj_60GeV_1e-5Ve.root', 'signal_60GeV_1e-5'], ['/eos/user/t/tcritchl/HNLs/stage1/HNL_Dirac_ejj_70GeV_1e-2Ve.root', 'signal_70GeV_1e-2'], ['/eos/user/t/tcritchl/HNLs/stage1/HNL_Dirac_ejj_70GeV_1e-2p5Ve.root', 'signal_70GeV_1e-2p5'], ['/eos/user/t/tcritchl/HNLs/stage1/HNL_Dirac_ejj_70GeV_1e-3Ve.root', 'signal_70GeV_1e-3'], ['/eos/user/t/tcritchl/HNLs/stage1/HNL_Dirac_ejj_70GeV_1e-3p5Ve.root', 'signal_70GeV_1e-3p5'], ['/eos/user/t/tcritchl/HNLs/stage1/HNL_Dirac_ejj_70GeV_1e-4Ve.root', 'signal_70GeV_1e-4'], ['/eos/user/t/tcritchl/HNLs/stage1/HNL_Dirac_ejj_70GeV_1e-4p5Ve.root', 'signal_70GeV_1e-4p5'], ['/eos/user/t/tcritchl/HNLs/stage1/HNL_Dirac_ejj_70GeV_1e-5Ve.root', 'signal_70GeV_1e-5'], ['/eos/user/t/tcritchl/HNLs/stage1/HNL_Dirac_ejj_80GeV_1e-2Ve.root', 'signal_80GeV_1e-2'], ['/eos/user/t/tcritchl/HNLs/stage1/HNL_Dirac_ejj_80GeV_1e-2p5Ve.root', 'signal_80GeV_1e-2p5'], ['/eos/user/t/tcritchl/HNLs/stage1/HNL_Dirac_ejj_80GeV_1e-3Ve.root', 'signal_80GeV_1e-3'], ['/eos/user/t/tcritchl/HNLs/stage1/HNL_Dirac_ejj_80GeV_1e-3p5Ve.root', 'signal_80GeV_1e-3p5'], ['/eos/user/t/tcritchl/HNLs/stage1/HNL_Dirac_ejj_80GeV_1e-4Ve.root', 'signal_80GeV_1e-4'], ['/eos/user/t/tcritchl/HNLs/stage1/HNL_Dirac_ejj_80GeV_1e-4p5Ve.root', 'signal_80GeV_1e-4p5'], ['/eos/user/t/tcritchl/HNLs/stage1/HNL_Dirac_ejj_80GeV_1e-5Ve.root', 'signal_80GeV_1e-5']]
Exactly one electron final state with lead electron energy E > 35 GeV and D0_sig < 5 (prompt decay): pass=8615       all=938625132  -- eff=0.00 % cumulative eff=0.00 %
TClass::Init:0: RuntimeWarning: no dictionary for class FCCAnalyses::VertexingUtils::FCCAnalysesVertex is available
Exactly one electron final state with lead electron energy E > 35 GeV and D0_sig < 5 (prompt decay): pass=4675       all=100000     -- eff=4.68 % cumulative eff=4.68 %
Exactly one electron final state with lead electron energy E > 35 GeV and D0_sig < 5 (prompt decay): pass=1346       all=100000     -- eff=1.35 % cumulative eff=1.35 %
Exactly one electron final state with lead electron energy E > 35 GeV and D0_sig < 5 (prompt decay): pass=282        all=100000     -- eff=0.28 % cumulative eff=0.28 %
Exactly one electron final state with lead electron energy E > 35 GeV and D0_sig < 5 (prompt decay): pass=14         all=100000     -- eff=0.01 % cumulative eff=0.01 %
Exactly one electron final state with lead electron energy E > 35 GeV and D0_sig < 5 (prompt decay): pass=100        all=100000     -- eff=0.10 % cumulative eff=0.10 %
Exactly one electron final state with lead electron energy E > 35 GeV and D0_sig < 5 (prompt decay): pass=0          all=100000     -- eff=0.00 % cumulative eff=0.00 %
Exactly one electron final state with lead electron energy E > 35 GeV and D0_sig < 5 (prompt decay): pass=5          all=100000     -- eff=0.00 % cumulative eff=0.00 %
Exactly one electron final state with lead electron energy E > 35 GeV and D0_sig < 5 (prompt decay): pass=7658       all=100000     -- eff=7.66 % cumulative eff=7.66 %
Exactly one electron final state with lead electron energy E > 35 GeV and D0_sig < 5 (prompt decay): pass=7263       all=100000     -- eff=7.26 % cumulative eff=7.26 %
Exactly one electron final state with lead electron energy E > 35 GeV and D0_sig < 5 (prompt decay): pass=3349       all=100000     -- eff=3.35 % cumulative eff=3.35 %
Exactly one electron final state with lead electron energy E > 35 GeV and D0_sig < 5 (prompt decay): pass=5          all=9707       -- eff=0.05 % cumulative eff=0.05 %
Exactly one electron final state with lead electron energy E > 35 GeV and D0_sig < 5 (prompt decay): pass=120        all=100000     -- eff=0.12 % cumulative eff=0.12 %
Exactly one electron final state with lead electron energy E > 35 GeV and D0_sig < 5 (prompt decay): pass=13         all=100000     -- eff=0.01 % cumulative eff=0.01 %
Exactly one electron final state with lead electron energy E > 35 GeV and D0_sig < 5 (prompt decay): pass=20         all=31046      -- eff=0.06 % cumulative eff=0.06 %
Exactly one electron final state with lead electron energy E > 35 GeV and D0_sig < 5 (prompt decay): pass=7750       all=100000     -- eff=7.75 % cumulative eff=7.75 %
Exactly one electron final state with lead electron energy E > 35 GeV and D0_sig < 5 (prompt decay): pass=7710       all=100000     -- eff=7.71 % cumulative eff=7.71 %
Exactly one electron final state with lead electron energy E > 35 GeV and D0_sig < 5 (prompt decay): pass=7119       all=100000     -- eff=7.12 % cumulative eff=7.12 %
Exactly one electron final state with lead electron energy E > 35 GeV and D0_sig < 5 (prompt decay): pass=95         all=100000     -- eff=0.09 % cumulative eff=0.09 %
data is: [['placeholder', 'background_total'], ['/eos/user/t/tcritchl/HNLs/stage1/HNL_Dirac_ejj_10GeV_1e-2Ve.root', 'signal_10GeV_1e-2'], ['/eos/user/t/tcritchl/HNLs/stage1/HNL_Dirac_ejj_10GeV_1e-2p5Ve.root', 'signal_10GeV_1e-2p5'], ['/eos/user/t/tcritchl/HNLs/stage1/HNL_Dirac_ejj_10GeV_1e-3Ve.root', 'signal_10GeV_1e-3'], ['/eos/user/t/tcritchl/HNLs/stage1/HNL_Dirac_ejj_10GeV_1e-3p5Ve.root', 'signal_10GeV_1e-3p5'], ['/eos/user/t/tcritchl/HNLs/stage1/HNL_Dirac_ejj_10GeV_1e-4Ve.root', 'signal_10GeV_1e-4'], ['/eos/user/t/tcritchl/HNLs/stage1/HNL_Dirac_ejj_10GeV_1e-4p5Ve.root', 'signal_10GeV_1e-4p5'], ['/eos/user/t/tcritchl/HNLs/stage1/HNL_Dirac_ejj_10GeV_1e-5Ve.root', 'signal_10GeV_1e-5'], ['/eos/user/t/tcritchl/HNLs/stage1/HNL_Dirac_ejj_20GeV_1e-2Ve.root', 'signal_20GeV_1e-2'], ['/eos/user/t/tcritchl/HNLs/stage1/HNL_Dirac_ejj_20GeV_1e-2p5Ve.root', 'signal_20GeV_1e-2p5'], ['/eos/user/t/tcritchl/HNLs/stage1/HNL_Dirac_ejj_20GeV_1e-3Ve.root', 'signal_20GeV_1e-3'], ['/eos/user/t/tcritchl/HNLs/stage1/HNL_Dirac_ejj_20GeV_1e-3p5Ve.root', 'signal_20GeV_1e-3p5'], ['/eos/user/t/tcritchl/HNLs/stage1/HNL_Dirac_ejj_20GeV_1e-4Ve.root', 'signal_20GeV_1e-4'], ['/eos/user/t/tcritchl/HNLs/stage1/HNL_Dirac_ejj_20GeV_1e-4p5Ve.root', 'signal_20GeV_1e-4p5'], ['/eos/user/t/tcritchl/HNLs/stage1/HNL_Dirac_ejj_20GeV_1e-5Ve.root', 'signal_20GeV_1e-5'], ['/eos/user/t/tcritchl/HNLs/stage1/HNL_Dirac_ejj_30GeV_1e-2Ve.root', 'signal_30GeV_1e-2'], ['/eos/user/t/tcritchl/HNLs/stage1/HNL_Dirac_ejj_30GeV_1e-2p5Ve.root', 'signal_30GeV_1e-2p5'], ['/eos/user/t/tcritchl/HNLs/stage1/HNL_Dirac_ejj_30GeV_1e-3Ve.root', 'signal_30GeV_1e-3'], ['/eos/user/t/tcritchl/HNLs/stage1/HNL_Dirac_ejj_30GeV_1e-3p5Ve.root', 'signal_30GeV_1e-3p5'], ['/eos/user/t/tcritchl/HNLs/stage1/HNL_Dirac_ejj_30GeV_1e-4Ve.root', 'signal_30GeV_1e-4'], ['/eos/user/t/tcritchl/HNLs/stage1/HNL_Dirac_ejj_40GeV_1e-2Ve.root', 'signal_40GeV_1e-2'], ['/eos/user/t/tcritchl/HNLs/stage1/HNL_Dirac_ejj_40GeV_1e-2p5Ve.root', 'signal_40GeV_1e-2p5'], ['/eos/user/t/tcritchl/HNLs/stage1/HNL_Dirac_ejj_40GeV_1e-3Ve.root', 'signal_40GeV_1e-3'], ['/eos/user/t/tcritchl/HNLs/stage1/HNL_Dirac_ejj_40GeV_1e-3p5Ve.root', 'signal_40GeV_1e-3p5'], ['/eos/user/t/tcritchl/HNLs/stage1/HNL_Dirac_ejj_40GeV_1e-4Ve.root', 'signal_40GeV_1e-4'], ['/eos/user/t/tcritchl/HNLs/stage1/HNL_Dirac_ejj_40GeV_1e-5Ve.root', 'signal_40GeV_1e-5'], ['/eos/user/t/tcritchl/HNLs/stage1/HNL_Dirac_ejj_50GeV_1e-2Ve.root', 'signal_50GeV_1e-2'], ['/eos/user/t/tcritchl/HNLs/stage1/HNL_Dirac_ejj_50GeV_1e-2p5Ve.root', 'signal_50GeV_1e-2p5'], ['/eos/user/t/tcritchl/HNLs/stage1/HNL_Dirac_ejj_50GeV_1e-3Ve.root', 'signal_50GeV_1e-3'], ['/eos/user/t/tcritchl/HNLs/stage1/HNL_Dirac_ejj_50GeV_1e-3p5Ve.root', 'signal_50GeV_1e-3p5'], ['/eos/user/t/tcritchl/HNLs/stage1/HNL_Dirac_ejj_50GeV_1e-4Ve.root', 'signal_50GeV_1e-4'], ['/eos/user/t/tcritchl/HNLs/stage1/HNL_Dirac_ejj_50GeV_1e-5Ve.root', 'signal_50GeV_1e-5'], ['/eos/user/t/tcritchl/HNLs/stage1/HNL_Dirac_ejj_60GeV_1e-2Ve.root', 'signal_60GeV_1e-2'], ['/eos/user/t/tcritchl/HNLs/stage1/HNL_Dirac_ejj_60GeV_1e-2p5Ve.root', 'signal_60GeV_1e-2p5'], ['/eos/user/t/tcritchl/HNLs/stage1/HNL_Dirac_ejj_60GeV_1e-3Ve.root', 'signal_60GeV_1e-3'], ['/eos/user/t/tcritchl/HNLs/stage1/HNL_Dirac_ejj_60GeV_1e-3p5Ve.root', 'signal_60GeV_1e-3p5'], ['/eos/user/t/tcritchl/HNLs/stage1/HNL_Dirac_ejj_60GeV_1e-4Ve.root', 'signal_60GeV_1e-4'], ['/eos/user/t/tcritchl/HNLs/stage1/HNL_Dirac_ejj_60GeV_1e-4p5Ve.root', 'signal_60GeV_1e-4p5'], ['/eos/user/t/tcritchl/HNLs/stage1/HNL_Dirac_ejj_60GeV_1e-5Ve.root', 'signal_60GeV_1e-5'], ['/eos/user/t/tcritchl/HNLs/stage1/HNL_Dirac_ejj_70GeV_1e-2Ve.root', 'signal_70GeV_1e-2'], ['/eos/user/t/tcritchl/HNLs/stage1/HNL_Dirac_ejj_70GeV_1e-2p5Ve.root', 'signal_70GeV_1e-2p5'], ['/eos/user/t/tcritchl/HNLs/stage1/HNL_Dirac_ejj_70GeV_1e-3Ve.root', 'signal_70GeV_1e-3'], ['/eos/user/t/tcritchl/HNLs/stage1/HNL_Dirac_ejj_70GeV_1e-3p5Ve.root', 'signal_70GeV_1e-3p5'], ['/eos/user/t/tcritchl/HNLs/stage1/HNL_Dirac_ejj_70GeV_1e-4Ve.root', 'signal_70GeV_1e-4'], ['/eos/user/t/tcritchl/HNLs/stage1/HNL_Dirac_ejj_70GeV_1e-4p5Ve.root', 'signal_70GeV_1e-4p5'], ['/eos/user/t/tcritchl/HNLs/stage1/HNL_Dirac_ejj_70GeV_1e-5Ve.root', 'signal_70GeV_1e-5'], ['/eos/user/t/tcritchl/HNLs/stage1/HNL_Dirac_ejj_80GeV_1e-2Ve.root', 'signal_80GeV_1e-2'], ['/eos/user/t/tcritchl/HNLs/stage1/HNL_Dirac_ejj_80GeV_1e-2p5Ve.root', 'signal_80GeV_1e-2p5'], ['/eos/user/t/tcritchl/HNLs/stage1/HNL_Dirac_ejj_80GeV_1e-3Ve.root', 'signal_80GeV_1e-3'], ['/eos/user/t/tcritchl/HNLs/stage1/HNL_Dirac_ejj_80GeV_1e-3p5Ve.root', 'signal_80GeV_1e-3p5'], ['/eos/user/t/tcritchl/HNLs/stage1/HNL_Dirac_ejj_80GeV_1e-4Ve.root', 'signal_80GeV_1e-4'], ['/eos/user/t/tcritchl/HNLs/stage1/HNL_Dirac_ejj_80GeV_1e-4p5Ve.root', 'signal_80GeV_1e-4p5'], ['/eos/user/t/tcritchl/HNLs/stage1/HNL_Dirac_ejj_80GeV_1e-5Ve.root', 'signal_80GeV_1e-5']]
>>> Extract the training and testing events for background_total from the placeholder dataset.
generated events 938625132
>>> Extract the training and testing events for signal_10GeV_1e-2 from the /eos/user/t/tcritchl/HNLs/stage1/HNL_Dirac_ejj_10GeV_1e-2Ve.root dataset.
generated events 100000
>>> Extract the training and testing events for signal_10GeV_1e-2p5 from the /eos/user/t/tcritchl/HNLs/stage1/HNL_Dirac_ejj_10GeV_1e-2p5Ve.root dataset.
generated events 100000
>>> Extract the training and testing events for signal_10GeV_1e-3 from the /eos/user/t/tcritchl/HNLs/stage1/HNL_Dirac_ejj_10GeV_1e-3Ve.root dataset.
generated events 100000
>>> Extract the training and testing events for signal_10GeV_1e-3p5 from the /eos/user/t/tcritchl/HNLs/stage1/HNL_Dirac_ejj_10GeV_1e-3p5Ve.root dataset.
generated events 100000
>>> Extract the training and testing events for signal_10GeV_1e-4 from the /eos/user/t/tcritchl/HNLs/stage1/HNL_Dirac_ejj_10GeV_1e-4Ve.root dataset.
generated events 100000
>>> Extract the training and testing events for signal_10GeV_1e-4p5 from the /eos/user/t/tcritchl/HNLs/stage1/HNL_Dirac_ejj_10GeV_1e-4p5Ve.root dataset.
generated events 100000
>>> Extract the training and testing events for signal_10GeV_1e-5 from the /eos/user/t/tcritchl/HNLs/stage1/HNL_Dirac_ejj_10GeV_1e-5Ve.root dataset.
generated events 100000
>>> Extract the training and testing events for signal_20GeV_1e-2 from the /eos/user/t/tcritchl/HNLs/stage1/HNL_Dirac_ejj_20GeV_1e-2Ve.root dataset.
generated events 100000
>>> Extract the training and testing events for signal_20GeV_1e-2p5 from the /eos/user/t/tcritchl/HNLs/stage1/HNL_Dirac_ejj_20GeV_1e-2p5Ve.root dataset.
generated events 100000
>>> Extract the training and testing events for signal_20GeV_1e-3 from the /eos/user/t/tcritchl/HNLs/stage1/HNL_Dirac_ejj_20GeV_1e-3Ve.root dataset.
generated events 100000
>>> Extract the training and testing events for signal_20GeV_1e-3p5 from the /eos/user/t/tcritchl/HNLs/stage1/HNL_Dirac_ejj_20GeV_1e-3p5Ve.root dataset.
generated events 9707
>>> Extract the training and testing events for signal_20GeV_1e-4 from the /eos/user/t/tcritchl/HNLs/stage1/HNL_Dirac_ejj_20GeV_1e-4Ve.root dataset.
generated events 100000
>>> Extract the training and testing events for signal_20GeV_1e-4p5 from the /eos/user/t/tcritchl/HNLs/stage1/HNL_Dirac_ejj_20GeV_1e-4p5Ve.root dataset.
generated events 100000
>>> Extract the training and testing events for signal_20GeV_1e-5 from the /eos/user/t/tcritchl/HNLs/stage1/HNL_Dirac_ejj_20GeV_1e-5Ve.root dataset.
generated events 31046
>>> Extract the training and testing events for signal_30GeV_1e-2 from the /eos/user/t/tcritchl/HNLs/stage1/HNL_Dirac_ejj_30GeV_1e-2Ve.root dataset.
generated events 100000
>>> Extract the training and testing events for signal_30GeV_1e-2p5 from the /eos/user/t/tcritchl/HNLs/stage1/HNL_Dirac_ejj_30GeV_1e-2p5Ve.root dataset.
generated events 100000
>>> Extract the training and testing events for signal_30GeV_1e-3 from the /eos/user/t/tcritchl/HNLs/stage1/HNL_Dirac_ejj_30GeV_1e-3Ve.root dataset.
generated events 100000
>>> Extract the training and testing events for signal_30GeV_1e-3p5 from the /eos/user/t/tcritchl/HNLs/stage1/HNL_Dirac_ejj_30GeV_1e-3p5Ve.root dataset.
generated events 100000
Exactly one electron final state with lead electron energy E > 35 GeV and D0_sig < 5 (prompt decay): pass=623        all=100000     -- eff=0.62 % cumulative eff=0.62 %
Exactly one electron final state with lead electron energy E > 35 GeV and D0_sig < 5 (prompt decay): pass=8060       all=100000     -- eff=8.06 % cumulative eff=8.06 %
Exactly one electron final state with lead electron energy E > 35 GeV and D0_sig < 5 (prompt decay): pass=8059       all=100000     -- eff=8.06 % cumulative eff=8.06 %
Exactly one electron final state with lead electron energy E > 35 GeV and D0_sig < 5 (prompt decay): pass=8059       all=100000     -- eff=8.06 % cumulative eff=8.06 %
Exactly one electron final state with lead electron energy E > 35 GeV and D0_sig < 5 (prompt decay): pass=330        all=100000     -- eff=0.33 % cumulative eff=0.33 %
Exactly one electron final state with lead electron energy E > 35 GeV and D0_sig < 5 (prompt decay): pass=1968       all=100000     -- eff=1.97 % cumulative eff=1.97 %
Exactly one electron final state with lead electron energy E > 35 GeV and D0_sig < 5 (prompt decay): pass=7          all=7188       -- eff=0.10 % cumulative eff=0.10 %
Exactly one electron final state with lead electron energy E > 35 GeV and D0_sig < 5 (prompt decay): pass=7794       all=100000     -- eff=7.79 % cumulative eff=7.79 %
Exactly one electron final state with lead electron energy E > 35 GeV and D0_sig < 5 (prompt decay): pass=7801       all=100000     -- eff=7.80 % cumulative eff=7.80 %
Exactly one electron final state with lead electron energy E > 35 GeV and D0_sig < 5 (prompt decay): pass=7806       all=100000     -- eff=7.81 % cumulative eff=7.81 %
Exactly one electron final state with lead electron energy E > 35 GeV and D0_sig < 5 (prompt decay): pass=909        all=100000     -- eff=0.91 % cumulative eff=0.91 %
Exactly one electron final state with lead electron energy E > 35 GeV and D0_sig < 5 (prompt decay): pass=4141       all=100000     -- eff=4.14 % cumulative eff=4.14 %
Exactly one electron final state with lead electron energy E > 35 GeV and D0_sig < 5 (prompt decay): pass=148        all=100000     -- eff=0.15 % cumulative eff=0.15 %
Exactly one electron final state with lead electron energy E > 35 GeV and D0_sig < 5 (prompt decay): pass=8203       all=100000     -- eff=8.20 % cumulative eff=8.20 %
Exactly one electron final state with lead electron energy E > 35 GeV and D0_sig < 5 (prompt decay): pass=8203       all=100000     -- eff=8.20 % cumulative eff=8.20 %
Exactly one electron final state with lead electron energy E > 35 GeV and D0_sig < 5 (prompt decay): pass=8205       all=100000     -- eff=8.20 % cumulative eff=8.20 %
Exactly one electron final state with lead electron energy E > 35 GeV and D0_sig < 5 (prompt decay): pass=2281       all=100000     -- eff=2.28 % cumulative eff=2.28 %
Exactly one electron final state with lead electron energy E > 35 GeV and D0_sig < 5 (prompt decay): pass=6698       all=100000     -- eff=6.70 % cumulative eff=6.70 %
Exactly one electron final state with lead electron energy E > 35 GeV and D0_sig < 5 (prompt decay): pass=60         all=100000     -- eff=0.06 % cumulative eff=0.06 %
Exactly one electron final state with lead electron energy E > 35 GeV and D0_sig < 5 (prompt decay): pass=463        all=100000     -- eff=0.46 % cumulative eff=0.46 %
Exactly one electron final state with lead electron energy E > 35 GeV and D0_sig < 5 (prompt decay): pass=8099       all=100000     -- eff=8.10 % cumulative eff=8.10 %
Exactly one electron final state with lead electron energy E > 35 GeV and D0_sig < 5 (prompt decay): pass=8099       all=100000     -- eff=8.10 % cumulative eff=8.10 %
Exactly one electron final state with lead electron energy E > 35 GeV and D0_sig < 5 (prompt decay): pass=8099       all=100000     -- eff=8.10 % cumulative eff=8.10 %
Exactly one electron final state with lead electron energy E > 35 GeV and D0_sig < 5 (prompt decay): pass=4459       all=100000     -- eff=4.46 % cumulative eff=4.46 %
Exactly one electron final state with lead electron energy E > 35 GeV and D0_sig < 5 (prompt decay): pass=7948       all=100000     -- eff=7.95 % cumulative eff=7.95 %
Exactly one electron final state with lead electron energy E > 35 GeV and D0_sig < 5 (prompt decay): pass=175        all=100000     -- eff=0.18 % cumulative eff=0.17 %
Exactly one electron final state with lead electron energy E > 35 GeV and D0_sig < 5 (prompt decay): pass=1030       all=100000     -- eff=1.03 % cumulative eff=1.03 %
Exactly one electron final state with lead electron energy E > 35 GeV and D0_sig < 5 (prompt decay): pass=7140       all=100000     -- eff=7.14 % cumulative eff=7.14 %
Exactly one electron final state with lead electron energy E > 35 GeV and D0_sig < 5 (prompt decay): pass=7140       all=100000     -- eff=7.14 % cumulative eff=7.14 %
Exactly one electron final state with lead electron energy E > 35 GeV and D0_sig < 5 (prompt decay): pass=7141       all=100000     -- eff=7.14 % cumulative eff=7.14 %
Exactly one electron final state with lead electron energy E > 35 GeV and D0_sig < 5 (prompt decay): pass=3854       all=100000     -- eff=3.85 % cumulative eff=3.85 %
Exactly one electron final state with lead electron energy E > 35 GeV and D0_sig < 5 (prompt decay): pass=7017       all=100000     -- eff=7.02 % cumulative eff=7.02 %
Exactly one electron final state with lead electron energy E > 35 GeV and D0_sig < 5 (prompt decay): pass=136        all=100000     -- eff=0.14 % cumulative eff=0.14 %
Exactly one electron final state with lead electron energy E > 35 GeV and D0_sig < 5 (prompt decay): pass=906        all=100000     -- eff=0.91 % cumulative eff=0.91 %
>>> Extract the training and testing events for signal_30GeV_1e-4 from the /eos/user/t/tcritchl/HNLs/stage1/HNL_Dirac_ejj_30GeV_1e-4Ve.root dataset.
generated events 100000
>>> Extract the training and testing events for signal_40GeV_1e-2 from the /eos/user/t/tcritchl/HNLs/stage1/HNL_Dirac_ejj_40GeV_1e-2Ve.root dataset.
generated events 100000
>>> Extract the training and testing events for signal_40GeV_1e-2p5 from the /eos/user/t/tcritchl/HNLs/stage1/HNL_Dirac_ejj_40GeV_1e-2p5Ve.root dataset.
generated events 100000
>>> Extract the training and testing events for signal_40GeV_1e-3 from the /eos/user/t/tcritchl/HNLs/stage1/HNL_Dirac_ejj_40GeV_1e-3Ve.root dataset.
generated events 100000
>>> Extract the training and testing events for signal_40GeV_1e-3p5 from the /eos/user/t/tcritchl/HNLs/stage1/HNL_Dirac_ejj_40GeV_1e-3p5Ve.root dataset.
generated events 100000
>>> Extract the training and testing events for signal_40GeV_1e-4 from the /eos/user/t/tcritchl/HNLs/stage1/HNL_Dirac_ejj_40GeV_1e-4Ve.root dataset.
generated events 100000
>>> Extract the training and testing events for signal_40GeV_1e-5 from the /eos/user/t/tcritchl/HNLs/stage1/HNL_Dirac_ejj_40GeV_1e-5Ve.root dataset.
generated events 7188
>>> Extract the training and testing events for signal_50GeV_1e-2 from the /eos/user/t/tcritchl/HNLs/stage1/HNL_Dirac_ejj_50GeV_1e-2Ve.root dataset.
generated events 100000
>>> Extract the training and testing events for signal_50GeV_1e-2p5 from the /eos/user/t/tcritchl/HNLs/stage1/HNL_Dirac_ejj_50GeV_1e-2p5Ve.root dataset.
generated events 100000
>>> Extract the training and testing events for signal_50GeV_1e-3 from the /eos/user/t/tcritchl/HNLs/stage1/HNL_Dirac_ejj_50GeV_1e-3Ve.root dataset.
generated events 100000
>>> Extract the training and testing events for signal_50GeV_1e-3p5 from the /eos/user/t/tcritchl/HNLs/stage1/HNL_Dirac_ejj_50GeV_1e-3p5Ve.root dataset.
generated events 100000
>>> Extract the training and testing events for signal_50GeV_1e-4 from the /eos/user/t/tcritchl/HNLs/stage1/HNL_Dirac_ejj_50GeV_1e-4Ve.root dataset.
generated events 100000
>>> Extract the training and testing events for signal_50GeV_1e-5 from the /eos/user/t/tcritchl/HNLs/stage1/HNL_Dirac_ejj_50GeV_1e-5Ve.root dataset.
generated events 100000
>>> Extract the training and testing events for signal_60GeV_1e-2 from the /eos/user/t/tcritchl/HNLs/stage1/HNL_Dirac_ejj_60GeV_1e-2Ve.root dataset.
generated events 100000
>>> Extract the training and testing events for signal_60GeV_1e-2p5 from the /eos/user/t/tcritchl/HNLs/stage1/HNL_Dirac_ejj_60GeV_1e-2p5Ve.root dataset.
generated events 100000
>>> Extract the training and testing events for signal_60GeV_1e-3 from the /eos/user/t/tcritchl/HNLs/stage1/HNL_Dirac_ejj_60GeV_1e-3Ve.root dataset.
generated events 100000
>>> Extract the training and testing events for signal_60GeV_1e-3p5 from the /eos/user/t/tcritchl/HNLs/stage1/HNL_Dirac_ejj_60GeV_1e-3p5Ve.root dataset.
generated events 100000
>>> Extract the training and testing events for signal_60GeV_1e-4 from the /eos/user/t/tcritchl/HNLs/stage1/HNL_Dirac_ejj_60GeV_1e-4Ve.root dataset.
generated events 100000
>>> Extract the training and testing events for signal_60GeV_1e-4p5 from the /eos/user/t/tcritchl/HNLs/stage1/HNL_Dirac_ejj_60GeV_1e-4p5Ve.root dataset.
generated events 100000
>>> Extract the training and testing events for signal_60GeV_1e-5 from the /eos/user/t/tcritchl/HNLs/stage1/HNL_Dirac_ejj_60GeV_1e-5Ve.root dataset.
generated events 100000
>>> Extract the training and testing events for signal_70GeV_1e-2 from the /eos/user/t/tcritchl/HNLs/stage1/HNL_Dirac_ejj_70GeV_1e-2Ve.root dataset.
generated events 100000
>>> Extract the training and testing events for signal_70GeV_1e-2p5 from the /eos/user/t/tcritchl/HNLs/stage1/HNL_Dirac_ejj_70GeV_1e-2p5Ve.root dataset.
generated events 100000
>>> Extract the training and testing events for signal_70GeV_1e-3 from the /eos/user/t/tcritchl/HNLs/stage1/HNL_Dirac_ejj_70GeV_1e-3Ve.root dataset.
generated events 100000
>>> Extract the training and testing events for signal_70GeV_1e-3p5 from the /eos/user/t/tcritchl/HNLs/stage1/HNL_Dirac_ejj_70GeV_1e-3p5Ve.root dataset.
generated events 100000
>>> Extract the training and testing events for signal_70GeV_1e-4 from the /eos/user/t/tcritchl/HNLs/stage1/HNL_Dirac_ejj_70GeV_1e-4Ve.root dataset.
generated events 100000
>>> Extract the training and testing events for signal_70GeV_1e-4p5 from the /eos/user/t/tcritchl/HNLs/stage1/HNL_Dirac_ejj_70GeV_1e-4p5Ve.root dataset.
generated events 100000
>>> Extract the training and testing events for signal_70GeV_1e-5 from the /eos/user/t/tcritchl/HNLs/stage1/HNL_Dirac_ejj_70GeV_1e-5Ve.root dataset.
generated events 100000
>>> Extract the training and testing events for signal_80GeV_1e-2 from the /eos/user/t/tcritchl/HNLs/stage1/HNL_Dirac_ejj_80GeV_1e-2Ve.root dataset.
generated events 100000
>>> Extract the training and testing events for signal_80GeV_1e-2p5 from the /eos/user/t/tcritchl/HNLs/stage1/HNL_Dirac_ejj_80GeV_1e-2p5Ve.root dataset.
generated events 100000
>>> Extract the training and testing events for signal_80GeV_1e-3 from the /eos/user/t/tcritchl/HNLs/stage1/HNL_Dirac_ejj_80GeV_1e-3Ve.root dataset.
generated events 100000
>>> Extract the training and testing events for signal_80GeV_1e-3p5 from the /eos/user/t/tcritchl/HNLs/stage1/HNL_Dirac_ejj_80GeV_1e-3p5Ve.root dataset.
generated events 100000
>>> Extract the training and testing events for signal_80GeV_1e-4 from the /eos/user/t/tcritchl/HNLs/stage1/HNL_Dirac_ejj_80GeV_1e-4Ve.root dataset.
generated events 100000
>>> Extract the training and testing events for signal_80GeV_1e-4p5 from the /eos/user/t/tcritchl/HNLs/stage1/HNL_Dirac_ejj_80GeV_1e-4p5Ve.root dataset.
generated events 100000
>>> Extract the training and testing events for signal_80GeV_1e-5 from the /eos/user/t/tcritchl/HNLs/stage1/HNL_Dirac_ejj_80GeV_1e-5Ve.root dataset.
generated events 100000
FSGenElectron_charge: ROOT::VecOps::RVec<float>
FSGenElectron_e: ROOT::VecOps::RVec<float>
FSGenElectron_eta: ROOT::VecOps::RVec<float>
FSGenElectron_p: ROOT::VecOps::RVec<float>
FSGenElectron_phi: ROOT::VecOps::RVec<float>
FSGenElectron_pt: ROOT::VecOps::RVec<float>
FSGenElectron_px: ROOT::VecOps::RVec<float>
FSGenElectron_py: ROOT::VecOps::RVec<float>
FSGenElectron_pz: ROOT::VecOps::RVec<float>
FSGenElectron_theta: ROOT::VecOps::RVec<float>
FSGenElectron_vertex_x: ROOT::VecOps::RVec<float>
FSGenElectron_vertex_y: ROOT::VecOps::RVec<float>
FSGenElectron_vertex_z: ROOT::VecOps::RVec<float>
FSGenNeutrino_charge: ROOT::VecOps::RVec<float>
FSGenNeutrino_e: ROOT::VecOps::RVec<float>
FSGenNeutrino_eta: ROOT::VecOps::RVec<float>
FSGenNeutrino_p: ROOT::VecOps::RVec<float>
FSGenNeutrino_phi: ROOT::VecOps::RVec<float>
FSGenNeutrino_pt: ROOT::VecOps::RVec<float>
FSGenNeutrino_px: ROOT::VecOps::RVec<float>
FSGenNeutrino_py: ROOT::VecOps::RVec<float>
FSGenNeutrino_pz: ROOT::VecOps::RVec<float>
FSGenNeutrino_theta: ROOT::VecOps::RVec<float>
FSGenPhoton_charge: ROOT::VecOps::RVec<float>
FSGenPhoton_e: ROOT::VecOps::RVec<float>
FSGenPhoton_eta: ROOT::VecOps::RVec<float>
FSGenPhoton_p: ROOT::VecOps::RVec<float>
FSGenPhoton_phi: ROOT::VecOps::RVec<float>
FSGenPhoton_pt: ROOT::VecOps::RVec<float>
FSGenPhoton_px: ROOT::VecOps::RVec<float>
FSGenPhoton_py: ROOT::VecOps::RVec<float>
FSGenPhoton_pz: ROOT::VecOps::RVec<float>
FSGenPhoton_theta: ROOT::VecOps::RVec<float>
FSGen_Lxy: ROOT::VecOps::RVec<float>
FSGen_Lxyz: ROOT::VecOps::RVec<float>
FSGen_ee_invMass: Float_t
FSGen_eenu_invMass: Float_t
GenDiJet_e: Float_t
GenDiJet_eta: Float_t
GenDiJet_invMass: Float_t
GenDiJet_phi: Float_t
GenDiJet_pt: Float_t
GenDiJet_theta: Float_t
GenElRecoJets_ee_kt_minDR: ROOT::VecOps::RVec<float>
GenJets_ee_kt_e: ROOT::VecOps::RVec<float>
GenJets_ee_kt_n: Int_t
GenLeadJet_e: Float_t
GenLeadJet_eta: Float_t
GenLeadJet_phi: Float_t
GenLeadJet_pt: Float_t
GenSecondJet_e: Float_t
GenSecondJet_eta: Float_t
GenSecondJet_phi: Float_t
GenSecondJet_pt: Float_t
RecoDecayVertex: edm4hep::VertexData
RecoDecayVertex.algorithmType: Int_t
RecoDecayVertex.chi2: Float_t
RecoDecayVertex.covMatrix[6]: ROOT::VecOps::RVec<Float_t>
RecoDecayVertex.parameters_begin: UInt_t
RecoDecayVertex.parameters_end: UInt_t
RecoDecayVertex.position: edm4hep::Vector3f
RecoDecayVertex.position.x: Float_t
RecoDecayVertex.position.y: Float_t
RecoDecayVertex.position.z: Float_t
RecoDecayVertex.primary: Int_t
RecoDecayVertex.probability: Float_t
RecoDecayVertexObject: FCCAnalyses::VertexingUtils::FCCAnalysesVertex
RecoDecayVertexObject.final_track_phases: ROOT::VecOps::RVec<float>
RecoDecayVertexObject.mc_ind: Int_t
RecoDecayVertexObject.ntracks: Int_t
RecoDecayVertexObject.reco_chi2: ROOT::VecOps::RVec<float>
RecoDecayVertexObject.reco_ind: ROOT::VecOps::RVec<int>
RecoDecayVertexObject.tracks: ROOT::VecOps::RVec<edm4hep::TrackState>
RecoDecayVertexObject.tracks.D0: ROOT::VecOps::RVec<Float_t>
RecoDecayVertexObject.tracks.Z0: ROOT::VecOps::RVec<Float_t>
RecoDecayVertexObject.tracks.location: ROOT::VecOps::RVec<Int_t>
RecoDecayVertexObject.tracks.omega: ROOT::VecOps::RVec<Float_t>
RecoDecayVertexObject.tracks.phi: ROOT::VecOps::RVec<Float_t>
RecoDecayVertexObject.tracks.referencePoint.x: ROOT::VecOps::RVec<Float_t>
RecoDecayVertexObject.tracks.referencePoint.y: ROOT::VecOps::RVec<Float_t>
RecoDecayVertexObject.tracks.referencePoint.z: ROOT::VecOps::RVec<Float_t>
RecoDecayVertexObject.tracks.tanLambda: ROOT::VecOps::RVec<Float_t>
RecoDecayVertexObject.tracks.time: ROOT::VecOps::RVec<Float_t>
RecoDecayVertexObject.updated_track_momentum_at_vertex: ROOT::VecOps::RVec<TVector3>
RecoDecayVertexObject.vertex: edm4hep::VertexData
RecoDecayVertexObject.vertex.algorithmType: Int_t
RecoDecayVertexObject.vertex.chi2: Float_t
RecoDecayVertexObject.vertex.parameters_begin: UInt_t
RecoDecayVertexObject.vertex.parameters_end: UInt_t
RecoDecayVertexObject.vertex.position.x: Float_t
RecoDecayVertexObject.vertex.position.y: Float_t
RecoDecayVertexObject.vertex.position.z: Float_t
RecoDecayVertexObject.vertex.primary: Int_t
RecoDecayVertexObject.vertex.probability: Float_t
RecoDiJet: TLorentzVector
RecoDiJetElectron_Electron_Delta_theta: Float_t
RecoDiJetElectron_e: Float_t
RecoDiJetElectron_eta: Float_t
RecoDiJetElectron_invMass: Float_t
RecoDiJetElectron_phi: Float_t
RecoDiJetElectron_pt: Float_t
RecoDiJetElectron_px: Float_t
RecoDiJetElectron_py: Float_t
RecoDiJetElectron_pz: Float_t
RecoDiJetElectron_theta: Float_t
RecoDiJet_angle: Double_t
RecoDiJet_delta_R: Float_t
RecoDiJet_delta_eta: Float_t
RecoDiJet_delta_phi: Float_t
RecoDiJet_e: Float_t
RecoDiJet_electron_electron_Delta_theta: Float_t
RecoDiJet_electron_invMass: Float_t
RecoDiJet_electron_theta: Float_t
RecoDiJet_eta: Float_t
RecoDiJet_invMass: Float_t
RecoDiJet_phi: Float_t
RecoDiJet_positron_invMass: Float_t
RecoDiJet_positron_positron_Delta_theta: Float_t
RecoDiJet_pt: Float_t
RecoElGenEl_minDR: ROOT::VecOps::RVec<float>
RecoElRecoJets_ee_kt_minDR: ROOT::VecOps::RVec<float>
RecoElectronTrack_D0cov: ROOT::VecOps::RVec<float>
RecoElectronTrack_Z0cov: ROOT::VecOps::RVec<float>
RecoElectronTrack_absD0: ROOT::VecOps::RVec<float>
RecoElectronTrack_absD0sig: ROOT::VecOps::RVec<float>
RecoElectronTrack_absZ0: ROOT::VecOps::RVec<float>
RecoElectronTrack_absZ0sig: ROOT::VecOps::RVec<float>
RecoElectron_4Vect_e: Float_t
RecoElectron_DiJet_delta_R: Float_t
RecoElectron_DiJet_delta_eta: Float_t
RecoElectron_DiJet_delta_phi: Float_t
RecoElectron_LeadJet_delta_R: Float_t
RecoElectron_LeadJet_delta_eta: Float_t
RecoElectron_LeadJet_delta_phi: Float_t
RecoElectron_SecondJet_delta_R: Float_t
RecoElectron_SecondJet_delta_eta: Float_t
RecoElectron_SecondJet_delta_phi: Float_t
RecoElectron_charge: ROOT::VecOps::RVec<float>
RecoElectron_e: ROOT::VecOps::RVec<float>
RecoElectron_eta: ROOT::VecOps::RVec<float>
RecoElectron_lead_e: Float_t
RecoElectron_lead_eta: Float_t
RecoElectron_lead_phi: Float_t
RecoElectron_lead_pt: Float_t
RecoElectron_p: ROOT::VecOps::RVec<float>
RecoElectron_phi: ROOT::VecOps::RVec<float>
RecoElectron_pt: ROOT::VecOps::RVec<float>
RecoElectron_px: ROOT::VecOps::RVec<float>
RecoElectron_py: ROOT::VecOps::RVec<float>
RecoElectron_pz: ROOT::VecOps::RVec<float>
RecoElectron_theta: ROOT::VecOps::RVec<float>
RecoHNLElectron_DiJet_Delta_theta: Float_t
RecoHNL_electron_DiJet_Delta_theta: Float_t
RecoHNL_electron_e: Float_t
RecoHNL_electron_eta: Float_t
RecoHNL_electron_phi: Float_t
RecoHNL_electron_pt: Float_t
RecoHNL_electron_theta: Float_t
RecoHNL_positron_DiJet_Delta_theta: Float_t
RecoHNL_positron_e: Float_t
RecoHNL_positron_eta: Float_t
RecoHNL_positron_phi: Float_t
RecoHNL_positron_pt: Float_t
RecoHNL_positron_theta: Float_t
RecoJets_ee_ktDelta_R: Float_t
RecoJets_ee_ktDelta_e: Float_t
RecoJets_ee_ktDelta_eta: Float_t
RecoJets_ee_ktDelta_phi: Float_t
RecoJets_ee_ktDelta_pt: Float_t
RecoJets_ee_kt_e: ROOT::VecOps::RVec<float>
RecoJets_ee_kt_eta: ROOT::VecOps::RVec<float>
RecoJets_ee_kt_n: Int_t
RecoJets_ee_kt_phi: ROOT::VecOps::RVec<float>
RecoJets_ee_kt_pt: ROOT::VecOps::RVec<float>
RecoJets_ee_kt_theta: ROOT::VecOps::RVec<float>
RecoLeadElectron_Pmiss_delta_theta: ROOT::VecOps::RVec<float>
RecoLeadJet_e: Float_t
RecoLeadJet_eta: Float_t
RecoLeadJet_phi: Float_t
RecoLeadJet_pt: Float_t
RecoMissingEnergy_e: ROOT::VecOps::RVec<float>
RecoMissingEnergy_eta: ROOT::VecOps::RVec<float>
RecoMissingEnergy_p: ROOT::VecOps::RVec<float>
RecoMissingEnergy_phi: ROOT::VecOps::RVec<float>
RecoMissingEnergy_pt: ROOT::VecOps::RVec<float>
RecoMissingEnergy_px: ROOT::VecOps::RVec<float>
RecoMissingEnergy_py: ROOT::VecOps::RVec<float>
RecoMissingEnergy_pz: ROOT::VecOps::RVec<float>
RecoMissingEnergy_theta: ROOT::VecOps::RVec<float>
RecoMuonTrack_D0cov: ROOT::VecOps::RVec<float>
RecoMuonTrack_Z0cov: ROOT::VecOps::RVec<float>
RecoMuonTrack_absD0: ROOT::VecOps::RVec<float>
RecoMuonTrack_absD0sig: ROOT::VecOps::RVec<float>
RecoMuonTrack_absZ0: ROOT::VecOps::RVec<float>
RecoMuonTrack_absZ0sig: ROOT::VecOps::RVec<float>
RecoMuon_charge: ROOT::VecOps::RVec<float>
RecoMuon_e: ROOT::VecOps::RVec<float>
RecoMuon_eta: ROOT::VecOps::RVec<float>
RecoMuon_p: ROOT::VecOps::RVec<float>
RecoMuon_phi: ROOT::VecOps::RVec<float>
RecoMuon_pt: ROOT::VecOps::RVec<float>
RecoMuon_px: ROOT::VecOps::RVec<float>
RecoMuon_py: ROOT::VecOps::RVec<float>
RecoMuon_pz: ROOT::VecOps::RVec<float>
RecoMuon_theta: ROOT::VecOps::RVec<float>
RecoPhoton_charge: ROOT::VecOps::RVec<float>
RecoPhoton_e: ROOT::VecOps::RVec<float>
RecoPhoton_eta: ROOT::VecOps::RVec<float>
RecoPhoton_p: ROOT::VecOps::RVec<float>
RecoPhoton_phi: ROOT::VecOps::RVec<float>
RecoPhoton_pt: ROOT::VecOps::RVec<float>
RecoPhoton_px: ROOT::VecOps::RVec<float>
RecoPhoton_py: ROOT::VecOps::RVec<float>
RecoPhoton_pz: ROOT::VecOps::RVec<float>
RecoPhoton_theta: ROOT::VecOps::RVec<float>
RecoSecondJet_e: Float_t
RecoSecondJet_eta: Float_t
RecoSecondJet_phi: Float_t
RecoSecondJet_pt: Float_t
Reco_Lxy: Float_t
Reco_Lxyz: Float_t
Reco_ee_invMass: Float_t
algorithmType: Int_t
chi2: Float_t
covMatrix[6]: array<float,6>
event_index: ULong64_t
final_track_phases: ROOT::VecOps::RVec<float>
mc_ind: Int_t
n_FSGenElectron: Int_t
n_FSGenNeutrino: Int_t
n_FSGenPhoton: Int_t
n_MCParticles: Int_t
n_RecoElectrons: Int_t
n_RecoMuons: Int_t
n_RecoPhotons: Int_t
n_RecoTracks: Int_t
ntracks: Int_t
parameters_begin: UInt_t
parameters_end: UInt_t
position: edm4hep::Vector3f
position.x: Float_t
position.y: Float_t
position.z: Float_t
primary: Int_t
probability: Float_t
reco_chi2: ROOT::VecOps::RVec<float>
reco_ind: ROOT::VecOps::RVec<int>
tracks: ROOT::VecOps::RVec<edm4hep::TrackState>
tracks.D0: ROOT::VecOps::RVec<Float_t>
tracks.Z0: ROOT::VecOps::RVec<Float_t>
Traceback (most recent call last):
  File "/afs/cern.ch/user/t/tcritchl/xgboost_batch/DataPreparation_macro.py", line 151, in <module>
    column_type = df.GetColumnType(column_name)
cppyy.gbl.std.runtime_error: string ROOT::RDF::RInterfaceBase::GetColumnType(basic_string_view<char,char_traits<char> > column) =>
    runtime_error: TTree leaf RecoDecayVertexObject.tracks.covMatrix[21] has both a leaf count and a static length. This is not supported.
