000 (9571544.000.000) 04/04 12:16:59 Job submitted from host: <137.138.156.150:9618?addrs=137.138.156.150-9618+[2001-1458-d00-14--9a]-9618&alias=bigbird13.cern.ch&noUDP&sock=schedd_5144_ef43>
...
040 (9571544.000.000) 04/04 18:05:06 Started transferring input files
	Transferring to host: <128.142.59.102:9618?addrs=128.142.59.102-9618+[2001-1458-301-21--100-65]-9618&alias=b7s04p2572.cern.ch&noUDP&sock=slot1_14_1709_e51f_94047>
...
040 (9571544.000.000) 04/04 18:05:06 Finished transferring input files
...
001 (9571544.000.000) 04/04 18:05:07 Job executing on host: <128.142.59.102:9618?addrs=128.142.59.102-9618+[2001-1458-301-21--100-65]-9618&alias=b7s04p2572.cern.ch&noUDP&sock=startd_1668_b00f>
...
006 (9571544.000.000) 04/04 18:05:16 Image size of job updated: 147640
	47  -  MemoryUsage of job (MB)
	48128  -  ResidentSetSize of job (KB)
...
006 (9571544.000.000) 04/04 18:10:17 Image size of job updated: 4917868
	2684  -  MemoryUsage of job (MB)
	2747648  -  ResidentSetSize of job (KB)
...
006 (9571544.000.000) 04/04 18:15:18 Image size of job updated: 5000108
	2757  -  MemoryUsage of job (MB)
	2822304  -  ResidentSetSize of job (KB)
...
006 (9571544.000.000) 04/04 18:20:18 Image size of job updated: 5150548
	2858  -  MemoryUsage of job (MB)
	2925856  -  ResidentSetSize of job (KB)
...
006 (9571544.000.000) 04/04 18:25:18 Image size of job updated: 5196628
	2930  -  MemoryUsage of job (MB)
	2999804  -  ResidentSetSize of job (KB)
...
006 (9571544.000.000) 04/04 18:30:19 Image size of job updated: 5256248
	3015  -  MemoryUsage of job (MB)
	3087188  -  ResidentSetSize of job (KB)
...
006 (9571544.000.000) 04/04 18:35:20 Image size of job updated: 5463588
	3101  -  MemoryUsage of job (MB)
	3174972  -  ResidentSetSize of job (KB)
...
006 (9571544.000.000) 04/04 18:40:20 Image size of job updated: 5523240
	3184  -  MemoryUsage of job (MB)
	3259928  -  ResidentSetSize of job (KB)
...
006 (9571544.000.000) 04/04 18:45:20 Image size of job updated: 5581052
	3266  -  MemoryUsage of job (MB)
	3344380  -  ResidentSetSize of job (KB)
...
006 (9571544.000.000) 04/04 18:50:21 Image size of job updated: 5640932
	3353  -  MemoryUsage of job (MB)
	3432696  -  ResidentSetSize of job (KB)
...
006 (9571544.000.000) 04/04 18:55:22 Image size of job updated: 5702016
	3439  -  MemoryUsage of job (MB)
	3521028  -  ResidentSetSize of job (KB)
...
006 (9571544.000.000) 04/04 19:00:22 Image size of job updated: 6056032
	3524  -  MemoryUsage of job (MB)
	3607712  -  ResidentSetSize of job (KB)
...
006 (9571544.000.000) 04/04 19:05:22 Image size of job updated: 6118280
	3612  -  MemoryUsage of job (MB)
	3697976  -  ResidentSetSize of job (KB)
...
006 (9571544.000.000) 04/04 19:10:24 Image size of job updated: 6180140
	3700  -  MemoryUsage of job (MB)
	3788316  -  ResidentSetSize of job (KB)
...
006 (9571544.000.000) 04/04 19:15:24 Image size of job updated: 6243796
	3789  -  MemoryUsage of job (MB)
	3879612  -  ResidentSetSize of job (KB)
...
006 (9571544.000.000) 04/04 19:20:24 Image size of job updated: 6306044
	3877  -  MemoryUsage of job (MB)
	3969652  -  ResidentSetSize of job (KB)
...
006 (9571544.000.000) 04/04 19:25:25 Image size of job updated: 6370884
	3971  -  MemoryUsage of job (MB)
	4066192  -  ResidentSetSize of job (KB)
...
006 (9571544.000.000) 04/04 19:30:26 Image size of job updated: 6435588
	4064  -  MemoryUsage of job (MB)
	4160592  -  ResidentSetSize of job (KB)
...
006 (9571544.000.000) 04/04 19:35:26 Image size of job updated: 6498224
	4152  -  MemoryUsage of job (MB)
	4251588  -  ResidentSetSize of job (KB)
...
006 (9571544.000.000) 04/04 19:40:26 Image size of job updated: 6560216
	4240  -  MemoryUsage of job (MB)
	4341696  -  ResidentSetSize of job (KB)
...
006 (9571544.000.000) 04/04 19:45:27 Image size of job updated: 6620256
	4325  -  MemoryUsage of job (MB)
	4428640  -  ResidentSetSize of job (KB)
...
006 (9571544.000.000) 04/04 19:50:28 Image size of job updated: 6685872
	4419  -  MemoryUsage of job (MB)
	4524512  -  ResidentSetSize of job (KB)
...
006 (9571544.000.000) 04/04 19:55:28 Image size of job updated: 7335484
	4502  -  MemoryUsage of job (MB)
	4609972  -  ResidentSetSize of job (KB)
...
006 (9571544.000.000) 04/04 20:00:29 Image size of job updated: 7389632
	4584  -  MemoryUsage of job (MB)
	4693084  -  ResidentSetSize of job (KB)
...
006 (9571544.000.000) 04/04 20:05:30 Image size of job updated: 7446504
	4666  -  MemoryUsage of job (MB)
	4777572  -  ResidentSetSize of job (KB)
...
006 (9571544.000.000) 04/04 20:10:30 Image size of job updated: 7508752
	4752  -  MemoryUsage of job (MB)
	4865876  -  ResidentSetSize of job (KB)
...
006 (9571544.000.000) 04/04 20:15:30 Image size of job updated: 7569700
	4840  -  MemoryUsage of job (MB)
	4955704  -  ResidentSetSize of job (KB)
...
006 (9571544.000.000) 04/04 20:20:31 Image size of job updated: 7632336
	4929  -  MemoryUsage of job (MB)
	5046440  -  ResidentSetSize of job (KB)
...
006 (9571544.000.000) 04/04 20:25:32 Image size of job updated: 7688300
	5009  -  MemoryUsage of job (MB)
	5128912  -  ResidentSetSize of job (KB)
...
006 (9571544.000.000) 04/04 20:30:32 Image size of job updated: 7745108
	5087  -  MemoryUsage of job (MB)
	5208768  -  ResidentSetSize of job (KB)
...
006 (9571544.000.000) 04/04 20:35:32 Image size of job updated: 7799256
	5164  -  MemoryUsage of job (MB)
	5287636  -  ResidentSetSize of job (KB)
...
006 (9571544.000.000) 04/04 20:40:33 Image size of job updated: 7853536
	5241  -  MemoryUsage of job (MB)
	5366628  -  ResidentSetSize of job (KB)
...
006 (9571544.000.000) 04/04 20:45:33 Image size of job updated: 7907560
	5318  -  MemoryUsage of job (MB)
	5445608  -  ResidentSetSize of job (KB)
...
006 (9571544.000.000) 04/04 20:50:33 Image size of job updated: 7907560
	5641  -  MemoryUsage of job (MB)
	5775828  -  ResidentSetSize of job (KB)
...
006 (9571544.000.000) 04/04 20:55:34 Image size of job updated: 8095980
	5641  -  MemoryUsage of job (MB)
	5775828  -  ResidentSetSize of job (KB)
...
006 (9571544.000.000) 04/04 21:00:35 Image size of job updated: 8095980
	5982  -  MemoryUsage of job (MB)
	6124928  -  ResidentSetSize of job (KB)
...
006 (9571544.000.000) 04/04 21:02:32 Image size of job updated: 8152032
	5982  -  MemoryUsage of job (MB)
	6124928  -  ResidentSetSize of job (KB)
...
040 (9571544.000.000) 04/04 21:02:32 Started transferring output files
...
040 (9571544.000.000) 04/04 21:02:32 Finished transferring output files
...
005 (9571544.000.000) 04/04 21:02:32 Job terminated.
	(1) Normal termination (return value 0)
		Usr 0 02:55:35, Sys 0 00:00:40  -  Run Remote Usage
		Usr 0 00:00:00, Sys 0 00:00:00  -  Run Local Usage
		Usr 0 02:55:35, Sys 0 00:00:40  -  Total Remote Usage
		Usr 0 00:00:00, Sys 0 00:00:00  -  Total Local Usage
	13958  -  Run Bytes Sent By Job
	247  -  Run Bytes Received By Job
	13958  -  Total Bytes Sent By Job
	247  -  Total Bytes Received By Job
	Partitionable Resources :    Usage  Request Allocated 
	   Cpus                 :     1.00        1         1 
	   Disk (KB)            :   479           1   1356441 
	   Memory (MB)          :  5982        2000      2000 

	Job terminated of its own accord at 2024-04-04T19:02:32Z.
...
