000 (9571572.000.000) 04/04 12:18:41 Job submitted from host: <137.138.156.150:9618?addrs=137.138.156.150-9618+[2001-1458-d00-14--9a]-9618&alias=bigbird13.cern.ch&noUDP&sock=schedd_5144_ef43>
...
040 (9571572.000.000) 04/04 18:05:04 Started transferring input files
	Transferring to host: <128.142.56.111:9618?addrs=128.142.56.111-9618&alias=b7s01p8175.cern.ch&noUDP&sock=slot1_24_6933_acf3_93146>
...
040 (9571572.000.000) 04/04 18:05:04 Finished transferring input files
...
001 (9571572.000.000) 04/04 18:05:05 Job executing on host: <128.142.56.111:9618?addrs=128.142.56.111-9618&alias=b7s01p8175.cern.ch&noUDP&sock=startd_6866_1558>
...
006 (9571572.000.000) 04/04 18:05:13 Image size of job updated: 1035004
	162  -  MemoryUsage of job (MB)
	165400  -  ResidentSetSize of job (KB)
...
006 (9571572.000.000) 04/04 18:10:13 Image size of job updated: 4934152
	2709  -  MemoryUsage of job (MB)
	2773804  -  ResidentSetSize of job (KB)
...
006 (9571572.000.000) 04/04 18:15:14 Image size of job updated: 5011700
	2777  -  MemoryUsage of job (MB)
	2842884  -  ResidentSetSize of job (KB)
...
006 (9571572.000.000) 04/04 18:20:14 Image size of job updated: 5158384
	2872  -  MemoryUsage of job (MB)
	2940628  -  ResidentSetSize of job (KB)
...
006 (9571572.000.000) 04/04 18:25:14 Image size of job updated: 5198808
	2937  -  MemoryUsage of job (MB)
	3007444  -  ResidentSetSize of job (KB)
...
006 (9571572.000.000) 04/04 18:30:15 Image size of job updated: 5253472
	3016  -  MemoryUsage of job (MB)
	3087828  -  ResidentSetSize of job (KB)
...
006 (9571572.000.000) 04/04 18:35:16 Image size of job updated: 5454820
	3093  -  MemoryUsage of job (MB)
	3166620  -  ResidentSetSize of job (KB)
...
006 (9571572.000.000) 04/04 18:40:16 Image size of job updated: 5511856
	3172  -  MemoryUsage of job (MB)
	3247508  -  ResidentSetSize of job (KB)
...
006 (9571572.000.000) 04/04 18:45:16 Image size of job updated: 5566780
	3251  -  MemoryUsage of job (MB)
	3328992  -  ResidentSetSize of job (KB)
...
006 (9571572.000.000) 04/04 18:50:17 Image size of job updated: 5623424
	3331  -  MemoryUsage of job (MB)
	3410772  -  ResidentSetSize of job (KB)
...
006 (9571572.000.000) 04/04 18:55:18 Image size of job updated: 5680844
	3413  -  MemoryUsage of job (MB)
	3494092  -  ResidentSetSize of job (KB)
...
006 (9571572.000.000) 04/04 19:00:18 Image size of job updated: 5738268
	3494  -  MemoryUsage of job (MB)
	3577676  -  ResidentSetSize of job (KB)
...
006 (9571572.000.000) 04/04 19:05:19 Image size of job updated: 6090988
	3576  -  MemoryUsage of job (MB)
	3661456  -  ResidentSetSize of job (KB)
...
006 (9571572.000.000) 04/04 19:10:20 Image size of job updated: 6146952
	3657  -  MemoryUsage of job (MB)
	3744016  -  ResidentSetSize of job (KB)
...
006 (9571572.000.000) 04/04 19:15:20 Image size of job updated: 6203988
	3736  -  MemoryUsage of job (MB)
	3825616  -  ResidentSetSize of job (KB)
...
006 (9571572.000.000) 04/04 19:20:20 Image size of job updated: 6262044
	3817  -  MemoryUsage of job (MB)
	3907872  -  ResidentSetSize of job (KB)
...
006 (9571572.000.000) 04/04 19:25:21 Image size of job updated: 6317488
	3896  -  MemoryUsage of job (MB)
	3989420  -  ResidentSetSize of job (KB)
...
006 (9571572.000.000) 04/04 19:30:22 Image size of job updated: 6372156
	3975  -  MemoryUsage of job (MB)
	4069472  -  ResidentSetSize of job (KB)
...
006 (9571572.000.000) 04/04 19:35:22 Image size of job updated: 6434536
	4064  -  MemoryUsage of job (MB)
	4160648  -  ResidentSetSize of job (KB)
...
006 (9571572.000.000) 04/04 19:40:22 Image size of job updated: 6500928
	4160  -  MemoryUsage of job (MB)
	4258860  -  ResidentSetSize of job (KB)
...
006 (9571572.000.000) 04/04 19:45:23 Image size of job updated: 6568160
	4257  -  MemoryUsage of job (MB)
	4359100  -  ResidentSetSize of job (KB)
...
006 (9571572.000.000) 04/04 19:50:23 Image size of job updated: 6637984
	4356  -  MemoryUsage of job (MB)
	4460396  -  ResidentSetSize of job (KB)
...
006 (9571572.000.000) 04/04 19:55:23 Image size of job updated: 6705284
	4454  -  MemoryUsage of job (MB)
	4560688  -  ResidentSetSize of job (KB)
...
006 (9571572.000.000) 04/04 20:00:24 Image size of job updated: 7363248
	4550  -  MemoryUsage of job (MB)
	4658684  -  ResidentSetSize of job (KB)
...
006 (9571572.000.000) 04/04 20:05:25 Image size of job updated: 7428864
	4644  -  MemoryUsage of job (MB)
	4755224  -  ResidentSetSize of job (KB)
...
006 (9571572.000.000) 04/04 20:10:25 Image size of job updated: 7497524
	4742  -  MemoryUsage of job (MB)
	4854904  -  ResidentSetSize of job (KB)
...
006 (9571572.000.000) 04/04 20:15:26 Image size of job updated: 7563916
	4837  -  MemoryUsage of job (MB)
	4952796  -  ResidentSetSize of job (KB)
...
006 (9571572.000.000) 04/04 20:20:27 Image size of job updated: 7629596
	4928  -  MemoryUsage of job (MB)
	5045464  -  ResidentSetSize of job (KB)
...
006 (9571572.000.000) 04/04 20:25:27 Image size of job updated: 7685040
	5007  -  MemoryUsage of job (MB)
	5126852  -  ResidentSetSize of job (KB)
...
006 (9571572.000.000) 04/04 20:30:27 Image size of job updated: 7740096
	5086  -  MemoryUsage of job (MB)
	5207408  -  ResidentSetSize of job (KB)
...
006 (9571572.000.000) 04/04 20:35:28 Image size of job updated: 7796060
	5166  -  MemoryUsage of job (MB)
	5289796  -  ResidentSetSize of job (KB)
...
006 (9571572.000.000) 04/04 20:40:29 Image size of job updated: 7850344
	5244  -  MemoryUsage of job (MB)
	5369384  -  ResidentSetSize of job (KB)
...
006 (9571572.000.000) 04/04 20:45:29 Image size of job updated: 7904236
	5321  -  MemoryUsage of job (MB)
	5447992  -  ResidentSetSize of job (KB)
...
006 (9571572.000.000) 04/04 20:50:30 Image size of job updated: 7926972
	5321  -  MemoryUsage of job (MB)
	5447992  -  ResidentSetSize of job (KB)
...
006 (9571572.000.000) 04/04 20:55:31 Image size of job updated: 8133068
	5321  -  MemoryUsage of job (MB)
	5447992  -  ResidentSetSize of job (KB)
...
006 (9571572.000.000) 04/04 21:00:31 Image size of job updated: 8133068
	5515  -  MemoryUsage of job (MB)
	5646524  -  ResidentSetSize of job (KB)
...
006 (9571572.000.000) 04/04 21:05:31 Image size of job updated: 8136132
	6184  -  MemoryUsage of job (MB)
	6331672  -  ResidentSetSize of job (KB)
...
040 (9571572.000.000) 04/04 21:10:46 Started transferring output files
...
040 (9571572.000.000) 04/04 21:10:46 Finished transferring output files
...
005 (9571572.000.000) 04/04 21:10:46 Job terminated.
	(1) Normal termination (return value 0)
		Usr 0 03:04:24, Sys 0 00:01:02  -  Run Remote Usage
		Usr 0 00:00:00, Sys 0 00:00:00  -  Run Local Usage
		Usr 0 03:04:24, Sys 0 00:01:02  -  Total Remote Usage
		Usr 0 00:00:00, Sys 0 00:00:00  -  Total Local Usage
	13944  -  Run Bytes Sent By Job
	245  -  Run Bytes Received By Job
	13944  -  Total Bytes Sent By Job
	245  -  Total Bytes Received By Job
	Partitionable Resources :    Usage  Request Allocated 
	   Cpus                 :     1.00        1         1 
	   Disk (KB)            :  7904           1   1267597 
	   Memory (MB)          :  6184        2000      2000 

	Job terminated of its own accord at 2024-04-04T19:10:46Z.
...
