000 (9571628.000.000) 04/04 12:21:38 Job submitted from host: <137.138.156.150:9618?addrs=137.138.156.150-9618+[2001-1458-d00-14--9a]-9618&alias=bigbird13.cern.ch&noUDP&sock=schedd_5144_ef43>
...
040 (9571628.000.000) 04/04 18:42:27 Started transferring input files
	Transferring to host: <128.142.57.18:9618?addrs=128.142.57.18-9618+[2001-1458-301-7--100-11]-9618&alias=b7s02p8306.cern.ch&noUDP&sock=slot1_8_3381_f863_10834>
...
040 (9571628.000.000) 04/04 18:42:27 Finished transferring input files
...
001 (9571628.000.000) 04/04 18:42:28 Job executing on host: <128.142.57.18:9618?addrs=128.142.57.18-9618+[2001-1458-301-7--100-11]-9618&alias=b7s02p8306.cern.ch&noUDP&sock=startd_2891_9063>
...
006 (9571628.000.000) 04/04 18:42:37 Image size of job updated: 1154276
	183  -  MemoryUsage of job (MB)
	187120  -  ResidentSetSize of job (KB)
...
006 (9571628.000.000) 04/04 18:47:38 Image size of job updated: 4923440
	2695  -  MemoryUsage of job (MB)
	2759252  -  ResidentSetSize of job (KB)
...
006 (9571628.000.000) 04/04 18:52:38 Image size of job updated: 5016088
	2779  -  MemoryUsage of job (MB)
	2845172  -  ResidentSetSize of job (KB)
...
006 (9571628.000.000) 04/04 18:57:38 Image size of job updated: 5157180
	2874  -  MemoryUsage of job (MB)
	2942820  -  ResidentSetSize of job (KB)
...
006 (9571628.000.000) 04/04 19:02:39 Image size of job updated: 5220172
	2964  -  MemoryUsage of job (MB)
	3035040  -  ResidentSetSize of job (KB)
...
006 (9571628.000.000) 04/04 19:07:39 Image size of job updated: 5433532
	3058  -  MemoryUsage of job (MB)
	3130704  -  ResidentSetSize of job (KB)
...
006 (9571628.000.000) 04/04 19:12:40 Image size of job updated: 5497332
	3149  -  MemoryUsage of job (MB)
	3224184  -  ResidentSetSize of job (KB)
...
006 (9571628.000.000) 04/04 19:17:41 Image size of job updated: 5561784
	3241  -  MemoryUsage of job (MB)
	3318584  -  ResidentSetSize of job (KB)
...
006 (9571628.000.000) 04/04 19:22:41 Image size of job updated: 5627172
	3334  -  MemoryUsage of job (MB)
	3413084  -  ResidentSetSize of job (KB)
...
006 (9571628.000.000) 04/04 19:27:41 Image size of job updated: 5686276
	3422  -  MemoryUsage of job (MB)
	3503948  -  ResidentSetSize of job (KB)
...
006 (9571628.000.000) 04/04 19:32:42 Image size of job updated: 5748392
	3510  -  MemoryUsage of job (MB)
	3593556  -  ResidentSetSize of job (KB)
...
006 (9571628.000.000) 04/04 19:37:42 Image size of job updated: 6104776
	3596  -  MemoryUsage of job (MB)
	3681896  -  ResidentSetSize of job (KB)
...
006 (9571628.000.000) 04/04 19:42:42 Image size of job updated: 6166632
	3683  -  MemoryUsage of job (MB)
	3771264  -  ResidentSetSize of job (KB)
...
006 (9571628.000.000) 04/04 19:47:43 Image size of job updated: 6230424
	3771  -  MemoryUsage of job (MB)
	3861404  -  ResidentSetSize of job (KB)
...
006 (9571628.000.000) 04/04 19:52:44 Image size of job updated: 6286256
	3852  -  MemoryUsage of job (MB)
	3943988  -  ResidentSetSize of job (KB)
...
006 (9571628.000.000) 04/04 19:57:44 Image size of job updated: 6341056
	3930  -  MemoryUsage of job (MB)
	4024272  -  ResidentSetSize of job (KB)
...
006 (9571628.000.000) 04/04 20:02:45 Image size of job updated: 6394816
	4010  -  MemoryUsage of job (MB)
	4105620  -  ResidentSetSize of job (KB)
...
006 (9571628.000.000) 04/04 20:07:46 Image size of job updated: 6454084
	4089  -  MemoryUsage of job (MB)
	4186876  -  ResidentSetSize of job (KB)
...
006 (9571628.000.000) 04/04 20:12:46 Image size of job updated: 6508752
	4171  -  MemoryUsage of job (MB)
	4270320  -  ResidentSetSize of job (KB)
...
006 (9571628.000.000) 04/04 20:17:47 Image size of job updated: 6564716
	4252  -  MemoryUsage of job (MB)
	4353348  -  ResidentSetSize of job (KB)
...
006 (9571628.000.000) 04/04 20:22:48 Image size of job updated: 6623596
	4334  -  MemoryUsage of job (MB)
	4437064  -  ResidentSetSize of job (KB)
...
006 (9571628.000.000) 04/04 20:27:48 Image size of job updated: 6680080
	4414  -  MemoryUsage of job (MB)
	4519732  -  ResidentSetSize of job (KB)
...
006 (9571628.000.000) 04/04 20:32:48 Image size of job updated: 7325736
	4494  -  MemoryUsage of job (MB)
	4601116  -  ResidentSetSize of job (KB)
...
006 (9571628.000.000) 04/04 20:37:50 Image size of job updated: 7380404
	4572  -  MemoryUsage of job (MB)
	4681096  -  ResidentSetSize of job (KB)
...
006 (9571628.000.000) 04/04 20:42:50 Image size of job updated: 7437984
	4651  -  MemoryUsage of job (MB)
	4761624  -  ResidentSetSize of job (KB)
...
006 (9571628.000.000) 04/04 20:47:50 Image size of job updated: 7492652
	4729  -  MemoryUsage of job (MB)
	4842020  -  ResidentSetSize of job (KB)
...
006 (9571628.000.000) 04/04 20:52:51 Image size of job updated: 7545636
	4808  -  MemoryUsage of job (MB)
	4922792  -  ResidentSetSize of job (KB)
...
006 (9571628.000.000) 04/04 20:57:52 Image size of job updated: 7600304
	4885  -  MemoryUsage of job (MB)
	5001768  -  ResidentSetSize of job (KB)
...
006 (9571628.000.000) 04/04 21:02:52 Image size of job updated: 7655492
	4964  -  MemoryUsage of job (MB)
	5082772  -  ResidentSetSize of job (KB)
...
006 (9571628.000.000) 04/04 21:07:53 Image size of job updated: 7711068
	5044  -  MemoryUsage of job (MB)
	5164976  -  ResidentSetSize of job (KB)
...
006 (9571628.000.000) 04/04 21:12:54 Image size of job updated: 7769428
	5125  -  MemoryUsage of job (MB)
	5247904  -  ResidentSetSize of job (KB)
...
006 (9571628.000.000) 04/04 21:17:54 Image size of job updated: 7825392
	5205  -  MemoryUsage of job (MB)
	5329808  -  ResidentSetSize of job (KB)
...
006 (9571628.000.000) 04/04 21:22:54 Image size of job updated: 7883496
	5285  -  MemoryUsage of job (MB)
	5411716  -  ResidentSetSize of job (KB)
...
006 (9571628.000.000) 04/04 21:27:55 Image size of job updated: 7898196
	5285  -  MemoryUsage of job (MB)
	5411716  -  ResidentSetSize of job (KB)
...
006 (9571628.000.000) 04/04 21:32:56 Image size of job updated: 8100472
	5285  -  MemoryUsage of job (MB)
	5411716  -  ResidentSetSize of job (KB)
...
006 (9571628.000.000) 04/04 21:37:56 Image size of job updated: 8100472
	5965  -  MemoryUsage of job (MB)
	6107904  -  ResidentSetSize of job (KB)
...
006 (9571628.000.000) 04/04 21:42:14 Image size of job updated: 8130768
	5965  -  MemoryUsage of job (MB)
	6107904  -  ResidentSetSize of job (KB)
...
040 (9571628.000.000) 04/04 21:42:14 Started transferring output files
...
040 (9571628.000.000) 04/04 21:42:14 Finished transferring output files
...
005 (9571628.000.000) 04/04 21:42:14 Job terminated.
	(1) Normal termination (return value 0)
		Usr 0 02:57:38, Sys 0 00:01:48  -  Run Remote Usage
		Usr 0 00:00:00, Sys 0 00:00:00  -  Run Local Usage
		Usr 0 02:57:38, Sys 0 00:01:48  -  Total Remote Usage
		Usr 0 00:00:00, Sys 0 00:00:00  -  Total Local Usage
	13956  -  Run Bytes Sent By Job
	247  -  Run Bytes Received By Job
	13956  -  Total Bytes Sent By Job
	247  -  Total Bytes Received By Job
	Partitionable Resources :    Usage  Request Allocated 
	   Cpus                 :     1.00        1         1 
	   Disk (KB)            :  1328           1   1303151 
	   Memory (MB)          :  5965        2000      2000 

	Job terminated of its own accord at 2024-04-04T19:42:14Z.
...
