000 (9571578.000.000) 04/04 12:18:54 Job submitted from host: <137.138.156.150:9618?addrs=137.138.156.150-9618+[2001-1458-d00-14--9a]-9618&alias=bigbird13.cern.ch&noUDP&sock=schedd_5144_ef43>
...
040 (9571578.000.000) 04/04 18:05:06 Started transferring input files
	Transferring to host: <128.142.58.152:9618?addrs=128.142.58.152-9618+[2001-1458-301-16--100-97]-9618&alias=b7s03p4688.cern.ch&noUDP&sock=slot1_10_3277_b15e_13802>
...
040 (9571578.000.000) 04/04 18:05:06 Finished transferring input files
...
001 (9571578.000.000) 04/04 18:05:07 Job executing on host: <128.142.58.152:9618?addrs=128.142.58.152-9618+[2001-1458-301-16--100-97]-9618&alias=b7s03p4688.cern.ch&noUDP&sock=startd_2735_8f9c>
...
006 (9571578.000.000) 04/04 18:05:15 Image size of job updated: 227164
	222  -  MemoryUsage of job (MB)
	226980  -  ResidentSetSize of job (KB)
...
006 (9571578.000.000) 04/04 18:10:15 Image size of job updated: 4940576
	2709  -  MemoryUsage of job (MB)
	2773860  -  ResidentSetSize of job (KB)
...
006 (9571578.000.000) 04/04 18:15:16 Image size of job updated: 5033608
	2795  -  MemoryUsage of job (MB)
	2861776  -  ResidentSetSize of job (KB)
...
006 (9571578.000.000) 04/04 18:20:17 Image size of job updated: 5179144
	2895  -  MemoryUsage of job (MB)
	2964096  -  ResidentSetSize of job (KB)
...
006 (9571578.000.000) 04/04 18:25:17 Image size of job updated: 5243292
	2987  -  MemoryUsage of job (MB)
	3058388  -  ResidentSetSize of job (KB)
...
006 (9571578.000.000) 04/04 18:30:18 Image size of job updated: 5458336
	3085  -  MemoryUsage of job (MB)
	3158232  -  ResidentSetSize of job (KB)
...
006 (9571578.000.000) 04/04 18:35:19 Image size of job updated: 5527384
	3181  -  MemoryUsage of job (MB)
	3257240  -  ResidentSetSize of job (KB)
...
006 (9571578.000.000) 04/04 18:40:19 Image size of job updated: 5595232
	3278  -  MemoryUsage of job (MB)
	3356300  -  ResidentSetSize of job (KB)
...
006 (9571578.000.000) 04/04 18:45:19 Image size of job updated: 5663212
	3375  -  MemoryUsage of job (MB)
	3455292  -  ResidentSetSize of job (KB)
...
006 (9571578.000.000) 04/04 18:50:20 Image size of job updated: 5731060
	3472  -  MemoryUsage of job (MB)
	3554660  -  ResidentSetSize of job (KB)
...
006 (9571578.000.000) 04/04 18:55:20 Image size of job updated: 6093564
	3569  -  MemoryUsage of job (MB)
	3653788  -  ResidentSetSize of job (KB)
...
006 (9571578.000.000) 04/04 19:00:20 Image size of job updated: 6162484
	3665  -  MemoryUsage of job (MB)
	3752816  -  ResidentSetSize of job (KB)
...
006 (9571578.000.000) 04/04 19:05:21 Image size of job updated: 6230028
	3762  -  MemoryUsage of job (MB)
	3851636  -  ResidentSetSize of job (KB)
...
006 (9571578.000.000) 04/04 19:10:22 Image size of job updated: 6294868
	3854  -  MemoryUsage of job (MB)
	3946212  -  ResidentSetSize of job (KB)
...
006 (9571578.000.000) 04/04 19:15:22 Image size of job updated: 6353616
	3936  -  MemoryUsage of job (MB)
	4030108  -  ResidentSetSize of job (KB)
...
006 (9571578.000.000) 04/04 19:20:22 Image size of job updated: 6409968
	4021  -  MemoryUsage of job (MB)
	4117088  -  ResidentSetSize of job (KB)
...
006 (9571578.000.000) 04/04 19:25:23 Image size of job updated: 6473508
	4112  -  MemoryUsage of job (MB)
	4210416  -  ResidentSetSize of job (KB)
...
006 (9571578.000.000) 04/04 19:30:24 Image size of job updated: 6539968
	4204  -  MemoryUsage of job (MB)
	4304608  -  ResidentSetSize of job (KB)
...
006 (9571578.000.000) 04/04 19:35:24 Image size of job updated: 6605196
	4298  -  MemoryUsage of job (MB)
	4400480  -  ResidentSetSize of job (KB)
...
006 (9571578.000.000) 04/04 19:40:24 Image size of job updated: 6673336
	4392  -  MemoryUsage of job (MB)
	4496644  -  ResidentSetSize of job (KB)
...
006 (9571578.000.000) 04/04 19:45:25 Image size of job updated: 7328388
	4486  -  MemoryUsage of job (MB)
	4593408  -  ResidentSetSize of job (KB)
...
006 (9571578.000.000) 04/04 19:50:25 Image size of job updated: 7392704
	4579  -  MemoryUsage of job (MB)
	4688112  -  ResidentSetSize of job (KB)
...
006 (9571578.000.000) 04/04 19:55:25 Image size of job updated: 7450288
	4657  -  MemoryUsage of job (MB)
	4768760  -  ResidentSetSize of job (KB)
...
006 (9571578.000.000) 04/04 20:00:26 Image size of job updated: 7501132
	4733  -  MemoryUsage of job (MB)
	4845880  -  ResidentSetSize of job (KB)
...
006 (9571578.000.000) 04/04 20:05:27 Image size of job updated: 7554248
	4807  -  MemoryUsage of job (MB)
	4921912  -  ResidentSetSize of job (KB)
...
006 (9571578.000.000) 04/04 20:10:27 Image size of job updated: 7604252
	4881  -  MemoryUsage of job (MB)
	4997328  -  ResidentSetSize of job (KB)
...
006 (9571578.000.000) 04/04 20:15:28 Image size of job updated: 7659308
	4956  -  MemoryUsage of job (MB)
	5074324  -  ResidentSetSize of job (KB)
...
006 (9571578.000.000) 04/04 20:20:29 Image size of job updated: 7709444
	5029  -  MemoryUsage of job (MB)
	5149284  -  ResidentSetSize of job (KB)
...
006 (9571578.000.000) 04/04 20:25:29 Image size of job updated: 7760812
	5104  -  MemoryUsage of job (MB)
	5226256  -  ResidentSetSize of job (KB)
...
006 (9571578.000.000) 04/04 20:30:30 Image size of job updated: 7814052
	5180  -  MemoryUsage of job (MB)
	5303360  -  ResidentSetSize of job (KB)
...
006 (9571578.000.000) 04/04 20:35:31 Image size of job updated: 7866780
	5254  -  MemoryUsage of job (MB)
	5379964  -  ResidentSetSize of job (KB)
...
006 (9571578.000.000) 04/04 20:40:31 Image size of job updated: 7918856
	5328  -  MemoryUsage of job (MB)
	5455160  -  ResidentSetSize of job (KB)
...
006 (9571578.000.000) 04/04 20:45:31 Image size of job updated: 7939064
	5328  -  MemoryUsage of job (MB)
	5455172  -  ResidentSetSize of job (KB)
...
006 (9571578.000.000) 04/04 20:50:32 Image size of job updated: 8291496
	5328  -  MemoryUsage of job (MB)
	5455172  -  ResidentSetSize of job (KB)
...
006 (9571578.000.000) 04/04 21:00:32 Image size of job updated: 8291496
	6028  -  MemoryUsage of job (MB)
	6171860  -  ResidentSetSize of job (KB)
...
040 (9571578.000.000) 04/04 21:02:37 Started transferring output files
...
040 (9571578.000.000) 04/04 21:02:38 Finished transferring output files
...
005 (9571578.000.000) 04/04 21:02:38 Job terminated.
	(1) Normal termination (return value 0)
		Usr 0 02:56:12, Sys 0 00:00:32  -  Run Remote Usage
		Usr 0 00:00:00, Sys 0 00:00:00  -  Run Local Usage
		Usr 0 02:56:12, Sys 0 00:00:32  -  Total Remote Usage
		Usr 0 00:00:00, Sys 0 00:00:00  -  Total Local Usage
	13940  -  Run Bytes Sent By Job
	245  -  Run Bytes Received By Job
	13940  -  Total Bytes Sent By Job
	245  -  Total Bytes Received By Job
	Partitionable Resources :    Usage  Request Allocated 
	   Cpus                 :     1.00        1         1 
	   Disk (KB)            :  1590           1   1291560 
	   Memory (MB)          :  6028        2000      2000 

	Job terminated of its own accord at 2024-04-04T19:02:33Z.
...
