000 (9701464.000.000) 04/30 14:27:34 Job submitted from host: <137.138.156.150:9618?addrs=137.138.156.150-9618+[2001-1458-d00-14--9a]-9618&alias=bigbird13.cern.ch&noUDP&sock=schedd_2138_1192>
...
040 (9701464.000.000) 04/30 14:29:15 Started transferring input files
	Transferring to host: <128.142.62.20:9618?addrs=128.142.62.20-9618+[2001-1458-301-37--100-13]-9618&alias=b9s07p6322.cern.ch&noUDP&sock=slot1_19_3886_c9d7_25637>
...
040 (9701464.000.000) 04/30 14:29:15 Finished transferring input files
...
001 (9701464.000.000) 04/30 14:29:16 Job executing on host: <128.142.62.20:9618?addrs=128.142.62.20-9618+[2001-1458-301-37--100-13]-9618&alias=b9s07p6322.cern.ch&noUDP&sock=startd_3222_9a3c>
...
006 (9701464.000.000) 04/30 14:29:25 Image size of job updated: 7732
	8  -  MemoryUsage of job (MB)
	7700  -  ResidentSetSize of job (KB)
...
006 (9701464.000.000) 04/30 14:34:26 Image size of job updated: 264840
	259  -  MemoryUsage of job (MB)
	264840  -  ResidentSetSize of job (KB)
...
006 (9701464.000.000) 04/30 14:39:27 Image size of job updated: 514872
	503  -  MemoryUsage of job (MB)
	514812  -  ResidentSetSize of job (KB)
...
006 (9701464.000.000) 04/30 14:44:27 Image size of job updated: 2465640
	2407  -  MemoryUsage of job (MB)
	2464532  -  ResidentSetSize of job (KB)
...
006 (9701464.000.000) 04/30 14:49:27 Image size of job updated: 2556728
	2407  -  MemoryUsage of job (MB)
	2464532  -  ResidentSetSize of job (KB)
...
006 (9701464.000.000) 04/30 15:04:28 Image size of job updated: 2556728
	2411  -  MemoryUsage of job (MB)
	2467944  -  ResidentSetSize of job (KB)
...
006 (9701464.000.000) 04/30 15:09:29 Image size of job updated: 2604268
	2542  -  MemoryUsage of job (MB)
	2602760  -  ResidentSetSize of job (KB)
...
006 (9701464.000.000) 04/30 15:14:30 Image size of job updated: 2675508
	2612  -  MemoryUsage of job (MB)
	2674188  -  ResidentSetSize of job (KB)
...
006 (9701464.000.000) 04/30 15:19:30 Image size of job updated: 2803216
	2736  -  MemoryUsage of job (MB)
	2801368  -  ResidentSetSize of job (KB)
...
006 (9701464.000.000) 04/30 15:24:31 Image size of job updated: 2849988
	2783  -  MemoryUsage of job (MB)
	2849764  -  ResidentSetSize of job (KB)
...
006 (9701464.000.000) 04/30 15:29:32 Image size of job updated: 2950644
	2851  -  MemoryUsage of job (MB)
	2918440  -  ResidentSetSize of job (KB)
...
006 (9701464.000.000) 04/30 15:34:32 Image size of job updated: 3093480
	3018  -  MemoryUsage of job (MB)
	3089460  -  ResidentSetSize of job (KB)
...
006 (9701464.000.000) 04/30 15:39:32 Image size of job updated: 3135448
	3062  -  MemoryUsage of job (MB)
	3134556  -  ResidentSetSize of job (KB)
...
006 (9701464.000.000) 04/30 15:44:33 Image size of job updated: 3287220
	3210  -  MemoryUsage of job (MB)
	3286240  -  ResidentSetSize of job (KB)
...
006 (9701464.000.000) 04/30 15:49:33 Image size of job updated: 3409888
	3329  -  MemoryUsage of job (MB)
	3408572  -  ResidentSetSize of job (KB)
...
006 (9701464.000.000) 04/30 15:54:33 Image size of job updated: 3451704
	3371  -  MemoryUsage of job (MB)
	3450976  -  ResidentSetSize of job (KB)
...
006 (9701464.000.000) 04/30 15:59:34 Image size of job updated: 3556680
	3473  -  MemoryUsage of job (MB)
	3555560  -  ResidentSetSize of job (KB)
...
006 (9701464.000.000) 04/30 16:04:35 Image size of job updated: 3610328
	3525  -  MemoryUsage of job (MB)
	3609220  -  ResidentSetSize of job (KB)
...
006 (9701464.000.000) 04/30 16:09:35 Image size of job updated: 3790124
	3700  -  MemoryUsage of job (MB)
	3788152  -  ResidentSetSize of job (KB)
...
006 (9701464.000.000) 04/30 16:14:35 Image size of job updated: 3913712
	3820  -  MemoryUsage of job (MB)
	3911300  -  ResidentSetSize of job (KB)
...
006 (9701464.000.000) 04/30 16:19:36 Image size of job updated: 3957780
	3865  -  MemoryUsage of job (MB)
	3957036  -  ResidentSetSize of job (KB)
...
006 (9701464.000.000) 04/30 16:24:36 Image size of job updated: 3999692
	3905  -  MemoryUsage of job (MB)
	3997808  -  ResidentSetSize of job (KB)
...
006 (9701464.000.000) 04/30 16:29:36 Image size of job updated: 4144872
	4045  -  MemoryUsage of job (MB)
	4141548  -  ResidentSetSize of job (KB)
...
006 (9701464.000.000) 04/30 16:34:37 Image size of job updated: 4187952
	4088  -  MemoryUsage of job (MB)
	4185360  -  ResidentSetSize of job (KB)
...
006 (9701464.000.000) 04/30 16:39:38 Image size of job updated: 4235884
	4088  -  MemoryUsage of job (MB)
	4185360  -  ResidentSetSize of job (KB)
...
006 (9701464.000.000) 04/30 16:44:38 Image size of job updated: 4250380
	4149  -  MemoryUsage of job (MB)
	4248148  -  ResidentSetSize of job (KB)
...
006 (9701464.000.000) 04/30 16:49:39 Image size of job updated: 4408360
	4229  -  MemoryUsage of job (MB)
	4329940  -  ResidentSetSize of job (KB)
...
006 (9701464.000.000) 04/30 16:54:40 Image size of job updated: 4485384
	4380  -  MemoryUsage of job (MB)
	4484288  -  ResidentSetSize of job (KB)
...
006 (9701464.000.000) 04/30 16:59:40 Image size of job updated: 4609680
	4500  -  MemoryUsage of job (MB)
	4607020  -  ResidentSetSize of job (KB)
...
006 (9701464.000.000) 04/30 17:04:40 Image size of job updated: 4705260
	4594  -  MemoryUsage of job (MB)
	4704124  -  ResidentSetSize of job (KB)
...
006 (9701464.000.000) 04/30 17:09:41 Image size of job updated: 4758028
	4645  -  MemoryUsage of job (MB)
	4755752  -  ResidentSetSize of job (KB)
...
006 (9701464.000.000) 04/30 17:14:41 Image size of job updated: 4795924
	4645  -  MemoryUsage of job (MB)
	4755764  -  ResidentSetSize of job (KB)
...
006 (9701464.000.000) 04/30 17:19:41 Image size of job updated: 4795924
	4660  -  MemoryUsage of job (MB)
	4771492  -  ResidentSetSize of job (KB)
...
006 (9701464.000.000) 04/30 17:24:42 Image size of job updated: 4808092
	4660  -  MemoryUsage of job (MB)
	4771492  -  ResidentSetSize of job (KB)
...
006 (9701464.000.000) 04/30 17:29:43 Image size of job updated: 4822868
	4710  -  MemoryUsage of job (MB)
	4822292  -  ResidentSetSize of job (KB)
...
006 (9701464.000.000) 04/30 17:34:43 Image size of job updated: 4925772
	4761  -  MemoryUsage of job (MB)
	4874776  -  ResidentSetSize of job (KB)
...
006 (9701464.000.000) 04/30 17:39:44 Image size of job updated: 5022448
	4903  -  MemoryUsage of job (MB)
	5020244  -  ResidentSetSize of job (KB)
...
006 (9701464.000.000) 04/30 17:44:45 Image size of job updated: 5137328
	5016  -  MemoryUsage of job (MB)
	5135364  -  ResidentSetSize of job (KB)
...
006 (9701464.000.000) 04/30 17:49:45 Image size of job updated: 5147768
	5025  -  MemoryUsage of job (MB)
	5145356  -  ResidentSetSize of job (KB)
...
006 (9701464.000.000) 04/30 17:54:45 Image size of job updated: 5261724
	5137  -  MemoryUsage of job (MB)
	5260100  -  ResidentSetSize of job (KB)
...
006 (9701464.000.000) 04/30 17:59:46 Image size of job updated: 5384352
	5256  -  MemoryUsage of job (MB)
	5381836  -  ResidentSetSize of job (KB)
...
006 (9701464.000.000) 04/30 18:04:46 Image size of job updated: 5478004
	5349  -  MemoryUsage of job (MB)
	5476408  -  ResidentSetSize of job (KB)
...
006 (9701464.000.000) 04/30 18:09:46 Image size of job updated: 5550172
	5349  -  MemoryUsage of job (MB)
	5476408  -  ResidentSetSize of job (KB)
...
006 (9701464.000.000) 04/30 18:19:48 Image size of job updated: 5578904
	5448  -  MemoryUsage of job (MB)
	5578212  -  ResidentSetSize of job (KB)
...
006 (9701464.000.000) 04/30 18:24:48 Image size of job updated: 5643136
	5485  -  MemoryUsage of job (MB)
	5616328  -  ResidentSetSize of job (KB)
...
006 (9701464.000.000) 04/30 18:29:49 Image size of job updated: 5660760
	5528  -  MemoryUsage of job (MB)
	5660468  -  ResidentSetSize of job (KB)
...
006 (9701464.000.000) 04/30 18:34:50 Image size of job updated: 5782752
	5646  -  MemoryUsage of job (MB)
	5780968  -  ResidentSetSize of job (KB)
...
006 (9701464.000.000) 04/30 18:39:50 Image size of job updated: 5836056
	5697  -  MemoryUsage of job (MB)
	5832920  -  ResidentSetSize of job (KB)
...
006 (9701464.000.000) 04/30 18:44:50 Image size of job updated: 5921912
	5782  -  MemoryUsage of job (MB)
	5920168  -  ResidentSetSize of job (KB)
...
006 (9701464.000.000) 04/30 18:49:51 Image size of job updated: 6044372
	5900  -  MemoryUsage of job (MB)
	6041136  -  ResidentSetSize of job (KB)
...
006 (9701464.000.000) 04/30 18:54:51 Image size of job updated: 6069884
	5900  -  MemoryUsage of job (MB)
	6041136  -  ResidentSetSize of job (KB)
...
006 (9701464.000.000) 04/30 18:59:51 Image size of job updated: 6138084
	5992  -  MemoryUsage of job (MB)
	6135140  -  ResidentSetSize of job (KB)
...
006 (9701464.000.000) 04/30 19:04:52 Image size of job updated: 6242920
	6095  -  MemoryUsage of job (MB)
	6240500  -  ResidentSetSize of job (KB)
...
006 (9701464.000.000) 04/30 19:09:53 Image size of job updated: 6290804
	6142  -  MemoryUsage of job (MB)
	6288492  -  ResidentSetSize of job (KB)
...
006 (9701464.000.000) 04/30 19:14:53 Image size of job updated: 6362704
	6179  -  MemoryUsage of job (MB)
	6327248  -  ResidentSetSize of job (KB)
...
006 (9701464.000.000) 04/30 19:19:54 Image size of job updated: 6414848
	6262  -  MemoryUsage of job (MB)
	6411760  -  ResidentSetSize of job (KB)
...
006 (9701464.000.000) 04/30 19:24:55 Image size of job updated: 6536516
	6382  -  MemoryUsage of job (MB)
	6534224  -  ResidentSetSize of job (KB)
...
006 (9701464.000.000) 04/30 19:29:55 Image size of job updated: 6642344
	6445  -  MemoryUsage of job (MB)
	6598744  -  ResidentSetSize of job (KB)
...
006 (9701464.000.000) 04/30 19:34:55 Image size of job updated: 6642584
	6485  -  MemoryUsage of job (MB)
	6640580  -  ResidentSetSize of job (KB)
...
006 (9701464.000.000) 04/30 19:39:56 Image size of job updated: 6767540
	6608  -  MemoryUsage of job (MB)
	6766016  -  ResidentSetSize of job (KB)
...
006 (9701464.000.000) 04/30 19:44:57 Image size of job updated: 6835072
	6673  -  MemoryUsage of job (MB)
	6832660  -  ResidentSetSize of job (KB)
...
006 (9701464.000.000) 04/30 19:49:57 Image size of job updated: 6985848
	6821  -  MemoryUsage of job (MB)
	6983904  -  ResidentSetSize of job (KB)
...
006 (9701464.000.000) 04/30 19:54:58 Image size of job updated: 7027252
	6862  -  MemoryUsage of job (MB)
	7026404  -  ResidentSetSize of job (KB)
...
006 (9701464.000.000) 04/30 19:59:59 Image size of job updated: 7080164
	6862  -  MemoryUsage of job (MB)
	7026404  -  ResidentSetSize of job (KB)
...
006 (9701464.000.000) 04/30 20:04:59 Image size of job updated: 7113020
	6946  -  MemoryUsage of job (MB)
	7112524  -  ResidentSetSize of job (KB)
...
006 (9701464.000.000) 04/30 20:09:59 Image size of job updated: 7164656
	6997  -  MemoryUsage of job (MB)
	7164656  -  ResidentSetSize of job (KB)
...
006 (9701464.000.000) 04/30 20:15:00 Image size of job updated: 7213308
	7043  -  MemoryUsage of job (MB)
	7211672  -  ResidentSetSize of job (KB)
...
006 (9701464.000.000) 04/30 20:20:00 Image size of job updated: 7341272
	7169  -  MemoryUsage of job (MB)
	7340916  -  ResidentSetSize of job (KB)
...
006 (9701464.000.000) 04/30 20:25:00 Image size of job updated: 7390328
	7216  -  MemoryUsage of job (MB)
	7388664  -  ResidentSetSize of job (KB)
...
006 (9701464.000.000) 04/30 20:30:01 Image size of job updated: 7721588
	7408  -  MemoryUsage of job (MB)
	7585052  -  ResidentSetSize of job (KB)
...
006 (9701464.000.000) 04/30 20:35:02 Image size of job updated: 7721588
	7529  -  MemoryUsage of job (MB)
	7708824  -  ResidentSetSize of job (KB)
...
006 (9701464.000.000) 04/30 20:40:02 Image size of job updated: 7755896
	7572  -  MemoryUsage of job (MB)
	7753220  -  ResidentSetSize of job (KB)
...
006 (9701464.000.000) 04/30 20:45:03 Image size of job updated: 7876380
	7692  -  MemoryUsage of job (MB)
	7876380  -  ResidentSetSize of job (KB)
...
006 (9701464.000.000) 04/30 20:50:04 Image size of job updated: 7948912
	7692  -  MemoryUsage of job (MB)
	7876380  -  ResidentSetSize of job (KB)
...
006 (9701464.000.000) 04/30 20:55:04 Image size of job updated: 8012028
	7823  -  MemoryUsage of job (MB)
	8010540  -  ResidentSetSize of job (KB)
...
006 (9701464.000.000) 04/30 21:00:04 Image size of job updated: 8055724
	7865  -  MemoryUsage of job (MB)
	8053120  -  ResidentSetSize of job (KB)
...
006 (9701464.000.000) 04/30 21:05:05 Image size of job updated: 8189168
	7954  -  MemoryUsage of job (MB)
	8144540  -  ResidentSetSize of job (KB)
...
006 (9701464.000.000) 04/30 21:10:06 Image size of job updated: 8189168
	7994  -  MemoryUsage of job (MB)
	8185072  -  ResidentSetSize of job (KB)
...
006 (9701464.000.000) 04/30 21:15:06 Image size of job updated: 8232452
	8039  -  MemoryUsage of job (MB)
	8231804  -  ResidentSetSize of job (KB)
...
006 (9701464.000.000) 04/30 21:20:07 Image size of job updated: 8351500
	8154  -  MemoryUsage of job (MB)
	8349696  -  ResidentSetSize of job (KB)
...
006 (9701464.000.000) 04/30 21:25:08 Image size of job updated: 8386608
	8154  -  MemoryUsage of job (MB)
	8349696  -  ResidentSetSize of job (KB)
...
006 (9701464.000.000) 04/30 21:35:08 Image size of job updated: 8414904
	8217  -  MemoryUsage of job (MB)
	8413804  -  ResidentSetSize of job (KB)
...
006 (9701464.000.000) 04/30 21:40:09 Image size of job updated: 8565832
	8364  -  MemoryUsage of job (MB)
	8564624  -  ResidentSetSize of job (KB)
...
006 (9701464.000.000) 04/30 21:45:09 Image size of job updated: 8606932
	8405  -  MemoryUsage of job (MB)
	8605844  -  ResidentSetSize of job (KB)
...
006 (9701464.000.000) 04/30 21:50:09 Image size of job updated: 8701980
	8498  -  MemoryUsage of job (MB)
	8701252  -  ResidentSetSize of job (KB)
...
006 (9701464.000.000) 04/30 21:55:10 Image size of job updated: 8761892
	8557  -  MemoryUsage of job (MB)
	8761456  -  ResidentSetSize of job (KB)
...
006 (9701464.000.000) 04/30 22:00:11 Image size of job updated: 8804976
	8597  -  MemoryUsage of job (MB)
	8803300  -  ResidentSetSize of job (KB)
...
006 (9701464.000.000) 04/30 22:05:11 Image size of job updated: 8897108
	8687  -  MemoryUsage of job (MB)
	8894628  -  ResidentSetSize of job (KB)
...
006 (9701464.000.000) 04/30 22:10:12 Image size of job updated: 9018488
	8806  -  MemoryUsage of job (MB)
	9016712  -  ResidentSetSize of job (KB)
...
006 (9701464.000.000) 04/30 22:15:13 Image size of job updated: 9060128
	8847  -  MemoryUsage of job (MB)
	9058424  -  ResidentSetSize of job (KB)
...
006 (9701464.000.000) 04/30 22:20:13 Image size of job updated: 9064600
	8847  -  MemoryUsage of job (MB)
	9058424  -  ResidentSetSize of job (KB)
...
006 (9701464.000.000) 04/30 22:25:13 Image size of job updated: 9070028
	8855  -  MemoryUsage of job (MB)
	9067112  -  ResidentSetSize of job (KB)
...
006 (9701464.000.000) 04/30 22:30:14 Image size of job updated: 9120804
	8855  -  MemoryUsage of job (MB)
	9067112  -  ResidentSetSize of job (KB)
...
006 (9701464.000.000) 04/30 22:35:14 Image size of job updated: 9120804
	8882  -  MemoryUsage of job (MB)
	9094396  -  ResidentSetSize of job (KB)
...
006 (9701464.000.000) 04/30 22:40:14 Image size of job updated: 9203376
	8987  -  MemoryUsage of job (MB)
	9201816  -  ResidentSetSize of job (KB)
...
006 (9701464.000.000) 04/30 22:45:15 Image size of job updated: 9378044
	9157  -  MemoryUsage of job (MB)
	9376388  -  ResidentSetSize of job (KB)
...
006 (9701464.000.000) 04/30 22:50:15 Image size of job updated: 9506780
	9282  -  MemoryUsage of job (MB)
	9504240  -  ResidentSetSize of job (KB)
...
006 (9701464.000.000) 04/30 22:55:15 Image size of job updated: 9580276
	9319  -  MemoryUsage of job (MB)
	9542484  -  ResidentSetSize of job (KB)
...
006 (9701464.000.000) 04/30 23:00:17 Image size of job updated: 9693204
	9464  -  MemoryUsage of job (MB)
	9691052  -  ResidentSetSize of job (KB)
...
006 (9701464.000.000) 04/30 23:05:17 Image size of job updated: 9718392
	9464  -  MemoryUsage of job (MB)
	9691060  -  ResidentSetSize of job (KB)
...
006 (9701464.000.000) 04/30 23:15:18 Image size of job updated: 9732968
	9503  -  MemoryUsage of job (MB)
	9730556  -  ResidentSetSize of job (KB)
...
006 (9701464.000.000) 04/30 23:20:19 Image size of job updated: 9787912
	9557  -  MemoryUsage of job (MB)
	9785928  -  ResidentSetSize of job (KB)
...
006 (9701464.000.000) 04/30 23:25:19 Image size of job updated: 9922976
	9688  -  MemoryUsage of job (MB)
	9920024  -  ResidentSetSize of job (KB)
...
006 (9701464.000.000) 04/30 23:30:20 Image size of job updated: 9962052
	9724  -  MemoryUsage of job (MB)
	9957220  -  ResidentSetSize of job (KB)
...
006 (9701464.000.000) 04/30 23:35:21 Image size of job updated: 10052488
	9815  -  MemoryUsage of job (MB)
	10050008  -  ResidentSetSize of job (KB)
...
006 (9701464.000.000) 04/30 23:40:21 Image size of job updated: 10151700
	9909  -  MemoryUsage of job (MB)
	10146012  -  ResidentSetSize of job (KB)
...
006 (9701464.000.000) 04/30 23:45:21 Image size of job updated: 10195108
	9952  -  MemoryUsage of job (MB)
	10190016  -  ResidentSetSize of job (KB)
...
006 (9701464.000.000) 04/30 23:50:22 Image size of job updated: 10284232
	10043  -  MemoryUsage of job (MB)
	10283132  -  ResidentSetSize of job (KB)
...
006 (9701464.000.000) 04/30 23:55:22 Image size of job updated: 10380764
	10082  -  MemoryUsage of job (MB)
	10323896  -  ResidentSetSize of job (KB)
...
006 (9701464.000.000) 05/01 00:00:22 Image size of job updated: 10380764
	10125  -  MemoryUsage of job (MB)
	10367088  -  ResidentSetSize of job (KB)
...
006 (9701464.000.000) 05/01 00:05:23 Image size of job updated: 10463928
	10214  -  MemoryUsage of job (MB)
	10458784  -  ResidentSetSize of job (KB)
...
006 (9701464.000.000) 05/01 00:10:24 Image size of job updated: 10508860
	10259  -  MemoryUsage of job (MB)
	10505100  -  ResidentSetSize of job (KB)
...
006 (9701464.000.000) 05/01 00:15:24 Image size of job updated: 10626096
	10377  -  MemoryUsage of job (MB)
	10625796  -  ResidentSetSize of job (KB)
...
006 (9701464.000.000) 05/01 00:20:25 Image size of job updated: 10683308
	10431  -  MemoryUsage of job (MB)
	10680756  -  ResidentSetSize of job (KB)
...
006 (9701464.000.000) 05/01 00:25:26 Image size of job updated: 10723516
	10438  -  MemoryUsage of job (MB)
	10687752  -  ResidentSetSize of job (KB)
...
006 (9701464.000.000) 05/01 00:30:26 Image size of job updated: 10730376
	10478  -  MemoryUsage of job (MB)
	10729080  -  ResidentSetSize of job (KB)
...
006 (9701464.000.000) 05/01 00:35:26 Image size of job updated: 10855348
	10601  -  MemoryUsage of job (MB)
	10854548  -  ResidentSetSize of job (KB)
...
006 (9701464.000.000) 05/01 00:40:27 Image size of job updated: 10900664
	10643  -  MemoryUsage of job (MB)
	10898104  -  ResidentSetSize of job (KB)
...
006 (9701464.000.000) 05/01 00:45:27 Image size of job updated: 10963416
	10706  -  MemoryUsage of job (MB)
	10962068  -  ResidentSetSize of job (KB)
...
006 (9701464.000.000) 05/01 00:50:27 Image size of job updated: 10999716
	10740  -  MemoryUsage of job (MB)
	10997568  -  ResidentSetSize of job (KB)
...
006 (9701464.000.000) 05/01 00:55:28 Image size of job updated: 11072972
	10810  -  MemoryUsage of job (MB)
	11068872  -  ResidentSetSize of job (KB)
...
006 (9701464.000.000) 05/01 01:00:29 Image size of job updated: 11114276
	10852  -  MemoryUsage of job (MB)
	11112164  -  ResidentSetSize of job (KB)
...
006 (9701464.000.000) 05/01 01:05:29 Image size of job updated: 11265656
	11000  -  MemoryUsage of job (MB)
	11263432  -  ResidentSetSize of job (KB)
...
006 (9701464.000.000) 05/01 01:10:30 Image size of job updated: 11267688
	11000  -  MemoryUsage of job (MB)
	11263432  -  ResidentSetSize of job (KB)
...
006 (9701464.000.000) 05/01 01:15:31 Image size of job updated: 11371976
	11105  -  MemoryUsage of job (MB)
	11370572  -  ResidentSetSize of job (KB)
...
006 (9701464.000.000) 05/01 01:20:31 Image size of job updated: 11414916
	11147  -  MemoryUsage of job (MB)
	11413760  -  ResidentSetSize of job (KB)
...
006 (9701464.000.000) 05/01 01:25:31 Image size of job updated: 11521452
	11250  -  MemoryUsage of job (MB)
	11519616  -  ResidentSetSize of job (KB)
...
006 (9701464.000.000) 05/01 01:30:32 Image size of job updated: 11592180
	11319  -  MemoryUsage of job (MB)
	11589816  -  ResidentSetSize of job (KB)
...
006 (9701464.000.000) 05/01 01:35:32 Image size of job updated: 11626428
	11353  -  MemoryUsage of job (MB)
	11624576  -  ResidentSetSize of job (KB)
...
006 (9701464.000.000) 05/01 01:40:32 Image size of job updated: 11744204
	11469  -  MemoryUsage of job (MB)
	11743544  -  ResidentSetSize of job (KB)
...
006 (9701464.000.000) 05/01 01:45:33 Image size of job updated: 11784056
	11508  -  MemoryUsage of job (MB)
	11783428  -  ResidentSetSize of job (KB)
...
006 (9701464.000.000) 05/01 01:50:33 Image size of job updated: 11845952
	11567  -  MemoryUsage of job (MB)
	11843828  -  ResidentSetSize of job (KB)
...
006 (9701464.000.000) 05/01 01:55:33 Image size of job updated: 11885436
	11606  -  MemoryUsage of job (MB)
	11883956  -  ResidentSetSize of job (KB)
...
006 (9701464.000.000) 05/01 02:00:34 Image size of job updated: 11954116
	11672  -  MemoryUsage of job (MB)
	11951120  -  ResidentSetSize of job (KB)
...
006 (9701464.000.000) 05/01 02:05:35 Image size of job updated: 11993372
	11711  -  MemoryUsage of job (MB)
	11992012  -  ResidentSetSize of job (KB)
...
006 (9701464.000.000) 05/01 02:10:35 Image size of job updated: 12130712
	11845  -  MemoryUsage of job (MB)
	12128664  -  ResidentSetSize of job (KB)
...
006 (9701464.000.000) 05/01 02:15:36 Image size of job updated: 12559080
	12081  -  MemoryUsage of job (MB)
	12370656  -  ResidentSetSize of job (KB)
...
006 (9701464.000.000) 05/01 02:20:37 Image size of job updated: 12559080
	12182  -  MemoryUsage of job (MB)
	12473680  -  ResidentSetSize of job (KB)
...
006 (9701464.000.000) 05/01 02:25:37 Image size of job updated: 12559080
	12211  -  MemoryUsage of job (MB)
	12503216  -  ResidentSetSize of job (KB)
...
006 (9701464.000.000) 05/01 03:05:41 Image size of job updated: 12559080
	12237  -  MemoryUsage of job (MB)
	12529792  -  ResidentSetSize of job (KB)
...
006 (9701464.000.000) 05/01 03:10:42 Image size of job updated: 12622736
	12325  -  MemoryUsage of job (MB)
	12620560  -  ResidentSetSize of job (KB)
...
006 (9701464.000.000) 05/01 03:15:42 Image size of job updated: 12644408
	12347  -  MemoryUsage of job (MB)
	12642464  -  ResidentSetSize of job (KB)
...
006 (9701464.000.000) 05/01 03:20:42 Image size of job updated: 12652692
	12347  -  MemoryUsage of job (MB)
	12642464  -  ResidentSetSize of job (KB)
...
006 (9701464.000.000) 05/01 03:25:43 Image size of job updated: 12726072
	12428  -  MemoryUsage of job (MB)
	12725640  -  ResidentSetSize of job (KB)
...
006 (9701464.000.000) 05/01 03:30:43 Image size of job updated: 12790936
	12491  -  MemoryUsage of job (MB)
	12790292  -  ResidentSetSize of job (KB)
...
006 (9701464.000.000) 05/01 03:35:43 Image size of job updated: 12857380
	12555  -  MemoryUsage of job (MB)
	12855580  -  ResidentSetSize of job (KB)
...
006 (9701464.000.000) 05/01 03:40:44 Image size of job updated: 12897508
	12595  -  MemoryUsage of job (MB)
	12897232  -  ResidentSetSize of job (KB)
...
006 (9701464.000.000) 05/01 03:45:45 Image size of job updated: 13017480
	12712  -  MemoryUsage of job (MB)
	13016192  -  ResidentSetSize of job (KB)
...
006 (9701464.000.000) 05/01 03:50:45 Image size of job updated: 13058864
	12750  -  MemoryUsage of job (MB)
	13055896  -  ResidentSetSize of job (KB)
...
006 (9701464.000.000) 05/01 03:55:46 Image size of job updated: 13107536
	12800  -  MemoryUsage of job (MB)
	13107048  -  ResidentSetSize of job (KB)
...
006 (9701464.000.000) 05/01 04:00:47 Image size of job updated: 13228360
	12918  -  MemoryUsage of job (MB)
	13227396  -  ResidentSetSize of job (KB)
...
006 (9701464.000.000) 05/01 04:05:47 Image size of job updated: 13270996
	12958  -  MemoryUsage of job (MB)
	13268900  -  ResidentSetSize of job (KB)
...
006 (9701464.000.000) 05/01 04:10:47 Image size of job updated: 13358516
	13046  -  MemoryUsage of job (MB)
	13358368  -  ResidentSetSize of job (KB)
...
006 (9701464.000.000) 05/01 04:15:48 Image size of job updated: 13489368
	13046  -  MemoryUsage of job (MB)
	13358368  -  ResidentSetSize of job (KB)
...
006 (9701464.000.000) 05/01 04:25:48 Image size of job updated: 13489368
	13125  -  MemoryUsage of job (MB)
	13439064  -  ResidentSetSize of job (KB)
...
006 (9701464.000.000) 05/01 04:30:50 Image size of job updated: 13512828
	13194  -  MemoryUsage of job (MB)
	13510460  -  ResidentSetSize of job (KB)
...
006 (9701464.000.000) 05/01 04:35:50 Image size of job updated: 13570360
	13252  -  MemoryUsage of job (MB)
	13569840  -  ResidentSetSize of job (KB)
...
006 (9701464.000.000) 05/01 04:40:50 Image size of job updated: 13601436
	13282  -  MemoryUsage of job (MB)
	13600412  -  ResidentSetSize of job (KB)
...
006 (9701464.000.000) 05/01 04:45:51 Image size of job updated: 13732260
	13409  -  MemoryUsage of job (MB)
	13730464  -  ResidentSetSize of job (KB)
...
006 (9701464.000.000) 05/01 04:50:52 Image size of job updated: 13743792
	13421  -  MemoryUsage of job (MB)
	13742408  -  ResidentSetSize of job (KB)
...
006 (9701464.000.000) 05/01 04:55:52 Image size of job updated: 13863200
	13537  -  MemoryUsage of job (MB)
	13861500  -  ResidentSetSize of job (KB)
...
006 (9701464.000.000) 05/01 05:00:52 Image size of job updated: 13892248
	13566  -  MemoryUsage of job (MB)
	13891232  -  ResidentSetSize of job (KB)
...
006 (9701464.000.000) 05/01 05:05:53 Image size of job updated: 13991572
	13663  -  MemoryUsage of job (MB)
	13990204  -  ResidentSetSize of job (KB)
...
006 (9701464.000.000) 05/01 05:10:53 Image size of job updated: 14003684
	13663  -  MemoryUsage of job (MB)
	13990204  -  ResidentSetSize of job (KB)
...
006 (9701464.000.000) 05/01 05:15:53 Image size of job updated: 14060752
	13729  -  MemoryUsage of job (MB)
	14058196  -  ResidentSetSize of job (KB)
...
006 (9701464.000.000) 05/01 05:20:55 Image size of job updated: 14086448
	13754  -  MemoryUsage of job (MB)
	14083920  -  ResidentSetSize of job (KB)
...
006 (9701464.000.000) 05/01 05:25:55 Image size of job updated: 14147892
	13815  -  MemoryUsage of job (MB)
	14146296  -  ResidentSetSize of job (KB)
...
006 (9701464.000.000) 05/01 05:30:55 Image size of job updated: 14187208
	13854  -  MemoryUsage of job (MB)
	14185600  -  ResidentSetSize of job (KB)
...
006 (9701464.000.000) 05/01 05:35:56 Image size of job updated: 14231728
	13898  -  MemoryUsage of job (MB)
	14230676  -  ResidentSetSize of job (KB)
...
006 (9701464.000.000) 05/01 05:40:57 Image size of job updated: 14378728
	14040  -  MemoryUsage of job (MB)
	14376684  -  ResidentSetSize of job (KB)
...
006 (9701464.000.000) 05/01 05:45:57 Image size of job updated: 14418604
	14079  -  MemoryUsage of job (MB)
	14416768  -  ResidentSetSize of job (KB)
...
006 (9701464.000.000) 05/01 05:50:58 Image size of job updated: 14531268
	14189  -  MemoryUsage of job (MB)
	14528976  -  ResidentSetSize of job (KB)
...
006 (9701464.000.000) 05/01 05:55:59 Image size of job updated: 14570576
	14228  -  MemoryUsage of job (MB)
	14568800  -  ResidentSetSize of job (KB)
...
006 (9701464.000.000) 05/01 06:00:59 Image size of job updated: 14676996
	14333  -  MemoryUsage of job (MB)
	14676464  -  ResidentSetSize of job (KB)
...
006 (9701464.000.000) 05/01 06:05:59 Image size of job updated: 14708788
	14364  -  MemoryUsage of job (MB)
	14708716  -  ResidentSetSize of job (KB)
...
006 (9701464.000.000) 05/01 06:11:00 Image size of job updated: 14818404
	14471  -  MemoryUsage of job (MB)
	14817676  -  ResidentSetSize of job (KB)
...
006 (9701464.000.000) 05/01 06:16:00 Image size of job updated: 14875060
	14524  -  MemoryUsage of job (MB)
	14872404  -  ResidentSetSize of job (KB)
...
006 (9701464.000.000) 05/01 06:21:00 Image size of job updated: 14950392
	14596  -  MemoryUsage of job (MB)
	14945648  -  ResidentSetSize of job (KB)
...
006 (9701464.000.000) 05/01 06:26:01 Image size of job updated: 15004304
	14652  -  MemoryUsage of job (MB)
	15002848  -  ResidentSetSize of job (KB)
...
006 (9701464.000.000) 05/01 06:31:02 Image size of job updated: 15035596
	14682  -  MemoryUsage of job (MB)
	15034248  -  ResidentSetSize of job (KB)
...
006 (9701464.000.000) 05/01 06:36:02 Image size of job updated: 15087120
	14734  -  MemoryUsage of job (MB)
	15086896  -  ResidentSetSize of job (KB)
...
006 (9701464.000.000) 05/01 06:41:03 Image size of job updated: 15122008
	14768  -  MemoryUsage of job (MB)
	15121708  -  ResidentSetSize of job (KB)
...
006 (9701464.000.000) 05/01 06:46:04 Image size of job updated: 15188848
	14829  -  MemoryUsage of job (MB)
	15184868  -  ResidentSetSize of job (KB)
...
006 (9701464.000.000) 05/01 06:51:04 Image size of job updated: 15226964
	14868  -  MemoryUsage of job (MB)
	15224448  -  ResidentSetSize of job (KB)
...
006 (9701464.000.000) 05/01 06:56:05 Image size of job updated: 15351360
	14990  -  MemoryUsage of job (MB)
	15349612  -  ResidentSetSize of job (KB)
...
006 (9701464.000.000) 05/01 07:01:06 Image size of job updated: 15373160
	14994  -  MemoryUsage of job (MB)
	15353420  -  ResidentSetSize of job (KB)
...
006 (9701464.000.000) 05/01 07:06:06 Image size of job updated: 15388640
	15028  -  MemoryUsage of job (MB)
	15387716  -  ResidentSetSize of job (KB)
...
006 (9701464.000.000) 05/01 07:11:06 Image size of job updated: 15497524
	15133  -  MemoryUsage of job (MB)
	15495844  -  ResidentSetSize of job (KB)
...
006 (9701464.000.000) 05/01 07:16:07 Image size of job updated: 15618680
	15252  -  MemoryUsage of job (MB)
	15617180  -  ResidentSetSize of job (KB)
...
006 (9701464.000.000) 05/01 07:21:07 Image size of job updated: 15657660
	15290  -  MemoryUsage of job (MB)
	15656668  -  ResidentSetSize of job (KB)
...
006 (9701464.000.000) 05/01 07:26:07 Image size of job updated: 15681028
	15294  -  MemoryUsage of job (MB)
	15660480  -  ResidentSetSize of job (KB)
...
006 (9701464.000.000) 05/01 07:31:08 Image size of job updated: 15698200
	15330  -  MemoryUsage of job (MB)
	15696940  -  ResidentSetSize of job (KB)
...
006 (9701464.000.000) 05/01 07:36:09 Image size of job updated: 15814592
	15444  -  MemoryUsage of job (MB)
	15814360  -  ResidentSetSize of job (KB)
...
006 (9701464.000.000) 05/01 07:41:09 Image size of job updated: 15868280
	15495  -  MemoryUsage of job (MB)
	15866264  -  ResidentSetSize of job (KB)
...
006 (9701464.000.000) 05/01 07:46:10 Image size of job updated: 15952196
	15577  -  MemoryUsage of job (MB)
	15950460  -  ResidentSetSize of job (KB)
...
006 (9701464.000.000) 05/01 07:51:11 Image size of job updated: 15993208
	15617  -  MemoryUsage of job (MB)
	15991668  -  ResidentSetSize of job (KB)
...
006 (9701464.000.000) 05/01 07:56:11 Image size of job updated: 16119020
	15741  -  MemoryUsage of job (MB)
	16117804  -  ResidentSetSize of job (KB)
...
006 (9701464.000.000) 05/01 08:01:11 Image size of job updated: 16158628
	15780  -  MemoryUsage of job (MB)
	16158628  -  ResidentSetSize of job (KB)
...
006 (9701464.000.000) 05/01 08:06:13 Image size of job updated: 16220560
	15840  -  MemoryUsage of job (MB)
	16220132  -  ResidentSetSize of job (KB)
...
006 (9701464.000.000) 05/01 08:11:13 Image size of job updated: 16262560
	15880  -  MemoryUsage of job (MB)
	16260776  -  ResidentSetSize of job (KB)
...
006 (9701464.000.000) 05/01 08:16:13 Image size of job updated: 16408080
	16024  -  MemoryUsage of job (MB)
	16407648  -  ResidentSetSize of job (KB)
...
006 (9701464.000.000) 05/01 08:21:14 Image size of job updated: 16448960
	16064  -  MemoryUsage of job (MB)
	16448700  -  ResidentSetSize of job (KB)
...
006 (9701464.000.000) 05/01 08:26:15 Image size of job updated: 16513140
	16126  -  MemoryUsage of job (MB)
	16512536  -  ResidentSetSize of job (KB)
...
006 (9701464.000.000) 05/01 08:31:15 Image size of job updated: 16552952
	16165  -  MemoryUsage of job (MB)
	16552508  -  ResidentSetSize of job (KB)
...
006 (9701464.000.000) 05/01 08:36:16 Image size of job updated: 16607112
	16216  -  MemoryUsage of job (MB)
	16604956  -  ResidentSetSize of job (KB)
...
006 (9701464.000.000) 05/01 08:41:17 Image size of job updated: 16648212
	16257  -  MemoryUsage of job (MB)
	16646628  -  ResidentSetSize of job (KB)
...
006 (9701464.000.000) 05/01 08:46:17 Image size of job updated: 16693380
	16300  -  MemoryUsage of job (MB)
	16690948  -  ResidentSetSize of job (KB)
...
006 (9701464.000.000) 05/01 08:51:17 Image size of job updated: 16817228
	16421  -  MemoryUsage of job (MB)
	16814876  -  ResidentSetSize of job (KB)
...
006 (9701464.000.000) 05/01 08:56:18 Image size of job updated: 16842196
	16421  -  MemoryUsage of job (MB)
	16814876  -  ResidentSetSize of job (KB)
...
006 (9701464.000.000) 05/01 09:01:18 Image size of job updated: 16923556
	16527  -  MemoryUsage of job (MB)
	16923424  -  ResidentSetSize of job (KB)
...
006 (9701464.000.000) 05/01 09:06:18 Image size of job updated: 16967788
	16568  -  MemoryUsage of job (MB)
	16965080  -  ResidentSetSize of job (KB)
...
006 (9701464.000.000) 05/01 09:11:19 Image size of job updated: 16998144
	16600  -  MemoryUsage of job (MB)
	16998016  -  ResidentSetSize of job (KB)
...
006 (9701464.000.000) 05/01 09:16:20 Image size of job updated: 17042472
	16643  -  MemoryUsage of job (MB)
	17042148  -  ResidentSetSize of job (KB)
...
006 (9701464.000.000) 05/01 09:21:20 Image size of job updated: 17089756
	16688  -  MemoryUsage of job (MB)
	17087708  -  ResidentSetSize of job (KB)
...
006 (9701464.000.000) 05/01 09:26:21 Image size of job updated: 17173796
	16770  -  MemoryUsage of job (MB)
	17172296  -  ResidentSetSize of job (KB)
...
006 (9701464.000.000) 05/01 09:31:22 Image size of job updated: 17214248
	16809  -  MemoryUsage of job (MB)
	17212096  -  ResidentSetSize of job (KB)
...
006 (9701464.000.000) 05/01 09:36:22 Image size of job updated: 17272996
	16867  -  MemoryUsage of job (MB)
	17271448  -  ResidentSetSize of job (KB)
...
006 (9701464.000.000) 05/01 09:41:22 Image size of job updated: 17309220
	16903  -  MemoryUsage of job (MB)
	17308376  -  ResidentSetSize of job (KB)
...
006 (9701464.000.000) 05/01 09:46:23 Image size of job updated: 17352796
	16946  -  MemoryUsage of job (MB)
	17352184  -  ResidentSetSize of job (KB)
...
006 (9701464.000.000) 05/01 09:51:23 Image size of job updated: 17407480
	16998  -  MemoryUsage of job (MB)
	17405948  -  ResidentSetSize of job (KB)
...
006 (9701464.000.000) 05/01 09:56:23 Image size of job updated: 17449892
	17039  -  MemoryUsage of job (MB)
	17446928  -  ResidentSetSize of job (KB)
...
006 (9701464.000.000) 05/01 10:01:25 Image size of job updated: 17605728
	17194  -  MemoryUsage of job (MB)
	17605724  -  ResidentSetSize of job (KB)
...
006 (9701464.000.000) 05/01 10:06:25 Image size of job updated: 17643392
	17230  -  MemoryUsage of job (MB)
	17643272  -  ResidentSetSize of job (KB)
...
006 (9701464.000.000) 05/01 10:11:25 Image size of job updated: 17685288
	17271  -  MemoryUsage of job (MB)
	17684592  -  ResidentSetSize of job (KB)
...
006 (9701464.000.000) 05/01 10:16:26 Image size of job updated: 17722840
	17306  -  MemoryUsage of job (MB)
	17721232  -  ResidentSetSize of job (KB)
...
006 (9701464.000.000) 05/01 10:21:27 Image size of job updated: 17788692
	17372  -  MemoryUsage of job (MB)
	17788228  -  ResidentSetSize of job (KB)
...
006 (9701464.000.000) 05/01 10:26:27 Image size of job updated: 17829980
	17410  -  MemoryUsage of job (MB)
	17827528  -  ResidentSetSize of job (KB)
...
006 (9701464.000.000) 05/01 10:31:28 Image size of job updated: 17869128
	17448  -  MemoryUsage of job (MB)
	17866632  -  ResidentSetSize of job (KB)
...
006 (9701464.000.000) 05/01 10:36:29 Image size of job updated: 17944000
	17474  -  MemoryUsage of job (MB)
	17892704  -  ResidentSetSize of job (KB)
...
006 (9701464.000.000) 05/01 10:41:29 Image size of job updated: 17953320
	17532  -  MemoryUsage of job (MB)
	17952580  -  ResidentSetSize of job (KB)
...
006 (9701464.000.000) 05/01 10:46:29 Image size of job updated: 17988572
	17567  -  MemoryUsage of job (MB)
	17987824  -  ResidentSetSize of job (KB)
...
006 (9701464.000.000) 05/01 10:51:31 Image size of job updated: 18028152
	17606  -  MemoryUsage of job (MB)
	18027912  -  ResidentSetSize of job (KB)
...
006 (9701464.000.000) 05/01 10:56:31 Image size of job updated: 18124984
	17698  -  MemoryUsage of job (MB)
	18122460  -  ResidentSetSize of job (KB)
...
006 (9701464.000.000) 05/01 11:01:31 Image size of job updated: 18163352
	17737  -  MemoryUsage of job (MB)
	18162256  -  ResidentSetSize of job (KB)
...
006 (9701464.000.000) 05/01 11:06:32 Image size of job updated: 18200880
	17774  -  MemoryUsage of job (MB)
	18199708  -  ResidentSetSize of job (KB)
...
006 (9701464.000.000) 05/01 11:11:33 Image size of job updated: 18275256
	17845  -  MemoryUsage of job (MB)
	18272380  -  ResidentSetSize of job (KB)
...
006 (9701464.000.000) 05/01 11:21:34 Image size of job updated: 18302212
	17873  -  MemoryUsage of job (MB)
	18301472  -  ResidentSetSize of job (KB)
...
006 (9701464.000.000) 05/01 11:26:35 Image size of job updated: 18340756
	17909  -  MemoryUsage of job (MB)
	18338440  -  ResidentSetSize of job (KB)
...
006 (9701464.000.000) 05/01 11:31:35 Image size of job updated: 18381600
	17949  -  MemoryUsage of job (MB)
	18379176  -  ResidentSetSize of job (KB)
...
006 (9701464.000.000) 05/01 11:36:35 Image size of job updated: 18537960
	18102  -  MemoryUsage of job (MB)
	18536280  -  ResidentSetSize of job (KB)
...
006 (9701464.000.000) 05/01 11:41:36 Image size of job updated: 18578532
	18142  -  MemoryUsage of job (MB)
	18577340  -  ResidentSetSize of job (KB)
...
006 (9701464.000.000) 05/01 11:46:36 Image size of job updated: 18616844
	18181  -  MemoryUsage of job (MB)
	18616840  -  ResidentSetSize of job (KB)
...
006 (9701464.000.000) 05/01 11:51:36 Image size of job updated: 18762300
	18322  -  MemoryUsage of job (MB)
	18761164  -  ResidentSetSize of job (KB)
...
006 (9701464.000.000) 05/01 11:56:38 Image size of job updated: 18802940
	18362  -  MemoryUsage of job (MB)
	18802260  -  ResidentSetSize of job (KB)
...
006 (9701464.000.000) 05/01 12:01:38 Image size of job updated: 18844528
	18402  -  MemoryUsage of job (MB)
	18843536  -  ResidentSetSize of job (KB)
...
006 (9701464.000.000) 05/01 12:06:38 Image size of job updated: 18921528
	18402  -  MemoryUsage of job (MB)
	18843536  -  ResidentSetSize of job (KB)
...
006 (9701464.000.000) 05/01 12:16:40 Image size of job updated: 18921608
	18477  -  MemoryUsage of job (MB)
	18919724  -  ResidentSetSize of job (KB)
...
006 (9701464.000.000) 05/01 12:21:40 Image size of job updated: 19022632
	18576  -  MemoryUsage of job (MB)
	19021200  -  ResidentSetSize of job (KB)
...
006 (9701464.000.000) 05/01 12:26:41 Image size of job updated: 19058072
	18609  -  MemoryUsage of job (MB)
	19054868  -  ResidentSetSize of job (KB)
...
