000 (9701439.000.000) 04/30 14:24:52 Job submitted from host: <137.138.156.150:9618?addrs=137.138.156.150-9618+[2001-1458-d00-14--9a]-9618&alias=bigbird13.cern.ch&noUDP&sock=schedd_2138_1192>
...
040 (9701439.000.000) 04/30 14:29:06 Started transferring input files
	Transferring to host: <128.142.137.72:9618?addrs=128.142.137.72-9618+[2001-1458-301-5e--100-3c]-9618&alias=b9g19p7581.cern.ch&noUDP&sock=slot1_42_2757_4e49_75063>
...
040 (9701439.000.000) 04/30 14:29:06 Finished transferring input files
...
001 (9701439.000.000) 04/30 14:29:07 Job executing on host: <128.142.137.72:9618?addrs=128.142.137.72-9618+[2001-1458-301-5e--100-3c]-9618&alias=b9g19p7581.cern.ch&noUDP&sock=startd_2446_54be>
...
006 (9701439.000.000) 04/30 14:29:15 Image size of job updated: 127224
	125  -  MemoryUsage of job (MB)
	127224  -  ResidentSetSize of job (KB)
...
006 (9701439.000.000) 04/30 14:34:15 Image size of job updated: 233800
	229  -  MemoryUsage of job (MB)
	233800  -  ResidentSetSize of job (KB)
...
006 (9701439.000.000) 04/30 14:39:15 Image size of job updated: 2046932
	1999  -  MemoryUsage of job (MB)
	2046932  -  ResidentSetSize of job (KB)
...
006 (9701439.000.000) 04/30 14:44:16 Image size of job updated: 2128372
	2079  -  MemoryUsage of job (MB)
	2128372  -  ResidentSetSize of job (KB)
...
006 (9701439.000.000) 04/30 14:49:16 Image size of job updated: 2211920
	2161  -  MemoryUsage of job (MB)
	2211920  -  ResidentSetSize of job (KB)
...
006 (9701439.000.000) 04/30 14:54:16 Image size of job updated: 2328572
	2274  -  MemoryUsage of job (MB)
	2328572  -  ResidentSetSize of job (KB)
...
006 (9701439.000.000) 04/30 15:24:20 Image size of job updated: 2406700
	2351  -  MemoryUsage of job (MB)
	2406700  -  ResidentSetSize of job (KB)
...
006 (9701439.000.000) 04/30 15:29:20 Image size of job updated: 2450892
	2394  -  MemoryUsage of job (MB)
	2450892  -  ResidentSetSize of job (KB)
...
006 (9701439.000.000) 04/30 15:34:21 Image size of job updated: 2539724
	2481  -  MemoryUsage of job (MB)
	2539724  -  ResidentSetSize of job (KB)
...
006 (9701439.000.000) 04/30 15:39:21 Image size of job updated: 2579044
	2519  -  MemoryUsage of job (MB)
	2579044  -  ResidentSetSize of job (KB)
...
006 (9701439.000.000) 04/30 15:44:21 Image size of job updated: 2710044
	2647  -  MemoryUsage of job (MB)
	2710044  -  ResidentSetSize of job (KB)
...
006 (9701439.000.000) 04/30 15:49:22 Image size of job updated: 2751888
	2688  -  MemoryUsage of job (MB)
	2751888  -  ResidentSetSize of job (KB)
...
006 (9701439.000.000) 04/30 15:54:23 Image size of job updated: 2803188
	2738  -  MemoryUsage of job (MB)
	2803188  -  ResidentSetSize of job (KB)
...
006 (9701439.000.000) 04/30 15:59:23 Image size of job updated: 2864048
	2797  -  MemoryUsage of job (MB)
	2864048  -  ResidentSetSize of job (KB)
...
006 (9701439.000.000) 04/30 16:04:24 Image size of job updated: 2904692
	2837  -  MemoryUsage of job (MB)
	2904692  -  ResidentSetSize of job (KB)
...
006 (9701439.000.000) 04/30 16:09:25 Image size of job updated: 3027188
	2957  -  MemoryUsage of job (MB)
	3027188  -  ResidentSetSize of job (KB)
...
006 (9701439.000.000) 04/30 16:14:25 Image size of job updated: 3067812
	2996  -  MemoryUsage of job (MB)
	3067812  -  ResidentSetSize of job (KB)
...
006 (9701439.000.000) 04/30 16:19:26 Image size of job updated: 3174072
	3100  -  MemoryUsage of job (MB)
	3174072  -  ResidentSetSize of job (KB)
...
006 (9701439.000.000) 04/30 16:24:27 Image size of job updated: 3234200
	3159  -  MemoryUsage of job (MB)
	3234200  -  ResidentSetSize of job (KB)
...
006 (9701439.000.000) 04/30 16:29:27 Image size of job updated: 3341356
	3264  -  MemoryUsage of job (MB)
	3341356  -  ResidentSetSize of job (KB)
...
006 (9701439.000.000) 04/30 16:34:27 Image size of job updated: 3381256
	3303  -  MemoryUsage of job (MB)
	3381256  -  ResidentSetSize of job (KB)
...
006 (9701439.000.000) 04/30 16:39:28 Image size of job updated: 3423540
	3344  -  MemoryUsage of job (MB)
	3423540  -  ResidentSetSize of job (KB)
...
006 (9701439.000.000) 04/30 16:44:28 Image size of job updated: 3510824
	3429  -  MemoryUsage of job (MB)
	3510824  -  ResidentSetSize of job (KB)
...
006 (9701439.000.000) 04/30 16:49:28 Image size of job updated: 3552696
	3470  -  MemoryUsage of job (MB)
	3552696  -  ResidentSetSize of job (KB)
...
006 (9701439.000.000) 04/30 16:54:29 Image size of job updated: 3595384
	3512  -  MemoryUsage of job (MB)
	3595384  -  ResidentSetSize of job (KB)
...
006 (9701439.000.000) 04/30 16:59:30 Image size of job updated: 3739428
	3652  -  MemoryUsage of job (MB)
	3739428  -  ResidentSetSize of job (KB)
...
006 (9701439.000.000) 04/30 17:04:30 Image size of job updated: 3790640
	3702  -  MemoryUsage of job (MB)
	3790640  -  ResidentSetSize of job (KB)
...
006 (9701439.000.000) 04/30 17:09:31 Image size of job updated: 3857600
	3768  -  MemoryUsage of job (MB)
	3857600  -  ResidentSetSize of job (KB)
...
006 (9701439.000.000) 04/30 17:14:32 Image size of job updated: 3917404
	3826  -  MemoryUsage of job (MB)
	3917404  -  ResidentSetSize of job (KB)
...
006 (9701439.000.000) 04/30 17:19:32 Image size of job updated: 3982268
	3889  -  MemoryUsage of job (MB)
	3982268  -  ResidentSetSize of job (KB)
...
006 (9701439.000.000) 04/30 17:24:32 Image size of job updated: 4014788
	3921  -  MemoryUsage of job (MB)
	4014788  -  ResidentSetSize of job (KB)
...
006 (9701439.000.000) 04/30 17:29:33 Image size of job updated: 4103564
	4008  -  MemoryUsage of job (MB)
	4103564  -  ResidentSetSize of job (KB)
...
006 (9701439.000.000) 04/30 17:34:33 Image size of job updated: 4192820
	4095  -  MemoryUsage of job (MB)
	4192820  -  ResidentSetSize of job (KB)
...
006 (9701439.000.000) 04/30 17:39:33 Image size of job updated: 4238756
	4140  -  MemoryUsage of job (MB)
	4238756  -  ResidentSetSize of job (KB)
...
006 (9701439.000.000) 04/30 17:44:34 Image size of job updated: 4296432
	4196  -  MemoryUsage of job (MB)
	4296432  -  ResidentSetSize of job (KB)
...
006 (9701439.000.000) 04/30 17:49:35 Image size of job updated: 4335624
	4235  -  MemoryUsage of job (MB)
	4335624  -  ResidentSetSize of job (KB)
...
006 (9701439.000.000) 04/30 17:54:35 Image size of job updated: 4433344
	4330  -  MemoryUsage of job (MB)
	4433344  -  ResidentSetSize of job (KB)
...
006 (9701439.000.000) 04/30 17:59:36 Image size of job updated: 4476404
	4372  -  MemoryUsage of job (MB)
	4476404  -  ResidentSetSize of job (KB)
...
006 (9701439.000.000) 04/30 18:04:37 Image size of job updated: 4533092
	4427  -  MemoryUsage of job (MB)
	4533092  -  ResidentSetSize of job (KB)
...
006 (9701439.000.000) 04/30 18:14:37 Image size of job updated: 4539516
	4434  -  MemoryUsage of job (MB)
	4539516  -  ResidentSetSize of job (KB)
...
006 (9701439.000.000) 04/30 18:19:38 Image size of job updated: 4602952
	4496  -  MemoryUsage of job (MB)
	4602952  -  ResidentSetSize of job (KB)
...
006 (9701439.000.000) 04/30 18:24:38 Image size of job updated: 4640616
	4532  -  MemoryUsage of job (MB)
	4640616  -  ResidentSetSize of job (KB)
...
006 (9701439.000.000) 04/30 18:29:38 Image size of job updated: 4787436
	4676  -  MemoryUsage of job (MB)
	4787436  -  ResidentSetSize of job (KB)
...
006 (9701439.000.000) 04/30 18:34:40 Image size of job updated: 4817816
	4705  -  MemoryUsage of job (MB)
	4817816  -  ResidentSetSize of job (KB)
...
006 (9701439.000.000) 04/30 18:39:40 Image size of job updated: 4936776
	4822  -  MemoryUsage of job (MB)
	4936776  -  ResidentSetSize of job (KB)
...
006 (9701439.000.000) 04/30 18:44:40 Image size of job updated: 4976620
	4860  -  MemoryUsage of job (MB)
	4976620  -  ResidentSetSize of job (KB)
...
006 (9701439.000.000) 04/30 18:49:41 Image size of job updated: 5039328
	4922  -  MemoryUsage of job (MB)
	5039328  -  ResidentSetSize of job (KB)
...
006 (9701439.000.000) 04/30 18:54:42 Image size of job updated: 5082180
	4964  -  MemoryUsage of job (MB)
	5082180  -  ResidentSetSize of job (KB)
...
006 (9701439.000.000) 04/30 18:59:42 Image size of job updated: 5111188
	4992  -  MemoryUsage of job (MB)
	5111188  -  ResidentSetSize of job (KB)
...
006 (9701439.000.000) 04/30 19:04:43 Image size of job updated: 5144784
	5025  -  MemoryUsage of job (MB)
	5144784  -  ResidentSetSize of job (KB)
...
006 (9701439.000.000) 04/30 19:09:44 Image size of job updated: 5220012
	5098  -  MemoryUsage of job (MB)
	5220012  -  ResidentSetSize of job (KB)
...
006 (9701439.000.000) 04/30 19:14:44 Image size of job updated: 5275320
	5152  -  MemoryUsage of job (MB)
	5275320  -  ResidentSetSize of job (KB)
...
006 (9701439.000.000) 04/30 19:19:44 Image size of job updated: 5312404
	5188  -  MemoryUsage of job (MB)
	5312404  -  ResidentSetSize of job (KB)
...
006 (9701439.000.000) 04/30 19:24:45 Image size of job updated: 5400468
	5274  -  MemoryUsage of job (MB)
	5400468  -  ResidentSetSize of job (KB)
...
006 (9701439.000.000) 04/30 19:29:45 Image size of job updated: 5437916
	5311  -  MemoryUsage of job (MB)
	5437916  -  ResidentSetSize of job (KB)
...
006 (9701439.000.000) 04/30 19:34:45 Image size of job updated: 5546788
	5417  -  MemoryUsage of job (MB)
	5546788  -  ResidentSetSize of job (KB)
...
006 (9701439.000.000) 04/30 19:39:46 Image size of job updated: 5573336
	5443  -  MemoryUsage of job (MB)
	5573336  -  ResidentSetSize of job (KB)
...
006 (9701439.000.000) 04/30 19:44:47 Image size of job updated: 5621684
	5490  -  MemoryUsage of job (MB)
	5621684  -  ResidentSetSize of job (KB)
...
006 (9701439.000.000) 04/30 19:49:47 Image size of job updated: 5731268
	5597  -  MemoryUsage of job (MB)
	5731268  -  ResidentSetSize of job (KB)
...
006 (9701439.000.000) 04/30 19:54:48 Image size of job updated: 5757188
	5623  -  MemoryUsage of job (MB)
	5757188  -  ResidentSetSize of job (KB)
...
006 (9701439.000.000) 04/30 19:59:49 Image size of job updated: 5843848
	5707  -  MemoryUsage of job (MB)
	5843848  -  ResidentSetSize of job (KB)
...
006 (9701439.000.000) 04/30 20:04:49 Image size of job updated: 5872668
	5736  -  MemoryUsage of job (MB)
	5872668  -  ResidentSetSize of job (KB)
...
006 (9701439.000.000) 04/30 20:14:50 Image size of job updated: 5945420
	5807  -  MemoryUsage of job (MB)
	5945420  -  ResidentSetSize of job (KB)
...
006 (9701439.000.000) 04/30 20:19:50 Image size of job updated: 5982976
	5843  -  MemoryUsage of job (MB)
	5982976  -  ResidentSetSize of job (KB)
...
006 (9701439.000.000) 04/30 20:24:50 Image size of job updated: 6132312
	5989  -  MemoryUsage of job (MB)
	6132312  -  ResidentSetSize of job (KB)
...
006 (9701439.000.000) 04/30 20:29:52 Image size of job updated: 6268828
	6122  -  MemoryUsage of job (MB)
	6268828  -  ResidentSetSize of job (KB)
...
006 (9701439.000.000) 04/30 20:39:52 Image size of job updated: 6304992
	6158  -  MemoryUsage of job (MB)
	6304992  -  ResidentSetSize of job (KB)
...
006 (9701439.000.000) 04/30 20:44:53 Image size of job updated: 6341924
	6194  -  MemoryUsage of job (MB)
	6341924  -  ResidentSetSize of job (KB)
...
006 (9701439.000.000) 04/30 20:49:54 Image size of job updated: 6378576
	6230  -  MemoryUsage of job (MB)
	6378576  -  ResidentSetSize of job (KB)
...
006 (9701439.000.000) 04/30 20:54:54 Image size of job updated: 6414804
	6265  -  MemoryUsage of job (MB)
	6414804  -  ResidentSetSize of job (KB)
...
006 (9701439.000.000) 04/30 20:59:54 Image size of job updated: 6455756
	6305  -  MemoryUsage of job (MB)
	6455756  -  ResidentSetSize of job (KB)
...
006 (9701439.000.000) 04/30 21:04:55 Image size of job updated: 6458792
	6308  -  MemoryUsage of job (MB)
	6458792  -  ResidentSetSize of job (KB)
...
006 (9701439.000.000) 04/30 21:09:55 Image size of job updated: 6499868
	6348  -  MemoryUsage of job (MB)
	6499868  -  ResidentSetSize of job (KB)
...
006 (9701439.000.000) 04/30 21:14:55 Image size of job updated: 6561984
	6409  -  MemoryUsage of job (MB)
	6561984  -  ResidentSetSize of job (KB)
...
006 (9701439.000.000) 04/30 21:19:56 Image size of job updated: 6602620
	6448  -  MemoryUsage of job (MB)
	6602620  -  ResidentSetSize of job (KB)
...
006 (9701439.000.000) 04/30 21:24:56 Image size of job updated: 6744712
	6587  -  MemoryUsage of job (MB)
	6744712  -  ResidentSetSize of job (KB)
...
006 (9701439.000.000) 04/30 21:29:56 Image size of job updated: 6785328
	6627  -  MemoryUsage of job (MB)
	6785328  -  ResidentSetSize of job (KB)
...
006 (9701439.000.000) 04/30 21:34:57 Image size of job updated: 6844880
	6685  -  MemoryUsage of job (MB)
	6844880  -  ResidentSetSize of job (KB)
...
006 (9701439.000.000) 04/30 21:39:58 Image size of job updated: 6886232
	6725  -  MemoryUsage of job (MB)
	6886232  -  ResidentSetSize of job (KB)
...
006 (9701439.000.000) 04/30 21:44:58 Image size of job updated: 6930000
	6768  -  MemoryUsage of job (MB)
	6930000  -  ResidentSetSize of job (KB)
...
006 (9701439.000.000) 04/30 21:49:59 Image size of job updated: 6990928
	6828  -  MemoryUsage of job (MB)
	6990928  -  ResidentSetSize of job (KB)
...
006 (9701439.000.000) 04/30 22:00:00 Image size of job updated: 6996852
	6833  -  MemoryUsage of job (MB)
	6996852  -  ResidentSetSize of job (KB)
...
006 (9701439.000.000) 04/30 22:05:00 Image size of job updated: 7057816
	6893  -  MemoryUsage of job (MB)
	7057816  -  ResidentSetSize of job (KB)
...
006 (9701439.000.000) 04/30 22:10:02 Image size of job updated: 7225316
	7056  -  MemoryUsage of job (MB)
	7225316  -  ResidentSetSize of job (KB)
...
006 (9701439.000.000) 04/30 22:15:02 Image size of job updated: 7282592
	7112  -  MemoryUsage of job (MB)
	7282592  -  ResidentSetSize of job (KB)
...
006 (9701439.000.000) 04/30 22:20:02 Image size of job updated: 7359500
	7188  -  MemoryUsage of job (MB)
	7359500  -  ResidentSetSize of job (KB)
...
006 (9701439.000.000) 04/30 22:25:03 Image size of job updated: 7471992
	7297  -  MemoryUsage of job (MB)
	7471992  -  ResidentSetSize of job (KB)
...
006 (9701439.000.000) 04/30 22:30:04 Image size of job updated: 7513008
	7337  -  MemoryUsage of job (MB)
	7513008  -  ResidentSetSize of job (KB)
...
006 (9701439.000.000) 04/30 22:35:04 Image size of job updated: 7552004
	7376  -  MemoryUsage of job (MB)
	7552004  -  ResidentSetSize of job (KB)
...
006 (9701439.000.000) 04/30 22:40:05 Image size of job updated: 7611088
	7433  -  MemoryUsage of job (MB)
	7611088  -  ResidentSetSize of job (KB)
...
006 (9701439.000.000) 04/30 22:45:06 Image size of job updated: 7773544
	7592  -  MemoryUsage of job (MB)
	7773544  -  ResidentSetSize of job (KB)
...
006 (9701439.000.000) 04/30 22:50:06 Image size of job updated: 7814616
	7632  -  MemoryUsage of job (MB)
	7814616  -  ResidentSetSize of job (KB)
...
006 (9701439.000.000) 04/30 22:55:07 Image size of job updated: 7963868
	7778  -  MemoryUsage of job (MB)
	7963868  -  ResidentSetSize of job (KB)
...
006 (9701439.000.000) 04/30 23:00:08 Image size of job updated: 8003336
	7816  -  MemoryUsage of job (MB)
	8003336  -  ResidentSetSize of job (KB)
...
006 (9701439.000.000) 04/30 23:05:08 Image size of job updated: 8038948
	7851  -  MemoryUsage of job (MB)
	8038948  -  ResidentSetSize of job (KB)
...
006 (9701439.000.000) 04/30 23:10:09 Image size of job updated: 8188576
	7997  -  MemoryUsage of job (MB)
	8188576  -  ResidentSetSize of job (KB)
...
006 (9701439.000.000) 04/30 23:15:10 Image size of job updated: 8230120
	8038  -  MemoryUsage of job (MB)
	8230120  -  ResidentSetSize of job (KB)
...
006 (9701439.000.000) 04/30 23:20:10 Image size of job updated: 8290628
	8097  -  MemoryUsage of job (MB)
	8290628  -  ResidentSetSize of job (KB)
...
006 (9701439.000.000) 04/30 23:25:10 Image size of job updated: 8331844
	8137  -  MemoryUsage of job (MB)
	8331844  -  ResidentSetSize of job (KB)
...
006 (9701439.000.000) 04/30 23:30:11 Image size of job updated: 8393096
	8197  -  MemoryUsage of job (MB)
	8393096  -  ResidentSetSize of job (KB)
...
006 (9701439.000.000) 04/30 23:35:11 Image size of job updated: 8435708
	8238  -  MemoryUsage of job (MB)
	8435708  -  ResidentSetSize of job (KB)
...
006 (9701439.000.000) 04/30 23:40:11 Image size of job updated: 8477028
	8279  -  MemoryUsage of job (MB)
	8477028  -  ResidentSetSize of job (KB)
...
006 (9701439.000.000) 04/30 23:45:12 Image size of job updated: 8594328
	8393  -  MemoryUsage of job (MB)
	8594328  -  ResidentSetSize of job (KB)
...
006 (9701439.000.000) 04/30 23:50:13 Image size of job updated: 8634516
	8433  -  MemoryUsage of job (MB)
	8634516  -  ResidentSetSize of job (KB)
...
006 (9701439.000.000) 05/01 00:00:14 Image size of job updated: 8656452
	8454  -  MemoryUsage of job (MB)
	8656452  -  ResidentSetSize of job (KB)
...
006 (9701439.000.000) 05/01 00:05:15 Image size of job updated: 8766780
	8562  -  MemoryUsage of job (MB)
	8766780  -  ResidentSetSize of job (KB)
...
006 (9701439.000.000) 05/01 00:10:15 Image size of job updated: 8807268
	8601  -  MemoryUsage of job (MB)
	8807268  -  ResidentSetSize of job (KB)
...
006 (9701439.000.000) 05/01 00:15:15 Image size of job updated: 8866356
	8659  -  MemoryUsage of job (MB)
	8866356  -  ResidentSetSize of job (KB)
...
006 (9701439.000.000) 05/01 00:20:16 Image size of job updated: 8975192
	8765  -  MemoryUsage of job (MB)
	8975192  -  ResidentSetSize of job (KB)
...
006 (9701439.000.000) 05/01 00:25:16 Image size of job updated: 9016372
	8806  -  MemoryUsage of job (MB)
	9016372  -  ResidentSetSize of job (KB)
...
006 (9701439.000.000) 05/01 00:35:17 Image size of job updated: 9033616
	8822  -  MemoryUsage of job (MB)
	9033616  -  ResidentSetSize of job (KB)
...
006 (9701439.000.000) 05/01 00:40:18 Image size of job updated: 9211316
	8996  -  MemoryUsage of job (MB)
	9211316  -  ResidentSetSize of job (KB)
...
006 (9701439.000.000) 05/01 00:45:18 Image size of job updated: 9249240
	9033  -  MemoryUsage of job (MB)
	9249240  -  ResidentSetSize of job (KB)
...
006 (9701439.000.000) 05/01 00:50:19 Image size of job updated: 9338116
	9120  -  MemoryUsage of job (MB)
	9338116  -  ResidentSetSize of job (KB)
...
006 (9701439.000.000) 05/01 00:55:20 Image size of job updated: 9377808
	9159  -  MemoryUsage of job (MB)
	9377808  -  ResidentSetSize of job (KB)
...
006 (9701439.000.000) 05/01 01:00:20 Image size of job updated: 9454772
	9234  -  MemoryUsage of job (MB)
	9454772  -  ResidentSetSize of job (KB)
...
006 (9701439.000.000) 05/01 01:05:21 Image size of job updated: 9506988
	9285  -  MemoryUsage of job (MB)
	9506988  -  ResidentSetSize of job (KB)
...
006 (9701439.000.000) 05/01 01:10:22 Image size of job updated: 9562172
	9339  -  MemoryUsage of job (MB)
	9562172  -  ResidentSetSize of job (KB)
...
006 (9701439.000.000) 05/01 01:15:22 Image size of job updated: 9692924
	9466  -  MemoryUsage of job (MB)
	9692924  -  ResidentSetSize of job (KB)
...
006 (9701439.000.000) 05/01 01:20:22 Image size of job updated: 9733020
	9505  -  MemoryUsage of job (MB)
	9733020  -  ResidentSetSize of job (KB)
...
006 (9701439.000.000) 05/01 01:25:23 Image size of job updated: 9848880
	9619  -  MemoryUsage of job (MB)
	9848880  -  ResidentSetSize of job (KB)
...
006 (9701439.000.000) 05/01 01:30:23 Image size of job updated: 9889380
	9658  -  MemoryUsage of job (MB)
	9889380  -  ResidentSetSize of job (KB)
...
006 (9701439.000.000) 05/01 01:35:23 Image size of job updated: 9949900
	9717  -  MemoryUsage of job (MB)
	9949900  -  ResidentSetSize of job (KB)
...
006 (9701439.000.000) 05/01 01:40:24 Image size of job updated: 9982960
	9749  -  MemoryUsage of job (MB)
	9982960  -  ResidentSetSize of job (KB)
...
006 (9701439.000.000) 05/01 01:45:25 Image size of job updated: 10063180
	9828  -  MemoryUsage of job (MB)
	10063180  -  ResidentSetSize of job (KB)
...
006 (9701439.000.000) 05/01 01:50:25 Image size of job updated: 10100684
	9864  -  MemoryUsage of job (MB)
	10100684  -  ResidentSetSize of job (KB)
...
006 (9701439.000.000) 05/01 01:55:26 Image size of job updated: 10156504
	9919  -  MemoryUsage of job (MB)
	10156504  -  ResidentSetSize of job (KB)
...
006 (9701439.000.000) 05/01 02:00:27 Image size of job updated: 10189212
	9951  -  MemoryUsage of job (MB)
	10189212  -  ResidentSetSize of job (KB)
...
006 (9701439.000.000) 05/01 02:05:27 Image size of job updated: 10229740
	9990  -  MemoryUsage of job (MB)
	10229740  -  ResidentSetSize of job (KB)
...
006 (9701439.000.000) 05/01 02:10:27 Image size of job updated: 10230348
	9991  -  MemoryUsage of job (MB)
	10230348  -  ResidentSetSize of job (KB)
...
006 (9701439.000.000) 05/01 02:15:28 Image size of job updated: 10269424
	10029  -  MemoryUsage of job (MB)
	10269424  -  ResidentSetSize of job (KB)
...
006 (9701439.000.000) 05/01 02:20:28 Image size of job updated: 10346984
	10105  -  MemoryUsage of job (MB)
	10346984  -  ResidentSetSize of job (KB)
...
006 (9701439.000.000) 05/01 02:25:28 Image size of job updated: 10588016
	10340  -  MemoryUsage of job (MB)
	10588016  -  ResidentSetSize of job (KB)
...
006 (9701439.000.000) 05/01 02:30:29 Image size of job updated: 10715748
	10465  -  MemoryUsage of job (MB)
	10715748  -  ResidentSetSize of job (KB)
...
006 (9701439.000.000) 05/01 02:35:30 Image size of job updated: 10751332
	10500  -  MemoryUsage of job (MB)
	10751332  -  ResidentSetSize of job (KB)
...
006 (9701439.000.000) 05/01 02:40:30 Image size of job updated: 10797864
	10545  -  MemoryUsage of job (MB)
	10797864  -  ResidentSetSize of job (KB)
...
006 (9701439.000.000) 05/01 03:00:32 Image size of job updated: 10880332
	10626  -  MemoryUsage of job (MB)
	10880332  -  ResidentSetSize of job (KB)
...
006 (9701439.000.000) 05/01 03:05:34 Image size of job updated: 10910472
	10655  -  MemoryUsage of job (MB)
	10910472  -  ResidentSetSize of job (KB)
...
006 (9701439.000.000) 05/01 03:10:34 Image size of job updated: 11052004
	10793  -  MemoryUsage of job (MB)
	11052004  -  ResidentSetSize of job (KB)
...
006 (9701439.000.000) 05/01 03:15:34 Image size of job updated: 11110036
	10850  -  MemoryUsage of job (MB)
	11110036  -  ResidentSetSize of job (KB)
...
006 (9701439.000.000) 05/01 03:20:35 Image size of job updated: 11145212
	10884  -  MemoryUsage of job (MB)
	11145212  -  ResidentSetSize of job (KB)
...
006 (9701439.000.000) 05/01 03:25:36 Image size of job updated: 11232948
	10970  -  MemoryUsage of job (MB)
	11232948  -  ResidentSetSize of job (KB)
...
006 (9701439.000.000) 05/01 03:50:37 Image size of job updated: 11250816
	10988  -  MemoryUsage of job (MB)
	11250816  -  ResidentSetSize of job (KB)
...
006 (9701439.000.000) 05/01 03:55:38 Image size of job updated: 11277944
	11014  -  MemoryUsage of job (MB)
	11277944  -  ResidentSetSize of job (KB)
...
006 (9701439.000.000) 05/01 04:00:39 Image size of job updated: 11389796
	11123  -  MemoryUsage of job (MB)
	11389796  -  ResidentSetSize of job (KB)
...
006 (9701439.000.000) 05/01 04:05:39 Image size of job updated: 11506412
	11237  -  MemoryUsage of job (MB)
	11506412  -  ResidentSetSize of job (KB)
...
006 (9701439.000.000) 05/01 04:10:40 Image size of job updated: 11510900
	11242  -  MemoryUsage of job (MB)
	11510900  -  ResidentSetSize of job (KB)
...
006 (9701439.000.000) 05/01 04:20:41 Image size of job updated: 11518580
	11249  -  MemoryUsage of job (MB)
	11518580  -  ResidentSetSize of job (KB)
...
006 (9701439.000.000) 05/01 04:25:41 Image size of job updated: 11552412
	11282  -  MemoryUsage of job (MB)
	11552412  -  ResidentSetSize of job (KB)
...
006 (9701439.000.000) 05/01 04:30:42 Image size of job updated: 11662116
	11389  -  MemoryUsage of job (MB)
	11662116  -  ResidentSetSize of job (KB)
...
006 (9701439.000.000) 05/01 04:35:42 Image size of job updated: 11702280
	11429  -  MemoryUsage of job (MB)
	11702280  -  ResidentSetSize of job (KB)
...
006 (9701439.000.000) 05/01 04:40:42 Image size of job updated: 11735904
	11461  -  MemoryUsage of job (MB)
	11735904  -  ResidentSetSize of job (KB)
...
006 (9701439.000.000) 05/01 04:45:43 Image size of job updated: 11852804
	11576  -  MemoryUsage of job (MB)
	11852804  -  ResidentSetSize of job (KB)
...
006 (9701439.000.000) 05/01 04:50:44 Image size of job updated: 11901800
	11623  -  MemoryUsage of job (MB)
	11901800  -  ResidentSetSize of job (KB)
...
006 (9701439.000.000) 05/01 04:55:44 Image size of job updated: 11959208
	11679  -  MemoryUsage of job (MB)
	11959208  -  ResidentSetSize of job (KB)
...
006 (9701439.000.000) 05/01 05:00:45 Image size of job updated: 11982112
	11702  -  MemoryUsage of job (MB)
	11982112  -  ResidentSetSize of job (KB)
...
006 (9701439.000.000) 05/01 05:05:46 Image size of job updated: 12063064
	11781  -  MemoryUsage of job (MB)
	12063064  -  ResidentSetSize of job (KB)
...
006 (9701439.000.000) 05/01 05:10:46 Image size of job updated: 12117188
	11834  -  MemoryUsage of job (MB)
	12117188  -  ResidentSetSize of job (KB)
...
006 (9701439.000.000) 05/01 05:15:46 Image size of job updated: 12217540
	11932  -  MemoryUsage of job (MB)
	12217540  -  ResidentSetSize of job (KB)
...
006 (9701439.000.000) 05/01 05:20:47 Image size of job updated: 12217540
	11932  -  MemoryUsage of job (MB)
	12217796  -  ResidentSetSize of job (KB)
...
006 (9701439.000.000) 05/01 05:25:47 Image size of job updated: 12303084
	12015  -  MemoryUsage of job (MB)
	12303084  -  ResidentSetSize of job (KB)
...
006 (9701439.000.000) 05/01 05:30:47 Image size of job updated: 12445148
	12154  -  MemoryUsage of job (MB)
	12445148  -  ResidentSetSize of job (KB)
...
006 (9701439.000.000) 05/01 05:35:48 Image size of job updated: 12505372
	12213  -  MemoryUsage of job (MB)
	12505372  -  ResidentSetSize of job (KB)
...
006 (9701439.000.000) 05/01 05:40:49 Image size of job updated: 12524052
	12231  -  MemoryUsage of job (MB)
	12524052  -  ResidentSetSize of job (KB)
...
006 (9701439.000.000) 05/01 05:50:50 Image size of job updated: 12564140
	12270  -  MemoryUsage of job (MB)
	12564140  -  ResidentSetSize of job (KB)
...
006 (9701439.000.000) 05/01 05:55:51 Image size of job updated: 12686960
	12390  -  MemoryUsage of job (MB)
	12686960  -  ResidentSetSize of job (KB)
...
006 (9701439.000.000) 05/01 06:00:51 Image size of job updated: 12722540
	12425  -  MemoryUsage of job (MB)
	12722540  -  ResidentSetSize of job (KB)
...
006 (9701439.000.000) 05/01 06:10:52 Image size of job updated: 12862948
	12562  -  MemoryUsage of job (MB)
	12862948  -  ResidentSetSize of job (KB)
...
006 (9701439.000.000) 05/01 06:15:52 Image size of job updated: 12983200
	12679  -  MemoryUsage of job (MB)
	12983200  -  ResidentSetSize of job (KB)
...
006 (9701439.000.000) 05/01 06:20:52 Image size of job updated: 13048572
	12743  -  MemoryUsage of job (MB)
	13048572  -  ResidentSetSize of job (KB)
...
006 (9701439.000.000) 05/01 06:30:54 Image size of job updated: 13093432
	12787  -  MemoryUsage of job (MB)
	13093432  -  ResidentSetSize of job (KB)
...
006 (9701439.000.000) 05/01 06:35:54 Image size of job updated: 13187180
	12879  -  MemoryUsage of job (MB)
	13187180  -  ResidentSetSize of job (KB)
...
006 (9701439.000.000) 05/01 06:40:54 Image size of job updated: 13230680
	12921  -  MemoryUsage of job (MB)
	13230680  -  ResidentSetSize of job (KB)
...
006 (9701439.000.000) 05/01 06:45:55 Image size of job updated: 13283332
	12973  -  MemoryUsage of job (MB)
	13283332  -  ResidentSetSize of job (KB)
...
006 (9701439.000.000) 05/01 06:50:55 Image size of job updated: 13298212
	12987  -  MemoryUsage of job (MB)
	13298212  -  ResidentSetSize of job (KB)
...
006 (9701439.000.000) 05/01 06:55:56 Image size of job updated: 13354084
	13042  -  MemoryUsage of job (MB)
	13354084  -  ResidentSetSize of job (KB)
...
006 (9701439.000.000) 05/01 07:00:57 Image size of job updated: 13445556
	13131  -  MemoryUsage of job (MB)
	13445556  -  ResidentSetSize of job (KB)
...
006 (9701439.000.000) 05/01 07:15:58 Image size of job updated: 13497548
	13182  -  MemoryUsage of job (MB)
	13497548  -  ResidentSetSize of job (KB)
...
006 (9701439.000.000) 05/01 07:20:58 Image size of job updated: 13554476
	13237  -  MemoryUsage of job (MB)
	13554476  -  ResidentSetSize of job (KB)
...
006 (9701439.000.000) 05/01 07:25:58 Image size of job updated: 13586400
	13268  -  MemoryUsage of job (MB)
	13586400  -  ResidentSetSize of job (KB)
...
006 (9701439.000.000) 05/01 07:30:59 Image size of job updated: 13741048
	13419  -  MemoryUsage of job (MB)
	13741048  -  ResidentSetSize of job (KB)
...
006 (9701439.000.000) 05/01 07:41:00 Image size of job updated: 13857388
	13533  -  MemoryUsage of job (MB)
	13857388  -  ResidentSetSize of job (KB)
...
006 (9701439.000.000) 05/01 07:46:01 Image size of job updated: 13898112
	13573  -  MemoryUsage of job (MB)
	13898112  -  ResidentSetSize of job (KB)
...
006 (9701439.000.000) 05/01 07:51:02 Image size of job updated: 14048240
	13719  -  MemoryUsage of job (MB)
	14048240  -  ResidentSetSize of job (KB)
...
006 (9701439.000.000) 05/01 07:56:02 Image size of job updated: 14088172
	13758  -  MemoryUsage of job (MB)
	14088172  -  ResidentSetSize of job (KB)
...
006 (9701439.000.000) 05/01 08:01:02 Image size of job updated: 14138988
	13808  -  MemoryUsage of job (MB)
	14138988  -  ResidentSetSize of job (KB)
...
006 (9701439.000.000) 05/01 08:06:03 Image size of job updated: 14179988
	13848  -  MemoryUsage of job (MB)
	14179988  -  ResidentSetSize of job (KB)
...
006 (9701439.000.000) 05/01 08:11:03 Image size of job updated: 14297472
	13963  -  MemoryUsage of job (MB)
	14297472  -  ResidentSetSize of job (KB)
...
006 (9701439.000.000) 05/01 08:16:03 Image size of job updated: 14339992
	14004  -  MemoryUsage of job (MB)
	14339992  -  ResidentSetSize of job (KB)
...
006 (9701439.000.000) 05/01 08:21:04 Image size of job updated: 14428200
	14091  -  MemoryUsage of job (MB)
	14428200  -  ResidentSetSize of job (KB)
...
006 (9701439.000.000) 05/01 08:26:05 Image size of job updated: 14464344
	14126  -  MemoryUsage of job (MB)
	14464344  -  ResidentSetSize of job (KB)
...
006 (9701439.000.000) 05/01 08:31:05 Image size of job updated: 14521412
	14182  -  MemoryUsage of job (MB)
	14521412  -  ResidentSetSize of job (KB)
...
006 (9701439.000.000) 05/01 08:41:07 Image size of job updated: 14635244
	14293  -  MemoryUsage of job (MB)
	14635244  -  ResidentSetSize of job (KB)
...
006 (9701439.000.000) 05/01 08:46:07 Image size of job updated: 14674272
	14331  -  MemoryUsage of job (MB)
	14674272  -  ResidentSetSize of job (KB)
...
006 (9701439.000.000) 05/01 08:51:08 Image size of job updated: 14806296
	14460  -  MemoryUsage of job (MB)
	14806296  -  ResidentSetSize of job (KB)
...
006 (9701439.000.000) 05/01 08:56:09 Image size of job updated: 14843604
	14496  -  MemoryUsage of job (MB)
	14843604  -  ResidentSetSize of job (KB)
...
006 (9701439.000.000) 05/01 09:01:09 Image size of job updated: 14961528
	14611  -  MemoryUsage of job (MB)
	14961528  -  ResidentSetSize of job (KB)
...
006 (9701439.000.000) 05/01 09:06:09 Image size of job updated: 14995260
	14644  -  MemoryUsage of job (MB)
	14995260  -  ResidentSetSize of job (KB)
...
006 (9701439.000.000) 05/01 09:16:11 Image size of job updated: 15025328
	14674  -  MemoryUsage of job (MB)
	15025328  -  ResidentSetSize of job (KB)
...
006 (9701439.000.000) 05/01 09:21:11 Image size of job updated: 15058260
	14706  -  MemoryUsage of job (MB)
	15058260  -  ResidentSetSize of job (KB)
...
006 (9701439.000.000) 05/01 09:26:12 Image size of job updated: 15098492
	14745  -  MemoryUsage of job (MB)
	15098492  -  ResidentSetSize of job (KB)
...
006 (9701439.000.000) 05/01 09:31:13 Image size of job updated: 15146196
	14792  -  MemoryUsage of job (MB)
	15146196  -  ResidentSetSize of job (KB)
...
006 (9701439.000.000) 05/01 09:36:13 Image size of job updated: 15216540
	14860  -  MemoryUsage of job (MB)
	15216540  -  ResidentSetSize of job (KB)
...
006 (9701439.000.000) 05/01 09:41:14 Image size of job updated: 15254168
	14897  -  MemoryUsage of job (MB)
	15254168  -  ResidentSetSize of job (KB)
...
006 (9701439.000.000) 05/01 09:46:15 Image size of job updated: 15286940
	14929  -  MemoryUsage of job (MB)
	15286940  -  ResidentSetSize of job (KB)
...
006 (9701439.000.000) 05/01 09:51:15 Image size of job updated: 15350032
	14991  -  MemoryUsage of job (MB)
	15350032  -  ResidentSetSize of job (KB)
...
006 (9701439.000.000) 05/01 09:56:15 Image size of job updated: 15403928
	15043  -  MemoryUsage of job (MB)
	15403928  -  ResidentSetSize of job (KB)
...
006 (9701439.000.000) 05/01 10:01:16 Image size of job updated: 15574060
	15210  -  MemoryUsage of job (MB)
	15574060  -  ResidentSetSize of job (KB)
...
006 (9701439.000.000) 05/01 10:06:16 Image size of job updated: 15614000
	15249  -  MemoryUsage of job (MB)
	15614000  -  ResidentSetSize of job (KB)
...
006 (9701439.000.000) 05/01 10:11:16 Image size of job updated: 15664152
	15298  -  MemoryUsage of job (MB)
	15664152  -  ResidentSetSize of job (KB)
...
006 (9701439.000.000) 05/01 10:16:17 Image size of job updated: 15716724
	15349  -  MemoryUsage of job (MB)
	15716724  -  ResidentSetSize of job (KB)
...
006 (9701439.000.000) 05/01 10:21:18 Image size of job updated: 15786004
	15417  -  MemoryUsage of job (MB)
	15786004  -  ResidentSetSize of job (KB)
...
006 (9701439.000.000) 05/01 10:26:18 Image size of job updated: 15790728
	15421  -  MemoryUsage of job (MB)
	15790728  -  ResidentSetSize of job (KB)
...
006 (9701439.000.000) 05/01 10:31:19 Image size of job updated: 15831576
	15461  -  MemoryUsage of job (MB)
	15831576  -  ResidentSetSize of job (KB)
...
006 (9701439.000.000) 05/01 10:51:21 Image size of job updated: 15918904
	15546  -  MemoryUsage of job (MB)
	15918904  -  ResidentSetSize of job (KB)
...
006 (9701439.000.000) 05/01 10:56:21 Image size of job updated: 15953308
	15580  -  MemoryUsage of job (MB)
	15953308  -  ResidentSetSize of job (KB)
...
006 (9701439.000.000) 05/01 11:01:21 Image size of job updated: 16045524
	15670  -  MemoryUsage of job (MB)
	16045524  -  ResidentSetSize of job (KB)
...
006 (9701439.000.000) 05/01 11:06:23 Image size of job updated: 16111620
	15735  -  MemoryUsage of job (MB)
	16111620  -  ResidentSetSize of job (KB)
...
006 (9701439.000.000) 05/01 11:11:23 Image size of job updated: 16150604
	15773  -  MemoryUsage of job (MB)
	16150604  -  ResidentSetSize of job (KB)
...
006 (9701439.000.000) 05/01 11:16:23 Image size of job updated: 16216536
	15837  -  MemoryUsage of job (MB)
	16216536  -  ResidentSetSize of job (KB)
...
006 (9701439.000.000) 05/01 11:21:24 Image size of job updated: 16252700
	15872  -  MemoryUsage of job (MB)
	16252700  -  ResidentSetSize of job (KB)
...
006 (9701439.000.000) 05/01 11:26:25 Image size of job updated: 16289492
	15908  -  MemoryUsage of job (MB)
	16289492  -  ResidentSetSize of job (KB)
...
006 (9701439.000.000) 05/01 11:31:25 Image size of job updated: 16353456
	15971  -  MemoryUsage of job (MB)
	16353456  -  ResidentSetSize of job (KB)
...
006 (9701439.000.000) 05/01 11:36:26 Image size of job updated: 16425684
	16041  -  MemoryUsage of job (MB)
	16425684  -  ResidentSetSize of job (KB)
...
006 (9701439.000.000) 05/01 11:41:27 Image size of job updated: 16519552
	16133  -  MemoryUsage of job (MB)
	16519552  -  ResidentSetSize of job (KB)
...
006 (9701439.000.000) 05/01 11:56:28 Image size of job updated: 16536264
	16149  -  MemoryUsage of job (MB)
	16536264  -  ResidentSetSize of job (KB)
...
006 (9701439.000.000) 05/01 12:01:28 Image size of job updated: 16599404
	16211  -  MemoryUsage of job (MB)
	16599404  -  ResidentSetSize of job (KB)
...
006 (9701439.000.000) 05/01 12:06:28 Image size of job updated: 16668620
	16278  -  MemoryUsage of job (MB)
	16668620  -  ResidentSetSize of job (KB)
...
006 (9701439.000.000) 05/01 12:11:29 Image size of job updated: 16718688
	16327  -  MemoryUsage of job (MB)
	16718688  -  ResidentSetSize of job (KB)
...
006 (9701439.000.000) 05/01 12:16:30 Image size of job updated: 16840844
	16447  -  MemoryUsage of job (MB)
	16840844  -  ResidentSetSize of job (KB)
...
006 (9701439.000.000) 05/01 12:21:30 Image size of job updated: 16875980
	16481  -  MemoryUsage of job (MB)
	16875980  -  ResidentSetSize of job (KB)
...
006 (9701439.000.000) 05/01 12:26:31 Image size of job updated: 17006104
	16608  -  MemoryUsage of job (MB)
	17006104  -  ResidentSetSize of job (KB)
...
006 (9701439.000.000) 05/01 12:31:32 Image size of job updated: 17038304
	16639  -  MemoryUsage of job (MB)
	17038304  -  ResidentSetSize of job (KB)
...
006 (9701439.000.000) 05/01 12:36:32 Image size of job updated: 17088156
	16688  -  MemoryUsage of job (MB)
	17088156  -  ResidentSetSize of job (KB)
...
006 (9701439.000.000) 05/01 12:41:32 Image size of job updated: 17129600
	16729  -  MemoryUsage of job (MB)
	17129600  -  ResidentSetSize of job (KB)
...
006 (9701439.000.000) 05/01 12:46:33 Image size of job updated: 17217968
	16815  -  MemoryUsage of job (MB)
	17217968  -  ResidentSetSize of job (KB)
...
006 (9701439.000.000) 05/01 12:51:33 Image size of job updated: 17260412
	16856  -  MemoryUsage of job (MB)
	17260412  -  ResidentSetSize of job (KB)
...
006 (9701439.000.000) 05/01 12:56:33 Image size of job updated: 17307692
	16903  -  MemoryUsage of job (MB)
	17307692  -  ResidentSetSize of job (KB)
...
006 (9701439.000.000) 05/01 13:01:34 Image size of job updated: 17440584
	17032  -  MemoryUsage of job (MB)
	17440584  -  ResidentSetSize of job (KB)
...
006 (9701439.000.000) 05/01 13:06:34 Image size of job updated: 17475792
	17067  -  MemoryUsage of job (MB)
	17475792  -  ResidentSetSize of job (KB)
...
006 (9701439.000.000) 05/01 13:11:34 Image size of job updated: 17517220
	17107  -  MemoryUsage of job (MB)
	17517220  -  ResidentSetSize of job (KB)
...
006 (9701439.000.000) 05/01 13:16:35 Image size of job updated: 17578464
	17167  -  MemoryUsage of job (MB)
	17578464  -  ResidentSetSize of job (KB)
...
006 (9701439.000.000) 05/01 13:26:36 Image size of job updated: 17647764
	17235  -  MemoryUsage of job (MB)
	17647764  -  ResidentSetSize of job (KB)
...
006 (9701439.000.000) 05/01 13:31:37 Image size of job updated: 17665496
	17252  -  MemoryUsage of job (MB)
	17665496  -  ResidentSetSize of job (KB)
...
006 (9701439.000.000) 05/01 13:36:38 Image size of job updated: 17724572
	17310  -  MemoryUsage of job (MB)
	17724572  -  ResidentSetSize of job (KB)
...
006 (9701439.000.000) 05/01 13:41:38 Image size of job updated: 17763668
	17348  -  MemoryUsage of job (MB)
	17763668  -  ResidentSetSize of job (KB)
...
006 (9701439.000.000) 05/01 13:46:38 Image size of job updated: 17873188
	17455  -  MemoryUsage of job (MB)
	17873188  -  ResidentSetSize of job (KB)
...
006 (9701439.000.000) 05/01 13:51:39 Image size of job updated: 17914900
	17496  -  MemoryUsage of job (MB)
	17914900  -  ResidentSetSize of job (KB)
...
006 (9701439.000.000) 05/01 13:56:39 Image size of job updated: 18006084
	17585  -  MemoryUsage of job (MB)
	18006084  -  ResidentSetSize of job (KB)
...
006 (9701439.000.000) 05/01 14:01:39 Image size of job updated: 18046352
	17624  -  MemoryUsage of job (MB)
	18046352  -  ResidentSetSize of job (KB)
...
006 (9701439.000.000) 05/01 14:06:40 Image size of job updated: 18150316
	17725  -  MemoryUsage of job (MB)
	18150316  -  ResidentSetSize of job (KB)
...
006 (9701439.000.000) 05/01 14:11:41 Image size of job updated: 18606996
	18171  -  MemoryUsage of job (MB)
	18606996  -  ResidentSetSize of job (KB)
...
006 (9701439.000.000) 05/01 14:16:41 Image size of job updated: 18771496
	18332  -  MemoryUsage of job (MB)
	18771496  -  ResidentSetSize of job (KB)
...
006 (9701439.000.000) 05/01 14:21:42 Image size of job updated: 18811772
	18371  -  MemoryUsage of job (MB)
	18811772  -  ResidentSetSize of job (KB)
...
006 (9701439.000.000) 05/01 14:31:43 Image size of job updated: 18832720
	18392  -  MemoryUsage of job (MB)
	18832720  -  ResidentSetSize of job (KB)
...
006 (9701439.000.000) 05/01 14:36:43 Image size of job updated: 18900452
	18458  -  MemoryUsage of job (MB)
	18900452  -  ResidentSetSize of job (KB)
...
006 (9701439.000.000) 05/01 14:41:44 Image size of job updated: 19035068
	18589  -  MemoryUsage of job (MB)
	19035068  -  ResidentSetSize of job (KB)
...
006 (9701439.000.000) 05/01 14:46:44 Image size of job updated: 19079932
	18633  -  MemoryUsage of job (MB)
	19079932  -  ResidentSetSize of job (KB)
...
006 (9701439.000.000) 05/01 14:56:45 Image size of job updated: 19138616
	18691  -  MemoryUsage of job (MB)
	19138616  -  ResidentSetSize of job (KB)
...
006 (9701439.000.000) 05/01 15:01:45 Image size of job updated: 19262796
	18812  -  MemoryUsage of job (MB)
	19262796  -  ResidentSetSize of job (KB)
...
006 (9701439.000.000) 05/01 15:11:46 Image size of job updated: 19281540
	18830  -  MemoryUsage of job (MB)
	19281540  -  ResidentSetSize of job (KB)
...
006 (9701439.000.000) 05/01 15:16:47 Image size of job updated: 19395356
	18941  -  MemoryUsage of job (MB)
	19395356  -  ResidentSetSize of job (KB)
...
006 (9701439.000.000) 05/01 15:26:48 Image size of job updated: 19496828
	19040  -  MemoryUsage of job (MB)
	19496828  -  ResidentSetSize of job (KB)
...
006 (9701439.000.000) 05/01 15:31:49 Image size of job updated: 19534700
	19077  -  MemoryUsage of job (MB)
	19534700  -  ResidentSetSize of job (KB)
...
006 (9701439.000.000) 05/01 15:36:49 Image size of job updated: 19601556
	19143  -  MemoryUsage of job (MB)
	19601556  -  ResidentSetSize of job (KB)
...
006 (9701439.000.000) 05/01 15:41:49 Image size of job updated: 19639620
	19180  -  MemoryUsage of job (MB)
	19639620  -  ResidentSetSize of job (KB)
...
006 (9701439.000.000) 05/01 15:46:50 Image size of job updated: 19709872
	19248  -  MemoryUsage of job (MB)
	19709872  -  ResidentSetSize of job (KB)
...
006 (9701439.000.000) 05/01 15:51:50 Image size of job updated: 19773864
	19311  -  MemoryUsage of job (MB)
	19773864  -  ResidentSetSize of job (KB)
...
006 (9701439.000.000) 05/01 15:56:50 Image size of job updated: 19863820
	19399  -  MemoryUsage of job (MB)
	19863820  -  ResidentSetSize of job (KB)
...
006 (9701439.000.000) 05/01 16:01:52 Image size of job updated: 19901532
	19436  -  MemoryUsage of job (MB)
	19901532  -  ResidentSetSize of job (KB)
...
006 (9701439.000.000) 05/01 16:06:52 Image size of job updated: 19995408
	19527  -  MemoryUsage of job (MB)
	19995408  -  ResidentSetSize of job (KB)
...
006 (9701439.000.000) 05/01 16:11:52 Image size of job updated: 20052232
	19583  -  MemoryUsage of job (MB)
	20052232  -  ResidentSetSize of job (KB)
...
006 (9701439.000.000) 05/01 16:16:53 Image size of job updated: 20089600
	19619  -  MemoryUsage of job (MB)
	20089600  -  ResidentSetSize of job (KB)
...
006 (9701439.000.000) 05/01 16:21:54 Image size of job updated: 20182328
	19710  -  MemoryUsage of job (MB)
	20182328  -  ResidentSetSize of job (KB)
...
006 (9701439.000.000) 05/01 16:26:54 Image size of job updated: 20246996
	19773  -  MemoryUsage of job (MB)
	20246996  -  ResidentSetSize of job (KB)
...
006 (9701439.000.000) 05/01 16:31:55 Image size of job updated: 20368248
	19891  -  MemoryUsage of job (MB)
	20368248  -  ResidentSetSize of job (KB)
...
006 (9701439.000.000) 05/01 16:36:56 Image size of job updated: 20488956
	20009  -  MemoryUsage of job (MB)
	20488956  -  ResidentSetSize of job (KB)
...
006 (9701439.000.000) 05/01 16:41:56 Image size of job updated: 20609732
	20127  -  MemoryUsage of job (MB)
	20609732  -  ResidentSetSize of job (KB)
...
006 (9701439.000.000) 05/01 16:46:56 Image size of job updated: 20618532
	20136  -  MemoryUsage of job (MB)
	20618532  -  ResidentSetSize of job (KB)
...
006 (9701439.000.000) 05/01 16:51:58 Image size of job updated: 20646704
	20163  -  MemoryUsage of job (MB)
	20646704  -  ResidentSetSize of job (KB)
...
006 (9701439.000.000) 05/01 16:56:58 Image size of job updated: 20690072
	20206  -  MemoryUsage of job (MB)
	20690072  -  ResidentSetSize of job (KB)
...
006 (9701439.000.000) 05/01 17:12:00 Image size of job updated: 20837592
	20350  -  MemoryUsage of job (MB)
	20837592  -  ResidentSetSize of job (KB)
...
006 (9701439.000.000) 05/01 17:17:00 Image size of job updated: 20876360
	20388  -  MemoryUsage of job (MB)
	20876360  -  ResidentSetSize of job (KB)
...
006 (9701439.000.000) 05/01 17:22:01 Image size of job updated: 20943232
	20453  -  MemoryUsage of job (MB)
	20943232  -  ResidentSetSize of job (KB)
...
006 (9701439.000.000) 05/01 17:27:02 Image size of job updated: 21006644
	20515  -  MemoryUsage of job (MB)
	21006644  -  ResidentSetSize of job (KB)
...
006 (9701439.000.000) 05/01 17:32:02 Image size of job updated: 21098872
	20605  -  MemoryUsage of job (MB)
	21098872  -  ResidentSetSize of job (KB)
...
006 (9701439.000.000) 05/01 17:37:02 Image size of job updated: 21229748
	20733  -  MemoryUsage of job (MB)
	21229748  -  ResidentSetSize of job (KB)
...
006 (9701439.000.000) 05/01 17:42:03 Image size of job updated: 21237556
	20740  -  MemoryUsage of job (MB)
	21237556  -  ResidentSetSize of job (KB)
...
006 (9701439.000.000) 05/01 17:47:04 Image size of job updated: 21302584
	20804  -  MemoryUsage of job (MB)
	21302584  -  ResidentSetSize of job (KB)
...
006 (9701439.000.000) 05/01 17:52:04 Image size of job updated: 21309692
	20811  -  MemoryUsage of job (MB)
	21309692  -  ResidentSetSize of job (KB)
...
006 (9701439.000.000) 05/01 17:57:05 Image size of job updated: 21344220
	20844  -  MemoryUsage of job (MB)
	21344220  -  ResidentSetSize of job (KB)
...
006 (9701439.000.000) 05/01 18:02:06 Image size of job updated: 21407452
	20906  -  MemoryUsage of job (MB)
	21407452  -  ResidentSetSize of job (KB)
...
006 (9701439.000.000) 05/01 18:07:06 Image size of job updated: 21444484
	20942  -  MemoryUsage of job (MB)
	21444484  -  ResidentSetSize of job (KB)
...
006 (9701439.000.000) 05/01 18:12:06 Image size of job updated: 21484604
	20982  -  MemoryUsage of job (MB)
	21484604  -  ResidentSetSize of job (KB)
...
006 (9701439.000.000) 05/01 18:17:07 Image size of job updated: 21606916
	21101  -  MemoryUsage of job (MB)
	21606916  -  ResidentSetSize of job (KB)
...
006 (9701439.000.000) 05/01 18:22:07 Image size of job updated: 21643608
	21137  -  MemoryUsage of job (MB)
	21643608  -  ResidentSetSize of job (KB)
...
006 (9701439.000.000) 05/01 18:37:09 Image size of job updated: 21759548
	21250  -  MemoryUsage of job (MB)
	21759548  -  ResidentSetSize of job (KB)
...
006 (9701439.000.000) 05/01 18:42:09 Image size of job updated: 21876116
	21364  -  MemoryUsage of job (MB)
	21876116  -  ResidentSetSize of job (KB)
...
006 (9701439.000.000) 05/01 18:47:10 Image size of job updated: 21923512
	21410  -  MemoryUsage of job (MB)
	21923512  -  ResidentSetSize of job (KB)
...
006 (9701439.000.000) 05/01 18:52:11 Image size of job updated: 21979628
	21465  -  MemoryUsage of job (MB)
	21979628  -  ResidentSetSize of job (KB)
...
006 (9701439.000.000) 05/01 18:57:11 Image size of job updated: 22020552
	21505  -  MemoryUsage of job (MB)
	22020552  -  ResidentSetSize of job (KB)
...
006 (9701439.000.000) 05/01 19:02:11 Image size of job updated: 22095488
	21578  -  MemoryUsage of job (MB)
	22095488  -  ResidentSetSize of job (KB)
...
006 (9701439.000.000) 05/01 19:07:12 Image size of job updated: 22139096
	21621  -  MemoryUsage of job (MB)
	22139096  -  ResidentSetSize of job (KB)
...
006 (9701439.000.000) 05/01 19:12:12 Image size of job updated: 22150636
	21632  -  MemoryUsage of job (MB)
	22150636  -  ResidentSetSize of job (KB)
...
006 (9701439.000.000) 05/01 19:17:12 Image size of job updated: 22166624
	21648  -  MemoryUsage of job (MB)
	22166624  -  ResidentSetSize of job (KB)
...
006 (9701439.000.000) 05/01 19:22:13 Image size of job updated: 22211728
	21692  -  MemoryUsage of job (MB)
	22211728  -  ResidentSetSize of job (KB)
...
006 (9701439.000.000) 05/01 19:27:14 Image size of job updated: 22330808
	21808  -  MemoryUsage of job (MB)
	22330808  -  ResidentSetSize of job (KB)
...
006 (9701439.000.000) 05/01 19:32:14 Image size of job updated: 22374140
	21850  -  MemoryUsage of job (MB)
	22374140  -  ResidentSetSize of job (KB)
...
006 (9701439.000.000) 05/01 19:37:15 Image size of job updated: 22435192
	21910  -  MemoryUsage of job (MB)
	22435192  -  ResidentSetSize of job (KB)
...
006 (9701439.000.000) 05/01 19:42:16 Image size of job updated: 22469248
	21943  -  MemoryUsage of job (MB)
	22469248  -  ResidentSetSize of job (KB)
...
006 (9701439.000.000) 05/01 19:47:16 Image size of job updated: 22553424
	22025  -  MemoryUsage of job (MB)
	22553424  -  ResidentSetSize of job (KB)
...
006 (9701439.000.000) 05/01 19:52:16 Image size of job updated: 22604252
	22075  -  MemoryUsage of job (MB)
	22604252  -  ResidentSetSize of job (KB)
...
006 (9701439.000.000) 05/01 19:57:17 Image size of job updated: 22702640
	22171  -  MemoryUsage of job (MB)
	22702640  -  ResidentSetSize of job (KB)
...
006 (9701439.000.000) 05/01 20:02:17 Image size of job updated: 22797908
	22264  -  MemoryUsage of job (MB)
	22797908  -  ResidentSetSize of job (KB)
...
006 (9701439.000.000) 05/01 20:07:17 Image size of job updated: 22906984
	22371  -  MemoryUsage of job (MB)
	22906984  -  ResidentSetSize of job (KB)
...
006 (9701439.000.000) 05/01 20:12:18 Image size of job updated: 22936544
	22399  -  MemoryUsage of job (MB)
	22936544  -  ResidentSetSize of job (KB)
...
006 (9701439.000.000) 05/01 20:17:18 Image size of job updated: 22969680
	22432  -  MemoryUsage of job (MB)
	22969680  -  ResidentSetSize of job (KB)
...
006 (9701439.000.000) 05/01 20:22:18 Image size of job updated: 23086624
	22546  -  MemoryUsage of job (MB)
	23086624  -  ResidentSetSize of job (KB)
...
006 (9701439.000.000) 05/01 20:27:19 Image size of job updated: 23125512
	22584  -  MemoryUsage of job (MB)
	23125512  -  ResidentSetSize of job (KB)
...
006 (9701439.000.000) 05/01 20:32:20 Image size of job updated: 23186768
	22644  -  MemoryUsage of job (MB)
	23186768  -  ResidentSetSize of job (KB)
...
006 (9701439.000.000) 05/01 20:37:20 Image size of job updated: 23240524
	22696  -  MemoryUsage of job (MB)
	23240524  -  ResidentSetSize of job (KB)
...
006 (9701439.000.000) 05/01 20:42:21 Image size of job updated: 23294340
	22749  -  MemoryUsage of job (MB)
	23294340  -  ResidentSetSize of job (KB)
...
006 (9701439.000.000) 05/01 20:47:22 Image size of job updated: 23423128
	22875  -  MemoryUsage of job (MB)
	23423128  -  ResidentSetSize of job (KB)
...
006 (9701439.000.000) 05/01 20:52:22 Image size of job updated: 23466420
	22917  -  MemoryUsage of job (MB)
	23466420  -  ResidentSetSize of job (KB)
...
006 (9701439.000.000) 05/01 20:57:22 Image size of job updated: 23587292
	23035  -  MemoryUsage of job (MB)
	23587292  -  ResidentSetSize of job (KB)
...
006 (9701439.000.000) 05/01 21:02:23 Image size of job updated: 23629572
	23076  -  MemoryUsage of job (MB)
	23629572  -  ResidentSetSize of job (KB)
...
006 (9701439.000.000) 05/01 21:07:23 Image size of job updated: 23690460
	23136  -  MemoryUsage of job (MB)
	23690460  -  ResidentSetSize of job (KB)
...
006 (9701439.000.000) 05/01 21:12:23 Image size of job updated: 23809788
	23252  -  MemoryUsage of job (MB)
	23809788  -  ResidentSetSize of job (KB)
...
006 (9701439.000.000) 05/01 21:17:24 Image size of job updated: 23850720
	23292  -  MemoryUsage of job (MB)
	23850720  -  ResidentSetSize of job (KB)
...
006 (9701439.000.000) 05/01 21:22:25 Image size of job updated: 23999372
	23437  -  MemoryUsage of job (MB)
	23999372  -  ResidentSetSize of job (KB)
...
006 (9701439.000.000) 05/01 21:27:25 Image size of job updated: 24040320
	23477  -  MemoryUsage of job (MB)
	24040320  -  ResidentSetSize of job (KB)
...
006 (9701439.000.000) 05/01 21:32:26 Image size of job updated: 24170428
	23604  -  MemoryUsage of job (MB)
	24170428  -  ResidentSetSize of job (KB)
...
006 (9701439.000.000) 05/01 21:37:27 Image size of job updated: 24212108
	23645  -  MemoryUsage of job (MB)
	24212108  -  ResidentSetSize of job (KB)
...
006 (9701439.000.000) 05/01 21:42:27 Image size of job updated: 24331316
	23762  -  MemoryUsage of job (MB)
	24331316  -  ResidentSetSize of job (KB)
...
006 (9701439.000.000) 05/01 21:47:27 Image size of job updated: 24453584
	23881  -  MemoryUsage of job (MB)
	24453584  -  ResidentSetSize of job (KB)
...
006 (9701439.000.000) 05/01 21:52:28 Image size of job updated: 24500240
	23927  -  MemoryUsage of job (MB)
	24500240  -  ResidentSetSize of job (KB)
...
006 (9701439.000.000) 05/01 22:17:30 Image size of job updated: 24538852
	23964  -  MemoryUsage of job (MB)
	24538852  -  ResidentSetSize of job (KB)
...
006 (9701439.000.000) 05/01 22:22:31 Image size of job updated: 24572124
	23997  -  MemoryUsage of job (MB)
	24572124  -  ResidentSetSize of job (KB)
...
006 (9701439.000.000) 05/01 22:27:32 Image size of job updated: 24603608
	24027  -  MemoryUsage of job (MB)
	24603608  -  ResidentSetSize of job (KB)
...
006 (9701439.000.000) 05/01 22:32:32 Image size of job updated: 24689980
	24112  -  MemoryUsage of job (MB)
	24689980  -  ResidentSetSize of job (KB)
...
006 (9701439.000.000) 05/01 22:42:34 Image size of job updated: 24713776
	24135  -  MemoryUsage of job (MB)
	24713776  -  ResidentSetSize of job (KB)
...
006 (9701439.000.000) 05/01 22:47:34 Image size of job updated: 24717520
	24139  -  MemoryUsage of job (MB)
	24717520  -  ResidentSetSize of job (KB)
...
006 (9701439.000.000) 05/01 22:52:35 Image size of job updated: 24757732
	24178  -  MemoryUsage of job (MB)
	24757732  -  ResidentSetSize of job (KB)
...
006 (9701439.000.000) 05/01 23:02:36 Image size of job updated: 24769688
	24190  -  MemoryUsage of job (MB)
	24769688  -  ResidentSetSize of job (KB)
...
006 (9701439.000.000) 05/01 23:12:37 Image size of job updated: 24805440
	24225  -  MemoryUsage of job (MB)
	24805440  -  ResidentSetSize of job (KB)
...
006 (9701439.000.000) 05/01 23:17:37 Image size of job updated: 24913952
	24331  -  MemoryUsage of job (MB)
	24913952  -  ResidentSetSize of job (KB)
...
006 (9701439.000.000) 05/01 23:22:37 Image size of job updated: 24963052
	24378  -  MemoryUsage of job (MB)
	24963052  -  ResidentSetSize of job (KB)
...
006 (9701439.000.000) 05/01 23:27:38 Image size of job updated: 25014684
	24429  -  MemoryUsage of job (MB)
	25014684  -  ResidentSetSize of job (KB)
...
006 (9701439.000.000) 05/01 23:32:39 Image size of job updated: 25177488
	24588  -  MemoryUsage of job (MB)
	25177488  -  ResidentSetSize of job (KB)
...
006 (9701439.000.000) 05/01 23:37:39 Image size of job updated: 25219504
	24629  -  MemoryUsage of job (MB)
	25219504  -  ResidentSetSize of job (KB)
...
006 (9701439.000.000) 05/01 23:42:40 Image size of job updated: 25269308
	24678  -  MemoryUsage of job (MB)
	25269308  -  ResidentSetSize of job (KB)
...
006 (9701439.000.000) 05/01 23:47:41 Image size of job updated: 25325584
	24733  -  MemoryUsage of job (MB)
	25325584  -  ResidentSetSize of job (KB)
...
006 (9701439.000.000) 05/01 23:52:41 Image size of job updated: 25365652
	24772  -  MemoryUsage of job (MB)
	25365652  -  ResidentSetSize of job (KB)
...
006 (9701439.000.000) 05/02 00:07:42 Image size of job updated: 25368668
	24775  -  MemoryUsage of job (MB)
	25368668  -  ResidentSetSize of job (KB)
...
006 (9701439.000.000) 05/02 00:12:42 Image size of job updated: 25411532
	24816  -  MemoryUsage of job (MB)
	25411532  -  ResidentSetSize of job (KB)
...
006 (9701439.000.000) 05/02 00:17:43 Image size of job updated: 25443776
	24848  -  MemoryUsage of job (MB)
	25443776  -  ResidentSetSize of job (KB)
...
006 (9701439.000.000) 05/02 00:22:43 Image size of job updated: 25483924
	24887  -  MemoryUsage of job (MB)
	25483924  -  ResidentSetSize of job (KB)
...
006 (9701439.000.000) 05/02 00:27:43 Image size of job updated: 25524472
	24927  -  MemoryUsage of job (MB)
	25524472  -  ResidentSetSize of job (KB)
...
006 (9701439.000.000) 05/02 00:32:44 Image size of job updated: 25572520
	24974  -  MemoryUsage of job (MB)
	25572520  -  ResidentSetSize of job (KB)
...
006 (9701439.000.000) 05/02 00:37:45 Image size of job updated: 25575016
	24976  -  MemoryUsage of job (MB)
	25575016  -  ResidentSetSize of job (KB)
...
006 (9701439.000.000) 05/02 00:42:45 Image size of job updated: 25600116
	25001  -  MemoryUsage of job (MB)
	25600116  -  ResidentSetSize of job (KB)
...
006 (9701439.000.000) 05/02 00:47:46 Image size of job updated: 25683012
	25082  -  MemoryUsage of job (MB)
	25683012  -  ResidentSetSize of job (KB)
...
006 (9701439.000.000) 05/02 00:52:47 Image size of job updated: 25727152
	25125  -  MemoryUsage of job (MB)
	25727152  -  ResidentSetSize of job (KB)
...
006 (9701439.000.000) 05/02 00:57:47 Image size of job updated: 25767344
	25164  -  MemoryUsage of job (MB)
	25767344  -  ResidentSetSize of job (KB)
...
006 (9701439.000.000) 05/02 01:02:47 Image size of job updated: 25842260
	25237  -  MemoryUsage of job (MB)
	25842260  -  ResidentSetSize of job (KB)
...
006 (9701439.000.000) 05/02 01:07:48 Image size of job updated: 25880176
	25274  -  MemoryUsage of job (MB)
	25880176  -  ResidentSetSize of job (KB)
...
006 (9701439.000.000) 05/02 01:12:48 Image size of job updated: 25921076
	25314  -  MemoryUsage of job (MB)
	25921076  -  ResidentSetSize of job (KB)
...
006 (9701439.000.000) 05/02 01:17:48 Image size of job updated: 26067804
	25457  -  MemoryUsage of job (MB)
	26067804  -  ResidentSetSize of job (KB)
...
006 (9701439.000.000) 05/02 01:22:49 Image size of job updated: 26107596
	25496  -  MemoryUsage of job (MB)
	26107596  -  ResidentSetSize of job (KB)
...
006 (9701439.000.000) 05/02 01:27:50 Image size of job updated: 26148008
	25536  -  MemoryUsage of job (MB)
	26148008  -  ResidentSetSize of job (KB)
...
006 (9701439.000.000) 05/02 01:32:50 Image size of job updated: 26209872
	25596  -  MemoryUsage of job (MB)
	26209872  -  ResidentSetSize of job (KB)
...
006 (9701439.000.000) 05/02 01:37:51 Image size of job updated: 26251072
	25636  -  MemoryUsage of job (MB)
	26251072  -  ResidentSetSize of job (KB)
...
006 (9701439.000.000) 05/02 01:42:52 Image size of job updated: 26304908
	25689  -  MemoryUsage of job (MB)
	26304908  -  ResidentSetSize of job (KB)
...
006 (9701439.000.000) 05/02 01:47:52 Image size of job updated: 26405060
	25787  -  MemoryUsage of job (MB)
	26405060  -  ResidentSetSize of job (KB)
...
006 (9701439.000.000) 05/02 01:52:52 Image size of job updated: 26444464
	25825  -  MemoryUsage of job (MB)
	26444464  -  ResidentSetSize of job (KB)
...
006 (9701439.000.000) 05/02 01:57:53 Image size of job updated: 26505152
	25884  -  MemoryUsage of job (MB)
	26505152  -  ResidentSetSize of job (KB)
...
006 (9701439.000.000) 05/02 02:02:53 Image size of job updated: 26611848
	25989  -  MemoryUsage of job (MB)
	26611848  -  ResidentSetSize of job (KB)
...
006 (9701439.000.000) 05/02 02:07:53 Image size of job updated: 26653028
	26029  -  MemoryUsage of job (MB)
	26653028  -  ResidentSetSize of job (KB)
...
006 (9701439.000.000) 05/02 02:12:54 Image size of job updated: 26692088
	26067  -  MemoryUsage of job (MB)
	26692088  -  ResidentSetSize of job (KB)
...
006 (9701439.000.000) 05/02 02:17:55 Image size of job updated: 26721304
	26096  -  MemoryUsage of job (MB)
	26721304  -  ResidentSetSize of job (KB)
...
006 (9701439.000.000) 05/02 02:22:55 Image size of job updated: 26760244
	26134  -  MemoryUsage of job (MB)
	26760244  -  ResidentSetSize of job (KB)
...
006 (9701439.000.000) 05/02 02:27:56 Image size of job updated: 26800304
	26173  -  MemoryUsage of job (MB)
	26800304  -  ResidentSetSize of job (KB)
...
006 (9701439.000.000) 05/02 02:32:57 Image size of job updated: 26957184
	26326  -  MemoryUsage of job (MB)
	26957184  -  ResidentSetSize of job (KB)
...
006 (9701439.000.000) 05/02 02:37:57 Image size of job updated: 26998360
	26366  -  MemoryUsage of job (MB)
	26998360  -  ResidentSetSize of job (KB)
...
006 (9701439.000.000) 05/02 02:42:57 Image size of job updated: 27038368
	26405  -  MemoryUsage of job (MB)
	27038368  -  ResidentSetSize of job (KB)
...
006 (9701439.000.000) 05/02 02:47:58 Image size of job updated: 27155044
	26519  -  MemoryUsage of job (MB)
	27155044  -  ResidentSetSize of job (KB)
...
006 (9701439.000.000) 05/02 02:52:58 Image size of job updated: 27194996
	26558  -  MemoryUsage of job (MB)
	27194996  -  ResidentSetSize of job (KB)
...
006 (9701439.000.000) 05/02 02:57:58 Image size of job updated: 27235144
	26597  -  MemoryUsage of job (MB)
	27235144  -  ResidentSetSize of job (KB)
...
006 (9701439.000.000) 05/02 03:02:59 Image size of job updated: 27351724
	26711  -  MemoryUsage of job (MB)
	27351724  -  ResidentSetSize of job (KB)
...
006 (9701439.000.000) 05/02 03:08:00 Image size of job updated: 27391920
	26750  -  MemoryUsage of job (MB)
	27391920  -  ResidentSetSize of job (KB)
...
006 (9701439.000.000) 05/02 03:13:00 Image size of job updated: 27430356
	26788  -  MemoryUsage of job (MB)
	27430356  -  ResidentSetSize of job (KB)
...
006 (9701439.000.000) 05/02 03:18:01 Image size of job updated: 27542772
	26898  -  MemoryUsage of job (MB)
	27542772  -  ResidentSetSize of job (KB)
...
006 (9701439.000.000) 05/02 03:23:02 Image size of job updated: 27582508
	26937  -  MemoryUsage of job (MB)
	27582508  -  ResidentSetSize of job (KB)
...
006 (9701439.000.000) 05/02 03:28:02 Image size of job updated: 27628812
	26982  -  MemoryUsage of job (MB)
	27628812  -  ResidentSetSize of job (KB)
...
006 (9701439.000.000) 05/02 03:33:03 Image size of job updated: 27693760
	27045  -  MemoryUsage of job (MB)
	27693760  -  ResidentSetSize of job (KB)
...
006 (9701439.000.000) 05/02 03:38:04 Image size of job updated: 27722300
	27073  -  MemoryUsage of job (MB)
	27722300  -  ResidentSetSize of job (KB)
...
006 (9701439.000.000) 05/02 03:43:04 Image size of job updated: 27752968
	27103  -  MemoryUsage of job (MB)
	27752968  -  ResidentSetSize of job (KB)
...
006 (9701439.000.000) 05/02 03:48:05 Image size of job updated: 27793092
	27142  -  MemoryUsage of job (MB)
	27793092  -  ResidentSetSize of job (KB)
...
006 (9701439.000.000) 05/02 03:53:06 Image size of job updated: 27832732
	27181  -  MemoryUsage of job (MB)
	27832732  -  ResidentSetSize of job (KB)
...
006 (9701439.000.000) 05/02 03:58:06 Image size of job updated: 27832732
	27181  -  MemoryUsage of job (MB)
	27832988  -  ResidentSetSize of job (KB)
...
006 (9701439.000.000) 05/02 04:08:07 Image size of job updated: 27842396
	27190  -  MemoryUsage of job (MB)
	27842396  -  ResidentSetSize of job (KB)
...
006 (9701439.000.000) 05/02 04:13:07 Image size of job updated: 27891244
	27238  -  MemoryUsage of job (MB)
	27891244  -  ResidentSetSize of job (KB)
...
006 (9701439.000.000) 05/02 04:18:07 Image size of job updated: 28001376
	27346  -  MemoryUsage of job (MB)
	28001376  -  ResidentSetSize of job (KB)
...
006 (9701439.000.000) 05/02 04:23:08 Image size of job updated: 28049628
	27393  -  MemoryUsage of job (MB)
	28049628  -  ResidentSetSize of job (KB)
...
006 (9701439.000.000) 05/02 04:28:09 Image size of job updated: 28058628
	27402  -  MemoryUsage of job (MB)
	28058628  -  ResidentSetSize of job (KB)
...
006 (9701439.000.000) 05/02 04:33:09 Image size of job updated: 28092088
	27434  -  MemoryUsage of job (MB)
	28092088  -  ResidentSetSize of job (KB)
...
006 (9701439.000.000) 05/02 04:38:10 Image size of job updated: 28195564
	27535  -  MemoryUsage of job (MB)
	28195564  -  ResidentSetSize of job (KB)
...
006 (9701439.000.000) 05/02 04:43:11 Image size of job updated: 28225980
	27565  -  MemoryUsage of job (MB)
	28225980  -  ResidentSetSize of job (KB)
...
006 (9701439.000.000) 05/02 04:53:11 Image size of job updated: 28299084
	27636  -  MemoryUsage of job (MB)
	28299084  -  ResidentSetSize of job (KB)
...
006 (9701439.000.000) 05/02 04:58:12 Image size of job updated: 28333240
	27670  -  MemoryUsage of job (MB)
	28333240  -  ResidentSetSize of job (KB)
...
006 (9701439.000.000) 05/02 05:03:12 Image size of job updated: 28447304
	27781  -  MemoryUsage of job (MB)
	28447304  -  ResidentSetSize of job (KB)
...
006 (9701439.000.000) 05/02 05:08:12 Image size of job updated: 28484696
	27818  -  MemoryUsage of job (MB)
	28484696  -  ResidentSetSize of job (KB)
...
006 (9701439.000.000) 05/02 05:13:13 Image size of job updated: 28553204
	27884  -  MemoryUsage of job (MB)
	28553204  -  ResidentSetSize of job (KB)
...
006 (9701439.000.000) 05/02 05:18:14 Image size of job updated: 28564344
	27895  -  MemoryUsage of job (MB)
	28564344  -  ResidentSetSize of job (KB)
...
006 (9701439.000.000) 05/02 05:23:14 Image size of job updated: 28609200
	27939  -  MemoryUsage of job (MB)
	28609200  -  ResidentSetSize of job (KB)
...
006 (9701439.000.000) 05/02 05:28:15 Image size of job updated: 28642288
	27971  -  MemoryUsage of job (MB)
	28642288  -  ResidentSetSize of job (KB)
...
006 (9701439.000.000) 05/02 05:33:16 Image size of job updated: 28697816
	28026  -  MemoryUsage of job (MB)
	28697816  -  ResidentSetSize of job (KB)
...
006 (9701439.000.000) 05/02 05:38:16 Image size of job updated: 28724612
	28052  -  MemoryUsage of job (MB)
	28724612  -  ResidentSetSize of job (KB)
...
006 (9701439.000.000) 05/02 05:43:17 Image size of job updated: 28753296
	28080  -  MemoryUsage of job (MB)
	28753296  -  ResidentSetSize of job (KB)
...
006 (9701439.000.000) 05/02 05:48:18 Image size of job updated: 28785148
	28111  -  MemoryUsage of job (MB)
	28785148  -  ResidentSetSize of job (KB)
...
006 (9701439.000.000) 05/02 05:53:18 Image size of job updated: 28831968
	28157  -  MemoryUsage of job (MB)
	28831968  -  ResidentSetSize of job (KB)
...
006 (9701439.000.000) 05/02 05:58:18 Image size of job updated: 28851364
	28176  -  MemoryUsage of job (MB)
	28851364  -  ResidentSetSize of job (KB)
...
006 (9701439.000.000) 05/02 06:03:20 Image size of job updated: 28931272
	28254  -  MemoryUsage of job (MB)
	28931272  -  ResidentSetSize of job (KB)
...
006 (9701439.000.000) 05/02 06:18:21 Image size of job updated: 28944784
	28267  -  MemoryUsage of job (MB)
	28944784  -  ResidentSetSize of job (KB)
...
006 (9701439.000.000) 05/02 06:23:22 Image size of job updated: 28976512
	28298  -  MemoryUsage of job (MB)
	28976512  -  ResidentSetSize of job (KB)
...
006 (9701439.000.000) 05/02 06:28:22 Image size of job updated: 28986016
	28307  -  MemoryUsage of job (MB)
	28986016  -  ResidentSetSize of job (KB)
...
006 (9701439.000.000) 05/02 06:33:22 Image size of job updated: 29068016
	28387  -  MemoryUsage of job (MB)
	29068016  -  ResidentSetSize of job (KB)
...
006 (9701439.000.000) 05/02 06:38:23 Image size of job updated: 29186484
	28503  -  MemoryUsage of job (MB)
	29186484  -  ResidentSetSize of job (KB)
...
006 (9701439.000.000) 05/02 06:43:23 Image size of job updated: 29224412
	28540  -  MemoryUsage of job (MB)
	29224412  -  ResidentSetSize of job (KB)
...
006 (9701439.000.000) 05/02 06:48:24 Image size of job updated: 29342560
	28655  -  MemoryUsage of job (MB)
	29342560  -  ResidentSetSize of job (KB)
...
006 (9701439.000.000) 05/02 06:53:25 Image size of job updated: 29403716
	28715  -  MemoryUsage of job (MB)
	29403716  -  ResidentSetSize of job (KB)
...
006 (9701439.000.000) 05/02 06:58:25 Image size of job updated: 29444160
	28755  -  MemoryUsage of job (MB)
	29444160  -  ResidentSetSize of job (KB)
...
006 (9701439.000.000) 05/02 07:03:25 Image size of job updated: 29473256
	28783  -  MemoryUsage of job (MB)
	29473256  -  ResidentSetSize of job (KB)
...
006 (9701439.000.000) 05/02 07:18:26 Image size of job updated: 29521272
	28830  -  MemoryUsage of job (MB)
	29521272  -  ResidentSetSize of job (KB)
...
006 (9701439.000.000) 05/02 07:23:27 Image size of job updated: 29610808
	28917  -  MemoryUsage of job (MB)
	29610808  -  ResidentSetSize of job (KB)
...
006 (9701439.000.000) 05/02 07:28:28 Image size of job updated: 29651276
	28957  -  MemoryUsage of job (MB)
	29651276  -  ResidentSetSize of job (KB)
...
006 (9701439.000.000) 05/02 07:33:28 Image size of job updated: 29719740
	29024  -  MemoryUsage of job (MB)
	29719740  -  ResidentSetSize of job (KB)
...
006 (9701439.000.000) 05/02 07:38:29 Image size of job updated: 29760544
	29064  -  MemoryUsage of job (MB)
	29760544  -  ResidentSetSize of job (KB)
...
006 (9701439.000.000) 05/02 07:43:30 Image size of job updated: 29917564
	29217  -  MemoryUsage of job (MB)
	29917564  -  ResidentSetSize of job (KB)
...
006 (9701439.000.000) 05/02 07:48:30 Image size of job updated: 29952736
	29251  -  MemoryUsage of job (MB)
	29952736  -  ResidentSetSize of job (KB)
...
006 (9701439.000.000) 05/02 07:53:30 Image size of job updated: 30023708
	29321  -  MemoryUsage of job (MB)
	30023708  -  ResidentSetSize of job (KB)
...
006 (9701439.000.000) 05/02 07:58:31 Image size of job updated: 30065128
	29361  -  MemoryUsage of job (MB)
	30065128  -  ResidentSetSize of job (KB)
...
006 (9701439.000.000) 05/02 08:03:31 Image size of job updated: 30116880
	29412  -  MemoryUsage of job (MB)
	30116880  -  ResidentSetSize of job (KB)
...
006 (9701439.000.000) 05/02 08:08:31 Image size of job updated: 30217620
	29510  -  MemoryUsage of job (MB)
	30217620  -  ResidentSetSize of job (KB)
...
006 (9701439.000.000) 05/02 08:13:32 Image size of job updated: 30259064
	29550  -  MemoryUsage of job (MB)
	30259064  -  ResidentSetSize of job (KB)
...
006 (9701439.000.000) 05/02 08:18:33 Image size of job updated: 30353268
	29642  -  MemoryUsage of job (MB)
	30353268  -  ResidentSetSize of job (KB)
...
006 (9701439.000.000) 05/02 08:23:33 Image size of job updated: 30471960
	29758  -  MemoryUsage of job (MB)
	30471960  -  ResidentSetSize of job (KB)
...
006 (9701439.000.000) 05/02 08:28:34 Image size of job updated: 30510892
	29796  -  MemoryUsage of job (MB)
	30510892  -  ResidentSetSize of job (KB)
...
006 (9701439.000.000) 05/02 08:33:35 Image size of job updated: 30574460
	29858  -  MemoryUsage of job (MB)
	30574460  -  ResidentSetSize of job (KB)
...
006 (9701439.000.000) 05/02 08:38:35 Image size of job updated: 30592328
	29876  -  MemoryUsage of job (MB)
	30592328  -  ResidentSetSize of job (KB)
...
006 (9701439.000.000) 05/02 08:43:35 Image size of job updated: 30697944
	29979  -  MemoryUsage of job (MB)
	30697944  -  ResidentSetSize of job (KB)
...
006 (9701439.000.000) 05/02 08:48:36 Image size of job updated: 30700872
	29982  -  MemoryUsage of job (MB)
	30700872  -  ResidentSetSize of job (KB)
...
006 (9701439.000.000) 05/02 08:53:36 Image size of job updated: 30715804
	29996  -  MemoryUsage of job (MB)
	30715804  -  ResidentSetSize of job (KB)
...
006 (9701439.000.000) 05/02 09:03:37 Image size of job updated: 30780960
	30060  -  MemoryUsage of job (MB)
	30780960  -  ResidentSetSize of job (KB)
...
006 (9701439.000.000) 05/02 09:08:38 Image size of job updated: 30791144
	30070  -  MemoryUsage of job (MB)
	30791144  -  ResidentSetSize of job (KB)
...
006 (9701439.000.000) 05/02 09:18:39 Image size of job updated: 30798124
	30077  -  MemoryUsage of job (MB)
	30798124  -  ResidentSetSize of job (KB)
...
006 (9701439.000.000) 05/02 09:23:40 Image size of job updated: 30869140
	30146  -  MemoryUsage of job (MB)
	30869140  -  ResidentSetSize of job (KB)
...
006 (9701439.000.000) 05/02 09:28:40 Image size of job updated: 30874568
	30151  -  MemoryUsage of job (MB)
	30874568  -  ResidentSetSize of job (KB)
...
006 (9701439.000.000) 05/02 09:33:41 Image size of job updated: 30968236
	30243  -  MemoryUsage of job (MB)
	30968236  -  ResidentSetSize of job (KB)
...
006 (9701439.000.000) 05/02 09:38:42 Image size of job updated: 31007988
	30282  -  MemoryUsage of job (MB)
	31007988  -  ResidentSetSize of job (KB)
...
006 (9701439.000.000) 05/02 09:43:42 Image size of job updated: 31049796
	30323  -  MemoryUsage of job (MB)
	31049796  -  ResidentSetSize of job (KB)
...
006 (9701439.000.000) 05/02 09:48:42 Image size of job updated: 31088432
	30360  -  MemoryUsage of job (MB)
	31088432  -  ResidentSetSize of job (KB)
...
006 (9701439.000.000) 05/02 09:53:43 Image size of job updated: 31119192
	30390  -  MemoryUsage of job (MB)
	31119192  -  ResidentSetSize of job (KB)
...
006 (9701439.000.000) 05/02 09:58:43 Image size of job updated: 31150688
	30421  -  MemoryUsage of job (MB)
	31150688  -  ResidentSetSize of job (KB)
...
006 (9701439.000.000) 05/02 10:03:43 Image size of job updated: 31233752
	30502  -  MemoryUsage of job (MB)
	31233752  -  ResidentSetSize of job (KB)
...
006 (9701439.000.000) 05/02 10:08:44 Image size of job updated: 31253308
	30521  -  MemoryUsage of job (MB)
	31253308  -  ResidentSetSize of job (KB)
...
006 (9701439.000.000) 05/02 10:13:45 Image size of job updated: 31373572
	30639  -  MemoryUsage of job (MB)
	31373572  -  ResidentSetSize of job (KB)
...
006 (9701439.000.000) 05/02 10:18:45 Image size of job updated: 31399048
	30664  -  MemoryUsage of job (MB)
	31399048  -  ResidentSetSize of job (KB)
...
006 (9701439.000.000) 05/02 11:03:50 Image size of job updated: 31470476
	30733  -  MemoryUsage of job (MB)
	31470476  -  ResidentSetSize of job (KB)
...
006 (9701439.000.000) 05/02 11:08:50 Image size of job updated: 31486472
	30749  -  MemoryUsage of job (MB)
	31486472  -  ResidentSetSize of job (KB)
...
006 (9701439.000.000) 05/02 11:13:51 Image size of job updated: 31593412
	30853  -  MemoryUsage of job (MB)
	31593412  -  ResidentSetSize of job (KB)
...
006 (9701439.000.000) 05/02 11:18:52 Image size of job updated: 31653316
	30912  -  MemoryUsage of job (MB)
	31653316  -  ResidentSetSize of job (KB)
...
006 (9701439.000.000) 05/02 11:23:52 Image size of job updated: 31676432
	30935  -  MemoryUsage of job (MB)
	31676432  -  ResidentSetSize of job (KB)
...
006 (9701439.000.000) 05/02 11:28:52 Image size of job updated: 31731096
	30988  -  MemoryUsage of job (MB)
	31731096  -  ResidentSetSize of job (KB)
...
006 (9701439.000.000) 05/02 11:33:53 Image size of job updated: 31747996
	31004  -  MemoryUsage of job (MB)
	31747996  -  ResidentSetSize of job (KB)
...
006 (9701439.000.000) 05/02 11:38:53 Image size of job updated: 31821796
	31076  -  MemoryUsage of job (MB)
	31821796  -  ResidentSetSize of job (KB)
...
006 (9701439.000.000) 05/02 11:43:53 Image size of job updated: 31829876
	31084  -  MemoryUsage of job (MB)
	31829876  -  ResidentSetSize of job (KB)
...
006 (9701439.000.000) 05/02 11:58:54 Image size of job updated: 31923876
	31176  -  MemoryUsage of job (MB)
	31923876  -  ResidentSetSize of job (KB)
...
006 (9701439.000.000) 05/02 12:03:55 Image size of job updated: 32019464
	31270  -  MemoryUsage of job (MB)
	32019464  -  ResidentSetSize of job (KB)
...
006 (9701439.000.000) 05/02 12:08:56 Image size of job updated: 32037604
	31287  -  MemoryUsage of job (MB)
	32037604  -  ResidentSetSize of job (KB)
...
006 (9701439.000.000) 05/02 12:59:01 Image size of job updated: 32106552
	31355  -  MemoryUsage of job (MB)
	32106552  -  ResidentSetSize of job (KB)
...
006 (9701439.000.000) 05/02 13:09:02 Image size of job updated: 32107544
	31356  -  MemoryUsage of job (MB)
	32107544  -  ResidentSetSize of job (KB)
...
006 (9701439.000.000) 05/02 13:14:03 Image size of job updated: 32115520
	31363  -  MemoryUsage of job (MB)
	32115520  -  ResidentSetSize of job (KB)
...
006 (9701439.000.000) 05/02 13:19:03 Image size of job updated: 32179824
	31426  -  MemoryUsage of job (MB)
	32179824  -  ResidentSetSize of job (KB)
...
006 (9701439.000.000) 05/02 13:24:03 Image size of job updated: 32219904
	31465  -  MemoryUsage of job (MB)
	32219904  -  ResidentSetSize of job (KB)
...
006 (9701439.000.000) 05/02 13:29:04 Image size of job updated: 32312788
	31556  -  MemoryUsage of job (MB)
	32312788  -  ResidentSetSize of job (KB)
...
006 (9701439.000.000) 05/02 13:34:04 Image size of job updated: 32353636
	31596  -  MemoryUsage of job (MB)
	32353636  -  ResidentSetSize of job (KB)
...
006 (9701439.000.000) 05/02 13:39:04 Image size of job updated: 32435668
	31676  -  MemoryUsage of job (MB)
	32435668  -  ResidentSetSize of job (KB)
...
006 (9701439.000.000) 05/02 13:59:07 Image size of job updated: 32440768
	31681  -  MemoryUsage of job (MB)
	32440768  -  ResidentSetSize of job (KB)
...
006 (9701439.000.000) 05/02 14:04:08 Image size of job updated: 32509820
	31748  -  MemoryUsage of job (MB)
	32509820  -  ResidentSetSize of job (KB)
...
006 (9701439.000.000) 05/02 14:09:08 Image size of job updated: 32545176
	31783  -  MemoryUsage of job (MB)
	32545176  -  ResidentSetSize of job (KB)
...
006 (9701439.000.000) 05/02 14:14:08 Image size of job updated: 32553560
	31791  -  MemoryUsage of job (MB)
	32553560  -  ResidentSetSize of job (KB)
...
006 (9701439.000.000) 05/02 14:19:09 Image size of job updated: 32633536
	31869  -  MemoryUsage of job (MB)
	32633536  -  ResidentSetSize of job (KB)
...
006 (9701439.000.000) 05/02 14:24:09 Image size of job updated: 32747476
	31980  -  MemoryUsage of job (MB)
	32747476  -  ResidentSetSize of job (KB)
...
006 (9701439.000.000) 05/02 14:29:09 Image size of job updated: 32783800
	32016  -  MemoryUsage of job (MB)
	32783800  -  ResidentSetSize of job (KB)
...
006 (9701439.000.000) 05/02 14:34:10 Image size of job updated: 32832720
	32064  -  MemoryUsage of job (MB)
	32832720  -  ResidentSetSize of job (KB)
...
006 (9701439.000.000) 05/02 14:44:11 Image size of job updated: 32840496
	32071  -  MemoryUsage of job (MB)
	32840496  -  ResidentSetSize of job (KB)
...
006 (9701439.000.000) 05/02 14:49:12 Image size of job updated: 32853948
	32084  -  MemoryUsage of job (MB)
	32853948  -  ResidentSetSize of job (KB)
...
006 (9701439.000.000) 05/02 14:59:12 Image size of job updated: 32854748
	32085  -  MemoryUsage of job (MB)
	32854748  -  ResidentSetSize of job (KB)
...
006 (9701439.000.000) 05/02 15:04:13 Image size of job updated: 32893424
	32123  -  MemoryUsage of job (MB)
	32893424  -  ResidentSetSize of job (KB)
...
006 (9701439.000.000) 05/02 15:14:14 Image size of job updated: 33020840
	32247  -  MemoryUsage of job (MB)
	33020840  -  ResidentSetSize of job (KB)
...
006 (9701439.000.000) 05/02 15:19:15 Image size of job updated: 33069484
	32295  -  MemoryUsage of job (MB)
	33069484  -  ResidentSetSize of job (KB)
...
006 (9701439.000.000) 05/02 15:24:16 Image size of job updated: 33135928
	32360  -  MemoryUsage of job (MB)
	33135928  -  ResidentSetSize of job (KB)
...
006 (9701439.000.000) 05/02 15:29:16 Image size of job updated: 33200332
	32423  -  MemoryUsage of job (MB)
	33200332  -  ResidentSetSize of job (KB)
...
006 (9701439.000.000) 05/02 15:54:18 Image size of job updated: 33338988
	32558  -  MemoryUsage of job (MB)
	33338988  -  ResidentSetSize of job (KB)
...
006 (9701439.000.000) 05/02 15:59:19 Image size of job updated: 33402092
	32620  -  MemoryUsage of job (MB)
	33402092  -  ResidentSetSize of job (KB)
...
006 (9701439.000.000) 05/02 16:04:19 Image size of job updated: 33522568
	32737  -  MemoryUsage of job (MB)
	33522568  -  ResidentSetSize of job (KB)
...
006 (9701439.000.000) 05/02 16:19:21 Image size of job updated: 33609516
	32822  -  MemoryUsage of job (MB)
	33609516  -  ResidentSetSize of job (KB)
...
006 (9701439.000.000) 05/02 16:24:22 Image size of job updated: 33649500
	32861  -  MemoryUsage of job (MB)
	33649500  -  ResidentSetSize of job (KB)
...
006 (9701439.000.000) 05/02 16:29:23 Image size of job updated: 33671104
	32882  -  MemoryUsage of job (MB)
	33671104  -  ResidentSetSize of job (KB)
...
006 (9701439.000.000) 05/02 16:34:23 Image size of job updated: 33701048
	32912  -  MemoryUsage of job (MB)
	33701048  -  ResidentSetSize of job (KB)
...
006 (9701439.000.000) 05/02 16:39:23 Image size of job updated: 34520140
	33712  -  MemoryUsage of job (MB)
	34520140  -  ResidentSetSize of job (KB)
...
006 (9701439.000.000) 05/02 16:54:24 Image size of job updated: 34524760
	33716  -  MemoryUsage of job (MB)
	34524760  -  ResidentSetSize of job (KB)
...
006 (9701439.000.000) 05/02 16:59:25 Image size of job updated: 34574116
	33764  -  MemoryUsage of job (MB)
	34574116  -  ResidentSetSize of job (KB)
...
006 (9701439.000.000) 05/02 17:04:26 Image size of job updated: 34688696
	33876  -  MemoryUsage of job (MB)
	34688696  -  ResidentSetSize of job (KB)
...
006 (9701439.000.000) 05/02 17:09:26 Image size of job updated: 34760840
	33947  -  MemoryUsage of job (MB)
	34760840  -  ResidentSetSize of job (KB)
...
006 (9701439.000.000) 05/02 17:14:27 Image size of job updated: 34819688
	34004  -  MemoryUsage of job (MB)
	34819688  -  ResidentSetSize of job (KB)
...
006 (9701439.000.000) 05/02 17:29:28 Image size of job updated: 34841356
	34025  -  MemoryUsage of job (MB)
	34841356  -  ResidentSetSize of job (KB)
...
006 (9701439.000.000) 05/02 17:44:29 Image size of job updated: 34871184
	34054  -  MemoryUsage of job (MB)
	34871184  -  ResidentSetSize of job (KB)
...
006 (9701439.000.000) 05/02 17:49:30 Image size of job updated: 34953960
	34135  -  MemoryUsage of job (MB)
	34953960  -  ResidentSetSize of job (KB)
...
006 (9701439.000.000) 05/02 18:04:32 Image size of job updated: 35010572
	34191  -  MemoryUsage of job (MB)
	35010572  -  ResidentSetSize of job (KB)
...
006 (9701439.000.000) 05/02 18:14:33 Image size of job updated: 35041640
	34221  -  MemoryUsage of job (MB)
	35041640  -  ResidentSetSize of job (KB)
...
006 (9701439.000.000) 05/02 18:19:33 Image size of job updated: 35053604
	34233  -  MemoryUsage of job (MB)
	35053604  -  ResidentSetSize of job (KB)
...
006 (9701439.000.000) 05/02 18:24:34 Image size of job updated: 35117680
	34295  -  MemoryUsage of job (MB)
	35117680  -  ResidentSetSize of job (KB)
...
006 (9701439.000.000) 05/02 18:29:34 Image size of job updated: 35153652
	34330  -  MemoryUsage of job (MB)
	35153652  -  ResidentSetSize of job (KB)
...
006 (9701439.000.000) 05/02 18:34:34 Image size of job updated: 35254928
	34429  -  MemoryUsage of job (MB)
	35254928  -  ResidentSetSize of job (KB)
...
006 (9701439.000.000) 05/02 18:39:35 Image size of job updated: 35340404
	34513  -  MemoryUsage of job (MB)
	35340404  -  ResidentSetSize of job (KB)
...
006 (9701439.000.000) 05/02 18:49:36 Image size of job updated: 35383724
	34555  -  MemoryUsage of job (MB)
	35383724  -  ResidentSetSize of job (KB)
...
006 (9701439.000.000) 05/02 18:54:37 Image size of job updated: 35390668
	34562  -  MemoryUsage of job (MB)
	35390668  -  ResidentSetSize of job (KB)
...
006 (9701439.000.000) 05/02 18:59:38 Image size of job updated: 35431436
	34602  -  MemoryUsage of job (MB)
	35431436  -  ResidentSetSize of job (KB)
...
006 (9701439.000.000) 05/02 19:09:39 Image size of job updated: 35501880
	34670  -  MemoryUsage of job (MB)
	35501880  -  ResidentSetSize of job (KB)
...
006 (9701439.000.000) 05/02 19:14:40 Image size of job updated: 35517728
	34686  -  MemoryUsage of job (MB)
	35517728  -  ResidentSetSize of job (KB)
...
006 (9701439.000.000) 05/02 19:19:40 Image size of job updated: 35523428
	34691  -  MemoryUsage of job (MB)
	35523428  -  ResidentSetSize of job (KB)
...
006 (9701439.000.000) 05/02 19:34:41 Image size of job updated: 35606040
	34772  -  MemoryUsage of job (MB)
	35606040  -  ResidentSetSize of job (KB)
...
006 (9701439.000.000) 05/02 19:49:43 Image size of job updated: 35623148
	34789  -  MemoryUsage of job (MB)
	35623148  -  ResidentSetSize of job (KB)
...
006 (9701439.000.000) 05/02 19:54:43 Image size of job updated: 35686492
	34851  -  MemoryUsage of job (MB)
	35686492  -  ResidentSetSize of job (KB)
...
006 (9701439.000.000) 05/02 19:59:44 Image size of job updated: 35777840
	34940  -  MemoryUsage of job (MB)
	35777840  -  ResidentSetSize of job (KB)
...
006 (9701439.000.000) 05/02 20:04:45 Image size of job updated: 35819552
	34981  -  MemoryUsage of job (MB)
	35819552  -  ResidentSetSize of job (KB)
...
006 (9701439.000.000) 05/02 20:09:45 Image size of job updated: 35917984
	35077  -  MemoryUsage of job (MB)
	35917984  -  ResidentSetSize of job (KB)
...
006 (9701439.000.000) 05/02 20:29:48 Image size of job updated: 35928328
	35087  -  MemoryUsage of job (MB)
	35928328  -  ResidentSetSize of job (KB)
...
006 (9701439.000.000) 05/02 20:34:49 Image size of job updated: 36018676
	35175  -  MemoryUsage of job (MB)
	36018676  -  ResidentSetSize of job (KB)
...
006 (9701439.000.000) 05/02 20:39:49 Image size of job updated: 36060284
	35216  -  MemoryUsage of job (MB)
	36060284  -  ResidentSetSize of job (KB)
...
006 (9701439.000.000) 05/02 20:49:51 Image size of job updated: 36100860
	35255  -  MemoryUsage of job (MB)
	36100860  -  ResidentSetSize of job (KB)
...
006 (9701439.000.000) 05/02 20:54:51 Image size of job updated: 36100860
	35255  -  MemoryUsage of job (MB)
	36100876  -  ResidentSetSize of job (KB)
...
006 (9701439.000.000) 05/02 21:04:52 Image size of job updated: 36271644
	35422  -  MemoryUsage of job (MB)
	36271644  -  ResidentSetSize of job (KB)
...
006 (9701439.000.000) 05/02 21:09:52 Image size of job updated: 36317024
	35466  -  MemoryUsage of job (MB)
	36317024  -  ResidentSetSize of job (KB)
...
006 (9701439.000.000) 05/02 21:14:52 Image size of job updated: 36440800
	35587  -  MemoryUsage of job (MB)
	36440800  -  ResidentSetSize of job (KB)
...
006 (9701439.000.000) 05/02 21:19:54 Image size of job updated: 36480760
	35626  -  MemoryUsage of job (MB)
	36480760  -  ResidentSetSize of job (KB)
...
006 (9701439.000.000) 05/02 21:24:54 Image size of job updated: 36491296
	35637  -  MemoryUsage of job (MB)
	36491296  -  ResidentSetSize of job (KB)
...
006 (9701439.000.000) 05/02 21:29:54 Image size of job updated: 36557788
	35701  -  MemoryUsage of job (MB)
	36557788  -  ResidentSetSize of job (KB)
...
006 (9701439.000.000) 05/02 21:34:55 Image size of job updated: 36600708
	35743  -  MemoryUsage of job (MB)
	36600708  -  ResidentSetSize of job (KB)
...
006 (9701439.000.000) 05/02 21:39:56 Image size of job updated: 36718572
	35858  -  MemoryUsage of job (MB)
	36718572  -  ResidentSetSize of job (KB)
...
006 (9701439.000.000) 05/02 21:44:56 Image size of job updated: 36757048
	35896  -  MemoryUsage of job (MB)
	36757048  -  ResidentSetSize of job (KB)
...
006 (9701439.000.000) 05/02 21:49:57 Image size of job updated: 36881424
	36018  -  MemoryUsage of job (MB)
	36881424  -  ResidentSetSize of job (KB)
...
006 (9701439.000.000) 05/02 21:54:58 Image size of job updated: 36970528
	36105  -  MemoryUsage of job (MB)
	36970528  -  ResidentSetSize of job (KB)
...
006 (9701439.000.000) 05/02 21:59:58 Image size of job updated: 37011472
	36145  -  MemoryUsage of job (MB)
	37011472  -  ResidentSetSize of job (KB)
...
006 (9701439.000.000) 05/02 22:04:58 Image size of job updated: 37079144
	36211  -  MemoryUsage of job (MB)
	37079144  -  ResidentSetSize of job (KB)
...
006 (9701439.000.000) 05/02 22:09:59 Image size of job updated: 37082596
	36214  -  MemoryUsage of job (MB)
	37082596  -  ResidentSetSize of job (KB)
...
006 (9701439.000.000) 05/02 22:14:59 Image size of job updated: 37132072
	36262  -  MemoryUsage of job (MB)
	37132072  -  ResidentSetSize of job (KB)
...
006 (9701439.000.000) 05/02 22:19:59 Image size of job updated: 37244160
	36372  -  MemoryUsage of job (MB)
	37244160  -  ResidentSetSize of job (KB)
...
006 (9701439.000.000) 05/02 22:25:01 Image size of job updated: 37285228
	36412  -  MemoryUsage of job (MB)
	37285228  -  ResidentSetSize of job (KB)
...
006 (9701439.000.000) 05/02 22:30:01 Image size of job updated: 37349264
	36474  -  MemoryUsage of job (MB)
	37349264  -  ResidentSetSize of job (KB)
...
006 (9701439.000.000) 05/02 22:35:01 Image size of job updated: 37413108
	36537  -  MemoryUsage of job (MB)
	37413108  -  ResidentSetSize of job (KB)
...
006 (9701439.000.000) 05/02 22:40:02 Image size of job updated: 37454740
	36577  -  MemoryUsage of job (MB)
	37454740  -  ResidentSetSize of job (KB)
...
006 (9701439.000.000) 05/02 22:50:02 Image size of job updated: 37534320
	36655  -  MemoryUsage of job (MB)
	37534320  -  ResidentSetSize of job (KB)
...
006 (9701439.000.000) 05/02 22:55:03 Image size of job updated: 37571180
	36691  -  MemoryUsage of job (MB)
	37571180  -  ResidentSetSize of job (KB)
...
006 (9701439.000.000) 05/02 23:10:05 Image size of job updated: 37653000
	36771  -  MemoryUsage of job (MB)
	37653000  -  ResidentSetSize of job (KB)
...
006 (9701439.000.000) 05/02 23:15:06 Image size of job updated: 37706604
	36823  -  MemoryUsage of job (MB)
	37706604  -  ResidentSetSize of job (KB)
...
006 (9701439.000.000) 05/02 23:20:06 Image size of job updated: 37835268
	36949  -  MemoryUsage of job (MB)
	37835268  -  ResidentSetSize of job (KB)
...
006 (9701439.000.000) 05/02 23:30:07 Image size of job updated: 37835752
	36949  -  MemoryUsage of job (MB)
	37835752  -  ResidentSetSize of job (KB)
...
006 (9701439.000.000) 05/02 23:35:07 Image size of job updated: 37921588
	37033  -  MemoryUsage of job (MB)
	37921588  -  ResidentSetSize of job (KB)
...
006 (9701439.000.000) 05/02 23:40:07 Image size of job updated: 37963444
	37074  -  MemoryUsage of job (MB)
	37963444  -  ResidentSetSize of job (KB)
...
006 (9701439.000.000) 05/02 23:45:08 Image size of job updated: 38085216
	37193  -  MemoryUsage of job (MB)
	38085216  -  ResidentSetSize of job (KB)
...
006 (9701439.000.000) 05/02 23:50:08 Image size of job updated: 38128100
	37235  -  MemoryUsage of job (MB)
	38128100  -  ResidentSetSize of job (KB)
...
006 (9701439.000.000) 05/02 23:55:08 Image size of job updated: 38187376
	37293  -  MemoryUsage of job (MB)
	38187376  -  ResidentSetSize of job (KB)
...
006 (9701439.000.000) 05/03 00:00:09 Image size of job updated: 38316816
	37419  -  MemoryUsage of job (MB)
	38316816  -  ResidentSetSize of job (KB)
...
006 (9701439.000.000) 05/03 00:05:10 Image size of job updated: 38353524
	37455  -  MemoryUsage of job (MB)
	38353524  -  ResidentSetSize of job (KB)
...
006 (9701439.000.000) 05/03 00:10:10 Image size of job updated: 38393768
	37494  -  MemoryUsage of job (MB)
	38393768  -  ResidentSetSize of job (KB)
...
006 (9701439.000.000) 05/03 00:15:11 Image size of job updated: 38457980
	37557  -  MemoryUsage of job (MB)
	38457980  -  ResidentSetSize of job (KB)
...
006 (9701439.000.000) 05/03 00:20:12 Image size of job updated: 38519076
	37617  -  MemoryUsage of job (MB)
	38519076  -  ResidentSetSize of job (KB)
...
006 (9701439.000.000) 05/03 00:30:12 Image size of job updated: 38682900
	37777  -  MemoryUsage of job (MB)
	38682900  -  ResidentSetSize of job (KB)
...
006 (9701439.000.000) 05/03 00:35:13 Image size of job updated: 38725076
	37818  -  MemoryUsage of job (MB)
	38725076  -  ResidentSetSize of job (KB)
...
006 (9701439.000.000) 05/03 00:40:13 Image size of job updated: 38842736
	37933  -  MemoryUsage of job (MB)
	38842736  -  ResidentSetSize of job (KB)
...
006 (9701439.000.000) 05/03 00:50:14 Image size of job updated: 38969004
	38056  -  MemoryUsage of job (MB)
	38969004  -  ResidentSetSize of job (KB)
...
006 (9701439.000.000) 05/03 00:55:15 Image size of job updated: 39061728
	38147  -  MemoryUsage of job (MB)
	39061728  -  ResidentSetSize of job (KB)
...
040 (9701439.000.000) 05/03 01:00:05 Started transferring output files
...
040 (9701439.000.000) 05/03 01:00:41 Finished transferring output files
...
007 (9701439.000.000) 05/03 01:00:41 Shadow exception!
	Error from slot1_42@b9g19p7581.cern.ch: STARTER at 128.142.137.72 failed to send file(s) to <137.138.156.150:9618>: |Error: sending file /pool/condor/dir_4167735/_condor_stdout: max total download bytes exceeded (max=1024 MB, this file=1185 MB); SHADOW failed to receive file(s) from <128.142.137.72:33125>
	1073741824  -  Run Bytes Sent By Job
	209  -  Run Bytes Received By Job
...
012 (9701439.000.000) 05/03 01:00:41 Job was held.
	Error from slot1_42@b9g19p7581.cern.ch: STARTER at 128.142.137.72 failed to send file(s) to <137.138.156.150:9618>: |Error: sending file /pool/condor/dir_4167735/_condor_stdout: max total download bytes exceeded (max=1024 MB, this file=1185 MB); SHADOW failed to receive file(s) from <128.142.137.72:33125>
	Code 33 Subcode 0
...
009 (9701439.000.000) 05/03 01:01:31 Job was aborted.
	Job removed by SYSTEM_PERIODIC_REMOVE due to Job attempted to transfer out more than 1GB of data.

	Job terminated by itself at 2024-05-02T23:00:05Z (using method 0: OF_ITS_OWN_ACCORD).
...
