000 (9701458.000.000) 04/30 14:26:55 Job submitted from host: <137.138.156.150:9618?addrs=137.138.156.150-9618+[2001-1458-d00-14--9a]-9618&alias=bigbird13.cern.ch&noUDP&sock=schedd_2138_1192>
...
040 (9701458.000.000) 04/30 14:29:13 Started transferring input files
	Transferring to host: <128.142.60.19:9618?addrs=128.142.60.19-9618+[2001-1458-301-22--100-12]-9618&alias=b9s05p6525.cern.ch&noUDP&sock=slot1_35_426522_1579_112779>
...
040 (9701458.000.000) 04/30 14:29:13 Finished transferring input files
...
001 (9701458.000.000) 04/30 14:29:14 Job executing on host: <128.142.60.19:9618?addrs=128.142.60.19-9618+[2001-1458-301-22--100-12]-9618&alias=b9s05p6525.cern.ch&noUDP&sock=startd_426484_2109>
...
006 (9701458.000.000) 04/30 14:29:22 Image size of job updated: 12164
	12  -  MemoryUsage of job (MB)
	12120  -  ResidentSetSize of job (KB)
...
006 (9701458.000.000) 04/30 14:34:22 Image size of job updated: 268232
	262  -  MemoryUsage of job (MB)
	267972  -  ResidentSetSize of job (KB)
...
006 (9701458.000.000) 04/30 14:39:23 Image size of job updated: 518812
	507  -  MemoryUsage of job (MB)
	518812  -  ResidentSetSize of job (KB)
...
006 (9701458.000.000) 04/30 14:44:24 Image size of job updated: 2275556
	2221  -  MemoryUsage of job (MB)
	2273296  -  ResidentSetSize of job (KB)
...
006 (9701458.000.000) 04/30 14:49:24 Image size of job updated: 2440680
	2382  -  MemoryUsage of job (MB)
	2438728  -  ResidentSetSize of job (KB)
...
006 (9701458.000.000) 04/30 14:54:24 Image size of job updated: 2571160
	2509  -  MemoryUsage of job (MB)
	2568384  -  ResidentSetSize of job (KB)
...
006 (9701458.000.000) 04/30 14:59:25 Image size of job updated: 2694244
	2630  -  MemoryUsage of job (MB)
	2692224  -  ResidentSetSize of job (KB)
...
006 (9701458.000.000) 04/30 15:04:26 Image size of job updated: 2825288
	2758  -  MemoryUsage of job (MB)
	2824088  -  ResidentSetSize of job (KB)
...
006 (9701458.000.000) 04/30 15:09:26 Image size of job updated: 2951440
	2879  -  MemoryUsage of job (MB)
	2947372  -  ResidentSetSize of job (KB)
...
006 (9701458.000.000) 04/30 15:14:27 Image size of job updated: 2968236
	2879  -  MemoryUsage of job (MB)
	2947372  -  ResidentSetSize of job (KB)
...
006 (9701458.000.000) 04/30 15:44:29 Image size of job updated: 2988740
	2919  -  MemoryUsage of job (MB)
	2988484  -  ResidentSetSize of job (KB)
...
006 (9701458.000.000) 04/30 15:49:30 Image size of job updated: 3082832
	3009  -  MemoryUsage of job (MB)
	3080748  -  ResidentSetSize of job (KB)
...
006 (9701458.000.000) 04/30 15:54:31 Image size of job updated: 3131080
	3057  -  MemoryUsage of job (MB)
	3129912  -  ResidentSetSize of job (KB)
...
006 (9701458.000.000) 04/30 15:59:31 Image size of job updated: 3197000
	3121  -  MemoryUsage of job (MB)
	3195676  -  ResidentSetSize of job (KB)
...
006 (9701458.000.000) 04/30 16:04:32 Image size of job updated: 3258272
	3182  -  MemoryUsage of job (MB)
	3257768  -  ResidentSetSize of job (KB)
...
006 (9701458.000.000) 04/30 16:09:33 Image size of job updated: 3352028
	3273  -  MemoryUsage of job (MB)
	3350868  -  ResidentSetSize of job (KB)
...
006 (9701458.000.000) 04/30 16:14:33 Image size of job updated: 3447036
	3365  -  MemoryUsage of job (MB)
	3445284  -  ResidentSetSize of job (KB)
...
006 (9701458.000.000) 04/30 16:19:33 Image size of job updated: 3447872
	3365  -  MemoryUsage of job (MB)
	3445284  -  ResidentSetSize of job (KB)
...
006 (9701458.000.000) 04/30 16:24:34 Image size of job updated: 3490544
	3408  -  MemoryUsage of job (MB)
	3489364  -  ResidentSetSize of job (KB)
...
006 (9701458.000.000) 04/30 16:29:34 Image size of job updated: 3494996
	3410  -  MemoryUsage of job (MB)
	3491768  -  ResidentSetSize of job (KB)
...
006 (9701458.000.000) 04/30 16:34:34 Image size of job updated: 3643884
	3558  -  MemoryUsage of job (MB)
	3642496  -  ResidentSetSize of job (KB)
...
006 (9701458.000.000) 04/30 16:39:35 Image size of job updated: 3658832
	3558  -  MemoryUsage of job (MB)
	3642496  -  ResidentSetSize of job (KB)
...
006 (9701458.000.000) 04/30 16:44:36 Image size of job updated: 3711812
	3589  -  MemoryUsage of job (MB)
	3674172  -  ResidentSetSize of job (KB)
...
006 (9701458.000.000) 04/30 16:49:36 Image size of job updated: 3770480
	3680  -  MemoryUsage of job (MB)
	3767736  -  ResidentSetSize of job (KB)
...
006 (9701458.000.000) 04/30 16:54:37 Image size of job updated: 3909492
	3772  -  MemoryUsage of job (MB)
	3861696  -  ResidentSetSize of job (KB)
...
006 (9701458.000.000) 04/30 16:59:38 Image size of job updated: 3909492
	3781  -  MemoryUsage of job (MB)
	3870924  -  ResidentSetSize of job (KB)
...
006 (9701458.000.000) 04/30 17:04:38 Image size of job updated: 3966172
	3872  -  MemoryUsage of job (MB)
	3964876  -  ResidentSetSize of job (KB)
...
006 (9701458.000.000) 04/30 17:09:38 Image size of job updated: 4006040
	3911  -  MemoryUsage of job (MB)
	4004024  -  ResidentSetSize of job (KB)
...
006 (9701458.000.000) 04/30 17:19:39 Image size of job updated: 4095656
	3999  -  MemoryUsage of job (MB)
	4094880  -  ResidentSetSize of job (KB)
...
006 (9701458.000.000) 04/30 17:24:39 Image size of job updated: 4132164
	4035  -  MemoryUsage of job (MB)
	4131604  -  ResidentSetSize of job (KB)
...
006 (9701458.000.000) 04/30 17:29:40 Image size of job updated: 4254696
	4153  -  MemoryUsage of job (MB)
	4252656  -  ResidentSetSize of job (KB)
...
006 (9701458.000.000) 04/30 17:34:41 Image size of job updated: 4401464
	4298  -  MemoryUsage of job (MB)
	4400620  -  ResidentSetSize of job (KB)
...
006 (9701458.000.000) 04/30 17:39:41 Image size of job updated: 4556524
	4449  -  MemoryUsage of job (MB)
	4555248  -  ResidentSetSize of job (KB)
...
006 (9701458.000.000) 04/30 17:44:42 Image size of job updated: 4610348
	4502  -  MemoryUsage of job (MB)
	4609396  -  ResidentSetSize of job (KB)
...
006 (9701458.000.000) 04/30 17:49:43 Image size of job updated: 4649112
	4538  -  MemoryUsage of job (MB)
	4646688  -  ResidentSetSize of job (KB)
...
006 (9701458.000.000) 04/30 17:54:43 Image size of job updated: 4693848
	4538  -  MemoryUsage of job (MB)
	4646688  -  ResidentSetSize of job (KB)
...
006 (9701458.000.000) 04/30 18:09:44 Image size of job updated: 4800856
	4688  -  MemoryUsage of job (MB)
	4800336  -  ResidentSetSize of job (KB)
...
006 (9701458.000.000) 04/30 18:14:44 Image size of job updated: 4840188
	4726  -  MemoryUsage of job (MB)
	4839012  -  ResidentSetSize of job (KB)
...
006 (9701458.000.000) 04/30 18:19:45 Image size of job updated: 4958892
	4812  -  MemoryUsage of job (MB)
	4927388  -  ResidentSetSize of job (KB)
...
006 (9701458.000.000) 04/30 18:24:46 Image size of job updated: 4996956
	4879  -  MemoryUsage of job (MB)
	4995152  -  ResidentSetSize of job (KB)
...
006 (9701458.000.000) 04/30 18:29:46 Image size of job updated: 5093824
	4974  -  MemoryUsage of job (MB)
	5092924  -  ResidentSetSize of job (KB)
...
006 (9701458.000.000) 04/30 18:34:47 Image size of job updated: 5127716
	4974  -  MemoryUsage of job (MB)
	5092924  -  ResidentSetSize of job (KB)
...
006 (9701458.000.000) 04/30 18:39:48 Image size of job updated: 5183648
	5062  -  MemoryUsage of job (MB)
	5183224  -  ResidentSetSize of job (KB)
...
006 (9701458.000.000) 04/30 18:44:48 Image size of job updated: 5307112
	5183  -  MemoryUsage of job (MB)
	5306508  -  ResidentSetSize of job (KB)
...
006 (9701458.000.000) 04/30 18:49:48 Image size of job updated: 5351912
	5226  -  MemoryUsage of job (MB)
	5350588  -  ResidentSetSize of job (KB)
...
006 (9701458.000.000) 04/30 18:54:49 Image size of job updated: 5371332
	5226  -  MemoryUsage of job (MB)
	5350816  -  ResidentSetSize of job (KB)
...
006 (9701458.000.000) 04/30 19:04:49 Image size of job updated: 5478652
	5349  -  MemoryUsage of job (MB)
	5476816  -  ResidentSetSize of job (KB)
...
006 (9701458.000.000) 04/30 19:09:51 Image size of job updated: 5592816
	5460  -  MemoryUsage of job (MB)
	5590612  -  ResidentSetSize of job (KB)
...
006 (9701458.000.000) 04/30 19:14:51 Image size of job updated: 5632960
	5499  -  MemoryUsage of job (MB)
	5630964  -  ResidentSetSize of job (KB)
...
006 (9701458.000.000) 04/30 19:19:51 Image size of job updated: 5654428
	5499  -  MemoryUsage of job (MB)
	5630964  -  ResidentSetSize of job (KB)
...
006 (9701458.000.000) 04/30 19:24:52 Image size of job updated: 5654972
	5522  -  MemoryUsage of job (MB)
	5654440  -  ResidentSetSize of job (KB)
...
006 (9701458.000.000) 04/30 19:29:53 Image size of job updated: 5758608
	5622  -  MemoryUsage of job (MB)
	5756780  -  ResidentSetSize of job (KB)
...
006 (9701458.000.000) 04/30 19:34:53 Image size of job updated: 5896784
	5622  -  MemoryUsage of job (MB)
	5756780  -  ResidentSetSize of job (KB)
...
006 (9701458.000.000) 04/30 19:44:55 Image size of job updated: 5896784
	5737  -  MemoryUsage of job (MB)
	5874168  -  ResidentSetSize of job (KB)
...
006 (9701458.000.000) 04/30 19:49:55 Image size of job updated: 5929852
	5781  -  MemoryUsage of job (MB)
	5919288  -  ResidentSetSize of job (KB)
...
006 (9701458.000.000) 04/30 19:54:55 Image size of job updated: 6019500
	5877  -  MemoryUsage of job (MB)
	6017452  -  ResidentSetSize of job (KB)
...
006 (9701458.000.000) 04/30 19:59:57 Image size of job updated: 6154168
	6008  -  MemoryUsage of job (MB)
	6151740  -  ResidentSetSize of job (KB)
...
006 (9701458.000.000) 04/30 20:04:57 Image size of job updated: 6274712
	6126  -  MemoryUsage of job (MB)
	6272164  -  ResidentSetSize of job (KB)
...
006 (9701458.000.000) 04/30 20:09:57 Image size of job updated: 6315116
	6166  -  MemoryUsage of job (MB)
	6313340  -  ResidentSetSize of job (KB)
...
006 (9701458.000.000) 04/30 20:14:58 Image size of job updated: 6441768
	6289  -  MemoryUsage of job (MB)
	6439332  -  ResidentSetSize of job (KB)
...
006 (9701458.000.000) 04/30 20:19:59 Image size of job updated: 6493172
	6339  -  MemoryUsage of job (MB)
	6490284  -  ResidentSetSize of job (KB)
...
006 (9701458.000.000) 04/30 20:24:59 Image size of job updated: 6533604
	6339  -  MemoryUsage of job (MB)
	6490284  -  ResidentSetSize of job (KB)
...
006 (9701458.000.000) 04/30 20:30:00 Image size of job updated: 6627040
	6428  -  MemoryUsage of job (MB)
	6582044  -  ResidentSetSize of job (KB)
...
006 (9701458.000.000) 04/30 20:35:01 Image size of job updated: 6803564
	6643  -  MemoryUsage of job (MB)
	6802224  -  ResidentSetSize of job (KB)
...
006 (9701458.000.000) 04/30 20:40:01 Image size of job updated: 6904968
	6742  -  MemoryUsage of job (MB)
	6903088  -  ResidentSetSize of job (KB)
...
006 (9701458.000.000) 04/30 20:45:01 Image size of job updated: 6945304
	6781  -  MemoryUsage of job (MB)
	6943616  -  ResidentSetSize of job (KB)
...
006 (9701458.000.000) 04/30 20:50:02 Image size of job updated: 6983900
	6820  -  MemoryUsage of job (MB)
	6982920  -  ResidentSetSize of job (KB)
...
006 (9701458.000.000) 04/30 20:55:02 Image size of job updated: 7106800
	6938  -  MemoryUsage of job (MB)
	7104188  -  ResidentSetSize of job (KB)
...
006 (9701458.000.000) 04/30 21:00:02 Image size of job updated: 7173796
	6975  -  MemoryUsage of job (MB)
	7142056  -  ResidentSetSize of job (KB)
...
006 (9701458.000.000) 04/30 21:05:03 Image size of job updated: 7289176
	7117  -  MemoryUsage of job (MB)
	7287140  -  ResidentSetSize of job (KB)
...
006 (9701458.000.000) 04/30 21:10:04 Image size of job updated: 7410592
	7236  -  MemoryUsage of job (MB)
	7408748  -  ResidentSetSize of job (KB)
...
006 (9701458.000.000) 04/30 21:15:04 Image size of job updated: 7455556
	7279  -  MemoryUsage of job (MB)
	7453528  -  ResidentSetSize of job (KB)
...
006 (9701458.000.000) 04/30 21:20:05 Image size of job updated: 7519716
	7342  -  MemoryUsage of job (MB)
	7517924  -  ResidentSetSize of job (KB)
...
006 (9701458.000.000) 04/30 21:25:06 Image size of job updated: 7562440
	7383  -  MemoryUsage of job (MB)
	7559336  -  ResidentSetSize of job (KB)
...
006 (9701458.000.000) 04/30 21:30:06 Image size of job updated: 7677132
	7497  -  MemoryUsage of job (MB)
	7675952  -  ResidentSetSize of job (KB)
...
006 (9701458.000.000) 04/30 21:35:06 Image size of job updated: 7719464
	7537  -  MemoryUsage of job (MB)
	7717356  -  ResidentSetSize of job (KB)
...
006 (9701458.000.000) 04/30 21:40:07 Image size of job updated: 7721244
	7540  -  MemoryUsage of job (MB)
	7720668  -  ResidentSetSize of job (KB)
...
006 (9701458.000.000) 04/30 21:45:07 Image size of job updated: 7797660
	7612  -  MemoryUsage of job (MB)
	7794064  -  ResidentSetSize of job (KB)
...
006 (9701458.000.000) 04/30 21:50:07 Image size of job updated: 7878620
	7693  -  MemoryUsage of job (MB)
	7877620  -  ResidentSetSize of job (KB)
...
006 (9701458.000.000) 04/30 21:55:08 Image size of job updated: 7981620
	7794  -  MemoryUsage of job (MB)
	7980548  -  ResidentSetSize of job (KB)
...
006 (9701458.000.000) 04/30 22:00:09 Image size of job updated: 8023456
	7833  -  MemoryUsage of job (MB)
	8020900  -  ResidentSetSize of job (KB)
...
006 (9701458.000.000) 04/30 22:05:09 Image size of job updated: 8143876
	7951  -  MemoryUsage of job (MB)
	8141128  -  ResidentSetSize of job (KB)
...
006 (9701458.000.000) 04/30 22:10:10 Image size of job updated: 8260736
	8062  -  MemoryUsage of job (MB)
	8255328  -  ResidentSetSize of job (KB)
...
006 (9701458.000.000) 04/30 22:15:11 Image size of job updated: 8321296
	8091  -  MemoryUsage of job (MB)
	8284560  -  ResidentSetSize of job (KB)
...
006 (9701458.000.000) 04/30 22:20:11 Image size of job updated: 8322252
	8126  -  MemoryUsage of job (MB)
	8320680  -  ResidentSetSize of job (KB)
...
006 (9701458.000.000) 04/30 22:25:11 Image size of job updated: 8423684
	8185  -  MemoryUsage of job (MB)
	8381336  -  ResidentSetSize of job (KB)
...
006 (9701458.000.000) 04/30 22:30:12 Image size of job updated: 8504308
	8305  -  MemoryUsage of job (MB)
	8503528  -  ResidentSetSize of job (KB)
...
006 (9701458.000.000) 04/30 22:35:12 Image size of job updated: 8567568
	8366  -  MemoryUsage of job (MB)
	8566500  -  ResidentSetSize of job (KB)
...
006 (9701458.000.000) 04/30 22:40:12 Image size of job updated: 8653104
	8448  -  MemoryUsage of job (MB)
	8650672  -  ResidentSetSize of job (KB)
...
006 (9701458.000.000) 04/30 22:45:13 Image size of job updated: 8683836
	8448  -  MemoryUsage of job (MB)
	8650672  -  ResidentSetSize of job (KB)
...
006 (9701458.000.000) 04/30 22:55:13 Image size of job updated: 8738912
	8483  -  MemoryUsage of job (MB)
	8686144  -  ResidentSetSize of job (KB)
...
006 (9701458.000.000) 04/30 23:00:14 Image size of job updated: 8749656
	8544  -  MemoryUsage of job (MB)
	8748076  -  ResidentSetSize of job (KB)
...
006 (9701458.000.000) 04/30 23:05:15 Image size of job updated: 8901428
	8693  -  MemoryUsage of job (MB)
	8900796  -  ResidentSetSize of job (KB)
...
006 (9701458.000.000) 04/30 23:10:15 Image size of job updated: 8947412
	8738  -  MemoryUsage of job (MB)
	8947176  -  ResidentSetSize of job (KB)
...
006 (9701458.000.000) 04/30 23:15:16 Image size of job updated: 9092856
	8880  -  MemoryUsage of job (MB)
	9092436  -  ResidentSetSize of job (KB)
...
006 (9701458.000.000) 04/30 23:20:17 Image size of job updated: 9138016
	8921  -  MemoryUsage of job (MB)
	9134804  -  ResidentSetSize of job (KB)
...
006 (9701458.000.000) 04/30 23:25:17 Image size of job updated: 9254024
	9037  -  MemoryUsage of job (MB)
	9253792  -  ResidentSetSize of job (KB)
...
006 (9701458.000.000) 04/30 23:30:17 Image size of job updated: 9301600
	9080  -  MemoryUsage of job (MB)
	9297480  -  ResidentSetSize of job (KB)
...
006 (9701458.000.000) 04/30 23:35:18 Image size of job updated: 9334408
	9115  -  MemoryUsage of job (MB)
	9333020  -  ResidentSetSize of job (KB)
...
006 (9701458.000.000) 04/30 23:40:18 Image size of job updated: 9428592
	9208  -  MemoryUsage of job (MB)
	9428240  -  ResidentSetSize of job (KB)
...
006 (9701458.000.000) 04/30 23:45:18 Image size of job updated: 9562200
	9337  -  MemoryUsage of job (MB)
	9560376  -  ResidentSetSize of job (KB)
...
006 (9701458.000.000) 04/30 23:50:19 Image size of job updated: 9619240
	9393  -  MemoryUsage of job (MB)
	9617816  -  ResidentSetSize of job (KB)
...
006 (9701458.000.000) 04/30 23:55:20 Image size of job updated: 9751536
	9523  -  MemoryUsage of job (MB)
	9751284  -  ResidentSetSize of job (KB)
...
006 (9701458.000.000) 05/01 00:00:20 Image size of job updated: 9798656
	9569  -  MemoryUsage of job (MB)
	9797684  -  ResidentSetSize of job (KB)
...
006 (9701458.000.000) 05/01 00:05:21 Image size of job updated: 9842440
	9612  -  MemoryUsage of job (MB)
	9842312  -  ResidentSetSize of job (KB)
...
006 (9701458.000.000) 05/01 00:10:22 Image size of job updated: 9879972
	9646  -  MemoryUsage of job (MB)
	9877108  -  ResidentSetSize of job (KB)
...
006 (9701458.000.000) 05/01 00:15:22 Image size of job updated: 9923708
	9690  -  MemoryUsage of job (MB)
	9922516  -  ResidentSetSize of job (KB)
...
006 (9701458.000.000) 05/01 00:20:22 Image size of job updated: 10048060
	9812  -  MemoryUsage of job (MB)
	10047004  -  ResidentSetSize of job (KB)
...
006 (9701458.000.000) 05/01 00:25:23 Image size of job updated: 10088788
	9851  -  MemoryUsage of job (MB)
	10087164  -  ResidentSetSize of job (KB)
...
006 (9701458.000.000) 05/01 00:30:23 Image size of job updated: 10130412
	9891  -  MemoryUsage of job (MB)
	10128012  -  ResidentSetSize of job (KB)
...
006 (9701458.000.000) 05/01 00:35:23 Image size of job updated: 10214072
	9925  -  MemoryUsage of job (MB)
	10162284  -  ResidentSetSize of job (KB)
...
006 (9701458.000.000) 05/01 00:40:24 Image size of job updated: 10214072
	9966  -  MemoryUsage of job (MB)
	10204424  -  ResidentSetSize of job (KB)
...
006 (9701458.000.000) 05/01 00:45:24 Image size of job updated: 10245508
	10004  -  MemoryUsage of job (MB)
	10243736  -  ResidentSetSize of job (KB)
...
006 (9701458.000.000) 05/01 00:50:24 Image size of job updated: 10286012
	10043  -  MemoryUsage of job (MB)
	10283712  -  ResidentSetSize of job (KB)
...
006 (9701458.000.000) 05/01 00:55:25 Image size of job updated: 10327592
	10086  -  MemoryUsage of job (MB)
	10327588  -  ResidentSetSize of job (KB)
...
006 (9701458.000.000) 05/01 01:00:26 Image size of job updated: 10369804
	10126  -  MemoryUsage of job (MB)
	10368296  -  ResidentSetSize of job (KB)
...
006 (9701458.000.000) 05/01 01:05:26 Image size of job updated: 10486896
	10216  -  MemoryUsage of job (MB)
	10460736  -  ResidentSetSize of job (KB)
...
006 (9701458.000.000) 05/01 01:10:26 Image size of job updated: 10501864
	10255  -  MemoryUsage of job (MB)
	10500660  -  ResidentSetSize of job (KB)
...
006 (9701458.000.000) 05/01 01:15:27 Image size of job updated: 10531996
	10280  -  MemoryUsage of job (MB)
	10526640  -  ResidentSetSize of job (KB)
...
006 (9701458.000.000) 05/01 01:20:27 Image size of job updated: 10560264
	10311  -  MemoryUsage of job (MB)
	10558224  -  ResidentSetSize of job (KB)
...
006 (9701458.000.000) 05/01 01:25:27 Image size of job updated: 10636484
	10357  -  MemoryUsage of job (MB)
	10605012  -  ResidentSetSize of job (KB)
...
006 (9701458.000.000) 05/01 01:30:28 Image size of job updated: 10644976
	10394  -  MemoryUsage of job (MB)
	10642996  -  ResidentSetSize of job (KB)
...
006 (9701458.000.000) 05/01 01:35:29 Image size of job updated: 10659652
	10405  -  MemoryUsage of job (MB)
	10654508  -  ResidentSetSize of job (KB)
...
006 (9701458.000.000) 05/01 01:40:29 Image size of job updated: 10693268
	10443  -  MemoryUsage of job (MB)
	10693012  -  ResidentSetSize of job (KB)
...
006 (9701458.000.000) 05/01 01:45:30 Image size of job updated: 10772016
	10516  -  MemoryUsage of job (MB)
	10768360  -  ResidentSetSize of job (KB)
...
006 (9701458.000.000) 05/01 01:50:31 Image size of job updated: 10878204
	10622  -  MemoryUsage of job (MB)
	10876124  -  ResidentSetSize of job (KB)
...
006 (9701458.000.000) 05/01 01:55:31 Image size of job updated: 10911328
	10654  -  MemoryUsage of job (MB)
	10909200  -  ResidentSetSize of job (KB)
...
006 (9701458.000.000) 05/01 02:00:31 Image size of job updated: 10948068
	10690  -  MemoryUsage of job (MB)
	10946476  -  ResidentSetSize of job (KB)
...
006 (9701458.000.000) 05/01 02:05:32 Image size of job updated: 10986884
	10730  -  MemoryUsage of job (MB)
	10986632  -  ResidentSetSize of job (KB)
...
006 (9701458.000.000) 05/01 02:10:32 Image size of job updated: 11043880
	10730  -  MemoryUsage of job (MB)
	10986632  -  ResidentSetSize of job (KB)
...
006 (9701458.000.000) 05/01 02:15:32 Image size of job updated: 11043880
	10766  -  MemoryUsage of job (MB)
	11023856  -  ResidentSetSize of job (KB)
...
006 (9701458.000.000) 05/01 02:20:33 Image size of job updated: 11059492
	10801  -  MemoryUsage of job (MB)
	11059240  -  ResidentSetSize of job (KB)
...
006 (9701458.000.000) 05/01 02:25:34 Image size of job updated: 11090688
	10830  -  MemoryUsage of job (MB)
	11089604  -  ResidentSetSize of job (KB)
...
006 (9701458.000.000) 05/01 02:30:34 Image size of job updated: 11504296
	11104  -  MemoryUsage of job (MB)
	11370348  -  ResidentSetSize of job (KB)
...
006 (9701458.000.000) 05/01 02:35:35 Image size of job updated: 11504296
	11139  -  MemoryUsage of job (MB)
	11406012  -  ResidentSetSize of job (KB)
...
006 (9701458.000.000) 05/01 02:40:36 Image size of job updated: 11504296
	11161  -  MemoryUsage of job (MB)
	11427892  -  ResidentSetSize of job (KB)
...
006 (9701458.000.000) 05/01 02:45:36 Image size of job updated: 11504296
	11201  -  MemoryUsage of job (MB)
	11469500  -  ResidentSetSize of job (KB)
...
006 (9701458.000.000) 05/01 02:50:36 Image size of job updated: 11517696
	11247  -  MemoryUsage of job (MB)
	11516708  -  ResidentSetSize of job (KB)
...
006 (9701458.000.000) 05/01 02:55:37 Image size of job updated: 11553928
	11283  -  MemoryUsage of job (MB)
	11553728  -  ResidentSetSize of job (KB)
...
006 (9701458.000.000) 05/01 03:00:37 Image size of job updated: 11591520
	11318  -  MemoryUsage of job (MB)
	11588744  -  ResidentSetSize of job (KB)
...
006 (9701458.000.000) 05/01 03:05:37 Image size of job updated: 11729692
	11454  -  MemoryUsage of job (MB)
	11728868  -  ResidentSetSize of job (KB)
...
006 (9701458.000.000) 05/01 03:10:38 Image size of job updated: 11769804
	11493  -  MemoryUsage of job (MB)
	11768456  -  ResidentSetSize of job (KB)
...
006 (9701458.000.000) 05/01 03:15:39 Image size of job updated: 11796100
	11518  -  MemoryUsage of job (MB)
	11794072  -  ResidentSetSize of job (KB)
...
006 (9701458.000.000) 05/01 03:20:39 Image size of job updated: 11937332
	11657  -  MemoryUsage of job (MB)
	11936420  -  ResidentSetSize of job (KB)
...
006 (9701458.000.000) 05/01 03:25:40 Image size of job updated: 11977260
	11696  -  MemoryUsage of job (MB)
	11976008  -  ResidentSetSize of job (KB)
...
006 (9701458.000.000) 05/01 03:30:41 Image size of job updated: 12107308
	11823  -  MemoryUsage of job (MB)
	12105868  -  ResidentSetSize of job (KB)
...
006 (9701458.000.000) 05/01 03:35:41 Image size of job updated: 12142976
	11858  -  MemoryUsage of job (MB)
	12142276  -  ResidentSetSize of job (KB)
...
006 (9701458.000.000) 05/01 03:40:41 Image size of job updated: 12162712
	11858  -  MemoryUsage of job (MB)
	12142276  -  ResidentSetSize of job (KB)
...
006 (9701458.000.000) 05/01 03:45:42 Image size of job updated: 12177516
	11891  -  MemoryUsage of job (MB)
	12175592  -  ResidentSetSize of job (KB)
...
006 (9701458.000.000) 05/01 03:50:42 Image size of job updated: 12220452
	11933  -  MemoryUsage of job (MB)
	12219320  -  ResidentSetSize of job (KB)
...
006 (9701458.000.000) 05/01 03:55:42 Image size of job updated: 12321348
	12033  -  MemoryUsage of job (MB)
	12321344  -  ResidentSetSize of job (KB)
...
006 (9701458.000.000) 05/01 04:00:43 Image size of job updated: 12352340
	12063  -  MemoryUsage of job (MB)
	12351936  -  ResidentSetSize of job (KB)
...
006 (9701458.000.000) 05/01 04:05:44 Image size of job updated: 12410764
	12120  -  MemoryUsage of job (MB)
	12410516  -  ResidentSetSize of job (KB)
...
006 (9701458.000.000) 05/01 04:10:44 Image size of job updated: 12444216
	12153  -  MemoryUsage of job (MB)
	12444212  -  ResidentSetSize of job (KB)
...
006 (9701458.000.000) 05/01 04:15:45 Image size of job updated: 12500968
	12206  -  MemoryUsage of job (MB)
	12498320  -  ResidentSetSize of job (KB)
...
006 (9701458.000.000) 05/01 04:20:46 Image size of job updated: 12620052
	12323  -  MemoryUsage of job (MB)
	12618576  -  ResidentSetSize of job (KB)
...
006 (9701458.000.000) 05/01 04:25:46 Image size of job updated: 12657452
	12361  -  MemoryUsage of job (MB)
	12657448  -  ResidentSetSize of job (KB)
...
006 (9701458.000.000) 05/01 04:30:46 Image size of job updated: 12808020
	12506  -  MemoryUsage of job (MB)
	12805172  -  ResidentSetSize of job (KB)
...
006 (9701458.000.000) 05/01 04:35:47 Image size of job updated: 12848172
	12545  -  MemoryUsage of job (MB)
	12845316  -  ResidentSetSize of job (KB)
...
006 (9701458.000.000) 05/01 04:40:47 Image size of job updated: 12888248
	12585  -  MemoryUsage of job (MB)
	12886468  -  ResidentSetSize of job (KB)
...
006 (9701458.000.000) 05/01 04:45:47 Image size of job updated: 13003992
	12699  -  MemoryUsage of job (MB)
	13003440  -  ResidentSetSize of job (KB)
...
006 (9701458.000.000) 05/01 04:50:48 Image size of job updated: 13044608
	12737  -  MemoryUsage of job (MB)
	13042384  -  ResidentSetSize of job (KB)
...
006 (9701458.000.000) 05/01 04:55:49 Image size of job updated: 13131236
	12823  -  MemoryUsage of job (MB)
	13130748  -  ResidentSetSize of job (KB)
...
006 (9701458.000.000) 05/01 05:00:49 Image size of job updated: 13172688
	12863  -  MemoryUsage of job (MB)
	13171304  -  ResidentSetSize of job (KB)
...
006 (9701458.000.000) 05/01 05:05:50 Image size of job updated: 13287604
	12974  -  MemoryUsage of job (MB)
	13284636  -  ResidentSetSize of job (KB)
...
006 (9701458.000.000) 05/01 05:10:51 Image size of job updated: 13312904
	12974  -  MemoryUsage of job (MB)
	13284636  -  ResidentSetSize of job (KB)
...
006 (9701458.000.000) 05/01 05:15:51 Image size of job updated: 13312904
	12994  -  MemoryUsage of job (MB)
	13305360  -  ResidentSetSize of job (KB)
...
006 (9701458.000.000) 05/01 05:20:51 Image size of job updated: 13370876
	13056  -  MemoryUsage of job (MB)
	13369180  -  ResidentSetSize of job (KB)
...
006 (9701458.000.000) 05/01 05:25:52 Image size of job updated: 13409596
	13094  -  MemoryUsage of job (MB)
	13408052  -  ResidentSetSize of job (KB)
...
006 (9701458.000.000) 05/01 05:30:52 Image size of job updated: 13468444
	13150  -  MemoryUsage of job (MB)
	13465600  -  ResidentSetSize of job (KB)
...
006 (9701458.000.000) 05/01 05:35:52 Image size of job updated: 13522452
	13205  -  MemoryUsage of job (MB)
	13521624  -  ResidentSetSize of job (KB)
...
006 (9701458.000.000) 05/01 05:40:53 Image size of job updated: 13560656
	13242  -  MemoryUsage of job (MB)
	13559328  -  ResidentSetSize of job (KB)
...
006 (9701458.000.000) 05/01 05:45:54 Image size of job updated: 13611184
	13290  -  MemoryUsage of job (MB)
	13608448  -  ResidentSetSize of job (KB)
...
006 (9701458.000.000) 05/01 05:50:54 Image size of job updated: 13720552
	13290  -  MemoryUsage of job (MB)
	13608448  -  ResidentSetSize of job (KB)
...
006 (9701458.000.000) 05/01 05:55:55 Image size of job updated: 13720552
	13326  -  MemoryUsage of job (MB)
	13645236  -  ResidentSetSize of job (KB)
...
006 (9701458.000.000) 05/01 06:00:56 Image size of job updated: 13739004
	13416  -  MemoryUsage of job (MB)
	13737360  -  ResidentSetSize of job (KB)
...
006 (9701458.000.000) 05/01 06:05:56 Image size of job updated: 13787872
	13464  -  MemoryUsage of job (MB)
	13786220  -  ResidentSetSize of job (KB)
...
006 (9701458.000.000) 05/01 06:10:56 Image size of job updated: 13941044
	13613  -  MemoryUsage of job (MB)
	13939132  -  ResidentSetSize of job (KB)
...
006 (9701458.000.000) 05/01 06:15:57 Image size of job updated: 13959864
	13619  -  MemoryUsage of job (MB)
	13944996  -  ResidentSetSize of job (KB)
...
006 (9701458.000.000) 05/01 06:20:57 Image size of job updated: 14072288
	13741  -  MemoryUsage of job (MB)
	14070144  -  ResidentSetSize of job (KB)
...
006 (9701458.000.000) 05/01 06:25:57 Image size of job updated: 14109572
	13741  -  MemoryUsage of job (MB)
	14070144  -  ResidentSetSize of job (KB)
...
006 (9701458.000.000) 05/01 06:35:59 Image size of job updated: 14127916
	13796  -  MemoryUsage of job (MB)
	14126548  -  ResidentSetSize of job (KB)
...
006 (9701458.000.000) 05/01 06:40:59 Image size of job updated: 14251616
	13918  -  MemoryUsage of job (MB)
	14251152  -  ResidentSetSize of job (KB)
...
006 (9701458.000.000) 05/01 06:46:00 Image size of job updated: 14375028
	14037  -  MemoryUsage of job (MB)
	14373524  -  ResidentSetSize of job (KB)
...
006 (9701458.000.000) 05/01 06:51:01 Image size of job updated: 14494444
	14153  -  MemoryUsage of job (MB)
	14491752  -  ResidentSetSize of job (KB)
...
006 (9701458.000.000) 05/01 06:56:01 Image size of job updated: 14538908
	14197  -  MemoryUsage of job (MB)
	14536792  -  ResidentSetSize of job (KB)
...
006 (9701458.000.000) 05/01 07:01:02 Image size of job updated: 14619100
	14243  -  MemoryUsage of job (MB)
	14584488  -  ResidentSetSize of job (KB)
...
006 (9701458.000.000) 05/01 07:06:03 Image size of job updated: 14739980
	14393  -  MemoryUsage of job (MB)
	14738048  -  ResidentSetSize of job (KB)
...
006 (9701458.000.000) 05/01 07:11:03 Image size of job updated: 14772576
	14402  -  MemoryUsage of job (MB)
	14746776  -  ResidentSetSize of job (KB)
...
006 (9701458.000.000) 05/01 07:16:03 Image size of job updated: 14868936
	14520  -  MemoryUsage of job (MB)
	14867500  -  ResidentSetSize of job (KB)
...
006 (9701458.000.000) 05/01 07:21:04 Image size of job updated: 14912336
	14561  -  MemoryUsage of job (MB)
	14910352  -  ResidentSetSize of job (KB)
...
006 (9701458.000.000) 05/01 07:26:04 Image size of job updated: 14927056
	14568  -  MemoryUsage of job (MB)
	14916704  -  ResidentSetSize of job (KB)
...
006 (9701458.000.000) 05/01 07:31:04 Image size of job updated: 15024780
	14628  -  MemoryUsage of job (MB)
	14978740  -  ResidentSetSize of job (KB)
...
006 (9701458.000.000) 05/01 07:36:05 Image size of job updated: 15047044
	14691  -  MemoryUsage of job (MB)
	15043316  -  ResidentSetSize of job (KB)
...
006 (9701458.000.000) 05/01 07:41:06 Image size of job updated: 15086280
	14732  -  MemoryUsage of job (MB)
	15085220  -  ResidentSetSize of job (KB)
...
006 (9701458.000.000) 05/01 07:46:06 Image size of job updated: 15153500
	14796  -  MemoryUsage of job (MB)
	15151036  -  ResidentSetSize of job (KB)
...
006 (9701458.000.000) 05/01 07:51:06 Image size of job updated: 15189560
	14833  -  MemoryUsage of job (MB)
	15188260  -  ResidentSetSize of job (KB)
...
006 (9701458.000.000) 05/01 07:56:07 Image size of job updated: 15224560
	14866  -  MemoryUsage of job (MB)
	15222580  -  ResidentSetSize of job (KB)
...
006 (9701458.000.000) 05/01 08:01:07 Image size of job updated: 15317332
	14957  -  MemoryUsage of job (MB)
	15315696  -  ResidentSetSize of job (KB)
...
006 (9701458.000.000) 05/01 08:06:07 Image size of job updated: 15361976
	15002  -  MemoryUsage of job (MB)
	15361688  -  ResidentSetSize of job (KB)
...
006 (9701458.000.000) 05/01 08:11:08 Image size of job updated: 15489792
	15124  -  MemoryUsage of job (MB)
	15486924  -  ResidentSetSize of job (KB)
...
006 (9701458.000.000) 05/01 08:16:09 Image size of job updated: 15556080
	15162  -  MemoryUsage of job (MB)
	15524880  -  ResidentSetSize of job (KB)
...
006 (9701458.000.000) 05/01 08:21:09 Image size of job updated: 15591392
	15225  -  MemoryUsage of job (MB)
	15589544  -  ResidentSetSize of job (KB)
...
006 (9701458.000.000) 05/01 08:26:10 Image size of job updated: 15740644
	15371  -  MemoryUsage of job (MB)
	15739580  -  ResidentSetSize of job (KB)
...
006 (9701458.000.000) 05/01 08:31:11 Image size of job updated: 15889796
	15515  -  MemoryUsage of job (MB)
	15887104  -  ResidentSetSize of job (KB)
...
006 (9701458.000.000) 05/01 08:46:12 Image size of job updated: 15947776
	15573  -  MemoryUsage of job (MB)
	15946076  -  ResidentSetSize of job (KB)
...
006 (9701458.000.000) 05/01 08:51:13 Image size of job updated: 16069800
	15692  -  MemoryUsage of job (MB)
	16068008  -  ResidentSetSize of job (KB)
...
006 (9701458.000.000) 05/01 08:56:13 Image size of job updated: 16137184
	15758  -  MemoryUsage of job (MB)
	16136036  -  ResidentSetSize of job (KB)
...
006 (9701458.000.000) 05/01 09:01:14 Image size of job updated: 16232456
	15851  -  MemoryUsage of job (MB)
	16231328  -  ResidentSetSize of job (KB)
...
006 (9701458.000.000) 05/01 09:06:15 Image size of job updated: 16274768
	15892  -  MemoryUsage of job (MB)
	16272780  -  ResidentSetSize of job (KB)
...
006 (9701458.000.000) 05/01 09:11:15 Image size of job updated: 16314732
	15931  -  MemoryUsage of job (MB)
	16312740  -  ResidentSetSize of job (KB)
...
006 (9701458.000.000) 05/01 09:16:15 Image size of job updated: 16319180
	15931  -  MemoryUsage of job (MB)
	16312740  -  ResidentSetSize of job (KB)
...
006 (9701458.000.000) 05/01 09:26:16 Image size of job updated: 16319180
	15931  -  MemoryUsage of job (MB)
	16312944  -  ResidentSetSize of job (KB)
...
006 (9701458.000.000) 05/01 09:31:16 Image size of job updated: 16405392
	16019  -  MemoryUsage of job (MB)
	16402748  -  ResidentSetSize of job (KB)
...
006 (9701458.000.000) 05/01 09:36:17 Image size of job updated: 16446548
	16060  -  MemoryUsage of job (MB)
	16445340  -  ResidentSetSize of job (KB)
...
006 (9701458.000.000) 05/01 09:41:18 Image size of job updated: 16483344
	16096  -  MemoryUsage of job (MB)
	16481356  -  ResidentSetSize of job (KB)
...
006 (9701458.000.000) 05/01 09:46:18 Image size of job updated: 16509000
	16096  -  MemoryUsage of job (MB)
	16481356  -  ResidentSetSize of job (KB)
...
006 (9701458.000.000) 05/01 09:51:19 Image size of job updated: 16509000
	16098  -  MemoryUsage of job (MB)
	16483476  -  ResidentSetSize of job (KB)
...
006 (9701458.000.000) 05/01 10:01:20 Image size of job updated: 16548092
	16159  -  MemoryUsage of job (MB)
	16545972  -  ResidentSetSize of job (KB)
...
006 (9701458.000.000) 05/01 10:06:20 Image size of job updated: 16668540
	16277  -  MemoryUsage of job (MB)
	16667356  -  ResidentSetSize of job (KB)
...
006 (9701458.000.000) 05/01 10:11:21 Image size of job updated: 16795368
	16402  -  MemoryUsage of job (MB)
	16794768  -  ResidentSetSize of job (KB)
...
006 (9701458.000.000) 05/01 10:16:21 Image size of job updated: 16837700
	16442  -  MemoryUsage of job (MB)
	16836272  -  ResidentSetSize of job (KB)
...
006 (9701458.000.000) 05/01 10:21:21 Image size of job updated: 16846028
	16442  -  MemoryUsage of job (MB)
	16836272  -  ResidentSetSize of job (KB)
...
006 (9701458.000.000) 05/01 10:26:22 Image size of job updated: 16970520
	16536  -  MemoryUsage of job (MB)
	16932724  -  ResidentSetSize of job (KB)
...
006 (9701458.000.000) 05/01 10:31:23 Image size of job updated: 16997360
	16598  -  MemoryUsage of job (MB)
	16996244  -  ResidentSetSize of job (KB)
...
006 (9701458.000.000) 05/01 10:36:23 Image size of job updated: 17038052
	16639  -  MemoryUsage of job (MB)
	17037672  -  ResidentSetSize of job (KB)
...
006 (9701458.000.000) 05/01 10:41:24 Image size of job updated: 17052320
	16639  -  MemoryUsage of job (MB)
	17037672  -  ResidentSetSize of job (KB)
...
006 (9701458.000.000) 05/01 10:46:25 Image size of job updated: 17058692
	16658  -  MemoryUsage of job (MB)
	17056876  -  ResidentSetSize of job (KB)
...
006 (9701458.000.000) 05/01 10:51:25 Image size of job updated: 17100068
	16698  -  MemoryUsage of job (MB)
	17098064  -  ResidentSetSize of job (KB)
...
006 (9701458.000.000) 05/01 10:56:25 Image size of job updated: 17127728
	16698  -  MemoryUsage of job (MB)
	17098064  -  ResidentSetSize of job (KB)
...
006 (9701458.000.000) 05/01 11:06:26 Image size of job updated: 17136432
	16701  -  MemoryUsage of job (MB)
	17100884  -  ResidentSetSize of job (KB)
...
006 (9701458.000.000) 05/01 11:11:26 Image size of job updated: 17143996
	16741  -  MemoryUsage of job (MB)
	17141860  -  ResidentSetSize of job (KB)
...
006 (9701458.000.000) 05/01 11:16:27 Image size of job updated: 17182164
	16779  -  MemoryUsage of job (MB)
	17181620  -  ResidentSetSize of job (KB)
...
006 (9701458.000.000) 05/01 11:21:28 Image size of job updated: 17195788
	16779  -  MemoryUsage of job (MB)
	17181620  -  ResidentSetSize of job (KB)
...
006 (9701458.000.000) 05/01 11:31:29 Image size of job updated: 17248768
	16845  -  MemoryUsage of job (MB)
	17248460  -  ResidentSetSize of job (KB)
...
006 (9701458.000.000) 05/01 11:36:30 Image size of job updated: 17289916
	16885  -  MemoryUsage of job (MB)
	17289596  -  ResidentSetSize of job (KB)
...
006 (9701458.000.000) 05/01 11:41:30 Image size of job updated: 17437332
	17029  -  MemoryUsage of job (MB)
	17436908  -  ResidentSetSize of job (KB)
...
006 (9701458.000.000) 05/01 11:46:30 Image size of job updated: 17477884
	17068  -  MemoryUsage of job (MB)
	17476880  -  ResidentSetSize of job (KB)
...
006 (9701458.000.000) 05/01 11:51:31 Image size of job updated: 17517812
	17107  -  MemoryUsage of job (MB)
	17517104  -  ResidentSetSize of job (KB)
...
006 (9701458.000.000) 05/01 11:56:31 Image size of job updated: 17610324
	17197  -  MemoryUsage of job (MB)
	17609196  -  ResidentSetSize of job (KB)
...
006 (9701458.000.000) 05/01 12:01:31 Image size of job updated: 17702256
	17287  -  MemoryUsage of job (MB)
	17701556  -  ResidentSetSize of job (KB)
...
006 (9701458.000.000) 05/01 12:06:32 Image size of job updated: 17746616
	17330  -  MemoryUsage of job (MB)
	17744988  -  ResidentSetSize of job (KB)
...
006 (9701458.000.000) 05/01 12:11:32 Image size of job updated: 17798252
	17330  -  MemoryUsage of job (MB)
	17744988  -  ResidentSetSize of job (KB)
...
006 (9701458.000.000) 05/01 12:16:32 Image size of job updated: 17861668
	17442  -  MemoryUsage of job (MB)
	17860588  -  ResidentSetSize of job (KB)
...
006 (9701458.000.000) 05/01 12:21:33 Image size of job updated: 17984296
	17561  -  MemoryUsage of job (MB)
	17982256  -  ResidentSetSize of job (KB)
...
006 (9701458.000.000) 05/01 12:26:34 Image size of job updated: 18024004
	17600  -  MemoryUsage of job (MB)
	18021956  -  ResidentSetSize of job (KB)
...
006 (9701458.000.000) 05/01 12:31:34 Image size of job updated: 18088172
	17664  -  MemoryUsage of job (MB)
	18087740  -  ResidentSetSize of job (KB)
...
006 (9701458.000.000) 05/01 12:36:35 Image size of job updated: 18150456
	17723  -  MemoryUsage of job (MB)
	18148268  -  ResidentSetSize of job (KB)
...
006 (9701458.000.000) 05/01 12:41:36 Image size of job updated: 18278924
	17850  -  MemoryUsage of job (MB)
	18277940  -  ResidentSetSize of job (KB)
...
006 (9701458.000.000) 05/01 12:46:36 Image size of job updated: 18425232
	17941  -  MemoryUsage of job (MB)
	18371276  -  ResidentSetSize of job (KB)
...
006 (9701458.000.000) 05/01 12:51:36 Image size of job updated: 18425232
	17969  -  MemoryUsage of job (MB)
	18399972  -  ResidentSetSize of job (KB)
...
006 (9701458.000.000) 05/01 12:56:37 Image size of job updated: 18442788
	18010  -  MemoryUsage of job (MB)
	18441536  -  ResidentSetSize of job (KB)
...
006 (9701458.000.000) 05/01 13:01:38 Image size of job updated: 18480112
	18045  -  MemoryUsage of job (MB)
	18477340  -  ResidentSetSize of job (KB)
...
006 (9701458.000.000) 05/01 13:06:38 Image size of job updated: 18596744
	18160  -  MemoryUsage of job (MB)
	18595084  -  ResidentSetSize of job (KB)
...
006 (9701458.000.000) 05/01 13:11:39 Image size of job updated: 18715520
	18277  -  MemoryUsage of job (MB)
	18714648  -  ResidentSetSize of job (KB)
...
006 (9701458.000.000) 05/01 13:16:40 Image size of job updated: 18719124
	18277  -  MemoryUsage of job (MB)
	18714648  -  ResidentSetSize of job (KB)
...
006 (9701458.000.000) 05/01 13:21:40 Image size of job updated: 18765060
	18325  -  MemoryUsage of job (MB)
	18764416  -  ResidentSetSize of job (KB)
...
006 (9701458.000.000) 05/01 13:26:40 Image size of job updated: 18826748
	18384  -  MemoryUsage of job (MB)
	18824476  -  ResidentSetSize of job (KB)
...
006 (9701458.000.000) 05/01 13:31:41 Image size of job updated: 18868816
	18425  -  MemoryUsage of job (MB)
	18866492  -  ResidentSetSize of job (KB)
...
006 (9701458.000.000) 05/01 13:36:41 Image size of job updated: 18987208
	18541  -  MemoryUsage of job (MB)
	18985912  -  ResidentSetSize of job (KB)
...
006 (9701458.000.000) 05/01 13:41:41 Image size of job updated: 19080012
	18632  -  MemoryUsage of job (MB)
	19078756  -  ResidentSetSize of job (KB)
...
006 (9701458.000.000) 05/01 13:46:42 Image size of job updated: 19121420
	18672  -  MemoryUsage of job (MB)
	19119912  -  ResidentSetSize of job (KB)
...
006 (9701458.000.000) 05/01 13:51:43 Image size of job updated: 19158616
	18708  -  MemoryUsage of job (MB)
	19156196  -  ResidentSetSize of job (KB)
...
006 (9701458.000.000) 05/01 13:56:43 Image size of job updated: 19179764
	18708  -  MemoryUsage of job (MB)
	19156196  -  ResidentSetSize of job (KB)
...
006 (9701458.000.000) 05/01 14:01:44 Image size of job updated: 19230908
	18780  -  MemoryUsage of job (MB)
	19230292  -  ResidentSetSize of job (KB)
...
006 (9701458.000.000) 05/01 14:06:45 Image size of job updated: 19273124
	18821  -  MemoryUsage of job (MB)
	19271812  -  ResidentSetSize of job (KB)
...
006 (9701458.000.000) 05/01 14:11:45 Image size of job updated: 20034880
	19194  -  MemoryUsage of job (MB)
	19654272  -  ResidentSetSize of job (KB)
...
006 (9701458.000.000) 05/01 14:16:45 Image size of job updated: 20034880
	19315  -  MemoryUsage of job (MB)
	19777684  -  ResidentSetSize of job (KB)
...
006 (9701458.000.000) 05/01 14:21:46 Image size of job updated: 20034880
	19376  -  MemoryUsage of job (MB)
	19840008  -  ResidentSetSize of job (KB)
...
006 (9701458.000.000) 05/01 14:26:46 Image size of job updated: 20034880
	19417  -  MemoryUsage of job (MB)
	19882128  -  ResidentSetSize of job (KB)
...
006 (9701458.000.000) 05/01 14:31:46 Image size of job updated: 20034880
	19471  -  MemoryUsage of job (MB)
	19937880  -  ResidentSetSize of job (KB)
...
006 (9701458.000.000) 05/01 14:36:47 Image size of job updated: 20095656
	19624  -  MemoryUsage of job (MB)
	20094612  -  ResidentSetSize of job (KB)
...
006 (9701458.000.000) 05/01 14:41:47 Image size of job updated: 20097624
	19624  -  MemoryUsage of job (MB)
	20094612  -  ResidentSetSize of job (KB)
...
006 (9701458.000.000) 05/01 14:46:47 Image size of job updated: 20175736
	19703  -  MemoryUsage of job (MB)
	20175488  -  ResidentSetSize of job (KB)
...
006 (9701458.000.000) 05/01 14:51:48 Image size of job updated: 20279988
	19763  -  MemoryUsage of job (MB)
	20237256  -  ResidentSetSize of job (KB)
...
006 (9701458.000.000) 05/01 14:56:48 Image size of job updated: 20304168
	19827  -  MemoryUsage of job (MB)
	20301972  -  ResidentSetSize of job (KB)
...
006 (9701458.000.000) 05/01 15:01:48 Image size of job updated: 20346580
	19868  -  MemoryUsage of job (MB)
	20344080  -  ResidentSetSize of job (KB)
...
006 (9701458.000.000) 05/01 15:06:49 Image size of job updated: 20440016
	19959  -  MemoryUsage of job (MB)
	20437488  -  ResidentSetSize of job (KB)
...
006 (9701458.000.000) 05/01 15:11:50 Image size of job updated: 20588788
	20105  -  MemoryUsage of job (MB)
	20587296  -  ResidentSetSize of job (KB)
...
006 (9701458.000.000) 05/01 15:16:50 Image size of job updated: 20681492
	20196  -  MemoryUsage of job (MB)
	20680664  -  ResidentSetSize of job (KB)
...
006 (9701458.000.000) 05/01 15:21:51 Image size of job updated: 20801748
	20313  -  MemoryUsage of job (MB)
	20799988  -  ResidentSetSize of job (KB)
...
006 (9701458.000.000) 05/01 15:26:52 Image size of job updated: 20842876
	20352  -  MemoryUsage of job (MB)
	20840360  -  ResidentSetSize of job (KB)
...
006 (9701458.000.000) 05/01 15:31:52 Image size of job updated: 20877828
	20388  -  MemoryUsage of job (MB)
	20876860  -  ResidentSetSize of job (KB)
...
006 (9701458.000.000) 05/01 15:36:52 Image size of job updated: 21000856
	20507  -  MemoryUsage of job (MB)
	20998340  -  ResidentSetSize of job (KB)
...
006 (9701458.000.000) 05/01 15:41:53 Image size of job updated: 21092512
	20599  -  MemoryUsage of job (MB)
	21092508  -  ResidentSetSize of job (KB)
...
006 (9701458.000.000) 05/01 15:46:53 Image size of job updated: 21214716
	20717  -  MemoryUsage of job (MB)
	21214012  -  ResidentSetSize of job (KB)
...
006 (9701458.000.000) 05/01 15:51:53 Image size of job updated: 21257248
	20756  -  MemoryUsage of job (MB)
	21253728  -  ResidentSetSize of job (KB)
...
006 (9701458.000.000) 05/01 15:56:54 Image size of job updated: 21379144
	20877  -  MemoryUsage of job (MB)
	21377408  -  ResidentSetSize of job (KB)
...
006 (9701458.000.000) 05/01 16:01:55 Image size of job updated: 21444092
	20939  -  MemoryUsage of job (MB)
	21440704  -  ResidentSetSize of job (KB)
...
006 (9701458.000.000) 05/01 16:06:55 Image size of job updated: 21505172
	21001  -  MemoryUsage of job (MB)
	21504012  -  ResidentSetSize of job (KB)
...
006 (9701458.000.000) 05/01 16:11:56 Image size of job updated: 21573876
	21068  -  MemoryUsage of job (MB)
	21572784  -  ResidentSetSize of job (KB)
...
006 (9701458.000.000) 05/01 16:16:57 Image size of job updated: 21608052
	21068  -  MemoryUsage of job (MB)
	21572784  -  ResidentSetSize of job (KB)
...
006 (9701458.000.000) 05/01 16:21:57 Image size of job updated: 21688600
	21180  -  MemoryUsage of job (MB)
	21687388  -  ResidentSetSize of job (KB)
...
006 (9701458.000.000) 05/01 16:26:57 Image size of job updated: 21710832
	21197  -  MemoryUsage of job (MB)
	21705560  -  ResidentSetSize of job (KB)
...
006 (9701458.000.000) 05/01 16:31:58 Image size of job updated: 21740684
	21229  -  MemoryUsage of job (MB)
	21738280  -  ResidentSetSize of job (KB)
...
006 (9701458.000.000) 05/01 16:36:58 Image size of job updated: 21744612
	21229  -  MemoryUsage of job (MB)
	21738280  -  ResidentSetSize of job (KB)
...
006 (9701458.000.000) 05/01 16:41:58 Image size of job updated: 21795264
	21283  -  MemoryUsage of job (MB)
	21792996  -  ResidentSetSize of job (KB)
...
006 (9701458.000.000) 05/01 16:46:59 Image size of job updated: 21915032
	21400  -  MemoryUsage of job (MB)
	21913596  -  ResidentSetSize of job (KB)
...
006 (9701458.000.000) 05/01 16:52:00 Image size of job updated: 22038692
	21521  -  MemoryUsage of job (MB)
	22036752  -  ResidentSetSize of job (KB)
...
006 (9701458.000.000) 05/01 16:57:00 Image size of job updated: 22102440
	21584  -  MemoryUsage of job (MB)
	22101736  -  ResidentSetSize of job (KB)
...
006 (9701458.000.000) 05/01 17:02:01 Image size of job updated: 22140964
	21584  -  MemoryUsage of job (MB)
	22101992  -  ResidentSetSize of job (KB)
...
006 (9701458.000.000) 05/01 17:27:03 Image size of job updated: 22146944
	21627  -  MemoryUsage of job (MB)
	22145040  -  ResidentSetSize of job (KB)
...
006 (9701458.000.000) 05/01 17:32:03 Image size of job updated: 22205492
	21627  -  MemoryUsage of job (MB)
	22145040  -  ResidentSetSize of job (KB)
...
006 (9701458.000.000) 05/01 17:47:05 Image size of job updated: 22205492
	21677  -  MemoryUsage of job (MB)
	22196672  -  ResidentSetSize of job (KB)
...
006 (9701458.000.000) 05/01 17:52:06 Image size of job updated: 22349024
	21824  -  MemoryUsage of job (MB)
	22346980  -  ResidentSetSize of job (KB)
...
006 (9701458.000.000) 05/01 17:57:07 Image size of job updated: 22497752
	21969  -  MemoryUsage of job (MB)
	22495660  -  ResidentSetSize of job (KB)
...
006 (9701458.000.000) 05/01 18:02:07 Image size of job updated: 22509932
	21969  -  MemoryUsage of job (MB)
	22495660  -  ResidentSetSize of job (KB)
...
006 (9701458.000.000) 05/01 18:07:07 Image size of job updated: 22536352
	22007  -  MemoryUsage of job (MB)
	22534688  -  ResidentSetSize of job (KB)
...
006 (9701458.000.000) 05/01 18:12:08 Image size of job updated: 22599372
	22007  -  MemoryUsage of job (MB)
	22534688  -  ResidentSetSize of job (KB)
...
006 (9701458.000.000) 05/01 18:22:09 Image size of job updated: 22697192
	22164  -  MemoryUsage of job (MB)
	22695204  -  ResidentSetSize of job (KB)
...
006 (9701458.000.000) 05/01 18:27:10 Image size of job updated: 22786468
	22251  -  MemoryUsage of job (MB)
	22784172  -  ResidentSetSize of job (KB)
...
006 (9701458.000.000) 05/01 18:32:11 Image size of job updated: 22879848
	22343  -  MemoryUsage of job (MB)
	22878856  -  ResidentSetSize of job (KB)
...
006 (9701458.000.000) 05/01 18:37:11 Image size of job updated: 22981056
	22440  -  MemoryUsage of job (MB)
	22978316  -  ResidentSetSize of job (KB)
...
006 (9701458.000.000) 05/01 18:42:11 Image size of job updated: 23075496
	22534  -  MemoryUsage of job (MB)
	23074508  -  ResidentSetSize of job (KB)
...
006 (9701458.000.000) 05/01 18:47:12 Image size of job updated: 23192984
	22648  -  MemoryUsage of job (MB)
	23191028  -  ResidentSetSize of job (KB)
...
006 (9701458.000.000) 05/01 18:52:12 Image size of job updated: 23314308
	22767  -  MemoryUsage of job (MB)
	23313336  -  ResidentSetSize of job (KB)
...
006 (9701458.000.000) 05/01 18:57:12 Image size of job updated: 23427284
	22876  -  MemoryUsage of job (MB)
	23424780  -  ResidentSetSize of job (KB)
...
006 (9701458.000.000) 05/01 19:02:13 Image size of job updated: 23496264
	22942  -  MemoryUsage of job (MB)
	23492412  -  ResidentSetSize of job (KB)
...
006 (9701458.000.000) 05/01 19:07:14 Image size of job updated: 23535992
	22983  -  MemoryUsage of job (MB)
	23533904  -  ResidentSetSize of job (KB)
...
006 (9701458.000.000) 05/01 19:12:14 Image size of job updated: 23628388
	23075  -  MemoryUsage of job (MB)
	23627832  -  ResidentSetSize of job (KB)
...
006 (9701458.000.000) 05/01 19:17:15 Image size of job updated: 23754948
	23197  -  MemoryUsage of job (MB)
	23753436  -  ResidentSetSize of job (KB)
...
006 (9701458.000.000) 05/01 19:22:16 Image size of job updated: 23768724
	23197  -  MemoryUsage of job (MB)
	23753436  -  ResidentSetSize of job (KB)
...
006 (9701458.000.000) 05/01 19:32:16 Image size of job updated: 23854464
	23295  -  MemoryUsage of job (MB)
	23853760  -  ResidentSetSize of job (KB)
...
006 (9701458.000.000) 05/01 19:37:17 Image size of job updated: 23978596
	23415  -  MemoryUsage of job (MB)
	23976804  -  ResidentSetSize of job (KB)
...
006 (9701458.000.000) 05/01 19:42:17 Image size of job updated: 24029512
	23465  -  MemoryUsage of job (MB)
	24027288  -  ResidentSetSize of job (KB)
...
006 (9701458.000.000) 05/01 19:47:17 Image size of job updated: 24098944
	23533  -  MemoryUsage of job (MB)
	24097496  -  ResidentSetSize of job (KB)
...
006 (9701458.000.000) 05/01 19:52:18 Image size of job updated: 24102824
	23533  -  MemoryUsage of job (MB)
	24097496  -  ResidentSetSize of job (KB)
...
006 (9701458.000.000) 05/01 19:57:19 Image size of job updated: 24208972
	23639  -  MemoryUsage of job (MB)
	24206160  -  ResidentSetSize of job (KB)
...
006 (9701458.000.000) 05/01 20:02:19 Image size of job updated: 24290332
	23639  -  MemoryUsage of job (MB)
	24206160  -  ResidentSetSize of job (KB)
...
006 (9701458.000.000) 05/01 20:07:20 Image size of job updated: 24298200
	23663  -  MemoryUsage of job (MB)
	24230480  -  ResidentSetSize of job (KB)
...
006 (9701458.000.000) 05/01 20:12:21 Image size of job updated: 24298200
	23727  -  MemoryUsage of job (MB)
	24296408  -  ResidentSetSize of job (KB)
...
006 (9701458.000.000) 05/01 20:17:21 Image size of job updated: 24361244
	23788  -  MemoryUsage of job (MB)
	24358704  -  ResidentSetSize of job (KB)
...
006 (9701458.000.000) 05/01 20:22:21 Image size of job updated: 24496768
	23881  -  MemoryUsage of job (MB)
	24453964  -  ResidentSetSize of job (KB)
...
006 (9701458.000.000) 05/01 20:27:22 Image size of job updated: 24524888
	23948  -  MemoryUsage of job (MB)
	24522736  -  ResidentSetSize of job (KB)
...
006 (9701458.000.000) 05/01 20:32:22 Image size of job updated: 24559776
	23984  -  MemoryUsage of job (MB)
	24559040  -  ResidentSetSize of job (KB)
...
006 (9701458.000.000) 05/01 20:37:22 Image size of job updated: 24569796
	23984  -  MemoryUsage of job (MB)
	24559040  -  ResidentSetSize of job (KB)
...
006 (9701458.000.000) 05/01 20:42:23 Image size of job updated: 24595672
	23984  -  MemoryUsage of job (MB)
	24559040  -  ResidentSetSize of job (KB)
...
006 (9701458.000.000) 05/01 20:47:24 Image size of job updated: 24685464
	24076  -  MemoryUsage of job (MB)
	24653436  -  ResidentSetSize of job (KB)
...
006 (9701458.000.000) 05/01 20:57:25 Image size of job updated: 24766596
	24104  -  MemoryUsage of job (MB)
	24682420  -  ResidentSetSize of job (KB)
...
006 (9701458.000.000) 05/01 21:02:26 Image size of job updated: 24842576
	24260  -  MemoryUsage of job (MB)
	24842088  -  ResidentSetSize of job (KB)
...
006 (9701458.000.000) 05/01 21:07:26 Image size of job updated: 24965948
	24380  -  MemoryUsage of job (MB)
	24964716  -  ResidentSetSize of job (KB)
...
006 (9701458.000.000) 05/01 21:12:26 Image size of job updated: 25036988
	24422  -  MemoryUsage of job (MB)
	25007848  -  ResidentSetSize of job (KB)
...
006 (9701458.000.000) 05/01 21:17:27 Image size of job updated: 25132260
	24540  -  MemoryUsage of job (MB)
	25128372  -  ResidentSetSize of job (KB)
...
006 (9701458.000.000) 05/01 21:22:28 Image size of job updated: 25136144
	24540  -  MemoryUsage of job (MB)
	25128372  -  ResidentSetSize of job (KB)
...
006 (9701458.000.000) 05/01 21:32:29 Image size of job updated: 25201760
	24611  -  MemoryUsage of job (MB)
	25200988  -  ResidentSetSize of job (KB)
...
006 (9701458.000.000) 05/01 21:37:30 Image size of job updated: 25246720
	24652  -  MemoryUsage of job (MB)
	25243488  -  ResidentSetSize of job (KB)
...
006 (9701458.000.000) 05/01 21:42:30 Image size of job updated: 25388824
	24657  -  MemoryUsage of job (MB)
	25247876  -  ResidentSetSize of job (KB)
...
006 (9701458.000.000) 05/01 21:47:30 Image size of job updated: 25388824
	24716  -  MemoryUsage of job (MB)
	25308508  -  ResidentSetSize of job (KB)
...
006 (9701458.000.000) 05/01 21:52:32 Image size of job updated: 25388824
	24755  -  MemoryUsage of job (MB)
	25348572  -  ResidentSetSize of job (KB)
...
006 (9701458.000.000) 05/01 21:57:32 Image size of job updated: 25471464
	24872  -  MemoryUsage of job (MB)
	25468808  -  ResidentSetSize of job (KB)
...
006 (9701458.000.000) 05/01 22:02:32 Image size of job updated: 25626848
	25026  -  MemoryUsage of job (MB)
	25625928  -  ResidentSetSize of job (KB)
...
006 (9701458.000.000) 05/01 22:07:33 Image size of job updated: 25692440
	25038  -  MemoryUsage of job (MB)
	25638044  -  ResidentSetSize of job (KB)
...
006 (9701458.000.000) 05/01 22:12:34 Image size of job updated: 25738704
	25132  -  MemoryUsage of job (MB)
	25735036  -  ResidentSetSize of job (KB)
...
006 (9701458.000.000) 05/01 22:17:34 Image size of job updated: 25793300
	25132  -  MemoryUsage of job (MB)
	25735036  -  ResidentSetSize of job (KB)
...
006 (9701458.000.000) 05/01 22:32:35 Image size of job updated: 25811832
	25204  -  MemoryUsage of job (MB)
	25808400  -  ResidentSetSize of job (KB)
...
006 (9701458.000.000) 05/01 22:37:35 Image size of job updated: 25828064
	25204  -  MemoryUsage of job (MB)
	25808400  -  ResidentSetSize of job (KB)
...
006 (9701458.000.000) 05/01 22:42:36 Image size of job updated: 25882948
	25275  -  MemoryUsage of job (MB)
	25880904  -  ResidentSetSize of job (KB)
...
006 (9701458.000.000) 05/01 22:47:36 Image size of job updated: 25974320
	25353  -  MemoryUsage of job (MB)
	25960472  -  ResidentSetSize of job (KB)
...
006 (9701458.000.000) 05/01 22:52:36 Image size of job updated: 26020384
	25411  -  MemoryUsage of job (MB)
	26020104  -  ResidentSetSize of job (KB)
...
006 (9701458.000.000) 05/01 22:57:37 Image size of job updated: 26131284
	25518  -  MemoryUsage of job (MB)
	26130348  -  ResidentSetSize of job (KB)
...
006 (9701458.000.000) 05/01 23:02:38 Image size of job updated: 26254772
	25518  -  MemoryUsage of job (MB)
	26130348  -  ResidentSetSize of job (KB)
...
006 (9701458.000.000) 05/01 23:07:38 Image size of job updated: 26254772
	25547  -  MemoryUsage of job (MB)
	26159608  -  ResidentSetSize of job (KB)
...
006 (9701458.000.000) 05/01 23:12:39 Image size of job updated: 26254772
	25610  -  MemoryUsage of job (MB)
	26224308  -  ResidentSetSize of job (KB)
...
006 (9701458.000.000) 05/01 23:17:40 Image size of job updated: 26265544
	25649  -  MemoryUsage of job (MB)
	26263736  -  ResidentSetSize of job (KB)
...
006 (9701458.000.000) 05/01 23:22:40 Image size of job updated: 26425992
	25761  -  MemoryUsage of job (MB)
	26378576  -  ResidentSetSize of job (KB)
...
006 (9701458.000.000) 05/01 23:27:40 Image size of job updated: 26488004
	25866  -  MemoryUsage of job (MB)
	26486072  -  ResidentSetSize of job (KB)
...
006 (9701458.000.000) 05/01 23:32:41 Image size of job updated: 26512480
	25866  -  MemoryUsage of job (MB)
	26486072  -  ResidentSetSize of job (KB)
...
006 (9701458.000.000) 05/01 23:37:42 Image size of job updated: 26600492
	25976  -  MemoryUsage of job (MB)
	26598780  -  ResidentSetSize of job (KB)
...
006 (9701458.000.000) 05/01 23:42:42 Image size of job updated: 26643668
	26018  -  MemoryUsage of job (MB)
	26641920  -  ResidentSetSize of job (KB)
...
006 (9701458.000.000) 05/01 23:47:43 Image size of job updated: 26905208
	26274  -  MemoryUsage of job (MB)
	26903784  -  ResidentSetSize of job (KB)
...
006 (9701458.000.000) 05/01 23:52:44 Image size of job updated: 26945860
	26311  -  MemoryUsage of job (MB)
	26942312  -  ResidentSetSize of job (KB)
...
006 (9701458.000.000) 05/01 23:57:44 Image size of job updated: 27058776
	26422  -  MemoryUsage of job (MB)
	27056096  -  ResidentSetSize of job (KB)
...
006 (9701458.000.000) 05/02 00:02:44 Image size of job updated: 27174660
	26536  -  MemoryUsage of job (MB)
	27172176  -  ResidentSetSize of job (KB)
...
006 (9701458.000.000) 05/02 00:07:46 Image size of job updated: 27267312
	26628  -  MemoryUsage of job (MB)
	27266640  -  ResidentSetSize of job (KB)
...
006 (9701458.000.000) 05/02 00:12:46 Image size of job updated: 27276844
	26628  -  MemoryUsage of job (MB)
	27266640  -  ResidentSetSize of job (KB)
...
006 (9701458.000.000) 05/02 00:17:46 Image size of job updated: 27305036
	26628  -  MemoryUsage of job (MB)
	27266640  -  ResidentSetSize of job (KB)
...
006 (9701458.000.000) 05/02 00:32:48 Image size of job updated: 27352208
	26711  -  MemoryUsage of job (MB)
	27351940  -  ResidentSetSize of job (KB)
...
006 (9701458.000.000) 05/02 00:37:49 Image size of job updated: 27395920
	26753  -  MemoryUsage of job (MB)
	27394060  -  ResidentSetSize of job (KB)
...
006 (9701458.000.000) 05/02 00:42:50 Image size of job updated: 27462232
	26817  -  MemoryUsage of job (MB)
	27460184  -  ResidentSetSize of job (KB)
...
006 (9701458.000.000) 05/02 00:47:50 Image size of job updated: 27505336
	26861  -  MemoryUsage of job (MB)
	27505124  -  ResidentSetSize of job (KB)
...
006 (9701458.000.000) 05/02 00:52:50 Image size of job updated: 27546140
	26900  -  MemoryUsage of job (MB)
	27545068  -  ResidentSetSize of job (KB)
...
006 (9701458.000.000) 05/02 00:57:51 Image size of job updated: 27595236
	26948  -  MemoryUsage of job (MB)
	27594480  -  ResidentSetSize of job (KB)
...
006 (9701458.000.000) 05/02 01:02:51 Image size of job updated: 27642056
	26994  -  MemoryUsage of job (MB)
	27641816  -  ResidentSetSize of job (KB)
...
006 (9701458.000.000) 05/02 01:07:51 Image size of job updated: 27784812
	27133  -  MemoryUsage of job (MB)
	27784108  -  ResidentSetSize of job (KB)
...
006 (9701458.000.000) 05/02 01:12:52 Image size of job updated: 27828932
	27177  -  MemoryUsage of job (MB)
	27828256  -  ResidentSetSize of job (KB)
...
006 (9701458.000.000) 05/02 01:17:53 Image size of job updated: 27951636
	27297  -  MemoryUsage of job (MB)
	27951476  -  ResidentSetSize of job (KB)
...
006 (9701458.000.000) 05/02 01:22:53 Image size of job updated: 27987240
	27309  -  MemoryUsage of job (MB)
	27964032  -  ResidentSetSize of job (KB)
...
006 (9701458.000.000) 05/02 01:27:54 Image size of job updated: 28009708
	27352  -  MemoryUsage of job (MB)
	28007460  -  ResidentSetSize of job (KB)
...
006 (9701458.000.000) 05/02 01:32:55 Image size of job updated: 28072488
	27413  -  MemoryUsage of job (MB)
	28070404  -  ResidentSetSize of job (KB)
...
006 (9701458.000.000) 05/02 01:37:55 Image size of job updated: 28114436
	27454  -  MemoryUsage of job (MB)
	28112180  -  ResidentSetSize of job (KB)
...
006 (9701458.000.000) 05/02 01:42:55 Image size of job updated: 28153904
	27493  -  MemoryUsage of job (MB)
	28152484  -  ResidentSetSize of job (KB)
...
006 (9701458.000.000) 05/02 01:47:57 Image size of job updated: 28285272
	27622  -  MemoryUsage of job (MB)
	28284072  -  ResidentSetSize of job (KB)
...
006 (9701458.000.000) 05/02 01:52:57 Image size of job updated: 28326316
	27663  -  MemoryUsage of job (MB)
	28326312  -  ResidentSetSize of job (KB)
...
006 (9701458.000.000) 05/02 01:57:57 Image size of job updated: 28391944
	27663  -  MemoryUsage of job (MB)
	28326312  -  ResidentSetSize of job (KB)
...
006 (9701458.000.000) 05/02 02:17:59 Image size of job updated: 28391944
	27700  -  MemoryUsage of job (MB)
	28363836  -  ResidentSetSize of job (KB)
...
006 (9701458.000.000) 05/02 02:23:00 Image size of job updated: 28394660
	27700  -  MemoryUsage of job (MB)
	28363836  -  ResidentSetSize of job (KB)
...
006 (9701458.000.000) 05/02 02:28:00 Image size of job updated: 28445484
	27779  -  MemoryUsage of job (MB)
	28445104  -  ResidentSetSize of job (KB)
...
006 (9701458.000.000) 05/02 02:33:00 Image size of job updated: 28580656
	27908  -  MemoryUsage of job (MB)
	28577404  -  ResidentSetSize of job (KB)
...
006 (9701458.000.000) 05/02 02:38:01 Image size of job updated: 28731440
	28058  -  MemoryUsage of job (MB)
	28730620  -  ResidentSetSize of job (KB)
...
006 (9701458.000.000) 05/02 02:43:02 Image size of job updated: 28752996
	28058  -  MemoryUsage of job (MB)
	28730620  -  ResidentSetSize of job (KB)
...
006 (9701458.000.000) 05/02 02:48:02 Image size of job updated: 28763456
	28086  -  MemoryUsage of job (MB)
	28759868  -  ResidentSetSize of job (KB)
...
006 (9701458.000.000) 05/02 02:53:03 Image size of job updated: 28902596
	28121  -  MemoryUsage of job (MB)
	28795016  -  ResidentSetSize of job (KB)
...
006 (9701458.000.000) 05/02 02:58:04 Image size of job updated: 28902596
	28213  -  MemoryUsage of job (MB)
	28889584  -  ResidentSetSize of job (KB)
...
006 (9701458.000.000) 05/02 03:03:04 Image size of job updated: 28987652
	28308  -  MemoryUsage of job (MB)
	28986844  -  ResidentSetSize of job (KB)
...
006 (9701458.000.000) 05/02 03:08:04 Image size of job updated: 29097184
	28414  -  MemoryUsage of job (MB)
	29095176  -  ResidentSetSize of job (KB)
...
006 (9701458.000.000) 05/02 03:13:05 Image size of job updated: 29135616
	28452  -  MemoryUsage of job (MB)
	29134148  -  ResidentSetSize of job (KB)
...
006 (9701458.000.000) 05/02 03:18:05 Image size of job updated: 29205684
	28520  -  MemoryUsage of job (MB)
	29204272  -  ResidentSetSize of job (KB)
...
006 (9701458.000.000) 05/02 03:23:05 Image size of job updated: 29288500
	28559  -  MemoryUsage of job (MB)
	29243892  -  ResidentSetSize of job (KB)
...
006 (9701458.000.000) 05/02 03:28:06 Image size of job updated: 29365348
	28674  -  MemoryUsage of job (MB)
	29361476  -  ResidentSetSize of job (KB)
...
006 (9701458.000.000) 05/02 03:33:07 Image size of job updated: 29393732
	28698  -  MemoryUsage of job (MB)
	29386392  -  ResidentSetSize of job (KB)
...
006 (9701458.000.000) 05/02 03:38:07 Image size of job updated: 29452096
	28761  -  MemoryUsage of job (MB)
	29451244  -  ResidentSetSize of job (KB)
...
006 (9701458.000.000) 05/02 03:43:08 Image size of job updated: 29545704
	28852  -  MemoryUsage of job (MB)
	29544144  -  ResidentSetSize of job (KB)
...
006 (9701458.000.000) 05/02 03:48:09 Image size of job updated: 29585264
	28890  -  MemoryUsage of job (MB)
	29583328  -  ResidentSetSize of job (KB)
...
006 (9701458.000.000) 05/02 03:53:09 Image size of job updated: 29623292
	28890  -  MemoryUsage of job (MB)
	29583328  -  ResidentSetSize of job (KB)
...
006 (9701458.000.000) 05/02 04:08:10 Image size of job updated: 29666868
	28970  -  MemoryUsage of job (MB)
	29664756  -  ResidentSetSize of job (KB)
...
006 (9701458.000.000) 05/02 04:13:10 Image size of job updated: 29674688
	28970  -  MemoryUsage of job (MB)
	29664756  -  ResidentSetSize of job (KB)
...
006 (9701458.000.000) 05/02 04:18:11 Image size of job updated: 29732304
	29035  -  MemoryUsage of job (MB)
	29730832  -  ResidentSetSize of job (KB)
...
006 (9701458.000.000) 05/02 04:23:12 Image size of job updated: 29775168
	29077  -  MemoryUsage of job (MB)
	29774316  -  ResidentSetSize of job (KB)
...
006 (9701458.000.000) 05/02 04:28:12 Image size of job updated: 29902492
	29202  -  MemoryUsage of job (MB)
	29902176  -  ResidentSetSize of job (KB)
...
006 (9701458.000.000) 05/02 04:33:13 Image size of job updated: 29973316
	29269  -  MemoryUsage of job (MB)
	29971104  -  ResidentSetSize of job (KB)
...
006 (9701458.000.000) 05/02 04:38:14 Image size of job updated: 30014456
	29309  -  MemoryUsage of job (MB)
	30011948  -  ResidentSetSize of job (KB)
...
006 (9701458.000.000) 05/02 04:43:14 Image size of job updated: 30073440
	29369  -  MemoryUsage of job (MB)
	30072928  -  ResidentSetSize of job (KB)
...
006 (9701458.000.000) 05/02 04:48:14 Image size of job updated: 30196740
	29487  -  MemoryUsage of job (MB)
	30194588  -  ResidentSetSize of job (KB)
...
006 (9701458.000.000) 05/02 04:53:15 Image size of job updated: 30236788
	29528  -  MemoryUsage of job (MB)
	30236324  -  ResidentSetSize of job (KB)
...
006 (9701458.000.000) 05/02 04:58:15 Image size of job updated: 30296204
	29584  -  MemoryUsage of job (MB)
	30293144  -  ResidentSetSize of job (KB)
...
006 (9701458.000.000) 05/02 05:03:15 Image size of job updated: 30415560
	29703  -  MemoryUsage of job (MB)
	30415336  -  ResidentSetSize of job (KB)
...
006 (9701458.000.000) 05/02 05:08:17 Image size of job updated: 30457876
	29743  -  MemoryUsage of job (MB)
	30456636  -  ResidentSetSize of job (KB)
...
006 (9701458.000.000) 05/02 05:13:17 Image size of job updated: 30579568
	29863  -  MemoryUsage of job (MB)
	30579320  -  ResidentSetSize of job (KB)
...
006 (9701458.000.000) 05/02 05:18:17 Image size of job updated: 30696888
	29977  -  MemoryUsage of job (MB)
	30695532  -  ResidentSetSize of job (KB)
...
006 (9701458.000.000) 05/02 05:23:18 Image size of job updated: 30739644
	30018  -  MemoryUsage of job (MB)
	30737596  -  ResidentSetSize of job (KB)
...
006 (9701458.000.000) 05/02 05:28:19 Image size of job updated: 30860796
	30138  -  MemoryUsage of job (MB)
	30860792  -  ResidentSetSize of job (KB)
...
006 (9701458.000.000) 05/02 05:33:19 Image size of job updated: 30923180
	30199  -  MemoryUsage of job (MB)
	30923180  -  ResidentSetSize of job (KB)
...
006 (9701458.000.000) 05/02 05:38:19 Image size of job updated: 30966548
	30239  -  MemoryUsage of job (MB)
	30963764  -  ResidentSetSize of job (KB)
...
006 (9701458.000.000) 05/02 05:43:20 Image size of job updated: 31114548
	30385  -  MemoryUsage of job (MB)
	31114096  -  ResidentSetSize of job (KB)
...
006 (9701458.000.000) 05/02 05:48:20 Image size of job updated: 31236720
	30503  -  MemoryUsage of job (MB)
	31234612  -  ResidentSetSize of job (KB)
...
006 (9701458.000.000) 05/02 05:53:20 Image size of job updated: 31327692
	30593  -  MemoryUsage of job (MB)
	31327000  -  ResidentSetSize of job (KB)
...
006 (9701458.000.000) 05/02 05:58:21 Image size of job updated: 31359920
	30625  -  MemoryUsage of job (MB)
	31359140  -  ResidentSetSize of job (KB)
...
006 (9701458.000.000) 05/02 06:03:22 Image size of job updated: 31455932
	30719  -  MemoryUsage of job (MB)
	31455852  -  ResidentSetSize of job (KB)
...
006 (9701458.000.000) 05/02 06:08:22 Image size of job updated: 31542656
	30800  -  MemoryUsage of job (MB)
	31538788  -  ResidentSetSize of job (KB)
...
006 (9701458.000.000) 05/02 06:13:23 Image size of job updated: 31564832
	30823  -  MemoryUsage of job (MB)
	31562668  -  ResidentSetSize of job (KB)
...
006 (9701458.000.000) 05/02 06:18:24 Image size of job updated: 31682188
	30940  -  MemoryUsage of job (MB)
	31682188  -  ResidentSetSize of job (KB)
...
006 (9701458.000.000) 05/02 06:23:24 Image size of job updated: 31710292
	30956  -  MemoryUsage of job (MB)
	31698296  -  ResidentSetSize of job (KB)
...
006 (9701458.000.000) 05/02 06:28:24 Image size of job updated: 31734976
	30991  -  MemoryUsage of job (MB)
	31733988  -  ResidentSetSize of job (KB)
...
006 (9701458.000.000) 05/02 06:33:25 Image size of job updated: 31840608
	30991  -  MemoryUsage of job (MB)
	31733988  -  ResidentSetSize of job (KB)
...
006 (9701458.000.000) 05/02 06:58:26 Image size of job updated: 31840608
	31065  -  MemoryUsage of job (MB)
	31809944  -  ResidentSetSize of job (KB)
...
006 (9701458.000.000) 05/02 07:03:27 Image size of job updated: 31934612
	31185  -  MemoryUsage of job (MB)
	31932484  -  ResidentSetSize of job (KB)
...
006 (9701458.000.000) 05/02 07:08:28 Image size of job updated: 31964188
	31185  -  MemoryUsage of job (MB)
	31932484  -  ResidentSetSize of job (KB)
...
006 (9701458.000.000) 05/02 07:13:28 Image size of job updated: 31964188
	31190  -  MemoryUsage of job (MB)
	31938168  -  ResidentSetSize of job (KB)
...
006 (9701458.000.000) 05/02 07:18:29 Image size of job updated: 32031040
	31276  -  MemoryUsage of job (MB)
	32026288  -  ResidentSetSize of job (KB)
...
006 (9701458.000.000) 05/02 07:23:30 Image size of job updated: 32070312
	31317  -  MemoryUsage of job (MB)
	32067836  -  ResidentSetSize of job (KB)
...
006 (9701458.000.000) 05/02 07:28:30 Image size of job updated: 32111388
	31357  -  MemoryUsage of job (MB)
	32108588  -  ResidentSetSize of job (KB)
...
006 (9701458.000.000) 05/02 07:33:31 Image size of job updated: 32132552
	31379  -  MemoryUsage of job (MB)
	32132032  -  ResidentSetSize of job (KB)
...
006 (9701458.000.000) 05/02 07:38:32 Image size of job updated: 32197404
	31438  -  MemoryUsage of job (MB)
	32192160  -  ResidentSetSize of job (KB)
...
006 (9701458.000.000) 05/02 07:43:32 Image size of job updated: 32225564
	31470  -  MemoryUsage of job (MB)
	32225268  -  ResidentSetSize of job (KB)
...
006 (9701458.000.000) 05/02 07:48:32 Image size of job updated: 32255288
	31499  -  MemoryUsage of job (MB)
	32254200  -  ResidentSetSize of job (KB)
...
006 (9701458.000.000) 05/02 07:53:33 Image size of job updated: 32274644
	31518  -  MemoryUsage of job (MB)
	32274256  -  ResidentSetSize of job (KB)
...
006 (9701458.000.000) 05/02 07:58:33 Image size of job updated: 32294388
	31533  -  MemoryUsage of job (MB)
	32289452  -  ResidentSetSize of job (KB)
...
006 (9701458.000.000) 05/02 08:03:33 Image size of job updated: 32320092
	31563  -  MemoryUsage of job (MB)
	32319700  -  ResidentSetSize of job (KB)
...
006 (9701458.000.000) 05/02 08:08:34 Image size of job updated: 32399128
	31636  -  MemoryUsage of job (MB)
	32395252  -  ResidentSetSize of job (KB)
...
006 (9701458.000.000) 05/02 08:13:35 Image size of job updated: 32504736
	31743  -  MemoryUsage of job (MB)
	32504500  -  ResidentSetSize of job (KB)
...
006 (9701458.000.000) 05/02 08:18:35 Image size of job updated: 32531468
	31769  -  MemoryUsage of job (MB)
	32530972  -  ResidentSetSize of job (KB)
...
006 (9701458.000.000) 05/02 08:23:36 Image size of job updated: 32539288
	31772  -  MemoryUsage of job (MB)
	32533552  -  ResidentSetSize of job (KB)
...
006 (9701458.000.000) 05/02 08:28:37 Image size of job updated: 32574892
	31810  -  MemoryUsage of job (MB)
	32572668  -  ResidentSetSize of job (KB)
...
006 (9701458.000.000) 05/02 08:33:37 Image size of job updated: 32688004
	31922  -  MemoryUsage of job (MB)
	32687508  -  ResidentSetSize of job (KB)
...
006 (9701458.000.000) 05/02 08:38:38 Image size of job updated: 32725384
	31954  -  MemoryUsage of job (MB)
	32720356  -  ResidentSetSize of job (KB)
...
006 (9701458.000.000) 05/02 08:43:39 Image size of job updated: 32750244
	31979  -  MemoryUsage of job (MB)
	32746276  -  ResidentSetSize of job (KB)
...
006 (9701458.000.000) 05/02 08:48:39 Image size of job updated: 32751824
	31979  -  MemoryUsage of job (MB)
	32746276  -  ResidentSetSize of job (KB)
...
006 (9701458.000.000) 05/02 08:53:39 Image size of job updated: 32801152
	32032  -  MemoryUsage of job (MB)
	32800624  -  ResidentSetSize of job (KB)
...
006 (9701458.000.000) 05/02 08:58:41 Image size of job updated: 32807924
	32032  -  MemoryUsage of job (MB)
	32800624  -  ResidentSetSize of job (KB)
...
006 (9701458.000.000) 05/02 09:03:41 Image size of job updated: 32823796
	32053  -  MemoryUsage of job (MB)
	32821584  -  ResidentSetSize of job (KB)
...
006 (9701458.000.000) 05/02 09:08:41 Image size of job updated: 32854124
	32053  -  MemoryUsage of job (MB)
	32821588  -  ResidentSetSize of job (KB)
...
006 (9701458.000.000) 05/02 09:13:42 Image size of job updated: 32854124
	32078  -  MemoryUsage of job (MB)
	32846916  -  ResidentSetSize of job (KB)
...
006 (9701458.000.000) 05/02 09:18:43 Image size of job updated: 32963416
	32189  -  MemoryUsage of job (MB)
	32961016  -  ResidentSetSize of job (KB)
...
006 (9701458.000.000) 05/02 09:23:43 Image size of job updated: 32980640
	32208  -  MemoryUsage of job (MB)
	32980256  -  ResidentSetSize of job (KB)
...
006 (9701458.000.000) 05/02 09:28:44 Image size of job updated: 33005380
	32226  -  MemoryUsage of job (MB)
	32999096  -  ResidentSetSize of job (KB)
...
006 (9701458.000.000) 05/02 09:33:45 Image size of job updated: 33063776
	32283  -  MemoryUsage of job (MB)
	33057308  -  ResidentSetSize of job (KB)
...
006 (9701458.000.000) 05/02 09:38:45 Image size of job updated: 33068860
	32283  -  MemoryUsage of job (MB)
	33057308  -  ResidentSetSize of job (KB)
...
006 (9701458.000.000) 05/02 09:43:45 Image size of job updated: 33092324
	32317  -  MemoryUsage of job (MB)
	33091984  -  ResidentSetSize of job (KB)
...
006 (9701458.000.000) 05/02 09:48:46 Image size of job updated: 33095880
	32317  -  MemoryUsage of job (MB)
	33091984  -  ResidentSetSize of job (KB)
...
006 (9701458.000.000) 05/02 09:53:46 Image size of job updated: 33132996
	32338  -  MemoryUsage of job (MB)
	33113480  -  ResidentSetSize of job (KB)
...
006 (9701458.000.000) 05/02 09:58:46 Image size of job updated: 33227304
	32438  -  MemoryUsage of job (MB)
	33215604  -  ResidentSetSize of job (KB)
...
006 (9701458.000.000) 05/02 10:08:48 Image size of job updated: 33251680
	32468  -  MemoryUsage of job (MB)
	33246936  -  ResidentSetSize of job (KB)
...
006 (9701458.000.000) 05/02 10:13:48 Image size of job updated: 33256740
	32468  -  MemoryUsage of job (MB)
	33246936  -  ResidentSetSize of job (KB)
...
006 (9701458.000.000) 05/02 10:23:50 Image size of job updated: 33291016
	32509  -  MemoryUsage of job (MB)
	33288732  -  ResidentSetSize of job (KB)
...
006 (9701458.000.000) 05/02 10:28:50 Image size of job updated: 33303576
	32522  -  MemoryUsage of job (MB)
	33301984  -  ResidentSetSize of job (KB)
...
006 (9701458.000.000) 05/02 10:33:51 Image size of job updated: 33422300
	32637  -  MemoryUsage of job (MB)
	33420228  -  ResidentSetSize of job (KB)
...
006 (9701458.000.000) 05/02 10:38:52 Image size of job updated: 33448892
	32655  -  MemoryUsage of job (MB)
	33437816  -  ResidentSetSize of job (KB)
...
006 (9701458.000.000) 05/02 10:43:52 Image size of job updated: 33509448
	32719  -  MemoryUsage of job (MB)
	33503596  -  ResidentSetSize of job (KB)
...
006 (9701458.000.000) 05/02 10:48:52 Image size of job updated: 33587556
	32788  -  MemoryUsage of job (MB)
	33574620  -  ResidentSetSize of job (KB)
...
006 (9701458.000.000) 05/02 11:23:57 Image size of job updated: 33596444
	32806  -  MemoryUsage of job (MB)
	33592928  -  ResidentSetSize of job (KB)
...
006 (9701458.000.000) 05/02 11:28:58 Image size of job updated: 33660952
	32844  -  MemoryUsage of job (MB)
	33631340  -  ResidentSetSize of job (KB)
...
006 (9701458.000.000) 05/02 11:33:58 Image size of job updated: 33661560
	32844  -  MemoryUsage of job (MB)
	33631340  -  ResidentSetSize of job (KB)
...
006 (9701458.000.000) 05/02 11:38:58 Image size of job updated: 33661560
	32866  -  MemoryUsage of job (MB)
	33653816  -  ResidentSetSize of job (KB)
...
006 (9701458.000.000) 05/02 11:43:59 Image size of job updated: 33695684
	32900  -  MemoryUsage of job (MB)
	33689472  -  ResidentSetSize of job (KB)
...
006 (9701458.000.000) 05/02 11:48:59 Image size of job updated: 33755360
	32963  -  MemoryUsage of job (MB)
	33753404  -  ResidentSetSize of job (KB)
...
006 (9701458.000.000) 05/02 11:53:59 Image size of job updated: 33783932
	32991  -  MemoryUsage of job (MB)
	33782760  -  ResidentSetSize of job (KB)
...
006 (9701458.000.000) 05/02 11:59:00 Image size of job updated: 33888292
	33093  -  MemoryUsage of job (MB)
	33887208  -  ResidentSetSize of job (KB)
...
006 (9701458.000.000) 05/02 12:04:01 Image size of job updated: 33925400
	33118  -  MemoryUsage of job (MB)
	33912708  -  ResidentSetSize of job (KB)
...
006 (9701458.000.000) 05/02 12:09:01 Image size of job updated: 33935824
	33140  -  MemoryUsage of job (MB)
	33935236  -  ResidentSetSize of job (KB)
...
006 (9701458.000.000) 05/02 12:14:02 Image size of job updated: 34012428
	33214  -  MemoryUsage of job (MB)
	34010664  -  ResidentSetSize of job (KB)
...
006 (9701458.000.000) 05/02 12:19:03 Image size of job updated: 34172664
	33214  -  MemoryUsage of job (MB)
	34010664  -  ResidentSetSize of job (KB)
...
006 (9701458.000.000) 05/02 13:19:07 Image size of job updated: 35412624
	33776  -  MemoryUsage of job (MB)
	34585988  -  ResidentSetSize of job (KB)
...
006 (9701458.000.000) 05/02 13:24:08 Image size of job updated: 35412624
	33888  -  MemoryUsage of job (MB)
	34701132  -  ResidentSetSize of job (KB)
...
006 (9701458.000.000) 05/02 13:29:09 Image size of job updated: 35412624
	33974  -  MemoryUsage of job (MB)
	34788408  -  ResidentSetSize of job (KB)
...
006 (9701458.000.000) 05/02 13:34:09 Image size of job updated: 35412624
	34126  -  MemoryUsage of job (MB)
	34944804  -  ResidentSetSize of job (KB)
...
006 (9701458.000.000) 05/02 13:39:09 Image size of job updated: 35412624
	34169  -  MemoryUsage of job (MB)
	34988420  -  ResidentSetSize of job (KB)
...
006 (9701458.000.000) 05/02 13:44:10 Image size of job updated: 35412624
	34256  -  MemoryUsage of job (MB)
	35077604  -  ResidentSetSize of job (KB)
...
006 (9701458.000.000) 05/02 13:49:11 Image size of job updated: 35412624
	34357  -  MemoryUsage of job (MB)
	35180584  -  ResidentSetSize of job (KB)
...
006 (9701458.000.000) 05/02 13:54:11 Image size of job updated: 35412624
	34399  -  MemoryUsage of job (MB)
	35224392  -  ResidentSetSize of job (KB)
...
006 (9701458.000.000) 05/02 14:04:12 Image size of job updated: 35412624
	34558  -  MemoryUsage of job (MB)
	35386900  -  ResidentSetSize of job (KB)
...
006 (9701458.000.000) 05/02 14:09:12 Image size of job updated: 35419376
	34558  -  MemoryUsage of job (MB)
	35386900  -  ResidentSetSize of job (KB)
...
006 (9701458.000.000) 05/02 14:14:12 Image size of job updated: 35506344
	34655  -  MemoryUsage of job (MB)
	35486388  -  ResidentSetSize of job (KB)
...
006 (9701458.000.000) 05/02 14:19:12 Image size of job updated: 35823564
	34953  -  MemoryUsage of job (MB)
	35791332  -  ResidentSetSize of job (KB)
...
040 (9701458.000.000) 05/02 14:19:33 Started transferring output files
...
040 (9701458.000.000) 05/02 14:20:23 Finished transferring output files
...
005 (9701458.000.000) 05/02 14:20:23 Job terminated.
	(1) Normal termination (return value 0)
		Usr 4 17:10:07, Sys 1 04:49:54  -  Run Remote Usage
		Usr 0 00:00:00, Sys 0 00:00:00  -  Run Local Usage
		Usr 4 17:10:07, Sys 1 04:49:54  -  Total Remote Usage
		Usr 0 00:00:00, Sys 0 00:00:00  -  Total Local Usage
	1022126336  -  Run Bytes Sent By Job
	209  -  Run Bytes Received By Job
	1022126336  -  Total Bytes Sent By Job
	209  -  Total Bytes Received By Job
	Partitionable Resources :      Usage  Request Allocated 
	   Cpus                 :       0.07        1         1 
	   Disk (KB)            : 1025966           1   2951419 
	   Memory (MB)          :   34953        2000      2000 

	Job terminated of its own accord at 2024-05-02T12:19:33Z.
...
