000 (9701445.000.000) 04/30 14:25:29 Job submitted from host: <137.138.156.150:9618?addrs=137.138.156.150-9618+[2001-1458-d00-14--9a]-9618&alias=bigbird13.cern.ch&noUDP&sock=schedd_2138_1192>
...
040 (9701445.000.000) 04/30 14:29:08 Started transferring input files
	Transferring to host: <128.142.131.186:9618?addrs=128.142.131.186-9618+[2001-1458-301-59--100-ae]-9618&alias=b9g11p7657.cern.ch&noUDP&sock=slot1_12_2954_1c31_27031>
...
040 (9701445.000.000) 04/30 14:29:08 Finished transferring input files
...
001 (9701445.000.000) 04/30 14:29:09 Job executing on host: <128.142.131.186:9618?addrs=128.142.131.186-9618+[2001-1458-301-59--100-ae]-9618&alias=b9g11p7657.cern.ch&noUDP&sock=startd_2604_b4b4>
...
006 (9701445.000.000) 04/30 14:29:17 Image size of job updated: 11588
	12  -  MemoryUsage of job (MB)
	11588  -  ResidentSetSize of job (KB)
...
006 (9701445.000.000) 04/30 14:34:18 Image size of job updated: 265692
	260  -  MemoryUsage of job (MB)
	265692  -  ResidentSetSize of job (KB)
...
006 (9701445.000.000) 04/30 14:39:19 Image size of job updated: 515340
	504  -  MemoryUsage of job (MB)
	515340  -  ResidentSetSize of job (KB)
...
006 (9701445.000.000) 04/30 14:44:19 Image size of job updated: 2431960
	2375  -  MemoryUsage of job (MB)
	2431960  -  ResidentSetSize of job (KB)
...
006 (9701445.000.000) 04/30 15:09:21 Image size of job updated: 2570608
	2511  -  MemoryUsage of job (MB)
	2570608  -  ResidentSetSize of job (KB)
...
006 (9701445.000.000) 04/30 15:14:22 Image size of job updated: 2614132
	2553  -  MemoryUsage of job (MB)
	2614132  -  ResidentSetSize of job (KB)
...
006 (9701445.000.000) 04/30 15:19:22 Image size of job updated: 2765864
	2702  -  MemoryUsage of job (MB)
	2765864  -  ResidentSetSize of job (KB)
...
006 (9701445.000.000) 04/30 15:24:23 Image size of job updated: 2809272
	2744  -  MemoryUsage of job (MB)
	2809272  -  ResidentSetSize of job (KB)
...
006 (9701445.000.000) 04/30 15:29:24 Image size of job updated: 2934324
	2866  -  MemoryUsage of job (MB)
	2934324  -  ResidentSetSize of job (KB)
...
006 (9701445.000.000) 04/30 15:34:24 Image size of job updated: 3025580
	2955  -  MemoryUsage of job (MB)
	3025580  -  ResidentSetSize of job (KB)
...
006 (9701445.000.000) 04/30 15:39:24 Image size of job updated: 3068616
	2997  -  MemoryUsage of job (MB)
	3068616  -  ResidentSetSize of job (KB)
...
006 (9701445.000.000) 04/30 15:44:25 Image size of job updated: 3128924
	3056  -  MemoryUsage of job (MB)
	3128924  -  ResidentSetSize of job (KB)
...
006 (9701445.000.000) 04/30 15:49:25 Image size of job updated: 3184644
	3111  -  MemoryUsage of job (MB)
	3184644  -  ResidentSetSize of job (KB)
...
006 (9701445.000.000) 04/30 15:54:25 Image size of job updated: 3233504
	3158  -  MemoryUsage of job (MB)
	3233504  -  ResidentSetSize of job (KB)
...
006 (9701445.000.000) 04/30 15:59:26 Image size of job updated: 3274288
	3198  -  MemoryUsage of job (MB)
	3274288  -  ResidentSetSize of job (KB)
...
006 (9701445.000.000) 04/30 16:04:27 Image size of job updated: 3326072
	3249  -  MemoryUsage of job (MB)
	3326072  -  ResidentSetSize of job (KB)
...
006 (9701445.000.000) 04/30 16:09:27 Image size of job updated: 3426992
	3347  -  MemoryUsage of job (MB)
	3426992  -  ResidentSetSize of job (KB)
...
006 (9701445.000.000) 04/30 16:14:28 Image size of job updated: 3579636
	3496  -  MemoryUsage of job (MB)
	3579636  -  ResidentSetSize of job (KB)
...
006 (9701445.000.000) 04/30 16:19:29 Image size of job updated: 3621756
	3537  -  MemoryUsage of job (MB)
	3621756  -  ResidentSetSize of job (KB)
...
006 (9701445.000.000) 04/30 16:24:29 Image size of job updated: 3661500
	3576  -  MemoryUsage of job (MB)
	3661500  -  ResidentSetSize of job (KB)
...
006 (9701445.000.000) 04/30 16:29:30 Image size of job updated: 3702060
	3616  -  MemoryUsage of job (MB)
	3702060  -  ResidentSetSize of job (KB)
...
006 (9701445.000.000) 04/30 16:34:31 Image size of job updated: 3789508
	3701  -  MemoryUsage of job (MB)
	3789508  -  ResidentSetSize of job (KB)
...
006 (9701445.000.000) 04/30 16:39:31 Image size of job updated: 3830972
	3742  -  MemoryUsage of job (MB)
	3830972  -  ResidentSetSize of job (KB)
...
006 (9701445.000.000) 04/30 16:44:31 Image size of job updated: 3920068
	3829  -  MemoryUsage of job (MB)
	3920068  -  ResidentSetSize of job (KB)
...
006 (9701445.000.000) 04/30 16:49:32 Image size of job updated: 3960156
	3868  -  MemoryUsage of job (MB)
	3960156  -  ResidentSetSize of job (KB)
...
006 (9701445.000.000) 04/30 16:54:32 Image size of job updated: 4000240
	3907  -  MemoryUsage of job (MB)
	4000240  -  ResidentSetSize of job (KB)
...
006 (9701445.000.000) 04/30 16:59:32 Image size of job updated: 4090132
	3995  -  MemoryUsage of job (MB)
	4090132  -  ResidentSetSize of job (KB)
...
006 (9701445.000.000) 04/30 17:04:33 Image size of job updated: 4195628
	4098  -  MemoryUsage of job (MB)
	4195628  -  ResidentSetSize of job (KB)
...
006 (9701445.000.000) 04/30 17:09:34 Image size of job updated: 4240876
	4142  -  MemoryUsage of job (MB)
	4240876  -  ResidentSetSize of job (KB)
...
006 (9701445.000.000) 04/30 17:19:35 Image size of job updated: 4282796
	4183  -  MemoryUsage of job (MB)
	4282796  -  ResidentSetSize of job (KB)
...
006 (9701445.000.000) 04/30 17:24:36 Image size of job updated: 4372252
	4270  -  MemoryUsage of job (MB)
	4372252  -  ResidentSetSize of job (KB)
...
006 (9701445.000.000) 04/30 17:29:36 Image size of job updated: 4413492
	4311  -  MemoryUsage of job (MB)
	4413492  -  ResidentSetSize of job (KB)
...
006 (9701445.000.000) 04/30 17:34:36 Image size of job updated: 4502892
	4398  -  MemoryUsage of job (MB)
	4502892  -  ResidentSetSize of job (KB)
...
006 (9701445.000.000) 04/30 17:39:37 Image size of job updated: 4545264
	4439  -  MemoryUsage of job (MB)
	4545264  -  ResidentSetSize of job (KB)
...
006 (9701445.000.000) 04/30 17:44:37 Image size of job updated: 4709032
	4599  -  MemoryUsage of job (MB)
	4709032  -  ResidentSetSize of job (KB)
...
006 (9701445.000.000) 04/30 17:49:37 Image size of job updated: 4749880
	4639  -  MemoryUsage of job (MB)
	4749880  -  ResidentSetSize of job (KB)
...
006 (9701445.000.000) 04/30 17:54:38 Image size of job updated: 4823560
	4711  -  MemoryUsage of job (MB)
	4823560  -  ResidentSetSize of job (KB)
...
006 (9701445.000.000) 04/30 17:59:39 Image size of job updated: 4914540
	4800  -  MemoryUsage of job (MB)
	4914540  -  ResidentSetSize of job (KB)
...
006 (9701445.000.000) 04/30 18:04:39 Image size of job updated: 5036664
	4919  -  MemoryUsage of job (MB)
	5036664  -  ResidentSetSize of job (KB)
...
006 (9701445.000.000) 04/30 18:09:40 Image size of job updated: 5071604
	4953  -  MemoryUsage of job (MB)
	5071604  -  ResidentSetSize of job (KB)
...
006 (9701445.000.000) 04/30 18:14:41 Image size of job updated: 5112376
	4993  -  MemoryUsage of job (MB)
	5112376  -  ResidentSetSize of job (KB)
...
006 (9701445.000.000) 04/30 18:19:41 Image size of job updated: 5119080
	5000  -  MemoryUsage of job (MB)
	5119080  -  ResidentSetSize of job (KB)
...
006 (9701445.000.000) 04/30 18:24:41 Image size of job updated: 5160872
	5040  -  MemoryUsage of job (MB)
	5160872  -  ResidentSetSize of job (KB)
...
006 (9701445.000.000) 04/30 18:29:42 Image size of job updated: 5226024
	5104  -  MemoryUsage of job (MB)
	5226024  -  ResidentSetSize of job (KB)
...
006 (9701445.000.000) 04/30 18:34:42 Image size of job updated: 5267180
	5144  -  MemoryUsage of job (MB)
	5267180  -  ResidentSetSize of job (KB)
...
006 (9701445.000.000) 04/30 18:39:42 Image size of job updated: 5387892
	5262  -  MemoryUsage of job (MB)
	5387892  -  ResidentSetSize of job (KB)
...
006 (9701445.000.000) 04/30 18:44:44 Image size of job updated: 5451628
	5324  -  MemoryUsage of job (MB)
	5451628  -  ResidentSetSize of job (KB)
...
006 (9701445.000.000) 04/30 18:49:44 Image size of job updated: 5495036
	5367  -  MemoryUsage of job (MB)
	5495036  -  ResidentSetSize of job (KB)
...
006 (9701445.000.000) 04/30 18:54:44 Image size of job updated: 5614712
	5484  -  MemoryUsage of job (MB)
	5614712  -  ResidentSetSize of job (KB)
...
006 (9701445.000.000) 04/30 18:59:45 Image size of job updated: 5678228
	5546  -  MemoryUsage of job (MB)
	5678228  -  ResidentSetSize of job (KB)
...
006 (9701445.000.000) 04/30 19:09:46 Image size of job updated: 5726368
	5593  -  MemoryUsage of job (MB)
	5726368  -  ResidentSetSize of job (KB)
...
006 (9701445.000.000) 04/30 19:14:47 Image size of job updated: 5767584
	5633  -  MemoryUsage of job (MB)
	5767584  -  ResidentSetSize of job (KB)
...
006 (9701445.000.000) 04/30 19:19:48 Image size of job updated: 5885948
	5748  -  MemoryUsage of job (MB)
	5885948  -  ResidentSetSize of job (KB)
...
006 (9701445.000.000) 04/30 19:24:48 Image size of job updated: 5926568
	5788  -  MemoryUsage of job (MB)
	5926568  -  ResidentSetSize of job (KB)
...
006 (9701445.000.000) 04/30 19:29:48 Image size of job updated: 5932728
	5794  -  MemoryUsage of job (MB)
	5932728  -  ResidentSetSize of job (KB)
...
006 (9701445.000.000) 04/30 19:34:49 Image size of job updated: 5973872
	5834  -  MemoryUsage of job (MB)
	5973872  -  ResidentSetSize of job (KB)
...
006 (9701445.000.000) 04/30 19:39:49 Image size of job updated: 6095684
	5953  -  MemoryUsage of job (MB)
	6095684  -  ResidentSetSize of job (KB)
...
006 (9701445.000.000) 04/30 19:44:49 Image size of job updated: 6139616
	5996  -  MemoryUsage of job (MB)
	6139616  -  ResidentSetSize of job (KB)
...
006 (9701445.000.000) 04/30 19:49:50 Image size of job updated: 6267024
	6121  -  MemoryUsage of job (MB)
	6267024  -  ResidentSetSize of job (KB)
...
006 (9701445.000.000) 04/30 19:54:51 Image size of job updated: 6329108
	6181  -  MemoryUsage of job (MB)
	6329108  -  ResidentSetSize of job (KB)
...
006 (9701445.000.000) 04/30 19:59:51 Image size of job updated: 6434452
	6284  -  MemoryUsage of job (MB)
	6434452  -  ResidentSetSize of job (KB)
...
006 (9701445.000.000) 04/30 20:04:52 Image size of job updated: 6479408
	6328  -  MemoryUsage of job (MB)
	6479408  -  ResidentSetSize of job (KB)
...
006 (9701445.000.000) 04/30 20:09:53 Image size of job updated: 6529536
	6377  -  MemoryUsage of job (MB)
	6529536  -  ResidentSetSize of job (KB)
...
006 (9701445.000.000) 04/30 20:14:53 Image size of job updated: 6580752
	6427  -  MemoryUsage of job (MB)
	6580752  -  ResidentSetSize of job (KB)
...
006 (9701445.000.000) 04/30 20:19:53 Image size of job updated: 6683156
	6527  -  MemoryUsage of job (MB)
	6683156  -  ResidentSetSize of job (KB)
...
006 (9701445.000.000) 04/30 20:24:54 Image size of job updated: 6730988
	6574  -  MemoryUsage of job (MB)
	6730988  -  ResidentSetSize of job (KB)
...
006 (9701445.000.000) 04/30 20:29:54 Image size of job updated: 6830408
	6671  -  MemoryUsage of job (MB)
	6830408  -  ResidentSetSize of job (KB)
...
006 (9701445.000.000) 04/30 20:34:54 Image size of job updated: 6873732
	6713  -  MemoryUsage of job (MB)
	6873732  -  ResidentSetSize of job (KB)
...
006 (9701445.000.000) 04/30 20:39:55 Image size of job updated: 7122164
	6956  -  MemoryUsage of job (MB)
	7122164  -  ResidentSetSize of job (KB)
...
006 (9701445.000.000) 04/30 20:44:56 Image size of job updated: 7162820
	6995  -  MemoryUsage of job (MB)
	7162820  -  ResidentSetSize of job (KB)
...
006 (9701445.000.000) 04/30 20:49:56 Image size of job updated: 7211276
	7043  -  MemoryUsage of job (MB)
	7211276  -  ResidentSetSize of job (KB)
...
006 (9701445.000.000) 04/30 20:54:57 Image size of job updated: 7266080
	7096  -  MemoryUsage of job (MB)
	7266080  -  ResidentSetSize of job (KB)
...
006 (9701445.000.000) 04/30 20:59:58 Image size of job updated: 7307548
	7137  -  MemoryUsage of job (MB)
	7307548  -  ResidentSetSize of job (KB)
...
006 (9701445.000.000) 04/30 21:04:58 Image size of job updated: 7452684
	7279  -  MemoryUsage of job (MB)
	7452684  -  ResidentSetSize of job (KB)
...
006 (9701445.000.000) 04/30 21:09:59 Image size of job updated: 7493968
	7319  -  MemoryUsage of job (MB)
	7493968  -  ResidentSetSize of job (KB)
...
006 (9701445.000.000) 04/30 21:15:00 Image size of job updated: 7503708
	7328  -  MemoryUsage of job (MB)
	7503708  -  ResidentSetSize of job (KB)
...
006 (9701445.000.000) 04/30 21:20:00 Image size of job updated: 7545416
	7369  -  MemoryUsage of job (MB)
	7545416  -  ResidentSetSize of job (KB)
...
006 (9701445.000.000) 04/30 21:25:00 Image size of job updated: 7695648
	7516  -  MemoryUsage of job (MB)
	7695648  -  ResidentSetSize of job (KB)
...
006 (9701445.000.000) 04/30 21:30:01 Image size of job updated: 7735776
	7555  -  MemoryUsage of job (MB)
	7735776  -  ResidentSetSize of job (KB)
...
006 (9701445.000.000) 04/30 21:35:01 Image size of job updated: 7771332
	7590  -  MemoryUsage of job (MB)
	7771332  -  ResidentSetSize of job (KB)
...
006 (9701445.000.000) 04/30 21:40:01 Image size of job updated: 7891312
	7707  -  MemoryUsage of job (MB)
	7891312  -  ResidentSetSize of job (KB)
...
006 (9701445.000.000) 04/30 21:45:02 Image size of job updated: 7932644
	7747  -  MemoryUsage of job (MB)
	7932644  -  ResidentSetSize of job (KB)
...
006 (9701445.000.000) 04/30 21:50:03 Image size of job updated: 8057548
	7869  -  MemoryUsage of job (MB)
	8057548  -  ResidentSetSize of job (KB)
...
006 (9701445.000.000) 04/30 21:55:03 Image size of job updated: 8103664
	7914  -  MemoryUsage of job (MB)
	8103664  -  ResidentSetSize of job (KB)
...
006 (9701445.000.000) 04/30 22:00:04 Image size of job updated: 8114732
	7925  -  MemoryUsage of job (MB)
	8114732  -  ResidentSetSize of job (KB)
...
006 (9701445.000.000) 04/30 22:05:05 Image size of job updated: 8177532
	7986  -  MemoryUsage of job (MB)
	8177532  -  ResidentSetSize of job (KB)
...
006 (9701445.000.000) 04/30 22:15:05 Image size of job updated: 8214424
	8022  -  MemoryUsage of job (MB)
	8214424  -  ResidentSetSize of job (KB)
...
006 (9701445.000.000) 04/30 22:20:06 Image size of job updated: 8333236
	8138  -  MemoryUsage of job (MB)
	8333236  -  ResidentSetSize of job (KB)
...
006 (9701445.000.000) 04/30 22:25:06 Image size of job updated: 8384444
	8188  -  MemoryUsage of job (MB)
	8384444  -  ResidentSetSize of job (KB)
...
006 (9701445.000.000) 04/30 22:30:06 Image size of job updated: 8439600
	8242  -  MemoryUsage of job (MB)
	8439600  -  ResidentSetSize of job (KB)
...
006 (9701445.000.000) 04/30 22:35:07 Image size of job updated: 8560160
	8360  -  MemoryUsage of job (MB)
	8560160  -  ResidentSetSize of job (KB)
...
006 (9701445.000.000) 04/30 22:45:08 Image size of job updated: 8642040
	8440  -  MemoryUsage of job (MB)
	8642040  -  ResidentSetSize of job (KB)
...
006 (9701445.000.000) 04/30 22:50:09 Image size of job updated: 8684344
	8481  -  MemoryUsage of job (MB)
	8684344  -  ResidentSetSize of job (KB)
...
006 (9701445.000.000) 04/30 22:55:10 Image size of job updated: 8731620
	8527  -  MemoryUsage of job (MB)
	8731620  -  ResidentSetSize of job (KB)
...
006 (9701445.000.000) 04/30 23:00:10 Image size of job updated: 8790344
	8585  -  MemoryUsage of job (MB)
	8790344  -  ResidentSetSize of job (KB)
...
006 (9701445.000.000) 04/30 23:05:11 Image size of job updated: 8840900
	8634  -  MemoryUsage of job (MB)
	8840900  -  ResidentSetSize of job (KB)
...
006 (9701445.000.000) 04/30 23:10:12 Image size of job updated: 8881168
	8674  -  MemoryUsage of job (MB)
	8881168  -  ResidentSetSize of job (KB)
...
006 (9701445.000.000) 04/30 23:15:12 Image size of job updated: 8998788
	8788  -  MemoryUsage of job (MB)
	8998788  -  ResidentSetSize of job (KB)
...
006 (9701445.000.000) 04/30 23:20:12 Image size of job updated: 9022324
	8811  -  MemoryUsage of job (MB)
	9022324  -  ResidentSetSize of job (KB)
...
006 (9701445.000.000) 04/30 23:25:13 Image size of job updated: 9169560
	8955  -  MemoryUsage of job (MB)
	9169560  -  ResidentSetSize of job (KB)
...
006 (9701445.000.000) 04/30 23:45:15 Image size of job updated: 9226216
	9010  -  MemoryUsage of job (MB)
	9226216  -  ResidentSetSize of job (KB)
...
006 (9701445.000.000) 04/30 23:50:15 Image size of job updated: 9258924
	9042  -  MemoryUsage of job (MB)
	9258924  -  ResidentSetSize of job (KB)
...
006 (9701445.000.000) 04/30 23:55:16 Image size of job updated: 9334680
	9116  -  MemoryUsage of job (MB)
	9334680  -  ResidentSetSize of job (KB)
...
006 (9701445.000.000) 05/01 00:00:17 Image size of job updated: 9358240
	9139  -  MemoryUsage of job (MB)
	9358240  -  ResidentSetSize of job (KB)
...
006 (9701445.000.000) 05/01 00:20:19 Image size of job updated: 9458912
	9238  -  MemoryUsage of job (MB)
	9458912  -  ResidentSetSize of job (KB)
...
006 (9701445.000.000) 05/01 00:25:19 Image size of job updated: 9497604
	9276  -  MemoryUsage of job (MB)
	9497604  -  ResidentSetSize of job (KB)
...
006 (9701445.000.000) 05/01 00:30:20 Image size of job updated: 9567028
	9343  -  MemoryUsage of job (MB)
	9567028  -  ResidentSetSize of job (KB)
...
006 (9701445.000.000) 05/01 00:35:20 Image size of job updated: 9642200
	9417  -  MemoryUsage of job (MB)
	9642200  -  ResidentSetSize of job (KB)
...
006 (9701445.000.000) 05/01 00:40:20 Image size of job updated: 9707540
	9481  -  MemoryUsage of job (MB)
	9707540  -  ResidentSetSize of job (KB)
...
006 (9701445.000.000) 05/01 00:45:21 Image size of job updated: 9718372
	9491  -  MemoryUsage of job (MB)
	9718372  -  ResidentSetSize of job (KB)
...
006 (9701445.000.000) 05/01 00:50:22 Image size of job updated: 9760868
	9533  -  MemoryUsage of job (MB)
	9760868  -  ResidentSetSize of job (KB)
...
006 (9701445.000.000) 05/01 00:55:22 Image size of job updated: 9881076
	9650  -  MemoryUsage of job (MB)
	9881076  -  ResidentSetSize of job (KB)
...
006 (9701445.000.000) 05/01 01:00:23 Image size of job updated: 9889168
	9658  -  MemoryUsage of job (MB)
	9889168  -  ResidentSetSize of job (KB)
...
006 (9701445.000.000) 05/01 01:05:24 Image size of job updated: 10010296
	9776  -  MemoryUsage of job (MB)
	10010296  -  ResidentSetSize of job (KB)
...
006 (9701445.000.000) 05/01 01:10:24 Image size of job updated: 10047728
	9813  -  MemoryUsage of job (MB)
	10047728  -  ResidentSetSize of job (KB)
...
006 (9701445.000.000) 05/01 01:15:24 Image size of job updated: 10084588
	9849  -  MemoryUsage of job (MB)
	10084588  -  ResidentSetSize of job (KB)
...
006 (9701445.000.000) 05/01 01:20:25 Image size of job updated: 10153316
	9916  -  MemoryUsage of job (MB)
	10153316  -  ResidentSetSize of job (KB)
...
006 (9701445.000.000) 05/01 04:35:45 Image size of job updated: 10174348
	9936  -  MemoryUsage of job (MB)
	10174348  -  ResidentSetSize of job (KB)
...
006 (9701445.000.000) 05/01 04:40:46 Image size of job updated: 10219696
	9981  -  MemoryUsage of job (MB)
	10219696  -  ResidentSetSize of job (KB)
...
006 (9701445.000.000) 05/01 04:45:46 Image size of job updated: 10373500
	10131  -  MemoryUsage of job (MB)
	10373500  -  ResidentSetSize of job (KB)
...
006 (9701445.000.000) 05/01 04:50:46 Image size of job updated: 10413404
	10170  -  MemoryUsage of job (MB)
	10413404  -  ResidentSetSize of job (KB)
...
006 (9701445.000.000) 05/01 04:55:47 Image size of job updated: 10529476
	10283  -  MemoryUsage of job (MB)
	10529476  -  ResidentSetSize of job (KB)
...
006 (9701445.000.000) 05/01 05:00:47 Image size of job updated: 10589364
	10342  -  MemoryUsage of job (MB)
	10589364  -  ResidentSetSize of job (KB)
...
006 (9701445.000.000) 05/01 05:05:47 Image size of job updated: 10633272
	10385  -  MemoryUsage of job (MB)
	10633272  -  ResidentSetSize of job (KB)
...
006 (9701445.000.000) 05/01 05:10:48 Image size of job updated: 10692160
	10442  -  MemoryUsage of job (MB)
	10692160  -  ResidentSetSize of job (KB)
...
006 (9701445.000.000) 05/01 05:15:49 Image size of job updated: 10729916
	10479  -  MemoryUsage of job (MB)
	10729916  -  ResidentSetSize of job (KB)
...
006 (9701445.000.000) 05/01 05:20:49 Image size of job updated: 10881324
	10627  -  MemoryUsage of job (MB)
	10881324  -  ResidentSetSize of job (KB)
...
006 (9701445.000.000) 05/01 05:25:50 Image size of job updated: 10920536
	10665  -  MemoryUsage of job (MB)
	10920536  -  ResidentSetSize of job (KB)
...
006 (9701445.000.000) 05/01 05:30:51 Image size of job updated: 11037484
	10779  -  MemoryUsage of job (MB)
	11037484  -  ResidentSetSize of job (KB)
...
006 (9701445.000.000) 05/01 05:45:52 Image size of job updated: 11179588
	10918  -  MemoryUsage of job (MB)
	11179588  -  ResidentSetSize of job (KB)
...
006 (9701445.000.000) 05/01 05:50:52 Image size of job updated: 11219836
	10957  -  MemoryUsage of job (MB)
	11219836  -  ResidentSetSize of job (KB)
...
006 (9701445.000.000) 05/01 05:55:52 Image size of job updated: 11338436
	11073  -  MemoryUsage of job (MB)
	11338436  -  ResidentSetSize of job (KB)
...
006 (9701445.000.000) 05/01 06:00:53 Image size of job updated: 11380044
	11114  -  MemoryUsage of job (MB)
	11380044  -  ResidentSetSize of job (KB)
...
006 (9701445.000.000) 05/01 06:05:54 Image size of job updated: 11524952
	11255  -  MemoryUsage of job (MB)
	11524952  -  ResidentSetSize of job (KB)
...
006 (9701445.000.000) 05/01 06:10:54 Image size of job updated: 11567056
	11296  -  MemoryUsage of job (MB)
	11567056  -  ResidentSetSize of job (KB)
...
006 (9701445.000.000) 05/01 06:15:55 Image size of job updated: 11684292
	11411  -  MemoryUsage of job (MB)
	11684292  -  ResidentSetSize of job (KB)
...
006 (9701445.000.000) 05/01 06:20:56 Image size of job updated: 11723560
	11449  -  MemoryUsage of job (MB)
	11723560  -  ResidentSetSize of job (KB)
...
006 (9701445.000.000) 05/01 06:50:59 Image size of job updated: 11762544
	11487  -  MemoryUsage of job (MB)
	11762544  -  ResidentSetSize of job (KB)
...
006 (9701445.000.000) 05/01 06:55:59 Image size of job updated: 11912424
	11634  -  MemoryUsage of job (MB)
	11912424  -  ResidentSetSize of job (KB)
...
006 (9701445.000.000) 05/01 07:00:59 Image size of job updated: 11953772
	11674  -  MemoryUsage of job (MB)
	11953772  -  ResidentSetSize of job (KB)
...
006 (9701445.000.000) 05/01 07:06:00 Image size of job updated: 12072832
	11790  -  MemoryUsage of job (MB)
	12072832  -  ResidentSetSize of job (KB)
...
006 (9701445.000.000) 05/01 07:11:01 Image size of job updated: 12165524
	11881  -  MemoryUsage of job (MB)
	12165524  -  ResidentSetSize of job (KB)
...
006 (9701445.000.000) 05/01 07:16:01 Image size of job updated: 12222960
	11937  -  MemoryUsage of job (MB)
	12222960  -  ResidentSetSize of job (KB)
...
006 (9701445.000.000) 05/01 07:21:01 Image size of job updated: 12308856
	12021  -  MemoryUsage of job (MB)
	12308856  -  ResidentSetSize of job (KB)
...
006 (9701445.000.000) 05/01 07:26:02 Image size of job updated: 12411040
	12121  -  MemoryUsage of job (MB)
	12411040  -  ResidentSetSize of job (KB)
...
006 (9701445.000.000) 05/01 07:31:02 Image size of job updated: 12467676
	12176  -  MemoryUsage of job (MB)
	12467676  -  ResidentSetSize of job (KB)
...
006 (9701445.000.000) 05/01 07:36:02 Image size of job updated: 12563320
	12269  -  MemoryUsage of job (MB)
	12563320  -  ResidentSetSize of job (KB)
...
006 (9701445.000.000) 05/01 07:46:04 Image size of job updated: 12635720
	12340  -  MemoryUsage of job (MB)
	12635720  -  ResidentSetSize of job (KB)
...
006 (9701445.000.000) 05/01 07:51:04 Image size of job updated: 12699048
	12402  -  MemoryUsage of job (MB)
	12699048  -  ResidentSetSize of job (KB)
...
006 (9701445.000.000) 05/01 07:56:05 Image size of job updated: 12765432
	12467  -  MemoryUsage of job (MB)
	12765432  -  ResidentSetSize of job (KB)
...
006 (9701445.000.000) 05/01 08:01:06 Image size of job updated: 12857216
	12556  -  MemoryUsage of job (MB)
	12857216  -  ResidentSetSize of job (KB)
...
006 (9701445.000.000) 05/01 08:06:06 Image size of job updated: 12923868
	12621  -  MemoryUsage of job (MB)
	12923868  -  ResidentSetSize of job (KB)
...
006 (9701445.000.000) 05/01 08:11:06 Image size of job updated: 13015516
	12711  -  MemoryUsage of job (MB)
	13015516  -  ResidentSetSize of job (KB)
...
006 (9701445.000.000) 05/01 08:16:07 Image size of job updated: 13138392
	12831  -  MemoryUsage of job (MB)
	13138392  -  ResidentSetSize of job (KB)
...
006 (9701445.000.000) 05/01 08:21:07 Image size of job updated: 13262664
	12952  -  MemoryUsage of job (MB)
	13262664  -  ResidentSetSize of job (KB)
...
006 (9701445.000.000) 05/01 08:26:07 Image size of job updated: 13270544
	12960  -  MemoryUsage of job (MB)
	13270544  -  ResidentSetSize of job (KB)
...
006 (9701445.000.000) 05/01 08:31:08 Image size of job updated: 13365692
	13053  -  MemoryUsage of job (MB)
	13365692  -  ResidentSetSize of job (KB)
...
006 (9701445.000.000) 05/01 08:36:09 Image size of job updated: 13473948
	13159  -  MemoryUsage of job (MB)
	13473948  -  ResidentSetSize of job (KB)
...
006 (9701445.000.000) 05/01 08:41:09 Image size of job updated: 13528656
	13212  -  MemoryUsage of job (MB)
	13528656  -  ResidentSetSize of job (KB)
...
006 (9701445.000.000) 05/01 08:46:10 Image size of job updated: 13584236
	13266  -  MemoryUsage of job (MB)
	13584236  -  ResidentSetSize of job (KB)
...
006 (9701445.000.000) 05/01 08:51:11 Image size of job updated: 13652096
	13333  -  MemoryUsage of job (MB)
	13652096  -  ResidentSetSize of job (KB)
...
006 (9701445.000.000) 05/01 08:56:11 Image size of job updated: 13735836
	13414  -  MemoryUsage of job (MB)
	13735836  -  ResidentSetSize of job (KB)
...
006 (9701445.000.000) 05/01 09:01:11 Image size of job updated: 13806664
	13484  -  MemoryUsage of job (MB)
	13806664  -  ResidentSetSize of job (KB)
...
006 (9701445.000.000) 05/01 09:06:12 Image size of job updated: 13916176
	13591  -  MemoryUsage of job (MB)
	13916176  -  ResidentSetSize of job (KB)
...
006 (9701445.000.000) 05/01 09:11:12 Image size of job updated: 14052876
	13724  -  MemoryUsage of job (MB)
	14052876  -  ResidentSetSize of job (KB)
...
006 (9701445.000.000) 05/01 09:16:12 Image size of job updated: 14211844
	13879  -  MemoryUsage of job (MB)
	14211844  -  ResidentSetSize of job (KB)
...
006 (9701445.000.000) 05/01 09:21:13 Image size of job updated: 14336996
	14001  -  MemoryUsage of job (MB)
	14336996  -  ResidentSetSize of job (KB)
...
006 (9701445.000.000) 05/01 09:31:14 Image size of job updated: 14388676
	14052  -  MemoryUsage of job (MB)
	14388676  -  ResidentSetSize of job (KB)
...
006 (9701445.000.000) 05/01 09:36:15 Image size of job updated: 14489252
	14150  -  MemoryUsage of job (MB)
	14489252  -  ResidentSetSize of job (KB)
...
006 (9701445.000.000) 05/01 09:41:16 Image size of job updated: 14529052
	14189  -  MemoryUsage of job (MB)
	14529052  -  ResidentSetSize of job (KB)
...
006 (9701445.000.000) 05/01 09:46:16 Image size of job updated: 14578536
	14237  -  MemoryUsage of job (MB)
	14578536  -  ResidentSetSize of job (KB)
...
006 (9701445.000.000) 05/01 09:51:17 Image size of job updated: 14653388
	14310  -  MemoryUsage of job (MB)
	14653388  -  ResidentSetSize of job (KB)
...
006 (9701445.000.000) 05/01 09:56:18 Image size of job updated: 14722340
	14378  -  MemoryUsage of job (MB)
	14722340  -  ResidentSetSize of job (KB)
...
006 (9701445.000.000) 05/01 10:01:18 Image size of job updated: 14906572
	14558  -  MemoryUsage of job (MB)
	14906572  -  ResidentSetSize of job (KB)
...
006 (9701445.000.000) 05/01 10:16:20 Image size of job updated: 15016012
	14665  -  MemoryUsage of job (MB)
	15016012  -  ResidentSetSize of job (KB)
...
006 (9701445.000.000) 05/01 10:21:20 Image size of job updated: 15150540
	14796  -  MemoryUsage of job (MB)
	15150540  -  ResidentSetSize of job (KB)
...
006 (9701445.000.000) 05/01 10:26:21 Image size of job updated: 15197284
	14842  -  MemoryUsage of job (MB)
	15197284  -  ResidentSetSize of job (KB)
...
006 (9701445.000.000) 05/01 10:31:22 Image size of job updated: 15331380
	14973  -  MemoryUsage of job (MB)
	15331380  -  ResidentSetSize of job (KB)
...
006 (9701445.000.000) 05/01 10:36:22 Image size of job updated: 15426476
	15065  -  MemoryUsage of job (MB)
	15426476  -  ResidentSetSize of job (KB)
...
006 (9701445.000.000) 05/01 10:41:23 Image size of job updated: 15493928
	15131  -  MemoryUsage of job (MB)
	15493928  -  ResidentSetSize of job (KB)
...
006 (9701445.000.000) 05/01 10:46:24 Image size of job updated: 15542648
	15179  -  MemoryUsage of job (MB)
	15542648  -  ResidentSetSize of job (KB)
...
006 (9701445.000.000) 05/01 10:51:24 Image size of job updated: 15644000
	15278  -  MemoryUsage of job (MB)
	15644000  -  ResidentSetSize of job (KB)
...
006 (9701445.000.000) 05/01 10:56:24 Image size of job updated: 15690616
	15323  -  MemoryUsage of job (MB)
	15690616  -  ResidentSetSize of job (KB)
...
006 (9701445.000.000) 05/01 11:01:25 Image size of job updated: 15735184
	15367  -  MemoryUsage of job (MB)
	15735184  -  ResidentSetSize of job (KB)
...
006 (9701445.000.000) 05/01 11:06:26 Image size of job updated: 15775184
	15406  -  MemoryUsage of job (MB)
	15775184  -  ResidentSetSize of job (KB)
...
006 (9701445.000.000) 05/01 11:11:26 Image size of job updated: 15824084
	15454  -  MemoryUsage of job (MB)
	15824084  -  ResidentSetSize of job (KB)
...
006 (9701445.000.000) 05/01 11:21:28 Image size of job updated: 15831700
	15461  -  MemoryUsage of job (MB)
	15831700  -  ResidentSetSize of job (KB)
...
006 (9701445.000.000) 05/01 11:26:28 Image size of job updated: 15978276
	15604  -  MemoryUsage of job (MB)
	15978276  -  ResidentSetSize of job (KB)
...
006 (9701445.000.000) 05/01 11:31:28 Image size of job updated: 16024340
	15649  -  MemoryUsage of job (MB)
	16024340  -  ResidentSetSize of job (KB)
...
006 (9701445.000.000) 05/01 11:36:29 Image size of job updated: 16140724
	15763  -  MemoryUsage of job (MB)
	16140724  -  ResidentSetSize of job (KB)
...
006 (9701445.000.000) 05/01 11:46:29 Image size of job updated: 16188008
	15809  -  MemoryUsage of job (MB)
	16188008  -  ResidentSetSize of job (KB)
...
006 (9701445.000.000) 05/01 11:51:30 Image size of job updated: 16241348
	15861  -  MemoryUsage of job (MB)
	16241348  -  ResidentSetSize of job (KB)
...
006 (9701445.000.000) 05/01 11:56:31 Image size of job updated: 16351572
	15969  -  MemoryUsage of job (MB)
	16351572  -  ResidentSetSize of job (KB)
...
006 (9701445.000.000) 05/01 12:01:31 Image size of job updated: 16442408
	16058  -  MemoryUsage of job (MB)
	16442408  -  ResidentSetSize of job (KB)
...
006 (9701445.000.000) 05/01 12:06:32 Image size of job updated: 16558668
	16171  -  MemoryUsage of job (MB)
	16558668  -  ResidentSetSize of job (KB)
...
006 (9701445.000.000) 05/01 12:11:33 Image size of job updated: 16648352
	16259  -  MemoryUsage of job (MB)
	16648352  -  ResidentSetSize of job (KB)
...
006 (9701445.000.000) 05/01 12:16:33 Image size of job updated: 16685120
	16295  -  MemoryUsage of job (MB)
	16685120  -  ResidentSetSize of job (KB)
...
006 (9701445.000.000) 05/01 12:21:33 Image size of job updated: 16695180
	16304  -  MemoryUsage of job (MB)
	16695180  -  ResidentSetSize of job (KB)
...
006 (9701445.000.000) 05/01 12:26:34 Image size of job updated: 16786140
	16393  -  MemoryUsage of job (MB)
	16786140  -  ResidentSetSize of job (KB)
...
006 (9701445.000.000) 05/01 12:31:34 Image size of job updated: 16786140
	16393  -  MemoryUsage of job (MB)
	16786396  -  ResidentSetSize of job (KB)
...
