000 (9701424.000.000) 04/30 14:23:19 Job submitted from host: <137.138.156.150:9618?addrs=137.138.156.150-9618+[2001-1458-d00-14--9a]-9618&alias=bigbird13.cern.ch&noUDP&sock=schedd_2138_1192>
...
040 (9701424.000.000) 04/30 14:24:30 Started transferring input files
	Transferring to host: <128.142.137.71:9618?addrs=128.142.137.71-9618+[2001-1458-301-5e--100-3b]-9618&alias=b9g19p8217.cern.ch&noUDP&sock=slot1_17_2720_3c68_75743>
...
040 (9701424.000.000) 04/30 14:24:30 Finished transferring input files
...
001 (9701424.000.000) 04/30 14:24:31 Job executing on host: <128.142.137.71:9618?addrs=128.142.137.71-9618+[2001-1458-301-5e--100-3b]-9618&alias=b9g19p8217.cern.ch&noUDP&sock=startd_2389_3bd8>
...
006 (9701424.000.000) 04/30 14:24:39 Image size of job updated: 9352
	10  -  MemoryUsage of job (MB)
	9352  -  ResidentSetSize of job (KB)
...
006 (9701424.000.000) 04/30 14:29:39 Image size of job updated: 229200
	224  -  MemoryUsage of job (MB)
	229200  -  ResidentSetSize of job (KB)
...
006 (9701424.000.000) 04/30 14:34:40 Image size of job updated: 465044
	455  -  MemoryUsage of job (MB)
	465044  -  ResidentSetSize of job (KB)
...
006 (9701424.000.000) 04/30 14:39:40 Image size of job updated: 618712
	605  -  MemoryUsage of job (MB)
	618712  -  ResidentSetSize of job (KB)
...
006 (9701424.000.000) 04/30 14:44:40 Image size of job updated: 2416676
	2361  -  MemoryUsage of job (MB)
	2416676  -  ResidentSetSize of job (KB)
...
006 (9701424.000.000) 04/30 15:09:43 Image size of job updated: 2447424
	2391  -  MemoryUsage of job (MB)
	2447424  -  ResidentSetSize of job (KB)
...
006 (9701424.000.000) 04/30 15:14:43 Image size of job updated: 2603956
	2543  -  MemoryUsage of job (MB)
	2603956  -  ResidentSetSize of job (KB)
...
006 (9701424.000.000) 04/30 15:19:44 Image size of job updated: 2647664
	2586  -  MemoryUsage of job (MB)
	2647664  -  ResidentSetSize of job (KB)
...
006 (9701424.000.000) 04/30 15:24:45 Image size of job updated: 2711116
	2648  -  MemoryUsage of job (MB)
	2711116  -  ResidentSetSize of job (KB)
...
006 (9701424.000.000) 04/30 15:29:45 Image size of job updated: 2753056
	2689  -  MemoryUsage of job (MB)
	2753056  -  ResidentSetSize of job (KB)
...
006 (9701424.000.000) 04/30 15:34:45 Image size of job updated: 2838768
	2773  -  MemoryUsage of job (MB)
	2838768  -  ResidentSetSize of job (KB)
...
006 (9701424.000.000) 04/30 15:39:46 Image size of job updated: 2879580
	2813  -  MemoryUsage of job (MB)
	2879580  -  ResidentSetSize of job (KB)
...
006 (9701424.000.000) 04/30 15:44:46 Image size of job updated: 2998188
	2928  -  MemoryUsage of job (MB)
	2998188  -  ResidentSetSize of job (KB)
...
006 (9701424.000.000) 04/30 15:49:46 Image size of job updated: 3040220
	2969  -  MemoryUsage of job (MB)
	3040220  -  ResidentSetSize of job (KB)
...
006 (9701424.000.000) 04/30 15:54:47 Image size of job updated: 3093660
	3022  -  MemoryUsage of job (MB)
	3093660  -  ResidentSetSize of job (KB)
...
006 (9701424.000.000) 04/30 15:59:48 Image size of job updated: 3248260
	3173  -  MemoryUsage of job (MB)
	3248260  -  ResidentSetSize of job (KB)
...
006 (9701424.000.000) 04/30 16:04:48 Image size of job updated: 3291752
	3215  -  MemoryUsage of job (MB)
	3291752  -  ResidentSetSize of job (KB)
...
006 (9701424.000.000) 04/30 16:09:49 Image size of job updated: 3356124
	3278  -  MemoryUsage of job (MB)
	3356124  -  ResidentSetSize of job (KB)
...
006 (9701424.000.000) 04/30 16:14:50 Image size of job updated: 3447856
	3368  -  MemoryUsage of job (MB)
	3447856  -  ResidentSetSize of job (KB)
...
006 (9701424.000.000) 04/30 16:19:50 Image size of job updated: 3488636
	3407  -  MemoryUsage of job (MB)
	3488636  -  ResidentSetSize of job (KB)
...
006 (9701424.000.000) 04/30 16:24:50 Image size of job updated: 3547384
	3465  -  MemoryUsage of job (MB)
	3547384  -  ResidentSetSize of job (KB)
...
006 (9701424.000.000) 04/30 16:29:51 Image size of job updated: 3588012
	3504  -  MemoryUsage of job (MB)
	3588012  -  ResidentSetSize of job (KB)
...
006 (9701424.000.000) 04/30 16:34:51 Image size of job updated: 3629456
	3545  -  MemoryUsage of job (MB)
	3629456  -  ResidentSetSize of job (KB)
...
006 (9701424.000.000) 04/30 16:39:51 Image size of job updated: 3670552
	3585  -  MemoryUsage of job (MB)
	3670552  -  ResidentSetSize of job (KB)
...
006 (9701424.000.000) 04/30 16:44:52 Image size of job updated: 3714172
	3628  -  MemoryUsage of job (MB)
	3714172  -  ResidentSetSize of job (KB)
...
006 (9701424.000.000) 04/30 16:49:52 Image size of job updated: 3762812
	3675  -  MemoryUsage of job (MB)
	3762812  -  ResidentSetSize of job (KB)
...
006 (9701424.000.000) 04/30 16:54:52 Image size of job updated: 3821096
	3732  -  MemoryUsage of job (MB)
	3821096  -  ResidentSetSize of job (KB)
...
006 (9701424.000.000) 04/30 16:59:53 Image size of job updated: 3989488
	3896  -  MemoryUsage of job (MB)
	3989488  -  ResidentSetSize of job (KB)
...
006 (9701424.000.000) 04/30 17:04:54 Image size of job updated: 4030392
	3936  -  MemoryUsage of job (MB)
	4030392  -  ResidentSetSize of job (KB)
...
006 (9701424.000.000) 04/30 17:09:54 Image size of job updated: 4117216
	4021  -  MemoryUsage of job (MB)
	4117216  -  ResidentSetSize of job (KB)
...
006 (9701424.000.000) 04/30 17:14:55 Image size of job updated: 4159100
	4062  -  MemoryUsage of job (MB)
	4159100  -  ResidentSetSize of job (KB)
...
006 (9701424.000.000) 04/30 17:19:56 Image size of job updated: 4208140
	4110  -  MemoryUsage of job (MB)
	4208140  -  ResidentSetSize of job (KB)
...
006 (9701424.000.000) 04/30 17:24:56 Image size of job updated: 4257644
	4158  -  MemoryUsage of job (MB)
	4257644  -  ResidentSetSize of job (KB)
...
006 (9701424.000.000) 04/30 17:29:56 Image size of job updated: 4316332
	4216  -  MemoryUsage of job (MB)
	4316332  -  ResidentSetSize of job (KB)
...
006 (9701424.000.000) 04/30 17:34:57 Image size of job updated: 4477332
	4373  -  MemoryUsage of job (MB)
	4477332  -  ResidentSetSize of job (KB)
...
006 (9701424.000.000) 04/30 17:39:57 Image size of job updated: 4569668
	4463  -  MemoryUsage of job (MB)
	4569668  -  ResidentSetSize of job (KB)
...
006 (9701424.000.000) 04/30 17:44:57 Image size of job updated: 4631064
	4523  -  MemoryUsage of job (MB)
	4631064  -  ResidentSetSize of job (KB)
...
006 (9701424.000.000) 04/30 17:49:58 Image size of job updated: 4671840
	4563  -  MemoryUsage of job (MB)
	4671840  -  ResidentSetSize of job (KB)
...
006 (9701424.000.000) 04/30 17:54:59 Image size of job updated: 4704268
	4595  -  MemoryUsage of job (MB)
	4704268  -  ResidentSetSize of job (KB)
...
006 (9701424.000.000) 04/30 17:59:59 Image size of job updated: 4749420
	4639  -  MemoryUsage of job (MB)
	4749420  -  ResidentSetSize of job (KB)
...
006 (9701424.000.000) 04/30 18:05:00 Image size of job updated: 4749420
	4639  -  MemoryUsage of job (MB)
	4749676  -  ResidentSetSize of job (KB)
...
006 (9701424.000.000) 04/30 18:15:01 Image size of job updated: 4800224
	4688  -  MemoryUsage of job (MB)
	4800224  -  ResidentSetSize of job (KB)
...
006 (9701424.000.000) 04/30 18:20:01 Image size of job updated: 4892644
	4778  -  MemoryUsage of job (MB)
	4892644  -  ResidentSetSize of job (KB)
...
006 (9701424.000.000) 04/30 18:25:02 Image size of job updated: 4908608
	4794  -  MemoryUsage of job (MB)
	4908608  -  ResidentSetSize of job (KB)
...
006 (9701424.000.000) 04/30 18:30:02 Image size of job updated: 4969908
	4854  -  MemoryUsage of job (MB)
	4969908  -  ResidentSetSize of job (KB)
...
006 (9701424.000.000) 04/30 18:35:02 Image size of job updated: 5027332
	4910  -  MemoryUsage of job (MB)
	5027332  -  ResidentSetSize of job (KB)
...
006 (9701424.000.000) 04/30 18:40:03 Image size of job updated: 5123096
	5004  -  MemoryUsage of job (MB)
	5123096  -  ResidentSetSize of job (KB)
...
006 (9701424.000.000) 04/30 18:45:03 Image size of job updated: 5165348
	5045  -  MemoryUsage of job (MB)
	5165348  -  ResidentSetSize of job (KB)
...
006 (9701424.000.000) 04/30 18:50:03 Image size of job updated: 5203880
	5082  -  MemoryUsage of job (MB)
	5203880  -  ResidentSetSize of job (KB)
...
006 (9701424.000.000) 04/30 18:55:04 Image size of job updated: 5238180
	5116  -  MemoryUsage of job (MB)
	5238180  -  ResidentSetSize of job (KB)
...
006 (9701424.000.000) 04/30 19:00:05 Image size of job updated: 5296012
	5172  -  MemoryUsage of job (MB)
	5296012  -  ResidentSetSize of job (KB)
...
006 (9701424.000.000) 04/30 19:05:05 Image size of job updated: 5392140
	5266  -  MemoryUsage of job (MB)
	5392140  -  ResidentSetSize of job (KB)
...
006 (9701424.000.000) 04/30 19:10:06 Image size of job updated: 5492588
	5364  -  MemoryUsage of job (MB)
	5492588  -  ResidentSetSize of job (KB)
...
006 (9701424.000.000) 04/30 19:15:07 Image size of job updated: 5532892
	5404  -  MemoryUsage of job (MB)
	5532892  -  ResidentSetSize of job (KB)
...
006 (9701424.000.000) 04/30 19:20:07 Image size of job updated: 5628276
	5497  -  MemoryUsage of job (MB)
	5628276  -  ResidentSetSize of job (KB)
...
006 (9701424.000.000) 04/30 19:25:07 Image size of job updated: 5669240
	5537  -  MemoryUsage of job (MB)
	5669240  -  ResidentSetSize of job (KB)
...
006 (9701424.000.000) 04/30 19:30:08 Image size of job updated: 5759700
	5625  -  MemoryUsage of job (MB)
	5759700  -  ResidentSetSize of job (KB)
...
006 (9701424.000.000) 04/30 19:35:08 Image size of job updated: 5801320
	5666  -  MemoryUsage of job (MB)
	5801320  -  ResidentSetSize of job (KB)
...
006 (9701424.000.000) 04/30 19:40:08 Image size of job updated: 5946684
	5808  -  MemoryUsage of job (MB)
	5946684  -  ResidentSetSize of job (KB)
...
006 (9701424.000.000) 04/30 19:45:10 Image size of job updated: 5999476
	5859  -  MemoryUsage of job (MB)
	5999476  -  ResidentSetSize of job (KB)
...
006 (9701424.000.000) 04/30 19:50:10 Image size of job updated: 6004456
	5864  -  MemoryUsage of job (MB)
	6004456  -  ResidentSetSize of job (KB)
...
006 (9701424.000.000) 04/30 19:55:10 Image size of job updated: 6047152
	5906  -  MemoryUsage of job (MB)
	6047152  -  ResidentSetSize of job (KB)
...
006 (9701424.000.000) 04/30 20:00:11 Image size of job updated: 6107468
	5965  -  MemoryUsage of job (MB)
	6107468  -  ResidentSetSize of job (KB)
...
006 (9701424.000.000) 04/30 20:05:12 Image size of job updated: 6148208
	6005  -  MemoryUsage of job (MB)
	6148208  -  ResidentSetSize of job (KB)
...
006 (9701424.000.000) 04/30 20:10:12 Image size of job updated: 6187344
	6043  -  MemoryUsage of job (MB)
	6187344  -  ResidentSetSize of job (KB)
...
006 (9701424.000.000) 04/30 20:15:13 Image size of job updated: 6276716
	6130  -  MemoryUsage of job (MB)
	6276716  -  ResidentSetSize of job (KB)
...
006 (9701424.000.000) 04/30 20:20:14 Image size of job updated: 6318080
	6170  -  MemoryUsage of job (MB)
	6318080  -  ResidentSetSize of job (KB)
...
006 (9701424.000.000) 04/30 20:25:14 Image size of job updated: 6359328
	6211  -  MemoryUsage of job (MB)
	6359328  -  ResidentSetSize of job (KB)
...
006 (9701424.000.000) 04/30 20:30:14 Image size of job updated: 6438188
	6288  -  MemoryUsage of job (MB)
	6438188  -  ResidentSetSize of job (KB)
...
006 (9701424.000.000) 04/30 20:35:15 Image size of job updated: 6497580
	6346  -  MemoryUsage of job (MB)
	6497580  -  ResidentSetSize of job (KB)
...
006 (9701424.000.000) 04/30 20:40:15 Image size of job updated: 6702616
	6546  -  MemoryUsage of job (MB)
	6702616  -  ResidentSetSize of job (KB)
...
006 (9701424.000.000) 04/30 20:45:15 Image size of job updated: 6742832
	6585  -  MemoryUsage of job (MB)
	6742832  -  ResidentSetSize of job (KB)
...
006 (9701424.000.000) 04/30 20:50:16 Image size of job updated: 6783712
	6625  -  MemoryUsage of job (MB)
	6783712  -  ResidentSetSize of job (KB)
...
006 (9701424.000.000) 04/30 21:05:18 Image size of job updated: 6813764
	6655  -  MemoryUsage of job (MB)
	6813764  -  ResidentSetSize of job (KB)
...
006 (9701424.000.000) 04/30 21:10:19 Image size of job updated: 6920548
	6759  -  MemoryUsage of job (MB)
	6920548  -  ResidentSetSize of job (KB)
...
006 (9701424.000.000) 04/30 21:15:19 Image size of job updated: 6959788
	6797  -  MemoryUsage of job (MB)
	6959788  -  ResidentSetSize of job (KB)
...
006 (9701424.000.000) 04/30 21:20:20 Image size of job updated: 6993152
	6830  -  MemoryUsage of job (MB)
	6993152  -  ResidentSetSize of job (KB)
...
006 (9701424.000.000) 04/30 21:25:21 Image size of job updated: 7022436
	6858  -  MemoryUsage of job (MB)
	7022436  -  ResidentSetSize of job (KB)
...
006 (9701424.000.000) 04/30 21:30:21 Image size of job updated: 7041268
	6877  -  MemoryUsage of job (MB)
	7041268  -  ResidentSetSize of job (KB)
...
006 (9701424.000.000) 04/30 21:35:21 Image size of job updated: 7093556
	6928  -  MemoryUsage of job (MB)
	7093556  -  ResidentSetSize of job (KB)
...
006 (9701424.000.000) 04/30 21:40:22 Image size of job updated: 7132592
	6966  -  MemoryUsage of job (MB)
	7132592  -  ResidentSetSize of job (KB)
...
006 (9701424.000.000) 04/30 21:45:22 Image size of job updated: 7171564
	7004  -  MemoryUsage of job (MB)
	7171564  -  ResidentSetSize of job (KB)
...
006 (9701424.000.000) 04/30 21:50:22 Image size of job updated: 7194320
	7026  -  MemoryUsage of job (MB)
	7194320  -  ResidentSetSize of job (KB)
...
006 (9701424.000.000) 04/30 21:55:23 Image size of job updated: 7256780
	7087  -  MemoryUsage of job (MB)
	7256780  -  ResidentSetSize of job (KB)
...
006 (9701424.000.000) 04/30 22:00:24 Image size of job updated: 7318836
	7148  -  MemoryUsage of job (MB)
	7318836  -  ResidentSetSize of job (KB)
...
006 (9701424.000.000) 04/30 22:05:24 Image size of job updated: 7375836
	7203  -  MemoryUsage of job (MB)
	7375836  -  ResidentSetSize of job (KB)
...
006 (9701424.000.000) 04/30 22:10:25 Image size of job updated: 7474048
	7299  -  MemoryUsage of job (MB)
	7474048  -  ResidentSetSize of job (KB)
...
006 (9701424.000.000) 04/30 22:15:26 Image size of job updated: 7531724
	7356  -  MemoryUsage of job (MB)
	7531724  -  ResidentSetSize of job (KB)
...
006 (9701424.000.000) 04/30 22:20:26 Image size of job updated: 7616356
	7438  -  MemoryUsage of job (MB)
	7616356  -  ResidentSetSize of job (KB)
...
006 (9701424.000.000) 04/30 22:25:27 Image size of job updated: 7727692
	7547  -  MemoryUsage of job (MB)
	7727692  -  ResidentSetSize of job (KB)
...
006 (9701424.000.000) 04/30 22:30:28 Image size of job updated: 7765620
	7584  -  MemoryUsage of job (MB)
	7765620  -  ResidentSetSize of job (KB)
...
006 (9701424.000.000) 04/30 22:35:28 Image size of job updated: 7910244
	7725  -  MemoryUsage of job (MB)
	7910244  -  ResidentSetSize of job (KB)
...
006 (9701424.000.000) 04/30 22:40:28 Image size of job updated: 7945944
	7760  -  MemoryUsage of job (MB)
	7945944  -  ResidentSetSize of job (KB)
...
006 (9701424.000.000) 04/30 22:45:29 Image size of job updated: 8006524
	7819  -  MemoryUsage of job (MB)
	8006524  -  ResidentSetSize of job (KB)
...
006 (9701424.000.000) 04/30 22:50:29 Image size of job updated: 8045460
	7857  -  MemoryUsage of job (MB)
	8045460  -  ResidentSetSize of job (KB)
...
006 (9701424.000.000) 04/30 22:55:30 Image size of job updated: 8106596
	7917  -  MemoryUsage of job (MB)
	8106596  -  ResidentSetSize of job (KB)
...
006 (9701424.000.000) 04/30 23:00:31 Image size of job updated: 8179088
	7988  -  MemoryUsage of job (MB)
	8179088  -  ResidentSetSize of job (KB)
...
006 (9701424.000.000) 04/30 23:05:31 Image size of job updated: 8219004
	8027  -  MemoryUsage of job (MB)
	8219004  -  ResidentSetSize of job (KB)
...
006 (9701424.000.000) 04/30 23:10:31 Image size of job updated: 8343104
	8148  -  MemoryUsage of job (MB)
	8343104  -  ResidentSetSize of job (KB)
...
006 (9701424.000.000) 04/30 23:15:32 Image size of job updated: 8384216
	8188  -  MemoryUsage of job (MB)
	8384216  -  ResidentSetSize of job (KB)
...
006 (9701424.000.000) 04/30 23:20:32 Image size of job updated: 8491580
	8293  -  MemoryUsage of job (MB)
	8491580  -  ResidentSetSize of job (KB)
...
006 (9701424.000.000) 04/30 23:25:32 Image size of job updated: 8526868
	8328  -  MemoryUsage of job (MB)
	8526868  -  ResidentSetSize of job (KB)
...
006 (9701424.000.000) 04/30 23:30:33 Image size of job updated: 8559704
	8360  -  MemoryUsage of job (MB)
	8559704  -  ResidentSetSize of job (KB)
...
006 (9701424.000.000) 04/30 23:35:34 Image size of job updated: 8593772
	8393  -  MemoryUsage of job (MB)
	8593772  -  ResidentSetSize of job (KB)
...
006 (9701424.000.000) 04/30 23:40:34 Image size of job updated: 8611072
	8410  -  MemoryUsage of job (MB)
	8611072  -  ResidentSetSize of job (KB)
...
006 (9701424.000.000) 04/30 23:45:35 Image size of job updated: 8664492
	8462  -  MemoryUsage of job (MB)
	8664492  -  ResidentSetSize of job (KB)
...
006 (9701424.000.000) 04/30 23:50:36 Image size of job updated: 8719216
	8515  -  MemoryUsage of job (MB)
	8719216  -  ResidentSetSize of job (KB)
...
006 (9701424.000.000) 04/30 23:55:36 Image size of job updated: 8809508
	8604  -  MemoryUsage of job (MB)
	8809508  -  ResidentSetSize of job (KB)
...
006 (9701424.000.000) 05/01 00:00:37 Image size of job updated: 8897544
	8690  -  MemoryUsage of job (MB)
	8897544  -  ResidentSetSize of job (KB)
...
006 (9701424.000.000) 05/01 00:05:38 Image size of job updated: 8982948
	8773  -  MemoryUsage of job (MB)
	8982948  -  ResidentSetSize of job (KB)
...
006 (9701424.000.000) 05/01 00:10:38 Image size of job updated: 9151752
	8938  -  MemoryUsage of job (MB)
	9151752  -  ResidentSetSize of job (KB)
...
006 (9701424.000.000) 05/01 00:15:38 Image size of job updated: 9198572
	8983  -  MemoryUsage of job (MB)
	9198572  -  ResidentSetSize of job (KB)
...
006 (9701424.000.000) 05/01 00:20:39 Image size of job updated: 9247788
	9032  -  MemoryUsage of job (MB)
	9247788  -  ResidentSetSize of job (KB)
...
006 (9701424.000.000) 05/01 00:25:39 Image size of job updated: 9307372
	9090  -  MemoryUsage of job (MB)
	9307372  -  ResidentSetSize of job (KB)
...
006 (9701424.000.000) 05/01 00:30:39 Image size of job updated: 9359012
	9140  -  MemoryUsage of job (MB)
	9359012  -  ResidentSetSize of job (KB)
...
006 (9701424.000.000) 05/01 00:35:40 Image size of job updated: 9408232
	9188  -  MemoryUsage of job (MB)
	9408232  -  ResidentSetSize of job (KB)
...
006 (9701424.000.000) 05/01 00:40:41 Image size of job updated: 9553040
	9330  -  MemoryUsage of job (MB)
	9553040  -  ResidentSetSize of job (KB)
...
006 (9701424.000.000) 05/01 00:45:41 Image size of job updated: 9592868
	9369  -  MemoryUsage of job (MB)
	9592868  -  ResidentSetSize of job (KB)
...
006 (9701424.000.000) 05/01 00:55:43 Image size of job updated: 9626216
	9401  -  MemoryUsage of job (MB)
	9626216  -  ResidentSetSize of job (KB)
...
006 (9701424.000.000) 05/01 01:00:43 Image size of job updated: 9666372
	9440  -  MemoryUsage of job (MB)
	9666372  -  ResidentSetSize of job (KB)
...
006 (9701424.000.000) 05/01 01:05:43 Image size of job updated: 9746004
	9518  -  MemoryUsage of job (MB)
	9746004  -  ResidentSetSize of job (KB)
...
006 (9701424.000.000) 05/01 01:10:44 Image size of job updated: 9784660
	9556  -  MemoryUsage of job (MB)
	9784660  -  ResidentSetSize of job (KB)
...
006 (9701424.000.000) 05/01 01:15:44 Image size of job updated: 9825692
	9596  -  MemoryUsage of job (MB)
	9825692  -  ResidentSetSize of job (KB)
...
006 (9701424.000.000) 05/01 01:20:44 Image size of job updated: 9867388
	9637  -  MemoryUsage of job (MB)
	9867388  -  ResidentSetSize of job (KB)
...
006 (9701424.000.000) 05/01 01:25:45 Image size of job updated: 9907624
	9676  -  MemoryUsage of job (MB)
	9907624  -  ResidentSetSize of job (KB)
...
006 (9701424.000.000) 05/01 01:30:46 Image size of job updated: 9967580
	9734  -  MemoryUsage of job (MB)
	9967580  -  ResidentSetSize of job (KB)
...
006 (9701424.000.000) 05/01 06:56:21 Image size of job updated: 10303852
	10063  -  MemoryUsage of job (MB)
	10303852  -  ResidentSetSize of job (KB)
...
006 (9701424.000.000) 05/01 07:01:21 Image size of job updated: 10358188
	10116  -  MemoryUsage of job (MB)
	10358188  -  ResidentSetSize of job (KB)
...
006 (9701424.000.000) 05/01 07:06:22 Image size of job updated: 10468972
	10224  -  MemoryUsage of job (MB)
	10468972  -  ResidentSetSize of job (KB)
...
006 (9701424.000.000) 05/01 07:11:23 Image size of job updated: 10515164
	10269  -  MemoryUsage of job (MB)
	10515164  -  ResidentSetSize of job (KB)
...
006 (9701424.000.000) 05/01 07:16:23 Image size of job updated: 10637580
	10389  -  MemoryUsage of job (MB)
	10637580  -  ResidentSetSize of job (KB)
...
006 (9701424.000.000) 05/01 07:21:23 Image size of job updated: 10757612
	10506  -  MemoryUsage of job (MB)
	10757612  -  ResidentSetSize of job (KB)
...
006 (9701424.000.000) 05/01 07:26:24 Image size of job updated: 10798876
	10546  -  MemoryUsage of job (MB)
	10798876  -  ResidentSetSize of job (KB)
...
006 (9701424.000.000) 05/01 07:31:24 Image size of job updated: 10822308
	10569  -  MemoryUsage of job (MB)
	10822308  -  ResidentSetSize of job (KB)
...
006 (9701424.000.000) 05/01 07:36:24 Image size of job updated: 10872036
	10618  -  MemoryUsage of job (MB)
	10872036  -  ResidentSetSize of job (KB)
...
006 (9701424.000.000) 05/01 07:41:25 Image size of job updated: 10971824
	10715  -  MemoryUsage of job (MB)
	10971824  -  ResidentSetSize of job (KB)
...
006 (9701424.000.000) 05/01 07:46:26 Image size of job updated: 11010060
	10753  -  MemoryUsage of job (MB)
	11010060  -  ResidentSetSize of job (KB)
...
006 (9701424.000.000) 05/01 07:51:26 Image size of job updated: 11129548
	10869  -  MemoryUsage of job (MB)
	11129548  -  ResidentSetSize of job (KB)
...
006 (9701424.000.000) 05/01 07:56:27 Image size of job updated: 11191712
	10930  -  MemoryUsage of job (MB)
	11191712  -  ResidentSetSize of job (KB)
...
006 (9701424.000.000) 05/01 08:01:28 Image size of job updated: 11232728
	10970  -  MemoryUsage of job (MB)
	11232728  -  ResidentSetSize of job (KB)
...
006 (9701424.000.000) 05/01 08:06:28 Image size of job updated: 11322016
	11057  -  MemoryUsage of job (MB)
	11322016  -  ResidentSetSize of job (KB)
...
006 (9701424.000.000) 05/01 08:11:28 Image size of job updated: 11363684
	11098  -  MemoryUsage of job (MB)
	11363684  -  ResidentSetSize of job (KB)
...
006 (9701424.000.000) 05/01 08:16:29 Image size of job updated: 11424600
	11157  -  MemoryUsage of job (MB)
	11424600  -  ResidentSetSize of job (KB)
...
006 (9701424.000.000) 05/01 08:21:29 Image size of job updated: 11505172
	11236  -  MemoryUsage of job (MB)
	11505172  -  ResidentSetSize of job (KB)
...
006 (9701424.000.000) 05/01 08:26:29 Image size of job updated: 11610084
	11338  -  MemoryUsage of job (MB)
	11610084  -  ResidentSetSize of job (KB)
...
006 (9701424.000.000) 05/01 08:31:31 Image size of job updated: 11672188
	11399  -  MemoryUsage of job (MB)
	11672188  -  ResidentSetSize of job (KB)
...
006 (9701424.000.000) 05/01 08:36:31 Image size of job updated: 11714936
	11441  -  MemoryUsage of job (MB)
	11714936  -  ResidentSetSize of job (KB)
...
006 (9701424.000.000) 05/01 08:41:31 Image size of job updated: 11719648
	11445  -  MemoryUsage of job (MB)
	11719648  -  ResidentSetSize of job (KB)
...
006 (9701424.000.000) 05/01 08:46:32 Image size of job updated: 11759412
	11484  -  MemoryUsage of job (MB)
	11759412  -  ResidentSetSize of job (KB)
...
006 (9701424.000.000) 05/01 08:51:33 Image size of job updated: 11879104
	11601  -  MemoryUsage of job (MB)
	11879104  -  ResidentSetSize of job (KB)
...
006 (9701424.000.000) 05/01 09:01:34 Image size of job updated: 11889596
	11611  -  MemoryUsage of job (MB)
	11889596  -  ResidentSetSize of job (KB)
...
006 (9701424.000.000) 05/01 09:06:35 Image size of job updated: 11948724
	11669  -  MemoryUsage of job (MB)
	11948724  -  ResidentSetSize of job (KB)
...
006 (9701424.000.000) 05/01 09:11:35 Image size of job updated: 11990836
	11710  -  MemoryUsage of job (MB)
	11990836  -  ResidentSetSize of job (KB)
...
006 (9701424.000.000) 05/01 09:16:35 Image size of job updated: 12041048
	11759  -  MemoryUsage of job (MB)
	12041048  -  ResidentSetSize of job (KB)
...
006 (9701424.000.000) 05/01 09:21:36 Image size of job updated: 12149116
	11865  -  MemoryUsage of job (MB)
	12149116  -  ResidentSetSize of job (KB)
...
006 (9701424.000.000) 05/01 09:26:36 Image size of job updated: 12192040
	11907  -  MemoryUsage of job (MB)
	12192040  -  ResidentSetSize of job (KB)
...
006 (9701424.000.000) 05/01 09:31:36 Image size of job updated: 12282400
	11995  -  MemoryUsage of job (MB)
	12282400  -  ResidentSetSize of job (KB)
...
006 (9701424.000.000) 05/01 09:36:37 Image size of job updated: 12325648
	12037  -  MemoryUsage of job (MB)
	12325648  -  ResidentSetSize of job (KB)
...
006 (9701424.000.000) 05/01 09:41:38 Image size of job updated: 12404964
	12115  -  MemoryUsage of job (MB)
	12404964  -  ResidentSetSize of job (KB)
...
006 (9701424.000.000) 05/01 09:46:38 Image size of job updated: 12446220
	12155  -  MemoryUsage of job (MB)
	12446220  -  ResidentSetSize of job (KB)
...
006 (9701424.000.000) 05/01 09:51:39 Image size of job updated: 12515900
	12223  -  MemoryUsage of job (MB)
	12515900  -  ResidentSetSize of job (KB)
...
006 (9701424.000.000) 05/01 09:56:40 Image size of job updated: 12570864
	12277  -  MemoryUsage of job (MB)
	12570864  -  ResidentSetSize of job (KB)
...
006 (9701424.000.000) 05/01 10:01:40 Image size of job updated: 12609752
	12315  -  MemoryUsage of job (MB)
	12609752  -  ResidentSetSize of job (KB)
...
006 (9701424.000.000) 05/01 10:06:40 Image size of job updated: 12726652
	12429  -  MemoryUsage of job (MB)
	12726652  -  ResidentSetSize of job (KB)
...
006 (9701424.000.000) 05/01 10:11:41 Image size of job updated: 12766064
	12467  -  MemoryUsage of job (MB)
	12766064  -  ResidentSetSize of job (KB)
...
006 (9701424.000.000) 05/01 10:16:41 Image size of job updated: 12843544
	12543  -  MemoryUsage of job (MB)
	12843544  -  ResidentSetSize of job (KB)
...
006 (9701424.000.000) 05/01 10:21:41 Image size of job updated: 12902484
	12601  -  MemoryUsage of job (MB)
	12902484  -  ResidentSetSize of job (KB)
...
006 (9701424.000.000) 05/01 10:26:43 Image size of job updated: 12951132
	12648  -  MemoryUsage of job (MB)
	12951132  -  ResidentSetSize of job (KB)
...
006 (9701424.000.000) 05/01 10:31:43 Image size of job updated: 13010088
	12706  -  MemoryUsage of job (MB)
	13010088  -  ResidentSetSize of job (KB)
...
006 (9701424.000.000) 05/01 10:36:43 Image size of job updated: 13119820
	12813  -  MemoryUsage of job (MB)
	13119820  -  ResidentSetSize of job (KB)
...
006 (9701424.000.000) 05/01 10:41:44 Image size of job updated: 13162408
	12854  -  MemoryUsage of job (MB)
	13162408  -  ResidentSetSize of job (KB)
...
006 (9701424.000.000) 05/01 10:46:45 Image size of job updated: 13202972
	12894  -  MemoryUsage of job (MB)
	13202972  -  ResidentSetSize of job (KB)
...
006 (9701424.000.000) 05/01 10:51:45 Image size of job updated: 13252260
	12942  -  MemoryUsage of job (MB)
	13252260  -  ResidentSetSize of job (KB)
...
006 (9701424.000.000) 05/01 10:56:46 Image size of job updated: 13311108
	13000  -  MemoryUsage of job (MB)
	13311108  -  ResidentSetSize of job (KB)
...
006 (9701424.000.000) 05/01 11:01:47 Image size of job updated: 13415372
	13101  -  MemoryUsage of job (MB)
	13415372  -  ResidentSetSize of job (KB)
...
006 (9701424.000.000) 05/01 11:06:47 Image size of job updated: 13455944
	13141  -  MemoryUsage of job (MB)
	13455944  -  ResidentSetSize of job (KB)
...
006 (9701424.000.000) 05/01 11:11:47 Image size of job updated: 13515828
	13200  -  MemoryUsage of job (MB)
	13515828  -  ResidentSetSize of job (KB)
...
006 (9701424.000.000) 05/01 11:16:48 Image size of job updated: 13556820
	13240  -  MemoryUsage of job (MB)
	13556820  -  ResidentSetSize of job (KB)
...
006 (9701424.000.000) 05/01 11:21:48 Image size of job updated: 13661840
	13342  -  MemoryUsage of job (MB)
	13661840  -  ResidentSetSize of job (KB)
...
006 (9701424.000.000) 05/01 11:26:48 Image size of job updated: 13701232
	13381  -  MemoryUsage of job (MB)
	13701232  -  ResidentSetSize of job (KB)
...
006 (9701424.000.000) 05/01 11:31:49 Image size of job updated: 13707828
	13387  -  MemoryUsage of job (MB)
	13707828  -  ResidentSetSize of job (KB)
...
006 (9701424.000.000) 05/01 11:36:50 Image size of job updated: 13748780
	13427  -  MemoryUsage of job (MB)
	13748780  -  ResidentSetSize of job (KB)
...
006 (9701424.000.000) 05/01 11:41:50 Image size of job updated: 13845204
	13521  -  MemoryUsage of job (MB)
	13845204  -  ResidentSetSize of job (KB)
...
006 (9701424.000.000) 05/01 11:46:51 Image size of job updated: 13885724
	13561  -  MemoryUsage of job (MB)
	13885724  -  ResidentSetSize of job (KB)
...
006 (9701424.000.000) 05/01 11:51:52 Image size of job updated: 13920152
	13594  -  MemoryUsage of job (MB)
	13920152  -  ResidentSetSize of job (KB)
...
006 (9701424.000.000) 05/01 11:56:52 Image size of job updated: 14047824
	13719  -  MemoryUsage of job (MB)
	14047824  -  ResidentSetSize of job (KB)
...
006 (9701424.000.000) 05/01 12:01:52 Image size of job updated: 14094448
	13765  -  MemoryUsage of job (MB)
	14094448  -  ResidentSetSize of job (KB)
...
006 (9701424.000.000) 05/01 12:21:54 Image size of job updated: 14121200
	13791  -  MemoryUsage of job (MB)
	14121200  -  ResidentSetSize of job (KB)
...
006 (9701424.000.000) 05/01 12:26:54 Image size of job updated: 14265852
	13932  -  MemoryUsage of job (MB)
	14265852  -  ResidentSetSize of job (KB)
...
006 (9701424.000.000) 05/01 12:31:54 Image size of job updated: 14306064
	13971  -  MemoryUsage of job (MB)
	14306064  -  ResidentSetSize of job (KB)
...
006 (9701424.000.000) 05/01 12:36:55 Image size of job updated: 14311228
	13976  -  MemoryUsage of job (MB)
	14311228  -  ResidentSetSize of job (KB)
...
006 (9701424.000.000) 05/01 12:46:56 Image size of job updated: 14340628
	14005  -  MemoryUsage of job (MB)
	14340628  -  ResidentSetSize of job (KB)
...
006 (9701424.000.000) 05/01 12:51:57 Image size of job updated: 14421900
	14084  -  MemoryUsage of job (MB)
	14421900  -  ResidentSetSize of job (KB)
...
006 (9701424.000.000) 05/01 12:56:58 Image size of job updated: 14474180
	14135  -  MemoryUsage of job (MB)
	14474180  -  ResidentSetSize of job (KB)
...
006 (9701424.000.000) 05/01 13:01:58 Image size of job updated: 14568476
	14228  -  MemoryUsage of job (MB)
	14568476  -  ResidentSetSize of job (KB)
...
006 (9701424.000.000) 05/01 13:06:58 Image size of job updated: 14614912
	14273  -  MemoryUsage of job (MB)
	14614912  -  ResidentSetSize of job (KB)
...
006 (9701424.000.000) 05/01 13:11:59 Image size of job updated: 14736312
	14391  -  MemoryUsage of job (MB)
	14736312  -  ResidentSetSize of job (KB)
...
006 (9701424.000.000) 05/01 13:16:59 Image size of job updated: 14783976
	14438  -  MemoryUsage of job (MB)
	14783976  -  ResidentSetSize of job (KB)
...
006 (9701424.000.000) 05/01 13:21:59 Image size of job updated: 14878660
	14530  -  MemoryUsage of job (MB)
	14878660  -  ResidentSetSize of job (KB)
...
006 (9701424.000.000) 05/01 13:27:00 Image size of job updated: 14925336
	14576  -  MemoryUsage of job (MB)
	14925336  -  ResidentSetSize of job (KB)
...
006 (9701424.000.000) 05/01 13:32:01 Image size of job updated: 15015028
	14664  -  MemoryUsage of job (MB)
	15015028  -  ResidentSetSize of job (KB)
...
006 (9701424.000.000) 05/01 13:42:02 Image size of job updated: 15035368
	14683  -  MemoryUsage of job (MB)
	15035368  -  ResidentSetSize of job (KB)
...
006 (9701424.000.000) 05/01 13:47:03 Image size of job updated: 15035368
	14684  -  MemoryUsage of job (MB)
	15035624  -  ResidentSetSize of job (KB)
...
006 (9701424.000.000) 05/01 13:52:03 Image size of job updated: 15088740
	14736  -  MemoryUsage of job (MB)
	15088740  -  ResidentSetSize of job (KB)
...
006 (9701424.000.000) 05/01 14:02:04 Image size of job updated: 15121008
	14767  -  MemoryUsage of job (MB)
	15121008  -  ResidentSetSize of job (KB)
...
006 (9701424.000.000) 05/01 14:07:04 Image size of job updated: 15190404
	14835  -  MemoryUsage of job (MB)
	15190404  -  ResidentSetSize of job (KB)
...
006 (9701424.000.000) 05/01 14:12:04 Image size of job updated: 15288644
	14931  -  MemoryUsage of job (MB)
	15288644  -  ResidentSetSize of job (KB)
...
006 (9701424.000.000) 05/01 14:17:05 Image size of job updated: 15342188
	14983  -  MemoryUsage of job (MB)
	15342188  -  ResidentSetSize of job (KB)
...
006 (9701424.000.000) 05/01 14:22:06 Image size of job updated: 15495880
	15133  -  MemoryUsage of job (MB)
	15495880  -  ResidentSetSize of job (KB)
...
006 (9701424.000.000) 05/01 14:27:06 Image size of job updated: 15540148
	15176  -  MemoryUsage of job (MB)
	15540148  -  ResidentSetSize of job (KB)
...
006 (9701424.000.000) 05/01 14:32:07 Image size of job updated: 15607340
	15242  -  MemoryUsage of job (MB)
	15607340  -  ResidentSetSize of job (KB)
...
006 (9701424.000.000) 05/01 14:47:09 Image size of job updated: 15752292
	15384  -  MemoryUsage of job (MB)
	15752292  -  ResidentSetSize of job (KB)
...
006 (9701424.000.000) 05/01 14:52:10 Image size of job updated: 15797748
	15428  -  MemoryUsage of job (MB)
	15797748  -  ResidentSetSize of job (KB)
...
006 (9701424.000.000) 05/01 14:57:10 Image size of job updated: 15843972
	15473  -  MemoryUsage of job (MB)
	15843972  -  ResidentSetSize of job (KB)
...
006 (9701424.000.000) 05/01 15:02:11 Image size of job updated: 15976072
	15602  -  MemoryUsage of job (MB)
	15976072  -  ResidentSetSize of job (KB)
...
006 (9701424.000.000) 05/01 15:07:12 Image size of job updated: 16026204
	15651  -  MemoryUsage of job (MB)
	16026204  -  ResidentSetSize of job (KB)
...
006 (9701424.000.000) 05/01 15:12:12 Image size of job updated: 16125512
	15748  -  MemoryUsage of job (MB)
	16125512  -  ResidentSetSize of job (KB)
...
006 (9701424.000.000) 05/01 15:17:12 Image size of job updated: 16180060
	15801  -  MemoryUsage of job (MB)
	16180060  -  ResidentSetSize of job (KB)
...
006 (9701424.000.000) 05/01 15:22:13 Image size of job updated: 16626028
	16237  -  MemoryUsage of job (MB)
	16626028  -  ResidentSetSize of job (KB)
...
006 (9701424.000.000) 05/01 15:27:13 Image size of job updated: 16777288
	16385  -  MemoryUsage of job (MB)
	16777288  -  ResidentSetSize of job (KB)
...
006 (9701424.000.000) 05/01 15:32:13 Image size of job updated: 16817928
	16424  -  MemoryUsage of job (MB)
	16817928  -  ResidentSetSize of job (KB)
...
006 (9701424.000.000) 05/01 15:37:14 Image size of job updated: 16881044
	16486  -  MemoryUsage of job (MB)
	16881044  -  ResidentSetSize of job (KB)
...
006 (9701424.000.000) 05/01 15:42:15 Image size of job updated: 16892052
	16497  -  MemoryUsage of job (MB)
	16892052  -  ResidentSetSize of job (KB)
...
006 (9701424.000.000) 05/01 15:47:15 Image size of job updated: 16937552
	16541  -  MemoryUsage of job (MB)
	16937552  -  ResidentSetSize of job (KB)
...
006 (9701424.000.000) 05/01 15:52:16 Image size of job updated: 17097544
	16697  -  MemoryUsage of job (MB)
	17097544  -  ResidentSetSize of job (KB)
...
006 (9701424.000.000) 05/01 15:57:17 Image size of job updated: 17137700
	16737  -  MemoryUsage of job (MB)
	17137700  -  ResidentSetSize of job (KB)
...
006 (9701424.000.000) 05/01 16:02:17 Image size of job updated: 17172868
	16771  -  MemoryUsage of job (MB)
	17172868  -  ResidentSetSize of job (KB)
...
006 (9701424.000.000) 05/01 16:07:18 Image size of job updated: 17247504
	16844  -  MemoryUsage of job (MB)
	17247504  -  ResidentSetSize of job (KB)
...
006 (9701424.000.000) 05/01 16:12:19 Image size of job updated: 17297516
	16893  -  MemoryUsage of job (MB)
	17297516  -  ResidentSetSize of job (KB)
...
006 (9701424.000.000) 05/01 16:17:19 Image size of job updated: 17344320
	16938  -  MemoryUsage of job (MB)
	17344320  -  ResidentSetSize of job (KB)
...
006 (9701424.000.000) 05/01 16:22:19 Image size of job updated: 17400472
	16993  -  MemoryUsage of job (MB)
	17400472  -  ResidentSetSize of job (KB)
...
006 (9701424.000.000) 05/01 16:27:20 Image size of job updated: 17458016
	17049  -  MemoryUsage of job (MB)
	17458016  -  ResidentSetSize of job (KB)
...
006 (9701424.000.000) 05/01 16:32:20 Image size of job updated: 17498324
	17089  -  MemoryUsage of job (MB)
	17498324  -  ResidentSetSize of job (KB)
...
006 (9701424.000.000) 05/01 16:37:20 Image size of job updated: 17539100
	17129  -  MemoryUsage of job (MB)
	17539100  -  ResidentSetSize of job (KB)
...
006 (9701424.000.000) 05/01 16:42:21 Image size of job updated: 17573624
	17162  -  MemoryUsage of job (MB)
	17573624  -  ResidentSetSize of job (KB)
...
006 (9701424.000.000) 05/01 16:47:22 Image size of job updated: 17613668
	17201  -  MemoryUsage of job (MB)
	17613668  -  ResidentSetSize of job (KB)
...
006 (9701424.000.000) 05/01 16:52:22 Image size of job updated: 17727968
	17313  -  MemoryUsage of job (MB)
	17727968  -  ResidentSetSize of job (KB)
...
006 (9701424.000.000) 05/01 16:57:23 Image size of job updated: 17767460
	17352  -  MemoryUsage of job (MB)
	17767460  -  ResidentSetSize of job (KB)
...
006 (9701424.000.000) 05/01 17:02:24 Image size of job updated: 17830364
	17413  -  MemoryUsage of job (MB)
	17830364  -  ResidentSetSize of job (KB)
...
006 (9701424.000.000) 05/01 17:07:24 Image size of job updated: 17870372
	17452  -  MemoryUsage of job (MB)
	17870372  -  ResidentSetSize of job (KB)
...
006 (9701424.000.000) 05/01 17:12:24 Image size of job updated: 17877500
	17459  -  MemoryUsage of job (MB)
	17877500  -  ResidentSetSize of job (KB)
...
006 (9701424.000.000) 05/01 17:17:25 Image size of job updated: 17918780
	17499  -  MemoryUsage of job (MB)
	17918780  -  ResidentSetSize of job (KB)
...
006 (9701424.000.000) 05/01 17:22:25 Image size of job updated: 18063696
	17641  -  MemoryUsage of job (MB)
	18063696  -  ResidentSetSize of job (KB)
...
006 (9701424.000.000) 05/01 17:27:25 Image size of job updated: 18103992
	17680  -  MemoryUsage of job (MB)
	18103992  -  ResidentSetSize of job (KB)
...
006 (9701424.000.000) 05/01 17:32:26 Image size of job updated: 18219728
	17793  -  MemoryUsage of job (MB)
	18219728  -  ResidentSetSize of job (KB)
...
006 (9701424.000.000) 05/01 17:37:27 Image size of job updated: 18260932
	17833  -  MemoryUsage of job (MB)
	18260932  -  ResidentSetSize of job (KB)
...
006 (9701424.000.000) 05/01 17:42:27 Image size of job updated: 18265936
	17838  -  MemoryUsage of job (MB)
	18265936  -  ResidentSetSize of job (KB)
...
006 (9701424.000.000) 05/01 17:52:29 Image size of job updated: 18371356
	17941  -  MemoryUsage of job (MB)
	18371356  -  ResidentSetSize of job (KB)
...
006 (9701424.000.000) 05/01 17:57:29 Image size of job updated: 18427012
	17996  -  MemoryUsage of job (MB)
	18427012  -  ResidentSetSize of job (KB)
...
006 (9701424.000.000) 05/01 18:02:29 Image size of job updated: 18477560
	18045  -  MemoryUsage of job (MB)
	18477560  -  ResidentSetSize of job (KB)
...
006 (9701424.000.000) 05/01 18:07:30 Image size of job updated: 18530708
	18097  -  MemoryUsage of job (MB)
	18530708  -  ResidentSetSize of job (KB)
...
006 (9701424.000.000) 05/01 18:12:30 Image size of job updated: 18635584
	18199  -  MemoryUsage of job (MB)
	18635584  -  ResidentSetSize of job (KB)
...
006 (9701424.000.000) 05/01 18:17:30 Image size of job updated: 18693804
	18256  -  MemoryUsage of job (MB)
	18693804  -  ResidentSetSize of job (KB)
...
006 (9701424.000.000) 05/01 18:32:32 Image size of job updated: 18877888
	18436  -  MemoryUsage of job (MB)
	18877888  -  ResidentSetSize of job (KB)
...
006 (9701424.000.000) 05/01 18:37:33 Image size of job updated: 18930208
	18487  -  MemoryUsage of job (MB)
	18930208  -  ResidentSetSize of job (KB)
...
006 (9701424.000.000) 05/01 18:42:34 Image size of job updated: 19042948
	18597  -  MemoryUsage of job (MB)
	19042948  -  ResidentSetSize of job (KB)
...
006 (9701424.000.000) 05/01 18:47:34 Image size of job updated: 19084112
	18637  -  MemoryUsage of job (MB)
	19084112  -  ResidentSetSize of job (KB)
...
006 (9701424.000.000) 05/01 18:52:34 Image size of job updated: 19206796
	18757  -  MemoryUsage of job (MB)
	19206796  -  ResidentSetSize of job (KB)
...
006 (9701424.000.000) 05/01 18:57:35 Image size of job updated: 19252780
	18802  -  MemoryUsage of job (MB)
	19252780  -  ResidentSetSize of job (KB)
...
006 (9701424.000.000) 05/01 19:02:35 Image size of job updated: 19398452
	18944  -  MemoryUsage of job (MB)
	19398452  -  ResidentSetSize of job (KB)
...
006 (9701424.000.000) 05/01 19:07:35 Image size of job updated: 19438736
	18984  -  MemoryUsage of job (MB)
	19438736  -  ResidentSetSize of job (KB)
...
006 (9701424.000.000) 05/01 19:12:36 Image size of job updated: 19555296
	19097  -  MemoryUsage of job (MB)
	19555296  -  ResidentSetSize of job (KB)
...
006 (9701424.000.000) 05/01 19:17:36 Image size of job updated: 19595916
	19137  -  MemoryUsage of job (MB)
	19595916  -  ResidentSetSize of job (KB)
...
006 (9701424.000.000) 05/01 19:22:36 Image size of job updated: 19713712
	19252  -  MemoryUsage of job (MB)
	19713712  -  ResidentSetSize of job (KB)
...
006 (9701424.000.000) 05/01 19:27:37 Image size of job updated: 19755272
	19293  -  MemoryUsage of job (MB)
	19755272  -  ResidentSetSize of job (KB)
...
006 (9701424.000.000) 05/01 19:32:37 Image size of job updated: 19872764
	19407  -  MemoryUsage of job (MB)
	19872764  -  ResidentSetSize of job (KB)
...
006 (9701424.000.000) 05/01 19:37:37 Image size of job updated: 19914568
	19448  -  MemoryUsage of job (MB)
	19914568  -  ResidentSetSize of job (KB)
...
006 (9701424.000.000) 05/01 19:42:38 Image size of job updated: 19985852
	19518  -  MemoryUsage of job (MB)
	19985852  -  ResidentSetSize of job (KB)
...
006 (9701424.000.000) 05/01 19:47:39 Image size of job updated: 20026588
	19558  -  MemoryUsage of job (MB)
	20026588  -  ResidentSetSize of job (KB)
...
006 (9701424.000.000) 05/01 19:52:39 Image size of job updated: 20090584
	19620  -  MemoryUsage of job (MB)
	20090584  -  ResidentSetSize of job (KB)
...
006 (9701424.000.000) 05/01 19:57:40 Image size of job updated: 20131736
	19660  -  MemoryUsage of job (MB)
	20131736  -  ResidentSetSize of job (KB)
...
006 (9701424.000.000) 05/01 20:07:41 Image size of job updated: 20154948
	19683  -  MemoryUsage of job (MB)
	20154948  -  ResidentSetSize of job (KB)
...
006 (9701424.000.000) 05/01 20:12:41 Image size of job updated: 20259804
	19785  -  MemoryUsage of job (MB)
	20259804  -  ResidentSetSize of job (KB)
...
006 (9701424.000.000) 05/01 20:17:42 Image size of job updated: 20319140
	19843  -  MemoryUsage of job (MB)
	20319140  -  ResidentSetSize of job (KB)
...
006 (9701424.000.000) 05/01 20:22:42 Image size of job updated: 20477316
	19998  -  MemoryUsage of job (MB)
	20477316  -  ResidentSetSize of job (KB)
...
006 (9701424.000.000) 05/01 20:27:42 Image size of job updated: 20518608
	20038  -  MemoryUsage of job (MB)
	20518608  -  ResidentSetSize of job (KB)
...
006 (9701424.000.000) 05/01 20:32:43 Image size of job updated: 20552312
	20071  -  MemoryUsage of job (MB)
	20552312  -  ResidentSetSize of job (KB)
...
006 (9701424.000.000) 05/01 20:42:44 Image size of job updated: 20643328
	20160  -  MemoryUsage of job (MB)
	20643328  -  ResidentSetSize of job (KB)
...
006 (9701424.000.000) 05/01 20:47:45 Image size of job updated: 20703808
	20219  -  MemoryUsage of job (MB)
	20703808  -  ResidentSetSize of job (KB)
...
006 (9701424.000.000) 05/01 20:52:46 Image size of job updated: 20857128
	20369  -  MemoryUsage of job (MB)
	20857128  -  ResidentSetSize of job (KB)
...
006 (9701424.000.000) 05/01 20:57:46 Image size of job updated: 20898712
	20409  -  MemoryUsage of job (MB)
	20898712  -  ResidentSetSize of job (KB)
...
006 (9701424.000.000) 05/01 21:02:47 Image size of job updated: 20904280
	20415  -  MemoryUsage of job (MB)
	20904280  -  ResidentSetSize of job (KB)
...
006 (9701424.000.000) 05/01 21:07:48 Image size of job updated: 20945268
	20455  -  MemoryUsage of job (MB)
	20945268  -  ResidentSetSize of job (KB)
...
006 (9701424.000.000) 05/01 21:12:48 Image size of job updated: 21035764
	20543  -  MemoryUsage of job (MB)
	21035764  -  ResidentSetSize of job (KB)
...
006 (9701424.000.000) 05/01 21:17:48 Image size of job updated: 21075776
	20582  -  MemoryUsage of job (MB)
	21075776  -  ResidentSetSize of job (KB)
...
006 (9701424.000.000) 05/01 21:22:50 Image size of job updated: 21193872
	20698  -  MemoryUsage of job (MB)
	21193872  -  ResidentSetSize of job (KB)
...
006 (9701424.000.000) 05/01 21:27:50 Image size of job updated: 21230612
	20734  -  MemoryUsage of job (MB)
	21230612  -  ResidentSetSize of job (KB)
...
006 (9701424.000.000) 05/01 21:32:50 Image size of job updated: 21357236
	20857  -  MemoryUsage of job (MB)
	21357236  -  ResidentSetSize of job (KB)
...
006 (9701424.000.000) 05/01 21:37:51 Image size of job updated: 21392828
	20892  -  MemoryUsage of job (MB)
	21392828  -  ResidentSetSize of job (KB)
...
006 (9701424.000.000) 05/01 21:42:52 Image size of job updated: 21459688
	20957  -  MemoryUsage of job (MB)
	21459688  -  ResidentSetSize of job (KB)
...
006 (9701424.000.000) 05/01 21:52:53 Image size of job updated: 21563548
	21059  -  MemoryUsage of job (MB)
	21563548  -  ResidentSetSize of job (KB)
...
006 (9701424.000.000) 05/01 21:57:54 Image size of job updated: 21581196
	21076  -  MemoryUsage of job (MB)
	21581196  -  ResidentSetSize of job (KB)
...
006 (9701424.000.000) 05/01 22:02:54 Image size of job updated: 21622160
	21116  -  MemoryUsage of job (MB)
	21622160  -  ResidentSetSize of job (KB)
...
006 (9701424.000.000) 05/01 22:07:54 Image size of job updated: 21739688
	21231  -  MemoryUsage of job (MB)
	21739688  -  ResidentSetSize of job (KB)
...
006 (9701424.000.000) 05/01 22:12:55 Image size of job updated: 21780016
	21270  -  MemoryUsage of job (MB)
	21780016  -  ResidentSetSize of job (KB)
...
006 (9701424.000.000) 05/01 22:17:55 Image size of job updated: 21926428
	21413  -  MemoryUsage of job (MB)
	21926428  -  ResidentSetSize of job (KB)
...
006 (9701424.000.000) 05/01 22:22:55 Image size of job updated: 21966248
	21452  -  MemoryUsage of job (MB)
	21966248  -  ResidentSetSize of job (KB)
...
006 (9701424.000.000) 05/01 22:27:56 Image size of job updated: 22029976
	21514  -  MemoryUsage of job (MB)
	22029976  -  ResidentSetSize of job (KB)
...
006 (9701424.000.000) 05/01 22:32:57 Image size of job updated: 22070312
	21554  -  MemoryUsage of job (MB)
	22070312  -  ResidentSetSize of job (KB)
...
006 (9701424.000.000) 05/01 22:47:59 Image size of job updated: 22179804
	21660  -  MemoryUsage of job (MB)
	22179804  -  ResidentSetSize of job (KB)
...
006 (9701424.000.000) 05/01 22:52:59 Image size of job updated: 22220608
	21700  -  MemoryUsage of job (MB)
	22220608  -  ResidentSetSize of job (KB)
...
006 (9701424.000.000) 05/01 22:57:59 Image size of job updated: 22283088
	21761  -  MemoryUsage of job (MB)
	22283088  -  ResidentSetSize of job (KB)
...
006 (9701424.000.000) 05/01 23:03:00 Image size of job updated: 22324308
	21802  -  MemoryUsage of job (MB)
	22324308  -  ResidentSetSize of job (KB)
...
006 (9701424.000.000) 05/01 23:08:00 Image size of job updated: 22358448
	21835  -  MemoryUsage of job (MB)
	22358448  -  ResidentSetSize of job (KB)
...
006 (9701424.000.000) 05/01 23:13:00 Image size of job updated: 22399424
	21875  -  MemoryUsage of job (MB)
	22399424  -  ResidentSetSize of job (KB)
...
006 (9701424.000.000) 05/01 23:18:02 Image size of job updated: 22499492
	21973  -  MemoryUsage of job (MB)
	22499492  -  ResidentSetSize of job (KB)
...
006 (9701424.000.000) 05/01 23:23:02 Image size of job updated: 22541104
	22013  -  MemoryUsage of job (MB)
	22541104  -  ResidentSetSize of job (KB)
...
006 (9701424.000.000) 05/01 23:33:03 Image size of job updated: 22687576
	22156  -  MemoryUsage of job (MB)
	22687576  -  ResidentSetSize of job (KB)
...
006 (9701424.000.000) 05/01 23:38:04 Image size of job updated: 22767476
	22234  -  MemoryUsage of job (MB)
	22767476  -  ResidentSetSize of job (KB)
...
006 (9701424.000.000) 05/01 23:43:04 Image size of job updated: 22884064
	22348  -  MemoryUsage of job (MB)
	22884064  -  ResidentSetSize of job (KB)
...
006 (9701424.000.000) 05/01 23:48:04 Image size of job updated: 22897860
	22362  -  MemoryUsage of job (MB)
	22897860  -  ResidentSetSize of job (KB)
...
006 (9701424.000.000) 05/01 23:58:06 Image size of job updated: 23006748
	22468  -  MemoryUsage of job (MB)
	23006748  -  ResidentSetSize of job (KB)
...
006 (9701424.000.000) 05/02 00:03:06 Image size of job updated: 23127340
	22586  -  MemoryUsage of job (MB)
	23127340  -  ResidentSetSize of job (KB)
...
006 (9701424.000.000) 05/02 00:13:08 Image size of job updated: 23211476
	22668  -  MemoryUsage of job (MB)
	23211476  -  ResidentSetSize of job (KB)
...
006 (9701424.000.000) 05/02 00:18:08 Image size of job updated: 23331776
	22785  -  MemoryUsage of job (MB)
	23331776  -  ResidentSetSize of job (KB)
...
006 (9701424.000.000) 05/02 00:23:08 Image size of job updated: 23474716
	22925  -  MemoryUsage of job (MB)
	23474716  -  ResidentSetSize of job (KB)
...
006 (9701424.000.000) 05/02 00:28:09 Image size of job updated: 23511800
	22961  -  MemoryUsage of job (MB)
	23511800  -  ResidentSetSize of job (KB)
...
006 (9701424.000.000) 05/02 00:33:10 Image size of job updated: 23557404
	23006  -  MemoryUsage of job (MB)
	23557404  -  ResidentSetSize of job (KB)
...
006 (9701424.000.000) 05/02 00:43:11 Image size of job updated: 23628956
	23076  -  MemoryUsage of job (MB)
	23628956  -  ResidentSetSize of job (KB)
...
006 (9701424.000.000) 05/02 00:48:12 Image size of job updated: 23723192
	23168  -  MemoryUsage of job (MB)
	23723192  -  ResidentSetSize of job (KB)
...
006 (9701424.000.000) 05/02 00:53:12 Image size of job updated: 23813184
	23256  -  MemoryUsage of job (MB)
	23813184  -  ResidentSetSize of job (KB)
...
006 (9701424.000.000) 05/02 01:03:13 Image size of job updated: 23830556
	23273  -  MemoryUsage of job (MB)
	23830556  -  ResidentSetSize of job (KB)
...
006 (9701424.000.000) 05/02 01:08:13 Image size of job updated: 23950512
	23390  -  MemoryUsage of job (MB)
	23950512  -  ResidentSetSize of job (KB)
...
006 (9701424.000.000) 05/02 01:13:13 Image size of job updated: 24012640
	23450  -  MemoryUsage of job (MB)
	24012640  -  ResidentSetSize of job (KB)
...
006 (9701424.000.000) 05/02 01:23:15 Image size of job updated: 24055884
	23493  -  MemoryUsage of job (MB)
	24055884  -  ResidentSetSize of job (KB)
...
006 (9701424.000.000) 05/02 01:28:15 Image size of job updated: 24177596
	23611  -  MemoryUsage of job (MB)
	24177596  -  ResidentSetSize of job (KB)
...
006 (9701424.000.000) 05/02 01:33:16 Image size of job updated: 24214160
	23647  -  MemoryUsage of job (MB)
	24214160  -  ResidentSetSize of job (KB)
...
006 (9701424.000.000) 05/02 01:38:17 Image size of job updated: 24252448
	23685  -  MemoryUsage of job (MB)
	24252448  -  ResidentSetSize of job (KB)
...
006 (9701424.000.000) 05/02 01:43:17 Image size of job updated: 24307616
	23738  -  MemoryUsage of job (MB)
	24307616  -  ResidentSetSize of job (KB)
...
006 (9701424.000.000) 05/02 01:48:17 Image size of job updated: 24400808
	23829  -  MemoryUsage of job (MB)
	24400808  -  ResidentSetSize of job (KB)
...
006 (9701424.000.000) 05/02 01:58:18 Image size of job updated: 24478452
	23905  -  MemoryUsage of job (MB)
	24478452  -  ResidentSetSize of job (KB)
...
006 (9701424.000.000) 05/02 02:03:18 Image size of job updated: 24580860
	24005  -  MemoryUsage of job (MB)
	24580860  -  ResidentSetSize of job (KB)
...
006 (9701424.000.000) 05/02 02:08:19 Image size of job updated: 24671400
	24094  -  MemoryUsage of job (MB)
	24671400  -  ResidentSetSize of job (KB)
...
006 (9701424.000.000) 05/02 02:13:20 Image size of job updated: 24733284
	24154  -  MemoryUsage of job (MB)
	24733284  -  ResidentSetSize of job (KB)
...
006 (9701424.000.000) 05/02 02:18:20 Image size of job updated: 24795260
	24215  -  MemoryUsage of job (MB)
	24795260  -  ResidentSetSize of job (KB)
...
006 (9701424.000.000) 05/02 02:23:21 Image size of job updated: 24859748
	24278  -  MemoryUsage of job (MB)
	24859748  -  ResidentSetSize of job (KB)
...
006 (9701424.000.000) 05/02 02:28:22 Image size of job updated: 24960792
	24376  -  MemoryUsage of job (MB)
	24960792  -  ResidentSetSize of job (KB)
...
006 (9701424.000.000) 05/02 02:48:24 Image size of job updated: 24984500
	24399  -  MemoryUsage of job (MB)
	24984500  -  ResidentSetSize of job (KB)
...
006 (9701424.000.000) 05/02 02:53:24 Image size of job updated: 25106652
	24519  -  MemoryUsage of job (MB)
	25106652  -  ResidentSetSize of job (KB)
...
006 (9701424.000.000) 05/02 02:58:25 Image size of job updated: 25144044
	24555  -  MemoryUsage of job (MB)
	25144044  -  ResidentSetSize of job (KB)
...
006 (9701424.000.000) 05/02 03:03:26 Image size of job updated: 25182400
	24593  -  MemoryUsage of job (MB)
	25182400  -  ResidentSetSize of job (KB)
...
006 (9701424.000.000) 05/02 03:08:26 Image size of job updated: 25241140
	24650  -  MemoryUsage of job (MB)
	25241140  -  ResidentSetSize of job (KB)
...
006 (9701424.000.000) 05/02 03:13:27 Image size of job updated: 25281952
	24690  -  MemoryUsage of job (MB)
	25281952  -  ResidentSetSize of job (KB)
...
006 (9701424.000.000) 05/02 03:18:28 Image size of job updated: 25345184
	24752  -  MemoryUsage of job (MB)
	25345184  -  ResidentSetSize of job (KB)
...
006 (9701424.000.000) 05/02 03:23:28 Image size of job updated: 25386136
	24792  -  MemoryUsage of job (MB)
	25386136  -  ResidentSetSize of job (KB)
...
006 (9701424.000.000) 05/02 03:28:28 Image size of job updated: 25505200
	24908  -  MemoryUsage of job (MB)
	25505200  -  ResidentSetSize of job (KB)
...
006 (9701424.000.000) 05/02 03:33:29 Image size of job updated: 25545604
	24947  -  MemoryUsage of job (MB)
	25545604  -  ResidentSetSize of job (KB)
...
006 (9701424.000.000) 05/02 03:38:29 Image size of job updated: 25581996
	24983  -  MemoryUsage of job (MB)
	25581996  -  ResidentSetSize of job (KB)
...
006 (9701424.000.000) 05/02 03:43:29 Image size of job updated: 25638764
	25038  -  MemoryUsage of job (MB)
	25638764  -  ResidentSetSize of job (KB)
...
006 (9701424.000.000) 05/02 03:48:30 Image size of job updated: 25679160
	25078  -  MemoryUsage of job (MB)
	25679160  -  ResidentSetSize of job (KB)
...
006 (9701424.000.000) 05/02 03:53:31 Image size of job updated: 25744176
	25141  -  MemoryUsage of job (MB)
	25744176  -  ResidentSetSize of job (KB)
...
006 (9701424.000.000) 05/02 03:58:31 Image size of job updated: 25784956
	25181  -  MemoryUsage of job (MB)
	25784956  -  ResidentSetSize of job (KB)
...
006 (9701424.000.000) 05/02 04:03:32 Image size of job updated: 25874088
	25268  -  MemoryUsage of job (MB)
	25874088  -  ResidentSetSize of job (KB)
...
006 (9701424.000.000) 05/02 04:08:33 Image size of job updated: 25914980
	25308  -  MemoryUsage of job (MB)
	25914980  -  ResidentSetSize of job (KB)
...
006 (9701424.000.000) 05/02 04:23:34 Image size of job updated: 26014824
	25406  -  MemoryUsage of job (MB)
	26014824  -  ResidentSetSize of job (KB)
...
006 (9701424.000.000) 05/02 04:28:34 Image size of job updated: 26080804
	25470  -  MemoryUsage of job (MB)
	26080804  -  ResidentSetSize of job (KB)
...
006 (9701424.000.000) 05/02 04:33:34 Image size of job updated: 26188072
	25575  -  MemoryUsage of job (MB)
	26188072  -  ResidentSetSize of job (KB)
...
006 (9701424.000.000) 05/02 04:38:35 Image size of job updated: 26205224
	25592  -  MemoryUsage of job (MB)
	26205224  -  ResidentSetSize of job (KB)
...
006 (9701424.000.000) 05/02 04:48:36 Image size of job updated: 26301528
	25686  -  MemoryUsage of job (MB)
	26301528  -  ResidentSetSize of job (KB)
...
006 (9701424.000.000) 05/02 04:53:37 Image size of job updated: 26363040
	25746  -  MemoryUsage of job (MB)
	26363040  -  ResidentSetSize of job (KB)
...
006 (9701424.000.000) 05/02 04:58:38 Image size of job updated: 26458096
	25838  -  MemoryUsage of job (MB)
	26458096  -  ResidentSetSize of job (KB)
...
006 (9701424.000.000) 05/02 05:03:38 Image size of job updated: 26575260
	25953  -  MemoryUsage of job (MB)
	26575260  -  ResidentSetSize of job (KB)
...
006 (9701424.000.000) 05/02 05:08:38 Image size of job updated: 26667920
	26043  -  MemoryUsage of job (MB)
	26667920  -  ResidentSetSize of job (KB)
...
006 (9701424.000.000) 05/02 05:13:39 Image size of job updated: 26760484
	26134  -  MemoryUsage of job (MB)
	26760484  -  ResidentSetSize of job (KB)
...
006 (9701424.000.000) 05/02 05:18:39 Image size of job updated: 26827828
	26200  -  MemoryUsage of job (MB)
	26827828  -  ResidentSetSize of job (KB)
...
006 (9701424.000.000) 05/02 05:28:40 Image size of job updated: 26857368
	26228  -  MemoryUsage of job (MB)
	26857368  -  ResidentSetSize of job (KB)
...
006 (9701424.000.000) 05/02 05:33:41 Image size of job updated: 26918396
	26288  -  MemoryUsage of job (MB)
	26918396  -  ResidentSetSize of job (KB)
...
006 (9701424.000.000) 05/02 05:38:41 Image size of job updated: 27044452
	26411  -  MemoryUsage of job (MB)
	27044452  -  ResidentSetSize of job (KB)
...
006 (9701424.000.000) 05/02 05:43:42 Image size of job updated: 27052220
	26419  -  MemoryUsage of job (MB)
	27052220  -  ResidentSetSize of job (KB)
...
006 (9701424.000.000) 05/02 05:48:43 Image size of job updated: 27094076
	26460  -  MemoryUsage of job (MB)
	27094076  -  ResidentSetSize of job (KB)
...
006 (9701424.000.000) 05/02 05:53:43 Image size of job updated: 27214772
	26577  -  MemoryUsage of job (MB)
	27214772  -  ResidentSetSize of job (KB)
...
006 (9701424.000.000) 05/02 05:58:44 Image size of job updated: 27284084
	26645  -  MemoryUsage of job (MB)
	27284084  -  ResidentSetSize of job (KB)
...
006 (9701424.000.000) 05/02 06:03:45 Image size of job updated: 27325284
	26685  -  MemoryUsage of job (MB)
	27325284  -  ResidentSetSize of job (KB)
...
006 (9701424.000.000) 05/02 06:08:45 Image size of job updated: 27417616
	26776  -  MemoryUsage of job (MB)
	27417616  -  ResidentSetSize of job (KB)
...
006 (9701424.000.000) 05/02 06:13:45 Image size of job updated: 27535820
	26891  -  MemoryUsage of job (MB)
	27535820  -  ResidentSetSize of job (KB)
...
006 (9701424.000.000) 05/02 06:18:47 Image size of job updated: 27576956
	26931  -  MemoryUsage of job (MB)
	27576956  -  ResidentSetSize of job (KB)
...
006 (9701424.000.000) 05/02 06:23:47 Image size of job updated: 27585052
	26939  -  MemoryUsage of job (MB)
	27585052  -  ResidentSetSize of job (KB)
...
006 (9701424.000.000) 05/02 06:28:47 Image size of job updated: 27647760
	27000  -  MemoryUsage of job (MB)
	27647760  -  ResidentSetSize of job (KB)
...
006 (9701424.000.000) 05/02 06:33:49 Image size of job updated: 27688636
	27040  -  MemoryUsage of job (MB)
	27688636  -  ResidentSetSize of job (KB)
...
006 (9701424.000.000) 05/02 06:38:49 Image size of job updated: 27809264
	27158  -  MemoryUsage of job (MB)
	27809264  -  ResidentSetSize of job (KB)
...
006 (9701424.000.000) 05/02 06:43:49 Image size of job updated: 27873348
	27221  -  MemoryUsage of job (MB)
	27873348  -  ResidentSetSize of job (KB)
...
006 (9701424.000.000) 05/02 06:48:50 Image size of job updated: 27913660
	27260  -  MemoryUsage of job (MB)
	27913660  -  ResidentSetSize of job (KB)
...
006 (9701424.000.000) 05/02 06:53:51 Image size of job updated: 27925724
	27272  -  MemoryUsage of job (MB)
	27925724  -  ResidentSetSize of job (KB)
...
006 (9701424.000.000) 05/02 06:58:51 Image size of job updated: 28095100
	27437  -  MemoryUsage of job (MB)
	28095100  -  ResidentSetSize of job (KB)
...
006 (9701424.000.000) 05/02 07:03:52 Image size of job updated: 28136508
	27478  -  MemoryUsage of job (MB)
	28136508  -  ResidentSetSize of job (KB)
...
006 (9701424.000.000) 05/02 07:08:53 Image size of job updated: 28255180
	27593  -  MemoryUsage of job (MB)
	28255180  -  ResidentSetSize of job (KB)
...
006 (9701424.000.000) 05/02 07:18:53 Image size of job updated: 28306524
	27644  -  MemoryUsage of job (MB)
	28306524  -  ResidentSetSize of job (KB)
...
006 (9701424.000.000) 05/02 07:23:55 Image size of job updated: 28432156
	27766  -  MemoryUsage of job (MB)
	28432156  -  ResidentSetSize of job (KB)
...
006 (9701424.000.000) 05/02 07:28:55 Image size of job updated: 28478776
	27812  -  MemoryUsage of job (MB)
	28478776  -  ResidentSetSize of job (KB)
...
006 (9701424.000.000) 05/02 07:33:55 Image size of job updated: 28509928
	27842  -  MemoryUsage of job (MB)
	28509928  -  ResidentSetSize of job (KB)
...
006 (9701424.000.000) 05/02 07:38:56 Image size of job updated: 28612684
	27943  -  MemoryUsage of job (MB)
	28612684  -  ResidentSetSize of job (KB)
...
006 (9701424.000.000) 05/02 07:43:57 Image size of job updated: 28674700
	28003  -  MemoryUsage of job (MB)
	28674700  -  ResidentSetSize of job (KB)
...
006 (9701424.000.000) 05/02 07:48:57 Image size of job updated: 28799352
	28125  -  MemoryUsage of job (MB)
	28799352  -  ResidentSetSize of job (KB)
...
006 (9701424.000.000) 05/02 07:53:58 Image size of job updated: 28925368
	28248  -  MemoryUsage of job (MB)
	28925368  -  ResidentSetSize of job (KB)
...
006 (9701424.000.000) 05/02 07:58:59 Image size of job updated: 28971020
	28293  -  MemoryUsage of job (MB)
	28971020  -  ResidentSetSize of job (KB)
...
006 (9701424.000.000) 05/02 08:03:59 Image size of job updated: 29091836
	28410  -  MemoryUsage of job (MB)
	29091836  -  ResidentSetSize of job (KB)
...
006 (9701424.000.000) 05/02 08:09:00 Image size of job updated: 29133372
	28451  -  MemoryUsage of job (MB)
	29133372  -  ResidentSetSize of job (KB)
...
006 (9701424.000.000) 05/02 08:14:01 Image size of job updated: 29231436
	28547  -  MemoryUsage of job (MB)
	29231436  -  ResidentSetSize of job (KB)
...
006 (9701424.000.000) 05/02 08:19:01 Image size of job updated: 29279960
	28594  -  MemoryUsage of job (MB)
	29279960  -  ResidentSetSize of job (KB)
...
006 (9701424.000.000) 05/02 08:24:01 Image size of job updated: 29301544
	28615  -  MemoryUsage of job (MB)
	29301544  -  ResidentSetSize of job (KB)
...
006 (9701424.000.000) 05/02 08:29:02 Image size of job updated: 29426340
	28737  -  MemoryUsage of job (MB)
	29426340  -  ResidentSetSize of job (KB)
...
006 (9701424.000.000) 05/02 08:34:02 Image size of job updated: 29493460
	28803  -  MemoryUsage of job (MB)
	29493460  -  ResidentSetSize of job (KB)
...
006 (9701424.000.000) 05/02 08:39:02 Image size of job updated: 29587884
	28895  -  MemoryUsage of job (MB)
	29587884  -  ResidentSetSize of job (KB)
...
006 (9701424.000.000) 05/02 08:44:03 Image size of job updated: 29601408
	28908  -  MemoryUsage of job (MB)
	29601408  -  ResidentSetSize of job (KB)
...
006 (9701424.000.000) 05/02 08:49:04 Image size of job updated: 29752016
	29055  -  MemoryUsage of job (MB)
	29752016  -  ResidentSetSize of job (KB)
...
006 (9701424.000.000) 05/02 08:54:04 Image size of job updated: 29789264
	29092  -  MemoryUsage of job (MB)
	29789264  -  ResidentSetSize of job (KB)
...
006 (9701424.000.000) 05/02 08:59:05 Image size of job updated: 29917140
	29216  -  MemoryUsage of job (MB)
	29917140  -  ResidentSetSize of job (KB)
...
006 (9701424.000.000) 05/02 09:04:06 Image size of job updated: 30041160
	29338  -  MemoryUsage of job (MB)
	30041160  -  ResidentSetSize of job (KB)
...
006 (9701424.000.000) 05/02 09:09:06 Image size of job updated: 30070892
	29367  -  MemoryUsage of job (MB)
	30070892  -  ResidentSetSize of job (KB)
...
006 (9701424.000.000) 05/02 09:14:06 Image size of job updated: 30196036
	29489  -  MemoryUsage of job (MB)
	30196036  -  ResidentSetSize of job (KB)
...
006 (9701424.000.000) 05/02 09:19:07 Image size of job updated: 30237376
	29529  -  MemoryUsage of job (MB)
	30237376  -  ResidentSetSize of job (KB)
...
006 (9701424.000.000) 05/02 09:24:07 Image size of job updated: 30302436
	29593  -  MemoryUsage of job (MB)
	30302436  -  ResidentSetSize of job (KB)
...
006 (9701424.000.000) 05/02 09:29:07 Image size of job updated: 30335964
	29625  -  MemoryUsage of job (MB)
	30335964  -  ResidentSetSize of job (KB)
...
006 (9701424.000.000) 05/02 09:34:08 Image size of job updated: 30476372
	29763  -  MemoryUsage of job (MB)
	30476372  -  ResidentSetSize of job (KB)
...
006 (9701424.000.000) 05/02 09:39:09 Image size of job updated: 30514232
	29800  -  MemoryUsage of job (MB)
	30514232  -  ResidentSetSize of job (KB)
...
006 (9701424.000.000) 05/02 09:44:09 Image size of job updated: 30597316
	29881  -  MemoryUsage of job (MB)
	30597316  -  ResidentSetSize of job (KB)
...
006 (9701424.000.000) 05/02 09:49:10 Image size of job updated: 30660080
	29942  -  MemoryUsage of job (MB)
	30660080  -  ResidentSetSize of job (KB)
...
006 (9701424.000.000) 05/02 09:54:11 Image size of job updated: 30750860
	30031  -  MemoryUsage of job (MB)
	30750860  -  ResidentSetSize of job (KB)
...
006 (9701424.000.000) 05/02 09:59:11 Image size of job updated: 30796348
	30075  -  MemoryUsage of job (MB)
	30796348  -  ResidentSetSize of job (KB)
...
006 (9701424.000.000) 05/02 10:04:11 Image size of job updated: 30826804
	30105  -  MemoryUsage of job (MB)
	30826804  -  ResidentSetSize of job (KB)
...
006 (9701424.000.000) 05/02 10:09:12 Image size of job updated: 30917408
	30193  -  MemoryUsage of job (MB)
	30917408  -  ResidentSetSize of job (KB)
...
006 (9701424.000.000) 05/02 10:14:13 Image size of job updated: 30987408
	30262  -  MemoryUsage of job (MB)
	30987408  -  ResidentSetSize of job (KB)
...
006 (9701424.000.000) 05/02 10:19:13 Image size of job updated: 31025024
	30298  -  MemoryUsage of job (MB)
	31025024  -  ResidentSetSize of job (KB)
...
006 (9701424.000.000) 05/02 10:24:14 Image size of job updated: 31146572
	30417  -  MemoryUsage of job (MB)
	31146572  -  ResidentSetSize of job (KB)
...
006 (9701424.000.000) 05/02 10:39:15 Image size of job updated: 31180392
	30450  -  MemoryUsage of job (MB)
	31180392  -  ResidentSetSize of job (KB)
...
006 (9701424.000.000) 05/02 10:44:16 Image size of job updated: 31275796
	30543  -  MemoryUsage of job (MB)
	31275796  -  ResidentSetSize of job (KB)
...
006 (9701424.000.000) 05/02 10:49:17 Image size of job updated: 31398872
	30663  -  MemoryUsage of job (MB)
	31398872  -  ResidentSetSize of job (KB)
...
006 (9701424.000.000) 05/02 10:54:17 Image size of job updated: 31438788
	30702  -  MemoryUsage of job (MB)
	31438788  -  ResidentSetSize of job (KB)
...
006 (9701424.000.000) 05/02 10:59:17 Image size of job updated: 31558484
	30819  -  MemoryUsage of job (MB)
	31558484  -  ResidentSetSize of job (KB)
...
006 (9701424.000.000) 05/02 11:04:18 Image size of job updated: 31677132
	30935  -  MemoryUsage of job (MB)
	31677132  -  ResidentSetSize of job (KB)
...
006 (9701424.000.000) 05/02 11:09:18 Image size of job updated: 31765092
	31021  -  MemoryUsage of job (MB)
	31765092  -  ResidentSetSize of job (KB)
...
006 (9701424.000.000) 05/02 11:14:18 Image size of job updated: 31809528
	31064  -  MemoryUsage of job (MB)
	31809528  -  ResidentSetSize of job (KB)
...
006 (9701424.000.000) 05/02 11:19:19 Image size of job updated: 31921136
	31173  -  MemoryUsage of job (MB)
	31921136  -  ResidentSetSize of job (KB)
...
006 (9701424.000.000) 05/02 11:24:20 Image size of job updated: 31978424
	31229  -  MemoryUsage of job (MB)
	31978424  -  ResidentSetSize of job (KB)
...
006 (9701424.000.000) 05/02 11:29:20 Image size of job updated: 32023560
	31274  -  MemoryUsage of job (MB)
	32023560  -  ResidentSetSize of job (KB)
...
006 (9701424.000.000) 05/02 11:34:20 Image size of job updated: 32083756
	31332  -  MemoryUsage of job (MB)
	32083756  -  ResidentSetSize of job (KB)
...
006 (9701424.000.000) 05/02 11:39:21 Image size of job updated: 32120488
	31368  -  MemoryUsage of job (MB)
	32120488  -  ResidentSetSize of job (KB)
...
006 (9701424.000.000) 05/02 11:44:22 Image size of job updated: 32157768
	31405  -  MemoryUsage of job (MB)
	32157768  -  ResidentSetSize of job (KB)
...
006 (9701424.000.000) 05/02 11:49:22 Image size of job updated: 32200800
	31447  -  MemoryUsage of job (MB)
	32200800  -  ResidentSetSize of job (KB)
...
006 (9701424.000.000) 05/02 11:54:22 Image size of job updated: 32283224
	31527  -  MemoryUsage of job (MB)
	32283224  -  ResidentSetSize of job (KB)
...
006 (9701424.000.000) 05/02 11:59:23 Image size of job updated: 32394056
	31635  -  MemoryUsage of job (MB)
	32394056  -  ResidentSetSize of job (KB)
...
006 (9701424.000.000) 05/02 12:04:24 Image size of job updated: 32435652
	31676  -  MemoryUsage of job (MB)
	32435652  -  ResidentSetSize of job (KB)
...
006 (9701424.000.000) 05/02 12:09:24 Image size of job updated: 32497028
	31736  -  MemoryUsage of job (MB)
	32497028  -  ResidentSetSize of job (KB)
...
006 (9701424.000.000) 05/02 12:14:25 Image size of job updated: 32504640
	31743  -  MemoryUsage of job (MB)
	32504640  -  ResidentSetSize of job (KB)
...
006 (9701424.000.000) 05/02 12:19:26 Image size of job updated: 32540352
	31778  -  MemoryUsage of job (MB)
	32540352  -  ResidentSetSize of job (KB)
...
006 (9701424.000.000) 05/02 12:24:26 Image size of job updated: 32540852
	31779  -  MemoryUsage of job (MB)
	32540852  -  ResidentSetSize of job (KB)
...
006 (9701424.000.000) 05/02 12:34:27 Image size of job updated: 32703864
	31938  -  MemoryUsage of job (MB)
	32703864  -  ResidentSetSize of job (KB)
...
006 (9701424.000.000) 05/02 12:39:28 Image size of job updated: 32746156
	31979  -  MemoryUsage of job (MB)
	32746156  -  ResidentSetSize of job (KB)
...
006 (9701424.000.000) 05/02 12:44:28 Image size of job updated: 32809340
	32041  -  MemoryUsage of job (MB)
	32809340  -  ResidentSetSize of job (KB)
...
006 (9701424.000.000) 05/02 12:49:29 Image size of job updated: 32846096
	32077  -  MemoryUsage of job (MB)
	32846096  -  ResidentSetSize of job (KB)
...
006 (9701424.000.000) 05/02 12:54:30 Image size of job updated: 32909016
	32138  -  MemoryUsage of job (MB)
	32909016  -  ResidentSetSize of job (KB)
...
006 (9701424.000.000) 05/02 12:59:30 Image size of job updated: 32965252
	32193  -  MemoryUsage of job (MB)
	32965252  -  ResidentSetSize of job (KB)
...
006 (9701424.000.000) 05/02 13:04:30 Image size of job updated: 33001228
	32228  -  MemoryUsage of job (MB)
	33001228  -  ResidentSetSize of job (KB)
...
006 (9701424.000.000) 05/02 13:09:31 Image size of job updated: 33118792
	32343  -  MemoryUsage of job (MB)
	33118792  -  ResidentSetSize of job (KB)
...
006 (9701424.000.000) 05/02 13:14:32 Image size of job updated: 33214832
	32437  -  MemoryUsage of job (MB)
	33214832  -  ResidentSetSize of job (KB)
...
006 (9701424.000.000) 05/02 13:19:32 Image size of job updated: 33239228
	32461  -  MemoryUsage of job (MB)
	33239228  -  ResidentSetSize of job (KB)
...
006 (9701424.000.000) 05/02 13:24:33 Image size of job updated: 33299844
	32520  -  MemoryUsage of job (MB)
	33299844  -  ResidentSetSize of job (KB)
...
006 (9701424.000.000) 05/02 13:29:34 Image size of job updated: 33355124
	32574  -  MemoryUsage of job (MB)
	33355124  -  ResidentSetSize of job (KB)
...
006 (9701424.000.000) 05/02 13:34:34 Image size of job updated: 33394432
	32612  -  MemoryUsage of job (MB)
	33394432  -  ResidentSetSize of job (KB)
...
006 (9701424.000.000) 05/02 13:39:34 Image size of job updated: 33430368
	32647  -  MemoryUsage of job (MB)
	33430368  -  ResidentSetSize of job (KB)
...
006 (9701424.000.000) 05/02 13:44:35 Image size of job updated: 33545668
	32760  -  MemoryUsage of job (MB)
	33545668  -  ResidentSetSize of job (KB)
...
006 (9701424.000.000) 05/02 13:49:36 Image size of job updated: 33568320
	32782  -  MemoryUsage of job (MB)
	33568320  -  ResidentSetSize of job (KB)
...
006 (9701424.000.000) 05/02 13:54:36 Image size of job updated: 33568500
	32782  -  MemoryUsage of job (MB)
	33568500  -  ResidentSetSize of job (KB)
...
006 (9701424.000.000) 05/02 14:04:38 Image size of job updated: 33574148
	32788  -  MemoryUsage of job (MB)
	33574148  -  ResidentSetSize of job (KB)
...
006 (9701424.000.000) 05/02 14:09:38 Image size of job updated: 33640612
	32853  -  MemoryUsage of job (MB)
	33640612  -  ResidentSetSize of job (KB)
...
006 (9701424.000.000) 05/02 14:14:38 Image size of job updated: 33741484
	32951  -  MemoryUsage of job (MB)
	33741484  -  ResidentSetSize of job (KB)
...
006 (9701424.000.000) 05/02 14:19:39 Image size of job updated: 33798104
	33006  -  MemoryUsage of job (MB)
	33798104  -  ResidentSetSize of job (KB)
...
006 (9701424.000.000) 05/02 14:24:39 Image size of job updated: 33903332
	33109  -  MemoryUsage of job (MB)
	33903332  -  ResidentSetSize of job (KB)
...
006 (9701424.000.000) 05/02 14:29:39 Image size of job updated: 33943852
	33149  -  MemoryUsage of job (MB)
	33943852  -  ResidentSetSize of job (KB)
...
006 (9701424.000.000) 05/02 14:34:40 Image size of job updated: 33985412
	33189  -  MemoryUsage of job (MB)
	33985412  -  ResidentSetSize of job (KB)
...
006 (9701424.000.000) 05/02 14:39:41 Image size of job updated: 34025180
	33228  -  MemoryUsage of job (MB)
	34025180  -  ResidentSetSize of job (KB)
...
006 (9701424.000.000) 05/02 14:44:41 Image size of job updated: 34065508
	33268  -  MemoryUsage of job (MB)
	34065508  -  ResidentSetSize of job (KB)
...
006 (9701424.000.000) 05/02 14:54:43 Image size of job updated: 34083012
	33285  -  MemoryUsage of job (MB)
	34083012  -  ResidentSetSize of job (KB)
...
006 (9701424.000.000) 05/02 14:59:43 Image size of job updated: 34127536
	33328  -  MemoryUsage of job (MB)
	34127536  -  ResidentSetSize of job (KB)
...
006 (9701424.000.000) 05/02 15:04:44 Image size of job updated: 34172316
	33372  -  MemoryUsage of job (MB)
	34172316  -  ResidentSetSize of job (KB)
...
006 (9701424.000.000) 05/02 15:09:45 Image size of job updated: 34231440
	33430  -  MemoryUsage of job (MB)
	34231440  -  ResidentSetSize of job (KB)
...
006 (9701424.000.000) 05/02 15:14:45 Image size of job updated: 34335992
	33532  -  MemoryUsage of job (MB)
	34335992  -  ResidentSetSize of job (KB)
...
006 (9701424.000.000) 05/02 15:19:45 Image size of job updated: 34377356
	33572  -  MemoryUsage of job (MB)
	34377356  -  ResidentSetSize of job (KB)
...
006 (9701424.000.000) 05/02 15:24:46 Image size of job updated: 34528056
	33719  -  MemoryUsage of job (MB)
	34528056  -  ResidentSetSize of job (KB)
...
006 (9701424.000.000) 05/02 15:29:47 Image size of job updated: 34574160
	33764  -  MemoryUsage of job (MB)
	34574160  -  ResidentSetSize of job (KB)
...
006 (9701424.000.000) 05/02 15:34:47 Image size of job updated: 34613928
	33803  -  MemoryUsage of job (MB)
	34613928  -  ResidentSetSize of job (KB)
...
006 (9701424.000.000) 05/02 15:39:48 Image size of job updated: 35477424
	34646  -  MemoryUsage of job (MB)
	35477424  -  ResidentSetSize of job (KB)
...
006 (9701424.000.000) 05/02 15:44:49 Image size of job updated: 35517976
	34686  -  MemoryUsage of job (MB)
	35517976  -  ResidentSetSize of job (KB)
...
006 (9701424.000.000) 05/02 15:49:49 Image size of job updated: 35576296
	34743  -  MemoryUsage of job (MB)
	35576296  -  ResidentSetSize of job (KB)
...
006 (9701424.000.000) 05/02 15:54:49 Image size of job updated: 35616904
	34783  -  MemoryUsage of job (MB)
	35616904  -  ResidentSetSize of job (KB)
...
006 (9701424.000.000) 05/02 15:59:50 Image size of job updated: 35657016
	34822  -  MemoryUsage of job (MB)
	35657016  -  ResidentSetSize of job (KB)
...
006 (9701424.000.000) 05/02 16:04:50 Image size of job updated: 35689352
	34853  -  MemoryUsage of job (MB)
	35689352  -  ResidentSetSize of job (KB)
...
006 (9701424.000.000) 05/02 16:09:50 Image size of job updated: 35730548
	34894  -  MemoryUsage of job (MB)
	35730548  -  ResidentSetSize of job (KB)
...
006 (9701424.000.000) 05/02 16:19:52 Image size of job updated: 35734212
	34897  -  MemoryUsage of job (MB)
	35734212  -  ResidentSetSize of job (KB)
...
006 (9701424.000.000) 05/02 16:24:52 Image size of job updated: 35793912
	34955  -  MemoryUsage of job (MB)
	35793912  -  ResidentSetSize of job (KB)
...
006 (9701424.000.000) 05/02 16:34:53 Image size of job updated: 35795584
	34957  -  MemoryUsage of job (MB)
	35795584  -  ResidentSetSize of job (KB)
...
006 (9701424.000.000) 05/02 16:39:53 Image size of job updated: 35808684
	34970  -  MemoryUsage of job (MB)
	35808684  -  ResidentSetSize of job (KB)
...
006 (9701424.000.000) 05/02 16:44:53 Image size of job updated: 35903832
	35063  -  MemoryUsage of job (MB)
	35903832  -  ResidentSetSize of job (KB)
...
006 (9701424.000.000) 05/02 16:49:54 Image size of job updated: 35946076
	35104  -  MemoryUsage of job (MB)
	35946076  -  ResidentSetSize of job (KB)
...
006 (9701424.000.000) 05/02 16:54:55 Image size of job updated: 36003036
	35160  -  MemoryUsage of job (MB)
	36003036  -  ResidentSetSize of job (KB)
...
006 (9701424.000.000) 05/02 16:59:55 Image size of job updated: 36043316
	35199  -  MemoryUsage of job (MB)
	36043316  -  ResidentSetSize of job (KB)
...
006 (9701424.000.000) 05/02 17:04:55 Image size of job updated: 36095728
	35250  -  MemoryUsage of job (MB)
	36095728  -  ResidentSetSize of job (KB)
...
006 (9701424.000.000) 05/02 17:09:56 Image size of job updated: 36209388
	35361  -  MemoryUsage of job (MB)
	36209388  -  ResidentSetSize of job (KB)
...
006 (9701424.000.000) 05/02 17:14:56 Image size of job updated: 36250520
	35401  -  MemoryUsage of job (MB)
	36250520  -  ResidentSetSize of job (KB)
...
006 (9701424.000.000) 05/02 17:19:56 Image size of job updated: 36344224
	35493  -  MemoryUsage of job (MB)
	36344224  -  ResidentSetSize of job (KB)
...
006 (9701424.000.000) 05/02 17:24:57 Image size of job updated: 36384732
	35532  -  MemoryUsage of job (MB)
	36384732  -  ResidentSetSize of job (KB)
...
006 (9701424.000.000) 05/02 17:29:58 Image size of job updated: 36431292
	35578  -  MemoryUsage of job (MB)
	36431292  -  ResidentSetSize of job (KB)
...
006 (9701424.000.000) 05/02 17:34:58 Image size of job updated: 36483232
	35629  -  MemoryUsage of job (MB)
	36483232  -  ResidentSetSize of job (KB)
...
006 (9701424.000.000) 05/02 17:39:59 Image size of job updated: 36522416
	35667  -  MemoryUsage of job (MB)
	36522416  -  ResidentSetSize of job (KB)
...
006 (9701424.000.000) 05/02 17:45:00 Image size of job updated: 36574412
	35718  -  MemoryUsage of job (MB)
	36574412  -  ResidentSetSize of job (KB)
...
006 (9701424.000.000) 05/02 17:50:00 Image size of job updated: 36637948
	35780  -  MemoryUsage of job (MB)
	36637948  -  ResidentSetSize of job (KB)
...
006 (9701424.000.000) 05/02 17:55:01 Image size of job updated: 36676088
	35817  -  MemoryUsage of job (MB)
	36676088  -  ResidentSetSize of job (KB)
...
006 (9701424.000.000) 05/02 18:00:02 Image size of job updated: 36736524
	35876  -  MemoryUsage of job (MB)
	36736524  -  ResidentSetSize of job (KB)
...
006 (9701424.000.000) 05/02 18:05:02 Image size of job updated: 36749492
	35889  -  MemoryUsage of job (MB)
	36749492  -  ResidentSetSize of job (KB)
...
006 (9701424.000.000) 05/02 18:10:02 Image size of job updated: 36808240
	35946  -  MemoryUsage of job (MB)
	36808240  -  ResidentSetSize of job (KB)
...
006 (9701424.000.000) 05/02 18:15:03 Image size of job updated: 36912112
	36047  -  MemoryUsage of job (MB)
	36912112  -  ResidentSetSize of job (KB)
...
006 (9701424.000.000) 05/02 18:20:04 Image size of job updated: 36952648
	36087  -  MemoryUsage of job (MB)
	36952648  -  ResidentSetSize of job (KB)
...
006 (9701424.000.000) 05/02 18:25:04 Image size of job updated: 36994028
	36127  -  MemoryUsage of job (MB)
	36994028  -  ResidentSetSize of job (KB)
...
006 (9701424.000.000) 05/02 18:30:04 Image size of job updated: 37023148
	36156  -  MemoryUsage of job (MB)
	37023148  -  ResidentSetSize of job (KB)
...
006 (9701424.000.000) 05/02 18:35:05 Image size of job updated: 37063088
	36195  -  MemoryUsage of job (MB)
	37063088  -  ResidentSetSize of job (KB)
...
006 (9701424.000.000) 05/02 18:40:05 Image size of job updated: 37103540
	36234  -  MemoryUsage of job (MB)
	37103540  -  ResidentSetSize of job (KB)
...
006 (9701424.000.000) 05/02 18:45:05 Image size of job updated: 37171796
	36301  -  MemoryUsage of job (MB)
	37171796  -  ResidentSetSize of job (KB)
...
006 (9701424.000.000) 05/02 18:50:07 Image size of job updated: 37212280
	36341  -  MemoryUsage of job (MB)
	37212280  -  ResidentSetSize of job (KB)
...
006 (9701424.000.000) 05/02 18:55:07 Image size of job updated: 37252444
	36380  -  MemoryUsage of job (MB)
	37252444  -  ResidentSetSize of job (KB)
...
006 (9701424.000.000) 05/02 19:00:07 Image size of job updated: 37337152
	36463  -  MemoryUsage of job (MB)
	37337152  -  ResidentSetSize of job (KB)
...
006 (9701424.000.000) 05/02 19:05:08 Image size of job updated: 37377744
	36502  -  MemoryUsage of job (MB)
	37377744  -  ResidentSetSize of job (KB)
...
006 (9701424.000.000) 05/02 19:10:09 Image size of job updated: 37418080
	36542  -  MemoryUsage of job (MB)
	37418080  -  ResidentSetSize of job (KB)
...
006 (9701424.000.000) 05/02 19:15:09 Image size of job updated: 37487116
	36609  -  MemoryUsage of job (MB)
	37487116  -  ResidentSetSize of job (KB)
...
006 (9701424.000.000) 05/02 19:20:09 Image size of job updated: 37526576
	36648  -  MemoryUsage of job (MB)
	37526576  -  ResidentSetSize of job (KB)
...
006 (9701424.000.000) 05/02 19:25:10 Image size of job updated: 37567740
	36688  -  MemoryUsage of job (MB)
	37567740  -  ResidentSetSize of job (KB)
...
040 (9701424.000.000) 05/02 19:27:08 Started transferring output files
...
040 (9701424.000.000) 05/02 19:28:21 Finished transferring output files
...
007 (9701424.000.000) 05/02 19:28:21 Shadow exception!
	Error from slot1_17@b9g19p8217.cern.ch: STARTER at 128.142.137.71 failed to send file(s) to <137.138.156.150:9618>: |Error: sending file /pool/condor/dir_3532895/_condor_stdout: max total download bytes exceeded (max=1024 MB, this file=1058 MB); SHADOW failed to receive file(s) from <128.142.137.71:43515>
	1073741824  -  Run Bytes Sent By Job
	211  -  Run Bytes Received By Job
...
012 (9701424.000.000) 05/02 19:28:21 Job was held.
	Error from slot1_17@b9g19p8217.cern.ch: STARTER at 128.142.137.71 failed to send file(s) to <137.138.156.150:9618>: |Error: sending file /pool/condor/dir_3532895/_condor_stdout: max total download bytes exceeded (max=1024 MB, this file=1058 MB); SHADOW failed to receive file(s) from <128.142.137.71:43515>
	Code 33 Subcode 0
...
009 (9701424.000.000) 05/02 19:30:11 Job was aborted.
	Job removed by SYSTEM_PERIODIC_REMOVE due to Job attempted to transfer out more than 1GB of data.

	Job terminated by itself at 2024-05-02T17:27:08Z (using method 0: OF_ITS_OWN_ACCORD).
...
