000 (9701434.000.000) 04/30 14:24:21 Job submitted from host: <137.138.156.150:9618?addrs=137.138.156.150-9618+[2001-1458-d00-14--9a]-9618&alias=bigbird13.cern.ch&noUDP&sock=schedd_2138_1192>
...
040 (9701434.000.000) 04/30 14:24:31 Started transferring input files
	Transferring to host: <128.142.192.160:9618?addrs=128.142.192.160-9618+[2001-1458-301-56--100-1c]-9618&alias=b9g18p7324.cern.ch&noUDP&sock=slot1_25_4115_23c0_28066>
...
040 (9701434.000.000) 04/30 14:24:31 Finished transferring input files
...
001 (9701434.000.000) 04/30 14:24:32 Job executing on host: <128.142.192.160:9618?addrs=128.142.192.160-9618+[2001-1458-301-56--100-1c]-9618&alias=b9g18p7324.cern.ch&noUDP&sock=startd_3784_1675>
...
006 (9701434.000.000) 04/30 14:24:41 Image size of job updated: 7640
	8  -  MemoryUsage of job (MB)
	7452  -  ResidentSetSize of job (KB)
...
006 (9701434.000.000) 04/30 14:29:42 Image size of job updated: 152028
	149  -  MemoryUsage of job (MB)
	151840  -  ResidentSetSize of job (KB)
...
006 (9701434.000.000) 04/30 14:34:43 Image size of job updated: 310044
	303  -  MemoryUsage of job (MB)
	309788  -  ResidentSetSize of job (KB)
...
006 (9701434.000.000) 04/30 14:39:43 Image size of job updated: 428296
	419  -  MemoryUsage of job (MB)
	428232  -  ResidentSetSize of job (KB)
...
006 (9701434.000.000) 04/30 14:44:43 Image size of job updated: 2220036
	2167  -  MemoryUsage of job (MB)
	2218484  -  ResidentSetSize of job (KB)
...
006 (9701434.000.000) 04/30 14:49:44 Image size of job updated: 2261080
	2167  -  MemoryUsage of job (MB)
	2218484  -  ResidentSetSize of job (KB)
...
006 (9701434.000.000) 04/30 15:09:46 Image size of job updated: 2324088
	2269  -  MemoryUsage of job (MB)
	2323136  -  ResidentSetSize of job (KB)
...
006 (9701434.000.000) 04/30 15:14:46 Image size of job updated: 2369132
	2313  -  MemoryUsage of job (MB)
	2368364  -  ResidentSetSize of job (KB)
...
006 (9701434.000.000) 04/30 15:19:47 Image size of job updated: 2493968
	2435  -  MemoryUsage of job (MB)
	2492884  -  ResidentSetSize of job (KB)
...
006 (9701434.000.000) 04/30 15:24:48 Image size of job updated: 2532016
	2472  -  MemoryUsage of job (MB)
	2531300  -  ResidentSetSize of job (KB)
...
006 (9701434.000.000) 04/30 15:29:48 Image size of job updated: 2575428
	2513  -  MemoryUsage of job (MB)
	2573028  -  ResidentSetSize of job (KB)
...
006 (9701434.000.000) 04/30 15:34:48 Image size of job updated: 2704516
	2641  -  MemoryUsage of job (MB)
	2703520  -  ResidentSetSize of job (KB)
...
006 (9701434.000.000) 04/30 15:39:49 Image size of job updated: 2773264
	2706  -  MemoryUsage of job (MB)
	2770660  -  ResidentSetSize of job (KB)
...
006 (9701434.000.000) 04/30 15:44:49 Image size of job updated: 2904044
	2835  -  MemoryUsage of job (MB)
	2902208  -  ResidentSetSize of job (KB)
...
006 (9701434.000.000) 04/30 15:49:49 Image size of job updated: 2966848
	2897  -  MemoryUsage of job (MB)
	2966200  -  ResidentSetSize of job (KB)
...
006 (9701434.000.000) 04/30 15:54:50 Image size of job updated: 3062188
	2990  -  MemoryUsage of job (MB)
	3061436  -  ResidentSetSize of job (KB)
...
006 (9701434.000.000) 04/30 15:59:51 Image size of job updated: 3106984
	3033  -  MemoryUsage of job (MB)
	3105388  -  ResidentSetSize of job (KB)
...
006 (9701434.000.000) 04/30 16:04:51 Image size of job updated: 3145800
	3041  -  MemoryUsage of job (MB)
	3112980  -  ResidentSetSize of job (KB)
...
006 (9701434.000.000) 04/30 16:09:52 Image size of job updated: 3269736
	3193  -  MemoryUsage of job (MB)
	3269148  -  ResidentSetSize of job (KB)
...
006 (9701434.000.000) 04/30 16:14:53 Image size of job updated: 3312520
	3235  -  MemoryUsage of job (MB)
	3312268  -  ResidentSetSize of job (KB)
...
006 (9701434.000.000) 04/30 16:19:53 Image size of job updated: 3344396
	3246  -  MemoryUsage of job (MB)
	3323728  -  ResidentSetSize of job (KB)
...
006 (9701434.000.000) 04/30 16:24:54 Image size of job updated: 3391504
	3286  -  MemoryUsage of job (MB)
	3364584  -  ResidentSetSize of job (KB)
...
006 (9701434.000.000) 04/30 16:29:55 Image size of job updated: 3406732
	3326  -  MemoryUsage of job (MB)
	3405124  -  ResidentSetSize of job (KB)
...
006 (9701434.000.000) 04/30 16:34:55 Image size of job updated: 3555264
	3472  -  MemoryUsage of job (MB)
	3554672  -  ResidentSetSize of job (KB)
...
006 (9701434.000.000) 04/30 16:39:55 Image size of job updated: 3562764
	3472  -  MemoryUsage of job (MB)
	3554672  -  ResidentSetSize of job (KB)
...
006 (9701434.000.000) 04/30 16:44:56 Image size of job updated: 3648600
	3563  -  MemoryUsage of job (MB)
	3648296  -  ResidentSetSize of job (KB)
...
006 (9701434.000.000) 04/30 16:49:56 Image size of job updated: 3685664
	3599  -  MemoryUsage of job (MB)
	3685184  -  ResidentSetSize of job (KB)
...
006 (9701434.000.000) 04/30 16:54:56 Image size of job updated: 3746880
	3658  -  MemoryUsage of job (MB)
	3745580  -  ResidentSetSize of job (KB)
...
006 (9701434.000.000) 04/30 16:59:57 Image size of job updated: 3781124
	3692  -  MemoryUsage of job (MB)
	3780016  -  ResidentSetSize of job (KB)
...
006 (9701434.000.000) 04/30 17:04:58 Image size of job updated: 3834572
	3745  -  MemoryUsage of job (MB)
	3833908  -  ResidentSetSize of job (KB)
...
006 (9701434.000.000) 04/30 17:09:58 Image size of job updated: 3866224
	3776  -  MemoryUsage of job (MB)
	3865956  -  ResidentSetSize of job (KB)
...
006 (9701434.000.000) 04/30 17:14:59 Image size of job updated: 3929224
	3835  -  MemoryUsage of job (MB)
	3926436  -  ResidentSetSize of job (KB)
...
006 (9701434.000.000) 04/30 17:20:00 Image size of job updated: 3963736
	3871  -  MemoryUsage of job (MB)
	3963516  -  ResidentSetSize of job (KB)
...
006 (9701434.000.000) 04/30 17:25:00 Image size of job updated: 4023604
	3929  -  MemoryUsage of job (MB)
	4022704  -  ResidentSetSize of job (KB)
...
006 (9701434.000.000) 04/30 17:30:00 Image size of job updated: 4063160
	3968  -  MemoryUsage of job (MB)
	4062280  -  ResidentSetSize of job (KB)
...
006 (9701434.000.000) 04/30 17:35:01 Image size of job updated: 4147900
	4051  -  MemoryUsage of job (MB)
	4147244  -  ResidentSetSize of job (KB)
...
006 (9701434.000.000) 04/30 17:40:01 Image size of job updated: 4251328
	4131  -  MemoryUsage of job (MB)
	4229232  -  ResidentSetSize of job (KB)
...
006 (9701434.000.000) 04/30 17:45:01 Image size of job updated: 4381464
	4279  -  MemoryUsage of job (MB)
	4380740  -  ResidentSetSize of job (KB)
...
006 (9701434.000.000) 04/30 17:50:02 Image size of job updated: 4408468
	4287  -  MemoryUsage of job (MB)
	4389000  -  ResidentSetSize of job (KB)
...
006 (9701434.000.000) 04/30 17:55:03 Image size of job updated: 4429720
	4326  -  MemoryUsage of job (MB)
	4429432  -  ResidentSetSize of job (KB)
...
006 (9701434.000.000) 04/30 18:00:03 Image size of job updated: 4464408
	4360  -  MemoryUsage of job (MB)
	4464000  -  ResidentSetSize of job (KB)
...
006 (9701434.000.000) 04/30 18:05:04 Image size of job updated: 4504164
	4360  -  MemoryUsage of job (MB)
	4464000  -  ResidentSetSize of job (KB)
...
006 (9701434.000.000) 04/30 18:10:05 Image size of job updated: 4581040
	4473  -  MemoryUsage of job (MB)
	4580308  -  ResidentSetSize of job (KB)
...
006 (9701434.000.000) 04/30 18:15:05 Image size of job updated: 4645440
	4535  -  MemoryUsage of job (MB)
	4643268  -  ResidentSetSize of job (KB)
...
006 (9701434.000.000) 04/30 18:20:06 Image size of job updated: 4685552
	4575  -  MemoryUsage of job (MB)
	4684752  -  ResidentSetSize of job (KB)
...
006 (9701434.000.000) 04/30 18:25:07 Image size of job updated: 4719284
	4608  -  MemoryUsage of job (MB)
	4718452  -  ResidentSetSize of job (KB)
...
006 (9701434.000.000) 04/30 18:30:07 Image size of job updated: 4841888
	4650  -  MemoryUsage of job (MB)
	4761336  -  ResidentSetSize of job (KB)
...
006 (9701434.000.000) 04/30 18:40:08 Image size of job updated: 4841888
	4718  -  MemoryUsage of job (MB)
	4830968  -  ResidentSetSize of job (KB)
...
006 (9701434.000.000) 04/30 18:45:09 Image size of job updated: 4887292
	4772  -  MemoryUsage of job (MB)
	4886032  -  ResidentSetSize of job (KB)
...
006 (9701434.000.000) 04/30 18:50:09 Image size of job updated: 5028268
	4910  -  MemoryUsage of job (MB)
	5027768  -  ResidentSetSize of job (KB)
...
006 (9701434.000.000) 04/30 18:55:10 Image size of job updated: 5059444
	4936  -  MemoryUsage of job (MB)
	5053484  -  ResidentSetSize of job (KB)
...
006 (9701434.000.000) 04/30 19:00:11 Image size of job updated: 5059444
	4938  -  MemoryUsage of job (MB)
	5055804  -  ResidentSetSize of job (KB)
...
006 (9701434.000.000) 04/30 19:05:11 Image size of job updated: 5073152
	4952  -  MemoryUsage of job (MB)
	5070308  -  ResidentSetSize of job (KB)
...
006 (9701434.000.000) 04/30 19:10:12 Image size of job updated: 5112676
	4952  -  MemoryUsage of job (MB)
	5070308  -  ResidentSetSize of job (KB)
...
006 (9701434.000.000) 04/30 19:15:13 Image size of job updated: 5191976
	5070  -  MemoryUsage of job (MB)
	5190816  -  ResidentSetSize of job (KB)
...
006 (9701434.000.000) 04/30 19:20:13 Image size of job updated: 5249352
	5126  -  MemoryUsage of job (MB)
	5248340  -  ResidentSetSize of job (KB)
...
006 (9701434.000.000) 04/30 19:25:13 Image size of job updated: 5355704
	5230  -  MemoryUsage of job (MB)
	5354764  -  ResidentSetSize of job (KB)
...
006 (9701434.000.000) 04/30 19:30:14 Image size of job updated: 5386296
	5259  -  MemoryUsage of job (MB)
	5385136  -  ResidentSetSize of job (KB)
...
006 (9701434.000.000) 04/30 19:35:14 Image size of job updated: 5393508
	5259  -  MemoryUsage of job (MB)
	5385136  -  ResidentSetSize of job (KB)
...
006 (9701434.000.000) 04/30 19:40:14 Image size of job updated: 5427380
	5300  -  MemoryUsage of job (MB)
	5426392  -  ResidentSetSize of job (KB)
...
006 (9701434.000.000) 04/30 19:45:15 Image size of job updated: 5427900
	5300  -  MemoryUsage of job (MB)
	5426392  -  ResidentSetSize of job (KB)
...
006 (9701434.000.000) 04/30 19:50:16 Image size of job updated: 5472184
	5343  -  MemoryUsage of job (MB)
	5470884  -  ResidentSetSize of job (KB)
...
006 (9701434.000.000) 04/30 19:55:16 Image size of job updated: 5491524
	5343  -  MemoryUsage of job (MB)
	5470884  -  ResidentSetSize of job (KB)
...
006 (9701434.000.000) 04/30 20:05:18 Image size of job updated: 5587936
	5456  -  MemoryUsage of job (MB)
	5586812  -  ResidentSetSize of job (KB)
...
006 (9701434.000.000) 04/30 20:10:18 Image size of job updated: 5651296
	5461  -  MemoryUsage of job (MB)
	5592040  -  ResidentSetSize of job (KB)
...
006 (9701434.000.000) 04/30 20:15:18 Image size of job updated: 5721884
	5587  -  MemoryUsage of job (MB)
	5720288  -  ResidentSetSize of job (KB)
...
006 (9701434.000.000) 04/30 20:20:19 Image size of job updated: 5761400
	5587  -  MemoryUsage of job (MB)
	5720288  -  ResidentSetSize of job (KB)
...
006 (9701434.000.000) 04/30 20:30:19 Image size of job updated: 5905492
	5685  -  MemoryUsage of job (MB)
	5820972  -  ResidentSetSize of job (KB)
...
006 (9701434.000.000) 04/30 20:35:20 Image size of job updated: 5922752
	5784  -  MemoryUsage of job (MB)
	5922748  -  ResidentSetSize of job (KB)
...
006 (9701434.000.000) 04/30 20:40:21 Image size of job updated: 5982296
	5842  -  MemoryUsage of job (MB)
	5981572  -  ResidentSetSize of job (KB)
...
006 (9701434.000.000) 04/30 20:45:21 Image size of job updated: 6087916
	5943  -  MemoryUsage of job (MB)
	6085360  -  ResidentSetSize of job (KB)
...
006 (9701434.000.000) 04/30 20:50:22 Image size of job updated: 6126336
	5983  -  MemoryUsage of job (MB)
	6125664  -  ResidentSetSize of job (KB)
...
006 (9701434.000.000) 04/30 20:55:23 Image size of job updated: 6166056
	6021  -  MemoryUsage of job (MB)
	6165308  -  ResidentSetSize of job (KB)
...
006 (9701434.000.000) 04/30 21:00:23 Image size of job updated: 6308660
	6160  -  MemoryUsage of job (MB)
	6307624  -  ResidentSetSize of job (KB)
...
006 (9701434.000.000) 04/30 21:05:24 Image size of job updated: 6347928
	6198  -  MemoryUsage of job (MB)
	6346576  -  ResidentSetSize of job (KB)
...
006 (9701434.000.000) 04/30 21:10:25 Image size of job updated: 6385804
	6236  -  MemoryUsage of job (MB)
	6384812  -  ResidentSetSize of job (KB)
...
006 (9701434.000.000) 04/30 21:15:25 Image size of job updated: 6416720
	6266  -  MemoryUsage of job (MB)
	6416036  -  ResidentSetSize of job (KB)
...
006 (9701434.000.000) 04/30 21:20:25 Image size of job updated: 6458664
	6306  -  MemoryUsage of job (MB)
	6456872  -  ResidentSetSize of job (KB)
...
006 (9701434.000.000) 04/30 21:25:26 Image size of job updated: 6553992
	6399  -  MemoryUsage of job (MB)
	6551772  -  ResidentSetSize of job (KB)
...
006 (9701434.000.000) 04/30 21:30:26 Image size of job updated: 6672620
	6515  -  MemoryUsage of job (MB)
	6670572  -  ResidentSetSize of job (KB)
...
006 (9701434.000.000) 04/30 21:35:26 Image size of job updated: 6712104
	6553  -  MemoryUsage of job (MB)
	6710112  -  ResidentSetSize of job (KB)
...
006 (9701434.000.000) 04/30 21:40:27 Image size of job updated: 6762624
	6571  -  MemoryUsage of job (MB)
	6727952  -  ResidentSetSize of job (KB)
...
006 (9701434.000.000) 04/30 21:45:28 Image size of job updated: 6790688
	6631  -  MemoryUsage of job (MB)
	6789276  -  ResidentSetSize of job (KB)
...
006 (9701434.000.000) 04/30 21:50:28 Image size of job updated: 6955392
	6792  -  MemoryUsage of job (MB)
	6954904  -  ResidentSetSize of job (KB)
...
006 (9701434.000.000) 04/30 21:55:29 Image size of job updated: 6996492
	6832  -  MemoryUsage of job (MB)
	6995712  -  ResidentSetSize of job (KB)
...
006 (9701434.000.000) 04/30 22:00:30 Image size of job updated: 7064160
	6896  -  MemoryUsage of job (MB)
	7061220  -  ResidentSetSize of job (KB)
...
006 (9701434.000.000) 04/30 22:05:30 Image size of job updated: 7174412
	7004  -  MemoryUsage of job (MB)
	7171612  -  ResidentSetSize of job (KB)
...
006 (9701434.000.000) 04/30 22:10:30 Image size of job updated: 7212288
	7044  -  MemoryUsage of job (MB)
	7212288  -  ResidentSetSize of job (KB)
...
006 (9701434.000.000) 04/30 22:15:31 Image size of job updated: 7299264
	7128  -  MemoryUsage of job (MB)
	7298432  -  ResidentSetSize of job (KB)
...
006 (9701434.000.000) 04/30 22:20:31 Image size of job updated: 7342044
	7169  -  MemoryUsage of job (MB)
	7340960  -  ResidentSetSize of job (KB)
...
006 (9701434.000.000) 04/30 22:25:31 Image size of job updated: 7433784
	7259  -  MemoryUsage of job (MB)
	7432828  -  ResidentSetSize of job (KB)
...
006 (9701434.000.000) 04/30 22:30:32 Image size of job updated: 7473508
	7298  -  MemoryUsage of job (MB)
	7472616  -  ResidentSetSize of job (KB)
...
006 (9701434.000.000) 04/30 22:35:32 Image size of job updated: 7504016
	7304  -  MemoryUsage of job (MB)
	7478532  -  ResidentSetSize of job (KB)
...
006 (9701434.000.000) 04/30 22:40:32 Image size of job updated: 7519640
	7343  -  MemoryUsage of job (MB)
	7518936  -  ResidentSetSize of job (KB)
...
006 (9701434.000.000) 04/30 22:45:34 Image size of job updated: 7559528
	7380  -  MemoryUsage of job (MB)
	7556628  -  ResidentSetSize of job (KB)
...
006 (9701434.000.000) 04/30 22:50:34 Image size of job updated: 7678712
	7499  -  MemoryUsage of job (MB)
	7678016  -  ResidentSetSize of job (KB)
...
006 (9701434.000.000) 04/30 22:55:34 Image size of job updated: 7719348
	7538  -  MemoryUsage of job (MB)
	7718844  -  ResidentSetSize of job (KB)
...
006 (9701434.000.000) 04/30 23:00:35 Image size of job updated: 7781488
	7599  -  MemoryUsage of job (MB)
	7780608  -  ResidentSetSize of job (KB)
...
006 (9701434.000.000) 04/30 23:05:36 Image size of job updated: 7820884
	7636  -  MemoryUsage of job (MB)
	7818756  -  ResidentSetSize of job (KB)
...
006 (9701434.000.000) 04/30 23:10:36 Image size of job updated: 7877096
	7690  -  MemoryUsage of job (MB)
	7874364  -  ResidentSetSize of job (KB)
...
006 (9701434.000.000) 04/30 23:15:37 Image size of job updated: 7956620
	7769  -  MemoryUsage of job (MB)
	7954888  -  ResidentSetSize of job (KB)
...
006 (9701434.000.000) 04/30 23:20:38 Image size of job updated: 7998420
	7811  -  MemoryUsage of job (MB)
	7997472  -  ResidentSetSize of job (KB)
...
006 (9701434.000.000) 04/30 23:25:38 Image size of job updated: 8058968
	7870  -  MemoryUsage of job (MB)
	8058000  -  ResidentSetSize of job (KB)
...
006 (9701434.000.000) 04/30 23:30:38 Image size of job updated: 8100280
	7910  -  MemoryUsage of job (MB)
	8099376  -  ResidentSetSize of job (KB)
...
006 (9701434.000.000) 04/30 23:35:39 Image size of job updated: 8140584
	7949  -  MemoryUsage of job (MB)
	8139644  -  ResidentSetSize of job (KB)
...
006 (9701434.000.000) 04/30 23:40:39 Image size of job updated: 8283880
	8089  -  MemoryUsage of job (MB)
	8283048  -  ResidentSetSize of job (KB)
...
006 (9701434.000.000) 04/30 23:45:39 Image size of job updated: 8322056
	8127  -  MemoryUsage of job (MB)
	8321564  -  ResidentSetSize of job (KB)
...
006 (9701434.000.000) 04/30 23:50:40 Image size of job updated: 8356240
	8127  -  MemoryUsage of job (MB)
	8321564  -  ResidentSetSize of job (KB)
...
006 (9701434.000.000) 04/30 23:55:41 Image size of job updated: 8445300
	8247  -  MemoryUsage of job (MB)
	8444272  -  ResidentSetSize of job (KB)
...
006 (9701434.000.000) 05/01 00:00:41 Image size of job updated: 8484204
	8284  -  MemoryUsage of job (MB)
	8482444  -  ResidentSetSize of job (KB)
...
006 (9701434.000.000) 05/01 00:05:42 Image size of job updated: 8596140
	8394  -  MemoryUsage of job (MB)
	8595216  -  ResidentSetSize of job (KB)
...
006 (9701434.000.000) 05/01 00:10:43 Image size of job updated: 8618404
	8394  -  MemoryUsage of job (MB)
	8595216  -  ResidentSetSize of job (KB)
...
006 (9701434.000.000) 05/01 00:15:43 Image size of job updated: 8618404
	8407  -  MemoryUsage of job (MB)
	8608156  -  ResidentSetSize of job (KB)
...
006 (9701434.000.000) 05/01 00:20:43 Image size of job updated: 8643832
	8407  -  MemoryUsage of job (MB)
	8608156  -  ResidentSetSize of job (KB)
...
006 (9701434.000.000) 05/01 00:30:44 Image size of job updated: 8643832
	8440  -  MemoryUsage of job (MB)
	8641608  -  ResidentSetSize of job (KB)
...
006 (9701434.000.000) 05/01 00:35:44 Image size of job updated: 8787168
	8581  -  MemoryUsage of job (MB)
	8786532  -  ResidentSetSize of job (KB)
...
006 (9701434.000.000) 05/01 00:40:46 Image size of job updated: 8821360
	8615  -  MemoryUsage of job (MB)
	8820924  -  ResidentSetSize of job (KB)
...
006 (9701434.000.000) 05/01 00:45:46 Image size of job updated: 8854664
	8644  -  MemoryUsage of job (MB)
	8850888  -  ResidentSetSize of job (KB)
...
006 (9701434.000.000) 05/01 00:50:46 Image size of job updated: 8916672
	8707  -  MemoryUsage of job (MB)
	8915100  -  ResidentSetSize of job (KB)
...
006 (9701434.000.000) 05/01 00:55:47 Image size of job updated: 8925644
	8707  -  MemoryUsage of job (MB)
	8915100  -  ResidentSetSize of job (KB)
...
006 (9701434.000.000) 05/01 01:00:48 Image size of job updated: 9043516
	8832  -  MemoryUsage of job (MB)
	9043264  -  ResidentSetSize of job (KB)
...
006 (9701434.000.000) 05/01 01:05:48 Image size of job updated: 9084408
	8870  -  MemoryUsage of job (MB)
	9081860  -  ResidentSetSize of job (KB)
...
006 (9701434.000.000) 05/01 01:10:49 Image size of job updated: 9123160
	8910  -  MemoryUsage of job (MB)
	9123160  -  ResidentSetSize of job (KB)
...
006 (9701434.000.000) 05/01 01:15:50 Image size of job updated: 9267940
	9049  -  MemoryUsage of job (MB)
	9266056  -  ResidentSetSize of job (KB)
...
006 (9701434.000.000) 05/01 01:20:50 Image size of job updated: 9307384
	9088  -  MemoryUsage of job (MB)
	9305348  -  ResidentSetSize of job (KB)
...
006 (9701434.000.000) 05/01 01:25:50 Image size of job updated: 9344912
	9126  -  MemoryUsage of job (MB)
	9344908  -  ResidentSetSize of job (KB)
...
006 (9701434.000.000) 05/01 01:30:51 Image size of job updated: 9400920
	9180  -  MemoryUsage of job (MB)
	9399904  -  ResidentSetSize of job (KB)
...
006 (9701434.000.000) 05/01 01:35:51 Image size of job updated: 9429564
	9207  -  MemoryUsage of job (MB)
	9427020  -  ResidentSetSize of job (KB)
...
006 (9701434.000.000) 05/01 01:40:51 Image size of job updated: 9484336
	9261  -  MemoryUsage of job (MB)
	9483224  -  ResidentSetSize of job (KB)
...
006 (9701434.000.000) 05/01 01:45:52 Image size of job updated: 9520072
	9296  -  MemoryUsage of job (MB)
	9518812  -  ResidentSetSize of job (KB)
...
006 (9701434.000.000) 05/01 01:50:53 Image size of job updated: 9549440
	9296  -  MemoryUsage of job (MB)
	9518812  -  ResidentSetSize of job (KB)
...
006 (9701434.000.000) 05/01 01:55:53 Image size of job updated: 9596208
	9371  -  MemoryUsage of job (MB)
	9595720  -  ResidentSetSize of job (KB)
...
006 (9701434.000.000) 05/01 02:00:54 Image size of job updated: 9634228
	9408  -  MemoryUsage of job (MB)
	9633628  -  ResidentSetSize of job (KB)
...
006 (9701434.000.000) 05/01 02:05:55 Image size of job updated: 9661100
	9408  -  MemoryUsage of job (MB)
	9633628  -  ResidentSetSize of job (KB)
...
006 (9701434.000.000) 05/01 02:10:55 Image size of job updated: 9675848
	9449  -  MemoryUsage of job (MB)
	9675344  -  ResidentSetSize of job (KB)
...
006 (9701434.000.000) 05/01 02:15:55 Image size of job updated: 9731720
	9504  -  MemoryUsage of job (MB)
	9731264  -  ResidentSetSize of job (KB)
...
006 (9701434.000.000) 05/01 02:20:56 Image size of job updated: 9892908
	9660  -  MemoryUsage of job (MB)
	9891704  -  ResidentSetSize of job (KB)
...
006 (9701434.000.000) 05/01 02:25:56 Image size of job updated: 10331256
	9895  -  MemoryUsage of job (MB)
	10131492  -  ResidentSetSize of job (KB)
...
006 (9701434.000.000) 05/01 02:30:56 Image size of job updated: 10331256
	9934  -  MemoryUsage of job (MB)
	10171616  -  ResidentSetSize of job (KB)
...
006 (9701434.000.000) 05/01 02:35:57 Image size of job updated: 10331256
	10020  -  MemoryUsage of job (MB)
	10259972  -  ResidentSetSize of job (KB)
...
006 (9701434.000.000) 05/01 02:40:58 Image size of job updated: 10331256
	10057  -  MemoryUsage of job (MB)
	10298332  -  ResidentSetSize of job (KB)
...
006 (9701434.000.000) 05/01 02:45:58 Image size of job updated: 10363672
	10119  -  MemoryUsage of job (MB)
	10360928  -  ResidentSetSize of job (KB)
...
006 (9701434.000.000) 05/01 02:50:59 Image size of job updated: 10457728
	10213  -  MemoryUsage of job (MB)
	10457372  -  ResidentSetSize of job (KB)
...
006 (9701434.000.000) 05/01 02:56:00 Image size of job updated: 10499600
	10252  -  MemoryUsage of job (MB)
	10497816  -  ResidentSetSize of job (KB)
...
006 (9701434.000.000) 05/01 03:01:00 Image size of job updated: 10645500
	10395  -  MemoryUsage of job (MB)
	10644368  -  ResidentSetSize of job (KB)
...
006 (9701434.000.000) 05/01 03:06:00 Image size of job updated: 10686500
	10434  -  MemoryUsage of job (MB)
	10684376  -  ResidentSetSize of job (KB)
...
006 (9701434.000.000) 05/01 03:11:01 Image size of job updated: 10754908
	10434  -  MemoryUsage of job (MB)
	10684376  -  ResidentSetSize of job (KB)
...
006 (9701434.000.000) 05/01 03:21:01 Image size of job updated: 10754908
	10446  -  MemoryUsage of job (MB)
	10695772  -  ResidentSetSize of job (KB)
...
006 (9701434.000.000) 05/01 03:26:03 Image size of job updated: 10754908
	10448  -  MemoryUsage of job (MB)
	10697884  -  ResidentSetSize of job (KB)
...
006 (9701434.000.000) 05/01 03:36:03 Image size of job updated: 10769772
	10517  -  MemoryUsage of job (MB)
	10768792  -  ResidentSetSize of job (KB)
...
006 (9701434.000.000) 05/01 03:41:04 Image size of job updated: 10880228
	10623  -  MemoryUsage of job (MB)
	10877016  -  ResidentSetSize of job (KB)
...
006 (9701434.000.000) 05/01 03:46:05 Image size of job updated: 10911752
	10655  -  MemoryUsage of job (MB)
	10910420  -  ResidentSetSize of job (KB)
...
006 (9701434.000.000) 05/01 03:51:05 Image size of job updated: 10978728
	10721  -  MemoryUsage of job (MB)
	10977348  -  ResidentSetSize of job (KB)
...
006 (9701434.000.000) 05/01 03:56:06 Image size of job updated: 10993456
	10722  -  MemoryUsage of job (MB)
	10978672  -  ResidentSetSize of job (KB)
...
006 (9701434.000.000) 05/01 04:01:07 Image size of job updated: 11095744
	10835  -  MemoryUsage of job (MB)
	11094248  -  ResidentSetSize of job (KB)
...
006 (9701434.000.000) 05/01 04:06:07 Image size of job updated: 11133172
	10870  -  MemoryUsage of job (MB)
	11130504  -  ResidentSetSize of job (KB)
...
006 (9701434.000.000) 05/01 04:11:07 Image size of job updated: 11190384
	10927  -  MemoryUsage of job (MB)
	11188680  -  ResidentSetSize of job (KB)
...
006 (9701434.000.000) 05/01 04:16:08 Image size of job updated: 11252332
	10988  -  MemoryUsage of job (MB)
	11250832  -  ResidentSetSize of job (KB)
...
006 (9701434.000.000) 05/01 04:21:08 Image size of job updated: 11292900
	11027  -  MemoryUsage of job (MB)
	11291516  -  ResidentSetSize of job (KB)
...
006 (9701434.000.000) 05/01 04:26:08 Image size of job updated: 11411040
	11143  -  MemoryUsage of job (MB)
	11410364  -  ResidentSetSize of job (KB)
...
006 (9701434.000.000) 05/01 04:31:09 Image size of job updated: 11526852
	11257  -  MemoryUsage of job (MB)
	11526220  -  ResidentSetSize of job (KB)
...
006 (9701434.000.000) 05/01 04:36:10 Image size of job updated: 11567240
	11296  -  MemoryUsage of job (MB)
	11566604  -  ResidentSetSize of job (KB)
...
006 (9701434.000.000) 05/01 04:41:10 Image size of job updated: 11688616
	11414  -  MemoryUsage of job (MB)
	11687168  -  ResidentSetSize of job (KB)
...
006 (9701434.000.000) 05/01 04:46:11 Image size of job updated: 11760444
	11450  -  MemoryUsage of job (MB)
	11723780  -  ResidentSetSize of job (KB)
...
006 (9701434.000.000) 05/01 05:01:12 Image size of job updated: 11760444
	11467  -  MemoryUsage of job (MB)
	11741808  -  ResidentSetSize of job (KB)
...
006 (9701434.000.000) 05/01 05:06:13 Image size of job updated: 11823332
	11546  -  MemoryUsage of job (MB)
	11822336  -  ResidentSetSize of job (KB)
...
006 (9701434.000.000) 05/01 05:11:13 Image size of job updated: 11955712
	11630  -  MemoryUsage of job (MB)
	11909100  -  ResidentSetSize of job (KB)
...
006 (9701434.000.000) 05/01 05:16:13 Image size of job updated: 11955712
	11669  -  MemoryUsage of job (MB)
	11948308  -  ResidentSetSize of job (KB)
...
006 (9701434.000.000) 05/01 05:26:15 Image size of job updated: 11981280
	11700  -  MemoryUsage of job (MB)
	11980780  -  ResidentSetSize of job (KB)
...
006 (9701434.000.000) 05/01 05:31:15 Image size of job updated: 12121036
	11700  -  MemoryUsage of job (MB)
	11980780  -  ResidentSetSize of job (KB)
...
006 (9701434.000.000) 05/01 05:36:16 Image size of job updated: 12134720
	11849  -  MemoryUsage of job (MB)
	12132656  -  ResidentSetSize of job (KB)
...
006 (9701434.000.000) 05/01 05:41:17 Image size of job updated: 12170672
	11885  -  MemoryUsage of job (MB)
	12170068  -  ResidentSetSize of job (KB)
...
006 (9701434.000.000) 05/01 05:46:17 Image size of job updated: 12311292
	12022  -  MemoryUsage of job (MB)
	12310208  -  ResidentSetSize of job (KB)
...
006 (9701434.000.000) 05/01 05:51:18 Image size of job updated: 12360180
	12070  -  MemoryUsage of job (MB)
	12359196  -  ResidentSetSize of job (KB)
...
006 (9701434.000.000) 05/01 05:56:19 Image size of job updated: 12410436
	12070  -  MemoryUsage of job (MB)
	12359452  -  ResidentSetSize of job (KB)
...
006 (9701434.000.000) 05/01 06:01:19 Image size of job updated: 12486332
	12193  -  MemoryUsage of job (MB)
	12485092  -  ResidentSetSize of job (KB)
...
006 (9701434.000.000) 05/01 06:06:20 Image size of job updated: 12526868
	12233  -  MemoryUsage of job (MB)
	12526460  -  ResidentSetSize of job (KB)
...
006 (9701434.000.000) 05/01 06:11:21 Image size of job updated: 12668296
	12327  -  MemoryUsage of job (MB)
	12622172  -  ResidentSetSize of job (KB)
...
006 (9701434.000.000) 05/01 06:16:21 Image size of job updated: 12668296
	12367  -  MemoryUsage of job (MB)
	12663132  -  ResidentSetSize of job (KB)
...
006 (9701434.000.000) 05/01 06:21:21 Image size of job updated: 12781568
	12480  -  MemoryUsage of job (MB)
	12779024  -  ResidentSetSize of job (KB)
...
006 (9701434.000.000) 05/01 06:26:22 Image size of job updated: 12823940
	12522  -  MemoryUsage of job (MB)
	12822240  -  ResidentSetSize of job (KB)
...
006 (9701434.000.000) 05/01 06:31:22 Image size of job updated: 12846748
	12544  -  MemoryUsage of job (MB)
	12844092  -  ResidentSetSize of job (KB)
...
006 (9701434.000.000) 05/01 06:36:22 Image size of job updated: 12891492
	12564  -  MemoryUsage of job (MB)
	12864588  -  ResidentSetSize of job (KB)
...
006 (9701434.000.000) 05/01 06:41:23 Image size of job updated: 12900760
	12599  -  MemoryUsage of job (MB)
	12900728  -  ResidentSetSize of job (KB)
...
006 (9701434.000.000) 05/01 06:46:23 Image size of job updated: 13013420
	12708  -  MemoryUsage of job (MB)
	13012752  -  ResidentSetSize of job (KB)
...
006 (9701434.000.000) 05/01 06:51:23 Image size of job updated: 13049392
	12742  -  MemoryUsage of job (MB)
	13047656  -  ResidentSetSize of job (KB)
...
006 (9701434.000.000) 05/01 06:56:24 Image size of job updated: 13073800
	12766  -  MemoryUsage of job (MB)
	13071524  -  ResidentSetSize of job (KB)
...
006 (9701434.000.000) 05/01 07:01:25 Image size of job updated: 13197680
	12888  -  MemoryUsage of job (MB)
	13197140  -  ResidentSetSize of job (KB)
...
006 (9701434.000.000) 05/01 07:06:25 Image size of job updated: 13228276
	12916  -  MemoryUsage of job (MB)
	13225396  -  ResidentSetSize of job (KB)
...
006 (9701434.000.000) 05/01 07:11:26 Image size of job updated: 13371556
	13057  -  MemoryUsage of job (MB)
	13370328  -  ResidentSetSize of job (KB)
...
006 (9701434.000.000) 05/01 07:16:27 Image size of job updated: 13411032
	13096  -  MemoryUsage of job (MB)
	13409876  -  ResidentSetSize of job (KB)
...
006 (9701434.000.000) 05/01 07:21:27 Image size of job updated: 13449360
	13134  -  MemoryUsage of job (MB)
	13448620  -  ResidentSetSize of job (KB)
...
006 (9701434.000.000) 05/01 07:26:28 Image size of job updated: 13462016
	13137  -  MemoryUsage of job (MB)
	13452156  -  ResidentSetSize of job (KB)
...
006 (9701434.000.000) 05/01 07:31:29 Image size of job updated: 13493948
	13176  -  MemoryUsage of job (MB)
	13491440  -  ResidentSetSize of job (KB)
...
006 (9701434.000.000) 05/01 07:36:29 Image size of job updated: 13544496
	13226  -  MemoryUsage of job (MB)
	13542480  -  ResidentSetSize of job (KB)
...
006 (9701434.000.000) 05/01 07:41:29 Image size of job updated: 13646108
	13326  -  MemoryUsage of job (MB)
	13645364  -  ResidentSetSize of job (KB)
...
006 (9701434.000.000) 05/01 07:46:30 Image size of job updated: 13681920
	13360  -  MemoryUsage of job (MB)
	13680348  -  ResidentSetSize of job (KB)
...
006 (9701434.000.000) 05/01 07:51:30 Image size of job updated: 13746432
	13423  -  MemoryUsage of job (MB)
	13744264  -  ResidentSetSize of job (KB)
...
006 (9701434.000.000) 05/01 07:56:30 Image size of job updated: 13753200
	13430  -  MemoryUsage of job (MB)
	13752084  -  ResidentSetSize of job (KB)
...
006 (9701434.000.000) 05/01 08:01:31 Image size of job updated: 13816180
	13492  -  MemoryUsage of job (MB)
	13815472  -  ResidentSetSize of job (KB)
...
006 (9701434.000.000) 05/01 08:06:32 Image size of job updated: 13859052
	13523  -  MemoryUsage of job (MB)
	13846892  -  ResidentSetSize of job (KB)
...
006 (9701434.000.000) 05/01 08:11:32 Image size of job updated: 13901816
	13575  -  MemoryUsage of job (MB)
	13900368  -  ResidentSetSize of job (KB)
...
006 (9701434.000.000) 05/01 08:16:33 Image size of job updated: 13943016
	13615  -  MemoryUsage of job (MB)
	13941536  -  ResidentSetSize of job (KB)
...
006 (9701434.000.000) 05/01 08:21:34 Image size of job updated: 13984052
	13655  -  MemoryUsage of job (MB)
	13982028  -  ResidentSetSize of job (KB)
...
006 (9701434.000.000) 05/01 08:26:34 Image size of job updated: 14125072
	13794  -  MemoryUsage of job (MB)
	14124344  -  ResidentSetSize of job (KB)
...
006 (9701434.000.000) 05/01 08:31:34 Image size of job updated: 14165000
	13833  -  MemoryUsage of job (MB)
	14163992  -  ResidentSetSize of job (KB)
...
006 (9701434.000.000) 05/01 08:36:35 Image size of job updated: 14250700
	13915  -  MemoryUsage of job (MB)
	14248572  -  ResidentSetSize of job (KB)
...
006 (9701434.000.000) 05/01 08:41:35 Image size of job updated: 14286632
	13952  -  MemoryUsage of job (MB)
	14286280  -  ResidentSetSize of job (KB)
...
006 (9701434.000.000) 05/01 08:46:35 Image size of job updated: 14325176
	13989  -  MemoryUsage of job (MB)
	14323876  -  ResidentSetSize of job (KB)
...
006 (9701434.000.000) 05/01 08:51:36 Image size of job updated: 14440632
	14100  -  MemoryUsage of job (MB)
	14437836  -  ResidentSetSize of job (KB)
...
006 (9701434.000.000) 05/01 08:56:37 Image size of job updated: 14480236
	14139  -  MemoryUsage of job (MB)
	14477740  -  ResidentSetSize of job (KB)
...
006 (9701434.000.000) 05/01 09:01:37 Image size of job updated: 14518088
	14177  -  MemoryUsage of job (MB)
	14516432  -  ResidentSetSize of job (KB)
...
006 (9701434.000.000) 05/01 09:06:38 Image size of job updated: 14566172
	14204  -  MemoryUsage of job (MB)
	14544552  -  ResidentSetSize of job (KB)
...
006 (9701434.000.000) 05/01 09:11:39 Image size of job updated: 14587740
	14245  -  MemoryUsage of job (MB)
	14586076  -  ResidentSetSize of job (KB)
...
006 (9701434.000.000) 05/01 09:16:39 Image size of job updated: 14624680
	14282  -  MemoryUsage of job (MB)
	14624184  -  ResidentSetSize of job (KB)
...
006 (9701434.000.000) 05/01 09:21:40 Image size of job updated: 14663144
	14320  -  MemoryUsage of job (MB)
	14662708  -  ResidentSetSize of job (KB)
...
006 (9701434.000.000) 05/01 09:26:41 Image size of job updated: 14807484
	14460  -  MemoryUsage of job (MB)
	14806944  -  ResidentSetSize of job (KB)
...
006 (9701434.000.000) 05/01 09:31:41 Image size of job updated: 14846640
	14498  -  MemoryUsage of job (MB)
	14845436  -  ResidentSetSize of job (KB)
...
006 (9701434.000.000) 05/01 09:36:41 Image size of job updated: 14887092
	14536  -  MemoryUsage of job (MB)
	14884428  -  ResidentSetSize of job (KB)
...
006 (9701434.000.000) 05/01 09:41:42 Image size of job updated: 15025016
	14672  -  MemoryUsage of job (MB)
	15023888  -  ResidentSetSize of job (KB)
...
006 (9701434.000.000) 05/01 09:46:42 Image size of job updated: 15069364
	14713  -  MemoryUsage of job (MB)
	15065552  -  ResidentSetSize of job (KB)
...
006 (9701434.000.000) 05/01 09:51:42 Image size of job updated: 15156604
	14799  -  MemoryUsage of job (MB)
	15153908  -  ResidentSetSize of job (KB)
...
006 (9701434.000.000) 05/01 09:56:43 Image size of job updated: 15196100
	14838  -  MemoryUsage of job (MB)
	15194076  -  ResidentSetSize of job (KB)
...
006 (9701434.000.000) 05/01 10:01:44 Image size of job updated: 15255460
	14897  -  MemoryUsage of job (MB)
	15253692  -  ResidentSetSize of job (KB)
...
006 (9701434.000.000) 05/01 10:06:44 Image size of job updated: 15382108
	15021  -  MemoryUsage of job (MB)
	15380776  -  ResidentSetSize of job (KB)
...
006 (9701434.000.000) 05/01 10:11:45 Image size of job updated: 15418628
	15057  -  MemoryUsage of job (MB)
	15418180  -  ResidentSetSize of job (KB)
...
006 (9701434.000.000) 05/01 10:16:46 Image size of job updated: 15473576
	15110  -  MemoryUsage of job (MB)
	15472144  -  ResidentSetSize of job (KB)
...
006 (9701434.000.000) 05/01 10:21:46 Image size of job updated: 15511652
	15148  -  MemoryUsage of job (MB)
	15511148  -  ResidentSetSize of job (KB)
...
006 (9701434.000.000) 05/01 10:26:46 Image size of job updated: 15547696
	15183  -  MemoryUsage of job (MB)
	15546512  -  ResidentSetSize of job (KB)
...
006 (9701434.000.000) 05/01 10:31:47 Image size of job updated: 15595440
	15183  -  MemoryUsage of job (MB)
	15546512  -  ResidentSetSize of job (KB)
...
006 (9701434.000.000) 05/01 10:36:47 Image size of job updated: 15595440
	15204  -  MemoryUsage of job (MB)
	15567908  -  ResidentSetSize of job (KB)
...
006 (9701434.000.000) 05/01 10:41:47 Image size of job updated: 15611584
	15245  -  MemoryUsage of job (MB)
	15610620  -  ResidentSetSize of job (KB)
...
006 (9701434.000.000) 05/01 10:46:48 Image size of job updated: 15697664
	15330  -  MemoryUsage of job (MB)
	15696904  -  ResidentSetSize of job (KB)
...
006 (9701434.000.000) 05/01 10:51:49 Image size of job updated: 15738512
	15368  -  MemoryUsage of job (MB)
	15736616  -  ResidentSetSize of job (KB)
...
006 (9701434.000.000) 05/01 10:56:49 Image size of job updated: 15776452
	15407  -  MemoryUsage of job (MB)
	15775948  -  ResidentSetSize of job (KB)
...
006 (9701434.000.000) 05/01 11:01:50 Image size of job updated: 15829448
	15458  -  MemoryUsage of job (MB)
	15828828  -  ResidentSetSize of job (KB)
...
006 (9701434.000.000) 05/01 11:06:51 Image size of job updated: 15865312
	15494  -  MemoryUsage of job (MB)
	15865308  -  ResidentSetSize of job (KB)
...
006 (9701434.000.000) 05/01 11:11:51 Image size of job updated: 15905400
	15532  -  MemoryUsage of job (MB)
	15904028  -  ResidentSetSize of job (KB)
...
006 (9701434.000.000) 05/01 11:16:52 Image size of job updated: 16049088
	15672  -  MemoryUsage of job (MB)
	16048128  -  ResidentSetSize of job (KB)
...
006 (9701434.000.000) 05/01 11:21:53 Image size of job updated: 16089880
	15711  -  MemoryUsage of job (MB)
	16087708  -  ResidentSetSize of job (KB)
...
006 (9701434.000.000) 05/01 11:26:53 Image size of job updated: 16131832
	15752  -  MemoryUsage of job (MB)
	16129556  -  ResidentSetSize of job (KB)
...
006 (9701434.000.000) 05/01 11:31:53 Image size of job updated: 16216444
	15836  -  MemoryUsage of job (MB)
	16215332  -  ResidentSetSize of job (KB)
...
006 (9701434.000.000) 05/01 11:36:54 Image size of job updated: 16255136
	15874  -  MemoryUsage of job (MB)
	16254188  -  ResidentSetSize of job (KB)
...
006 (9701434.000.000) 05/01 11:41:54 Image size of job updated: 16292064
	15910  -  MemoryUsage of job (MB)
	16291648  -  ResidentSetSize of job (KB)
...
006 (9701434.000.000) 05/01 11:46:54 Image size of job updated: 16297404
	15910  -  MemoryUsage of job (MB)
	16291648  -  ResidentSetSize of job (KB)
...
006 (9701434.000.000) 05/01 11:56:56 Image size of job updated: 16332916
	15950  -  MemoryUsage of job (MB)
	16332188  -  ResidentSetSize of job (KB)
...
006 (9701434.000.000) 05/01 12:01:56 Image size of job updated: 16336820
	15950  -  MemoryUsage of job (MB)
	16332188  -  ResidentSetSize of job (KB)
...
006 (9701434.000.000) 05/01 12:11:58 Image size of job updated: 16351428
	15967  -  MemoryUsage of job (MB)
	16349420  -  ResidentSetSize of job (KB)
...
006 (9701434.000.000) 05/01 12:16:58 Image size of job updated: 16400744
	16017  -  MemoryUsage of job (MB)
	16400620  -  ResidentSetSize of job (KB)
...
006 (9701434.000.000) 05/01 12:21:58 Image size of job updated: 16451020
	16066  -  MemoryUsage of job (MB)
	16450768  -  ResidentSetSize of job (KB)
...
006 (9701434.000.000) 05/01 12:26:59 Image size of job updated: 16535076
	16147  -  MemoryUsage of job (MB)
	16534260  -  ResidentSetSize of job (KB)
...
006 (9701434.000.000) 05/01 12:31:59 Image size of job updated: 16574100
	16184  -  MemoryUsage of job (MB)
	16572352  -  ResidentSetSize of job (KB)
...
006 (9701434.000.000) 05/01 12:36:59 Image size of job updated: 16612956
	16223  -  MemoryUsage of job (MB)
	16611788  -  ResidentSetSize of job (KB)
...
006 (9701434.000.000) 05/01 12:42:00 Image size of job updated: 16652884
	16263  -  MemoryUsage of job (MB)
	16652636  -  ResidentSetSize of job (KB)
...
006 (9701434.000.000) 05/01 12:47:01 Image size of job updated: 16755228
	16362  -  MemoryUsage of job (MB)
	16754276  -  ResidentSetSize of job (KB)
...
006 (9701434.000.000) 05/01 12:52:01 Image size of job updated: 16816640
	16421  -  MemoryUsage of job (MB)
	16814848  -  ResidentSetSize of job (KB)
...
006 (9701434.000.000) 05/01 12:57:02 Image size of job updated: 16863412
	16421  -  MemoryUsage of job (MB)
	16814848  -  ResidentSetSize of job (KB)
...
006 (9701434.000.000) 05/01 13:02:03 Image size of job updated: 16984288
	16586  -  MemoryUsage of job (MB)
	16983056  -  ResidentSetSize of job (KB)
...
006 (9701434.000.000) 05/01 13:07:03 Image size of job updated: 16999512
	16586  -  MemoryUsage of job (MB)
	16983056  -  ResidentSetSize of job (KB)
...
006 (9701434.000.000) 05/01 13:12:04 Image size of job updated: 16999512
	16591  -  MemoryUsage of job (MB)
	16989016  -  ResidentSetSize of job (KB)
...
006 (9701434.000.000) 05/01 13:17:05 Image size of job updated: 17022252
	16623  -  MemoryUsage of job (MB)
	17021524  -  ResidentSetSize of job (KB)
...
006 (9701434.000.000) 05/01 13:22:05 Image size of job updated: 17053484
	16653  -  MemoryUsage of job (MB)
	17052660  -  ResidentSetSize of job (KB)
...
006 (9701434.000.000) 05/01 13:27:05 Image size of job updated: 17096500
	16696  -  MemoryUsage of job (MB)
	17095788  -  ResidentSetSize of job (KB)
...
006 (9701434.000.000) 05/01 13:32:06 Image size of job updated: 17243848
	16840  -  MemoryUsage of job (MB)
	17243824  -  ResidentSetSize of job (KB)
...
006 (9701434.000.000) 05/01 13:37:06 Image size of job updated: 17269928
	16864  -  MemoryUsage of job (MB)
	17268620  -  ResidentSetSize of job (KB)
...
006 (9701434.000.000) 05/01 13:42:06 Image size of job updated: 17304696
	16899  -  MemoryUsage of job (MB)
	17303848  -  ResidentSetSize of job (KB)
...
006 (9701434.000.000) 05/01 13:47:07 Image size of job updated: 17340788
	16933  -  MemoryUsage of job (MB)
	17339000  -  ResidentSetSize of job (KB)
...
006 (9701434.000.000) 05/01 13:52:08 Image size of job updated: 17374724
	16966  -  MemoryUsage of job (MB)
	17372212  -  ResidentSetSize of job (KB)
...
006 (9701434.000.000) 05/01 13:57:08 Image size of job updated: 17400504
	16966  -  MemoryUsage of job (MB)
	17372212  -  ResidentSetSize of job (KB)
...
006 (9701434.000.000) 05/01 14:02:09 Image size of job updated: 17441164
	16976  -  MemoryUsage of job (MB)
	17383192  -  ResidentSetSize of job (KB)
...
006 (9701434.000.000) 05/01 14:07:10 Image size of job updated: 17441164
	17012  -  MemoryUsage of job (MB)
	17419772  -  ResidentSetSize of job (KB)
...
006 (9701434.000.000) 05/01 14:12:10 Image size of job updated: 17453768
	17045  -  MemoryUsage of job (MB)
	17453104  -  ResidentSetSize of job (KB)
...
006 (9701434.000.000) 05/01 14:17:11 Image size of job updated: 17497600
	17088  -  MemoryUsage of job (MB)
	17497216  -  ResidentSetSize of job (KB)
...
006 (9701434.000.000) 05/01 14:22:12 Image size of job updated: 17538632
	17127  -  MemoryUsage of job (MB)
	17537936  -  ResidentSetSize of job (KB)
...
006 (9701434.000.000) 05/01 14:27:12 Image size of job updated: 17583552
	17171  -  MemoryUsage of job (MB)
	17582484  -  ResidentSetSize of job (KB)
...
006 (9701434.000.000) 05/01 14:32:13 Image size of job updated: 17631820
	17216  -  MemoryUsage of job (MB)
	17629108  -  ResidentSetSize of job (KB)
...
006 (9701434.000.000) 05/01 14:37:14 Image size of job updated: 18474136
	17653  -  MemoryUsage of job (MB)
	18076268  -  ResidentSetSize of job (KB)
...
006 (9701434.000.000) 05/01 14:42:14 Image size of job updated: 18474136
	17699  -  MemoryUsage of job (MB)
	18123744  -  ResidentSetSize of job (KB)
...
006 (9701434.000.000) 05/01 14:47:15 Image size of job updated: 18474136
	17748  -  MemoryUsage of job (MB)
	18173280  -  ResidentSetSize of job (KB)
...
006 (9701434.000.000) 05/01 14:52:16 Image size of job updated: 18474136
	17790  -  MemoryUsage of job (MB)
	18216900  -  ResidentSetSize of job (KB)
...
006 (9701434.000.000) 05/01 14:57:16 Image size of job updated: 18474136
	17836  -  MemoryUsage of job (MB)
	18263456  -  ResidentSetSize of job (KB)
...
006 (9701434.000.000) 05/01 15:02:16 Image size of job updated: 18474136
	17881  -  MemoryUsage of job (MB)
	18309884  -  ResidentSetSize of job (KB)
...
006 (9701434.000.000) 05/01 15:07:17 Image size of job updated: 18474136
	17927  -  MemoryUsage of job (MB)
	18356512  -  ResidentSetSize of job (KB)
...
006 (9701434.000.000) 05/01 15:12:17 Image size of job updated: 18474136
	17972  -  MemoryUsage of job (MB)
	18403212  -  ResidentSetSize of job (KB)
...
006 (9701434.000.000) 05/01 15:17:17 Image size of job updated: 18476152
	17991  -  MemoryUsage of job (MB)
	18422496  -  ResidentSetSize of job (KB)
...
006 (9701434.000.000) 05/01 15:22:18 Image size of job updated: 18476152
	18031  -  MemoryUsage of job (MB)
	18463600  -  ResidentSetSize of job (KB)
...
006 (9701434.000.000) 05/01 15:27:18 Image size of job updated: 18497128
	18031  -  MemoryUsage of job (MB)
	18463600  -  ResidentSetSize of job (KB)
...
006 (9701434.000.000) 05/01 15:37:19 Image size of job updated: 18497128
	18047  -  MemoryUsage of job (MB)
	18479920  -  ResidentSetSize of job (KB)
...
006 (9701434.000.000) 05/01 15:42:20 Image size of job updated: 18527828
	18093  -  MemoryUsage of job (MB)
	18526712  -  ResidentSetSize of job (KB)
...
006 (9701434.000.000) 05/01 15:47:20 Image size of job updated: 18573424
	18138  -  MemoryUsage of job (MB)
	18572528  -  ResidentSetSize of job (KB)
...
006 (9701434.000.000) 05/01 15:52:21 Image size of job updated: 18652644
	18214  -  MemoryUsage of job (MB)
	18650416  -  ResidentSetSize of job (KB)
...
006 (9701434.000.000) 05/01 15:57:22 Image size of job updated: 18671152
	18234  -  MemoryUsage of job (MB)
	18670792  -  ResidentSetSize of job (KB)
...
006 (9701434.000.000) 05/01 16:02:22 Image size of job updated: 18717684
	18279  -  MemoryUsage of job (MB)
	18717284  -  ResidentSetSize of job (KB)
...
006 (9701434.000.000) 05/01 16:07:22 Image size of job updated: 18765208
	18325  -  MemoryUsage of job (MB)
	18764284  -  ResidentSetSize of job (KB)
...
006 (9701434.000.000) 05/01 16:12:23 Image size of job updated: 18819560
	18379  -  MemoryUsage of job (MB)
	18819096  -  ResidentSetSize of job (KB)
...
006 (9701434.000.000) 05/01 16:17:23 Image size of job updated: 18979448
	18534  -  MemoryUsage of job (MB)
	18978192  -  ResidentSetSize of job (KB)
...
006 (9701434.000.000) 05/01 16:22:23 Image size of job updated: 19021044
	18574  -  MemoryUsage of job (MB)
	19019360  -  ResidentSetSize of job (KB)
...
006 (9701434.000.000) 05/01 16:27:24 Image size of job updated: 19043176
	18592  -  MemoryUsage of job (MB)
	19037436  -  ResidentSetSize of job (KB)
...
006 (9701434.000.000) 05/01 16:32:25 Image size of job updated: 19096764
	18649  -  MemoryUsage of job (MB)
	19096044  -  ResidentSetSize of job (KB)
...
006 (9701434.000.000) 05/01 16:37:25 Image size of job updated: 19257172
	18806  -  MemoryUsage of job (MB)
	19256840  -  ResidentSetSize of job (KB)
...
006 (9701434.000.000) 05/01 16:42:26 Image size of job updated: 19294956
	18843  -  MemoryUsage of job (MB)
	19294640  -  ResidentSetSize of job (KB)
...
006 (9701434.000.000) 05/01 16:47:27 Image size of job updated: 19333312
	18880  -  MemoryUsage of job (MB)
	19333004  -  ResidentSetSize of job (KB)
...
006 (9701434.000.000) 05/01 16:52:27 Image size of job updated: 19374144
	18921  -  MemoryUsage of job (MB)
	19374140  -  ResidentSetSize of job (KB)
...
006 (9701434.000.000) 05/01 16:57:27 Image size of job updated: 19422704
	18967  -  MemoryUsage of job (MB)
	19421600  -  ResidentSetSize of job (KB)
...
006 (9701434.000.000) 05/01 17:02:28 Image size of job updated: 19473172
	19000  -  MemoryUsage of job (MB)
	19455204  -  ResidentSetSize of job (KB)
...
006 (9701434.000.000) 05/01 17:07:28 Image size of job updated: 19492052
	19036  -  MemoryUsage of job (MB)
	19491860  -  ResidentSetSize of job (KB)
...
006 (9701434.000.000) 05/01 17:12:28 Image size of job updated: 19526364
	19069  -  MemoryUsage of job (MB)
	19526312  -  ResidentSetSize of job (KB)
...
006 (9701434.000.000) 05/01 17:17:29 Image size of job updated: 19561708
	19103  -  MemoryUsage of job (MB)
	19561296  -  ResidentSetSize of job (KB)
...
006 (9701434.000.000) 05/01 17:22:29 Image size of job updated: 19612220
	19153  -  MemoryUsage of job (MB)
	19611736  -  ResidentSetSize of job (KB)
...
006 (9701434.000.000) 05/01 17:27:29 Image size of job updated: 19663388
	19153  -  MemoryUsage of job (MB)
	19611736  -  ResidentSetSize of job (KB)
...
006 (9701434.000.000) 05/01 17:37:31 Image size of job updated: 19663388
	19161  -  MemoryUsage of job (MB)
	19620664  -  ResidentSetSize of job (KB)
...
006 (9701434.000.000) 05/01 17:42:31 Image size of job updated: 19664092
	19203  -  MemoryUsage of job (MB)
	19663448  -  ResidentSetSize of job (KB)
...
006 (9701434.000.000) 05/01 17:47:32 Image size of job updated: 19707872
	19245  -  MemoryUsage of job (MB)
	19706272  -  ResidentSetSize of job (KB)
...
006 (9701434.000.000) 05/01 17:52:33 Image size of job updated: 19764284
	19301  -  MemoryUsage of job (MB)
	19763976  -  ResidentSetSize of job (KB)
...
006 (9701434.000.000) 05/01 17:57:33 Image size of job updated: 19804236
	19339  -  MemoryUsage of job (MB)
	19802288  -  ResidentSetSize of job (KB)
...
006 (9701434.000.000) 05/01 18:02:33 Image size of job updated: 19841600
	19376  -  MemoryUsage of job (MB)
	19840496  -  ResidentSetSize of job (KB)
...
006 (9701434.000.000) 05/01 18:07:34 Image size of job updated: 19879908
	19414  -  MemoryUsage of job (MB)
	19879204  -  ResidentSetSize of job (KB)
...
006 (9701434.000.000) 05/01 18:12:34 Image size of job updated: 19982212
	19514  -  MemoryUsage of job (MB)
	19981828  -  ResidentSetSize of job (KB)
...
006 (9701434.000.000) 05/01 18:17:34 Image size of job updated: 20040672
	19571  -  MemoryUsage of job (MB)
	20040564  -  ResidentSetSize of job (KB)
...
006 (9701434.000.000) 05/01 18:22:35 Image size of job updated: 20206844
	19733  -  MemoryUsage of job (MB)
	20206416  -  ResidentSetSize of job (KB)
...
006 (9701434.000.000) 05/01 18:27:36 Image size of job updated: 20358916
	19880  -  MemoryUsage of job (MB)
	20357032  -  ResidentSetSize of job (KB)
...
006 (9701434.000.000) 05/01 18:32:36 Image size of job updated: 20423848
	19945  -  MemoryUsage of job (MB)
	20423112  -  ResidentSetSize of job (KB)
...
006 (9701434.000.000) 05/01 18:37:37 Image size of job updated: 20468408
	19987  -  MemoryUsage of job (MB)
	20465840  -  ResidentSetSize of job (KB)
...
006 (9701434.000.000) 05/01 18:42:38 Image size of job updated: 20588140
	20104  -  MemoryUsage of job (MB)
	20585824  -  ResidentSetSize of job (KB)
...
006 (9701434.000.000) 05/01 18:47:38 Image size of job updated: 20604864
	20104  -  MemoryUsage of job (MB)
	20585824  -  ResidentSetSize of job (KB)
...
006 (9701434.000.000) 05/01 18:57:39 Image size of job updated: 20611944
	20126  -  MemoryUsage of job (MB)
	20608312  -  ResidentSetSize of job (KB)
...
006 (9701434.000.000) 05/01 19:02:39 Image size of job updated: 20663572
	20178  -  MemoryUsage of job (MB)
	20661264  -  ResidentSetSize of job (KB)
...
006 (9701434.000.000) 05/01 19:07:39 Image size of job updated: 20702724
	20217  -  MemoryUsage of job (MB)
	20701828  -  ResidentSetSize of job (KB)
...
006 (9701434.000.000) 05/01 19:12:40 Image size of job updated: 20789564
	20301  -  MemoryUsage of job (MB)
	20787484  -  ResidentSetSize of job (KB)
...
006 (9701434.000.000) 05/01 19:17:40 Image size of job updated: 20850312
	20308  -  MemoryUsage of job (MB)
	20794688  -  ResidentSetSize of job (KB)
...
006 (9701434.000.000) 05/01 19:27:41 Image size of job updated: 20883892
	20322  -  MemoryUsage of job (MB)
	20809280  -  ResidentSetSize of job (KB)
...
006 (9701434.000.000) 05/01 19:32:42 Image size of job updated: 20894888
	20404  -  MemoryUsage of job (MB)
	20893292  -  ResidentSetSize of job (KB)
...
006 (9701434.000.000) 05/01 19:37:42 Image size of job updated: 21045904
	20551  -  MemoryUsage of job (MB)
	21043836  -  ResidentSetSize of job (KB)
...
006 (9701434.000.000) 05/01 19:42:43 Image size of job updated: 21055764
	20562  -  MemoryUsage of job (MB)
	21054756  -  ResidentSetSize of job (KB)
...
006 (9701434.000.000) 05/01 19:47:44 Image size of job updated: 21099624
	20604  -  MemoryUsage of job (MB)
	21097712  -  ResidentSetSize of job (KB)
...
006 (9701434.000.000) 05/01 19:52:44 Image size of job updated: 21188828
	20692  -  MemoryUsage of job (MB)
	21188176  -  ResidentSetSize of job (KB)
...
006 (9701434.000.000) 05/01 19:57:44 Image size of job updated: 21228852
	20732  -  MemoryUsage of job (MB)
	21228724  -  ResidentSetSize of job (KB)
...
006 (9701434.000.000) 05/01 20:02:45 Image size of job updated: 21272260
	20774  -  MemoryUsage of job (MB)
	21271776  -  ResidentSetSize of job (KB)
...
006 (9701434.000.000) 05/01 20:07:45 Image size of job updated: 21422936
	20919  -  MemoryUsage of job (MB)
	21420712  -  ResidentSetSize of job (KB)
...
006 (9701434.000.000) 05/01 20:12:45 Image size of job updated: 21463660
	20961  -  MemoryUsage of job (MB)
	21463176  -  ResidentSetSize of job (KB)
...
006 (9701434.000.000) 05/01 20:17:46 Image size of job updated: 21513968
	20961  -  MemoryUsage of job (MB)
	21463176  -  ResidentSetSize of job (KB)
...
006 (9701434.000.000) 05/01 20:22:47 Image size of job updated: 21593496
	21087  -  MemoryUsage of job (MB)
	21592276  -  ResidentSetSize of job (KB)
...
006 (9701434.000.000) 05/01 20:27:47 Image size of job updated: 21637148
	21128  -  MemoryUsage of job (MB)
	21634712  -  ResidentSetSize of job (KB)
...
006 (9701434.000.000) 05/01 20:32:48 Image size of job updated: 21752696
	21241  -  MemoryUsage of job (MB)
	21750256  -  ResidentSetSize of job (KB)
...
006 (9701434.000.000) 05/01 20:37:49 Image size of job updated: 21792196
	21281  -  MemoryUsage of job (MB)
	21791708  -  ResidentSetSize of job (KB)
...
006 (9701434.000.000) 05/01 20:42:49 Image size of job updated: 21835892
	21322  -  MemoryUsage of job (MB)
	21833444  -  ResidentSetSize of job (KB)
...
006 (9701434.000.000) 05/01 20:47:50 Image size of job updated: 21900236
	21384  -  MemoryUsage of job (MB)
	21896680  -  ResidentSetSize of job (KB)
...
006 (9701434.000.000) 05/01 20:52:51 Image size of job updated: 21961352
	21447  -  MemoryUsage of job (MB)
	21961128  -  ResidentSetSize of job (KB)
...
006 (9701434.000.000) 05/01 20:57:51 Image size of job updated: 21974336
	21457  -  MemoryUsage of job (MB)
	21971416  -  ResidentSetSize of job (KB)
...
006 (9701434.000.000) 05/01 21:02:51 Image size of job updated: 21987408
	21463  -  MemoryUsage of job (MB)
	21977424  -  ResidentSetSize of job (KB)
...
006 (9701434.000.000) 05/01 21:07:52 Image size of job updated: 22104920
	21585  -  MemoryUsage of job (MB)
	22102544  -  ResidentSetSize of job (KB)
...
006 (9701434.000.000) 05/01 21:12:52 Image size of job updated: 22136428
	21616  -  MemoryUsage of job (MB)
	22134396  -  ResidentSetSize of job (KB)
...
006 (9701434.000.000) 05/01 21:17:52 Image size of job updated: 22280904
	21757  -  MemoryUsage of job (MB)
	22278748  -  ResidentSetSize of job (KB)
...
006 (9701434.000.000) 05/01 21:22:53 Image size of job updated: 22321268
	21797  -  MemoryUsage of job (MB)
	22320008  -  ResidentSetSize of job (KB)
...
006 (9701434.000.000) 05/01 21:27:54 Image size of job updated: 22354516
	21830  -  MemoryUsage of job (MB)
	22353920  -  ResidentSetSize of job (KB)
...
006 (9701434.000.000) 05/01 21:32:54 Image size of job updated: 22414704
	21887  -  MemoryUsage of job (MB)
	22411636  -  ResidentSetSize of job (KB)
...
006 (9701434.000.000) 05/01 21:37:55 Image size of job updated: 22452480
	21926  -  MemoryUsage of job (MB)
	22451772  -  ResidentSetSize of job (KB)
...
006 (9701434.000.000) 05/01 21:42:56 Image size of job updated: 22492300
	21965  -  MemoryUsage of job (MB)
	22491424  -  ResidentSetSize of job (KB)
...
006 (9701434.000.000) 05/01 21:47:56 Image size of job updated: 22582260
	22053  -  MemoryUsage of job (MB)
	22581624  -  ResidentSetSize of job (KB)
...
006 (9701434.000.000) 05/01 21:52:56 Image size of job updated: 22623696
	22093  -  MemoryUsage of job (MB)
	22622292  -  ResidentSetSize of job (KB)
...
006 (9701434.000.000) 05/01 21:57:57 Image size of job updated: 22664416
	22132  -  MemoryUsage of job (MB)
	22662220  -  ResidentSetSize of job (KB)
...
006 (9701434.000.000) 05/01 22:02:57 Image size of job updated: 22805220
	22271  -  MemoryUsage of job (MB)
	22804788  -  ResidentSetSize of job (KB)
...
006 (9701434.000.000) 05/01 22:07:57 Image size of job updated: 22845728
	22310  -  MemoryUsage of job (MB)
	22844688  -  ResidentSetSize of job (KB)
...
006 (9701434.000.000) 05/01 22:12:58 Image size of job updated: 22885252
	22349  -  MemoryUsage of job (MB)
	22884776  -  ResidentSetSize of job (KB)
...
006 (9701434.000.000) 05/01 22:17:59 Image size of job updated: 22976824
	22434  -  MemoryUsage of job (MB)
	22972336  -  ResidentSetSize of job (KB)
...
006 (9701434.000.000) 05/01 22:22:59 Image size of job updated: 23010924
	22472  -  MemoryUsage of job (MB)
	23010468  -  ResidentSetSize of job (KB)
...
006 (9701434.000.000) 05/01 22:28:00 Image size of job updated: 23054476
	22511  -  MemoryUsage of job (MB)
	23050408  -  ResidentSetSize of job (KB)
...
006 (9701434.000.000) 05/01 22:33:00 Image size of job updated: 23139056
	22597  -  MemoryUsage of job (MB)
	23138612  -  ResidentSetSize of job (KB)
...
006 (9701434.000.000) 05/01 22:38:00 Image size of job updated: 23181124
	22636  -  MemoryUsage of job (MB)
	23178548  -  ResidentSetSize of job (KB)
...
006 (9701434.000.000) 05/01 22:43:01 Image size of job updated: 23228104
	22682  -  MemoryUsage of job (MB)
	23226056  -  ResidentSetSize of job (KB)
...
006 (9701434.000.000) 05/01 22:48:02 Image size of job updated: 23322488
	22734  -  MemoryUsage of job (MB)
	23278892  -  ResidentSetSize of job (KB)
...
006 (9701434.000.000) 05/01 22:53:02 Image size of job updated: 23329780
	22782  -  MemoryUsage of job (MB)
	23328272  -  ResidentSetSize of job (KB)
...
006 (9701434.000.000) 05/01 22:58:03 Image size of job updated: 23369388
	22822  -  MemoryUsage of job (MB)
	23368792  -  ResidentSetSize of job (KB)
...
006 (9701434.000.000) 05/01 23:03:04 Image size of job updated: 23401400
	22851  -  MemoryUsage of job (MB)
	23398640  -  ResidentSetSize of job (KB)
...
006 (9701434.000.000) 05/01 23:08:04 Image size of job updated: 23440744
	22890  -  MemoryUsage of job (MB)
	23438468  -  ResidentSetSize of job (KB)
...
006 (9701434.000.000) 05/01 23:13:04 Image size of job updated: 23480008
	22928  -  MemoryUsage of job (MB)
	23477940  -  ResidentSetSize of job (KB)
...
006 (9701434.000.000) 05/01 23:18:05 Image size of job updated: 23622052
	23069  -  MemoryUsage of job (MB)
	23621816  -  ResidentSetSize of job (KB)
...
006 (9701434.000.000) 05/01 23:23:05 Image size of job updated: 23663472
	23108  -  MemoryUsage of job (MB)
	23661876  -  ResidentSetSize of job (KB)
...
006 (9701434.000.000) 05/01 23:28:05 Image size of job updated: 23701832
	23146  -  MemoryUsage of job (MB)
	23701232  -  ResidentSetSize of job (KB)
...
006 (9701434.000.000) 05/01 23:33:06 Image size of job updated: 23790960
	23232  -  MemoryUsage of job (MB)
	23788804  -  ResidentSetSize of job (KB)
...
006 (9701434.000.000) 05/01 23:38:07 Image size of job updated: 23830440
	23271  -  MemoryUsage of job (MB)
	23829084  -  ResidentSetSize of job (KB)
...
006 (9701434.000.000) 05/01 23:43:07 Image size of job updated: 23870948
	23310  -  MemoryUsage of job (MB)
	23868680  -  ResidentSetSize of job (KB)
...
006 (9701434.000.000) 05/01 23:48:08 Image size of job updated: 23903620
	23344  -  MemoryUsage of job (MB)
	23903412  -  ResidentSetSize of job (KB)
...
006 (9701434.000.000) 05/01 23:53:09 Image size of job updated: 23944104
	23383  -  MemoryUsage of job (MB)
	23943488  -  ResidentSetSize of job (KB)
...
006 (9701434.000.000) 05/01 23:58:09 Image size of job updated: 23998924
	23435  -  MemoryUsage of job (MB)
	23996876  -  ResidentSetSize of job (KB)
...
006 (9701434.000.000) 05/02 00:03:09 Image size of job updated: 24044496
	23480  -  MemoryUsage of job (MB)
	24043272  -  ResidentSetSize of job (KB)
...
006 (9701434.000.000) 05/02 00:08:10 Image size of job updated: 24085860
	23520  -  MemoryUsage of job (MB)
	24083708  -  ResidentSetSize of job (KB)
...
006 (9701434.000.000) 05/02 00:13:10 Image size of job updated: 24229996
	23662  -  MemoryUsage of job (MB)
	24229788  -  ResidentSetSize of job (KB)
...
006 (9701434.000.000) 05/02 00:18:10 Image size of job updated: 24273864
	23702  -  MemoryUsage of job (MB)
	24270388  -  ResidentSetSize of job (KB)
...
006 (9701434.000.000) 05/02 00:23:11 Image size of job updated: 24312128
	23741  -  MemoryUsage of job (MB)
	24310060  -  ResidentSetSize of job (KB)
...
006 (9701434.000.000) 05/02 00:28:11 Image size of job updated: 24400912
	23829  -  MemoryUsage of job (MB)
	24400184  -  ResidentSetSize of job (KB)
...
006 (9701434.000.000) 05/02 00:33:11 Image size of job updated: 24443052
	23870  -  MemoryUsage of job (MB)
	24442608  -  ResidentSetSize of job (KB)
...
006 (9701434.000.000) 05/02 00:38:12 Image size of job updated: 24564184
	23985  -  MemoryUsage of job (MB)
	24560076  -  ResidentSetSize of job (KB)
...
006 (9701434.000.000) 05/02 00:43:13 Image size of job updated: 24603568
	24027  -  MemoryUsage of job (MB)
	24602988  -  ResidentSetSize of job (KB)
...
006 (9701434.000.000) 05/02 00:48:13 Image size of job updated: 24644912
	24066  -  MemoryUsage of job (MB)
	24642800  -  ResidentSetSize of job (KB)
...
006 (9701434.000.000) 05/02 00:53:13 Image size of job updated: 24683844
	24066  -  MemoryUsage of job (MB)
	24642800  -  ResidentSetSize of job (KB)
...
006 (9701434.000.000) 05/02 01:13:16 Image size of job updated: 24683844
	24084  -  MemoryUsage of job (MB)
	24661492  -  ResidentSetSize of job (KB)
...
006 (9701434.000.000) 05/02 01:23:16 Image size of job updated: 24741500
	24160  -  MemoryUsage of job (MB)
	24739144  -  ResidentSetSize of job (KB)
...
006 (9701434.000.000) 05/02 01:28:17 Image size of job updated: 24834576
	24253  -  MemoryUsage of job (MB)
	24834088  -  ResidentSetSize of job (KB)
...
006 (9701434.000.000) 05/02 01:33:18 Image size of job updated: 24957392
	24372  -  MemoryUsage of job (MB)
	24956800  -  ResidentSetSize of job (KB)
...
006 (9701434.000.000) 05/02 01:38:18 Image size of job updated: 24968512
	24380  -  MemoryUsage of job (MB)
	24964836  -  ResidentSetSize of job (KB)
...
006 (9701434.000.000) 05/02 01:43:18 Image size of job updated: 25015796
	24429  -  MemoryUsage of job (MB)
	25014444  -  ResidentSetSize of job (KB)
...
006 (9701434.000.000) 05/02 01:48:19 Image size of job updated: 25073016
	24436  -  MemoryUsage of job (MB)
	25022116  -  ResidentSetSize of job (KB)
...
006 (9701434.000.000) 05/02 01:53:19 Image size of job updated: 25112900
	24524  -  MemoryUsage of job (MB)
	25111964  -  ResidentSetSize of job (KB)
...
006 (9701434.000.000) 05/02 01:58:19 Image size of job updated: 25180792
	24574  -  MemoryUsage of job (MB)
	25163408  -  ResidentSetSize of job (KB)
...
006 (9701434.000.000) 05/02 02:03:20 Image size of job updated: 25259068
	24665  -  MemoryUsage of job (MB)
	25256720  -  ResidentSetSize of job (KB)
...
006 (9701434.000.000) 05/02 02:08:21 Image size of job updated: 25290760
	24665  -  MemoryUsage of job (MB)
	25256720  -  ResidentSetSize of job (KB)
...
006 (9701434.000.000) 05/02 02:13:21 Image size of job updated: 25361968
	24768  -  MemoryUsage of job (MB)
	25361540  -  ResidentSetSize of job (KB)
...
006 (9701434.000.000) 05/02 02:18:22 Image size of job updated: 25390316
	24768  -  MemoryUsage of job (MB)
	25361540  -  ResidentSetSize of job (KB)
...
006 (9701434.000.000) 05/02 02:23:23 Image size of job updated: 25437868
	24842  -  MemoryUsage of job (MB)
	25437568  -  ResidentSetSize of job (KB)
...
006 (9701434.000.000) 05/02 02:28:23 Image size of job updated: 25504060
	24906  -  MemoryUsage of job (MB)
	25503464  -  ResidentSetSize of job (KB)
...
006 (9701434.000.000) 05/02 02:33:23 Image size of job updated: 25642896
	25041  -  MemoryUsage of job (MB)
	25641028  -  ResidentSetSize of job (KB)
...
006 (9701434.000.000) 05/02 02:38:24 Image size of job updated: 25704000
	25049  -  MemoryUsage of job (MB)
	25649668  -  ResidentSetSize of job (KB)
...
006 (9701434.000.000) 05/02 02:48:24 Image size of job updated: 25722572
	25120  -  MemoryUsage of job (MB)
	25722320  -  ResidentSetSize of job (KB)
...
006 (9701434.000.000) 05/02 02:53:25 Image size of job updated: 25872300
	25266  -  MemoryUsage of job (MB)
	25871604  -  ResidentSetSize of job (KB)
...
006 (9701434.000.000) 05/02 02:58:25 Image size of job updated: 25910356
	25300  -  MemoryUsage of job (MB)
	25906400  -  ResidentSetSize of job (KB)
...
006 (9701434.000.000) 05/02 03:03:25 Image size of job updated: 26049232
	25438  -  MemoryUsage of job (MB)
	26047724  -  ResidentSetSize of job (KB)
...
006 (9701434.000.000) 05/02 03:08:26 Image size of job updated: 26187456
	25527  -  MemoryUsage of job (MB)
	26139444  -  ResidentSetSize of job (KB)
...
006 (9701434.000.000) 05/02 03:13:27 Image size of job updated: 26265180
	25648  -  MemoryUsage of job (MB)
	26263524  -  ResidentSetSize of job (KB)
...
006 (9701434.000.000) 05/02 03:18:27 Image size of job updated: 26331984
	25712  -  MemoryUsage of job (MB)
	26328968  -  ResidentSetSize of job (KB)
...
006 (9701434.000.000) 05/02 03:23:28 Image size of job updated: 26468476
	25846  -  MemoryUsage of job (MB)
	26465716  -  ResidentSetSize of job (KB)
...
006 (9701434.000.000) 05/02 03:28:29 Image size of job updated: 26556320
	25876  -  MemoryUsage of job (MB)
	26496528  -  ResidentSetSize of job (KB)
...
006 (9701434.000.000) 05/02 03:33:29 Image size of job updated: 26556944
	25879  -  MemoryUsage of job (MB)
	26499164  -  ResidentSetSize of job (KB)
...
006 (9701434.000.000) 05/02 03:38:29 Image size of job updated: 26607772
	25923  -  MemoryUsage of job (MB)
	26544204  -  ResidentSetSize of job (KB)
...
006 (9701434.000.000) 05/02 03:43:31 Image size of job updated: 26663144
	25923  -  MemoryUsage of job (MB)
	26544204  -  ResidentSetSize of job (KB)
...
006 (9701434.000.000) 05/02 03:58:32 Image size of job updated: 26663144
	25966  -  MemoryUsage of job (MB)
	26589076  -  ResidentSetSize of job (KB)
...
006 (9701434.000.000) 05/02 04:03:33 Image size of job updated: 26663144
	26009  -  MemoryUsage of job (MB)
	26633164  -  ResidentSetSize of job (KB)
...
006 (9701434.000.000) 05/02 04:08:33 Image size of job updated: 26772872
	26145  -  MemoryUsage of job (MB)
	26771956  -  ResidentSetSize of job (KB)
...
006 (9701434.000.000) 05/02 04:13:34 Image size of job updated: 26831376
	26200  -  MemoryUsage of job (MB)
	26828736  -  ResidentSetSize of job (KB)
...
006 (9701434.000.000) 05/02 04:18:35 Image size of job updated: 26897068
	26267  -  MemoryUsage of job (MB)
	26896816  -  ResidentSetSize of job (KB)
...
006 (9701434.000.000) 05/02 04:23:35 Image size of job updated: 27008780
	26374  -  MemoryUsage of job (MB)
	27006736  -  ResidentSetSize of job (KB)
...
006 (9701434.000.000) 05/02 04:28:35 Image size of job updated: 27045980
	26412  -  MemoryUsage of job (MB)
	27045496  -  ResidentSetSize of job (KB)
...
006 (9701434.000.000) 05/02 04:33:37 Image size of job updated: 27110616
	26474  -  MemoryUsage of job (MB)
	27109288  -  ResidentSetSize of job (KB)
...
006 (9701434.000.000) 05/02 04:38:37 Image size of job updated: 27277236
	26638  -  MemoryUsage of job (MB)
	27276440  -  ResidentSetSize of job (KB)
...
006 (9701434.000.000) 05/02 04:43:37 Image size of job updated: 27312888
	26672  -  MemoryUsage of job (MB)
	27311168  -  ResidentSetSize of job (KB)
...
006 (9701434.000.000) 05/02 04:48:38 Image size of job updated: 27335728
	26681  -  MemoryUsage of job (MB)
	27320708  -  ResidentSetSize of job (KB)
...
006 (9701434.000.000) 05/02 04:53:39 Image size of job updated: 27436408
	26744  -  MemoryUsage of job (MB)
	27384944  -  ResidentSetSize of job (KB)
...
006 (9701434.000.000) 05/02 04:58:39 Image size of job updated: 27436408
	26785  -  MemoryUsage of job (MB)
	27427708  -  ResidentSetSize of job (KB)
...
006 (9701434.000.000) 05/02 05:03:40 Image size of job updated: 27577056
	26931  -  MemoryUsage of job (MB)
	27576336  -  ResidentSetSize of job (KB)
...
006 (9701434.000.000) 05/02 05:08:41 Image size of job updated: 27610628
	26964  -  MemoryUsage of job (MB)
	27610624  -  ResidentSetSize of job (KB)
...
006 (9701434.000.000) 05/02 05:13:41 Image size of job updated: 27652944
	27003  -  MemoryUsage of job (MB)
	27650688  -  ResidentSetSize of job (KB)
...
006 (9701434.000.000) 05/02 05:18:41 Image size of job updated: 27789512
	27088  -  MemoryUsage of job (MB)
	27737696  -  ResidentSetSize of job (KB)
...
006 (9701434.000.000) 05/02 05:23:42 Image size of job updated: 27818916
	27124  -  MemoryUsage of job (MB)
	27774512  -  ResidentSetSize of job (KB)
...
006 (9701434.000.000) 05/02 05:28:42 Image size of job updated: 27898560
	27244  -  MemoryUsage of job (MB)
	27897160  -  ResidentSetSize of job (KB)
...
006 (9701434.000.000) 05/02 05:33:42 Image size of job updated: 27937880
	27283  -  MemoryUsage of job (MB)
	27937240  -  ResidentSetSize of job (KB)
...
006 (9701434.000.000) 05/02 05:38:43 Image size of job updated: 27973276
	27286  -  MemoryUsage of job (MB)
	27939964  -  ResidentSetSize of job (KB)
...
006 (9701434.000.000) 05/02 05:43:44 Image size of job updated: 28088156
	27428  -  MemoryUsage of job (MB)
	28086148  -  ResidentSetSize of job (KB)
...
006 (9701434.000.000) 05/02 05:48:44 Image size of job updated: 28181592
	27520  -  MemoryUsage of job (MB)
	28179984  -  ResidentSetSize of job (KB)
...
006 (9701434.000.000) 05/02 05:53:44 Image size of job updated: 28212500
	27549  -  MemoryUsage of job (MB)
	28209992  -  ResidentSetSize of job (KB)
...
006 (9701434.000.000) 05/02 05:58:45 Image size of job updated: 28236032
	27549  -  MemoryUsage of job (MB)
	28209992  -  ResidentSetSize of job (KB)
...
006 (9701434.000.000) 05/02 06:08:45 Image size of job updated: 28241120
	27579  -  MemoryUsage of job (MB)
	28239880  -  ResidentSetSize of job (KB)
...
006 (9701434.000.000) 05/02 06:13:47 Image size of job updated: 28357968
	27693  -  MemoryUsage of job (MB)
	28357112  -  ResidentSetSize of job (KB)
...
006 (9701434.000.000) 05/02 06:18:47 Image size of job updated: 28394084
	27726  -  MemoryUsage of job (MB)
	28390864  -  ResidentSetSize of job (KB)
...
006 (9701434.000.000) 05/02 06:23:47 Image size of job updated: 28431620
	27765  -  MemoryUsage of job (MB)
	28431024  -  ResidentSetSize of job (KB)
...
006 (9701434.000.000) 05/02 06:28:48 Image size of job updated: 28535616
	27765  -  MemoryUsage of job (MB)
	28431024  -  ResidentSetSize of job (KB)
...
006 (9701434.000.000) 05/02 06:43:50 Image size of job updated: 28535616
	27765  -  MemoryUsage of job (MB)
	28431184  -  ResidentSetSize of job (KB)
...
006 (9701434.000.000) 05/02 06:53:51 Image size of job updated: 28535616
	27795  -  MemoryUsage of job (MB)
	28461348  -  ResidentSetSize of job (KB)
...
006 (9701434.000.000) 05/02 06:58:51 Image size of job updated: 28554064
	27883  -  MemoryUsage of job (MB)
	28552060  -  ResidentSetSize of job (KB)
...
006 (9701434.000.000) 05/02 07:03:52 Image size of job updated: 28577948
	27908  -  MemoryUsage of job (MB)
	28577168  -  ResidentSetSize of job (KB)
...
006 (9701434.000.000) 05/02 07:08:52 Image size of job updated: 28608704
	27916  -  MemoryUsage of job (MB)
	28585324  -  ResidentSetSize of job (KB)
...
006 (9701434.000.000) 05/02 07:13:52 Image size of job updated: 28688224
	28013  -  MemoryUsage of job (MB)
	28685036  -  ResidentSetSize of job (KB)
...
006 (9701434.000.000) 05/02 07:18:53 Image size of job updated: 28799828
	28124  -  MemoryUsage of job (MB)
	28797972  -  ResidentSetSize of job (KB)
...
006 (9701434.000.000) 05/02 07:23:54 Image size of job updated: 28808528
	28124  -  MemoryUsage of job (MB)
	28798692  -  ResidentSetSize of job (KB)
...
006 (9701434.000.000) 05/02 07:28:54 Image size of job updated: 28852848
	28177  -  MemoryUsage of job (MB)
	28852268  -  ResidentSetSize of job (KB)
...
006 (9701434.000.000) 05/02 07:33:55 Image size of job updated: 28923560
	28219  -  MemoryUsage of job (MB)
	28896224  -  ResidentSetSize of job (KB)
...
006 (9701434.000.000) 05/02 07:38:56 Image size of job updated: 28989576
	28309  -  MemoryUsage of job (MB)
	28987404  -  ResidentSetSize of job (KB)
...
006 (9701434.000.000) 05/02 07:43:56 Image size of job updated: 29048740
	28367  -  MemoryUsage of job (MB)
	29046896  -  ResidentSetSize of job (KB)
...
006 (9701434.000.000) 05/02 07:48:56 Image size of job updated: 29145536
	28367  -  MemoryUsage of job (MB)
	29046896  -  ResidentSetSize of job (KB)
...
006 (9701434.000.000) 05/02 08:03:57 Image size of job updated: 29173596
	28490  -  MemoryUsage of job (MB)
	29172916  -  ResidentSetSize of job (KB)
...
006 (9701434.000.000) 05/02 08:08:58 Image size of job updated: 29209732
	28522  -  MemoryUsage of job (MB)
	29206224  -  ResidentSetSize of job (KB)
...
006 (9701434.000.000) 05/02 08:13:58 Image size of job updated: 29295804
	28608  -  MemoryUsage of job (MB)
	29293788  -  ResidentSetSize of job (KB)
...
006 (9701434.000.000) 05/02 08:18:58 Image size of job updated: 29381092
	28692  -  MemoryUsage of job (MB)
	29380192  -  ResidentSetSize of job (KB)
...
006 (9701434.000.000) 05/02 08:23:59 Image size of job updated: 29419684
	28730  -  MemoryUsage of job (MB)
	29418664  -  ResidentSetSize of job (KB)
...
006 (9701434.000.000) 05/02 08:29:00 Image size of job updated: 29561884
	28868  -  MemoryUsage of job (MB)
	29559992  -  ResidentSetSize of job (KB)
...
006 (9701434.000.000) 05/02 08:34:00 Image size of job updated: 29626380
	28930  -  MemoryUsage of job (MB)
	29624044  -  ResidentSetSize of job (KB)
...
006 (9701434.000.000) 05/02 08:39:01 Image size of job updated: 29656232
	28960  -  MemoryUsage of job (MB)
	29654092  -  ResidentSetSize of job (KB)
...
006 (9701434.000.000) 05/02 08:44:02 Image size of job updated: 29698676
	28993  -  MemoryUsage of job (MB)
	29688044  -  ResidentSetSize of job (KB)
...
006 (9701434.000.000) 05/02 08:49:02 Image size of job updated: 29784880
	29085  -  MemoryUsage of job (MB)
	29782052  -  ResidentSetSize of job (KB)
...
006 (9701434.000.000) 05/02 08:54:02 Image size of job updated: 29888848
	29186  -  MemoryUsage of job (MB)
	29886344  -  ResidentSetSize of job (KB)
...
006 (9701434.000.000) 05/02 08:59:04 Image size of job updated: 30005056
	29299  -  MemoryUsage of job (MB)
	30001748  -  ResidentSetSize of job (KB)
...
006 (9701434.000.000) 05/02 09:04:04 Image size of job updated: 30054800
	29350  -  MemoryUsage of job (MB)
	30053796  -  ResidentSetSize of job (KB)
...
006 (9701434.000.000) 05/02 09:09:04 Image size of job updated: 30092060
	29386  -  MemoryUsage of job (MB)
	30091088  -  ResidentSetSize of job (KB)
...
006 (9701434.000.000) 05/02 09:14:05 Image size of job updated: 30237396
	29526  -  MemoryUsage of job (MB)
	30234616  -  ResidentSetSize of job (KB)
...
006 (9701434.000.000) 05/02 09:19:06 Image size of job updated: 30275924
	29565  -  MemoryUsage of job (MB)
	30273660  -  ResidentSetSize of job (KB)
...
006 (9701434.000.000) 05/02 09:24:06 Image size of job updated: 30327136
	29614  -  MemoryUsage of job (MB)
	30324612  -  ResidentSetSize of job (KB)
...
006 (9701434.000.000) 05/02 09:29:07 Image size of job updated: 30373000
	29614  -  MemoryUsage of job (MB)
	30324612  -  ResidentSetSize of job (KB)
...
006 (9701434.000.000) 05/02 09:39:08 Image size of job updated: 30373000
	29646  -  MemoryUsage of job (MB)
	30357432  -  ResidentSetSize of job (KB)
...
006 (9701434.000.000) 05/02 09:44:08 Image size of job updated: 30415916
	29703  -  MemoryUsage of job (MB)
	30415236  -  ResidentSetSize of job (KB)
...
006 (9701434.000.000) 05/02 09:49:10 Image size of job updated: 30505588
	29789  -  MemoryUsage of job (MB)
	30503756  -  ResidentSetSize of job (KB)
...
006 (9701434.000.000) 05/02 09:54:10 Image size of job updated: 30516260
	29789  -  MemoryUsage of job (MB)
	30503756  -  ResidentSetSize of job (KB)
...
006 (9701434.000.000) 05/02 09:59:10 Image size of job updated: 30613480
	29896  -  MemoryUsage of job (MB)
	30612816  -  ResidentSetSize of job (KB)
...
006 (9701434.000.000) 05/02 10:04:11 Image size of job updated: 30707484
	29987  -  MemoryUsage of job (MB)
	30706608  -  ResidentSetSize of job (KB)
...
006 (9701434.000.000) 05/02 10:09:12 Image size of job updated: 30721096
	29987  -  MemoryUsage of job (MB)
	30706608  -  ResidentSetSize of job (KB)
...
006 (9701434.000.000) 05/02 10:14:12 Image size of job updated: 30770268
	30010  -  MemoryUsage of job (MB)
	30729260  -  ResidentSetSize of job (KB)
...
006 (9701434.000.000) 05/02 10:19:13 Image size of job updated: 30841556
	30118  -  MemoryUsage of job (MB)
	30840372  -  ResidentSetSize of job (KB)
...
006 (9701434.000.000) 05/02 10:24:14 Image size of job updated: 30854244
	30118  -  MemoryUsage of job (MB)
	30840372  -  ResidentSetSize of job (KB)
...
006 (9701434.000.000) 05/02 12:39:27 Image size of job updated: 30874656
	30151  -  MemoryUsage of job (MB)
	30873952  -  ResidentSetSize of job (KB)
...
006 (9701434.000.000) 05/02 12:44:27 Image size of job updated: 30980600
	30215  -  MemoryUsage of job (MB)
	30939376  -  ResidentSetSize of job (KB)
...
006 (9701434.000.000) 05/02 12:49:27 Image size of job updated: 31032792
	30305  -  MemoryUsage of job (MB)
	31032088  -  ResidentSetSize of job (KB)
...
006 (9701434.000.000) 05/02 12:54:28 Image size of job updated: 31151528
	30421  -  MemoryUsage of job (MB)
	31150824  -  ResidentSetSize of job (KB)
...
006 (9701434.000.000) 05/02 12:59:28 Image size of job updated: 31194144
	30461  -  MemoryUsage of job (MB)
	31191416  -  ResidentSetSize of job (KB)
...
006 (9701434.000.000) 05/02 13:04:28 Image size of job updated: 31280952
	30547  -  MemoryUsage of job (MB)
	31280084  -  ResidentSetSize of job (KB)
...
006 (9701434.000.000) 05/02 13:09:29 Image size of job updated: 31338988
	30604  -  MemoryUsage of job (MB)
	31338424  -  ResidentSetSize of job (KB)
...
006 (9701434.000.000) 05/02 13:14:30 Image size of job updated: 31344588
	30604  -  MemoryUsage of job (MB)
	31338424  -  ResidentSetSize of job (KB)
...
006 (9701434.000.000) 05/02 13:19:30 Image size of job updated: 31436228
	30604  -  MemoryUsage of job (MB)
	31338424  -  ResidentSetSize of job (KB)
...
006 (9701434.000.000) 05/02 13:24:31 Image size of job updated: 31436228
	30657  -  MemoryUsage of job (MB)
	31392368  -  ResidentSetSize of job (KB)
...
006 (9701434.000.000) 05/02 13:29:32 Image size of job updated: 31455696
	30718  -  MemoryUsage of job (MB)
	31455060  -  ResidentSetSize of job (KB)
...
006 (9701434.000.000) 05/02 13:34:32 Image size of job updated: 31626616
	30883  -  MemoryUsage of job (MB)
	31623636  -  ResidentSetSize of job (KB)
...
006 (9701434.000.000) 05/02 13:39:33 Image size of job updated: 31668040
	30926  -  MemoryUsage of job (MB)
	31667256  -  ResidentSetSize of job (KB)
...
006 (9701434.000.000) 05/02 13:44:34 Image size of job updated: 31713340
	30970  -  MemoryUsage of job (MB)
	31712920  -  ResidentSetSize of job (KB)
...
006 (9701434.000.000) 05/02 13:49:34 Image size of job updated: 31873308
	31083  -  MemoryUsage of job (MB)
	31828292  -  ResidentSetSize of job (KB)
...
006 (9701434.000.000) 05/02 13:54:34 Image size of job updated: 31873308
	31125  -  MemoryUsage of job (MB)
	31871272  -  ResidentSetSize of job (KB)
...
006 (9701434.000.000) 05/02 13:59:35 Image size of job updated: 31913724
	31125  -  MemoryUsage of job (MB)
	31871276  -  ResidentSetSize of job (KB)
...
006 (9701434.000.000) 05/02 14:04:35 Image size of job updated: 31923652
	31175  -  MemoryUsage of job (MB)
	31922404  -  ResidentSetSize of job (KB)
...
006 (9701434.000.000) 05/02 14:09:35 Image size of job updated: 31963864
	31215  -  MemoryUsage of job (MB)
	31963428  -  ResidentSetSize of job (KB)
...
006 (9701434.000.000) 05/02 14:14:36 Image size of job updated: 32023920
	31273  -  MemoryUsage of job (MB)
	32022628  -  ResidentSetSize of job (KB)
...
006 (9701434.000.000) 05/02 14:19:37 Image size of job updated: 32067688
	31315  -  MemoryUsage of job (MB)
	32065772  -  ResidentSetSize of job (KB)
...
006 (9701434.000.000) 05/02 14:24:37 Image size of job updated: 32106544
	31354  -  MemoryUsage of job (MB)
	32105592  -  ResidentSetSize of job (KB)
...
006 (9701434.000.000) 05/02 14:29:38 Image size of job updated: 33784844
	32232  -  MemoryUsage of job (MB)
	33005180  -  ResidentSetSize of job (KB)
...
006 (9701434.000.000) 05/02 14:34:38 Image size of job updated: 33784844
	32272  -  MemoryUsage of job (MB)
	33045964  -  ResidentSetSize of job (KB)
...
006 (9701434.000.000) 05/02 14:39:38 Image size of job updated: 33784844
	32317  -  MemoryUsage of job (MB)
	33092332  -  ResidentSetSize of job (KB)
...
006 (9701434.000.000) 05/02 14:49:40 Image size of job updated: 33784844
	32371  -  MemoryUsage of job (MB)
	33147380  -  ResidentSetSize of job (KB)
...
006 (9701434.000.000) 05/02 14:54:40 Image size of job updated: 33784844
	32473  -  MemoryUsage of job (MB)
	33251940  -  ResidentSetSize of job (KB)
...
006 (9701434.000.000) 05/02 14:59:40 Image size of job updated: 33784844
	32513  -  MemoryUsage of job (MB)
	33293024  -  ResidentSetSize of job (KB)
...
006 (9701434.000.000) 05/02 15:04:41 Image size of job updated: 33784844
	32552  -  MemoryUsage of job (MB)
	33332392  -  ResidentSetSize of job (KB)
...
006 (9701434.000.000) 05/02 15:09:41 Image size of job updated: 33784844
	32578  -  MemoryUsage of job (MB)
	33359252  -  ResidentSetSize of job (KB)
...
006 (9701434.000.000) 05/02 15:14:41 Image size of job updated: 33784844
	32636  -  MemoryUsage of job (MB)
	33418948  -  ResidentSetSize of job (KB)
...
006 (9701434.000.000) 05/02 15:19:42 Image size of job updated: 33784844
	32797  -  MemoryUsage of job (MB)
	33583844  -  ResidentSetSize of job (KB)
...
006 (9701434.000.000) 05/02 15:24:43 Image size of job updated: 33784844
	32835  -  MemoryUsage of job (MB)
	33622408  -  ResidentSetSize of job (KB)
...
006 (9701434.000.000) 05/02 15:29:43 Image size of job updated: 33784844
	32874  -  MemoryUsage of job (MB)
	33662408  -  ResidentSetSize of job (KB)
...
006 (9701434.000.000) 05/02 15:34:44 Image size of job updated: 33784844
	32945  -  MemoryUsage of job (MB)
	33735540  -  ResidentSetSize of job (KB)
...
006 (9701434.000.000) 05/02 15:39:45 Image size of job updated: 33789844
	32998  -  MemoryUsage of job (MB)
	33789460  -  ResidentSetSize of job (KB)
...
006 (9701434.000.000) 05/02 15:44:45 Image size of job updated: 33845180
	33052  -  MemoryUsage of job (MB)
	33844916  -  ResidentSetSize of job (KB)
...
006 (9701434.000.000) 05/02 15:49:46 Image size of job updated: 34005232
	33208  -  MemoryUsage of job (MB)
	34004544  -  ResidentSetSize of job (KB)
...
006 (9701434.000.000) 05/02 15:54:47 Image size of job updated: 34045624
	33248  -  MemoryUsage of job (MB)
	34045120  -  ResidentSetSize of job (KB)
...
006 (9701434.000.000) 05/02 15:59:47 Image size of job updated: 34085032
	33260  -  MemoryUsage of job (MB)
	34057240  -  ResidentSetSize of job (KB)
...
006 (9701434.000.000) 05/02 16:04:47 Image size of job updated: 34174672
	33372  -  MemoryUsage of job (MB)
	34172892  -  ResidentSetSize of job (KB)
...
006 (9701434.000.000) 05/02 16:09:48 Image size of job updated: 34213628
	33410  -  MemoryUsage of job (MB)
	34211732  -  ResidentSetSize of job (KB)
...
006 (9701434.000.000) 05/02 16:14:48 Image size of job updated: 34358212
	33553  -  MemoryUsage of job (MB)
	34357376  -  ResidentSetSize of job (KB)
...
006 (9701434.000.000) 05/02 16:19:48 Image size of job updated: 34397780
	33591  -  MemoryUsage of job (MB)
	34397140  -  ResidentSetSize of job (KB)
...
006 (9701434.000.000) 05/02 16:24:49 Image size of job updated: 34437896
	33631  -  MemoryUsage of job (MB)
	34437200  -  ResidentSetSize of job (KB)
...
006 (9701434.000.000) 05/02 16:29:50 Image size of job updated: 34556472
	33745  -  MemoryUsage of job (MB)
	34554760  -  ResidentSetSize of job (KB)
...
006 (9701434.000.000) 05/02 16:34:50 Image size of job updated: 34597352
	33785  -  MemoryUsage of job (MB)
	34595092  -  ResidentSetSize of job (KB)
...
006 (9701434.000.000) 05/02 16:39:51 Image size of job updated: 34637020
	33824  -  MemoryUsage of job (MB)
	34635620  -  ResidentSetSize of job (KB)
...
006 (9701434.000.000) 05/02 16:44:52 Image size of job updated: 34683048
	33824  -  MemoryUsage of job (MB)
	34635620  -  ResidentSetSize of job (KB)
...
006 (9701434.000.000) 05/02 17:04:53 Image size of job updated: 34683048
	33833  -  MemoryUsage of job (MB)
	34644164  -  ResidentSetSize of job (KB)
...
006 (9701434.000.000) 05/02 17:09:53 Image size of job updated: 34704792
	33890  -  MemoryUsage of job (MB)
	34703280  -  ResidentSetSize of job (KB)
...
006 (9701434.000.000) 05/02 17:14:54 Image size of job updated: 34744824
	33931  -  MemoryUsage of job (MB)
	34744576  -  ResidentSetSize of job (KB)
...
006 (9701434.000.000) 05/02 17:19:55 Image size of job updated: 34837748
	34020  -  MemoryUsage of job (MB)
	34835708  -  ResidentSetSize of job (KB)
...
006 (9701434.000.000) 05/02 17:24:55 Image size of job updated: 34874808
	34057  -  MemoryUsage of job (MB)
	34874348  -  ResidentSetSize of job (KB)
...
006 (9701434.000.000) 05/02 17:29:56 Image size of job updated: 34905972
	34064  -  MemoryUsage of job (MB)
	34881272  -  ResidentSetSize of job (KB)
...
006 (9701434.000.000) 05/02 17:34:57 Image size of job updated: 34926572
	34106  -  MemoryUsage of job (MB)
	34924296  -  ResidentSetSize of job (KB)
...
006 (9701434.000.000) 05/02 17:39:57 Image size of job updated: 35053476
	34232  -  MemoryUsage of job (MB)
	35052976  -  ResidentSetSize of job (KB)
...
006 (9701434.000.000) 05/02 17:44:57 Image size of job updated: 35099268
	34275  -  MemoryUsage of job (MB)
	35097576  -  ResidentSetSize of job (KB)
...
006 (9701434.000.000) 05/02 17:49:58 Image size of job updated: 35188288
	34364  -  MemoryUsage of job (MB)
	35188084  -  ResidentSetSize of job (KB)
...
006 (9701434.000.000) 05/02 17:54:58 Image size of job updated: 35231284
	34404  -  MemoryUsage of job (MB)
	35228984  -  ResidentSetSize of job (KB)
...
006 (9701434.000.000) 05/02 17:59:58 Image size of job updated: 35293208
	34466  -  MemoryUsage of job (MB)
	35292520  -  ResidentSetSize of job (KB)
...
006 (9701434.000.000) 05/02 18:05:00 Image size of job updated: 35336300
	34507  -  MemoryUsage of job (MB)
	35334256  -  ResidentSetSize of job (KB)
...
006 (9701434.000.000) 05/02 18:10:00 Image size of job updated: 35397740
	34567  -  MemoryUsage of job (MB)
	35395712  -  ResidentSetSize of job (KB)
...
006 (9701434.000.000) 05/02 18:15:00 Image size of job updated: 35438624
	34606  -  MemoryUsage of job (MB)
	35435784  -  ResidentSetSize of job (KB)
...
006 (9701434.000.000) 05/02 18:20:01 Image size of job updated: 35556552
	34723  -  MemoryUsage of job (MB)
	35555800  -  ResidentSetSize of job (KB)
...
006 (9701434.000.000) 05/02 18:25:02 Image size of job updated: 35678496
	34842  -  MemoryUsage of job (MB)
	35677864  -  ResidentSetSize of job (KB)
...
006 (9701434.000.000) 05/02 18:30:02 Image size of job updated: 35721140
	34882  -  MemoryUsage of job (MB)
	35719092  -  ResidentSetSize of job (KB)
...
006 (9701434.000.000) 05/02 18:35:02 Image size of job updated: 35782168
	34942  -  MemoryUsage of job (MB)
	35780176  -  ResidentSetSize of job (KB)
...
006 (9701434.000.000) 05/02 18:40:02 Image size of job updated: 35824020
	34983  -  MemoryUsage of job (MB)
	35821712  -  ResidentSetSize of job (KB)
...
006 (9701434.000.000) 05/02 18:45:02 Image size of job updated: 35926020
	34983  -  MemoryUsage of job (MB)
	35821712  -  ResidentSetSize of job (KB)
...
006 (9701434.000.000) 05/02 18:50:03 Image size of job updated: 35926020
	34994  -  MemoryUsage of job (MB)
	35833776  -  ResidentSetSize of job (KB)
...
006 (9701434.000.000) 05/02 18:55:03 Image size of job updated: 35926020
	35006  -  MemoryUsage of job (MB)
	35845140  -  ResidentSetSize of job (KB)
...
006 (9701434.000.000) 05/02 19:00:03 Image size of job updated: 35978896
	35087  -  MemoryUsage of job (MB)
	35928080  -  ResidentSetSize of job (KB)
...
006 (9701434.000.000) 05/02 19:05:04 Image size of job updated: 36024180
	35180  -  MemoryUsage of job (MB)
	36023392  -  ResidentSetSize of job (KB)
...
006 (9701434.000.000) 05/02 19:10:04 Image size of job updated: 36145412
	35297  -  MemoryUsage of job (MB)
	36143192  -  ResidentSetSize of job (KB)
...
006 (9701434.000.000) 05/02 19:15:04 Image size of job updated: 36205256
	35304  -  MemoryUsage of job (MB)
	36151088  -  ResidentSetSize of job (KB)
...
006 (9701434.000.000) 05/02 19:20:05 Image size of job updated: 36249852
	35400  -  MemoryUsage of job (MB)
	36248924  -  ResidentSetSize of job (KB)
...
006 (9701434.000.000) 05/02 19:25:06 Image size of job updated: 36319212
	35468  -  MemoryUsage of job (MB)
	36318856  -  ResidentSetSize of job (KB)
...
006 (9701434.000.000) 05/02 19:30:06 Image size of job updated: 36357964
	35505  -  MemoryUsage of job (MB)
	36357068  -  ResidentSetSize of job (KB)
...
006 (9701434.000.000) 05/02 19:35:07 Image size of job updated: 36423056
	35569  -  MemoryUsage of job (MB)
	36422304  -  ResidentSetSize of job (KB)
...
006 (9701434.000.000) 05/02 19:40:08 Image size of job updated: 36438560
	35569  -  MemoryUsage of job (MB)
	36422304  -  ResidentSetSize of job (KB)
...
006 (9701434.000.000) 05/02 19:45:08 Image size of job updated: 36473432
	35617  -  MemoryUsage of job (MB)
	36471144  -  ResidentSetSize of job (KB)
...
006 (9701434.000.000) 05/02 19:50:08 Image size of job updated: 36567044
	35708  -  MemoryUsage of job (MB)
	36564644  -  ResidentSetSize of job (KB)
...
006 (9701434.000.000) 05/02 19:55:09 Image size of job updated: 36575100
	35708  -  MemoryUsage of job (MB)
	36564644  -  ResidentSetSize of job (KB)
...
006 (9701434.000.000) 05/02 20:00:09 Image size of job updated: 36623180
	35763  -  MemoryUsage of job (MB)
	36620684  -  ResidentSetSize of job (KB)
...
006 (9701434.000.000) 05/02 20:05:09 Image size of job updated: 36769816
	35905  -  MemoryUsage of job (MB)
	36766544  -  ResidentSetSize of job (KB)
...
006 (9701434.000.000) 05/02 20:10:10 Image size of job updated: 36795636
	35905  -  MemoryUsage of job (MB)
	36766548  -  ResidentSetSize of job (KB)
...
006 (9701434.000.000) 05/02 20:15:11 Image size of job updated: 36795636
	35924  -  MemoryUsage of job (MB)
	36785240  -  ResidentSetSize of job (KB)
...
006 (9701434.000.000) 05/02 20:20:11 Image size of job updated: 36866008
	35963  -  MemoryUsage of job (MB)
	36825772  -  ResidentSetSize of job (KB)
...
006 (9701434.000.000) 05/02 20:25:12 Image size of job updated: 36866008
	35996  -  MemoryUsage of job (MB)
	36859084  -  ResidentSetSize of job (KB)
...
006 (9701434.000.000) 05/02 20:30:13 Image size of job updated: 36868992
	35996  -  MemoryUsage of job (MB)
	36859084  -  ResidentSetSize of job (KB)
...
006 (9701434.000.000) 05/02 20:35:13 Image size of job updated: 36882220
	36017  -  MemoryUsage of job (MB)
	36880464  -  ResidentSetSize of job (KB)
...
006 (9701434.000.000) 05/02 20:40:14 Image size of job updated: 36967008
	36045  -  MemoryUsage of job (MB)
	36909748  -  ResidentSetSize of job (KB)
...
006 (9701434.000.000) 05/02 20:45:15 Image size of job updated: 37128868
	36258  -  MemoryUsage of job (MB)
	37127788  -  ResidentSetSize of job (KB)
...
006 (9701434.000.000) 05/02 20:50:15 Image size of job updated: 37232996
	36359  -  MemoryUsage of job (MB)
	37231472  -  ResidentSetSize of job (KB)
...
006 (9701434.000.000) 05/02 20:55:15 Image size of job updated: 37279792
	36359  -  MemoryUsage of job (MB)
	37231472  -  ResidentSetSize of job (KB)
...
006 (9701434.000.000) 05/02 21:00:16 Image size of job updated: 37323808
	36449  -  MemoryUsage of job (MB)
	37322860  -  ResidentSetSize of job (KB)
...
006 (9701434.000.000) 05/02 21:05:16 Image size of job updated: 37361464
	36484  -  MemoryUsage of job (MB)
	37359016  -  ResidentSetSize of job (KB)
...
006 (9701434.000.000) 05/02 21:10:16 Image size of job updated: 37421232
	36543  -  MemoryUsage of job (MB)
	37419084  -  ResidentSetSize of job (KB)
...
006 (9701434.000.000) 05/02 21:15:17 Image size of job updated: 37431008
	36543  -  MemoryUsage of job (MB)
	37419084  -  ResidentSetSize of job (KB)
...
006 (9701434.000.000) 05/02 21:20:18 Image size of job updated: 37438848
	36561  -  MemoryUsage of job (MB)
	37437496  -  ResidentSetSize of job (KB)
...
006 (9701434.000.000) 05/02 21:25:18 Image size of job updated: 37589580
	36708  -  MemoryUsage of job (MB)
	37588084  -  ResidentSetSize of job (KB)
...
006 (9701434.000.000) 05/02 21:30:19 Image size of job updated: 37625352
	36744  -  MemoryUsage of job (MB)
	37625112  -  ResidentSetSize of job (KB)
...
006 (9701434.000.000) 05/02 21:35:20 Image size of job updated: 37721740
	36837  -  MemoryUsage of job (MB)
	37720976  -  ResidentSetSize of job (KB)
...
006 (9701434.000.000) 05/02 21:40:20 Image size of job updated: 37847700
	36919  -  MemoryUsage of job (MB)
	37804976  -  ResidentSetSize of job (KB)
...
006 (9701434.000.000) 05/02 21:45:21 Image size of job updated: 37864124
	36919  -  MemoryUsage of job (MB)
	37804976  -  ResidentSetSize of job (KB)
...
006 (9701434.000.000) 05/02 21:55:22 Image size of job updated: 37864124
	36967  -  MemoryUsage of job (MB)
	37853204  -  ResidentSetSize of job (KB)
...
006 (9701434.000.000) 05/02 22:00:22 Image size of job updated: 37892200
	36967  -  MemoryUsage of job (MB)
	37853204  -  ResidentSetSize of job (KB)
...
006 (9701434.000.000) 05/02 22:10:23 Image size of job updated: 37892200
	36974  -  MemoryUsage of job (MB)
	37861128  -  ResidentSetSize of job (KB)
...
006 (9701434.000.000) 05/02 22:15:23 Image size of job updated: 37929360
	37039  -  MemoryUsage of job (MB)
	37926956  -  ResidentSetSize of job (KB)
...
006 (9701434.000.000) 05/02 22:20:24 Image size of job updated: 37965036
	37075  -  MemoryUsage of job (MB)
	37964240  -  ResidentSetSize of job (KB)
...
006 (9701434.000.000) 05/02 22:25:25 Image size of job updated: 37997268
	37075  -  MemoryUsage of job (MB)
	37964240  -  ResidentSetSize of job (KB)
...
006 (9701434.000.000) 05/02 22:35:27 Image size of job updated: 38018748
	37100  -  MemoryUsage of job (MB)
	37990228  -  ResidentSetSize of job (KB)
...
006 (9701434.000.000) 05/02 22:40:27 Image size of job updated: 38170504
	37276  -  MemoryUsage of job (MB)
	38169708  -  ResidentSetSize of job (KB)
...
006 (9701434.000.000) 05/02 22:45:27 Image size of job updated: 38211344
	37313  -  MemoryUsage of job (MB)
	38208428  -  ResidentSetSize of job (KB)
...
006 (9701434.000.000) 05/02 22:50:28 Image size of job updated: 38292624
	37395  -  MemoryUsage of job (MB)
	38292216  -  ResidentSetSize of job (KB)
...
006 (9701434.000.000) 05/02 22:55:29 Image size of job updated: 38337064
	37439  -  MemoryUsage of job (MB)
	38336560  -  ResidentSetSize of job (KB)
...
006 (9701434.000.000) 05/02 23:00:29 Image size of job updated: 38375636
	37470  -  MemoryUsage of job (MB)
	38369020  -  ResidentSetSize of job (KB)
...
006 (9701434.000.000) 05/02 23:05:30 Image size of job updated: 38410188
	37510  -  MemoryUsage of job (MB)
	38409848  -  ResidentSetSize of job (KB)
...
006 (9701434.000.000) 05/02 23:10:31 Image size of job updated: 38460144
	37559  -  MemoryUsage of job (MB)
	38459524  -  ResidentSetSize of job (KB)
...
006 (9701434.000.000) 05/02 23:15:31 Image size of job updated: 38618908
	37712  -  MemoryUsage of job (MB)
	38616888  -  ResidentSetSize of job (KB)
...
006 (9701434.000.000) 05/02 23:20:31 Image size of job updated: 38654020
	37747  -  MemoryUsage of job (MB)
	38652712  -  ResidentSetSize of job (KB)
...
006 (9701434.000.000) 05/02 23:25:32 Image size of job updated: 38693320
	37786  -  MemoryUsage of job (MB)
	38692816  -  ResidentSetSize of job (KB)
...
006 (9701434.000.000) 05/02 23:30:32 Image size of job updated: 38749728
	37842  -  MemoryUsage of job (MB)
	38749244  -  ResidentSetSize of job (KB)
...
006 (9701434.000.000) 05/02 23:35:32 Image size of job updated: 38844936
	37934  -  MemoryUsage of job (MB)
	38843892  -  ResidentSetSize of job (KB)
...
006 (9701434.000.000) 05/02 23:40:33 Image size of job updated: 39050684
	38092  -  MemoryUsage of job (MB)
	39006120  -  ResidentSetSize of job (KB)
...
006 (9701434.000.000) 05/02 23:45:34 Image size of job updated: 39194292
	38233  -  MemoryUsage of job (MB)
	39149688  -  ResidentSetSize of job (KB)
...
006 (9701434.000.000) 05/02 23:49:49 Image size of job updated: 39300916
	38233  -  MemoryUsage of job (MB)
	39149688  -  ResidentSetSize of job (KB)
...
040 (9701434.000.000) 05/02 23:49:49 Started transferring output files
...
040 (9701434.000.000) 05/02 23:50:25 Finished transferring output files
...
007 (9701434.000.000) 05/02 23:50:25 Shadow exception!
	Error from slot1_25@b9g18p7324.cern.ch: STARTER at 128.142.192.160 failed to send file(s) to <137.138.156.150:9618>: |Error: sending file /pool/condor/dir_2121465/_condor_stdout: max total download bytes exceeded (max=1024 MB, this file=1156 MB); SHADOW failed to receive file(s) from <128.142.192.160:38635>
	1073741824  -  Run Bytes Sent By Job
	209  -  Run Bytes Received By Job
...
012 (9701434.000.000) 05/02 23:50:25 Job was held.
	Error from slot1_25@b9g18p7324.cern.ch: STARTER at 128.142.192.160 failed to send file(s) to <137.138.156.150:9618>: |Error: sending file /pool/condor/dir_2121465/_condor_stdout: max total download bytes exceeded (max=1024 MB, this file=1156 MB); SHADOW failed to receive file(s) from <128.142.192.160:38635>
	Code 33 Subcode 0
...
009 (9701434.000.000) 05/02 23:50:28 Job was aborted.
	Job removed by SYSTEM_PERIODIC_REMOVE due to Job attempted to transfer out more than 1GB of data.

	Job terminated by itself at 2024-05-02T21:49:49Z (using method 0: OF_ITS_OWN_ACCORD).
...
