000 (9701453.000.000) 04/30 14:26:21 Job submitted from host: <137.138.156.150:9618?addrs=137.138.156.150-9618+[2001-1458-d00-14--9a]-9618&alias=bigbird13.cern.ch&noUDP&sock=schedd_2138_1192>
...
040 (9701453.000.000) 04/30 14:29:11 Started transferring input files
	Transferring to host: <128.142.63.35:9618?addrs=128.142.63.35-9618+[2001-1458-301-38--100-20]-9618&alias=b9s08p8065.cern.ch&noUDP&sock=slot1_24_2620_c6e4_108479>
...
040 (9701453.000.000) 04/30 14:29:11 Finished transferring input files
...
001 (9701453.000.000) 04/30 14:29:12 Job executing on host: <128.142.63.35:9618?addrs=128.142.63.35-9618+[2001-1458-301-38--100-20]-9618&alias=b9s08p8065.cern.ch&noUDP&sock=startd_2546_ec36>
...
006 (9701453.000.000) 04/30 14:29:21 Image size of job updated: 13172
	13  -  MemoryUsage of job (MB)
	13172  -  ResidentSetSize of job (KB)
...
006 (9701453.000.000) 04/30 14:34:22 Image size of job updated: 268572
	263  -  MemoryUsage of job (MB)
	268572  -  ResidentSetSize of job (KB)
...
006 (9701453.000.000) 04/30 14:39:22 Image size of job updated: 518768
	507  -  MemoryUsage of job (MB)
	518768  -  ResidentSetSize of job (KB)
...
006 (9701453.000.000) 04/30 14:44:22 Image size of job updated: 2274592
	2220  -  MemoryUsage of job (MB)
	2272560  -  ResidentSetSize of job (KB)
...
006 (9701453.000.000) 04/30 14:49:23 Image size of job updated: 2454116
	2395  -  MemoryUsage of job (MB)
	2452396  -  ResidentSetSize of job (KB)
...
006 (9701453.000.000) 04/30 14:54:24 Image size of job updated: 2476320
	2395  -  MemoryUsage of job (MB)
	2452396  -  ResidentSetSize of job (KB)
...
006 (9701453.000.000) 04/30 15:09:26 Image size of job updated: 2476320
	2407  -  MemoryUsage of job (MB)
	2464372  -  ResidentSetSize of job (KB)
...
006 (9701453.000.000) 04/30 15:14:26 Image size of job updated: 2590748
	2529  -  MemoryUsage of job (MB)
	2589024  -  ResidentSetSize of job (KB)
...
006 (9701453.000.000) 04/30 15:19:26 Image size of job updated: 2685612
	2622  -  MemoryUsage of job (MB)
	2684132  -  ResidentSetSize of job (KB)
...
006 (9701453.000.000) 04/30 15:24:27 Image size of job updated: 2817684
	2750  -  MemoryUsage of job (MB)
	2815756  -  ResidentSetSize of job (KB)
...
006 (9701453.000.000) 04/30 15:29:27 Image size of job updated: 2912804
	2843  -  MemoryUsage of job (MB)
	2911112  -  ResidentSetSize of job (KB)
...
006 (9701453.000.000) 04/30 15:34:27 Image size of job updated: 2985860
	2915  -  MemoryUsage of job (MB)
	2984848  -  ResidentSetSize of job (KB)
...
006 (9701453.000.000) 04/30 15:39:28 Image size of job updated: 3106632
	3032  -  MemoryUsage of job (MB)
	3104620  -  ResidentSetSize of job (KB)
...
006 (9701453.000.000) 04/30 15:44:29 Image size of job updated: 3145200
	3070  -  MemoryUsage of job (MB)
	3143136  -  ResidentSetSize of job (KB)
...
006 (9701453.000.000) 04/30 15:49:29 Image size of job updated: 3148564
	3070  -  MemoryUsage of job (MB)
	3143136  -  ResidentSetSize of job (KB)
...
006 (9701453.000.000) 04/30 15:54:29 Image size of job updated: 3246768
	3129  -  MemoryUsage of job (MB)
	3203804  -  ResidentSetSize of job (KB)
...
006 (9701453.000.000) 04/30 15:59:30 Image size of job updated: 3246768
	3167  -  MemoryUsage of job (MB)
	3242916  -  ResidentSetSize of job (KB)
...
006 (9701453.000.000) 04/30 16:04:30 Image size of job updated: 3362172
	3230  -  MemoryUsage of job (MB)
	3306748  -  ResidentSetSize of job (KB)
...
006 (9701453.000.000) 04/30 16:09:30 Image size of job updated: 3424780
	3343  -  MemoryUsage of job (MB)
	3422564  -  ResidentSetSize of job (KB)
...
006 (9701453.000.000) 04/30 16:14:31 Image size of job updated: 3464648
	3381  -  MemoryUsage of job (MB)
	3461760  -  ResidentSetSize of job (KB)
...
006 (9701453.000.000) 04/30 16:19:32 Image size of job updated: 3469488
	3388  -  MemoryUsage of job (MB)
	3468364  -  ResidentSetSize of job (KB)
...
006 (9701453.000.000) 04/30 16:24:32 Image size of job updated: 3585592
	3426  -  MemoryUsage of job (MB)
	3507268  -  ResidentSetSize of job (KB)
...
006 (9701453.000.000) 04/30 16:29:33 Image size of job updated: 3585592
	3462  -  MemoryUsage of job (MB)
	3544764  -  ResidentSetSize of job (KB)
...
006 (9701453.000.000) 04/30 16:34:34 Image size of job updated: 3693696
	3607  -  MemoryUsage of job (MB)
	3692668  -  ResidentSetSize of job (KB)
...
006 (9701453.000.000) 04/30 16:39:34 Image size of job updated: 3815372
	3725  -  MemoryUsage of job (MB)
	3814228  -  ResidentSetSize of job (KB)
...
006 (9701453.000.000) 04/30 16:44:34 Image size of job updated: 3863352
	3736  -  MemoryUsage of job (MB)
	3825512  -  ResidentSetSize of job (KB)
...
006 (9701453.000.000) 04/30 16:54:35 Image size of job updated: 3869896
	3736  -  MemoryUsage of job (MB)
	3825512  -  ResidentSetSize of job (KB)
...
006 (9701453.000.000) 04/30 16:59:35 Image size of job updated: 3922560
	3828  -  MemoryUsage of job (MB)
	3919864  -  ResidentSetSize of job (KB)
...
006 (9701453.000.000) 04/30 17:04:36 Image size of job updated: 3957128
	3862  -  MemoryUsage of job (MB)
	3954564  -  ResidentSetSize of job (KB)
...
006 (9701453.000.000) 04/30 17:09:37 Image size of job updated: 3984148
	3862  -  MemoryUsage of job (MB)
	3954564  -  ResidentSetSize of job (KB)
...
006 (9701453.000.000) 04/30 17:14:37 Image size of job updated: 4118588
	4022  -  MemoryUsage of job (MB)
	4117636  -  ResidentSetSize of job (KB)
...
006 (9701453.000.000) 04/30 17:19:38 Image size of job updated: 4228376
	4022  -  MemoryUsage of job (MB)
	4117636  -  ResidentSetSize of job (KB)
...
006 (9701453.000.000) 04/30 17:24:39 Image size of job updated: 4263024
	4162  -  MemoryUsage of job (MB)
	4261184  -  ResidentSetSize of job (KB)
...
006 (9701453.000.000) 04/30 17:29:39 Image size of job updated: 4319656
	4217  -  MemoryUsage of job (MB)
	4317292  -  ResidentSetSize of job (KB)
...
006 (9701453.000.000) 04/30 17:34:39 Image size of job updated: 4427480
	4324  -  MemoryUsage of job (MB)
	4426988  -  ResidentSetSize of job (KB)
...
006 (9701453.000.000) 04/30 17:39:40 Image size of job updated: 4638932
	4530  -  MemoryUsage of job (MB)
	4638004  -  ResidentSetSize of job (KB)
...
006 (9701453.000.000) 04/30 17:44:40 Image size of job updated: 4738656
	4626  -  MemoryUsage of job (MB)
	4736944  -  ResidentSetSize of job (KB)
...
006 (9701453.000.000) 04/30 17:49:40 Image size of job updated: 4786244
	4672  -  MemoryUsage of job (MB)
	4783232  -  ResidentSetSize of job (KB)
...
006 (9701453.000.000) 04/30 17:54:41 Image size of job updated: 4851444
	4737  -  MemoryUsage of job (MB)
	4850608  -  ResidentSetSize of job (KB)
...
006 (9701453.000.000) 04/30 17:59:42 Image size of job updated: 4946024
	4829  -  MemoryUsage of job (MB)
	4944680  -  ResidentSetSize of job (KB)
...
006 (9701453.000.000) 04/30 18:04:42 Image size of job updated: 5000332
	4882  -  MemoryUsage of job (MB)
	4998896  -  ResidentSetSize of job (KB)
...
006 (9701453.000.000) 04/30 18:09:42 Image size of job updated: 5117040
	4997  -  MemoryUsage of job (MB)
	5116316  -  ResidentSetSize of job (KB)
...
006 (9701453.000.000) 04/30 18:14:43 Image size of job updated: 5211328
	5088  -  MemoryUsage of job (MB)
	5209700  -  ResidentSetSize of job (KB)
...
006 (9701453.000.000) 04/30 18:19:43 Image size of job updated: 5253816
	5130  -  MemoryUsage of job (MB)
	5252992  -  ResidentSetSize of job (KB)
...
006 (9701453.000.000) 04/30 18:24:43 Image size of job updated: 5297220
	5141  -  MemoryUsage of job (MB)
	5263708  -  ResidentSetSize of job (KB)
...
006 (9701453.000.000) 04/30 18:29:44 Image size of job updated: 5325216
	5200  -  MemoryUsage of job (MB)
	5324388  -  ResidentSetSize of job (KB)
...
006 (9701453.000.000) 04/30 18:34:44 Image size of job updated: 5384344
	5257  -  MemoryUsage of job (MB)
	5382268  -  ResidentSetSize of job (KB)
...
006 (9701453.000.000) 04/30 18:39:44 Image size of job updated: 5482580
	5320  -  MemoryUsage of job (MB)
	5446660  -  ResidentSetSize of job (KB)
...
006 (9701453.000.000) 04/30 18:49:46 Image size of job updated: 5488316
	5360  -  MemoryUsage of job (MB)
	5487812  -  ResidentSetSize of job (KB)
...
006 (9701453.000.000) 04/30 18:54:46 Image size of job updated: 5552696
	5422  -  MemoryUsage of job (MB)
	5552128  -  ResidentSetSize of job (KB)
...
006 (9701453.000.000) 04/30 18:59:46 Image size of job updated: 5619668
	5488  -  MemoryUsage of job (MB)
	5618872  -  ResidentSetSize of job (KB)
...
006 (9701453.000.000) 04/30 19:04:47 Image size of job updated: 5666816
	5533  -  MemoryUsage of job (MB)
	5665480  -  ResidentSetSize of job (KB)
...
006 (9701453.000.000) 04/30 19:09:47 Image size of job updated: 5676612
	5533  -  MemoryUsage of job (MB)
	5665480  -  ResidentSetSize of job (KB)
...
006 (9701453.000.000) 04/30 19:49:51 Image size of job updated: 5689652
	5556  -  MemoryUsage of job (MB)
	5688716  -  ResidentSetSize of job (KB)
...
006 (9701453.000.000) 04/30 19:54:52 Image size of job updated: 5731072
	5596  -  MemoryUsage of job (MB)
	5729836  -  ResidentSetSize of job (KB)
...
006 (9701453.000.000) 04/30 19:59:52 Image size of job updated: 5753188
	5596  -  MemoryUsage of job (MB)
	5729836  -  ResidentSetSize of job (KB)
...
006 (9701453.000.000) 04/30 20:04:52 Image size of job updated: 5785684
	5649  -  MemoryUsage of job (MB)
	5783616  -  ResidentSetSize of job (KB)
...
006 (9701453.000.000) 04/30 20:09:53 Image size of job updated: 5834092
	5697  -  MemoryUsage of job (MB)
	5833024  -  ResidentSetSize of job (KB)
...
006 (9701453.000.000) 04/30 20:14:54 Image size of job updated: 5934248
	5794  -  MemoryUsage of job (MB)
	5932052  -  ResidentSetSize of job (KB)
...
006 (9701453.000.000) 04/30 20:19:54 Image size of job updated: 5954140
	5794  -  MemoryUsage of job (MB)
	5932052  -  ResidentSetSize of job (KB)
...
006 (9701453.000.000) 04/30 20:24:55 Image size of job updated: 6052716
	5910  -  MemoryUsage of job (MB)
	6051068  -  ResidentSetSize of job (KB)
...
006 (9701453.000.000) 04/30 20:29:56 Image size of job updated: 6147980
	6002  -  MemoryUsage of job (MB)
	6145552  -  ResidentSetSize of job (KB)
...
006 (9701453.000.000) 04/30 20:34:56 Image size of job updated: 6351772
	6146  -  MemoryUsage of job (MB)
	6293428  -  ResidentSetSize of job (KB)
...
006 (9701453.000.000) 04/30 20:39:57 Image size of job updated: 6422824
	6271  -  MemoryUsage of job (MB)
	6421128  -  ResidentSetSize of job (KB)
...
006 (9701453.000.000) 04/30 20:44:58 Image size of job updated: 6538704
	6340  -  MemoryUsage of job (MB)
	6491980  -  ResidentSetSize of job (KB)
...
006 (9701453.000.000) 04/30 20:49:58 Image size of job updated: 6587592
	6431  -  MemoryUsage of job (MB)
	6585324  -  ResidentSetSize of job (KB)
...
006 (9701453.000.000) 04/30 20:54:58 Image size of job updated: 6628528
	6472  -  MemoryUsage of job (MB)
	6627236  -  ResidentSetSize of job (KB)
...
006 (9701453.000.000) 04/30 20:59:59 Image size of job updated: 6754588
	6595  -  MemoryUsage of job (MB)
	6752304  -  ResidentSetSize of job (KB)
...
006 (9701453.000.000) 04/30 21:05:00 Image size of job updated: 6804484
	6643  -  MemoryUsage of job (MB)
	6801692  -  ResidentSetSize of job (KB)
...
006 (9701453.000.000) 04/30 21:10:00 Image size of job updated: 6840952
	6679  -  MemoryUsage of job (MB)
	6838896  -  ResidentSetSize of job (KB)
...
006 (9701453.000.000) 04/30 21:15:01 Image size of job updated: 6884312
	6684  -  MemoryUsage of job (MB)
	6843700  -  ResidentSetSize of job (KB)
...
006 (9701453.000.000) 04/30 21:20:02 Image size of job updated: 6961864
	6798  -  MemoryUsage of job (MB)
	6960756  -  ResidentSetSize of job (KB)
...
006 (9701453.000.000) 04/30 21:25:02 Image size of job updated: 7001732
	6838  -  MemoryUsage of job (MB)
	7001732  -  ResidentSetSize of job (KB)
...
006 (9701453.000.000) 04/30 21:30:02 Image size of job updated: 7039184
	6847  -  MemoryUsage of job (MB)
	7011316  -  ResidentSetSize of job (KB)
...
006 (9701453.000.000) 04/30 21:35:03 Image size of job updated: 7053736
	6887  -  MemoryUsage of job (MB)
	7051700  -  ResidentSetSize of job (KB)
...
006 (9701453.000.000) 04/30 21:40:03 Image size of job updated: 7095444
	6928  -  MemoryUsage of job (MB)
	7093348  -  ResidentSetSize of job (KB)
...
006 (9701453.000.000) 04/30 21:45:03 Image size of job updated: 7110896
	6944  -  MemoryUsage of job (MB)
	7110416  -  ResidentSetSize of job (KB)
...
006 (9701453.000.000) 04/30 21:50:05 Image size of job updated: 7155432
	6986  -  MemoryUsage of job (MB)
	7152720  -  ResidentSetSize of job (KB)
...
006 (9701453.000.000) 04/30 21:55:05 Image size of job updated: 7216504
	7046  -  MemoryUsage of job (MB)
	7214256  -  ResidentSetSize of job (KB)
...
006 (9701453.000.000) 04/30 22:00:05 Image size of job updated: 7245196
	7046  -  MemoryUsage of job (MB)
	7214256  -  ResidentSetSize of job (KB)
...
006 (9701453.000.000) 04/30 22:05:06 Image size of job updated: 7245196
	7061  -  MemoryUsage of job (MB)
	7229524  -  ResidentSetSize of job (KB)
...
006 (9701453.000.000) 04/30 22:10:07 Image size of job updated: 7245196
	7067  -  MemoryUsage of job (MB)
	7236392  -  ResidentSetSize of job (KB)
...
006 (9701453.000.000) 04/30 22:15:07 Image size of job updated: 7359696
	7104  -  MemoryUsage of job (MB)
	7273712  -  ResidentSetSize of job (KB)
...
006 (9701453.000.000) 04/30 22:20:07 Image size of job updated: 7359696
	7144  -  MemoryUsage of job (MB)
	7314936  -  ResidentSetSize of job (KB)
...
006 (9701453.000.000) 04/30 22:25:08 Image size of job updated: 7408408
	7233  -  MemoryUsage of job (MB)
	7406432  -  ResidentSetSize of job (KB)
...
006 (9701453.000.000) 04/30 22:30:08 Image size of job updated: 7554260
	7376  -  MemoryUsage of job (MB)
	7552092  -  ResidentSetSize of job (KB)
...
006 (9701453.000.000) 04/30 22:35:08 Image size of job updated: 7595128
	7416  -  MemoryUsage of job (MB)
	7593500  -  ResidentSetSize of job (KB)
...
006 (9701453.000.000) 04/30 22:40:09 Image size of job updated: 7633344
	7453  -  MemoryUsage of job (MB)
	7631736  -  ResidentSetSize of job (KB)
...
006 (9701453.000.000) 04/30 22:45:09 Image size of job updated: 7667212
	7486  -  MemoryUsage of job (MB)
	7665448  -  ResidentSetSize of job (KB)
...
006 (9701453.000.000) 04/30 22:50:09 Image size of job updated: 7709168
	7527  -  MemoryUsage of job (MB)
	7707320  -  ResidentSetSize of job (KB)
...
006 (9701453.000.000) 04/30 22:55:10 Image size of job updated: 7768632
	7585  -  MemoryUsage of job (MB)
	7766496  -  ResidentSetSize of job (KB)
...
006 (9701453.000.000) 04/30 23:00:11 Image size of job updated: 7802792
	7619  -  MemoryUsage of job (MB)
	7800948  -  ResidentSetSize of job (KB)
...
006 (9701453.000.000) 04/30 23:05:11 Image size of job updated: 7846992
	7662  -  MemoryUsage of job (MB)
	7845800  -  ResidentSetSize of job (KB)
...
006 (9701453.000.000) 04/30 23:10:12 Image size of job updated: 7960280
	7772  -  MemoryUsage of job (MB)
	7957536  -  ResidentSetSize of job (KB)
...
006 (9701453.000.000) 04/30 23:15:13 Image size of job updated: 8011552
	7779  -  MemoryUsage of job (MB)
	7965268  -  ResidentSetSize of job (KB)
...
006 (9701453.000.000) 04/30 23:20:13 Image size of job updated: 8013844
	7825  -  MemoryUsage of job (MB)
	8012240  -  ResidentSetSize of job (KB)
...
006 (9701453.000.000) 04/30 23:30:15 Image size of job updated: 8106144
	7871  -  MemoryUsage of job (MB)
	8059232  -  ResidentSetSize of job (KB)
...
006 (9701453.000.000) 04/30 23:35:15 Image size of job updated: 8106144
	7909  -  MemoryUsage of job (MB)
	8098268  -  ResidentSetSize of job (KB)
...
006 (9701453.000.000) 04/30 23:40:15 Image size of job updated: 8213772
	8019  -  MemoryUsage of job (MB)
	8210644  -  ResidentSetSize of job (KB)
...
006 (9701453.000.000) 04/30 23:45:16 Image size of job updated: 8325248
	8063  -  MemoryUsage of job (MB)
	8256108  -  ResidentSetSize of job (KB)
...
006 (9701453.000.000) 04/30 23:50:17 Image size of job updated: 8338376
	8143  -  MemoryUsage of job (MB)
	8337904  -  ResidentSetSize of job (KB)
...
006 (9701453.000.000) 04/30 23:55:17 Image size of job updated: 8407724
	8209  -  MemoryUsage of job (MB)
	8405396  -  ResidentSetSize of job (KB)
...
006 (9701453.000.000) 05/01 00:00:18 Image size of job updated: 8634960
	8432  -  MemoryUsage of job (MB)
	8633776  -  ResidentSetSize of job (KB)
...
006 (9701453.000.000) 05/01 00:05:19 Image size of job updated: 8691368
	8487  -  MemoryUsage of job (MB)
	8690000  -  ResidentSetSize of job (KB)
...
006 (9701453.000.000) 05/01 00:10:19 Image size of job updated: 8741224
	8536  -  MemoryUsage of job (MB)
	8740736  -  ResidentSetSize of job (KB)
...
006 (9701453.000.000) 05/01 00:15:19 Image size of job updated: 8890652
	8682  -  MemoryUsage of job (MB)
	8890096  -  ResidentSetSize of job (KB)
...
006 (9701453.000.000) 05/01 00:20:20 Image size of job updated: 8937208
	8727  -  MemoryUsage of job (MB)
	8935528  -  ResidentSetSize of job (KB)
...
006 (9701453.000.000) 05/01 00:25:20 Image size of job updated: 8994016
	8781  -  MemoryUsage of job (MB)
	8991464  -  ResidentSetSize of job (KB)
...
006 (9701453.000.000) 05/01 00:30:20 Image size of job updated: 9108344
	8895  -  MemoryUsage of job (MB)
	9107872  -  ResidentSetSize of job (KB)
...
006 (9701453.000.000) 05/01 00:35:21 Image size of job updated: 9150240
	8936  -  MemoryUsage of job (MB)
	9150240  -  ResidentSetSize of job (KB)
...
006 (9701453.000.000) 05/01 00:40:22 Image size of job updated: 9279760
	9010  -  MemoryUsage of job (MB)
	9225632  -  ResidentSetSize of job (KB)
...
006 (9701453.000.000) 05/01 00:45:22 Image size of job updated: 9279760
	9056  -  MemoryUsage of job (MB)
	9272728  -  ResidentSetSize of job (KB)
...
006 (9701453.000.000) 05/01 00:50:23 Image size of job updated: 9316404
	9097  -  MemoryUsage of job (MB)
	9314400  -  ResidentSetSize of job (KB)
...
006 (9701453.000.000) 05/01 00:55:24 Image size of job updated: 9402240
	9180  -  MemoryUsage of job (MB)
	9399908  -  ResidentSetSize of job (KB)
...
006 (9701453.000.000) 05/01 01:00:24 Image size of job updated: 9433892
	9180  -  MemoryUsage of job (MB)
	9399908  -  ResidentSetSize of job (KB)
...
006 (9701453.000.000) 05/01 01:05:24 Image size of job updated: 9445004
	9222  -  MemoryUsage of job (MB)
	9442872  -  ResidentSetSize of job (KB)
...
006 (9701453.000.000) 05/01 01:10:25 Image size of job updated: 9541492
	9316  -  MemoryUsage of job (MB)
	9539272  -  ResidentSetSize of job (KB)
...
006 (9701453.000.000) 05/01 01:15:25 Image size of job updated: 9581948
	9357  -  MemoryUsage of job (MB)
	9581008  -  ResidentSetSize of job (KB)
...
006 (9701453.000.000) 05/01 01:20:25 Image size of job updated: 9623800
	9397  -  MemoryUsage of job (MB)
	9621916  -  ResidentSetSize of job (KB)
...
006 (9701453.000.000) 05/01 01:25:26 Image size of job updated: 9769304
	9538  -  MemoryUsage of job (MB)
	9766260  -  ResidentSetSize of job (KB)
...
006 (9701453.000.000) 05/01 01:30:27 Image size of job updated: 9771292
	9538  -  MemoryUsage of job (MB)
	9766260  -  ResidentSetSize of job (KB)
...
006 (9701453.000.000) 05/01 01:35:27 Image size of job updated: 9775184
	9546  -  MemoryUsage of job (MB)
	9774956  -  ResidentSetSize of job (KB)
...
006 (9701453.000.000) 05/01 01:40:28 Image size of job updated: 9816452
	9586  -  MemoryUsage of job (MB)
	9815576  -  ResidentSetSize of job (KB)
...
006 (9701453.000.000) 05/01 01:45:29 Image size of job updated: 9954668
	9721  -  MemoryUsage of job (MB)
	9953624  -  ResidentSetSize of job (KB)
...
006 (9701453.000.000) 05/01 01:50:29 Image size of job updated: 9992412
	9758  -  MemoryUsage of job (MB)
	9991460  -  ResidentSetSize of job (KB)
...
006 (9701453.000.000) 05/01 01:55:30 Image size of job updated: 10034576
	9798  -  MemoryUsage of job (MB)
	10032316  -  ResidentSetSize of job (KB)
...
006 (9701453.000.000) 05/01 02:00:31 Image size of job updated: 10072760
	9837  -  MemoryUsage of job (MB)
	10072092  -  ResidentSetSize of job (KB)
...
006 (9701453.000.000) 05/01 02:05:31 Image size of job updated: 10243432
	10003  -  MemoryUsage of job (MB)
	10242360  -  ResidentSetSize of job (KB)
...
006 (9701453.000.000) 05/01 02:10:31 Image size of job updated: 10285548
	10043  -  MemoryUsage of job (MB)
	10283496  -  ResidentSetSize of job (KB)
...
006 (9701453.000.000) 05/01 02:15:32 Image size of job updated: 10326792
	10083  -  MemoryUsage of job (MB)
	10324888  -  ResidentSetSize of job (KB)
...
006 (9701453.000.000) 05/01 02:20:32 Image size of job updated: 10365036
	10121  -  MemoryUsage of job (MB)
	10363316  -  ResidentSetSize of job (KB)
...
006 (9701453.000.000) 05/01 02:25:32 Image size of job updated: 10882784
	10437  -  MemoryUsage of job (MB)
	10687388  -  ResidentSetSize of job (KB)
...
006 (9701453.000.000) 05/01 02:30:33 Image size of job updated: 10882784
	10472  -  MemoryUsage of job (MB)
	10723140  -  ResidentSetSize of job (KB)
...
006 (9701453.000.000) 05/01 02:35:34 Image size of job updated: 10882784
	10557  -  MemoryUsage of job (MB)
	10809676  -  ResidentSetSize of job (KB)
...
006 (9701453.000.000) 05/01 02:40:34 Image size of job updated: 10882784
	10596  -  MemoryUsage of job (MB)
	10849672  -  ResidentSetSize of job (KB)
...
006 (9701453.000.000) 05/01 02:45:35 Image size of job updated: 10886972
	10631  -  MemoryUsage of job (MB)
	10885896  -  ResidentSetSize of job (KB)
...
006 (9701453.000.000) 05/01 02:50:36 Image size of job updated: 10927720
	10670  -  MemoryUsage of job (MB)
	10925664  -  ResidentSetSize of job (KB)
...
006 (9701453.000.000) 05/01 02:55:36 Image size of job updated: 11059904
	10677  -  MemoryUsage of job (MB)
	10932984  -  ResidentSetSize of job (KB)
...
006 (9701453.000.000) 05/01 03:00:36 Image size of job updated: 11059904
	10736  -  MemoryUsage of job (MB)
	10993644  -  ResidentSetSize of job (KB)
...
006 (9701453.000.000) 05/01 03:05:37 Image size of job updated: 11131992
	10736  -  MemoryUsage of job (MB)
	10993644  -  ResidentSetSize of job (KB)
...
006 (9701453.000.000) 05/01 03:10:37 Image size of job updated: 11159388
	10897  -  MemoryUsage of job (MB)
	11157956  -  ResidentSetSize of job (KB)
...
006 (9701453.000.000) 05/01 03:15:37 Image size of job updated: 11203092
	10940  -  MemoryUsage of job (MB)
	11202336  -  ResidentSetSize of job (KB)
...
006 (9701453.000.000) 05/01 03:20:38 Image size of job updated: 11253628
	10940  -  MemoryUsage of job (MB)
	11202336  -  ResidentSetSize of job (KB)
...
006 (9701453.000.000) 05/01 03:25:39 Image size of job updated: 11290368
	11025  -  MemoryUsage of job (MB)
	11289344  -  ResidentSetSize of job (KB)
...
006 (9701453.000.000) 05/01 03:30:39 Image size of job updated: 11328024
	11062  -  MemoryUsage of job (MB)
	11327440  -  ResidentSetSize of job (KB)
...
006 (9701453.000.000) 05/01 03:35:40 Image size of job updated: 11393400
	11126  -  MemoryUsage of job (MB)
	11392188  -  ResidentSetSize of job (KB)
...
006 (9701453.000.000) 05/01 03:40:41 Image size of job updated: 11502876
	11232  -  MemoryUsage of job (MB)
	11501336  -  ResidentSetSize of job (KB)
...
006 (9701453.000.000) 05/01 03:45:41 Image size of job updated: 11537384
	11265  -  MemoryUsage of job (MB)
	11535272  -  ResidentSetSize of job (KB)
...
006 (9701453.000.000) 05/01 03:50:41 Image size of job updated: 11592716
	11319  -  MemoryUsage of job (MB)
	11590376  -  ResidentSetSize of job (KB)
...
006 (9701453.000.000) 05/01 03:55:42 Image size of job updated: 11725840
	11450  -  MemoryUsage of job (MB)
	11724048  -  ResidentSetSize of job (KB)
...
006 (9701453.000.000) 05/01 04:00:42 Image size of job updated: 11764368
	11488  -  MemoryUsage of job (MB)
	11763676  -  ResidentSetSize of job (KB)
...
006 (9701453.000.000) 05/01 04:05:42 Image size of job updated: 11832376
	11555  -  MemoryUsage of job (MB)
	11831668  -  ResidentSetSize of job (KB)
...
006 (9701453.000.000) 05/01 04:10:43 Image size of job updated: 11869788
	11592  -  MemoryUsage of job (MB)
	11869324  -  ResidentSetSize of job (KB)
...
006 (9701453.000.000) 05/01 04:15:44 Image size of job updated: 11909184
	11629  -  MemoryUsage of job (MB)
	11907280  -  ResidentSetSize of job (KB)
...
006 (9701453.000.000) 05/01 04:20:44 Image size of job updated: 11945028
	11664  -  MemoryUsage of job (MB)
	11943388  -  ResidentSetSize of job (KB)
...
006 (9701453.000.000) 05/01 04:25:45 Image size of job updated: 11964200
	11664  -  MemoryUsage of job (MB)
	11943388  -  ResidentSetSize of job (KB)
...
006 (9701453.000.000) 05/01 04:30:46 Image size of job updated: 11964200
	11672  -  MemoryUsage of job (MB)
	11951540  -  ResidentSetSize of job (KB)
...
006 (9701453.000.000) 05/01 04:35:46 Image size of job updated: 11989652
	11707  -  MemoryUsage of job (MB)
	11987416  -  ResidentSetSize of job (KB)
...
006 (9701453.000.000) 05/01 04:40:47 Image size of job updated: 12028236
	11745  -  MemoryUsage of job (MB)
	12026596  -  ResidentSetSize of job (KB)
...
006 (9701453.000.000) 05/01 04:45:48 Image size of job updated: 12094488
	11810  -  MemoryUsage of job (MB)
	12092648  -  ResidentSetSize of job (KB)
...
006 (9701453.000.000) 05/01 04:50:48 Image size of job updated: 12214000
	11926  -  MemoryUsage of job (MB)
	12211952  -  ResidentSetSize of job (KB)
...
006 (9701453.000.000) 05/01 04:55:48 Image size of job updated: 12253800
	11965  -  MemoryUsage of job (MB)
	12251544  -  ResidentSetSize of job (KB)
...
006 (9701453.000.000) 05/01 05:00:49 Image size of job updated: 12398056
	12107  -  MemoryUsage of job (MB)
	12397060  -  ResidentSetSize of job (KB)
...
006 (9701453.000.000) 05/01 05:05:49 Image size of job updated: 12435216
	12144  -  MemoryUsage of job (MB)
	12434512  -  ResidentSetSize of job (KB)
...
006 (9701453.000.000) 05/01 05:10:49 Image size of job updated: 12466028
	12174  -  MemoryUsage of job (MB)
	12465692  -  ResidentSetSize of job (KB)
...
006 (9701453.000.000) 05/01 05:15:50 Image size of job updated: 12516840
	12222  -  MemoryUsage of job (MB)
	12514452  -  ResidentSetSize of job (KB)
...
006 (9701453.000.000) 05/01 05:20:51 Image size of job updated: 12576020
	12243  -  MemoryUsage of job (MB)
	12536516  -  ResidentSetSize of job (KB)
...
006 (9701453.000.000) 05/01 05:25:51 Image size of job updated: 12576104
	12281  -  MemoryUsage of job (MB)
	12575444  -  ResidentSetSize of job (KB)
...
006 (9701453.000.000) 05/01 05:30:52 Image size of job updated: 12692200
	12395  -  MemoryUsage of job (MB)
	12691636  -  ResidentSetSize of job (KB)
...
006 (9701453.000.000) 05/01 05:35:53 Image size of job updated: 12730932
	12433  -  MemoryUsage of job (MB)
	12730684  -  ResidentSetSize of job (KB)
...
006 (9701453.000.000) 05/01 05:40:53 Image size of job updated: 12770904
	12472  -  MemoryUsage of job (MB)
	12770512  -  ResidentSetSize of job (KB)
...
006 (9701453.000.000) 05/01 05:45:53 Image size of job updated: 12923892
	12620  -  MemoryUsage of job (MB)
	12922604  -  ResidentSetSize of job (KB)
...
006 (9701453.000.000) 05/01 05:50:54 Image size of job updated: 12962048
	12658  -  MemoryUsage of job (MB)
	12961232  -  ResidentSetSize of job (KB)
...
006 (9701453.000.000) 05/01 05:55:54 Image size of job updated: 13035112
	12727  -  MemoryUsage of job (MB)
	13031904  -  ResidentSetSize of job (KB)
...
006 (9701453.000.000) 05/01 06:00:54 Image size of job updated: 13071664
	12765  -  MemoryUsage of job (MB)
	13071292  -  ResidentSetSize of job (KB)
...
006 (9701453.000.000) 05/01 06:05:55 Image size of job updated: 13107252
	12800  -  MemoryUsage of job (MB)
	13106988  -  ResidentSetSize of job (KB)
...
006 (9701453.000.000) 05/01 06:10:56 Image size of job updated: 13151948
	12844  -  MemoryUsage of job (MB)
	13151424  -  ResidentSetSize of job (KB)
...
006 (9701453.000.000) 05/01 06:15:56 Image size of job updated: 13168420
	12858  -  MemoryUsage of job (MB)
	13165812  -  ResidentSetSize of job (KB)
...
006 (9701453.000.000) 05/01 06:20:57 Image size of job updated: 13235068
	12924  -  MemoryUsage of job (MB)
	13233772  -  ResidentSetSize of job (KB)
...
006 (9701453.000.000) 05/01 06:25:58 Image size of job updated: 13273592
	12962  -  MemoryUsage of job (MB)
	13273020  -  ResidentSetSize of job (KB)
...
006 (9701453.000.000) 05/01 06:30:58 Image size of job updated: 13393172
	13079  -  MemoryUsage of job (MB)
	13391876  -  ResidentSetSize of job (KB)
...
006 (9701453.000.000) 05/01 06:35:58 Image size of job updated: 13434960
	13118  -  MemoryUsage of job (MB)
	13431836  -  ResidentSetSize of job (KB)
...
006 (9701453.000.000) 05/01 06:40:59 Image size of job updated: 13570688
	13252  -  MemoryUsage of job (MB)
	13569536  -  ResidentSetSize of job (KB)
...
006 (9701453.000.000) 05/01 06:45:59 Image size of job updated: 13611252
	13291  -  MemoryUsage of job (MB)
	13609608  -  ResidentSetSize of job (KB)
...
006 (9701453.000.000) 05/01 06:51:00 Image size of job updated: 13674184
	13352  -  MemoryUsage of job (MB)
	13672200  -  ResidentSetSize of job (KB)
...
006 (9701453.000.000) 05/01 06:56:01 Image size of job updated: 13713824
	13391  -  MemoryUsage of job (MB)
	13711676  -  ResidentSetSize of job (KB)
...
006 (9701453.000.000) 05/01 07:01:01 Image size of job updated: 13755512
	13430  -  MemoryUsage of job (MB)
	13752152  -  ResidentSetSize of job (KB)
...
006 (9701453.000.000) 05/01 07:06:01 Image size of job updated: 13787036
	13464  -  MemoryUsage of job (MB)
	13786156  -  ResidentSetSize of job (KB)
...
006 (9701453.000.000) 05/01 07:11:02 Image size of job updated: 13828220
	13503  -  MemoryUsage of job (MB)
	13826092  -  ResidentSetSize of job (KB)
...
006 (9701453.000.000) 05/01 07:16:02 Image size of job updated: 13846784
	13503  -  MemoryUsage of job (MB)
	13826092  -  ResidentSetSize of job (KB)
...
006 (9701453.000.000) 05/01 07:26:03 Image size of job updated: 13859024
	13533  -  MemoryUsage of job (MB)
	13857024  -  ResidentSetSize of job (KB)
...
006 (9701453.000.000) 05/01 07:31:04 Image size of job updated: 13999444
	13671  -  MemoryUsage of job (MB)
	13998852  -  ResidentSetSize of job (KB)
...
006 (9701453.000.000) 05/01 07:36:04 Image size of job updated: 14040044
	13710  -  MemoryUsage of job (MB)
	14038408  -  ResidentSetSize of job (KB)
...
006 (9701453.000.000) 05/01 07:41:05 Image size of job updated: 14080484
	13749  -  MemoryUsage of job (MB)
	14078948  -  ResidentSetSize of job (KB)
...
006 (9701453.000.000) 05/01 07:46:06 Image size of job updated: 14108976
	13749  -  MemoryUsage of job (MB)
	14078948  -  ResidentSetSize of job (KB)
...
006 (9701453.000.000) 05/01 07:56:06 Image size of job updated: 14108976
	13750  -  MemoryUsage of job (MB)
	14079780  -  ResidentSetSize of job (KB)
...
006 (9701453.000.000) 05/01 08:01:07 Image size of job updated: 14170992
	13839  -  MemoryUsage of job (MB)
	14170524  -  ResidentSetSize of job (KB)
...
006 (9701453.000.000) 05/01 08:06:07 Image size of job updated: 14211228
	13877  -  MemoryUsage of job (MB)
	14209608  -  ResidentSetSize of job (KB)
...
006 (9701453.000.000) 05/01 08:11:07 Image size of job updated: 14256420
	13921  -  MemoryUsage of job (MB)
	14254756  -  ResidentSetSize of job (KB)
...
006 (9701453.000.000) 05/01 08:16:08 Image size of job updated: 14370864
	14034  -  MemoryUsage of job (MB)
	14370196  -  ResidentSetSize of job (KB)
...
006 (9701453.000.000) 05/01 08:21:09 Image size of job updated: 14411624
	14073  -  MemoryUsage of job (MB)
	14409880  -  ResidentSetSize of job (KB)
...
006 (9701453.000.000) 05/01 08:26:09 Image size of job updated: 14449268
	14110  -  MemoryUsage of job (MB)
	14448436  -  ResidentSetSize of job (KB)
...
006 (9701453.000.000) 05/01 08:31:10 Image size of job updated: 14521904
	14148  -  MemoryUsage of job (MB)
	14486992  -  ResidentSetSize of job (KB)
...
006 (9701453.000.000) 05/01 08:36:11 Image size of job updated: 14529320
	14148  -  MemoryUsage of job (MB)
	14486992  -  ResidentSetSize of job (KB)
...
006 (9701453.000.000) 05/01 08:46:11 Image size of job updated: 14547936
	14205  -  MemoryUsage of job (MB)
	14545472  -  ResidentSetSize of job (KB)
...
006 (9701453.000.000) 05/01 08:51:12 Image size of job updated: 14615936
	14273  -  MemoryUsage of job (MB)
	14614688  -  ResidentSetSize of job (KB)
...
006 (9701453.000.000) 05/01 08:56:12 Image size of job updated: 14681992
	14337  -  MemoryUsage of job (MB)
	14680292  -  ResidentSetSize of job (KB)
...
006 (9701453.000.000) 05/01 09:01:12 Image size of job updated: 14724832
	14378  -  MemoryUsage of job (MB)
	14722512  -  ResidentSetSize of job (KB)
...
006 (9701453.000.000) 05/01 09:06:13 Image size of job updated: 14738748
	14378  -  MemoryUsage of job (MB)
	14722516  -  ResidentSetSize of job (KB)
...
006 (9701453.000.000) 05/01 09:11:14 Image size of job updated: 14738748
	14386  -  MemoryUsage of job (MB)
	14730736  -  ResidentSetSize of job (KB)
...
006 (9701453.000.000) 05/01 09:16:14 Image size of job updated: 14847920
	14500  -  MemoryUsage of job (MB)
	14847548  -  ResidentSetSize of job (KB)
...
006 (9701453.000.000) 05/01 09:21:15 Image size of job updated: 14888924
	14540  -  MemoryUsage of job (MB)
	14888124  -  ResidentSetSize of job (KB)
...
006 (9701453.000.000) 05/01 09:26:16 Image size of job updated: 15010616
	14657  -  MemoryUsage of job (MB)
	15008568  -  ResidentSetSize of job (KB)
...
006 (9701453.000.000) 05/01 09:31:16 Image size of job updated: 15052460
	14699  -  MemoryUsage of job (MB)
	15051048  -  ResidentSetSize of job (KB)
...
006 (9701453.000.000) 05/01 09:36:16 Image size of job updated: 15141288
	14786  -  MemoryUsage of job (MB)
	15140668  -  ResidentSetSize of job (KB)
...
006 (9701453.000.000) 05/01 09:41:17 Image size of job updated: 15183672
	14826  -  MemoryUsage of job (MB)
	15181388  -  ResidentSetSize of job (KB)
...
006 (9701453.000.000) 05/01 09:46:17 Image size of job updated: 15309948
	14951  -  MemoryUsage of job (MB)
	15309400  -  ResidentSetSize of job (KB)
...
006 (9701453.000.000) 05/01 09:51:17 Image size of job updated: 15348488
	14988  -  MemoryUsage of job (MB)
	15346916  -  ResidentSetSize of job (KB)
...
006 (9701453.000.000) 05/01 09:56:19 Image size of job updated: 15495776
	15132  -  MemoryUsage of job (MB)
	15494208  -  ResidentSetSize of job (KB)
...
006 (9701453.000.000) 05/01 10:01:19 Image size of job updated: 15513096
	15132  -  MemoryUsage of job (MB)
	15494208  -  ResidentSetSize of job (KB)
...
006 (9701453.000.000) 05/01 10:06:19 Image size of job updated: 15522780
	15159  -  MemoryUsage of job (MB)
	15522040  -  ResidentSetSize of job (KB)
...
006 (9701453.000.000) 05/01 10:11:20 Image size of job updated: 15566636
	15200  -  MemoryUsage of job (MB)
	15564380  -  ResidentSetSize of job (KB)
...
006 (9701453.000.000) 05/01 10:16:21 Image size of job updated: 15605552
	15238  -  MemoryUsage of job (MB)
	15603280  -  ResidentSetSize of job (KB)
...
006 (9701453.000.000) 05/01 10:21:21 Image size of job updated: 15618336
	15238  -  MemoryUsage of job (MB)
	15603280  -  ResidentSetSize of job (KB)
...
006 (9701453.000.000) 05/01 10:26:22 Image size of job updated: 15644660
	15252  -  MemoryUsage of job (MB)
	15617628  -  ResidentSetSize of job (KB)
...
006 (9701453.000.000) 05/01 10:31:23 Image size of job updated: 15664184
	15296  -  MemoryUsage of job (MB)
	15662416  -  ResidentSetSize of job (KB)
...
006 (9701453.000.000) 05/01 10:36:23 Image size of job updated: 15804240
	15433  -  MemoryUsage of job (MB)
	15802536  -  ResidentSetSize of job (KB)
...
006 (9701453.000.000) 05/01 10:46:24 Image size of job updated: 15822632
	15452  -  MemoryUsage of job (MB)
	15822440  -  ResidentSetSize of job (KB)
...
006 (9701453.000.000) 05/01 10:51:24 Image size of job updated: 15856800
	15477  -  MemoryUsage of job (MB)
	15847876  -  ResidentSetSize of job (KB)
...
006 (9701453.000.000) 05/01 11:06:26 Image size of job updated: 15856800
	15480  -  MemoryUsage of job (MB)
	15851472  -  ResidentSetSize of job (KB)
...
006 (9701453.000.000) 05/01 11:11:26 Image size of job updated: 15892036
	15519  -  MemoryUsage of job (MB)
	15891200  -  ResidentSetSize of job (KB)
...
006 (9701453.000.000) 05/01 11:16:27 Image size of job updated: 15951764
	15577  -  MemoryUsage of job (MB)
	15950224  -  ResidentSetSize of job (KB)
...
006 (9701453.000.000) 05/01 11:21:28 Image size of job updated: 15990848
	15615  -  MemoryUsage of job (MB)
	15989640  -  ResidentSetSize of job (KB)
...
006 (9701453.000.000) 05/01 11:26:28 Image size of job updated: 16012196
	15636  -  MemoryUsage of job (MB)
	16010468  -  ResidentSetSize of job (KB)
...
006 (9701453.000.000) 05/01 11:31:29 Image size of job updated: 16046160
	15670  -  MemoryUsage of job (MB)
	16046052  -  ResidentSetSize of job (KB)
...
006 (9701453.000.000) 05/01 11:36:30 Image size of job updated: 16102544
	15725  -  MemoryUsage of job (MB)
	16101572  -  ResidentSetSize of job (KB)
...
006 (9701453.000.000) 05/01 11:41:30 Image size of job updated: 16141404
	15762  -  MemoryUsage of job (MB)
	16139480  -  ResidentSetSize of job (KB)
...
006 (9701453.000.000) 05/01 11:46:30 Image size of job updated: 16181288
	15802  -  MemoryUsage of job (MB)
	16180384  -  ResidentSetSize of job (KB)
...
006 (9701453.000.000) 05/01 11:51:31 Image size of job updated: 16293376
	15910  -  MemoryUsage of job (MB)
	16291156  -  ResidentSetSize of job (KB)
...
006 (9701453.000.000) 05/01 11:56:31 Image size of job updated: 16300400
	15910  -  MemoryUsage of job (MB)
	16291156  -  ResidentSetSize of job (KB)
...
006 (9701453.000.000) 05/01 12:01:31 Image size of job updated: 16425472
	16040  -  MemoryUsage of job (MB)
	16423944  -  ResidentSetSize of job (KB)
...
006 (9701453.000.000) 05/01 12:06:32 Image size of job updated: 16465460
	16079  -  MemoryUsage of job (MB)
	16464240  -  ResidentSetSize of job (KB)
...
006 (9701453.000.000) 05/01 12:11:33 Image size of job updated: 16501220
	16113  -  MemoryUsage of job (MB)
	16499172  -  ResidentSetSize of job (KB)
...
006 (9701453.000.000) 05/01 12:16:33 Image size of job updated: 16646020
	16255  -  MemoryUsage of job (MB)
	16644828  -  ResidentSetSize of job (KB)
...
006 (9701453.000.000) 05/01 12:21:34 Image size of job updated: 16685116
	16294  -  MemoryUsage of job (MB)
	16684884  -  ResidentSetSize of job (KB)
...
006 (9701453.000.000) 05/01 12:26:35 Image size of job updated: 16774480
	16380  -  MemoryUsage of job (MB)
	16772936  -  ResidentSetSize of job (KB)
...
006 (9701453.000.000) 05/01 12:31:35 Image size of job updated: 16815612
	16420  -  MemoryUsage of job (MB)
	16813624  -  ResidentSetSize of job (KB)
...
006 (9701453.000.000) 05/01 12:36:35 Image size of job updated: 16913032
	16516  -  MemoryUsage of job (MB)
	16911596  -  ResidentSetSize of job (KB)
...
006 (9701453.000.000) 05/01 12:41:36 Image size of job updated: 16954984
	16556  -  MemoryUsage of job (MB)
	16953040  -  ResidentSetSize of job (KB)
...
006 (9701453.000.000) 05/01 12:46:36 Image size of job updated: 17013756
	16615  -  MemoryUsage of job (MB)
	17013328  -  ResidentSetSize of job (KB)
...
006 (9701453.000.000) 05/01 12:51:36 Image size of job updated: 17054724
	16654  -  MemoryUsage of job (MB)
	17053184  -  ResidentSetSize of job (KB)
...
006 (9701453.000.000) 05/01 12:56:37 Image size of job updated: 17173088
	16769  -  MemoryUsage of job (MB)
	17171012  -  ResidentSetSize of job (KB)
...
006 (9701453.000.000) 05/01 13:01:38 Image size of job updated: 17214812
	16809  -  MemoryUsage of job (MB)
	17212024  -  ResidentSetSize of job (KB)
...
006 (9701453.000.000) 05/01 13:06:38 Image size of job updated: 17254988
	16809  -  MemoryUsage of job (MB)
	17212024  -  ResidentSetSize of job (KB)
...
006 (9701453.000.000) 05/01 14:21:46 Image size of job updated: 17266296
	16859  -  MemoryUsage of job (MB)
	17263184  -  ResidentSetSize of job (KB)
...
006 (9701453.000.000) 05/01 14:26:46 Image size of job updated: 17359048
	16951  -  MemoryUsage of job (MB)
	17357260  -  ResidentSetSize of job (KB)
...
006 (9701453.000.000) 05/01 14:31:46 Image size of job updated: 17480404
	17014  -  MemoryUsage of job (MB)
	17422148  -  ResidentSetSize of job (KB)
...
006 (9701453.000.000) 05/01 14:36:47 Image size of job updated: 17558004
	17146  -  MemoryUsage of job (MB)
	17556512  -  ResidentSetSize of job (KB)
...
006 (9701453.000.000) 05/01 14:41:47 Image size of job updated: 17648096
	17233  -  MemoryUsage of job (MB)
	17646060  -  ResidentSetSize of job (KB)
...
006 (9701453.000.000) 05/01 14:46:47 Image size of job updated: 17650532
	17233  -  MemoryUsage of job (MB)
	17646060  -  ResidentSetSize of job (KB)
...
006 (9701453.000.000) 05/01 14:51:48 Image size of job updated: 17662304
	17233  -  MemoryUsage of job (MB)
	17646060  -  ResidentSetSize of job (KB)
...
006 (9701453.000.000) 05/01 15:06:50 Image size of job updated: 17728656
	17311  -  MemoryUsage of job (MB)
	17725900  -  ResidentSetSize of job (KB)
...
006 (9701453.000.000) 05/01 15:11:51 Image size of job updated: 17763160
	17311  -  MemoryUsage of job (MB)
	17725900  -  ResidentSetSize of job (KB)
...
006 (9701453.000.000) 05/01 15:26:52 Image size of job updated: 17786228
	17311  -  MemoryUsage of job (MB)
	17725900  -  ResidentSetSize of job (KB)
...
006 (9701453.000.000) 05/01 15:31:52 Image size of job updated: 17859968
	17390  -  MemoryUsage of job (MB)
	17806784  -  ResidentSetSize of job (KB)
...
006 (9701453.000.000) 05/01 15:36:52 Image size of job updated: 17903224
	17482  -  MemoryUsage of job (MB)
	17900556  -  ResidentSetSize of job (KB)
...
006 (9701453.000.000) 05/01 15:41:53 Image size of job updated: 17941460
	17482  -  MemoryUsage of job (MB)
	17900568  -  ResidentSetSize of job (KB)
...
006 (9701453.000.000) 05/01 15:46:54 Image size of job updated: 17941460
	17484  -  MemoryUsage of job (MB)
	17903048  -  ResidentSetSize of job (KB)
...
006 (9701453.000.000) 05/01 15:51:54 Image size of job updated: 18025244
	17602  -  MemoryUsage of job (MB)
	18023816  -  ResidentSetSize of job (KB)
...
006 (9701453.000.000) 05/01 15:56:55 Image size of job updated: 18148072
	17721  -  MemoryUsage of job (MB)
	18145932  -  ResidentSetSize of job (KB)
...
006 (9701453.000.000) 05/01 16:01:56 Image size of job updated: 18188256
	17762  -  MemoryUsage of job (MB)
	18188252  -  ResidentSetSize of job (KB)
...
006 (9701453.000.000) 05/01 16:06:56 Image size of job updated: 18984952
	18165  -  MemoryUsage of job (MB)
	18600536  -  ResidentSetSize of job (KB)
...
006 (9701453.000.000) 05/01 16:11:56 Image size of job updated: 18984952
	18217  -  MemoryUsage of job (MB)
	18653864  -  ResidentSetSize of job (KB)
...
006 (9701453.000.000) 05/01 16:16:57 Image size of job updated: 18984952
	18305  -  MemoryUsage of job (MB)
	18744140  -  ResidentSetSize of job (KB)
...
006 (9701453.000.000) 05/01 16:21:57 Image size of job updated: 18984952
	18370  -  MemoryUsage of job (MB)
	18810732  -  ResidentSetSize of job (KB)
...
006 (9701453.000.000) 05/01 16:36:59 Image size of job updated: 18984952
	18458  -  MemoryUsage of job (MB)
	18900264  -  ResidentSetSize of job (KB)
...
006 (9701453.000.000) 05/01 16:41:59 Image size of job updated: 18984952
	18499  -  MemoryUsage of job (MB)
	18942348  -  ResidentSetSize of job (KB)
...
006 (9701453.000.000) 05/01 16:47:00 Image size of job updated: 18985064
	18538  -  MemoryUsage of job (MB)
	18982512  -  ResidentSetSize of job (KB)
...
006 (9701453.000.000) 05/01 16:52:01 Image size of job updated: 19124324
	18675  -  MemoryUsage of job (MB)
	19122852  -  ResidentSetSize of job (KB)
...
006 (9701453.000.000) 05/01 16:57:01 Image size of job updated: 19168940
	18719  -  MemoryUsage of job (MB)
	19167752  -  ResidentSetSize of job (KB)
...
006 (9701453.000.000) 05/01 17:02:02 Image size of job updated: 19237048
	18785  -  MemoryUsage of job (MB)
	19235740  -  ResidentSetSize of job (KB)
...
006 (9701453.000.000) 05/01 17:07:03 Image size of job updated: 19367100
	18913  -  MemoryUsage of job (MB)
	19366292  -  ResidentSetSize of job (KB)
...
006 (9701453.000.000) 05/01 17:12:03 Image size of job updated: 19408200
	18953  -  MemoryUsage of job (MB)
	19406868  -  ResidentSetSize of job (KB)
...
006 (9701453.000.000) 05/01 17:17:03 Image size of job updated: 19500868
	19042  -  MemoryUsage of job (MB)
	19498244  -  ResidentSetSize of job (KB)
...
006 (9701453.000.000) 05/01 17:22:04 Image size of job updated: 19540096
	19082  -  MemoryUsage of job (MB)
	19539064  -  ResidentSetSize of job (KB)
...
006 (9701453.000.000) 05/01 17:27:04 Image size of job updated: 19687512
	19225  -  MemoryUsage of job (MB)
	19686300  -  ResidentSetSize of job (KB)
...
006 (9701453.000.000) 05/01 17:32:04 Image size of job updated: 19729064
	19267  -  MemoryUsage of job (MB)
	19729060  -  ResidentSetSize of job (KB)
...
006 (9701453.000.000) 05/01 17:37:05 Image size of job updated: 19821796
	19355  -  MemoryUsage of job (MB)
	19819232  -  ResidentSetSize of job (KB)
...
006 (9701453.000.000) 05/01 17:42:06 Image size of job updated: 19860900
	19395  -  MemoryUsage of job (MB)
	19859716  -  ResidentSetSize of job (KB)
...
006 (9701453.000.000) 05/01 17:47:06 Image size of job updated: 19914228
	19447  -  MemoryUsage of job (MB)
	19913672  -  ResidentSetSize of job (KB)
...
006 (9701453.000.000) 05/01 17:52:07 Image size of job updated: 19957168
	19487  -  MemoryUsage of job (MB)
	19954284  -  ResidentSetSize of job (KB)
...
006 (9701453.000.000) 05/01 17:57:08 Image size of job updated: 20076652
	19605  -  MemoryUsage of job (MB)
	20074664  -  ResidentSetSize of job (KB)
...
006 (9701453.000.000) 05/01 18:02:08 Image size of job updated: 20113672
	19643  -  MemoryUsage of job (MB)
	20113668  -  ResidentSetSize of job (KB)
...
006 (9701453.000.000) 05/01 18:07:08 Image size of job updated: 20249048
	19771  -  MemoryUsage of job (MB)
	20245432  -  ResidentSetSize of job (KB)
...
006 (9701453.000.000) 05/01 18:12:09 Image size of job updated: 20286824
	19811  -  MemoryUsage of job (MB)
	20286444  -  ResidentSetSize of job (KB)
...
006 (9701453.000.000) 05/01 18:17:09 Image size of job updated: 20349404
	19872  -  MemoryUsage of job (MB)
	20348284  -  ResidentSetSize of job (KB)
...
006 (9701453.000.000) 05/01 18:22:09 Image size of job updated: 20385280
	19907  -  MemoryUsage of job (MB)
	20384336  -  ResidentSetSize of job (KB)
...
006 (9701453.000.000) 05/01 18:27:10 Image size of job updated: 20472008
	19992  -  MemoryUsage of job (MB)
	20471648  -  ResidentSetSize of job (KB)
...
006 (9701453.000.000) 05/01 18:32:11 Image size of job updated: 20506168
	20024  -  MemoryUsage of job (MB)
	20503628  -  ResidentSetSize of job (KB)
...
006 (9701453.000.000) 05/01 18:37:11 Image size of job updated: 20620732
	20136  -  MemoryUsage of job (MB)
	20618760  -  ResidentSetSize of job (KB)
...
006 (9701453.000.000) 05/01 18:42:12 Image size of job updated: 20657832
	20174  -  MemoryUsage of job (MB)
	20657316  -  ResidentSetSize of job (KB)
...
006 (9701453.000.000) 05/01 18:47:13 Image size of job updated: 20763644
	20277  -  MemoryUsage of job (MB)
	20762688  -  ResidentSetSize of job (KB)
...
006 (9701453.000.000) 05/01 18:52:13 Image size of job updated: 20802692
	20314  -  MemoryUsage of job (MB)
	20801416  -  ResidentSetSize of job (KB)
...
006 (9701453.000.000) 05/01 18:57:13 Image size of job updated: 20889964
	20399  -  MemoryUsage of job (MB)
	20888540  -  ResidentSetSize of job (KB)
...
006 (9701453.000.000) 05/01 19:02:14 Image size of job updated: 20928168
	20438  -  MemoryUsage of job (MB)
	20927816  -  ResidentSetSize of job (KB)
...
006 (9701453.000.000) 05/01 19:07:14 Image size of job updated: 21054820
	20560  -  MemoryUsage of job (MB)
	21053400  -  ResidentSetSize of job (KB)
...
006 (9701453.000.000) 05/01 19:12:14 Image size of job updated: 21055736
	20560  -  MemoryUsage of job (MB)
	21053400  -  ResidentSetSize of job (KB)
...
006 (9701453.000.000) 05/01 19:17:15 Image size of job updated: 21156424
	20661  -  MemoryUsage of job (MB)
	21155844  -  ResidentSetSize of job (KB)
...
006 (9701453.000.000) 05/01 19:22:16 Image size of job updated: 21198024
	20701  -  MemoryUsage of job (MB)
	21196864  -  ResidentSetSize of job (KB)
...
006 (9701453.000.000) 05/01 19:27:16 Image size of job updated: 21267592
	20769  -  MemoryUsage of job (MB)
	21266584  -  ResidentSetSize of job (KB)
...
006 (9701453.000.000) 05/01 19:32:17 Image size of job updated: 21301700
	20802  -  MemoryUsage of job (MB)
	21300724  -  ResidentSetSize of job (KB)
...
006 (9701453.000.000) 05/01 19:37:18 Image size of job updated: 21418612
	20915  -  MemoryUsage of job (MB)
	21416304  -  ResidentSetSize of job (KB)
...
006 (9701453.000.000) 05/01 19:42:18 Image size of job updated: 21430028
	20921  -  MemoryUsage of job (MB)
	21422132  -  ResidentSetSize of job (KB)
...
006 (9701453.000.000) 05/01 19:47:18 Image size of job updated: 21538748
	21034  -  MemoryUsage of job (MB)
	21538344  -  ResidentSetSize of job (KB)
...
006 (9701453.000.000) 05/01 19:52:19 Image size of job updated: 21634056
	21122  -  MemoryUsage of job (MB)
	21628188  -  ResidentSetSize of job (KB)
...
006 (9701453.000.000) 05/01 19:57:19 Image size of job updated: 21665872
	21158  -  MemoryUsage of job (MB)
	21665312  -  ResidentSetSize of job (KB)
...
006 (9701453.000.000) 05/01 20:02:19 Image size of job updated: 21785392
	21274  -  MemoryUsage of job (MB)
	21783608  -  ResidentSetSize of job (KB)
...
006 (9701453.000.000) 05/01 20:07:20 Image size of job updated: 21811188
	21300  -  MemoryUsage of job (MB)
	21810552  -  ResidentSetSize of job (KB)
...
006 (9701453.000.000) 05/01 20:12:21 Image size of job updated: 21869732
	21357  -  MemoryUsage of job (MB)
	21869028  -  ResidentSetSize of job (KB)
...
006 (9701453.000.000) 05/01 20:17:21 Image size of job updated: 21899076
	21385  -  MemoryUsage of job (MB)
	21897968  -  ResidentSetSize of job (KB)
...
006 (9701453.000.000) 05/01 20:22:22 Image size of job updated: 21951736
	21433  -  MemoryUsage of job (MB)
	21947264  -  ResidentSetSize of job (KB)
...
006 (9701453.000.000) 05/01 20:27:23 Image size of job updated: 22064788
	21548  -  MemoryUsage of job (MB)
	22064228  -  ResidentSetSize of job (KB)
...
006 (9701453.000.000) 05/01 20:32:23 Image size of job updated: 22107520
	21588  -  MemoryUsage of job (MB)
	22105844  -  ResidentSetSize of job (KB)
...
006 (9701453.000.000) 05/01 20:37:23 Image size of job updated: 22207828
	21687  -  MemoryUsage of job (MB)
	22207420  -  ResidentSetSize of job (KB)
...
006 (9701453.000.000) 05/01 20:42:25 Image size of job updated: 22228516
	21687  -  MemoryUsage of job (MB)
	22207420  -  ResidentSetSize of job (KB)
...
006 (9701453.000.000) 05/01 20:47:25 Image size of job updated: 22269692
	21746  -  MemoryUsage of job (MB)
	22267268  -  ResidentSetSize of job (KB)
...
006 (9701453.000.000) 05/01 20:52:25 Image size of job updated: 22269872
	21746  -  MemoryUsage of job (MB)
	22267268  -  ResidentSetSize of job (KB)
...
006 (9701453.000.000) 05/01 20:57:26 Image size of job updated: 22358300
	21833  -  MemoryUsage of job (MB)
	22356252  -  ResidentSetSize of job (KB)
...
006 (9701453.000.000) 05/01 21:02:27 Image size of job updated: 22397036
	21872  -  MemoryUsage of job (MB)
	22396012  -  ResidentSetSize of job (KB)
...
006 (9701453.000.000) 05/01 21:07:27 Image size of job updated: 22513460
	21959  -  MemoryUsage of job (MB)
	22485592  -  ResidentSetSize of job (KB)
...
006 (9701453.000.000) 05/01 21:17:29 Image size of job updated: 22591984
	22061  -  MemoryUsage of job (MB)
	22589616  -  ResidentSetSize of job (KB)
...
006 (9701453.000.000) 05/01 21:22:29 Image size of job updated: 22631412
	22100  -  MemoryUsage of job (MB)
	22630160  -  ResidentSetSize of job (KB)
...
006 (9701453.000.000) 05/01 21:27:29 Image size of job updated: 22721460
	22189  -  MemoryUsage of job (MB)
	22721456  -  ResidentSetSize of job (KB)
...
006 (9701453.000.000) 05/01 21:32:31 Image size of job updated: 22762956
	22229  -  MemoryUsage of job (MB)
	22762284  -  ResidentSetSize of job (KB)
...
006 (9701453.000.000) 05/01 21:37:31 Image size of job updated: 22881784
	22344  -  MemoryUsage of job (MB)
	22879316  -  ResidentSetSize of job (KB)
...
006 (9701453.000.000) 05/01 21:42:31 Image size of job updated: 22902516
	22365  -  MemoryUsage of job (MB)
	22900836  -  ResidentSetSize of job (KB)
...
006 (9701453.000.000) 05/01 21:47:32 Image size of job updated: 23001896
	22462  -  MemoryUsage of job (MB)
	23000180  -  ResidentSetSize of job (KB)
...
006 (9701453.000.000) 05/01 21:52:33 Image size of job updated: 23029428
	22488  -  MemoryUsage of job (MB)
	23027636  -  ResidentSetSize of job (KB)
...
006 (9701453.000.000) 05/01 21:57:33 Image size of job updated: 23119008
	22574  -  MemoryUsage of job (MB)
	23114976  -  ResidentSetSize of job (KB)
...
006 (9701453.000.000) 05/01 22:02:33 Image size of job updated: 23128660
	22583  -  MemoryUsage of job (MB)
	23124844  -  ResidentSetSize of job (KB)
...
006 (9701453.000.000) 05/01 22:07:34 Image size of job updated: 23178780
	22636  -  MemoryUsage of job (MB)
	23178252  -  ResidentSetSize of job (KB)
...
006 (9701453.000.000) 05/01 22:12:34 Image size of job updated: 23208160
	22662  -  MemoryUsage of job (MB)
	23205360  -  ResidentSetSize of job (KB)
...
006 (9701453.000.000) 05/01 22:17:34 Image size of job updated: 23333184
	22784  -  MemoryUsage of job (MB)
	23330648  -  ResidentSetSize of job (KB)
...
006 (9701453.000.000) 05/01 22:22:35 Image size of job updated: 23373636
	22823  -  MemoryUsage of job (MB)
	23370568  -  ResidentSetSize of job (KB)
...
006 (9701453.000.000) 05/01 22:27:36 Image size of job updated: 23435380
	22842  -  MemoryUsage of job (MB)
	23389796  -  ResidentSetSize of job (KB)
...
006 (9701453.000.000) 05/01 22:32:36 Image size of job updated: 23435380
	22882  -  MemoryUsage of job (MB)
	23430616  -  ResidentSetSize of job (KB)
...
006 (9701453.000.000) 05/01 22:37:37 Image size of job updated: 23466180
	22909  -  MemoryUsage of job (MB)
	23458356  -  ResidentSetSize of job (KB)
...
006 (9701453.000.000) 05/01 22:42:38 Image size of job updated: 23499700
	22947  -  MemoryUsage of job (MB)
	23497672  -  ResidentSetSize of job (KB)
...
006 (9701453.000.000) 05/01 22:47:38 Image size of job updated: 23616392
	23060  -  MemoryUsage of job (MB)
	23613256  -  ResidentSetSize of job (KB)
...
006 (9701453.000.000) 05/01 22:52:39 Image size of job updated: 23655660
	23100  -  MemoryUsage of job (MB)
	23654020  -  ResidentSetSize of job (KB)
...
006 (9701453.000.000) 05/01 22:57:40 Image size of job updated: 23688416
	23133  -  MemoryUsage of job (MB)
	23687532  -  ResidentSetSize of job (KB)
...
006 (9701453.000.000) 05/01 23:02:40 Image size of job updated: 23728704
	23173  -  MemoryUsage of job (MB)
	23728220  -  ResidentSetSize of job (KB)
...
006 (9701453.000.000) 05/01 23:07:40 Image size of job updated: 23787720
	23230  -  MemoryUsage of job (MB)
	23787284  -  ResidentSetSize of job (KB)
...
006 (9701453.000.000) 05/01 23:12:41 Image size of job updated: 23822572
	23265  -  MemoryUsage of job (MB)
	23822340  -  ResidentSetSize of job (KB)
...
006 (9701453.000.000) 05/01 23:17:41 Image size of job updated: 23915476
	23354  -  MemoryUsage of job (MB)
	23914304  -  ResidentSetSize of job (KB)
...
006 (9701453.000.000) 05/01 23:22:41 Image size of job updated: 23953156
	23392  -  MemoryUsage of job (MB)
	23952964  -  ResidentSetSize of job (KB)
...
006 (9701453.000.000) 05/01 23:27:42 Image size of job updated: 24004564
	23435  -  MemoryUsage of job (MB)
	23996640  -  ResidentSetSize of job (KB)
...
006 (9701453.000.000) 05/01 23:32:43 Image size of job updated: 24099108
	23534  -  MemoryUsage of job (MB)
	24097980  -  ResidentSetSize of job (KB)
...
006 (9701453.000.000) 05/01 23:37:43 Image size of job updated: 24179104
	23612  -  MemoryUsage of job (MB)
	24177800  -  ResidentSetSize of job (KB)
...
006 (9701453.000.000) 05/01 23:42:44 Image size of job updated: 24201724
	23627  -  MemoryUsage of job (MB)
	24193360  -  ResidentSetSize of job (KB)
...
006 (9701453.000.000) 05/01 23:47:45 Image size of job updated: 24203340
	23632  -  MemoryUsage of job (MB)
	24198980  -  ResidentSetSize of job (KB)
...
006 (9701453.000.000) 05/01 23:52:45 Image size of job updated: 24303076
	23716  -  MemoryUsage of job (MB)
	24284224  -  ResidentSetSize of job (KB)
...
006 (9701453.000.000) 05/02 00:07:47 Image size of job updated: 24310276
	23740  -  MemoryUsage of job (MB)
	24308776  -  ResidentSetSize of job (KB)
...
006 (9701453.000.000) 05/02 00:12:47 Image size of job updated: 24426208
	23852  -  MemoryUsage of job (MB)
	24424056  -  ResidentSetSize of job (KB)
...
006 (9701453.000.000) 05/02 00:17:48 Image size of job updated: 24463896
	23890  -  MemoryUsage of job (MB)
	24462728  -  ResidentSetSize of job (KB)
...
006 (9701453.000.000) 05/02 00:22:48 Image size of job updated: 24503360
	23929  -  MemoryUsage of job (MB)
	24502504  -  ResidentSetSize of job (KB)
...
006 (9701453.000.000) 05/02 00:27:48 Image size of job updated: 24522016
	23942  -  MemoryUsage of job (MB)
	24515612  -  ResidentSetSize of job (KB)
...
006 (9701453.000.000) 05/02 00:32:49 Image size of job updated: 24558348
	23981  -  MemoryUsage of job (MB)
	24556004  -  ResidentSetSize of job (KB)
...
006 (9701453.000.000) 05/02 00:37:50 Image size of job updated: 24602036
	23981  -  MemoryUsage of job (MB)
	24556004  -  ResidentSetSize of job (KB)
...
006 (9701453.000.000) 05/02 00:42:50 Image size of job updated: 24602036
	23987  -  MemoryUsage of job (MB)
	24561796  -  ResidentSetSize of job (KB)
...
006 (9701453.000.000) 05/02 00:47:51 Image size of job updated: 24603524
	24026  -  MemoryUsage of job (MB)
	24602404  -  ResidentSetSize of job (KB)
...
006 (9701453.000.000) 05/02 00:52:52 Image size of job updated: 24745820
	24165  -  MemoryUsage of job (MB)
	24744368  -  ResidentSetSize of job (KB)
...
006 (9701453.000.000) 05/02 00:57:52 Image size of job updated: 24775952
	24193  -  MemoryUsage of job (MB)
	24773212  -  ResidentSetSize of job (KB)
...
006 (9701453.000.000) 05/02 01:02:52 Image size of job updated: 24795628
	24215  -  MemoryUsage of job (MB)
	24795256  -  ResidentSetSize of job (KB)
...
006 (9701453.000.000) 05/02 01:07:53 Image size of job updated: 24888256
	24272  -  MemoryUsage of job (MB)
	24853916  -  ResidentSetSize of job (KB)
...
006 (9701453.000.000) 05/02 01:12:53 Image size of job updated: 24892848
	24307  -  MemoryUsage of job (MB)
	24890004  -  ResidentSetSize of job (KB)
...
006 (9701453.000.000) 05/02 01:17:53 Image size of job updated: 24977280
	24307  -  MemoryUsage of job (MB)
	24890004  -  ResidentSetSize of job (KB)
...
006 (9701453.000.000) 05/02 02:28:00 Image size of job updated: 24977280
	24329  -  MemoryUsage of job (MB)
	24912772  -  ResidentSetSize of job (KB)
...
006 (9701453.000.000) 05/02 02:33:01 Image size of job updated: 25050924
	24463  -  MemoryUsage of job (MB)
	25049400  -  ResidentSetSize of job (KB)
...
006 (9701453.000.000) 05/02 02:38:01 Image size of job updated: 25142508
	24553  -  MemoryUsage of job (MB)
	25141436  -  ResidentSetSize of job (KB)
...
006 (9701453.000.000) 05/02 02:43:01 Image size of job updated: 25182168
	24590  -  MemoryUsage of job (MB)
	25179772  -  ResidentSetSize of job (KB)
...
006 (9701453.000.000) 05/02 02:48:02 Image size of job updated: 25234920
	24618  -  MemoryUsage of job (MB)
	25208024  -  ResidentSetSize of job (KB)
...
006 (9701453.000.000) 05/02 02:53:02 Image size of job updated: 25264424
	24672  -  MemoryUsage of job (MB)
	25263612  -  ResidentSetSize of job (KB)
...
006 (9701453.000.000) 05/02 02:58:02 Image size of job updated: 25348884
	24728  -  MemoryUsage of job (MB)
	25321168  -  ResidentSetSize of job (KB)
...
006 (9701453.000.000) 05/02 03:03:03 Image size of job updated: 25359500
	24736  -  MemoryUsage of job (MB)
	25329580  -  ResidentSetSize of job (KB)
...
006 (9701453.000.000) 05/02 03:08:04 Image size of job updated: 25417504
	24821  -  MemoryUsage of job (MB)
	25416608  -  ResidentSetSize of job (KB)
...
006 (9701453.000.000) 05/02 03:13:04 Image size of job updated: 25431416
	24835  -  MemoryUsage of job (MB)
	25430296  -  ResidentSetSize of job (KB)
...
006 (9701453.000.000) 05/02 03:18:05 Image size of job updated: 25451068
	24835  -  MemoryUsage of job (MB)
	25430296  -  ResidentSetSize of job (KB)
...
006 (9701453.000.000) 05/02 03:23:06 Image size of job updated: 25509296
	24835  -  MemoryUsage of job (MB)
	25430296  -  ResidentSetSize of job (KB)
...
006 (9701453.000.000) 05/02 03:28:06 Image size of job updated: 25512152
	24913  -  MemoryUsage of job (MB)
	25509940  -  ResidentSetSize of job (KB)
...
006 (9701453.000.000) 05/02 03:33:06 Image size of job updated: 25612928
	24958  -  MemoryUsage of job (MB)
	25556628  -  ResidentSetSize of job (KB)
...
006 (9701453.000.000) 05/02 03:38:07 Image size of job updated: 25612928
	24966  -  MemoryUsage of job (MB)
	25564592  -  ResidentSetSize of job (KB)
...
006 (9701453.000.000) 05/02 03:53:08 Image size of job updated: 25612928
	24979  -  MemoryUsage of job (MB)
	25577640  -  ResidentSetSize of job (KB)
...
006 (9701453.000.000) 05/02 04:03:09 Image size of job updated: 25612928
	24989  -  MemoryUsage of job (MB)
	25587760  -  ResidentSetSize of job (KB)
...
006 (9701453.000.000) 05/02 04:08:10 Image size of job updated: 25665544
	25016  -  MemoryUsage of job (MB)
	25616096  -  ResidentSetSize of job (KB)
...
006 (9701453.000.000) 05/02 04:13:11 Image size of job updated: 25713136
	25109  -  MemoryUsage of job (MB)
	25710772  -  ResidentSetSize of job (KB)
...
006 (9701453.000.000) 05/02 04:18:11 Image size of job updated: 25843100
	25199  -  MemoryUsage of job (MB)
	25803372  -  ResidentSetSize of job (KB)
...
006 (9701453.000.000) 05/02 04:23:11 Image size of job updated: 25884968
	25207  -  MemoryUsage of job (MB)
	25811324  -  ResidentSetSize of job (KB)
...
006 (9701453.000.000) 05/02 04:28:12 Image size of job updated: 25884968
	25216  -  MemoryUsage of job (MB)
	25820936  -  ResidentSetSize of job (KB)
...
006 (9701453.000.000) 05/02 04:33:12 Image size of job updated: 25915396
	25305  -  MemoryUsage of job (MB)
	25911772  -  ResidentSetSize of job (KB)
...
006 (9701453.000.000) 05/02 04:38:12 Image size of job updated: 25959424
	25350  -  MemoryUsage of job (MB)
	25957476  -  ResidentSetSize of job (KB)
...
006 (9701453.000.000) 05/02 04:43:14 Image size of job updated: 26024860
	25350  -  MemoryUsage of job (MB)
	25957476  -  ResidentSetSize of job (KB)
...
006 (9701453.000.000) 05/02 04:48:14 Image size of job updated: 26024860
	25358  -  MemoryUsage of job (MB)
	25965680  -  ResidentSetSize of job (KB)
...
006 (9701453.000.000) 05/02 04:53:14 Image size of job updated: 26027684
	25417  -  MemoryUsage of job (MB)
	26026220  -  ResidentSetSize of job (KB)
...
006 (9701453.000.000) 05/02 04:58:15 Image size of job updated: 26064984
	25452  -  MemoryUsage of job (MB)
	26062668  -  ResidentSetSize of job (KB)
...
006 (9701453.000.000) 05/02 05:03:16 Image size of job updated: 26122660
	25510  -  MemoryUsage of job (MB)
	26121424  -  ResidentSetSize of job (KB)
...
006 (9701453.000.000) 05/02 05:08:16 Image size of job updated: 26165940
	25510  -  MemoryUsage of job (MB)
	26121424  -  ResidentSetSize of job (KB)
...
006 (9701453.000.000) 05/02 05:13:17 Image size of job updated: 26193184
	25577  -  MemoryUsage of job (MB)
	26190060  -  ResidentSetSize of job (KB)
...
006 (9701453.000.000) 05/02 05:18:18 Image size of job updated: 26194212
	25577  -  MemoryUsage of job (MB)
	26190060  -  ResidentSetSize of job (KB)
...
006 (9701453.000.000) 05/02 05:23:18 Image size of job updated: 26238244
	25577  -  MemoryUsage of job (MB)
	26190060  -  ResidentSetSize of job (KB)
...
006 (9701453.000.000) 05/02 06:33:24 Image size of job updated: 26295188
	25678  -  MemoryUsage of job (MB)
	26293576  -  ResidentSetSize of job (KB)
...
006 (9701453.000.000) 05/02 06:38:25 Image size of job updated: 26318696
	25678  -  MemoryUsage of job (MB)
	26293576  -  ResidentSetSize of job (KB)
...
006 (9701453.000.000) 05/02 06:43:26 Image size of job updated: 26352996
	25735  -  MemoryUsage of job (MB)
	26351896  -  ResidentSetSize of job (KB)
...
006 (9701453.000.000) 05/02 06:48:26 Image size of job updated: 26435092
	25795  -  MemoryUsage of job (MB)
	26413260  -  ResidentSetSize of job (KB)
...
006 (9701453.000.000) 05/02 06:53:28 Image size of job updated: 26455312
	25835  -  MemoryUsage of job (MB)
	26454428  -  ResidentSetSize of job (KB)
...
006 (9701453.000.000) 05/02 06:58:28 Image size of job updated: 26571500
	25948  -  MemoryUsage of job (MB)
	26570308  -  ResidentSetSize of job (KB)
...
006 (9701453.000.000) 05/02 07:03:28 Image size of job updated: 26711468
	26076  -  MemoryUsage of job (MB)
	26701324  -  ResidentSetSize of job (KB)
...
006 (9701453.000.000) 05/02 07:08:29 Image size of job updated: 26713132
	26086  -  MemoryUsage of job (MB)
	26711224  -  ResidentSetSize of job (KB)
...
006 (9701453.000.000) 05/02 07:13:30 Image size of job updated: 26804676
	26175  -  MemoryUsage of job (MB)
	26802628  -  ResidentSetSize of job (KB)
...
006 (9701453.000.000) 05/02 07:18:30 Image size of job updated: 26817316
	26175  -  MemoryUsage of job (MB)
	26802628  -  ResidentSetSize of job (KB)
...
006 (9701453.000.000) 05/02 07:28:32 Image size of job updated: 26855368
	26226  -  MemoryUsage of job (MB)
	26854888  -  ResidentSetSize of job (KB)
...
006 (9701453.000.000) 05/02 07:33:32 Image size of job updated: 26956928
	26323  -  MemoryUsage of job (MB)
	26954636  -  ResidentSetSize of job (KB)
...
006 (9701453.000.000) 05/02 07:38:32 Image size of job updated: 26958928
	26323  -  MemoryUsage of job (MB)
	26954636  -  ResidentSetSize of job (KB)
...
006 (9701453.000.000) 05/02 07:48:33 Image size of job updated: 26982344
	26347  -  MemoryUsage of job (MB)
	26978376  -  ResidentSetSize of job (KB)
...
006 (9701453.000.000) 05/02 07:53:33 Image size of job updated: 26999572
	26347  -  MemoryUsage of job (MB)
	26978376  -  ResidentSetSize of job (KB)
...
006 (9701453.000.000) 05/02 07:58:34 Image size of job updated: 26999572
	26349  -  MemoryUsage of job (MB)
	26980920  -  ResidentSetSize of job (KB)
...
006 (9701453.000.000) 05/02 08:03:35 Image size of job updated: 27022060
	26382  -  MemoryUsage of job (MB)
	27014708  -  ResidentSetSize of job (KB)
...
006 (9701453.000.000) 05/02 08:08:35 Image size of job updated: 27137760
	26501  -  MemoryUsage of job (MB)
	27136560  -  ResidentSetSize of job (KB)
...
006 (9701453.000.000) 05/02 08:13:35 Image size of job updated: 27198896
	26540  -  MemoryUsage of job (MB)
	27176520  -  ResidentSetSize of job (KB)
...
006 (9701453.000.000) 05/02 08:18:36 Image size of job updated: 27270504
	26629  -  MemoryUsage of job (MB)
	27267732  -  ResidentSetSize of job (KB)
...
006 (9701453.000.000) 05/02 08:23:36 Image size of job updated: 27396216
	26747  -  MemoryUsage of job (MB)
	27387960  -  ResidentSetSize of job (KB)
...
006 (9701453.000.000) 05/02 08:28:36 Image size of job updated: 27459300
	26814  -  MemoryUsage of job (MB)
	27457024  -  ResidentSetSize of job (KB)
...
006 (9701453.000.000) 05/02 08:33:37 Image size of job updated: 27525140
	26879  -  MemoryUsage of job (MB)
	27523936  -  ResidentSetSize of job (KB)
...
006 (9701453.000.000) 05/02 08:38:38 Image size of job updated: 27535936
	26891  -  MemoryUsage of job (MB)
	27535932  -  ResidentSetSize of job (KB)
...
006 (9701453.000.000) 05/02 08:43:38 Image size of job updated: 27540104
	26891  -  MemoryUsage of job (MB)
	27535932  -  ResidentSetSize of job (KB)
...
006 (9701453.000.000) 05/02 08:53:40 Image size of job updated: 27553488
	26906  -  MemoryUsage of job (MB)
	27550968  -  ResidentSetSize of job (KB)
...
006 (9701453.000.000) 05/02 08:58:40 Image size of job updated: 27576732
	26929  -  MemoryUsage of job (MB)
	27574860  -  ResidentSetSize of job (KB)
...
006 (9701453.000.000) 05/02 09:03:40 Image size of job updated: 27587108
	26929  -  MemoryUsage of job (MB)
	27574860  -  ResidentSetSize of job (KB)
...
006 (9701453.000.000) 05/02 09:08:41 Image size of job updated: 27627056
	26976  -  MemoryUsage of job (MB)
	27623132  -  ResidentSetSize of job (KB)
...
006 (9701453.000.000) 05/02 09:13:41 Image size of job updated: 27628740
	26976  -  MemoryUsage of job (MB)
	27623132  -  ResidentSetSize of job (KB)
...
006 (9701453.000.000) 05/02 09:18:41 Image size of job updated: 27675120
	27024  -  MemoryUsage of job (MB)
	27672516  -  ResidentSetSize of job (KB)
...
006 (9701453.000.000) 05/02 09:23:43 Image size of job updated: 27708656
	27058  -  MemoryUsage of job (MB)
	27707068  -  ResidentSetSize of job (KB)
...
006 (9701453.000.000) 05/02 09:28:43 Image size of job updated: 27710008
	27058  -  MemoryUsage of job (MB)
	27707068  -  ResidentSetSize of job (KB)
...
006 (9701453.000.000) 05/02 10:08:47 Image size of job updated: 27753236
	27100  -  MemoryUsage of job (MB)
	27749880  -  ResidentSetSize of job (KB)
...
006 (9701453.000.000) 05/02 10:23:48 Image size of job updated: 27770504
	27100  -  MemoryUsage of job (MB)
	27749880  -  ResidentSetSize of job (KB)
...
006 (9701453.000.000) 05/02 10:28:49 Image size of job updated: 27801084
	27140  -  MemoryUsage of job (MB)
	27791232  -  ResidentSetSize of job (KB)
...
006 (9701453.000.000) 05/02 13:39:09 Image size of job updated: 27860616
	27206  -  MemoryUsage of job (MB)
	27857928  -  ResidentSetSize of job (KB)
...
006 (9701453.000.000) 05/02 13:44:09 Image size of job updated: 27863992
	27206  -  MemoryUsage of job (MB)
	27857928  -  ResidentSetSize of job (KB)
...
006 (9701453.000.000) 05/02 14:04:12 Image size of job updated: 27879632
	27224  -  MemoryUsage of job (MB)
	27876924  -  ResidentSetSize of job (KB)
...
006 (9701453.000.000) 05/02 14:09:13 Image size of job updated: 27909704
	27254  -  MemoryUsage of job (MB)
	27907652  -  ResidentSetSize of job (KB)
...
006 (9701453.000.000) 05/02 14:14:13 Image size of job updated: 27941832
	27254  -  MemoryUsage of job (MB)
	27907652  -  ResidentSetSize of job (KB)
...
006 (9701453.000.000) 05/02 14:19:14 Image size of job updated: 27944312
	27288  -  MemoryUsage of job (MB)
	27942336  -  ResidentSetSize of job (KB)
...
006 (9701453.000.000) 05/02 14:24:15 Image size of job updated: 27953384
	27299  -  MemoryUsage of job (MB)
	27953176  -  ResidentSetSize of job (KB)
...
006 (9701453.000.000) 05/02 14:29:15 Image size of job updated: 28066416
	27407  -  MemoryUsage of job (MB)
	28064592  -  ResidentSetSize of job (KB)
...
006 (9701453.000.000) 05/02 14:34:15 Image size of job updated: 28085612
	27425  -  MemoryUsage of job (MB)
	28082864  -  ResidentSetSize of job (KB)
...
006 (9701453.000.000) 05/02 14:39:17 Image size of job updated: 28166896
	27425  -  MemoryUsage of job (MB)
	28082864  -  ResidentSetSize of job (KB)
...
006 (9701453.000.000) 05/02 14:44:17 Image size of job updated: 28166896
	27446  -  MemoryUsage of job (MB)
	28104104  -  ResidentSetSize of job (KB)
...
006 (9701453.000.000) 05/02 14:49:17 Image size of job updated: 28166896
	27459  -  MemoryUsage of job (MB)
	28117124  -  ResidentSetSize of job (KB)
...
006 (9701453.000.000) 05/02 15:09:20 Image size of job updated: 28185024
	27508  -  MemoryUsage of job (MB)
	28167460  -  ResidentSetSize of job (KB)
...
006 (9701453.000.000) 05/02 15:14:21 Image size of job updated: 28259372
	27596  -  MemoryUsage of job (MB)
	28258208  -  ResidentSetSize of job (KB)
...
006 (9701453.000.000) 05/02 15:19:21 Image size of job updated: 28270372
	27606  -  MemoryUsage of job (MB)
	28268208  -  ResidentSetSize of job (KB)
...
006 (9701453.000.000) 05/02 15:24:21 Image size of job updated: 28395448
	27694  -  MemoryUsage of job (MB)
	28358236  -  ResidentSetSize of job (KB)
...
006 (9701453.000.000) 05/02 15:29:22 Image size of job updated: 28443492
	27776  -  MemoryUsage of job (MB)
	28441784  -  ResidentSetSize of job (KB)
...
006 (9701453.000.000) 05/02 15:34:22 Image size of job updated: 30082428
	28599  -  MemoryUsage of job (MB)
	29284924  -  ResidentSetSize of job (KB)
...
006 (9701453.000.000) 05/02 15:39:22 Image size of job updated: 30082428
	28711  -  MemoryUsage of job (MB)
	29400004  -  ResidentSetSize of job (KB)
...
006 (9701453.000.000) 05/02 15:44:23 Image size of job updated: 30082428
	28725  -  MemoryUsage of job (MB)
	29413648  -  ResidentSetSize of job (KB)
...
006 (9701453.000.000) 05/02 15:54:23 Image size of job updated: 30082428
	28799  -  MemoryUsage of job (MB)
	29489288  -  ResidentSetSize of job (KB)
...
006 (9701453.000.000) 05/02 15:59:24 Image size of job updated: 30082428
	28839  -  MemoryUsage of job (MB)
	29530548  -  ResidentSetSize of job (KB)
...
006 (9701453.000.000) 05/02 16:04:25 Image size of job updated: 30082428
	28894  -  MemoryUsage of job (MB)
	29586812  -  ResidentSetSize of job (KB)
...
006 (9701453.000.000) 05/02 16:09:25 Image size of job updated: 30082428
	28903  -  MemoryUsage of job (MB)
	29596600  -  ResidentSetSize of job (KB)
...
006 (9701453.000.000) 05/02 16:24:27 Image size of job updated: 30082428
	28994  -  MemoryUsage of job (MB)
	29689752  -  ResidentSetSize of job (KB)
...
006 (9701453.000.000) 05/02 16:29:27 Image size of job updated: 30082428
	29034  -  MemoryUsage of job (MB)
	29730116  -  ResidentSetSize of job (KB)
...
006 (9701453.000.000) 05/02 16:34:28 Image size of job updated: 30082428
	29124  -  MemoryUsage of job (MB)
	29822368  -  ResidentSetSize of job (KB)
...
006 (9701453.000.000) 05/02 16:39:28 Image size of job updated: 30082428
	29190  -  MemoryUsage of job (MB)
	29889808  -  ResidentSetSize of job (KB)
...
006 (9701453.000.000) 05/02 16:54:30 Image size of job updated: 30082428
	29209  -  MemoryUsage of job (MB)
	29909832  -  ResidentSetSize of job (KB)
...
006 (9701453.000.000) 05/02 16:59:30 Image size of job updated: 30082428
	29353  -  MemoryUsage of job (MB)
	30056568  -  ResidentSetSize of job (KB)
...
006 (9701453.000.000) 05/02 17:04:31 Image size of job updated: 30231556
	29353  -  MemoryUsage of job (MB)
	30056568  -  ResidentSetSize of job (KB)
...
006 (9701453.000.000) 05/02 17:34:33 Image size of job updated: 30231556
	29402  -  MemoryUsage of job (MB)
	30106936  -  ResidentSetSize of job (KB)
...
006 (9701453.000.000) 05/02 17:39:34 Image size of job updated: 30231556
	29438  -  MemoryUsage of job (MB)
	30144196  -  ResidentSetSize of job (KB)
...
006 (9701453.000.000) 05/02 17:44:35 Image size of job updated: 30231556
	29479  -  MemoryUsage of job (MB)
	30186432  -  ResidentSetSize of job (KB)
...
006 (9701453.000.000) 05/02 17:49:35 Image size of job updated: 30303376
	29593  -  MemoryUsage of job (MB)
	30302916  -  ResidentSetSize of job (KB)
...
006 (9701453.000.000) 05/02 17:54:36 Image size of job updated: 30352124
	29603  -  MemoryUsage of job (MB)
	30312584  -  ResidentSetSize of job (KB)
...
006 (9701453.000.000) 05/02 17:59:37 Image size of job updated: 30408468
	29671  -  MemoryUsage of job (MB)
	30382448  -  ResidentSetSize of job (KB)
...
006 (9701453.000.000) 05/02 18:04:37 Image size of job updated: 30413232
	29700  -  MemoryUsage of job (MB)
	30412020  -  ResidentSetSize of job (KB)
...
006 (9701453.000.000) 05/02 18:09:38 Image size of job updated: 30446460
	29700  -  MemoryUsage of job (MB)
	30412020  -  ResidentSetSize of job (KB)
...
006 (9701453.000.000) 05/02 18:19:39 Image size of job updated: 30446460
	29726  -  MemoryUsage of job (MB)
	30438668  -  ResidentSetSize of job (KB)
...
006 (9701453.000.000) 05/02 18:24:39 Image size of job updated: 30481252
	29766  -  MemoryUsage of job (MB)
	30480208  -  ResidentSetSize of job (KB)
...
006 (9701453.000.000) 05/02 18:29:40 Image size of job updated: 30601640
	29883  -  MemoryUsage of job (MB)
	30600156  -  ResidentSetSize of job (KB)
...
006 (9701453.000.000) 05/02 18:34:40 Image size of job updated: 30662016
	29942  -  MemoryUsage of job (MB)
	30660036  -  ResidentSetSize of job (KB)
...
006 (9701453.000.000) 05/02 18:39:40 Image size of job updated: 30781556
	30059  -  MemoryUsage of job (MB)
	30780284  -  ResidentSetSize of job (KB)
...
006 (9701453.000.000) 05/02 18:44:41 Image size of job updated: 30826076
	30100  -  MemoryUsage of job (MB)
	30822276  -  ResidentSetSize of job (KB)
...
006 (9701453.000.000) 05/02 18:49:42 Image size of job updated: 30889828
	30166  -  MemoryUsage of job (MB)
	30889072  -  ResidentSetSize of job (KB)
...
006 (9701453.000.000) 05/02 18:54:42 Image size of job updated: 30951456
	30224  -  MemoryUsage of job (MB)
	30948496  -  ResidentSetSize of job (KB)
...
006 (9701453.000.000) 05/02 18:59:43 Image size of job updated: 30992248
	30265  -  MemoryUsage of job (MB)
	30990344  -  ResidentSetSize of job (KB)
...
006 (9701453.000.000) 05/02 19:04:44 Image size of job updated: 31140708
	30410  -  MemoryUsage of job (MB)
	31138984  -  ResidentSetSize of job (KB)
...
006 (9701453.000.000) 05/02 19:09:44 Image size of job updated: 31233312
	30500  -  MemoryUsage of job (MB)
	31230988  -  ResidentSetSize of job (KB)
...
006 (9701453.000.000) 05/02 19:14:44 Image size of job updated: 31297200
	30562  -  MemoryUsage of job (MB)
	31294976  -  ResidentSetSize of job (KB)
...
006 (9701453.000.000) 05/02 19:19:45 Image size of job updated: 31298368
	30562  -  MemoryUsage of job (MB)
	31294976  -  ResidentSetSize of job (KB)
...
006 (9701453.000.000) 05/02 20:24:52 Image size of job updated: 31333344
	30599  -  MemoryUsage of job (MB)
	31332652  -  ResidentSetSize of job (KB)
...
006 (9701453.000.000) 05/02 20:29:52 Image size of job updated: 31376736
	30639  -  MemoryUsage of job (MB)
	31374044  -  ResidentSetSize of job (KB)
...
006 (9701453.000.000) 05/02 20:34:52 Image size of job updated: 31405480
	30639  -  MemoryUsage of job (MB)
	31374044  -  ResidentSetSize of job (KB)
...
006 (9701453.000.000) 05/02 20:39:53 Image size of job updated: 31474384
	30735  -  MemoryUsage of job (MB)
	31472212  -  ResidentSetSize of job (KB)
...
006 (9701453.000.000) 05/02 20:44:54 Image size of job updated: 31594292
	30853  -  MemoryUsage of job (MB)
	31592876  -  ResidentSetSize of job (KB)
...
006 (9701453.000.000) 05/02 20:49:54 Image size of job updated: 31634716
	30853  -  MemoryUsage of job (MB)
	31592876  -  ResidentSetSize of job (KB)
...
006 (9701453.000.000) 05/02 20:54:55 Image size of job updated: 31699800
	30956  -  MemoryUsage of job (MB)
	31698504  -  ResidentSetSize of job (KB)
...
006 (9701453.000.000) 05/02 20:59:56 Image size of job updated: 31737116
	30958  -  MemoryUsage of job (MB)
	31700616  -  ResidentSetSize of job (KB)
...
006 (9701453.000.000) 05/02 21:04:56 Image size of job updated: 31765868
	31022  -  MemoryUsage of job (MB)
	31765616  -  ResidentSetSize of job (KB)
...
006 (9701453.000.000) 05/02 21:09:56 Image size of job updated: 31884988
	31138  -  MemoryUsage of job (MB)
	31884724  -  ResidentSetSize of job (KB)
...
006 (9701453.000.000) 05/02 21:14:57 Image size of job updated: 31928088
	31179  -  MemoryUsage of job (MB)
	31926612  -  ResidentSetSize of job (KB)
...
006 (9701453.000.000) 05/02 21:19:57 Image size of job updated: 32043924
	31293  -  MemoryUsage of job (MB)
	32043208  -  ResidentSetSize of job (KB)
...
006 (9701453.000.000) 05/02 21:24:57 Image size of job updated: 32075524
	31293  -  MemoryUsage of job (MB)
	32043208  -  ResidentSetSize of job (KB)
...
006 (9701453.000.000) 05/02 21:34:59 Image size of job updated: 32162744
	31377  -  MemoryUsage of job (MB)
	32129064  -  ResidentSetSize of job (KB)
...
006 (9701453.000.000) 05/02 21:39:59 Image size of job updated: 32195564
	31440  -  MemoryUsage of job (MB)
	32193748  -  ResidentSetSize of job (KB)
...
006 (9701453.000.000) 05/02 21:45:00 Image size of job updated: 32279496
	31440  -  MemoryUsage of job (MB)
	32193748  -  ResidentSetSize of job (KB)
...
006 (9701453.000.000) 05/02 21:55:01 Image size of job updated: 32279496
	31443  -  MemoryUsage of job (MB)
	32196920  -  ResidentSetSize of job (KB)
...
006 (9701453.000.000) 05/02 22:00:01 Image size of job updated: 32346248
	31587  -  MemoryUsage of job (MB)
	32344636  -  ResidentSetSize of job (KB)
...
006 (9701453.000.000) 05/02 22:05:02 Image size of job updated: 32388992
	31630  -  MemoryUsage of job (MB)
	32388512  -  ResidentSetSize of job (KB)
...
006 (9701453.000.000) 05/02 22:10:02 Image size of job updated: 32513172
	31750  -  MemoryUsage of job (MB)
	32511112  -  ResidentSetSize of job (KB)
...
006 (9701453.000.000) 05/02 22:15:02 Image size of job updated: 32635296
	31869  -  MemoryUsage of job (MB)
	32633228  -  ResidentSetSize of job (KB)
...
006 (9701453.000.000) 05/02 22:20:03 Image size of job updated: 32758072
	31990  -  MemoryUsage of job (MB)
	32757108  -  ResidentSetSize of job (KB)
...
006 (9701453.000.000) 05/02 22:25:03 Image size of job updated: 32799396
	32031  -  MemoryUsage of job (MB)
	32799396  -  ResidentSetSize of job (KB)
...
006 (9701453.000.000) 05/02 22:30:03 Image size of job updated: 32906756
	32135  -  MemoryUsage of job (MB)
	32905788  -  ResidentSetSize of job (KB)
...
006 (9701453.000.000) 05/02 22:35:04 Image size of job updated: 32973572
	32201  -  MemoryUsage of job (MB)
	32973160  -  ResidentSetSize of job (KB)
...
006 (9701453.000.000) 05/02 22:40:05 Image size of job updated: 33039948
	32263  -  MemoryUsage of job (MB)
	33037192  -  ResidentSetSize of job (KB)
...
006 (9701453.000.000) 05/02 22:45:05 Image size of job updated: 33090984
	32314  -  MemoryUsage of job (MB)
	33088548  -  ResidentSetSize of job (KB)
...
006 (9701453.000.000) 05/02 22:50:06 Image size of job updated: 33148892
	32371  -  MemoryUsage of job (MB)
	33147152  -  ResidentSetSize of job (KB)
...
006 (9701453.000.000) 05/02 22:55:07 Image size of job updated: 33188700
	32409  -  MemoryUsage of job (MB)
	33186660  -  ResidentSetSize of job (KB)
...
006 (9701453.000.000) 05/02 23:00:07 Image size of job updated: 33287924
	32505  -  MemoryUsage of job (MB)
	33284956  -  ResidentSetSize of job (KB)
...
006 (9701453.000.000) 05/02 23:05:08 Image size of job updated: 33405292
	32621  -  MemoryUsage of job (MB)
	33403844  -  ResidentSetSize of job (KB)
...
006 (9701453.000.000) 05/02 23:10:09 Image size of job updated: 33500524
	32713  -  MemoryUsage of job (MB)
	33498088  -  ResidentSetSize of job (KB)
...
006 (9701453.000.000) 05/02 23:15:09 Image size of job updated: 33552104
	32725  -  MemoryUsage of job (MB)
	33509748  -  ResidentSetSize of job (KB)
...
006 (9701453.000.000) 05/02 23:20:09 Image size of job updated: 33552104
	32758  -  MemoryUsage of job (MB)
	33543940  -  ResidentSetSize of job (KB)
...
006 (9701453.000.000) 05/02 23:25:10 Image size of job updated: 33586248
	32800  -  MemoryUsage of job (MB)
	33586248  -  ResidentSetSize of job (KB)
...
006 (9701453.000.000) 05/02 23:30:10 Image size of job updated: 33682084
	32891  -  MemoryUsage of job (MB)
	33679820  -  ResidentSetSize of job (KB)
...
006 (9701453.000.000) 05/02 23:35:10 Image size of job updated: 33728116
	32898  -  MemoryUsage of job (MB)
	33686668  -  ResidentSetSize of job (KB)
...
006 (9701453.000.000) 05/02 23:45:12 Image size of job updated: 33728116
	32910  -  MemoryUsage of job (MB)
	33699028  -  ResidentSetSize of job (KB)
...
006 (9701453.000.000) 05/02 23:50:12 Image size of job updated: 33831308
	32937  -  MemoryUsage of job (MB)
	33726532  -  ResidentSetSize of job (KB)
...
006 (9701453.000.000) 05/02 23:55:13 Image size of job updated: 33831308
	33009  -  MemoryUsage of job (MB)
	33800508  -  ResidentSetSize of job (KB)
...
006 (9701453.000.000) 05/03 00:00:14 Image size of job updated: 33888248
	33094  -  MemoryUsage of job (MB)
	33887568  -  ResidentSetSize of job (KB)
...
006 (9701453.000.000) 05/03 00:05:14 Image size of job updated: 33931572
	33136  -  MemoryUsage of job (MB)
	33930884  -  ResidentSetSize of job (KB)
...
006 (9701453.000.000) 05/03 00:10:15 Image size of job updated: 34011380
	33214  -  MemoryUsage of job (MB)
	34010216  -  ResidentSetSize of job (KB)
...
006 (9701453.000.000) 05/03 00:15:16 Image size of job updated: 34056036
	33255  -  MemoryUsage of job (MB)
	34052244  -  ResidentSetSize of job (KB)
...
006 (9701453.000.000) 05/03 00:20:16 Image size of job updated: 34202132
	33399  -  MemoryUsage of job (MB)
	34199704  -  ResidentSetSize of job (KB)
...
006 (9701453.000.000) 05/03 00:25:16 Image size of job updated: 34228028
	33399  -  MemoryUsage of job (MB)
	34199704  -  ResidentSetSize of job (KB)
...
040 (9701453.000.000) 05/03 06:45:51 Started transferring output files
...
040 (9701453.000.000) 05/03 06:46:28 Finished transferring output files
...
007 (9701453.000.000) 05/03 06:46:28 Shadow exception!
	Error from slot1_24@b9s08p8065.cern.ch: STARTER at 128.142.63.35 failed to send file(s) to <137.138.156.150:9618>: |Error: sending file /pool/condor/dir_4102510/_condor_stdout: max total download bytes exceeded (max=1024 MB, this file=1326 MB); SHADOW failed to receive file(s) from <128.142.63.35:40421>
	1073741824  -  Run Bytes Sent By Job
	209  -  Run Bytes Received By Job
...
012 (9701453.000.000) 05/03 06:46:28 Job was held.
	Error from slot1_24@b9s08p8065.cern.ch: STARTER at 128.142.63.35 failed to send file(s) to <137.138.156.150:9618>: |Error: sending file /pool/condor/dir_4102510/_condor_stdout: max total download bytes exceeded (max=1024 MB, this file=1326 MB); SHADOW failed to receive file(s) from <128.142.63.35:40421>
	Code 33 Subcode 0
...
009 (9701453.000.000) 05/03 06:48:10 Job was aborted.
	Job removed by SYSTEM_PERIODIC_REMOVE due to Job attempted to transfer out more than 1GB of data.

	Job terminated by itself at 2024-05-03T04:45:51Z (using method 0: OF_ITS_OWN_ACCORD).
...
