000 (9701427.000.000) 04/30 14:23:38 Job submitted from host: <137.138.156.150:9618?addrs=137.138.156.150-9618+[2001-1458-d00-14--9a]-9618&alias=bigbird13.cern.ch&noUDP&sock=schedd_2138_1192>
...
040 (9701427.000.000) 04/30 14:24:31 Started transferring input files
	Transferring to host: <188.185.205.164:9618?addrs=188.185.205.164-9618+[2001-1458-303-a--100-21]-9618&alias=b9p04p3531.cern.ch&noUDP&sock=slot1_16_6931_4433_67604>
...
040 (9701427.000.000) 04/30 14:24:31 Finished transferring input files
...
001 (9701427.000.000) 04/30 14:24:32 Job executing on host: <188.185.205.164:9618?addrs=188.185.205.164-9618+[2001-1458-303-a--100-21]-9618&alias=b9p04p3531.cern.ch&noUDP&sock=startd_6861_a75f>
...
006 (9701427.000.000) 04/30 14:24:40 Image size of job updated: 7056
	7  -  MemoryUsage of job (MB)
	6892  -  ResidentSetSize of job (KB)
...
006 (9701427.000.000) 04/30 14:29:40 Image size of job updated: 229380
	224  -  MemoryUsage of job (MB)
	229072  -  ResidentSetSize of job (KB)
...
006 (9701427.000.000) 04/30 14:34:40 Image size of job updated: 467824
	457  -  MemoryUsage of job (MB)
	467584  -  ResidentSetSize of job (KB)
...
006 (9701427.000.000) 04/30 14:39:41 Image size of job updated: 625100
	611  -  MemoryUsage of job (MB)
	624920  -  ResidentSetSize of job (KB)
...
006 (9701427.000.000) 04/30 14:44:41 Image size of job updated: 2615804
	2553  -  MemoryUsage of job (MB)
	2614200  -  ResidentSetSize of job (KB)
...
006 (9701427.000.000) 04/30 14:49:41 Image size of job updated: 2812904
	2746  -  MemoryUsage of job (MB)
	2811000  -  ResidentSetSize of job (KB)
...
006 (9701427.000.000) 04/30 14:54:42 Image size of job updated: 2874720
	2746  -  MemoryUsage of job (MB)
	2811000  -  ResidentSetSize of job (KB)
...
006 (9701427.000.000) 04/30 15:09:43 Image size of job updated: 2897420
	2829  -  MemoryUsage of job (MB)
	2896272  -  ResidentSetSize of job (KB)
...
006 (9701427.000.000) 04/30 15:14:44 Image size of job updated: 3038044
	2965  -  MemoryUsage of job (MB)
	3036024  -  ResidentSetSize of job (KB)
...
006 (9701427.000.000) 04/30 15:19:44 Image size of job updated: 3162476
	3086  -  MemoryUsage of job (MB)
	3159688  -  ResidentSetSize of job (KB)
...
006 (9701427.000.000) 04/30 15:24:44 Image size of job updated: 3289472
	3212  -  MemoryUsage of job (MB)
	3288744  -  ResidentSetSize of job (KB)
...
006 (9701427.000.000) 04/30 15:29:45 Image size of job updated: 3412972
	3330  -  MemoryUsage of job (MB)
	3409744  -  ResidentSetSize of job (KB)
...
006 (9701427.000.000) 04/30 15:34:46 Image size of job updated: 3518608
	3431  -  MemoryUsage of job (MB)
	3512740  -  ResidentSetSize of job (KB)
...
006 (9701427.000.000) 04/30 15:39:46 Image size of job updated: 3583908
	3496  -  MemoryUsage of job (MB)
	3579544  -  ResidentSetSize of job (KB)
...
006 (9701427.000.000) 04/30 15:44:46 Image size of job updated: 3743660
	3654  -  MemoryUsage of job (MB)
	3740772  -  ResidentSetSize of job (KB)
...
006 (9701427.000.000) 04/30 15:49:47 Image size of job updated: 3785396
	3696  -  MemoryUsage of job (MB)
	3783980  -  ResidentSetSize of job (KB)
...
006 (9701427.000.000) 04/30 15:54:47 Image size of job updated: 3828896
	3738  -  MemoryUsage of job (MB)
	3827192  -  ResidentSetSize of job (KB)
...
006 (9701427.000.000) 04/30 15:59:47 Image size of job updated: 3934468
	3840  -  MemoryUsage of job (MB)
	3931848  -  ResidentSetSize of job (KB)
...
006 (9701427.000.000) 04/30 16:04:48 Image size of job updated: 4020004
	3880  -  MemoryUsage of job (MB)
	3972832  -  ResidentSetSize of job (KB)
...
006 (9701427.000.000) 04/30 16:09:49 Image size of job updated: 4145552
	3980  -  MemoryUsage of job (MB)
	4074876  -  ResidentSetSize of job (KB)
...
006 (9701427.000.000) 04/30 16:14:49 Image size of job updated: 4246348
	4141  -  MemoryUsage of job (MB)
	4239720  -  ResidentSetSize of job (KB)
...
006 (9701427.000.000) 04/30 16:19:49 Image size of job updated: 4300576
	4141  -  MemoryUsage of job (MB)
	4240384  -  ResidentSetSize of job (KB)
...
006 (9701427.000.000) 04/30 16:24:50 Image size of job updated: 4361036
	4258  -  MemoryUsage of job (MB)
	4360104  -  ResidentSetSize of job (KB)
...
006 (9701427.000.000) 04/30 16:29:50 Image size of job updated: 4430784
	4326  -  MemoryUsage of job (MB)
	4429252  -  ResidentSetSize of job (KB)
...
006 (9701427.000.000) 04/30 16:34:50 Image size of job updated: 4531672
	4425  -  MemoryUsage of job (MB)
	4530472  -  ResidentSetSize of job (KB)
...
006 (9701427.000.000) 04/30 16:39:51 Image size of job updated: 4655208
	4544  -  MemoryUsage of job (MB)
	4652928  -  ResidentSetSize of job (KB)
...
006 (9701427.000.000) 04/30 16:44:52 Image size of job updated: 4752316
	4641  -  MemoryUsage of job (MB)
	4751652  -  ResidentSetSize of job (KB)
...
006 (9701427.000.000) 04/30 16:49:52 Image size of job updated: 4881564
	4767  -  MemoryUsage of job (MB)
	4881172  -  ResidentSetSize of job (KB)
...
006 (9701427.000.000) 04/30 16:54:52 Image size of job updated: 5037588
	4918  -  MemoryUsage of job (MB)
	5035356  -  ResidentSetSize of job (KB)
...
006 (9701427.000.000) 04/30 16:59:53 Image size of job updated: 5161300
	5037  -  MemoryUsage of job (MB)
	5157472  -  ResidentSetSize of job (KB)
...
006 (9701427.000.000) 04/30 17:04:53 Image size of job updated: 5210124
	5084  -  MemoryUsage of job (MB)
	5205380  -  ResidentSetSize of job (KB)
...
006 (9701427.000.000) 04/30 17:09:53 Image size of job updated: 5262608
	5109  -  MemoryUsage of job (MB)
	5231472  -  ResidentSetSize of job (KB)
...
006 (9701427.000.000) 04/30 17:14:54 Image size of job updated: 5288508
	5157  -  MemoryUsage of job (MB)
	5280412  -  ResidentSetSize of job (KB)
...
006 (9701427.000.000) 04/30 17:19:55 Image size of job updated: 5348704
	5223  -  MemoryUsage of job (MB)
	5348308  -  ResidentSetSize of job (KB)
...
006 (9701427.000.000) 04/30 17:24:55 Image size of job updated: 5375736
	5236  -  MemoryUsage of job (MB)
	5361432  -  ResidentSetSize of job (KB)
...
006 (9701427.000.000) 04/30 17:29:55 Image size of job updated: 5491452
	5361  -  MemoryUsage of job (MB)
	5489024  -  ResidentSetSize of job (KB)
...
006 (9701427.000.000) 04/30 17:34:56 Image size of job updated: 5672764
	5536  -  MemoryUsage of job (MB)
	5668052  -  ResidentSetSize of job (KB)
...
006 (9701427.000.000) 04/30 17:39:56 Image size of job updated: 5771180
	5635  -  MemoryUsage of job (MB)
	5769332  -  ResidentSetSize of job (KB)
...
006 (9701427.000.000) 04/30 17:44:56 Image size of job updated: 5814468
	5653  -  MemoryUsage of job (MB)
	5787720  -  ResidentSetSize of job (KB)
...
006 (9701427.000.000) 04/30 17:49:57 Image size of job updated: 5830288
	5693  -  MemoryUsage of job (MB)
	5829404  -  ResidentSetSize of job (KB)
...
006 (9701427.000.000) 04/30 17:54:58 Image size of job updated: 5843660
	5705  -  MemoryUsage of job (MB)
	5841684  -  ResidentSetSize of job (KB)
...
006 (9701427.000.000) 04/30 17:59:58 Image size of job updated: 5866776
	5705  -  MemoryUsage of job (MB)
	5841684  -  ResidentSetSize of job (KB)
...
006 (9701427.000.000) 04/30 18:09:59 Image size of job updated: 5886560
	5748  -  MemoryUsage of job (MB)
	5885288  -  ResidentSetSize of job (KB)
...
006 (9701427.000.000) 04/30 18:14:59 Image size of job updated: 5991620
	5850  -  MemoryUsage of job (MB)
	5989672  -  ResidentSetSize of job (KB)
...
006 (9701427.000.000) 04/30 18:19:59 Image size of job updated: 6094880
	5952  -  MemoryUsage of job (MB)
	6093840  -  ResidentSetSize of job (KB)
...
006 (9701427.000.000) 04/30 18:25:00 Image size of job updated: 6214704
	6068  -  MemoryUsage of job (MB)
	6213128  -  ResidentSetSize of job (KB)
...
006 (9701427.000.000) 04/30 18:30:01 Image size of job updated: 6314556
	6167  -  MemoryUsage of job (MB)
	6314552  -  ResidentSetSize of job (KB)
...
006 (9701427.000.000) 04/30 18:35:01 Image size of job updated: 6429544
	6279  -  MemoryUsage of job (MB)
	6429540  -  ResidentSetSize of job (KB)
...
006 (9701427.000.000) 04/30 18:40:01 Image size of job updated: 6528744
	6376  -  MemoryUsage of job (MB)
	6528320  -  ResidentSetSize of job (KB)
...
006 (9701427.000.000) 04/30 18:45:02 Image size of job updated: 6670240
	6469  -  MemoryUsage of job (MB)
	6624152  -  ResidentSetSize of job (KB)
...
006 (9701427.000.000) 04/30 18:50:03 Image size of job updated: 6750744
	6591  -  MemoryUsage of job (MB)
	6748616  -  ResidentSetSize of job (KB)
...
006 (9701427.000.000) 04/30 18:55:03 Image size of job updated: 6785732
	6623  -  MemoryUsage of job (MB)
	6781344  -  ResidentSetSize of job (KB)
...
006 (9701427.000.000) 04/30 19:00:03 Image size of job updated: 6870544
	6661  -  MemoryUsage of job (MB)
	6820748  -  ResidentSetSize of job (KB)
...
006 (9701427.000.000) 04/30 19:05:04 Image size of job updated: 6944860
	6782  -  MemoryUsage of job (MB)
	6944196  -  ResidentSetSize of job (KB)
...
006 (9701427.000.000) 04/30 19:10:04 Image size of job updated: 7067616
	6902  -  MemoryUsage of job (MB)
	7066676  -  ResidentSetSize of job (KB)
...
006 (9701427.000.000) 04/30 19:15:04 Image size of job updated: 7164628
	6997  -  MemoryUsage of job (MB)
	7164348  -  ResidentSetSize of job (KB)
...
006 (9701427.000.000) 04/30 19:20:05 Image size of job updated: 7282424
	7060  -  MemoryUsage of job (MB)
	7229284  -  ResidentSetSize of job (KB)
...
006 (9701427.000.000) 04/30 19:25:06 Image size of job updated: 7326592
	7101  -  MemoryUsage of job (MB)
	7271092  -  ResidentSetSize of job (KB)
...
006 (9701427.000.000) 04/30 19:30:06 Image size of job updated: 7363532
	7138  -  MemoryUsage of job (MB)
	7308304  -  ResidentSetSize of job (KB)
...
006 (9701427.000.000) 04/30 19:35:06 Image size of job updated: 7434792
	7260  -  MemoryUsage of job (MB)
	7433832  -  ResidentSetSize of job (KB)
...
006 (9701427.000.000) 04/30 19:40:07 Image size of job updated: 7474568
	7260  -  MemoryUsage of job (MB)
	7433832  -  ResidentSetSize of job (KB)
...
006 (9701427.000.000) 04/30 19:45:08 Image size of job updated: 7496572
	7260  -  MemoryUsage of job (MB)
	7433832  -  ResidentSetSize of job (KB)
...
006 (9701427.000.000) 04/30 20:00:09 Image size of job updated: 7515912
	7338  -  MemoryUsage of job (MB)
	7513380  -  ResidentSetSize of job (KB)
...
006 (9701427.000.000) 04/30 20:05:10 Image size of job updated: 7576796
	7399  -  MemoryUsage of job (MB)
	7575656  -  ResidentSetSize of job (KB)
...
006 (9701427.000.000) 04/30 20:10:10 Image size of job updated: 7611612
	7431  -  MemoryUsage of job (MB)
	7609228  -  ResidentSetSize of job (KB)
...
006 (9701427.000.000) 04/30 20:15:10 Image size of job updated: 7781448
	7597  -  MemoryUsage of job (MB)
	7779256  -  ResidentSetSize of job (KB)
...
006 (9701427.000.000) 04/30 20:20:11 Image size of job updated: 8101384
	7818  -  MemoryUsage of job (MB)
	8004784  -  ResidentSetSize of job (KB)
...
006 (9701427.000.000) 04/30 20:25:13 Image size of job updated: 8101384
	7830  -  MemoryUsage of job (MB)
	8016916  -  ResidentSetSize of job (KB)
...
006 (9701427.000.000) 04/30 20:30:13 Image size of job updated: 8175352
	7979  -  MemoryUsage of job (MB)
	8169548  -  ResidentSetSize of job (KB)
...
006 (9701427.000.000) 04/30 20:35:13 Image size of job updated: 8236944
	8043  -  MemoryUsage of job (MB)
	8235892  -  ResidentSetSize of job (KB)
...
006 (9701427.000.000) 04/30 20:40:13 Image size of job updated: 8332272
	8137  -  MemoryUsage of job (MB)
	8331552  -  ResidentSetSize of job (KB)
...
006 (9701427.000.000) 04/30 20:45:14 Image size of job updated: 8504256
	8305  -  MemoryUsage of job (MB)
	8503388  -  ResidentSetSize of job (KB)
...
006 (9701427.000.000) 04/30 20:50:15 Image size of job updated: 8582868
	8382  -  MemoryUsage of job (MB)
	8582212  -  ResidentSetSize of job (KB)
...
006 (9701427.000.000) 04/30 20:55:15 Image size of job updated: 8862988
	8654  -  MemoryUsage of job (MB)
	8860988  -  ResidentSetSize of job (KB)
...
006 (9701427.000.000) 04/30 21:00:15 Image size of job updated: 8906344
	8697  -  MemoryUsage of job (MB)
	8904936  -  ResidentSetSize of job (KB)
...
006 (9701427.000.000) 04/30 21:05:16 Image size of job updated: 9038088
	8827  -  MemoryUsage of job (MB)
	9037972  -  ResidentSetSize of job (KB)
...
006 (9701427.000.000) 04/30 21:10:17 Image size of job updated: 9095040
	8879  -  MemoryUsage of job (MB)
	9091296  -  ResidentSetSize of job (KB)
...
006 (9701427.000.000) 04/30 21:15:17 Image size of job updated: 9214652
	8998  -  MemoryUsage of job (MB)
	9213856  -  ResidentSetSize of job (KB)
...
006 (9701427.000.000) 04/30 21:20:17 Image size of job updated: 9338888
	9116  -  MemoryUsage of job (MB)
	9334716  -  ResidentSetSize of job (KB)
...
006 (9701427.000.000) 04/30 21:25:18 Image size of job updated: 9379212
	9160  -  MemoryUsage of job (MB)
	9378888  -  ResidentSetSize of job (KB)
...
006 (9701427.000.000) 04/30 21:30:19 Image size of job updated: 9472856
	9190  -  MemoryUsage of job (MB)
	9409672  -  ResidentSetSize of job (KB)
...
006 (9701427.000.000) 04/30 21:35:19 Image size of job updated: 9472856
	9249  -  MemoryUsage of job (MB)
	9470092  -  ResidentSetSize of job (KB)
...
006 (9701427.000.000) 04/30 21:40:19 Image size of job updated: 9583404
	9357  -  MemoryUsage of job (MB)
	9580704  -  ResidentSetSize of job (KB)
...
006 (9701427.000.000) 04/30 21:45:20 Image size of job updated: 9655100
	9418  -  MemoryUsage of job (MB)
	9643772  -  ResidentSetSize of job (KB)
...
006 (9701427.000.000) 04/30 21:50:20 Image size of job updated: 9762404
	9515  -  MemoryUsage of job (MB)
	9743228  -  ResidentSetSize of job (KB)
...
006 (9701427.000.000) 04/30 21:55:20 Image size of job updated: 9794932
	9566  -  MemoryUsage of job (MB)
	9794932  -  ResidentSetSize of job (KB)
...
006 (9701427.000.000) 04/30 22:00:21 Image size of job updated: 9961336
	9696  -  MemoryUsage of job (MB)
	9928608  -  ResidentSetSize of job (KB)
...
006 (9701427.000.000) 04/30 22:05:22 Image size of job updated: 9971076
	9738  -  MemoryUsage of job (MB)
	9970748  -  ResidentSetSize of job (KB)
...
006 (9701427.000.000) 04/30 22:10:22 Image size of job updated: 10069500
	9829  -  MemoryUsage of job (MB)
	10064728  -  ResidentSetSize of job (KB)
...
006 (9701427.000.000) 04/30 22:15:22 Image size of job updated: 10111484
	9873  -  MemoryUsage of job (MB)
	10109948  -  ResidentSetSize of job (KB)
...
006 (9701427.000.000) 04/30 22:20:23 Image size of job updated: 10158992
	9911  -  MemoryUsage of job (MB)
	10148708  -  ResidentSetSize of job (KB)
...
006 (9701427.000.000) 04/30 22:25:24 Image size of job updated: 10206936
	9966  -  MemoryUsage of job (MB)
	10204340  -  ResidentSetSize of job (KB)
...
006 (9701427.000.000) 04/30 22:30:24 Image size of job updated: 10233028
	9994  -  MemoryUsage of job (MB)
	10233028  -  ResidentSetSize of job (KB)
...
006 (9701427.000.000) 04/30 22:35:24 Image size of job updated: 10360696
	10114  -  MemoryUsage of job (MB)
	10356336  -  ResidentSetSize of job (KB)
...
006 (9701427.000.000) 04/30 22:40:25 Image size of job updated: 10397864
	10154  -  MemoryUsage of job (MB)
	10397240  -  ResidentSetSize of job (KB)
...
006 (9701427.000.000) 04/30 22:45:25 Image size of job updated: 10534328
	10287  -  MemoryUsage of job (MB)
	10533532  -  ResidentSetSize of job (KB)
...
006 (9701427.000.000) 04/30 22:50:25 Image size of job updated: 10574000
	10326  -  MemoryUsage of job (MB)
	10573748  -  ResidentSetSize of job (KB)
...
006 (9701427.000.000) 04/30 22:55:26 Image size of job updated: 10640648
	10390  -  MemoryUsage of job (MB)
	10638536  -  ResidentSetSize of job (KB)
...
006 (9701427.000.000) 04/30 23:00:27 Image size of job updated: 10680356
	10430  -  MemoryUsage of job (MB)
	10679952  -  ResidentSetSize of job (KB)
...
006 (9701427.000.000) 04/30 23:05:27 Image size of job updated: 10770284
	10518  -  MemoryUsage of job (MB)
	10770284  -  ResidentSetSize of job (KB)
...
006 (9701427.000.000) 04/30 23:10:27 Image size of job updated: 10812104
	10558  -  MemoryUsage of job (MB)
	10811220  -  ResidentSetSize of job (KB)
...
006 (9701427.000.000) 04/30 23:15:28 Image size of job updated: 10870088
	10558  -  MemoryUsage of job (MB)
	10811220  -  ResidentSetSize of job (KB)
...
006 (9701427.000.000) 04/30 23:35:31 Image size of job updated: 10993196
	10732  -  MemoryUsage of job (MB)
	10989464  -  ResidentSetSize of job (KB)
...
006 (9701427.000.000) 04/30 23:40:31 Image size of job updated: 11092256
	10830  -  MemoryUsage of job (MB)
	11089748  -  ResidentSetSize of job (KB)
...
006 (9701427.000.000) 04/30 23:45:31 Image size of job updated: 11222760
	10956  -  MemoryUsage of job (MB)
	11218932  -  ResidentSetSize of job (KB)
...
006 (9701427.000.000) 04/30 23:50:32 Image size of job updated: 11337236
	11069  -  MemoryUsage of job (MB)
	11334428  -  ResidentSetSize of job (KB)
...
006 (9701427.000.000) 04/30 23:55:33 Image size of job updated: 11405400
	11137  -  MemoryUsage of job (MB)
	11403484  -  ResidentSetSize of job (KB)
...
006 (9701427.000.000) 05/01 00:00:34 Image size of job updated: 11482000
	11213  -  MemoryUsage of job (MB)
	11481436  -  ResidentSetSize of job (KB)
...
006 (9701427.000.000) 05/01 00:05:34 Image size of job updated: 11604336
	11259  -  MemoryUsage of job (MB)
	11528264  -  ResidentSetSize of job (KB)
...
006 (9701427.000.000) 05/01 00:10:34 Image size of job updated: 11681388
	11407  -  MemoryUsage of job (MB)
	11680516  -  ResidentSetSize of job (KB)
...
006 (9701427.000.000) 05/01 00:15:35 Image size of job updated: 11807992
	11526  -  MemoryUsage of job (MB)
	11802264  -  ResidentSetSize of job (KB)
...
006 (9701427.000.000) 05/01 00:20:36 Image size of job updated: 11928540
	11649  -  MemoryUsage of job (MB)
	11928248  -  ResidentSetSize of job (KB)
...
006 (9701427.000.000) 05/01 00:25:36 Image size of job updated: 12002916
	11718  -  MemoryUsage of job (MB)
	11998860  -  ResidentSetSize of job (KB)
...
006 (9701427.000.000) 05/01 00:30:37 Image size of job updated: 12153664
	11867  -  MemoryUsage of job (MB)
	12151124  -  ResidentSetSize of job (KB)
...
006 (9701427.000.000) 05/01 00:35:38 Image size of job updated: 12202236
	11911  -  MemoryUsage of job (MB)
	12196280  -  ResidentSetSize of job (KB)
...
006 (9701427.000.000) 05/01 00:40:39 Image size of job updated: 12316384
	12027  -  MemoryUsage of job (MB)
	12315336  -  ResidentSetSize of job (KB)
...
006 (9701427.000.000) 05/01 00:45:39 Image size of job updated: 12447316
	12152  -  MemoryUsage of job (MB)
	12443516  -  ResidentSetSize of job (KB)
...
006 (9701427.000.000) 05/01 00:50:39 Image size of job updated: 12590452
	12296  -  MemoryUsage of job (MB)
	12590388  -  ResidentSetSize of job (KB)
...
006 (9701427.000.000) 05/01 00:55:40 Image size of job updated: 12652448
	12296  -  MemoryUsage of job (MB)
	12590388  -  ResidentSetSize of job (KB)
...
006 (9701427.000.000) 05/01 01:05:41 Image size of job updated: 12652448
	12325  -  MemoryUsage of job (MB)
	12619936  -  ResidentSetSize of job (KB)
...
006 (9701427.000.000) 05/01 01:10:41 Image size of job updated: 12675892
	12377  -  MemoryUsage of job (MB)
	12673176  -  ResidentSetSize of job (KB)
...
006 (9701427.000.000) 05/01 01:15:42 Image size of job updated: 12800964
	12501  -  MemoryUsage of job (MB)
	12800964  -  ResidentSetSize of job (KB)
...
006 (9701427.000.000) 05/01 01:20:42 Image size of job updated: 12925144
	12622  -  MemoryUsage of job (MB)
	12924840  -  ResidentSetSize of job (KB)
...
006 (9701427.000.000) 05/01 01:25:42 Image size of job updated: 13053636
	12746  -  MemoryUsage of job (MB)
	13051028  -  ResidentSetSize of job (KB)
...
006 (9701427.000.000) 05/01 01:30:43 Image size of job updated: 13234264
	12865  -  MemoryUsage of job (MB)
	13173332  -  ResidentSetSize of job (KB)
...
006 (9701427.000.000) 05/01 01:35:44 Image size of job updated: 13268192
	12956  -  MemoryUsage of job (MB)
	13266648  -  ResidentSetSize of job (KB)
...
006 (9701427.000.000) 05/01 01:40:44 Image size of job updated: 13311508
	13000  -  MemoryUsage of job (MB)
	13311504  -  ResidentSetSize of job (KB)
...
006 (9701427.000.000) 05/01 01:45:45 Image size of job updated: 13377828
	13065  -  MemoryUsage of job (MB)
	13377796  -  ResidentSetSize of job (KB)
...
006 (9701427.000.000) 05/01 01:50:46 Image size of job updated: 13419868
	13106  -  MemoryUsage of job (MB)
	13419716  -  ResidentSetSize of job (KB)
...
006 (9701427.000.000) 05/01 01:55:46 Image size of job updated: 13542548
	13225  -  MemoryUsage of job (MB)
	13542308  -  ResidentSetSize of job (KB)
...
006 (9701427.000.000) 05/01 02:00:46 Image size of job updated: 13952988
	13435  -  MemoryUsage of job (MB)
	13757424  -  ResidentSetSize of job (KB)
...
006 (9701427.000.000) 05/01 02:05:47 Image size of job updated: 13952988
	13503  -  MemoryUsage of job (MB)
	13826188  -  ResidentSetSize of job (KB)
...
006 (9701427.000.000) 05/01 02:10:48 Image size of job updated: 14015796
	13687  -  MemoryUsage of job (MB)
	14015204  -  ResidentSetSize of job (KB)
...
006 (9701427.000.000) 05/01 02:15:48 Image size of job updated: 14117800
	13787  -  MemoryUsage of job (MB)
	14117796  -  ResidentSetSize of job (KB)
...
006 (9701427.000.000) 05/01 02:20:49 Image size of job updated: 14211764
	13827  -  MemoryUsage of job (MB)
	14158264  -  ResidentSetSize of job (KB)
...
006 (9701427.000.000) 05/01 02:25:50 Image size of job updated: 14289148
	13951  -  MemoryUsage of job (MB)
	14285536  -  ResidentSetSize of job (KB)
...
006 (9701427.000.000) 05/01 02:30:50 Image size of job updated: 14459616
	14121  -  MemoryUsage of job (MB)
	14459616  -  ResidentSetSize of job (KB)
...
006 (9701427.000.000) 05/01 02:35:50 Image size of job updated: 14515984
	14137  -  MemoryUsage of job (MB)
	14475792  -  ResidentSetSize of job (KB)
...
006 (9701427.000.000) 05/01 02:40:51 Image size of job updated: 14629392
	14285  -  MemoryUsage of job (MB)
	14627428  -  ResidentSetSize of job (KB)
...
006 (9701427.000.000) 05/01 02:45:52 Image size of job updated: 14761304
	14416  -  MemoryUsage of job (MB)
	14761304  -  ResidentSetSize of job (KB)
...
006 (9701427.000.000) 05/01 02:50:52 Image size of job updated: 14896124
	14493  -  MemoryUsage of job (MB)
	14840300  -  ResidentSetSize of job (KB)
...
006 (9701427.000.000) 05/01 02:55:52 Image size of job updated: 14896124
	14545  -  MemoryUsage of job (MB)
	14893276  -  ResidentSetSize of job (KB)
...
006 (9701427.000.000) 05/01 03:00:53 Image size of job updated: 15010080
	14659  -  MemoryUsage of job (MB)
	15010080  -  ResidentSetSize of job (KB)
...
006 (9701427.000.000) 05/01 03:05:54 Image size of job updated: 15106572
	14752  -  MemoryUsage of job (MB)
	15105172  -  ResidentSetSize of job (KB)
...
006 (9701427.000.000) 05/01 03:10:54 Image size of job updated: 15202372
	14847  -  MemoryUsage of job (MB)
	15202372  -  ResidentSetSize of job (KB)
...
006 (9701427.000.000) 05/01 03:15:55 Image size of job updated: 15326448
	14968  -  MemoryUsage of job (MB)
	15326444  -  ResidentSetSize of job (KB)
...
006 (9701427.000.000) 05/01 03:20:56 Image size of job updated: 15452116
	15090  -  MemoryUsage of job (MB)
	15452116  -  ResidentSetSize of job (KB)
...
006 (9701427.000.000) 05/01 03:25:56 Image size of job updated: 15501180
	15135  -  MemoryUsage of job (MB)
	15497592  -  ResidentSetSize of job (KB)
...
006 (9701427.000.000) 05/01 03:30:56 Image size of job updated: 15704376
	15333  -  MemoryUsage of job (MB)
	15699992  -  ResidentSetSize of job (KB)
...
006 (9701427.000.000) 05/01 03:35:57 Image size of job updated: 15741304
	15373  -  MemoryUsage of job (MB)
	15741304  -  ResidentSetSize of job (KB)
...
006 (9701427.000.000) 05/01 03:40:58 Image size of job updated: 15863988
	15493  -  MemoryUsage of job (MB)
	15863980  -  ResidentSetSize of job (KB)
...
006 (9701427.000.000) 05/01 03:45:58 Image size of job updated: 15957728
	15584  -  MemoryUsage of job (MB)
	15957476  -  ResidentSetSize of job (KB)
...
006 (9701427.000.000) 05/01 03:50:59 Image size of job updated: 16023496
	15648  -  MemoryUsage of job (MB)
	16023496  -  ResidentSetSize of job (KB)
...
006 (9701427.000.000) 05/01 03:56:00 Image size of job updated: 16092764
	15648  -  MemoryUsage of job (MB)
	16023496  -  ResidentSetSize of job (KB)
...
006 (9701427.000.000) 05/01 04:01:00 Image size of job updated: 16092764
	15697  -  MemoryUsage of job (MB)
	16073144  -  ResidentSetSize of job (KB)
...
006 (9701427.000.000) 05/01 04:06:00 Image size of job updated: 16123112
	15745  -  MemoryUsage of job (MB)
	16122628  -  ResidentSetSize of job (KB)
...
006 (9701427.000.000) 05/01 04:11:01 Image size of job updated: 16247516
	15867  -  MemoryUsage of job (MB)
	16247112  -  ResidentSetSize of job (KB)
...
006 (9701427.000.000) 05/01 04:16:02 Image size of job updated: 16266748
	15867  -  MemoryUsage of job (MB)
	16247112  -  ResidentSetSize of job (KB)
...
006 (9701427.000.000) 05/01 04:21:02 Image size of job updated: 16348472
	15966  -  MemoryUsage of job (MB)
	16348468  -  ResidentSetSize of job (KB)
...
006 (9701427.000.000) 05/01 04:26:03 Image size of job updated: 16419824
	16035  -  MemoryUsage of job (MB)
	16419452  -  ResidentSetSize of job (KB)
...
006 (9701427.000.000) 05/01 04:31:04 Image size of job updated: 16541384
	16153  -  MemoryUsage of job (MB)
	16540576  -  ResidentSetSize of job (KB)
...
006 (9701427.000.000) 05/01 04:36:04 Image size of job updated: 16580040
	16192  -  MemoryUsage of job (MB)
	16580040  -  ResidentSetSize of job (KB)
...
006 (9701427.000.000) 05/01 04:41:04 Image size of job updated: 16710304
	16318  -  MemoryUsage of job (MB)
	16708700  -  ResidentSetSize of job (KB)
...
006 (9701427.000.000) 05/01 04:46:05 Image size of job updated: 16724764
	16318  -  MemoryUsage of job (MB)
	16708700  -  ResidentSetSize of job (KB)
...
006 (9701427.000.000) 05/01 04:51:05 Image size of job updated: 16799068
	16363  -  MemoryUsage of job (MB)
	16754956  -  ResidentSetSize of job (KB)
...
006 (9701427.000.000) 05/01 04:56:05 Image size of job updated: 16876448
	16481  -  MemoryUsage of job (MB)
	16876448  -  ResidentSetSize of job (KB)
...
006 (9701427.000.000) 05/01 05:01:06 Image size of job updated: 16920476
	16522  -  MemoryUsage of job (MB)
	16917656  -  ResidentSetSize of job (KB)
...
006 (9701427.000.000) 05/01 05:06:07 Image size of job updated: 16968576
	16566  -  MemoryUsage of job (MB)
	16962608  -  ResidentSetSize of job (KB)
...
006 (9701427.000.000) 05/01 05:11:07 Image size of job updated: 17083296
	16683  -  MemoryUsage of job (MB)
	17083292  -  ResidentSetSize of job (KB)
...
006 (9701427.000.000) 05/01 05:16:07 Image size of job updated: 17157280
	16756  -  MemoryUsage of job (MB)
	17157280  -  ResidentSetSize of job (KB)
...
006 (9701427.000.000) 05/01 05:21:08 Image size of job updated: 17252320
	16848  -  MemoryUsage of job (MB)
	17252320  -  ResidentSetSize of job (KB)
...
006 (9701427.000.000) 05/01 05:26:08 Image size of job updated: 17374792
	16968  -  MemoryUsage of job (MB)
	17374792  -  ResidentSetSize of job (KB)
...
006 (9701427.000.000) 05/01 05:31:08 Image size of job updated: 17471180
	17060  -  MemoryUsage of job (MB)
	17469420  -  ResidentSetSize of job (KB)
...
006 (9701427.000.000) 05/01 05:36:09 Image size of job updated: 17627728
	17212  -  MemoryUsage of job (MB)
	17624120  -  ResidentSetSize of job (KB)
...
006 (9701427.000.000) 05/01 05:41:10 Image size of job updated: 17665412
	17251  -  MemoryUsage of job (MB)
	17664676  -  ResidentSetSize of job (KB)
...
006 (9701427.000.000) 05/01 05:46:10 Image size of job updated: 17761436
	17345  -  MemoryUsage of job (MB)
	17760340  -  ResidentSetSize of job (KB)
...
006 (9701427.000.000) 05/01 05:51:11 Image size of job updated: 17883692
	17464  -  MemoryUsage of job (MB)
	17882188  -  ResidentSetSize of job (KB)
...
006 (9701427.000.000) 05/01 05:56:12 Image size of job updated: 17980228
	17559  -  MemoryUsage of job (MB)
	17979548  -  ResidentSetSize of job (KB)
...
006 (9701427.000.000) 05/01 06:01:12 Image size of job updated: 18076156
	17652  -  MemoryUsage of job (MB)
	18074876  -  ResidentSetSize of job (KB)
...
006 (9701427.000.000) 05/01 06:06:12 Image size of job updated: 18143260
	17718  -  MemoryUsage of job (MB)
	18143064  -  ResidentSetSize of job (KB)
...
006 (9701427.000.000) 05/01 06:11:13 Image size of job updated: 18195200
	17764  -  MemoryUsage of job (MB)
	18189332  -  ResidentSetSize of job (KB)
...
006 (9701427.000.000) 05/01 06:16:13 Image size of job updated: 18250004
	17799  -  MemoryUsage of job (MB)
	18225368  -  ResidentSetSize of job (KB)
...
006 (9701427.000.000) 05/01 06:21:13 Image size of job updated: 18354768
	17925  -  MemoryUsage of job (MB)
	18354420  -  ResidentSetSize of job (KB)
...
006 (9701427.000.000) 05/01 06:26:14 Image size of job updated: 18481212
	18047  -  MemoryUsage of job (MB)
	18479192  -  ResidentSetSize of job (KB)
...
006 (9701427.000.000) 05/01 06:31:15 Image size of job updated: 18547824
	18113  -  MemoryUsage of job (MB)
	18546848  -  ResidentSetSize of job (KB)
...
006 (9701427.000.000) 05/01 06:36:15 Image size of job updated: 18644956
	18208  -  MemoryUsage of job (MB)
	18644472  -  ResidentSetSize of job (KB)
...
006 (9701427.000.000) 05/01 06:41:15 Image size of job updated: 18692896
	18255  -  MemoryUsage of job (MB)
	18692676  -  ResidentSetSize of job (KB)
...
006 (9701427.000.000) 05/01 06:46:16 Image size of job updated: 18761648
	18322  -  MemoryUsage of job (MB)
	18761340  -  ResidentSetSize of job (KB)
...
006 (9701427.000.000) 05/01 06:51:16 Image size of job updated: 18812908
	18371  -  MemoryUsage of job (MB)
	18811140  -  ResidentSetSize of job (KB)
...
006 (9701427.000.000) 05/01 06:56:16 Image size of job updated: 18939732
	18495  -  MemoryUsage of job (MB)
	18938752  -  ResidentSetSize of job (KB)
...
006 (9701427.000.000) 05/01 07:01:17 Image size of job updated: 18982008
	18535  -  MemoryUsage of job (MB)
	18979304  -  ResidentSetSize of job (KB)
...
006 (9701427.000.000) 05/01 07:06:17 Image size of job updated: 19018480
	18573  -  MemoryUsage of job (MB)
	19018476  -  ResidentSetSize of job (KB)
...
006 (9701427.000.000) 05/01 07:11:17 Image size of job updated: 19027848
	18573  -  MemoryUsage of job (MB)
	19018476  -  ResidentSetSize of job (KB)
...
006 (9701427.000.000) 05/01 07:21:18 Image size of job updated: 19122872
	18675  -  MemoryUsage of job (MB)
	19122652  -  ResidentSetSize of job (KB)
...
006 (9701427.000.000) 05/01 07:26:18 Image size of job updated: 19201228
	18675  -  MemoryUsage of job (MB)
	19122652  -  ResidentSetSize of job (KB)
...
006 (9701427.000.000) 05/01 07:41:20 Image size of job updated: 19201228
	18699  -  MemoryUsage of job (MB)
	19147372  -  ResidentSetSize of job (KB)
...
006 (9701427.000.000) 05/01 07:46:20 Image size of job updated: 19259228
	18807  -  MemoryUsage of job (MB)
	19257996  -  ResidentSetSize of job (KB)
...
006 (9701427.000.000) 05/01 07:51:21 Image size of job updated: 19322084
	18869  -  MemoryUsage of job (MB)
	19321092  -  ResidentSetSize of job (KB)
...
006 (9701427.000.000) 05/01 07:56:21 Image size of job updated: 19454064
	18999  -  MemoryUsage of job (MB)
	19454020  -  ResidentSetSize of job (KB)
...
006 (9701427.000.000) 05/01 08:01:21 Image size of job updated: 19644084
	19183  -  MemoryUsage of job (MB)
	19642948  -  ResidentSetSize of job (KB)
...
006 (9701427.000.000) 05/01 08:06:22 Image size of job updated: 19654176
	19186  -  MemoryUsage of job (MB)
	19646300  -  ResidentSetSize of job (KB)
...
006 (9701427.000.000) 05/01 08:11:23 Image size of job updated: 19709920
	19200  -  MemoryUsage of job (MB)
	19659924  -  ResidentSetSize of job (KB)
...
006 (9701427.000.000) 05/01 08:16:23 Image size of job updated: 19776936
	19312  -  MemoryUsage of job (MB)
	19775264  -  ResidentSetSize of job (KB)
...
006 (9701427.000.000) 05/01 08:21:24 Image size of job updated: 19810900
	19346  -  MemoryUsage of job (MB)
	19809624  -  ResidentSetSize of job (KB)
...
006 (9701427.000.000) 05/01 08:26:25 Image size of job updated: 19860152
	19394  -  MemoryUsage of job (MB)
	19859444  -  ResidentSetSize of job (KB)
...
006 (9701427.000.000) 05/01 08:31:25 Image size of job updated: 19950788
	19480  -  MemoryUsage of job (MB)
	19947460  -  ResidentSetSize of job (KB)
...
006 (9701427.000.000) 05/01 08:36:25 Image size of job updated: 19985396
	19514  -  MemoryUsage of job (MB)
	19981544  -  ResidentSetSize of job (KB)
...
006 (9701427.000.000) 05/01 08:41:26 Image size of job updated: 20089016
	19618  -  MemoryUsage of job (MB)
	20088672  -  ResidentSetSize of job (KB)
...
006 (9701427.000.000) 05/01 08:46:27 Image size of job updated: 20210144
	19736  -  MemoryUsage of job (MB)
	20208876  -  ResidentSetSize of job (KB)
...
006 (9701427.000.000) 05/01 08:51:27 Image size of job updated: 20294816
	19819  -  MemoryUsage of job (MB)
	20294204  -  ResidentSetSize of job (KB)
...
006 (9701427.000.000) 05/01 08:56:28 Image size of job updated: 20342380
	19866  -  MemoryUsage of job (MB)
	20342380  -  ResidentSetSize of job (KB)
...
006 (9701427.000.000) 05/01 09:01:29 Image size of job updated: 20435436
	19957  -  MemoryUsage of job (MB)
	20435432  -  ResidentSetSize of job (KB)
...
006 (9701427.000.000) 05/01 09:06:29 Image size of job updated: 20468372
	19957  -  MemoryUsage of job (MB)
	20435432  -  ResidentSetSize of job (KB)
...
006 (9701427.000.000) 05/01 09:16:30 Image size of job updated: 20527104
	20043  -  MemoryUsage of job (MB)
	20523780  -  ResidentSetSize of job (KB)
...
006 (9701427.000.000) 05/01 09:21:30 Image size of job updated: 20676064
	20192  -  MemoryUsage of job (MB)
	20676064  -  ResidentSetSize of job (KB)
...
006 (9701427.000.000) 05/01 09:26:30 Image size of job updated: 20723736
	20212  -  MemoryUsage of job (MB)
	20696880  -  ResidentSetSize of job (KB)
...
006 (9701427.000.000) 05/01 09:31:31 Image size of job updated: 20825688
	20337  -  MemoryUsage of job (MB)
	20824764  -  ResidentSetSize of job (KB)
...
006 (9701427.000.000) 05/01 09:36:32 Image size of job updated: 20997972
	20506  -  MemoryUsage of job (MB)
	20997972  -  ResidentSetSize of job (KB)
...
006 (9701427.000.000) 05/01 09:41:32 Image size of job updated: 21120560
	20506  -  MemoryUsage of job (MB)
	20997972  -  ResidentSetSize of job (KB)
...
006 (9701427.000.000) 05/01 09:46:33 Image size of job updated: 21120560
	20559  -  MemoryUsage of job (MB)
	21052372  -  ResidentSetSize of job (KB)
...
006 (9701427.000.000) 05/01 09:51:34 Image size of job updated: 21292396
	20794  -  MemoryUsage of job (MB)
	21292088  -  ResidentSetSize of job (KB)
...
006 (9701427.000.000) 05/01 09:56:34 Image size of job updated: 21333580
	20834  -  MemoryUsage of job (MB)
	21333580  -  ResidentSetSize of job (KB)
...
006 (9701427.000.000) 05/01 10:01:35 Image size of job updated: 21515312
	21012  -  MemoryUsage of job (MB)
	21515312  -  ResidentSetSize of job (KB)
...
006 (9701427.000.000) 05/01 10:06:36 Image size of job updated: 21590532
	21085  -  MemoryUsage of job (MB)
	21590112  -  ResidentSetSize of job (KB)
...
006 (9701427.000.000) 05/01 10:11:36 Image size of job updated: 21745320
	21236  -  MemoryUsage of job (MB)
	21745320  -  ResidentSetSize of job (KB)
...
006 (9701427.000.000) 05/01 10:16:36 Image size of job updated: 21916812
	21357  -  MemoryUsage of job (MB)
	21869092  -  ResidentSetSize of job (KB)
...
006 (9701427.000.000) 05/01 10:21:38 Image size of job updated: 22019248
	21449  -  MemoryUsage of job (MB)
	21963592  -  ResidentSetSize of job (KB)
...
006 (9701427.000.000) 05/01 10:26:38 Image size of job updated: 22122812
	21605  -  MemoryUsage of job (MB)
	22122808  -  ResidentSetSize of job (KB)
...
006 (9701427.000.000) 05/01 10:31:38 Image size of job updated: 22295532
	21773  -  MemoryUsage of job (MB)
	22295532  -  ResidentSetSize of job (KB)
...
006 (9701427.000.000) 05/01 10:36:39 Image size of job updated: 22486384
	21960  -  MemoryUsage of job (MB)
	22486148  -  ResidentSetSize of job (KB)
...
006 (9701427.000.000) 05/01 10:41:40 Image size of job updated: 22551116
	21960  -  MemoryUsage of job (MB)
	22486148  -  ResidentSetSize of job (KB)
...
006 (9701427.000.000) 05/01 10:46:40 Image size of job updated: 22638656
	22106  -  MemoryUsage of job (MB)
	22636380  -  ResidentSetSize of job (KB)
...
006 (9701427.000.000) 05/01 10:51:41 Image size of job updated: 22746708
	22214  -  MemoryUsage of job (MB)
	22746536  -  ResidentSetSize of job (KB)
...
006 (9701427.000.000) 05/01 10:56:42 Image size of job updated: 22800104
	22266  -  MemoryUsage of job (MB)
	22800104  -  ResidentSetSize of job (KB)
...
006 (9701427.000.000) 05/01 11:01:42 Image size of job updated: 22928168
	22368  -  MemoryUsage of job (MB)
	22904232  -  ResidentSetSize of job (KB)
...
006 (9701427.000.000) 05/01 11:06:42 Image size of job updated: 23026564
	22487  -  MemoryUsage of job (MB)
	23026564  -  ResidentSetSize of job (KB)
...
006 (9701427.000.000) 05/01 11:11:43 Image size of job updated: 23121352
	22580  -  MemoryUsage of job (MB)
	23121120  -  ResidentSetSize of job (KB)
...
006 (9701427.000.000) 05/01 11:16:43 Image size of job updated: 23254380
	22709  -  MemoryUsage of job (MB)
	23253448  -  ResidentSetSize of job (KB)
...
006 (9701427.000.000) 05/01 11:21:43 Image size of job updated: 23430728
	22776  -  MemoryUsage of job (MB)
	23321916  -  ResidentSetSize of job (KB)
...
006 (9701427.000.000) 05/01 11:26:44 Image size of job updated: 23430728
	22813  -  MemoryUsage of job (MB)
	23360412  -  ResidentSetSize of job (KB)
...
006 (9701427.000.000) 05/01 11:31:45 Image size of job updated: 23514900
	22962  -  MemoryUsage of job (MB)
	23512348  -  ResidentSetSize of job (KB)
...
006 (9701427.000.000) 05/01 11:36:45 Image size of job updated: 23623192
	23025  -  MemoryUsage of job (MB)
	23577120  -  ResidentSetSize of job (KB)
...
006 (9701427.000.000) 05/01 11:41:46 Image size of job updated: 23623192
	23067  -  MemoryUsage of job (MB)
	23620568  -  ResidentSetSize of job (KB)
...
006 (9701427.000.000) 05/01 11:46:47 Image size of job updated: 23741756
	23186  -  MemoryUsage of job (MB)
	23741756  -  ResidentSetSize of job (KB)
...
006 (9701427.000.000) 05/01 11:51:47 Image size of job updated: 23869292
	23186  -  MemoryUsage of job (MB)
	23741756  -  ResidentSetSize of job (KB)
...
006 (9701427.000.000) 05/01 12:01:48 Image size of job updated: 23869292
	23209  -  MemoryUsage of job (MB)
	23765716  -  ResidentSetSize of job (KB)
...
006 (9701427.000.000) 05/01 12:06:48 Image size of job updated: 23884296
	23325  -  MemoryUsage of job (MB)
	23884296  -  ResidentSetSize of job (KB)
...
006 (9701427.000.000) 05/01 12:11:48 Image size of job updated: 24008936
	23446  -  MemoryUsage of job (MB)
	24008220  -  ResidentSetSize of job (KB)
...
006 (9701427.000.000) 05/01 12:16:49 Image size of job updated: 24109476
	23545  -  MemoryUsage of job (MB)
	24109228  -  ResidentSetSize of job (KB)
...
006 (9701427.000.000) 05/01 12:21:50 Image size of job updated: 24114872
	23545  -  MemoryUsage of job (MB)
	24109228  -  ResidentSetSize of job (KB)
...
006 (9701427.000.000) 05/01 12:26:50 Image size of job updated: 24245316
	23675  -  MemoryUsage of job (MB)
	24242532  -  ResidentSetSize of job (KB)
...
006 (9701427.000.000) 05/01 12:31:51 Image size of job updated: 24279912
	23711  -  MemoryUsage of job (MB)
	24279912  -  ResidentSetSize of job (KB)
...
006 (9701427.000.000) 05/01 12:36:52 Image size of job updated: 24322976
	23711  -  MemoryUsage of job (MB)
	24279912  -  ResidentSetSize of job (KB)
...
006 (9701427.000.000) 05/01 12:41:52 Image size of job updated: 24392384
	23818  -  MemoryUsage of job (MB)
	24388896  -  ResidentSetSize of job (KB)
...
006 (9701427.000.000) 05/01 12:46:52 Image size of job updated: 24410080
	23833  -  MemoryUsage of job (MB)
	24404300  -  ResidentSetSize of job (KB)
...
006 (9701427.000.000) 05/01 12:51:53 Image size of job updated: 24590476
	24015  -  MemoryUsage of job (MB)
	24590476  -  ResidentSetSize of job (KB)
...
006 (9701427.000.000) 05/01 12:56:53 Image size of job updated: 24664084
	24081  -  MemoryUsage of job (MB)
	24658344  -  ResidentSetSize of job (KB)
...
006 (9701427.000.000) 05/01 13:01:53 Image size of job updated: 24691044
	24093  -  MemoryUsage of job (MB)
	24670376  -  ResidentSetSize of job (KB)
...
006 (9701427.000.000) 05/01 13:06:54 Image size of job updated: 24757316
	24177  -  MemoryUsage of job (MB)
	24756364  -  ResidentSetSize of job (KB)
...
006 (9701427.000.000) 05/01 13:11:55 Image size of job updated: 24982372
	24396  -  MemoryUsage of job (MB)
	24981068  -  ResidentSetSize of job (KB)
...
006 (9701427.000.000) 05/01 13:16:55 Image size of job updated: 25138048
	24547  -  MemoryUsage of job (MB)
	25135988  -  ResidentSetSize of job (KB)
...
006 (9701427.000.000) 05/01 13:21:56 Image size of job updated: 25211304
	24618  -  MemoryUsage of job (MB)
	25208480  -  ResidentSetSize of job (KB)
...
006 (9701427.000.000) 05/01 13:26:57 Image size of job updated: 25224696
	24623  -  MemoryUsage of job (MB)
	25213332  -  ResidentSetSize of job (KB)
...
006 (9701427.000.000) 05/01 13:31:57 Image size of job updated: 25341524
	24747  -  MemoryUsage of job (MB)
	25339928  -  ResidentSetSize of job (KB)
...
006 (9701427.000.000) 05/01 13:36:57 Image size of job updated: 25409572
	24814  -  MemoryUsage of job (MB)
	25408580  -  ResidentSetSize of job (KB)
...
006 (9701427.000.000) 05/01 13:41:58 Image size of job updated: 25436140
	24814  -  MemoryUsage of job (MB)
	25408580  -  ResidentSetSize of job (KB)
...
006 (9701427.000.000) 05/01 13:56:59 Image size of job updated: 26209624
	25330  -  MemoryUsage of job (MB)
	25937556  -  ResidentSetSize of job (KB)
...
006 (9701427.000.000) 05/01 14:02:00 Image size of job updated: 26209624
	25425  -  MemoryUsage of job (MB)
	26034972  -  ResidentSetSize of job (KB)
...
006 (9701427.000.000) 05/01 14:07:00 Image size of job updated: 26209624
	25474  -  MemoryUsage of job (MB)
	26084568  -  ResidentSetSize of job (KB)
...
006 (9701427.000.000) 05/01 14:12:00 Image size of job updated: 26209624
	25547  -  MemoryUsage of job (MB)
	26159952  -  ResidentSetSize of job (KB)
...
006 (9701427.000.000) 05/01 14:17:01 Image size of job updated: 26259092
	25643  -  MemoryUsage of job (MB)
	26257412  -  ResidentSetSize of job (KB)
...
006 (9701427.000.000) 05/01 14:22:01 Image size of job updated: 26353748
	25736  -  MemoryUsage of job (MB)
	26353180  -  ResidentSetSize of job (KB)
...
006 (9701427.000.000) 05/01 14:27:01 Image size of job updated: 26422212
	25802  -  MemoryUsage of job (MB)
	26420452  -  ResidentSetSize of job (KB)
...
006 (9701427.000.000) 05/01 14:32:02 Image size of job updated: 26462304
	25841  -  MemoryUsage of job (MB)
	26460800  -  ResidentSetSize of job (KB)
...
006 (9701427.000.000) 05/01 14:37:02 Image size of job updated: 26565844
	25941  -  MemoryUsage of job (MB)
	26562884  -  ResidentSetSize of job (KB)
...
006 (9701427.000.000) 05/01 14:42:02 Image size of job updated: 26662560
	26036  -  MemoryUsage of job (MB)
	26660664  -  ResidentSetSize of job (KB)
...
006 (9701427.000.000) 05/01 14:47:03 Image size of job updated: 26702412
	26077  -  MemoryUsage of job (MB)
	26702412  -  ResidentSetSize of job (KB)
...
006 (9701427.000.000) 05/01 14:52:04 Image size of job updated: 26776256
	26148  -  MemoryUsage of job (MB)
	26775384  -  ResidentSetSize of job (KB)
...
006 (9701427.000.000) 05/01 14:57:04 Image size of job updated: 26850196
	26219  -  MemoryUsage of job (MB)
	26848148  -  ResidentSetSize of job (KB)
...
006 (9701427.000.000) 05/01 15:02:04 Image size of job updated: 26968652
	26337  -  MemoryUsage of job (MB)
	26968652  -  ResidentSetSize of job (KB)
...
006 (9701427.000.000) 05/01 15:07:05 Image size of job updated: 27044952
	26410  -  MemoryUsage of job (MB)
	27043736  -  ResidentSetSize of job (KB)
...
006 (9701427.000.000) 05/01 15:12:05 Image size of job updated: 27066276
	26410  -  MemoryUsage of job (MB)
	27043736  -  ResidentSetSize of job (KB)
...
006 (9701427.000.000) 05/01 15:17:05 Image size of job updated: 27185388
	26549  -  MemoryUsage of job (MB)
	27185388  -  ResidentSetSize of job (KB)
...
006 (9701427.000.000) 05/01 15:22:06 Image size of job updated: 27305668
	26665  -  MemoryUsage of job (MB)
	27304852  -  ResidentSetSize of job (KB)
...
006 (9701427.000.000) 05/01 15:27:07 Image size of job updated: 27402208
	26760  -  MemoryUsage of job (MB)
	27401788  -  ResidentSetSize of job (KB)
...
006 (9701427.000.000) 05/01 15:32:07 Image size of job updated: 27452608
	26772  -  MemoryUsage of job (MB)
	27414356  -  ResidentSetSize of job (KB)
...
006 (9701427.000.000) 05/01 15:37:08 Image size of job updated: 27513696
	26868  -  MemoryUsage of job (MB)
	27512416  -  ResidentSetSize of job (KB)
...
006 (9701427.000.000) 05/01 15:42:09 Image size of job updated: 27579940
	26934  -  MemoryUsage of job (MB)
	27579416  -  ResidentSetSize of job (KB)
...
006 (9701427.000.000) 05/01 15:47:09 Image size of job updated: 27705392
	27057  -  MemoryUsage of job (MB)
	27705392  -  ResidentSetSize of job (KB)
...
006 (9701427.000.000) 05/01 15:52:09 Image size of job updated: 27750148
	27069  -  MemoryUsage of job (MB)
	27718476  -  ResidentSetSize of job (KB)
...
006 (9701427.000.000) 05/01 15:57:10 Image size of job updated: 27760884
	27109  -  MemoryUsage of job (MB)
	27759136  -  ResidentSetSize of job (KB)
...
006 (9701427.000.000) 05/01 16:02:10 Image size of job updated: 27872232
	27218  -  MemoryUsage of job (MB)
	27870928  -  ResidentSetSize of job (KB)
...
006 (9701427.000.000) 05/01 16:07:10 Image size of job updated: 27941608
	27287  -  MemoryUsage of job (MB)
	27941608  -  ResidentSetSize of job (KB)
...
006 (9701427.000.000) 05/01 16:12:11 Image size of job updated: 27983312
	27326  -  MemoryUsage of job (MB)
	27981264  -  ResidentSetSize of job (KB)
...
006 (9701427.000.000) 05/01 16:17:12 Image size of job updated: 28010760
	27326  -  MemoryUsage of job (MB)
	27981264  -  ResidentSetSize of job (KB)
...
006 (9701427.000.000) 05/01 16:22:12 Image size of job updated: 28030536
	27373  -  MemoryUsage of job (MB)
	28029512  -  ResidentSetSize of job (KB)
...
006 (9701427.000.000) 05/01 16:27:13 Image size of job updated: 28074124
	27416  -  MemoryUsage of job (MB)
	28073612  -  ResidentSetSize of job (KB)
...
006 (9701427.000.000) 05/01 16:32:14 Image size of job updated: 28142508
	27482  -  MemoryUsage of job (MB)
	28141568  -  ResidentSetSize of job (KB)
...
006 (9701427.000.000) 05/01 16:37:14 Image size of job updated: 28183424
	27518  -  MemoryUsage of job (MB)
	28177856  -  ResidentSetSize of job (KB)
...
006 (9701427.000.000) 05/01 16:42:14 Image size of job updated: 28269984
	27596  -  MemoryUsage of job (MB)
	28258272  -  ResidentSetSize of job (KB)
...
006 (9701427.000.000) 05/01 16:47:15 Image size of job updated: 28306184
	27641  -  MemoryUsage of job (MB)
	28304136  -  ResidentSetSize of job (KB)
...
006 (9701427.000.000) 05/01 16:52:15 Image size of job updated: 28342088
	27677  -  MemoryUsage of job (MB)
	28340816  -  ResidentSetSize of job (KB)
...
006 (9701427.000.000) 05/01 16:57:15 Image size of job updated: 28456516
	27789  -  MemoryUsage of job (MB)
	28455740  -  ResidentSetSize of job (KB)
...
006 (9701427.000.000) 05/01 17:02:16 Image size of job updated: 28491088
	27804  -  MemoryUsage of job (MB)
	28470756  -  ResidentSetSize of job (KB)
...
006 (9701427.000.000) 05/01 17:07:17 Image size of job updated: 28557256
	27804  -  MemoryUsage of job (MB)
	28470756  -  ResidentSetSize of job (KB)
...
006 (9701427.000.000) 05/01 17:12:17 Image size of job updated: 28557772
	27841  -  MemoryUsage of job (MB)
	28508376  -  ResidentSetSize of job (KB)
...
006 (9701427.000.000) 05/01 17:17:18 Image size of job updated: 28592616
	27841  -  MemoryUsage of job (MB)
	28508376  -  ResidentSetSize of job (KB)
...
006 (9701427.000.000) 05/01 17:27:19 Image size of job updated: 28592616
	27872  -  MemoryUsage of job (MB)
	28540096  -  ResidentSetSize of job (KB)
...
006 (9701427.000.000) 05/01 17:32:19 Image size of job updated: 28592616
	27893  -  MemoryUsage of job (MB)
	28561696  -  ResidentSetSize of job (KB)
...
006 (9701427.000.000) 05/01 17:37:20 Image size of job updated: 28621552
	27947  -  MemoryUsage of job (MB)
	28617128  -  ResidentSetSize of job (KB)
...
006 (9701427.000.000) 05/01 17:42:20 Image size of job updated: 28701804
	28030  -  MemoryUsage of job (MB)
	28701796  -  ResidentSetSize of job (KB)
...
006 (9701427.000.000) 05/01 17:47:20 Image size of job updated: 28823240
	28148  -  MemoryUsage of job (MB)
	28823240  -  ResidentSetSize of job (KB)
...
006 (9701427.000.000) 05/01 17:52:21 Image size of job updated: 28862600
	28186  -  MemoryUsage of job (MB)
	28862348  -  ResidentSetSize of job (KB)
...
006 (9701427.000.000) 05/01 17:57:22 Image size of job updated: 28901288
	28224  -  MemoryUsage of job (MB)
	28900884  -  ResidentSetSize of job (KB)
...
006 (9701427.000.000) 05/01 18:02:22 Image size of job updated: 28965844
	28286  -  MemoryUsage of job (MB)
	28964052  -  ResidentSetSize of job (KB)
...
006 (9701427.000.000) 05/01 18:07:23 Image size of job updated: 29115552
	28434  -  MemoryUsage of job (MB)
	29115548  -  ResidentSetSize of job (KB)
...
006 (9701427.000.000) 05/01 18:12:24 Image size of job updated: 29210580
	28526  -  MemoryUsage of job (MB)
	29210336  -  ResidentSetSize of job (KB)
...
006 (9701427.000.000) 05/01 18:17:24 Image size of job updated: 29308064
	28622  -  MemoryUsage of job (MB)
	29308064  -  ResidentSetSize of job (KB)
...
006 (9701427.000.000) 05/01 18:22:24 Image size of job updated: 29453500
	28764  -  MemoryUsage of job (MB)
	29453500  -  ResidentSetSize of job (KB)
...
006 (9701427.000.000) 05/01 18:27:25 Image size of job updated: 29473076
	28764  -  MemoryUsage of job (MB)
	29453500  -  ResidentSetSize of job (KB)
...
006 (9701427.000.000) 05/01 18:32:26 Image size of job updated: 29536052
	28844  -  MemoryUsage of job (MB)
	29535800  -  ResidentSetSize of job (KB)
...
006 (9701427.000.000) 05/01 18:37:26 Image size of job updated: 29661104
	28965  -  MemoryUsage of job (MB)
	29659312  -  ResidentSetSize of job (KB)
...
006 (9701427.000.000) 05/01 18:42:27 Image size of job updated: 29725128
	29029  -  MemoryUsage of job (MB)
	29725128  -  ResidentSetSize of job (KB)
...
006 (9701427.000.000) 05/01 18:47:28 Image size of job updated: 29765904
	29069  -  MemoryUsage of job (MB)
	29765900  -  ResidentSetSize of job (KB)
...
006 (9701427.000.000) 05/01 18:52:28 Image size of job updated: 29807232
	29109  -  MemoryUsage of job (MB)
	29807232  -  ResidentSetSize of job (KB)
...
006 (9701427.000.000) 05/01 18:57:28 Image size of job updated: 29849616
	29149  -  MemoryUsage of job (MB)
	29848340  -  ResidentSetSize of job (KB)
...
006 (9701427.000.000) 05/01 19:02:29 Image size of job updated: 29979496
	29277  -  MemoryUsage of job (MB)
	29979496  -  ResidentSetSize of job (KB)
...
006 (9701427.000.000) 05/01 19:07:29 Image size of job updated: 30099020
	29392  -  MemoryUsage of job (MB)
	30097312  -  ResidentSetSize of job (KB)
...
006 (9701427.000.000) 05/01 19:12:29 Image size of job updated: 30187132
	29480  -  MemoryUsage of job (MB)
	30187132  -  ResidentSetSize of job (KB)
...
006 (9701427.000.000) 05/01 19:17:30 Image size of job updated: 30261964
	29551  -  MemoryUsage of job (MB)
	30259488  -  ResidentSetSize of job (KB)
...
006 (9701427.000.000) 05/01 19:22:31 Image size of job updated: 30377964
	29666  -  MemoryUsage of job (MB)
	30377768  -  ResidentSetSize of job (KB)
...
006 (9701427.000.000) 05/01 19:27:31 Image size of job updated: 30470900
	29755  -  MemoryUsage of job (MB)
	30468852  -  ResidentSetSize of job (KB)
...
006 (9701427.000.000) 05/01 19:32:32 Image size of job updated: 30505628
	29766  -  MemoryUsage of job (MB)
	30479420  -  ResidentSetSize of job (KB)
...
006 (9701427.000.000) 05/01 19:37:33 Image size of job updated: 30546644
	29828  -  MemoryUsage of job (MB)
	30543628  -  ResidentSetSize of job (KB)
...
006 (9701427.000.000) 05/01 19:42:33 Image size of job updated: 30612212
	29893  -  MemoryUsage of job (MB)
	30610076  -  ResidentSetSize of job (KB)
...
006 (9701427.000.000) 05/01 19:47:33 Image size of job updated: 30732504
	30011  -  MemoryUsage of job (MB)
	30731044  -  ResidentSetSize of job (KB)
...
006 (9701427.000.000) 05/01 19:52:34 Image size of job updated: 30821520
	30100  -  MemoryUsage of job (MB)
	30821520  -  ResidentSetSize of job (KB)
...
006 (9701427.000.000) 05/01 19:57:34 Image size of job updated: 30890524
	30166  -  MemoryUsage of job (MB)
	30889232  -  ResidentSetSize of job (KB)
...
006 (9701427.000.000) 05/01 20:02:34 Image size of job updated: 31010288
	30284  -  MemoryUsage of job (MB)
	31010284  -  ResidentSetSize of job (KB)
...
006 (9701427.000.000) 05/01 20:07:35 Image size of job updated: 31051680
	30324  -  MemoryUsage of job (MB)
	31051680  -  ResidentSetSize of job (KB)
...
006 (9701427.000.000) 05/01 20:12:36 Image size of job updated: 31171888
	30442  -  MemoryUsage of job (MB)
	31171888  -  ResidentSetSize of job (KB)
...
006 (9701427.000.000) 05/01 20:17:36 Image size of job updated: 31267132
	30535  -  MemoryUsage of job (MB)
	31267088  -  ResidentSetSize of job (KB)
...
006 (9701427.000.000) 05/01 20:22:37 Image size of job updated: 31334304
	30600  -  MemoryUsage of job (MB)
	31334304  -  ResidentSetSize of job (KB)
...
006 (9701427.000.000) 05/01 20:27:38 Image size of job updated: 31452368
	30716  -  MemoryUsage of job (MB)
	31452368  -  ResidentSetSize of job (KB)
...
006 (9701427.000.000) 05/01 20:32:38 Image size of job updated: 31573808
	30834  -  MemoryUsage of job (MB)
	31573808  -  ResidentSetSize of job (KB)
...
006 (9701427.000.000) 05/01 20:33:48 Image size of job updated: 31580180
	30834  -  MemoryUsage of job (MB)
	31573808  -  ResidentSetSize of job (KB)
...
040 (9701427.000.000) 05/01 20:33:48 Started transferring output files
...
040 (9701427.000.000) 05/01 20:34:21 Finished transferring output files
...
005 (9701427.000.000) 05/01 20:34:21 Job terminated.
	(1) Normal termination (return value 1)
		Usr 4 17:30:10, Sys 0 18:46:54  -  Run Remote Usage
		Usr 0 00:00:00, Sys 0 00:00:00  -  Run Local Usage
		Usr 4 17:30:10, Sys 0 18:46:54  -  Total Remote Usage
		Usr 0 00:00:00, Sys 0 00:00:00  -  Total Local Usage
	661468032  -  Run Bytes Sent By Job
	209  -  Run Bytes Received By Job
	661468032  -  Total Bytes Sent By Job
	209  -  Total Bytes Received By Job
	Partitionable Resources :     Usage  Request Allocated 
	   Cpus                 :      3.54        1         1 
	   Disk (KB)            : 685177           1   2739160 
	   Memory (MB)          :  30834        2000      2000 

	Job terminated of its own accord at 2024-05-01T18:33:48Z.
...
