000 (9605686.000.000) 04/08 14:41:54 Job submitted from host: <137.138.156.150:9618?addrs=137.138.156.150-9618+[2001-1458-d00-14--9a]-9618&alias=bigbird13.cern.ch&noUDP&sock=schedd_5144_ef43>
...
040 (9605686.000.000) 04/08 14:50:07 Started transferring input files
	Transferring to host: <128.142.57.17:9618?addrs=128.142.57.17-9618+[2001-1458-301-7--100-10]-9618&alias=b7s02p2973.cern.ch&noUDP&sock=slot1_2_3318_94c0_14928>
...
040 (9605686.000.000) 04/08 14:50:07 Finished transferring input files
...
001 (9605686.000.000) 04/08 14:50:08 Job executing on host: <128.142.57.17:9618?addrs=128.142.57.17-9618+[2001-1458-301-7--100-10]-9618&alias=b7s02p2973.cern.ch&noUDP&sock=startd_2809_519f>
...
006 (9605686.000.000) 04/08 14:50:16 Image size of job updated: 104760
	77  -  MemoryUsage of job (MB)
	78800  -  ResidentSetSize of job (KB)
...
006 (9605686.000.000) 04/08 14:55:16 Image size of job updated: 3300176
	549  -  MemoryUsage of job (MB)
	561312  -  ResidentSetSize of job (KB)
...
006 (9605686.000.000) 04/08 15:00:16 Image size of job updated: 3749784
	989  -  MemoryUsage of job (MB)
	1012124  -  ResidentSetSize of job (KB)
...
006 (9605686.000.000) 04/08 15:05:17 Image size of job updated: 4195100
	1423  -  MemoryUsage of job (MB)
	1456980  -  ResidentSetSize of job (KB)
...
006 (9605686.000.000) 04/08 15:10:17 Image size of job updated: 4657116
	1873  -  MemoryUsage of job (MB)
	1917664  -  ResidentSetSize of job (KB)
...
006 (9605686.000.000) 04/08 15:15:17 Image size of job updated: 5073520
	2274  -  MemoryUsage of job (MB)
	2327764  -  ResidentSetSize of job (KB)
...
006 (9605686.000.000) 04/08 15:20:18 Image size of job updated: 5511020
	2696  -  MemoryUsage of job (MB)
	2759796  -  ResidentSetSize of job (KB)
...
006 (9605686.000.000) 04/08 15:25:19 Image size of job updated: 5967420
	3147  -  MemoryUsage of job (MB)
	3222348  -  ResidentSetSize of job (KB)
...
006 (9605686.000.000) 04/08 15:30:19 Image size of job updated: 6401888
	3588  -  MemoryUsage of job (MB)
	3673356  -  ResidentSetSize of job (KB)
...
006 (9605686.000.000) 04/08 15:35:20 Image size of job updated: 6861952
	4040  -  MemoryUsage of job (MB)
	4136636  -  ResidentSetSize of job (KB)
...
006 (9605686.000.000) 04/08 15:40:21 Image size of job updated: 7379776
	4522  -  MemoryUsage of job (MB)
	4629892  -  ResidentSetSize of job (KB)
...
006 (9605686.000.000) 04/08 15:45:21 Image size of job updated: 7817668
	4969  -  MemoryUsage of job (MB)
	5087588  -  ResidentSetSize of job (KB)
...
006 (9605686.000.000) 04/08 15:50:21 Image size of job updated: 8302044
	5426  -  MemoryUsage of job (MB)
	5556088  -  ResidentSetSize of job (KB)
...
006 (9605686.000.000) 04/08 15:55:22 Image size of job updated: 8656484
	5749  -  MemoryUsage of job (MB)
	5886812  -  ResidentSetSize of job (KB)
...
006 (9605686.000.000) 04/08 16:00:23 Image size of job updated: 8849648
	5954  -  MemoryUsage of job (MB)
	6096728  -  ResidentSetSize of job (KB)
...
006 (9605686.000.000) 04/08 16:05:23 Image size of job updated: 9052728
	6149  -  MemoryUsage of job (MB)
	6296164  -  ResidentSetSize of job (KB)
...
006 (9605686.000.000) 04/08 16:10:24 Image size of job updated: 9264396
	6359  -  MemoryUsage of job (MB)
	6511076  -  ResidentSetSize of job (KB)
...
006 (9605686.000.000) 04/08 16:15:25 Image size of job updated: 9482172
	6557  -  MemoryUsage of job (MB)
	6714152  -  ResidentSetSize of job (KB)
...
006 (9605686.000.000) 04/08 16:20:25 Image size of job updated: 9705564
	6781  -  MemoryUsage of job (MB)
	6943352  -  ResidentSetSize of job (KB)
...
006 (9605686.000.000) 04/08 16:25:25 Image size of job updated: 9871140
	6909  -  MemoryUsage of job (MB)
	7074720  -  ResidentSetSize of job (KB)
...
006 (9605686.000.000) 04/08 16:30:26 Image size of job updated: 9972408
	6976  -  MemoryUsage of job (MB)
	7142516  -  ResidentSetSize of job (KB)
...
006 (9605686.000.000) 04/08 16:35:26 Image size of job updated: 10240428
	7019  -  MemoryUsage of job (MB)
	7187172  -  ResidentSetSize of job (KB)
...
006 (9605686.000.000) 04/08 16:40:26 Image size of job updated: 10473584
	7019  -  MemoryUsage of job (MB)
	7187172  -  ResidentSetSize of job (KB)
...
006 (9605686.000.000) 04/08 16:45:27 Image size of job updated: 10693456
	7019  -  MemoryUsage of job (MB)
	7187172  -  ResidentSetSize of job (KB)
...
006 (9605686.000.000) 04/08 16:50:28 Image size of job updated: 10903808
	7019  -  MemoryUsage of job (MB)
	7187172  -  ResidentSetSize of job (KB)
...
006 (9605686.000.000) 04/08 16:55:28 Image size of job updated: 11055472
	7019  -  MemoryUsage of job (MB)
	7187172  -  ResidentSetSize of job (KB)
...
006 (9605686.000.000) 04/08 17:00:29 Image size of job updated: 11192288
	7019  -  MemoryUsage of job (MB)
	7187172  -  ResidentSetSize of job (KB)
...
006 (9605686.000.000) 04/08 17:05:30 Image size of job updated: 11316772
	7019  -  MemoryUsage of job (MB)
	7187172  -  ResidentSetSize of job (KB)
...
006 (9605686.000.000) 04/08 17:10:30 Image size of job updated: 11429816
	7019  -  MemoryUsage of job (MB)
	7187172  -  ResidentSetSize of job (KB)
...
006 (9605686.000.000) 04/08 17:15:31 Image size of job updated: 11569072
	7019  -  MemoryUsage of job (MB)
	7187172  -  ResidentSetSize of job (KB)
...
006 (9605686.000.000) 04/08 17:20:32 Image size of job updated: 11727416
	7019  -  MemoryUsage of job (MB)
	7187172  -  ResidentSetSize of job (KB)
...
006 (9605686.000.000) 04/08 17:25:32 Image size of job updated: 11966760
	7019  -  MemoryUsage of job (MB)
	7187172  -  ResidentSetSize of job (KB)
...
006 (9605686.000.000) 04/08 17:30:32 Image size of job updated: 12215744
	7019  -  MemoryUsage of job (MB)
	7187172  -  ResidentSetSize of job (KB)
...
006 (9605686.000.000) 04/08 17:35:33 Image size of job updated: 12427548
	7019  -  MemoryUsage of job (MB)
	7187172  -  ResidentSetSize of job (KB)
...
006 (9605686.000.000) 04/08 17:40:33 Image size of job updated: 12611652
	7135  -  MemoryUsage of job (MB)
	7305320  -  ResidentSetSize of job (KB)
...
006 (9605686.000.000) 04/08 17:45:33 Image size of job updated: 12789420
	7329  -  MemoryUsage of job (MB)
	7504328  -  ResidentSetSize of job (KB)
...
006 (9605686.000.000) 04/08 17:50:34 Image size of job updated: 13028320
	7533  -  MemoryUsage of job (MB)
	7712788  -  ResidentSetSize of job (KB)
...
006 (9605686.000.000) 04/08 17:55:34 Image size of job updated: 13232444
	7715  -  MemoryUsage of job (MB)
	7899680  -  ResidentSetSize of job (KB)
...
006 (9605686.000.000) 04/08 18:00:34 Image size of job updated: 13414192
	7898  -  MemoryUsage of job (MB)
	8087376  -  ResidentSetSize of job (KB)
...
006 (9605686.000.000) 04/08 18:05:35 Image size of job updated: 13602572
	8085  -  MemoryUsage of job (MB)
	8278092  -  ResidentSetSize of job (KB)
...
006 (9605686.000.000) 04/08 18:10:36 Image size of job updated: 13758560
	8234  -  MemoryUsage of job (MB)
	8431444  -  ResidentSetSize of job (KB)
...
006 (9605686.000.000) 04/08 18:15:36 Image size of job updated: 13873780
	8352  -  MemoryUsage of job (MB)
	8552424  -  ResidentSetSize of job (KB)
...
006 (9605686.000.000) 04/08 18:20:37 Image size of job updated: 14053544
	8530  -  MemoryUsage of job (MB)
	8734236  -  ResidentSetSize of job (KB)
...
006 (9605686.000.000) 04/08 18:25:38 Image size of job updated: 14213116
	8693  -  MemoryUsage of job (MB)
	8901344  -  ResidentSetSize of job (KB)
...
006 (9605686.000.000) 04/08 18:30:38 Image size of job updated: 14353768
	8821  -  MemoryUsage of job (MB)
	9032624  -  ResidentSetSize of job (KB)
...
006 (9605686.000.000) 04/08 18:35:39 Image size of job updated: 14500272
	8978  -  MemoryUsage of job (MB)
	9192628  -  ResidentSetSize of job (KB)
...
006 (9605686.000.000) 04/08 18:40:40 Image size of job updated: 15010048
	9672  -  MemoryUsage of job (MB)
	9903632  -  ResidentSetSize of job (KB)
...
006 (9605686.000.000) 04/08 18:45:40 Image size of job updated: 15014144
	9794  -  MemoryUsage of job (MB)
	10029024  -  ResidentSetSize of job (KB)
...
006 (9605686.000.000) 04/08 18:50:40 Image size of job updated: 15015168
	9806  -  MemoryUsage of job (MB)
	10041332  -  ResidentSetSize of job (KB)
...
006 (9605686.000.000) 04/08 18:55:41 Image size of job updated: 15045876
	9839  -  MemoryUsage of job (MB)
	10074152  -  ResidentSetSize of job (KB)
...
006 (9605686.000.000) 04/08 19:00:41 Image size of job updated: 15095852
	9887  -  MemoryUsage of job (MB)
	10123688  -  ResidentSetSize of job (KB)
...
006 (9605686.000.000) 04/08 19:05:41 Image size of job updated: 15141668
	9932  -  MemoryUsage of job (MB)
	10169620  -  ResidentSetSize of job (KB)
...
006 (9605686.000.000) 04/08 19:10:42 Image size of job updated: 15271596
	10208  -  MemoryUsage of job (MB)
	10451976  -  ResidentSetSize of job (KB)
...
006 (9605686.000.000) 04/08 19:15:43 Image size of job updated: 15274668
	10283  -  MemoryUsage of job (MB)
	10529776  -  ResidentSetSize of job (KB)
...
006 (9605686.000.000) 04/08 19:20:43 Image size of job updated: 15275692
	10294  -  MemoryUsage of job (MB)
	10540956  -  ResidentSetSize of job (KB)
...
006 (9605686.000.000) 04/08 19:25:44 Image size of job updated: 15321628
	10341  -  MemoryUsage of job (MB)
	10589012  -  ResidentSetSize of job (KB)
...
006 (9605686.000.000) 04/08 19:30:45 Image size of job updated: 15367300
	10386  -  MemoryUsage of job (MB)
	10634292  -  ResidentSetSize of job (KB)
...
006 (9605686.000.000) 04/08 19:35:45 Image size of job updated: 15412556
	10429  -  MemoryUsage of job (MB)
	10679084  -  ResidentSetSize of job (KB)
...
006 (9605686.000.000) 04/08 19:40:46 Image size of job updated: 15609684
	11379  -  MemoryUsage of job (MB)
	11651764  -  ResidentSetSize of job (KB)
...
006 (9605686.000.000) 04/08 19:45:47 Image size of job updated: 15612756
	11560  -  MemoryUsage of job (MB)
	11837388  -  ResidentSetSize of job (KB)
...
006 (9605686.000.000) 04/08 19:50:47 Image size of job updated: 15613780
	11564  -  MemoryUsage of job (MB)
	11841352  -  ResidentSetSize of job (KB)
...
006 (9605686.000.000) 04/08 19:55:47 Image size of job updated: 15653000
	11604  -  MemoryUsage of job (MB)
	11881864  -  ResidentSetSize of job (KB)
...
006 (9605686.000.000) 04/08 20:00:48 Image size of job updated: 15697280
	11647  -  MemoryUsage of job (MB)
	11926064  -  ResidentSetSize of job (KB)
...
006 (9605686.000.000) 04/08 20:05:48 Image size of job updated: 15741824
	11690  -  MemoryUsage of job (MB)
	11970224  -  ResidentSetSize of job (KB)
...
006 (9605686.000.000) 04/08 20:10:48 Image size of job updated: 15876468
	12397  -  MemoryUsage of job (MB)
	12693608  -  ResidentSetSize of job (KB)
...
006 (9605686.000.000) 04/08 20:15:49 Image size of job updated: 15879540
	12711  -  MemoryUsage of job (MB)
	13015064  -  ResidentSetSize of job (KB)
...
006 (9605686.000.000) 04/08 20:20:49 Image size of job updated: 15880564
	12715  -  MemoryUsage of job (MB)
	13019804  -  ResidentSetSize of job (KB)
...
006 (9605686.000.000) 04/08 20:25:49 Image size of job updated: 15912232
	12747  -  MemoryUsage of job (MB)
	13051908  -  ResidentSetSize of job (KB)
...
006 (9605686.000.000) 04/08 20:30:50 Image size of job updated: 15958144
	12791  -  MemoryUsage of job (MB)
	13097848  -  ResidentSetSize of job (KB)
...
006 (9605686.000.000) 04/08 20:35:51 Image size of job updated: 16004424
	12836  -  MemoryUsage of job (MB)
	13144044  -  ResidentSetSize of job (KB)
...
006 (9605686.000.000) 04/08 20:40:51 Image size of job updated: 16666852
	13559  -  MemoryUsage of job (MB)
	13884216  -  ResidentSetSize of job (KB)
...
006 (9605686.000.000) 04/08 21:05:55 Image size of job updated: 16799692
	13655  -  MemoryUsage of job (MB)
	13982400  -  ResidentSetSize of job (KB)
...
006 (9605686.000.000) 04/08 21:30:56 Image size of job updated: 16932532
	13786  -  MemoryUsage of job (MB)
	14116800  -  ResidentSetSize of job (KB)
...
006 (9605686.000.000) 04/08 21:55:59 Image size of job updated: 17198212
	14047  -  MemoryUsage of job (MB)
	14383804  -  ResidentSetSize of job (KB)
...
006 (9605686.000.000) 04/08 22:21:02 Image size of job updated: 17862412
	14047  -  MemoryUsage of job (MB)
	14383804  -  ResidentSetSize of job (KB)
...
006 (9605686.000.000) 04/08 23:11:07 Image size of job updated: 17995252
	14047  -  MemoryUsage of job (MB)
	14383804  -  ResidentSetSize of job (KB)
...
006 (9605686.000.000) 04/09 01:38:22 Image size of job updated: 20944264
	14047  -  MemoryUsage of job (MB)
	14383804  -  ResidentSetSize of job (KB)
...
040 (9605686.000.000) 04/09 01:38:23 Started transferring output files
...
040 (9605686.000.000) 04/09 01:38:23 Finished transferring output files
...
005 (9605686.000.000) 04/09 01:38:23 Job terminated.
	(1) Normal termination (return value 0)
		Usr 0 08:20:55, Sys 0 00:25:25  -  Run Remote Usage
		Usr 0 00:00:00, Sys 0 00:00:00  -  Run Local Usage
		Usr 0 08:20:55, Sys 0 00:25:25  -  Total Remote Usage
		Usr 0 00:00:00, Sys 0 00:00:00  -  Total Local Usage
	9716  -  Run Bytes Sent By Job
	201  -  Run Bytes Received By Job
	9716  -  Total Bytes Sent By Job
	201  -  Total Bytes Received By Job
	Partitionable Resources :    Usage  Request Allocated 
	   Cpus                 :     0.99        1         1 
	   Disk (KB)            :    31           1   1373764 
	   Memory (MB)          : 14047        2000      2000 

	Job terminated of its own accord at 2024-04-08T23:38:22Z.
...
