000 (9605678.000.000) 04/08 14:41:47 Job submitted from host: <137.138.156.150:9618?addrs=137.138.156.150-9618+[2001-1458-d00-14--9a]-9618&alias=bigbird13.cern.ch&noUDP&sock=schedd_5144_ef43>
...
040 (9605678.000.000) 04/08 14:47:39 Started transferring input files
	Transferring to host: <128.142.58.28:9618?addrs=128.142.58.28-9618&alias=b7s03p6706.cern.ch&noUDP&sock=slot1_6_6964_8494_94116>
...
040 (9605678.000.000) 04/08 14:47:39 Finished transferring input files
...
001 (9605678.000.000) 04/08 14:47:40 Job executing on host: <128.142.58.28:9618?addrs=128.142.58.28-9618&alias=b7s03p6706.cern.ch&noUDP&sock=startd_6876_f14b>
...
006 (9605678.000.000) 04/08 14:47:48 Image size of job updated: 460548
	79  -  MemoryUsage of job (MB)
	80480  -  ResidentSetSize of job (KB)
...
006 (9605678.000.000) 04/08 14:52:48 Image size of job updated: 3302740
	542  -  MemoryUsage of job (MB)
	554060  -  ResidentSetSize of job (KB)
...
006 (9605678.000.000) 04/08 14:57:49 Image size of job updated: 3658408
	902  -  MemoryUsage of job (MB)
	922948  -  ResidentSetSize of job (KB)
...
006 (9605678.000.000) 04/08 15:02:49 Image size of job updated: 3985412
	1217  -  MemoryUsage of job (MB)
	1245820  -  ResidentSetSize of job (KB)
...
006 (9605678.000.000) 04/08 15:07:49 Image size of job updated: 4232968
	1461  -  MemoryUsage of job (MB)
	1495408  -  ResidentSetSize of job (KB)
...
006 (9605678.000.000) 04/08 15:12:50 Image size of job updated: 4548404
	1768  -  MemoryUsage of job (MB)
	1809936  -  ResidentSetSize of job (KB)
...
006 (9605678.000.000) 04/08 15:17:51 Image size of job updated: 4871108
	2081  -  MemoryUsage of job (MB)
	2130920  -  ResidentSetSize of job (KB)
...
006 (9605678.000.000) 04/08 15:22:51 Image size of job updated: 5210708
	2412  -  MemoryUsage of job (MB)
	2469120  -  ResidentSetSize of job (KB)
...
006 (9605678.000.000) 04/08 15:27:52 Image size of job updated: 5556068
	2748  -  MemoryUsage of job (MB)
	2813832  -  ResidentSetSize of job (KB)
...
006 (9605678.000.000) 04/08 15:32:53 Image size of job updated: 5898548
	3093  -  MemoryUsage of job (MB)
	3167064  -  ResidentSetSize of job (KB)
...
006 (9605678.000.000) 04/08 15:37:53 Image size of job updated: 6277752
	3457  -  MemoryUsage of job (MB)
	3539112  -  ResidentSetSize of job (KB)
...
006 (9605678.000.000) 04/08 15:42:53 Image size of job updated: 6602264
	3775  -  MemoryUsage of job (MB)
	3865316  -  ResidentSetSize of job (KB)
...
006 (9605678.000.000) 04/08 15:47:55 Image size of job updated: 6889812
	3918  -  MemoryUsage of job (MB)
	4011964  -  ResidentSetSize of job (KB)
...
006 (9605678.000.000) 04/08 15:52:55 Image size of job updated: 7188688
	4009  -  MemoryUsage of job (MB)
	4104316  -  ResidentSetSize of job (KB)
...
006 (9605678.000.000) 04/08 15:57:55 Image size of job updated: 7468036
	4273  -  MemoryUsage of job (MB)
	4375236  -  ResidentSetSize of job (KB)
...
006 (9605678.000.000) 04/08 16:02:56 Image size of job updated: 7765204
	4273  -  MemoryUsage of job (MB)
	4375236  -  ResidentSetSize of job (KB)
...
006 (9605678.000.000) 04/08 16:07:57 Image size of job updated: 8059784
	4496  -  MemoryUsage of job (MB)
	4603320  -  ResidentSetSize of job (KB)
...
006 (9605678.000.000) 04/08 16:12:57 Image size of job updated: 8368428
	4496  -  MemoryUsage of job (MB)
	4603320  -  ResidentSetSize of job (KB)
...
006 (9605678.000.000) 04/08 16:17:57 Image size of job updated: 8653876
	4496  -  MemoryUsage of job (MB)
	4603320  -  ResidentSetSize of job (KB)
...
006 (9605678.000.000) 04/08 16:22:58 Image size of job updated: 8828436
	4496  -  MemoryUsage of job (MB)
	4603320  -  ResidentSetSize of job (KB)
...
006 (9605678.000.000) 04/08 16:27:58 Image size of job updated: 8900556
	4496  -  MemoryUsage of job (MB)
	4603320  -  ResidentSetSize of job (KB)
...
006 (9605678.000.000) 04/08 16:32:58 Image size of job updated: 9031120
	4496  -  MemoryUsage of job (MB)
	4603320  -  ResidentSetSize of job (KB)
...
006 (9605678.000.000) 04/08 16:37:59 Image size of job updated: 9201384
	4496  -  MemoryUsage of job (MB)
	4603320  -  ResidentSetSize of job (KB)
...
006 (9605678.000.000) 04/08 16:43:00 Image size of job updated: 9353828
	4496  -  MemoryUsage of job (MB)
	4603320  -  ResidentSetSize of job (KB)
...
006 (9605678.000.000) 04/08 16:48:00 Image size of job updated: 9538544
	4496  -  MemoryUsage of job (MB)
	4603320  -  ResidentSetSize of job (KB)
...
006 (9605678.000.000) 04/08 16:53:01 Image size of job updated: 9670676
	4496  -  MemoryUsage of job (MB)
	4603320  -  ResidentSetSize of job (KB)
...
006 (9605678.000.000) 04/08 16:58:01 Image size of job updated: 9821408
	4496  -  MemoryUsage of job (MB)
	4603320  -  ResidentSetSize of job (KB)
...
006 (9605678.000.000) 04/08 17:03:01 Image size of job updated: 9968380
	4496  -  MemoryUsage of job (MB)
	4603320  -  ResidentSetSize of job (KB)
...
006 (9605678.000.000) 04/08 17:08:02 Image size of job updated: 10092552
	4496  -  MemoryUsage of job (MB)
	4603320  -  ResidentSetSize of job (KB)
...
006 (9605678.000.000) 04/08 17:13:03 Image size of job updated: 10131616
	4496  -  MemoryUsage of job (MB)
	4603320  -  ResidentSetSize of job (KB)
...
006 (9605678.000.000) 04/08 17:18:03 Image size of job updated: 10181860
	4496  -  MemoryUsage of job (MB)
	4603320  -  ResidentSetSize of job (KB)
...
006 (9605678.000.000) 04/08 17:23:04 Image size of job updated: 10223656
	4496  -  MemoryUsage of job (MB)
	4603320  -  ResidentSetSize of job (KB)
...
006 (9605678.000.000) 04/08 17:28:05 Image size of job updated: 10272728
	4496  -  MemoryUsage of job (MB)
	4603320  -  ResidentSetSize of job (KB)
...
006 (9605678.000.000) 04/08 17:33:05 Image size of job updated: 10323756
	4496  -  MemoryUsage of job (MB)
	4603320  -  ResidentSetSize of job (KB)
...
006 (9605678.000.000) 04/08 17:38:06 Image size of job updated: 10420188
	4496  -  MemoryUsage of job (MB)
	4603320  -  ResidentSetSize of job (KB)
...
006 (9605678.000.000) 04/08 17:43:07 Image size of job updated: 10531372
	4496  -  MemoryUsage of job (MB)
	4603320  -  ResidentSetSize of job (KB)
...
006 (9605678.000.000) 04/08 17:48:07 Image size of job updated: 10589820
	4496  -  MemoryUsage of job (MB)
	4603320  -  ResidentSetSize of job (KB)
...
006 (9605678.000.000) 04/08 17:53:08 Image size of job updated: 10662328
	4496  -  MemoryUsage of job (MB)
	4603320  -  ResidentSetSize of job (KB)
...
006 (9605678.000.000) 04/08 17:58:09 Image size of job updated: 10723512
	4498  -  MemoryUsage of job (MB)
	4605796  -  ResidentSetSize of job (KB)
...
006 (9605678.000.000) 04/08 18:03:09 Image size of job updated: 10790944
	4565  -  MemoryUsage of job (MB)
	4674012  -  ResidentSetSize of job (KB)
...
006 (9605678.000.000) 04/08 18:08:09 Image size of job updated: 10887524
	4661  -  MemoryUsage of job (MB)
	4772080  -  ResidentSetSize of job (KB)
...
006 (9605678.000.000) 04/08 18:13:10 Image size of job updated: 10968628
	4758  -  MemoryUsage of job (MB)
	4871676  -  ResidentSetSize of job (KB)
...
006 (9605678.000.000) 04/08 18:18:10 Image size of job updated: 11048824
	4821  -  MemoryUsage of job (MB)
	4935700  -  ResidentSetSize of job (KB)
...
006 (9605678.000.000) 04/08 18:23:10 Image size of job updated: 11142948
	4914  -  MemoryUsage of job (MB)
	5030948  -  ResidentSetSize of job (KB)
...
006 (9605678.000.000) 04/08 18:28:12 Image size of job updated: 11250468
	5028  -  MemoryUsage of job (MB)
	5147932  -  ResidentSetSize of job (KB)
...
006 (9605678.000.000) 04/08 18:33:12 Image size of job updated: 11365800
	5131  -  MemoryUsage of job (MB)
	5254144  -  ResidentSetSize of job (KB)
...
006 (9605678.000.000) 04/08 18:38:12 Image size of job updated: 11438700
	5202  -  MemoryUsage of job (MB)
	5325904  -  ResidentSetSize of job (KB)
...
006 (9605678.000.000) 04/08 18:43:13 Image size of job updated: 11538636
	5318  -  MemoryUsage of job (MB)
	5445048  -  ResidentSetSize of job (KB)
...
006 (9605678.000.000) 04/08 18:48:14 Image size of job updated: 11651208
	5410  -  MemoryUsage of job (MB)
	5539684  -  ResidentSetSize of job (KB)
...
006 (9605678.000.000) 04/08 18:53:14 Image size of job updated: 11764956
	5523  -  MemoryUsage of job (MB)
	5655076  -  ResidentSetSize of job (KB)
...
006 (9605678.000.000) 04/08 18:58:15 Image size of job updated: 11880920
	5635  -  MemoryUsage of job (MB)
	5769692  -  ResidentSetSize of job (KB)
...
006 (9605678.000.000) 04/08 19:03:16 Image size of job updated: 11952556
	5705  -  MemoryUsage of job (MB)
	5841596  -  ResidentSetSize of job (KB)
...
006 (9605678.000.000) 04/08 19:08:16 Image size of job updated: 12028584
	5779  -  MemoryUsage of job (MB)
	5917508  -  ResidentSetSize of job (KB)
...
006 (9605678.000.000) 04/08 19:13:17 Image size of job updated: 12092108
	5841  -  MemoryUsage of job (MB)
	5980804  -  ResidentSetSize of job (KB)
...
006 (9605678.000.000) 04/08 19:18:18 Image size of job updated: 12166180
	5933  -  MemoryUsage of job (MB)
	6074792  -  ResidentSetSize of job (KB)
...
006 (9605678.000.000) 04/08 19:23:18 Image size of job updated: 12278144
	6021  -  MemoryUsage of job (MB)
	6165032  -  ResidentSetSize of job (KB)
...
006 (9605678.000.000) 04/08 19:28:18 Image size of job updated: 12359844
	6106  -  MemoryUsage of job (MB)
	6251560  -  ResidentSetSize of job (KB)
...
006 (9605678.000.000) 04/08 19:33:19 Image size of job updated: 12455256
	6198  -  MemoryUsage of job (MB)
	6346412  -  ResidentSetSize of job (KB)
...
006 (9605678.000.000) 04/08 19:38:19 Image size of job updated: 12543688
	6285  -  MemoryUsage of job (MB)
	6435620  -  ResidentSetSize of job (KB)
...
006 (9605678.000.000) 04/08 19:43:19 Image size of job updated: 12631528
	6371  -  MemoryUsage of job (MB)
	6523744  -  ResidentSetSize of job (KB)
...
006 (9605678.000.000) 04/08 19:48:20 Image size of job updated: 12732552
	6469  -  MemoryUsage of job (MB)
	6623300  -  ResidentSetSize of job (KB)
...
006 (9605678.000.000) 04/08 19:53:20 Image size of job updated: 12851492
	6579  -  MemoryUsage of job (MB)
	6735944  -  ResidentSetSize of job (KB)
...
006 (9605678.000.000) 04/08 19:58:20 Image size of job updated: 12953296
	6679  -  MemoryUsage of job (MB)
	6838568  -  ResidentSetSize of job (KB)
...
006 (9605678.000.000) 04/08 20:03:21 Image size of job updated: 13078040
	6806  -  MemoryUsage of job (MB)
	6969096  -  ResidentSetSize of job (KB)
...
006 (9605678.000.000) 04/08 20:08:22 Image size of job updated: 13210560
	6935  -  MemoryUsage of job (MB)
	7101244  -  ResidentSetSize of job (KB)
...
006 (9605678.000.000) 04/08 20:13:22 Image size of job updated: 13334184
	7068  -  MemoryUsage of job (MB)
	7236968  -  ResidentSetSize of job (KB)
...
006 (9605678.000.000) 04/08 20:18:23 Image size of job updated: 13399048
	7124  -  MemoryUsage of job (MB)
	7294964  -  ResidentSetSize of job (KB)
...
006 (9605678.000.000) 04/08 20:23:24 Image size of job updated: 13469212
	7188  -  MemoryUsage of job (MB)
	7360400  -  ResidentSetSize of job (KB)
...
006 (9605678.000.000) 04/08 20:28:24 Image size of job updated: 13538532
	7256  -  MemoryUsage of job (MB)
	7429844  -  ResidentSetSize of job (KB)
...
006 (9605678.000.000) 04/08 20:33:24 Image size of job updated: 13608700
	7325  -  MemoryUsage of job (MB)
	7499808  -  ResidentSetSize of job (KB)
...
006 (9605678.000.000) 04/08 20:38:25 Image size of job updated: 13683944
	7400  -  MemoryUsage of job (MB)
	7577392  -  ResidentSetSize of job (KB)
...
006 (9605678.000.000) 04/08 20:43:25 Image size of job updated: 13785604
	7497  -  MemoryUsage of job (MB)
	7676308  -  ResidentSetSize of job (KB)
...
006 (9605678.000.000) 04/08 20:48:25 Image size of job updated: 13872260
	7582  -  MemoryUsage of job (MB)
	7763004  -  ResidentSetSize of job (KB)
...
006 (9605678.000.000) 04/08 20:53:26 Image size of job updated: 13942036
	7650  -  MemoryUsage of job (MB)
	7832820  -  ResidentSetSize of job (KB)
...
006 (9605678.000.000) 04/08 20:58:26 Image size of job updated: 14026164
	7726  -  MemoryUsage of job (MB)
	7910900  -  ResidentSetSize of job (KB)
...
006 (9605678.000.000) 04/08 21:03:26 Image size of job updated: 14090956
	7797  -  MemoryUsage of job (MB)
	7983392  -  ResidentSetSize of job (KB)
...
006 (9605678.000.000) 04/08 21:08:27 Image size of job updated: 14186124
	7889  -  MemoryUsage of job (MB)
	8077472  -  ResidentSetSize of job (KB)
...
006 (9605678.000.000) 04/08 21:13:27 Image size of job updated: 14264828
	7983  -  MemoryUsage of job (MB)
	8174536  -  ResidentSetSize of job (KB)
...
006 (9605678.000.000) 04/08 21:18:27 Image size of job updated: 14374764
	8073  -  MemoryUsage of job (MB)
	8266448  -  ResidentSetSize of job (KB)
...
006 (9605678.000.000) 04/08 21:23:28 Image size of job updated: 14445204
	8142  -  MemoryUsage of job (MB)
	8336796  -  ResidentSetSize of job (KB)
...
006 (9605678.000.000) 04/08 21:28:28 Image size of job updated: 14517604
	8213  -  MemoryUsage of job (MB)
	8409296  -  ResidentSetSize of job (KB)
...
006 (9605678.000.000) 04/08 21:33:28 Image size of job updated: 14572108
	8269  -  MemoryUsage of job (MB)
	8467228  -  ResidentSetSize of job (KB)
...
006 (9605678.000.000) 04/08 21:38:30 Image size of job updated: 15013608
	8921  -  MemoryUsage of job (MB)
	9134096  -  ResidentSetSize of job (KB)
...
006 (9605678.000.000) 04/08 21:43:30 Image size of job updated: 15016680
	9012  -  MemoryUsage of job (MB)
	9227504  -  ResidentSetSize of job (KB)
...
006 (9605678.000.000) 04/08 21:48:30 Image size of job updated: 15017704
	9086  -  MemoryUsage of job (MB)
	9303320  -  ResidentSetSize of job (KB)
...
006 (9605678.000.000) 04/08 21:53:31 Image size of job updated: 15018728
	9099  -  MemoryUsage of job (MB)
	9316752  -  ResidentSetSize of job (KB)
...
006 (9605678.000.000) 04/08 21:58:32 Image size of job updated: 15060036
	9139  -  MemoryUsage of job (MB)
	9357328  -  ResidentSetSize of job (KB)
...
006 (9605678.000.000) 04/08 22:03:32 Image size of job updated: 15101320
	9179  -  MemoryUsage of job (MB)
	9399000  -  ResidentSetSize of job (KB)
...
006 (9605678.000.000) 04/08 22:08:33 Image size of job updated: 15146296
	9223  -  MemoryUsage of job (MB)
	9444016  -  ResidentSetSize of job (KB)
...
006 (9605678.000.000) 04/08 22:13:33 Image size of job updated: 15275460
	9494  -  MemoryUsage of job (MB)
	9721576  -  ResidentSetSize of job (KB)
...
006 (9605678.000.000) 04/08 22:18:33 Image size of job updated: 15277508
	9573  -  MemoryUsage of job (MB)
	9802096  -  ResidentSetSize of job (KB)
...
006 (9605678.000.000) 04/08 22:23:34 Image size of job updated: 15278532
	9620  -  MemoryUsage of job (MB)
	9850168  -  ResidentSetSize of job (KB)
...
006 (9605678.000.000) 04/08 22:28:34 Image size of job updated: 15314948
	9656  -  MemoryUsage of job (MB)
	9887188  -  ResidentSetSize of job (KB)
...
006 (9605678.000.000) 04/08 22:33:34 Image size of job updated: 15360464
	9700  -  MemoryUsage of job (MB)
	9932440  -  ResidentSetSize of job (KB)
...
006 (9605678.000.000) 04/08 22:38:35 Image size of job updated: 15408232
	9747  -  MemoryUsage of job (MB)
	9980208  -  ResidentSetSize of job (KB)
...
006 (9605678.000.000) 04/08 22:43:35 Image size of job updated: 15613780
	10618  -  MemoryUsage of job (MB)
	10872188  -  ResidentSetSize of job (KB)
...
006 (9605678.000.000) 04/08 22:48:36 Image size of job updated: 15616852
	10972  -  MemoryUsage of job (MB)
	11234860  -  ResidentSetSize of job (KB)
...
006 (9605678.000.000) 04/08 22:53:37 Image size of job updated: 15617876
	11128  -  MemoryUsage of job (MB)
	11394816  -  ResidentSetSize of job (KB)
...
006 (9605678.000.000) 04/08 22:58:37 Image size of job updated: 15656252
	11166  -  MemoryUsage of job (MB)
	11433304  -  ResidentSetSize of job (KB)
...
006 (9605678.000.000) 04/08 23:03:38 Image size of job updated: 15702880
	11211  -  MemoryUsage of job (MB)
	11479784  -  ResidentSetSize of job (KB)
...
006 (9605678.000.000) 04/08 23:08:38 Image size of job updated: 15752192
	11260  -  MemoryUsage of job (MB)
	11529220  -  ResidentSetSize of job (KB)
...
006 (9605678.000.000) 04/08 23:13:38 Image size of job updated: 15880748
	12064  -  MemoryUsage of job (MB)
	12352672  -  ResidentSetSize of job (KB)
...
006 (9605678.000.000) 04/08 23:18:39 Image size of job updated: 15883820
	12422  -  MemoryUsage of job (MB)
	12719776  -  ResidentSetSize of job (KB)
...
006 (9605678.000.000) 04/08 23:23:39 Image size of job updated: 15884844
	12541  -  MemoryUsage of job (MB)
	12841272  -  ResidentSetSize of job (KB)
...
006 (9605678.000.000) 04/08 23:28:39 Image size of job updated: 15926576
	12583  -  MemoryUsage of job (MB)
	12884588  -  ResidentSetSize of job (KB)
...
006 (9605678.000.000) 04/08 23:33:40 Image size of job updated: 15970128
	12625  -  MemoryUsage of job (MB)
	12927788  -  ResidentSetSize of job (KB)
...
006 (9605678.000.000) 04/08 23:38:40 Image size of job updated: 16013564
	12668  -  MemoryUsage of job (MB)
	12971068  -  ResidentSetSize of job (KB)
...
006 (9605678.000.000) 04/08 23:43:41 Image size of job updated: 16665632
	13404  -  MemoryUsage of job (MB)
	13725144  -  ResidentSetSize of job (KB)
...
006 (9605678.000.000) 04/09 00:08:43 Image size of job updated: 16931400
	13653  -  MemoryUsage of job (MB)
	13979728  -  ResidentSetSize of job (KB)
...
006 (9605678.000.000) 04/09 00:38:47 Image size of job updated: 17197168
	13914  -  MemoryUsage of job (MB)
	14246940  -  ResidentSetSize of job (KB)
...
006 (9605678.000.000) 04/09 01:03:49 Image size of job updated: 17462936
	14174  -  MemoryUsage of job (MB)
	14513940  -  ResidentSetSize of job (KB)
...
006 (9605678.000.000) 04/09 01:33:53 Image size of job updated: 18260240
	14955  -  MemoryUsage of job (MB)
	15313352  -  ResidentSetSize of job (KB)
...
006 (9605678.000.000) 04/09 01:58:55 Image size of job updated: 18260240
	14955  -  MemoryUsage of job (MB)
	15313356  -  ResidentSetSize of job (KB)
...
006 (9605678.000.000) 04/09 04:09:08 Image size of job updated: 18526008
	14955  -  MemoryUsage of job (MB)
	15313356  -  ResidentSetSize of job (KB)
...
006 (9605678.000.000) 04/09 04:59:14 Image size of job updated: 21981004
	18584  -  MemoryUsage of job (MB)
	19029276  -  ResidentSetSize of job (KB)
...
040 (9605678.000.000) 04/09 04:59:17 Started transferring output files
...
040 (9605678.000.000) 04/09 04:59:17 Finished transferring output files
...
005 (9605678.000.000) 04/09 04:59:17 Job terminated.
	(1) Normal termination (return value 0)
		Usr 0 08:43:12, Sys 0 00:23:06  -  Run Remote Usage
		Usr 0 00:00:00, Sys 0 00:00:00  -  Run Local Usage
		Usr 0 08:43:12, Sys 0 00:23:06  -  Total Remote Usage
		Usr 0 00:00:00, Sys 0 00:00:00  -  Total Local Usage
	8924  -  Run Bytes Sent By Job
	201  -  Run Bytes Received By Job
	8924  -  Total Bytes Sent By Job
	201  -  Total Bytes Received By Job
	Partitionable Resources :    Usage  Request Allocated 
	   Cpus                 :     1.00        1         1 
	   Disk (KB)            :    30           1   1301479 
	   Memory (MB)          : 18584        2000      2000 

	Job terminated of its own accord at 2024-04-09T02:59:17Z.
...
