000 (9627183.000.000) 04/12 09:31:30 Job submitted from host: <137.138.156.150:9618?addrs=137.138.156.150-9618+[2001-1458-d00-14--9a]-9618&alias=bigbird13.cern.ch&noUDP&sock=schedd_2138_1192>
...
040 (9627183.000.000) 04/12 18:51:32 Started transferring input files
	Transferring to host: <128.142.58.43:9618?addrs=128.142.58.43-9618&alias=b7s03p3631.cern.ch&noUDP&sock=slot1_51_7444_b8a8_100567>
...
040 (9627183.000.000) 04/12 18:51:32 Finished transferring input files
...
001 (9627183.000.000) 04/12 18:51:33 Job executing on host: <128.142.58.43:9618?addrs=128.142.58.43-9618&alias=b7s03p3631.cern.ch&noUDP&sock=startd_7379_f56e>
...
006 (9627183.000.000) 04/12 18:51:42 Image size of job updated: 223684
	219  -  MemoryUsage of job (MB)
	223684  -  ResidentSetSize of job (KB)
...
006 (9627183.000.000) 04/12 18:56:43 Image size of job updated: 1209444
	219  -  MemoryUsage of job (MB)
	223880  -  ResidentSetSize of job (KB)
...
006 (9627183.000.000) 04/12 19:01:43 Image size of job updated: 1209700
	219  -  MemoryUsage of job (MB)
	224052  -  ResidentSetSize of job (KB)
...
006 (9627183.000.000) 04/12 19:06:43 Image size of job updated: 1209956
	219  -  MemoryUsage of job (MB)
	224232  -  ResidentSetSize of job (KB)
...
006 (9627183.000.000) 04/12 19:11:44 Image size of job updated: 1209956
	220  -  MemoryUsage of job (MB)
	224432  -  ResidentSetSize of job (KB)
...
006 (9627183.000.000) 04/12 19:16:45 Image size of job updated: 1210212
	220  -  MemoryUsage of job (MB)
	224632  -  ResidentSetSize of job (KB)
...
006 (9627183.000.000) 04/12 19:21:45 Image size of job updated: 1210468
	220  -  MemoryUsage of job (MB)
	224832  -  ResidentSetSize of job (KB)
...
006 (9627183.000.000) 04/12 19:26:45 Image size of job updated: 1210724
	220  -  MemoryUsage of job (MB)
	225112  -  ResidentSetSize of job (KB)
...
006 (9627183.000.000) 04/12 19:31:46 Image size of job updated: 1210980
	221  -  MemoryUsage of job (MB)
	225372  -  ResidentSetSize of job (KB)
...
006 (9627183.000.000) 04/12 19:36:47 Image size of job updated: 1211236
	221  -  MemoryUsage of job (MB)
	225664  -  ResidentSetSize of job (KB)
...
006 (9627183.000.000) 04/12 19:41:47 Image size of job updated: 1211748
	221  -  MemoryUsage of job (MB)
	225972  -  ResidentSetSize of job (KB)
...
006 (9627183.000.000) 04/12 19:46:48 Image size of job updated: 1212004
	221  -  MemoryUsage of job (MB)
	226300  -  ResidentSetSize of job (KB)
...
006 (9627183.000.000) 04/12 19:51:49 Image size of job updated: 18047212
	12728  -  MemoryUsage of job (MB)
	13033304  -  ResidentSetSize of job (KB)
...
006 (9627183.000.000) 04/12 19:56:49 Image size of job updated: 26272812
	12728  -  MemoryUsage of job (MB)
	13033304  -  ResidentSetSize of job (KB)
...
006 (9627183.000.000) 04/12 20:01:50 Image size of job updated: 26379312
	12728  -  MemoryUsage of job (MB)
	13033304  -  ResidentSetSize of job (KB)
...
006 (9627183.000.000) 04/12 20:06:51 Image size of job updated: 26423480
	12728  -  MemoryUsage of job (MB)
	13033304  -  ResidentSetSize of job (KB)
...
006 (9627183.000.000) 04/12 20:11:51 Image size of job updated: 26549816
	12728  -  MemoryUsage of job (MB)
	13033304  -  ResidentSetSize of job (KB)
...
006 (9627183.000.000) 04/12 20:16:51 Image size of job updated: 26598836
	12728  -  MemoryUsage of job (MB)
	13033304  -  ResidentSetSize of job (KB)
...
006 (9627183.000.000) 04/12 20:21:52 Image size of job updated: 26652464
	12728  -  MemoryUsage of job (MB)
	13033304  -  ResidentSetSize of job (KB)
...
006 (9627183.000.000) 04/12 20:26:52 Image size of job updated: 26853036
	12728  -  MemoryUsage of job (MB)
	13033304  -  ResidentSetSize of job (KB)
...
006 (9627183.000.000) 04/12 20:31:52 Image size of job updated: 26905500
	12728  -  MemoryUsage of job (MB)
	13033304  -  ResidentSetSize of job (KB)
...
006 (9627183.000.000) 04/12 20:36:53 Image size of job updated: 26958484
	12728  -  MemoryUsage of job (MB)
	13033304  -  ResidentSetSize of job (KB)
...
006 (9627183.000.000) 04/12 20:41:54 Image size of job updated: 27012376
	12728  -  MemoryUsage of job (MB)
	13033304  -  ResidentSetSize of job (KB)
...
006 (9627183.000.000) 04/12 20:46:54 Image size of job updated: 27066268
	12728  -  MemoryUsage of job (MB)
	13033304  -  ResidentSetSize of job (KB)
...
006 (9627183.000.000) 04/12 20:51:55 Image size of job updated: 27121324
	12728  -  MemoryUsage of job (MB)
	13033304  -  ResidentSetSize of job (KB)
...
006 (9627183.000.000) 04/12 20:56:56 Image size of job updated: 27474044
	12728  -  MemoryUsage of job (MB)
	13033304  -  ResidentSetSize of job (KB)
...
006 (9627183.000.000) 04/12 21:01:56 Image size of job updated: 27530692
	12728  -  MemoryUsage of job (MB)
	13033304  -  ResidentSetSize of job (KB)
...
006 (9627183.000.000) 04/12 21:06:57 Image size of job updated: 27587680
	12728  -  MemoryUsage of job (MB)
	13033304  -  ResidentSetSize of job (KB)
...
006 (9627183.000.000) 04/12 21:11:58 Image size of job updated: 27641572
	12728  -  MemoryUsage of job (MB)
	13033304  -  ResidentSetSize of job (KB)
...
006 (9627183.000.000) 04/12 21:16:58 Image size of job updated: 27694556
	12728  -  MemoryUsage of job (MB)
	13033304  -  ResidentSetSize of job (KB)
...
006 (9627183.000.000) 04/12 21:21:58 Image size of job updated: 27745336
	12728  -  MemoryUsage of job (MB)
	13033304  -  ResidentSetSize of job (KB)
...
006 (9627183.000.000) 04/12 21:26:59 Image size of job updated: 27794496
	12728  -  MemoryUsage of job (MB)
	13033304  -  ResidentSetSize of job (KB)
...
006 (9627183.000.000) 04/12 21:31:59 Image size of job updated: 27841328
	12728  -  MemoryUsage of job (MB)
	13033304  -  ResidentSetSize of job (KB)
...
006 (9627183.000.000) 04/12 21:36:59 Image size of job updated: 27890816
	12728  -  MemoryUsage of job (MB)
	13033304  -  ResidentSetSize of job (KB)
...
006 (9627183.000.000) 04/12 21:42:00 Image size of job updated: 27942116
	12728  -  MemoryUsage of job (MB)
	13033304  -  ResidentSetSize of job (KB)
...
006 (9627183.000.000) 04/12 21:47:01 Image size of job updated: 27990500
	12728  -  MemoryUsage of job (MB)
	13033304  -  ResidentSetSize of job (KB)
...
006 (9627183.000.000) 04/12 21:52:26 Image size of job updated: 28037720
	12728  -  MemoryUsage of job (MB)
	13033304  -  ResidentSetSize of job (KB)
...
006 (9627183.000.000) 04/12 21:57:02 Image size of job updated: 28677160
	12728  -  MemoryUsage of job (MB)
	13033304  -  ResidentSetSize of job (KB)
...
006 (9627183.000.000) 04/12 22:02:02 Image size of job updated: 28724640
	12728  -  MemoryUsage of job (MB)
	13033304  -  ResidentSetSize of job (KB)
...
006 (9627183.000.000) 04/12 22:07:03 Image size of job updated: 28774256
	12728  -  MemoryUsage of job (MB)
	13033304  -  ResidentSetSize of job (KB)
...
006 (9627183.000.000) 04/12 22:12:04 Image size of job updated: 28821344
	12728  -  MemoryUsage of job (MB)
	13033304  -  ResidentSetSize of job (KB)
...
006 (9627183.000.000) 04/12 22:17:04 Image size of job updated: 28868952
	12728  -  MemoryUsage of job (MB)
	13033304  -  ResidentSetSize of job (KB)
...
006 (9627183.000.000) 04/12 22:22:05 Image size of job updated: 28918956
	12728  -  MemoryUsage of job (MB)
	13033304  -  ResidentSetSize of job (KB)
...
006 (9627183.000.000) 04/12 22:27:06 Image size of job updated: 28965660
	12728  -  MemoryUsage of job (MB)
	13033304  -  ResidentSetSize of job (KB)
...
006 (9627183.000.000) 04/12 22:32:06 Image size of job updated: 29016440
	12728  -  MemoryUsage of job (MB)
	13033304  -  ResidentSetSize of job (KB)
...
006 (9627183.000.000) 04/12 22:37:06 Image size of job updated: 29064568
	12728  -  MemoryUsage of job (MB)
	13033304  -  ResidentSetSize of job (KB)
...
006 (9627183.000.000) 04/12 22:42:08 Image size of job updated: 29116644
	12728  -  MemoryUsage of job (MB)
	13033304  -  ResidentSetSize of job (KB)
...
006 (9627183.000.000) 04/12 22:47:08 Image size of job updated: 29169240
	12728  -  MemoryUsage of job (MB)
	13033304  -  ResidentSetSize of job (KB)
...
006 (9627183.000.000) 04/12 22:52:08 Image size of job updated: 29223520
	12728  -  MemoryUsage of job (MB)
	13033304  -  ResidentSetSize of job (KB)
...
006 (9627183.000.000) 04/12 22:57:09 Image size of job updated: 29278964
	12728  -  MemoryUsage of job (MB)
	13033304  -  ResidentSetSize of job (KB)
...
006 (9627183.000.000) 04/12 23:02:10 Image size of job updated: 29333428
	12728  -  MemoryUsage of job (MB)
	13033304  -  ResidentSetSize of job (KB)
...
006 (9627183.000.000) 04/12 23:07:10 Image size of job updated: 29393404
	12728  -  MemoryUsage of job (MB)
	13033304  -  ResidentSetSize of job (KB)
...
006 (9627183.000.000) 04/12 23:12:10 Image size of job updated: 29449756
	12728  -  MemoryUsage of job (MB)
	13033304  -  ResidentSetSize of job (KB)
...
006 (9627183.000.000) 04/12 23:17:11 Image size of job updated: 29504556
	12728  -  MemoryUsage of job (MB)
	13033304  -  ResidentSetSize of job (KB)
...
006 (9627183.000.000) 04/12 23:22:11 Image size of job updated: 29557796
	12728  -  MemoryUsage of job (MB)
	13033304  -  ResidentSetSize of job (KB)
...
006 (9627183.000.000) 04/12 23:27:11 Image size of job updated: 29608708
	12728  -  MemoryUsage of job (MB)
	13033304  -  ResidentSetSize of job (KB)
...
006 (9627183.000.000) 04/12 23:32:12 Image size of job updated: 29661304
	12728  -  MemoryUsage of job (MB)
	13033304  -  ResidentSetSize of job (KB)
...
006 (9627183.000.000) 04/12 23:37:13 Image size of job updated: 29709756
	12728  -  MemoryUsage of job (MB)
	13033304  -  ResidentSetSize of job (KB)
...
006 (9627183.000.000) 04/12 23:42:13 Image size of job updated: 29761056
	12728  -  MemoryUsage of job (MB)
	13033304  -  ResidentSetSize of job (KB)
...
006 (9627183.000.000) 04/12 23:47:14 Image size of job updated: 29813652
	12728  -  MemoryUsage of job (MB)
	13033304  -  ResidentSetSize of job (KB)
...
006 (9627183.000.000) 04/12 23:52:15 Image size of job updated: 29867412
	12728  -  MemoryUsage of job (MB)
	13033304  -  ResidentSetSize of job (KB)
...
006 (9627183.000.000) 04/12 23:57:15 Image size of job updated: 29921436
	12728  -  MemoryUsage of job (MB)
	13033304  -  ResidentSetSize of job (KB)
...
006 (9627183.000.000) 04/13 00:02:15 Image size of job updated: 31163524
	12728  -  MemoryUsage of job (MB)
	13033304  -  ResidentSetSize of job (KB)
...
006 (9627183.000.000) 04/13 00:07:16 Image size of job updated: 31223764
	12728  -  MemoryUsage of job (MB)
	13033304  -  ResidentSetSize of job (KB)
...
006 (9627183.000.000) 04/13 00:12:17 Image size of job updated: 31290220
	12728  -  MemoryUsage of job (MB)
	13033304  -  ResidentSetSize of job (KB)
...
006 (9627183.000.000) 04/13 00:17:17 Image size of job updated: 31346572
	12728  -  MemoryUsage of job (MB)
	13033304  -  ResidentSetSize of job (KB)
...
006 (9627183.000.000) 04/13 00:22:18 Image size of job updated: 31400852
	12728  -  MemoryUsage of job (MB)
	13033304  -  ResidentSetSize of job (KB)
...
006 (9627183.000.000) 04/13 00:27:19 Image size of job updated: 31455908
	12728  -  MemoryUsage of job (MB)
	13033304  -  ResidentSetSize of job (KB)
...
006 (9627183.000.000) 04/13 00:32:19 Image size of job updated: 31514464
	12728  -  MemoryUsage of job (MB)
	13033304  -  ResidentSetSize of job (KB)
...
006 (9627183.000.000) 04/13 00:37:19 Image size of job updated: 31573796
	12728  -  MemoryUsage of job (MB)
	13033304  -  ResidentSetSize of job (KB)
...
006 (9627183.000.000) 04/13 00:42:20 Image size of job updated: 31627812
	12728  -  MemoryUsage of job (MB)
	13033304  -  ResidentSetSize of job (KB)
...
006 (9627183.000.000) 04/13 00:47:21 Image size of job updated: 31682092
	12728  -  MemoryUsage of job (MB)
	13033304  -  ResidentSetSize of job (KB)
...
006 (9627183.000.000) 04/13 00:52:21 Image size of job updated: 31737280
	12728  -  MemoryUsage of job (MB)
	13033304  -  ResidentSetSize of job (KB)
...
006 (9627183.000.000) 04/13 00:57:22 Image size of job updated: 31793244
	12728  -  MemoryUsage of job (MB)
	13033304  -  ResidentSetSize of job (KB)
...
006 (9627183.000.000) 04/13 01:02:23 Image size of job updated: 31845452
	12728  -  MemoryUsage of job (MB)
	13033304  -  ResidentSetSize of job (KB)
...
006 (9627183.000.000) 04/13 01:07:23 Image size of job updated: 31899212
	12728  -  MemoryUsage of job (MB)
	13033304  -  ResidentSetSize of job (KB)
...
006 (9627183.000.000) 04/13 01:12:24 Image size of job updated: 31953880
	12728  -  MemoryUsage of job (MB)
	13033304  -  ResidentSetSize of job (KB)
...
006 (9627183.000.000) 04/13 01:17:25 Image size of job updated: 32009068
	12728  -  MemoryUsage of job (MB)
	13033304  -  ResidentSetSize of job (KB)
...
006 (9627183.000.000) 04/13 01:22:25 Image size of job updated: 32064124
	12728  -  MemoryUsage of job (MB)
	13033304  -  ResidentSetSize of job (KB)
...
006 (9627183.000.000) 04/13 01:27:25 Image size of job updated: 32121384
	12728  -  MemoryUsage of job (MB)
	13033304  -  ResidentSetSize of job (KB)
...
006 (9627183.000.000) 04/13 01:32:27 Image size of job updated: 32181496
	12728  -  MemoryUsage of job (MB)
	13033304  -  ResidentSetSize of job (KB)
...
006 (9627183.000.000) 04/13 01:37:27 Image size of job updated: 32238624
	12728  -  MemoryUsage of job (MB)
	13033304  -  ResidentSetSize of job (KB)
...
006 (9627183.000.000) 04/13 01:42:27 Image size of job updated: 32294200
	12728  -  MemoryUsage of job (MB)
	13033304  -  ResidentSetSize of job (KB)
...
006 (9627183.000.000) 04/13 01:47:28 Image size of job updated: 32345500
	12728  -  MemoryUsage of job (MB)
	13033304  -  ResidentSetSize of job (KB)
...
006 (9627183.000.000) 04/13 01:52:29 Image size of job updated: 32389672
	12728  -  MemoryUsage of job (MB)
	13033304  -  ResidentSetSize of job (KB)
...
006 (9627183.000.000) 04/13 01:57:29 Image size of job updated: 32437736
	12728  -  MemoryUsage of job (MB)
	13033304  -  ResidentSetSize of job (KB)
...
006 (9627183.000.000) 04/13 02:02:30 Image size of job updated: 32485016
	12728  -  MemoryUsage of job (MB)
	13033304  -  ResidentSetSize of job (KB)
...
006 (9627183.000.000) 04/13 02:07:31 Image size of job updated: 32528936
	12728  -  MemoryUsage of job (MB)
	13033304  -  ResidentSetSize of job (KB)
...
006 (9627183.000.000) 04/13 02:12:31 Image size of job updated: 32581532
	12728  -  MemoryUsage of job (MB)
	13033304  -  ResidentSetSize of job (KB)
...
006 (9627183.000.000) 04/13 02:17:31 Image size of job updated: 32631148
	12728  -  MemoryUsage of job (MB)
	13033304  -  ResidentSetSize of job (KB)
...
006 (9627183.000.000) 04/13 02:22:32 Image size of job updated: 32682448
	12728  -  MemoryUsage of job (MB)
	13033304  -  ResidentSetSize of job (KB)
...
006 (9627183.000.000) 04/13 02:27:32 Image size of job updated: 32727920
	12728  -  MemoryUsage of job (MB)
	13033304  -  ResidentSetSize of job (KB)
...
006 (9627183.000.000) 04/13 02:32:32 Image size of job updated: 32777404
	12728  -  MemoryUsage of job (MB)
	13033304  -  ResidentSetSize of job (KB)
...
006 (9627183.000.000) 04/13 02:37:33 Image size of job updated: 32832544
	12728  -  MemoryUsage of job (MB)
	13033304  -  ResidentSetSize of job (KB)
...
006 (9627183.000.000) 04/13 02:42:33 Image size of job updated: 32879700
	12728  -  MemoryUsage of job (MB)
	13033304  -  ResidentSetSize of job (KB)
...
006 (9627183.000.000) 04/13 02:47:33 Image size of job updated: 32924780
	12728  -  MemoryUsage of job (MB)
	13033304  -  ResidentSetSize of job (KB)
...
006 (9627183.000.000) 04/13 02:52:34 Image size of job updated: 32978024
	12728  -  MemoryUsage of job (MB)
	13033304  -  ResidentSetSize of job (KB)
...
006 (9627183.000.000) 04/13 02:57:35 Image size of job updated: 33025176
	12728  -  MemoryUsage of job (MB)
	13033304  -  ResidentSetSize of job (KB)
...
006 (9627183.000.000) 04/13 03:02:35 Image size of job updated: 33079460
	12728  -  MemoryUsage of job (MB)
	13033304  -  ResidentSetSize of job (KB)
...
006 (9627183.000.000) 04/13 03:07:36 Image size of job updated: 33122856
	12728  -  MemoryUsage of job (MB)
	13033304  -  ResidentSetSize of job (KB)
...
006 (9627183.000.000) 04/13 03:12:37 Image size of job updated: 33170788
	12728  -  MemoryUsage of job (MB)
	13033304  -  ResidentSetSize of job (KB)
...
006 (9627183.000.000) 04/13 03:17:37 Image size of job updated: 33227008
	12728  -  MemoryUsage of job (MB)
	13033304  -  ResidentSetSize of job (KB)
...
006 (9627183.000.000) 04/13 03:22:38 Image size of job updated: 33274552
	12728  -  MemoryUsage of job (MB)
	13033304  -  ResidentSetSize of job (KB)
...
006 (9627183.000.000) 04/13 03:27:39 Image size of job updated: 33330516
	12728  -  MemoryUsage of job (MB)
	13033304  -  ResidentSetSize of job (KB)
...
006 (9627183.000.000) 04/13 03:32:39 Image size of job updated: 33377284
	12728  -  MemoryUsage of job (MB)
	13033304  -  ResidentSetSize of job (KB)
...
006 (9627183.000.000) 04/13 03:37:39 Image size of job updated: 33424828
	12728  -  MemoryUsage of job (MB)
	13033304  -  ResidentSetSize of job (KB)
...
006 (9627183.000.000) 04/13 03:42:40 Image size of job updated: 33478976
	12728  -  MemoryUsage of job (MB)
	13033304  -  ResidentSetSize of job (KB)
...
006 (9627183.000.000) 04/13 03:47:41 Image size of job updated: 33525744
	12728  -  MemoryUsage of job (MB)
	13033304  -  ResidentSetSize of job (KB)
...
006 (9627183.000.000) 04/13 03:52:41 Image size of job updated: 33579892
	12728  -  MemoryUsage of job (MB)
	13033304  -  ResidentSetSize of job (KB)
...
006 (9627183.000.000) 04/13 03:57:42 Image size of job updated: 33625364
	12728  -  MemoryUsage of job (MB)
	13033304  -  ResidentSetSize of job (KB)
...
006 (9627183.000.000) 04/13 04:02:43 Image size of job updated: 33669536
	12728  -  MemoryUsage of job (MB)
	13033304  -  ResidentSetSize of job (KB)
...
006 (9627183.000.000) 04/13 04:07:43 Image size of job updated: 36084800
	12728  -  MemoryUsage of job (MB)
	13033304  -  ResidentSetSize of job (KB)
...
006 (9627183.000.000) 04/13 04:12:44 Image size of job updated: 36130656
	12728  -  MemoryUsage of job (MB)
	13033304  -  ResidentSetSize of job (KB)
...
006 (9627183.000.000) 04/13 04:17:45 Image size of job updated: 36177944
	12728  -  MemoryUsage of job (MB)
	13033304  -  ResidentSetSize of job (KB)
...
006 (9627183.000.000) 04/13 04:22:45 Image size of job updated: 36233256
	12728  -  MemoryUsage of job (MB)
	13033304  -  ResidentSetSize of job (KB)
...
006 (9627183.000.000) 04/13 04:27:45 Image size of job updated: 36283392
	12728  -  MemoryUsage of job (MB)
	13033304  -  ResidentSetSize of job (KB)
...
006 (9627183.000.000) 04/13 04:32:46 Image size of job updated: 36340132
	12728  -  MemoryUsage of job (MB)
	13033304  -  ResidentSetSize of job (KB)
...
006 (9627183.000.000) 04/13 04:37:46 Image size of job updated: 36387288
	12728  -  MemoryUsage of job (MB)
	13033304  -  ResidentSetSize of job (KB)
...
006 (9627183.000.000) 04/13 04:42:46 Image size of job updated: 36441048
	12728  -  MemoryUsage of job (MB)
	13033304  -  ResidentSetSize of job (KB)
...
006 (9627183.000.000) 04/13 04:47:47 Image size of job updated: 36485612
	12728  -  MemoryUsage of job (MB)
	13033304  -  ResidentSetSize of job (KB)
...
006 (9627183.000.000) 04/13 04:52:48 Image size of job updated: 36531216
	12728  -  MemoryUsage of job (MB)
	13033304  -  ResidentSetSize of job (KB)
...
006 (9627183.000.000) 04/13 04:57:48 Image size of job updated: 36584844
	12728  -  MemoryUsage of job (MB)
	13033304  -  ResidentSetSize of job (KB)
...
006 (9627183.000.000) 04/13 05:02:49 Image size of job updated: 36629408
	12728  -  MemoryUsage of job (MB)
	13033304  -  ResidentSetSize of job (KB)
...
006 (9627183.000.000) 04/13 05:07:50 Image size of job updated: 36673712
	12728  -  MemoryUsage of job (MB)
	13033304  -  ResidentSetSize of job (KB)
...
006 (9627183.000.000) 04/13 05:12:50 Image size of job updated: 36726956
	12728  -  MemoryUsage of job (MB)
	13033304  -  ResidentSetSize of job (KB)
...
006 (9627183.000.000) 04/13 05:17:50 Image size of job updated: 36772812
	12728  -  MemoryUsage of job (MB)
	13033304  -  ResidentSetSize of job (KB)
...
006 (9627183.000.000) 04/13 05:22:51 Image size of job updated: 36818804
	12728  -  MemoryUsage of job (MB)
	13033304  -  ResidentSetSize of job (KB)
...
006 (9627183.000.000) 04/13 05:27:51 Image size of job updated: 36872564
	12728  -  MemoryUsage of job (MB)
	13033304  -  ResidentSetSize of job (KB)
...
006 (9627183.000.000) 04/13 05:32:51 Image size of job updated: 36916352
	12728  -  MemoryUsage of job (MB)
	13033304  -  ResidentSetSize of job (KB)
...
006 (9627183.000.000) 04/13 05:37:52 Image size of job updated: 36964284
	12728  -  MemoryUsage of job (MB)
	13033304  -  ResidentSetSize of job (KB)
...
006 (9627183.000.000) 04/13 05:42:53 Image size of job updated: 37018176
	12728  -  MemoryUsage of job (MB)
	13033304  -  ResidentSetSize of job (KB)
...
006 (9627183.000.000) 04/13 05:47:53 Image size of job updated: 37063260
	12728  -  MemoryUsage of job (MB)
	13033304  -  ResidentSetSize of job (KB)
...
006 (9627183.000.000) 04/13 05:52:54 Image size of job updated: 37109504
	12728  -  MemoryUsage of job (MB)
	13033304  -  ResidentSetSize of job (KB)
...
006 (9627183.000.000) 04/13 05:57:55 Image size of job updated: 37163524
	12728  -  MemoryUsage of job (MB)
	13033304  -  ResidentSetSize of job (KB)
...
006 (9627183.000.000) 04/13 06:02:55 Image size of job updated: 37209644
	12728  -  MemoryUsage of job (MB)
	13033304  -  ResidentSetSize of job (KB)
...
006 (9627183.000.000) 04/13 06:07:56 Image size of job updated: 37263276
	12728  -  MemoryUsage of job (MB)
	13033304  -  ResidentSetSize of job (KB)
...
006 (9627183.000.000) 04/13 06:12:57 Image size of job updated: 37309132
	12728  -  MemoryUsage of job (MB)
	13033304  -  ResidentSetSize of job (KB)
...
006 (9627183.000.000) 04/13 06:17:57 Image size of job updated: 37358104
	12845  -  MemoryUsage of job (MB)
	13152576  -  ResidentSetSize of job (KB)
...
006 (9627183.000.000) 04/13 06:22:57 Image size of job updated: 37410956
	12953  -  MemoryUsage of job (MB)
	13263684  -  ResidentSetSize of job (KB)
...
006 (9627183.000.000) 04/13 06:27:58 Image size of job updated: 37457336
	13065  -  MemoryUsage of job (MB)
	13378376  -  ResidentSetSize of job (KB)
...
006 (9627183.000.000) 04/13 06:32:58 Image size of job updated: 37500216
	13065  -  MemoryUsage of job (MB)
	13378376  -  ResidentSetSize of job (KB)
...
006 (9627183.000.000) 04/13 06:37:58 Image size of job updated: 37553200
	13065  -  MemoryUsage of job (MB)
	13378376  -  ResidentSetSize of job (KB)
...
006 (9627183.000.000) 04/13 06:42:59 Image size of job updated: 37597376
	13065  -  MemoryUsage of job (MB)
	13378376  -  ResidentSetSize of job (KB)
...
006 (9627183.000.000) 04/13 06:48:00 Image size of job updated: 37641936
	13065  -  MemoryUsage of job (MB)
	13378376  -  ResidentSetSize of job (KB)
...
006 (9627183.000.000) 04/13 06:53:00 Image size of job updated: 37696088
	13065  -  MemoryUsage of job (MB)
	13378376  -  ResidentSetSize of job (KB)
...
006 (9627183.000.000) 04/13 06:58:01 Image size of job updated: 37741560
	13065  -  MemoryUsage of job (MB)
	13378376  -  ResidentSetSize of job (KB)
...
006 (9627183.000.000) 04/13 07:03:02 Image size of job updated: 37785088
	13065  -  MemoryUsage of job (MB)
	13378376  -  ResidentSetSize of job (KB)
...
006 (9627183.000.000) 04/13 07:08:02 Image size of job updated: 37839628
	13065  -  MemoryUsage of job (MB)
	13378376  -  ResidentSetSize of job (KB)
...
006 (9627183.000.000) 04/13 07:13:02 Image size of job updated: 37886648
	13065  -  MemoryUsage of job (MB)
	13378376  -  ResidentSetSize of job (KB)
...
006 (9627183.000.000) 04/13 07:18:03 Image size of job updated: 37941708
	13065  -  MemoryUsage of job (MB)
	13378376  -  ResidentSetSize of job (KB)
...
006 (9627183.000.000) 04/13 07:23:03 Image size of job updated: 37993136
	13065  -  MemoryUsage of job (MB)
	13378376  -  ResidentSetSize of job (KB)
...
006 (9627183.000.000) 04/13 07:28:03 Image size of job updated: 38038740
	13065  -  MemoryUsage of job (MB)
	13378376  -  ResidentSetSize of job (KB)
...
006 (9627183.000.000) 04/13 07:33:04 Image size of job updated: 38094052
	13065  -  MemoryUsage of job (MB)
	13378376  -  ResidentSetSize of job (KB)
...
006 (9627183.000.000) 04/13 07:38:05 Image size of job updated: 38141208
	13065  -  MemoryUsage of job (MB)
	13378376  -  ResidentSetSize of job (KB)
...
006 (9627183.000.000) 04/13 07:43:05 Image size of job updated: 38198468
	13065  -  MemoryUsage of job (MB)
	13378376  -  ResidentSetSize of job (KB)
...
006 (9627183.000.000) 04/13 07:48:06 Image size of job updated: 38247176
	13065  -  MemoryUsage of job (MB)
	13378376  -  ResidentSetSize of job (KB)
...
006 (9627183.000.000) 04/13 07:53:07 Image size of job updated: 38305468
	13065  -  MemoryUsage of job (MB)
	13378376  -  ResidentSetSize of job (KB)
...
006 (9627183.000.000) 04/13 07:58:07 Image size of job updated: 38353920
	13065  -  MemoryUsage of job (MB)
	13378376  -  ResidentSetSize of job (KB)
...
006 (9627183.000.000) 04/13 08:03:07 Image size of job updated: 38410792
	13065  -  MemoryUsage of job (MB)
	13378376  -  ResidentSetSize of job (KB)
...
006 (9627183.000.000) 04/13 08:08:08 Image size of job updated: 38458724
	13065  -  MemoryUsage of job (MB)
	13378376  -  ResidentSetSize of job (KB)
...
006 (9627183.000.000) 04/13 08:13:08 Image size of job updated: 38517536
	13065  -  MemoryUsage of job (MB)
	13378376  -  ResidentSetSize of job (KB)
...
006 (9627183.000.000) 04/13 08:18:08 Image size of job updated: 38573764
	13065  -  MemoryUsage of job (MB)
	13378376  -  ResidentSetSize of job (KB)
...
006 (9627183.000.000) 04/13 08:23:09 Image size of job updated: 38633740
	13065  -  MemoryUsage of job (MB)
	13378376  -  ResidentSetSize of job (KB)
...
006 (9627183.000.000) 04/13 08:28:10 Image size of job updated: 38697608
	13138  -  MemoryUsage of job (MB)
	13453004  -  ResidentSetSize of job (KB)
...
006 (9627183.000.000) 04/13 08:33:10 Image size of job updated: 38752924
	13282  -  MemoryUsage of job (MB)
	13600760  -  ResidentSetSize of job (KB)
...
006 (9627183.000.000) 04/13 08:38:11 Image size of job updated: 38817180
	13429  -  MemoryUsage of job (MB)
	13751236  -  ResidentSetSize of job (KB)
...
006 (9627183.000.000) 04/13 08:43:12 Image size of job updated: 38879748
	13576  -  MemoryUsage of job (MB)
	13901704  -  ResidentSetSize of job (KB)
...
006 (9627183.000.000) 04/13 08:48:12 Image size of job updated: 38933772
	13715  -  MemoryUsage of job (MB)
	14043484  -  ResidentSetSize of job (KB)
...
006 (9627183.000.000) 04/13 08:53:12 Image size of job updated: 38993228
	13848  -  MemoryUsage of job (MB)
	14179924  -  ResidentSetSize of job (KB)
...
006 (9627183.000.000) 04/13 08:58:13 Image size of job updated: 39054764
	13986  -  MemoryUsage of job (MB)
	14321364  -  ResidentSetSize of job (KB)
...
006 (9627183.000.000) 04/13 09:03:14 Image size of job updated: 39110340
	14129  -  MemoryUsage of job (MB)
	14467536  -  ResidentSetSize of job (KB)
...
006 (9627183.000.000) 04/13 09:08:14 Image size of job updated: 39173296
	14271  -  MemoryUsage of job (MB)
	14613356  -  ResidentSetSize of job (KB)
...
006 (9627183.000.000) 04/13 09:13:15 Image size of job updated: 39238980
	14424  -  MemoryUsage of job (MB)
	14769476  -  ResidentSetSize of job (KB)
...
006 (9627183.000.000) 04/13 09:18:16 Image size of job updated: 39306212
	14580  -  MemoryUsage of job (MB)
	14929616  -  ResidentSetSize of job (KB)
...
006 (9627183.000.000) 04/13 09:23:16 Image size of job updated: 39373832
	14733  -  MemoryUsage of job (MB)
	15086164  -  ResidentSetSize of job (KB)
...
006 (9627183.000.000) 04/13 09:28:16 Image size of job updated: 39431612
	14886  -  MemoryUsage of job (MB)
	15243132  -  ResidentSetSize of job (KB)
...
006 (9627183.000.000) 04/13 09:33:17 Image size of job updated: 39497292
	15038  -  MemoryUsage of job (MB)
	15398768  -  ResidentSetSize of job (KB)
...
006 (9627183.000.000) 04/13 09:38:17 Image size of job updated: 39563752
	15191  -  MemoryUsage of job (MB)
	15554960  -  ResidentSetSize of job (KB)
...
006 (9627183.000.000) 04/13 09:43:17 Image size of job updated: 39626320
	15339  -  MemoryUsage of job (MB)
	15706424  -  ResidentSetSize of job (KB)
...
006 (9627183.000.000) 04/13 09:48:18 Image size of job updated: 39693940
	15497  -  MemoryUsage of job (MB)
	15868092  -  ResidentSetSize of job (KB)
...
006 (9627183.000.000) 04/13 09:53:19 Image size of job updated: 39761984
	15655  -  MemoryUsage of job (MB)
	16029980  -  ResidentSetSize of job (KB)
...
006 (9627183.000.000) 04/13 09:58:19 Image size of job updated: 39830124
	15813  -  MemoryUsage of job (MB)
	16191784  -  ResidentSetSize of job (KB)
...
006 (9627183.000.000) 04/13 10:03:20 Image size of job updated: 39897880
	15971  -  MemoryUsage of job (MB)
	16353340  -  ResidentSetSize of job (KB)
...
006 (9627183.000.000) 04/13 10:08:21 Image size of job updated: 39965244
	16127  -  MemoryUsage of job (MB)
	16513832  -  ResidentSetSize of job (KB)
...
006 (9627183.000.000) 04/13 10:13:21 Image size of job updated: 40032864
	16283  -  MemoryUsage of job (MB)
	16673644  -  ResidentSetSize of job (KB)
...
006 (9627183.000.000) 04/13 10:18:22 Image size of job updated: 40099712
	16437  -  MemoryUsage of job (MB)
	16831476  -  ResidentSetSize of job (KB)
...
006 (9627183.000.000) 04/13 10:25:21 Image size of job updated: 40166944
	16594  -  MemoryUsage of job (MB)
	16991248  -  ResidentSetSize of job (KB)
...
006 (9627183.000.000) 04/13 10:31:18 Image size of job updated: 40259312
	16822  -  MemoryUsage of job (MB)
	17225720  -  ResidentSetSize of job (KB)
...
006 (9627183.000.000) 04/13 10:36:18 Image size of job updated: 40322792
	16967  -  MemoryUsage of job (MB)
	17373608  -  ResidentSetSize of job (KB)
...
006 (9627183.000.000) 04/13 10:41:18 Image size of job updated: 40390280
	17122  -  MemoryUsage of job (MB)
	17532732  -  ResidentSetSize of job (KB)
...
006 (9627183.000.000) 04/13 10:46:19 Image size of job updated: 40453368
	17266  -  MemoryUsage of job (MB)
	17680104  -  ResidentSetSize of job (KB)
...
006 (9627183.000.000) 04/13 10:51:19 Image size of job updated: 40500916
	17412  -  MemoryUsage of job (MB)
	17829224  -  ResidentSetSize of job (KB)
...
006 (9627183.000.000) 04/13 10:56:19 Image size of job updated: 40565172
	17565  -  MemoryUsage of job (MB)
	17985712  -  ResidentSetSize of job (KB)
...
006 (9627183.000.000) 04/13 11:01:20 Image size of job updated: 40632924
	17721  -  MemoryUsage of job (MB)
	18146292  -  ResidentSetSize of job (KB)
...
006 (9627183.000.000) 04/13 11:06:20 Image size of job updated: 40701064
	17877  -  MemoryUsage of job (MB)
	18305992  -  ResidentSetSize of job (KB)
...
006 (9627183.000.000) 04/13 11:11:20 Image size of job updated: 40767004
	18030  -  MemoryUsage of job (MB)
	18461908  -  ResidentSetSize of job (KB)
...
006 (9627183.000.000) 04/13 11:16:21 Image size of job updated: 40832164
	18180  -  MemoryUsage of job (MB)
	18616004  -  ResidentSetSize of job (KB)
...
006 (9627183.000.000) 04/13 11:21:21 Image size of job updated: 40899916
	18336  -  MemoryUsage of job (MB)
	18775688  -  ResidentSetSize of job (KB)
...
006 (9627183.000.000) 04/13 11:26:21 Image size of job updated: 40967540
	18492  -  MemoryUsage of job (MB)
	18935720  -  ResidentSetSize of job (KB)
...
006 (9627183.000.000) 04/13 11:31:22 Image size of job updated: 41035160
	18650  -  MemoryUsage of job (MB)
	19096580  -  ResidentSetSize of job (KB)
...
006 (9627183.000.000) 04/13 11:36:22 Image size of job updated: 41101096
	18800  -  MemoryUsage of job (MB)
	19251160  -  ResidentSetSize of job (KB)
...
006 (9627183.000.000) 04/13 11:41:22 Image size of job updated: 41151236
	18954  -  MemoryUsage of job (MB)
	19408072  -  ResidentSetSize of job (KB)
...
006 (9627183.000.000) 04/13 11:46:23 Image size of job updated: 41218084
	19109  -  MemoryUsage of job (MB)
	19567276  -  ResidentSetSize of job (KB)
...
006 (9627183.000.000) 04/13 11:51:24 Image size of job updated: 46004428
	19266  -  MemoryUsage of job (MB)
	19727856  -  ResidentSetSize of job (KB)
...
006 (9627183.000.000) 04/13 11:56:24 Image size of job updated: 46072052
	19423  -  MemoryUsage of job (MB)
	19888976  -  ResidentSetSize of job (KB)
...
006 (9627183.000.000) 04/13 12:01:25 Image size of job updated: 46140968
	19584  -  MemoryUsage of job (MB)
	20053644  -  ResidentSetSize of job (KB)
...
006 (9627183.000.000) 04/13 12:06:26 Image size of job updated: 46207812
	19739  -  MemoryUsage of job (MB)
	20212076  -  ResidentSetSize of job (KB)
...
006 (9627183.000.000) 04/13 12:11:26 Image size of job updated: 46272844
	19895  -  MemoryUsage of job (MB)
	20372144  -  ResidentSetSize of job (KB)
...
006 (9627183.000.000) 04/13 12:16:27 Image size of job updated: 46342800
	20052  -  MemoryUsage of job (MB)
	20533172  -  ResidentSetSize of job (KB)
...
006 (9627183.000.000) 04/13 12:21:28 Image size of job updated: 46408348
	20210  -  MemoryUsage of job (MB)
	20694792  -  ResidentSetSize of job (KB)
...
006 (9627183.000.000) 04/13 12:26:28 Image size of job updated: 46477788
	20366  -  MemoryUsage of job (MB)
	20854164  -  ResidentSetSize of job (KB)
...
006 (9627183.000.000) 04/13 12:31:28 Image size of job updated: 46544112
	20524  -  MemoryUsage of job (MB)
	21016568  -  ResidentSetSize of job (KB)
...
006 (9627183.000.000) 04/13 12:36:29 Image size of job updated: 46611864
	20682  -  MemoryUsage of job (MB)
	21178096  -  ResidentSetSize of job (KB)
...
006 (9627183.000.000) 04/13 12:41:29 Image size of job updated: 46680264
	20840  -  MemoryUsage of job (MB)
	21339960  -  ResidentSetSize of job (KB)
...
006 (9627183.000.000) 04/13 12:46:29 Image size of job updated: 46747628
	20997  -  MemoryUsage of job (MB)
	21500744  -  ResidentSetSize of job (KB)
...
006 (9627183.000.000) 04/13 12:51:30 Image size of job updated: 46799320
	21155  -  MemoryUsage of job (MB)
	21662500  -  ResidentSetSize of job (KB)
...
006 (9627183.000.000) 04/13 12:56:30 Image size of job updated: 46868236
	21312  -  MemoryUsage of job (MB)
	21822556  -  ResidentSetSize of job (KB)
...
006 (9627183.000.000) 04/13 13:01:30 Image size of job updated: 46934696
	21470  -  MemoryUsage of job (MB)
	21984984  -  ResidentSetSize of job (KB)
...
006 (9627183.000.000) 04/13 13:06:31 Image size of job updated: 47003224
	21629  -  MemoryUsage of job (MB)
	22147128  -  ResidentSetSize of job (KB)
...
006 (9627183.000.000) 04/13 13:11:32 Image size of job updated: 47070588
	21787  -  MemoryUsage of job (MB)
	22308960  -  ResidentSetSize of job (KB)
...
006 (9627183.000.000) 04/13 13:16:32 Image size of job updated: 47138600
	21945  -  MemoryUsage of job (MB)
	22471260  -  ResidentSetSize of job (KB)
...
006 (9627183.000.000) 04/13 13:21:32 Image size of job updated: 47206740
	22103  -  MemoryUsage of job (MB)
	22632628  -  ResidentSetSize of job (KB)
...
006 (9627183.000.000) 04/13 13:26:33 Image size of job updated: 47274880
	22261  -  MemoryUsage of job (MB)
	22795060  -  ResidentSetSize of job (KB)
...
006 (9627183.000.000) 04/13 13:31:33 Image size of job updated: 47343024
	22420  -  MemoryUsage of job (MB)
	22957228  -  ResidentSetSize of job (KB)
...
006 (9627183.000.000) 04/13 13:36:33 Image size of job updated: 47411420
	22578  -  MemoryUsage of job (MB)
	23119640  -  ResidentSetSize of job (KB)
...
006 (9627183.000.000) 04/13 13:41:34 Image size of job updated: 47479172
	22737  -  MemoryUsage of job (MB)
	23281800  -  ResidentSetSize of job (KB)
...
006 (9627183.000.000) 04/13 13:46:34 Image size of job updated: 47547316
	22895  -  MemoryUsage of job (MB)
	23443796  -  ResidentSetSize of job (KB)
...
006 (9627183.000.000) 04/13 13:51:34 Image size of job updated: 47616364
	23055  -  MemoryUsage of job (MB)
	23607620  -  ResidentSetSize of job (KB)
...
006 (9627183.000.000) 04/13 13:56:35 Image size of job updated: 47684372
	23214  -  MemoryUsage of job (MB)
	23770124  -  ResidentSetSize of job (KB)
...
006 (9627183.000.000) 04/13 14:01:36 Image size of job updated: 47750312
	23370  -  MemoryUsage of job (MB)
	23930824  -  ResidentSetSize of job (KB)
...
006 (9627183.000.000) 04/13 14:06:36 Image size of job updated: 47817676
	23527  -  MemoryUsage of job (MB)
	24090844  -  ResidentSetSize of job (KB)
...
006 (9627183.000.000) 04/13 14:11:37 Image size of job updated: 47869500
	23684  -  MemoryUsage of job (MB)
	24251640  -  ResidentSetSize of job (KB)
...
006 (9627183.000.000) 04/13 14:16:38 Image size of job updated: 47937120
	23839  -  MemoryUsage of job (MB)
	24411132  -  ResidentSetSize of job (KB)
...
006 (9627183.000.000) 04/13 14:21:38 Image size of job updated: 48002284
	23840  -  MemoryUsage of job (MB)
	24411148  -  ResidentSetSize of job (KB)
...
006 (9627183.000.000) 04/13 14:26:39 Image size of job updated: 48068476
	23840  -  MemoryUsage of job (MB)
	24411148  -  ResidentSetSize of job (KB)
...
006 (9627183.000.000) 04/13 14:31:40 Image size of job updated: 48131176
	23840  -  MemoryUsage of job (MB)
	24411148  -  ResidentSetSize of job (KB)
...
006 (9627183.000.000) 04/13 14:36:40 Image size of job updated: 48192196
	23840  -  MemoryUsage of job (MB)
	24411148  -  ResidentSetSize of job (KB)
...
006 (9627183.000.000) 04/13 14:41:41 Image size of job updated: 48249192
	23840  -  MemoryUsage of job (MB)
	24411148  -  ResidentSetSize of job (KB)
...
006 (9627183.000.000) 04/13 14:46:42 Image size of job updated: 48292984
	23840  -  MemoryUsage of job (MB)
	24411148  -  ResidentSetSize of job (KB)
...
006 (9627183.000.000) 04/13 14:51:42 Image size of job updated: 48356716
	23840  -  MemoryUsage of job (MB)
	24411148  -  ResidentSetSize of job (KB)
...
006 (9627183.000.000) 04/13 14:56:43 Image size of job updated: 48421104
	23840  -  MemoryUsage of job (MB)
	24411148  -  ResidentSetSize of job (KB)
...
006 (9627183.000.000) 04/13 15:01:44 Image size of job updated: 48484060
	23840  -  MemoryUsage of job (MB)
	24411148  -  ResidentSetSize of job (KB)
...
006 (9627183.000.000) 04/13 15:06:44 Image size of job updated: 48544944
	23840  -  MemoryUsage of job (MB)
	24411148  -  ResidentSetSize of job (KB)
...
006 (9627183.000.000) 04/13 15:11:45 Image size of job updated: 48609720
	23840  -  MemoryUsage of job (MB)
	24411148  -  ResidentSetSize of job (KB)
...
006 (9627183.000.000) 04/13 15:16:46 Image size of job updated: 48657656
	23840  -  MemoryUsage of job (MB)
	24411148  -  ResidentSetSize of job (KB)
...
006 (9627183.000.000) 04/13 15:21:46 Image size of job updated: 48722296
	23840  -  MemoryUsage of job (MB)
	24411148  -  ResidentSetSize of job (KB)
...
006 (9627183.000.000) 04/13 15:26:47 Image size of job updated: 48786160
	23840  -  MemoryUsage of job (MB)
	24411148  -  ResidentSetSize of job (KB)
...
006 (9627183.000.000) 04/13 15:31:48 Image size of job updated: 48850548
	23840  -  MemoryUsage of job (MB)
	24411148  -  ResidentSetSize of job (KB)
...
006 (9627183.000.000) 04/13 15:36:48 Image size of job updated: 48915964
	23840  -  MemoryUsage of job (MB)
	24411148  -  ResidentSetSize of job (KB)
...
006 (9627183.000.000) 04/13 15:41:49 Image size of job updated: 48981256
	23840  -  MemoryUsage of job (MB)
	24411148  -  ResidentSetSize of job (KB)
...
006 (9627183.000.000) 04/13 15:46:50 Image size of job updated: 49045380
	23840  -  MemoryUsage of job (MB)
	24411148  -  ResidentSetSize of job (KB)
...
006 (9627183.000.000) 04/13 15:51:50 Image size of job updated: 49109376
	23840  -  MemoryUsage of job (MB)
	24411148  -  ResidentSetSize of job (KB)
...
006 (9627183.000.000) 04/13 15:56:51 Image size of job updated: 49156016
	23840  -  MemoryUsage of job (MB)
	24411148  -  ResidentSetSize of job (KB)
...
006 (9627183.000.000) 04/13 16:01:52 Image size of job updated: 49221952
	23840  -  MemoryUsage of job (MB)
	24411148  -  ResidentSetSize of job (KB)
...
006 (9627183.000.000) 04/13 16:06:52 Image size of job updated: 49288412
	23840  -  MemoryUsage of job (MB)
	24411148  -  ResidentSetSize of job (KB)
...
006 (9627183.000.000) 04/13 16:11:53 Image size of job updated: 49353572
	23840  -  MemoryUsage of job (MB)
	24411148  -  ResidentSetSize of job (KB)
...
006 (9627183.000.000) 04/13 16:16:54 Image size of job updated: 49417824
	23840  -  MemoryUsage of job (MB)
	24411148  -  ResidentSetSize of job (KB)
...
006 (9627183.000.000) 04/13 16:21:54 Image size of job updated: 49481692
	23840  -  MemoryUsage of job (MB)
	24411148  -  ResidentSetSize of job (KB)
...
006 (9627183.000.000) 04/13 16:26:55 Image size of job updated: 49544648
	23840  -  MemoryUsage of job (MB)
	24411148  -  ResidentSetSize of job (KB)
...
006 (9627183.000.000) 04/13 16:31:56 Image size of job updated: 49609808
	23840  -  MemoryUsage of job (MB)
	24411148  -  ResidentSetSize of job (KB)
...
006 (9627183.000.000) 04/13 16:36:56 Image size of job updated: 49657876
	23840  -  MemoryUsage of job (MB)
	24411148  -  ResidentSetSize of job (KB)
...
006 (9627183.000.000) 04/13 16:41:57 Image size of job updated: 49720448
	23840  -  MemoryUsage of job (MB)
	24411148  -  ResidentSetSize of job (KB)
...
006 (9627183.000.000) 04/13 16:46:58 Image size of job updated: 49782240
	23840  -  MemoryUsage of job (MB)
	24411148  -  ResidentSetSize of job (KB)
...
006 (9627183.000.000) 04/13 16:51:58 Image size of job updated: 49843900
	23840  -  MemoryUsage of job (MB)
	24411148  -  ResidentSetSize of job (KB)
...
006 (9627183.000.000) 04/13 16:57:00 Image size of job updated: 49905176
	23840  -  MemoryUsage of job (MB)
	24411148  -  ResidentSetSize of job (KB)
...
006 (9627183.000.000) 04/13 17:02:00 Image size of job updated: 49964896
	23840  -  MemoryUsage of job (MB)
	24411148  -  ResidentSetSize of job (KB)
...
006 (9627183.000.000) 04/13 17:07:00 Image size of job updated: 50011016
	23840  -  MemoryUsage of job (MB)
	24411148  -  ResidentSetSize of job (KB)
...
006 (9627183.000.000) 04/13 17:12:01 Image size of job updated: 50074104
	23840  -  MemoryUsage of job (MB)
	24411148  -  ResidentSetSize of job (KB)
...
006 (9627183.000.000) 04/13 17:17:02 Image size of job updated: 50139268
	23840  -  MemoryUsage of job (MB)
	24411148  -  ResidentSetSize of job (KB)
...
006 (9627183.000.000) 04/13 17:22:02 Image size of job updated: 50202224
	23840  -  MemoryUsage of job (MB)
	24411148  -  ResidentSetSize of job (KB)
...
006 (9627183.000.000) 04/13 17:27:03 Image size of job updated: 50266608
	23840  -  MemoryUsage of job (MB)
	24411148  -  ResidentSetSize of job (KB)
...
006 (9627183.000.000) 04/13 17:32:04 Image size of job updated: 50329956
	23840  -  MemoryUsage of job (MB)
	24411148  -  ResidentSetSize of job (KB)
...
006 (9627183.000.000) 04/13 17:37:04 Image size of job updated: 50393952
	23840  -  MemoryUsage of job (MB)
	24411148  -  ResidentSetSize of job (KB)
...
006 (9627183.000.000) 04/13 17:42:05 Image size of job updated: 50441368
	23840  -  MemoryUsage of job (MB)
	24411148  -  ResidentSetSize of job (KB)
...
006 (9627183.000.000) 04/13 17:47:06 Image size of job updated: 50506660
	23840  -  MemoryUsage of job (MB)
	24411148  -  ResidentSetSize of job (KB)
...
006 (9627183.000.000) 04/13 17:52:06 Image size of job updated: 50572080
	23840  -  MemoryUsage of job (MB)
	24411148  -  ResidentSetSize of job (KB)
...
006 (9627183.000.000) 04/13 17:57:07 Image size of job updated: 50638016
	23840  -  MemoryUsage of job (MB)
	24411148  -  ResidentSetSize of job (KB)
...
006 (9627183.000.000) 04/13 18:02:08 Image size of job updated: 50702012
	23840  -  MemoryUsage of job (MB)
	24411148  -  ResidentSetSize of job (KB)
...
006 (9627183.000.000) 04/13 18:07:08 Image size of job updated: 50767564
	23840  -  MemoryUsage of job (MB)
	24411148  -  ResidentSetSize of job (KB)
...
006 (9627183.000.000) 04/13 18:12:09 Image size of job updated: 50833500
	23840  -  MemoryUsage of job (MB)
	24411148  -  ResidentSetSize of job (KB)
...
006 (9627183.000.000) 04/13 18:17:10 Image size of job updated: 50899568
	23840  -  MemoryUsage of job (MB)
	24411148  -  ResidentSetSize of job (KB)
...
006 (9627183.000.000) 04/13 18:22:10 Image size of job updated: 50965508
	23840  -  MemoryUsage of job (MB)
	24411148  -  ResidentSetSize of job (KB)
...
006 (9627183.000.000) 04/13 18:27:11 Image size of job updated: 51011848
	23840  -  MemoryUsage of job (MB)
	24411148  -  ResidentSetSize of job (KB)
...
006 (9627183.000.000) 04/13 18:32:12 Image size of job updated: 51073644
	23840  -  MemoryUsage of job (MB)
	24411148  -  ResidentSetSize of job (KB)
...
006 (9627183.000.000) 04/13 18:37:12 Image size of job updated: 51132324
	23840  -  MemoryUsage of job (MB)
	24411148  -  ResidentSetSize of job (KB)
...
006 (9627183.000.000) 04/13 18:42:13 Image size of job updated: 51192824
	23840  -  MemoryUsage of job (MB)
	24411148  -  ResidentSetSize of job (KB)
...
006 (9627183.000.000) 04/13 18:47:14 Image size of job updated: 51254096
	23840  -  MemoryUsage of job (MB)
	24411148  -  ResidentSetSize of job (KB)
...
006 (9627183.000.000) 04/13 18:52:14 Image size of job updated: 51297368
	23840  -  MemoryUsage of job (MB)
	24411148  -  ResidentSetSize of job (KB)
...
006 (9627183.000.000) 04/13 18:57:14 Image size of job updated: 51357092
	23840  -  MemoryUsage of job (MB)
	24411148  -  ResidentSetSize of job (KB)
...
006 (9627183.000.000) 04/13 19:02:15 Image size of job updated: 51417588
	23840  -  MemoryUsage of job (MB)
	24411148  -  ResidentSetSize of job (KB)
...
006 (9627183.000.000) 04/13 19:07:15 Image size of job updated: 51477564
	23840  -  MemoryUsage of job (MB)
	24411148  -  ResidentSetSize of job (KB)
...
006 (9627183.000.000) 04/13 19:12:15 Image size of job updated: 51522652
	23840  -  MemoryUsage of job (MB)
	24411148  -  ResidentSetSize of job (KB)
...
006 (9627183.000.000) 04/13 19:17:16 Image size of job updated: 51582632
	23840  -  MemoryUsage of job (MB)
	24411148  -  ResidentSetSize of job (KB)
...
006 (9627183.000.000) 04/13 19:22:16 Image size of job updated: 51647272
	23840  -  MemoryUsage of job (MB)
	24411148  -  ResidentSetSize of job (KB)
...
006 (9627183.000.000) 04/13 19:27:16 Image size of job updated: 51711524
	23840  -  MemoryUsage of job (MB)
	24411148  -  ResidentSetSize of job (KB)
...
006 (9627183.000.000) 04/13 19:32:17 Image size of job updated: 51772800
	23840  -  MemoryUsage of job (MB)
	24411148  -  ResidentSetSize of job (KB)
...
006 (9627183.000.000) 04/13 19:37:17 Image size of job updated: 51837704
	23840  -  MemoryUsage of job (MB)
	24411148  -  ResidentSetSize of job (KB)
...
006 (9627183.000.000) 04/13 19:42:17 Image size of job updated: 51900660
	23840  -  MemoryUsage of job (MB)
	24411148  -  ResidentSetSize of job (KB)
...
006 (9627183.000.000) 04/13 19:47:18 Image size of job updated: 51969192
	23840  -  MemoryUsage of job (MB)
	24411148  -  ResidentSetSize of job (KB)
...
006 (9627183.000.000) 04/13 19:52:18 Image size of job updated: 52016608
	23840  -  MemoryUsage of job (MB)
	24411148  -  ResidentSetSize of job (KB)
...
006 (9627183.000.000) 04/13 19:57:18 Image size of job updated: 52082676
	23840  -  MemoryUsage of job (MB)
	24411148  -  ResidentSetSize of job (KB)
...
006 (9627183.000.000) 04/13 20:02:19 Image size of job updated: 52148744
	23840  -  MemoryUsage of job (MB)
	24411148  -  ResidentSetSize of job (KB)
...
006 (9627183.000.000) 04/13 20:07:20 Image size of job updated: 52213908
	23840  -  MemoryUsage of job (MB)
	24411148  -  ResidentSetSize of job (KB)
...
006 (9627183.000.000) 04/13 20:12:20 Image size of job updated: 52280232
	23840  -  MemoryUsage of job (MB)
	24411148  -  ResidentSetSize of job (KB)
...
006 (9627183.000.000) 04/13 20:17:21 Image size of job updated: 52345392
	23840  -  MemoryUsage of job (MB)
	24411148  -  ResidentSetSize of job (KB)
...
006 (9627183.000.000) 04/13 20:22:22 Image size of job updated: 52410556
	23840  -  MemoryUsage of job (MB)
	24411148  -  ResidentSetSize of job (KB)
...
006 (9627183.000.000) 04/13 20:27:22 Image size of job updated: 52471828
	23840  -  MemoryUsage of job (MB)
	24411148  -  ResidentSetSize of job (KB)
...
006 (9627183.000.000) 04/13 20:32:23 Image size of job updated: 52521060
	23840  -  MemoryUsage of job (MB)
	24411148  -  ResidentSetSize of job (KB)
...
006 (9627183.000.000) 04/13 20:37:24 Image size of job updated: 52586996
	23840  -  MemoryUsage of job (MB)
	24411148  -  ResidentSetSize of job (KB)
...
006 (9627183.000.000) 04/13 20:42:24 Image size of job updated: 52648792
	23840  -  MemoryUsage of job (MB)
	24411148  -  ResidentSetSize of job (KB)
...
006 (9627183.000.000) 04/13 20:47:24 Image size of job updated: 52710064
	23840  -  MemoryUsage of job (MB)
	24411148  -  ResidentSetSize of job (KB)
...
006 (9627183.000.000) 04/13 20:52:25 Image size of job updated: 52774836
	23840  -  MemoryUsage of job (MB)
	24411148  -  ResidentSetSize of job (KB)
...
006 (9627183.000.000) 04/13 20:57:25 Image size of job updated: 52833132
	23840  -  MemoryUsage of job (MB)
	24411148  -  ResidentSetSize of job (KB)
...
006 (9627183.000.000) 04/13 21:02:25 Image size of job updated: 52880292
	23840  -  MemoryUsage of job (MB)
	24411148  -  ResidentSetSize of job (KB)
...
006 (9627183.000.000) 04/13 21:07:26 Image size of job updated: 52939880
	23840  -  MemoryUsage of job (MB)
	24411148  -  ResidentSetSize of job (KB)
...
006 (9627183.000.000) 04/13 21:12:26 Image size of job updated: 53004652
	23840  -  MemoryUsage of job (MB)
	24411148  -  ResidentSetSize of job (KB)
...
006 (9627183.000.000) 04/13 21:17:26 Image size of job updated: 53065152
	23840  -  MemoryUsage of job (MB)
	24411148  -  ResidentSetSize of job (KB)
...
006 (9627183.000.000) 04/13 21:22:27 Image size of job updated: 53122668
	23840  -  MemoryUsage of job (MB)
	24411148  -  ResidentSetSize of job (KB)
...
006 (9627183.000.000) 04/13 21:27:27 Image size of job updated: 53186144
	23840  -  MemoryUsage of job (MB)
	24411148  -  ResidentSetSize of job (KB)
...
006 (9627183.000.000) 04/13 21:32:27 Image size of job updated: 53233428
	23840  -  MemoryUsage of job (MB)
	24411148  -  ResidentSetSize of job (KB)
...
006 (9627183.000.000) 04/13 21:37:28 Image size of job updated: 53438692
	23840  -  MemoryUsage of job (MB)
	24411148  -  ResidentSetSize of job (KB)
...
040 (9627183.000.000) 04/13 21:38:40 Started transferring output files
...
040 (9627183.000.000) 04/13 21:38:40 Finished transferring output files
...
005 (9627183.000.000) 04/13 21:38:40 Job terminated.
	(1) Normal termination (return value 0)
		Usr 1 01:28:48, Sys 0 00:10:25  -  Run Remote Usage
		Usr 0 00:00:00, Sys 0 00:00:00  -  Run Local Usage
		Usr 1 01:28:48, Sys 0 00:10:25  -  Total Remote Usage
		Usr 0 00:00:00, Sys 0 00:00:00  -  Total Local Usage
	15994  -  Run Bytes Sent By Job
	228  -  Run Bytes Received By Job
	15994  -  Total Bytes Sent By Job
	228  -  Total Bytes Received By Job
	Partitionable Resources :    Usage  Request Allocated 
	   Cpus                 :     1.00        1         1 
	   Disk (KB)            :    36           1   1288633 
	   Memory (MB)          : 23840        2000      2000 

	Job terminated of its own accord at 2024-04-13T19:38:40Z.
...
