000 (9627178.000.000) 04/12 09:31:01 Job submitted from host: <137.138.156.150:9618?addrs=137.138.156.150-9618+[2001-1458-d00-14--9a]-9618&alias=bigbird13.cern.ch&noUDP&sock=schedd_2138_1192>
...
040 (9627178.000.000) 04/12 18:50:53 Started transferring input files
	Transferring to host: <128.142.59.84:9618?addrs=128.142.59.84-9618&alias=b7s04p3868.cern.ch&noUDP&sock=slot1_20_6899_b832_99096>
...
040 (9627178.000.000) 04/12 18:50:53 Finished transferring input files
...
001 (9627178.000.000) 04/12 18:50:54 Job executing on host: <128.142.59.84:9618?addrs=128.142.59.84-9618&alias=b7s04p3868.cern.ch&noUDP&sock=startd_6830_63f0>
...
006 (9627178.000.000) 04/12 18:51:02 Image size of job updated: 272160
	21  -  MemoryUsage of job (MB)
	21484  -  ResidentSetSize of job (KB)
...
006 (9627178.000.000) 04/12 18:56:03 Image size of job updated: 1209436
	219  -  MemoryUsage of job (MB)
	223844  -  ResidentSetSize of job (KB)
...
006 (9627178.000.000) 04/12 19:01:04 Image size of job updated: 1209692
	219  -  MemoryUsage of job (MB)
	224016  -  ResidentSetSize of job (KB)
...
006 (9627178.000.000) 04/12 19:06:04 Image size of job updated: 1209948
	219  -  MemoryUsage of job (MB)
	224200  -  ResidentSetSize of job (KB)
...
006 (9627178.000.000) 04/12 19:11:04 Image size of job updated: 1209948
	220  -  MemoryUsage of job (MB)
	224388  -  ResidentSetSize of job (KB)
...
006 (9627178.000.000) 04/12 19:16:05 Image size of job updated: 1210204
	220  -  MemoryUsage of job (MB)
	224600  -  ResidentSetSize of job (KB)
...
006 (9627178.000.000) 04/12 19:21:06 Image size of job updated: 1210460
	220  -  MemoryUsage of job (MB)
	224784  -  ResidentSetSize of job (KB)
...
006 (9627178.000.000) 04/12 19:26:06 Image size of job updated: 1210716
	220  -  MemoryUsage of job (MB)
	225068  -  ResidentSetSize of job (KB)
...
006 (9627178.000.000) 04/12 19:31:07 Image size of job updated: 1210972
	221  -  MemoryUsage of job (MB)
	225332  -  ResidentSetSize of job (KB)
...
006 (9627178.000.000) 04/12 19:36:08 Image size of job updated: 1211228
	221  -  MemoryUsage of job (MB)
	225608  -  ResidentSetSize of job (KB)
...
006 (9627178.000.000) 04/12 19:41:08 Image size of job updated: 1211484
	221  -  MemoryUsage of job (MB)
	225900  -  ResidentSetSize of job (KB)
...
006 (9627178.000.000) 04/12 19:46:08 Image size of job updated: 1211996
	221  -  MemoryUsage of job (MB)
	226244  -  ResidentSetSize of job (KB)
...
006 (9627178.000.000) 04/12 19:51:09 Image size of job updated: 26257972
	20577  -  MemoryUsage of job (MB)
	21069840  -  ResidentSetSize of job (KB)
...
006 (9627178.000.000) 04/12 19:56:10 Image size of job updated: 26325304
	20639  -  MemoryUsage of job (MB)
	21133420  -  ResidentSetSize of job (KB)
...
006 (9627178.000.000) 04/12 20:01:10 Image size of job updated: 26421588
	20726  -  MemoryUsage of job (MB)
	21223268  -  ResidentSetSize of job (KB)
...
006 (9627178.000.000) 04/12 20:06:10 Image size of job updated: 26562524
	20822  -  MemoryUsage of job (MB)
	21321364  -  ResidentSetSize of job (KB)
...
006 (9627178.000.000) 04/12 20:11:11 Image size of job updated: 26627500
	20918  -  MemoryUsage of job (MB)
	21419296  -  ResidentSetSize of job (KB)
...
006 (9627178.000.000) 04/12 20:16:11 Image size of job updated: 26841640
	21012  -  MemoryUsage of job (MB)
	21515980  -  ResidentSetSize of job (KB)
...
006 (9627178.000.000) 04/12 20:21:11 Image size of job updated: 26907120
	21105  -  MemoryUsage of job (MB)
	21611496  -  ResidentSetSize of job (KB)
...
006 (9627178.000.000) 04/12 20:26:12 Image size of job updated: 26973028
	21199  -  MemoryUsage of job (MB)
	21706820  -  ResidentSetSize of job (KB)
...
006 (9627178.000.000) 04/12 20:31:13 Image size of job updated: 27039324
	21291  -  MemoryUsage of job (MB)
	21801696  -  ResidentSetSize of job (KB)
...
006 (9627178.000.000) 04/12 20:36:13 Image size of job updated: 27105876
	21386  -  MemoryUsage of job (MB)
	21898760  -  ResidentSetSize of job (KB)
...
006 (9627178.000.000) 04/12 20:41:13 Image size of job updated: 27468384
	21482  -  MemoryUsage of job (MB)
	21996556  -  ResidentSetSize of job (KB)
...
006 (9627178.000.000) 04/12 20:46:14 Image size of job updated: 27535456
	21577  -  MemoryUsage of job (MB)
	22094524  -  ResidentSetSize of job (KB)
...
006 (9627178.000.000) 04/12 20:51:14 Image size of job updated: 27603552
	21673  -  MemoryUsage of job (MB)
	22192352  -  ResidentSetSize of job (KB)
...
006 (9627178.000.000) 04/12 20:56:14 Image size of job updated: 27670072
	21769  -  MemoryUsage of job (MB)
	22290892  -  ResidentSetSize of job (KB)
...
006 (9627178.000.000) 04/12 21:01:15 Image size of job updated: 27734004
	21865  -  MemoryUsage of job (MB)
	22389012  -  ResidentSetSize of job (KB)
...
006 (9627178.000.000) 04/12 21:06:16 Image size of job updated: 27804348
	21960  -  MemoryUsage of job (MB)
	22486860  -  ResidentSetSize of job (KB)
...
006 (9627178.000.000) 04/12 21:11:16 Image size of job updated: 27872360
	22056  -  MemoryUsage of job (MB)
	22584448  -  ResidentSetSize of job (KB)
...
006 (9627178.000.000) 04/12 21:16:16 Image size of job updated: 27936288
	22151  -  MemoryUsage of job (MB)
	22682580  -  ResidentSetSize of job (KB)
...
006 (9627178.000.000) 04/12 21:21:16 Image size of job updated: 28007280
	22248  -  MemoryUsage of job (MB)
	22781140  -  ResidentSetSize of job (KB)
...
006 (9627178.000.000) 04/12 21:26:16 Image size of job updated: 28073416
	22343  -  MemoryUsage of job (MB)
	22879168  -  ResidentSetSize of job (KB)
...
006 (9627178.000.000) 04/12 21:31:17 Image size of job updated: 28729176
	22439  -  MemoryUsage of job (MB)
	22977120  -  ResidentSetSize of job (KB)
...
006 (9627178.000.000) 04/12 21:36:18 Image size of job updated: 28794536
	22523  -  MemoryUsage of job (MB)
	23063176  -  ResidentSetSize of job (KB)
...
006 (9627178.000.000) 04/12 21:41:18 Image size of job updated: 28860536
	22618  -  MemoryUsage of job (MB)
	23160328  -  ResidentSetSize of job (KB)
...
006 (9627178.000.000) 04/12 21:46:18 Image size of job updated: 28927772
	22649  -  MemoryUsage of job (MB)
	23192120  -  ResidentSetSize of job (KB)
...
006 (9627178.000.000) 04/12 21:52:01 Image size of job updated: 28993904
	22745  -  MemoryUsage of job (MB)
	23290380  -  ResidentSetSize of job (KB)
...
006 (9627178.000.000) 04/12 21:56:20 Image size of job updated: 29061528
	22758  -  MemoryUsage of job (MB)
	23303788  -  ResidentSetSize of job (KB)
...
006 (9627178.000.000) 04/12 22:01:21 Image size of job updated: 29127660
	22758  -  MemoryUsage of job (MB)
	23303788  -  ResidentSetSize of job (KB)
...
006 (9627178.000.000) 04/12 22:06:21 Image size of job updated: 29195804
	22758  -  MemoryUsage of job (MB)
	23303788  -  ResidentSetSize of job (KB)
...
006 (9627178.000.000) 04/12 22:11:21 Image size of job updated: 29261804
	22758  -  MemoryUsage of job (MB)
	23303788  -  ResidentSetSize of job (KB)
...
006 (9627178.000.000) 04/12 22:16:22 Image size of job updated: 29329868
	22758  -  MemoryUsage of job (MB)
	23303788  -  ResidentSetSize of job (KB)
...
006 (9627178.000.000) 04/12 22:21:23 Image size of job updated: 29397232
	22758  -  MemoryUsage of job (MB)
	23303788  -  ResidentSetSize of job (KB)
...
006 (9627178.000.000) 04/12 22:26:23 Image size of job updated: 29464852
	22758  -  MemoryUsage of job (MB)
	23303788  -  ResidentSetSize of job (KB)
...
006 (9627178.000.000) 04/12 22:31:23 Image size of job updated: 29528848
	22758  -  MemoryUsage of job (MB)
	23303788  -  ResidentSetSize of job (KB)
...
006 (9627178.000.000) 04/12 22:36:24 Image size of job updated: 29595696
	22758  -  MemoryUsage of job (MB)
	23303788  -  ResidentSetSize of job (KB)
...
006 (9627178.000.000) 04/12 22:41:25 Image size of job updated: 29663836
	22758  -  MemoryUsage of job (MB)
	23303788  -  ResidentSetSize of job (KB)
...
006 (9627178.000.000) 04/12 22:46:25 Image size of job updated: 29727444
	22758  -  MemoryUsage of job (MB)
	23303788  -  ResidentSetSize of job (KB)
...
006 (9627178.000.000) 04/12 22:51:25 Image size of job updated: 29795064
	22758  -  MemoryUsage of job (MB)
	23303788  -  ResidentSetSize of job (KB)
...
006 (9627178.000.000) 04/12 22:56:26 Image size of job updated: 29862820
	22758  -  MemoryUsage of job (MB)
	23303788  -  ResidentSetSize of job (KB)
...
006 (9627178.000.000) 04/12 23:01:27 Image size of job updated: 29930052
	22758  -  MemoryUsage of job (MB)
	23303788  -  ResidentSetSize of job (KB)
...
006 (9627178.000.000) 04/12 23:06:27 Image size of job updated: 31173440
	22758  -  MemoryUsage of job (MB)
	23303788  -  ResidentSetSize of job (KB)
...
006 (9627178.000.000) 04/12 23:11:27 Image size of job updated: 31240672
	22758  -  MemoryUsage of job (MB)
	23303788  -  ResidentSetSize of job (KB)
...
006 (9627178.000.000) 04/12 23:16:28 Image size of job updated: 31307776
	22758  -  MemoryUsage of job (MB)
	23303788  -  ResidentSetSize of job (KB)
...
006 (9627178.000.000) 04/12 23:21:29 Image size of job updated: 31370608
	22758  -  MemoryUsage of job (MB)
	23303788  -  ResidentSetSize of job (KB)
...
006 (9627178.000.000) 04/12 23:26:29 Image size of job updated: 31438228
	22758  -  MemoryUsage of job (MB)
	23303788  -  ResidentSetSize of job (KB)
...
006 (9627178.000.000) 04/12 23:31:29 Image size of job updated: 31506504
	22758  -  MemoryUsage of job (MB)
	23303788  -  ResidentSetSize of job (KB)
...
006 (9627178.000.000) 04/12 23:36:30 Image size of job updated: 31574900
	22758  -  MemoryUsage of job (MB)
	23303788  -  ResidentSetSize of job (KB)
...
006 (9627178.000.000) 04/12 23:41:31 Image size of job updated: 31638508
	22758  -  MemoryUsage of job (MB)
	23303788  -  ResidentSetSize of job (KB)
...
006 (9627178.000.000) 04/12 23:46:31 Image size of job updated: 31705484
	22758  -  MemoryUsage of job (MB)
	23303788  -  ResidentSetSize of job (KB)
...
006 (9627178.000.000) 04/12 23:51:31 Image size of job updated: 31770516
	22758  -  MemoryUsage of job (MB)
	23303788  -  ResidentSetSize of job (KB)
...
006 (9627178.000.000) 04/12 23:56:32 Image size of job updated: 31833736
	22758  -  MemoryUsage of job (MB)
	23303788  -  ResidentSetSize of job (KB)
...
006 (9627178.000.000) 04/13 00:01:33 Image size of job updated: 31903040
	22758  -  MemoryUsage of job (MB)
	23303788  -  ResidentSetSize of job (KB)
...
006 (9627178.000.000) 04/13 00:06:33 Image size of job updated: 31969496
	22758  -  MemoryUsage of job (MB)
	23303788  -  ResidentSetSize of job (KB)
...
006 (9627178.000.000) 04/13 00:11:34 Image size of job updated: 32032972
	22758  -  MemoryUsage of job (MB)
	23303788  -  ResidentSetSize of job (KB)
...
006 (9627178.000.000) 04/13 00:16:36 Image size of job updated: 32100208
	22758  -  MemoryUsage of job (MB)
	23303788  -  ResidentSetSize of job (KB)
...
006 (9627178.000.000) 04/13 00:21:36 Image size of job updated: 32167704
	22758  -  MemoryUsage of job (MB)
	23303788  -  ResidentSetSize of job (KB)
...
006 (9627178.000.000) 04/13 00:26:36 Image size of job updated: 32234804
	22758  -  MemoryUsage of job (MB)
	23303788  -  ResidentSetSize of job (KB)
...
006 (9627178.000.000) 04/13 00:31:37 Image size of job updated: 32298412
	22758  -  MemoryUsage of job (MB)
	23303788  -  ResidentSetSize of job (KB)
...
006 (9627178.000.000) 04/13 00:36:38 Image size of job updated: 32365260
	22758  -  MemoryUsage of job (MB)
	23303788  -  ResidentSetSize of job (KB)
...
006 (9627178.000.000) 04/13 00:41:38 Image size of job updated: 32426408
	22758  -  MemoryUsage of job (MB)
	23303788  -  ResidentSetSize of job (KB)
...
006 (9627178.000.000) 04/13 00:46:38 Image size of job updated: 32493252
	22758  -  MemoryUsage of job (MB)
	23303788  -  ResidentSetSize of job (KB)
...
006 (9627178.000.000) 04/13 00:51:39 Image size of job updated: 32560872
	22758  -  MemoryUsage of job (MB)
	23303788  -  ResidentSetSize of job (KB)
...
006 (9627178.000.000) 04/13 00:56:40 Image size of job updated: 32628108
	22758  -  MemoryUsage of job (MB)
	23303788  -  ResidentSetSize of job (KB)
...
006 (9627178.000.000) 04/13 01:01:40 Image size of job updated: 32690032
	22758  -  MemoryUsage of job (MB)
	23303788  -  ResidentSetSize of job (KB)
...
006 (9627178.000.000) 04/13 01:06:41 Image size of job updated: 32754672
	22758  -  MemoryUsage of job (MB)
	23303788  -  ResidentSetSize of job (KB)
...
006 (9627178.000.000) 04/13 01:11:42 Image size of job updated: 32815252
	22758  -  MemoryUsage of job (MB)
	23303788  -  ResidentSetSize of job (KB)
...
006 (9627178.000.000) 04/13 01:16:42 Image size of job updated: 32881064
	22758  -  MemoryUsage of job (MB)
	23303788  -  ResidentSetSize of job (KB)
...
006 (9627178.000.000) 04/13 01:21:42 Image size of job updated: 32945964
	22758  -  MemoryUsage of job (MB)
	23303788  -  ResidentSetSize of job (KB)
...
006 (9627178.000.000) 04/13 01:26:44 Image size of job updated: 33011256
	22758  -  MemoryUsage of job (MB)
	23303788  -  ResidentSetSize of job (KB)
...
006 (9627178.000.000) 04/13 01:31:44 Image size of job updated: 33067352
	22758  -  MemoryUsage of job (MB)
	23303788  -  ResidentSetSize of job (KB)
...
006 (9627178.000.000) 04/13 01:36:44 Image size of job updated: 33132900
	22758  -  MemoryUsage of job (MB)
	23303788  -  ResidentSetSize of job (KB)
...
006 (9627178.000.000) 04/13 01:41:45 Image size of job updated: 33199356
	22758  -  MemoryUsage of job (MB)
	23303788  -  ResidentSetSize of job (KB)
...
006 (9627178.000.000) 04/13 01:46:46 Image size of job updated: 33266460
	22758  -  MemoryUsage of job (MB)
	23303788  -  ResidentSetSize of job (KB)
...
006 (9627178.000.000) 04/13 01:51:46 Image size of job updated: 33332140
	22758  -  MemoryUsage of job (MB)
	23303788  -  ResidentSetSize of job (KB)
...
006 (9627178.000.000) 04/13 01:56:46 Image size of job updated: 33389532
	22758  -  MemoryUsage of job (MB)
	23303788  -  ResidentSetSize of job (KB)
...
006 (9627178.000.000) 04/13 02:01:47 Image size of job updated: 33455856
	22758  -  MemoryUsage of job (MB)
	23303788  -  ResidentSetSize of job (KB)
...
006 (9627178.000.000) 04/13 02:06:48 Image size of job updated: 33520628
	22758  -  MemoryUsage of job (MB)
	23303788  -  ResidentSetSize of job (KB)
...
006 (9627178.000.000) 04/13 02:11:48 Image size of job updated: 33588772
	22758  -  MemoryUsage of job (MB)
	23303788  -  ResidentSetSize of job (KB)
...
006 (9627178.000.000) 04/13 02:16:49 Image size of job updated: 33653412
	22758  -  MemoryUsage of job (MB)
	23303788  -  ResidentSetSize of job (KB)
...
006 (9627178.000.000) 04/13 02:21:50 Image size of job updated: 33710028
	22758  -  MemoryUsage of job (MB)
	23303788  -  ResidentSetSize of job (KB)
...
006 (9627178.000.000) 04/13 02:26:50 Image size of job updated: 36135648
	22758  -  MemoryUsage of job (MB)
	23303788  -  ResidentSetSize of job (KB)
...
006 (9627178.000.000) 04/13 02:31:50 Image size of job updated: 36200808
	22758  -  MemoryUsage of job (MB)
	23303788  -  ResidentSetSize of job (KB)
...
006 (9627178.000.000) 04/13 02:36:51 Image size of job updated: 36265196
	22758  -  MemoryUsage of job (MB)
	23303788  -  ResidentSetSize of job (KB)
...
006 (9627178.000.000) 04/13 02:41:52 Image size of job updated: 36321808
	22758  -  MemoryUsage of job (MB)
	23303788  -  ResidentSetSize of job (KB)
...
006 (9627178.000.000) 04/13 02:46:52 Image size of job updated: 36386708
	22826  -  MemoryUsage of job (MB)
	23373600  -  ResidentSetSize of job (KB)
...
006 (9627178.000.000) 04/13 02:51:53 Image size of job updated: 36452000
	22934  -  MemoryUsage of job (MB)
	23484036  -  ResidentSetSize of job (KB)
...
006 (9627178.000.000) 04/13 02:56:54 Image size of job updated: 36513272
	23034  -  MemoryUsage of job (MB)
	23585948  -  ResidentSetSize of job (KB)
...
006 (9627178.000.000) 04/13 03:01:54 Image size of job updated: 36564316
	23129  -  MemoryUsage of job (MB)
	23683408  -  ResidentSetSize of job (KB)
...
006 (9627178.000.000) 04/13 03:06:54 Image size of job updated: 36623904
	23224  -  MemoryUsage of job (MB)
	23781272  -  ResidentSetSize of job (KB)
...
006 (9627178.000.000) 04/13 03:11:55 Image size of job updated: 36676632
	23324  -  MemoryUsage of job (MB)
	23883020  -  ResidentSetSize of job (KB)
...
006 (9627178.000.000) 04/13 03:16:56 Image size of job updated: 36735964
	23424  -  MemoryUsage of job (MB)
	23985696  -  ResidentSetSize of job (KB)
...
006 (9627178.000.000) 04/13 03:21:56 Image size of job updated: 36788560
	23523  -  MemoryUsage of job (MB)
	24086740  -  ResidentSetSize of job (KB)
...
006 (9627178.000.000) 04/13 03:26:57 Image size of job updated: 36850740
	23625  -  MemoryUsage of job (MB)
	24191024  -  ResidentSetSize of job (KB)
...
006 (9627178.000.000) 04/13 03:31:58 Image size of job updated: 36913832
	23729  -  MemoryUsage of job (MB)
	24297500  -  ResidentSetSize of job (KB)
...
006 (9627178.000.000) 04/13 03:36:58 Image size of job updated: 36966168
	23729  -  MemoryUsage of job (MB)
	24297500  -  ResidentSetSize of job (KB)
...
006 (9627178.000.000) 04/13 03:41:58 Image size of job updated: 37022648
	23729  -  MemoryUsage of job (MB)
	24297500  -  ResidentSetSize of job (KB)
...
006 (9627178.000.000) 04/13 03:47:00 Image size of job updated: 37070840
	23729  -  MemoryUsage of job (MB)
	24297500  -  ResidentSetSize of job (KB)
...
006 (9627178.000.000) 04/13 03:52:00 Image size of job updated: 37126156
	23729  -  MemoryUsage of job (MB)
	24297500  -  ResidentSetSize of job (KB)
...
006 (9627178.000.000) 04/13 03:57:00 Image size of job updated: 37172144
	23729  -  MemoryUsage of job (MB)
	24297500  -  ResidentSetSize of job (KB)
...
006 (9627178.000.000) 04/13 04:02:01 Image size of job updated: 37227072
	23729  -  MemoryUsage of job (MB)
	24297500  -  ResidentSetSize of job (KB)
...
006 (9627178.000.000) 04/13 04:07:02 Image size of job updated: 37276816
	23729  -  MemoryUsage of job (MB)
	24297500  -  ResidentSetSize of job (KB)
...
006 (9627178.000.000) 04/13 04:12:02 Image size of job updated: 37334724
	23729  -  MemoryUsage of job (MB)
	24297500  -  ResidentSetSize of job (KB)
...
006 (9627178.000.000) 04/13 04:17:02 Image size of job updated: 37386284
	23729  -  MemoryUsage of job (MB)
	24297500  -  ResidentSetSize of job (KB)
...
006 (9627178.000.000) 04/13 04:22:03 Image size of job updated: 37440824
	23729  -  MemoryUsage of job (MB)
	24297500  -  ResidentSetSize of job (KB)
...
006 (9627178.000.000) 04/13 04:27:03 Image size of job updated: 37485904
	23729  -  MemoryUsage of job (MB)
	24297500  -  ResidentSetSize of job (KB)
...
006 (9627178.000.000) 04/13 04:32:03 Image size of job updated: 37536040
	23729  -  MemoryUsage of job (MB)
	24297500  -  ResidentSetSize of job (KB)
...
006 (9627178.000.000) 04/13 04:37:04 Image size of job updated: 37589800
	23729  -  MemoryUsage of job (MB)
	24297500  -  ResidentSetSize of job (KB)
...
006 (9627178.000.000) 04/13 04:42:04 Image size of job updated: 37636436
	23729  -  MemoryUsage of job (MB)
	24297500  -  ResidentSetSize of job (KB)
...
006 (9627178.000.000) 04/13 04:47:04 Image size of job updated: 37692656
	23729  -  MemoryUsage of job (MB)
	24297500  -  ResidentSetSize of job (KB)
...
006 (9627178.000.000) 04/13 04:52:05 Image size of job updated: 37741496
	23729  -  MemoryUsage of job (MB)
	24297500  -  ResidentSetSize of job (KB)
...
006 (9627178.000.000) 04/13 04:57:06 Image size of job updated: 37798624
	23729  -  MemoryUsage of job (MB)
	24297500  -  ResidentSetSize of job (KB)
...
006 (9627178.000.000) 04/13 05:02:06 Image size of job updated: 37847596
	23729  -  MemoryUsage of job (MB)
	24297500  -  ResidentSetSize of job (KB)
...
006 (9627178.000.000) 04/13 05:07:06 Image size of job updated: 37895528
	23729  -  MemoryUsage of job (MB)
	24297500  -  ResidentSetSize of job (KB)
...
006 (9627178.000.000) 04/13 05:12:07 Image size of job updated: 37950584
	23729  -  MemoryUsage of job (MB)
	24297500  -  ResidentSetSize of job (KB)
...
006 (9627178.000.000) 04/13 05:17:07 Image size of job updated: 37997484
	23729  -  MemoryUsage of job (MB)
	24297500  -  ResidentSetSize of job (KB)
...
006 (9627178.000.000) 04/13 05:22:07 Image size of job updated: 38055256
	23729  -  MemoryUsage of job (MB)
	24297500  -  ResidentSetSize of job (KB)
...
006 (9627178.000.000) 04/13 05:27:08 Image size of job updated: 38101248
	23729  -  MemoryUsage of job (MB)
	24297500  -  ResidentSetSize of job (KB)
...
006 (9627178.000.000) 04/13 05:32:08 Image size of job updated: 38157080
	23729  -  MemoryUsage of job (MB)
	24297500  -  ResidentSetSize of job (KB)
...
006 (9627178.000.000) 04/13 05:37:08 Image size of job updated: 38206052
	23729  -  MemoryUsage of job (MB)
	24297500  -  ResidentSetSize of job (KB)
...
006 (9627178.000.000) 04/13 05:42:09 Image size of job updated: 38254888
	23729  -  MemoryUsage of job (MB)
	24297500  -  ResidentSetSize of job (KB)
...
006 (9627178.000.000) 04/13 05:47:10 Image size of job updated: 38313184
	23729  -  MemoryUsage of job (MB)
	24297500  -  ResidentSetSize of job (KB)
...
006 (9627178.000.000) 04/13 05:52:10 Image size of job updated: 38370832
	23729  -  MemoryUsage of job (MB)
	24297500  -  ResidentSetSize of job (KB)
...
006 (9627178.000.000) 04/13 05:57:10 Image size of job updated: 38418376
	23729  -  MemoryUsage of job (MB)
	24297500  -  ResidentSetSize of job (KB)
...
006 (9627178.000.000) 04/13 06:02:12 Image size of job updated: 38466308
	23729  -  MemoryUsage of job (MB)
	24297500  -  ResidentSetSize of job (KB)
...
006 (9627178.000.000) 04/13 06:07:12 Image size of job updated: 38523048
	23729  -  MemoryUsage of job (MB)
	24297500  -  ResidentSetSize of job (KB)
...
006 (9627178.000.000) 04/13 06:12:12 Image size of job updated: 38569816
	23729  -  MemoryUsage of job (MB)
	24297500  -  ResidentSetSize of job (KB)
...
006 (9627178.000.000) 04/13 06:17:14 Image size of job updated: 38633812
	23729  -  MemoryUsage of job (MB)
	24297500  -  ResidentSetSize of job (KB)
...
006 (9627178.000.000) 04/13 06:22:14 Image size of job updated: 38694176
	23729  -  MemoryUsage of job (MB)
	24297500  -  ResidentSetSize of job (KB)
...
006 (9627178.000.000) 04/13 06:27:15 Image size of job updated: 38742240
	23729  -  MemoryUsage of job (MB)
	24297500  -  ResidentSetSize of job (KB)
...
006 (9627178.000.000) 04/13 06:32:16 Image size of job updated: 38790172
	23729  -  MemoryUsage of job (MB)
	24297500  -  ResidentSetSize of job (KB)
...
006 (9627178.000.000) 04/13 06:37:16 Image size of job updated: 38848340
	23729  -  MemoryUsage of job (MB)
	24297500  -  ResidentSetSize of job (KB)
...
006 (9627178.000.000) 04/13 06:42:17 Image size of job updated: 38909480
	23729  -  MemoryUsage of job (MB)
	24297500  -  ResidentSetSize of job (KB)
...
006 (9627178.000.000) 04/13 06:47:18 Image size of job updated: 38961820
	23729  -  MemoryUsage of job (MB)
	24297500  -  ResidentSetSize of job (KB)
...
006 (9627178.000.000) 04/13 06:52:18 Image size of job updated: 39022704
	23729  -  MemoryUsage of job (MB)
	24297500  -  ResidentSetSize of job (KB)
...
006 (9627178.000.000) 04/13 06:57:18 Image size of job updated: 39073748
	23729  -  MemoryUsage of job (MB)
	24297500  -  ResidentSetSize of job (KB)
...
006 (9627178.000.000) 04/13 07:02:19 Image size of job updated: 39132948
	23729  -  MemoryUsage of job (MB)
	24297500  -  ResidentSetSize of job (KB)
...
006 (9627178.000.000) 04/13 07:07:20 Image size of job updated: 39181788
	23729  -  MemoryUsage of job (MB)
	24297500  -  ResidentSetSize of job (KB)
...
006 (9627178.000.000) 04/13 07:12:20 Image size of job updated: 39239824
	23729  -  MemoryUsage of job (MB)
	24297500  -  ResidentSetSize of job (KB)
...
006 (9627178.000.000) 04/13 07:17:21 Image size of job updated: 39289052
	23729  -  MemoryUsage of job (MB)
	24297500  -  ResidentSetSize of job (KB)
...
006 (9627178.000.000) 04/13 07:22:22 Image size of job updated: 39344496
	23729  -  MemoryUsage of job (MB)
	24297500  -  ResidentSetSize of job (KB)
...
006 (9627178.000.000) 04/13 07:27:22 Image size of job updated: 39391784
	23729  -  MemoryUsage of job (MB)
	24297500  -  ResidentSetSize of job (KB)
...
006 (9627178.000.000) 04/13 07:32:22 Image size of job updated: 39447484
	23729  -  MemoryUsage of job (MB)
	24297500  -  ResidentSetSize of job (KB)
...
006 (9627178.000.000) 04/13 07:37:23 Image size of job updated: 39496324
	23729  -  MemoryUsage of job (MB)
	24297500  -  ResidentSetSize of job (KB)
...
006 (9627178.000.000) 04/13 07:42:23 Image size of job updated: 39551380
	23729  -  MemoryUsage of job (MB)
	24297500  -  ResidentSetSize of job (KB)
...
006 (9627178.000.000) 04/13 07:47:23 Image size of job updated: 39596984
	23729  -  MemoryUsage of job (MB)
	24297500  -  ResidentSetSize of job (KB)
...
006 (9627178.000.000) 04/13 07:52:25 Image size of job updated: 39642068
	23729  -  MemoryUsage of job (MB)
	24297500  -  ResidentSetSize of job (KB)
...
006 (9627178.000.000) 04/13 07:57:25 Image size of job updated: 39695696
	23729  -  MemoryUsage of job (MB)
	24297500  -  ResidentSetSize of job (KB)
...
006 (9627178.000.000) 04/13 08:02:26 Image size of job updated: 39746380
	23729  -  MemoryUsage of job (MB)
	24297500  -  ResidentSetSize of job (KB)
...
006 (9627178.000.000) 04/13 08:07:26 Image size of job updated: 39784856
	23729  -  MemoryUsage of job (MB)
	24297500  -  ResidentSetSize of job (KB)
...
006 (9627178.000.000) 04/13 08:12:27 Image size of job updated: 39838616
	23729  -  MemoryUsage of job (MB)
	24297500  -  ResidentSetSize of job (KB)
...
006 (9627178.000.000) 04/13 08:17:28 Image size of job updated: 39892764
	23729  -  MemoryUsage of job (MB)
	24297500  -  ResidentSetSize of job (KB)
...
006 (9627178.000.000) 04/13 08:22:28 Image size of job updated: 39933444
	23729  -  MemoryUsage of job (MB)
	24297500  -  ResidentSetSize of job (KB)
...
006 (9627178.000.000) 04/13 08:27:28 Image size of job updated: 39989668
	23729  -  MemoryUsage of job (MB)
	24297500  -  ResidentSetSize of job (KB)
...
006 (9627178.000.000) 04/13 08:32:29 Image size of job updated: 40040836
	23729  -  MemoryUsage of job (MB)
	24297500  -  ResidentSetSize of job (KB)
...
006 (9627178.000.000) 04/13 08:37:29 Image size of job updated: 40078280
	23729  -  MemoryUsage of job (MB)
	24297500  -  ResidentSetSize of job (KB)
...
006 (9627178.000.000) 04/13 08:42:29 Image size of job updated: 40134888
	23729  -  MemoryUsage of job (MB)
	24297500  -  ResidentSetSize of job (KB)
...
006 (9627178.000.000) 04/13 08:47:30 Image size of job updated: 40192020
	23729  -  MemoryUsage of job (MB)
	24297500  -  ResidentSetSize of job (KB)
...
006 (9627178.000.000) 04/13 08:52:31 Image size of job updated: 40247852
	23729  -  MemoryUsage of job (MB)
	24297500  -  ResidentSetSize of job (KB)
...
006 (9627178.000.000) 04/13 08:57:31 Image size of job updated: 40285940
	23729  -  MemoryUsage of job (MB)
	24297500  -  ResidentSetSize of job (KB)
...
006 (9627178.000.000) 04/13 09:02:32 Image size of job updated: 40339956
	23729  -  MemoryUsage of job (MB)
	24297500  -  ResidentSetSize of job (KB)
...
006 (9627178.000.000) 04/13 09:07:33 Image size of job updated: 40393332
	23729  -  MemoryUsage of job (MB)
	24297500  -  ResidentSetSize of job (KB)
...
006 (9627178.000.000) 04/13 09:12:33 Image size of job updated: 40430124
	23729  -  MemoryUsage of job (MB)
	24297500  -  ResidentSetSize of job (KB)
...
006 (9627178.000.000) 04/13 09:17:33 Image size of job updated: 40484404
	23729  -  MemoryUsage of job (MB)
	24297500  -  ResidentSetSize of job (KB)
...
006 (9627178.000.000) 04/13 09:22:34 Image size of job updated: 40542176
	23729  -  MemoryUsage of job (MB)
	24297500  -  ResidentSetSize of job (KB)
...
006 (9627178.000.000) 04/13 09:27:34 Image size of job updated: 40600992
	23729  -  MemoryUsage of job (MB)
	24297500  -  ResidentSetSize of job (KB)
...
006 (9627178.000.000) 04/13 09:32:34 Image size of job updated: 40640376
	23729  -  MemoryUsage of job (MB)
	24297500  -  ResidentSetSize of job (KB)
...
006 (9627178.000.000) 04/13 09:37:36 Image size of job updated: 40697504
	23729  -  MemoryUsage of job (MB)
	24297500  -  ResidentSetSize of job (KB)
...
006 (9627178.000.000) 04/13 09:42:36 Image size of job updated: 40756836
	23729  -  MemoryUsage of job (MB)
	24297500  -  ResidentSetSize of job (KB)
...
006 (9627178.000.000) 04/13 09:47:36 Image size of job updated: 40820316
	23729  -  MemoryUsage of job (MB)
	24297500  -  ResidentSetSize of job (KB)
...
006 (9627178.000.000) 04/13 09:52:37 Image size of job updated: 40882752
	23729  -  MemoryUsage of job (MB)
	24297500  -  ResidentSetSize of job (KB)
...
006 (9627178.000.000) 04/13 09:57:38 Image size of job updated: 40929524
	23729  -  MemoryUsage of job (MB)
	24297500  -  ResidentSetSize of job (KB)
...
006 (9627178.000.000) 04/13 10:02:38 Image size of job updated: 40994552
	23729  -  MemoryUsage of job (MB)
	24297500  -  ResidentSetSize of job (KB)
...
006 (9627178.000.000) 04/13 10:07:38 Image size of job updated: 41053888
	23729  -  MemoryUsage of job (MB)
	24297500  -  ResidentSetSize of job (KB)
...
006 (9627178.000.000) 04/13 10:12:39 Image size of job updated: 41112568
	23729  -  MemoryUsage of job (MB)
	24297500  -  ResidentSetSize of job (KB)
...
006 (9627178.000.000) 04/13 10:17:39 Image size of job updated: 41171248
	23729  -  MemoryUsage of job (MB)
	24297500  -  ResidentSetSize of job (KB)
...
006 (9627178.000.000) 04/13 10:25:20 Image size of job updated: 41215560
	23729  -  MemoryUsage of job (MB)
	24297500  -  ResidentSetSize of job (KB)
...
006 (9627178.000.000) 04/13 10:33:21 Image size of job updated: 46067844
	23729  -  MemoryUsage of job (MB)
	24297500  -  ResidentSetSize of job (KB)
...
006 (9627178.000.000) 04/13 10:39:47 Image size of job updated: 46148160
	23729  -  MemoryUsage of job (MB)
	24297500  -  ResidentSetSize of job (KB)
...
006 (9627178.000.000) 04/13 10:44:48 Image size of job updated: 46215008
	23729  -  MemoryUsage of job (MB)
	24297500  -  ResidentSetSize of job (KB)
...
006 (9627178.000.000) 04/13 10:49:48 Image size of job updated: 46280944
	23729  -  MemoryUsage of job (MB)
	24297500  -  ResidentSetSize of job (KB)
...
006 (9627178.000.000) 04/13 10:54:48 Image size of job updated: 46346624
	23729  -  MemoryUsage of job (MB)
	24297500  -  ResidentSetSize of job (KB)
...
006 (9627178.000.000) 04/13 10:59:49 Image size of job updated: 46414248
	23729  -  MemoryUsage of job (MB)
	24297500  -  ResidentSetSize of job (KB)
...
006 (9627178.000.000) 04/13 11:04:50 Image size of job updated: 46479020
	23729  -  MemoryUsage of job (MB)
	24297500  -  ResidentSetSize of job (KB)
...
006 (9627178.000.000) 04/13 11:09:50 Image size of job updated: 46547160
	23729  -  MemoryUsage of job (MB)
	24297500  -  ResidentSetSize of job (KB)
...
006 (9627178.000.000) 04/13 11:14:51 Image size of job updated: 46613876
	23729  -  MemoryUsage of job (MB)
	24297500  -  ResidentSetSize of job (KB)
...
006 (9627178.000.000) 04/13 11:19:52 Image size of job updated: 46681240
	23729  -  MemoryUsage of job (MB)
	24297500  -  ResidentSetSize of job (KB)
...
006 (9627178.000.000) 04/13 11:24:52 Image size of job updated: 46748340
	23729  -  MemoryUsage of job (MB)
	24297500  -  ResidentSetSize of job (KB)
...
006 (9627178.000.000) 04/13 11:29:52 Image size of job updated: 46799256
	23729  -  MemoryUsage of job (MB)
	24297500  -  ResidentSetSize of job (KB)
...
006 (9627178.000.000) 04/13 11:34:53 Image size of job updated: 46867012
	23729  -  MemoryUsage of job (MB)
	24297500  -  ResidentSetSize of job (KB)
...
006 (9627178.000.000) 04/13 11:39:53 Image size of job updated: 46934376
	23729  -  MemoryUsage of job (MB)
	24297500  -  ResidentSetSize of job (KB)
...
006 (9627178.000.000) 04/13 11:44:53 Image size of job updated: 47001476
	23729  -  MemoryUsage of job (MB)
	24297500  -  ResidentSetSize of job (KB)
...
006 (9627178.000.000) 04/13 11:49:55 Image size of job updated: 47068456
	23729  -  MemoryUsage of job (MB)
	24297500  -  ResidentSetSize of job (KB)
...
006 (9627178.000.000) 04/13 11:54:55 Image size of job updated: 47135300
	23729  -  MemoryUsage of job (MB)
	24297500  -  ResidentSetSize of job (KB)
...
006 (9627178.000.000) 04/13 11:59:55 Image size of job updated: 47202788
	23729  -  MemoryUsage of job (MB)
	24297500  -  ResidentSetSize of job (KB)
...
006 (9627178.000.000) 04/13 12:04:56 Image size of job updated: 47270156
	23729  -  MemoryUsage of job (MB)
	24297500  -  ResidentSetSize of job (KB)
...
006 (9627178.000.000) 04/13 12:09:57 Image size of job updated: 47336224
	23729  -  MemoryUsage of job (MB)
	24297500  -  ResidentSetSize of job (KB)
...
006 (9627178.000.000) 04/13 12:14:57 Image size of job updated: 47400864
	23729  -  MemoryUsage of job (MB)
	24297500  -  ResidentSetSize of job (KB)
...
006 (9627178.000.000) 04/13 12:19:58 Image size of job updated: 47469784
	23729  -  MemoryUsage of job (MB)
	24297500  -  ResidentSetSize of job (KB)
...
006 (9627178.000.000) 04/13 12:24:59 Image size of job updated: 47535464
	23729  -  MemoryUsage of job (MB)
	24297500  -  ResidentSetSize of job (KB)
...
006 (9627178.000.000) 04/13 12:29:59 Image size of job updated: 47583268
	23729  -  MemoryUsage of job (MB)
	24297500  -  ResidentSetSize of job (KB)
...
006 (9627178.000.000) 04/13 12:34:59 Image size of job updated: 47646876
	23729  -  MemoryUsage of job (MB)
	24297500  -  ResidentSetSize of job (KB)
...
006 (9627178.000.000) 04/13 12:40:00 Image size of job updated: 47710224
	23729  -  MemoryUsage of job (MB)
	24297500  -  ResidentSetSize of job (KB)
...
006 (9627178.000.000) 04/13 12:45:01 Image size of job updated: 47774476
	23729  -  MemoryUsage of job (MB)
	24297500  -  ResidentSetSize of job (KB)
...
006 (9627178.000.000) 04/13 12:50:01 Image size of job updated: 47838344
	23729  -  MemoryUsage of job (MB)
	24297500  -  ResidentSetSize of job (KB)
...
006 (9627178.000.000) 04/13 12:55:02 Image size of job updated: 47901432
	23729  -  MemoryUsage of job (MB)
	24297500  -  ResidentSetSize of job (KB)
...
006 (9627178.000.000) 04/13 13:00:03 Image size of job updated: 47964520
	23729  -  MemoryUsage of job (MB)
	24297500  -  ResidentSetSize of job (KB)
...
006 (9627178.000.000) 04/13 13:05:03 Image size of job updated: 48011936
	23729  -  MemoryUsage of job (MB)
	24297500  -  ResidentSetSize of job (KB)
...
006 (9627178.000.000) 04/13 13:10:03 Image size of job updated: 48075416
	23729  -  MemoryUsage of job (MB)
	24297500  -  ResidentSetSize of job (KB)
...
006 (9627178.000.000) 04/13 13:15:05 Image size of job updated: 48140056
	23729  -  MemoryUsage of job (MB)
	24297500  -  ResidentSetSize of job (KB)
...
006 (9627178.000.000) 04/13 13:20:05 Image size of job updated: 48203532
	23729  -  MemoryUsage of job (MB)
	24297500  -  ResidentSetSize of job (KB)
...
006 (9627178.000.000) 04/13 13:25:05 Image size of job updated: 48264808
	23729  -  MemoryUsage of job (MB)
	24297500  -  ResidentSetSize of job (KB)
...
006 (9627178.000.000) 04/13 13:30:06 Image size of job updated: 48329580
	23729  -  MemoryUsage of job (MB)
	24297500  -  ResidentSetSize of job (KB)
...
006 (9627178.000.000) 04/13 13:35:07 Image size of job updated: 48392148
	23729  -  MemoryUsage of job (MB)
	24297500  -  ResidentSetSize of job (KB)
...
006 (9627178.000.000) 04/13 13:40:07 Image size of job updated: 48436716
	23729  -  MemoryUsage of job (MB)
	24297500  -  ResidentSetSize of job (KB)
...
006 (9627178.000.000) 04/13 13:45:08 Image size of job updated: 48499808
	23729  -  MemoryUsage of job (MB)
	24297500  -  ResidentSetSize of job (KB)
...
006 (9627178.000.000) 04/13 13:50:09 Image size of job updated: 48560172
	23729  -  MemoryUsage of job (MB)
	24297500  -  ResidentSetSize of job (KB)
...
006 (9627178.000.000) 04/13 13:55:09 Image size of job updated: 48621964
	23729  -  MemoryUsage of job (MB)
	24297500  -  ResidentSetSize of job (KB)
...
006 (9627178.000.000) 04/13 14:00:10 Image size of job updated: 48684148
	23729  -  MemoryUsage of job (MB)
	24297500  -  ResidentSetSize of job (KB)
...
006 (9627178.000.000) 04/13 14:05:11 Image size of job updated: 48726124
	23729  -  MemoryUsage of job (MB)
	24297500  -  ResidentSetSize of job (KB)
...
006 (9627178.000.000) 04/13 14:10:11 Image size of job updated: 48784028
	23729  -  MemoryUsage of job (MB)
	24297500  -  ResidentSetSize of job (KB)
...
006 (9627178.000.000) 04/13 14:15:12 Image size of job updated: 48841024
	23729  -  MemoryUsage of job (MB)
	24297500  -  ResidentSetSize of job (KB)
...
006 (9627178.000.000) 04/13 14:20:13 Image size of job updated: 48900880
	23729  -  MemoryUsage of job (MB)
	24297500  -  ResidentSetSize of job (KB)
...
006 (9627178.000.000) 04/13 14:25:13 Image size of job updated: 48943112
	23729  -  MemoryUsage of job (MB)
	24297500  -  ResidentSetSize of job (KB)
...
006 (9627178.000.000) 04/13 14:30:14 Image size of job updated: 49000760
	23729  -  MemoryUsage of job (MB)
	24297500  -  ResidentSetSize of job (KB)
...
006 (9627178.000.000) 04/13 14:35:15 Image size of job updated: 49059572
	23729  -  MemoryUsage of job (MB)
	24297500  -  ResidentSetSize of job (KB)
...
006 (9627178.000.000) 04/13 14:40:15 Image size of job updated: 49113980
	23729  -  MemoryUsage of job (MB)
	24297500  -  ResidentSetSize of job (KB)
...
006 (9627178.000.000) 04/13 14:45:16 Image size of job updated: 49155956
	23729  -  MemoryUsage of job (MB)
	24297500  -  ResidentSetSize of job (KB)
...
006 (9627178.000.000) 04/13 14:50:17 Image size of job updated: 49213992
	23729  -  MemoryUsage of job (MB)
	24297500  -  ResidentSetSize of job (KB)
...
006 (9627178.000.000) 04/13 14:55:17 Image size of job updated: 49271896
	23729  -  MemoryUsage of job (MB)
	24297500  -  ResidentSetSize of job (KB)
...
006 (9627178.000.000) 04/13 15:00:17 Image size of job updated: 49330192
	23729  -  MemoryUsage of job (MB)
	24297500  -  ResidentSetSize of job (KB)
...
006 (9627178.000.000) 04/13 15:05:18 Image size of job updated: 49391208
	23729  -  MemoryUsage of job (MB)
	24297500  -  ResidentSetSize of job (KB)
...
006 (9627178.000.000) 04/13 15:10:18 Image size of job updated: 49434736
	23729  -  MemoryUsage of job (MB)
	24297500  -  ResidentSetSize of job (KB)
...
006 (9627178.000.000) 04/13 15:15:19 Image size of job updated: 49492772
	23729  -  MemoryUsage of job (MB)
	24297500  -  ResidentSetSize of job (KB)
...
006 (9627178.000.000) 04/13 15:20:20 Image size of job updated: 49548996
	23729  -  MemoryUsage of job (MB)
	24297500  -  ResidentSetSize of job (KB)
...
006 (9627178.000.000) 04/13 15:25:20 Image size of job updated: 49606512
	23729  -  MemoryUsage of job (MB)
	24297500  -  ResidentSetSize of job (KB)
...
006 (9627178.000.000) 04/13 15:30:21 Image size of job updated: 49648876
	23729  -  MemoryUsage of job (MB)
	24297500  -  ResidentSetSize of job (KB)
...
006 (9627178.000.000) 04/13 15:35:22 Image size of job updated: 49706004
	23729  -  MemoryUsage of job (MB)
	24297500  -  ResidentSetSize of job (KB)
...
006 (9627178.000.000) 04/13 15:40:22 Image size of job updated: 49763392
	23729  -  MemoryUsage of job (MB)
	24297500  -  ResidentSetSize of job (KB)
...
006 (9627178.000.000) 04/13 15:45:23 Image size of job updated: 49824020
	23729  -  MemoryUsage of job (MB)
	24297500  -  ResidentSetSize of job (KB)
...
006 (9627178.000.000) 04/13 15:50:24 Image size of job updated: 49865996
	23729  -  MemoryUsage of job (MB)
	24297500  -  ResidentSetSize of job (KB)
...
006 (9627178.000.000) 04/13 15:55:24 Image size of job updated: 49924808
	23729  -  MemoryUsage of job (MB)
	24297500  -  ResidentSetSize of job (KB)
...
006 (9627178.000.000) 04/13 16:00:25 Image size of job updated: 49982584
	23729  -  MemoryUsage of job (MB)
	24297500  -  ResidentSetSize of job (KB)
...
006 (9627178.000.000) 04/13 16:05:26 Image size of job updated: 50041008
	23729  -  MemoryUsage of job (MB)
	24297500  -  ResidentSetSize of job (KB)
...
006 (9627178.000.000) 04/13 16:10:26 Image size of job updated: 50081688
	23729  -  MemoryUsage of job (MB)
	24297500  -  ResidentSetSize of job (KB)
...
006 (9627178.000.000) 04/13 16:15:27 Image size of job updated: 50136744
	23729  -  MemoryUsage of job (MB)
	24297500  -  ResidentSetSize of job (KB)
...
006 (9627178.000.000) 04/13 16:20:27 Image size of job updated: 50194132
	23729  -  MemoryUsage of job (MB)
	24297500  -  ResidentSetSize of job (KB)
...
006 (9627178.000.000) 04/13 16:25:27 Image size of job updated: 50252556
	23729  -  MemoryUsage of job (MB)
	24297500  -  ResidentSetSize of job (KB)
...
006 (9627178.000.000) 04/13 16:30:28 Image size of job updated: 50294144
	23729  -  MemoryUsage of job (MB)
	24297500  -  ResidentSetSize of job (KB)
...
006 (9627178.000.000) 04/13 16:35:28 Image size of job updated: 50350752
	23729  -  MemoryUsage of job (MB)
	24297500  -  ResidentSetSize of job (KB)
...
006 (9627178.000.000) 04/13 16:40:28 Image size of job updated: 50404516
	23729  -  MemoryUsage of job (MB)
	24297500  -  ResidentSetSize of job (KB)
...
006 (9627178.000.000) 04/13 16:45:29 Image size of job updated: 50443900
	23729  -  MemoryUsage of job (MB)
	24297500  -  ResidentSetSize of job (KB)
...
006 (9627178.000.000) 04/13 16:50:29 Image size of job updated: 50500120
	23729  -  MemoryUsage of job (MB)
	24297500  -  ResidentSetSize of job (KB)
...
006 (9627178.000.000) 04/13 16:55:29 Image size of job updated: 50556860
	23729  -  MemoryUsage of job (MB)
	24297500  -  ResidentSetSize of job (KB)
...
006 (9627178.000.000) 04/13 17:00:30 Image size of job updated: 50619300
	23729  -  MemoryUsage of job (MB)
	24297500  -  ResidentSetSize of job (KB)
...
006 (9627178.000.000) 04/13 17:05:30 Image size of job updated: 50679928
	23729  -  MemoryUsage of job (MB)
	24297500  -  ResidentSetSize of job (KB)
...
006 (9627178.000.000) 04/13 17:10:31 Image size of job updated: 50726436
	23729  -  MemoryUsage of job (MB)
	24297500  -  ResidentSetSize of job (KB)
...
006 (9627178.000.000) 04/13 17:15:32 Image size of job updated: 50787452
	23729  -  MemoryUsage of job (MB)
	24297500  -  ResidentSetSize of job (KB)
...
006 (9627178.000.000) 04/13 17:20:32 Image size of job updated: 50849248
	23729  -  MemoryUsage of job (MB)
	24297500  -  ResidentSetSize of job (KB)
...
006 (9627178.000.000) 04/13 17:25:33 Image size of job updated: 50911684
	23729  -  MemoryUsage of job (MB)
	24297500  -  ResidentSetSize of job (KB)
...
006 (9627178.000.000) 04/13 17:30:34 Image size of job updated: 50977364
	23729  -  MemoryUsage of job (MB)
	24297500  -  ResidentSetSize of job (KB)
...
006 (9627178.000.000) 04/13 17:35:34 Image size of job updated: 51045988
	23729  -  MemoryUsage of job (MB)
	24297500  -  ResidentSetSize of job (KB)
...
006 (9627178.000.000) 04/13 17:40:35 Image size of job updated: 51111668
	23729  -  MemoryUsage of job (MB)
	24297500  -  ResidentSetSize of job (KB)
...
006 (9627178.000.000) 04/13 17:45:36 Image size of job updated: 51160636
	23729  -  MemoryUsage of job (MB)
	24297500  -  ResidentSetSize of job (KB)
...
006 (9627178.000.000) 04/13 17:50:36 Image size of job updated: 51223728
	23729  -  MemoryUsage of job (MB)
	24297500  -  ResidentSetSize of job (KB)
...
006 (9627178.000.000) 04/13 17:55:37 Image size of job updated: 51283836
	23729  -  MemoryUsage of job (MB)
	24297500  -  ResidentSetSize of job (KB)
...
006 (9627178.000.000) 04/13 18:00:38 Image size of job updated: 51340056
	23729  -  MemoryUsage of job (MB)
	24297500  -  ResidentSetSize of job (KB)
...
006 (9627178.000.000) 04/13 18:05:38 Image size of job updated: 51378664
	23729  -  MemoryUsage of job (MB)
	24297500  -  ResidentSetSize of job (KB)
...
006 (9627178.000.000) 04/13 18:10:39 Image size of job updated: 51436572
	23729  -  MemoryUsage of job (MB)
	24297500  -  ResidentSetSize of job (KB)
...
006 (9627178.000.000) 04/13 18:15:40 Image size of job updated: 51490720
	23729  -  MemoryUsage of job (MB)
	24297500  -  ResidentSetSize of job (KB)
...
006 (9627178.000.000) 04/13 18:20:40 Image size of job updated: 51545124
	23729  -  MemoryUsage of job (MB)
	24297500  -  ResidentSetSize of job (KB)
...
006 (9627178.000.000) 04/13 18:25:41 Image size of job updated: 51583864
	23729  -  MemoryUsage of job (MB)
	24297500  -  ResidentSetSize of job (KB)
...
006 (9627178.000.000) 04/13 18:30:42 Image size of job updated: 51638924
	23729  -  MemoryUsage of job (MB)
	24297500  -  ResidentSetSize of job (KB)
...
006 (9627178.000.000) 04/13 18:35:42 Image size of job updated: 51693716
	23729  -  MemoryUsage of job (MB)
	24297500  -  ResidentSetSize of job (KB)
...
006 (9627178.000.000) 04/13 18:40:43 Image size of job updated: 51731028
	23729  -  MemoryUsage of job (MB)
	24297500  -  ResidentSetSize of job (KB)
...
006 (9627178.000.000) 04/13 18:45:44 Image size of job updated: 51786472
	23729  -  MemoryUsage of job (MB)
	24297500  -  ResidentSetSize of job (KB)
...
006 (9627178.000.000) 04/13 18:50:44 Image size of job updated: 51843472
	23729  -  MemoryUsage of job (MB)
	24297500  -  ResidentSetSize of job (KB)
...
006 (9627178.000.000) 04/13 18:55:45 Image size of job updated: 51899304
	23729  -  MemoryUsage of job (MB)
	24297500  -  ResidentSetSize of job (KB)
...
006 (9627178.000.000) 04/13 19:00:46 Image size of job updated: 51939984
	23729  -  MemoryUsage of job (MB)
	24297500  -  ResidentSetSize of job (KB)
...
006 (9627178.000.000) 04/13 19:05:46 Image size of job updated: 51997112
	23729  -  MemoryUsage of job (MB)
	24297500  -  ResidentSetSize of job (KB)
...
006 (9627178.000.000) 04/13 19:10:47 Image size of job updated: 52052560
	23729  -  MemoryUsage of job (MB)
	24297500  -  ResidentSetSize of job (KB)
...
006 (9627178.000.000) 04/13 19:15:47 Image size of job updated: 52089352
	23729  -  MemoryUsage of job (MB)
	24297500  -  ResidentSetSize of job (KB)
...
006 (9627178.000.000) 04/13 19:20:47 Image size of job updated: 52145316
	23729  -  MemoryUsage of job (MB)
	24297500  -  ResidentSetSize of job (KB)
...
006 (9627178.000.000) 04/13 19:25:48 Image size of job updated: 52201536
	23729  -  MemoryUsage of job (MB)
	24297500  -  ResidentSetSize of job (KB)
...
006 (9627178.000.000) 04/13 19:30:48 Image size of job updated: 52260220
	23729  -  MemoryUsage of job (MB)
	24297500  -  ResidentSetSize of job (KB)
...
006 (9627178.000.000) 04/13 19:35:48 Image size of job updated: 52299604
	23729  -  MemoryUsage of job (MB)
	24297500  -  ResidentSetSize of job (KB)
...
006 (9627178.000.000) 04/13 19:40:49 Image size of job updated: 52357772
	23729  -  MemoryUsage of job (MB)
	24297500  -  ResidentSetSize of job (KB)
...
006 (9627178.000.000) 04/13 19:45:49 Image size of job updated: 52414636
	23729  -  MemoryUsage of job (MB)
	24297500  -  ResidentSetSize of job (KB)
...
006 (9627178.000.000) 04/13 19:50:49 Image size of job updated: 52469696
	23729  -  MemoryUsage of job (MB)
	24297500  -  ResidentSetSize of job (KB)
...
006 (9627178.000.000) 04/13 19:55:50 Image size of job updated: 52509212
	23729  -  MemoryUsage of job (MB)
	24297500  -  ResidentSetSize of job (KB)
...
006 (9627178.000.000) 04/13 20:00:50 Image size of job updated: 52564524
	23729  -  MemoryUsage of job (MB)
	24297500  -  ResidentSetSize of job (KB)
...
006 (9627178.000.000) 04/13 20:05:50 Image size of job updated: 52619968
	23729  -  MemoryUsage of job (MB)
	24297500  -  ResidentSetSize of job (KB)
...
006 (9627178.000.000) 04/13 20:10:51 Image size of job updated: 52658444
	23729  -  MemoryUsage of job (MB)
	24297500  -  ResidentSetSize of job (KB)
...
006 (9627178.000.000) 04/13 20:15:52 Image size of job updated: 52711432
	23729  -  MemoryUsage of job (MB)
	24297500  -  ResidentSetSize of job (KB)
...
006 (9627178.000.000) 04/13 20:20:52 Image size of job updated: 52767652
	23729  -  MemoryUsage of job (MB)
	24297500  -  ResidentSetSize of job (KB)
...
006 (9627178.000.000) 04/13 20:25:53 Image size of job updated: 52809108
	23729  -  MemoryUsage of job (MB)
	24297500  -  ResidentSetSize of job (KB)
...
006 (9627178.000.000) 04/13 20:30:54 Image size of job updated: 52864032
	23729  -  MemoryUsage of job (MB)
	24297500  -  ResidentSetSize of job (KB)
...
006 (9627178.000.000) 04/13 20:35:54 Image size of job updated: 52919868
	23729  -  MemoryUsage of job (MB)
	24297500  -  ResidentSetSize of job (KB)
...
006 (9627178.000.000) 04/13 20:40:55 Image size of job updated: 52974924
	23729  -  MemoryUsage of job (MB)
	24297500  -  ResidentSetSize of job (KB)
...
006 (9627178.000.000) 04/13 20:45:56 Image size of job updated: 53014308
	23729  -  MemoryUsage of job (MB)
	24297500  -  ResidentSetSize of job (KB)
...
006 (9627178.000.000) 04/13 20:50:56 Image size of job updated: 53066252
	23729  -  MemoryUsage of job (MB)
	24297500  -  ResidentSetSize of job (KB)
...
006 (9627178.000.000) 04/13 20:55:56 Image size of job updated: 53120016
	23729  -  MemoryUsage of job (MB)
	24297500  -  ResidentSetSize of job (KB)
...
006 (9627178.000.000) 04/13 21:00:57 Image size of job updated: 53159012
	23729  -  MemoryUsage of job (MB)
	24297500  -  ResidentSetSize of job (KB)
...
006 (9627178.000.000) 04/13 21:05:57 Image size of job updated: 53213160
	23729  -  MemoryUsage of job (MB)
	24297500  -  ResidentSetSize of job (KB)
...
006 (9627178.000.000) 04/13 21:10:57 Image size of job updated: 53267308
	23729  -  MemoryUsage of job (MB)
	24297500  -  ResidentSetSize of job (KB)
...
006 (9627178.000.000) 04/13 21:15:58 Image size of job updated: 53439104
	23729  -  MemoryUsage of job (MB)
	24297500  -  ResidentSetSize of job (KB)
...
040 (9627178.000.000) 04/13 21:18:15 Started transferring output files
...
040 (9627178.000.000) 04/13 21:18:15 Finished transferring output files
...
005 (9627178.000.000) 04/13 21:18:15 Job terminated.
	(1) Normal termination (return value 0)
		Usr 1 01:03:15, Sys 0 00:15:13  -  Run Remote Usage
		Usr 0 00:00:00, Sys 0 00:00:00  -  Run Local Usage
		Usr 1 01:03:15, Sys 0 00:15:13  -  Total Remote Usage
		Usr 0 00:00:00, Sys 0 00:00:00  -  Total Local Usage
	15990  -  Run Bytes Sent By Job
	226  -  Run Bytes Received By Job
	15990  -  Total Bytes Sent By Job
	226  -  Total Bytes Received By Job
	Partitionable Resources :    Usage  Request Allocated 
	   Cpus                 :     0.98        1         1 
	   Disk (KB)            :    36           1   1290126 
	   Memory (MB)          : 23729        2000      2000 

	Job terminated of its own accord at 2024-04-13T19:18:15Z.
...
