using mass: 10GeV, coupling 1e-2
using mass: 10GeV, coupling 1e-2p5
using mass: 10GeV, coupling 1e-3
using mass: 10GeV, coupling 1e-3p5
using mass: 10GeV, coupling 1e-4
using mass: 10GeV, coupling 1e-4p5
using mass: 10GeV, coupling 1e-5
using mass: 20GeV, coupling 1e-2
using mass: 20GeV, coupling 1e-2p5
using mass: 20GeV, coupling 1e-3
using mass: 20GeV, coupling 1e-3p5
using mass: 20GeV, coupling 1e-4
using mass: 20GeV, coupling 1e-4p5
using mass: 20GeV, coupling 1e-5
using mass: 30GeV, coupling 1e-2
using mass: 30GeV, coupling 1e-2p5
using mass: 30GeV, coupling 1e-3
using mass: 30GeV, coupling 1e-3p5
using mass: 30GeV, coupling 1e-4
using mass: 30GeV, coupling 1e-4p5
using mass: 30GeV, coupling 1e-5
file /eos/user/t/tcritchl/new_variables_HNL_test_March24/HNL_Dirac_ejj_30GeV_1e-5Ve.root does not exist, moving to next file
using mass: 40GeV, coupling 1e-2
using mass: 40GeV, coupling 1e-2p5
using mass: 40GeV, coupling 1e-3
using mass: 40GeV, coupling 1e-3p5
using mass: 40GeV, coupling 1e-4
using mass: 40GeV, coupling 1e-4p5
using mass: 40GeV, coupling 1e-5
using mass: 50GeV, coupling 1e-2
using mass: 50GeV, coupling 1e-2p5
using mass: 50GeV, coupling 1e-3
using mass: 50GeV, coupling 1e-3p5
using mass: 50GeV, coupling 1e-4
using mass: 50GeV, coupling 1e-4p5
using mass: 50GeV, coupling 1e-5
using mass: 60GeV, coupling 1e-2
using mass: 60GeV, coupling 1e-2p5
using mass: 60GeV, coupling 1e-3
using mass: 60GeV, coupling 1e-3p5
using mass: 60GeV, coupling 1e-4
using mass: 60GeV, coupling 1e-4p5
using mass: 60GeV, coupling 1e-5
using mass: 70GeV, coupling 1e-2
using mass: 70GeV, coupling 1e-2p5
using mass: 70GeV, coupling 1e-3
using mass: 70GeV, coupling 1e-3p5
using mass: 70GeV, coupling 1e-4
using mass: 70GeV, coupling 1e-4p5
using mass: 70GeV, coupling 1e-5
using mass: 80GeV, coupling 1e-2
using mass: 80GeV, coupling 1e-2p5
using mass: 80GeV, coupling 1e-3
using mass: 80GeV, coupling 1e-3p5
using mass: 80GeV, coupling 1e-4
using mass: 80GeV, coupling 1e-4p5
using mass: 80GeV, coupling 1e-5
[['/eos/user/t/tcritchl/new_variables_HNL_test_March24/HNL_Dirac_ejj_10GeV_1e-2Ve.root', 'signal_10GeV_1e-2'], ['/eos/user/t/tcritchl/new_variables_HNL_test_March24/HNL_Dirac_ejj_10GeV_1e-2p5Ve.root', 'signal_10GeV_1e-2p5'], ['/eos/user/t/tcritchl/new_variables_HNL_test_March24/HNL_Dirac_ejj_10GeV_1e-3Ve.root', 'signal_10GeV_1e-3'], ['/eos/user/t/tcritchl/new_variables_HNL_test_March24/HNL_Dirac_ejj_10GeV_1e-3p5Ve.root', 'signal_10GeV_1e-3p5'], ['/eos/user/t/tcritchl/new_variables_HNL_test_March24/HNL_Dirac_ejj_10GeV_1e-4Ve.root', 'signal_10GeV_1e-4'], ['/eos/user/t/tcritchl/new_variables_HNL_test_March24/HNL_Dirac_ejj_10GeV_1e-4p5Ve.root', 'signal_10GeV_1e-4p5'], ['/eos/user/t/tcritchl/new_variables_HNL_test_March24/HNL_Dirac_ejj_10GeV_1e-5Ve.root', 'signal_10GeV_1e-5'], ['/eos/user/t/tcritchl/new_variables_HNL_test_March24/HNL_Dirac_ejj_20GeV_1e-2Ve.root', 'signal_20GeV_1e-2'], ['/eos/user/t/tcritchl/new_variables_HNL_test_March24/HNL_Dirac_ejj_20GeV_1e-2p5Ve.root', 'signal_20GeV_1e-2p5'], ['/eos/user/t/tcritchl/new_variables_HNL_test_March24/HNL_Dirac_ejj_20GeV_1e-3Ve.root', 'signal_20GeV_1e-3'], ['/eos/user/t/tcritchl/new_variables_HNL_test_March24/HNL_Dirac_ejj_20GeV_1e-3p5Ve.root', 'signal_20GeV_1e-3p5'], ['/eos/user/t/tcritchl/new_variables_HNL_test_March24/HNL_Dirac_ejj_20GeV_1e-4Ve.root', 'signal_20GeV_1e-4'], ['/eos/user/t/tcritchl/new_variables_HNL_test_March24/HNL_Dirac_ejj_20GeV_1e-4p5Ve.root', 'signal_20GeV_1e-4p5'], ['/eos/user/t/tcritchl/new_variables_HNL_test_March24/HNL_Dirac_ejj_20GeV_1e-5Ve.root', 'signal_20GeV_1e-5'], ['/eos/user/t/tcritchl/new_variables_HNL_test_March24/HNL_Dirac_ejj_30GeV_1e-2Ve.root', 'signal_30GeV_1e-2'], ['/eos/user/t/tcritchl/new_variables_HNL_test_March24/HNL_Dirac_ejj_30GeV_1e-2p5Ve.root', 'signal_30GeV_1e-2p5'], ['/eos/user/t/tcritchl/new_variables_HNL_test_March24/HNL_Dirac_ejj_30GeV_1e-3Ve.root', 'signal_30GeV_1e-3'], ['/eos/user/t/tcritchl/new_variables_HNL_test_March24/HNL_Dirac_ejj_30GeV_1e-3p5Ve.root', 'signal_30GeV_1e-3p5'], ['/eos/user/t/tcritchl/new_variables_HNL_test_March24/HNL_Dirac_ejj_30GeV_1e-4Ve.root', 'signal_30GeV_1e-4'], ['/eos/user/t/tcritchl/new_variables_HNL_test_March24/HNL_Dirac_ejj_30GeV_1e-4p5Ve.root', 'signal_30GeV_1e-4p5'], ['/eos/user/t/tcritchl/new_variables_HNL_test_March24/HNL_Dirac_ejj_40GeV_1e-2Ve.root', 'signal_40GeV_1e-2'], ['/eos/user/t/tcritchl/new_variables_HNL_test_March24/HNL_Dirac_ejj_40GeV_1e-2p5Ve.root', 'signal_40GeV_1e-2p5'], ['/eos/user/t/tcritchl/new_variables_HNL_test_March24/HNL_Dirac_ejj_40GeV_1e-3Ve.root', 'signal_40GeV_1e-3'], ['/eos/user/t/tcritchl/new_variables_HNL_test_March24/HNL_Dirac_ejj_40GeV_1e-3p5Ve.root', 'signal_40GeV_1e-3p5'], ['/eos/user/t/tcritchl/new_variables_HNL_test_March24/HNL_Dirac_ejj_40GeV_1e-4Ve.root', 'signal_40GeV_1e-4'], ['/eos/user/t/tcritchl/new_variables_HNL_test_March24/HNL_Dirac_ejj_40GeV_1e-4p5Ve.root', 'signal_40GeV_1e-4p5'], ['/eos/user/t/tcritchl/new_variables_HNL_test_March24/HNL_Dirac_ejj_40GeV_1e-5Ve.root', 'signal_40GeV_1e-5'], ['/eos/user/t/tcritchl/new_variables_HNL_test_March24/HNL_Dirac_ejj_50GeV_1e-2Ve.root', 'signal_50GeV_1e-2'], ['/eos/user/t/tcritchl/new_variables_HNL_test_March24/HNL_Dirac_ejj_50GeV_1e-2p5Ve.root', 'signal_50GeV_1e-2p5'], ['/eos/user/t/tcritchl/new_variables_HNL_test_March24/HNL_Dirac_ejj_50GeV_1e-3Ve.root', 'signal_50GeV_1e-3'], ['/eos/user/t/tcritchl/new_variables_HNL_test_March24/HNL_Dirac_ejj_50GeV_1e-3p5Ve.root', 'signal_50GeV_1e-3p5'], ['/eos/user/t/tcritchl/new_variables_HNL_test_March24/HNL_Dirac_ejj_50GeV_1e-4Ve.root', 'signal_50GeV_1e-4'], ['/eos/user/t/tcritchl/new_variables_HNL_test_March24/HNL_Dirac_ejj_50GeV_1e-4p5Ve.root', 'signal_50GeV_1e-4p5'], ['/eos/user/t/tcritchl/new_variables_HNL_test_March24/HNL_Dirac_ejj_50GeV_1e-5Ve.root', 'signal_50GeV_1e-5'], ['/eos/user/t/tcritchl/new_variables_HNL_test_March24/HNL_Dirac_ejj_60GeV_1e-2Ve.root', 'signal_60GeV_1e-2'], ['/eos/user/t/tcritchl/new_variables_HNL_test_March24/HNL_Dirac_ejj_60GeV_1e-2p5Ve.root', 'signal_60GeV_1e-2p5'], ['/eos/user/t/tcritchl/new_variables_HNL_test_March24/HNL_Dirac_ejj_60GeV_1e-3Ve.root', 'signal_60GeV_1e-3'], ['/eos/user/t/tcritchl/new_variables_HNL_test_March24/HNL_Dirac_ejj_60GeV_1e-3p5Ve.root', 'signal_60GeV_1e-3p5'], ['/eos/user/t/tcritchl/new_variables_HNL_test_March24/HNL_Dirac_ejj_60GeV_1e-4Ve.root', 'signal_60GeV_1e-4'], ['/eos/user/t/tcritchl/new_variables_HNL_test_March24/HNL_Dirac_ejj_60GeV_1e-4p5Ve.root', 'signal_60GeV_1e-4p5'], ['/eos/user/t/tcritchl/new_variables_HNL_test_March24/HNL_Dirac_ejj_60GeV_1e-5Ve.root', 'signal_60GeV_1e-5'], ['/eos/user/t/tcritchl/new_variables_HNL_test_March24/HNL_Dirac_ejj_70GeV_1e-2Ve.root', 'signal_70GeV_1e-2'], ['/eos/user/t/tcritchl/new_variables_HNL_test_March24/HNL_Dirac_ejj_70GeV_1e-2p5Ve.root', 'signal_70GeV_1e-2p5'], ['/eos/user/t/tcritchl/new_variables_HNL_test_March24/HNL_Dirac_ejj_70GeV_1e-3Ve.root', 'signal_70GeV_1e-3'], ['/eos/user/t/tcritchl/new_variables_HNL_test_March24/HNL_Dirac_ejj_70GeV_1e-3p5Ve.root', 'signal_70GeV_1e-3p5'], ['/eos/user/t/tcritchl/new_variables_HNL_test_March24/HNL_Dirac_ejj_70GeV_1e-4Ve.root', 'signal_70GeV_1e-4'], ['/eos/user/t/tcritchl/new_variables_HNL_test_March24/HNL_Dirac_ejj_70GeV_1e-4p5Ve.root', 'signal_70GeV_1e-4p5'], ['/eos/user/t/tcritchl/new_variables_HNL_test_March24/HNL_Dirac_ejj_70GeV_1e-5Ve.root', 'signal_70GeV_1e-5'], ['/eos/user/t/tcritchl/new_variables_HNL_test_March24/HNL_Dirac_ejj_80GeV_1e-2Ve.root', 'signal_80GeV_1e-2'], ['/eos/user/t/tcritchl/new_variables_HNL_test_March24/HNL_Dirac_ejj_80GeV_1e-2p5Ve.root', 'signal_80GeV_1e-2p5'], ['/eos/user/t/tcritchl/new_variables_HNL_test_March24/HNL_Dirac_ejj_80GeV_1e-3Ve.root', 'signal_80GeV_1e-3'], ['/eos/user/t/tcritchl/new_variables_HNL_test_March24/HNL_Dirac_ejj_80GeV_1e-3p5Ve.root', 'signal_80GeV_1e-3p5'], ['/eos/user/t/tcritchl/new_variables_HNL_test_March24/HNL_Dirac_ejj_80GeV_1e-4Ve.root', 'signal_80GeV_1e-4'], ['/eos/user/t/tcritchl/new_variables_HNL_test_March24/HNL_Dirac_ejj_80GeV_1e-4p5Ve.root', 'signal_80GeV_1e-4p5'], ['/eos/user/t/tcritchl/new_variables_HNL_test_March24/HNL_Dirac_ejj_80GeV_1e-5Ve.root', 'signal_80GeV_1e-5']]
Error in <TBranch::GetBasket>: File: root://eoshome-p.cern.ch//eos/user/p/pakontax/FCC_8March2024/p8_ee_Zbb_ecm91/chunk_1985.root at byte:0, branch:RecoElectron_DiJet_delta_R, entry:69654, badread=0, nerrors=1, basketnumber=19
 *** Break *** segmentation violation



===========================================================
There was a crash.
This is the entire stack trace of all threads:
===========================================================

Thread 24 (Thread 0x7f928b2ce700 (LWP 32584) "python3"):
#0  0x00007f93178ddb3b in do_futex_wait.constprop () from /lib64/libpthread.so.0
#1  0x00007f93178ddbcf in __new_sem_wait_slow.constprop.0 () from /lib64/libpthread.so.0
#2  0x00007f93178ddc6b in sem_wait

GLIBC_2.2.5 () from /lib64/libpthread.so.0
#3  0x00007f92e6e1fdb6 in XrdSysSemaphore::Wait (this=0xbbd5770) at /build/jenkins/workspace/lcg_nightly_pipeline/build/externals/xrootd-5.6.4/src/xrootd/5.6.4/src/XrdSys/XrdSysPthread.hh:509
#4  XrdCl::SyncQueue<XrdCl::JobManager::JobHelper>::Get (this=0xbbe77a8) at /build/jenkins/workspace/lcg_nightly_pipeline/build/externals/xrootd-5.6.4/src/xrootd/5.6.4/src/XrdCl/XrdClSyncQueue.hh:66
#5  XrdCl::JobManager::RunJobs (this=0xbbe7790) at /build/jenkins/workspace/lcg_nightly_pipeline/build/externals/xrootd-5.6.4/src/xrootd/5.6.4/src/XrdCl/XrdClJobManager.cc:151
#6  0x00007f92e6e1fe59 in RunRunnerThread (arg=<optimized out>) at /build/jenkins/workspace/lcg_nightly_pipeline/build/externals/xrootd-5.6.4/src/xrootd/5.6.4/src/XrdCl/XrdClJobManager.cc:34
#7  0x00007f93178d7ea5 in start_thread () from /lib64/libpthread.so.0
#8  0x00007f9316ef7b0d in clone () from /lib64/libc.so.6

Thread 23 (Thread 0x7f928bacf700 (LWP 32583) "python3"):
#0  0x00007f93178ddb3b in do_futex_wait.constprop () from /lib64/libpthread.so.0
#1  0x00007f93178ddbcf in __new_sem_wait_slow.constprop.0 () from /lib64/libpthread.so.0
#2  0x00007f93178ddc6b in sem_wait

GLIBC_2.2.5 () from /lib64/libpthread.so.0
#3  0x00007f92e6e1fdb6 in XrdSysSemaphore::Wait (this=0xbbd5770) at /build/jenkins/workspace/lcg_nightly_pipeline/build/externals/xrootd-5.6.4/src/xrootd/5.6.4/src/XrdSys/XrdSysPthread.hh:509
#4  XrdCl::SyncQueue<XrdCl::JobManager::JobHelper>::Get (this=0xbbe77a8) at /build/jenkins/workspace/lcg_nightly_pipeline/build/externals/xrootd-5.6.4/src/xrootd/5.6.4/src/XrdCl/XrdClSyncQueue.hh:66
#5  XrdCl::JobManager::RunJobs (this=0xbbe7790) at /build/jenkins/workspace/lcg_nightly_pipeline/build/externals/xrootd-5.6.4/src/xrootd/5.6.4/src/XrdCl/XrdClJobManager.cc:151
#6  0x00007f92e6e1fe59 in RunRunnerThread (arg=<optimized out>) at /build/jenkins/workspace/lcg_nightly_pipeline/build/externals/xrootd-5.6.4/src/xrootd/5.6.4/src/XrdCl/XrdClJobManager.cc:34
#7  0x00007f93178d7ea5 in start_thread () from /lib64/libpthread.so.0
#8  0x00007f9316ef7b0d in clone () from /lib64/libc.so.6

Thread 22 (Thread 0x7f928c2d0700 (LWP 32582) "python3"):
#0  0x00007f93178ddb3b in do_futex_wait.constprop () from /lib64/libpthread.so.0
#1  0x00007f93178ddbcf in __new_sem_wait_slow.constprop.0 () from /lib64/libpthread.so.0
#2  0x00007f93178ddc6b in sem_wait

GLIBC_2.2.5 () from /lib64/libpthread.so.0
#3  0x00007f92e6e1fdb6 in XrdSysSemaphore::Wait (this=0xbbd5770) at /build/jenkins/workspace/lcg_nightly_pipeline/build/externals/xrootd-5.6.4/src/xrootd/5.6.4/src/XrdSys/XrdSysPthread.hh:509
#4  XrdCl::SyncQueue<XrdCl::JobManager::JobHelper>::Get (this=0xbbe77a8) at /build/jenkins/workspace/lcg_nightly_pipeline/build/externals/xrootd-5.6.4/src/xrootd/5.6.4/src/XrdCl/XrdClSyncQueue.hh:66
#5  XrdCl::JobManager::RunJobs (this=0xbbe7790) at /build/jenkins/workspace/lcg_nightly_pipeline/build/externals/xrootd-5.6.4/src/xrootd/5.6.4/src/XrdCl/XrdClJobManager.cc:151
#6  0x00007f92e6e1fe59 in RunRunnerThread (arg=<optimized out>) at /build/jenkins/workspace/lcg_nightly_pipeline/build/externals/xrootd-5.6.4/src/xrootd/5.6.4/src/XrdCl/XrdClJobManager.cc:34
#7  0x00007f93178d7ea5 in start_thread () from /lib64/libpthread.so.0
#8  0x00007f9316ef7b0d in clone () from /lib64/libc.so.6

Thread 21 (Thread 0x7f928cad1700 (LWP 32581) "python3"):
#0  0x00007f93178dee9d in nanosleep () from /lib64/libpthread.so.0
#1  0x00007f92e6bb1ba8 in XrdSysTimer::Wait (mills=<optimized out>) at /build/jenkins/workspace/lcg_nightly_pipeline/build/externals/xrootd-5.6.4/src/xrootd/5.6.4/src/XrdSys/XrdSysTimer.cc:239
#2  0x00007f92e6d9e960 in XrdCl::TaskManager::RunTasks (this=0xbbe7420) at /build/jenkins/workspace/lcg_nightly_pipeline/build/externals/xrootd-5.6.4/src/xrootd/5.6.4/src/XrdCl/XrdClTaskManager.cc:246
#3  0x00007f92e6d9ea49 in RunRunnerThread (arg=<optimized out>) at /build/jenkins/workspace/lcg_nightly_pipeline/build/externals/xrootd-5.6.4/src/xrootd/5.6.4/src/XrdCl/XrdClTaskManager.cc:38
#4  0x00007f93178d7ea5 in start_thread () from /lib64/libpthread.so.0
#5  0x00007f9316ef7b0d in clone () from /lib64/libc.so.6

Thread 20 (Thread 0x7f928d2d2700 (LWP 32580) "python3"):
#0  0x00007f9316ef80e3 in epoll_wait () from /lib64/libc.so.6
#1  0x00007f92e6bac282 in XrdSys::IOEvents::PollE::Begin (this=0x15fd5160, syncsem=<optimized out>, retcode=<optimized out>, eTxt=<optimized out>) at /build/jenkins/workspace/lcg_nightly_pipeline/build/externals/xrootd-5.6.4/src/xrootd/5.6.4/src/XrdSys/XrdSysIOEventsPollE.icc:212
#2  0x00007f92e6ba8ccd in XrdSys::IOEvents::BootStrap::Start (parg=0x7ffdc1b39120) at /build/jenkins/workspace/lcg_nightly_pipeline/build/externals/xrootd-5.6.4/src/xrootd/5.6.4/src/XrdSys/XrdSysIOEvents.cc:149
#3  0x00007f92e6bb12a8 in XrdSysThread_Xeq (myargs=0x15be5640) at /build/jenkins/workspace/lcg_nightly_pipeline/build/externals/xrootd-5.6.4/src/xrootd/5.6.4/src/XrdSys/XrdSysPthread.cc:86
#4  0x00007f93178d7ea5 in start_thread () from /lib64/libpthread.so.0
#5  0x00007f9316ef7b0d in clone () from /lib64/libc.so.6

Thread 19 (Thread 0x7f928dad3700 (LWP 32579) "python3"):
#0  0x00007f9316ef80e3 in epoll_wait () from /lib64/libc.so.6
#1  0x00007f92e6bac282 in XrdSys::IOEvents::PollE::Begin (this=0x15b69130, syncsem=<optimized out>, retcode=<optimized out>, eTxt=<optimized out>) at /build/jenkins/workspace/lcg_nightly_pipeline/build/externals/xrootd-5.6.4/src/xrootd/5.6.4/src/XrdSys/XrdSysIOEventsPollE.icc:212
#2  0x00007f92e6ba8ccd in XrdSys::IOEvents::BootStrap::Start (parg=0x7ffdc1b39120) at /build/jenkins/workspace/lcg_nightly_pipeline/build/externals/xrootd-5.6.4/src/xrootd/5.6.4/src/XrdSys/XrdSysIOEvents.cc:149
#3  0x00007f92e6bb12a8 in XrdSysThread_Xeq (myargs=0x167ee870) at /build/jenkins/workspace/lcg_nightly_pipeline/build/externals/xrootd-5.6.4/src/xrootd/5.6.4/src/XrdSys/XrdSysPthread.cc:86
#4  0x00007f93178d7ea5 in start_thread () from /lib64/libpthread.so.0
#5  0x00007f9316ef7b0d in clone () from /lib64/libc.so.6

Thread 18 (Thread 0x7f928e2d4700 (LWP 32578) "python3"):
#0  0x00007f9316ef80e3 in epoll_wait () from /lib64/libc.so.6
#1  0x00007f92e6bac282 in XrdSys::IOEvents::PollE::Begin (this=0x157f0b80, syncsem=<optimized out>, retcode=<optimized out>, eTxt=<optimized out>) at /build/jenkins/workspace/lcg_nightly_pipeline/build/externals/xrootd-5.6.4/src/xrootd/5.6.4/src/XrdSys/XrdSysIOEventsPollE.icc:212
#2  0x00007f92e6ba8ccd in XrdSys::IOEvents::BootStrap::Start (parg=0x7ffdc1b39120) at /build/jenkins/workspace/lcg_nightly_pipeline/build/externals/xrootd-5.6.4/src/xrootd/5.6.4/src/XrdSys/XrdSysIOEvents.cc:149
#3  0x00007f92e6bb12a8 in XrdSysThread_Xeq (myargs=0x166b7340) at /build/jenkins/workspace/lcg_nightly_pipeline/build/externals/xrootd-5.6.4/src/xrootd/5.6.4/src/XrdSys/XrdSysPthread.cc:86
#4  0x00007f93178d7ea5 in start_thread () from /lib64/libpthread.so.0
#5  0x00007f9316ef7b0d in clone () from /lib64/libc.so.6

Thread 17 (Thread 0x7f928ead5700 (LWP 32577) "python3"):
#0  0x00007f9316ef80e3 in epoll_wait () from /lib64/libc.so.6
#1  0x00007f92e6bac282 in XrdSys::IOEvents::PollE::Begin (this=0x163e2220, syncsem=<optimized out>, retcode=<optimized out>, eTxt=<optimized out>) at /build/jenkins/workspace/lcg_nightly_pipeline/build/externals/xrootd-5.6.4/src/xrootd/5.6.4/src/XrdSys/XrdSysIOEventsPollE.icc:212
#2  0x00007f92e6ba8ccd in XrdSys::IOEvents::BootStrap::Start (parg=0x7ffdc1b39120) at /build/jenkins/workspace/lcg_nightly_pipeline/build/externals/xrootd-5.6.4/src/xrootd/5.6.4/src/XrdSys/XrdSysIOEvents.cc:149
#3  0x00007f92e6bb12a8 in XrdSysThread_Xeq (myargs=0x168af820) at /build/jenkins/workspace/lcg_nightly_pipeline/build/externals/xrootd-5.6.4/src/xrootd/5.6.4/src/XrdSys/XrdSysPthread.cc:86
#4  0x00007f93178d7ea5 in start_thread () from /lib64/libpthread.so.0
#5  0x00007f9316ef7b0d in clone () from /lib64/libc.so.6

Thread 16 (Thread 0x7f928f2d6700 (LWP 32576) "python3"):
#0  0x00007f9316ef80e3 in epoll_wait () from /lib64/libc.so.6
#1  0x00007f92e6bac282 in XrdSys::IOEvents::PollE::Begin (this=0xec148c0, syncsem=<optimized out>, retcode=<optimized out>, eTxt=<optimized out>) at /build/jenkins/workspace/lcg_nightly_pipeline/build/externals/xrootd-5.6.4/src/xrootd/5.6.4/src/XrdSys/XrdSysIOEventsPollE.icc:212
#2  0x00007f92e6ba8ccd in XrdSys::IOEvents::BootStrap::Start (parg=0x7ffdc1b39120) at /build/jenkins/workspace/lcg_nightly_pipeline/build/externals/xrootd-5.6.4/src/xrootd/5.6.4/src/XrdSys/XrdSysIOEvents.cc:149
#3  0x00007f92e6bb12a8 in XrdSysThread_Xeq (myargs=0x15bbf1c0) at /build/jenkins/workspace/lcg_nightly_pipeline/build/externals/xrootd-5.6.4/src/xrootd/5.6.4/src/XrdSys/XrdSysPthread.cc:86
#4  0x00007f93178d7ea5 in start_thread () from /lib64/libpthread.so.0
#5  0x00007f9316ef7b0d in clone () from /lib64/libc.so.6

Thread 15 (Thread 0x7f92d60ac700 (LWP 32575) "python3"):
#0  0x00007f9316ef80e3 in epoll_wait () from /lib64/libc.so.6
#1  0x00007f92e6bac282 in XrdSys::IOEvents::PollE::Begin (this=0x1679f110, syncsem=<optimized out>, retcode=<optimized out>, eTxt=<optimized out>) at /build/jenkins/workspace/lcg_nightly_pipeline/build/externals/xrootd-5.6.4/src/xrootd/5.6.4/src/XrdSys/XrdSysIOEventsPollE.icc:212
#2  0x00007f92e6ba8ccd in XrdSys::IOEvents::BootStrap::Start (parg=0x7ffdc1b39120) at /build/jenkins/workspace/lcg_nightly_pipeline/build/externals/xrootd-5.6.4/src/xrootd/5.6.4/src/XrdSys/XrdSysIOEvents.cc:149
#3  0x00007f92e6bb12a8 in XrdSysThread_Xeq (myargs=0x157b7760) at /build/jenkins/workspace/lcg_nightly_pipeline/build/externals/xrootd-5.6.4/src/xrootd/5.6.4/src/XrdSys/XrdSysPthread.cc:86
#4  0x00007f93178d7ea5 in start_thread () from /lib64/libpthread.so.0
#5  0x00007f9316ef7b0d in clone () from /lib64/libc.so.6

Thread 14 (Thread 0x7f92cd8ab700 (LWP 32574) "python3"):
#0  0x00007f9316ef80e3 in epoll_wait () from /lib64/libc.so.6
#1  0x00007f92e6bac282 in XrdSys::IOEvents::PollE::Begin (this=0x1587e0f0, syncsem=<optimized out>, retcode=<optimized out>, eTxt=<optimized out>) at /build/jenkins/workspace/lcg_nightly_pipeline/build/externals/xrootd-5.6.4/src/xrootd/5.6.4/src/XrdSys/XrdSysIOEventsPollE.icc:212
#2  0x00007f92e6ba8ccd in XrdSys::IOEvents::BootStrap::Start (parg=0x7ffdc1b39120) at /build/jenkins/workspace/lcg_nightly_pipeline/build/externals/xrootd-5.6.4/src/xrootd/5.6.4/src/XrdSys/XrdSysIOEvents.cc:149
#3  0x00007f92e6bb12a8 in XrdSysThread_Xeq (myargs=0x15d6e480) at /build/jenkins/workspace/lcg_nightly_pipeline/build/externals/xrootd-5.6.4/src/xrootd/5.6.4/src/XrdSys/XrdSysPthread.cc:86
#4  0x00007f93178d7ea5 in start_thread () from /lib64/libpthread.so.0
#5  0x00007f9316ef7b0d in clone () from /lib64/libc.so.6

Thread 13 (Thread 0x7f92c50aa700 (LWP 32573) "python3"):
#0  0x00007f9316ef80e3 in epoll_wait () from /lib64/libc.so.6
#1  0x00007f92e6bac282 in XrdSys::IOEvents::PollE::Begin (this=0x15b30710, syncsem=<optimized out>, retcode=<optimized out>, eTxt=<optimized out>) at /build/jenkins/workspace/lcg_nightly_pipeline/build/externals/xrootd-5.6.4/src/xrootd/5.6.4/src/XrdSys/XrdSysIOEventsPollE.icc:212
#2  0x00007f92e6ba8ccd in XrdSys::IOEvents::BootStrap::Start (parg=0x7ffdc1b39120) at /build/jenkins/workspace/lcg_nightly_pipeline/build/externals/xrootd-5.6.4/src/xrootd/5.6.4/src/XrdSys/XrdSysIOEvents.cc:149
#3  0x00007f92e6bb12a8 in XrdSysThread_Xeq (myargs=0x16844480) at /build/jenkins/workspace/lcg_nightly_pipeline/build/externals/xrootd-5.6.4/src/xrootd/5.6.4/src/XrdSys/XrdSysPthread.cc:86
#4  0x00007f93178d7ea5 in start_thread () from /lib64/libpthread.so.0
#5  0x00007f9316ef7b0d in clone () from /lib64/libc.so.6

Thread 12 (Thread 0x7f92bc8a9700 (LWP 32572) "python3"):
#0  0x00007f9316ef80e3 in epoll_wait () from /lib64/libc.so.6
#1  0x00007f92e6bac282 in XrdSys::IOEvents::PollE::Begin (this=0x15788370, syncsem=<optimized out>, retcode=<optimized out>, eTxt=<optimized out>) at /build/jenkins/workspace/lcg_nightly_pipeline/build/externals/xrootd-5.6.4/src/xrootd/5.6.4/src/XrdSys/XrdSysIOEventsPollE.icc:212
#2  0x00007f92e6ba8ccd in XrdSys::IOEvents::BootStrap::Start (parg=0x7ffdc1b39120) at /build/jenkins/workspace/lcg_nightly_pipeline/build/externals/xrootd-5.6.4/src/xrootd/5.6.4/src/XrdSys/XrdSysIOEvents.cc:149
#3  0x00007f92e6bb12a8 in XrdSysThread_Xeq (myargs=0x12bfc550) at /build/jenkins/workspace/lcg_nightly_pipeline/build/externals/xrootd-5.6.4/src/xrootd/5.6.4/src/XrdSys/XrdSysPthread.cc:86
#4  0x00007f93178d7ea5 in start_thread () from /lib64/libpthread.so.0
#5  0x00007f9316ef7b0d in clone () from /lib64/libc.so.6

Thread 11 (Thread 0x7f92b40a8700 (LWP 32571) "python3"):
#0  0x00007f9316ef80e3 in epoll_wait () from /lib64/libc.so.6
#1  0x00007f92e6bac282 in XrdSys::IOEvents::PollE::Begin (this=0x158d0400, syncsem=<optimized out>, retcode=<optimized out>, eTxt=<optimized out>) at /build/jenkins/workspace/lcg_nightly_pipeline/build/externals/xrootd-5.6.4/src/xrootd/5.6.4/src/XrdSys/XrdSysIOEventsPollE.icc:212
#2  0x00007f92e6ba8ccd in XrdSys::IOEvents::BootStrap::Start (parg=0x7ffdc1b39120) at /build/jenkins/workspace/lcg_nightly_pipeline/build/externals/xrootd-5.6.4/src/xrootd/5.6.4/src/XrdSys/XrdSysIOEvents.cc:149
#3  0x00007f92e6bb12a8 in XrdSysThread_Xeq (myargs=0x166d23e0) at /build/jenkins/workspace/lcg_nightly_pipeline/build/externals/xrootd-5.6.4/src/xrootd/5.6.4/src/XrdSys/XrdSysPthread.cc:86
#4  0x00007f93178d7ea5 in start_thread () from /lib64/libpthread.so.0
#5  0x00007f9316ef7b0d in clone () from /lib64/libc.so.6

Thread 10 (Thread 0x7f9296ffd700 (LWP 11351) "python3"):
#0  0x00007f93178dba35 in pthread_cond_wait

GLIBC_2.3.2 () from /lib64/libpthread.so.0
#1  0x00007f929eb0d5ef in th_worker (tidptr=<optimized out>) at numexpr/module.cpp:60
#2  0x00007f93178d7ea5 in start_thread () from /lib64/libpthread.so.0
#3  0x00007f9316ef7b0d in clone () from /lib64/libc.so.6

Thread 9 (Thread 0x7f92977fe700 (LWP 11350) "python3"):
#0  0x00007f93178dba35 in pthread_cond_wait

GLIBC_2.3.2 () from /lib64/libpthread.so.0
#1  0x00007f929eb0d5ef in th_worker (tidptr=<optimized out>) at numexpr/module.cpp:60
#2  0x00007f93178d7ea5 in start_thread () from /lib64/libpthread.so.0
#3  0x00007f9316ef7b0d in clone () from /lib64/libc.so.6

Thread 8 (Thread 0x7f9297fff700 (LWP 11349) "python3"):
#0  0x00007f93178dba35 in pthread_cond_wait

GLIBC_2.3.2 () from /lib64/libpthread.so.0
#1  0x00007f929eb0d5ef in th_worker (tidptr=<optimized out>) at numexpr/module.cpp:60
#2  0x00007f93178d7ea5 in start_thread () from /lib64/libpthread.so.0
#3  0x00007f9316ef7b0d in clone () from /lib64/libc.so.6

Thread 7 (Thread 0x7f929caa7700 (LWP 11348) "python3"):
#0  0x00007f93178dba35 in pthread_cond_wait

GLIBC_2.3.2 () from /lib64/libpthread.so.0
#1  0x00007f929eb0d5ef in th_worker (tidptr=<optimized out>) at numexpr/module.cpp:60
#2  0x00007f93178d7ea5 in start_thread () from /lib64/libpthread.so.0
#3  0x00007f9316ef7b0d in clone () from /lib64/libc.so.6

Thread 6 (Thread 0x7f929d2a8700 (LWP 11347) "python3"):
#0  0x00007f93178dba35 in pthread_cond_wait

GLIBC_2.3.2 () from /lib64/libpthread.so.0
#1  0x00007f929eb0d5ef in th_worker (tidptr=<optimized out>) at numexpr/module.cpp:60
#2  0x00007f93178d7ea5 in start_thread () from /lib64/libpthread.so.0
#3  0x00007f9316ef7b0d in clone () from /lib64/libc.so.6

Thread 5 (Thread 0x7f929daa9700 (LWP 11346) "python3"):
#0  0x00007f93178dba35 in pthread_cond_wait

GLIBC_2.3.2 () from /lib64/libpthread.so.0
#1  0x00007f929eb0d5ef in th_worker (tidptr=<optimized out>) at numexpr/module.cpp:60
#2  0x00007f93178d7ea5 in start_thread () from /lib64/libpthread.so.0
#3  0x00007f9316ef7b0d in clone () from /lib64/libc.so.6

Thread 4 (Thread 0x7f929e2aa700 (LWP 11345) "python3"):
#0  0x00007f93178dba35 in pthread_cond_wait

GLIBC_2.3.2 () from /lib64/libpthread.so.0
#1  0x00007f929eb0d5ef in th_worker (tidptr=<optimized out>) at numexpr/module.cpp:60
#2  0x00007f93178d7ea5 in start_thread () from /lib64/libpthread.so.0
#3  0x00007f9316ef7b0d in clone () from /lib64/libc.so.6

Thread 3 (Thread 0x7f929eaab700 (LWP 11344) "python3"):
#0  0x00007f93178dba35 in pthread_cond_wait

GLIBC_2.3.2 () from /lib64/libpthread.so.0
#1  0x00007f929eb0d5ef in th_worker (tidptr=<optimized out>) at numexpr/module.cpp:60
#2  0x00007f93178d7ea5 in start_thread () from /lib64/libpthread.so.0
#3  0x00007f9316ef7b0d in clone () from /lib64/libc.so.6

Thread 2 (Thread 0x7f929f7ff700 (LWP 11334) "jemalloc_bg_thd"):
#0  0x00007f93178dba35 in pthread_cond_wait

GLIBC_2.3.2 () from /lib64/libpthread.so.0
#1  0x00007f92a1361e7b in background_thread_sleep (tsdn=<optimized out>, interval=<optimized out>, info=<optimized out>) at src/background_thread.c:137
#2  background_work_sleep_once (ind=0, info=<optimized out>, tsdn=<optimized out>) at src/background_thread.c:229
#3  background_thread0_work (tsd=<optimized out>) at src/background_thread.c:374
#4  background_work (ind=<optimized out>, tsd=<optimized out>) at src/background_thread.c:412
#5  background_thread_entry (ind_arg=<optimized out>) at src/background_thread.c:444
#6  0x00007f93178d7ea5 in start_thread () from /lib64/libpthread.so.0
#7  0x00007f9316ef7b0d in clone () from /lib64/libc.so.6

Thread 1 (Thread 0x7f93182ba740 (LWP 10964) "python3"):
#0  0x00007f9316ebe659 in waitpid () from /lib64/libc.so.6
#1  0x00007f9316e3bf62 in do_system () from /lib64/libc.so.6
#2  0x00007f9316e3c311 in system () from /lib64/libc.so.6
#3  0x00007f930ff9467e in TUnixSystem::StackTrace() () from /cvmfs/sft-nightlies.cern.ch/lcg/views/dev3/Tue/x86_64-centos7-gcc11-opt/lib/libCore.so
#4  0x00007f93102240f3 in (anonymous namespace)::TExceptionHandlerImp::HandleException(int) () from /cvmfs/sft-nightlies.cern.ch/lcg/views/dev3/Tue/x86_64-centos7-gcc11-opt/lib/libcppyy_backend.so
#5  0x00007f930ff91c11 in TUnixSystem::DispatchSignals(ESignals) () from /cvmfs/sft-nightlies.cern.ch/lcg/views/dev3/Tue/x86_64-centos7-gcc11-opt/lib/libCore.so
#6  <signal handler called>
#7  0x00007f92e703c307 in ?? ()
#8  0x00007f92e700b000 in ?? ()
#9  0x00007f92e703c270 in ?? ()
#10 0x00007f92e703c260 in ?? ()
#11 0x0000000015c34df0 in ?? ()
#12 0x00007f92e703dca0 in ?? ()
#13 0x00007f92e703dc80 in ?? ()
#14 0x00007f92e703d300 in ?? ()
#15 0x0000000000000000 in ?? ()
===========================================================


The lines below might hint at the cause of the crash. If you see question
marks as part of the stack trace, try to recompile with debugging information
enabled and export CLING_DEBUG=1 environment variable before running.
You may get help by asking at the ROOT forum https://root.cern/forum
preferably using the command (.forum bug) in the ROOT prompt.
Only if you are really convinced it is a bug in ROOT then please submit a
report at https://root.cern/bugs or (preferably) using the command (.gh bug) in
the ROOT prompt. Please post the ENTIRE stack trace
from above as an attachment in addition to anything else
that might help us fixing this issue.
===========================================================
#7  0x00007f92e703c307 in ?? ()
#8  0x00007f92e700b000 in ?? ()
#9  0x00007f92e703c270 in ?? ()
#10 0x00007f92e703c260 in ?? ()
#11 0x0000000015c34df0 in ?? ()
#12 0x00007f92e703dca0 in ?? ()
#13 0x00007f92e703dc80 in ?? ()
#14 0x00007f92e703d300 in ?? ()
#15 0x0000000000000000 in ?? ()
===========================================================


 *** Break *** segmentation violation



===========================================================
There was a crash.
This is the entire stack trace of all threads:
===========================================================

Thread 24 (Thread 0x7f928b2ce700 (LWP 1138) "python3"):
#0  0x00007f93178ddb3b in do_futex_wait.constprop () from /lib64/libpthread.so.0
#1  0x00007f93178ddbcf in __new_sem_wait_slow.constprop.0 () from /lib64/libpthread.so.0
#2  0x00007f93178ddc6b in sem_wait

GLIBC_2.2.5 () from /lib64/libpthread.so.0
#3  0x00007f92e6e1fdb6 in XrdSysSemaphore::Wait (this=0xbbd5770) at /build/jenkins/workspace/lcg_nightly_pipeline/build/externals/xrootd-5.6.4/src/xrootd/5.6.4/src/XrdSys/XrdSysPthread.hh:509
#4  XrdCl::SyncQueue<XrdCl::JobManager::JobHelper>::Get (this=0xbbe77a8) at /build/jenkins/workspace/lcg_nightly_pipeline/build/externals/xrootd-5.6.4/src/xrootd/5.6.4/src/XrdCl/XrdClSyncQueue.hh:66
#5  XrdCl::JobManager::RunJobs (this=0xbbe7790) at /build/jenkins/workspace/lcg_nightly_pipeline/build/externals/xrootd-5.6.4/src/xrootd/5.6.4/src/XrdCl/XrdClJobManager.cc:151
#6  0x00007f92e6e1fe59 in RunRunnerThread (arg=<optimized out>) at /build/jenkins/workspace/lcg_nightly_pipeline/build/externals/xrootd-5.6.4/src/xrootd/5.6.4/src/XrdCl/XrdClJobManager.cc:34
#7  0x00007f93178d7ea5 in start_thread () from /lib64/libpthread.so.0
#8  0x00007f9316ef7b0d in clone () from /lib64/libc.so.6

Thread 23 (Thread 0x7f928bacf700 (LWP 1137) "python3"):
#0  0x00007f93178ddb3b in do_futex_wait.constprop () from /lib64/libpthread.so.0
#1  0x00007f93178ddbcf in __new_sem_wait_slow.constprop.0 () from /lib64/libpthread.so.0
#2  0x00007f93178ddc6b in sem_wait

GLIBC_2.2.5 () from /lib64/libpthread.so.0
#3  0x00007f92e6e1fdb6 in XrdSysSemaphore::Wait (this=0xbbd5770) at /build/jenkins/workspace/lcg_nightly_pipeline/build/externals/xrootd-5.6.4/src/xrootd/5.6.4/src/XrdSys/XrdSysPthread.hh:509
#4  XrdCl::SyncQueue<XrdCl::JobManager::JobHelper>::Get (this=0xbbe77a8) at /build/jenkins/workspace/lcg_nightly_pipeline/build/externals/xrootd-5.6.4/src/xrootd/5.6.4/src/XrdCl/XrdClSyncQueue.hh:66
#5  XrdCl::JobManager::RunJobs (this=0xbbe7790) at /build/jenkins/workspace/lcg_nightly_pipeline/build/externals/xrootd-5.6.4/src/xrootd/5.6.4/src/XrdCl/XrdClJobManager.cc:151
#6  0x00007f92e6e1fe59 in RunRunnerThread (arg=<optimized out>) at /build/jenkins/workspace/lcg_nightly_pipeline/build/externals/xrootd-5.6.4/src/xrootd/5.6.4/src/XrdCl/XrdClJobManager.cc:34
#7  0x00007f93178d7ea5 in start_thread () from /lib64/libpthread.so.0
#8  0x00007f9316ef7b0d in clone () from /lib64/libc.so.6

Thread 22 (Thread 0x7f928c2d0700 (LWP 1136) "python3"):
#0  0x00007f93178ddb3b in do_futex_wait.constprop () from /lib64/libpthread.so.0
#1  0x00007f93178ddbcf in __new_sem_wait_slow.constprop.0 () from /lib64/libpthread.so.0
#2  0x00007f93178ddc6b in sem_wait

GLIBC_2.2.5 () from /lib64/libpthread.so.0
#3  0x00007f92e6e1fdb6 in XrdSysSemaphore::Wait (this=0xbbd5770) at /build/jenkins/workspace/lcg_nightly_pipeline/build/externals/xrootd-5.6.4/src/xrootd/5.6.4/src/XrdSys/XrdSysPthread.hh:509
#4  XrdCl::SyncQueue<XrdCl::JobManager::JobHelper>::Get (this=0xbbe77a8) at /build/jenkins/workspace/lcg_nightly_pipeline/build/externals/xrootd-5.6.4/src/xrootd/5.6.4/src/XrdCl/XrdClSyncQueue.hh:66
#5  XrdCl::JobManager::RunJobs (this=0xbbe7790) at /build/jenkins/workspace/lcg_nightly_pipeline/build/externals/xrootd-5.6.4/src/xrootd/5.6.4/src/XrdCl/XrdClJobManager.cc:151
#6  0x00007f92e6e1fe59 in RunRunnerThread (arg=<optimized out>) at /build/jenkins/workspace/lcg_nightly_pipeline/build/externals/xrootd-5.6.4/src/xrootd/5.6.4/src/XrdCl/XrdClJobManager.cc:34
#7  0x00007f93178d7ea5 in start_thread () from /lib64/libpthread.so.0
#8  0x00007f9316ef7b0d in clone () from /lib64/libc.so.6

Thread 21 (Thread 0x7f928cad1700 (LWP 1135) "python3"):
#0  0x00007f93178dee9d in nanosleep () from /lib64/libpthread.so.0
#1  0x00007f92e6bb1ba8 in XrdSysTimer::Wait (mills=<optimized out>) at /build/jenkins/workspace/lcg_nightly_pipeline/build/externals/xrootd-5.6.4/src/xrootd/5.6.4/src/XrdSys/XrdSysTimer.cc:239
#2  0x00007f92e6d9e960 in XrdCl::TaskManager::RunTasks (this=0xbbe7420) at /build/jenkins/workspace/lcg_nightly_pipeline/build/externals/xrootd-5.6.4/src/xrootd/5.6.4/src/XrdCl/XrdClTaskManager.cc:246
#3  0x00007f92e6d9ea49 in RunRunnerThread (arg=<optimized out>) at /build/jenkins/workspace/lcg_nightly_pipeline/build/externals/xrootd-5.6.4/src/xrootd/5.6.4/src/XrdCl/XrdClTaskManager.cc:38
#4  0x00007f93178d7ea5 in start_thread () from /lib64/libpthread.so.0
#5  0x00007f9316ef7b0d in clone () from /lib64/libc.so.6

Thread 20 (Thread 0x7f928d2d2700 (LWP 1134) "python3"):
#0  0x00007f9316ef80e3 in epoll_wait () from /lib64/libc.so.6
#1  0x00007f92e6bac282 in XrdSys::IOEvents::PollE::Begin (this=0x167a5e00, syncsem=<optimized out>, retcode=<optimized out>, eTxt=<optimized out>) at /build/jenkins/workspace/lcg_nightly_pipeline/build/externals/xrootd-5.6.4/src/xrootd/5.6.4/src/XrdSys/XrdSysIOEventsPollE.icc:212
#2  0x00007f92e6ba8ccd in XrdSys::IOEvents::BootStrap::Start (parg=0x7ffdc1b39120) at /build/jenkins/workspace/lcg_nightly_pipeline/build/externals/xrootd-5.6.4/src/xrootd/5.6.4/src/XrdSys/XrdSysIOEvents.cc:149
#3  0x00007f92e6bb12a8 in XrdSysThread_Xeq (myargs=0x168d53a0) at /build/jenkins/workspace/lcg_nightly_pipeline/build/externals/xrootd-5.6.4/src/xrootd/5.6.4/src/XrdSys/XrdSysPthread.cc:86
#4  0x00007f93178d7ea5 in start_thread () from /lib64/libpthread.so.0
#5  0x00007f9316ef7b0d in clone () from /lib64/libc.so.6

Thread 19 (Thread 0x7f928dad3700 (LWP 1133) "python3"):
#0  0x00007f9316ef80e3 in epoll_wait () from /lib64/libc.so.6
#1  0x00007f92e6bac282 in XrdSys::IOEvents::PollE::Begin (this=0x165b9660, syncsem=<optimized out>, retcode=<optimized out>, eTxt=<optimized out>) at /build/jenkins/workspace/lcg_nightly_pipeline/build/externals/xrootd-5.6.4/src/xrootd/5.6.4/src/XrdSys/XrdSysIOEventsPollE.icc:212
#2  0x00007f92e6ba8ccd in XrdSys::IOEvents::BootStrap::Start (parg=0x7ffdc1b39120) at /build/jenkins/workspace/lcg_nightly_pipeline/build/externals/xrootd-5.6.4/src/xrootd/5.6.4/src/XrdSys/XrdSysIOEvents.cc:149
#3  0x00007f92e6bb12a8 in XrdSysThread_Xeq (myargs=0x1664b560) at /build/jenkins/workspace/lcg_nightly_pipeline/build/externals/xrootd-5.6.4/src/xrootd/5.6.4/src/XrdSys/XrdSysPthread.cc:86
#4  0x00007f93178d7ea5 in start_thread () from /lib64/libpthread.so.0
#5  0x00007f9316ef7b0d in clone () from /lib64/libc.so.6

Thread 18 (Thread 0x7f928e2d4700 (LWP 1132) "python3"):
#0  0x00007f9316ef80e3 in epoll_wait () from /lib64/libc.so.6
#1  0x00007f92e6bac282 in XrdSys::IOEvents::PollE::Begin (this=0x157dbf60, syncsem=<optimized out>, retcode=<optimized out>, eTxt=<optimized out>) at /build/jenkins/workspace/lcg_nightly_pipeline/build/externals/xrootd-5.6.4/src/xrootd/5.6.4/src/XrdSys/XrdSysIOEventsPollE.icc:212
#2  0x00007f92e6ba8ccd in XrdSys::IOEvents::BootStrap::Start (parg=0x7ffdc1b39120) at /build/jenkins/workspace/lcg_nightly_pipeline/build/externals/xrootd-5.6.4/src/xrootd/5.6.4/src/XrdSys/XrdSysIOEvents.cc:149
#3  0x00007f92e6bb12a8 in XrdSysThread_Xeq (myargs=0x15ea33d0) at /build/jenkins/workspace/lcg_nightly_pipeline/build/externals/xrootd-5.6.4/src/xrootd/5.6.4/src/XrdSys/XrdSysPthread.cc:86
#4  0x00007f93178d7ea5 in start_thread () from /lib64/libpthread.so.0
#5  0x00007f9316ef7b0d in clone () from /lib64/libc.so.6

Thread 17 (Thread 0x7f928ead5700 (LWP 1131) "python3"):
#0  0x00007f9316ef80e3 in epoll_wait () from /lib64/libc.so.6
#1  0x00007f92e6bac282 in XrdSys::IOEvents::PollE::Begin (this=0x1582a9e0, syncsem=<optimized out>, retcode=<optimized out>, eTxt=<optimized out>) at /build/jenkins/workspace/lcg_nightly_pipeline/build/externals/xrootd-5.6.4/src/xrootd/5.6.4/src/XrdSys/XrdSysIOEventsPollE.icc:212
#2  0x00007f92e6ba8ccd in XrdSys::IOEvents::BootStrap::Start (parg=0x7ffdc1b39120) at /build/jenkins/workspace/lcg_nightly_pipeline/build/externals/xrootd-5.6.4/src/xrootd/5.6.4/src/XrdSys/XrdSysIOEvents.cc:149
#3  0x00007f92e6bb12a8 in XrdSysThread_Xeq (myargs=0x1593f780) at /build/jenkins/workspace/lcg_nightly_pipeline/build/externals/xrootd-5.6.4/src/xrootd/5.6.4/src/XrdSys/XrdSysPthread.cc:86
#4  0x00007f93178d7ea5 in start_thread () from /lib64/libpthread.so.0
#5  0x00007f9316ef7b0d in clone () from /lib64/libc.so.6

Thread 16 (Thread 0x7f928f2d6700 (LWP 1130) "python3"):
#0  0x00007f9316ef80e3 in epoll_wait () from /lib64/libc.so.6
#1  0x00007f92e6bac282 in XrdSys::IOEvents::PollE::Begin (this=0x158fc1c0, syncsem=<optimized out>, retcode=<optimized out>, eTxt=<optimized out>) at /build/jenkins/workspace/lcg_nightly_pipeline/build/externals/xrootd-5.6.4/src/xrootd/5.6.4/src/XrdSys/XrdSysIOEventsPollE.icc:212
#2  0x00007f92e6ba8ccd in XrdSys::IOEvents::BootStrap::Start (parg=0x7ffdc1b39120) at /build/jenkins/workspace/lcg_nightly_pipeline/build/externals/xrootd-5.6.4/src/xrootd/5.6.4/src/XrdSys/XrdSysIOEvents.cc:149
#3  0x00007f92e6bb12a8 in XrdSysThread_Xeq (myargs=0x160241d0) at /build/jenkins/workspace/lcg_nightly_pipeline/build/externals/xrootd-5.6.4/src/xrootd/5.6.4/src/XrdSys/XrdSysPthread.cc:86
#4  0x00007f93178d7ea5 in start_thread () from /lib64/libpthread.so.0
#5  0x00007f9316ef7b0d in clone () from /lib64/libc.so.6

Thread 15 (Thread 0x7f92d60ac700 (LWP 1129) "python3"):
#0  0x00007f9316ef80e3 in epoll_wait () from /lib64/libc.so.6
#1  0x00007f92e6bac282 in XrdSys::IOEvents::PollE::Begin (this=0x1656c4d0, syncsem=<optimized out>, retcode=<optimized out>, eTxt=<optimized out>) at /build/jenkins/workspace/lcg_nightly_pipeline/build/externals/xrootd-5.6.4/src/xrootd/5.6.4/src/XrdSys/XrdSysIOEventsPollE.icc:212
#2  0x00007f92e6ba8ccd in XrdSys::IOEvents::BootStrap::Start (parg=0x7ffdc1b39120) at /build/jenkins/workspace/lcg_nightly_pipeline/build/externals/xrootd-5.6.4/src/xrootd/5.6.4/src/XrdSys/XrdSysIOEvents.cc:149
#3  0x00007f92e6bb12a8 in XrdSysThread_Xeq (myargs=0x15e59450) at /build/jenkins/workspace/lcg_nightly_pipeline/build/externals/xrootd-5.6.4/src/xrootd/5.6.4/src/XrdSys/XrdSysPthread.cc:86
#4  0x00007f93178d7ea5 in start_thread () from /lib64/libpthread.so.0
#5  0x00007f9316ef7b0d in clone () from /lib64/libc.so.6

Thread 14 (Thread 0x7f92cd8ab700 (LWP 1128) "python3"):
#0  0x00007f9316ef80e3 in epoll_wait () from /lib64/libc.so.6
#1  0x00007f92e6bac282 in XrdSys::IOEvents::PollE::Begin (this=0x15893f90, syncsem=<optimized out>, retcode=<optimized out>, eTxt=<optimized out>) at /build/jenkins/workspace/lcg_nightly_pipeline/build/externals/xrootd-5.6.4/src/xrootd/5.6.4/src/XrdSys/XrdSysIOEventsPollE.icc:212
#2  0x00007f92e6ba8ccd in XrdSys::IOEvents::BootStrap::Start (parg=0x7ffdc1b39120) at /build/jenkins/workspace/lcg_nightly_pipeline/build/externals/xrootd-5.6.4/src/xrootd/5.6.4/src/XrdSys/XrdSysIOEvents.cc:149
#3  0x00007f92e6bb12a8 in XrdSysThread_Xeq (myargs=0x157c6dc0) at /build/jenkins/workspace/lcg_nightly_pipeline/build/externals/xrootd-5.6.4/src/xrootd/5.6.4/src/XrdSys/XrdSysPthread.cc:86
#4  0x00007f93178d7ea5 in start_thread () from /lib64/libpthread.so.0
#5  0x00007f9316ef7b0d in clone () from /lib64/libc.so.6

Thread 13 (Thread 0x7f92c50aa700 (LWP 1127) "python3"):
#0  0x00007f9316ef80e3 in epoll_wait () from /lib64/libc.so.6
#1  0x00007f92e6bac282 in XrdSys::IOEvents::PollE::Begin (this=0x15bdbfa0, syncsem=<optimized out>, retcode=<optimized out>, eTxt=<optimized out>) at /build/jenkins/workspace/lcg_nightly_pipeline/build/externals/xrootd-5.6.4/src/xrootd/5.6.4/src/XrdSys/XrdSysIOEventsPollE.icc:212
#2  0x00007f92e6ba8ccd in XrdSys::IOEvents::BootStrap::Start (parg=0x7ffdc1b39120) at /build/jenkins/workspace/lcg_nightly_pipeline/build/externals/xrootd-5.6.4/src/xrootd/5.6.4/src/XrdSys/XrdSysIOEvents.cc:149
#3  0x00007f92e6bb12a8 in XrdSysThread_Xeq (myargs=0x16a0ba60) at /build/jenkins/workspace/lcg_nightly_pipeline/build/externals/xrootd-5.6.4/src/xrootd/5.6.4/src/XrdSys/XrdSysPthread.cc:86
#4  0x00007f93178d7ea5 in start_thread () from /lib64/libpthread.so.0
#5  0x00007f9316ef7b0d in clone () from /lib64/libc.so.6

Thread 12 (Thread 0x7f92bc8a9700 (LWP 1126) "python3"):
#0  0x00007f9316ef80e3 in epoll_wait () from /lib64/libc.so.6
#1  0x00007f92e6bac282 in XrdSys::IOEvents::PollE::Begin (this=0x1595e5f0, syncsem=<optimized out>, retcode=<optimized out>, eTxt=<optimized out>) at /build/jenkins/workspace/lcg_nightly_pipeline/build/externals/xrootd-5.6.4/src/xrootd/5.6.4/src/XrdSys/XrdSysIOEventsPollE.icc:212
#2  0x00007f92e6ba8ccd in XrdSys::IOEvents::BootStrap::Start (parg=0x7ffdc1b39120) at /build/jenkins/workspace/lcg_nightly_pipeline/build/externals/xrootd-5.6.4/src/xrootd/5.6.4/src/XrdSys/XrdSysIOEvents.cc:149
#3  0x00007f92e6bb12a8 in XrdSysThread_Xeq (myargs=0x15b80280) at /build/jenkins/workspace/lcg_nightly_pipeline/build/externals/xrootd-5.6.4/src/xrootd/5.6.4/src/XrdSys/XrdSysPthread.cc:86
#4  0x00007f93178d7ea5 in start_thread () from /lib64/libpthread.so.0
#5  0x00007f9316ef7b0d in clone () from /lib64/libc.so.6

Thread 11 (Thread 0x7f92b40a8700 (LWP 1125) "python3"):
#0  0x00007f9316ef80e3 in epoll_wait () from /lib64/libc.so.6
#1  0x00007f92e6bac282 in XrdSys::IOEvents::PollE::Begin (this=0x15ebf7f0, syncsem=<optimized out>, retcode=<optimized out>, eTxt=<optimized out>) at /build/jenkins/workspace/lcg_nightly_pipeline/build/externals/xrootd-5.6.4/src/xrootd/5.6.4/src/XrdSys/XrdSysIOEventsPollE.icc:212
#2  0x00007f92e6ba8ccd in XrdSys::IOEvents::BootStrap::Start (parg=0x7ffdc1b39120) at /build/jenkins/workspace/lcg_nightly_pipeline/build/externals/xrootd-5.6.4/src/xrootd/5.6.4/src/XrdSys/XrdSysIOEvents.cc:149
#3  0x00007f92e6bb12a8 in XrdSysThread_Xeq (myargs=0x12c2ebe0) at /build/jenkins/workspace/lcg_nightly_pipeline/build/externals/xrootd-5.6.4/src/xrootd/5.6.4/src/XrdSys/XrdSysPthread.cc:86
#4  0x00007f93178d7ea5 in start_thread () from /lib64/libpthread.so.0
#5  0x00007f9316ef7b0d in clone () from /lib64/libc.so.6

Thread 10 (Thread 0x7f9296ffd700 (LWP 11351) "python3"):
#0  0x00007f93178dba35 in pthread_cond_wait

GLIBC_2.3.2 () from /lib64/libpthread.so.0
#1  0x00007f929eb0d5ef in th_worker (tidptr=<optimized out>) at numexpr/module.cpp:60
#2  0x00007f93178d7ea5 in start_thread () from /lib64/libpthread.so.0
#3  0x00007f9316ef7b0d in clone () from /lib64/libc.so.6

Thread 9 (Thread 0x7f92977fe700 (LWP 11350) "python3"):
#0  0x00007f93178dba35 in pthread_cond_wait

GLIBC_2.3.2 () from /lib64/libpthread.so.0
#1  0x00007f929eb0d5ef in th_worker (tidptr=<optimized out>) at numexpr/module.cpp:60
#2  0x00007f93178d7ea5 in start_thread () from /lib64/libpthread.so.0
#3  0x00007f9316ef7b0d in clone () from /lib64/libc.so.6

Thread 8 (Thread 0x7f9297fff700 (LWP 11349) "python3"):
#0  0x00007f93178dba35 in pthread_cond_wait

GLIBC_2.3.2 () from /lib64/libpthread.so.0
#1  0x00007f929eb0d5ef in th_worker (tidptr=<optimized out>) at numexpr/module.cpp:60
#2  0x00007f93178d7ea5 in start_thread () from /lib64/libpthread.so.0
#3  0x00007f9316ef7b0d in clone () from /lib64/libc.so.6

Thread 7 (Thread 0x7f929caa7700 (LWP 11348) "python3"):
#0  0x00007f93178dba35 in pthread_cond_wait

GLIBC_2.3.2 () from /lib64/libpthread.so.0
#1  0x00007f929eb0d5ef in th_worker (tidptr=<optimized out>) at numexpr/module.cpp:60
#2  0x00007f93178d7ea5 in start_thread () from /lib64/libpthread.so.0
#3  0x00007f9316ef7b0d in clone () from /lib64/libc.so.6

Thread 6 (Thread 0x7f929d2a8700 (LWP 11347) "python3"):
#0  0x00007f93178dba35 in pthread_cond_wait

GLIBC_2.3.2 () from /lib64/libpthread.so.0
#1  0x00007f929eb0d5ef in th_worker (tidptr=<optimized out>) at numexpr/module.cpp:60
#2  0x00007f93178d7ea5 in start_thread () from /lib64/libpthread.so.0
#3  0x00007f9316ef7b0d in clone () from /lib64/libc.so.6

Thread 5 (Thread 0x7f929daa9700 (LWP 11346) "python3"):
#0  0x00007f93178dba35 in pthread_cond_wait

GLIBC_2.3.2 () from /lib64/libpthread.so.0
#1  0x00007f929eb0d5ef in th_worker (tidptr=<optimized out>) at numexpr/module.cpp:60
#2  0x00007f93178d7ea5 in start_thread () from /lib64/libpthread.so.0
#3  0x00007f9316ef7b0d in clone () from /lib64/libc.so.6

Thread 4 (Thread 0x7f929e2aa700 (LWP 11345) "python3"):
#0  0x00007f93178dba35 in pthread_cond_wait

GLIBC_2.3.2 () from /lib64/libpthread.so.0
#1  0x00007f929eb0d5ef in th_worker (tidptr=<optimized out>) at numexpr/module.cpp:60
#2  0x00007f93178d7ea5 in start_thread () from /lib64/libpthread.so.0
#3  0x00007f9316ef7b0d in clone () from /lib64/libc.so.6

Thread 3 (Thread 0x7f929eaab700 (LWP 11344) "python3"):
#0  0x00007f93178dba35 in pthread_cond_wait

GLIBC_2.3.2 () from /lib64/libpthread.so.0
#1  0x00007f929eb0d5ef in th_worker (tidptr=<optimized out>) at numexpr/module.cpp:60
#2  0x00007f93178d7ea5 in start_thread () from /lib64/libpthread.so.0
#3  0x00007f9316ef7b0d in clone () from /lib64/libc.so.6

Thread 2 (Thread 0x7f929f7ff700 (LWP 11334) "jemalloc_bg_thd"):
#0  0x00007f93178dba35 in pthread_cond_wait

GLIBC_2.3.2 () from /lib64/libpthread.so.0
#1  0x00007f92a1361e7b in background_thread_sleep (tsdn=<optimized out>, interval=<optimized out>, info=<optimized out>) at src/background_thread.c:137
#2  background_work_sleep_once (ind=0, info=<optimized out>, tsdn=<optimized out>) at src/background_thread.c:229
#3  background_thread0_work (tsd=<optimized out>) at src/background_thread.c:374
#4  background_work (ind=<optimized out>, tsd=<optimized out>) at src/background_thread.c:412
#5  background_thread_entry (ind_arg=<optimized out>) at src/background_thread.c:444
#6  0x00007f93178d7ea5 in start_thread () from /lib64/libpthread.so.0
#7  0x00007f9316ef7b0d in clone () from /lib64/libc.so.6

Thread 1 (Thread 0x7f93182ba740 (LWP 10964) "python3"):
#0  0x00007f9316ebe659 in waitpid () from /lib64/libc.so.6
#1  0x00007f9316e3bf62 in do_system () from /lib64/libc.so.6
#2  0x00007f9316e3c311 in system () from /lib64/libc.so.6
#3  0x00007f930ff9467e in TUnixSystem::StackTrace() () from /cvmfs/sft-nightlies.cern.ch/lcg/views/dev3/Tue/x86_64-centos7-gcc11-opt/lib/libCore.so
#4  0x00007f9310223f73 in (anonymous namespace)::TExceptionHandlerImp::HandleException(int) () from /cvmfs/sft-nightlies.cern.ch/lcg/views/dev3/Tue/x86_64-centos7-gcc11-opt/lib/libcppyy_backend.so
#5  0x00007f930ff91c11 in TUnixSystem::DispatchSignals(ESignals) () from /cvmfs/sft-nightlies.cern.ch/lcg/views/dev3/Tue/x86_64-centos7-gcc11-opt/lib/libCore.so
#6  <signal handler called>
#7  0x00007f92e703c307 in ?? ()
#8  0x00007f92e700b000 in ?? ()
#9  0x00007f92e703c270 in ?? ()
#10 0x00007f92e703c260 in ?? ()
#11 0x0000000015c34df0 in ?? ()
#12 0x00007f92e703dca0 in ?? ()
#13 0x00007f92e703dc80 in ?? ()
#14 0x00007f92e703d300 in ?? ()
#15 0x0000000000000000 in ?? ()
===========================================================


The lines below might hint at the cause of the crash. If you see question
marks as part of the stack trace, try to recompile with debugging information
enabled and export CLING_DEBUG=1 environment variable before running.
You may get help by asking at the ROOT forum https://root.cern/forum
preferably using the command (.forum bug) in the ROOT prompt.
Only if you are really convinced it is a bug in ROOT then please submit a
report at https://root.cern/bugs or (preferably) using the command (.gh bug) in
the ROOT prompt. Please post the ENTIRE stack trace
from above as an attachment in addition to anything else
that might help us fixing this issue.
===========================================================
#7  0x00007f92e703c307 in ?? ()
#8  0x00007f92e700b000 in ?? ()
#9  0x00007f92e703c270 in ?? ()
#10 0x00007f92e703c260 in ?? ()
#11 0x0000000015c34df0 in ?? ()
#12 0x00007f92e703dca0 in ?? ()
#13 0x00007f92e703dc80 in ?? ()
#14 0x00007f92e703d300 in ?? ()
#15 0x0000000000000000 in ?? ()
===========================================================


