000 (9652555.000.000) 04/18 23:56:56 Job submitted from host: <137.138.156.150:9618?addrs=137.138.156.150-9618+[2001-1458-d00-14--9a]-9618&alias=bigbird13.cern.ch&noUDP&sock=schedd_2138_1192>
...
040 (9652555.000.000) 04/18 23:59:23 Started transferring input files
	Transferring to host: <128.142.51.206:9618?addrs=128.142.51.206-9618+[2001-1458-301-3--100-b]-9618&alias=b9g02p1247.cern.ch&noUDP&sock=slot1_22_2275803_d79a_2102>
...
040 (9652555.000.000) 04/18 23:59:23 Finished transferring input files
...
001 (9652555.000.000) 04/18 23:59:24 Job executing on host: <128.142.51.206:9618?addrs=128.142.51.206-9618+[2001-1458-301-3--100-b]-9618&alias=b9g02p1247.cern.ch&noUDP&sock=startd_5946_0a37>
...
006 (9652555.000.000) 04/18 23:59:32 Image size of job updated: 24728
	24  -  MemoryUsage of job (MB)
	24520  -  ResidentSetSize of job (KB)
...
006 (9652555.000.000) 04/19 00:04:32 Image size of job updated: 2674072
	2611  -  MemoryUsage of job (MB)
	2672680  -  ResidentSetSize of job (KB)
...
006 (9652555.000.000) 04/19 00:09:32 Image size of job updated: 6302808
	6154  -  MemoryUsage of job (MB)
	6301628  -  ResidentSetSize of job (KB)
...
006 (9652555.000.000) 04/19 00:14:33 Image size of job updated: 10366024
	10120  -  MemoryUsage of job (MB)
	10362724  -  ResidentSetSize of job (KB)
...
006 (9652555.000.000) 04/19 00:19:33 Image size of job updated: 13415180
	10885  -  MemoryUsage of job (MB)
	11145600  -  ResidentSetSize of job (KB)
...
006 (9652555.000.000) 04/19 00:24:33 Image size of job updated: 13415180
	12637  -  MemoryUsage of job (MB)
	12940148  -  ResidentSetSize of job (KB)
...
006 (9652555.000.000) 04/19 00:29:34 Image size of job updated: 17014292
	16615  -  MemoryUsage of job (MB)
	17013152  -  ResidentSetSize of job (KB)
...
006 (9652555.000.000) 04/19 00:34:35 Image size of job updated: 21009716
	20518  -  MemoryUsage of job (MB)
	21009708  -  ResidentSetSize of job (KB)
...
006 (9652555.000.000) 04/19 00:39:35 Image size of job updated: 24986752
	24395  -  MemoryUsage of job (MB)
	24980056  -  ResidentSetSize of job (KB)
...
006 (9652555.000.000) 04/19 00:44:36 Image size of job updated: 28159564
	27491  -  MemoryUsage of job (MB)
	28150760  -  ResidentSetSize of job (KB)
...
006 (9652555.000.000) 04/19 00:49:37 Image size of job updated: 29968140
	29210  -  MemoryUsage of job (MB)
	29910840  -  ResidentSetSize of job (KB)
...
006 (9652555.000.000) 04/19 00:54:37 Image size of job updated: 31420948
	30683  -  MemoryUsage of job (MB)
	31419132  -  ResidentSetSize of job (KB)
...
006 (9652555.000.000) 04/19 00:59:37 Image size of job updated: 33365728
	32306  -  MemoryUsage of job (MB)
	33080896  -  ResidentSetSize of job (KB)
...
006 (9652555.000.000) 04/19 01:04:38 Image size of job updated: 35111304
	33575  -  MemoryUsage of job (MB)
	34380244  -  ResidentSetSize of job (KB)
...
006 (9652555.000.000) 04/19 01:09:38 Image size of job updated: 35111304
	34149  -  MemoryUsage of job (MB)
	34968096  -  ResidentSetSize of job (KB)
...
006 (9652555.000.000) 04/19 01:14:38 Image size of job updated: 35713632
	34149  -  MemoryUsage of job (MB)
	34968096  -  ResidentSetSize of job (KB)
...
006 (9652555.000.000) 04/19 02:19:45 Image size of job updated: 35713632
	34455  -  MemoryUsage of job (MB)
	35281032  -  ResidentSetSize of job (KB)
...
006 (9652555.000.000) 04/19 02:24:46 Image size of job updated: 37362028
	36136  -  MemoryUsage of job (MB)
	37003200  -  ResidentSetSize of job (KB)
...
006 (9652555.000.000) 04/19 02:34:47 Image size of job updated: 38503564
	36940  -  MemoryUsage of job (MB)
	37826528  -  ResidentSetSize of job (KB)
...
006 (9652555.000.000) 04/19 02:49:48 Image size of job updated: 39230540
	38311  -  MemoryUsage of job (MB)
	39229676  -  ResidentSetSize of job (KB)
...
006 (9652555.000.000) 04/19 02:54:48 Image size of job updated: 41451620
	38311  -  MemoryUsage of job (MB)
	39229676  -  ResidentSetSize of job (KB)
...
040 (9652555.000.000) 04/19 08:23:38 Started transferring output files
...
040 (9652555.000.000) 04/19 08:23:38 Finished transferring output files
...
005 (9652555.000.000) 04/19 08:23:38 Job terminated.
	(1) Normal termination (return value 0)
		Usr 0 06:39:45, Sys 0 00:36:39  -  Run Remote Usage
		Usr 0 00:00:00, Sys 0 00:00:00  -  Run Local Usage
		Usr 0 06:39:45, Sys 0 00:36:39  -  Total Remote Usage
		Usr 0 00:00:00, Sys 0 00:00:00  -  Total Local Usage
	7022  -  Run Bytes Sent By Job
	202  -  Run Bytes Received By Job
	7022  -  Total Bytes Sent By Job
	202  -  Total Bytes Received By Job
	Partitionable Resources :    Usage  Request Allocated 
	   Cpus                 :     0.98        1         1 
	   Disk (KB)            :    28           1   2959772 
	   Memory (MB)          : 38311        2000      2000 

	Job terminated of its own accord at 2024-04-19T06:23:38Z.
...
