000 (9652569.000.000) 04/18 23:57:04 Job submitted from host: <137.138.156.150:9618?addrs=137.138.156.150-9618+[2001-1458-d00-14--9a]-9618&alias=bigbird13.cern.ch&noUDP&sock=schedd_2138_1192>
...
040 (9652569.000.000) 04/18 23:59:27 Started transferring input files
	Transferring to host: <128.142.52.12:9618?addrs=128.142.52.12-9618+[2001-1458-301-1b--100-9]-9618&alias=b9g02p6546.cern.ch&noUDP&sock=slot1_21_4883_43e0_16465>
...
040 (9652569.000.000) 04/18 23:59:27 Finished transferring input files
...
001 (9652569.000.000) 04/18 23:59:28 Job executing on host: <128.142.52.12:9618?addrs=128.142.52.12-9618+[2001-1458-301-1b--100-9]-9618&alias=b9g02p6546.cern.ch&noUDP&sock=startd_4163_0cda>
...
006 (9652569.000.000) 04/18 23:59:37 Image size of job updated: 20816
	21  -  MemoryUsage of job (MB)
	20816  -  ResidentSetSize of job (KB)
...
006 (9652569.000.000) 04/19 00:04:38 Image size of job updated: 2508712
	2450  -  MemoryUsage of job (MB)
	2507928  -  ResidentSetSize of job (KB)
...
006 (9652569.000.000) 04/19 00:09:38 Image size of job updated: 6065072
	5921  -  MemoryUsage of job (MB)
	6062620  -  ResidentSetSize of job (KB)
...
006 (9652569.000.000) 04/19 00:14:38 Image size of job updated: 9522260
	9298  -  MemoryUsage of job (MB)
	9520304  -  ResidentSetSize of job (KB)
...
006 (9652569.000.000) 04/19 00:19:39 Image size of job updated: 12894996
	12591  -  MemoryUsage of job (MB)
	12892704  -  ResidentSetSize of job (KB)
...
006 (9652569.000.000) 04/19 00:24:40 Image size of job updated: 16270724
	15888  -  MemoryUsage of job (MB)
	16269080  -  ResidentSetSize of job (KB)
...
006 (9652569.000.000) 04/19 00:29:40 Image size of job updated: 19606324
	19146  -  MemoryUsage of job (MB)
	19605084  -  ResidentSetSize of job (KB)
...
006 (9652569.000.000) 04/19 00:34:41 Image size of job updated: 23046004
	22505  -  MemoryUsage of job (MB)
	23044276  -  ResidentSetSize of job (KB)
...
006 (9652569.000.000) 04/19 00:39:42 Image size of job updated: 26543024
	25921  -  MemoryUsage of job (MB)
	26542752  -  ResidentSetSize of job (KB)
...
006 (9652569.000.000) 04/19 00:44:42 Image size of job updated: 29931716
	29229  -  MemoryUsage of job (MB)
	29930164  -  ResidentSetSize of job (KB)
...
006 (9652569.000.000) 04/19 00:49:42 Image size of job updated: 33193804
	32414  -  MemoryUsage of job (MB)
	33191296  -  ResidentSetSize of job (KB)
...
006 (9652569.000.000) 04/19 00:54:43 Image size of job updated: 34257232
	32414  -  MemoryUsage of job (MB)
	33191304  -  ResidentSetSize of job (KB)
...
006 (9652569.000.000) 04/19 00:59:43 Image size of job updated: 34257232
	32571  -  MemoryUsage of job (MB)
	33352384  -  ResidentSetSize of job (KB)
...
006 (9652569.000.000) 04/19 01:04:43 Image size of job updated: 36317260
	35465  -  MemoryUsage of job (MB)
	36315700  -  ResidentSetSize of job (KB)
...
006 (9652569.000.000) 04/19 01:09:44 Image size of job updated: 39762260
	38830  -  MemoryUsage of job (MB)
	39761832  -  ResidentSetSize of job (KB)
...
006 (9652569.000.000) 04/19 01:14:45 Image size of job updated: 43278352
	38830  -  MemoryUsage of job (MB)
	39761832  -  ResidentSetSize of job (KB)
...
006 (9652569.000.000) 04/19 01:54:48 Image size of job updated: 43278352
	39021  -  MemoryUsage of job (MB)
	39956844  -  ResidentSetSize of job (KB)
...
006 (9652569.000.000) 04/19 01:59:49 Image size of job updated: 43726316
	42700  -  MemoryUsage of job (MB)
	43723984  -  ResidentSetSize of job (KB)
...
006 (9652569.000.000) 04/19 02:04:50 Image size of job updated: 44334836
	43043  -  MemoryUsage of job (MB)
	44075476  -  ResidentSetSize of job (KB)
...
006 (9652569.000.000) 04/19 02:09:50 Image size of job updated: 44507192
	43043  -  MemoryUsage of job (MB)
	44075476  -  ResidentSetSize of job (KB)
...
006 (9652569.000.000) 04/19 02:14:50 Image size of job updated: 45506640
	43217  -  MemoryUsage of job (MB)
	44253488  -  ResidentSetSize of job (KB)
...
006 (9652569.000.000) 04/19 02:29:52 Image size of job updated: 46174896
	45090  -  MemoryUsage of job (MB)
	46171912  -  ResidentSetSize of job (KB)
...
006 (9652569.000.000) 04/19 02:34:53 Image size of job updated: 47579212
	46463  -  MemoryUsage of job (MB)
	47577308  -  ResidentSetSize of job (KB)
...
006 (9652569.000.000) 04/19 02:39:54 Image size of job updated: 50863448
	49581  -  MemoryUsage of job (MB)
	50769940  -  ResidentSetSize of job (KB)
...
040 (9652569.000.000) 04/19 07:11:40 Started transferring output files
...
040 (9652569.000.000) 04/19 07:11:40 Finished transferring output files
...
005 (9652569.000.000) 04/19 07:11:40 Job terminated.
	(1) Normal termination (return value 0)
		Usr 0 05:31:26, Sys 0 00:36:32  -  Run Remote Usage
		Usr 0 00:00:00, Sys 0 00:00:00  -  Run Local Usage
		Usr 0 05:31:26, Sys 0 00:36:32  -  Total Remote Usage
		Usr 0 00:00:00, Sys 0 00:00:00  -  Total Local Usage
	6236  -  Run Bytes Sent By Job
	202  -  Run Bytes Received By Job
	6236  -  Total Bytes Sent By Job
	202  -  Total Bytes Received By Job
	Partitionable Resources :    Usage  Request Allocated 
	   Cpus                 :     1.00        1         1 
	   Disk (KB)            :    27           1   2932988 
	   Memory (MB)          : 49581        2000      2000 

	Job terminated of its own accord at 2024-04-19T05:11:40Z.
...
