000 (9473238.000.000) 03/28 15:12:10 Job submitted from host: <137.138.156.150:9618?addrs=137.138.156.150-9618+[2001-1458-d00-14--9a]-9618&alias=bigbird13.cern.ch&noUDP&sock=schedd_5144_ef43>
...
040 (9473238.000.000) 03/28 20:28:26 Started transferring input files
	Transferring to host: <128.142.59.57:9618?addrs=128.142.59.57-9618+[2001-1458-301-21--100-38]-9618&alias=b7s04p4014.cern.ch&noUDP&sock=slot1_10_48432_79ab_6598>
...
040 (9473238.000.000) 03/28 20:28:26 Finished transferring input files
...
001 (9473238.000.000) 03/28 20:28:27 Job executing on host: <128.142.59.57:9618?addrs=128.142.59.57-9618+[2001-1458-301-21--100-38]-9618&alias=b7s04p4014.cern.ch&noUDP&sock=startd_48390_17f4>
...
006 (9473238.000.000) 03/28 20:28:36 Image size of job updated: 260928
	93  -  MemoryUsage of job (MB)
	95084  -  ResidentSetSize of job (KB)
...
006 (9473238.000.000) 03/28 20:33:37 Image size of job updated: 2853580
	1053  -  MemoryUsage of job (MB)
	1078180  -  ResidentSetSize of job (KB)
...
006 (9473238.000.000) 03/28 20:38:37 Image size of job updated: 2940096
	1129  -  MemoryUsage of job (MB)
	1156048  -  ResidentSetSize of job (KB)
...
006 (9473238.000.000) 03/28 20:43:37 Image size of job updated: 3084980
	1225  -  MemoryUsage of job (MB)
	1254080  -  ResidentSetSize of job (KB)
...
006 (9473238.000.000) 03/28 20:48:38 Image size of job updated: 3137004
	1304  -  MemoryUsage of job (MB)
	1334664  -  ResidentSetSize of job (KB)
...
006 (9473238.000.000) 03/28 20:53:38 Image size of job updated: 3199764
	1391  -  MemoryUsage of job (MB)
	1424220  -  ResidentSetSize of job (KB)
...
006 (9473238.000.000) 03/28 20:58:38 Image size of job updated: 3404512
	1472  -  MemoryUsage of job (MB)
	1507104  -  ResidentSetSize of job (KB)
...
006 (9473238.000.000) 03/28 21:03:39 Image size of job updated: 3463324
	1556  -  MemoryUsage of job (MB)
	1592716  -  ResidentSetSize of job (KB)
...
006 (9473238.000.000) 03/28 21:08:40 Image size of job updated: 3517604
	1635  -  MemoryUsage of job (MB)
	1674000  -  ResidentSetSize of job (KB)
...
006 (9473238.000.000) 03/28 21:13:40 Image size of job updated: 3570588
	1635  -  MemoryUsage of job (MB)
	1674000  -  ResidentSetSize of job (KB)
...
006 (9473238.000.000) 03/28 21:18:40 Image size of job updated: 3570588
	1951  -  MemoryUsage of job (MB)
	1997588  -  ResidentSetSize of job (KB)
...
006 (9473238.000.000) 03/28 21:19:52 Image size of job updated: 3801000
	1951  -  MemoryUsage of job (MB)
	1997588  -  ResidentSetSize of job (KB)
...
040 (9473238.000.000) 03/28 21:19:58 Entered queue to transfer output files
...
040 (9473238.000.000) 03/28 21:26:59 Started transferring output files
...
040 (9473238.000.000) 03/28 21:26:59 Finished transferring output files
...
005 (9473238.000.000) 03/28 21:26:59 Job terminated.
	(1) Normal termination (return value 0)
		Usr 0 00:50:50, Sys 0 00:00:12  -  Run Remote Usage
		Usr 0 00:00:00, Sys 0 00:00:00  -  Run Local Usage
		Usr 0 00:50:50, Sys 0 00:00:12  -  Total Remote Usage
		Usr 0 00:00:00, Sys 0 00:00:00  -  Total Local Usage
	13924  -  Run Bytes Sent By Job
	245  -  Run Bytes Received By Job
	13924  -  Total Bytes Sent By Job
	245  -  Total Bytes Received By Job
	Partitionable Resources :    Usage  Request Allocated 
	   Cpus                 :        0        1         1 
	   Disk (KB)            :     6264        1   1248778 
	   Memory (MB)          :     1951     2000      2000 

	Job terminated of its own accord at 2024-03-28T20:19:52Z.
...
