000 (9473256.000.000) 03/28 15:13:03 Job submitted from host: <137.138.156.150:9618?addrs=137.138.156.150-9618+[2001-1458-d00-14--9a]-9618&alias=bigbird13.cern.ch&noUDP&sock=schedd_5144_ef43>
...
040 (9473256.000.000) 03/28 20:28:29 Started transferring input files
	Transferring to host: <128.142.56.52:9618?addrs=128.142.56.52-9618+[2001-1458-301-6--100-33]-9618&alias=b7s01p0520.cern.ch&noUDP&sock=slot1_4_63222_5e44_84776>
...
040 (9473256.000.000) 03/28 20:28:29 Finished transferring input files
...
001 (9473256.000.000) 03/28 20:28:30 Job executing on host: <128.142.56.52:9618?addrs=128.142.56.52-9618+[2001-1458-301-6--100-33]-9618&alias=b7s01p0520.cern.ch&noUDP&sock=startd_63183_dc73>
...
006 (9473256.000.000) 03/28 20:28:39 Image size of job updated: 83432
	36  -  MemoryUsage of job (MB)
	36024  -  ResidentSetSize of job (KB)
...
006 (9473256.000.000) 03/28 20:33:40 Image size of job updated: 2850436
	1047  -  MemoryUsage of job (MB)
	1071180  -  ResidentSetSize of job (KB)
...
006 (9473256.000.000) 03/28 20:38:40 Image size of job updated: 2930372
	1113  -  MemoryUsage of job (MB)
	1139100  -  ResidentSetSize of job (KB)
...
006 (9473256.000.000) 03/28 20:43:40 Image size of job updated: 3079016
	1213  -  MemoryUsage of job (MB)
	1241488  -  ResidentSetSize of job (KB)
...
006 (9473256.000.000) 03/28 20:48:41 Image size of job updated: 3118536
	1277  -  MemoryUsage of job (MB)
	1306812  -  ResidentSetSize of job (KB)
...
006 (9473256.000.000) 03/28 20:53:41 Image size of job updated: 3173200
	1355  -  MemoryUsage of job (MB)
	1386828  -  ResidentSetSize of job (KB)
...
006 (9473256.000.000) 03/28 20:58:41 Image size of job updated: 3378464
	1436  -  MemoryUsage of job (MB)
	1469756  -  ResidentSetSize of job (KB)
...
006 (9473256.000.000) 03/28 21:03:42 Image size of job updated: 3438092
	1522  -  MemoryUsage of job (MB)
	1557556  -  ResidentSetSize of job (KB)
...
006 (9473256.000.000) 03/28 21:08:43 Image size of job updated: 3498616
	1606  -  MemoryUsage of job (MB)
	1643872  -  ResidentSetSize of job (KB)
...
006 (9473256.000.000) 03/28 21:13:43 Image size of job updated: 3554580
	1690  -  MemoryUsage of job (MB)
	1730028  -  ResidentSetSize of job (KB)
...
006 (9473256.000.000) 03/28 21:18:44 Image size of job updated: 3597692
	1855  -  MemoryUsage of job (MB)
	1898680  -  ResidentSetSize of job (KB)
...
040 (9473256.000.000) 03/28 21:19:22 Entered queue to transfer output files
...
040 (9473256.000.000) 03/28 21:25:31 Started transferring output files
...
040 (9473256.000.000) 03/28 21:25:31 Finished transferring output files
...
005 (9473256.000.000) 03/28 21:25:31 Job terminated.
	(1) Normal termination (return value 0)
		Usr 0 00:50:15, Sys 0 00:00:10  -  Run Remote Usage
		Usr 0 00:00:00, Sys 0 00:00:00  -  Run Local Usage
		Usr 0 00:50:15, Sys 0 00:00:10  -  Total Remote Usage
		Usr 0 00:00:00, Sys 0 00:00:00  -  Total Local Usage
	13932  -  Run Bytes Sent By Job
	245  -  Run Bytes Received By Job
	13932  -  Total Bytes Sent By Job
	245  -  Total Bytes Received By Job
	Partitionable Resources :    Usage  Request Allocated 
	   Cpus                 :        0        1         1 
	   Disk (KB)            :     1150        1   1357639 
	   Memory (MB)          :     1855     2000      2000 

	Job terminated of its own accord at 2024-03-28T20:19:17Z.
...
