000 (9473333.000.000) 03/28 15:16:26 Job submitted from host: <137.138.156.150:9618?addrs=137.138.156.150-9618+[2001-1458-d00-14--9a]-9618&alias=bigbird13.cern.ch&noUDP&sock=schedd_5144_ef43>
...
040 (9473333.000.000) 03/28 20:28:35 Started transferring input files
	Transferring to host: <128.142.59.125:9618?addrs=128.142.59.125-9618&alias=b7s04p5557.cern.ch&noUDP&sock=slot1_1_3268_59fe_83731>
...
040 (9473333.000.000) 03/28 20:28:35 Finished transferring input files
...
001 (9473333.000.000) 03/28 20:28:36 Job executing on host: <128.142.59.125:9618?addrs=128.142.59.125-9618&alias=b7s04p5557.cern.ch&noUDP&sock=startd_2861_fc8b>
...
006 (9473333.000.000) 03/28 20:28:44 Image size of job updated: 902724
	146  -  MemoryUsage of job (MB)
	148852  -  ResidentSetSize of job (KB)
...
006 (9473333.000.000) 03/28 20:33:44 Image size of job updated: 2858156
	1062  -  MemoryUsage of job (MB)
	1086804  -  ResidentSetSize of job (KB)
...
006 (9473333.000.000) 03/28 20:38:45 Image size of job updated: 2945508
	1140  -  MemoryUsage of job (MB)
	1167104  -  ResidentSetSize of job (KB)
...
006 (9473333.000.000) 03/28 20:43:45 Image size of job updated: 3089812
	1237  -  MemoryUsage of job (MB)
	1265804  -  ResidentSetSize of job (KB)
...
006 (9473333.000.000) 03/28 20:48:45 Image size of job updated: 3140960
	1314  -  MemoryUsage of job (MB)
	1345352  -  ResidentSetSize of job (KB)
...
006 (9473333.000.000) 03/28 20:53:46 Image size of job updated: 3208160
	1406  -  MemoryUsage of job (MB)
	1439568  -  ResidentSetSize of job (KB)
...
006 (9473333.000.000) 03/28 20:58:47 Image size of job updated: 3420616
	1502  -  MemoryUsage of job (MB)
	1537536  -  ResidentSetSize of job (KB)
...
006 (9473333.000.000) 03/28 21:03:47 Image size of job updated: 3488948
	1590  -  MemoryUsage of job (MB)
	1627164  -  ResidentSetSize of job (KB)
...
006 (9473333.000.000) 03/28 21:08:47 Image size of job updated: 3550032
	1675  -  MemoryUsage of job (MB)
	1714560  -  ResidentSetSize of job (KB)
...
006 (9473333.000.000) 03/28 21:13:48 Image size of job updated: 3574676
	1675  -  MemoryUsage of job (MB)
	1714560  -  ResidentSetSize of job (KB)
...
040 (9473333.000.000) 03/28 21:16:50 Started transferring output files
...
040 (9473333.000.000) 03/28 21:16:50 Finished transferring output files
...
005 (9473333.000.000) 03/28 21:16:50 Job terminated.
	(1) Normal termination (return value 0)
		Usr 0 00:47:48, Sys 0 00:00:13  -  Run Remote Usage
		Usr 0 00:00:00, Sys 0 00:00:00  -  Run Local Usage
		Usr 0 00:47:48, Sys 0 00:00:13  -  Total Remote Usage
		Usr 0 00:00:00, Sys 0 00:00:00  -  Total Local Usage
	13920  -  Run Bytes Sent By Job
	247  -  Run Bytes Received By Job
	13920  -  Total Bytes Sent By Job
	247  -  Total Bytes Received By Job
	Partitionable Resources :    Usage  Request Allocated 
	   Cpus                 :     1.00        1         1 
	   Disk (KB)            :  1326           1   1327227 
	   Memory (MB)          :  1675        2000      2000 

	Job terminated of its own accord at 2024-03-28T20:16:50Z.
...
