000 (9642968.000.000) 04/17 11:03:25 Job submitted from host: <137.138.156.150:9618?addrs=137.138.156.150-9618+[2001-1458-d00-14--9a]-9618&alias=bigbird13.cern.ch&noUDP&sock=schedd_2138_1192>
...
040 (9642968.000.000) 04/18 01:15:55 Started transferring input files
	Transferring to host: <128.142.56.40:9618?addrs=128.142.56.40-9618&alias=b7s01p4299.cern.ch&noUDP&sock=slot1_6_7485_9c09_105668>
...
040 (9642968.000.000) 04/18 01:15:55 Finished transferring input files
...
001 (9642968.000.000) 04/18 01:15:56 Job executing on host: <128.142.56.40:9618?addrs=128.142.56.40-9618&alias=b7s01p4299.cern.ch&noUDP&sock=startd_7421_c468>
...
006 (9642968.000.000) 04/18 01:16:05 Image size of job updated: 38640
	28  -  MemoryUsage of job (MB)
	28440  -  ResidentSetSize of job (KB)
...
006 (9642968.000.000) 04/18 01:21:06 Image size of job updated: 17046020
	2036  -  MemoryUsage of job (MB)
	2084208  -  ResidentSetSize of job (KB)
...
006 (9642968.000.000) 04/18 01:26:07 Image size of job updated: 21782076
	2139  -  MemoryUsage of job (MB)
	2189612  -  ResidentSetSize of job (KB)
...
006 (9642968.000.000) 04/18 01:31:07 Image size of job updated: 21782076
	2227  -  MemoryUsage of job (MB)
	2280232  -  ResidentSetSize of job (KB)
...
006 (9642968.000.000) 04/18 01:36:08 Image size of job updated: 21843504
	2252  -  MemoryUsage of job (MB)
	2305796  -  ResidentSetSize of job (KB)
...
006 (9642968.000.000) 04/18 01:41:09 Image size of job updated: 21843504
	2254  -  MemoryUsage of job (MB)
	2307740  -  ResidentSetSize of job (KB)
...
006 (9642968.000.000) 04/18 01:46:09 Image size of job updated: 21843504
	2277  -  MemoryUsage of job (MB)
	2330772  -  ResidentSetSize of job (KB)
...
006 (9642968.000.000) 04/18 01:51:09 Image size of job updated: 21843504
	2277  -  MemoryUsage of job (MB)
	2331168  -  ResidentSetSize of job (KB)
...
006 (9642968.000.000) 04/18 01:56:10 Image size of job updated: 21843504
	2298  -  MemoryUsage of job (MB)
	2352528  -  ResidentSetSize of job (KB)
...
006 (9642968.000.000) 04/18 02:01:11 Image size of job updated: 21843504
	2298  -  MemoryUsage of job (MB)
	2352624  -  ResidentSetSize of job (KB)
...
006 (9642968.000.000) 04/18 02:06:11 Image size of job updated: 21843504
	2319  -  MemoryUsage of job (MB)
	2374084  -  ResidentSetSize of job (KB)
...
006 (9642968.000.000) 04/18 02:11:12 Image size of job updated: 21843504
	2320  -  MemoryUsage of job (MB)
	2375068  -  ResidentSetSize of job (KB)
...
006 (9642968.000.000) 04/18 02:16:13 Image size of job updated: 21843504
	2341  -  MemoryUsage of job (MB)
	2396436  -  ResidentSetSize of job (KB)
...
006 (9642968.000.000) 04/18 02:26:13 Image size of job updated: 21843504
	2362  -  MemoryUsage of job (MB)
	2417852  -  ResidentSetSize of job (KB)
...
006 (9642968.000.000) 04/18 02:31:14 Image size of job updated: 21843504
	2383  -  MemoryUsage of job (MB)
	2439220  -  ResidentSetSize of job (KB)
...
006 (9642968.000.000) 04/18 02:36:15 Image size of job updated: 21843504
	2383  -  MemoryUsage of job (MB)
	2439276  -  ResidentSetSize of job (KB)
...
006 (9642968.000.000) 04/18 02:41:15 Image size of job updated: 21843504
	2404  -  MemoryUsage of job (MB)
	2460852  -  ResidentSetSize of job (KB)
...
006 (9642968.000.000) 04/18 02:51:17 Image size of job updated: 21843504
	2425  -  MemoryUsage of job (MB)
	2482800  -  ResidentSetSize of job (KB)
...
006 (9642968.000.000) 04/18 02:56:17 Image size of job updated: 21843504
	2447  -  MemoryUsage of job (MB)
	2505024  -  ResidentSetSize of job (KB)
...
006 (9642968.000.000) 04/18 03:01:17 Image size of job updated: 21843504
	2447  -  MemoryUsage of job (MB)
	2505380  -  ResidentSetSize of job (KB)
...
006 (9642968.000.000) 04/18 03:06:18 Image size of job updated: 21843504
	2470  -  MemoryUsage of job (MB)
	2528568  -  ResidentSetSize of job (KB)
...
006 (9642968.000.000) 04/18 03:11:18 Image size of job updated: 21843504
	2471  -  MemoryUsage of job (MB)
	2529344  -  ResidentSetSize of job (KB)
...
006 (9642968.000.000) 04/18 03:16:18 Image size of job updated: 21843504
	2492  -  MemoryUsage of job (MB)
	2551472  -  ResidentSetSize of job (KB)
...
006 (9642968.000.000) 04/18 03:21:19 Image size of job updated: 21843504
	2492  -  MemoryUsage of job (MB)
	2551560  -  ResidentSetSize of job (KB)
...
006 (9642968.000.000) 04/18 03:26:20 Image size of job updated: 21843504
	2493  -  MemoryUsage of job (MB)
	2552008  -  ResidentSetSize of job (KB)
...
006 (9642968.000.000) 04/18 03:31:20 Image size of job updated: 21843504
	2493  -  MemoryUsage of job (MB)
	2552184  -  ResidentSetSize of job (KB)
...
006 (9642968.000.000) 04/18 03:41:22 Image size of job updated: 21843504
	2493  -  MemoryUsage of job (MB)
	2552712  -  ResidentSetSize of job (KB)
...
006 (9642968.000.000) 04/18 03:46:22 Image size of job updated: 21843504
	2514  -  MemoryUsage of job (MB)
	2574268  -  ResidentSetSize of job (KB)
...
006 (9642968.000.000) 04/18 03:51:22 Image size of job updated: 21843504
	2515  -  MemoryUsage of job (MB)
	2574428  -  ResidentSetSize of job (KB)
...
006 (9642968.000.000) 04/18 04:01:23 Image size of job updated: 22088672
	2969  -  MemoryUsage of job (MB)
	3039836  -  ResidentSetSize of job (KB)
...
006 (9642968.000.000) 04/18 04:06:23 Image size of job updated: 22088672
	3045  -  MemoryUsage of job (MB)
	3117628  -  ResidentSetSize of job (KB)
...
006 (9642968.000.000) 04/18 04:11:24 Image size of job updated: 22091744
	3045  -  MemoryUsage of job (MB)
	3117628  -  ResidentSetSize of job (KB)
...
006 (9642968.000.000) 04/18 04:16:24 Image size of job updated: 22091744
	3112  -  MemoryUsage of job (MB)
	3186208  -  ResidentSetSize of job (KB)
...
006 (9642968.000.000) 04/18 04:21:24 Image size of job updated: 22091744
	3139  -  MemoryUsage of job (MB)
	3213532  -  ResidentSetSize of job (KB)
...
040 (9642968.000.000) 04/18 04:24:56 Started transferring output files
...
040 (9642968.000.000) 04/18 04:24:57 Finished transferring output files
...
005 (9642968.000.000) 04/18 04:24:57 Job terminated.
	(1) Normal termination (return value 0)
		Usr 0 04:25:47, Sys 0 00:25:45  -  Run Remote Usage
		Usr 0 00:00:00, Sys 0 00:00:00  -  Run Local Usage
		Usr 0 04:25:47, Sys 0 00:25:45  -  Total Remote Usage
		Usr 0 00:00:00, Sys 0 00:00:00  -  Total Local Usage
	3955637  -  Run Bytes Sent By Job
	196  -  Run Bytes Received By Job
	3955637  -  Total Bytes Sent By Job
	196  -  Total Bytes Received By Job
	Partitionable Resources :    Usage  Request Allocated 
	   Cpus                 :     1.13        1         1 
	   Disk (KB)            :  3883           1   1287792 
	   Memory (MB)          :  3139        2000      2000 

	Job terminated of its own accord at 2024-04-18T02:24:56Z.
...
