000 (9643196.000.000) 04/17 11:07:24 Job submitted from host: <137.138.156.150:9618?addrs=137.138.156.150-9618+[2001-1458-d00-14--9a]-9618&alias=bigbird13.cern.ch&noUDP&sock=schedd_2138_1192>
...
040 (9643196.000.000) 04/18 01:16:08 Started transferring input files
	Transferring to host: <128.142.58.170:9618?addrs=128.142.58.170-9618&alias=b7s03p6209.cern.ch&noUDP&sock=slot1_7_6911_2cb2_102031>
...
040 (9643196.000.000) 04/18 01:16:08 Finished transferring input files
...
001 (9643196.000.000) 04/18 01:16:09 Job executing on host: <128.142.58.170:9618?addrs=128.142.58.170-9618&alias=b7s03p6209.cern.ch&noUDP&sock=startd_6848_bca4>
...
006 (9643196.000.000) 04/18 01:16:18 Image size of job updated: 402688
	34  -  MemoryUsage of job (MB)
	34700  -  ResidentSetSize of job (KB)
...
006 (9643196.000.000) 04/18 01:21:18 Image size of job updated: 17041292
	2041  -  MemoryUsage of job (MB)
	2089376  -  ResidentSetSize of job (KB)
...
006 (9643196.000.000) 04/18 01:26:18 Image size of job updated: 17041292
	2044  -  MemoryUsage of job (MB)
	2092360  -  ResidentSetSize of job (KB)
...
006 (9643196.000.000) 04/18 01:31:19 Image size of job updated: 21777156
	2233  -  MemoryUsage of job (MB)
	2286060  -  ResidentSetSize of job (KB)
...
006 (9643196.000.000) 04/18 01:36:20 Image size of job updated: 21777156
	2234  -  MemoryUsage of job (MB)
	2287328  -  ResidentSetSize of job (KB)
...
006 (9643196.000.000) 04/18 01:41:20 Image size of job updated: 21777156
	2256  -  MemoryUsage of job (MB)
	2309472  -  ResidentSetSize of job (KB)
...
006 (9643196.000.000) 04/18 01:46:21 Image size of job updated: 21777156
	2257  -  MemoryUsage of job (MB)
	2310348  -  ResidentSetSize of job (KB)
...
006 (9643196.000.000) 04/18 01:51:22 Image size of job updated: 21777156
	2278  -  MemoryUsage of job (MB)
	2332192  -  ResidentSetSize of job (KB)
...
006 (9643196.000.000) 04/18 01:56:22 Image size of job updated: 21777156
	2278  -  MemoryUsage of job (MB)
	2332240  -  ResidentSetSize of job (KB)
...
006 (9643196.000.000) 04/18 02:01:23 Image size of job updated: 21777156
	2299  -  MemoryUsage of job (MB)
	2353760  -  ResidentSetSize of job (KB)
...
006 (9643196.000.000) 04/18 02:06:24 Image size of job updated: 21777156
	2299  -  MemoryUsage of job (MB)
	2353880  -  ResidentSetSize of job (KB)
...
006 (9643196.000.000) 04/18 02:11:24 Image size of job updated: 21777156
	2320  -  MemoryUsage of job (MB)
	2375344  -  ResidentSetSize of job (KB)
...
006 (9643196.000.000) 04/18 02:16:25 Image size of job updated: 21777156
	2320  -  MemoryUsage of job (MB)
	2375536  -  ResidentSetSize of job (KB)
...
006 (9643196.000.000) 04/18 02:26:26 Image size of job updated: 21777156
	2343  -  MemoryUsage of job (MB)
	2398476  -  ResidentSetSize of job (KB)
...
006 (9643196.000.000) 04/18 02:31:26 Image size of job updated: 21777156
	2343  -  MemoryUsage of job (MB)
	2398516  -  ResidentSetSize of job (KB)
...
006 (9643196.000.000) 04/18 02:36:27 Image size of job updated: 21777156
	2364  -  MemoryUsage of job (MB)
	2419984  -  ResidentSetSize of job (KB)
...
006 (9643196.000.000) 04/18 02:41:27 Image size of job updated: 21777156
	2364  -  MemoryUsage of job (MB)
	2420128  -  ResidentSetSize of job (KB)
...
006 (9643196.000.000) 04/18 02:46:27 Image size of job updated: 21777156
	2385  -  MemoryUsage of job (MB)
	2441368  -  ResidentSetSize of job (KB)
...
006 (9643196.000.000) 04/18 02:51:28 Image size of job updated: 21777156
	2385  -  MemoryUsage of job (MB)
	2441460  -  ResidentSetSize of job (KB)
...
006 (9643196.000.000) 04/18 02:56:29 Image size of job updated: 21838136
	2407  -  MemoryUsage of job (MB)
	2464316  -  ResidentSetSize of job (KB)
...
006 (9643196.000.000) 04/18 03:01:29 Image size of job updated: 21838136
	2407  -  MemoryUsage of job (MB)
	2464736  -  ResidentSetSize of job (KB)
...
006 (9643196.000.000) 04/18 03:06:30 Image size of job updated: 21838136
	2409  -  MemoryUsage of job (MB)
	2465816  -  ResidentSetSize of job (KB)
...
006 (9643196.000.000) 04/18 03:11:31 Image size of job updated: 21838136
	2409  -  MemoryUsage of job (MB)
	2466224  -  ResidentSetSize of job (KB)
...
006 (9643196.000.000) 04/18 03:16:31 Image size of job updated: 21838136
	2431  -  MemoryUsage of job (MB)
	2488596  -  ResidentSetSize of job (KB)
...
006 (9643196.000.000) 04/18 03:21:31 Image size of job updated: 21838136
	2431  -  MemoryUsage of job (MB)
	2488616  -  ResidentSetSize of job (KB)
...
006 (9643196.000.000) 04/18 03:26:32 Image size of job updated: 21838136
	2452  -  MemoryUsage of job (MB)
	2509844  -  ResidentSetSize of job (KB)
...
006 (9643196.000.000) 04/18 03:31:32 Image size of job updated: 21838136
	2452  -  MemoryUsage of job (MB)
	2509892  -  ResidentSetSize of job (KB)
...
006 (9643196.000.000) 04/18 03:36:32 Image size of job updated: 21838136
	2472  -  MemoryUsage of job (MB)
	2531056  -  ResidentSetSize of job (KB)
...
006 (9643196.000.000) 04/18 03:41:34 Image size of job updated: 21838136
	2472  -  MemoryUsage of job (MB)
	2531108  -  ResidentSetSize of job (KB)
...
006 (9643196.000.000) 04/18 03:46:34 Image size of job updated: 21838136
	2493  -  MemoryUsage of job (MB)
	2552212  -  ResidentSetSize of job (KB)
...
006 (9643196.000.000) 04/18 03:56:35 Image size of job updated: 21838136
	2513  -  MemoryUsage of job (MB)
	2573300  -  ResidentSetSize of job (KB)
...
006 (9643196.000.000) 04/18 04:06:36 Image size of job updated: 22115584
	2977  -  MemoryUsage of job (MB)
	3048420  -  ResidentSetSize of job (KB)
...
006 (9643196.000.000) 04/18 04:11:37 Image size of job updated: 22129920
	3037  -  MemoryUsage of job (MB)
	3109368  -  ResidentSetSize of job (KB)
...
006 (9643196.000.000) 04/18 04:16:38 Image size of job updated: 22275684
	3091  -  MemoryUsage of job (MB)
	3164916  -  ResidentSetSize of job (KB)
...
006 (9643196.000.000) 04/18 04:21:38 Image size of job updated: 22275684
	3147  -  MemoryUsage of job (MB)
	3222080  -  ResidentSetSize of job (KB)
...
006 (9643196.000.000) 04/18 04:26:38 Image size of job updated: 22275684
	3187  -  MemoryUsage of job (MB)
	3262876  -  ResidentSetSize of job (KB)
...
006 (9643196.000.000) 04/18 04:31:39 Image size of job updated: 22275684
	3255  -  MemoryUsage of job (MB)
	3332496  -  ResidentSetSize of job (KB)
...
040 (9643196.000.000) 04/18 04:34:24 Started transferring output files
...
040 (9643196.000.000) 04/18 04:34:25 Finished transferring output files
...
005 (9643196.000.000) 04/18 04:34:25 Job terminated.
	(1) Normal termination (return value 0)
		Usr 0 04:24:43, Sys 0 00:23:47  -  Run Remote Usage
		Usr 0 00:00:00, Sys 0 00:00:00  -  Run Local Usage
		Usr 0 04:24:43, Sys 0 00:23:47  -  Total Remote Usage
		Usr 0 00:00:00, Sys 0 00:00:00  -  Total Local Usage
	4492332  -  Run Bytes Sent By Job
	194  -  Run Bytes Received By Job
	4492332  -  Total Bytes Sent By Job
	194  -  Total Bytes Received By Job
	Partitionable Resources :    Usage  Request Allocated 
	   Cpus                 :     1.22        1         1 
	   Disk (KB)            :  4407           1   1228663 
	   Memory (MB)          :  3255        2000      2000 

	Job terminated of its own accord at 2024-04-18T02:34:24Z.
...
