000 (9642978.000.000) 04/17 11:03:40 Job submitted from host: <137.138.156.150:9618?addrs=137.138.156.150-9618+[2001-1458-d00-14--9a]-9618&alias=bigbird13.cern.ch&noUDP&sock=schedd_2138_1192>
...
040 (9642978.000.000) 04/18 01:15:55 Started transferring input files
	Transferring to host: <128.142.59.110:9618?addrs=128.142.59.110-9618+[2001-1458-301-21--100-6d]-9618&alias=b7s04p2027.cern.ch&noUDP&sock=slot1_6_23685_f99c_33220>
...
040 (9642978.000.000) 04/18 01:15:55 Finished transferring input files
...
001 (9642978.000.000) 04/18 01:15:56 Job executing on host: <128.142.59.110:9618?addrs=128.142.59.110-9618+[2001-1458-301-21--100-6d]-9618&alias=b7s04p2027.cern.ch&noUDP&sock=startd_23647_741f>
...
006 (9642978.000.000) 04/18 01:16:05 Image size of job updated: 44192
	14  -  MemoryUsage of job (MB)
	14100  -  ResidentSetSize of job (KB)
...
006 (9642978.000.000) 04/18 01:21:06 Image size of job updated: 17046016
	2050  -  MemoryUsage of job (MB)
	2099112  -  ResidentSetSize of job (KB)
...
006 (9642978.000.000) 04/18 01:26:06 Image size of job updated: 17046016
	2057  -  MemoryUsage of job (MB)
	2105792  -  ResidentSetSize of job (KB)
...
006 (9642978.000.000) 04/18 01:31:07 Image size of job updated: 21782008
	2252  -  MemoryUsage of job (MB)
	2305684  -  ResidentSetSize of job (KB)
...
006 (9642978.000.000) 04/18 01:36:08 Image size of job updated: 21782008
	2253  -  MemoryUsage of job (MB)
	2306856  -  ResidentSetSize of job (KB)
...
006 (9642978.000.000) 04/18 01:41:08 Image size of job updated: 21782008
	2280  -  MemoryUsage of job (MB)
	2333864  -  ResidentSetSize of job (KB)
...
006 (9642978.000.000) 04/18 01:51:10 Image size of job updated: 21782008
	2303  -  MemoryUsage of job (MB)
	2357288  -  ResidentSetSize of job (KB)
...
006 (9642978.000.000) 04/18 02:01:10 Image size of job updated: 21782008
	2324  -  MemoryUsage of job (MB)
	2378820  -  ResidentSetSize of job (KB)
...
006 (9642978.000.000) 04/18 02:11:12 Image size of job updated: 21782008
	2344  -  MemoryUsage of job (MB)
	2400104  -  ResidentSetSize of job (KB)
...
006 (9642978.000.000) 04/18 02:16:12 Image size of job updated: 21782008
	2365  -  MemoryUsage of job (MB)
	2421148  -  ResidentSetSize of job (KB)
...
006 (9642978.000.000) 04/18 02:21:12 Image size of job updated: 21782008
	2365  -  MemoryUsage of job (MB)
	2421236  -  ResidentSetSize of job (KB)
...
006 (9642978.000.000) 04/18 02:26:13 Image size of job updated: 21782008
	2386  -  MemoryUsage of job (MB)
	2442416  -  ResidentSetSize of job (KB)
...
006 (9642978.000.000) 04/18 02:31:13 Image size of job updated: 21782008
	2386  -  MemoryUsage of job (MB)
	2442480  -  ResidentSetSize of job (KB)
...
006 (9642978.000.000) 04/18 02:36:13 Image size of job updated: 21782008
	2406  -  MemoryUsage of job (MB)
	2463568  -  ResidentSetSize of job (KB)
...
006 (9642978.000.000) 04/18 02:41:14 Image size of job updated: 21782008
	2406  -  MemoryUsage of job (MB)
	2463584  -  ResidentSetSize of job (KB)
...
006 (9642978.000.000) 04/18 02:46:15 Image size of job updated: 21782008
	2427  -  MemoryUsage of job (MB)
	2484668  -  ResidentSetSize of job (KB)
...
006 (9642978.000.000) 04/18 02:56:16 Image size of job updated: 21782008
	2448  -  MemoryUsage of job (MB)
	2505808  -  ResidentSetSize of job (KB)
...
006 (9642978.000.000) 04/18 03:06:17 Image size of job updated: 21782008
	2468  -  MemoryUsage of job (MB)
	2527020  -  ResidentSetSize of job (KB)
...
006 (9642978.000.000) 04/18 03:11:17 Image size of job updated: 21782008
	2489  -  MemoryUsage of job (MB)
	2548160  -  ResidentSetSize of job (KB)
...
006 (9642978.000.000) 04/18 03:16:18 Image size of job updated: 21782008
	2489  -  MemoryUsage of job (MB)
	2548220  -  ResidentSetSize of job (KB)
...
006 (9642978.000.000) 04/18 03:21:18 Image size of job updated: 21782008
	2510  -  MemoryUsage of job (MB)
	2569428  -  ResidentSetSize of job (KB)
...
006 (9642978.000.000) 04/18 03:26:18 Image size of job updated: 21782008
	2510  -  MemoryUsage of job (MB)
	2569488  -  ResidentSetSize of job (KB)
...
006 (9642978.000.000) 04/18 03:31:19 Image size of job updated: 21782008
	2530  -  MemoryUsage of job (MB)
	2590460  -  ResidentSetSize of job (KB)
...
006 (9642978.000.000) 04/18 03:36:19 Image size of job updated: 21782008
	2530  -  MemoryUsage of job (MB)
	2590500  -  ResidentSetSize of job (KB)
...
006 (9642978.000.000) 04/18 03:41:19 Image size of job updated: 21782008
	2551  -  MemoryUsage of job (MB)
	2611436  -  ResidentSetSize of job (KB)
...
006 (9642978.000.000) 04/18 03:51:21 Image size of job updated: 22090568
	2997  -  MemoryUsage of job (MB)
	3068108  -  ResidentSetSize of job (KB)
...
006 (9642978.000.000) 04/18 03:56:21 Image size of job updated: 22090568
	3051  -  MemoryUsage of job (MB)
	3123480  -  ResidentSetSize of job (KB)
...
006 (9642978.000.000) 04/18 04:01:22 Image size of job updated: 22090568
	3132  -  MemoryUsage of job (MB)
	3206900  -  ResidentSetSize of job (KB)
...
006 (9642978.000.000) 04/18 04:06:23 Image size of job updated: 22090568
	3187  -  MemoryUsage of job (MB)
	3263096  -  ResidentSetSize of job (KB)
...
006 (9642978.000.000) 04/18 04:11:23 Image size of job updated: 22090568
	3241  -  MemoryUsage of job (MB)
	3318120  -  ResidentSetSize of job (KB)
...
040 (9642978.000.000) 04/18 04:12:13 Started transferring output files
...
040 (9642978.000.000) 04/18 04:12:15 Finished transferring output files
...
005 (9642978.000.000) 04/18 04:12:15 Job terminated.
	(1) Normal termination (return value 0)
		Usr 0 04:09:44, Sys 0 00:22:33  -  Run Remote Usage
		Usr 0 00:00:00, Sys 0 00:00:00  -  Run Local Usage
		Usr 0 04:09:44, Sys 0 00:22:33  -  Total Remote Usage
		Usr 0 00:00:00, Sys 0 00:00:00  -  Total Local Usage
	3562336  -  Run Bytes Sent By Job
	194  -  Run Bytes Received By Job
	3562336  -  Total Bytes Sent By Job
	194  -  Total Bytes Received By Job
	Partitionable Resources :    Usage  Request Allocated 
	   Cpus                 :     1.00        1         1 
	   Disk (KB)            :  3499           1   1286787 
	   Memory (MB)          :  3241        2000      2000 

	Job terminated of its own accord at 2024-04-18T02:12:13Z.
...
