000 (9643090.000.000) 04/17 11:05:28 Job submitted from host: <137.138.156.150:9618?addrs=137.138.156.150-9618+[2001-1458-d00-14--9a]-9618&alias=bigbird13.cern.ch&noUDP&sock=schedd_2138_1192>
...
040 (9643090.000.000) 04/18 01:16:00 Started transferring input files
	Transferring to host: <128.142.59.103:9618?addrs=128.142.59.103-9618&alias=b7s04p5872.cern.ch&noUDP&sock=slot1_28_7540_5cac_105399>
...
040 (9643090.000.000) 04/18 01:16:00 Finished transferring input files
...
001 (9643090.000.000) 04/18 01:16:01 Job executing on host: <128.142.59.103:9618?addrs=128.142.59.103-9618&alias=b7s04p5872.cern.ch&noUDP&sock=startd_7477_2db6>
...
006 (9643090.000.000) 04/18 01:16:10 Image size of job updated: 318432
	5  -  MemoryUsage of job (MB)
	4464  -  ResidentSetSize of job (KB)
...
006 (9643090.000.000) 04/18 01:21:11 Image size of job updated: 1523252
	83  -  MemoryUsage of job (MB)
	84584  -  ResidentSetSize of job (KB)
...
006 (9643090.000.000) 04/18 01:26:11 Image size of job updated: 1538976
	100  -  MemoryUsage of job (MB)
	102156  -  ResidentSetSize of job (KB)
...
006 (9643090.000.000) 04/18 01:31:11 Image size of job updated: 1627704
	164  -  MemoryUsage of job (MB)
	167712  -  ResidentSetSize of job (KB)
...
006 (9643090.000.000) 04/18 01:36:12 Image size of job updated: 1697992
	199  -  MemoryUsage of job (MB)
	203728  -  ResidentSetSize of job (KB)
...
006 (9643090.000.000) 04/18 01:41:13 Image size of job updated: 17045228
	2041  -  MemoryUsage of job (MB)
	2089860  -  ResidentSetSize of job (KB)
...
006 (9643090.000.000) 04/18 01:46:13 Image size of job updated: 17045228
	2046  -  MemoryUsage of job (MB)
	2094916  -  ResidentSetSize of job (KB)
...
006 (9643090.000.000) 04/18 01:51:14 Image size of job updated: 21782204
	2243  -  MemoryUsage of job (MB)
	2296280  -  ResidentSetSize of job (KB)
...
006 (9643090.000.000) 04/18 01:56:15 Image size of job updated: 21782240
	2243  -  MemoryUsage of job (MB)
	2296280  -  ResidentSetSize of job (KB)
...
006 (9643090.000.000) 04/18 02:01:15 Image size of job updated: 21782240
	2265  -  MemoryUsage of job (MB)
	2319256  -  ResidentSetSize of job (KB)
...
006 (9643090.000.000) 04/18 02:06:15 Image size of job updated: 21782240
	2286  -  MemoryUsage of job (MB)
	2340552  -  ResidentSetSize of job (KB)
...
006 (9643090.000.000) 04/18 02:11:16 Image size of job updated: 21782240
	2286  -  MemoryUsage of job (MB)
	2340812  -  ResidentSetSize of job (KB)
...
006 (9643090.000.000) 04/18 02:16:16 Image size of job updated: 21782240
	2309  -  MemoryUsage of job (MB)
	2363952  -  ResidentSetSize of job (KB)
...
006 (9643090.000.000) 04/18 02:21:16 Image size of job updated: 21782240
	2309  -  MemoryUsage of job (MB)
	2363996  -  ResidentSetSize of job (KB)
...
006 (9643090.000.000) 04/18 02:26:17 Image size of job updated: 21782240
	2332  -  MemoryUsage of job (MB)
	2387444  -  ResidentSetSize of job (KB)
...
006 (9643090.000.000) 04/18 02:31:18 Image size of job updated: 21782240
	2353  -  MemoryUsage of job (MB)
	2409160  -  ResidentSetSize of job (KB)
...
006 (9643090.000.000) 04/18 02:36:18 Image size of job updated: 21782240
	2353  -  MemoryUsage of job (MB)
	2409248  -  ResidentSetSize of job (KB)
...
006 (9643090.000.000) 04/18 02:41:19 Image size of job updated: 21782244
	2374  -  MemoryUsage of job (MB)
	2430576  -  ResidentSetSize of job (KB)
...
006 (9643090.000.000) 04/18 02:46:20 Image size of job updated: 21782244
	2374  -  MemoryUsage of job (MB)
	2430604  -  ResidentSetSize of job (KB)
...
006 (9643090.000.000) 04/18 02:51:20 Image size of job updated: 21782244
	2395  -  MemoryUsage of job (MB)
	2452012  -  ResidentSetSize of job (KB)
...
006 (9643090.000.000) 04/18 03:01:21 Image size of job updated: 21782244
	2416  -  MemoryUsage of job (MB)
	2473476  -  ResidentSetSize of job (KB)
...
006 (9643090.000.000) 04/18 03:06:21 Image size of job updated: 21782244
	2437  -  MemoryUsage of job (MB)
	2494604  -  ResidentSetSize of job (KB)
...
006 (9643090.000.000) 04/18 03:11:21 Image size of job updated: 21782244
	2437  -  MemoryUsage of job (MB)
	2494632  -  ResidentSetSize of job (KB)
...
006 (9643090.000.000) 04/18 03:16:22 Image size of job updated: 21843808
	2457  -  MemoryUsage of job (MB)
	2515784  -  ResidentSetSize of job (KB)
...
006 (9643090.000.000) 04/18 03:21:23 Image size of job updated: 21843808
	2457  -  MemoryUsage of job (MB)
	2515820  -  ResidentSetSize of job (KB)
...
006 (9643090.000.000) 04/18 03:26:23 Image size of job updated: 21843808
	2478  -  MemoryUsage of job (MB)
	2537028  -  ResidentSetSize of job (KB)
...
006 (9643090.000.000) 04/18 03:31:24 Image size of job updated: 21843808
	2499  -  MemoryUsage of job (MB)
	2558084  -  ResidentSetSize of job (KB)
...
006 (9643090.000.000) 04/18 03:36:25 Image size of job updated: 21843808
	2499  -  MemoryUsage of job (MB)
	2558152  -  ResidentSetSize of job (KB)
...
006 (9643090.000.000) 04/18 03:41:25 Image size of job updated: 21843808
	2499  -  MemoryUsage of job (MB)
	2558164  -  ResidentSetSize of job (KB)
...
006 (9643090.000.000) 04/18 03:46:25 Image size of job updated: 21843808
	2499  -  MemoryUsage of job (MB)
	2558240  -  ResidentSetSize of job (KB)
...
006 (9643090.000.000) 04/18 03:51:26 Image size of job updated: 21843808
	2519  -  MemoryUsage of job (MB)
	2579432  -  ResidentSetSize of job (KB)
...
006 (9643090.000.000) 04/18 04:01:26 Image size of job updated: 22090828
	2958  -  MemoryUsage of job (MB)
	3028120  -  ResidentSetSize of job (KB)
...
006 (9643090.000.000) 04/18 04:06:27 Image size of job updated: 22090828
	3034  -  MemoryUsage of job (MB)
	3105984  -  ResidentSetSize of job (KB)
...
006 (9643090.000.000) 04/18 04:11:28 Image size of job updated: 22090828
	3099  -  MemoryUsage of job (MB)
	3173264  -  ResidentSetSize of job (KB)
...
006 (9643090.000.000) 04/18 04:16:28 Image size of job updated: 22090828
	3177  -  MemoryUsage of job (MB)
	3252908  -  ResidentSetSize of job (KB)
...
006 (9643090.000.000) 04/18 04:21:28 Image size of job updated: 22253524
	3188  -  MemoryUsage of job (MB)
	3264512  -  ResidentSetSize of job (KB)
...
040 (9643090.000.000) 04/18 04:24:46 Started transferring output files
...
040 (9643090.000.000) 04/18 04:24:47 Finished transferring output files
...
005 (9643090.000.000) 04/18 04:24:47 Job terminated.
	(1) Normal termination (return value 0)
		Usr 0 04:03:21, Sys 0 00:24:39  -  Run Remote Usage
		Usr 0 00:00:00, Sys 0 00:00:00  -  Run Local Usage
		Usr 0 04:03:21, Sys 0 00:24:39  -  Total Remote Usage
		Usr 0 00:00:00, Sys 0 00:00:00  -  Total Local Usage
	3935520  -  Run Bytes Sent By Job
	196  -  Run Bytes Received By Job
	3935520  -  Total Bytes Sent By Job
	196  -  Total Bytes Received By Job
	Partitionable Resources :    Usage  Request Allocated 
	   Cpus                 :     1.24        1         1 
	   Disk (KB)            :  3864           1   1188958 
	   Memory (MB)          :  3188        2000      2000 

	Job terminated of its own accord at 2024-04-18T02:24:46Z.
...
