000 (9643128.000.000) 04/17 11:06:06 Job submitted from host: <137.138.156.150:9618?addrs=137.138.156.150-9618+[2001-1458-d00-14--9a]-9618&alias=bigbird13.cern.ch&noUDP&sock=schedd_2138_1192>
...
040 (9643128.000.000) 04/18 01:16:02 Started transferring input files
	Transferring to host: <128.142.56.75:9618?addrs=128.142.56.75-9618&alias=b7s01p4222.cern.ch&noUDP&sock=slot1_15_7049_6878_103010>
...
040 (9643128.000.000) 04/18 01:16:02 Finished transferring input files
...
001 (9643128.000.000) 04/18 01:16:03 Job executing on host: <128.142.56.75:9618?addrs=128.142.56.75-9618&alias=b7s01p4222.cern.ch&noUDP&sock=startd_6999_4f71>
...
006 (9643128.000.000) 04/18 01:16:12 Image size of job updated: 56660
	43  -  MemoryUsage of job (MB)
	43036  -  ResidentSetSize of job (KB)
...
006 (9643128.000.000) 04/18 01:21:12 Image size of job updated: 17045144
	2039  -  MemoryUsage of job (MB)
	2087668  -  ResidentSetSize of job (KB)
...
006 (9643128.000.000) 04/18 01:26:13 Image size of job updated: 17045144
	2046  -  MemoryUsage of job (MB)
	2094704  -  ResidentSetSize of job (KB)
...
006 (9643128.000.000) 04/18 01:31:14 Image size of job updated: 21781164
	2232  -  MemoryUsage of job (MB)
	2285172  -  ResidentSetSize of job (KB)
...
006 (9643128.000.000) 04/18 01:41:14 Image size of job updated: 21781164
	2262  -  MemoryUsage of job (MB)
	2315468  -  ResidentSetSize of job (KB)
...
006 (9643128.000.000) 04/18 01:46:15 Image size of job updated: 21781164
	2284  -  MemoryUsage of job (MB)
	2338752  -  ResidentSetSize of job (KB)
...
006 (9643128.000.000) 04/18 01:51:16 Image size of job updated: 21781164
	2285  -  MemoryUsage of job (MB)
	2339056  -  ResidentSetSize of job (KB)
...
006 (9643128.000.000) 04/18 01:56:16 Image size of job updated: 21781164
	2305  -  MemoryUsage of job (MB)
	2360160  -  ResidentSetSize of job (KB)
...
006 (9643128.000.000) 04/18 02:01:16 Image size of job updated: 21781164
	2326  -  MemoryUsage of job (MB)
	2381568  -  ResidentSetSize of job (KB)
...
006 (9643128.000.000) 04/18 02:06:17 Image size of job updated: 21781164
	2326  -  MemoryUsage of job (MB)
	2381728  -  ResidentSetSize of job (KB)
...
006 (9643128.000.000) 04/18 02:11:18 Image size of job updated: 21781164
	2347  -  MemoryUsage of job (MB)
	2403112  -  ResidentSetSize of job (KB)
...
006 (9643128.000.000) 04/18 02:16:18 Image size of job updated: 21781164
	2348  -  MemoryUsage of job (MB)
	2403384  -  ResidentSetSize of job (KB)
...
006 (9643128.000.000) 04/18 02:21:19 Image size of job updated: 21781164
	2369  -  MemoryUsage of job (MB)
	2425376  -  ResidentSetSize of job (KB)
...
006 (9643128.000.000) 04/18 02:31:20 Image size of job updated: 21781164
	2391  -  MemoryUsage of job (MB)
	2448236  -  ResidentSetSize of job (KB)
...
006 (9643128.000.000) 04/18 02:41:21 Image size of job updated: 21781164
	2412  -  MemoryUsage of job (MB)
	2469624  -  ResidentSetSize of job (KB)
...
006 (9643128.000.000) 04/18 02:51:21 Image size of job updated: 21781164
	2413  -  MemoryUsage of job (MB)
	2470040  -  ResidentSetSize of job (KB)
...
006 (9643128.000.000) 04/18 03:01:22 Image size of job updated: 21781164
	2437  -  MemoryUsage of job (MB)
	2494644  -  ResidentSetSize of job (KB)
...
006 (9643128.000.000) 04/18 03:06:22 Image size of job updated: 21781164
	2437  -  MemoryUsage of job (MB)
	2494684  -  ResidentSetSize of job (KB)
...
006 (9643128.000.000) 04/18 03:11:23 Image size of job updated: 21781164
	2461  -  MemoryUsage of job (MB)
	2519720  -  ResidentSetSize of job (KB)
...
006 (9643128.000.000) 04/18 03:21:24 Image size of job updated: 21781164
	2484  -  MemoryUsage of job (MB)
	2543052  -  ResidentSetSize of job (KB)
...
006 (9643128.000.000) 04/18 03:31:26 Image size of job updated: 21781164
	2505  -  MemoryUsage of job (MB)
	2564408  -  ResidentSetSize of job (KB)
...
006 (9643128.000.000) 04/18 03:36:26 Image size of job updated: 21781164
	2525  -  MemoryUsage of job (MB)
	2585484  -  ResidentSetSize of job (KB)
...
006 (9643128.000.000) 04/18 03:41:26 Image size of job updated: 21781164
	2525  -  MemoryUsage of job (MB)
	2585500  -  ResidentSetSize of job (KB)
...
006 (9643128.000.000) 04/18 03:51:27 Image size of job updated: 22084784
	2982  -  MemoryUsage of job (MB)
	3053408  -  ResidentSetSize of job (KB)
...
006 (9643128.000.000) 04/18 03:56:27 Image size of job updated: 22084784
	3032  -  MemoryUsage of job (MB)
	3104288  -  ResidentSetSize of job (KB)
...
006 (9643128.000.000) 04/18 04:01:28 Image size of job updated: 22084784
	3084  -  MemoryUsage of job (MB)
	3157800  -  ResidentSetSize of job (KB)
...
006 (9643128.000.000) 04/18 04:06:29 Image size of job updated: 22084784
	3144  -  MemoryUsage of job (MB)
	3218732  -  ResidentSetSize of job (KB)
...
006 (9643128.000.000) 04/18 04:11:29 Image size of job updated: 22084784
	3213  -  MemoryUsage of job (MB)
	3289424  -  ResidentSetSize of job (KB)
...
040 (9643128.000.000) 04/18 04:14:12 Started transferring output files
...
040 (9643128.000.000) 04/18 04:14:18 Finished transferring output files
...
005 (9643128.000.000) 04/18 04:14:18 Job terminated.
	(1) Normal termination (return value 0)
		Usr 0 04:11:18, Sys 0 00:23:47  -  Run Remote Usage
		Usr 0 00:00:00, Sys 0 00:00:00  -  Run Local Usage
		Usr 0 04:11:18, Sys 0 00:23:47  -  Total Remote Usage
		Usr 0 00:00:00, Sys 0 00:00:00  -  Total Local Usage
	3996188  -  Run Bytes Sent By Job
	194  -  Run Bytes Received By Job
	3996188  -  Total Bytes Sent By Job
	194  -  Total Bytes Received By Job
	Partitionable Resources :    Usage  Request Allocated 
	   Cpus                 :     1.16        1         1 
	   Disk (KB)            :  3923           1   1284302 
	   Memory (MB)          :  3213        2000      2000 

	Job terminated of its own accord at 2024-04-18T02:14:12Z.
...
