000 (9643013.000.000) 04/17 11:04:13 Job submitted from host: <137.138.156.150:9618?addrs=137.138.156.150-9618+[2001-1458-d00-14--9a]-9618&alias=bigbird13.cern.ch&noUDP&sock=schedd_2138_1192>
...
040 (9643013.000.000) 04/18 01:15:57 Started transferring input files
	Transferring to host: <128.142.58.39:9618?addrs=128.142.58.39-9618&alias=b7s03p2685.cern.ch&noUDP&sock=slot1_7_6925_09f3_104444>
...
040 (9643013.000.000) 04/18 01:15:57 Finished transferring input files
...
001 (9643013.000.000) 04/18 01:15:58 Job executing on host: <128.142.58.39:9618?addrs=128.142.58.39-9618&alias=b7s03p2685.cern.ch&noUDP&sock=startd_6862_56f7>
...
006 (9643013.000.000) 04/18 01:16:07 Image size of job updated: 401004
	35  -  MemoryUsage of job (MB)
	35632  -  ResidentSetSize of job (KB)
...
006 (9643013.000.000) 04/18 01:21:07 Image size of job updated: 17045360
	2049  -  MemoryUsage of job (MB)
	2097588  -  ResidentSetSize of job (KB)
...
006 (9643013.000.000) 04/18 01:26:07 Image size of job updated: 17045360
	2052  -  MemoryUsage of job (MB)
	2100276  -  ResidentSetSize of job (KB)
...
006 (9643013.000.000) 04/18 01:31:08 Image size of job updated: 21842700
	2241  -  MemoryUsage of job (MB)
	2294612  -  ResidentSetSize of job (KB)
...
006 (9643013.000.000) 04/18 01:36:08 Image size of job updated: 21842700
	2242  -  MemoryUsage of job (MB)
	2295552  -  ResidentSetSize of job (KB)
...
006 (9643013.000.000) 04/18 01:41:09 Image size of job updated: 21842700
	2264  -  MemoryUsage of job (MB)
	2317580  -  ResidentSetSize of job (KB)
...
006 (9643013.000.000) 04/18 01:46:10 Image size of job updated: 21842700
	2264  -  MemoryUsage of job (MB)
	2317696  -  ResidentSetSize of job (KB)
...
006 (9643013.000.000) 04/18 01:51:10 Image size of job updated: 21842700
	2286  -  MemoryUsage of job (MB)
	2340172  -  ResidentSetSize of job (KB)
...
006 (9643013.000.000) 04/18 01:56:10 Image size of job updated: 21842700
	2287  -  MemoryUsage of job (MB)
	2340972  -  ResidentSetSize of job (KB)
...
006 (9643013.000.000) 04/18 02:01:11 Image size of job updated: 21842700
	2308  -  MemoryUsage of job (MB)
	2362432  -  ResidentSetSize of job (KB)
...
006 (9643013.000.000) 04/18 02:06:11 Image size of job updated: 21842700
	2308  -  MemoryUsage of job (MB)
	2362512  -  ResidentSetSize of job (KB)
...
006 (9643013.000.000) 04/18 02:11:11 Image size of job updated: 21842700
	2329  -  MemoryUsage of job (MB)
	2384412  -  ResidentSetSize of job (KB)
...
006 (9643013.000.000) 04/18 02:16:12 Image size of job updated: 21842700
	2329  -  MemoryUsage of job (MB)
	2384540  -  ResidentSetSize of job (KB)
...
006 (9643013.000.000) 04/18 02:21:12 Image size of job updated: 21842700
	2350  -  MemoryUsage of job (MB)
	2405980  -  ResidentSetSize of job (KB)
...
006 (9643013.000.000) 04/18 02:26:12 Image size of job updated: 21842700
	2350  -  MemoryUsage of job (MB)
	2406044  -  ResidentSetSize of job (KB)
...
006 (9643013.000.000) 04/18 02:31:13 Image size of job updated: 21842700
	2373  -  MemoryUsage of job (MB)
	2429292  -  ResidentSetSize of job (KB)
...
006 (9643013.000.000) 04/18 02:36:14 Image size of job updated: 21842700
	2373  -  MemoryUsage of job (MB)
	2429408  -  ResidentSetSize of job (KB)
...
006 (9643013.000.000) 04/18 02:41:14 Image size of job updated: 21842700
	2394  -  MemoryUsage of job (MB)
	2450804  -  ResidentSetSize of job (KB)
...
006 (9643013.000.000) 04/18 02:46:15 Image size of job updated: 21842700
	2394  -  MemoryUsage of job (MB)
	2450812  -  ResidentSetSize of job (KB)
...
006 (9643013.000.000) 04/18 02:51:16 Image size of job updated: 21842700
	2415  -  MemoryUsage of job (MB)
	2472044  -  ResidentSetSize of job (KB)
...
006 (9643013.000.000) 04/18 02:56:16 Image size of job updated: 21842700
	2415  -  MemoryUsage of job (MB)
	2472108  -  ResidentSetSize of job (KB)
...
006 (9643013.000.000) 04/18 03:01:16 Image size of job updated: 21842700
	2436  -  MemoryUsage of job (MB)
	2493460  -  ResidentSetSize of job (KB)
...
006 (9643013.000.000) 04/18 03:06:17 Image size of job updated: 21842700
	2436  -  MemoryUsage of job (MB)
	2493584  -  ResidentSetSize of job (KB)
...
006 (9643013.000.000) 04/18 03:16:17 Image size of job updated: 21842700
	2457  -  MemoryUsage of job (MB)
	2515032  -  ResidentSetSize of job (KB)
...
006 (9643013.000.000) 04/18 03:21:18 Image size of job updated: 21842700
	2457  -  MemoryUsage of job (MB)
	2515104  -  ResidentSetSize of job (KB)
...
006 (9643013.000.000) 04/18 03:26:18 Image size of job updated: 21842700
	2477  -  MemoryUsage of job (MB)
	2536304  -  ResidentSetSize of job (KB)
...
006 (9643013.000.000) 04/18 03:31:18 Image size of job updated: 21842700
	2477  -  MemoryUsage of job (MB)
	2536340  -  ResidentSetSize of job (KB)
...
006 (9643013.000.000) 04/18 03:36:19 Image size of job updated: 21842700
	2499  -  MemoryUsage of job (MB)
	2558380  -  ResidentSetSize of job (KB)
...
006 (9643013.000.000) 04/18 03:46:20 Image size of job updated: 21842700
	2520  -  MemoryUsage of job (MB)
	2579616  -  ResidentSetSize of job (KB)
...
006 (9643013.000.000) 04/18 03:56:22 Image size of job updated: 21842700
	2541  -  MemoryUsage of job (MB)
	2601664  -  ResidentSetSize of job (KB)
...
006 (9643013.000.000) 04/18 04:06:23 Image size of job updated: 22064476
	2973  -  MemoryUsage of job (MB)
	3043388  -  ResidentSetSize of job (KB)
...
006 (9643013.000.000) 04/18 04:11:24 Image size of job updated: 22085980
	3020  -  MemoryUsage of job (MB)
	3092036  -  ResidentSetSize of job (KB)
...
006 (9643013.000.000) 04/18 04:16:24 Image size of job updated: 22085980
	3091  -  MemoryUsage of job (MB)
	3164188  -  ResidentSetSize of job (KB)
...
006 (9643013.000.000) 04/18 04:21:25 Image size of job updated: 22085980
	3144  -  MemoryUsage of job (MB)
	3218648  -  ResidentSetSize of job (KB)
...
006 (9643013.000.000) 04/18 04:26:26 Image size of job updated: 22085980
	3206  -  MemoryUsage of job (MB)
	3282544  -  ResidentSetSize of job (KB)
...
006 (9643013.000.000) 04/18 04:31:26 Image size of job updated: 22085980
	3248  -  MemoryUsage of job (MB)
	3325216  -  ResidentSetSize of job (KB)
...
006 (9643013.000.000) 04/18 04:34:11 Image size of job updated: 22085980
	3248  -  MemoryUsage of job (MB)
	3325260  -  ResidentSetSize of job (KB)
...
040 (9643013.000.000) 04/18 04:34:11 Started transferring output files
...
040 (9643013.000.000) 04/18 04:34:17 Finished transferring output files
...
005 (9643013.000.000) 04/18 04:34:17 Job terminated.
	(1) Normal termination (return value 0)
		Usr 0 04:20:07, Sys 0 00:22:35  -  Run Remote Usage
		Usr 0 00:00:00, Sys 0 00:00:00  -  Run Local Usage
		Usr 0 04:20:07, Sys 0 00:22:35  -  Total Remote Usage
		Usr 0 00:00:00, Sys 0 00:00:00  -  Total Local Usage
	4480482  -  Run Bytes Sent By Job
	196  -  Run Bytes Received By Job
	4480482  -  Total Bytes Sent By Job
	196  -  Total Bytes Received By Job
	Partitionable Resources :    Usage  Request Allocated 
	   Cpus                 :     1.14        1         1 
	   Disk (KB)            :  4396           1   1236308 
	   Memory (MB)          :  3248        2000      2000 

	Job terminated of its own accord at 2024-04-18T02:34:11Z.
...
