000 (9643082.000.000) 04/17 11:05:22 Job submitted from host: <137.138.156.150:9618?addrs=137.138.156.150-9618+[2001-1458-d00-14--9a]-9618&alias=bigbird13.cern.ch&noUDP&sock=schedd_2138_1192>
...
040 (9643082.000.000) 04/18 01:16:00 Started transferring input files
	Transferring to host: <128.142.56.78:9618?addrs=128.142.56.78-9618&alias=b7s01p6834.cern.ch&noUDP&sock=slot1_22_7673_1291_99116>
...
040 (9643082.000.000) 04/18 01:16:00 Finished transferring input files
...
001 (9643082.000.000) 04/18 01:16:01 Job executing on host: <128.142.56.78:9618?addrs=128.142.56.78-9618&alias=b7s01p6834.cern.ch&noUDP&sock=startd_7611_1767>
...
006 (9643082.000.000) 04/18 01:16:10 Image size of job updated: 491560
	43  -  MemoryUsage of job (MB)
	43380  -  ResidentSetSize of job (KB)
...
006 (9643082.000.000) 04/18 01:21:11 Image size of job updated: 17047344
	2048  -  MemoryUsage of job (MB)
	2096220  -  ResidentSetSize of job (KB)
...
006 (9643082.000.000) 04/18 01:26:12 Image size of job updated: 17047344
	2049  -  MemoryUsage of job (MB)
	2098084  -  ResidentSetSize of job (KB)
...
006 (9643082.000.000) 04/18 01:31:12 Image size of job updated: 21783404
	2238  -  MemoryUsage of job (MB)
	2291308  -  ResidentSetSize of job (KB)
...
006 (9643082.000.000) 04/18 01:36:13 Image size of job updated: 21783404
	2242  -  MemoryUsage of job (MB)
	2294996  -  ResidentSetSize of job (KB)
...
006 (9643082.000.000) 04/18 01:41:14 Image size of job updated: 21783404
	2264  -  MemoryUsage of job (MB)
	2317464  -  ResidentSetSize of job (KB)
...
006 (9643082.000.000) 04/18 01:46:14 Image size of job updated: 21783404
	2264  -  MemoryUsage of job (MB)
	2317948  -  ResidentSetSize of job (KB)
...
006 (9643082.000.000) 04/18 01:51:14 Image size of job updated: 21783404
	2285  -  MemoryUsage of job (MB)
	2339468  -  ResidentSetSize of job (KB)
...
006 (9643082.000.000) 04/18 01:56:15 Image size of job updated: 21783404
	2285  -  MemoryUsage of job (MB)
	2339576  -  ResidentSetSize of job (KB)
...
006 (9643082.000.000) 04/18 02:01:15 Image size of job updated: 21783404
	2306  -  MemoryUsage of job (MB)
	2360936  -  ResidentSetSize of job (KB)
...
006 (9643082.000.000) 04/18 02:06:15 Image size of job updated: 21783404
	2306  -  MemoryUsage of job (MB)
	2360984  -  ResidentSetSize of job (KB)
...
006 (9643082.000.000) 04/18 02:11:16 Image size of job updated: 21783404
	2327  -  MemoryUsage of job (MB)
	2382188  -  ResidentSetSize of job (KB)
...
006 (9643082.000.000) 04/18 02:16:17 Image size of job updated: 21783404
	2327  -  MemoryUsage of job (MB)
	2382332  -  ResidentSetSize of job (KB)
...
006 (9643082.000.000) 04/18 02:21:17 Image size of job updated: 21783404
	2348  -  MemoryUsage of job (MB)
	2403440  -  ResidentSetSize of job (KB)
...
006 (9643082.000.000) 04/18 02:26:18 Image size of job updated: 21783404
	2348  -  MemoryUsage of job (MB)
	2403540  -  ResidentSetSize of job (KB)
...
006 (9643082.000.000) 04/18 02:31:19 Image size of job updated: 21783404
	2368  -  MemoryUsage of job (MB)
	2424712  -  ResidentSetSize of job (KB)
...
006 (9643082.000.000) 04/18 02:41:19 Image size of job updated: 21783404
	2389  -  MemoryUsage of job (MB)
	2446244  -  ResidentSetSize of job (KB)
...
006 (9643082.000.000) 04/18 02:51:20 Image size of job updated: 21783404
	2412  -  MemoryUsage of job (MB)
	2468884  -  ResidentSetSize of job (KB)
...
006 (9643082.000.000) 04/18 02:56:20 Image size of job updated: 21783404
	2434  -  MemoryUsage of job (MB)
	2492048  -  ResidentSetSize of job (KB)
...
006 (9643082.000.000) 04/18 03:01:21 Image size of job updated: 21783404
	2434  -  MemoryUsage of job (MB)
	2492180  -  ResidentSetSize of job (KB)
...
006 (9643082.000.000) 04/18 03:06:22 Image size of job updated: 21783404
	2455  -  MemoryUsage of job (MB)
	2513368  -  ResidentSetSize of job (KB)
...
006 (9643082.000.000) 04/18 03:11:22 Image size of job updated: 21783404
	2455  -  MemoryUsage of job (MB)
	2513408  -  ResidentSetSize of job (KB)
...
006 (9643082.000.000) 04/18 03:16:23 Image size of job updated: 21783404
	2476  -  MemoryUsage of job (MB)
	2534612  -  ResidentSetSize of job (KB)
...
006 (9643082.000.000) 04/18 03:26:24 Image size of job updated: 21844952
	2497  -  MemoryUsage of job (MB)
	2555932  -  ResidentSetSize of job (KB)
...
006 (9643082.000.000) 04/18 03:31:24 Image size of job updated: 21844952
	2517  -  MemoryUsage of job (MB)
	2577156  -  ResidentSetSize of job (KB)
...
006 (9643082.000.000) 04/18 03:36:25 Image size of job updated: 21844952
	2517  -  MemoryUsage of job (MB)
	2577224  -  ResidentSetSize of job (KB)
...
006 (9643082.000.000) 04/18 03:41:25 Image size of job updated: 21844952
	2538  -  MemoryUsage of job (MB)
	2598352  -  ResidentSetSize of job (KB)
...
006 (9643082.000.000) 04/18 03:46:25 Image size of job updated: 21844952
	2538  -  MemoryUsage of job (MB)
	2598388  -  ResidentSetSize of job (KB)
...
006 (9643082.000.000) 04/18 03:51:26 Image size of job updated: 21844952
	2559  -  MemoryUsage of job (MB)
	2619736  -  ResidentSetSize of job (KB)
...
006 (9643082.000.000) 04/18 03:56:27 Image size of job updated: 21844952
	2559  -  MemoryUsage of job (MB)
	2619784  -  ResidentSetSize of job (KB)
...
006 (9643082.000.000) 04/18 04:01:27 Image size of job updated: 22063236
	2989  -  MemoryUsage of job (MB)
	3059936  -  ResidentSetSize of job (KB)
...
006 (9643082.000.000) 04/18 04:06:28 Image size of job updated: 22090884
	3080  -  MemoryUsage of job (MB)
	3153660  -  ResidentSetSize of job (KB)
...
006 (9643082.000.000) 04/18 04:11:29 Image size of job updated: 22090884
	3152  -  MemoryUsage of job (MB)
	3227632  -  ResidentSetSize of job (KB)
...
006 (9643082.000.000) 04/18 04:16:29 Image size of job updated: 22090884
	3231  -  MemoryUsage of job (MB)
	3307716  -  ResidentSetSize of job (KB)
...
006 (9643082.000.000) 04/18 04:21:30 Image size of job updated: 22091908
	3238  -  MemoryUsage of job (MB)
	3315512  -  ResidentSetSize of job (KB)
...
006 (9643082.000.000) 04/18 04:26:31 Image size of job updated: 22091908
	3291  -  MemoryUsage of job (MB)
	3369464  -  ResidentSetSize of job (KB)
...
006 (9643082.000.000) 04/18 04:26:39 Image size of job updated: 22091908
	3291  -  MemoryUsage of job (MB)
	3369468  -  ResidentSetSize of job (KB)
...
040 (9643082.000.000) 04/18 04:26:39 Started transferring output files
...
040 (9643082.000.000) 04/18 04:26:42 Finished transferring output files
...
005 (9643082.000.000) 04/18 04:26:42 Job terminated.
	(1) Normal termination (return value 0)
		Usr 0 04:27:07, Sys 0 00:25:00  -  Run Remote Usage
		Usr 0 00:00:00, Sys 0 00:00:00  -  Run Local Usage
		Usr 0 04:27:07, Sys 0 00:25:00  -  Total Remote Usage
		Usr 0 00:00:00, Sys 0 00:00:00  -  Total Local Usage
	3976713  -  Run Bytes Sent By Job
	194  -  Run Bytes Received By Job
	3976713  -  Total Bytes Sent By Job
	194  -  Total Bytes Received By Job
	Partitionable Resources :    Usage  Request Allocated 
	   Cpus                 :     1.21        1         1 
	   Disk (KB)            :  3904           1   2933775 
	   Memory (MB)          :  3291        2000      2000 

	Job terminated of its own accord at 2024-04-18T02:26:39Z.
...
