000 (9643148.000.000) 04/17 11:06:24 Job submitted from host: <137.138.156.150:9618?addrs=137.138.156.150-9618+[2001-1458-d00-14--9a]-9618&alias=bigbird13.cern.ch&noUDP&sock=schedd_2138_1192>
...
040 (9643148.000.000) 04/18 01:16:06 Started transferring input files
	Transferring to host: <128.142.57.100:9618?addrs=128.142.57.100-9618&alias=b7s02p6433.cern.ch&noUDP&sock=slot1_27_6919_cfb2_103679>
...
040 (9643148.000.000) 04/18 01:16:06 Finished transferring input files
...
001 (9643148.000.000) 04/18 01:16:07 Job executing on host: <128.142.57.100:9618?addrs=128.142.57.100-9618&alias=b7s02p6433.cern.ch&noUDP&sock=startd_6868_7489>
...
006 (9643148.000.000) 04/18 01:16:16 Image size of job updated: 277812
	5  -  MemoryUsage of job (MB)
	4336  -  ResidentSetSize of job (KB)
...
006 (9643148.000.000) 04/18 01:21:17 Image size of job updated: 534260
	53  -  MemoryUsage of job (MB)
	53500  -  ResidentSetSize of job (KB)
...
006 (9643148.000.000) 04/18 01:26:18 Image size of job updated: 1523280
	83  -  MemoryUsage of job (MB)
	84396  -  ResidentSetSize of job (KB)
...
006 (9643148.000.000) 04/18 01:31:19 Image size of job updated: 1525916
	87  -  MemoryUsage of job (MB)
	88496  -  ResidentSetSize of job (KB)
...
006 (9643148.000.000) 04/18 01:36:19 Image size of job updated: 1547976
	106  -  MemoryUsage of job (MB)
	108152  -  ResidentSetSize of job (KB)
...
006 (9643148.000.000) 04/18 01:41:20 Image size of job updated: 1623624
	159  -  MemoryUsage of job (MB)
	162700  -  ResidentSetSize of job (KB)
...
006 (9643148.000.000) 04/18 01:46:21 Image size of job updated: 1683456
	190  -  MemoryUsage of job (MB)
	194428  -  ResidentSetSize of job (KB)
...
006 (9643148.000.000) 04/18 01:51:21 Image size of job updated: 1738292
	217  -  MemoryUsage of job (MB)
	221192  -  ResidentSetSize of job (KB)
...
006 (9643148.000.000) 04/18 01:56:21 Image size of job updated: 17125160
	2038  -  MemoryUsage of job (MB)
	2086664  -  ResidentSetSize of job (KB)
...
006 (9643148.000.000) 04/18 02:01:22 Image size of job updated: 21782676
	2228  -  MemoryUsage of job (MB)
	2280896  -  ResidentSetSize of job (KB)
...
006 (9643148.000.000) 04/18 02:06:23 Image size of job updated: 21782676
	2231  -  MemoryUsage of job (MB)
	2284048  -  ResidentSetSize of job (KB)
...
006 (9643148.000.000) 04/18 02:11:23 Image size of job updated: 21782676
	2255  -  MemoryUsage of job (MB)
	2308840  -  ResidentSetSize of job (KB)
...
006 (9643148.000.000) 04/18 02:16:24 Image size of job updated: 21782676
	2277  -  MemoryUsage of job (MB)
	2331004  -  ResidentSetSize of job (KB)
...
006 (9643148.000.000) 04/18 02:21:25 Image size of job updated: 21782676
	2279  -  MemoryUsage of job (MB)
	2332884  -  ResidentSetSize of job (KB)
...
006 (9643148.000.000) 04/18 02:26:25 Image size of job updated: 21782676
	2300  -  MemoryUsage of job (MB)
	2354636  -  ResidentSetSize of job (KB)
...
006 (9643148.000.000) 04/18 02:31:26 Image size of job updated: 21782676
	2301  -  MemoryUsage of job (MB)
	2355528  -  ResidentSetSize of job (KB)
...
006 (9643148.000.000) 04/18 02:36:27 Image size of job updated: 21782676
	2322  -  MemoryUsage of job (MB)
	2377424  -  ResidentSetSize of job (KB)
...
006 (9643148.000.000) 04/18 02:46:27 Image size of job updated: 21782676
	2345  -  MemoryUsage of job (MB)
	2401152  -  ResidentSetSize of job (KB)
...
006 (9643148.000.000) 04/18 02:56:29 Image size of job updated: 21782676
	2367  -  MemoryUsage of job (MB)
	2423540  -  ResidentSetSize of job (KB)
...
006 (9643148.000.000) 04/18 03:01:29 Image size of job updated: 21782676
	2389  -  MemoryUsage of job (MB)
	2445652  -  ResidentSetSize of job (KB)
...
006 (9643148.000.000) 04/18 03:06:30 Image size of job updated: 21782676
	2389  -  MemoryUsage of job (MB)
	2446052  -  ResidentSetSize of job (KB)
...
006 (9643148.000.000) 04/18 03:11:31 Image size of job updated: 21782676
	2413  -  MemoryUsage of job (MB)
	2470328  -  ResidentSetSize of job (KB)
...
006 (9643148.000.000) 04/18 03:16:31 Image size of job updated: 21782676
	2413  -  MemoryUsage of job (MB)
	2470344  -  ResidentSetSize of job (KB)
...
006 (9643148.000.000) 04/18 03:21:32 Image size of job updated: 21782676
	2434  -  MemoryUsage of job (MB)
	2491748  -  ResidentSetSize of job (KB)
...
006 (9643148.000.000) 04/18 03:26:33 Image size of job updated: 21782676
	2434  -  MemoryUsage of job (MB)
	2491796  -  ResidentSetSize of job (KB)
...
006 (9643148.000.000) 04/18 03:31:33 Image size of job updated: 21782676
	2455  -  MemoryUsage of job (MB)
	2513312  -  ResidentSetSize of job (KB)
...
006 (9643148.000.000) 04/18 03:41:34 Image size of job updated: 21782676
	2477  -  MemoryUsage of job (MB)
	2536412  -  ResidentSetSize of job (KB)
...
006 (9643148.000.000) 04/18 03:46:34 Image size of job updated: 21782676
	2498  -  MemoryUsage of job (MB)
	2557660  -  ResidentSetSize of job (KB)
...
006 (9643148.000.000) 04/18 03:51:34 Image size of job updated: 21782676
	2499  -  MemoryUsage of job (MB)
	2558436  -  ResidentSetSize of job (KB)
...
006 (9643148.000.000) 04/18 03:56:35 Image size of job updated: 21782676
	2520  -  MemoryUsage of job (MB)
	2580316  -  ResidentSetSize of job (KB)
...
006 (9643148.000.000) 04/18 04:01:36 Image size of job updated: 21782676
	2520  -  MemoryUsage of job (MB)
	2580440  -  ResidentSetSize of job (KB)
...
006 (9643148.000.000) 04/18 04:06:36 Image size of job updated: 21782676
	2541  -  MemoryUsage of job (MB)
	2601736  -  ResidentSetSize of job (KB)
...
006 (9643148.000.000) 04/18 04:11:37 Image size of job updated: 21782676
	2541  -  MemoryUsage of job (MB)
	2601824  -  ResidentSetSize of job (KB)
...
006 (9643148.000.000) 04/18 04:16:38 Image size of job updated: 22058644
	2933  -  MemoryUsage of job (MB)
	3002508  -  ResidentSetSize of job (KB)
...
006 (9643148.000.000) 04/18 04:21:38 Image size of job updated: 22092436
	2998  -  MemoryUsage of job (MB)
	3069532  -  ResidentSetSize of job (KB)
...
006 (9643148.000.000) 04/18 04:26:38 Image size of job updated: 22092436
	3050  -  MemoryUsage of job (MB)
	3122212  -  ResidentSetSize of job (KB)
...
006 (9643148.000.000) 04/18 04:31:39 Image size of job updated: 22092436
	3115  -  MemoryUsage of job (MB)
	3189700  -  ResidentSetSize of job (KB)
...
006 (9643148.000.000) 04/18 04:36:39 Image size of job updated: 22092436
	3161  -  MemoryUsage of job (MB)
	3236172  -  ResidentSetSize of job (KB)
...
006 (9643148.000.000) 04/18 04:41:39 Image size of job updated: 22092436
	3213  -  MemoryUsage of job (MB)
	3289156  -  ResidentSetSize of job (KB)
...
040 (9643148.000.000) 04/18 04:42:52 Started transferring output files
...
040 (9643148.000.000) 04/18 04:42:52 Finished transferring output files
...
005 (9643148.000.000) 04/18 04:42:53 Job terminated.
	(1) Normal termination (return value 0)
		Usr 0 03:59:40, Sys 0 00:22:33  -  Run Remote Usage
		Usr 0 00:00:00, Sys 0 00:00:00  -  Run Local Usage
		Usr 0 03:59:40, Sys 0 00:22:33  -  Total Remote Usage
		Usr 0 00:00:00, Sys 0 00:00:00  -  Total Local Usage
	3889347  -  Run Bytes Sent By Job
	196  -  Run Bytes Received By Job
	3889347  -  Total Bytes Sent By Job
	196  -  Total Bytes Received By Job
	Partitionable Resources :    Usage  Request Allocated 
	   Cpus                 :     1.22        1         1 
	   Disk (KB)            :  3818           1   1303570 
	   Memory (MB)          :  3213        2000      2000 

	Job terminated of its own accord at 2024-04-18T02:42:52Z.
...
