000 (9619833.000.000) 04/10 15:38:41 Job submitted from host: <137.138.156.150:9618?addrs=137.138.156.150-9618+[2001-1458-d00-14--9a]-9618&alias=bigbird13.cern.ch&noUDP&sock=schedd_2138_1192>
...
040 (9619833.000.000) 04/10 17:02:59 Started transferring input files
	Transferring to host: <128.142.57.137:9618?addrs=128.142.57.137-9618&alias=b7s02p6080.cern.ch&noUDP&sock=slot1_7_7435_6147_97244>
...
040 (9619833.000.000) 04/10 17:02:59 Finished transferring input files
...
001 (9619833.000.000) 04/10 17:03:00 Job executing on host: <128.142.57.137:9618?addrs=128.142.57.137-9618&alias=b7s02p6080.cern.ch&noUDP&sock=startd_7372_2844>
...
006 (9619833.000.000) 04/10 17:03:09 Image size of job updated: 334184
	9  -  MemoryUsage of job (MB)
	8360  -  ResidentSetSize of job (KB)
...
006 (9619833.000.000) 04/10 17:08:10 Image size of job updated: 1657216
	188  -  MemoryUsage of job (MB)
	191624  -  ResidentSetSize of job (KB)
...
006 (9619833.000.000) 04/10 17:13:11 Image size of job updated: 16903052
	1900  -  MemoryUsage of job (MB)
	1945072  -  ResidentSetSize of job (KB)
...
006 (9619833.000.000) 04/10 17:18:11 Image size of job updated: 21638588
	2081  -  MemoryUsage of job (MB)
	2130340  -  ResidentSetSize of job (KB)
...
006 (9619833.000.000) 04/10 17:28:12 Image size of job updated: 21638588
	2105  -  MemoryUsage of job (MB)
	2154560  -  ResidentSetSize of job (KB)
...
006 (9619833.000.000) 04/10 17:33:12 Image size of job updated: 21638588
	2127  -  MemoryUsage of job (MB)
	2177352  -  ResidentSetSize of job (KB)
...
006 (9619833.000.000) 04/10 17:38:12 Image size of job updated: 21638588
	2148  -  MemoryUsage of job (MB)
	2198600  -  ResidentSetSize of job (KB)
...
006 (9619833.000.000) 04/10 17:43:13 Image size of job updated: 21638588
	2149  -  MemoryUsage of job (MB)
	2200144  -  ResidentSetSize of job (KB)
...
006 (9619833.000.000) 04/10 17:48:14 Image size of job updated: 21638588
	2171  -  MemoryUsage of job (MB)
	2222808  -  ResidentSetSize of job (KB)
...
006 (9619833.000.000) 04/10 17:53:14 Image size of job updated: 21638588
	2193  -  MemoryUsage of job (MB)
	2244780  -  ResidentSetSize of job (KB)
...
006 (9619833.000.000) 04/10 17:58:15 Image size of job updated: 21638588
	2193  -  MemoryUsage of job (MB)
	2245308  -  ResidentSetSize of job (KB)
...
006 (9619833.000.000) 04/10 18:03:16 Image size of job updated: 21638588
	2214  -  MemoryUsage of job (MB)
	2266620  -  ResidentSetSize of job (KB)
...
006 (9619833.000.000) 04/10 18:13:17 Image size of job updated: 21692300
	2234  -  MemoryUsage of job (MB)
	2287472  -  ResidentSetSize of job (KB)
...
006 (9619833.000.000) 04/10 18:18:18 Image size of job updated: 21692300
	2255  -  MemoryUsage of job (MB)
	2308228  -  ResidentSetSize of job (KB)
...
006 (9619833.000.000) 04/10 18:23:18 Image size of job updated: 21692300
	2255  -  MemoryUsage of job (MB)
	2308284  -  ResidentSetSize of job (KB)
...
006 (9619833.000.000) 04/10 18:28:18 Image size of job updated: 21692300
	2275  -  MemoryUsage of job (MB)
	2328840  -  ResidentSetSize of job (KB)
...
006 (9619833.000.000) 04/10 18:38:19 Image size of job updated: 21692300
	2295  -  MemoryUsage of job (MB)
	2349588  -  ResidentSetSize of job (KB)
...
006 (9619833.000.000) 04/10 18:43:19 Image size of job updated: 21692300
	2315  -  MemoryUsage of job (MB)
	2370072  -  ResidentSetSize of job (KB)
...
006 (9619833.000.000) 04/10 18:48:20 Image size of job updated: 21692300
	2315  -  MemoryUsage of job (MB)
	2370208  -  ResidentSetSize of job (KB)
...
006 (9619833.000.000) 04/10 18:53:21 Image size of job updated: 21692300
	2335  -  MemoryUsage of job (MB)
	2390908  -  ResidentSetSize of job (KB)
...
006 (9619833.000.000) 04/10 18:58:21 Image size of job updated: 21692300
	2335  -  MemoryUsage of job (MB)
	2390928  -  ResidentSetSize of job (KB)
...
006 (9619833.000.000) 04/10 19:03:21 Image size of job updated: 21692300
	2356  -  MemoryUsage of job (MB)
	2411524  -  ResidentSetSize of job (KB)
...
006 (9619833.000.000) 04/10 19:13:22 Image size of job updated: 21692300
	2375  -  MemoryUsage of job (MB)
	2431960  -  ResidentSetSize of job (KB)
...
006 (9619833.000.000) 04/10 19:18:22 Image size of job updated: 21692300
	2376  -  MemoryUsage of job (MB)
	2432312  -  ResidentSetSize of job (KB)
...
006 (9619833.000.000) 04/10 19:23:24 Image size of job updated: 21692300
	2377  -  MemoryUsage of job (MB)
	2433180  -  ResidentSetSize of job (KB)
...
006 (9619833.000.000) 04/10 19:28:24 Image size of job updated: 21692300
	2397  -  MemoryUsage of job (MB)
	2453872  -  ResidentSetSize of job (KB)
...
006 (9619833.000.000) 04/10 19:33:24 Image size of job updated: 21692300
	2417  -  MemoryUsage of job (MB)
	2474420  -  ResidentSetSize of job (KB)
...
006 (9619833.000.000) 04/10 19:38:25 Image size of job updated: 21692300
	2419  -  MemoryUsage of job (MB)
	2476052  -  ResidentSetSize of job (KB)
...
006 (9619833.000.000) 04/10 19:43:26 Image size of job updated: 21692300
	2439  -  MemoryUsage of job (MB)
	2496624  -  ResidentSetSize of job (KB)
...
006 (9619833.000.000) 04/10 19:53:26 Image size of job updated: 21692300
	2459  -  MemoryUsage of job (MB)
	2517444  -  ResidentSetSize of job (KB)
...
006 (9619833.000.000) 04/10 19:58:27 Image size of job updated: 21692300
	2479  -  MemoryUsage of job (MB)
	2538016  -  ResidentSetSize of job (KB)
...
006 (9619833.000.000) 04/10 20:03:27 Image size of job updated: 21692300
	2479  -  MemoryUsage of job (MB)
	2538080  -  ResidentSetSize of job (KB)
...
006 (9619833.000.000) 04/10 20:08:27 Image size of job updated: 21692300
	2499  -  MemoryUsage of job (MB)
	2558652  -  ResidentSetSize of job (KB)
...
040 (9619833.000.000) 04/10 20:13:36 Started transferring output files
...
040 (9619833.000.000) 04/10 20:13:36 Finished transferring output files
...
005 (9619833.000.000) 04/10 20:13:36 Job terminated.
	(1) Normal termination (return value 0)
		Usr 0 04:38:58, Sys 0 00:28:58  -  Run Remote Usage
		Usr 0 00:00:00, Sys 0 00:00:00  -  Run Local Usage
		Usr 0 04:38:58, Sys 0 00:28:58  -  Total Remote Usage
		Usr 0 00:00:00, Sys 0 00:00:00  -  Total Local Usage
	15166  -  Run Bytes Sent By Job
	196  -  Run Bytes Received By Job
	15166  -  Total Bytes Sent By Job
	196  -  Total Bytes Received By Job
	Partitionable Resources :    Usage  Request Allocated 
	   Cpus                 :     1.70        1         1 
	   Disk (KB)            :    35           1   1304792 
	   Memory (MB)          :  2499        2000      2000 

	Job terminated of its own accord at 2024-04-10T18:13:36Z.
...
