000 (9642923.000.000) 04/17 11:02:42 Job submitted from host: <137.138.156.150:9618?addrs=137.138.156.150-9618+[2001-1458-d00-14--9a]-9618&alias=bigbird13.cern.ch&noUDP&sock=schedd_2138_1192>
...
040 (9642923.000.000) 04/18 01:16:05 Started transferring input files
	Transferring to host: <128.142.56.116:9618?addrs=128.142.56.116-9618&alias=b7s01p4287.cern.ch&noUDP&sock=slot1_13_7443_0448_104386>
...
040 (9642923.000.000) 04/18 01:16:05 Finished transferring input files
...
001 (9642923.000.000) 04/18 01:16:06 Job executing on host: <128.142.56.116:9618?addrs=128.142.56.116-9618&alias=b7s01p4287.cern.ch&noUDP&sock=startd_7374_8775>
...
006 (9642923.000.000) 04/18 01:16:15 Image size of job updated: 59436
	45  -  MemoryUsage of job (MB)
	45168  -  ResidentSetSize of job (KB)
...
006 (9642923.000.000) 04/18 01:21:16 Image size of job updated: 17044768
	2036  -  MemoryUsage of job (MB)
	2084764  -  ResidentSetSize of job (KB)
...
006 (9642923.000.000) 04/18 01:26:16 Image size of job updated: 21780716
	2137  -  MemoryUsage of job (MB)
	2188036  -  ResidentSetSize of job (KB)
...
006 (9642923.000.000) 04/18 01:31:16 Image size of job updated: 21780716
	2226  -  MemoryUsage of job (MB)
	2278860  -  ResidentSetSize of job (KB)
...
006 (9642923.000.000) 04/18 01:36:17 Image size of job updated: 21842024
	2251  -  MemoryUsage of job (MB)
	2304244  -  ResidentSetSize of job (KB)
...
006 (9642923.000.000) 04/18 01:46:18 Image size of job updated: 21842024
	2276  -  MemoryUsage of job (MB)
	2330576  -  ResidentSetSize of job (KB)
...
006 (9642923.000.000) 04/18 01:51:19 Image size of job updated: 21842024
	2299  -  MemoryUsage of job (MB)
	2353940  -  ResidentSetSize of job (KB)
...
006 (9642923.000.000) 04/18 01:56:20 Image size of job updated: 21842024
	2300  -  MemoryUsage of job (MB)
	2354564  -  ResidentSetSize of job (KB)
...
006 (9642923.000.000) 04/18 02:01:20 Image size of job updated: 21842024
	2321  -  MemoryUsage of job (MB)
	2376008  -  ResidentSetSize of job (KB)
...
006 (9642923.000.000) 04/18 02:11:21 Image size of job updated: 21842024
	2342  -  MemoryUsage of job (MB)
	2397972  -  ResidentSetSize of job (KB)
...
006 (9642923.000.000) 04/18 02:21:22 Image size of job updated: 21842024
	2364  -  MemoryUsage of job (MB)
	2419892  -  ResidentSetSize of job (KB)
...
006 (9642923.000.000) 04/18 02:26:23 Image size of job updated: 21842024
	2385  -  MemoryUsage of job (MB)
	2441468  -  ResidentSetSize of job (KB)
...
006 (9642923.000.000) 04/18 02:31:24 Image size of job updated: 21842024
	2386  -  MemoryUsage of job (MB)
	2442908  -  ResidentSetSize of job (KB)
...
006 (9642923.000.000) 04/18 02:36:24 Image size of job updated: 21842024
	2408  -  MemoryUsage of job (MB)
	2464872  -  ResidentSetSize of job (KB)
...
006 (9642923.000.000) 04/18 02:41:24 Image size of job updated: 21842024
	2408  -  MemoryUsage of job (MB)
	2465240  -  ResidentSetSize of job (KB)
...
006 (9642923.000.000) 04/18 02:46:25 Image size of job updated: 21842024
	2429  -  MemoryUsage of job (MB)
	2486804  -  ResidentSetSize of job (KB)
...
006 (9642923.000.000) 04/18 02:51:25 Image size of job updated: 21842024
	2429  -  MemoryUsage of job (MB)
	2486824  -  ResidentSetSize of job (KB)
...
006 (9642923.000.000) 04/18 02:56:25 Image size of job updated: 21842024
	2450  -  MemoryUsage of job (MB)
	2508056  -  ResidentSetSize of job (KB)
...
006 (9642923.000.000) 04/18 03:01:27 Image size of job updated: 21842024
	2450  -  MemoryUsage of job (MB)
	2508132  -  ResidentSetSize of job (KB)
...
006 (9642923.000.000) 04/18 03:06:27 Image size of job updated: 21842024
	2471  -  MemoryUsage of job (MB)
	2529416  -  ResidentSetSize of job (KB)
...
006 (9642923.000.000) 04/18 03:16:29 Image size of job updated: 21842024
	2492  -  MemoryUsage of job (MB)
	2551028  -  ResidentSetSize of job (KB)
...
006 (9642923.000.000) 04/18 03:21:29 Image size of job updated: 21842024
	2513  -  MemoryUsage of job (MB)
	2572508  -  ResidentSetSize of job (KB)
...
006 (9642923.000.000) 04/18 03:26:29 Image size of job updated: 21842024
	2513  -  MemoryUsage of job (MB)
	2572624  -  ResidentSetSize of job (KB)
...
006 (9642923.000.000) 04/18 03:31:30 Image size of job updated: 21842024
	2534  -  MemoryUsage of job (MB)
	2593820  -  ResidentSetSize of job (KB)
...
006 (9642923.000.000) 04/18 03:36:31 Image size of job updated: 21842024
	2534  -  MemoryUsage of job (MB)
	2593860  -  ResidentSetSize of job (KB)
...
006 (9642923.000.000) 04/18 03:41:31 Image size of job updated: 21842024
	2554  -  MemoryUsage of job (MB)
	2615036  -  ResidentSetSize of job (KB)
...
006 (9642923.000.000) 04/18 03:51:32 Image size of job updated: 22083504
	3005  -  MemoryUsage of job (MB)
	3077044  -  ResidentSetSize of job (KB)
...
006 (9642923.000.000) 04/18 03:56:32 Image size of job updated: 22087600
	3069  -  MemoryUsage of job (MB)
	3142324  -  ResidentSetSize of job (KB)
...
006 (9642923.000.000) 04/18 04:01:32 Image size of job updated: 22090672
	3136  -  MemoryUsage of job (MB)
	3210576  -  ResidentSetSize of job (KB)
...
006 (9642923.000.000) 04/18 04:06:34 Image size of job updated: 22090672
	3211  -  MemoryUsage of job (MB)
	3287896  -  ResidentSetSize of job (KB)
...
006 (9642923.000.000) 04/18 04:11:34 Image size of job updated: 22090672
	3263  -  MemoryUsage of job (MB)
	3340552  -  ResidentSetSize of job (KB)
...
006 (9642923.000.000) 04/18 04:13:42 Image size of job updated: 22090672
	3263  -  MemoryUsage of job (MB)
	3340556  -  ResidentSetSize of job (KB)
...
040 (9642923.000.000) 04/18 04:13:43 Started transferring output files
...
040 (9642923.000.000) 04/18 04:13:44 Finished transferring output files
...
005 (9642923.000.000) 04/18 04:13:45 Job terminated.
	(1) Normal termination (return value 0)
		Usr 0 04:12:07, Sys 0 00:24:55  -  Run Remote Usage
		Usr 0 00:00:00, Sys 0 00:00:00  -  Run Local Usage
		Usr 0 04:12:07, Sys 0 00:24:55  -  Total Remote Usage
		Usr 0 00:00:00, Sys 0 00:00:00  -  Total Local Usage
	3678009  -  Run Bytes Sent By Job
	194  -  Run Bytes Received By Job
	3678009  -  Total Bytes Sent By Job
	194  -  Total Bytes Received By Job
	Partitionable Resources :    Usage  Request Allocated 
	   Cpus                 :     1.00        1         1 
	   Disk (KB)            :  3612           1   1291328 
	   Memory (MB)          :  3263        2000      2000 

	Job terminated of its own accord at 2024-04-18T02:13:42Z.
...
