000 (9619826.000.000) 04/10 15:37:56 Job submitted from host: <137.138.156.150:9618?addrs=137.138.156.150-9618+[2001-1458-d00-14--9a]-9618&alias=bigbird13.cern.ch&noUDP&sock=schedd_2138_1192>
...
040 (9619826.000.000) 04/10 17:02:57 Started transferring input files
	Transferring to host: <128.142.58.109:9618?addrs=128.142.58.109-9618+[2001-1458-301-16--100-6c]-9618&alias=b7s03p6566.cern.ch&noUDP&sock=slot1_20_3224_597c_18922>
...
040 (9619826.000.000) 04/10 17:02:57 Finished transferring input files
...
001 (9619826.000.000) 04/10 17:02:58 Job executing on host: <128.142.58.109:9618?addrs=128.142.58.109-9618+[2001-1458-301-16--100-6c]-9618&alias=b7s03p6566.cern.ch&noUDP&sock=startd_2758_564a>
...
006 (9619826.000.000) 04/10 17:03:07 Image size of job updated: 318456
	19  -  MemoryUsage of job (MB)
	18604  -  ResidentSetSize of job (KB)
...
006 (9619826.000.000) 04/10 17:08:08 Image size of job updated: 3129080
	1603  -  MemoryUsage of job (MB)
	1640556  -  ResidentSetSize of job (KB)
...
006 (9619826.000.000) 04/10 17:13:09 Image size of job updated: 16961244
	1960  -  MemoryUsage of job (MB)
	2006812  -  ResidentSetSize of job (KB)
...
006 (9619826.000.000) 04/10 17:18:09 Image size of job updated: 21697264
	2152  -  MemoryUsage of job (MB)
	2202648  -  ResidentSetSize of job (KB)
...
006 (9619826.000.000) 04/10 17:23:09 Image size of job updated: 21697264
	2153  -  MemoryUsage of job (MB)
	2203760  -  ResidentSetSize of job (KB)
...
006 (9619826.000.000) 04/10 17:28:10 Image size of job updated: 21697264
	2175  -  MemoryUsage of job (MB)
	2226864  -  ResidentSetSize of job (KB)
...
006 (9619826.000.000) 04/10 17:33:10 Image size of job updated: 21697264
	2197  -  MemoryUsage of job (MB)
	2248740  -  ResidentSetSize of job (KB)
...
006 (9619826.000.000) 04/10 17:38:10 Image size of job updated: 21697264
	2197  -  MemoryUsage of job (MB)
	2248912  -  ResidentSetSize of job (KB)
...
006 (9619826.000.000) 04/10 17:43:11 Image size of job updated: 21697264
	2217  -  MemoryUsage of job (MB)
	2270148  -  ResidentSetSize of job (KB)
...
006 (9619826.000.000) 04/10 17:48:12 Image size of job updated: 21697264
	2239  -  MemoryUsage of job (MB)
	2291928  -  ResidentSetSize of job (KB)
...
006 (9619826.000.000) 04/10 17:53:12 Image size of job updated: 21697264
	2239  -  MemoryUsage of job (MB)
	2291960  -  ResidentSetSize of job (KB)
...
006 (9619826.000.000) 04/10 17:58:13 Image size of job updated: 21697264
	2260  -  MemoryUsage of job (MB)
	2313268  -  ResidentSetSize of job (KB)
...
006 (9619826.000.000) 04/10 18:03:14 Image size of job updated: 21697264
	2280  -  MemoryUsage of job (MB)
	2334504  -  ResidentSetSize of job (KB)
...
006 (9619826.000.000) 04/10 18:08:14 Image size of job updated: 21697264
	2301  -  MemoryUsage of job (MB)
	2355676  -  ResidentSetSize of job (KB)
...
006 (9619826.000.000) 04/10 18:13:14 Image size of job updated: 21697264
	2301  -  MemoryUsage of job (MB)
	2355760  -  ResidentSetSize of job (KB)
...
006 (9619826.000.000) 04/10 18:18:15 Image size of job updated: 21697264
	2322  -  MemoryUsage of job (MB)
	2376920  -  ResidentSetSize of job (KB)
...
006 (9619826.000.000) 04/10 18:23:16 Image size of job updated: 21697264
	2343  -  MemoryUsage of job (MB)
	2398272  -  ResidentSetSize of job (KB)
...
006 (9619826.000.000) 04/10 18:28:16 Image size of job updated: 21697264
	2363  -  MemoryUsage of job (MB)
	2419520  -  ResidentSetSize of job (KB)
...
006 (9619826.000.000) 04/10 18:33:16 Image size of job updated: 21697264
	2363  -  MemoryUsage of job (MB)
	2419592  -  ResidentSetSize of job (KB)
...
006 (9619826.000.000) 04/10 18:38:17 Image size of job updated: 21697264
	2363  -  MemoryUsage of job (MB)
	2419712  -  ResidentSetSize of job (KB)
...
006 (9619826.000.000) 04/10 18:43:17 Image size of job updated: 21697264
	2384  -  MemoryUsage of job (MB)
	2440972  -  ResidentSetSize of job (KB)
...
006 (9619826.000.000) 04/10 18:53:18 Image size of job updated: 21758748
	2405  -  MemoryUsage of job (MB)
	2462408  -  ResidentSetSize of job (KB)
...
006 (9619826.000.000) 04/10 18:58:19 Image size of job updated: 21758748
	2426  -  MemoryUsage of job (MB)
	2483756  -  ResidentSetSize of job (KB)
...
006 (9619826.000.000) 04/10 19:03:19 Image size of job updated: 21758748
	2447  -  MemoryUsage of job (MB)
	2505088  -  ResidentSetSize of job (KB)
...
006 (9619826.000.000) 04/10 19:08:19 Image size of job updated: 21758748
	2447  -  MemoryUsage of job (MB)
	2505400  -  ResidentSetSize of job (KB)
...
006 (9619826.000.000) 04/10 19:13:20 Image size of job updated: 21758748
	2468  -  MemoryUsage of job (MB)
	2526652  -  ResidentSetSize of job (KB)
...
006 (9619826.000.000) 04/10 19:18:20 Image size of job updated: 21758748
	2489  -  MemoryUsage of job (MB)
	2547924  -  ResidentSetSize of job (KB)
...
006 (9619826.000.000) 04/10 19:23:20 Image size of job updated: 21758748
	2510  -  MemoryUsage of job (MB)
	2569324  -  ResidentSetSize of job (KB)
...
006 (9619826.000.000) 04/10 19:28:21 Image size of job updated: 21758748
	2510  -  MemoryUsage of job (MB)
	2569348  -  ResidentSetSize of job (KB)
...
006 (9619826.000.000) 04/10 19:33:22 Image size of job updated: 21758748
	2530  -  MemoryUsage of job (MB)
	2590620  -  ResidentSetSize of job (KB)
...
006 (9619826.000.000) 04/10 19:38:22 Image size of job updated: 21758748
	2551  -  MemoryUsage of job (MB)
	2612088  -  ResidentSetSize of job (KB)
...
006 (9619826.000.000) 04/10 19:48:23 Image size of job updated: 21758748
	2572  -  MemoryUsage of job (MB)
	2633436  -  ResidentSetSize of job (KB)
...
006 (9619826.000.000) 04/10 19:53:24 Image size of job updated: 21758748
	2593  -  MemoryUsage of job (MB)
	2654720  -  ResidentSetSize of job (KB)
...
006 (9619826.000.000) 04/10 19:58:24 Image size of job updated: 21758748
	2614  -  MemoryUsage of job (MB)
	2675944  -  ResidentSetSize of job (KB)
...
006 (9619826.000.000) 04/10 20:03:25 Image size of job updated: 21758748
	2614  -  MemoryUsage of job (MB)
	2676044  -  ResidentSetSize of job (KB)
...
006 (9619826.000.000) 04/10 20:08:26 Image size of job updated: 21758748
	2635  -  MemoryUsage of job (MB)
	2697296  -  ResidentSetSize of job (KB)
...
006 (9619826.000.000) 04/10 20:13:26 Image size of job updated: 21758748
	2656  -  MemoryUsage of job (MB)
	2718752  -  ResidentSetSize of job (KB)
...
006 (9619826.000.000) 04/10 20:23:27 Image size of job updated: 21758748
	2656  -  MemoryUsage of job (MB)
	2718756  -  ResidentSetSize of job (KB)
...
040 (9619826.000.000) 04/10 20:25:13 Started transferring output files
...
040 (9619826.000.000) 04/10 20:25:13 Finished transferring output files
...
005 (9619826.000.000) 04/10 20:25:13 Job terminated.
	(1) Normal termination (return value 0)
		Usr 0 05:06:43, Sys 0 00:31:49  -  Run Remote Usage
		Usr 0 00:00:00, Sys 0 00:00:00  -  Run Local Usage
		Usr 0 05:06:43, Sys 0 00:31:49  -  Total Remote Usage
		Usr 0 00:00:00, Sys 0 00:00:00  -  Total Local Usage
	15744  -  Run Bytes Sent By Job
	196  -  Run Bytes Received By Job
	15744  -  Total Bytes Sent By Job
	196  -  Total Bytes Received By Job
	Partitionable Resources :    Usage  Request Allocated 
	   Cpus                 :     1.80        1         1 
	   Disk (KB)            :    36           1   1178744 
	   Memory (MB)          :  2656        2000      2000 

	Job terminated of its own accord at 2024-04-10T18:25:13Z.
...
