000 (9605718.000.000) 04/08 14:42:32 Job submitted from host: <137.138.156.150:9618?addrs=137.138.156.150-9618+[2001-1458-d00-14--9a]-9618&alias=bigbird13.cern.ch&noUDP&sock=schedd_5144_ef43>
...
022 (9605718.000.000) 04/09 08:59:06 Job disconnected, attempting to reconnect
    Local schedd and job shadow died, schedd now running again
    Trying to reconnect to slot1_16@b7s04p4327.cern.ch <128.142.59.107:9618?addrs=128.142.59.107-9618&alias=b7s04p4327.cern.ch&noUDP&sock=startd_6862_56f7>
...
023 (9605718.000.000) 04/09 09:03:07 Job reconnected to slot1_16@b7s04p4327.cern.ch
    startd address: <128.142.59.107:9618?addrs=128.142.59.107-9618&alias=b7s04p4327.cern.ch&noUDP&sock=startd_6862_56f7>
    starter address: <128.142.59.107:9618?addrs=128.142.59.107-9618&alias=b7s04p4327.cern.ch&noUDP&sock=slot1_16_6927_72b3_97005>
...
006 (9605718.000.000) 04/09 09:19:46 Image size of job updated: 15017080
	7325  -  MemoryUsage of job (MB)
	7500000  -  ResidentSetSize of job (KB)
...
006 (9605718.000.000) 04/09 09:24:46 Image size of job updated: 15022200
	7325  -  MemoryUsage of job (MB)
	7500000  -  ResidentSetSize of job (KB)
...
006 (9605718.000.000) 04/09 09:29:47 Image size of job updated: 15023224
	7325  -  MemoryUsage of job (MB)
	7500000  -  ResidentSetSize of job (KB)
...
006 (9605718.000.000) 04/09 09:34:47 Image size of job updated: 15062428
	7325  -  MemoryUsage of job (MB)
	7500000  -  ResidentSetSize of job (KB)
...
006 (9605718.000.000) 04/09 09:39:47 Image size of job updated: 15123508
	7325  -  MemoryUsage of job (MB)
	7500000  -  ResidentSetSize of job (KB)
...
006 (9605718.000.000) 04/09 09:44:49 Image size of job updated: 15281432
	7325  -  MemoryUsage of job (MB)
	7500000  -  ResidentSetSize of job (KB)
...
006 (9605718.000.000) 04/09 09:49:49 Image size of job updated: 15284504
	7325  -  MemoryUsage of job (MB)
	7500000  -  ResidentSetSize of job (KB)
...
006 (9605718.000.000) 04/09 09:54:49 Image size of job updated: 15294912
	7325  -  MemoryUsage of job (MB)
	7500000  -  ResidentSetSize of job (KB)
...
006 (9605718.000.000) 04/09 09:59:50 Image size of job updated: 15342792
	7325  -  MemoryUsage of job (MB)
	7500000  -  ResidentSetSize of job (KB)
...
006 (9605718.000.000) 04/09 10:04:51 Image size of job updated: 15392924
	7325  -  MemoryUsage of job (MB)
	7500000  -  ResidentSetSize of job (KB)
...
006 (9605718.000.000) 04/09 10:09:51 Image size of job updated: 15618556
	7713  -  MemoryUsage of job (MB)
	7897268  -  ResidentSetSize of job (KB)
...
006 (9605718.000.000) 04/09 10:14:52 Image size of job updated: 15622652
	8722  -  MemoryUsage of job (MB)
	8930756  -  ResidentSetSize of job (KB)
...
006 (9605718.000.000) 04/09 10:19:53 Image size of job updated: 15623676
	8992  -  MemoryUsage of job (MB)
	9207724  -  ResidentSetSize of job (KB)
...
006 (9605718.000.000) 04/09 10:24:53 Image size of job updated: 15646124
	9323  -  MemoryUsage of job (MB)
	9546076  -  ResidentSetSize of job (KB)
...
006 (9605718.000.000) 04/09 10:29:53 Image size of job updated: 15691192
	9661  -  MemoryUsage of job (MB)
	9892044  -  ResidentSetSize of job (KB)
...
006 (9605718.000.000) 04/09 10:34:54 Image size of job updated: 15738964
	9764  -  MemoryUsage of job (MB)
	9997900  -  ResidentSetSize of job (KB)
...
006 (9605718.000.000) 04/09 10:39:54 Image size of job updated: 15886412
	10652  -  MemoryUsage of job (MB)
	10907068  -  ResidentSetSize of job (KB)
...
006 (9605718.000.000) 04/09 10:44:54 Image size of job updated: 15889484
	11519  -  MemoryUsage of job (MB)
	11795104  -  ResidentSetSize of job (KB)
...
006 (9605718.000.000) 04/09 10:49:56 Image size of job updated: 15890508
	11813  -  MemoryUsage of job (MB)
	12096364  -  ResidentSetSize of job (KB)
...
006 (9605718.000.000) 04/09 10:54:56 Image size of job updated: 15923720
	12164  -  MemoryUsage of job (MB)
	12455588  -  ResidentSetSize of job (KB)
...
006 (9605718.000.000) 04/09 10:59:56 Image size of job updated: 15971028
	12478  -  MemoryUsage of job (MB)
	12776552  -  ResidentSetSize of job (KB)
...
006 (9605718.000.000) 04/09 11:04:57 Image size of job updated: 16018524
	12524  -  MemoryUsage of job (MB)
	12824244  -  ResidentSetSize of job (KB)
...
006 (9605718.000.000) 04/09 11:09:58 Image size of job updated: 16724068
	13497  -  MemoryUsage of job (MB)
	13820456  -  ResidentSetSize of job (KB)
...
006 (9605718.000.000) 04/09 11:30:00 Image size of job updated: 16814516
	13581  -  MemoryUsage of job (MB)
	13906532  -  ResidentSetSize of job (KB)
...
006 (9605718.000.000) 04/09 11:55:02 Image size of job updated: 16946948
	13711  -  MemoryUsage of job (MB)
	14039092  -  ResidentSetSize of job (KB)
...
006 (9605718.000.000) 04/09 12:20:05 Image size of job updated: 17211812
	13969  -  MemoryUsage of job (MB)
	14304056  -  ResidentSetSize of job (KB)
...
006 (9605718.000.000) 04/09 12:40:06 Image size of job updated: 17873972
	14616  -  MemoryUsage of job (MB)
	14966392  -  ResidentSetSize of job (KB)
...
006 (9605718.000.000) 04/09 13:25:12 Image size of job updated: 18006404
	14745  -  MemoryUsage of job (MB)
	15098824  -  ResidentSetSize of job (KB)
...
