000 (9445525.000.000) 03/23 14:39:03 Job submitted from host: <137.138.156.150:9618?addrs=137.138.156.150-9618+[2001-1458-d00-14--9a]-9618&alias=bigbird13.cern.ch&noUDP&sock=schedd_5144_ef43>
...
040 (9445525.000.000) 03/23 16:00:54 Started transferring input files
	Transferring to host: <128.142.57.134:9618?addrs=128.142.57.134-9618&alias=b7s02p3956.cern.ch&noUDP&sock=slot1_1_7498_c4ea_80950>
...
040 (9445525.000.000) 03/23 16:00:54 Finished transferring input files
...
001 (9445525.000.000) 03/23 16:00:55 Job executing on host: <128.142.57.134:9618?addrs=128.142.57.134-9618&alias=b7s02p3956.cern.ch&noUDP&sock=startd_7432_4ff3>
...
006 (9445525.000.000) 03/23 16:01:04 Image size of job updated: 497376
	50  -  MemoryUsage of job (MB)
	51020  -  ResidentSetSize of job (KB)
...
006 (9445525.000.000) 03/23 16:06:05 Image size of job updated: 615700
	85  -  MemoryUsage of job (MB)
	86196  -  ResidentSetSize of job (KB)
...
006 (9445525.000.000) 03/23 16:11:05 Image size of job updated: 615856
	85  -  MemoryUsage of job (MB)
	86728  -  ResidentSetSize of job (KB)
...
006 (9445525.000.000) 03/23 16:16:05 Image size of job updated: 616880
	86  -  MemoryUsage of job (MB)
	87196  -  ResidentSetSize of job (KB)
...
006 (9445525.000.000) 03/23 16:21:06 Image size of job updated: 616880
	86  -  MemoryUsage of job (MB)
	87608  -  ResidentSetSize of job (KB)
...
006 (9445525.000.000) 03/23 16:26:06 Image size of job updated: 5479040
	2785  -  MemoryUsage of job (MB)
	2850928  -  ResidentSetSize of job (KB)
...
006 (9445525.000.000) 03/23 16:31:06 Image size of job updated: 10058464
	7180  -  MemoryUsage of job (MB)
	7351324  -  ResidentSetSize of job (KB)
...
006 (9445525.000.000) 03/23 16:36:07 Image size of job updated: 14731244
	11710  -  MemoryUsage of job (MB)
	11990204  -  ResidentSetSize of job (KB)
...
006 (9445525.000.000) 03/23 16:41:08 Image size of job updated: 19390656
	13428  -  MemoryUsage of job (MB)
	13749360  -  ResidentSetSize of job (KB)
...
006 (9445525.000.000) 03/23 16:46:08 Image size of job updated: 23638868
	15655  -  MemoryUsage of job (MB)
	16030556  -  ResidentSetSize of job (KB)
...
006 (9445525.000.000) 03/23 16:51:08 Image size of job updated: 28192748
	15655  -  MemoryUsage of job (MB)
	16030556  -  ResidentSetSize of job (KB)
...
006 (9445525.000.000) 03/23 16:56:09 Image size of job updated: 32469948
	15655  -  MemoryUsage of job (MB)
	16030556  -  ResidentSetSize of job (KB)
...
006 (9445525.000.000) 03/23 17:01:09 Image size of job updated: 36633004
	15655  -  MemoryUsage of job (MB)
	16030556  -  ResidentSetSize of job (KB)
...
006 (9445525.000.000) 03/23 17:06:09 Image size of job updated: 40940060
	15655  -  MemoryUsage of job (MB)
	16030556  -  ResidentSetSize of job (KB)
...
006 (9445525.000.000) 03/23 17:11:10 Image size of job updated: 45239612
	15655  -  MemoryUsage of job (MB)
	16030556  -  ResidentSetSize of job (KB)
...
006 (9445525.000.000) 03/23 17:16:11 Image size of job updated: 49196424
	15655  -  MemoryUsage of job (MB)
	16030556  -  ResidentSetSize of job (KB)
...
006 (9445525.000.000) 03/23 17:21:11 Image size of job updated: 50963840
	15655  -  MemoryUsage of job (MB)
	16030556  -  ResidentSetSize of job (KB)
...
006 (9445525.000.000) 03/23 17:26:11 Image size of job updated: 52443748
	15655  -  MemoryUsage of job (MB)
	16030556  -  ResidentSetSize of job (KB)
...
006 (9445525.000.000) 03/23 17:31:12 Image size of job updated: 54033008
	15655  -  MemoryUsage of job (MB)
	16030556  -  ResidentSetSize of job (KB)
...
006 (9445525.000.000) 03/23 17:36:12 Image size of job updated: 55536760
	15655  -  MemoryUsage of job (MB)
	16030556  -  ResidentSetSize of job (KB)
...
006 (9445525.000.000) 03/23 17:41:12 Image size of job updated: 57228632
	15655  -  MemoryUsage of job (MB)
	16030556  -  ResidentSetSize of job (KB)
...
006 (9445525.000.000) 03/23 17:46:13 Image size of job updated: 58822880
	15655  -  MemoryUsage of job (MB)
	16030556  -  ResidentSetSize of job (KB)
...
006 (9445525.000.000) 03/23 17:51:14 Image size of job updated: 60138868
	15655  -  MemoryUsage of job (MB)
	16030556  -  ResidentSetSize of job (KB)
...
006 (9445525.000.000) 03/23 17:56:14 Image size of job updated: 61691824
	15655  -  MemoryUsage of job (MB)
	16030556  -  ResidentSetSize of job (KB)
...
006 (9445525.000.000) 03/23 18:01:14 Image size of job updated: 63174464
	15655  -  MemoryUsage of job (MB)
	16030556  -  ResidentSetSize of job (KB)
...
006 (9445525.000.000) 03/23 18:06:15 Image size of job updated: 64979480
	15655  -  MemoryUsage of job (MB)
	16030556  -  ResidentSetSize of job (KB)
...
006 (9445525.000.000) 03/23 18:11:15 Image size of job updated: 66662068
	15655  -  MemoryUsage of job (MB)
	16030556  -  ResidentSetSize of job (KB)
...
006 (9445525.000.000) 03/23 18:16:15 Image size of job updated: 68298744
	15655  -  MemoryUsage of job (MB)
	16030556  -  ResidentSetSize of job (KB)
...
006 (9445525.000.000) 03/23 18:21:16 Image size of job updated: 69738144
	15655  -  MemoryUsage of job (MB)
	16030556  -  ResidentSetSize of job (KB)
...
006 (9445525.000.000) 03/23 18:26:17 Image size of job updated: 71348228
	15655  -  MemoryUsage of job (MB)
	16030556  -  ResidentSetSize of job (KB)
...
006 (9445525.000.000) 03/23 18:31:17 Image size of job updated: 73047732
	15655  -  MemoryUsage of job (MB)
	16030556  -  ResidentSetSize of job (KB)
...
006 (9445525.000.000) 03/23 18:36:17 Image size of job updated: 74256532
	15655  -  MemoryUsage of job (MB)
	16030556  -  ResidentSetSize of job (KB)
...
006 (9445525.000.000) 03/23 18:41:18 Image size of job updated: 74996736
	15655  -  MemoryUsage of job (MB)
	16030556  -  ResidentSetSize of job (KB)
...
006 (9445525.000.000) 03/23 18:46:18 Image size of job updated: 76265640
	15655  -  MemoryUsage of job (MB)
	16030556  -  ResidentSetSize of job (KB)
...
006 (9445525.000.000) 03/23 18:51:19 Image size of job updated: 77478616
	15655  -  MemoryUsage of job (MB)
	16030556  -  ResidentSetSize of job (KB)
...
006 (9445525.000.000) 03/23 18:56:20 Image size of job updated: 78371436
	15655  -  MemoryUsage of job (MB)
	16030556  -  ResidentSetSize of job (KB)
...
006 (9445525.000.000) 03/23 19:01:20 Image size of job updated: 79469148
	15655  -  MemoryUsage of job (MB)
	16030556  -  ResidentSetSize of job (KB)
...
006 (9445525.000.000) 03/23 19:06:20 Image size of job updated: 80245200
	15655  -  MemoryUsage of job (MB)
	16030556  -  ResidentSetSize of job (KB)
...
006 (9445525.000.000) 03/23 19:11:21 Image size of job updated: 81508928
	15655  -  MemoryUsage of job (MB)
	16030556  -  ResidentSetSize of job (KB)
...
006 (9445525.000.000) 03/23 19:16:21 Image size of job updated: 82592480
	15655  -  MemoryUsage of job (MB)
	16030556  -  ResidentSetSize of job (KB)
...
006 (9445525.000.000) 03/23 19:21:21 Image size of job updated: 83623164
	15655  -  MemoryUsage of job (MB)
	16030556  -  ResidentSetSize of job (KB)
...
006 (9445525.000.000) 03/23 19:26:23 Image size of job updated: 84702256
	15655  -  MemoryUsage of job (MB)
	16030556  -  ResidentSetSize of job (KB)
...
006 (9445525.000.000) 03/23 19:31:23 Image size of job updated: 85824960
	15655  -  MemoryUsage of job (MB)
	16030556  -  ResidentSetSize of job (KB)
...
006 (9445525.000.000) 03/23 19:36:23 Image size of job updated: 86650708
	15655  -  MemoryUsage of job (MB)
	16030556  -  ResidentSetSize of job (KB)
...
006 (9445525.000.000) 03/23 19:41:24 Image size of job updated: 87911200
	15655  -  MemoryUsage of job (MB)
	16030556  -  ResidentSetSize of job (KB)
...
006 (9445525.000.000) 03/23 19:46:25 Image size of job updated: 103803872
	28267  -  MemoryUsage of job (MB)
	28945180  -  ResidentSetSize of job (KB)
...
006 (9445525.000.000) 03/23 19:51:25 Image size of job updated: 107474176
	41402  -  MemoryUsage of job (MB)
	42394732  -  ResidentSetSize of job (KB)
...
006 (9445525.000.000) 03/23 19:56:25 Image size of job updated: 107507660
	41473  -  MemoryUsage of job (MB)
	42468180  -  ResidentSetSize of job (KB)
...
006 (9445525.000.000) 03/23 20:01:26 Image size of job updated: 107542816
	41549  -  MemoryUsage of job (MB)
	42545936  -  ResidentSetSize of job (KB)
...
006 (9445525.000.000) 03/23 20:06:26 Image size of job updated: 107578756
	41626  -  MemoryUsage of job (MB)
	42624048  -  ResidentSetSize of job (KB)
...
006 (9445525.000.000) 03/23 20:11:26 Image size of job updated: 107611568
	41697  -  MemoryUsage of job (MB)
	42696920  -  ResidentSetSize of job (KB)
...
006 (9445525.000.000) 03/23 20:16:27 Image size of job updated: 107645164
	41768  -  MemoryUsage of job (MB)
	42769556  -  ResidentSetSize of job (KB)
...
006 (9445525.000.000) 03/23 20:21:28 Image size of job updated: 107677196
	41835  -  MemoryUsage of job (MB)
	42838832  -  ResidentSetSize of job (KB)
...
006 (9445525.000.000) 03/23 20:26:28 Image size of job updated: 107707664
	41900  -  MemoryUsage of job (MB)
	42904852  -  ResidentSetSize of job (KB)
...
006 (9445525.000.000) 03/23 20:31:28 Image size of job updated: 107740480
	41967  -  MemoryUsage of job (MB)
	42974028  -  ResidentSetSize of job (KB)
...
006 (9445525.000.000) 03/23 20:36:30 Image size of job updated: 107775636
	42037  -  MemoryUsage of job (MB)
	43045476  -  ResidentSetSize of job (KB)
...
006 (9445525.000.000) 03/23 20:41:30 Image size of job updated: 107810832
	42108  -  MemoryUsage of job (MB)
	43117620  -  ResidentSetSize of job (KB)
...
006 (9445525.000.000) 03/23 20:46:30 Image size of job updated: 107849028
	42108  -  MemoryUsage of job (MB)
	43117620  -  ResidentSetSize of job (KB)
...
006 (9445525.000.000) 03/23 20:51:31 Image size of job updated: 107885216
	42108  -  MemoryUsage of job (MB)
	43117620  -  ResidentSetSize of job (KB)
...
006 (9445525.000.000) 03/23 20:56:32 Image size of job updated: 107922328
	42108  -  MemoryUsage of job (MB)
	43117620  -  ResidentSetSize of job (KB)
...
006 (9445525.000.000) 03/23 21:01:32 Image size of job updated: 107961220
	42108  -  MemoryUsage of job (MB)
	43117620  -  ResidentSetSize of job (KB)
...
006 (9445525.000.000) 03/23 21:06:32 Image size of job updated: 107999328
	42108  -  MemoryUsage of job (MB)
	43117620  -  ResidentSetSize of job (KB)
...
006 (9445525.000.000) 03/23 21:11:33 Image size of job updated: 108035508
	42108  -  MemoryUsage of job (MB)
	43117620  -  ResidentSetSize of job (KB)
...
006 (9445525.000.000) 03/23 21:16:33 Image size of job updated: 108070788
	42108  -  MemoryUsage of job (MB)
	43117620  -  ResidentSetSize of job (KB)
...
006 (9445525.000.000) 03/23 21:21:33 Image size of job updated: 108107020
	42108  -  MemoryUsage of job (MB)
	43117620  -  ResidentSetSize of job (KB)
...
006 (9445525.000.000) 03/23 21:26:34 Image size of job updated: 108142568
	42108  -  MemoryUsage of job (MB)
	43117620  -  ResidentSetSize of job (KB)
...
006 (9445525.000.000) 03/23 21:31:34 Image size of job updated: 108178744
	42108  -  MemoryUsage of job (MB)
	43117620  -  ResidentSetSize of job (KB)
...
006 (9445525.000.000) 03/23 21:36:34 Image size of job updated: 108216736
	42108  -  MemoryUsage of job (MB)
	43117620  -  ResidentSetSize of job (KB)
...
006 (9445525.000.000) 03/23 21:41:35 Image size of job updated: 108253820
	42108  -  MemoryUsage of job (MB)
	43117620  -  ResidentSetSize of job (KB)
...
006 (9445525.000.000) 03/23 21:46:36 Image size of job updated: 108289652
	42108  -  MemoryUsage of job (MB)
	43117620  -  ResidentSetSize of job (KB)
...
006 (9445525.000.000) 03/23 21:51:36 Image size of job updated: 108324028
	42108  -  MemoryUsage of job (MB)
	43117620  -  ResidentSetSize of job (KB)
...
006 (9445525.000.000) 03/23 21:56:36 Image size of job updated: 108360212
	42108  -  MemoryUsage of job (MB)
	43117620  -  ResidentSetSize of job (KB)
...
006 (9445525.000.000) 03/23 22:01:37 Image size of job updated: 108398332
	42108  -  MemoryUsage of job (MB)
	43117620  -  ResidentSetSize of job (KB)
...
006 (9445525.000.000) 03/23 22:06:37 Image size of job updated: 108435420
	42108  -  MemoryUsage of job (MB)
	43117620  -  ResidentSetSize of job (KB)
...
006 (9445525.000.000) 03/23 22:11:37 Image size of job updated: 108473408
	42108  -  MemoryUsage of job (MB)
	43117620  -  ResidentSetSize of job (KB)
...
006 (9445525.000.000) 03/23 22:16:39 Image size of job updated: 108508692
	42108  -  MemoryUsage of job (MB)
	43117620  -  ResidentSetSize of job (KB)
...
006 (9445525.000.000) 03/23 22:21:39 Image size of job updated: 108545776
	42108  -  MemoryUsage of job (MB)
	43117620  -  ResidentSetSize of job (KB)
...
006 (9445525.000.000) 03/23 22:26:39 Image size of job updated: 108582860
	42108  -  MemoryUsage of job (MB)
	43117620  -  ResidentSetSize of job (KB)
...
006 (9445525.000.000) 03/23 22:31:40 Image size of job updated: 108619956
	42108  -  MemoryUsage of job (MB)
	43117620  -  ResidentSetSize of job (KB)
...
006 (9445525.000.000) 03/23 22:36:41 Image size of job updated: 108657940
	42108  -  MemoryUsage of job (MB)
	43117620  -  ResidentSetSize of job (KB)
...
006 (9445525.000.000) 03/23 22:41:41 Image size of job updated: 108695024
	42108  -  MemoryUsage of job (MB)
	43117620  -  ResidentSetSize of job (KB)
...
006 (9445525.000.000) 03/23 22:46:42 Image size of job updated: 108734816
	42108  -  MemoryUsage of job (MB)
	43117620  -  ResidentSetSize of job (KB)
...
006 (9445525.000.000) 03/23 22:51:43 Image size of job updated: 108773716
	42108  -  MemoryUsage of job (MB)
	43117620  -  ResidentSetSize of job (KB)
...
006 (9445525.000.000) 03/23 22:56:43 Image size of job updated: 108813500
	42108  -  MemoryUsage of job (MB)
	43117620  -  ResidentSetSize of job (KB)
...
006 (9445525.000.000) 03/23 23:01:43 Image size of job updated: 108855236
	42108  -  MemoryUsage of job (MB)
	43117620  -  ResidentSetSize of job (KB)
...
006 (9445525.000.000) 03/23 23:06:44 Image size of job updated: 108895040
	42108  -  MemoryUsage of job (MB)
	43117620  -  ResidentSetSize of job (KB)
...
006 (9445525.000.000) 03/23 23:11:44 Image size of job updated: 108933936
	42108  -  MemoryUsage of job (MB)
	43117620  -  ResidentSetSize of job (KB)
...
006 (9445525.000.000) 03/23 23:16:44 Image size of job updated: 108974636
	42108  -  MemoryUsage of job (MB)
	43117620  -  ResidentSetSize of job (KB)
...
006 (9445525.000.000) 03/23 23:21:45 Image size of job updated: 109010816
	42108  -  MemoryUsage of job (MB)
	43117620  -  ResidentSetSize of job (KB)
...
006 (9445525.000.000) 03/23 23:26:46 Image size of job updated: 109047008
	42108  -  MemoryUsage of job (MB)
	43117620  -  ResidentSetSize of job (KB)
...
006 (9445525.000.000) 03/23 23:31:46 Image size of job updated: 109082832
	42108  -  MemoryUsage of job (MB)
	43117620  -  ResidentSetSize of job (KB)
...
006 (9445525.000.000) 03/23 23:36:46 Image size of job updated: 109119024
	42108  -  MemoryUsage of job (MB)
	43117620  -  ResidentSetSize of job (KB)
...
006 (9445525.000.000) 03/23 23:41:47 Image size of job updated: 109156532
	42108  -  MemoryUsage of job (MB)
	43117620  -  ResidentSetSize of job (KB)
...
006 (9445525.000.000) 03/23 23:46:47 Image size of job updated: 109197864
	42108  -  MemoryUsage of job (MB)
	43117620  -  ResidentSetSize of job (KB)
...
006 (9445525.000.000) 03/23 23:51:47 Image size of job updated: 109241344
	42108  -  MemoryUsage of job (MB)
	43117620  -  ResidentSetSize of job (KB)
...
006 (9445525.000.000) 03/23 23:56:48 Image size of job updated: 109285656
	42108  -  MemoryUsage of job (MB)
	43117620  -  ResidentSetSize of job (KB)
...
006 (9445525.000.000) 03/24 00:01:49 Image size of job updated: 109327220
	42108  -  MemoryUsage of job (MB)
	43117620  -  ResidentSetSize of job (KB)
...
006 (9445525.000.000) 03/24 00:06:49 Image size of job updated: 109370644
	42108  -  MemoryUsage of job (MB)
	43117620  -  ResidentSetSize of job (KB)
...
006 (9445525.000.000) 03/24 00:11:49 Image size of job updated: 109413740
	42108  -  MemoryUsage of job (MB)
	43117620  -  ResidentSetSize of job (KB)
...
006 (9445525.000.000) 03/24 00:16:50 Image size of job updated: 109452620
	42108  -  MemoryUsage of job (MB)
	43117620  -  ResidentSetSize of job (KB)
...
006 (9445525.000.000) 03/24 00:21:51 Image size of job updated: 109489712
	42108  -  MemoryUsage of job (MB)
	43117620  -  ResidentSetSize of job (KB)
...
006 (9445525.000.000) 03/24 00:26:51 Image size of job updated: 109526804
	42108  -  MemoryUsage of job (MB)
	43117620  -  ResidentSetSize of job (KB)
...
006 (9445525.000.000) 03/24 00:31:52 Image size of job updated: 109564808
	42108  -  MemoryUsage of job (MB)
	43117620  -  ResidentSetSize of job (KB)
...
006 (9445525.000.000) 03/24 00:36:53 Image size of job updated: 109600700
	42108  -  MemoryUsage of job (MB)
	43117620  -  ResidentSetSize of job (KB)
...
006 (9445525.000.000) 03/24 00:41:53 Image size of job updated: 109639600
	42108  -  MemoryUsage of job (MB)
	43117620  -  ResidentSetSize of job (KB)
...
006 (9445525.000.000) 03/24 00:46:53 Image size of job updated: 109678612
	42108  -  MemoryUsage of job (MB)
	43117620  -  ResidentSetSize of job (KB)
...
006 (9445525.000.000) 03/24 00:51:54 Image size of job updated: 109716596
	42108  -  MemoryUsage of job (MB)
	43117620  -  ResidentSetSize of job (KB)
...
006 (9445525.000.000) 03/24 00:56:55 Image size of job updated: 109753672
	42108  -  MemoryUsage of job (MB)
	43117620  -  ResidentSetSize of job (KB)
...
006 (9445525.000.000) 03/24 01:01:55 Image size of job updated: 109793480
	42108  -  MemoryUsage of job (MB)
	43117620  -  ResidentSetSize of job (KB)
...
006 (9445525.000.000) 03/24 01:06:55 Image size of job updated: 109830900
	42108  -  MemoryUsage of job (MB)
	43117620  -  ResidentSetSize of job (KB)
...
006 (9445525.000.000) 03/24 01:11:56 Image size of job updated: 109872516
	42108  -  MemoryUsage of job (MB)
	43117620  -  ResidentSetSize of job (KB)
...
006 (9445525.000.000) 03/24 01:16:57 Image size of job updated: 109913228
	42108  -  MemoryUsage of job (MB)
	43117620  -  ResidentSetSize of job (KB)
...
006 (9445525.000.000) 03/24 01:21:57 Image size of job updated: 109952136
	42108  -  MemoryUsage of job (MB)
	43117620  -  ResidentSetSize of job (KB)
...
006 (9445525.000.000) 03/24 01:26:58 Image size of job updated: 109992172
	42108  -  MemoryUsage of job (MB)
	43117620  -  ResidentSetSize of job (KB)
...
006 (9445525.000.000) 03/24 01:31:59 Image size of job updated: 110032868
	42108  -  MemoryUsage of job (MB)
	43117620  -  ResidentSetSize of job (KB)
...
006 (9445525.000.000) 03/24 01:36:59 Image size of job updated: 110068144
	42108  -  MemoryUsage of job (MB)
	43117620  -  ResidentSetSize of job (KB)
...
006 (9445525.000.000) 03/24 01:41:59 Image size of job updated: 110101620
	42108  -  MemoryUsage of job (MB)
	43117620  -  ResidentSetSize of job (KB)
...
006 (9445525.000.000) 03/24 01:47:00 Image size of job updated: 110135980
	42108  -  MemoryUsage of job (MB)
	43117620  -  ResidentSetSize of job (KB)
...
006 (9445525.000.000) 03/24 01:52:00 Image size of job updated: 110168544
	42108  -  MemoryUsage of job (MB)
	43117620  -  ResidentSetSize of job (KB)
...
006 (9445525.000.000) 03/24 01:57:00 Image size of job updated: 110200204
	42108  -  MemoryUsage of job (MB)
	43117620  -  ResidentSetSize of job (KB)
...
006 (9445525.000.000) 03/24 02:02:01 Image size of job updated: 110232768
	42108  -  MemoryUsage of job (MB)
	43117620  -  ResidentSetSize of job (KB)
...
006 (9445525.000.000) 03/24 02:07:02 Image size of job updated: 110265320
	42108  -  MemoryUsage of job (MB)
	43117620  -  ResidentSetSize of job (KB)
...
006 (9445525.000.000) 03/24 02:12:02 Image size of job updated: 110297880
	42108  -  MemoryUsage of job (MB)
	43117620  -  ResidentSetSize of job (KB)
...
006 (9445525.000.000) 03/24 02:17:03 Image size of job updated: 110331348
	42108  -  MemoryUsage of job (MB)
	43117620  -  ResidentSetSize of job (KB)
...
006 (9445525.000.000) 03/24 02:22:04 Image size of job updated: 110363008
	42108  -  MemoryUsage of job (MB)
	43117620  -  ResidentSetSize of job (KB)
...
006 (9445525.000.000) 03/24 02:27:04 Image size of job updated: 110396484
	42108  -  MemoryUsage of job (MB)
	43117620  -  ResidentSetSize of job (KB)
...
006 (9445525.000.000) 03/24 02:32:04 Image size of job updated: 110428272
	42108  -  MemoryUsage of job (MB)
	43117620  -  ResidentSetSize of job (KB)
...
006 (9445525.000.000) 03/24 02:37:05 Image size of job updated: 110461776
	42108  -  MemoryUsage of job (MB)
	43117620  -  ResidentSetSize of job (KB)
...
006 (9445525.000.000) 03/24 02:42:06 Image size of job updated: 110494500
	42108  -  MemoryUsage of job (MB)
	43117620  -  ResidentSetSize of job (KB)
...
006 (9445525.000.000) 03/24 02:47:06 Image size of job updated: 110527812
	42108  -  MemoryUsage of job (MB)
	43117620  -  ResidentSetSize of job (KB)
...
006 (9445525.000.000) 03/24 02:52:07 Image size of job updated: 110562288
	42108  -  MemoryUsage of job (MB)
	43117620  -  ResidentSetSize of job (KB)
...
006 (9445525.000.000) 03/24 02:57:08 Image size of job updated: 110594856
	42108  -  MemoryUsage of job (MB)
	43117620  -  ResidentSetSize of job (KB)
...
006 (9445525.000.000) 03/24 03:02:08 Image size of job updated: 110626508
	42108  -  MemoryUsage of job (MB)
	43117620  -  ResidentSetSize of job (KB)
...
006 (9445525.000.000) 03/24 03:07:08 Image size of job updated: 110658172
	42108  -  MemoryUsage of job (MB)
	43117620  -  ResidentSetSize of job (KB)
...
006 (9445525.000.000) 03/24 03:12:09 Image size of job updated: 110691628
	42108  -  MemoryUsage of job (MB)
	43117620  -  ResidentSetSize of job (KB)
...
006 (9445525.000.000) 03/24 03:17:09 Image size of job updated: 110723296
	42108  -  MemoryUsage of job (MB)
	43117620  -  ResidentSetSize of job (KB)
...
006 (9445525.000.000) 03/24 03:22:09 Image size of job updated: 110754416
	42108  -  MemoryUsage of job (MB)
	43117620  -  ResidentSetSize of job (KB)
...
006 (9445525.000.000) 03/24 03:27:10 Image size of job updated: 110786976
	42108  -  MemoryUsage of job (MB)
	43117620  -  ResidentSetSize of job (KB)
...
006 (9445525.000.000) 03/24 03:32:10 Image size of job updated: 110818648
	42108  -  MemoryUsage of job (MB)
	43117620  -  ResidentSetSize of job (KB)
...
006 (9445525.000.000) 03/24 03:37:10 Image size of job updated: 110851212
	42108  -  MemoryUsage of job (MB)
	43117620  -  ResidentSetSize of job (KB)
...
006 (9445525.000.000) 03/24 03:42:11 Image size of job updated: 110884688
	42108  -  MemoryUsage of job (MB)
	43117620  -  ResidentSetSize of job (KB)
...
006 (9445525.000.000) 03/24 03:47:12 Image size of job updated: 110918148
	42108  -  MemoryUsage of job (MB)
	43117620  -  ResidentSetSize of job (KB)
...
006 (9445525.000.000) 03/24 03:52:12 Image size of job updated: 110950444
	42108  -  MemoryUsage of job (MB)
	43117620  -  ResidentSetSize of job (KB)
...
006 (9445525.000.000) 03/24 03:57:13 Image size of job updated: 110982636
	42108  -  MemoryUsage of job (MB)
	43117620  -  ResidentSetSize of job (KB)
...
006 (9445525.000.000) 03/24 04:02:14 Image size of job updated: 111015200
	42108  -  MemoryUsage of job (MB)
	43117620  -  ResidentSetSize of job (KB)
...
006 (9445525.000.000) 03/24 04:07:14 Image size of job updated: 111048660
	42108  -  MemoryUsage of job (MB)
	43117620  -  ResidentSetSize of job (KB)
...
006 (9445525.000.000) 03/24 04:12:14 Image size of job updated: 111081228
	42108  -  MemoryUsage of job (MB)
	43117620  -  ResidentSetSize of job (KB)
...
006 (9445525.000.000) 03/24 04:17:15 Image size of job updated: 111116500
	42108  -  MemoryUsage of job (MB)
	43117620  -  ResidentSetSize of job (KB)
...
006 (9445525.000.000) 03/24 04:22:16 Image size of job updated: 111150872
	42108  -  MemoryUsage of job (MB)
	43117620  -  ResidentSetSize of job (KB)
...
006 (9445525.000.000) 03/24 04:27:16 Image size of job updated: 111186364
	42108  -  MemoryUsage of job (MB)
	43117620  -  ResidentSetSize of job (KB)
...
006 (9445525.000.000) 03/24 04:32:17 Image size of job updated: 111220412
	42108  -  MemoryUsage of job (MB)
	43117620  -  ResidentSetSize of job (KB)
...
006 (9445525.000.000) 03/24 04:37:18 Image size of job updated: 111254788
	42108  -  MemoryUsage of job (MB)
	43117620  -  ResidentSetSize of job (KB)
...
006 (9445525.000.000) 03/24 04:42:18 Image size of job updated: 111291000
	42108  -  MemoryUsage of job (MB)
	43117620  -  ResidentSetSize of job (KB)
...
006 (9445525.000.000) 03/24 04:47:18 Image size of job updated: 111326364
	42108  -  MemoryUsage of job (MB)
	43117620  -  ResidentSetSize of job (KB)
...
006 (9445525.000.000) 03/24 04:52:19 Image size of job updated: 111360736
	42108  -  MemoryUsage of job (MB)
	43117620  -  ResidentSetSize of job (KB)
...
006 (9445525.000.000) 03/24 04:57:20 Image size of job updated: 111396128
	42108  -  MemoryUsage of job (MB)
	43117620  -  ResidentSetSize of job (KB)
...
006 (9445525.000.000) 03/24 05:02:20 Image size of job updated: 111429408
	42108  -  MemoryUsage of job (MB)
	43117620  -  ResidentSetSize of job (KB)
...
006 (9445525.000.000) 03/24 05:07:20 Image size of job updated: 111465296
	42108  -  MemoryUsage of job (MB)
	43117620  -  ResidentSetSize of job (KB)
...
006 (9445525.000.000) 03/24 05:12:21 Image size of job updated: 111500528
	42108  -  MemoryUsage of job (MB)
	43117620  -  ResidentSetSize of job (KB)
...
006 (9445525.000.000) 03/24 05:17:22 Image size of job updated: 111540448
	42108  -  MemoryUsage of job (MB)
	43117620  -  ResidentSetSize of job (KB)
...
006 (9445525.000.000) 03/24 05:22:22 Image size of job updated: 111577524
	42108  -  MemoryUsage of job (MB)
	43117620  -  ResidentSetSize of job (KB)
...
006 (9445525.000.000) 03/24 05:27:23 Image size of job updated: 111616420
	42108  -  MemoryUsage of job (MB)
	43117620  -  ResidentSetSize of job (KB)
...
006 (9445525.000.000) 03/24 05:32:24 Image size of job updated: 111658040
	42108  -  MemoryUsage of job (MB)
	43117620  -  ResidentSetSize of job (KB)
...
006 (9445525.000.000) 03/24 05:37:24 Image size of job updated: 111697832
	42108  -  MemoryUsage of job (MB)
	43117620  -  ResidentSetSize of job (KB)
...
006 (9445525.000.000) 03/24 05:42:24 Image size of job updated: 111739452
	42108  -  MemoryUsage of job (MB)
	43117620  -  ResidentSetSize of job (KB)
...
006 (9445525.000.000) 03/24 05:47:25 Image size of job updated: 111781964
	42108  -  MemoryUsage of job (MB)
	43117620  -  ResidentSetSize of job (KB)
...
006 (9445525.000.000) 03/24 05:52:26 Image size of job updated: 111820900
	42108  -  MemoryUsage of job (MB)
	43117620  -  ResidentSetSize of job (KB)
...
006 (9445525.000.000) 03/24 05:57:26 Image size of job updated: 111858904
	42108  -  MemoryUsage of job (MB)
	43117620  -  ResidentSetSize of job (KB)
...
006 (9445525.000.000) 03/24 06:02:26 Image size of job updated: 111896892
	42108  -  MemoryUsage of job (MB)
	43117620  -  ResidentSetSize of job (KB)
...
006 (9445525.000.000) 03/24 06:07:27 Image size of job updated: 111937588
	42108  -  MemoryUsage of job (MB)
	43117620  -  ResidentSetSize of job (KB)
...
006 (9445525.000.000) 03/24 06:12:27 Image size of job updated: 111979200
	42108  -  MemoryUsage of job (MB)
	43117620  -  ResidentSetSize of job (KB)
...
006 (9445525.000.000) 03/24 06:17:27 Image size of job updated: 112022880
	42108  -  MemoryUsage of job (MB)
	43117620  -  ResidentSetSize of job (KB)
...
006 (9445525.000.000) 03/24 06:22:28 Image size of job updated: 112068624
	42108  -  MemoryUsage of job (MB)
	43117620  -  ResidentSetSize of job (KB)
...
006 (9445525.000.000) 03/24 06:27:29 Image size of job updated: 112111276
	42108  -  MemoryUsage of job (MB)
	43117620  -  ResidentSetSize of job (KB)
...
006 (9445525.000.000) 03/24 06:32:29 Image size of job updated: 112158092
	42108  -  MemoryUsage of job (MB)
	43117620  -  ResidentSetSize of job (KB)
...
006 (9445525.000.000) 03/24 06:37:29 Image size of job updated: 112201920
	42108  -  MemoryUsage of job (MB)
	43117620  -  ResidentSetSize of job (KB)
...
006 (9445525.000.000) 03/24 06:42:30 Image size of job updated: 112245684
	42108  -  MemoryUsage of job (MB)
	43117620  -  ResidentSetSize of job (KB)
...
006 (9445525.000.000) 03/24 06:47:30 Image size of job updated: 112289356
	42108  -  MemoryUsage of job (MB)
	43117620  -  ResidentSetSize of job (KB)
...
006 (9445525.000.000) 03/24 06:52:30 Image size of job updated: 112334092
	42108  -  MemoryUsage of job (MB)
	43117620  -  ResidentSetSize of job (KB)
...
006 (9445525.000.000) 03/24 06:57:31 Image size of job updated: 112375704
	42108  -  MemoryUsage of job (MB)
	43117620  -  ResidentSetSize of job (KB)
...
006 (9445525.000.000) 03/24 07:02:32 Image size of job updated: 112418340
	42108  -  MemoryUsage of job (MB)
	43117620  -  ResidentSetSize of job (KB)
...
006 (9445525.000.000) 03/24 07:07:32 Image size of job updated: 112461332
	42108  -  MemoryUsage of job (MB)
	43117620  -  ResidentSetSize of job (KB)
...
006 (9445525.000.000) 03/24 07:12:32 Image size of job updated: 112504328
	42108  -  MemoryUsage of job (MB)
	43117620  -  ResidentSetSize of job (KB)
...
006 (9445525.000.000) 03/24 07:17:33 Image size of job updated: 112548012
	42108  -  MemoryUsage of job (MB)
	43117620  -  ResidentSetSize of job (KB)
...
006 (9445525.000.000) 03/24 07:22:33 Image size of job updated: 112588576
	42108  -  MemoryUsage of job (MB)
	43117620  -  ResidentSetSize of job (KB)
...
006 (9445525.000.000) 03/24 07:27:33 Image size of job updated: 112631232
	42108  -  MemoryUsage of job (MB)
	43117620  -  ResidentSetSize of job (KB)
...
006 (9445525.000.000) 03/24 07:32:34 Image size of job updated: 112675944
	42108  -  MemoryUsage of job (MB)
	43117620  -  ResidentSetSize of job (KB)
...
006 (9445525.000.000) 03/24 07:37:35 Image size of job updated: 112717544
	42108  -  MemoryUsage of job (MB)
	43117620  -  ResidentSetSize of job (KB)
...
006 (9445525.000.000) 03/24 07:42:35 Image size of job updated: 112760200
	42108  -  MemoryUsage of job (MB)
	43117620  -  ResidentSetSize of job (KB)
...
006 (9445525.000.000) 03/24 07:47:35 Image size of job updated: 112803988
	42108  -  MemoryUsage of job (MB)
	43117620  -  ResidentSetSize of job (KB)
...
006 (9445525.000.000) 03/24 07:52:37 Image size of job updated: 112845596
	42108  -  MemoryUsage of job (MB)
	43117620  -  ResidentSetSize of job (KB)
...
006 (9445525.000.000) 03/24 07:57:37 Image size of job updated: 112889288
	42108  -  MemoryUsage of job (MB)
	43117620  -  ResidentSetSize of job (KB)
...
006 (9445525.000.000) 03/24 08:02:37 Image size of job updated: 112931936
	42108  -  MemoryUsage of job (MB)
	43117620  -  ResidentSetSize of job (KB)
...
006 (9445525.000.000) 03/24 08:07:38 Image size of job updated: 112975624
	42108  -  MemoryUsage of job (MB)
	43117620  -  ResidentSetSize of job (KB)
...
006 (9445525.000.000) 03/24 08:12:39 Image size of job updated: 113019320
	42108  -  MemoryUsage of job (MB)
	43117620  -  ResidentSetSize of job (KB)
...
006 (9445525.000.000) 03/24 08:17:39 Image size of job updated: 113061972
	42108  -  MemoryUsage of job (MB)
	43117620  -  ResidentSetSize of job (KB)
...
006 (9445525.000.000) 03/24 08:22:39 Image size of job updated: 113108796
	42108  -  MemoryUsage of job (MB)
	43117620  -  ResidentSetSize of job (KB)
...
006 (9445525.000.000) 03/24 08:27:40 Image size of job updated: 113153524
	42108  -  MemoryUsage of job (MB)
	43117620  -  ResidentSetSize of job (KB)
...
006 (9445525.000.000) 03/24 08:32:41 Image size of job updated: 113197216
	42108  -  MemoryUsage of job (MB)
	43117620  -  ResidentSetSize of job (KB)
...
006 (9445525.000.000) 03/24 08:37:41 Image size of job updated: 113241908
	42108  -  MemoryUsage of job (MB)
	43117620  -  ResidentSetSize of job (KB)
...
006 (9445525.000.000) 03/24 08:42:42 Image size of job updated: 113288680
	42108  -  MemoryUsage of job (MB)
	43117620  -  ResidentSetSize of job (KB)
...
006 (9445525.000.000) 03/24 08:47:43 Image size of job updated: 113334512
	42108  -  MemoryUsage of job (MB)
	43117620  -  ResidentSetSize of job (KB)
...
006 (9445525.000.000) 03/24 08:52:43 Image size of job updated: 113380784
	42108  -  MemoryUsage of job (MB)
	43117620  -  ResidentSetSize of job (KB)
...
006 (9445525.000.000) 03/24 08:57:43 Image size of job updated: 113423424
	42108  -  MemoryUsage of job (MB)
	43117620  -  ResidentSetSize of job (KB)
...
006 (9445525.000.000) 03/24 09:02:44 Image size of job updated: 113468068
	42108  -  MemoryUsage of job (MB)
	43117620  -  ResidentSetSize of job (KB)
...
006 (9445525.000.000) 03/24 09:07:44 Image size of job updated: 113513832
	42108  -  MemoryUsage of job (MB)
	43117620  -  ResidentSetSize of job (KB)
...
006 (9445525.000.000) 03/24 09:12:44 Image size of job updated: 113558556
	42108  -  MemoryUsage of job (MB)
	43117620  -  ResidentSetSize of job (KB)
...
006 (9445525.000.000) 03/24 09:17:45 Image size of job updated: 113603280
	42108  -  MemoryUsage of job (MB)
	43117620  -  ResidentSetSize of job (KB)
...
006 (9445525.000.000) 03/24 09:22:46 Image size of job updated: 113648004
	42108  -  MemoryUsage of job (MB)
	43117620  -  ResidentSetSize of job (KB)
...
006 (9445525.000.000) 03/24 09:27:46 Image size of job updated: 113696896
	42108  -  MemoryUsage of job (MB)
	43117620  -  ResidentSetSize of job (KB)
...
006 (9445525.000.000) 03/24 09:32:46 Image size of job updated: 113740584
	42108  -  MemoryUsage of job (MB)
	43117620  -  ResidentSetSize of job (KB)
...
006 (9445525.000.000) 03/24 09:37:47 Image size of job updated: 113781768
	42108  -  MemoryUsage of job (MB)
	43117620  -  ResidentSetSize of job (KB)
...
006 (9445525.000.000) 03/24 09:42:48 Image size of job updated: 113823380
	42108  -  MemoryUsage of job (MB)
	43117620  -  ResidentSetSize of job (KB)
...
006 (9445525.000.000) 03/24 09:47:48 Image size of job updated: 113863444
	42108  -  MemoryUsage of job (MB)
	43117620  -  ResidentSetSize of job (KB)
...
006 (9445525.000.000) 03/24 09:52:48 Image size of job updated: 113904004
	42108  -  MemoryUsage of job (MB)
	43117620  -  ResidentSetSize of job (KB)
...
006 (9445525.000.000) 03/24 09:57:49 Image size of job updated: 113945596
	42108  -  MemoryUsage of job (MB)
	43117620  -  ResidentSetSize of job (KB)
...
006 (9445525.000.000) 03/24 10:02:49 Image size of job updated: 113983232
	42108  -  MemoryUsage of job (MB)
	43117620  -  ResidentSetSize of job (KB)
...
006 (9445525.000.000) 03/24 10:07:49 Image size of job updated: 114024836
	42108  -  MemoryUsage of job (MB)
	43117620  -  ResidentSetSize of job (KB)
...
006 (9445525.000.000) 03/24 10:12:50 Image size of job updated: 114066448
	42108  -  MemoryUsage of job (MB)
	43117620  -  ResidentSetSize of job (KB)
...
006 (9445525.000.000) 03/24 10:17:51 Image size of job updated: 114109076
	42108  -  MemoryUsage of job (MB)
	43117620  -  ResidentSetSize of job (KB)
...
006 (9445525.000.000) 03/24 10:22:51 Image size of job updated: 114153816
	42108  -  MemoryUsage of job (MB)
	43117620  -  ResidentSetSize of job (KB)
...
006 (9445525.000.000) 03/24 10:27:52 Image size of job updated: 114200476
	42108  -  MemoryUsage of job (MB)
	43117620  -  ResidentSetSize of job (KB)
...
006 (9445525.000.000) 03/24 10:32:53 Image size of job updated: 114247280
	42108  -  MemoryUsage of job (MB)
	43117620  -  ResidentSetSize of job (KB)
...
006 (9445525.000.000) 03/24 10:37:53 Image size of job updated: 114290940
	42108  -  MemoryUsage of job (MB)
	43117620  -  ResidentSetSize of job (KB)
...
006 (9445525.000.000) 03/24 10:42:53 Image size of job updated: 114332536
	42108  -  MemoryUsage of job (MB)
	43117620  -  ResidentSetSize of job (KB)
...
006 (9445525.000.000) 03/24 10:47:54 Image size of job updated: 114374136
	42108  -  MemoryUsage of job (MB)
	43117620  -  ResidentSetSize of job (KB)
...
006 (9445525.000.000) 03/24 10:52:55 Image size of job updated: 114413644
	42108  -  MemoryUsage of job (MB)
	43117620  -  ResidentSetSize of job (KB)
...
006 (9445525.000.000) 03/24 10:57:55 Image size of job updated: 114455248
	42108  -  MemoryUsage of job (MB)
	43117620  -  ResidentSetSize of job (KB)
...
006 (9445525.000.000) 03/24 11:02:56 Image size of job updated: 114492692
	42108  -  MemoryUsage of job (MB)
	43117620  -  ResidentSetSize of job (KB)
...
006 (9445525.000.000) 03/24 11:07:57 Image size of job updated: 114531172
	42108  -  MemoryUsage of job (MB)
	43117620  -  ResidentSetSize of job (KB)
...
006 (9445525.000.000) 03/24 11:12:57 Image size of job updated: 114569108
	42108  -  MemoryUsage of job (MB)
	43117620  -  ResidentSetSize of job (KB)
...
006 (9445525.000.000) 03/24 11:17:57 Image size of job updated: 114608640
	42108  -  MemoryUsage of job (MB)
	43117620  -  ResidentSetSize of job (KB)
...
006 (9445525.000.000) 03/24 11:22:58 Image size of job updated: 114652308
	42108  -  MemoryUsage of job (MB)
	43117620  -  ResidentSetSize of job (KB)
...
006 (9445525.000.000) 03/24 11:27:58 Image size of job updated: 114694952
	42108  -  MemoryUsage of job (MB)
	43117620  -  ResidentSetSize of job (KB)
...
006 (9445525.000.000) 03/24 11:32:58 Image size of job updated: 114732392
	42108  -  MemoryUsage of job (MB)
	43117620  -  ResidentSetSize of job (KB)
...
006 (9445525.000.000) 03/24 11:37:59 Image size of job updated: 114770868
	42108  -  MemoryUsage of job (MB)
	43117620  -  ResidentSetSize of job (KB)
...
006 (9445525.000.000) 03/24 11:43:00 Image size of job updated: 114809356
	42108  -  MemoryUsage of job (MB)
	43117620  -  ResidentSetSize of job (KB)
...
006 (9445525.000.000) 03/24 11:48:00 Image size of job updated: 114847424
	42108  -  MemoryUsage of job (MB)
	43117620  -  ResidentSetSize of job (KB)
...
006 (9445525.000.000) 03/24 11:53:00 Image size of job updated: 114890632
	42108  -  MemoryUsage of job (MB)
	43117620  -  ResidentSetSize of job (KB)
...
006 (9445525.000.000) 03/24 11:58:01 Image size of job updated: 114935528
	42108  -  MemoryUsage of job (MB)
	43117620  -  ResidentSetSize of job (KB)
...
006 (9445525.000.000) 03/24 12:03:01 Image size of job updated: 114976164
	42108  -  MemoryUsage of job (MB)
	43117620  -  ResidentSetSize of job (KB)
...
006 (9445525.000.000) 03/24 12:08:01 Image size of job updated: 115018808
	42108  -  MemoryUsage of job (MB)
	43117620  -  ResidentSetSize of job (KB)
...
006 (9445525.000.000) 03/24 12:13:02 Image size of job updated: 115062512
	42108  -  MemoryUsage of job (MB)
	43117620  -  ResidentSetSize of job (KB)
...
006 (9445525.000.000) 03/24 12:18:03 Image size of job updated: 115107248
	42108  -  MemoryUsage of job (MB)
	43117620  -  ResidentSetSize of job (KB)
...
006 (9445525.000.000) 03/24 12:23:03 Image size of job updated: 115151972
	42108  -  MemoryUsage of job (MB)
	43117620  -  ResidentSetSize of job (KB)
...
006 (9445525.000.000) 03/24 12:28:04 Image size of job updated: 115195676
	42108  -  MemoryUsage of job (MB)
	43117620  -  ResidentSetSize of job (KB)
...
006 (9445525.000.000) 03/24 12:33:05 Image size of job updated: 115240384
	42108  -  MemoryUsage of job (MB)
	43117620  -  ResidentSetSize of job (KB)
...
006 (9445525.000.000) 03/24 12:38:05 Image size of job updated: 115283868
	42108  -  MemoryUsage of job (MB)
	43117620  -  ResidentSetSize of job (KB)
...
006 (9445525.000.000) 03/24 12:43:05 Image size of job updated: 115327552
	42108  -  MemoryUsage of job (MB)
	43117620  -  ResidentSetSize of job (KB)
...
