000 (9652529.000.000) 04/18 23:56:39 Job submitted from host: <137.138.156.150:9618?addrs=137.138.156.150-9618+[2001-1458-d00-14--9a]-9618&alias=bigbird13.cern.ch&noUDP&sock=schedd_2138_1192>
...
040 (9652529.000.000) 04/18 23:59:13 Started transferring input files
	Transferring to host: <188.184.160.31:9618?addrs=188.184.160.31-9618+[2001-1458-301-48--100-19]-9618&alias=b9s09p9610.cern.ch&noUDP&sock=slot1_27_403956_4ba4_99176>
...
040 (9652529.000.000) 04/18 23:59:13 Finished transferring input files
...
001 (9652529.000.000) 04/18 23:59:14 Job executing on host: <188.184.160.31:9618?addrs=188.184.160.31-9618+[2001-1458-301-48--100-19]-9618&alias=b9s09p9610.cern.ch&noUDP&sock=startd_403905_d027>
...
006 (9652529.000.000) 04/18 23:59:22 Image size of job updated: 31364
	31  -  MemoryUsage of job (MB)
	31356  -  ResidentSetSize of job (KB)
...
006 (9652529.000.000) 04/19 00:04:22 Image size of job updated: 2578960
	2518  -  MemoryUsage of job (MB)
	2577508  -  ResidentSetSize of job (KB)
...
006 (9652529.000.000) 04/19 00:09:23 Image size of job updated: 6528640
	6373  -  MemoryUsage of job (MB)
	6525804  -  ResidentSetSize of job (KB)
...
006 (9652529.000.000) 04/19 00:14:24 Image size of job updated: 9968044
	9729  -  MemoryUsage of job (MB)
	9962416  -  ResidentSetSize of job (KB)
...
006 (9652529.000.000) 04/19 00:19:24 Image size of job updated: 12732216
	12433  -  MemoryUsage of job (MB)
	12730480  -  ResidentSetSize of job (KB)
...
006 (9652529.000.000) 04/19 00:24:25 Image size of job updated: 15566096
	15178  -  MemoryUsage of job (MB)
	15541608  -  ResidentSetSize of job (KB)
...
006 (9652529.000.000) 04/19 00:29:26 Image size of job updated: 18237004
	17809  -  MemoryUsage of job (MB)
	18236256  -  ResidentSetSize of job (KB)
...
006 (9652529.000.000) 04/19 00:34:26 Image size of job updated: 20800536
	20311  -  MemoryUsage of job (MB)
	20797704  -  ResidentSetSize of job (KB)
...
006 (9652529.000.000) 04/19 00:39:26 Image size of job updated: 22849832
	22290  -  MemoryUsage of job (MB)
	22823960  -  ResidentSetSize of job (KB)
...
006 (9652529.000.000) 04/19 00:44:27 Image size of job updated: 25012644
	24426  -  MemoryUsage of job (MB)
	25011228  -  ResidentSetSize of job (KB)
...
006 (9652529.000.000) 04/19 00:49:27 Image size of job updated: 26133872
	24426  -  MemoryUsage of job (MB)
	25011228  -  ResidentSetSize of job (KB)
...
006 (9652529.000.000) 04/19 01:04:29 Image size of job updated: 28965392
	28278  -  MemoryUsage of job (MB)
	28956664  -  ResidentSetSize of job (KB)
...
006 (9652529.000.000) 04/19 01:09:29 Image size of job updated: 31773920
	31029  -  MemoryUsage of job (MB)
	31773268  -  ResidentSetSize of job (KB)
...
006 (9652529.000.000) 04/19 01:14:29 Image size of job updated: 33388368
	31029  -  MemoryUsage of job (MB)
	31773268  -  ResidentSetSize of job (KB)
...
006 (9652529.000.000) 04/19 01:44:32 Image size of job updated: 33388368
	31867  -  MemoryUsage of job (MB)
	32630824  -  ResidentSetSize of job (KB)
...
006 (9652529.000.000) 04/19 01:49:32 Image size of job updated: 35716684
	34878  -  MemoryUsage of job (MB)
	35714352  -  ResidentSetSize of job (KB)
...
006 (9652529.000.000) 04/19 01:54:33 Image size of job updated: 39379060
	38456  -  MemoryUsage of job (MB)
	39378312  -  ResidentSetSize of job (KB)
...
006 (9652529.000.000) 04/19 01:59:33 Image size of job updated: 39581728
	38456  -  MemoryUsage of job (MB)
	39378312  -  ResidentSetSize of job (KB)
...
006 (9652529.000.000) 04/19 02:09:34 Image size of job updated: 40303716
	38762  -  MemoryUsage of job (MB)
	39691732  -  ResidentSetSize of job (KB)
...
006 (9652529.000.000) 04/19 02:14:35 Image size of job updated: 40303716
	39039  -  MemoryUsage of job (MB)
	39974976  -  ResidentSetSize of job (KB)
...
006 (9652529.000.000) 04/19 02:19:35 Image size of job updated: 41315372
	39814  -  MemoryUsage of job (MB)
	40769196  -  ResidentSetSize of job (KB)
...
006 (9652529.000.000) 04/19 02:24:35 Image size of job updated: 41780764
	40730  -  MemoryUsage of job (MB)
	41707000  -  ResidentSetSize of job (KB)
...
006 (9652529.000.000) 04/19 02:29:36 Image size of job updated: 42420752
	40730  -  MemoryUsage of job (MB)
	41707000  -  ResidentSetSize of job (KB)
...
006 (9652529.000.000) 04/19 02:34:36 Image size of job updated: 42420752
	41248  -  MemoryUsage of job (MB)
	42237944  -  ResidentSetSize of job (KB)
...
006 (9652529.000.000) 04/19 02:39:36 Image size of job updated: 43008008
	41414  -  MemoryUsage of job (MB)
	42407824  -  ResidentSetSize of job (KB)
...
006 (9652529.000.000) 04/19 02:44:37 Image size of job updated: 44105052
	43070  -  MemoryUsage of job (MB)
	44103200  -  ResidentSetSize of job (KB)
...
006 (9652529.000.000) 04/19 02:49:38 Image size of job updated: 45073848
	44017  -  MemoryUsage of job (MB)
	45072808  -  ResidentSetSize of job (KB)
...
006 (9652529.000.000) 04/19 02:54:38 Image size of job updated: 45624568
	44017  -  MemoryUsage of job (MB)
	45072824  -  ResidentSetSize of job (KB)
...
040 (9652529.000.000) 04/19 07:09:33 Started transferring output files
...
040 (9652529.000.000) 04/19 07:09:33 Finished transferring output files
...
005 (9652529.000.000) 04/19 07:09:33 Job terminated.
	(1) Normal termination (return value 0)
		Usr 0 05:25:18, Sys 0 00:33:10  -  Run Remote Usage
		Usr 0 00:00:00, Sys 0 00:00:00  -  Run Local Usage
		Usr 0 05:25:18, Sys 0 00:33:10  -  Total Remote Usage
		Usr 0 00:00:00, Sys 0 00:00:00  -  Total Local Usage
	6236  -  Run Bytes Sent By Job
	202  -  Run Bytes Received By Job
	6236  -  Total Bytes Sent By Job
	202  -  Total Bytes Received By Job
	Partitionable Resources :    Usage  Request Allocated 
	   Cpus                 :     0.99        1         1 
	   Disk (KB)            :    27           1   2928294 
	   Memory (MB)          : 44017        2000      2000 

	Job terminated of its own accord at 2024-04-19T05:09:33Z.
...
