000 (9445521.000.000) 03/23 14:38:59 Job submitted from host: <137.138.156.150:9618?addrs=137.138.156.150-9618+[2001-1458-d00-14--9a]-9618&alias=bigbird13.cern.ch&noUDP&sock=schedd_5144_ef43>
...
040 (9445521.000.000) 03/23 16:00:53 Started transferring input files
	Transferring to host: <128.142.59.100:9618?addrs=128.142.59.100-9618&alias=b7s04p3308.cern.ch&noUDP&sock=slot1_12_6949_f2f4_79193>
...
040 (9445521.000.000) 03/23 16:00:53 Finished transferring input files
...
001 (9445521.000.000) 03/23 16:00:54 Job executing on host: <128.142.59.100:9618?addrs=128.142.59.100-9618&alias=b7s04p3308.cern.ch&noUDP&sock=startd_6864_b628>
...
006 (9445521.000.000) 03/23 16:01:03 Image size of job updated: 502456
	49  -  MemoryUsage of job (MB)
	49808  -  ResidentSetSize of job (KB)
...
006 (9445521.000.000) 03/23 16:06:04 Image size of job updated: 615696
	85  -  MemoryUsage of job (MB)
	86192  -  ResidentSetSize of job (KB)
...
006 (9445521.000.000) 03/23 16:11:05 Image size of job updated: 615848
	85  -  MemoryUsage of job (MB)
	86724  -  ResidentSetSize of job (KB)
...
006 (9445521.000.000) 03/23 16:16:05 Image size of job updated: 616872
	86  -  MemoryUsage of job (MB)
	87192  -  ResidentSetSize of job (KB)
...
006 (9445521.000.000) 03/23 16:21:06 Image size of job updated: 616872
	86  -  MemoryUsage of job (MB)
	87608  -  ResidentSetSize of job (KB)
...
006 (9445521.000.000) 03/23 16:26:07 Image size of job updated: 5506720
	2832  -  MemoryUsage of job (MB)
	2899780  -  ResidentSetSize of job (KB)
...
006 (9445521.000.000) 03/23 16:31:07 Image size of job updated: 10131456
	7278  -  MemoryUsage of job (MB)
	7452428  -  ResidentSetSize of job (KB)
...
006 (9445521.000.000) 03/23 16:36:07 Image size of job updated: 14720872
	10463  -  MemoryUsage of job (MB)
	10713416  -  ResidentSetSize of job (KB)
...
006 (9445521.000.000) 03/23 16:41:08 Image size of job updated: 19316220
	12128  -  MemoryUsage of job (MB)
	12418076  -  ResidentSetSize of job (KB)
...
006 (9445521.000.000) 03/23 16:46:09 Image size of job updated: 23832404
	14641  -  MemoryUsage of job (MB)
	14991784  -  ResidentSetSize of job (KB)
...
006 (9445521.000.000) 03/23 16:51:09 Image size of job updated: 28233132
	18940  -  MemoryUsage of job (MB)
	19394100  -  ResidentSetSize of job (KB)
...
006 (9445521.000.000) 03/23 16:56:09 Image size of job updated: 32709756
	22383  -  MemoryUsage of job (MB)
	22919996  -  ResidentSetSize of job (KB)
...
006 (9445521.000.000) 03/23 17:01:10 Image size of job updated: 36890960
	24666  -  MemoryUsage of job (MB)
	25257632  -  ResidentSetSize of job (KB)
...
006 (9445521.000.000) 03/23 17:06:10 Image size of job updated: 41409288
	26552  -  MemoryUsage of job (MB)
	27188612  -  ResidentSetSize of job (KB)
...
006 (9445521.000.000) 03/23 17:11:10 Image size of job updated: 46048012
	28675  -  MemoryUsage of job (MB)
	29362332  -  ResidentSetSize of job (KB)
...
006 (9445521.000.000) 03/23 17:16:11 Image size of job updated: 49261204
	30055  -  MemoryUsage of job (MB)
	30775776  -  ResidentSetSize of job (KB)
...
006 (9445521.000.000) 03/23 17:21:11 Image size of job updated: 50950884
	30682  -  MemoryUsage of job (MB)
	31417896  -  ResidentSetSize of job (KB)
...
006 (9445521.000.000) 03/23 17:26:11 Image size of job updated: 52386652
	32158  -  MemoryUsage of job (MB)
	32929392  -  ResidentSetSize of job (KB)
...
006 (9445521.000.000) 03/23 17:31:12 Image size of job updated: 54127720
	33825  -  MemoryUsage of job (MB)
	34635968  -  ResidentSetSize of job (KB)
...
006 (9445521.000.000) 03/23 17:36:13 Image size of job updated: 55679228
	33825  -  MemoryUsage of job (MB)
	34635968  -  ResidentSetSize of job (KB)
...
006 (9445521.000.000) 03/23 17:41:13 Image size of job updated: 57257760
	33825  -  MemoryUsage of job (MB)
	34635968  -  ResidentSetSize of job (KB)
...
006 (9445521.000.000) 03/23 17:46:13 Image size of job updated: 58786972
	33825  -  MemoryUsage of job (MB)
	34635968  -  ResidentSetSize of job (KB)
...
006 (9445521.000.000) 03/23 17:51:14 Image size of job updated: 60178952
	33825  -  MemoryUsage of job (MB)
	34635968  -  ResidentSetSize of job (KB)
...
006 (9445521.000.000) 03/23 17:56:15 Image size of job updated: 61736876
	33825  -  MemoryUsage of job (MB)
	34635968  -  ResidentSetSize of job (KB)
...
006 (9445521.000.000) 03/23 18:01:15 Image size of job updated: 63182652
	33825  -  MemoryUsage of job (MB)
	34635968  -  ResidentSetSize of job (KB)
...
006 (9445521.000.000) 03/23 18:06:15 Image size of job updated: 64983452
	33825  -  MemoryUsage of job (MB)
	34635968  -  ResidentSetSize of job (KB)
...
006 (9445521.000.000) 03/23 18:11:16 Image size of job updated: 66545460
	33825  -  MemoryUsage of job (MB)
	34635968  -  ResidentSetSize of job (KB)
...
006 (9445521.000.000) 03/23 18:16:16 Image size of job updated: 68283728
	33825  -  MemoryUsage of job (MB)
	34635968  -  ResidentSetSize of job (KB)
...
006 (9445521.000.000) 03/23 18:21:16 Image size of job updated: 69747108
	33825  -  MemoryUsage of job (MB)
	34635968  -  ResidentSetSize of job (KB)
...
006 (9445521.000.000) 03/23 18:26:17 Image size of job updated: 71440016
	33825  -  MemoryUsage of job (MB)
	34635968  -  ResidentSetSize of job (KB)
...
006 (9445521.000.000) 03/23 18:31:18 Image size of job updated: 73061808
	33825  -  MemoryUsage of job (MB)
	34635968  -  ResidentSetSize of job (KB)
...
006 (9445521.000.000) 03/23 18:36:18 Image size of job updated: 74633600
	33825  -  MemoryUsage of job (MB)
	34635968  -  ResidentSetSize of job (KB)
...
006 (9445521.000.000) 03/23 18:41:18 Image size of job updated: 76309684
	33825  -  MemoryUsage of job (MB)
	34635968  -  ResidentSetSize of job (KB)
...
006 (9445521.000.000) 03/23 18:46:19 Image size of job updated: 77858840
	33825  -  MemoryUsage of job (MB)
	34635968  -  ResidentSetSize of job (KB)
...
006 (9445521.000.000) 03/23 18:51:20 Image size of job updated: 79474304
	33825  -  MemoryUsage of job (MB)
	34635968  -  ResidentSetSize of job (KB)
...
006 (9445521.000.000) 03/23 18:56:20 Image size of job updated: 81000132
	33825  -  MemoryUsage of job (MB)
	34635968  -  ResidentSetSize of job (KB)
...
006 (9445521.000.000) 03/23 19:01:21 Image size of job updated: 82556580
	33825  -  MemoryUsage of job (MB)
	34635968  -  ResidentSetSize of job (KB)
...
006 (9445521.000.000) 03/23 19:06:22 Image size of job updated: 84098132
	33825  -  MemoryUsage of job (MB)
	34635968  -  ResidentSetSize of job (KB)
...
006 (9445521.000.000) 03/23 19:11:22 Image size of job updated: 85588932
	33825  -  MemoryUsage of job (MB)
	34635968  -  ResidentSetSize of job (KB)
...
006 (9445521.000.000) 03/23 19:16:22 Image size of job updated: 86978324
	33825  -  MemoryUsage of job (MB)
	34635968  -  ResidentSetSize of job (KB)
...
006 (9445521.000.000) 03/23 19:21:23 Image size of job updated: 88596564
	33825  -  MemoryUsage of job (MB)
	34635968  -  ResidentSetSize of job (KB)
...
006 (9445521.000.000) 03/23 19:26:23 Image size of job updated: 107432648
	33825  -  MemoryUsage of job (MB)
	34635968  -  ResidentSetSize of job (KB)
...
006 (9445521.000.000) 03/23 19:31:23 Image size of job updated: 107435476
	33825  -  MemoryUsage of job (MB)
	34635968  -  ResidentSetSize of job (KB)
...
006 (9445521.000.000) 03/23 19:36:24 Image size of job updated: 107466728
	33825  -  MemoryUsage of job (MB)
	34635968  -  ResidentSetSize of job (KB)
...
006 (9445521.000.000) 03/23 19:41:24 Image size of job updated: 107498760
	33825  -  MemoryUsage of job (MB)
	34635968  -  ResidentSetSize of job (KB)
...
006 (9445521.000.000) 03/23 19:46:25 Image size of job updated: 107530792
	33825  -  MemoryUsage of job (MB)
	34635968  -  ResidentSetSize of job (KB)
...
006 (9445521.000.000) 03/23 19:51:26 Image size of job updated: 107562824
	33825  -  MemoryUsage of job (MB)
	34635968  -  ResidentSetSize of job (KB)
...
006 (9445521.000.000) 03/23 19:56:26 Image size of job updated: 107597980
	33825  -  MemoryUsage of job (MB)
	34635968  -  ResidentSetSize of job (KB)
...
006 (9445521.000.000) 03/23 20:01:26 Image size of job updated: 107634700
	33825  -  MemoryUsage of job (MB)
	34635968  -  ResidentSetSize of job (KB)
...
006 (9445521.000.000) 03/23 20:06:28 Image size of job updated: 107670636
	33825  -  MemoryUsage of job (MB)
	34635968  -  ResidentSetSize of job (KB)
...
006 (9445521.000.000) 03/23 20:11:28 Image size of job updated: 107705012
	33825  -  MemoryUsage of job (MB)
	34635968  -  ResidentSetSize of job (KB)
...
006 (9445521.000.000) 03/23 20:16:28 Image size of job updated: 107737828
	33825  -  MemoryUsage of job (MB)
	34635968  -  ResidentSetSize of job (KB)
...
006 (9445521.000.000) 03/23 20:21:29 Image size of job updated: 107770640
	33825  -  MemoryUsage of job (MB)
	34635968  -  ResidentSetSize of job (KB)
...
006 (9445521.000.000) 03/23 20:26:30 Image size of job updated: 107812456
	33825  -  MemoryUsage of job (MB)
	34635968  -  ResidentSetSize of job (KB)
...
006 (9445521.000.000) 03/23 20:31:30 Image size of job updated: 107853280
	33825  -  MemoryUsage of job (MB)
	34635968  -  ResidentSetSize of job (KB)
...
006 (9445521.000.000) 03/23 20:36:30 Image size of job updated: 107892964
	33825  -  MemoryUsage of job (MB)
	34635968  -  ResidentSetSize of job (KB)
...
006 (9445521.000.000) 03/23 20:41:32 Image size of job updated: 107932760
	33825  -  MemoryUsage of job (MB)
	34635968  -  ResidentSetSize of job (KB)
...
006 (9445521.000.000) 03/23 20:46:32 Image size of job updated: 107972556
	33825  -  MemoryUsage of job (MB)
	34635968  -  ResidentSetSize of job (KB)
...
006 (9445521.000.000) 03/23 20:51:32 Image size of job updated: 108012356
	33825  -  MemoryUsage of job (MB)
	34635968  -  ResidentSetSize of job (KB)
...
006 (9445521.000.000) 03/23 20:56:33 Image size of job updated: 108050528
	33825  -  MemoryUsage of job (MB)
	34635968  -  ResidentSetSize of job (KB)
...
006 (9445521.000.000) 03/23 21:01:34 Image size of job updated: 108090600
	33825  -  MemoryUsage of job (MB)
	34635968  -  ResidentSetSize of job (KB)
...
006 (9445521.000.000) 03/23 21:06:34 Image size of job updated: 108131296
	33825  -  MemoryUsage of job (MB)
	34635968  -  ResidentSetSize of job (KB)
...
006 (9445521.000.000) 03/23 21:11:34 Image size of job updated: 108172000
	33825  -  MemoryUsage of job (MB)
	34635968  -  ResidentSetSize of job (KB)
...
006 (9445521.000.000) 03/23 21:16:35 Image size of job updated: 108212348
	33825  -  MemoryUsage of job (MB)
	34635968  -  ResidentSetSize of job (KB)
...
006 (9445521.000.000) 03/23 21:21:36 Image size of job updated: 108250348
	33825  -  MemoryUsage of job (MB)
	34635968  -  ResidentSetSize of job (KB)
...
006 (9445521.000.000) 03/23 21:26:36 Image size of job updated: 108289248
	33825  -  MemoryUsage of job (MB)
	34635968  -  ResidentSetSize of job (KB)
...
006 (9445521.000.000) 03/23 21:31:37 Image size of job updated: 108329960
	33825  -  MemoryUsage of job (MB)
	34635968  -  ResidentSetSize of job (KB)
...
006 (9445521.000.000) 03/23 21:36:38 Image size of job updated: 108369880
	33825  -  MemoryUsage of job (MB)
	34635968  -  ResidentSetSize of job (KB)
...
006 (9445521.000.000) 03/23 21:41:38 Image size of job updated: 108410584
	33825  -  MemoryUsage of job (MB)
	34635968  -  ResidentSetSize of job (KB)
...
006 (9445521.000.000) 03/23 21:46:38 Image size of job updated: 108451292
	33825  -  MemoryUsage of job (MB)
	34635968  -  ResidentSetSize of job (KB)
...
006 (9445521.000.000) 03/23 21:51:39 Image size of job updated: 108492000
	33825  -  MemoryUsage of job (MB)
	34635968  -  ResidentSetSize of job (KB)
...
006 (9445521.000.000) 03/23 21:56:40 Image size of job updated: 108529080
	33825  -  MemoryUsage of job (MB)
	34635968  -  ResidentSetSize of job (KB)
...
006 (9445521.000.000) 03/23 22:01:40 Image size of job updated: 108567988
	33825  -  MemoryUsage of job (MB)
	34635968  -  ResidentSetSize of job (KB)
...
006 (9445521.000.000) 03/23 22:06:40 Image size of job updated: 108606872
	33825  -  MemoryUsage of job (MB)
	34635968  -  ResidentSetSize of job (KB)
...
006 (9445521.000.000) 03/23 22:11:41 Image size of job updated: 108644860
	33825  -  MemoryUsage of job (MB)
	34635968  -  ResidentSetSize of job (KB)
...
006 (9445521.000.000) 03/23 22:16:42 Image size of job updated: 108684776
	33825  -  MemoryUsage of job (MB)
	34635968  -  ResidentSetSize of job (KB)
...
006 (9445521.000.000) 03/23 22:21:42 Image size of job updated: 108721864
	33825  -  MemoryUsage of job (MB)
	34635968  -  ResidentSetSize of job (KB)
...
006 (9445521.000.000) 03/23 22:26:43 Image size of job updated: 108760752
	33825  -  MemoryUsage of job (MB)
	34635968  -  ResidentSetSize of job (KB)
...
006 (9445521.000.000) 03/23 22:31:44 Image size of job updated: 108799644
	33825  -  MemoryUsage of job (MB)
	34635968  -  ResidentSetSize of job (KB)
...
006 (9445521.000.000) 03/23 22:36:44 Image size of job updated: 108837640
	33825  -  MemoryUsage of job (MB)
	34635968  -  ResidentSetSize of job (KB)
...
006 (9445521.000.000) 03/23 22:41:44 Image size of job updated: 108874732
	33825  -  MemoryUsage of job (MB)
	34635968  -  ResidentSetSize of job (KB)
...
006 (9445521.000.000) 03/23 22:46:45 Image size of job updated: 108911820
	33825  -  MemoryUsage of job (MB)
	34635968  -  ResidentSetSize of job (KB)
...
006 (9445521.000.000) 03/23 22:51:45 Image size of job updated: 108947988
	33825  -  MemoryUsage of job (MB)
	34635968  -  ResidentSetSize of job (KB)
...
006 (9445521.000.000) 03/23 22:56:46 Image size of job updated: 108986900
	33825  -  MemoryUsage of job (MB)
	34635968  -  ResidentSetSize of job (KB)
...
006 (9445521.000.000) 03/23 23:01:47 Image size of job updated: 109027248
	33825  -  MemoryUsage of job (MB)
	34635968  -  ResidentSetSize of job (KB)
...
006 (9445521.000.000) 03/23 23:06:47 Image size of job updated: 109067960
	33825  -  MemoryUsage of job (MB)
	34635968  -  ResidentSetSize of job (KB)
...
006 (9445521.000.000) 03/23 23:11:47 Image size of job updated: 109109088
	33825  -  MemoryUsage of job (MB)
	34635968  -  ResidentSetSize of job (KB)
...
006 (9445521.000.000) 03/23 23:16:48 Image size of job updated: 109149512
	33825  -  MemoryUsage of job (MB)
	34635968  -  ResidentSetSize of job (KB)
...
006 (9445521.000.000) 03/23 23:21:49 Image size of job updated: 109188468
	33825  -  MemoryUsage of job (MB)
	34635968  -  ResidentSetSize of job (KB)
...
006 (9445521.000.000) 03/23 23:26:49 Image size of job updated: 109229160
	33825  -  MemoryUsage of job (MB)
	34635968  -  ResidentSetSize of job (KB)
...
006 (9445521.000.000) 03/23 23:31:50 Image size of job updated: 109268920
	33825  -  MemoryUsage of job (MB)
	34635968  -  ResidentSetSize of job (KB)
...
006 (9445521.000.000) 03/23 23:36:51 Image size of job updated: 109308720
	33825  -  MemoryUsage of job (MB)
	34635968  -  ResidentSetSize of job (KB)
...
006 (9445521.000.000) 03/23 23:41:51 Image size of job updated: 109348084
	33825  -  MemoryUsage of job (MB)
	34635968  -  ResidentSetSize of job (KB)
...
006 (9445521.000.000) 03/23 23:46:51 Image size of job updated: 109387992
	33825  -  MemoryUsage of job (MB)
	34635968  -  ResidentSetSize of job (KB)
...
006 (9445521.000.000) 03/23 23:51:52 Image size of job updated: 109425980
	33825  -  MemoryUsage of job (MB)
	34635968  -  ResidentSetSize of job (KB)
...
006 (9445521.000.000) 03/23 23:56:53 Image size of job updated: 109464876
	33825  -  MemoryUsage of job (MB)
	34635968  -  ResidentSetSize of job (KB)
...
006 (9445521.000.000) 03/24 00:01:53 Image size of job updated: 109501972
	33825  -  MemoryUsage of job (MB)
	34635968  -  ResidentSetSize of job (KB)
...
006 (9445521.000.000) 03/24 00:06:54 Image size of job updated: 109540704
	33825  -  MemoryUsage of job (MB)
	34635968  -  ResidentSetSize of job (KB)
...
006 (9445521.000.000) 03/24 00:11:55 Image size of job updated: 109579604
	33825  -  MemoryUsage of job (MB)
	34635968  -  ResidentSetSize of job (KB)
...
006 (9445521.000.000) 03/24 00:16:55 Image size of job updated: 109620312
	33825  -  MemoryUsage of job (MB)
	34635968  -  ResidentSetSize of job (KB)
...
006 (9445521.000.000) 03/24 00:21:55 Image size of job updated: 109661008
	33825  -  MemoryUsage of job (MB)
	34635968  -  ResidentSetSize of job (KB)
...
006 (9445521.000.000) 03/24 00:26:56 Image size of job updated: 109700796
	33825  -  MemoryUsage of job (MB)
	34635968  -  ResidentSetSize of job (KB)
...
006 (9445521.000.000) 03/24 00:31:57 Image size of job updated: 109741508
	33825  -  MemoryUsage of job (MB)
	34635968  -  ResidentSetSize of job (KB)
...
006 (9445521.000.000) 03/24 00:36:57 Image size of job updated: 109781644
	33825  -  MemoryUsage of job (MB)
	34635968  -  ResidentSetSize of job (KB)
...
006 (9445521.000.000) 03/24 00:41:58 Image size of job updated: 109822356
	33825  -  MemoryUsage of job (MB)
	34635968  -  ResidentSetSize of job (KB)
...
006 (9445521.000.000) 03/24 00:46:59 Image size of job updated: 109863064
	33825  -  MemoryUsage of job (MB)
	34635968  -  ResidentSetSize of job (KB)
...
006 (9445521.000.000) 03/24 00:51:59 Image size of job updated: 109901976
	33825  -  MemoryUsage of job (MB)
	34635968  -  ResidentSetSize of job (KB)
...
006 (9445521.000.000) 03/24 00:56:59 Image size of job updated: 109942916
	33825  -  MemoryUsage of job (MB)
	34635968  -  ResidentSetSize of job (KB)
...
006 (9445521.000.000) 03/24 01:02:00 Image size of job updated: 109982704
	33825  -  MemoryUsage of job (MB)
	34635968  -  ResidentSetSize of job (KB)
...
006 (9445521.000.000) 03/24 01:07:01 Image size of job updated: 110024316
	33825  -  MemoryUsage of job (MB)
	34635968  -  ResidentSetSize of job (KB)
...
006 (9445521.000.000) 03/24 01:12:01 Image size of job updated: 110065020
	33825  -  MemoryUsage of job (MB)
	34635968  -  ResidentSetSize of job (KB)
...
006 (9445521.000.000) 03/24 01:17:01 Image size of job updated: 110103912
	33825  -  MemoryUsage of job (MB)
	34635968  -  ResidentSetSize of job (KB)
...
006 (9445521.000.000) 03/24 01:22:02 Image size of job updated: 110142804
	33825  -  MemoryUsage of job (MB)
	34635968  -  ResidentSetSize of job (KB)
...
006 (9445521.000.000) 03/24 01:27:02 Image size of job updated: 110179892
	33825  -  MemoryUsage of job (MB)
	34635968  -  ResidentSetSize of job (KB)
...
006 (9445521.000.000) 03/24 01:32:02 Image size of job updated: 110219680
	33825  -  MemoryUsage of job (MB)
	34635968  -  ResidentSetSize of job (KB)
...
006 (9445521.000.000) 03/24 01:37:03 Image size of job updated: 110258572
	33825  -  MemoryUsage of job (MB)
	34635968  -  ResidentSetSize of job (KB)
...
006 (9445521.000.000) 03/24 01:42:04 Image size of job updated: 110298372
	33825  -  MemoryUsage of job (MB)
	34635968  -  ResidentSetSize of job (KB)
...
006 (9445521.000.000) 03/24 01:47:04 Image size of job updated: 110337276
	33825  -  MemoryUsage of job (MB)
	34635968  -  ResidentSetSize of job (KB)
...
006 (9445521.000.000) 03/24 01:52:04 Image size of job updated: 110376416
	33825  -  MemoryUsage of job (MB)
	34635968  -  ResidentSetSize of job (KB)
...
006 (9445521.000.000) 03/24 01:57:05 Image size of job updated: 110412836
	33825  -  MemoryUsage of job (MB)
	34635968  -  ResidentSetSize of job (KB)
...
006 (9445521.000.000) 03/24 02:02:05 Image size of job updated: 110449860
	33825  -  MemoryUsage of job (MB)
	34635968  -  ResidentSetSize of job (KB)
...
006 (9445521.000.000) 03/24 02:07:05 Image size of job updated: 110486748
	33825  -  MemoryUsage of job (MB)
	34635968  -  ResidentSetSize of job (KB)
...
006 (9445521.000.000) 03/24 02:12:06 Image size of job updated: 110524724
	33825  -  MemoryUsage of job (MB)
	34635968  -  ResidentSetSize of job (KB)
...
006 (9445521.000.000) 03/24 02:17:07 Image size of job updated: 110563620
	33825  -  MemoryUsage of job (MB)
	34635968  -  ResidentSetSize of job (KB)
...
006 (9445521.000.000) 03/24 02:22:07 Image size of job updated: 110599800
	33825  -  MemoryUsage of job (MB)
	34635968  -  ResidentSetSize of job (KB)
...
006 (9445521.000.000) 03/24 02:27:08 Image size of job updated: 110636880
	33825  -  MemoryUsage of job (MB)
	34635968  -  ResidentSetSize of job (KB)
...
006 (9445521.000.000) 03/24 02:32:09 Image size of job updated: 110672168
	33825  -  MemoryUsage of job (MB)
	34635968  -  ResidentSetSize of job (KB)
...
006 (9445521.000.000) 03/24 02:37:09 Image size of job updated: 110709616
	33825  -  MemoryUsage of job (MB)
	34635968  -  ResidentSetSize of job (KB)
...
006 (9445521.000.000) 03/24 02:42:10 Image size of job updated: 110747612
	33825  -  MemoryUsage of job (MB)
	34635968  -  ResidentSetSize of job (KB)
...
006 (9445521.000.000) 03/24 02:47:11 Image size of job updated: 110784700
	33825  -  MemoryUsage of job (MB)
	34635968  -  ResidentSetSize of job (KB)
...
006 (9445521.000.000) 03/24 02:52:11 Image size of job updated: 110824508
	33825  -  MemoryUsage of job (MB)
	34635968  -  ResidentSetSize of job (KB)
...
006 (9445521.000.000) 03/24 02:57:11 Image size of job updated: 110862496
	33825  -  MemoryUsage of job (MB)
	34635968  -  ResidentSetSize of job (KB)
...
006 (9445521.000.000) 03/24 03:02:13 Image size of job updated: 110898404
	33825  -  MemoryUsage of job (MB)
	34635968  -  ResidentSetSize of job (KB)
...
006 (9445521.000.000) 03/24 03:07:13 Image size of job updated: 110936020
	33825  -  MemoryUsage of job (MB)
	34635968  -  ResidentSetSize of job (KB)
...
006 (9445521.000.000) 03/24 03:12:13 Image size of job updated: 110970392
	33825  -  MemoryUsage of job (MB)
	34635968  -  ResidentSetSize of job (KB)
...
006 (9445521.000.000) 03/24 03:17:14 Image size of job updated: 111004760
	33825  -  MemoryUsage of job (MB)
	34635968  -  ResidentSetSize of job (KB)
...
006 (9445521.000.000) 03/24 03:22:15 Image size of job updated: 111039132
	33825  -  MemoryUsage of job (MB)
	34635968  -  ResidentSetSize of job (KB)
...
006 (9445521.000.000) 03/24 03:27:15 Image size of job updated: 111073496
	33825  -  MemoryUsage of job (MB)
	34635968  -  ResidentSetSize of job (KB)
...
006 (9445521.000.000) 03/24 03:32:15 Image size of job updated: 111108776
	33825  -  MemoryUsage of job (MB)
	34635968  -  ResidentSetSize of job (KB)
...
006 (9445521.000.000) 03/24 03:37:16 Image size of job updated: 111145752
	33825  -  MemoryUsage of job (MB)
	34635968  -  ResidentSetSize of job (KB)
...
006 (9445521.000.000) 03/24 03:42:16 Image size of job updated: 111185556
	33825  -  MemoryUsage of job (MB)
	34635968  -  ResidentSetSize of job (KB)
...
006 (9445521.000.000) 03/24 03:47:16 Image size of job updated: 111223356
	33825  -  MemoryUsage of job (MB)
	34635968  -  ResidentSetSize of job (KB)
...
006 (9445521.000.000) 03/24 03:52:17 Image size of job updated: 111262680
	33825  -  MemoryUsage of job (MB)
	34635968  -  ResidentSetSize of job (KB)
...
006 (9445521.000.000) 03/24 03:57:17 Image size of job updated: 111301572
	33825  -  MemoryUsage of job (MB)
	34635968  -  ResidentSetSize of job (KB)
...
006 (9445521.000.000) 03/24 04:02:17 Image size of job updated: 111342276
	33825  -  MemoryUsage of job (MB)
	34635968  -  ResidentSetSize of job (KB)
...
006 (9445521.000.000) 03/24 04:07:18 Image size of job updated: 111380984
	33825  -  MemoryUsage of job (MB)
	34635968  -  ResidentSetSize of job (KB)
...
006 (9445521.000.000) 03/24 04:12:19 Image size of job updated: 111419536
	33825  -  MemoryUsage of job (MB)
	34635968  -  ResidentSetSize of job (KB)
...
006 (9445521.000.000) 03/24 04:17:19 Image size of job updated: 111458544
	33825  -  MemoryUsage of job (MB)
	34635968  -  ResidentSetSize of job (KB)
...
006 (9445521.000.000) 03/24 04:22:19 Image size of job updated: 111497444
	33825  -  MemoryUsage of job (MB)
	34635968  -  ResidentSetSize of job (KB)
...
006 (9445521.000.000) 03/24 04:27:20 Image size of job updated: 111535428
	33825  -  MemoryUsage of job (MB)
	34635968  -  ResidentSetSize of job (KB)
...
006 (9445521.000.000) 03/24 04:32:21 Image size of job updated: 111572516
	33825  -  MemoryUsage of job (MB)
	34635968  -  ResidentSetSize of job (KB)
...
006 (9445521.000.000) 03/24 04:37:21 Image size of job updated: 111610516
	33825  -  MemoryUsage of job (MB)
	34635968  -  ResidentSetSize of job (KB)
...
006 (9445521.000.000) 03/24 04:42:21 Image size of job updated: 111646692
	33825  -  MemoryUsage of job (MB)
	34635968  -  ResidentSetSize of job (KB)
...
006 (9445521.000.000) 03/24 04:47:22 Image size of job updated: 111683780
	33825  -  MemoryUsage of job (MB)
	34635968  -  ResidentSetSize of job (KB)
...
006 (9445521.000.000) 03/24 04:52:22 Image size of job updated: 111719064
	33825  -  MemoryUsage of job (MB)
	34635968  -  ResidentSetSize of job (KB)
...
006 (9445521.000.000) 03/24 04:57:22 Image size of job updated: 111756148
	33825  -  MemoryUsage of job (MB)
	34635968  -  ResidentSetSize of job (KB)
...
006 (9445521.000.000) 03/24 05:02:23 Image size of job updated: 111793284
	33825  -  MemoryUsage of job (MB)
	34635968  -  ResidentSetSize of job (KB)
...
006 (9445521.000.000) 03/24 05:07:24 Image size of job updated: 111830376
	33825  -  MemoryUsage of job (MB)
	34635968  -  ResidentSetSize of job (KB)
...
006 (9445521.000.000) 03/24 05:12:24 Image size of job updated: 111868092
	33825  -  MemoryUsage of job (MB)
	34635968  -  ResidentSetSize of job (KB)
...
006 (9445521.000.000) 03/24 05:17:24 Image size of job updated: 111908656
	33825  -  MemoryUsage of job (MB)
	34635968  -  ResidentSetSize of job (KB)
...
006 (9445521.000.000) 03/24 05:22:25 Image size of job updated: 111949228
	33825  -  MemoryUsage of job (MB)
	34635968  -  ResidentSetSize of job (KB)
...
006 (9445521.000.000) 03/24 05:27:25 Image size of job updated: 111989776
	33825  -  MemoryUsage of job (MB)
	34635968  -  ResidentSetSize of job (KB)
...
006 (9445521.000.000) 03/24 05:32:25 Image size of job updated: 112032408
	33825  -  MemoryUsage of job (MB)
	34635968  -  ResidentSetSize of job (KB)
...
006 (9445521.000.000) 03/24 05:37:26 Image size of job updated: 112076100
	33825  -  MemoryUsage of job (MB)
	34635968  -  ResidentSetSize of job (KB)
...
006 (9445521.000.000) 03/24 05:42:27 Image size of job updated: 112122896
	33825  -  MemoryUsage of job (MB)
	34635968  -  ResidentSetSize of job (KB)
...
006 (9445521.000.000) 03/24 05:47:27 Image size of job updated: 112164644
	33825  -  MemoryUsage of job (MB)
	34635968  -  ResidentSetSize of job (KB)
...
006 (9445521.000.000) 03/24 05:52:28 Image size of job updated: 112203208
	33825  -  MemoryUsage of job (MB)
	34635968  -  ResidentSetSize of job (KB)
...
006 (9445521.000.000) 03/24 05:57:29 Image size of job updated: 112245856
	33825  -  MemoryUsage of job (MB)
	34635968  -  ResidentSetSize of job (KB)
...
006 (9445521.000.000) 03/24 06:02:29 Image size of job updated: 112286436
	33825  -  MemoryUsage of job (MB)
	34635968  -  ResidentSetSize of job (KB)
...
006 (9445521.000.000) 03/24 06:07:29 Image size of job updated: 112327004
	33825  -  MemoryUsage of job (MB)
	34635968  -  ResidentSetSize of job (KB)
...
006 (9445521.000.000) 03/24 06:12:30 Image size of job updated: 112367560
	33825  -  MemoryUsage of job (MB)
	34635968  -  ResidentSetSize of job (KB)
...
006 (9445521.000.000) 03/24 06:17:31 Image size of job updated: 112408468
	33825  -  MemoryUsage of job (MB)
	34635968  -  ResidentSetSize of job (KB)
...
006 (9445521.000.000) 03/24 06:22:31 Image size of job updated: 112449380
	33825  -  MemoryUsage of job (MB)
	34635968  -  ResidentSetSize of job (KB)
...
006 (9445521.000.000) 03/24 06:27:31 Image size of job updated: 112490996
	33825  -  MemoryUsage of job (MB)
	34635968  -  ResidentSetSize of job (KB)
...
006 (9445521.000.000) 03/24 06:32:32 Image size of job updated: 112533628
	33825  -  MemoryUsage of job (MB)
	34635968  -  ResidentSetSize of job (KB)
...
006 (9445521.000.000) 03/24 06:37:33 Image size of job updated: 112578380
	33825  -  MemoryUsage of job (MB)
	34635968  -  ResidentSetSize of job (KB)
...
006 (9445521.000.000) 03/24 06:42:33 Image size of job updated: 112622048
	33825  -  MemoryUsage of job (MB)
	34635968  -  ResidentSetSize of job (KB)
...
006 (9445521.000.000) 03/24 06:47:34 Image size of job updated: 112661572
	33825  -  MemoryUsage of job (MB)
	34635968  -  ResidentSetSize of job (KB)
...
006 (9445521.000.000) 03/24 06:52:35 Image size of job updated: 112705252
	33825  -  MemoryUsage of job (MB)
	34635968  -  ResidentSetSize of job (KB)
...
006 (9445521.000.000) 03/24 06:57:35 Image size of job updated: 112746976
	33825  -  MemoryUsage of job (MB)
	34635968  -  ResidentSetSize of job (KB)
...
006 (9445521.000.000) 03/24 07:02:35 Image size of job updated: 112790660
	33825  -  MemoryUsage of job (MB)
	34635968  -  ResidentSetSize of job (KB)
...
006 (9445521.000.000) 03/24 07:07:36 Image size of job updated: 112834344
	33825  -  MemoryUsage of job (MB)
	34635968  -  ResidentSetSize of job (KB)
...
006 (9445521.000.000) 03/24 07:12:37 Image size of job updated: 112878036
	33825  -  MemoryUsage of job (MB)
	34635968  -  ResidentSetSize of job (KB)
...
006 (9445521.000.000) 03/24 07:17:37 Image size of job updated: 112917564
	33825  -  MemoryUsage of job (MB)
	34635968  -  ResidentSetSize of job (KB)
...
006 (9445521.000.000) 03/24 07:22:37 Image size of job updated: 112956060
	33825  -  MemoryUsage of job (MB)
	34635968  -  ResidentSetSize of job (KB)
...
006 (9445521.000.000) 03/24 07:27:38 Image size of job updated: 112995596
	33825  -  MemoryUsage of job (MB)
	34635968  -  ResidentSetSize of job (KB)
...
006 (9445521.000.000) 03/24 07:32:38 Image size of job updated: 113035120
	33825  -  MemoryUsage of job (MB)
	34635968  -  ResidentSetSize of job (KB)
...
006 (9445521.000.000) 03/24 07:37:38 Image size of job updated: 113075700
	33825  -  MemoryUsage of job (MB)
	34635968  -  ResidentSetSize of job (KB)
...
006 (9445521.000.000) 03/24 07:42:39 Image size of job updated: 113118328
	33825  -  MemoryUsage of job (MB)
	34635968  -  ResidentSetSize of job (KB)
...
006 (9445521.000.000) 03/24 07:47:40 Image size of job updated: 113157816
	33825  -  MemoryUsage of job (MB)
	34635968  -  ResidentSetSize of job (KB)
...
006 (9445521.000.000) 03/24 07:52:40 Image size of job updated: 113197352
	33825  -  MemoryUsage of job (MB)
	34635968  -  ResidentSetSize of job (KB)
...
006 (9445521.000.000) 03/24 07:57:41 Image size of job updated: 113236856
	33825  -  MemoryUsage of job (MB)
	34635968  -  ResidentSetSize of job (KB)
...
006 (9445521.000.000) 03/24 08:02:42 Image size of job updated: 113275416
	33825  -  MemoryUsage of job (MB)
	34635968  -  ResidentSetSize of job (KB)
...
006 (9445521.000.000) 03/24 08:07:42 Image size of job updated: 113315900
	33825  -  MemoryUsage of job (MB)
	34635968  -  ResidentSetSize of job (KB)
...
006 (9445521.000.000) 03/24 08:12:42 Image size of job updated: 113356004
	33825  -  MemoryUsage of job (MB)
	34635968  -  ResidentSetSize of job (KB)
...
006 (9445521.000.000) 03/24 08:17:43 Image size of job updated: 113396560
	33825  -  MemoryUsage of job (MB)
	34635968  -  ResidentSetSize of job (KB)
...
006 (9445521.000.000) 03/24 08:22:43 Image size of job updated: 113437048
	33825  -  MemoryUsage of job (MB)
	34635968  -  ResidentSetSize of job (KB)
...
006 (9445521.000.000) 03/24 08:27:43 Image size of job updated: 113477616
	33825  -  MemoryUsage of job (MB)
	34635968  -  ResidentSetSize of job (KB)
...
006 (9445521.000.000) 03/24 08:32:44 Image size of job updated: 113518180
	33825  -  MemoryUsage of job (MB)
	34635968  -  ResidentSetSize of job (KB)
...
006 (9445521.000.000) 03/24 08:37:45 Image size of job updated: 113558740
	33825  -  MemoryUsage of job (MB)
	34635968  -  ResidentSetSize of job (KB)
...
006 (9445521.000.000) 03/24 08:42:45 Image size of job updated: 113596188
	33825  -  MemoryUsage of job (MB)
	34635968  -  ResidentSetSize of job (KB)
...
006 (9445521.000.000) 03/24 08:47:45 Image size of job updated: 113636760
	33825  -  MemoryUsage of job (MB)
	34635968  -  ResidentSetSize of job (KB)
...
006 (9445521.000.000) 03/24 08:52:46 Image size of job updated: 113676280
	33825  -  MemoryUsage of job (MB)
	34635968  -  ResidentSetSize of job (KB)
...
006 (9445521.000.000) 03/24 08:57:46 Image size of job updated: 113715384
	33825  -  MemoryUsage of job (MB)
	34635968  -  ResidentSetSize of job (KB)
...
006 (9445521.000.000) 03/24 09:02:46 Image size of job updated: 113757000
	33825  -  MemoryUsage of job (MB)
	34635968  -  ResidentSetSize of job (KB)
...
006 (9445521.000.000) 03/24 09:07:47 Image size of job updated: 113796524
	33825  -  MemoryUsage of job (MB)
	34635968  -  ResidentSetSize of job (KB)
...
006 (9445521.000.000) 03/24 09:12:48 Image size of job updated: 113834496
	33825  -  MemoryUsage of job (MB)
	34635968  -  ResidentSetSize of job (KB)
...
006 (9445521.000.000) 03/24 09:17:48 Image size of job updated: 113875060
	33825  -  MemoryUsage of job (MB)
	34635968  -  ResidentSetSize of job (KB)
...
006 (9445521.000.000) 03/24 09:22:48 Image size of job updated: 113915820
	33825  -  MemoryUsage of job (MB)
	34635968  -  ResidentSetSize of job (KB)
...
006 (9445521.000.000) 03/24 09:27:50 Image size of job updated: 113956376
	33825  -  MemoryUsage of job (MB)
	34635968  -  ResidentSetSize of job (KB)
...
006 (9445521.000.000) 03/24 09:32:50 Image size of job updated: 113997976
	33825  -  MemoryUsage of job (MB)
	34635968  -  ResidentSetSize of job (KB)
...
006 (9445521.000.000) 03/24 09:37:50 Image size of job updated: 114036468
	33825  -  MemoryUsage of job (MB)
	34635968  -  ResidentSetSize of job (KB)
...
006 (9445521.000.000) 03/24 09:42:51 Image size of job updated: 114075968
	33825  -  MemoryUsage of job (MB)
	34635968  -  ResidentSetSize of job (KB)
...
006 (9445521.000.000) 03/24 09:47:52 Image size of job updated: 114115508
	33825  -  MemoryUsage of job (MB)
	34635968  -  ResidentSetSize of job (KB)
...
006 (9445521.000.000) 03/24 09:52:52 Image size of job updated: 114152800
	33825  -  MemoryUsage of job (MB)
	34635968  -  ResidentSetSize of job (KB)
...
006 (9445521.000.000) 03/24 09:57:53 Image size of job updated: 114192324
	33825  -  MemoryUsage of job (MB)
	34635968  -  ResidentSetSize of job (KB)
...
006 (9445521.000.000) 03/24 10:02:54 Image size of job updated: 114232880
	33825  -  MemoryUsage of job (MB)
	34635968  -  ResidentSetSize of job (KB)
...
006 (9445521.000.000) 03/24 10:07:54 Image size of job updated: 114272404
	33825  -  MemoryUsage of job (MB)
	34635968  -  ResidentSetSize of job (KB)
...
006 (9445521.000.000) 03/24 10:12:54 Image size of job updated: 114315052
	33825  -  MemoryUsage of job (MB)
	34635968  -  ResidentSetSize of job (KB)
...
006 (9445521.000.000) 03/24 10:17:56 Image size of job updated: 114355588
	33825  -  MemoryUsage of job (MB)
	34635968  -  ResidentSetSize of job (KB)
...
006 (9445521.000.000) 03/24 10:22:56 Image size of job updated: 114397188
	33825  -  MemoryUsage of job (MB)
	34635968  -  ResidentSetSize of job (KB)
...
006 (9445521.000.000) 03/24 10:27:56 Image size of job updated: 114439828
	33825  -  MemoryUsage of job (MB)
	34635968  -  ResidentSetSize of job (KB)
...
006 (9445521.000.000) 03/24 10:32:57 Image size of job updated: 114480392
	33825  -  MemoryUsage of job (MB)
	34635968  -  ResidentSetSize of job (KB)
...
006 (9445521.000.000) 03/24 10:37:58 Image size of job updated: 114520416
	33825  -  MemoryUsage of job (MB)
	34635968  -  ResidentSetSize of job (KB)
...
006 (9445521.000.000) 03/24 10:42:58 Image size of job updated: 114559944
	33825  -  MemoryUsage of job (MB)
	34635968  -  ResidentSetSize of job (KB)
...
006 (9445521.000.000) 03/24 10:47:58 Image size of job updated: 114600492
	33825  -  MemoryUsage of job (MB)
	34635968  -  ResidentSetSize of job (KB)
...
006 (9445521.000.000) 03/24 10:52:59 Image size of job updated: 114641052
	33825  -  MemoryUsage of job (MB)
	34635968  -  ResidentSetSize of job (KB)
...
006 (9445521.000.000) 03/24 10:58:00 Image size of job updated: 114681612
	33825  -  MemoryUsage of job (MB)
	34635968  -  ResidentSetSize of job (KB)
...
006 (9445521.000.000) 03/24 11:03:00 Image size of job updated: 114725292
	33825  -  MemoryUsage of job (MB)
	34635968  -  ResidentSetSize of job (KB)
...
006 (9445521.000.000) 03/24 11:08:01 Image size of job updated: 114766904
	33825  -  MemoryUsage of job (MB)
	34635968  -  ResidentSetSize of job (KB)
...
006 (9445521.000.000) 03/24 11:13:02 Image size of job updated: 114808080
	33825  -  MemoryUsage of job (MB)
	34635968  -  ResidentSetSize of job (KB)
...
006 (9445521.000.000) 03/24 11:18:02 Image size of job updated: 114850260
	33825  -  MemoryUsage of job (MB)
	34635968  -  ResidentSetSize of job (KB)
...
006 (9445521.000.000) 03/24 11:23:02 Image size of job updated: 114890992
	33825  -  MemoryUsage of job (MB)
	34635968  -  ResidentSetSize of job (KB)
...
006 (9445521.000.000) 03/24 11:28:03 Image size of job updated: 114930588
	33825  -  MemoryUsage of job (MB)
	34635968  -  ResidentSetSize of job (KB)
...
006 (9445521.000.000) 03/24 11:33:04 Image size of job updated: 114971152
	33825  -  MemoryUsage of job (MB)
	34635968  -  ResidentSetSize of job (KB)
...
006 (9445521.000.000) 03/24 11:38:04 Image size of job updated: 115011732
	33825  -  MemoryUsage of job (MB)
	34635968  -  ResidentSetSize of job (KB)
...
006 (9445521.000.000) 03/24 11:43:05 Image size of job updated: 115052284
	33825  -  MemoryUsage of job (MB)
	34635968  -  ResidentSetSize of job (KB)
...
006 (9445521.000.000) 03/24 11:48:06 Image size of job updated: 115092852
	33825  -  MemoryUsage of job (MB)
	34635968  -  ResidentSetSize of job (KB)
...
006 (9445521.000.000) 03/24 11:53:06 Image size of job updated: 115131356
	33825  -  MemoryUsage of job (MB)
	34635968  -  ResidentSetSize of job (KB)
...
006 (9445521.000.000) 03/24 11:58:06 Image size of job updated: 115171924
	33825  -  MemoryUsage of job (MB)
	34635968  -  ResidentSetSize of job (KB)
...
006 (9445521.000.000) 03/24 12:03:08 Image size of job updated: 115212488
	33825  -  MemoryUsage of job (MB)
	34635968  -  ResidentSetSize of job (KB)
...
006 (9445521.000.000) 03/24 12:08:08 Image size of job updated: 115252844
	33825  -  MemoryUsage of job (MB)
	34635968  -  ResidentSetSize of job (KB)
...
006 (9445521.000.000) 03/24 12:13:08 Image size of job updated: 115292372
	33825  -  MemoryUsage of job (MB)
	34635968  -  ResidentSetSize of job (KB)
...
006 (9445521.000.000) 03/24 12:18:09 Image size of job updated: 115333980
	33825  -  MemoryUsage of job (MB)
	34635968  -  ResidentSetSize of job (KB)
...
006 (9445521.000.000) 03/24 12:23:10 Image size of job updated: 115375348
	33825  -  MemoryUsage of job (MB)
	34635968  -  ResidentSetSize of job (KB)
...
006 (9445521.000.000) 03/24 12:28:10 Image size of job updated: 115414876
	33825  -  MemoryUsage of job (MB)
	34635968  -  ResidentSetSize of job (KB)
...
006 (9445521.000.000) 03/24 12:33:10 Image size of job updated: 115455448
	33825  -  MemoryUsage of job (MB)
	34635968  -  ResidentSetSize of job (KB)
...
006 (9445521.000.000) 03/24 12:38:11 Image size of job updated: 115492888
	33825  -  MemoryUsage of job (MB)
	34635968  -  ResidentSetSize of job (KB)
...
006 (9445521.000.000) 03/24 12:43:11 Image size of job updated: 115533524
	33825  -  MemoryUsage of job (MB)
	34635968  -  ResidentSetSize of job (KB)
...
006 (9445521.000.000) 03/24 12:48:11 Image size of job updated: 115573056
	33825  -  MemoryUsage of job (MB)
	34635968  -  ResidentSetSize of job (KB)
...
006 (9445521.000.000) 03/24 12:53:12 Image size of job updated: 115612572
	33825  -  MemoryUsage of job (MB)
	34635968  -  ResidentSetSize of job (KB)
...
006 (9445521.000.000) 03/24 12:58:12 Image size of job updated: 115652100
	33825  -  MemoryUsage of job (MB)
	34635968  -  ResidentSetSize of job (KB)
...
006 (9445521.000.000) 03/24 13:03:12 Image size of job updated: 115691624
	33825  -  MemoryUsage of job (MB)
	34635968  -  ResidentSetSize of job (KB)
...
