000 (9642993.000.000) 04/17 11:03:53 Job submitted from host: <137.138.156.150:9618?addrs=137.138.156.150-9618+[2001-1458-d00-14--9a]-9618&alias=bigbird13.cern.ch&noUDP&sock=schedd_2138_1192>
...
040 (9642993.000.000) 04/18 01:15:56 Started transferring input files
	Transferring to host: <128.142.56.37:9618?addrs=128.142.56.37-9618&alias=b7s01p8945.cern.ch&noUDP&sock=slot1_15_7436_15a7_103628>
...
040 (9642993.000.000) 04/18 01:15:56 Finished transferring input files
...
001 (9642993.000.000) 04/18 01:15:57 Job executing on host: <128.142.56.37:9618?addrs=128.142.56.37-9618&alias=b7s01p8945.cern.ch&noUDP&sock=startd_7371_78ac>
...
006 (9642993.000.000) 04/18 01:16:06 Image size of job updated: 278184
	5  -  MemoryUsage of job (MB)
	4356  -  ResidentSetSize of job (KB)
...
006 (9642993.000.000) 04/18 01:21:07 Image size of job updated: 536532
	53  -  MemoryUsage of job (MB)
	53832  -  ResidentSetSize of job (KB)
...
006 (9642993.000.000) 04/18 01:26:07 Image size of job updated: 1523280
	83  -  MemoryUsage of job (MB)
	84480  -  ResidentSetSize of job (KB)
...
006 (9642993.000.000) 04/18 01:31:07 Image size of job updated: 1527920
	91  -  MemoryUsage of job (MB)
	92488  -  ResidentSetSize of job (KB)
...
006 (9642993.000.000) 04/18 01:36:08 Image size of job updated: 1560180
	118  -  MemoryUsage of job (MB)
	120760  -  ResidentSetSize of job (KB)
...
006 (9642993.000.000) 04/18 01:41:09 Image size of job updated: 1634100
	169  -  MemoryUsage of job (MB)
	172564  -  ResidentSetSize of job (KB)
...
006 (9642993.000.000) 04/18 01:46:09 Image size of job updated: 1684900
	192  -  MemoryUsage of job (MB)
	196412  -  ResidentSetSize of job (KB)
...
006 (9642993.000.000) 04/18 01:51:10 Image size of job updated: 1744780
	220  -  MemoryUsage of job (MB)
	224968  -  ResidentSetSize of job (KB)
...
006 (9642993.000.000) 04/18 01:56:11 Image size of job updated: 17044816
	2044  -  MemoryUsage of job (MB)
	2092580  -  ResidentSetSize of job (KB)
...
006 (9642993.000.000) 04/18 02:01:11 Image size of job updated: 21780772
	2227  -  MemoryUsage of job (MB)
	2279696  -  ResidentSetSize of job (KB)
...
006 (9642993.000.000) 04/18 02:06:11 Image size of job updated: 21780772
	2233  -  MemoryUsage of job (MB)
	2286272  -  ResidentSetSize of job (KB)
...
006 (9642993.000.000) 04/18 02:11:12 Image size of job updated: 21780772
	2255  -  MemoryUsage of job (MB)
	2308616  -  ResidentSetSize of job (KB)
...
006 (9642993.000.000) 04/18 02:16:12 Image size of job updated: 21780772
	2276  -  MemoryUsage of job (MB)
	2330408  -  ResidentSetSize of job (KB)
...
006 (9642993.000.000) 04/18 02:21:12 Image size of job updated: 21780772
	2277  -  MemoryUsage of job (MB)
	2330864  -  ResidentSetSize of job (KB)
...
006 (9642993.000.000) 04/18 02:26:13 Image size of job updated: 21780772
	2298  -  MemoryUsage of job (MB)
	2352724  -  ResidentSetSize of job (KB)
...
006 (9642993.000.000) 04/18 02:31:14 Image size of job updated: 21780772
	2298  -  MemoryUsage of job (MB)
	2353040  -  ResidentSetSize of job (KB)
...
006 (9642993.000.000) 04/18 02:36:14 Image size of job updated: 21780772
	2299  -  MemoryUsage of job (MB)
	2353404  -  ResidentSetSize of job (KB)
...
006 (9642993.000.000) 04/18 02:41:14 Image size of job updated: 21780772
	2319  -  MemoryUsage of job (MB)
	2374640  -  ResidentSetSize of job (KB)
...
006 (9642993.000.000) 04/18 02:51:16 Image size of job updated: 21780772
	2341  -  MemoryUsage of job (MB)
	2397040  -  ResidentSetSize of job (KB)
...
006 (9642993.000.000) 04/18 02:56:16 Image size of job updated: 21780772
	2362  -  MemoryUsage of job (MB)
	2418240  -  ResidentSetSize of job (KB)
...
006 (9642993.000.000) 04/18 03:01:17 Image size of job updated: 21780772
	2362  -  MemoryUsage of job (MB)
	2418560  -  ResidentSetSize of job (KB)
...
006 (9642993.000.000) 04/18 03:06:18 Image size of job updated: 21780772
	2384  -  MemoryUsage of job (MB)
	2440344  -  ResidentSetSize of job (KB)
...
006 (9642993.000.000) 04/18 03:11:18 Image size of job updated: 21780772
	2405  -  MemoryUsage of job (MB)
	2461836  -  ResidentSetSize of job (KB)
...
006 (9642993.000.000) 04/18 03:16:19 Image size of job updated: 21780772
	2405  -  MemoryUsage of job (MB)
	2461976  -  ResidentSetSize of job (KB)
...
006 (9642993.000.000) 04/18 03:21:20 Image size of job updated: 21780772
	2427  -  MemoryUsage of job (MB)
	2484228  -  ResidentSetSize of job (KB)
...
006 (9642993.000.000) 04/18 03:26:20 Image size of job updated: 21780772
	2427  -  MemoryUsage of job (MB)
	2484320  -  ResidentSetSize of job (KB)
...
006 (9642993.000.000) 04/18 03:31:20 Image size of job updated: 21780772
	2448  -  MemoryUsage of job (MB)
	2505900  -  ResidentSetSize of job (KB)
...
006 (9642993.000.000) 04/18 03:36:21 Image size of job updated: 21780772
	2448  -  MemoryUsage of job (MB)
	2505932  -  ResidentSetSize of job (KB)
...
006 (9642993.000.000) 04/18 03:41:21 Image size of job updated: 21780772
	2471  -  MemoryUsage of job (MB)
	2530044  -  ResidentSetSize of job (KB)
...
006 (9642993.000.000) 04/18 03:46:21 Image size of job updated: 21780772
	2472  -  MemoryUsage of job (MB)
	2530428  -  ResidentSetSize of job (KB)
...
006 (9642993.000.000) 04/18 03:51:22 Image size of job updated: 21780772
	2473  -  MemoryUsage of job (MB)
	2531372  -  ResidentSetSize of job (KB)
...
006 (9642993.000.000) 04/18 04:01:22 Image size of job updated: 21780772
	2494  -  MemoryUsage of job (MB)
	2552908  -  ResidentSetSize of job (KB)
...
006 (9642993.000.000) 04/18 04:11:24 Image size of job updated: 22082648
	2967  -  MemoryUsage of job (MB)
	3037960  -  ResidentSetSize of job (KB)
...
006 (9642993.000.000) 04/18 04:16:24 Image size of job updated: 22085720
	3042  -  MemoryUsage of job (MB)
	3114700  -  ResidentSetSize of job (KB)
...
006 (9642993.000.000) 04/18 04:21:24 Image size of job updated: 22087768
	3123  -  MemoryUsage of job (MB)
	3197792  -  ResidentSetSize of job (KB)
...
006 (9642993.000.000) 04/18 04:26:25 Image size of job updated: 22087768
	3188  -  MemoryUsage of job (MB)
	3264020  -  ResidentSetSize of job (KB)
...
006 (9642993.000.000) 04/18 04:31:25 Image size of job updated: 22087768
	3234  -  MemoryUsage of job (MB)
	3311256  -  ResidentSetSize of job (KB)
...
040 (9642993.000.000) 04/18 04:33:54 Started transferring output files
...
040 (9642993.000.000) 04/18 04:33:56 Finished transferring output files
...
005 (9642993.000.000) 04/18 04:33:56 Job terminated.
	(1) Normal termination (return value 0)
		Usr 0 03:52:14, Sys 0 00:23:36  -  Run Remote Usage
		Usr 0 00:00:00, Sys 0 00:00:00  -  Run Local Usage
		Usr 0 03:52:14, Sys 0 00:23:36  -  Total Remote Usage
		Usr 0 00:00:00, Sys 0 00:00:00  -  Total Local Usage
	3731441  -  Run Bytes Sent By Job
	194  -  Run Bytes Received By Job
	3731441  -  Total Bytes Sent By Job
	194  -  Total Bytes Received By Job
	Partitionable Resources :    Usage  Request Allocated 
	   Cpus                 :     1.00        1         1 
	   Disk (KB)            :  3664           1   1269503 
	   Memory (MB)          :  3234        2000      2000 

	Job terminated of its own accord at 2024-04-18T02:33:53Z.
...
