000 (9652548.000.000) 04/18 23:56:52 Job submitted from host: <137.138.156.150:9618?addrs=137.138.156.150-9618+[2001-1458-d00-14--9a]-9618&alias=bigbird13.cern.ch&noUDP&sock=schedd_2138_1192>
...
040 (9652548.000.000) 04/18 23:59:20 Started transferring input files
	Transferring to host: <188.184.160.148:9618?addrs=188.184.160.148-9618+[2001-1458-301-48--100-8e]-9618&alias=b9s09p6425.cern.ch&noUDP&sock=slot1_44_112383_bd73_102053>
...
040 (9652548.000.000) 04/18 23:59:20 Finished transferring input files
...
001 (9652548.000.000) 04/18 23:59:21 Job executing on host: <188.184.160.148:9618?addrs=188.184.160.148-9618+[2001-1458-301-48--100-8e]-9618&alias=b9s09p6425.cern.ch&noUDP&sock=startd_112343_883d>
...
006 (9652548.000.000) 04/18 23:59:30 Image size of job updated: 22768
	22  -  MemoryUsage of job (MB)
	22520  -  ResidentSetSize of job (KB)
...
006 (9652548.000.000) 04/19 00:04:31 Image size of job updated: 2490068
	2430  -  MemoryUsage of job (MB)
	2487596  -  ResidentSetSize of job (KB)
...
006 (9652548.000.000) 04/19 00:09:32 Image size of job updated: 6167088
	6021  -  MemoryUsage of job (MB)
	6164900  -  ResidentSetSize of job (KB)
...
006 (9652548.000.000) 04/19 00:14:32 Image size of job updated: 10038740
	9802  -  MemoryUsage of job (MB)
	10037208  -  ResidentSetSize of job (KB)
...
006 (9652548.000.000) 04/19 00:19:32 Image size of job updated: 12018740
	11736  -  MemoryUsage of job (MB)
	12017288  -  ResidentSetSize of job (KB)
...
006 (9652548.000.000) 04/19 00:24:33 Image size of job updated: 14492284
	14152  -  MemoryUsage of job (MB)
	14490712  -  ResidentSetSize of job (KB)
...
006 (9652548.000.000) 04/19 00:29:33 Image size of job updated: 18028228
	17563  -  MemoryUsage of job (MB)
	17983876  -  ResidentSetSize of job (KB)
...
006 (9652548.000.000) 04/19 00:34:33 Image size of job updated: 20713316
	20228  -  MemoryUsage of job (MB)
	20713316  -  ResidentSetSize of job (KB)
...
006 (9652548.000.000) 04/19 00:39:34 Image size of job updated: 22073092
	20845  -  MemoryUsage of job (MB)
	21344780  -  ResidentSetSize of job (KB)
...
006 (9652548.000.000) 04/19 00:44:34 Image size of job updated: 22073092
	21354  -  MemoryUsage of job (MB)
	21866348  -  ResidentSetSize of job (KB)
...
006 (9652548.000.000) 04/19 00:49:34 Image size of job updated: 23911732
	22072  -  MemoryUsage of job (MB)
	22600804  -  ResidentSetSize of job (KB)
...
006 (9652548.000.000) 04/19 00:59:36 Image size of job updated: 23911732
	22733  -  MemoryUsage of job (MB)
	23278284  -  ResidentSetSize of job (KB)
...
006 (9652548.000.000) 04/19 01:04:36 Image size of job updated: 27072732
	26438  -  MemoryUsage of job (MB)
	27072020  -  ResidentSetSize of job (KB)
...
006 (9652548.000.000) 04/19 01:09:37 Image size of job updated: 28521052
	27362  -  MemoryUsage of job (MB)
	28018336  -  ResidentSetSize of job (KB)
...
006 (9652548.000.000) 04/19 01:14:38 Image size of job updated: 30384628
	29672  -  MemoryUsage of job (MB)
	30383936  -  ResidentSetSize of job (KB)
...
006 (9652548.000.000) 04/19 01:19:38 Image size of job updated: 31125948
	30384  -  MemoryUsage of job (MB)
	31112732  -  ResidentSetSize of job (KB)
...
006 (9652548.000.000) 04/19 01:24:38 Image size of job updated: 31589072
	30384  -  MemoryUsage of job (MB)
	31112732  -  ResidentSetSize of job (KB)
...
006 (9652548.000.000) 04/19 01:44:40 Image size of job updated: 31694316
	30951  -  MemoryUsage of job (MB)
	31693248  -  ResidentSetSize of job (KB)
...
006 (9652548.000.000) 04/19 01:49:41 Image size of job updated: 34314316
	33501  -  MemoryUsage of job (MB)
	34304980  -  ResidentSetSize of job (KB)
...
006 (9652548.000.000) 04/19 01:54:41 Image size of job updated: 34415792
	33501  -  MemoryUsage of job (MB)
	34304980  -  ResidentSetSize of job (KB)
...
006 (9652548.000.000) 04/19 01:59:42 Image size of job updated: 36121188
	34410  -  MemoryUsage of job (MB)
	35235744  -  ResidentSetSize of job (KB)
...
006 (9652548.000.000) 04/19 02:04:43 Image size of job updated: 36781484
	35648  -  MemoryUsage of job (MB)
	36502868  -  ResidentSetSize of job (KB)
...
006 (9652548.000.000) 04/19 02:09:43 Image size of job updated: 37788368
	35648  -  MemoryUsage of job (MB)
	36503188  -  ResidentSetSize of job (KB)
...
006 (9652548.000.000) 04/19 02:14:43 Image size of job updated: 37788368
	36185  -  MemoryUsage of job (MB)
	37053052  -  ResidentSetSize of job (KB)
...
006 (9652548.000.000) 04/19 02:19:44 Image size of job updated: 37788368
	36186  -  MemoryUsage of job (MB)
	37053800  -  ResidentSetSize of job (KB)
...
040 (9652548.000.000) 04/19 08:16:30 Started transferring output files
...
040 (9652548.000.000) 04/19 08:16:30 Finished transferring output files
...
005 (9652548.000.000) 04/19 08:16:30 Job terminated.
	(1) Normal termination (return value 0)
		Usr 0 06:27:02, Sys 0 00:38:00  -  Run Remote Usage
		Usr 0 00:00:00, Sys 0 00:00:00  -  Run Local Usage
		Usr 0 06:27:02, Sys 0 00:38:00  -  Total Remote Usage
		Usr 0 00:00:00, Sys 0 00:00:00  -  Total Local Usage
	6236  -  Run Bytes Sent By Job
	202  -  Run Bytes Received By Job
	6236  -  Total Bytes Sent By Job
	202  -  Total Bytes Received By Job
	Partitionable Resources :    Usage  Request Allocated 
	   Cpus                 :     0.99        1         1 
	   Disk (KB)            :    27           1   3057990 
	   Memory (MB)          : 36186        2000      2000 

	Job terminated of its own accord at 2024-04-19T06:16:30Z.
...
