000 (9457109.000.000) 03/26 10:02:29 Job submitted from host: <137.138.156.150:9618?addrs=137.138.156.150-9618+[2001-1458-d00-14--9a]-9618&alias=bigbird13.cern.ch&noUDP&sock=schedd_5144_ef43>
...
040 (9457109.000.000) 03/26 14:06:26 Started transferring input files
	Transferring to host: <128.142.56.146:9618?addrs=128.142.56.146-9618&alias=b7s01p4951.cern.ch&noUDP&sock=slot1_23_7551_1ccc_82147>
...
040 (9457109.000.000) 03/26 14:06:26 Finished transferring input files
...
001 (9457109.000.000) 03/26 14:06:27 Job executing on host: <128.142.56.146:9618?addrs=128.142.56.146-9618&alias=b7s01p4951.cern.ch&noUDP&sock=startd_7503_032c>
...
006 (9457109.000.000) 03/26 14:06:35 Image size of job updated: 610260
	83  -  MemoryUsage of job (MB)
	84428  -  ResidentSetSize of job (KB)
...
006 (9457109.000.000) 03/26 14:11:35 Image size of job updated: 14580588
	11775  -  MemoryUsage of job (MB)
	12056700  -  ResidentSetSize of job (KB)
...
006 (9457109.000.000) 03/26 14:16:36 Image size of job updated: 21501064
	11988  -  MemoryUsage of job (MB)
	12275452  -  ResidentSetSize of job (KB)
...
006 (9457109.000.000) 03/26 14:21:36 Image size of job updated: 21501064
	11996  -  MemoryUsage of job (MB)
	12282984  -  ResidentSetSize of job (KB)
...
006 (9457109.000.000) 03/26 14:26:37 Image size of job updated: 24010880
	14919  -  MemoryUsage of job (MB)
	15276680  -  ResidentSetSize of job (KB)
...
006 (9457109.000.000) 03/26 14:31:38 Image size of job updated: 28168904
	19825  -  MemoryUsage of job (MB)
	20300300  -  ResidentSetSize of job (KB)
...
006 (9457109.000.000) 03/26 14:41:38 Image size of job updated: 33194228
	23732  -  MemoryUsage of job (MB)
	24300572  -  ResidentSetSize of job (KB)
...
006 (9457109.000.000) 03/26 14:46:39 Image size of job updated: 34568340
	27183  -  MemoryUsage of job (MB)
	27834948  -  ResidentSetSize of job (KB)
...
006 (9457109.000.000) 03/26 15:41:44 Image size of job updated: 35747988
	27183  -  MemoryUsage of job (MB)
	27834948  -  ResidentSetSize of job (KB)
...
006 (9457109.000.000) 03/26 15:46:44 Image size of job updated: 36665492
	27183  -  MemoryUsage of job (MB)
	27834948  -  ResidentSetSize of job (KB)
...
006 (9457109.000.000) 03/26 16:11:47 Image size of job updated: 38762644
	27183  -  MemoryUsage of job (MB)
	27834948  -  ResidentSetSize of job (KB)
...
006 (9457109.000.000) 03/26 16:41:50 Image size of job updated: 39669908
	27183  -  MemoryUsage of job (MB)
	27834948  -  ResidentSetSize of job (KB)
...
006 (9457109.000.000) 03/26 16:46:50 Image size of job updated: 40323220
	27183  -  MemoryUsage of job (MB)
	27834948  -  ResidentSetSize of job (KB)
...
006 (9457109.000.000) 03/26 16:51:51 Image size of job updated: 40519828
	27183  -  MemoryUsage of job (MB)
	27834948  -  ResidentSetSize of job (KB)
...
006 (9457109.000.000) 03/26 16:56:52 Image size of job updated: 40778900
	27183  -  MemoryUsage of job (MB)
	27834948  -  ResidentSetSize of job (KB)
...
006 (9457109.000.000) 03/26 17:01:52 Image size of job updated: 40844436
	27183  -  MemoryUsage of job (MB)
	27834948  -  ResidentSetSize of job (KB)
...
006 (9457109.000.000) 03/26 17:51:58 Image size of job updated: 41675924
	27183  -  MemoryUsage of job (MB)
	27834948  -  ResidentSetSize of job (KB)
...
006 (9457109.000.000) 03/26 17:56:58 Image size of job updated: 42847380
	27183  -  MemoryUsage of job (MB)
	27834948  -  ResidentSetSize of job (KB)
...
006 (9457109.000.000) 03/26 18:01:59 Image size of job updated: 42912916
	27183  -  MemoryUsage of job (MB)
	27834948  -  ResidentSetSize of job (KB)
...
006 (9457109.000.000) 03/26 18:32:02 Image size of job updated: 43474068
	27183  -  MemoryUsage of job (MB)
	27834948  -  ResidentSetSize of job (KB)
...
006 (9457109.000.000) 03/26 18:37:03 Image size of job updated: 44516500
	27183  -  MemoryUsage of job (MB)
	27834948  -  ResidentSetSize of job (KB)
...
006 (9457109.000.000) 03/26 18:42:03 Image size of job updated: 44906644
	27183  -  MemoryUsage of job (MB)
	27834948  -  ResidentSetSize of job (KB)
...
006 (9457109.000.000) 03/26 19:37:08 Image size of job updated: 45904020
	27183  -  MemoryUsage of job (MB)
	27834948  -  ResidentSetSize of job (KB)
...
006 (9457109.000.000) 03/26 19:42:09 Image size of job updated: 46852244
	27183  -  MemoryUsage of job (MB)
	27834948  -  ResidentSetSize of job (KB)
...
006 (9457109.000.000) 03/26 19:47:09 Image size of job updated: 46902420
	27183  -  MemoryUsage of job (MB)
	27834948  -  ResidentSetSize of job (KB)
...
006 (9457109.000.000) 03/26 20:17:13 Image size of job updated: 47844500
	27183  -  MemoryUsage of job (MB)
	27834948  -  ResidentSetSize of job (KB)
...
006 (9457109.000.000) 03/26 20:22:13 Image size of job updated: 48820372
	27183  -  MemoryUsage of job (MB)
	27834948  -  ResidentSetSize of job (KB)
...
006 (9457109.000.000) 03/26 20:37:15 Image size of job updated: 50592916
	27183  -  MemoryUsage of job (MB)
	27834948  -  ResidentSetSize of job (KB)
...
006 (9457109.000.000) 03/26 20:42:15 Image size of job updated: 50785428
	27183  -  MemoryUsage of job (MB)
	27834948  -  ResidentSetSize of job (KB)
...
006 (9457109.000.000) 03/26 21:42:21 Image size of job updated: 51534996
	27183  -  MemoryUsage of job (MB)
	27834948  -  ResidentSetSize of job (KB)
...
006 (9457109.000.000) 03/26 21:47:22 Image size of job updated: 52189332
	27183  -  MemoryUsage of job (MB)
	27834948  -  ResidentSetSize of job (KB)
...
006 (9457109.000.000) 03/26 21:52:22 Image size of job updated: 52841620
	27183  -  MemoryUsage of job (MB)
	27834948  -  ResidentSetSize of job (KB)
...
006 (9457109.000.000) 03/26 22:57:28 Image size of job updated: 53046420
	27183  -  MemoryUsage of job (MB)
	27834948  -  ResidentSetSize of job (KB)
...
006 (9457109.000.000) 03/26 23:02:29 Image size of job updated: 53891220
	27183  -  MemoryUsage of job (MB)
	27834948  -  ResidentSetSize of job (KB)
...
006 (9457109.000.000) 03/26 23:07:30 Image size of job updated: 54661268
	27183  -  MemoryUsage of job (MB)
	27834948  -  ResidentSetSize of job (KB)
...
006 (9457109.000.000) 03/26 23:12:30 Image size of job updated: 54724756
	27183  -  MemoryUsage of job (MB)
	27834948  -  ResidentSetSize of job (KB)
...
006 (9457109.000.000) 03/26 23:22:32 Image size of job updated: 55681172
	27183  -  MemoryUsage of job (MB)
	27834948  -  ResidentSetSize of job (KB)
...
006 (9457109.000.000) 03/26 23:27:32 Image size of job updated: 56646804
	27183  -  MemoryUsage of job (MB)
	27834948  -  ResidentSetSize of job (KB)
...
006 (9457109.000.000) 03/26 23:37:34 Image size of job updated: 57553952
	27183  -  MemoryUsage of job (MB)
	27834948  -  ResidentSetSize of job (KB)
...
006 (9457109.000.000) 03/26 23:42:34 Image size of job updated: 58435616
	27183  -  MemoryUsage of job (MB)
	27834948  -  ResidentSetSize of job (KB)
...
006 (9457109.000.000) 03/26 23:47:34 Image size of job updated: 58588516
	27183  -  MemoryUsage of job (MB)
	27834948  -  ResidentSetSize of job (KB)
...
006 (9457109.000.000) 03/26 23:52:35 Image size of job updated: 59077376
	27183  -  MemoryUsage of job (MB)
	27834948  -  ResidentSetSize of job (KB)
...
006 (9457109.000.000) 03/26 23:57:35 Image size of job updated: 59385580
	27183  -  MemoryUsage of job (MB)
	27834948  -  ResidentSetSize of job (KB)
...
006 (9457109.000.000) 03/27 00:07:36 Image size of job updated: 61092236
	27183  -  MemoryUsage of job (MB)
	27834948  -  ResidentSetSize of job (KB)
...
006 (9457109.000.000) 03/27 00:17:38 Image size of job updated: 63030668
	27183  -  MemoryUsage of job (MB)
	27834948  -  ResidentSetSize of job (KB)
...
006 (9457109.000.000) 03/27 00:27:38 Image size of job updated: 66397900
	27183  -  MemoryUsage of job (MB)
	27834948  -  ResidentSetSize of job (KB)
...
006 (9457109.000.000) 03/27 00:52:41 Image size of job updated: 66597768
	27183  -  MemoryUsage of job (MB)
	27834948  -  ResidentSetSize of job (KB)
...
006 (9457109.000.000) 03/27 00:57:41 Image size of job updated: 67007988
	27183  -  MemoryUsage of job (MB)
	27834948  -  ResidentSetSize of job (KB)
...
006 (9457109.000.000) 03/27 01:02:42 Image size of job updated: 67430672
	27183  -  MemoryUsage of job (MB)
	27834948  -  ResidentSetSize of job (KB)
...
006 (9457109.000.000) 03/27 01:07:43 Image size of job updated: 71615632
	27183  -  MemoryUsage of job (MB)
	27834948  -  ResidentSetSize of job (KB)
...
006 (9457109.000.000) 03/27 01:32:45 Image size of job updated: 74191284
	27183  -  MemoryUsage of job (MB)
	27834948  -  ResidentSetSize of job (KB)
...
006 (9457109.000.000) 03/27 02:07:49 Image size of job updated: 79460248
	28664  -  MemoryUsage of job (MB)
	29351028  -  ResidentSetSize of job (KB)
...
006 (9457109.000.000) 03/27 02:42:56 Image size of job updated: 79460248
	30961  -  MemoryUsage of job (MB)
	31703320  -  ResidentSetSize of job (KB)
...
040 (9457109.000.000) 03/27 02:45:38 Started transferring output files
...
040 (9457109.000.000) 03/27 02:45:38 Finished transferring output files
...
005 (9457109.000.000) 03/27 02:45:38 Job terminated.
	(1) Normal termination (return value 137)
		Usr 0 00:43:36, Sys 0 00:31:28  -  Run Remote Usage
		Usr 0 00:00:00, Sys 0 00:00:00  -  Run Local Usage
		Usr 0 00:43:36, Sys 0 00:31:28  -  Total Remote Usage
		Usr 0 00:00:00, Sys 0 00:00:00  -  Total Local Usage
	5868  -  Run Bytes Sent By Job
	198  -  Run Bytes Received By Job
	5868  -  Total Bytes Sent By Job
	198  -  Total Bytes Received By Job
	Partitionable Resources :    Usage  Request Allocated 
	   Cpus                 :     0.14        1         1 
	   Disk (KB)            :    26           1   1241370 
	   Memory (MB)          : 30961        2000      2000 

	Job terminated of its own accord at 2024-03-27T01:43:14Z.
...
