000 (9652532.000.000) 04/18 23:56:42 Job submitted from host: <137.138.156.150:9618?addrs=137.138.156.150-9618+[2001-1458-d00-14--9a]-9618&alias=bigbird13.cern.ch&noUDP&sock=schedd_2138_1192>
...
040 (9652532.000.000) 04/18 23:59:14 Started transferring input files
	Transferring to host: <188.184.162.24:9618?addrs=188.184.162.24-9618+[2001-1458-301-4a--100-12]-9618&alias=b9s11p0650.cern.ch&noUDP&sock=slot1_35_3757268_f44d_1722>
...
040 (9652532.000.000) 04/18 23:59:14 Finished transferring input files
...
001 (9652532.000.000) 04/18 23:59:15 Job executing on host: <188.184.162.24:9618?addrs=188.184.162.24-9618+[2001-1458-301-4a--100-12]-9618&alias=b9s11p0650.cern.ch&noUDP&sock=startd_5234_aac9>
...
006 (9652532.000.000) 04/18 23:59:24 Image size of job updated: 28972
	29  -  MemoryUsage of job (MB)
	28924  -  ResidentSetSize of job (KB)
...
006 (9652532.000.000) 04/19 00:04:25 Image size of job updated: 2639308
	2577  -  MemoryUsage of job (MB)
	2638556  -  ResidentSetSize of job (KB)
...
006 (9652532.000.000) 04/19 00:09:26 Image size of job updated: 6588960
	6433  -  MemoryUsage of job (MB)
	6587256  -  ResidentSetSize of job (KB)
...
006 (9652532.000.000) 04/19 00:14:26 Image size of job updated: 9644792
	9411  -  MemoryUsage of job (MB)
	9636736  -  ResidentSetSize of job (KB)
...
006 (9652532.000.000) 04/19 00:19:27 Image size of job updated: 13635388
	13314  -  MemoryUsage of job (MB)
	13633324  -  ResidentSetSize of job (KB)
...
006 (9652532.000.000) 04/19 00:24:28 Image size of job updated: 17470224
	17052  -  MemoryUsage of job (MB)
	17460980  -  ResidentSetSize of job (KB)
...
006 (9652532.000.000) 04/19 00:29:28 Image size of job updated: 21248860
	20750  -  MemoryUsage of job (MB)
	21247496  -  ResidentSetSize of job (KB)
...
006 (9652532.000.000) 04/19 00:34:28 Image size of job updated: 23843280
	23282  -  MemoryUsage of job (MB)
	23840148  -  ResidentSetSize of job (KB)
...
006 (9652532.000.000) 04/19 00:39:29 Image size of job updated: 27685516
	27023  -  MemoryUsage of job (MB)
	27670612  -  ResidentSetSize of job (KB)
...
006 (9652532.000.000) 04/19 00:44:29 Image size of job updated: 29963048
	29260  -  MemoryUsage of job (MB)
	29961268  -  ResidentSetSize of job (KB)
...
006 (9652532.000.000) 04/19 00:49:29 Image size of job updated: 31088500
	30254  -  MemoryUsage of job (MB)
	30979444  -  ResidentSetSize of job (KB)
...
006 (9652532.000.000) 04/19 00:54:30 Image size of job updated: 31216964
	30254  -  MemoryUsage of job (MB)
	30979444  -  ResidentSetSize of job (KB)
...
006 (9652532.000.000) 04/19 00:59:31 Image size of job updated: 31571316
	30761  -  MemoryUsage of job (MB)
	31498312  -  ResidentSetSize of job (KB)
...
006 (9652532.000.000) 04/19 01:04:31 Image size of job updated: 32045688
	30761  -  MemoryUsage of job (MB)
	31498312  -  ResidentSetSize of job (KB)
...
006 (9652532.000.000) 04/19 01:49:36 Image size of job updated: 32045688
	30865  -  MemoryUsage of job (MB)
	31604840  -  ResidentSetSize of job (KB)
...
006 (9652532.000.000) 04/19 01:54:36 Image size of job updated: 34335404
	33529  -  MemoryUsage of job (MB)
	34333656  -  ResidentSetSize of job (KB)
...
006 (9652532.000.000) 04/19 01:59:36 Image size of job updated: 36212600
	34833  -  MemoryUsage of job (MB)
	35668320  -  ResidentSetSize of job (KB)
...
006 (9652532.000.000) 04/19 02:04:37 Image size of job updated: 36617444
	34883  -  MemoryUsage of job (MB)
	35719440  -  ResidentSetSize of job (KB)
...
006 (9652532.000.000) 04/19 02:09:38 Image size of job updated: 36617444
	35173  -  MemoryUsage of job (MB)
	36016432  -  ResidentSetSize of job (KB)
...
006 (9652532.000.000) 04/19 02:19:39 Image size of job updated: 39033644
	38074  -  MemoryUsage of job (MB)
	38986864  -  ResidentSetSize of job (KB)
...
006 (9652532.000.000) 04/19 02:24:40 Image size of job updated: 41974752
	40990  -  MemoryUsage of job (MB)
	41973308  -  ResidentSetSize of job (KB)
...
006 (9652532.000.000) 04/19 02:29:40 Image size of job updated: 45385548
	44322  -  MemoryUsage of job (MB)
	45385308  -  ResidentSetSize of job (KB)
...
006 (9652532.000.000) 04/19 02:34:40 Image size of job updated: 46872848
	45774  -  MemoryUsage of job (MB)
	46872396  -  ResidentSetSize of job (KB)
...
006 (9652532.000.000) 04/19 02:39:41 Image size of job updated: 46905444
	45774  -  MemoryUsage of job (MB)
	46872396  -  ResidentSetSize of job (KB)
...
006 (9652532.000.000) 04/19 02:44:41 Image size of job updated: 47187936
	45839  -  MemoryUsage of job (MB)
	46939120  -  ResidentSetSize of job (KB)
...
040 (9652532.000.000) 04/19 07:32:36 Started transferring output files
...
040 (9652532.000.000) 04/19 07:32:36 Finished transferring output files
...
005 (9652532.000.000) 04/19 07:32:36 Job terminated.
	(1) Normal termination (return value 0)
		Usr 0 05:51:58, Sys 0 00:33:51  -  Run Remote Usage
		Usr 0 00:00:00, Sys 0 00:00:00  -  Run Local Usage
		Usr 0 05:51:58, Sys 0 00:33:51  -  Total Remote Usage
		Usr 0 00:00:00, Sys 0 00:00:00  -  Total Local Usage
	7222  -  Run Bytes Sent By Job
	204  -  Run Bytes Received By Job
	7222  -  Total Bytes Sent By Job
	204  -  Total Bytes Received By Job
	Partitionable Resources :    Usage  Request Allocated 
	   Cpus                 :     0.99        1         1 
	   Disk (KB)            :    28           1   2880026 
	   Memory (MB)          : 45839        2000      2000 

	Job terminated of its own accord at 2024-04-19T05:32:36Z.
...
