000 (9445125.000.000) 03/22 14:25:52 Job submitted from host: <137.138.156.150:9618?addrs=137.138.156.150-9618+[2001-1458-d00-14--9a]-9618&alias=bigbird13.cern.ch&noUDP&sock=schedd_5144_ef43>
...
040 (9445125.000.000) 03/22 17:31:00 Started transferring input files
	Transferring to host: <128.142.56.140:9618?addrs=128.142.56.140-9618+[2001-1458-301-6--100-8b]-9618&alias=b7s01p7417.cern.ch&noUDP&sock=slot1_2_6956_e194_79481>
...
040 (9445125.000.000) 03/22 17:31:00 Finished transferring input files
...
001 (9445125.000.000) 03/22 17:31:01 Job executing on host: <128.142.56.140:9618?addrs=128.142.56.140-9618+[2001-1458-301-6--100-8b]-9618&alias=b7s01p7417.cern.ch&noUDP&sock=startd_6893_9a67>
...
006 (9445125.000.000) 03/22 17:31:09 Image size of job updated: 422216
	34  -  MemoryUsage of job (MB)
	33796  -  ResidentSetSize of job (KB)
...
006 (9445125.000.000) 03/22 17:36:09 Image size of job updated: 615708
	85  -  MemoryUsage of job (MB)
	86256  -  ResidentSetSize of job (KB)
...
006 (9445125.000.000) 03/22 17:41:10 Image size of job updated: 615864
	85  -  MemoryUsage of job (MB)
	86852  -  ResidentSetSize of job (KB)
...
006 (9445125.000.000) 03/22 17:46:11 Image size of job updated: 615864
	86  -  MemoryUsage of job (MB)
	87144  -  ResidentSetSize of job (KB)
...
006 (9445125.000.000) 03/22 17:51:11 Image size of job updated: 616888
	86  -  MemoryUsage of job (MB)
	87340  -  ResidentSetSize of job (KB)
...
006 (9445125.000.000) 03/22 17:56:12 Image size of job updated: 616888
	86  -  MemoryUsage of job (MB)
	87620  -  ResidentSetSize of job (KB)
...
006 (9445125.000.000) 03/22 18:01:13 Image size of job updated: 4819192
	2132  -  MemoryUsage of job (MB)
	2182996  -  ResidentSetSize of job (KB)
...
006 (9445125.000.000) 03/22 18:06:13 Image size of job updated: 9270620
	6436  -  MemoryUsage of job (MB)
	6590356  -  ResidentSetSize of job (KB)
...
006 (9445125.000.000) 03/22 18:11:13 Image size of job updated: 13795976
	10826  -  MemoryUsage of job (MB)
	11085492  -  ResidentSetSize of job (KB)
...
006 (9445125.000.000) 03/22 18:16:14 Image size of job updated: 17989268
	14880  -  MemoryUsage of job (MB)
	15236356  -  ResidentSetSize of job (KB)
...
006 (9445125.000.000) 03/22 18:21:14 Image size of job updated: 21884936
	18699  -  MemoryUsage of job (MB)
	19147416  -  ResidentSetSize of job (KB)
...
006 (9445125.000.000) 03/22 18:26:14 Image size of job updated: 25418200
	22308  -  MemoryUsage of job (MB)
	22842524  -  ResidentSetSize of job (KB)
...
006 (9445125.000.000) 03/22 18:31:15 Image size of job updated: 29339500
	26121  -  MemoryUsage of job (MB)
	26747204  -  ResidentSetSize of job (KB)
...
006 (9445125.000.000) 03/22 18:36:16 Image size of job updated: 33353828
	30034  -  MemoryUsage of job (MB)
	30754168  -  ResidentSetSize of job (KB)
...
006 (9445125.000.000) 03/22 18:41:16 Image size of job updated: 37214288
	33766  -  MemoryUsage of job (MB)
	34575700  -  ResidentSetSize of job (KB)
...
006 (9445125.000.000) 03/22 18:46:17 Image size of job updated: 41241180
	37441  -  MemoryUsage of job (MB)
	38339480  -  ResidentSetSize of job (KB)
...
006 (9445125.000.000) 03/22 18:51:18 Image size of job updated: 45274956
	37441  -  MemoryUsage of job (MB)
	38339480  -  ResidentSetSize of job (KB)
...
006 (9445125.000.000) 03/22 18:56:18 Image size of job updated: 48945432
	37441  -  MemoryUsage of job (MB)
	38339480  -  ResidentSetSize of job (KB)
...
006 (9445125.000.000) 03/22 19:01:18 Image size of job updated: 50875988
	37441  -  MemoryUsage of job (MB)
	38339480  -  ResidentSetSize of job (KB)
...
006 (9445125.000.000) 03/22 19:06:19 Image size of job updated: 52900684
	37441  -  MemoryUsage of job (MB)
	38339480  -  ResidentSetSize of job (KB)
...
006 (9445125.000.000) 03/22 19:11:19 Image size of job updated: 54469148
	37441  -  MemoryUsage of job (MB)
	38339480  -  ResidentSetSize of job (KB)
...
006 (9445125.000.000) 03/22 19:16:19 Image size of job updated: 55968776
	37441  -  MemoryUsage of job (MB)
	38339480  -  ResidentSetSize of job (KB)
...
006 (9445125.000.000) 03/22 19:21:20 Image size of job updated: 57401112
	37441  -  MemoryUsage of job (MB)
	38339480  -  ResidentSetSize of job (KB)
...
006 (9445125.000.000) 03/22 19:26:21 Image size of job updated: 58885644
	37441  -  MemoryUsage of job (MB)
	38339480  -  ResidentSetSize of job (KB)
...
006 (9445125.000.000) 03/22 19:31:21 Image size of job updated: 60464852
	37441  -  MemoryUsage of job (MB)
	38339480  -  ResidentSetSize of job (KB)
...
006 (9445125.000.000) 03/22 19:36:22 Image size of job updated: 61964396
	37441  -  MemoryUsage of job (MB)
	38339480  -  ResidentSetSize of job (KB)
...
006 (9445125.000.000) 03/22 19:41:23 Image size of job updated: 63376292
	37441  -  MemoryUsage of job (MB)
	38339480  -  ResidentSetSize of job (KB)
...
006 (9445125.000.000) 03/22 19:46:23 Image size of job updated: 64750080
	37441  -  MemoryUsage of job (MB)
	38339480  -  ResidentSetSize of job (KB)
...
006 (9445125.000.000) 03/22 19:51:23 Image size of job updated: 65948500
	37441  -  MemoryUsage of job (MB)
	38339480  -  ResidentSetSize of job (KB)
...
006 (9445125.000.000) 03/22 19:56:24 Image size of job updated: 67425892
	37441  -  MemoryUsage of job (MB)
	38339480  -  ResidentSetSize of job (KB)
...
006 (9445125.000.000) 03/22 20:01:24 Image size of job updated: 68876984
	37441  -  MemoryUsage of job (MB)
	38339480  -  ResidentSetSize of job (KB)
...
006 (9445125.000.000) 03/22 20:06:24 Image size of job updated: 70316640
	37441  -  MemoryUsage of job (MB)
	38339480  -  ResidentSetSize of job (KB)
...
006 (9445125.000.000) 03/22 20:10:14 Image size of job updated: 71503716
	37441  -  MemoryUsage of job (MB)
	38339480  -  ResidentSetSize of job (KB)
...
040 (9445125.000.000) 03/22 20:10:14 Started transferring output files
...
040 (9445125.000.000) 03/22 20:10:14 Finished transferring output files
...
004 (9445125.000.000) 03/22 20:10:14 Job was evicted.
	(0) CPU times
		Usr 0 01:04:40, Sys 0 00:16:20  -  Run Remote Usage
		Usr 0 00:00:00, Sys 0 00:00:00  -  Run Local Usage
	5739723  -  Run Bytes Sent By Job
	200  -  Run Bytes Received By Job
	Partitionable Resources :    Usage  Request Allocated 
	   Cpus                 :     0.30        1         1 
	   Disk (KB)            :  5626           1   1273445 
	   Memory (MB)          : 37441        2000      2000 
...
009 (9445125.000.000) 03/22 20:10:14 Job was aborted.
	via condor_rm (by user tcritchl)
...
