000 (9652539.000.000) 04/18 23:56:46 Job submitted from host: <137.138.156.150:9618?addrs=137.138.156.150-9618+[2001-1458-d00-14--9a]-9618&alias=bigbird13.cern.ch&noUDP&sock=schedd_2138_1192>
...
040 (9652539.000.000) 04/18 23:59:17 Started transferring input files
	Transferring to host: <188.184.163.182:9618?addrs=188.184.163.182-9618+[2001-1458-301-4d--100-b0]-9618&alias=b9s12p1323.cern.ch&noUDP&sock=slot1_22_1121932_56b0_70293>
...
040 (9652539.000.000) 04/18 23:59:17 Finished transferring input files
...
001 (9652539.000.000) 04/18 23:59:18 Job executing on host: <188.184.163.182:9618?addrs=188.184.163.182-9618+[2001-1458-301-4d--100-b0]-9618&alias=b9s12p1323.cern.ch&noUDP&sock=startd_100854_08a7>
...
006 (9652539.000.000) 04/18 23:59:27 Image size of job updated: 25052
	25  -  MemoryUsage of job (MB)
	24816  -  ResidentSetSize of job (KB)
...
006 (9652539.000.000) 04/19 00:04:28 Image size of job updated: 2679160
	2615  -  MemoryUsage of job (MB)
	2676892  -  ResidentSetSize of job (KB)
...
006 (9652539.000.000) 04/19 00:09:28 Image size of job updated: 6670408
	6513  -  MemoryUsage of job (MB)
	6668644  -  ResidentSetSize of job (KB)
...
006 (9652539.000.000) 04/19 00:14:28 Image size of job updated: 10120276
	9884  -  MemoryUsage of job (MB)
	10120276  -  ResidentSetSize of job (KB)
...
006 (9652539.000.000) 04/19 00:19:29 Image size of job updated: 13423832
	13107  -  MemoryUsage of job (MB)
	13421264  -  ResidentSetSize of job (KB)
...
006 (9652539.000.000) 04/19 00:24:29 Image size of job updated: 16861028
	16465  -  MemoryUsage of job (MB)
	16860116  -  ResidentSetSize of job (KB)
...
006 (9652539.000.000) 04/19 00:29:29 Image size of job updated: 19719232
	19257  -  MemoryUsage of job (MB)
	19718444  -  ResidentSetSize of job (KB)
...
006 (9652539.000.000) 04/19 00:34:30 Image size of job updated: 22700076
	22160  -  MemoryUsage of job (MB)
	22691352  -  ResidentSetSize of job (KB)
...
006 (9652539.000.000) 04/19 00:39:31 Image size of job updated: 24131136
	23453  -  MemoryUsage of job (MB)
	24015380  -  ResidentSetSize of job (KB)
...
006 (9652539.000.000) 04/19 00:44:31 Image size of job updated: 24976588
	24220  -  MemoryUsage of job (MB)
	24800268  -  ResidentSetSize of job (KB)
...
006 (9652539.000.000) 04/19 00:49:32 Image size of job updated: 25156168
	24412  -  MemoryUsage of job (MB)
	24997832  -  ResidentSetSize of job (KB)
...
006 (9652539.000.000) 04/19 00:54:33 Image size of job updated: 27869924
	27215  -  MemoryUsage of job (MB)
	27867544  -  ResidentSetSize of job (KB)
...
006 (9652539.000.000) 04/19 00:59:33 Image size of job updated: 29146616
	27997  -  MemoryUsage of job (MB)
	28668256  -  ResidentSetSize of job (KB)
...
006 (9652539.000.000) 04/19 01:04:33 Image size of job updated: 29961472
	27997  -  MemoryUsage of job (MB)
	28668256  -  ResidentSetSize of job (KB)
...
006 (9652539.000.000) 04/19 01:39:36 Image size of job updated: 31826352
	31074  -  MemoryUsage of job (MB)
	31818988  -  ResidentSetSize of job (KB)
...
006 (9652539.000.000) 04/19 01:44:37 Image size of job updated: 35255944
	34413  -  MemoryUsage of job (MB)
	35238400  -  ResidentSetSize of job (KB)
...
006 (9652539.000.000) 04/19 01:49:37 Image size of job updated: 37838628
	36948  -  MemoryUsage of job (MB)
	37834472  -  ResidentSetSize of job (KB)
...
006 (9652539.000.000) 04/19 01:54:37 Image size of job updated: 38830916
	37915  -  MemoryUsage of job (MB)
	38824784  -  ResidentSetSize of job (KB)
...
006 (9652539.000.000) 04/19 01:59:38 Image size of job updated: 42431268
	41434  -  MemoryUsage of job (MB)
	42428080  -  ResidentSetSize of job (KB)
...
006 (9652539.000.000) 04/19 02:04:39 Image size of job updated: 44804488
	43627  -  MemoryUsage of job (MB)
	44673580  -  ResidentSetSize of job (KB)
...
006 (9652539.000.000) 04/19 02:09:39 Image size of job updated: 44866756
	43627  -  MemoryUsage of job (MB)
	44673580  -  ResidentSetSize of job (KB)
...
006 (9652539.000.000) 04/19 02:14:40 Image size of job updated: 45791616
	44669  -  MemoryUsage of job (MB)
	45740696  -  ResidentSetSize of job (KB)
...
006 (9652539.000.000) 04/19 02:19:41 Image size of job updated: 46271548
	44669  -  MemoryUsage of job (MB)
	45740696  -  ResidentSetSize of job (KB)
...
006 (9652539.000.000) 04/19 02:24:41 Image size of job updated: 46488736
	45398  -  MemoryUsage of job (MB)
	46486732  -  ResidentSetSize of job (KB)
...
006 (9652539.000.000) 04/19 02:29:41 Image size of job updated: 48828804
	46984  -  MemoryUsage of job (MB)
	48110900  -  ResidentSetSize of job (KB)
...
006 (9652539.000.000) 04/19 02:39:43 Image size of job updated: 48828804
	47454  -  MemoryUsage of job (MB)
	48592204  -  ResidentSetSize of job (KB)
...
006 (9652539.000.000) 04/19 02:44:43 Image size of job updated: 50200848
	48822  -  MemoryUsage of job (MB)
	49993512  -  ResidentSetSize of job (KB)
...
006 (9652539.000.000) 04/19 02:49:43 Image size of job updated: 50427820
	48822  -  MemoryUsage of job (MB)
	49993512  -  ResidentSetSize of job (KB)
...
006 (9652539.000.000) 04/19 02:59:45 Image size of job updated: 51503832
	48822  -  MemoryUsage of job (MB)
	49993512  -  ResidentSetSize of job (KB)
...
040 (9652539.000.000) 04/19 07:17:28 Started transferring output files
...
040 (9652539.000.000) 04/19 07:17:28 Finished transferring output files
...
005 (9652539.000.000) 04/19 07:17:28 Job terminated.
	(1) Normal termination (return value 0)
		Usr 0 05:28:38, Sys 0 00:32:49  -  Run Remote Usage
		Usr 0 00:00:00, Sys 0 00:00:00  -  Run Local Usage
		Usr 0 05:28:38, Sys 0 00:32:49  -  Total Remote Usage
		Usr 0 00:00:00, Sys 0 00:00:00  -  Total Local Usage
	6690  -  Run Bytes Sent By Job
	204  -  Run Bytes Received By Job
	6690  -  Total Bytes Sent By Job
	204  -  Total Bytes Received By Job
	Partitionable Resources :    Usage  Request Allocated 
	   Cpus                 :     0.98        1         1 
	   Disk (KB)            :    28           1   2898622 
	   Memory (MB)          : 48822        2000      2000 

	Job terminated of its own accord at 2024-04-19T05:17:28Z.
...
