000 (9457146.000.000) 03/26 10:03:22 Job submitted from host: <137.138.156.150:9618?addrs=137.138.156.150-9618+[2001-1458-d00-14--9a]-9618&alias=bigbird13.cern.ch&noUDP&sock=schedd_5144_ef43>
...
040 (9457146.000.000) 03/26 14:06:38 Started transferring input files
	Transferring to host: <128.142.59.77:9618?addrs=128.142.59.77-9618&alias=b7s04p3457.cern.ch&noUDP&sock=slot1_15_7437_ca08_80718>
...
040 (9457146.000.000) 03/26 14:06:38 Finished transferring input files
...
001 (9457146.000.000) 03/26 14:06:39 Job executing on host: <128.142.59.77:9618?addrs=128.142.59.77-9618&alias=b7s04p3457.cern.ch&noUDP&sock=startd_7367_ba4b>
...
006 (9457146.000.000) 03/26 14:06:47 Image size of job updated: 54524
	53  -  MemoryUsage of job (MB)
	53588  -  ResidentSetSize of job (KB)
...
006 (9457146.000.000) 03/26 14:11:47 Image size of job updated: 14172268
	11841  -  MemoryUsage of job (MB)
	12124348  -  ResidentSetSize of job (KB)
...
006 (9457146.000.000) 03/26 14:16:48 Image size of job updated: 21725772
	18676  -  MemoryUsage of job (MB)
	19123940  -  ResidentSetSize of job (KB)
...
006 (9457146.000.000) 03/26 14:21:49 Image size of job updated: 21966096
	19163  -  MemoryUsage of job (MB)
	19621984  -  ResidentSetSize of job (KB)
...
006 (9457146.000.000) 03/26 14:46:51 Image size of job updated: 23895860
	19163  -  MemoryUsage of job (MB)
	19621984  -  ResidentSetSize of job (KB)
...
006 (9457146.000.000) 03/26 15:11:54 Image size of job updated: 24173364
	19163  -  MemoryUsage of job (MB)
	19621984  -  ResidentSetSize of job (KB)
...
006 (9457146.000.000) 03/26 15:16:54 Image size of job updated: 25934644
	19163  -  MemoryUsage of job (MB)
	19621984  -  ResidentSetSize of job (KB)
...
006 (9457146.000.000) 03/26 15:36:57 Image size of job updated: 29819772
	19163  -  MemoryUsage of job (MB)
	19621984  -  ResidentSetSize of job (KB)
...
006 (9457146.000.000) 03/26 16:32:02 Image size of job updated: 29829364
	19163  -  MemoryUsage of job (MB)
	19621984  -  ResidentSetSize of job (KB)
...
006 (9457146.000.000) 03/26 16:37:02 Image size of job updated: 30114068
	19163  -  MemoryUsage of job (MB)
	19621984  -  ResidentSetSize of job (KB)
...
006 (9457146.000.000) 03/26 16:42:03 Image size of job updated: 30373944
	19163  -  MemoryUsage of job (MB)
	19621984  -  ResidentSetSize of job (KB)
...
006 (9457146.000.000) 03/26 16:47:04 Image size of job updated: 30643652
	19163  -  MemoryUsage of job (MB)
	19621984  -  ResidentSetSize of job (KB)
...
006 (9457146.000.000) 03/26 16:52:04 Image size of job updated: 30927452
	19163  -  MemoryUsage of job (MB)
	19621984  -  ResidentSetSize of job (KB)
...
006 (9457146.000.000) 03/26 16:57:04 Image size of job updated: 31152868
	19163  -  MemoryUsage of job (MB)
	19621984  -  ResidentSetSize of job (KB)
...
006 (9457146.000.000) 03/26 17:02:05 Image size of job updated: 31376464
	19163  -  MemoryUsage of job (MB)
	19621984  -  ResidentSetSize of job (KB)
...
006 (9457146.000.000) 03/26 17:07:05 Image size of job updated: 35028096
	19163  -  MemoryUsage of job (MB)
	19621984  -  ResidentSetSize of job (KB)
...
006 (9457146.000.000) 03/26 17:47:10 Image size of job updated: 35028096
	19203  -  MemoryUsage of job (MB)
	19663304  -  ResidentSetSize of job (KB)
...
006 (9457146.000.000) 03/26 17:52:11 Image size of job updated: 35028096
	21730  -  MemoryUsage of job (MB)
	22250772  -  ResidentSetSize of job (KB)
...
006 (9457146.000.000) 03/26 19:12:18 Image size of job updated: 36668088
	21730  -  MemoryUsage of job (MB)
	22250772  -  ResidentSetSize of job (KB)
...
006 (9457146.000.000) 03/26 19:37:21 Image size of job updated: 38666936
	21730  -  MemoryUsage of job (MB)
	22250772  -  ResidentSetSize of job (KB)
...
006 (9457146.000.000) 03/26 19:57:22 Image size of job updated: 39389764
	21730  -  MemoryUsage of job (MB)
	22250772  -  ResidentSetSize of job (KB)
...
006 (9457146.000.000) 03/26 20:02:24 Image size of job updated: 40618564
	21730  -  MemoryUsage of job (MB)
	22250772  -  ResidentSetSize of job (KB)
...
006 (9457146.000.000) 03/26 20:27:26 Image size of job updated: 42580592
	21730  -  MemoryUsage of job (MB)
	22250772  -  ResidentSetSize of job (KB)
...
006 (9457146.000.000) 03/26 20:37:28 Image size of job updated: 44176196
	21730  -  MemoryUsage of job (MB)
	22250772  -  ResidentSetSize of job (KB)
...
006 (9457146.000.000) 03/26 20:42:28 Image size of job updated: 45890020
	21730  -  MemoryUsage of job (MB)
	22250772  -  ResidentSetSize of job (KB)
...
006 (9457146.000.000) 03/26 20:57:29 Image size of job updated: 46872036
	21730  -  MemoryUsage of job (MB)
	22250772  -  ResidentSetSize of job (KB)
...
006 (9457146.000.000) 03/26 21:02:29 Image size of job updated: 50913060
	21730  -  MemoryUsage of job (MB)
	22250772  -  ResidentSetSize of job (KB)
...
006 (9457146.000.000) 03/26 23:17:45 Image size of job updated: 53031832
	21730  -  MemoryUsage of job (MB)
	22250772  -  ResidentSetSize of job (KB)
...
006 (9457146.000.000) 03/26 23:27:46 Image size of job updated: 53627776
	21730  -  MemoryUsage of job (MB)
	22250772  -  ResidentSetSize of job (KB)
...
006 (9457146.000.000) 03/26 23:32:47 Image size of job updated: 55064448
	21730  -  MemoryUsage of job (MB)
	22250772  -  ResidentSetSize of job (KB)
...
006 (9457146.000.000) 03/26 23:47:48 Image size of job updated: 55936896
	21730  -  MemoryUsage of job (MB)
	22250772  -  ResidentSetSize of job (KB)
...
006 (9457146.000.000) 03/26 23:52:48 Image size of job updated: 57044864
	21730  -  MemoryUsage of job (MB)
	22250772  -  ResidentSetSize of job (KB)
...
006 (9457146.000.000) 03/26 23:57:48 Image size of job updated: 57110400
	21730  -  MemoryUsage of job (MB)
	22250772  -  ResidentSetSize of job (KB)
...
006 (9457146.000.000) 03/27 00:07:50 Image size of job updated: 57126784
	21730  -  MemoryUsage of job (MB)
	22250772  -  ResidentSetSize of job (KB)
...
006 (9457146.000.000) 03/27 00:12:50 Image size of job updated: 58544000
	21730  -  MemoryUsage of job (MB)
	22250772  -  ResidentSetSize of job (KB)
...
006 (9457146.000.000) 03/27 00:17:51 Image size of job updated: 58828672
	21730  -  MemoryUsage of job (MB)
	22250772  -  ResidentSetSize of job (KB)
...
006 (9457146.000.000) 03/27 00:32:53 Image size of job updated: 59028352
	21730  -  MemoryUsage of job (MB)
	22250772  -  ResidentSetSize of job (KB)
...
006 (9457146.000.000) 03/27 00:37:54 Image size of job updated: 60335472
	21730  -  MemoryUsage of job (MB)
	22250772  -  ResidentSetSize of job (KB)
...
006 (9457146.000.000) 03/27 00:52:55 Image size of job updated: 61803888
	21730  -  MemoryUsage of job (MB)
	22250772  -  ResidentSetSize of job (KB)
...
006 (9457146.000.000) 03/27 01:02:56 Image size of job updated: 61981412
	21730  -  MemoryUsage of job (MB)
	22250772  -  ResidentSetSize of job (KB)
...
006 (9457146.000.000) 03/27 01:07:57 Image size of job updated: 63262436
	21730  -  MemoryUsage of job (MB)
	22250772  -  ResidentSetSize of job (KB)
...
040 (9457146.000.000) 03/27 01:26:18 Started transferring output files
...
040 (9457146.000.000) 03/27 01:26:18 Finished transferring output files
...
005 (9457146.000.000) 03/27 01:26:18 Job terminated.
	(1) Normal termination (return value 0)
		Usr 0 00:43:22, Sys 0 00:18:11  -  Run Remote Usage
		Usr 0 00:00:00, Sys 0 00:00:00  -  Run Local Usage
		Usr 0 00:43:22, Sys 0 00:18:11  -  Total Remote Usage
		Usr 0 00:00:00, Sys 0 00:00:00  -  Total Local Usage
	13786  -  Run Bytes Sent By Job
	200  -  Run Bytes Received By Job
	13786  -  Total Bytes Sent By Job
	200  -  Total Bytes Received By Job
	Partitionable Resources :    Usage  Request Allocated 
	   Cpus                 :     0.10        1         1 
	   Disk (KB)            :    34           1   1263511 
	   Memory (MB)          : 21730        2000      2000 

	Job terminated of its own accord at 2024-03-27T00:26:18Z.
...
