000 (9643123.000.000) 04/17 11:06:00 Job submitted from host: <137.138.156.150:9618?addrs=137.138.156.150-9618+[2001-1458-d00-14--9a]-9618&alias=bigbird13.cern.ch&noUDP&sock=schedd_2138_1192>
...
040 (9643123.000.000) 04/18 01:16:03 Started transferring input files
	Transferring to host: <128.142.56.57:9618?addrs=128.142.56.57-9618&alias=b7s01p1191.cern.ch&noUDP&sock=slot1_12_6961_6774_106479>
...
040 (9643123.000.000) 04/18 01:16:03 Finished transferring input files
...
001 (9643123.000.000) 04/18 01:16:04 Job executing on host: <128.142.56.57:9618?addrs=128.142.56.57-9618&alias=b7s01p1191.cern.ch&noUDP&sock=startd_6861_a75f>
...
006 (9643123.000.000) 04/18 01:16:12 Image size of job updated: 343956
	40  -  MemoryUsage of job (MB)
	40024  -  ResidentSetSize of job (KB)
...
006 (9643123.000.000) 04/18 01:21:12 Image size of job updated: 17047380
	2046  -  MemoryUsage of job (MB)
	2094720  -  ResidentSetSize of job (KB)
...
006 (9643123.000.000) 04/18 01:26:13 Image size of job updated: 17047380
	2051  -  MemoryUsage of job (MB)
	2099780  -  ResidentSetSize of job (KB)
...
006 (9643123.000.000) 04/18 01:31:14 Image size of job updated: 21783488
	2246  -  MemoryUsage of job (MB)
	2299500  -  ResidentSetSize of job (KB)
...
006 (9643123.000.000) 04/18 01:36:14 Image size of job updated: 21783488
	2247  -  MemoryUsage of job (MB)
	2300184  -  ResidentSetSize of job (KB)
...
006 (9643123.000.000) 04/18 01:41:15 Image size of job updated: 21783488
	2271  -  MemoryUsage of job (MB)
	2325448  -  ResidentSetSize of job (KB)
...
006 (9643123.000.000) 04/18 01:46:16 Image size of job updated: 21783488
	2272  -  MemoryUsage of job (MB)
	2325588  -  ResidentSetSize of job (KB)
...
006 (9643123.000.000) 04/18 01:51:16 Image size of job updated: 21783488
	2293  -  MemoryUsage of job (MB)
	2347420  -  ResidentSetSize of job (KB)
...
006 (9643123.000.000) 04/18 01:56:16 Image size of job updated: 21783488
	2293  -  MemoryUsage of job (MB)
	2347732  -  ResidentSetSize of job (KB)
...
006 (9643123.000.000) 04/18 02:01:17 Image size of job updated: 21783488
	2315  -  MemoryUsage of job (MB)
	2370192  -  ResidentSetSize of job (KB)
...
006 (9643123.000.000) 04/18 02:06:17 Image size of job updated: 21783488
	2315  -  MemoryUsage of job (MB)
	2370256  -  ResidentSetSize of job (KB)
...
006 (9643123.000.000) 04/18 02:11:17 Image size of job updated: 21845044
	2336  -  MemoryUsage of job (MB)
	2391548  -  ResidentSetSize of job (KB)
...
006 (9643123.000.000) 04/18 02:16:18 Image size of job updated: 21845044
	2336  -  MemoryUsage of job (MB)
	2391572  -  ResidentSetSize of job (KB)
...
006 (9643123.000.000) 04/18 02:21:19 Image size of job updated: 21845044
	2357  -  MemoryUsage of job (MB)
	2412844  -  ResidentSetSize of job (KB)
...
006 (9643123.000.000) 04/18 02:26:19 Image size of job updated: 21845044
	2357  -  MemoryUsage of job (MB)
	2412904  -  ResidentSetSize of job (KB)
...
006 (9643123.000.000) 04/18 02:31:20 Image size of job updated: 21845044
	2378  -  MemoryUsage of job (MB)
	2434408  -  ResidentSetSize of job (KB)
...
006 (9643123.000.000) 04/18 02:36:21 Image size of job updated: 21845044
	2378  -  MemoryUsage of job (MB)
	2434432  -  ResidentSetSize of job (KB)
...
006 (9643123.000.000) 04/18 02:41:21 Image size of job updated: 21845044
	2399  -  MemoryUsage of job (MB)
	2456268  -  ResidentSetSize of job (KB)
...
006 (9643123.000.000) 04/18 02:46:22 Image size of job updated: 21845044
	2399  -  MemoryUsage of job (MB)
	2456340  -  ResidentSetSize of job (KB)
...
006 (9643123.000.000) 04/18 02:51:23 Image size of job updated: 21845044
	2420  -  MemoryUsage of job (MB)
	2477588  -  ResidentSetSize of job (KB)
...
006 (9643123.000.000) 04/18 03:01:23 Image size of job updated: 21845044
	2421  -  MemoryUsage of job (MB)
	2478744  -  ResidentSetSize of job (KB)
...
006 (9643123.000.000) 04/18 03:11:25 Image size of job updated: 21845044
	2443  -  MemoryUsage of job (MB)
	2500728  -  ResidentSetSize of job (KB)
...
006 (9643123.000.000) 04/18 03:21:26 Image size of job updated: 21845044
	2463  -  MemoryUsage of job (MB)
	2521936  -  ResidentSetSize of job (KB)
...
006 (9643123.000.000) 04/18 03:26:27 Image size of job updated: 21845044
	2463  -  MemoryUsage of job (MB)
	2521948  -  ResidentSetSize of job (KB)
...
006 (9643123.000.000) 04/18 03:31:27 Image size of job updated: 21845044
	2484  -  MemoryUsage of job (MB)
	2543456  -  ResidentSetSize of job (KB)
...
006 (9643123.000.000) 04/18 03:36:27 Image size of job updated: 21845044
	2484  -  MemoryUsage of job (MB)
	2543476  -  ResidentSetSize of job (KB)
...
006 (9643123.000.000) 04/18 03:41:28 Image size of job updated: 21845044
	2505  -  MemoryUsage of job (MB)
	2564628  -  ResidentSetSize of job (KB)
...
006 (9643123.000.000) 04/18 03:51:28 Image size of job updated: 21845044
	2526  -  MemoryUsage of job (MB)
	2586584  -  ResidentSetSize of job (KB)
...
006 (9643123.000.000) 04/18 04:01:30 Image size of job updated: 22088932
	2986  -  MemoryUsage of job (MB)
	3057472  -  ResidentSetSize of job (KB)
...
006 (9643123.000.000) 04/18 04:06:30 Image size of job updated: 22088932
	3032  -  MemoryUsage of job (MB)
	3104132  -  ResidentSetSize of job (KB)
...
006 (9643123.000.000) 04/18 04:11:31 Image size of job updated: 22090980
	3105  -  MemoryUsage of job (MB)
	3179032  -  ResidentSetSize of job (KB)
...
006 (9643123.000.000) 04/18 04:16:32 Image size of job updated: 22090980
	3153  -  MemoryUsage of job (MB)
	3227920  -  ResidentSetSize of job (KB)
...
006 (9643123.000.000) 04/18 04:21:32 Image size of job updated: 22092004
	3233  -  MemoryUsage of job (MB)
	3309816  -  ResidentSetSize of job (KB)
...
006 (9643123.000.000) 04/18 04:24:17 Image size of job updated: 22092004
	3233  -  MemoryUsage of job (MB)
	3309828  -  ResidentSetSize of job (KB)
...
040 (9643123.000.000) 04/18 04:24:17 Started transferring output files
...
040 (9643123.000.000) 04/18 04:24:18 Finished transferring output files
...
005 (9643123.000.000) 04/18 04:24:18 Job terminated.
	(1) Normal termination (return value 0)
		Usr 0 04:16:18, Sys 0 00:22:32  -  Run Remote Usage
		Usr 0 00:00:00, Sys 0 00:00:00  -  Run Local Usage
		Usr 0 04:16:18, Sys 0 00:22:32  -  Total Remote Usage
		Usr 0 00:00:00, Sys 0 00:00:00  -  Total Local Usage
	3843251  -  Run Bytes Sent By Job
	194  -  Run Bytes Received By Job
	3843251  -  Total Bytes Sent By Job
	194  -  Total Bytes Received By Job
	Partitionable Resources :    Usage  Request Allocated 
	   Cpus                 :     1.25        1         1 
	   Disk (KB)            :  3773           1   1275450 
	   Memory (MB)          :  3233        2000      2000 

	Job terminated of its own accord at 2024-04-18T02:24:17Z.
...
