000 (9457129.000.000) 03/26 10:02:54 Job submitted from host: <137.138.156.150:9618?addrs=137.138.156.150-9618+[2001-1458-d00-14--9a]-9618&alias=bigbird13.cern.ch&noUDP&sock=schedd_5144_ef43>
...
040 (9457129.000.000) 03/26 14:06:32 Started transferring input files
	Transferring to host: <128.142.56.146:9618?addrs=128.142.56.146-9618&alias=b7s01p4951.cern.ch&noUDP&sock=slot1_25_7551_1ccc_82149>
...
040 (9457129.000.000) 03/26 14:06:32 Finished transferring input files
...
001 (9457129.000.000) 03/26 14:06:33 Job executing on host: <128.142.56.146:9618?addrs=128.142.56.146-9618&alias=b7s01p4951.cern.ch&noUDP&sock=startd_7503_032c>
...
006 (9457129.000.000) 03/26 14:06:42 Image size of job updated: 2850044
	94  -  MemoryUsage of job (MB)
	95992  -  ResidentSetSize of job (KB)
...
006 (9457129.000.000) 03/26 14:11:43 Image size of job updated: 14389296
	11483  -  MemoryUsage of job (MB)
	11757648  -  ResidentSetSize of job (KB)
...
006 (9457129.000.000) 03/26 14:16:44 Image size of job updated: 20119232
	13126  -  MemoryUsage of job (MB)
	13440032  -  ResidentSetSize of job (KB)
...
006 (9457129.000.000) 03/26 14:21:44 Image size of job updated: 20119232
	14196  -  MemoryUsage of job (MB)
	14535852  -  ResidentSetSize of job (KB)
...
006 (9457129.000.000) 03/26 14:26:45 Image size of job updated: 21590036
	14196  -  MemoryUsage of job (MB)
	14535868  -  ResidentSetSize of job (KB)
...
006 (9457129.000.000) 03/26 14:31:46 Image size of job updated: 21711488
	14196  -  MemoryUsage of job (MB)
	14535868  -  ResidentSetSize of job (KB)
...
006 (9457129.000.000) 03/26 14:36:46 Image size of job updated: 23928680
	14196  -  MemoryUsage of job (MB)
	14535868  -  ResidentSetSize of job (KB)
...
006 (9457129.000.000) 03/26 15:41:53 Image size of job updated: 24273156
	14196  -  MemoryUsage of job (MB)
	14535868  -  ResidentSetSize of job (KB)
...
006 (9457129.000.000) 03/26 16:11:55 Image size of job updated: 25994500
	14196  -  MemoryUsage of job (MB)
	14535868  -  ResidentSetSize of job (KB)
...
006 (9457129.000.000) 03/26 16:36:58 Image size of job updated: 29845836
	14196  -  MemoryUsage of job (MB)
	14535868  -  ResidentSetSize of job (KB)
...
006 (9457129.000.000) 03/26 17:57:06 Image size of job updated: 30134056
	14196  -  MemoryUsage of job (MB)
	14535868  -  ResidentSetSize of job (KB)
...
006 (9457129.000.000) 03/26 18:02:06 Image size of job updated: 31030832
	14196  -  MemoryUsage of job (MB)
	14535868  -  ResidentSetSize of job (KB)
...
006 (9457129.000.000) 03/26 18:07:07 Image size of job updated: 31030832
	21986  -  MemoryUsage of job (MB)
	22512836  -  ResidentSetSize of job (KB)
...
006 (9457129.000.000) 03/26 18:37:09 Image size of job updated: 31104272
	21986  -  MemoryUsage of job (MB)
	22512836  -  ResidentSetSize of job (KB)
...
006 (9457129.000.000) 03/26 18:42:11 Image size of job updated: 33000720
	21986  -  MemoryUsage of job (MB)
	22512836  -  ResidentSetSize of job (KB)
...
006 (9457129.000.000) 03/26 19:42:16 Image size of job updated: 34910480
	21986  -  MemoryUsage of job (MB)
	22512836  -  ResidentSetSize of job (KB)
...
006 (9457129.000.000) 03/26 19:47:17 Image size of job updated: 34974992
	21986  -  MemoryUsage of job (MB)
	22512836  -  ResidentSetSize of job (KB)
...
006 (9457129.000.000) 03/26 20:22:21 Image size of job updated: 37015824
	21986  -  MemoryUsage of job (MB)
	22512836  -  ResidentSetSize of job (KB)
...
006 (9457129.000.000) 03/26 20:37:22 Image size of job updated: 37540112
	21986  -  MemoryUsage of job (MB)
	22512836  -  ResidentSetSize of job (KB)
...
006 (9457129.000.000) 03/26 20:42:23 Image size of job updated: 38979856
	21986  -  MemoryUsage of job (MB)
	22512836  -  ResidentSetSize of job (KB)
...
006 (9457129.000.000) 03/26 21:47:29 Image size of job updated: 39421200
	21986  -  MemoryUsage of job (MB)
	22512836  -  ResidentSetSize of job (KB)
...
006 (9457129.000.000) 03/26 21:52:29 Image size of job updated: 40723728
	21986  -  MemoryUsage of job (MB)
	22512836  -  ResidentSetSize of job (KB)
...
006 (9457129.000.000) 03/26 21:57:31 Image size of job updated: 40982800
	21986  -  MemoryUsage of job (MB)
	22512836  -  ResidentSetSize of job (KB)
...
006 (9457129.000.000) 03/26 23:02:39 Image size of job updated: 41141520
	21986  -  MemoryUsage of job (MB)
	22512836  -  ResidentSetSize of job (KB)
...
006 (9457129.000.000) 03/26 23:07:39 Image size of job updated: 42511632
	21986  -  MemoryUsage of job (MB)
	22512836  -  ResidentSetSize of job (KB)
...
006 (9457129.000.000) 03/26 23:12:39 Image size of job updated: 42965264
	21986  -  MemoryUsage of job (MB)
	22512836  -  ResidentSetSize of job (KB)
...
006 (9457129.000.000) 03/26 23:22:40 Image size of job updated: 43106576
	21986  -  MemoryUsage of job (MB)
	22512836  -  ResidentSetSize of job (KB)
...
006 (9457129.000.000) 03/26 23:27:40 Image size of job updated: 44909840
	21986  -  MemoryUsage of job (MB)
	22512836  -  ResidentSetSize of job (KB)
...
006 (9457129.000.000) 03/26 23:42:41 Image size of job updated: 46763372
	21986  -  MemoryUsage of job (MB)
	22512836  -  ResidentSetSize of job (KB)
...
006 (9457129.000.000) 03/26 23:47:42 Image size of job updated: 47299940
	21986  -  MemoryUsage of job (MB)
	22512836  -  ResidentSetSize of job (KB)
...
006 (9457129.000.000) 03/26 23:52:43 Image size of job updated: 47869520
	21986  -  MemoryUsage of job (MB)
	22512836  -  ResidentSetSize of job (KB)
...
006 (9457129.000.000) 03/26 23:57:43 Image size of job updated: 48383860
	21986  -  MemoryUsage of job (MB)
	22512836  -  ResidentSetSize of job (KB)
...
006 (9457129.000.000) 03/27 00:07:45 Image size of job updated: 49828372
	21986  -  MemoryUsage of job (MB)
	22512836  -  ResidentSetSize of job (KB)
...
006 (9457129.000.000) 03/27 00:17:46 Image size of job updated: 51182100
	21986  -  MemoryUsage of job (MB)
	22512836  -  ResidentSetSize of job (KB)
...
006 (9457129.000.000) 03/27 00:22:47 Image size of job updated: 54739796
	21986  -  MemoryUsage of job (MB)
	22512836  -  ResidentSetSize of job (KB)
...
006 (9457129.000.000) 03/27 00:52:49 Image size of job updated: 55138728
	21986  -  MemoryUsage of job (MB)
	22512836  -  ResidentSetSize of job (KB)
...
006 (9457129.000.000) 03/27 00:57:50 Image size of job updated: 55557780
	21986  -  MemoryUsage of job (MB)
	22512836  -  ResidentSetSize of job (KB)
...
006 (9457129.000.000) 03/27 01:02:50 Image size of job updated: 55979380
	21986  -  MemoryUsage of job (MB)
	22512836  -  ResidentSetSize of job (KB)
...
006 (9457129.000.000) 03/27 01:07:51 Image size of job updated: 60163168
	21986  -  MemoryUsage of job (MB)
	22512836  -  ResidentSetSize of job (KB)
...
006 (9457129.000.000) 03/27 01:27:53 Image size of job updated: 62344580
	21986  -  MemoryUsage of job (MB)
	22512836  -  ResidentSetSize of job (KB)
...
006 (9457129.000.000) 03/27 01:32:53 Image size of job updated: 62344580
	22714  -  MemoryUsage of job (MB)
	23258724  -  ResidentSetSize of job (KB)
...
006 (9457129.000.000) 03/27 01:37:53 Image size of job updated: 62344580
	23572  -  MemoryUsage of job (MB)
	24136836  -  ResidentSetSize of job (KB)
...
006 (9457129.000.000) 03/27 01:42:54 Image size of job updated: 62344580
	23883  -  MemoryUsage of job (MB)
	24455464  -  ResidentSetSize of job (KB)
...
006 (9457129.000.000) 03/27 01:47:55 Image size of job updated: 62344580
	24396  -  MemoryUsage of job (MB)
	24980484  -  ResidentSetSize of job (KB)
...
006 (9457129.000.000) 03/27 01:52:55 Image size of job updated: 62344580
	24917  -  MemoryUsage of job (MB)
	25514668  -  ResidentSetSize of job (KB)
...
006 (9457129.000.000) 03/27 01:57:56 Image size of job updated: 62344580
	25142  -  MemoryUsage of job (MB)
	25745340  -  ResidentSetSize of job (KB)
...
006 (9457129.000.000) 03/27 02:02:57 Image size of job updated: 62344580
	25828  -  MemoryUsage of job (MB)
	26447188  -  ResidentSetSize of job (KB)
...
006 (9457129.000.000) 03/27 02:07:57 Image size of job updated: 67601528
	28476  -  MemoryUsage of job (MB)
	29158960  -  ResidentSetSize of job (KB)
...
006 (9457129.000.000) 03/27 02:12:58 Image size of job updated: 67601528
	28476  -  MemoryUsage of job (MB)
	29158968  -  ResidentSetSize of job (KB)
...
006 (9457129.000.000) 03/27 02:43:00 Image size of job updated: 68194092
	29930  -  MemoryUsage of job (MB)
	30647932  -  ResidentSetSize of job (KB)
...
006 (9457129.000.000) 03/27 02:48:02 Image size of job updated: 70153228
	29930  -  MemoryUsage of job (MB)
	30647932  -  ResidentSetSize of job (KB)
...
006 (9457129.000.000) 03/27 02:53:02 Image size of job updated: 71515048
	29930  -  MemoryUsage of job (MB)
	30647932  -  ResidentSetSize of job (KB)
...
006 (9457129.000.000) 03/27 02:58:02 Image size of job updated: 84079660
	37183  -  MemoryUsage of job (MB)
	38074964  -  ResidentSetSize of job (KB)
...
006 (9457129.000.000) 03/27 03:03:03 Image size of job updated: 92648780
	49106  -  MemoryUsage of job (MB)
	50284540  -  ResidentSetSize of job (KB)
...
006 (9457129.000.000) 03/27 03:08:04 Image size of job updated: 108073188
	49106  -  MemoryUsage of job (MB)
	50284540  -  ResidentSetSize of job (KB)
...
040 (9457129.000.000) 03/27 03:11:51 Started transferring output files
...
040 (9457129.000.000) 03/27 03:11:51 Finished transferring output files
...
005 (9457129.000.000) 03/27 03:11:51 Job terminated.
	(1) Normal termination (return value 0)
		Usr 0 00:46:19, Sys 0 00:41:41  -  Run Remote Usage
		Usr 0 00:00:00, Sys 0 00:00:00  -  Run Local Usage
		Usr 0 00:46:19, Sys 0 00:41:41  -  Total Remote Usage
		Usr 0 00:00:00, Sys 0 00:00:00  -  Total Local Usage
	11817  -  Run Bytes Sent By Job
	198  -  Run Bytes Received By Job
	11817  -  Total Bytes Sent By Job
	198  -  Total Bytes Received By Job
	Partitionable Resources :    Usage  Request Allocated 
	   Cpus                 :     0.91        1         1 
	   Disk (KB)            :    32           1   1241185 
	   Memory (MB)          : 49106        2000      2000 

	Job terminated of its own accord at 2024-03-27T02:11:51Z.
...
