000 (9701130.000.000) 04/30 12:31:33 Job submitted from host: <137.138.156.150:9618?addrs=137.138.156.150-9618+[2001-1458-d00-14--9a]-9618&alias=bigbird13.cern.ch&noUDP&sock=schedd_2138_1192>
...
040 (9701130.000.000) 04/30 14:19:19 Started transferring input files
	Transferring to host: <128.142.137.72:9618?addrs=128.142.137.72-9618+[2001-1458-301-5e--100-3c]-9618&alias=b9g19p7581.cern.ch&noUDP&sock=slot1_37_2757_4e49_75053>
...
040 (9701130.000.000) 04/30 14:19:19 Finished transferring input files
...
001 (9701130.000.000) 04/30 14:19:20 Job executing on host: <128.142.137.72:9618?addrs=128.142.137.72-9618+[2001-1458-301-5e--100-3c]-9618&alias=b9g19p7581.cern.ch&noUDP&sock=startd_2446_54be>
...
006 (9701130.000.000) 04/30 14:19:29 Image size of job updated: 35392
	35  -  MemoryUsage of job (MB)
	35392  -  ResidentSetSize of job (KB)
...
006 (9701130.000.000) 04/30 14:24:30 Image size of job updated: 342200
	335  -  MemoryUsage of job (MB)
	342200  -  ResidentSetSize of job (KB)
...
006 (9701130.000.000) 04/30 14:29:31 Image size of job updated: 534700
	523  -  MemoryUsage of job (MB)
	534700  -  ResidentSetSize of job (KB)
...
006 (9701130.000.000) 04/30 14:34:31 Image size of job updated: 626968
	613  -  MemoryUsage of job (MB)
	626968  -  ResidentSetSize of job (KB)
...
006 (9701130.000.000) 04/30 14:39:32 Image size of job updated: 799236
	781  -  MemoryUsage of job (MB)
	799236  -  ResidentSetSize of job (KB)
...
006 (9701130.000.000) 04/30 14:44:33 Image size of job updated: 3810000
	3721  -  MemoryUsage of job (MB)
	3810000  -  ResidentSetSize of job (KB)
...
006 (9701130.000.000) 04/30 14:49:33 Image size of job updated: 3984852
	3892  -  MemoryUsage of job (MB)
	3984852  -  ResidentSetSize of job (KB)
...
006 (9701130.000.000) 04/30 14:54:33 Image size of job updated: 4054472
	3960  -  MemoryUsage of job (MB)
	4054472  -  ResidentSetSize of job (KB)
...
006 (9701130.000.000) 04/30 15:24:36 Image size of job updated: 4172792
	4075  -  MemoryUsage of job (MB)
	4172792  -  ResidentSetSize of job (KB)
...
006 (9701130.000.000) 04/30 15:29:37 Image size of job updated: 4217380
	4119  -  MemoryUsage of job (MB)
	4217380  -  ResidentSetSize of job (KB)
...
006 (9701130.000.000) 04/30 15:34:38 Image size of job updated: 4324620
	4224  -  MemoryUsage of job (MB)
	4324620  -  ResidentSetSize of job (KB)
...
006 (9701130.000.000) 04/30 15:39:38 Image size of job updated: 4451736
	4348  -  MemoryUsage of job (MB)
	4451736  -  ResidentSetSize of job (KB)
...
006 (9701130.000.000) 04/30 15:44:38 Image size of job updated: 4555348
	4449  -  MemoryUsage of job (MB)
	4555348  -  ResidentSetSize of job (KB)
...
006 (9701130.000.000) 04/30 15:54:39 Image size of job updated: 4571804
	4465  -  MemoryUsage of job (MB)
	4571804  -  ResidentSetSize of job (KB)
...
006 (9701130.000.000) 04/30 15:59:39 Image size of job updated: 4698116
	4589  -  MemoryUsage of job (MB)
	4698116  -  ResidentSetSize of job (KB)
...
006 (9701130.000.000) 04/30 16:09:41 Image size of job updated: 4796144
	4684  -  MemoryUsage of job (MB)
	4796144  -  ResidentSetSize of job (KB)
...
006 (9701130.000.000) 04/30 16:14:41 Image size of job updated: 4909196
	4795  -  MemoryUsage of job (MB)
	4909196  -  ResidentSetSize of job (KB)
...
006 (9701130.000.000) 04/30 16:19:42 Image size of job updated: 4925172
	4810  -  MemoryUsage of job (MB)
	4925172  -  ResidentSetSize of job (KB)
...
006 (9701130.000.000) 04/30 16:24:43 Image size of job updated: 5075512
	4957  -  MemoryUsage of job (MB)
	5075512  -  ResidentSetSize of job (KB)
...
006 (9701130.000.000) 04/30 16:29:43 Image size of job updated: 5175860
	5055  -  MemoryUsage of job (MB)
	5175860  -  ResidentSetSize of job (KB)
...
006 (9701130.000.000) 04/30 16:34:44 Image size of job updated: 5268308
	5145  -  MemoryUsage of job (MB)
	5268308  -  ResidentSetSize of job (KB)
...
006 (9701130.000.000) 04/30 16:49:45 Image size of job updated: 5306412
	5183  -  MemoryUsage of job (MB)
	5306412  -  ResidentSetSize of job (KB)
...
006 (9701130.000.000) 04/30 16:54:46 Image size of job updated: 5408592
	5282  -  MemoryUsage of job (MB)
	5408592  -  ResidentSetSize of job (KB)
...
006 (9701130.000.000) 04/30 16:59:46 Image size of job updated: 5484020
	5356  -  MemoryUsage of job (MB)
	5484020  -  ResidentSetSize of job (KB)
...
040 (9701130.000.000) 04/30 17:04:18 Started transferring output files
...
040 (9701130.000.000) 04/30 17:04:21 Finished transferring output files
...
005 (9701130.000.000) 04/30 17:04:21 Job terminated.
	(1) Normal termination (return value 0)
		Usr 0 06:26:33, Sys 0 01:20:02  -  Run Remote Usage
		Usr 0 00:00:00, Sys 0 00:00:00  -  Run Local Usage
		Usr 0 06:26:33, Sys 0 01:20:02  -  Total Remote Usage
		Usr 0 00:00:00, Sys 0 00:00:00  -  Total Local Usage
	43773652  -  Run Bytes Sent By Job
	199  -  Run Bytes Received By Job
	43773652  -  Total Bytes Sent By Job
	199  -  Total Bytes Received By Job
	Partitionable Resources :    Usage  Request Allocated 
	   Cpus                 :     1.12        1         1 
	   Disk (KB)            : 42769           1   1794366 
	   Memory (MB)          :  5356        2000      2000 

	Job terminated of its own accord at 2024-04-30T15:04:17Z.
...
