000 (9538323.000.000) 04/02 10:19:16 Job submitted from host: <137.138.156.150:9618?addrs=137.138.156.150-9618+[2001-1458-d00-14--9a]-9618&alias=bigbird13.cern.ch&noUDP&sock=schedd_5144_ef43>
...
040 (9538323.000.000) 04/02 16:14:31 Started transferring input files
	Transferring to host: <128.142.58.11:9618?addrs=128.142.58.11-9618&alias=b7s03p6428.cern.ch&noUDP&sock=slot1_21_6924_5593_88466>
...
040 (9538323.000.000) 04/02 16:14:31 Finished transferring input files
...
001 (9538323.000.000) 04/02 16:14:32 Job executing on host: <128.142.58.11:9618?addrs=128.142.58.11-9618&alias=b7s03p6428.cern.ch&noUDP&sock=startd_6857_e8fe>
...
006 (9538323.000.000) 04/02 16:14:41 Image size of job updated: 419588
	38  -  MemoryUsage of job (MB)
	38860  -  ResidentSetSize of job (KB)
...
006 (9538323.000.000) 04/02 16:17:51 Image size of job updated: 19796904
	38  -  MemoryUsage of job (MB)
	38860  -  ResidentSetSize of job (KB)
...
040 (9538323.000.000) 04/02 16:17:52 Started transferring output files
...
040 (9538323.000.000) 04/02 16:17:52 Finished transferring output files
...
005 (9538323.000.000) 04/02 16:17:52 Job terminated.
	(1) Normal termination (return value 0)
		Usr 0 00:01:06, Sys 0 00:00:08  -  Run Remote Usage
		Usr 0 00:00:00, Sys 0 00:00:00  -  Run Local Usage
		Usr 0 00:01:06, Sys 0 00:00:08  -  Total Remote Usage
		Usr 0 00:00:00, Sys 0 00:00:00  -  Total Local Usage
	18341  -  Run Bytes Sent By Job
	196  -  Run Bytes Received By Job
	18341  -  Total Bytes Sent By Job
	196  -  Total Bytes Received By Job
	Partitionable Resources :    Usage  Request Allocated 
	   Cpus                 :     0.05        1         1 
	   Disk (KB)            :    38           1   1341172 
	   Memory (MB)          :    38        2000      2000 

	Job terminated of its own accord at 2024-04-02T14:17:51Z.
...
