000 (9538219.000.000) 04/02 10:16:58 Job submitted from host: <137.138.156.150:9618?addrs=137.138.156.150-9618+[2001-1458-d00-14--9a]-9618&alias=bigbird13.cern.ch&noUDP&sock=schedd_5144_ef43>
...
040 (9538219.000.000) 04/02 16:14:25 Started transferring input files
	Transferring to host: <128.142.56.119:9618?addrs=128.142.56.119-9618&alias=b7s01p3737.cern.ch&noUDP&sock=slot1_8_7597_860e_89852>
...
040 (9538219.000.000) 04/02 16:14:25 Finished transferring input files
...
001 (9538219.000.000) 04/02 16:14:26 Job executing on host: <128.142.56.119:9618?addrs=128.142.56.119-9618&alias=b7s01p3737.cern.ch&noUDP&sock=startd_7533_9704>
...
006 (9538219.000.000) 04/02 16:14:35 Image size of job updated: 402964
	23  -  MemoryUsage of job (MB)
	23524  -  ResidentSetSize of job (KB)
...
006 (9538219.000.000) 04/02 16:17:49 Image size of job updated: 19796204
	23  -  MemoryUsage of job (MB)
	23524  -  ResidentSetSize of job (KB)
...
040 (9538219.000.000) 04/02 16:17:49 Started transferring output files
...
040 (9538219.000.000) 04/02 16:17:49 Finished transferring output files
...
005 (9538219.000.000) 04/02 16:17:49 Job terminated.
	(1) Normal termination (return value 0)
		Usr 0 00:01:03, Sys 0 00:00:08  -  Run Remote Usage
		Usr 0 00:00:00, Sys 0 00:00:00  -  Run Local Usage
		Usr 0 00:01:03, Sys 0 00:00:08  -  Total Remote Usage
		Usr 0 00:00:00, Sys 0 00:00:00  -  Total Local Usage
	18306  -  Run Bytes Sent By Job
	194  -  Run Bytes Received By Job
	18306  -  Total Bytes Sent By Job
	194  -  Total Bytes Received By Job
	Partitionable Resources :    Usage  Request Allocated 
	   Cpus                 :     0.04        1         1 
	   Disk (KB)            :    38           1   1323394 
	   Memory (MB)          :    23        2000      2000 

	Job terminated of its own accord at 2024-04-02T14:17:49Z.
...
