000 (9605698.000.000) 04/08 14:42:06 Job submitted from host: <137.138.156.150:9618?addrs=137.138.156.150-9618+[2001-1458-d00-14--9a]-9618&alias=bigbird13.cern.ch&noUDP&sock=schedd_5144_ef43>
...
040 (9605698.000.000) 04/08 14:55:43 Started transferring input files
	Transferring to host: <128.142.58.18:9618?addrs=128.142.58.18-9618&alias=b7s03p6547.cern.ch&noUDP&sock=slot1_7_6911_2cb2_94195>
...
040 (9605698.000.000) 04/08 14:55:43 Finished transferring input files
...
001 (9605698.000.000) 04/08 14:55:44 Job executing on host: <128.142.58.18:9618?addrs=128.142.58.18-9618&alias=b7s03p6547.cern.ch&noUDP&sock=startd_6864_b628>
...
006 (9605698.000.000) 04/08 14:55:52 Image size of job updated: 2909340
	153  -  MemoryUsage of job (MB)
	156536  -  ResidentSetSize of job (KB)
...
006 (9605698.000.000) 04/08 15:00:52 Image size of job updated: 3376044
	624  -  MemoryUsage of job (MB)
	638908  -  ResidentSetSize of job (KB)
...
006 (9605698.000.000) 04/08 15:05:53 Image size of job updated: 3653532
	893  -  MemoryUsage of job (MB)
	914356  -  ResidentSetSize of job (KB)
...
006 (9605698.000.000) 04/08 15:10:53 Image size of job updated: 3949972
	1187  -  MemoryUsage of job (MB)
	1214792  -  ResidentSetSize of job (KB)
...
006 (9605698.000.000) 04/08 15:15:53 Image size of job updated: 4285028
	1506  -  MemoryUsage of job (MB)
	1541684  -  ResidentSetSize of job (KB)
...
006 (9605698.000.000) 04/08 15:20:54 Image size of job updated: 4627512
	1839  -  MemoryUsage of job (MB)
	1882456  -  ResidentSetSize of job (KB)
...
006 (9605698.000.000) 04/08 15:25:55 Image size of job updated: 4891772
	2094  -  MemoryUsage of job (MB)
	2143496  -  ResidentSetSize of job (KB)
...
006 (9605698.000.000) 04/08 15:30:55 Image size of job updated: 5160960
	2354  -  MemoryUsage of job (MB)
	2410428  -  ResidentSetSize of job (KB)
...
006 (9605698.000.000) 04/08 15:35:56 Image size of job updated: 5484004
	2677  -  MemoryUsage of job (MB)
	2740240  -  ResidentSetSize of job (KB)
...
006 (9605698.000.000) 04/08 15:40:57 Image size of job updated: 5823656
	3015  -  MemoryUsage of job (MB)
	3087216  -  ResidentSetSize of job (KB)
...
006 (9605698.000.000) 04/08 15:45:57 Image size of job updated: 6157152
	3345  -  MemoryUsage of job (MB)
	3424456  -  ResidentSetSize of job (KB)
...
006 (9605698.000.000) 04/08 15:50:58 Image size of job updated: 6541040
	3714  -  MemoryUsage of job (MB)
	3802212  -  ResidentSetSize of job (KB)
...
006 (9605698.000.000) 04/08 15:55:59 Image size of job updated: 6828832
	3991  -  MemoryUsage of job (MB)
	4086528  -  ResidentSetSize of job (KB)
...
006 (9605698.000.000) 04/08 16:00:59 Image size of job updated: 7094264
	4246  -  MemoryUsage of job (MB)
	4347608  -  ResidentSetSize of job (KB)
...
006 (9605698.000.000) 04/08 16:05:59 Image size of job updated: 7359156
	4504  -  MemoryUsage of job (MB)
	4611644  -  ResidentSetSize of job (KB)
...
006 (9605698.000.000) 04/08 16:11:00 Image size of job updated: 7684840
	4826  -  MemoryUsage of job (MB)
	4941376  -  ResidentSetSize of job (KB)
...
006 (9605698.000.000) 04/08 16:16:00 Image size of job updated: 7992704
	5147  -  MemoryUsage of job (MB)
	5269760  -  ResidentSetSize of job (KB)
...
006 (9605698.000.000) 04/08 16:21:00 Image size of job updated: 8353932
	5428  -  MemoryUsage of job (MB)
	5558248  -  ResidentSetSize of job (KB)
...
006 (9605698.000.000) 04/08 16:26:01 Image size of job updated: 8572340
	5646  -  MemoryUsage of job (MB)
	5781320  -  ResidentSetSize of job (KB)
...
006 (9605698.000.000) 04/08 16:31:01 Image size of job updated: 8666188
	5714  -  MemoryUsage of job (MB)
	5850268  -  ResidentSetSize of job (KB)
...
006 (9605698.000.000) 04/08 16:36:01 Image size of job updated: 8860672
	5822  -  MemoryUsage of job (MB)
	5960836  -  ResidentSetSize of job (KB)
...
006 (9605698.000.000) 04/08 16:41:02 Image size of job updated: 9073904
	5822  -  MemoryUsage of job (MB)
	5960836  -  ResidentSetSize of job (KB)
...
006 (9605698.000.000) 04/08 16:46:03 Image size of job updated: 9283084
	5822  -  MemoryUsage of job (MB)
	5960836  -  ResidentSetSize of job (KB)
...
006 (9605698.000.000) 04/08 16:51:03 Image size of job updated: 9509992
	5822  -  MemoryUsage of job (MB)
	5960836  -  ResidentSetSize of job (KB)
...
006 (9605698.000.000) 04/08 16:56:04 Image size of job updated: 9746124
	5822  -  MemoryUsage of job (MB)
	5960836  -  ResidentSetSize of job (KB)
...
006 (9605698.000.000) 04/08 17:01:05 Image size of job updated: 9950372
	5822  -  MemoryUsage of job (MB)
	5960836  -  ResidentSetSize of job (KB)
...
006 (9605698.000.000) 04/08 17:06:05 Image size of job updated: 10165804
	5822  -  MemoryUsage of job (MB)
	5960836  -  ResidentSetSize of job (KB)
...
006 (9605698.000.000) 04/08 17:11:05 Image size of job updated: 10345052
	5822  -  MemoryUsage of job (MB)
	5960836  -  ResidentSetSize of job (KB)
...
006 (9605698.000.000) 04/08 17:16:06 Image size of job updated: 10549300
	5822  -  MemoryUsage of job (MB)
	5960836  -  ResidentSetSize of job (KB)
...
006 (9605698.000.000) 04/08 17:21:06 Image size of job updated: 10755060
	5822  -  MemoryUsage of job (MB)
	5960836  -  ResidentSetSize of job (KB)
...
006 (9605698.000.000) 04/08 17:26:06 Image size of job updated: 10960776
	5822  -  MemoryUsage of job (MB)
	5960836  -  ResidentSetSize of job (KB)
...
006 (9605698.000.000) 04/08 17:31:07 Image size of job updated: 11244204
	5822  -  MemoryUsage of job (MB)
	5960836  -  ResidentSetSize of job (KB)
...
006 (9605698.000.000) 04/08 17:36:08 Image size of job updated: 11573796
	5822  -  MemoryUsage of job (MB)
	5960836  -  ResidentSetSize of job (KB)
...
006 (9605698.000.000) 04/08 17:41:08 Image size of job updated: 11903560
	5822  -  MemoryUsage of job (MB)
	5960836  -  ResidentSetSize of job (KB)
...
006 (9605698.000.000) 04/08 17:46:09 Image size of job updated: 12205904
	5822  -  MemoryUsage of job (MB)
	5960836  -  ResidentSetSize of job (KB)
...
006 (9605698.000.000) 04/08 17:51:10 Image size of job updated: 12512024
	5822  -  MemoryUsage of job (MB)
	5960836  -  ResidentSetSize of job (KB)
...
006 (9605698.000.000) 04/08 17:56:10 Image size of job updated: 12787100
	5822  -  MemoryUsage of job (MB)
	5960836  -  ResidentSetSize of job (KB)
...
006 (9605698.000.000) 04/08 18:01:10 Image size of job updated: 13073028
	5822  -  MemoryUsage of job (MB)
	5960836  -  ResidentSetSize of job (KB)
...
006 (9605698.000.000) 04/08 18:06:11 Image size of job updated: 13358144
	5937  -  MemoryUsage of job (MB)
	6079340  -  ResidentSetSize of job (KB)
...
006 (9605698.000.000) 04/08 18:11:12 Image size of job updated: 13660184
	6242  -  MemoryUsage of job (MB)
	6391132  -  ResidentSetSize of job (KB)
...
006 (9605698.000.000) 04/08 18:16:12 Image size of job updated: 13906224
	6473  -  MemoryUsage of job (MB)
	6627932  -  ResidentSetSize of job (KB)
...
006 (9605698.000.000) 04/08 18:21:13 Image size of job updated: 14202284
	6771  -  MemoryUsage of job (MB)
	6933304  -  ResidentSetSize of job (KB)
...
006 (9605698.000.000) 04/08 18:26:14 Image size of job updated: 14497864
	7051  -  MemoryUsage of job (MB)
	7219524  -  ResidentSetSize of job (KB)
...
006 (9605698.000.000) 04/08 18:31:14 Image size of job updated: 15011248
	7892  -  MemoryUsage of job (MB)
	8081044  -  ResidentSetSize of job (KB)
...
006 (9605698.000.000) 04/08 18:36:14 Image size of job updated: 15014320
	8049  -  MemoryUsage of job (MB)
	8242080  -  ResidentSetSize of job (KB)
...
006 (9605698.000.000) 04/08 18:41:15 Image size of job updated: 15035340
	8070  -  MemoryUsage of job (MB)
	8263348  -  ResidentSetSize of job (KB)
...
006 (9605698.000.000) 04/08 18:46:16 Image size of job updated: 15092732
	8127  -  MemoryUsage of job (MB)
	8321076  -  ResidentSetSize of job (KB)
...
006 (9605698.000.000) 04/08 18:51:16 Image size of job updated: 15154140
	8186  -  MemoryUsage of job (MB)
	8381660  -  ResidentSetSize of job (KB)
...
006 (9605698.000.000) 04/08 18:56:17 Image size of job updated: 15279264
	8567  -  MemoryUsage of job (MB)
	8772448  -  ResidentSetSize of job (KB)
...
006 (9605698.000.000) 04/08 19:01:18 Image size of job updated: 15282336
	8644  -  MemoryUsage of job (MB)
	8850436  -  ResidentSetSize of job (KB)
...
006 (9605698.000.000) 04/08 19:06:18 Image size of job updated: 15322120
	8685  -  MemoryUsage of job (MB)
	8892652  -  ResidentSetSize of job (KB)
...
006 (9605698.000.000) 04/08 19:11:18 Image size of job updated: 15379504
	8741  -  MemoryUsage of job (MB)
	8950192  -  ResidentSetSize of job (KB)
...
006 (9605698.000.000) 04/08 19:16:19 Image size of job updated: 15615564
	9269  -  MemoryUsage of job (MB)
	9490596  -  ResidentSetSize of job (KB)
...
006 (9605698.000.000) 04/08 19:21:19 Image size of job updated: 15619660
	10706  -  MemoryUsage of job (MB)
	10962800  -  ResidentSetSize of job (KB)
...
006 (9605698.000.000) 04/08 19:26:19 Image size of job updated: 15621708
	10715  -  MemoryUsage of job (MB)
	10971272  -  ResidentSetSize of job (KB)
...
006 (9605698.000.000) 04/08 19:31:20 Image size of job updated: 15680512
	10772  -  MemoryUsage of job (MB)
	11030448  -  ResidentSetSize of job (KB)
...
006 (9605698.000.000) 04/08 19:36:21 Image size of job updated: 15739612
	10830  -  MemoryUsage of job (MB)
	11089776  -  ResidentSetSize of job (KB)
...
006 (9605698.000.000) 04/08 19:41:21 Image size of job updated: 15883580
	11822  -  MemoryUsage of job (MB)
	12104820  -  ResidentSetSize of job (KB)
...
006 (9605698.000.000) 04/08 19:46:21 Image size of job updated: 15887676
	12674  -  MemoryUsage of job (MB)
	12977596  -  ResidentSetSize of job (KB)
...
006 (9605698.000.000) 04/08 19:51:22 Image size of job updated: 15907720
	12696  -  MemoryUsage of job (MB)
	12999876  -  ResidentSetSize of job (KB)
...
006 (9605698.000.000) 04/08 19:56:23 Image size of job updated: 15966508
	12753  -  MemoryUsage of job (MB)
	13058824  -  ResidentSetSize of job (KB)
...
006 (9605698.000.000) 04/08 20:01:23 Image size of job updated: 16025956
	12811  -  MemoryUsage of job (MB)
	13117568  -  ResidentSetSize of job (KB)
...
006 (9605698.000.000) 04/08 20:06:23 Image size of job updated: 16675716
	13540  -  MemoryUsage of job (MB)
	13864536  -  ResidentSetSize of job (KB)
...
006 (9605698.000.000) 04/08 20:26:25 Image size of job updated: 16941668
	13764  -  MemoryUsage of job (MB)
	14093944  -  ResidentSetSize of job (KB)
...
006 (9605698.000.000) 04/08 20:41:27 Image size of job updated: 17207620
	14025  -  MemoryUsage of job (MB)
	14361548  -  ResidentSetSize of job (KB)
...
006 (9605698.000.000) 04/08 21:01:29 Image size of job updated: 17473572
	14287  -  MemoryUsage of job (MB)
	14628892  -  ResidentSetSize of job (KB)
...
006 (9605698.000.000) 04/08 21:21:32 Image size of job updated: 18404404
	15198  -  MemoryUsage of job (MB)
	15562232  -  ResidentSetSize of job (KB)
...
006 (9605698.000.000) 04/08 21:41:34 Image size of job updated: 18404404
	15198  -  MemoryUsage of job (MB)
	15562240  -  ResidentSetSize of job (KB)
...
006 (9605698.000.000) 04/09 00:11:48 Image size of job updated: 21913912
	17035  -  MemoryUsage of job (MB)
	17443696  -  ResidentSetSize of job (KB)
...
006 (9605698.000.000) 04/09 00:11:54 Image size of job updated: 21913916
	17035  -  MemoryUsage of job (MB)
	17443696  -  ResidentSetSize of job (KB)
...
040 (9605698.000.000) 04/09 00:11:54 Started transferring output files
...
040 (9605698.000.000) 04/09 00:11:54 Finished transferring output files
...
005 (9605698.000.000) 04/09 00:11:54 Job terminated.
	(1) Normal termination (return value 0)
		Usr 0 07:08:31, Sys 0 00:27:46  -  Run Remote Usage
		Usr 0 00:00:00, Sys 0 00:00:00  -  Run Local Usage
		Usr 0 07:08:31, Sys 0 00:27:46  -  Total Remote Usage
		Usr 0 00:00:00, Sys 0 00:00:00  -  Total Local Usage
	7284  -  Run Bytes Sent By Job
	199  -  Run Bytes Received By Job
	7284  -  Total Bytes Sent By Job
	199  -  Total Bytes Received By Job
	Partitionable Resources :    Usage  Request Allocated 
	   Cpus                 :     0.99        1         1 
	   Disk (KB)            :    28           1   1276431 
	   Memory (MB)          : 17035        2000      2000 

	Job terminated of its own accord at 2024-04-08T22:11:54Z.
...
