000 (9619802.000.000) 04/10 15:35:01 Job submitted from host: <137.138.156.150:9618?addrs=137.138.156.150-9618+[2001-1458-d00-14--9a]-9618&alias=bigbird13.cern.ch&noUDP&sock=schedd_2138_1192>
...
040 (9619802.000.000) 04/10 17:02:49 Started transferring input files
	Transferring to host: <128.142.59.74:9618?addrs=128.142.59.74-9618+[2001-1458-301-21--100-49]-9618&alias=b7s04p2240.cern.ch&noUDP&sock=slot1_15_6726_d34b_99046>
...
040 (9619802.000.000) 04/10 17:02:49 Finished transferring input files
...
001 (9619802.000.000) 04/10 17:02:50 Job executing on host: <128.142.59.74:9618?addrs=128.142.59.74-9618+[2001-1458-301-21--100-49]-9618&alias=b7s04p2240.cern.ch&noUDP&sock=startd_6686_9e4c>
...
006 (9619802.000.000) 04/10 17:02:58 Image size of job updated: 448228
	51  -  MemoryUsage of job (MB)
	51708  -  ResidentSetSize of job (KB)
...
006 (9619802.000.000) 04/10 17:07:58 Image size of job updated: 3579512
	1715  -  MemoryUsage of job (MB)
	1755680  -  ResidentSetSize of job (KB)
...
006 (9619802.000.000) 04/10 17:12:59 Image size of job updated: 16959496
	1954  -  MemoryUsage of job (MB)
	2000788  -  ResidentSetSize of job (KB)
...
006 (9619802.000.000) 04/10 17:18:00 Image size of job updated: 21695444
	2138  -  MemoryUsage of job (MB)
	2189060  -  ResidentSetSize of job (KB)
...
006 (9619802.000.000) 04/10 17:23:00 Image size of job updated: 21695444
	2163  -  MemoryUsage of job (MB)
	2214828  -  ResidentSetSize of job (KB)
...
006 (9619802.000.000) 04/10 17:28:01 Image size of job updated: 21695444
	2165  -  MemoryUsage of job (MB)
	2216728  -  ResidentSetSize of job (KB)
...
006 (9619802.000.000) 04/10 17:33:02 Image size of job updated: 21756752
	2190  -  MemoryUsage of job (MB)
	2242080  -  ResidentSetSize of job (KB)
...
006 (9619802.000.000) 04/10 17:38:02 Image size of job updated: 21756752
	2212  -  MemoryUsage of job (MB)
	2264504  -  ResidentSetSize of job (KB)
...
006 (9619802.000.000) 04/10 17:43:02 Image size of job updated: 21756752
	2213  -  MemoryUsage of job (MB)
	2265160  -  ResidentSetSize of job (KB)
...
006 (9619802.000.000) 04/10 17:48:03 Image size of job updated: 21756752
	2234  -  MemoryUsage of job (MB)
	2287456  -  ResidentSetSize of job (KB)
...
006 (9619802.000.000) 04/10 17:58:04 Image size of job updated: 21756752
	2256  -  MemoryUsage of job (MB)
	2309484  -  ResidentSetSize of job (KB)
...
006 (9619802.000.000) 04/10 18:03:05 Image size of job updated: 21756752
	2277  -  MemoryUsage of job (MB)
	2330912  -  ResidentSetSize of job (KB)
...
006 (9619802.000.000) 04/10 18:08:06 Image size of job updated: 21756752
	2277  -  MemoryUsage of job (MB)
	2330980  -  ResidentSetSize of job (KB)
...
006 (9619802.000.000) 04/10 18:13:06 Image size of job updated: 21756752
	2298  -  MemoryUsage of job (MB)
	2352672  -  ResidentSetSize of job (KB)
...
006 (9619802.000.000) 04/10 18:18:06 Image size of job updated: 21756752
	2299  -  MemoryUsage of job (MB)
	2353760  -  ResidentSetSize of job (KB)
...
006 (9619802.000.000) 04/10 18:23:07 Image size of job updated: 21756752
	2321  -  MemoryUsage of job (MB)
	2376004  -  ResidentSetSize of job (KB)
...
006 (9619802.000.000) 04/10 18:28:07 Image size of job updated: 21756752
	2342  -  MemoryUsage of job (MB)
	2397808  -  ResidentSetSize of job (KB)
...
006 (9619802.000.000) 04/10 18:33:07 Image size of job updated: 21756752
	2342  -  MemoryUsage of job (MB)
	2397960  -  ResidentSetSize of job (KB)
...
006 (9619802.000.000) 04/10 18:38:08 Image size of job updated: 21756752
	2363  -  MemoryUsage of job (MB)
	2419160  -  ResidentSetSize of job (KB)
...
006 (9619802.000.000) 04/10 18:48:08 Image size of job updated: 21756752
	2384  -  MemoryUsage of job (MB)
	2440612  -  ResidentSetSize of job (KB)
...
006 (9619802.000.000) 04/10 18:53:09 Image size of job updated: 21756752
	2407  -  MemoryUsage of job (MB)
	2464376  -  ResidentSetSize of job (KB)
...
006 (9619802.000.000) 04/10 18:58:09 Image size of job updated: 21756752
	2407  -  MemoryUsage of job (MB)
	2464428  -  ResidentSetSize of job (KB)
...
006 (9619802.000.000) 04/10 19:03:09 Image size of job updated: 21756752
	2429  -  MemoryUsage of job (MB)
	2486580  -  ResidentSetSize of job (KB)
...
006 (9619802.000.000) 04/10 19:08:10 Image size of job updated: 21756752
	2449  -  MemoryUsage of job (MB)
	2507764  -  ResidentSetSize of job (KB)
...
040 (9619802.000.000) 04/10 19:13:34 Started transferring output files
...
040 (9619802.000.000) 04/10 19:13:34 Finished transferring output files
...
005 (9619802.000.000) 04/10 19:13:34 Job terminated.
	(1) Normal termination (return value 0)
		Usr 0 03:12:22, Sys 0 00:21:53  -  Run Remote Usage
		Usr 0 00:00:00, Sys 0 00:00:00  -  Run Local Usage
		Usr 0 03:12:22, Sys 0 00:21:53  -  Total Remote Usage
		Usr 0 00:00:00, Sys 0 00:00:00  -  Total Local Usage
	14727  -  Run Bytes Sent By Job
	194  -  Run Bytes Received By Job
	14727  -  Total Bytes Sent By Job
	194  -  Total Bytes Received By Job
	Partitionable Resources :    Usage  Request Allocated 
	   Cpus                 :     1.78        1         1 
	   Disk (KB)            :    35           1   1190882 
	   Memory (MB)          :  2449        2000      2000 

	Job terminated of its own accord at 2024-04-10T17:13:34Z.
...
