000 (9445501.000.000) 03/23 14:38:33 Job submitted from host: <137.138.156.150:9618?addrs=137.138.156.150-9618+[2001-1458-d00-14--9a]-9618&alias=bigbird13.cern.ch&noUDP&sock=schedd_5144_ef43>
...
040 (9445501.000.000) 03/23 16:00:46 Started transferring input files
	Transferring to host: <128.142.56.32:9618?addrs=128.142.56.32-9618+[2001-1458-301-6--100-1f]-9618&alias=b7s01p8147.cern.ch&noUDP&sock=slot1_18_2927_1610_77163>
...
040 (9445501.000.000) 03/23 16:00:46 Finished transferring input files
...
001 (9445501.000.000) 03/23 16:00:47 Job executing on host: <128.142.56.32:9618?addrs=128.142.56.32-9618+[2001-1458-301-6--100-1f]-9618&alias=b7s01p8147.cern.ch&noUDP&sock=startd_2765_2374>
...
006 (9445501.000.000) 03/23 16:00:56 Image size of job updated: 47192
	34  -  MemoryUsage of job (MB)
	34412  -  ResidentSetSize of job (KB)
...
006 (9445501.000.000) 03/23 16:05:57 Image size of job updated: 615700
	85  -  MemoryUsage of job (MB)
	86196  -  ResidentSetSize of job (KB)
...
006 (9445501.000.000) 03/23 16:10:57 Image size of job updated: 615860
	85  -  MemoryUsage of job (MB)
	86720  -  ResidentSetSize of job (KB)
...
006 (9445501.000.000) 03/23 16:15:58 Image size of job updated: 615860
	86  -  MemoryUsage of job (MB)
	87188  -  ResidentSetSize of job (KB)
...
006 (9445501.000.000) 03/23 16:20:59 Image size of job updated: 616884
	86  -  MemoryUsage of job (MB)
	87608  -  ResidentSetSize of job (KB)
...
006 (9445501.000.000) 03/23 16:25:59 Image size of job updated: 5173684
	2481  -  MemoryUsage of job (MB)
	2539548  -  ResidentSetSize of job (KB)
...
006 (9445501.000.000) 03/23 16:30:59 Image size of job updated: 9104320
	6290  -  MemoryUsage of job (MB)
	6440072  -  ResidentSetSize of job (KB)
...
006 (9445501.000.000) 03/23 16:36:00 Image size of job updated: 13044768
	10104  -  MemoryUsage of job (MB)
	10346088  -  ResidentSetSize of job (KB)
...
006 (9445501.000.000) 03/23 16:41:01 Image size of job updated: 16713884
	11991  -  MemoryUsage of job (MB)
	12278076  -  ResidentSetSize of job (KB)
...
006 (9445501.000.000) 03/23 16:46:01 Image size of job updated: 20293000
	11991  -  MemoryUsage of job (MB)
	12278076  -  ResidentSetSize of job (KB)
...
006 (9445501.000.000) 03/23 16:51:02 Image size of job updated: 24028892
	12547  -  MemoryUsage of job (MB)
	12847944  -  ResidentSetSize of job (KB)
...
006 (9445501.000.000) 03/23 16:56:03 Image size of job updated: 27623652
	13203  -  MemoryUsage of job (MB)
	13519196  -  ResidentSetSize of job (KB)
...
006 (9445501.000.000) 03/23 17:01:03 Image size of job updated: 31205572
	13203  -  MemoryUsage of job (MB)
	13519196  -  ResidentSetSize of job (KB)
...
006 (9445501.000.000) 03/23 17:06:04 Image size of job updated: 34984472
	14092  -  MemoryUsage of job (MB)
	14429592  -  ResidentSetSize of job (KB)
...
006 (9445501.000.000) 03/23 17:11:05 Image size of job updated: 38820036
	17781  -  MemoryUsage of job (MB)
	18207232  -  ResidentSetSize of job (KB)
...
006 (9445501.000.000) 03/23 17:16:05 Image size of job updated: 42582732
	21442  -  MemoryUsage of job (MB)
	21956012  -  ResidentSetSize of job (KB)
...
006 (9445501.000.000) 03/23 17:21:05 Image size of job updated: 45570824
	21442  -  MemoryUsage of job (MB)
	21956012  -  ResidentSetSize of job (KB)
...
006 (9445501.000.000) 03/23 17:26:06 Image size of job updated: 48471024
	21442  -  MemoryUsage of job (MB)
	21956012  -  ResidentSetSize of job (KB)
...
006 (9445501.000.000) 03/23 17:31:06 Image size of job updated: 49913676
	21442  -  MemoryUsage of job (MB)
	21956012  -  ResidentSetSize of job (KB)
...
006 (9445501.000.000) 03/23 17:36:06 Image size of job updated: 50275404
	21442  -  MemoryUsage of job (MB)
	21956012  -  ResidentSetSize of job (KB)
...
006 (9445501.000.000) 03/23 17:41:07 Image size of job updated: 50767844
	21442  -  MemoryUsage of job (MB)
	21956012  -  ResidentSetSize of job (KB)
...
006 (9445501.000.000) 03/23 17:46:08 Image size of job updated: 50770968
	21442  -  MemoryUsage of job (MB)
	21956012  -  ResidentSetSize of job (KB)
...
006 (9445501.000.000) 03/23 17:51:08 Image size of job updated: 51259356
	21442  -  MemoryUsage of job (MB)
	21956012  -  ResidentSetSize of job (KB)
...
006 (9445501.000.000) 03/23 17:56:09 Image size of job updated: 52380960
	21442  -  MemoryUsage of job (MB)
	21956012  -  ResidentSetSize of job (KB)
...
006 (9445501.000.000) 03/23 18:01:10 Image size of job updated: 53324888
	21442  -  MemoryUsage of job (MB)
	21956012  -  ResidentSetSize of job (KB)
...
006 (9445501.000.000) 03/23 18:06:10 Image size of job updated: 53369812
	21442  -  MemoryUsage of job (MB)
	21956012  -  ResidentSetSize of job (KB)
...
006 (9445501.000.000) 03/23 18:11:10 Image size of job updated: 53969552
	21442  -  MemoryUsage of job (MB)
	21956012  -  ResidentSetSize of job (KB)
...
006 (9445501.000.000) 03/23 18:16:11 Image size of job updated: 54504180
	21442  -  MemoryUsage of job (MB)
	21956012  -  ResidentSetSize of job (KB)
...
006 (9445501.000.000) 03/23 18:21:11 Image size of job updated: 55614176
	21442  -  MemoryUsage of job (MB)
	21956012  -  ResidentSetSize of job (KB)
...
006 (9445501.000.000) 03/23 18:26:11 Image size of job updated: 56888888
	21442  -  MemoryUsage of job (MB)
	21956012  -  ResidentSetSize of job (KB)
...
006 (9445501.000.000) 03/23 18:31:12 Image size of job updated: 58089900
	21442  -  MemoryUsage of job (MB)
	21956012  -  ResidentSetSize of job (KB)
...
006 (9445501.000.000) 03/23 18:36:13 Image size of job updated: 59259416
	21442  -  MemoryUsage of job (MB)
	21956012  -  ResidentSetSize of job (KB)
...
006 (9445501.000.000) 03/23 18:41:13 Image size of job updated: 59865772
	21442  -  MemoryUsage of job (MB)
	21956012  -  ResidentSetSize of job (KB)
...
006 (9445501.000.000) 03/23 18:46:14 Image size of job updated: 61113084
	21442  -  MemoryUsage of job (MB)
	21956012  -  ResidentSetSize of job (KB)
...
006 (9445501.000.000) 03/23 18:51:15 Image size of job updated: 62218244
	21442  -  MemoryUsage of job (MB)
	21956012  -  ResidentSetSize of job (KB)
...
006 (9445501.000.000) 03/23 18:56:15 Image size of job updated: 63442676
	21442  -  MemoryUsage of job (MB)
	21956012  -  ResidentSetSize of job (KB)
...
006 (9445501.000.000) 03/23 19:01:16 Image size of job updated: 64668416
	21442  -  MemoryUsage of job (MB)
	21956012  -  ResidentSetSize of job (KB)
...
006 (9445501.000.000) 03/23 19:06:17 Image size of job updated: 65545736
	21442  -  MemoryUsage of job (MB)
	21956012  -  ResidentSetSize of job (KB)
...
006 (9445501.000.000) 03/23 19:11:17 Image size of job updated: 66183700
	21442  -  MemoryUsage of job (MB)
	21956012  -  ResidentSetSize of job (KB)
...
006 (9445501.000.000) 03/23 19:16:17 Image size of job updated: 66627172
	21442  -  MemoryUsage of job (MB)
	21956012  -  ResidentSetSize of job (KB)
...
006 (9445501.000.000) 03/23 19:21:18 Image size of job updated: 67016980
	21442  -  MemoryUsage of job (MB)
	21956012  -  ResidentSetSize of job (KB)
...
006 (9445501.000.000) 03/23 19:26:18 Image size of job updated: 67728540
	21442  -  MemoryUsage of job (MB)
	21956012  -  ResidentSetSize of job (KB)
...
006 (9445501.000.000) 03/23 19:31:18 Image size of job updated: 68518732
	21442  -  MemoryUsage of job (MB)
	21956012  -  ResidentSetSize of job (KB)
...
006 (9445501.000.000) 03/23 19:36:19 Image size of job updated: 69194340
	21442  -  MemoryUsage of job (MB)
	21956012  -  ResidentSetSize of job (KB)
...
006 (9445501.000.000) 03/23 19:41:20 Image size of job updated: 70233920
	21442  -  MemoryUsage of job (MB)
	21956012  -  ResidentSetSize of job (KB)
...
006 (9445501.000.000) 03/23 19:46:20 Image size of job updated: 71487748
	21442  -  MemoryUsage of job (MB)
	21956012  -  ResidentSetSize of job (KB)
...
006 (9445501.000.000) 03/23 19:51:21 Image size of job updated: 72733380
	21442  -  MemoryUsage of job (MB)
	21956012  -  ResidentSetSize of job (KB)
...
006 (9445501.000.000) 03/23 19:56:22 Image size of job updated: 73369944
	21442  -  MemoryUsage of job (MB)
	21956012  -  ResidentSetSize of job (KB)
...
006 (9445501.000.000) 03/23 20:01:22 Image size of job updated: 74138388
	21442  -  MemoryUsage of job (MB)
	21956012  -  ResidentSetSize of job (KB)
...
006 (9445501.000.000) 03/23 20:06:22 Image size of job updated: 75538076
	21442  -  MemoryUsage of job (MB)
	21956012  -  ResidentSetSize of job (KB)
...
006 (9445501.000.000) 03/23 20:11:23 Image size of job updated: 77022376
	21442  -  MemoryUsage of job (MB)
	21956012  -  ResidentSetSize of job (KB)
...
006 (9445501.000.000) 03/23 20:16:23 Image size of job updated: 78287012
	21442  -  MemoryUsage of job (MB)
	21956012  -  ResidentSetSize of job (KB)
...
006 (9445501.000.000) 03/23 20:21:23 Image size of job updated: 79853592
	21442  -  MemoryUsage of job (MB)
	21956012  -  ResidentSetSize of job (KB)
...
006 (9445501.000.000) 03/23 20:26:24 Image size of job updated: 81358864
	21442  -  MemoryUsage of job (MB)
	21956012  -  ResidentSetSize of job (KB)
...
006 (9445501.000.000) 03/23 20:31:25 Image size of job updated: 81562624
	21442  -  MemoryUsage of job (MB)
	21956012  -  ResidentSetSize of job (KB)
...
006 (9445501.000.000) 03/23 20:36:25 Image size of job updated: 81677336
	21442  -  MemoryUsage of job (MB)
	21956012  -  ResidentSetSize of job (KB)
...
006 (9445501.000.000) 03/23 22:06:34 Image size of job updated: 81770432
	21442  -  MemoryUsage of job (MB)
	21956012  -  ResidentSetSize of job (KB)
...
006 (9445501.000.000) 03/23 22:11:35 Image size of job updated: 82082264
	21442  -  MemoryUsage of job (MB)
	21956012  -  ResidentSetSize of job (KB)
...
006 (9445501.000.000) 03/23 22:16:35 Image size of job updated: 83642844
	21442  -  MemoryUsage of job (MB)
	21956012  -  ResidentSetSize of job (KB)
...
006 (9445501.000.000) 03/23 22:21:36 Image size of job updated: 85325416
	21442  -  MemoryUsage of job (MB)
	21956012  -  ResidentSetSize of job (KB)
...
006 (9445501.000.000) 03/23 22:26:37 Image size of job updated: 87262824
	21442  -  MemoryUsage of job (MB)
	21956012  -  ResidentSetSize of job (KB)
...
006 (9445501.000.000) 03/23 22:31:37 Image size of job updated: 96468120
	25699  -  MemoryUsage of job (MB)
	26315076  -  ResidentSetSize of job (KB)
...
006 (9445501.000.000) 03/23 22:36:37 Image size of job updated: 107454504
	25700  -  MemoryUsage of job (MB)
	26316320  -  ResidentSetSize of job (KB)
...
006 (9445501.000.000) 03/23 22:41:38 Image size of job updated: 107476380
	25700  -  MemoryUsage of job (MB)
	26316320  -  ResidentSetSize of job (KB)
...
006 (9445501.000.000) 03/23 22:46:38 Image size of job updated: 107510756
	25700  -  MemoryUsage of job (MB)
	26316320  -  ResidentSetSize of job (KB)
...
006 (9445501.000.000) 03/23 22:51:38 Image size of job updated: 107545912
	25700  -  MemoryUsage of job (MB)
	26316320  -  ResidentSetSize of job (KB)
...
006 (9445501.000.000) 03/23 22:56:39 Image size of job updated: 107581068
	25700  -  MemoryUsage of job (MB)
	26316320  -  ResidentSetSize of job (KB)
...
006 (9445501.000.000) 03/23 23:01:40 Image size of job updated: 107615444
	25700  -  MemoryUsage of job (MB)
	26316320  -  ResidentSetSize of job (KB)
...
006 (9445501.000.000) 03/23 23:06:40 Image size of job updated: 107649040
	25700  -  MemoryUsage of job (MB)
	26316320  -  ResidentSetSize of job (KB)
...
006 (9445501.000.000) 03/23 23:11:41 Image size of job updated: 107682876
	25700  -  MemoryUsage of job (MB)
	26316320  -  ResidentSetSize of job (KB)
...
006 (9445501.000.000) 03/23 23:16:42 Image size of job updated: 107714908
	25700  -  MemoryUsage of job (MB)
	26316320  -  ResidentSetSize of job (KB)
...
006 (9445501.000.000) 03/23 23:21:42 Image size of job updated: 107746940
	25700  -  MemoryUsage of job (MB)
	26316320  -  ResidentSetSize of job (KB)
...
006 (9445501.000.000) 03/23 23:26:42 Image size of job updated: 107780736
	25700  -  MemoryUsage of job (MB)
	26316320  -  ResidentSetSize of job (KB)
...
006 (9445501.000.000) 03/23 23:31:43 Image size of job updated: 107818032
	25700  -  MemoryUsage of job (MB)
	26316320  -  ResidentSetSize of job (KB)
...
006 (9445501.000.000) 03/23 23:36:44 Image size of job updated: 107852404
	25700  -  MemoryUsage of job (MB)
	26316320  -  ResidentSetSize of job (KB)
...
006 (9445501.000.000) 03/23 23:41:44 Image size of job updated: 107886804
	25700  -  MemoryUsage of job (MB)
	26316320  -  ResidentSetSize of job (KB)
...
006 (9445501.000.000) 03/23 23:46:45 Image size of job updated: 107920272
	25700  -  MemoryUsage of job (MB)
	26316320  -  ResidentSetSize of job (KB)
...
006 (9445501.000.000) 03/23 23:51:46 Image size of job updated: 107954644
	25700  -  MemoryUsage of job (MB)
	26316320  -  ResidentSetSize of job (KB)
...
006 (9445501.000.000) 03/23 23:56:46 Image size of job updated: 107988112
	25700  -  MemoryUsage of job (MB)
	26316320  -  ResidentSetSize of job (KB)
...
006 (9445501.000.000) 03/24 00:01:46 Image size of job updated: 108020676
	25700  -  MemoryUsage of job (MB)
	26316320  -  ResidentSetSize of job (KB)
...
006 (9445501.000.000) 03/24 00:06:48 Image size of job updated: 108054144
	25700  -  MemoryUsage of job (MB)
	26316320  -  ResidentSetSize of job (KB)
...
006 (9445501.000.000) 03/24 00:11:48 Image size of job updated: 108085852
	25700  -  MemoryUsage of job (MB)
	26316320  -  ResidentSetSize of job (KB)
...
006 (9445501.000.000) 03/24 00:16:48 Image size of job updated: 108119592
	25700  -  MemoryUsage of job (MB)
	26316320  -  ResidentSetSize of job (KB)
...
006 (9445501.000.000) 03/24 00:21:49 Image size of job updated: 108152152
	25700  -  MemoryUsage of job (MB)
	26316320  -  ResidentSetSize of job (KB)
...
006 (9445501.000.000) 03/24 00:26:50 Image size of job updated: 108183812
	25700  -  MemoryUsage of job (MB)
	26316320  -  ResidentSetSize of job (KB)
...
006 (9445501.000.000) 03/24 00:31:50 Image size of job updated: 108217276
	25700  -  MemoryUsage of job (MB)
	26316320  -  ResidentSetSize of job (KB)
...
006 (9445501.000.000) 03/24 00:36:51 Image size of job updated: 108250392
	25700  -  MemoryUsage of job (MB)
	26316320  -  ResidentSetSize of job (KB)
...
006 (9445501.000.000) 03/24 00:41:52 Image size of job updated: 108283868
	25700  -  MemoryUsage of job (MB)
	26316320  -  ResidentSetSize of job (KB)
...
006 (9445501.000.000) 03/24 00:46:52 Image size of job updated: 108317332
	25700  -  MemoryUsage of job (MB)
	26316320  -  ResidentSetSize of job (KB)
...
006 (9445501.000.000) 03/24 00:51:53 Image size of job updated: 108350812
	25700  -  MemoryUsage of job (MB)
	26316320  -  ResidentSetSize of job (KB)
...
006 (9445501.000.000) 03/24 00:56:54 Image size of job updated: 108384404
	25700  -  MemoryUsage of job (MB)
	26316320  -  ResidentSetSize of job (KB)
...
006 (9445501.000.000) 03/24 01:01:54 Image size of job updated: 108416964
	25700  -  MemoryUsage of job (MB)
	26316320  -  ResidentSetSize of job (KB)
...
006 (9445501.000.000) 03/24 01:06:54 Image size of job updated: 108450432
	25700  -  MemoryUsage of job (MB)
	26316320  -  ResidentSetSize of job (KB)
...
006 (9445501.000.000) 03/24 01:11:55 Image size of job updated: 108483908
	25700  -  MemoryUsage of job (MB)
	26316320  -  ResidentSetSize of job (KB)
...
006 (9445501.000.000) 03/24 01:16:56 Image size of job updated: 108518396
	25700  -  MemoryUsage of job (MB)
	26316320  -  ResidentSetSize of job (KB)
...
006 (9445501.000.000) 03/24 01:21:56 Image size of job updated: 108550956
	25700  -  MemoryUsage of job (MB)
	26316320  -  ResidentSetSize of job (KB)
...
006 (9445501.000.000) 03/24 01:26:57 Image size of job updated: 108584436
	25700  -  MemoryUsage of job (MB)
	26316320  -  ResidentSetSize of job (KB)
...
006 (9445501.000.000) 03/24 01:31:58 Image size of job updated: 108616996
	25700  -  MemoryUsage of job (MB)
	26316320  -  ResidentSetSize of job (KB)
...
006 (9445501.000.000) 03/24 01:36:58 Image size of job updated: 108650452
	25700  -  MemoryUsage of job (MB)
	26316320  -  ResidentSetSize of job (KB)
...
006 (9445501.000.000) 03/24 01:41:58 Image size of job updated: 108683924
	25700  -  MemoryUsage of job (MB)
	26316320  -  ResidentSetSize of job (KB)
...
006 (9445501.000.000) 03/24 01:46:59 Image size of job updated: 108717388
	25700  -  MemoryUsage of job (MB)
	26316320  -  ResidentSetSize of job (KB)
...
006 (9445501.000.000) 03/24 01:51:59 Image size of job updated: 108750860
	25700  -  MemoryUsage of job (MB)
	26316320  -  ResidentSetSize of job (KB)
...
006 (9445501.000.000) 03/24 01:56:59 Image size of job updated: 108784316
	25700  -  MemoryUsage of job (MB)
	26316320  -  ResidentSetSize of job (KB)
...
006 (9445501.000.000) 03/24 02:02:00 Image size of job updated: 108818684
	25700  -  MemoryUsage of job (MB)
	26316320  -  ResidentSetSize of job (KB)
...
006 (9445501.000.000) 03/24 02:07:01 Image size of job updated: 108851256
	25700  -  MemoryUsage of job (MB)
	26316320  -  ResidentSetSize of job (KB)
...
006 (9445501.000.000) 03/24 02:12:01 Image size of job updated: 108884728
	25700  -  MemoryUsage of job (MB)
	26316320  -  ResidentSetSize of job (KB)
...
006 (9445501.000.000) 03/24 02:17:02 Image size of job updated: 108920008
	25700  -  MemoryUsage of job (MB)
	26316320  -  ResidentSetSize of job (KB)
...
006 (9445501.000.000) 03/24 02:22:03 Image size of job updated: 108953468
	25700  -  MemoryUsage of job (MB)
	26316320  -  ResidentSetSize of job (KB)
...
006 (9445501.000.000) 03/24 02:27:03 Image size of job updated: 108987840
	25700  -  MemoryUsage of job (MB)
	26316320  -  ResidentSetSize of job (KB)
...
006 (9445501.000.000) 03/24 02:32:03 Image size of job updated: 109022220
	25700  -  MemoryUsage of job (MB)
	26316320  -  ResidentSetSize of job (KB)
...
006 (9445501.000.000) 03/24 02:37:04 Image size of job updated: 109057144
	25700  -  MemoryUsage of job (MB)
	26316320  -  ResidentSetSize of job (KB)
...
006 (9445501.000.000) 03/24 02:42:04 Image size of job updated: 109090620
	25700  -  MemoryUsage of job (MB)
	26316320  -  ResidentSetSize of job (KB)
...
006 (9445501.000.000) 03/24 02:47:04 Image size of job updated: 109127224
	25700  -  MemoryUsage of job (MB)
	26316320  -  ResidentSetSize of job (KB)
...
006 (9445501.000.000) 03/24 02:52:05 Image size of job updated: 109163276
	25700  -  MemoryUsage of job (MB)
	26316320  -  ResidentSetSize of job (KB)
...
006 (9445501.000.000) 03/24 02:57:05 Image size of job updated: 109198592
	25700  -  MemoryUsage of job (MB)
	26316320  -  ResidentSetSize of job (KB)
...
006 (9445501.000.000) 03/24 03:02:05 Image size of job updated: 109233864
	25700  -  MemoryUsage of job (MB)
	26316320  -  ResidentSetSize of job (KB)
...
006 (9445501.000.000) 03/24 03:07:06 Image size of job updated: 109269136
	25700  -  MemoryUsage of job (MB)
	26316320  -  ResidentSetSize of job (KB)
...
006 (9445501.000.000) 03/24 03:12:07 Image size of job updated: 109305272
	25700  -  MemoryUsage of job (MB)
	26316320  -  ResidentSetSize of job (KB)
...
006 (9445501.000.000) 03/24 03:17:07 Image size of job updated: 109342360
	25700  -  MemoryUsage of job (MB)
	26316320  -  ResidentSetSize of job (KB)
...
006 (9445501.000.000) 03/24 03:22:08 Image size of job updated: 109378216
	25700  -  MemoryUsage of job (MB)
	26316320  -  ResidentSetSize of job (KB)
...
006 (9445501.000.000) 03/24 03:27:09 Image size of job updated: 109415420
	25700  -  MemoryUsage of job (MB)
	26316320  -  ResidentSetSize of job (KB)
...
006 (9445501.000.000) 03/24 03:32:09 Image size of job updated: 109450696
	25700  -  MemoryUsage of job (MB)
	26316320  -  ResidentSetSize of job (KB)
...
006 (9445501.000.000) 03/24 03:37:09 Image size of job updated: 109485068
	25700  -  MemoryUsage of job (MB)
	26316320  -  ResidentSetSize of job (KB)
...
006 (9445501.000.000) 03/24 03:42:10 Image size of job updated: 109519452
	25700  -  MemoryUsage of job (MB)
	26316320  -  ResidentSetSize of job (KB)
...
006 (9445501.000.000) 03/24 03:47:11 Image size of job updated: 109556248
	25700  -  MemoryUsage of job (MB)
	26316320  -  ResidentSetSize of job (KB)
...
006 (9445501.000.000) 03/24 03:52:11 Image size of job updated: 109591540
	25700  -  MemoryUsage of job (MB)
	26316320  -  ResidentSetSize of job (KB)
...
006 (9445501.000.000) 03/24 03:57:12 Image size of job updated: 109627720
	25700  -  MemoryUsage of job (MB)
	26316320  -  ResidentSetSize of job (KB)
...
006 (9445501.000.000) 03/24 04:02:13 Image size of job updated: 109662088
	25700  -  MemoryUsage of job (MB)
	26316320  -  ResidentSetSize of job (KB)
...
006 (9445501.000.000) 03/24 04:07:13 Image size of job updated: 109697360
	25700  -  MemoryUsage of job (MB)
	26316320  -  ResidentSetSize of job (KB)
...
006 (9445501.000.000) 03/24 04:12:13 Image size of job updated: 109732632
	25700  -  MemoryUsage of job (MB)
	26316320  -  ResidentSetSize of job (KB)
...
006 (9445501.000.000) 03/24 04:17:14 Image size of job updated: 109767008
	25700  -  MemoryUsage of job (MB)
	26316320  -  ResidentSetSize of job (KB)
...
006 (9445501.000.000) 03/24 04:22:14 Image size of job updated: 109804432
	25700  -  MemoryUsage of job (MB)
	26316320  -  ResidentSetSize of job (KB)
...
006 (9445501.000.000) 03/24 04:27:14 Image size of job updated: 109846948
	25700  -  MemoryUsage of job (MB)
	26316320  -  ResidentSetSize of job (KB)
...
006 (9445501.000.000) 03/24 04:32:15 Image size of job updated: 109889472
	25700  -  MemoryUsage of job (MB)
	26316320  -  ResidentSetSize of job (KB)
...
006 (9445501.000.000) 03/24 04:37:16 Image size of job updated: 109928376
	25700  -  MemoryUsage of job (MB)
	26316320  -  ResidentSetSize of job (KB)
...
006 (9445501.000.000) 03/24 04:42:16 Image size of job updated: 109968416
	25700  -  MemoryUsage of job (MB)
	26316320  -  ResidentSetSize of job (KB)
...
006 (9445501.000.000) 03/24 04:47:16 Image size of job updated: 110007300
	25700  -  MemoryUsage of job (MB)
	26316320  -  ResidentSetSize of job (KB)
...
006 (9445501.000.000) 03/24 04:52:17 Image size of job updated: 110048008
	25700  -  MemoryUsage of job (MB)
	26316320  -  ResidentSetSize of job (KB)
...
006 (9445501.000.000) 03/24 04:57:18 Image size of job updated: 110089612
	25700  -  MemoryUsage of job (MB)
	26316320  -  ResidentSetSize of job (KB)
...
006 (9445501.000.000) 03/24 05:02:18 Image size of job updated: 110129412
	25700  -  MemoryUsage of job (MB)
	26316320  -  ResidentSetSize of job (KB)
...
006 (9445501.000.000) 03/24 05:07:19 Image size of job updated: 110173736
	25700  -  MemoryUsage of job (MB)
	26316320  -  ResidentSetSize of job (KB)
...
006 (9445501.000.000) 03/24 05:12:20 Image size of job updated: 110216244
	25700  -  MemoryUsage of job (MB)
	26316320  -  ResidentSetSize of job (KB)
...
006 (9445501.000.000) 03/24 05:17:20 Image size of job updated: 110257052
	25700  -  MemoryUsage of job (MB)
	26316320  -  ResidentSetSize of job (KB)
...
006 (9445501.000.000) 03/24 05:22:20 Image size of job updated: 110296856
	25700  -  MemoryUsage of job (MB)
	26316320  -  ResidentSetSize of job (KB)
...
006 (9445501.000.000) 03/24 05:27:21 Image size of job updated: 110335756
	25700  -  MemoryUsage of job (MB)
	26316320  -  ResidentSetSize of job (KB)
...
006 (9445501.000.000) 03/24 05:32:21 Image size of job updated: 110376464
	25700  -  MemoryUsage of job (MB)
	26316320  -  ResidentSetSize of job (KB)
...
006 (9445501.000.000) 03/24 05:37:22 Image size of job updated: 110416884
	25700  -  MemoryUsage of job (MB)
	26316320  -  ResidentSetSize of job (KB)
...
006 (9445501.000.000) 03/24 05:42:23 Image size of job updated: 110457288
	25700  -  MemoryUsage of job (MB)
	26316320  -  ResidentSetSize of job (KB)
...
006 (9445501.000.000) 03/24 05:47:23 Image size of job updated: 110496932
	25700  -  MemoryUsage of job (MB)
	26316320  -  ResidentSetSize of job (KB)
...
006 (9445501.000.000) 03/24 05:52:23 Image size of job updated: 110538532
	25700  -  MemoryUsage of job (MB)
	26316320  -  ResidentSetSize of job (KB)
...
006 (9445501.000.000) 03/24 05:57:24 Image size of job updated: 110577428
	25700  -  MemoryUsage of job (MB)
	26316320  -  ResidentSetSize of job (KB)
...
006 (9445501.000.000) 03/24 06:02:25 Image size of job updated: 110617220
	25700  -  MemoryUsage of job (MB)
	26316320  -  ResidentSetSize of job (KB)
...
006 (9445501.000.000) 03/24 06:07:25 Image size of job updated: 110657924
	25700  -  MemoryUsage of job (MB)
	26316320  -  ResidentSetSize of job (KB)
...
006 (9445501.000.000) 03/24 06:12:26 Image size of job updated: 110696828
	25700  -  MemoryUsage of job (MB)
	26316320  -  ResidentSetSize of job (KB)
...
006 (9445501.000.000) 03/24 06:17:27 Image size of job updated: 110734280
	25700  -  MemoryUsage of job (MB)
	26316320  -  ResidentSetSize of job (KB)
...
006 (9445501.000.000) 03/24 06:22:27 Image size of job updated: 110774084
	25700  -  MemoryUsage of job (MB)
	26316320  -  ResidentSetSize of job (KB)
...
006 (9445501.000.000) 03/24 06:27:27 Image size of job updated: 110812076
	25700  -  MemoryUsage of job (MB)
	26316320  -  ResidentSetSize of job (KB)
...
006 (9445501.000.000) 03/24 06:32:28 Image size of job updated: 110850976
	25700  -  MemoryUsage of job (MB)
	26316320  -  ResidentSetSize of job (KB)
...
006 (9445501.000.000) 03/24 06:37:28 Image size of job updated: 110889868
	25700  -  MemoryUsage of job (MB)
	26316320  -  ResidentSetSize of job (KB)
...
006 (9445501.000.000) 03/24 06:42:28 Image size of job updated: 110926684
	25700  -  MemoryUsage of job (MB)
	26316320  -  ResidentSetSize of job (KB)
...
006 (9445501.000.000) 03/24 06:47:29 Image size of job updated: 110964300
	25700  -  MemoryUsage of job (MB)
	26316320  -  ResidentSetSize of job (KB)
...
006 (9445501.000.000) 03/24 06:52:30 Image size of job updated: 111001384
	25700  -  MemoryUsage of job (MB)
	26316320  -  ResidentSetSize of job (KB)
...
006 (9445501.000.000) 03/24 06:57:30 Image size of job updated: 111038476
	25700  -  MemoryUsage of job (MB)
	26316320  -  ResidentSetSize of job (KB)
...
006 (9445501.000.000) 03/24 07:02:30 Image size of job updated: 111077476
	25700  -  MemoryUsage of job (MB)
	26316320  -  ResidentSetSize of job (KB)
...
006 (9445501.000.000) 03/24 07:07:31 Image size of job updated: 111115464
	25700  -  MemoryUsage of job (MB)
	26316320  -  ResidentSetSize of job (KB)
...
006 (9445501.000.000) 03/24 07:12:31 Image size of job updated: 111155480
	25700  -  MemoryUsage of job (MB)
	26316320  -  ResidentSetSize of job (KB)
...
006 (9445501.000.000) 03/24 07:17:31 Image size of job updated: 111191336
	25700  -  MemoryUsage of job (MB)
	26316320  -  ResidentSetSize of job (KB)
...
006 (9445501.000.000) 03/24 07:22:32 Image size of job updated: 111227524
	25700  -  MemoryUsage of job (MB)
	26316320  -  ResidentSetSize of job (KB)
...
006 (9445501.000.000) 03/24 07:27:33 Image size of job updated: 111262828
	25700  -  MemoryUsage of job (MB)
	26316320  -  ResidentSetSize of job (KB)
...
006 (9445501.000.000) 03/24 07:32:33 Image size of job updated: 111300908
	25700  -  MemoryUsage of job (MB)
	26316320  -  ResidentSetSize of job (KB)
...
006 (9445501.000.000) 03/24 07:37:34 Image size of job updated: 111337088
	25700  -  MemoryUsage of job (MB)
	26316320  -  ResidentSetSize of job (KB)
...
006 (9445501.000.000) 03/24 07:42:35 Image size of job updated: 111378504
	25700  -  MemoryUsage of job (MB)
	26316320  -  ResidentSetSize of job (KB)
...
006 (9445501.000.000) 03/24 07:47:35 Image size of job updated: 111414692
	25700  -  MemoryUsage of job (MB)
	26316320  -  ResidentSetSize of job (KB)
...
006 (9445501.000.000) 03/24 07:52:35 Image size of job updated: 111448720
	25700  -  MemoryUsage of job (MB)
	26316320  -  ResidentSetSize of job (KB)
...
006 (9445501.000.000) 03/24 07:57:36 Image size of job updated: 111481396
	25700  -  MemoryUsage of job (MB)
	26316320  -  ResidentSetSize of job (KB)
...
006 (9445501.000.000) 03/24 08:02:37 Image size of job updated: 111512156
	25700  -  MemoryUsage of job (MB)
	26316320  -  ResidentSetSize of job (KB)
...
006 (9445501.000.000) 03/24 08:07:37 Image size of job updated: 111543804
	25700  -  MemoryUsage of job (MB)
	26316320  -  ResidentSetSize of job (KB)
...
006 (9445501.000.000) 03/24 08:12:38 Image size of job updated: 111576376
	25700  -  MemoryUsage of job (MB)
	26316320  -  ResidentSetSize of job (KB)
...
006 (9445501.000.000) 03/24 08:17:39 Image size of job updated: 111609844
	25700  -  MemoryUsage of job (MB)
	26316320  -  ResidentSetSize of job (KB)
...
006 (9445501.000.000) 03/24 08:22:39 Image size of job updated: 111646032
	25700  -  MemoryUsage of job (MB)
	26316320  -  ResidentSetSize of job (KB)
...
006 (9445501.000.000) 03/24 08:27:40 Image size of job updated: 111683112
	25700  -  MemoryUsage of job (MB)
	26316320  -  ResidentSetSize of job (KB)
...
006 (9445501.000.000) 03/24 08:32:41 Image size of job updated: 111722016
	25700  -  MemoryUsage of job (MB)
	26316320  -  ResidentSetSize of job (KB)
...
006 (9445501.000.000) 03/24 08:37:41 Image size of job updated: 111760912
	25700  -  MemoryUsage of job (MB)
	26316320  -  ResidentSetSize of job (KB)
...
006 (9445501.000.000) 03/24 08:42:41 Image size of job updated: 111798944
	25700  -  MemoryUsage of job (MB)
	26316320  -  ResidentSetSize of job (KB)
...
006 (9445501.000.000) 03/24 08:47:42 Image size of job updated: 111837852
	25700  -  MemoryUsage of job (MB)
	26316320  -  ResidentSetSize of job (KB)
...
006 (9445501.000.000) 03/24 08:52:43 Image size of job updated: 111874932
	25700  -  MemoryUsage of job (MB)
	26316320  -  ResidentSetSize of job (KB)
...
006 (9445501.000.000) 03/24 08:57:43 Image size of job updated: 111913820
	25700  -  MemoryUsage of job (MB)
	26316320  -  ResidentSetSize of job (KB)
...
006 (9445501.000.000) 03/24 09:02:44 Image size of job updated: 111953340
	25700  -  MemoryUsage of job (MB)
	26316320  -  ResidentSetSize of job (KB)
...
006 (9445501.000.000) 03/24 09:07:45 Image size of job updated: 111992860
	25700  -  MemoryUsage of job (MB)
	26316320  -  ResidentSetSize of job (KB)
...
006 (9445501.000.000) 03/24 09:12:45 Image size of job updated: 112032372
	25700  -  MemoryUsage of job (MB)
	26316320  -  ResidentSetSize of job (KB)
...
006 (9445501.000.000) 03/24 09:17:45 Image size of job updated: 112070844
	25700  -  MemoryUsage of job (MB)
	26316320  -  ResidentSetSize of job (KB)
...
006 (9445501.000.000) 03/24 09:22:46 Image size of job updated: 112110388
	25700  -  MemoryUsage of job (MB)
	26316320  -  ResidentSetSize of job (KB)
...
006 (9445501.000.000) 03/24 09:27:46 Image size of job updated: 112145748
	25700  -  MemoryUsage of job (MB)
	26316320  -  ResidentSetSize of job (KB)
...
006 (9445501.000.000) 03/24 09:32:46 Image size of job updated: 112181256
	25700  -  MemoryUsage of job (MB)
	26316320  -  ResidentSetSize of job (KB)
...
006 (9445501.000.000) 03/24 09:37:47 Image size of job updated: 112216700
	25700  -  MemoryUsage of job (MB)
	26316320  -  ResidentSetSize of job (KB)
...
006 (9445501.000.000) 03/24 09:42:48 Image size of job updated: 112249980
	25700  -  MemoryUsage of job (MB)
	26316320  -  ResidentSetSize of job (KB)
...
006 (9445501.000.000) 03/24 09:47:48 Image size of job updated: 112285356
	25700  -  MemoryUsage of job (MB)
	26316320  -  ResidentSetSize of job (KB)
...
006 (9445501.000.000) 03/24 09:52:49 Image size of job updated: 112320720
	25700  -  MemoryUsage of job (MB)
	26316320  -  ResidentSetSize of job (KB)
...
006 (9445501.000.000) 03/24 09:57:50 Image size of job updated: 112358180
	25700  -  MemoryUsage of job (MB)
	26316320  -  ResidentSetSize of job (KB)
...
006 (9445501.000.000) 03/24 10:02:50 Image size of job updated: 112394572
	25700  -  MemoryUsage of job (MB)
	26316320  -  ResidentSetSize of job (KB)
...
006 (9445501.000.000) 03/24 10:07:50 Image size of job updated: 112430280
	25700  -  MemoryUsage of job (MB)
	26316320  -  ResidentSetSize of job (KB)
...
006 (9445501.000.000) 03/24 10:12:51 Image size of job updated: 112466684
	25700  -  MemoryUsage of job (MB)
	26316320  -  ResidentSetSize of job (KB)
...
006 (9445501.000.000) 03/24 10:17:51 Image size of job updated: 112505528
	25700  -  MemoryUsage of job (MB)
	26316320  -  ResidentSetSize of job (KB)
...
006 (9445501.000.000) 03/24 10:22:51 Image size of job updated: 112540880
	25700  -  MemoryUsage of job (MB)
	26316320  -  ResidentSetSize of job (KB)
...
006 (9445501.000.000) 03/24 10:27:52 Image size of job updated: 112577304
	25700  -  MemoryUsage of job (MB)
	26316320  -  ResidentSetSize of job (KB)
...
006 (9445501.000.000) 03/24 10:32:53 Image size of job updated: 112612660
	25700  -  MemoryUsage of job (MB)
	26316320  -  ResidentSetSize of job (KB)
...
006 (9445501.000.000) 03/24 10:37:53 Image size of job updated: 112649060
	25700  -  MemoryUsage of job (MB)
	26316320  -  ResidentSetSize of job (KB)
...
006 (9445501.000.000) 03/24 10:42:55 Image size of job updated: 112687544
	25700  -  MemoryUsage of job (MB)
	26316320  -  ResidentSetSize of job (KB)
...
006 (9445501.000.000) 03/24 10:47:55 Image size of job updated: 112723944
	25700  -  MemoryUsage of job (MB)
	26316320  -  ResidentSetSize of job (KB)
...
006 (9445501.000.000) 03/24 10:52:55 Image size of job updated: 112766588
	25700  -  MemoryUsage of job (MB)
	26316320  -  ResidentSetSize of job (KB)
...
006 (9445501.000.000) 03/24 10:57:56 Image size of job updated: 112804156
	25700  -  MemoryUsage of job (MB)
	26316320  -  ResidentSetSize of job (KB)
...
006 (9445501.000.000) 03/24 11:02:57 Image size of job updated: 112840552
	25700  -  MemoryUsage of job (MB)
	26316320  -  ResidentSetSize of job (KB)
...
006 (9445501.000.000) 03/24 11:07:57 Image size of job updated: 112880084
	25700  -  MemoryUsage of job (MB)
	26316320  -  ResidentSetSize of job (KB)
...
006 (9445501.000.000) 03/24 11:12:57 Image size of job updated: 112919616
	25700  -  MemoryUsage of job (MB)
	26316320  -  ResidentSetSize of job (KB)
...
006 (9445501.000.000) 03/24 11:17:58 Image size of job updated: 112957044
	25700  -  MemoryUsage of job (MB)
	26316320  -  ResidentSetSize of job (KB)
...
006 (9445501.000.000) 03/24 11:22:58 Image size of job updated: 112993456
	25700  -  MemoryUsage of job (MB)
	26316320  -  ResidentSetSize of job (KB)
...
006 (9445501.000.000) 03/24 11:27:58 Image size of job updated: 113030908
	25700  -  MemoryUsage of job (MB)
	26316320  -  ResidentSetSize of job (KB)
...
006 (9445501.000.000) 03/24 11:32:59 Image size of job updated: 113066284
	25700  -  MemoryUsage of job (MB)
	26316320  -  ResidentSetSize of job (KB)
...
006 (9445501.000.000) 03/24 11:38:00 Image size of job updated: 113103736
	25700  -  MemoryUsage of job (MB)
	26316320  -  ResidentSetSize of job (KB)
...
006 (9445501.000.000) 03/24 11:43:00 Image size of job updated: 113141180
	25700  -  MemoryUsage of job (MB)
	26316320  -  ResidentSetSize of job (KB)
...
006 (9445501.000.000) 03/24 11:48:00 Image size of job updated: 113175512
	25700  -  MemoryUsage of job (MB)
	26316320  -  ResidentSetSize of job (KB)
...
006 (9445501.000.000) 03/24 11:53:01 Image size of job updated: 113212920
	25700  -  MemoryUsage of job (MB)
	26316320  -  ResidentSetSize of job (KB)
...
006 (9445501.000.000) 03/24 11:58:01 Image size of job updated: 113249312
	25700  -  MemoryUsage of job (MB)
	26316320  -  ResidentSetSize of job (KB)
...
006 (9445501.000.000) 03/24 12:03:01 Image size of job updated: 113286824
	25700  -  MemoryUsage of job (MB)
	26316320  -  ResidentSetSize of job (KB)
...
006 (9445501.000.000) 03/24 12:08:02 Image size of job updated: 113323152
	25700  -  MemoryUsage of job (MB)
	26316320  -  ResidentSetSize of job (KB)
...
006 (9445501.000.000) 03/24 12:13:02 Image size of job updated: 113360140
	25700  -  MemoryUsage of job (MB)
	26316320  -  ResidentSetSize of job (KB)
...
006 (9445501.000.000) 03/24 12:18:02 Image size of job updated: 113396536
	25700  -  MemoryUsage of job (MB)
	26316320  -  ResidentSetSize of job (KB)
...
006 (9445501.000.000) 03/24 12:23:03 Image size of job updated: 113435976
	25700  -  MemoryUsage of job (MB)
	26316320  -  ResidentSetSize of job (KB)
...
006 (9445501.000.000) 03/24 12:28:04 Image size of job updated: 113475496
	25700  -  MemoryUsage of job (MB)
	26316320  -  ResidentSetSize of job (KB)
...
006 (9445501.000.000) 03/24 12:33:04 Image size of job updated: 113512952
	25700  -  MemoryUsage of job (MB)
	26316320  -  ResidentSetSize of job (KB)
...
006 (9445501.000.000) 03/24 12:38:05 Image size of job updated: 113551436
	25700  -  MemoryUsage of job (MB)
	26316320  -  ResidentSetSize of job (KB)
...
006 (9445501.000.000) 03/24 12:43:06 Image size of job updated: 113589916
	25700  -  MemoryUsage of job (MB)
	26316320  -  ResidentSetSize of job (KB)
...
006 (9445501.000.000) 03/24 12:48:06 Image size of job updated: 113629440
	25700  -  MemoryUsage of job (MB)
	26316320  -  ResidentSetSize of job (KB)
...
006 (9445501.000.000) 03/24 12:53:06 Image size of job updated: 113670012
	25700  -  MemoryUsage of job (MB)
	26316320  -  ResidentSetSize of job (KB)
...
006 (9445501.000.000) 03/24 12:58:07 Image size of job updated: 113709532
	25700  -  MemoryUsage of job (MB)
	26316320  -  ResidentSetSize of job (KB)
...
006 (9445501.000.000) 03/24 13:03:07 Image size of job updated: 113749684
	25700  -  MemoryUsage of job (MB)
	26316320  -  ResidentSetSize of job (KB)
...
006 (9445501.000.000) 03/24 13:08:07 Image size of job updated: 113789220
	25700  -  MemoryUsage of job (MB)
	26316320  -  ResidentSetSize of job (KB)
...
006 (9445501.000.000) 03/24 13:13:08 Image size of job updated: 113828740
	25700  -  MemoryUsage of job (MB)
	26316320  -  ResidentSetSize of job (KB)
...
006 (9445501.000.000) 03/24 13:18:09 Image size of job updated: 113868792
	25700  -  MemoryUsage of job (MB)
	26316320  -  ResidentSetSize of job (KB)
...
006 (9445501.000.000) 03/24 13:23:09 Image size of job updated: 113909332
	25700  -  MemoryUsage of job (MB)
	26316320  -  ResidentSetSize of job (KB)
...
006 (9445501.000.000) 03/24 13:28:10 Image size of job updated: 113949052
	25700  -  MemoryUsage of job (MB)
	26316320  -  ResidentSetSize of job (KB)
...
006 (9445501.000.000) 03/24 13:33:11 Image size of job updated: 113989608
	25700  -  MemoryUsage of job (MB)
	26316320  -  ResidentSetSize of job (KB)
...
006 (9445501.000.000) 03/24 13:38:11 Image size of job updated: 114028096
	25700  -  MemoryUsage of job (MB)
	26316320  -  ResidentSetSize of job (KB)
...
006 (9445501.000.000) 03/24 13:43:11 Image size of job updated: 114067620
	25700  -  MemoryUsage of job (MB)
	26316320  -  ResidentSetSize of job (KB)
...
006 (9445501.000.000) 03/24 13:48:12 Image size of job updated: 114104016
	25700  -  MemoryUsage of job (MB)
	26316320  -  ResidentSetSize of job (KB)
...
006 (9445501.000.000) 03/24 13:53:13 Image size of job updated: 114145488
	25700  -  MemoryUsage of job (MB)
	26316320  -  ResidentSetSize of job (KB)
...
006 (9445501.000.000) 03/24 13:58:13 Image size of job updated: 114189172
	25700  -  MemoryUsage of job (MB)
	26316320  -  ResidentSetSize of job (KB)
...
006 (9445501.000.000) 03/24 14:03:14 Image size of job updated: 114232860
	25700  -  MemoryUsage of job (MB)
	26316320  -  ResidentSetSize of job (KB)
...
006 (9445501.000.000) 03/24 14:08:15 Image size of job updated: 114274460
	25700  -  MemoryUsage of job (MB)
	26316320  -  ResidentSetSize of job (KB)
...
006 (9445501.000.000) 03/24 14:13:15 Image size of job updated: 114317092
	25700  -  MemoryUsage of job (MB)
	26316320  -  ResidentSetSize of job (KB)
...
006 (9445501.000.000) 03/24 14:18:15 Image size of job updated: 114357648
	25700  -  MemoryUsage of job (MB)
	26316320  -  ResidentSetSize of job (KB)
...
006 (9445501.000.000) 03/24 14:23:16 Image size of job updated: 114397156
	25700  -  MemoryUsage of job (MB)
	26316320  -  ResidentSetSize of job (KB)
...
006 (9445501.000.000) 03/24 14:28:17 Image size of job updated: 114436680
	25700  -  MemoryUsage of job (MB)
	26316320  -  ResidentSetSize of job (KB)
...
006 (9445501.000.000) 03/24 14:33:17 Image size of job updated: 114475160
	25700  -  MemoryUsage of job (MB)
	26316320  -  ResidentSetSize of job (KB)
...
006 (9445501.000.000) 03/24 14:38:18 Image size of job updated: 114514680
	25700  -  MemoryUsage of job (MB)
	26316320  -  ResidentSetSize of job (KB)
...
006 (9445501.000.000) 03/24 14:43:19 Image size of job updated: 114552628
	25700  -  MemoryUsage of job (MB)
	26316320  -  ResidentSetSize of job (KB)
...
006 (9445501.000.000) 03/24 14:48:19 Image size of job updated: 114590076
	25700  -  MemoryUsage of job (MB)
	26316320  -  ResidentSetSize of job (KB)
...
006 (9445501.000.000) 03/24 14:53:19 Image size of job updated: 114628540
	25700  -  MemoryUsage of job (MB)
	26316320  -  ResidentSetSize of job (KB)
...
006 (9445501.000.000) 03/24 14:58:21 Image size of job updated: 114667024
	25700  -  MemoryUsage of job (MB)
	26316320  -  ResidentSetSize of job (KB)
...
006 (9445501.000.000) 03/24 15:03:21 Image size of job updated: 114705504
	25700  -  MemoryUsage of job (MB)
	26316320  -  ResidentSetSize of job (KB)
...
006 (9445501.000.000) 03/24 15:08:21 Image size of job updated: 114742948
	25700  -  MemoryUsage of job (MB)
	26316320  -  ResidentSetSize of job (KB)
...
006 (9445501.000.000) 03/24 15:13:22 Image size of job updated: 114781428
	25700  -  MemoryUsage of job (MB)
	26316320  -  ResidentSetSize of job (KB)
...
006 (9445501.000.000) 03/24 15:18:23 Image size of job updated: 114817844
	25700  -  MemoryUsage of job (MB)
	26316320  -  ResidentSetSize of job (KB)
...
006 (9445501.000.000) 03/24 15:23:23 Image size of job updated: 114854852
	25700  -  MemoryUsage of job (MB)
	26316320  -  ResidentSetSize of job (KB)
...
006 (9445501.000.000) 03/24 15:28:23 Image size of job updated: 114891984
	25700  -  MemoryUsage of job (MB)
	26316320  -  ResidentSetSize of job (KB)
...
006 (9445501.000.000) 03/24 15:33:24 Image size of job updated: 114929428
	25700  -  MemoryUsage of job (MB)
	26316320  -  ResidentSetSize of job (KB)
...
006 (9445501.000.000) 03/24 15:38:24 Image size of job updated: 114966940
	25700  -  MemoryUsage of job (MB)
	26316320  -  ResidentSetSize of job (KB)
...
006 (9445501.000.000) 03/24 15:43:24 Image size of job updated: 115004392
	25700  -  MemoryUsage of job (MB)
	26316320  -  ResidentSetSize of job (KB)
...
006 (9445501.000.000) 03/24 15:48:25 Image size of job updated: 115040812
	25700  -  MemoryUsage of job (MB)
	26316320  -  ResidentSetSize of job (KB)
...
006 (9445501.000.000) 03/24 15:53:26 Image size of job updated: 115080340
	25700  -  MemoryUsage of job (MB)
	26316320  -  ResidentSetSize of job (KB)
...
006 (9445501.000.000) 03/24 15:58:26 Image size of job updated: 115117784
	25700  -  MemoryUsage of job (MB)
	26316320  -  ResidentSetSize of job (KB)
...
006 (9445501.000.000) 03/24 16:03:26 Image size of job updated: 115155252
	25700  -  MemoryUsage of job (MB)
	26316320  -  ResidentSetSize of job (KB)
...
006 (9445501.000.000) 03/24 16:08:27 Image size of job updated: 115192696
	25700  -  MemoryUsage of job (MB)
	26316320  -  ResidentSetSize of job (KB)
...
006 (9445501.000.000) 03/24 16:13:27 Image size of job updated: 115229096
	25700  -  MemoryUsage of job (MB)
	26316320  -  ResidentSetSize of job (KB)
...
006 (9445501.000.000) 03/24 16:18:27 Image size of job updated: 115266336
	25700  -  MemoryUsage of job (MB)
	26316320  -  ResidentSetSize of job (KB)
...
006 (9445501.000.000) 03/24 16:23:28 Image size of job updated: 115304824
	25700  -  MemoryUsage of job (MB)
	26316320  -  ResidentSetSize of job (KB)
...
006 (9445501.000.000) 03/24 16:28:29 Image size of job updated: 115341232
	25700  -  MemoryUsage of job (MB)
	26316320  -  ResidentSetSize of job (KB)
...
006 (9445501.000.000) 03/24 16:33:29 Image size of job updated: 115377396
	25700  -  MemoryUsage of job (MB)
	26316320  -  ResidentSetSize of job (KB)
...
006 (9445501.000.000) 03/24 16:38:30 Image size of job updated: 115416916
	25700  -  MemoryUsage of job (MB)
	26316320  -  ResidentSetSize of job (KB)
...
006 (9445501.000.000) 03/24 16:43:31 Image size of job updated: 115454380
	25700  -  MemoryUsage of job (MB)
	26316320  -  ResidentSetSize of job (KB)
...
006 (9445501.000.000) 03/24 16:48:31 Image size of job updated: 115491824
	25700  -  MemoryUsage of job (MB)
	26316320  -  ResidentSetSize of job (KB)
...
006 (9445501.000.000) 03/24 16:53:32 Image size of job updated: 115530368
	25700  -  MemoryUsage of job (MB)
	26316320  -  ResidentSetSize of job (KB)
...
006 (9445501.000.000) 03/24 16:58:33 Image size of job updated: 115566780
	25700  -  MemoryUsage of job (MB)
	26316320  -  ResidentSetSize of job (KB)
...
006 (9445501.000.000) 03/24 17:03:33 Image size of job updated: 115605268
	25700  -  MemoryUsage of job (MB)
	26316320  -  ResidentSetSize of job (KB)
...
006 (9445501.000.000) 03/24 17:08:33 Image size of job updated: 115641668
	25700  -  MemoryUsage of job (MB)
	26316320  -  ResidentSetSize of job (KB)
...
006 (9445501.000.000) 03/24 17:13:34 Image size of job updated: 115680160
	25700  -  MemoryUsage of job (MB)
	26316320  -  ResidentSetSize of job (KB)
...
006 (9445501.000.000) 03/24 17:18:35 Image size of job updated: 115716556
	25700  -  MemoryUsage of job (MB)
	26316320  -  ResidentSetSize of job (KB)
...
006 (9445501.000.000) 03/24 17:23:35 Image size of job updated: 115754016
	25700  -  MemoryUsage of job (MB)
	26316320  -  ResidentSetSize of job (KB)
...
006 (9445501.000.000) 03/24 17:28:36 Image size of job updated: 115793528
	25700  -  MemoryUsage of job (MB)
	26316320  -  ResidentSetSize of job (KB)
...
006 (9445501.000.000) 03/24 17:33:37 Image size of job updated: 115832020
	25700  -  MemoryUsage of job (MB)
	26316320  -  ResidentSetSize of job (KB)
...
006 (9445501.000.000) 03/24 17:38:37 Image size of job updated: 115870492
	25700  -  MemoryUsage of job (MB)
	26316320  -  ResidentSetSize of job (KB)
...
006 (9445501.000.000) 03/24 17:43:37 Image size of job updated: 115908184
	25700  -  MemoryUsage of job (MB)
	26316320  -  ResidentSetSize of job (KB)
...
006 (9445501.000.000) 03/24 17:48:38 Image size of job updated: 115943548
	25700  -  MemoryUsage of job (MB)
	26316320  -  ResidentSetSize of job (KB)
...
006 (9445501.000.000) 03/24 17:53:38 Image size of job updated: 115979944
	25700  -  MemoryUsage of job (MB)
	26316320  -  ResidentSetSize of job (KB)
...
006 (9445501.000.000) 03/24 17:58:38 Image size of job updated: 116018412
	25700  -  MemoryUsage of job (MB)
	26316320  -  ResidentSetSize of job (KB)
...
006 (9445501.000.000) 03/24 18:03:39 Image size of job updated: 116054820
	25700  -  MemoryUsage of job (MB)
	26316320  -  ResidentSetSize of job (KB)
...
006 (9445501.000.000) 03/24 18:08:40 Image size of job updated: 116092264
	25700  -  MemoryUsage of job (MB)
	26316320  -  ResidentSetSize of job (KB)
...
006 (9445501.000.000) 03/24 18:13:40 Image size of job updated: 116129716
	25700  -  MemoryUsage of job (MB)
	26316320  -  ResidentSetSize of job (KB)
...
006 (9445501.000.000) 03/24 18:18:41 Image size of job updated: 116168212
	25700  -  MemoryUsage of job (MB)
	26316320  -  ResidentSetSize of job (KB)
...
006 (9445501.000.000) 03/24 18:23:42 Image size of job updated: 116206716
	25700  -  MemoryUsage of job (MB)
	26316320  -  ResidentSetSize of job (KB)
...
006 (9445501.000.000) 03/24 18:28:42 Image size of job updated: 116246252
	25700  -  MemoryUsage of job (MB)
	26316320  -  ResidentSetSize of job (KB)
...
006 (9445501.000.000) 03/24 18:33:42 Image size of job updated: 116286804
	25700  -  MemoryUsage of job (MB)
	26316320  -  ResidentSetSize of job (KB)
...
006 (9445501.000.000) 03/24 18:38:43 Image size of job updated: 116331516
	25700  -  MemoryUsage of job (MB)
	26316320  -  ResidentSetSize of job (KB)
...
006 (9445501.000.000) 03/24 18:43:44 Image size of job updated: 116375200
	25700  -  MemoryUsage of job (MB)
	26316320  -  ResidentSetSize of job (KB)
...
006 (9445501.000.000) 03/24 18:48:44 Image size of job updated: 116419936
	25700  -  MemoryUsage of job (MB)
	26316320  -  ResidentSetSize of job (KB)
...
006 (9445501.000.000) 03/24 18:53:44 Image size of job updated: 147466184
	27611  -  MemoryUsage of job (MB)
	28272644  -  ResidentSetSize of job (KB)
...
006 (9445501.000.000) 03/24 18:58:45 Image size of job updated: 147466184
	27648  -  MemoryUsage of job (MB)
	28310772  -  ResidentSetSize of job (KB)
...
006 (9445501.000.000) 03/24 19:03:45 Image size of job updated: 147466184
	27686  -  MemoryUsage of job (MB)
	28349688  -  ResidentSetSize of job (KB)
...
006 (9445501.000.000) 03/24 19:08:45 Image size of job updated: 147466184
	27723  -  MemoryUsage of job (MB)
	28388228  -  ResidentSetSize of job (KB)
...
006 (9445501.000.000) 03/24 19:13:46 Image size of job updated: 147466184
	27761  -  MemoryUsage of job (MB)
	28426844  -  ResidentSetSize of job (KB)
...
006 (9445501.000.000) 03/24 19:18:47 Image size of job updated: 147466184
	27782  -  MemoryUsage of job (MB)
	28448604  -  ResidentSetSize of job (KB)
...
006 (9445501.000.000) 03/25 15:45:48 Image size of job updated: 156536472
	27782  -  MemoryUsage of job (MB)
	28448604  -  ResidentSetSize of job (KB)
...
040 (9445501.000.000) 03/25 16:51:31 Started transferring output files
...
040 (9445501.000.000) 03/25 16:51:31 Finished transferring output files
...
005 (9445501.000.000) 03/25 16:51:31 Job terminated.
	(1) Normal termination (return value 137)
		Usr 1 18:59:01, Sys 0 00:41:43  -  Run Remote Usage
		Usr 0 00:00:00, Sys 0 00:00:00  -  Run Local Usage
		Usr 1 18:59:01, Sys 0 00:41:43  -  Total Remote Usage
		Usr 0 00:00:00, Sys 0 00:00:00  -  Total Local Usage
	7181787  -  Run Bytes Sent By Job
	200  -  Run Bytes Received By Job
	7181787  -  Total Bytes Sent By Job
	200  -  Total Bytes Received By Job
	Partitionable Resources :    Usage  Request Allocated 
	   Cpus                 :     0.24        1         1 
	   Disk (KB)            :  7036           1   1228891 
	   Memory (MB)          : 27782        2000      2000 

	Job terminated of its own accord at 2024-03-25T15:51:29Z.
...
