000 (9445509.000.000) 03/23 14:38:41 Job submitted from host: <137.138.156.150:9618?addrs=137.138.156.150-9618+[2001-1458-d00-14--9a]-9618&alias=bigbird13.cern.ch&noUDP&sock=schedd_5144_ef43>
...
040 (9445509.000.000) 03/23 16:00:49 Started transferring input files
	Transferring to host: <128.142.58.101:9618?addrs=128.142.58.101-9618&alias=b7s03p2983.cern.ch&noUDP&sock=slot1_3_6919_cfb2_81493>
...
040 (9445509.000.000) 03/23 16:00:49 Finished transferring input files
...
001 (9445509.000.000) 03/23 16:00:50 Job executing on host: <128.142.58.101:9618?addrs=128.142.58.101-9618&alias=b7s03p2983.cern.ch&noUDP&sock=startd_6854_da35>
...
006 (9445509.000.000) 03/23 16:00:59 Image size of job updated: 389100
	84  -  MemoryUsage of job (MB)
	85660  -  ResidentSetSize of job (KB)
...
006 (9445509.000.000) 03/23 16:06:00 Image size of job updated: 615700
	85  -  MemoryUsage of job (MB)
	86188  -  ResidentSetSize of job (KB)
...
006 (9445509.000.000) 03/23 16:11:00 Image size of job updated: 615856
	85  -  MemoryUsage of job (MB)
	86724  -  ResidentSetSize of job (KB)
...
006 (9445509.000.000) 03/23 16:16:00 Image size of job updated: 616880
	86  -  MemoryUsage of job (MB)
	87172  -  ResidentSetSize of job (KB)
...
006 (9445509.000.000) 03/23 16:21:01 Image size of job updated: 616880
	86  -  MemoryUsage of job (MB)
	87592  -  ResidentSetSize of job (KB)
...
006 (9445509.000.000) 03/23 16:26:02 Image size of job updated: 5495400
	2750  -  MemoryUsage of job (MB)
	2815308  -  ResidentSetSize of job (KB)
...
006 (9445509.000.000) 03/23 16:31:02 Image size of job updated: 9997948
	7103  -  MemoryUsage of job (MB)
	7272924  -  ResidentSetSize of job (KB)
...
006 (9445509.000.000) 03/23 16:36:02 Image size of job updated: 14662048
	11646  -  MemoryUsage of job (MB)
	11925492  -  ResidentSetSize of job (KB)
...
006 (9445509.000.000) 03/23 16:41:03 Image size of job updated: 18996604
	16049  -  MemoryUsage of job (MB)
	16433312  -  ResidentSetSize of job (KB)
...
006 (9445509.000.000) 03/23 16:46:03 Image size of job updated: 23589652
	16049  -  MemoryUsage of job (MB)
	16433312  -  ResidentSetSize of job (KB)
...
006 (9445509.000.000) 03/23 16:51:03 Image size of job updated: 28039980
	16049  -  MemoryUsage of job (MB)
	16433312  -  ResidentSetSize of job (KB)
...
006 (9445509.000.000) 03/23 16:56:04 Image size of job updated: 32522704
	17585  -  MemoryUsage of job (MB)
	18006796  -  ResidentSetSize of job (KB)
...
006 (9445509.000.000) 03/23 17:01:05 Image size of job updated: 36755844
	21719  -  MemoryUsage of job (MB)
	22239760  -  ResidentSetSize of job (KB)
...
006 (9445509.000.000) 03/23 17:06:05 Image size of job updated: 41276196
	21719  -  MemoryUsage of job (MB)
	22239836  -  ResidentSetSize of job (KB)
...
006 (9445509.000.000) 03/23 17:11:05 Image size of job updated: 45972904
	25321  -  MemoryUsage of job (MB)
	25927956  -  ResidentSetSize of job (KB)
...
006 (9445509.000.000) 03/23 17:16:06 Image size of job updated: 49248988
	25820  -  MemoryUsage of job (MB)
	26439004  -  ResidentSetSize of job (KB)
...
006 (9445509.000.000) 03/23 17:21:07 Image size of job updated: 60445644
	40967  -  MemoryUsage of job (MB)
	41949580  -  ResidentSetSize of job (KB)
...
006 (9445509.000.000) 03/23 17:26:07 Image size of job updated: 60476112
	40967  -  MemoryUsage of job (MB)
	41949580  -  ResidentSetSize of job (KB)
...
006 (9445509.000.000) 03/23 17:31:08 Image size of job updated: 60509708
	40967  -  MemoryUsage of job (MB)
	41949580  -  ResidentSetSize of job (KB)
...
006 (9445509.000.000) 03/23 17:36:09 Image size of job updated: 60544084
	40967  -  MemoryUsage of job (MB)
	41949580  -  ResidentSetSize of job (KB)
...
006 (9445509.000.000) 03/23 17:41:09 Image size of job updated: 60578460
	40967  -  MemoryUsage of job (MB)
	41949580  -  ResidentSetSize of job (KB)
...
006 (9445509.000.000) 03/23 17:46:09 Image size of job updated: 60615180
	40967  -  MemoryUsage of job (MB)
	41949580  -  ResidentSetSize of job (KB)
...
006 (9445509.000.000) 03/23 17:51:10 Image size of job updated: 60649556
	40967  -  MemoryUsage of job (MB)
	41949580  -  ResidentSetSize of job (KB)
...
006 (9445509.000.000) 03/23 17:56:11 Image size of job updated: 60681828
	40967  -  MemoryUsage of job (MB)
	41949580  -  ResidentSetSize of job (KB)
...
006 (9445509.000.000) 03/23 18:01:11 Image size of job updated: 60717464
	40967  -  MemoryUsage of job (MB)
	41949580  -  ResidentSetSize of job (KB)
...
006 (9445509.000.000) 03/23 18:06:12 Image size of job updated: 60753648
	40967  -  MemoryUsage of job (MB)
	41949580  -  ResidentSetSize of job (KB)
...
006 (9445509.000.000) 03/23 18:11:13 Image size of job updated: 60788924
	40967  -  MemoryUsage of job (MB)
	41949580  -  ResidentSetSize of job (KB)
...
006 (9445509.000.000) 03/23 18:16:13 Image size of job updated: 60823288
	40967  -  MemoryUsage of job (MB)
	41949580  -  ResidentSetSize of job (KB)
...
006 (9445509.000.000) 03/23 18:21:13 Image size of job updated: 60856972
	40967  -  MemoryUsage of job (MB)
	41949580  -  ResidentSetSize of job (KB)
...
006 (9445509.000.000) 03/23 18:26:14 Image size of job updated: 60890448
	40967  -  MemoryUsage of job (MB)
	41949580  -  ResidentSetSize of job (KB)
...
006 (9445509.000.000) 03/23 18:31:14 Image size of job updated: 60924816
	40967  -  MemoryUsage of job (MB)
	41949580  -  ResidentSetSize of job (KB)
...
006 (9445509.000.000) 03/23 18:36:14 Image size of job updated: 60958276
	40967  -  MemoryUsage of job (MB)
	41949580  -  ResidentSetSize of job (KB)
...
006 (9445509.000.000) 03/23 18:41:15 Image size of job updated: 60991740
	40967  -  MemoryUsage of job (MB)
	41949580  -  ResidentSetSize of job (KB)
...
006 (9445509.000.000) 03/23 18:46:16 Image size of job updated: 61024308
	40967  -  MemoryUsage of job (MB)
	41949580  -  ResidentSetSize of job (KB)
...
006 (9445509.000.000) 03/23 18:51:16 Image size of job updated: 61056872
	40967  -  MemoryUsage of job (MB)
	41949580  -  ResidentSetSize of job (KB)
...
006 (9445509.000.000) 03/23 18:56:17 Image size of job updated: 61088592
	40967  -  MemoryUsage of job (MB)
	41949580  -  ResidentSetSize of job (KB)
...
006 (9445509.000.000) 03/23 19:01:18 Image size of job updated: 61121432
	40967  -  MemoryUsage of job (MB)
	41949580  -  ResidentSetSize of job (KB)
...
006 (9445509.000.000) 03/23 19:06:18 Image size of job updated: 61154888
	40967  -  MemoryUsage of job (MB)
	41949580  -  ResidentSetSize of job (KB)
...
006 (9445509.000.000) 03/23 19:11:19 Image size of job updated: 61187452
	40967  -  MemoryUsage of job (MB)
	41949580  -  ResidentSetSize of job (KB)
...
006 (9445509.000.000) 03/23 19:16:20 Image size of job updated: 61220916
	40967  -  MemoryUsage of job (MB)
	41949580  -  ResidentSetSize of job (KB)
...
006 (9445509.000.000) 03/23 19:21:20 Image size of job updated: 61254380
	40967  -  MemoryUsage of job (MB)
	41949580  -  ResidentSetSize of job (KB)
...
006 (9445509.000.000) 03/23 19:26:20 Image size of job updated: 61287560
	40967  -  MemoryUsage of job (MB)
	41949580  -  ResidentSetSize of job (KB)
...
006 (9445509.000.000) 03/23 19:31:21 Image size of job updated: 61322848
	40967  -  MemoryUsage of job (MB)
	41949580  -  ResidentSetSize of job (KB)
...
006 (9445509.000.000) 03/23 19:36:21 Image size of job updated: 61359028
	40967  -  MemoryUsage of job (MB)
	41949580  -  ResidentSetSize of job (KB)
...
006 (9445509.000.000) 03/23 19:41:21 Image size of job updated: 61396124
	40967  -  MemoryUsage of job (MB)
	41949580  -  ResidentSetSize of job (KB)
...
006 (9445509.000.000) 03/23 19:46:22 Image size of job updated: 61435020
	40967  -  MemoryUsage of job (MB)
	41949580  -  ResidentSetSize of job (KB)
...
006 (9445509.000.000) 03/23 19:51:23 Image size of job updated: 61472100
	40967  -  MemoryUsage of job (MB)
	41949580  -  ResidentSetSize of job (KB)
...
006 (9445509.000.000) 03/23 19:56:23 Image size of job updated: 61510220
	40967  -  MemoryUsage of job (MB)
	41949580  -  ResidentSetSize of job (KB)
...
006 (9445509.000.000) 03/23 20:01:23 Image size of job updated: 61543688
	40967  -  MemoryUsage of job (MB)
	41949580  -  ResidentSetSize of job (KB)
...
006 (9445509.000.000) 03/23 20:06:24 Image size of job updated: 61575340
	40967  -  MemoryUsage of job (MB)
	41949580  -  ResidentSetSize of job (KB)
...
006 (9445509.000.000) 03/23 20:11:24 Image size of job updated: 61608816
	40967  -  MemoryUsage of job (MB)
	41949580  -  ResidentSetSize of job (KB)
...
006 (9445509.000.000) 03/23 20:16:24 Image size of job updated: 61639572
	40967  -  MemoryUsage of job (MB)
	41949580  -  ResidentSetSize of job (KB)
...
006 (9445509.000.000) 03/23 20:21:25 Image size of job updated: 61671220
	40967  -  MemoryUsage of job (MB)
	41949580  -  ResidentSetSize of job (KB)
...
006 (9445509.000.000) 03/23 20:26:26 Image size of job updated: 61702880
	40967  -  MemoryUsage of job (MB)
	41949580  -  ResidentSetSize of job (KB)
...
006 (9445509.000.000) 03/23 20:31:26 Image size of job updated: 61734536
	40967  -  MemoryUsage of job (MB)
	41949580  -  ResidentSetSize of job (KB)
...
006 (9445509.000.000) 03/23 20:36:27 Image size of job updated: 61767100
	40967  -  MemoryUsage of job (MB)
	41949580  -  ResidentSetSize of job (KB)
...
006 (9445509.000.000) 03/23 20:41:28 Image size of job updated: 61796948
	40967  -  MemoryUsage of job (MB)
	41949580  -  ResidentSetSize of job (KB)
...
006 (9445509.000.000) 03/23 20:46:28 Image size of job updated: 61827688
	40967  -  MemoryUsage of job (MB)
	41949580  -  ResidentSetSize of job (KB)
...
006 (9445509.000.000) 03/23 20:51:28 Image size of job updated: 61859356
	40967  -  MemoryUsage of job (MB)
	41949580  -  ResidentSetSize of job (KB)
...
006 (9445509.000.000) 03/23 20:56:29 Image size of job updated: 61891020
	40967  -  MemoryUsage of job (MB)
	41949580  -  ResidentSetSize of job (KB)
...
006 (9445509.000.000) 03/23 21:01:29 Image size of job updated: 61921780
	40967  -  MemoryUsage of job (MB)
	41949580  -  ResidentSetSize of job (KB)
...
006 (9445509.000.000) 03/23 21:06:29 Image size of job updated: 61952532
	40967  -  MemoryUsage of job (MB)
	41949580  -  ResidentSetSize of job (KB)
...
006 (9445509.000.000) 03/23 21:11:30 Image size of job updated: 61982372
	40967  -  MemoryUsage of job (MB)
	41949580  -  ResidentSetSize of job (KB)
...
006 (9445509.000.000) 03/23 21:16:31 Image size of job updated: 62013132
	40967  -  MemoryUsage of job (MB)
	41949580  -  ResidentSetSize of job (KB)
...
006 (9445509.000.000) 03/23 21:21:31 Image size of job updated: 62042988
	40967  -  MemoryUsage of job (MB)
	41949580  -  ResidentSetSize of job (KB)
...
006 (9445509.000.000) 03/23 21:26:32 Image size of job updated: 62075264
	40967  -  MemoryUsage of job (MB)
	41949580  -  ResidentSetSize of job (KB)
...
006 (9445509.000.000) 03/23 21:31:33 Image size of job updated: 62108740
	40967  -  MemoryUsage of job (MB)
	41949580  -  ResidentSetSize of job (KB)
...
006 (9445509.000.000) 03/23 21:36:33 Image size of job updated: 62143536
	40967  -  MemoryUsage of job (MB)
	41949580  -  ResidentSetSize of job (KB)
...
006 (9445509.000.000) 03/23 21:41:33 Image size of job updated: 62177728
	40967  -  MemoryUsage of job (MB)
	41949580  -  ResidentSetSize of job (KB)
...
006 (9445509.000.000) 03/23 21:46:34 Image size of job updated: 62211164
	40967  -  MemoryUsage of job (MB)
	41949580  -  ResidentSetSize of job (KB)
...
006 (9445509.000.000) 03/23 21:51:34 Image size of job updated: 62243720
	40967  -  MemoryUsage of job (MB)
	41949580  -  ResidentSetSize of job (KB)
...
006 (9445509.000.000) 03/23 21:56:34 Image size of job updated: 62276272
	40967  -  MemoryUsage of job (MB)
	41949580  -  ResidentSetSize of job (KB)
...
006 (9445509.000.000) 03/23 22:01:35 Image size of job updated: 62308740
	40967  -  MemoryUsage of job (MB)
	41949580  -  ResidentSetSize of job (KB)
...
006 (9445509.000.000) 03/23 22:06:36 Image size of job updated: 62342204
	40967  -  MemoryUsage of job (MB)
	41949580  -  ResidentSetSize of job (KB)
...
006 (9445509.000.000) 03/23 22:11:36 Image size of job updated: 62375804
	40967  -  MemoryUsage of job (MB)
	41949580  -  ResidentSetSize of job (KB)
...
006 (9445509.000.000) 03/23 22:16:37 Image size of job updated: 62412436
	40967  -  MemoryUsage of job (MB)
	41949580  -  ResidentSetSize of job (KB)
...
006 (9445509.000.000) 03/23 22:21:38 Image size of job updated: 62452228
	40967  -  MemoryUsage of job (MB)
	41949580  -  ResidentSetSize of job (KB)
...
006 (9445509.000.000) 03/23 22:26:38 Image size of job updated: 62487512
	40967  -  MemoryUsage of job (MB)
	41949580  -  ResidentSetSize of job (KB)
...
006 (9445509.000.000) 03/23 22:31:38 Image size of job updated: 62520076
	40967  -  MemoryUsage of job (MB)
	41949580  -  ResidentSetSize of job (KB)
...
006 (9445509.000.000) 03/23 22:36:39 Image size of job updated: 62554460
	40967  -  MemoryUsage of job (MB)
	41949580  -  ResidentSetSize of job (KB)
...
006 (9445509.000.000) 03/23 22:41:40 Image size of job updated: 62588608
	40967  -  MemoryUsage of job (MB)
	41949580  -  ResidentSetSize of job (KB)
...
006 (9445509.000.000) 03/23 22:46:40 Image size of job updated: 62622988
	40967  -  MemoryUsage of job (MB)
	41949580  -  ResidentSetSize of job (KB)
...
006 (9445509.000.000) 03/23 22:51:41 Image size of job updated: 62657360
	40967  -  MemoryUsage of job (MB)
	41949580  -  ResidentSetSize of job (KB)
...
006 (9445509.000.000) 03/23 22:56:42 Image size of job updated: 62692632
	40967  -  MemoryUsage of job (MB)
	41949580  -  ResidentSetSize of job (KB)
...
006 (9445509.000.000) 03/23 23:01:42 Image size of job updated: 62725192
	40967  -  MemoryUsage of job (MB)
	41949580  -  ResidentSetSize of job (KB)
...
006 (9445509.000.000) 03/23 23:06:42 Image size of job updated: 62757748
	40967  -  MemoryUsage of job (MB)
	41949580  -  ResidentSetSize of job (KB)
...
006 (9445509.000.000) 03/23 23:11:43 Image size of job updated: 62791224
	40967  -  MemoryUsage of job (MB)
	41949580  -  ResidentSetSize of job (KB)
...
006 (9445509.000.000) 03/23 23:16:44 Image size of job updated: 62823216
	40967  -  MemoryUsage of job (MB)
	41949580  -  ResidentSetSize of job (KB)
...
006 (9445509.000.000) 03/23 23:21:44 Image size of job updated: 62855784
	40967  -  MemoryUsage of job (MB)
	41949580  -  ResidentSetSize of job (KB)
...
006 (9445509.000.000) 03/23 23:26:45 Image size of job updated: 62890164
	40967  -  MemoryUsage of job (MB)
	41949580  -  ResidentSetSize of job (KB)
...
006 (9445509.000.000) 03/23 23:31:46 Image size of job updated: 62928168
	40967  -  MemoryUsage of job (MB)
	41949580  -  ResidentSetSize of job (KB)
...
006 (9445509.000.000) 03/23 23:36:46 Image size of job updated: 62964348
	40967  -  MemoryUsage of job (MB)
	41949580  -  ResidentSetSize of job (KB)
...
006 (9445509.000.000) 03/23 23:41:46 Image size of job updated: 62999868
	40967  -  MemoryUsage of job (MB)
	41949580  -  ResidentSetSize of job (KB)
...
006 (9445509.000.000) 03/23 23:46:47 Image size of job updated: 63036040
	40967  -  MemoryUsage of job (MB)
	41949580  -  ResidentSetSize of job (KB)
...
006 (9445509.000.000) 03/23 23:51:48 Image size of job updated: 63069508
	40967  -  MemoryUsage of job (MB)
	41949580  -  ResidentSetSize of job (KB)
...
006 (9445509.000.000) 03/23 23:56:48 Image size of job updated: 63105692
	40967  -  MemoryUsage of job (MB)
	41949580  -  ResidentSetSize of job (KB)
...
006 (9445509.000.000) 03/24 00:01:49 Image size of job updated: 63144580
	40967  -  MemoryUsage of job (MB)
	41949580  -  ResidentSetSize of job (KB)
...
006 (9445509.000.000) 03/24 00:06:50 Image size of job updated: 63180756
	40967  -  MemoryUsage of job (MB)
	41949580  -  ResidentSetSize of job (KB)
...
006 (9445509.000.000) 03/24 00:11:50 Image size of job updated: 63219656
	40967  -  MemoryUsage of job (MB)
	41949580  -  ResidentSetSize of job (KB)
...
006 (9445509.000.000) 03/24 00:16:50 Image size of job updated: 63260468
	40967  -  MemoryUsage of job (MB)
	41949580  -  ResidentSetSize of job (KB)
...
006 (9445509.000.000) 03/24 00:21:51 Image size of job updated: 63295744
	40967  -  MemoryUsage of job (MB)
	41949580  -  ResidentSetSize of job (KB)
...
006 (9445509.000.000) 03/24 00:26:51 Image size of job updated: 63329208
	40967  -  MemoryUsage of job (MB)
	41949580  -  ResidentSetSize of job (KB)
...
006 (9445509.000.000) 03/24 00:31:51 Image size of job updated: 63361776
	40967  -  MemoryUsage of job (MB)
	41949580  -  ResidentSetSize of job (KB)
...
006 (9445509.000.000) 03/24 00:36:52 Image size of job updated: 63393444
	40967  -  MemoryUsage of job (MB)
	41949580  -  ResidentSetSize of job (KB)
...
006 (9445509.000.000) 03/24 00:41:53 Image size of job updated: 63426132
	40967  -  MemoryUsage of job (MB)
	41949580  -  ResidentSetSize of job (KB)
...
006 (9445509.000.000) 03/24 00:46:53 Image size of job updated: 63457844
	40967  -  MemoryUsage of job (MB)
	41949580  -  ResidentSetSize of job (KB)
...
006 (9445509.000.000) 03/24 00:51:53 Image size of job updated: 63487808
	40967  -  MemoryUsage of job (MB)
	41949580  -  ResidentSetSize of job (KB)
...
006 (9445509.000.000) 03/24 00:56:54 Image size of job updated: 63520216
	40967  -  MemoryUsage of job (MB)
	41949580  -  ResidentSetSize of job (KB)
...
006 (9445509.000.000) 03/24 01:01:54 Image size of job updated: 63552772
	40967  -  MemoryUsage of job (MB)
	41949580  -  ResidentSetSize of job (KB)
...
006 (9445509.000.000) 03/24 01:06:54 Image size of job updated: 63583524
	40967  -  MemoryUsage of job (MB)
	41949580  -  ResidentSetSize of job (KB)
...
006 (9445509.000.000) 03/24 01:11:55 Image size of job updated: 63616088
	40967  -  MemoryUsage of job (MB)
	41949580  -  ResidentSetSize of job (KB)
...
006 (9445509.000.000) 03/24 01:16:55 Image size of job updated: 63647740
	40967  -  MemoryUsage of job (MB)
	41949580  -  ResidentSetSize of job (KB)
...
006 (9445509.000.000) 03/24 01:21:55 Image size of job updated: 63681208
	40967  -  MemoryUsage of job (MB)
	41949580  -  ResidentSetSize of job (KB)
...
006 (9445509.000.000) 03/24 01:26:56 Image size of job updated: 63716488
	40967  -  MemoryUsage of job (MB)
	41949580  -  ResidentSetSize of job (KB)
...
006 (9445509.000.000) 03/24 01:31:57 Image size of job updated: 63753940
	40967  -  MemoryUsage of job (MB)
	41949580  -  ResidentSetSize of job (KB)
...
006 (9445509.000.000) 03/24 01:36:57 Image size of job updated: 63791932
	40967  -  MemoryUsage of job (MB)
	41949580  -  ResidentSetSize of job (KB)
...
006 (9445509.000.000) 03/24 01:41:57 Image size of job updated: 63831740
	40967  -  MemoryUsage of job (MB)
	41949580  -  ResidentSetSize of job (KB)
...
006 (9445509.000.000) 03/24 01:46:58 Image size of job updated: 63870640
	40967  -  MemoryUsage of job (MB)
	41949580  -  ResidentSetSize of job (KB)
...
006 (9445509.000.000) 03/24 01:51:58 Image size of job updated: 63910440
	40967  -  MemoryUsage of job (MB)
	41949580  -  ResidentSetSize of job (KB)
...
006 (9445509.000.000) 03/24 01:56:58 Image size of job updated: 63948156
	40967  -  MemoryUsage of job (MB)
	41949580  -  ResidentSetSize of job (KB)
...
006 (9445509.000.000) 03/24 02:01:59 Image size of job updated: 63983056
	40967  -  MemoryUsage of job (MB)
	41949580  -  ResidentSetSize of job (KB)
...
006 (9445509.000.000) 03/24 02:07:00 Image size of job updated: 64017432
	40967  -  MemoryUsage of job (MB)
	41949580  -  ResidentSetSize of job (KB)
...
006 (9445509.000.000) 03/24 02:12:00 Image size of job updated: 64054512
	40967  -  MemoryUsage of job (MB)
	41949580  -  ResidentSetSize of job (KB)
...
006 (9445509.000.000) 03/24 02:17:01 Image size of job updated: 64092620
	40967  -  MemoryUsage of job (MB)
	41949580  -  ResidentSetSize of job (KB)
...
006 (9445509.000.000) 03/24 02:22:02 Image size of job updated: 64126984
	40967  -  MemoryUsage of job (MB)
	41949580  -  ResidentSetSize of job (KB)
...
006 (9445509.000.000) 03/24 02:27:02 Image size of job updated: 64162268
	40967  -  MemoryUsage of job (MB)
	41949580  -  ResidentSetSize of job (KB)
...
006 (9445509.000.000) 03/24 02:32:02 Image size of job updated: 64198336
	40967  -  MemoryUsage of job (MB)
	41949580  -  ResidentSetSize of job (KB)
...
006 (9445509.000.000) 03/24 02:37:03 Image size of job updated: 64234520
	40967  -  MemoryUsage of job (MB)
	41949580  -  ResidentSetSize of job (KB)
...
006 (9445509.000.000) 03/24 02:42:03 Image size of job updated: 64271296
	40967  -  MemoryUsage of job (MB)
	41949580  -  ResidentSetSize of job (KB)
...
006 (9445509.000.000) 03/24 02:47:03 Image size of job updated: 64307128
	40967  -  MemoryUsage of job (MB)
	41949580  -  ResidentSetSize of job (KB)
...
006 (9445509.000.000) 03/24 02:52:04 Image size of job updated: 64343184
	40967  -  MemoryUsage of job (MB)
	41949580  -  ResidentSetSize of job (KB)
...
006 (9445509.000.000) 03/24 02:57:05 Image size of job updated: 64379364
	40967  -  MemoryUsage of job (MB)
	41949580  -  ResidentSetSize of job (KB)
...
006 (9445509.000.000) 03/24 03:02:05 Image size of job updated: 64416260
	40967  -  MemoryUsage of job (MB)
	41949580  -  ResidentSetSize of job (KB)
...
006 (9445509.000.000) 03/24 03:07:05 Image size of job updated: 64450636
	40967  -  MemoryUsage of job (MB)
	41949580  -  ResidentSetSize of job (KB)
...
006 (9445509.000.000) 03/24 03:12:07 Image size of job updated: 64481948
	40967  -  MemoryUsage of job (MB)
	41949580  -  ResidentSetSize of job (KB)
...
006 (9445509.000.000) 03/24 03:17:07 Image size of job updated: 64511916
	40967  -  MemoryUsage of job (MB)
	41949580  -  ResidentSetSize of job (KB)
...
006 (9445509.000.000) 03/24 03:22:07 Image size of job updated: 64542676
	40967  -  MemoryUsage of job (MB)
	41949580  -  ResidentSetSize of job (KB)
...
006 (9445509.000.000) 03/24 03:27:08 Image size of job updated: 64575232
	40967  -  MemoryUsage of job (MB)
	41949580  -  ResidentSetSize of job (KB)
...
006 (9445509.000.000) 03/24 03:32:09 Image size of job updated: 64607800
	40967  -  MemoryUsage of job (MB)
	41949580  -  ResidentSetSize of job (KB)
...
006 (9445509.000.000) 03/24 03:37:09 Image size of job updated: 64641268
	40967  -  MemoryUsage of job (MB)
	41949580  -  ResidentSetSize of job (KB)
...
006 (9445509.000.000) 03/24 03:42:10 Image size of job updated: 64674744
	40967  -  MemoryUsage of job (MB)
	41949580  -  ResidentSetSize of job (KB)
...
006 (9445509.000.000) 03/24 03:47:11 Image size of job updated: 64706392
	40967  -  MemoryUsage of job (MB)
	41949580  -  ResidentSetSize of job (KB)
...
006 (9445509.000.000) 03/24 03:52:11 Image size of job updated: 64738064
	40967  -  MemoryUsage of job (MB)
	41949580  -  ResidentSetSize of job (KB)
...
006 (9445509.000.000) 03/24 03:57:12 Image size of job updated: 64768816
	40967  -  MemoryUsage of job (MB)
	41949580  -  ResidentSetSize of job (KB)
...
006 (9445509.000.000) 03/24 04:02:13 Image size of job updated: 64798664
	40967  -  MemoryUsage of job (MB)
	41949580  -  ResidentSetSize of job (KB)
...
006 (9445509.000.000) 03/24 04:07:13 Image size of job updated: 64832176
	40967  -  MemoryUsage of job (MB)
	41949580  -  ResidentSetSize of job (KB)
...
006 (9445509.000.000) 03/24 04:12:13 Image size of job updated: 64864752
	40967  -  MemoryUsage of job (MB)
	41949580  -  ResidentSetSize of job (KB)
...
006 (9445509.000.000) 03/24 04:17:14 Image size of job updated: 64896408
	40967  -  MemoryUsage of job (MB)
	41949580  -  ResidentSetSize of job (KB)
...
006 (9445509.000.000) 03/24 04:22:14 Image size of job updated: 64937856
	40967  -  MemoryUsage of job (MB)
	41949580  -  ResidentSetSize of job (KB)
...
006 (9445509.000.000) 03/24 04:27:14 Image size of job updated: 64983632
	40967  -  MemoryUsage of job (MB)
	41949580  -  ResidentSetSize of job (KB)
...
006 (9445509.000.000) 03/24 04:32:15 Image size of job updated: 65028348
	40967  -  MemoryUsage of job (MB)
	41949580  -  ResidentSetSize of job (KB)
...
006 (9445509.000.000) 03/24 04:37:16 Image size of job updated: 65066816
	40967  -  MemoryUsage of job (MB)
	41949580  -  ResidentSetSize of job (KB)
...
006 (9445509.000.000) 03/24 04:42:16 Image size of job updated: 65102180
	40967  -  MemoryUsage of job (MB)
	41949580  -  ResidentSetSize of job (KB)
...
006 (9445509.000.000) 03/24 04:47:16 Image size of job updated: 73878028
	40967  -  MemoryUsage of job (MB)
	41949580  -  ResidentSetSize of job (KB)
...
006 (9445509.000.000) 03/24 16:33:27 Image size of job updated: 82642332
	40967  -  MemoryUsage of job (MB)
	41949580  -  ResidentSetSize of job (KB)
...
006 (9445509.000.000) 03/25 08:50:07 Image size of job updated: 84260456
	40967  -  MemoryUsage of job (MB)
	41949580  -  ResidentSetSize of job (KB)
...
006 (9445509.000.000) 03/25 15:47:18 Image size of job updated: 84287556
	40967  -  MemoryUsage of job (MB)
	41949580  -  ResidentSetSize of job (KB)
...
006 (9445509.000.000) 03/25 15:52:19 Image size of job updated: 84346932
	40967  -  MemoryUsage of job (MB)
	41949580  -  ResidentSetSize of job (KB)
...
006 (9445509.000.000) 03/25 15:57:20 Image size of job updated: 84401620
	40967  -  MemoryUsage of job (MB)
	41949580  -  ResidentSetSize of job (KB)
...
006 (9445509.000.000) 03/25 16:02:20 Image size of job updated: 84457872
	40967  -  MemoryUsage of job (MB)
	41949580  -  ResidentSetSize of job (KB)
...
006 (9445509.000.000) 03/25 16:07:20 Image size of job updated: 84514104
	40967  -  MemoryUsage of job (MB)
	41949580  -  ResidentSetSize of job (KB)
...
006 (9445509.000.000) 03/25 16:12:21 Image size of job updated: 84568796
	40967  -  MemoryUsage of job (MB)
	41949580  -  ResidentSetSize of job (KB)
...
006 (9445509.000.000) 03/25 16:17:21 Image size of job updated: 84625044
	40967  -  MemoryUsage of job (MB)
	41949580  -  ResidentSetSize of job (KB)
...
006 (9445509.000.000) 03/25 16:22:21 Image size of job updated: 84681296
	40967  -  MemoryUsage of job (MB)
	41949580  -  ResidentSetSize of job (KB)
...
006 (9445509.000.000) 03/25 16:27:22 Image size of job updated: 84735984
	40967  -  MemoryUsage of job (MB)
	41949580  -  ResidentSetSize of job (KB)
...
006 (9445509.000.000) 03/25 16:32:23 Image size of job updated: 84787548
	40967  -  MemoryUsage of job (MB)
	41949580  -  ResidentSetSize of job (KB)
...
006 (9445509.000.000) 03/25 16:37:23 Image size of job updated: 84837548
	40967  -  MemoryUsage of job (MB)
	41949580  -  ResidentSetSize of job (KB)
...
006 (9445509.000.000) 03/25 16:42:23 Image size of job updated: 84879740
	40967  -  MemoryUsage of job (MB)
	41949580  -  ResidentSetSize of job (KB)
...
006 (9445509.000.000) 03/25 16:47:24 Image size of job updated: 84923488
	40967  -  MemoryUsage of job (MB)
	41949580  -  ResidentSetSize of job (KB)
...
006 (9445509.000.000) 03/25 16:52:24 Image size of job updated: 84968804
	40967  -  MemoryUsage of job (MB)
	41949580  -  ResidentSetSize of job (KB)
...
006 (9445509.000.000) 03/25 16:57:25 Image size of job updated: 85018804
	40967  -  MemoryUsage of job (MB)
	41949580  -  ResidentSetSize of job (KB)
...
006 (9445509.000.000) 03/25 17:02:26 Image size of job updated: 85056304
	40967  -  MemoryUsage of job (MB)
	41949580  -  ResidentSetSize of job (KB)
...
040 (9445509.000.000) 03/25 17:03:03 Started transferring output files
...
040 (9445509.000.000) 03/25 17:03:03 Finished transferring output files
...
005 (9445509.000.000) 03/25 17:03:03 Job terminated.
	(1) Normal termination (return value 137)
		Usr 1 23:46:01, Sys 0 00:25:09  -  Run Remote Usage
		Usr 0 00:00:00, Sys 0 00:00:00  -  Run Local Usage
		Usr 1 23:46:01, Sys 0 00:25:09  -  Total Remote Usage
		Usr 0 00:00:00, Sys 0 00:00:00  -  Total Local Usage
	5409036  -  Run Bytes Sent By Job
	198  -  Run Bytes Received By Job
	5409036  -  Total Bytes Sent By Job
	198  -  Total Bytes Received By Job
	Partitionable Resources :    Usage  Request Allocated 
	   Cpus                 :     1.00        1         1 
	   Disk (KB)            :  5305           1   1260254 
	   Memory (MB)          : 40967        2000      2000 

	Job terminated of its own accord at 2024-03-25T16:02:58Z.
...
