000 (9701156.000.000) 04/30 12:34:03 Job submitted from host: <137.138.156.150:9618?addrs=137.138.156.150-9618+[2001-1458-d00-14--9a]-9618&alias=bigbird13.cern.ch&noUDP&sock=schedd_2138_1192>
...
040 (9701156.000.000) 04/30 14:19:27 Started transferring input files
	Transferring to host: <128.142.61.69:9618?addrs=128.142.61.69-9618+[2001-1458-301-23--100-44]-9618&alias=b9s06p5284.cern.ch&noUDP&sock=slot1_33_3542370_df6a_7861>
...
040 (9701156.000.000) 04/30 14:19:27 Finished transferring input files
...
001 (9701156.000.000) 04/30 14:19:28 Job executing on host: <128.142.61.69:9618?addrs=128.142.61.69-9618+[2001-1458-301-23--100-44]-9618&alias=b9s06p5284.cern.ch&noUDP&sock=startd_401559_a6f8>
...
006 (9701156.000.000) 04/30 14:19:37 Image size of job updated: 24136
	24  -  MemoryUsage of job (MB)
	23972  -  ResidentSetSize of job (KB)
...
006 (9701156.000.000) 04/30 14:24:38 Image size of job updated: 342516
	335  -  MemoryUsage of job (MB)
	342396  -  ResidentSetSize of job (KB)
...
006 (9701156.000.000) 04/30 14:29:38 Image size of job updated: 504456
	493  -  MemoryUsage of job (MB)
	504328  -  ResidentSetSize of job (KB)
...
006 (9701156.000.000) 04/30 14:34:38 Image size of job updated: 604524
	591  -  MemoryUsage of job (MB)
	604500  -  ResidentSetSize of job (KB)
...
006 (9701156.000.000) 04/30 14:39:39 Image size of job updated: 705092
	688  -  MemoryUsage of job (MB)
	703764  -  ResidentSetSize of job (KB)
...
006 (9701156.000.000) 04/30 14:44:40 Image size of job updated: 3243968
	3147  -  MemoryUsage of job (MB)
	3221700  -  ResidentSetSize of job (KB)
...
006 (9701156.000.000) 04/30 14:49:40 Image size of job updated: 3414036
	3241  -  MemoryUsage of job (MB)
	3318200  -  ResidentSetSize of job (KB)
...
006 (9701156.000.000) 04/30 14:54:41 Image size of job updated: 3426164
	3343  -  MemoryUsage of job (MB)
	3422296  -  ResidentSetSize of job (KB)
...
006 (9701156.000.000) 04/30 14:59:42 Image size of job updated: 3551812
	3468  -  MemoryUsage of job (MB)
	3551136  -  ResidentSetSize of job (KB)
...
006 (9701156.000.000) 04/30 15:04:42 Image size of job updated: 3770932
	3674  -  MemoryUsage of job (MB)
	3762164  -  ResidentSetSize of job (KB)
...
006 (9701156.000.000) 04/30 15:09:42 Image size of job updated: 3869904
	3755  -  MemoryUsage of job (MB)
	3844424  -  ResidentSetSize of job (KB)
...
006 (9701156.000.000) 04/30 15:14:43 Image size of job updated: 3927720
	3831  -  MemoryUsage of job (MB)
	3922932  -  ResidentSetSize of job (KB)
...
006 (9701156.000.000) 04/30 15:19:43 Image size of job updated: 4047500
	3938  -  MemoryUsage of job (MB)
	4032440  -  ResidentSetSize of job (KB)
...
006 (9701156.000.000) 04/30 15:24:43 Image size of job updated: 4174964
	4072  -  MemoryUsage of job (MB)
	4169684  -  ResidentSetSize of job (KB)
...
006 (9701156.000.000) 04/30 15:29:44 Image size of job updated: 4193740
	4095  -  MemoryUsage of job (MB)
	4192440  -  ResidentSetSize of job (KB)
...
006 (9701156.000.000) 04/30 15:34:44 Image size of job updated: 4319964
	4166  -  MemoryUsage of job (MB)
	4265428  -  ResidentSetSize of job (KB)
...
006 (9701156.000.000) 04/30 15:39:44 Image size of job updated: 4319964
	4195  -  MemoryUsage of job (MB)
	4294936  -  ResidentSetSize of job (KB)
...
006 (9701156.000.000) 04/30 15:44:45 Image size of job updated: 4451396
	4341  -  MemoryUsage of job (MB)
	4444244  -  ResidentSetSize of job (KB)
...
006 (9701156.000.000) 04/30 15:49:46 Image size of job updated: 4480612
	4341  -  MemoryUsage of job (MB)
	4444244  -  ResidentSetSize of job (KB)
...
006 (9701156.000.000) 04/30 15:59:47 Image size of job updated: 4491340
	4341  -  MemoryUsage of job (MB)
	4444244  -  ResidentSetSize of job (KB)
...
006 (9701156.000.000) 04/30 16:04:48 Image size of job updated: 4525452
	4341  -  MemoryUsage of job (MB)
	4444244  -  ResidentSetSize of job (KB)
...
006 (9701156.000.000) 04/30 16:09:48 Image size of job updated: 4525452
	4379  -  MemoryUsage of job (MB)
	4483464  -  ResidentSetSize of job (KB)
...
006 (9701156.000.000) 04/30 16:14:48 Image size of job updated: 4586320
	4479  -  MemoryUsage of job (MB)
	4585624  -  ResidentSetSize of job (KB)
...
006 (9701156.000.000) 04/30 16:19:49 Image size of job updated: 4663444
	4554  -  MemoryUsage of job (MB)
	4662764  -  ResidentSetSize of job (KB)
...
006 (9701156.000.000) 04/30 16:24:49 Image size of job updated: 5148520
	4978  -  MemoryUsage of job (MB)
	5096580  -  ResidentSetSize of job (KB)
...
006 (9701156.000.000) 04/30 16:29:49 Image size of job updated: 5224020
	5037  -  MemoryUsage of job (MB)
	5157168  -  ResidentSetSize of job (KB)
...
006 (9701156.000.000) 04/30 16:34:12 Image size of job updated: 5341656
	5037  -  MemoryUsage of job (MB)
	5157168  -  ResidentSetSize of job (KB)
...
040 (9701156.000.000) 04/30 16:34:12 Started transferring output files
...
040 (9701156.000.000) 04/30 16:34:14 Finished transferring output files
...
005 (9701156.000.000) 04/30 16:34:14 Job terminated.
	(1) Normal termination (return value 0)
		Usr 0 08:45:55, Sys 0 02:43:39  -  Run Remote Usage
		Usr 0 00:00:00, Sys 0 00:00:00  -  Run Local Usage
		Usr 0 08:45:55, Sys 0 02:43:39  -  Total Remote Usage
		Usr 0 00:00:00, Sys 0 00:00:00  -  Total Local Usage
	36723848  -  Run Bytes Sent By Job
	199  -  Run Bytes Received By Job
	36723848  -  Total Bytes Sent By Job
	199  -  Total Bytes Received By Job
	Partitionable Resources :    Usage  Request Allocated 
	   Cpus                 :     1.59        1         1 
	   Disk (KB)            : 35884           1   2902099 
	   Memory (MB)          :  5037        2000      2000 

	Job terminated of its own accord at 2024-04-30T14:34:12Z.
...
