000 (9538318.000.000) 04/02 10:19:10 Job submitted from host: <137.138.156.150:9618?addrs=137.138.156.150-9618+[2001-1458-d00-14--9a]-9618&alias=bigbird13.cern.ch&noUDP&sock=schedd_5144_ef43>
...
040 (9538318.000.000) 04/02 16:14:31 Started transferring input files
	Transferring to host: <128.142.59.58:9618?addrs=128.142.59.58-9618+[2001-1458-301-21--100-39]-9618&alias=b7s04p4815.cern.ch&noUDP&sock=slot1_17_55354_a684_83374>
...
040 (9538318.000.000) 04/02 16:14:31 Finished transferring input files
...
001 (9538318.000.000) 04/02 16:14:32 Job executing on host: <128.142.59.58:9618?addrs=128.142.59.58-9618+[2001-1458-301-21--100-39]-9618&alias=b7s04p4815.cern.ch&noUDP&sock=startd_5081_b8cb>
...
006 (9538318.000.000) 04/02 16:14:41 Image size of job updated: 407728
	38  -  MemoryUsage of job (MB)
	38852  -  ResidentSetSize of job (KB)
...
006 (9538318.000.000) 04/02 16:17:44 Image size of job updated: 19905076
	38  -  MemoryUsage of job (MB)
	38852  -  ResidentSetSize of job (KB)
...
040 (9538318.000.000) 04/02 16:17:44 Started transferring output files
...
040 (9538318.000.000) 04/02 16:17:44 Finished transferring output files
...
005 (9538318.000.000) 04/02 16:17:44 Job terminated.
	(1) Normal termination (return value 0)
		Usr 0 00:00:53, Sys 0 00:00:07  -  Run Remote Usage
		Usr 0 00:00:00, Sys 0 00:00:00  -  Run Local Usage
		Usr 0 00:00:53, Sys 0 00:00:07  -  Total Remote Usage
		Usr 0 00:00:00, Sys 0 00:00:00  -  Total Local Usage
	18053  -  Run Bytes Sent By Job
	194  -  Run Bytes Received By Job
	18053  -  Total Bytes Sent By Job
	194  -  Total Bytes Received By Job
	Partitionable Resources :    Usage  Request Allocated 
	   Cpus                 :                 1         1 
	   Disk (KB)            :       31        1   2929155 
	   Memory (MB)          :       38     2000      2000 

	Job terminated of its own accord at 2024-04-02T14:17:44Z.
...
