000 (9619819.000.000) 04/10 15:37:10 Job submitted from host: <137.138.156.150:9618?addrs=137.138.156.150-9618+[2001-1458-d00-14--9a]-9618&alias=bigbird13.cern.ch&noUDP&sock=schedd_2138_1192>
...
040 (9619819.000.000) 04/10 17:02:54 Started transferring input files
	Transferring to host: <128.142.56.30:9618?addrs=128.142.56.30-9618+[2001-1458-301-6--100-1d]-9618&alias=b7s01p7773.cern.ch&noUDP&sock=slot1_5_7587_7a4e_96019>
...
040 (9619819.000.000) 04/10 17:02:54 Finished transferring input files
...
001 (9619819.000.000) 04/10 17:02:55 Job executing on host: <128.142.56.30:9618?addrs=128.142.56.30-9618+[2001-1458-301-6--100-1d]-9618&alias=b7s01p7773.cern.ch&noUDP&sock=startd_7524_6aaa>
...
006 (9619819.000.000) 04/10 17:03:04 Image size of job updated: 54848
	41  -  MemoryUsage of job (MB)
	41856  -  ResidentSetSize of job (KB)
...
006 (9619819.000.000) 04/10 17:08:05 Image size of job updated: 1739404
	406  -  MemoryUsage of job (MB)
	415100  -  ResidentSetSize of job (KB)
...
006 (9619819.000.000) 04/10 17:13:05 Image size of job updated: 16961136
	1943  -  MemoryUsage of job (MB)
	1988868  -  ResidentSetSize of job (KB)
...
006 (9619819.000.000) 04/10 17:18:06 Image size of job updated: 21697168
	2129  -  MemoryUsage of job (MB)
	2179404  -  ResidentSetSize of job (KB)
...
006 (9619819.000.000) 04/10 17:23:07 Image size of job updated: 21697168
	2131  -  MemoryUsage of job (MB)
	2181496  -  ResidentSetSize of job (KB)
...
006 (9619819.000.000) 04/10 17:28:07 Image size of job updated: 21697168
	2156  -  MemoryUsage of job (MB)
	2207048  -  ResidentSetSize of job (KB)
...
006 (9619819.000.000) 04/10 17:33:07 Image size of job updated: 21697168
	2179  -  MemoryUsage of job (MB)
	2230992  -  ResidentSetSize of job (KB)
...
006 (9619819.000.000) 04/10 17:38:08 Image size of job updated: 21697168
	2180  -  MemoryUsage of job (MB)
	2231400  -  ResidentSetSize of job (KB)
...
006 (9619819.000.000) 04/10 17:43:09 Image size of job updated: 21697168
	2201  -  MemoryUsage of job (MB)
	2253436  -  ResidentSetSize of job (KB)
...
006 (9619819.000.000) 04/10 17:48:09 Image size of job updated: 21697168
	2223  -  MemoryUsage of job (MB)
	2276076  -  ResidentSetSize of job (KB)
...
006 (9619819.000.000) 04/10 17:53:10 Image size of job updated: 21697168
	2224  -  MemoryUsage of job (MB)
	2276580  -  ResidentSetSize of job (KB)
...
006 (9619819.000.000) 04/10 17:58:11 Image size of job updated: 21697168
	2245  -  MemoryUsage of job (MB)
	2298348  -  ResidentSetSize of job (KB)
...
006 (9619819.000.000) 04/10 18:03:11 Image size of job updated: 21697168
	2266  -  MemoryUsage of job (MB)
	2320220  -  ResidentSetSize of job (KB)
...
006 (9619819.000.000) 04/10 18:08:11 Image size of job updated: 21710240
	2266  -  MemoryUsage of job (MB)
	2320220  -  ResidentSetSize of job (KB)
...
006 (9619819.000.000) 04/10 18:13:12 Image size of job updated: 21710240
	2287  -  MemoryUsage of job (MB)
	2341864  -  ResidentSetSize of job (KB)
...
006 (9619819.000.000) 04/10 18:18:12 Image size of job updated: 21710240
	2313  -  MemoryUsage of job (MB)
	2368324  -  ResidentSetSize of job (KB)
...
006 (9619819.000.000) 04/10 18:28:13 Image size of job updated: 21710240
	2335  -  MemoryUsage of job (MB)
	2390188  -  ResidentSetSize of job (KB)
...
006 (9619819.000.000) 04/10 18:33:14 Image size of job updated: 21710240
	2356  -  MemoryUsage of job (MB)
	2411644  -  ResidentSetSize of job (KB)
...
006 (9619819.000.000) 04/10 18:38:14 Image size of job updated: 21710240
	2377  -  MemoryUsage of job (MB)
	2433260  -  ResidentSetSize of job (KB)
...
006 (9619819.000.000) 04/10 18:43:14 Image size of job updated: 21710240
	2377  -  MemoryUsage of job (MB)
	2433560  -  ResidentSetSize of job (KB)
...
006 (9619819.000.000) 04/10 18:48:15 Image size of job updated: 21710240
	2398  -  MemoryUsage of job (MB)
	2454912  -  ResidentSetSize of job (KB)
...
006 (9619819.000.000) 04/10 18:53:15 Image size of job updated: 21710240
	2419  -  MemoryUsage of job (MB)
	2476100  -  ResidentSetSize of job (KB)
...
006 (9619819.000.000) 04/10 18:58:15 Image size of job updated: 21710240
	2419  -  MemoryUsage of job (MB)
	2476172  -  ResidentSetSize of job (KB)
...
006 (9619819.000.000) 04/10 19:08:17 Image size of job updated: 21758644
	2419  -  MemoryUsage of job (MB)
	2476172  -  ResidentSetSize of job (KB)
...
040 (9619819.000.000) 04/10 19:22:26 Started transferring output files
...
040 (9619819.000.000) 04/10 19:22:26 Finished transferring output files
...
005 (9619819.000.000) 04/10 19:22:26 Job terminated.
	(1) Normal termination (return value 0)
		Usr 0 03:27:12, Sys 0 00:23:13  -  Run Remote Usage
		Usr 0 00:00:00, Sys 0 00:00:00  -  Run Local Usage
		Usr 0 03:27:12, Sys 0 00:23:13  -  Total Remote Usage
		Usr 0 00:00:00, Sys 0 00:00:00  -  Total Local Usage
	15069  -  Run Bytes Sent By Job
	196  -  Run Bytes Received By Job
	15069  -  Total Bytes Sent By Job
	196  -  Total Bytes Received By Job
	Partitionable Resources :    Usage  Request Allocated 
	   Cpus                 :     1.71        1         1 
	   Disk (KB)            :    35           1   1169549 
	   Memory (MB)          :  2419        2000      2000 

	Job terminated of its own accord at 2024-04-10T17:22:25Z.
...
