000 (9445522.000.000) 03/23 14:39:00 Job submitted from host: <137.138.156.150:9618?addrs=137.138.156.150-9618+[2001-1458-d00-14--9a]-9618&alias=bigbird13.cern.ch&noUDP&sock=schedd_5144_ef43>
...
040 (9445522.000.000) 03/23 16:00:53 Started transferring input files
	Transferring to host: <128.142.59.121:9618?addrs=128.142.59.121-9618&alias=b7s04p3775.cern.ch&noUDP&sock=slot1_8_6949_f2f4_79535>
...
040 (9445522.000.000) 03/23 16:00:53 Finished transferring input files
...
001 (9445522.000.000) 03/23 16:00:54 Job executing on host: <128.142.59.121:9618?addrs=128.142.59.121-9618&alias=b7s04p3775.cern.ch&noUDP&sock=startd_6882_0edc>
...
006 (9445522.000.000) 03/23 16:01:03 Image size of job updated: 502320
	49  -  MemoryUsage of job (MB)
	49812  -  ResidentSetSize of job (KB)
...
006 (9445522.000.000) 03/23 16:06:04 Image size of job updated: 615700
	85  -  MemoryUsage of job (MB)
	86188  -  ResidentSetSize of job (KB)
...
006 (9445522.000.000) 03/23 16:11:04 Image size of job updated: 615856
	85  -  MemoryUsage of job (MB)
	86724  -  ResidentSetSize of job (KB)
...
006 (9445522.000.000) 03/23 16:16:04 Image size of job updated: 616880
	86  -  MemoryUsage of job (MB)
	87184  -  ResidentSetSize of job (KB)
...
006 (9445522.000.000) 03/23 16:21:05 Image size of job updated: 616880
	86  -  MemoryUsage of job (MB)
	87600  -  ResidentSetSize of job (KB)
...
006 (9445522.000.000) 03/23 16:26:06 Image size of job updated: 5503920
	2814  -  MemoryUsage of job (MB)
	2881340  -  ResidentSetSize of job (KB)
...
006 (9445522.000.000) 03/23 16:31:06 Image size of job updated: 10107248
	7260  -  MemoryUsage of job (MB)
	7433616  -  ResidentSetSize of job (KB)
...
006 (9445522.000.000) 03/23 16:36:06 Image size of job updated: 14731880
	11755  -  MemoryUsage of job (MB)
	12036544  -  ResidentSetSize of job (KB)
...
006 (9445522.000.000) 03/23 16:41:08 Image size of job updated: 19363168
	12212  -  MemoryUsage of job (MB)
	12504904  -  ResidentSetSize of job (KB)
...
006 (9445522.000.000) 03/23 16:46:08 Image size of job updated: 23658184
	12275  -  MemoryUsage of job (MB)
	12568580  -  ResidentSetSize of job (KB)
...
006 (9445522.000.000) 03/23 16:51:08 Image size of job updated: 28095092
	12275  -  MemoryUsage of job (MB)
	12568580  -  ResidentSetSize of job (KB)
...
006 (9445522.000.000) 03/23 16:56:09 Image size of job updated: 32593592
	14387  -  MemoryUsage of job (MB)
	14731680  -  ResidentSetSize of job (KB)
...
006 (9445522.000.000) 03/23 17:01:10 Image size of job updated: 36988268
	18657  -  MemoryUsage of job (MB)
	19104624  -  ResidentSetSize of job (KB)
...
006 (9445522.000.000) 03/23 17:06:10 Image size of job updated: 41493704
	18657  -  MemoryUsage of job (MB)
	19104624  -  ResidentSetSize of job (KB)
...
006 (9445522.000.000) 03/23 17:11:10 Image size of job updated: 46128748
	18657  -  MemoryUsage of job (MB)
	19104624  -  ResidentSetSize of job (KB)
...
006 (9445522.000.000) 03/23 17:16:11 Image size of job updated: 49305760
	18657  -  MemoryUsage of job (MB)
	19104624  -  ResidentSetSize of job (KB)
...
006 (9445522.000.000) 03/23 17:21:11 Image size of job updated: 50982160
	18657  -  MemoryUsage of job (MB)
	19104624  -  ResidentSetSize of job (KB)
...
006 (9445522.000.000) 03/23 17:26:11 Image size of job updated: 52469880
	18657  -  MemoryUsage of job (MB)
	19104624  -  ResidentSetSize of job (KB)
...
006 (9445522.000.000) 03/23 17:31:12 Image size of job updated: 54201748
	18657  -  MemoryUsage of job (MB)
	19104624  -  ResidentSetSize of job (KB)
...
006 (9445522.000.000) 03/23 17:36:13 Image size of job updated: 55544696
	18657  -  MemoryUsage of job (MB)
	19104624  -  ResidentSetSize of job (KB)
...
006 (9445522.000.000) 03/23 17:41:13 Image size of job updated: 57264840
	18657  -  MemoryUsage of job (MB)
	19104624  -  ResidentSetSize of job (KB)
...
006 (9445522.000.000) 03/23 17:46:13 Image size of job updated: 58613380
	18657  -  MemoryUsage of job (MB)
	19104624  -  ResidentSetSize of job (KB)
...
006 (9445522.000.000) 03/23 17:51:14 Image size of job updated: 60137892
	18657  -  MemoryUsage of job (MB)
	19104624  -  ResidentSetSize of job (KB)
...
006 (9445522.000.000) 03/23 17:56:15 Image size of job updated: 61691900
	18657  -  MemoryUsage of job (MB)
	19104624  -  ResidentSetSize of job (KB)
...
006 (9445522.000.000) 03/23 18:01:15 Image size of job updated: 63374912
	18657  -  MemoryUsage of job (MB)
	19104624  -  ResidentSetSize of job (KB)
...
006 (9445522.000.000) 03/23 18:06:15 Image size of job updated: 64990508
	18657  -  MemoryUsage of job (MB)
	19104624  -  ResidentSetSize of job (KB)
...
006 (9445522.000.000) 03/23 18:11:16 Image size of job updated: 66608188
	18657  -  MemoryUsage of job (MB)
	19104624  -  ResidentSetSize of job (KB)
...
006 (9445522.000.000) 03/23 18:16:16 Image size of job updated: 68270328
	18657  -  MemoryUsage of job (MB)
	19104624  -  ResidentSetSize of job (KB)
...
006 (9445522.000.000) 03/23 18:21:16 Image size of job updated: 69714524
	18657  -  MemoryUsage of job (MB)
	19104624  -  ResidentSetSize of job (KB)
...
006 (9445522.000.000) 03/23 18:26:17 Image size of job updated: 71390124
	18657  -  MemoryUsage of job (MB)
	19104624  -  ResidentSetSize of job (KB)
...
006 (9445522.000.000) 03/23 18:31:18 Image size of job updated: 73040032
	18657  -  MemoryUsage of job (MB)
	19104624  -  ResidentSetSize of job (KB)
...
006 (9445522.000.000) 03/23 18:36:18 Image size of job updated: 74575632
	18657  -  MemoryUsage of job (MB)
	19104624  -  ResidentSetSize of job (KB)
...
006 (9445522.000.000) 03/23 18:41:19 Image size of job updated: 76313004
	18657  -  MemoryUsage of job (MB)
	19104624  -  ResidentSetSize of job (KB)
...
006 (9445522.000.000) 03/23 18:46:20 Image size of job updated: 77857216
	18657  -  MemoryUsage of job (MB)
	19104624  -  ResidentSetSize of job (KB)
...
006 (9445522.000.000) 03/23 18:51:20 Image size of job updated: 79522360
	18657  -  MemoryUsage of job (MB)
	19104624  -  ResidentSetSize of job (KB)
...
006 (9445522.000.000) 03/23 18:56:20 Image size of job updated: 81068232
	18657  -  MemoryUsage of job (MB)
	19104624  -  ResidentSetSize of job (KB)
...
006 (9445522.000.000) 03/23 19:01:21 Image size of job updated: 82582604
	18657  -  MemoryUsage of job (MB)
	19104624  -  ResidentSetSize of job (KB)
...
006 (9445522.000.000) 03/23 19:06:22 Image size of job updated: 84105168
	18657  -  MemoryUsage of job (MB)
	19104624  -  ResidentSetSize of job (KB)
...
006 (9445522.000.000) 03/23 19:11:22 Image size of job updated: 85638000
	18657  -  MemoryUsage of job (MB)
	19104624  -  ResidentSetSize of job (KB)
...
006 (9445522.000.000) 03/23 19:16:23 Image size of job updated: 87075948
	18657  -  MemoryUsage of job (MB)
	19104624  -  ResidentSetSize of job (KB)
...
006 (9445522.000.000) 03/23 19:21:24 Image size of job updated: 88659816
	18657  -  MemoryUsage of job (MB)
	19104624  -  ResidentSetSize of job (KB)
...
006 (9445522.000.000) 03/23 19:26:24 Image size of job updated: 107422580
	19555  -  MemoryUsage of job (MB)
	20024176  -  ResidentSetSize of job (KB)
...
006 (9445522.000.000) 03/23 19:31:24 Image size of job updated: 107431176
	19555  -  MemoryUsage of job (MB)
	20024176  -  ResidentSetSize of job (KB)
...
006 (9445522.000.000) 03/23 19:36:25 Image size of job updated: 107467892
	19555  -  MemoryUsage of job (MB)
	20024176  -  ResidentSetSize of job (KB)
...
006 (9445522.000.000) 03/23 19:41:26 Image size of job updated: 107504612
	19555  -  MemoryUsage of job (MB)
	20024176  -  ResidentSetSize of job (KB)
...
006 (9445522.000.000) 03/23 19:46:26 Image size of job updated: 107541332
	19555  -  MemoryUsage of job (MB)
	20024176  -  ResidentSetSize of job (KB)
...
006 (9445522.000.000) 03/23 19:51:26 Image size of job updated: 107576488
	19555  -  MemoryUsage of job (MB)
	20024176  -  ResidentSetSize of job (KB)
...
006 (9445522.000.000) 03/23 19:56:27 Image size of job updated: 107612428
	19555  -  MemoryUsage of job (MB)
	20024176  -  ResidentSetSize of job (KB)
...
006 (9445522.000.000) 03/23 20:01:27 Image size of job updated: 107648368
	19580  -  MemoryUsage of job (MB)
	20049308  -  ResidentSetSize of job (KB)
...
006 (9445522.000.000) 03/23 20:06:27 Image size of job updated: 107682740
	19644  -  MemoryUsage of job (MB)
	20114808  -  ResidentSetSize of job (KB)
...
006 (9445522.000.000) 03/23 20:11:28 Image size of job updated: 107717900
	19644  -  MemoryUsage of job (MB)
	20114808  -  ResidentSetSize of job (KB)
...
006 (9445522.000.000) 03/23 20:16:29 Image size of job updated: 107754284
	19644  -  MemoryUsage of job (MB)
	20114808  -  ResidentSetSize of job (KB)
...
006 (9445522.000.000) 03/23 20:21:29 Image size of job updated: 107792484
	19644  -  MemoryUsage of job (MB)
	20114808  -  ResidentSetSize of job (KB)
...
006 (9445522.000.000) 03/23 20:26:29 Image size of job updated: 107832292
	19644  -  MemoryUsage of job (MB)
	20114808  -  ResidentSetSize of job (KB)
...
006 (9445522.000.000) 03/23 20:31:30 Image size of job updated: 107872988
	19644  -  MemoryUsage of job (MB)
	20114808  -  ResidentSetSize of job (KB)
...
006 (9445522.000.000) 03/23 20:36:31 Image size of job updated: 107913692
	19644  -  MemoryUsage of job (MB)
	20114808  -  ResidentSetSize of job (KB)
...
006 (9445522.000.000) 03/23 20:41:31 Image size of job updated: 107954388
	19644  -  MemoryUsage of job (MB)
	20114808  -  ResidentSetSize of job (KB)
...
006 (9445522.000.000) 03/23 20:46:31 Image size of job updated: 107991476
	19644  -  MemoryUsage of job (MB)
	20114808  -  ResidentSetSize of job (KB)
...
006 (9445522.000.000) 03/23 20:51:32 Image size of job updated: 108029528
	19644  -  MemoryUsage of job (MB)
	20114808  -  ResidentSetSize of job (KB)
...
006 (9445522.000.000) 03/23 20:56:32 Image size of job updated: 108067796
	19644  -  MemoryUsage of job (MB)
	20114808  -  ResidentSetSize of job (KB)
...
006 (9445522.000.000) 03/23 21:01:32 Image size of job updated: 108105772
	19644  -  MemoryUsage of job (MB)
	20114808  -  ResidentSetSize of job (KB)
...
006 (9445522.000.000) 03/23 21:06:33 Image size of job updated: 108144676
	19644  -  MemoryUsage of job (MB)
	20114808  -  ResidentSetSize of job (KB)
...
006 (9445522.000.000) 03/23 21:11:34 Image size of job updated: 108183560
	19644  -  MemoryUsage of job (MB)
	20114808  -  ResidentSetSize of job (KB)
...
006 (9445522.000.000) 03/23 21:16:34 Image size of job updated: 108223072
	19644  -  MemoryUsage of job (MB)
	20114808  -  ResidentSetSize of job (KB)
...
006 (9445522.000.000) 03/23 21:21:34 Image size of job updated: 108261068
	19644  -  MemoryUsage of job (MB)
	20114808  -  ResidentSetSize of job (KB)
...
006 (9445522.000.000) 03/23 21:26:35 Image size of job updated: 108299968
	19644  -  MemoryUsage of job (MB)
	20114808  -  ResidentSetSize of job (KB)
...
006 (9445522.000.000) 03/23 21:31:36 Image size of job updated: 108337064
	19644  -  MemoryUsage of job (MB)
	20114808  -  ResidentSetSize of job (KB)
...
006 (9445522.000.000) 03/23 21:36:36 Image size of job updated: 108375052
	19644  -  MemoryUsage of job (MB)
	20114808  -  ResidentSetSize of job (KB)
...
006 (9445522.000.000) 03/23 21:41:36 Image size of job updated: 108413944
	19644  -  MemoryUsage of job (MB)
	20114808  -  ResidentSetSize of job (KB)
...
006 (9445522.000.000) 03/23 21:46:37 Image size of job updated: 108452844
	19644  -  MemoryUsage of job (MB)
	20114808  -  ResidentSetSize of job (KB)
...
006 (9445522.000.000) 03/23 21:51:37 Image size of job updated: 108490836
	19644  -  MemoryUsage of job (MB)
	20114808  -  ResidentSetSize of job (KB)
...
006 (9445522.000.000) 03/23 21:56:37 Image size of job updated: 108530632
	19644  -  MemoryUsage of job (MB)
	20114808  -  ResidentSetSize of job (KB)
...
006 (9445522.000.000) 03/23 22:01:38 Image size of job updated: 108569540
	19644  -  MemoryUsage of job (MB)
	20114808  -  ResidentSetSize of job (KB)
...
006 (9445522.000.000) 03/23 22:06:39 Image size of job updated: 108607640
	19644  -  MemoryUsage of job (MB)
	20114808  -  ResidentSetSize of job (KB)
...
006 (9445522.000.000) 03/23 22:11:39 Image size of job updated: 108646532
	19644  -  MemoryUsage of job (MB)
	20114808  -  ResidentSetSize of job (KB)
...
006 (9445522.000.000) 03/23 22:16:40 Image size of job updated: 108685428
	19644  -  MemoryUsage of job (MB)
	20114808  -  ResidentSetSize of job (KB)
...
006 (9445522.000.000) 03/23 22:21:41 Image size of job updated: 108723416
	19644  -  MemoryUsage of job (MB)
	20114808  -  ResidentSetSize of job (KB)
...
006 (9445522.000.000) 03/23 22:26:41 Image size of job updated: 108763200
	19644  -  MemoryUsage of job (MB)
	20114808  -  ResidentSetSize of job (KB)
...
006 (9445522.000.000) 03/23 22:31:41 Image size of job updated: 108803008
	19644  -  MemoryUsage of job (MB)
	20114808  -  ResidentSetSize of job (KB)
...
006 (9445522.000.000) 03/23 22:36:42 Image size of job updated: 108841004
	19644  -  MemoryUsage of job (MB)
	20114808  -  ResidentSetSize of job (KB)
...
006 (9445522.000.000) 03/23 22:41:43 Image size of job updated: 108879900
	19644  -  MemoryUsage of job (MB)
	20114808  -  ResidentSetSize of job (KB)
...
006 (9445522.000.000) 03/23 22:46:43 Image size of job updated: 108919696
	19644  -  MemoryUsage of job (MB)
	20114808  -  ResidentSetSize of job (KB)
...
006 (9445522.000.000) 03/23 22:51:44 Image size of job updated: 108959496
	19644  -  MemoryUsage of job (MB)
	20114808  -  ResidentSetSize of job (KB)
...
006 (9445522.000.000) 03/23 22:56:45 Image size of job updated: 109000212
	19644  -  MemoryUsage of job (MB)
	20114808  -  ResidentSetSize of job (KB)
...
006 (9445522.000.000) 03/23 23:01:45 Image size of job updated: 109038820
	19644  -  MemoryUsage of job (MB)
	20114808  -  ResidentSetSize of job (KB)
...
006 (9445522.000.000) 03/23 23:06:45 Image size of job updated: 109079956
	19644  -  MemoryUsage of job (MB)
	20114808  -  ResidentSetSize of job (KB)
...
006 (9445522.000.000) 03/23 23:11:46 Image size of job updated: 109121380
	19644  -  MemoryUsage of job (MB)
	20114808  -  ResidentSetSize of job (KB)
...
006 (9445522.000.000) 03/23 23:16:47 Image size of job updated: 109162952
	19644  -  MemoryUsage of job (MB)
	20114808  -  ResidentSetSize of job (KB)
...
006 (9445522.000.000) 03/23 23:21:47 Image size of job updated: 109204552
	19644  -  MemoryUsage of job (MB)
	20114808  -  ResidentSetSize of job (KB)
...
006 (9445522.000.000) 03/23 23:26:47 Image size of job updated: 109245204
	19644  -  MemoryUsage of job (MB)
	20114808  -  ResidentSetSize of job (KB)
...
006 (9445522.000.000) 03/23 23:31:48 Image size of job updated: 109285912
	19644  -  MemoryUsage of job (MB)
	20114808  -  ResidentSetSize of job (KB)
...
006 (9445522.000.000) 03/23 23:36:49 Image size of job updated: 109324816
	19644  -  MemoryUsage of job (MB)
	20114808  -  ResidentSetSize of job (KB)
...
006 (9445522.000.000) 03/23 23:41:49 Image size of job updated: 109363380
	19644  -  MemoryUsage of job (MB)
	20114808  -  ResidentSetSize of job (KB)
...
006 (9445522.000.000) 03/23 23:46:50 Image size of job updated: 109403176
	19644  -  MemoryUsage of job (MB)
	20114808  -  ResidentSetSize of job (KB)
...
006 (9445522.000.000) 03/23 23:51:51 Image size of job updated: 109444908
	19644  -  MemoryUsage of job (MB)
	20114808  -  ResidentSetSize of job (KB)
...
006 (9445522.000.000) 03/23 23:56:51 Image size of job updated: 109484712
	19644  -  MemoryUsage of job (MB)
	20114808  -  ResidentSetSize of job (KB)
...
006 (9445522.000.000) 03/24 00:01:51 Image size of job updated: 109521512
	19644  -  MemoryUsage of job (MB)
	20114808  -  ResidentSetSize of job (KB)
...
006 (9445522.000.000) 03/24 00:06:52 Image size of job updated: 109556800
	19644  -  MemoryUsage of job (MB)
	20114808  -  ResidentSetSize of job (KB)
...
006 (9445522.000.000) 03/24 00:11:53 Image size of job updated: 109594792
	19644  -  MemoryUsage of job (MB)
	20114808  -  ResidentSetSize of job (KB)
...
006 (9445522.000.000) 03/24 00:16:53 Image size of job updated: 109630064
	19644  -  MemoryUsage of job (MB)
	20114808  -  ResidentSetSize of job (KB)
...
006 (9445522.000.000) 03/24 00:21:54 Image size of job updated: 109665336
	19644  -  MemoryUsage of job (MB)
	20114808  -  ResidentSetSize of job (KB)
...
006 (9445522.000.000) 03/24 00:26:55 Image size of job updated: 109702412
	19644  -  MemoryUsage of job (MB)
	20114808  -  ResidentSetSize of job (KB)
...
006 (9445522.000.000) 03/24 00:31:55 Image size of job updated: 109737700
	19644  -  MemoryUsage of job (MB)
	20114808  -  ResidentSetSize of job (KB)
...
006 (9445522.000.000) 03/24 00:36:55 Image size of job updated: 109773312
	19644  -  MemoryUsage of job (MB)
	20114808  -  ResidentSetSize of job (KB)
...
006 (9445522.000.000) 03/24 00:41:56 Image size of job updated: 109807692
	19644  -  MemoryUsage of job (MB)
	20114808  -  ResidentSetSize of job (KB)
...
006 (9445522.000.000) 03/24 00:46:56 Image size of job updated: 109843876
	19644  -  MemoryUsage of job (MB)
	20114808  -  ResidentSetSize of job (KB)
...
006 (9445522.000.000) 03/24 00:51:56 Image size of job updated: 109880968
	19644  -  MemoryUsage of job (MB)
	20114808  -  ResidentSetSize of job (KB)
...
006 (9445522.000.000) 03/24 00:56:58 Image size of job updated: 109920776
	19644  -  MemoryUsage of job (MB)
	20114808  -  ResidentSetSize of job (KB)
...
006 (9445522.000.000) 03/24 01:01:58 Image size of job updated: 109958096
	19644  -  MemoryUsage of job (MB)
	20114808  -  ResidentSetSize of job (KB)
...
006 (9445522.000.000) 03/24 01:06:58 Image size of job updated: 109996996
	19644  -  MemoryUsage of job (MB)
	20114808  -  ResidentSetSize of job (KB)
...
006 (9445522.000.000) 03/24 01:11:59 Image size of job updated: 110035888
	19644  -  MemoryUsage of job (MB)
	20114808  -  ResidentSetSize of job (KB)
...
006 (9445522.000.000) 03/24 01:17:00 Image size of job updated: 110073868
	19644  -  MemoryUsage of job (MB)
	20114808  -  ResidentSetSize of job (KB)
...
006 (9445522.000.000) 03/24 01:22:00 Image size of job updated: 110110952
	19644  -  MemoryUsage of job (MB)
	20114808  -  ResidentSetSize of job (KB)
...
006 (9445522.000.000) 03/24 01:27:00 Image size of job updated: 110149848
	19644  -  MemoryUsage of job (MB)
	20114808  -  ResidentSetSize of job (KB)
...
006 (9445522.000.000) 03/24 01:32:01 Image size of job updated: 110187840
	19644  -  MemoryUsage of job (MB)
	20114808  -  ResidentSetSize of job (KB)
...
006 (9445522.000.000) 03/24 01:37:01 Image size of job updated: 110225816
	19644  -  MemoryUsage of job (MB)
	20114808  -  ResidentSetSize of job (KB)
...
006 (9445522.000.000) 03/24 01:42:01 Image size of job updated: 110264716
	19644  -  MemoryUsage of job (MB)
	20114808  -  ResidentSetSize of job (KB)
...
006 (9445522.000.000) 03/24 01:47:02 Image size of job updated: 110305540
	19644  -  MemoryUsage of job (MB)
	20114808  -  ResidentSetSize of job (KB)
...
006 (9445522.000.000) 03/24 01:52:03 Image size of job updated: 110343536
	19644  -  MemoryUsage of job (MB)
	20114808  -  ResidentSetSize of job (KB)
...
006 (9445522.000.000) 03/24 01:57:03 Image size of job updated: 110381244
	19644  -  MemoryUsage of job (MB)
	20114808  -  ResidentSetSize of job (KB)
...
006 (9445522.000.000) 03/24 02:02:03 Image size of job updated: 110419808
	19644  -  MemoryUsage of job (MB)
	20114808  -  ResidentSetSize of job (KB)
...
006 (9445522.000.000) 03/24 02:07:05 Image size of job updated: 110457608
	19644  -  MemoryUsage of job (MB)
	20114808  -  ResidentSetSize of job (KB)
...
006 (9445522.000.000) 03/24 02:12:05 Image size of job updated: 110494684
	19644  -  MemoryUsage of job (MB)
	20114808  -  ResidentSetSize of job (KB)
...
006 (9445522.000.000) 03/24 02:17:05 Image size of job updated: 110529960
	19644  -  MemoryUsage of job (MB)
	20114808  -  ResidentSetSize of job (KB)
...
006 (9445522.000.000) 03/24 02:22:06 Image size of job updated: 110566144
	19644  -  MemoryUsage of job (MB)
	20114808  -  ResidentSetSize of job (KB)
...
006 (9445522.000.000) 03/24 02:27:07 Image size of job updated: 110601420
	19644  -  MemoryUsage of job (MB)
	20114808  -  ResidentSetSize of job (KB)
...
006 (9445522.000.000) 03/24 02:32:07 Image size of job updated: 110635780
	19644  -  MemoryUsage of job (MB)
	20114808  -  ResidentSetSize of job (KB)
...
006 (9445522.000.000) 03/24 02:37:08 Image size of job updated: 110671068
	19644  -  MemoryUsage of job (MB)
	20114808  -  ResidentSetSize of job (KB)
...
006 (9445522.000.000) 03/24 02:42:09 Image size of job updated: 110706712
	19644  -  MemoryUsage of job (MB)
	20114808  -  ResidentSetSize of job (KB)
...
006 (9445522.000.000) 03/24 02:47:09 Image size of job updated: 110741992
	19644  -  MemoryUsage of job (MB)
	20114808  -  ResidentSetSize of job (KB)
...
006 (9445522.000.000) 03/24 02:52:09 Image size of job updated: 110775464
	19644  -  MemoryUsage of job (MB)
	20114808  -  ResidentSetSize of job (KB)
...
006 (9445522.000.000) 03/24 02:57:10 Image size of job updated: 110810748
	19644  -  MemoryUsage of job (MB)
	20114808  -  ResidentSetSize of job (KB)
...
006 (9445522.000.000) 03/24 03:02:11 Image size of job updated: 110845120
	19644  -  MemoryUsage of job (MB)
	20114808  -  ResidentSetSize of job (KB)
...
006 (9445522.000.000) 03/24 03:07:11 Image size of job updated: 110879216
	19644  -  MemoryUsage of job (MB)
	20114808  -  ResidentSetSize of job (KB)
...
006 (9445522.000.000) 03/24 03:12:12 Image size of job updated: 110918120
	19644  -  MemoryUsage of job (MB)
	20114808  -  ResidentSetSize of job (KB)
...
006 (9445522.000.000) 03/24 03:17:13 Image size of job updated: 110954824
	19644  -  MemoryUsage of job (MB)
	20114808  -  ResidentSetSize of job (KB)
...
006 (9445522.000.000) 03/24 03:22:13 Image size of job updated: 110990092
	19644  -  MemoryUsage of job (MB)
	20114808  -  ResidentSetSize of job (KB)
...
006 (9445522.000.000) 03/24 03:27:13 Image size of job updated: 111024468
	19644  -  MemoryUsage of job (MB)
	20114808  -  ResidentSetSize of job (KB)
...
006 (9445522.000.000) 03/24 03:32:14 Image size of job updated: 111060644
	19644  -  MemoryUsage of job (MB)
	20114808  -  ResidentSetSize of job (KB)
...
006 (9445522.000.000) 03/24 03:37:14 Image size of job updated: 111096824
	19644  -  MemoryUsage of job (MB)
	20114808  -  ResidentSetSize of job (KB)
...
006 (9445522.000.000) 03/24 03:42:14 Image size of job updated: 111134824
	19644  -  MemoryUsage of job (MB)
	20114808  -  ResidentSetSize of job (KB)
...
006 (9445522.000.000) 03/24 03:47:15 Image size of job updated: 111171008
	19644  -  MemoryUsage of job (MB)
	20114808  -  ResidentSetSize of job (KB)
...
006 (9445522.000.000) 03/24 03:52:16 Image size of job updated: 111206284
	19644  -  MemoryUsage of job (MB)
	20114808  -  ResidentSetSize of job (KB)
...
006 (9445522.000.000) 03/24 03:57:16 Image size of job updated: 111241596
	19644  -  MemoryUsage of job (MB)
	20114808  -  ResidentSetSize of job (KB)
...
006 (9445522.000.000) 03/24 04:02:17 Image size of job updated: 111276960
	19644  -  MemoryUsage of job (MB)
	20114808  -  ResidentSetSize of job (KB)
...
006 (9445522.000.000) 03/24 04:07:18 Image size of job updated: 111312236
	19644  -  MemoryUsage of job (MB)
	20114808  -  ResidentSetSize of job (KB)
...
006 (9445522.000.000) 03/24 04:12:18 Image size of job updated: 111345512
	19644  -  MemoryUsage of job (MB)
	20114808  -  ResidentSetSize of job (KB)
...
006 (9445522.000.000) 03/24 04:17:18 Image size of job updated: 111381696
	19644  -  MemoryUsage of job (MB)
	20114808  -  ResidentSetSize of job (KB)
...
006 (9445522.000.000) 03/24 04:22:19 Image size of job updated: 111416632
	19644  -  MemoryUsage of job (MB)
	20114808  -  ResidentSetSize of job (KB)
...
006 (9445522.000.000) 03/24 04:27:19 Image size of job updated: 111452020
	19644  -  MemoryUsage of job (MB)
	20114808  -  ResidentSetSize of job (KB)
...
006 (9445522.000.000) 03/24 04:32:19 Image size of job updated: 111487304
	19644  -  MemoryUsage of job (MB)
	20114808  -  ResidentSetSize of job (KB)
...
006 (9445522.000.000) 03/24 04:37:20 Image size of job updated: 111522576
	19644  -  MemoryUsage of job (MB)
	20114808  -  ResidentSetSize of job (KB)
...
006 (9445522.000.000) 03/24 04:42:21 Image size of job updated: 111558760
	19644  -  MemoryUsage of job (MB)
	20114808  -  ResidentSetSize of job (KB)
...
006 (9445522.000.000) 03/24 04:47:21 Image size of job updated: 111594944
	19644  -  MemoryUsage of job (MB)
	20114808  -  ResidentSetSize of job (KB)
...
006 (9445522.000.000) 03/24 04:52:22 Image size of job updated: 111632028
	19644  -  MemoryUsage of job (MB)
	20114808  -  ResidentSetSize of job (KB)
...
006 (9445522.000.000) 03/24 04:57:23 Image size of job updated: 111668212
	19644  -  MemoryUsage of job (MB)
	20114808  -  ResidentSetSize of job (KB)
...
006 (9445522.000.000) 03/24 05:02:23 Image size of job updated: 111702592
	19644  -  MemoryUsage of job (MB)
	20114808  -  ResidentSetSize of job (KB)
...
006 (9445522.000.000) 03/24 05:07:23 Image size of job updated: 111736964
	19644  -  MemoryUsage of job (MB)
	20114808  -  ResidentSetSize of job (KB)
...
006 (9445522.000.000) 03/24 05:12:24 Image size of job updated: 111773188
	19644  -  MemoryUsage of job (MB)
	20114808  -  ResidentSetSize of job (KB)
...
006 (9445522.000.000) 03/24 05:17:24 Image size of job updated: 111808476
	19644  -  MemoryUsage of job (MB)
	20114808  -  ResidentSetSize of job (KB)
...
006 (9445522.000.000) 03/24 05:22:24 Image size of job updated: 111843748
	19644  -  MemoryUsage of job (MB)
	20114808  -  ResidentSetSize of job (KB)
...
006 (9445522.000.000) 03/24 05:27:25 Image size of job updated: 111883944
	19644  -  MemoryUsage of job (MB)
	20114808  -  ResidentSetSize of job (KB)
...
006 (9445522.000.000) 03/24 05:32:26 Image size of job updated: 111924524
	19644  -  MemoryUsage of job (MB)
	20114808  -  ResidentSetSize of job (KB)
...
006 (9445522.000.000) 03/24 05:37:26 Image size of job updated: 111964040
	19644  -  MemoryUsage of job (MB)
	20114808  -  ResidentSetSize of job (KB)
...
006 (9445522.000.000) 03/24 05:42:26 Image size of job updated: 112004596
	19644  -  MemoryUsage of job (MB)
	20114808  -  ResidentSetSize of job (KB)
...
006 (9445522.000.000) 03/24 05:47:27 Image size of job updated: 112042012
	19644  -  MemoryUsage of job (MB)
	20114808  -  ResidentSetSize of job (KB)
...
006 (9445522.000.000) 03/24 05:52:28 Image size of job updated: 112082596
	19644  -  MemoryUsage of job (MB)
	20114808  -  ResidentSetSize of job (KB)
...
006 (9445522.000.000) 03/24 05:57:28 Image size of job updated: 112122116
	19644  -  MemoryUsage of job (MB)
	20114808  -  ResidentSetSize of job (KB)
...
006 (9445522.000.000) 03/24 06:02:29 Image size of job updated: 112163932
	19644  -  MemoryUsage of job (MB)
	20114808  -  ResidentSetSize of job (KB)
...
006 (9445522.000.000) 03/24 06:07:30 Image size of job updated: 112203460
	19644  -  MemoryUsage of job (MB)
	20114808  -  ResidentSetSize of job (KB)
...
006 (9445522.000.000) 03/24 06:12:30 Image size of job updated: 112245080
	19644  -  MemoryUsage of job (MB)
	20114808  -  ResidentSetSize of job (KB)
...
006 (9445522.000.000) 03/24 06:17:31 Image size of job updated: 112285648
	19644  -  MemoryUsage of job (MB)
	20114808  -  ResidentSetSize of job (KB)
...
006 (9445522.000.000) 03/24 06:22:32 Image size of job updated: 112324148
	19644  -  MemoryUsage of job (MB)
	20114808  -  ResidentSetSize of job (KB)
...
006 (9445522.000.000) 03/24 06:27:32 Image size of job updated: 112362616
	19644  -  MemoryUsage of job (MB)
	20114808  -  ResidentSetSize of job (KB)
...
006 (9445522.000.000) 03/24 06:32:32 Image size of job updated: 112401448
	19644  -  MemoryUsage of job (MB)
	20114808  -  ResidentSetSize of job (KB)
...
006 (9445522.000.000) 03/24 06:37:33 Image size of job updated: 112442360
	19644  -  MemoryUsage of job (MB)
	20114808  -  ResidentSetSize of job (KB)
...
006 (9445522.000.000) 03/24 06:42:33 Image size of job updated: 112480852
	19644  -  MemoryUsage of job (MB)
	20114808  -  ResidentSetSize of job (KB)
...
006 (9445522.000.000) 03/24 06:47:33 Image size of job updated: 112517244
	19644  -  MemoryUsage of job (MB)
	20114808  -  ResidentSetSize of job (KB)
...
006 (9445522.000.000) 03/24 06:52:34 Image size of job updated: 112556792
	19644  -  MemoryUsage of job (MB)
	20114808  -  ResidentSetSize of job (KB)
...
006 (9445522.000.000) 03/24 06:57:35 Image size of job updated: 112600468
	19644  -  MemoryUsage of job (MB)
	20114808  -  ResidentSetSize of job (KB)
...
006 (9445522.000.000) 03/24 07:02:35 Image size of job updated: 112644144
	19644  -  MemoryUsage of job (MB)
	20114808  -  ResidentSetSize of job (KB)
...
006 (9445522.000.000) 03/24 07:07:35 Image size of job updated: 112687828
	19644  -  MemoryUsage of job (MB)
	20114808  -  ResidentSetSize of job (KB)
...
006 (9445522.000.000) 03/24 07:12:36 Image size of job updated: 112727360
	19644  -  MemoryUsage of job (MB)
	20114808  -  ResidentSetSize of job (KB)
...
006 (9445522.000.000) 03/24 07:17:36 Image size of job updated: 112767004
	19644  -  MemoryUsage of job (MB)
	20114808  -  ResidentSetSize of job (KB)
...
006 (9445522.000.000) 03/24 07:22:36 Image size of job updated: 112806520
	19644  -  MemoryUsage of job (MB)
	20114808  -  ResidentSetSize of job (KB)
...
006 (9445522.000.000) 03/24 07:27:37 Image size of job updated: 112846052
	19644  -  MemoryUsage of job (MB)
	20114808  -  ResidentSetSize of job (KB)
...
006 (9445522.000.000) 03/24 07:32:38 Image size of job updated: 112883504
	19644  -  MemoryUsage of job (MB)
	20114808  -  ResidentSetSize of job (KB)
...
006 (9445522.000.000) 03/24 07:37:38 Image size of job updated: 112924068
	19644  -  MemoryUsage of job (MB)
	20114808  -  ResidentSetSize of job (KB)
...
006 (9445522.000.000) 03/24 07:42:39 Image size of job updated: 112964644
	19644  -  MemoryUsage of job (MB)
	20114808  -  ResidentSetSize of job (KB)
...
006 (9445522.000.000) 03/24 07:47:40 Image size of job updated: 113006236
	19644  -  MemoryUsage of job (MB)
	20114808  -  ResidentSetSize of job (KB)
...
006 (9445522.000.000) 03/24 07:52:40 Image size of job updated: 113045772
	19644  -  MemoryUsage of job (MB)
	20114808  -  ResidentSetSize of job (KB)
...
006 (9445522.000.000) 03/24 07:57:40 Image size of job updated: 113086348
	19644  -  MemoryUsage of job (MB)
	20114808  -  ResidentSetSize of job (KB)
...
006 (9445522.000.000) 03/24 08:02:41 Image size of job updated: 113125872
	19644  -  MemoryUsage of job (MB)
	20114808  -  ResidentSetSize of job (KB)
...
006 (9445522.000.000) 03/24 08:07:42 Image size of job updated: 113167448
	19644  -  MemoryUsage of job (MB)
	20114808  -  ResidentSetSize of job (KB)
...
006 (9445522.000.000) 03/24 08:12:42 Image size of job updated: 113210084
	19644  -  MemoryUsage of job (MB)
	20114808  -  ResidentSetSize of job (KB)
...
006 (9445522.000.000) 03/24 08:17:43 Image size of job updated: 113250712
	19644  -  MemoryUsage of job (MB)
	20114808  -  ResidentSetSize of job (KB)
...
006 (9445522.000.000) 03/24 08:22:44 Image size of job updated: 113291196
	19644  -  MemoryUsage of job (MB)
	20114808  -  ResidentSetSize of job (KB)
...
006 (9445522.000.000) 03/24 08:27:44 Image size of job updated: 113330264
	19644  -  MemoryUsage of job (MB)
	20114808  -  ResidentSetSize of job (KB)
...
006 (9445522.000.000) 03/24 08:32:45 Image size of job updated: 113369780
	19644  -  MemoryUsage of job (MB)
	20114808  -  ResidentSetSize of job (KB)
...
006 (9445522.000.000) 03/24 08:37:46 Image size of job updated: 113409228
	19644  -  MemoryUsage of job (MB)
	20114808  -  ResidentSetSize of job (KB)
...
006 (9445522.000.000) 03/24 08:42:46 Image size of job updated: 113450828
	19644  -  MemoryUsage of job (MB)
	20114808  -  ResidentSetSize of job (KB)
...
006 (9445522.000.000) 03/24 08:47:46 Image size of job updated: 113490356
	19644  -  MemoryUsage of job (MB)
	20114808  -  ResidentSetSize of job (KB)
...
006 (9445522.000.000) 03/24 08:52:47 Image size of job updated: 113530924
	19644  -  MemoryUsage of job (MB)
	20114808  -  ResidentSetSize of job (KB)
...
006 (9445522.000.000) 03/24 08:57:48 Image size of job updated: 113571492
	19644  -  MemoryUsage of job (MB)
	20114808  -  ResidentSetSize of job (KB)
...
006 (9445522.000.000) 03/24 09:02:48 Image size of job updated: 113612056
	19644  -  MemoryUsage of job (MB)
	20114808  -  ResidentSetSize of job (KB)
...
006 (9445522.000.000) 03/24 09:07:49 Image size of job updated: 113652620
	19644  -  MemoryUsage of job (MB)
	20114808  -  ResidentSetSize of job (KB)
...
006 (9445522.000.000) 03/24 09:12:50 Image size of job updated: 113690680
	19644  -  MemoryUsage of job (MB)
	20114808  -  ResidentSetSize of job (KB)
...
006 (9445522.000.000) 03/24 09:17:50 Image size of job updated: 113731256
	19644  -  MemoryUsage of job (MB)
	20114808  -  ResidentSetSize of job (KB)
...
006 (9445522.000.000) 03/24 09:22:50 Image size of job updated: 113770780
	19644  -  MemoryUsage of job (MB)
	20114808  -  ResidentSetSize of job (KB)
...
006 (9445522.000.000) 03/24 09:27:51 Image size of job updated: 113811884
	19644  -  MemoryUsage of job (MB)
	20114808  -  ResidentSetSize of job (KB)
...
006 (9445522.000.000) 03/24 09:32:52 Image size of job updated: 113852440
	19644  -  MemoryUsage of job (MB)
	20114808  -  ResidentSetSize of job (KB)
...
006 (9445522.000.000) 03/24 09:37:52 Image size of job updated: 113894036
	19644  -  MemoryUsage of job (MB)
	20114808  -  ResidentSetSize of job (KB)
...
006 (9445522.000.000) 03/24 09:42:53 Image size of job updated: 113933752
	19644  -  MemoryUsage of job (MB)
	20114808  -  ResidentSetSize of job (KB)
...
006 (9445522.000.000) 03/24 09:47:54 Image size of job updated: 113972220
	19644  -  MemoryUsage of job (MB)
	20114808  -  ResidentSetSize of job (KB)
...
006 (9445522.000.000) 03/24 09:52:54 Image size of job updated: 114010712
	19644  -  MemoryUsage of job (MB)
	20114808  -  ResidentSetSize of job (KB)
...
006 (9445522.000.000) 03/24 09:57:54 Image size of job updated: 114047096
	19644  -  MemoryUsage of job (MB)
	20114808  -  ResidentSetSize of job (KB)
...
006 (9445522.000.000) 03/24 10:02:55 Image size of job updated: 114084544
	19644  -  MemoryUsage of job (MB)
	20114808  -  ResidentSetSize of job (KB)
...
006 (9445522.000.000) 03/24 10:07:56 Image size of job updated: 114121856
	19644  -  MemoryUsage of job (MB)
	20114808  -  ResidentSetSize of job (KB)
...
006 (9445522.000.000) 03/24 10:12:56 Image size of job updated: 114158260
	19644  -  MemoryUsage of job (MB)
	20114808  -  ResidentSetSize of job (KB)
...
006 (9445522.000.000) 03/24 10:17:57 Image size of job updated: 114195708
	19644  -  MemoryUsage of job (MB)
	20114808  -  ResidentSetSize of job (KB)
...
006 (9445522.000.000) 03/24 10:22:58 Image size of job updated: 114233140
	19644  -  MemoryUsage of job (MB)
	20114808  -  ResidentSetSize of job (KB)
...
006 (9445522.000.000) 03/24 10:27:58 Image size of job updated: 114272660
	19644  -  MemoryUsage of job (MB)
	20114808  -  ResidentSetSize of job (KB)
...
006 (9445522.000.000) 03/24 10:32:58 Image size of job updated: 114312180
	19644  -  MemoryUsage of job (MB)
	20114808  -  ResidentSetSize of job (KB)
...
006 (9445522.000.000) 03/24 10:37:59 Image size of job updated: 114350640
	19644  -  MemoryUsage of job (MB)
	20114808  -  ResidentSetSize of job (KB)
...
006 (9445522.000.000) 03/24 10:42:59 Image size of job updated: 114387048
	19644  -  MemoryUsage of job (MB)
	20114808  -  ResidentSetSize of job (KB)
...
006 (9445522.000.000) 03/24 10:47:59 Image size of job updated: 114424488
	19644  -  MemoryUsage of job (MB)
	20114808  -  ResidentSetSize of job (KB)
...
006 (9445522.000.000) 03/24 10:53:00 Image size of job updated: 114462972
	19644  -  MemoryUsage of job (MB)
	20114808  -  ResidentSetSize of job (KB)
...
006 (9445522.000.000) 03/24 10:58:01 Image size of job updated: 114501952
	19644  -  MemoryUsage of job (MB)
	20114808  -  ResidentSetSize of job (KB)
...
006 (9445522.000.000) 03/24 11:03:01 Image size of job updated: 114540436
	19644  -  MemoryUsage of job (MB)
	20114808  -  ResidentSetSize of job (KB)
...
006 (9445522.000.000) 03/24 11:08:01 Image size of job updated: 114579952
	19644  -  MemoryUsage of job (MB)
	20114808  -  ResidentSetSize of job (KB)
...
006 (9445522.000.000) 03/24 11:13:02 Image size of job updated: 114619464
	19644  -  MemoryUsage of job (MB)
	20114808  -  ResidentSetSize of job (KB)
...
006 (9445522.000.000) 03/24 11:18:02 Image size of job updated: 114658992
	19644  -  MemoryUsage of job (MB)
	20114808  -  ResidentSetSize of job (KB)
...
006 (9445522.000.000) 03/24 11:23:02 Image size of job updated: 114699556
	19644  -  MemoryUsage of job (MB)
	20114808  -  ResidentSetSize of job (KB)
...
006 (9445522.000.000) 03/24 11:28:03 Image size of job updated: 114742196
	19644  -  MemoryUsage of job (MB)
	20114808  -  ResidentSetSize of job (KB)
...
006 (9445522.000.000) 03/24 11:33:04 Image size of job updated: 114783808
	19644  -  MemoryUsage of job (MB)
	20114808  -  ResidentSetSize of job (KB)
...
006 (9445522.000.000) 03/24 11:38:04 Image size of job updated: 114823936
	19644  -  MemoryUsage of job (MB)
	20114808  -  ResidentSetSize of job (KB)
...
006 (9445522.000.000) 03/24 11:43:04 Image size of job updated: 114862128
	19644  -  MemoryUsage of job (MB)
	20114808  -  ResidentSetSize of job (KB)
...
006 (9445522.000.000) 03/24 11:48:05 Image size of job updated: 114902764
	19644  -  MemoryUsage of job (MB)
	20114808  -  ResidentSetSize of job (KB)
...
006 (9445522.000.000) 03/24 11:53:05 Image size of job updated: 114944364
	19644  -  MemoryUsage of job (MB)
	20114808  -  ResidentSetSize of job (KB)
...
006 (9445522.000.000) 03/24 11:58:06 Image size of job updated: 114983884
	19644  -  MemoryUsage of job (MB)
	20114808  -  ResidentSetSize of job (KB)
...
006 (9445522.000.000) 03/24 12:03:07 Image size of job updated: 115026536
	19644  -  MemoryUsage of job (MB)
	20114808  -  ResidentSetSize of job (KB)
...
006 (9445522.000.000) 03/24 12:08:07 Image size of job updated: 115069188
	19644  -  MemoryUsage of job (MB)
	20114808  -  ResidentSetSize of job (KB)
...
006 (9445522.000.000) 03/24 12:13:07 Image size of job updated: 115111848
	19644  -  MemoryUsage of job (MB)
	20114808  -  ResidentSetSize of job (KB)
...
006 (9445522.000.000) 03/24 12:18:08 Image size of job updated: 115153468
	19644  -  MemoryUsage of job (MB)
	20114808  -  ResidentSetSize of job (KB)
...
006 (9445522.000.000) 03/24 12:23:09 Image size of job updated: 115194024
	19644  -  MemoryUsage of job (MB)
	20114808  -  ResidentSetSize of job (KB)
...
006 (9445522.000.000) 03/24 12:28:09 Image size of job updated: 115237500
	19644  -  MemoryUsage of job (MB)
	20114808  -  ResidentSetSize of job (KB)
...
006 (9445522.000.000) 03/24 12:33:10 Image size of job updated: 115278068
	19644  -  MemoryUsage of job (MB)
	20114808  -  ResidentSetSize of job (KB)
...
006 (9445522.000.000) 03/24 12:38:11 Image size of job updated: 115316552
	19644  -  MemoryUsage of job (MB)
	20114808  -  ResidentSetSize of job (KB)
...
006 (9445522.000.000) 03/24 12:43:11 Image size of job updated: 115355840
	19644  -  MemoryUsage of job (MB)
	20114808  -  ResidentSetSize of job (KB)
...
006 (9445522.000.000) 03/24 12:48:11 Image size of job updated: 115396408
	19644  -  MemoryUsage of job (MB)
	20114808  -  ResidentSetSize of job (KB)
...
006 (9445522.000.000) 03/24 12:53:13 Image size of job updated: 115435944
	19644  -  MemoryUsage of job (MB)
	20114808  -  ResidentSetSize of job (KB)
...
006 (9445522.000.000) 03/24 12:58:13 Image size of job updated: 115475468
	19644  -  MemoryUsage of job (MB)
	20114808  -  ResidentSetSize of job (KB)
...
006 (9445522.000.000) 03/24 13:03:13 Image size of job updated: 115515056
	19644  -  MemoryUsage of job (MB)
	20114808  -  ResidentSetSize of job (KB)
...
006 (9445522.000.000) 03/24 13:08:14 Image size of job updated: 115554596
	19644  -  MemoryUsage of job (MB)
	20114808  -  ResidentSetSize of job (KB)
...
006 (9445522.000.000) 03/24 13:13:15 Image size of job updated: 115593068
	19644  -  MemoryUsage of job (MB)
	20114808  -  ResidentSetSize of job (KB)
...
006 (9445522.000.000) 03/24 13:18:15 Image size of job updated: 115632600
	19644  -  MemoryUsage of job (MB)
	20114808  -  ResidentSetSize of job (KB)
...
006 (9445522.000.000) 03/24 13:23:16 Image size of job updated: 115672120
	19644  -  MemoryUsage of job (MB)
	20114808  -  ResidentSetSize of job (KB)
...
006 (9445522.000.000) 03/24 13:28:17 Image size of job updated: 115715816
	19644  -  MemoryUsage of job (MB)
	20114808  -  ResidentSetSize of job (KB)
...
006 (9445522.000.000) 03/24 13:33:17 Image size of job updated: 115759496
	19644  -  MemoryUsage of job (MB)
	20114808  -  ResidentSetSize of job (KB)
...
006 (9445522.000.000) 03/24 13:38:17 Image size of job updated: 115801104
	19644  -  MemoryUsage of job (MB)
	20114808  -  ResidentSetSize of job (KB)
...
006 (9445522.000.000) 03/24 13:43:18 Image size of job updated: 115841656
	19644  -  MemoryUsage of job (MB)
	20114808  -  ResidentSetSize of job (KB)
...
006 (9445522.000.000) 03/24 13:48:19 Image size of job updated: 115883524
	19644  -  MemoryUsage of job (MB)
	20114808  -  ResidentSetSize of job (KB)
...
006 (9445522.000.000) 03/24 13:53:19 Image size of job updated: 115926152
	19644  -  MemoryUsage of job (MB)
	20114808  -  ResidentSetSize of job (KB)
...
006 (9445522.000.000) 03/24 13:58:20 Image size of job updated: 115967740
	19644  -  MemoryUsage of job (MB)
	20114808  -  ResidentSetSize of job (KB)
...
006 (9445522.000.000) 03/24 14:03:21 Image size of job updated: 116007260
	19644  -  MemoryUsage of job (MB)
	20114808  -  ResidentSetSize of job (KB)
...
006 (9445522.000.000) 03/24 14:08:21 Image size of job updated: 116046776
	19644  -  MemoryUsage of job (MB)
	20114808  -  ResidentSetSize of job (KB)
...
006 (9445522.000.000) 03/24 14:13:21 Image size of job updated: 116088400
	19644  -  MemoryUsage of job (MB)
	20114808  -  ResidentSetSize of job (KB)
...
006 (9445522.000.000) 03/24 14:18:22 Image size of job updated: 116128972
	19644  -  MemoryUsage of job (MB)
	20114808  -  ResidentSetSize of job (KB)
...
006 (9445522.000.000) 03/24 14:23:22 Image size of job updated: 116174760
	19644  -  MemoryUsage of job (MB)
	20114808  -  ResidentSetSize of job (KB)
...
006 (9445522.000.000) 03/24 14:28:22 Image size of job updated: 116216372
	19644  -  MemoryUsage of job (MB)
	20114808  -  ResidentSetSize of job (KB)
...
006 (9445522.000.000) 03/24 14:33:23 Image size of job updated: 116256928
	19644  -  MemoryUsage of job (MB)
	20114808  -  ResidentSetSize of job (KB)
...
006 (9445522.000.000) 03/24 14:38:24 Image size of job updated: 116298528
	19644  -  MemoryUsage of job (MB)
	20114808  -  ResidentSetSize of job (KB)
...
006 (9445522.000.000) 03/24 14:43:24 Image size of job updated: 116338048
	19644  -  MemoryUsage of job (MB)
	20114808  -  ResidentSetSize of job (KB)
...
006 (9445522.000.000) 03/24 14:48:24 Image size of job updated: 116374460
	19644  -  MemoryUsage of job (MB)
	20114808  -  ResidentSetSize of job (KB)
...
006 (9445522.000.000) 03/24 14:53:25 Image size of job updated: 132789760
	19644  -  MemoryUsage of job (MB)
	20114808  -  ResidentSetSize of job (KB)
...
006 (9445522.000.000) 03/24 14:58:25 Image size of job updated: 147419928
	19644  -  MemoryUsage of job (MB)
	20114808  -  ResidentSetSize of job (KB)
...
006 (9445522.000.000) 03/25 10:50:32 Image size of job updated: 156486080
	21487  -  MemoryUsage of job (MB)
	22002088  -  ResidentSetSize of job (KB)
...
006 (9445522.000.000) 03/25 10:55:32 Image size of job updated: 156486080
	21543  -  MemoryUsage of job (MB)
	22059036  -  ResidentSetSize of job (KB)
...
006 (9445522.000.000) 03/25 11:00:33 Image size of job updated: 156486080
	21615  -  MemoryUsage of job (MB)
	22133604  -  ResidentSetSize of job (KB)
...
006 (9445522.000.000) 03/25 11:05:34 Image size of job updated: 156486080
	21698  -  MemoryUsage of job (MB)
	22218280  -  ResidentSetSize of job (KB)
...
006 (9445522.000.000) 03/25 11:10:34 Image size of job updated: 156486080
	21771  -  MemoryUsage of job (MB)
	22293432  -  ResidentSetSize of job (KB)
...
006 (9445522.000.000) 03/25 11:15:34 Image size of job updated: 156486080
	21838  -  MemoryUsage of job (MB)
	22361408  -  ResidentSetSize of job (KB)
...
006 (9445522.000.000) 03/25 11:20:35 Image size of job updated: 156486080
	21912  -  MemoryUsage of job (MB)
	22437868  -  ResidentSetSize of job (KB)
...
006 (9445522.000.000) 03/25 11:25:36 Image size of job updated: 156486080
	21992  -  MemoryUsage of job (MB)
	22518984  -  ResidentSetSize of job (KB)
...
006 (9445522.000.000) 03/25 11:30:36 Image size of job updated: 156486080
	21992  -  MemoryUsage of job (MB)
	22518988  -  ResidentSetSize of job (KB)
...
040 (9445522.000.000) 03/25 16:40:45 Started transferring output files
...
040 (9445522.000.000) 03/25 16:40:47 Finished transferring output files
...
005 (9445522.000.000) 03/25 16:40:47 Job terminated.
	(1) Normal termination (return value 137)
		Usr 1 21:34:52, Sys 0 00:47:15  -  Run Remote Usage
		Usr 0 00:00:00, Sys 0 00:00:00  -  Run Local Usage
		Usr 1 21:34:52, Sys 0 00:47:15  -  Total Remote Usage
		Usr 0 00:00:00, Sys 0 00:00:00  -  Total Local Usage
	7181620  -  Run Bytes Sent By Job
	200  -  Run Bytes Received By Job
	7181620  -  Total Bytes Sent By Job
	200  -  Total Bytes Received By Job
	Partitionable Resources :    Usage  Request Allocated 
	   Cpus                 :     0.54        1         1 
	   Disk (KB)            :  7036           1   1238123 
	   Memory (MB)          : 21992        2000      2000 

	Job terminated of its own accord at 2024-03-25T15:40:38Z.
...
