000 (9445494.000.000) 03/23 14:38:26 Job submitted from host: <137.138.156.150:9618?addrs=137.138.156.150-9618+[2001-1458-d00-14--9a]-9618&alias=bigbird13.cern.ch&noUDP&sock=schedd_5144_ef43>
...
040 (9445494.000.000) 03/23 16:00:44 Started transferring input files
	Transferring to host: <128.142.57.43:9618?addrs=128.142.57.43-9618+[2001-1458-301-7--100-2a]-9618&alias=b7s02p5497.cern.ch&noUDP&sock=slot1_14_2938_d631_79186>
...
040 (9445494.000.000) 03/23 16:00:44 Finished transferring input files
...
001 (9445494.000.000) 03/23 16:00:45 Job executing on host: <128.142.57.43:9618?addrs=128.142.57.43-9618+[2001-1458-301-7--100-2a]-9618&alias=b7s02p5497.cern.ch&noUDP&sock=startd_2773_a036>
...
006 (9445494.000.000) 03/23 16:00:54 Image size of job updated: 38452
	28  -  MemoryUsage of job (MB)
	28512  -  ResidentSetSize of job (KB)
...
006 (9445494.000.000) 03/23 16:05:55 Image size of job updated: 615692
	85  -  MemoryUsage of job (MB)
	86168  -  ResidentSetSize of job (KB)
...
006 (9445494.000.000) 03/23 16:10:55 Image size of job updated: 615852
	85  -  MemoryUsage of job (MB)
	86696  -  ResidentSetSize of job (KB)
...
006 (9445494.000.000) 03/23 16:15:55 Image size of job updated: 615852
	86  -  MemoryUsage of job (MB)
	87164  -  ResidentSetSize of job (KB)
...
006 (9445494.000.000) 03/23 16:20:56 Image size of job updated: 616876
	86  -  MemoryUsage of job (MB)
	87588  -  ResidentSetSize of job (KB)
...
006 (9445494.000.000) 03/23 16:25:56 Image size of job updated: 5020596
	2384  -  MemoryUsage of job (MB)
	2440816  -  ResidentSetSize of job (KB)
...
006 (9445494.000.000) 03/23 16:30:56 Image size of job updated: 8912168
	6157  -  MemoryUsage of job (MB)
	6304452  -  ResidentSetSize of job (KB)
...
006 (9445494.000.000) 03/23 16:35:57 Image size of job updated: 12547032
	9692  -  MemoryUsage of job (MB)
	9923796  -  ResidentSetSize of job (KB)
...
006 (9445494.000.000) 03/23 16:40:58 Image size of job updated: 16316096
	13352  -  MemoryUsage of job (MB)
	13671908  -  ResidentSetSize of job (KB)
...
006 (9445494.000.000) 03/23 16:45:58 Image size of job updated: 19972348
	16941  -  MemoryUsage of job (MB)
	17347416  -  ResidentSetSize of job (KB)
...
006 (9445494.000.000) 03/23 16:50:58 Image size of job updated: 23573464
	20379  -  MemoryUsage of job (MB)
	20867968  -  ResidentSetSize of job (KB)
...
006 (9445494.000.000) 03/23 16:55:59 Image size of job updated: 27156744
	22085  -  MemoryUsage of job (MB)
	22614836  -  ResidentSetSize of job (KB)
...
006 (9445494.000.000) 03/23 17:00:59 Image size of job updated: 30810068
	22756  -  MemoryUsage of job (MB)
	23301172  -  ResidentSetSize of job (KB)
...
006 (9445494.000.000) 03/23 17:05:59 Image size of job updated: 35151724
	22756  -  MemoryUsage of job (MB)
	23301172  -  ResidentSetSize of job (KB)
...
006 (9445494.000.000) 03/23 17:11:00 Image size of job updated: 39363032
	22756  -  MemoryUsage of job (MB)
	23301172  -  ResidentSetSize of job (KB)
...
006 (9445494.000.000) 03/23 17:16:01 Image size of job updated: 43229156
	25020  -  MemoryUsage of job (MB)
	25619484  -  ResidentSetSize of job (KB)
...
006 (9445494.000.000) 03/23 17:21:01 Image size of job updated: 46598900
	27633  -  MemoryUsage of job (MB)
	28296048  -  ResidentSetSize of job (KB)
...
006 (9445494.000.000) 03/23 17:26:02 Image size of job updated: 49613648
	30429  -  MemoryUsage of job (MB)
	31159032  -  ResidentSetSize of job (KB)
...
006 (9445494.000.000) 03/23 17:31:03 Image size of job updated: 51008160
	31247  -  MemoryUsage of job (MB)
	31996300  -  ResidentSetSize of job (KB)
...
006 (9445494.000.000) 03/23 17:36:03 Image size of job updated: 52634948
	32889  -  MemoryUsage of job (MB)
	33677372  -  ResidentSetSize of job (KB)
...
006 (9445494.000.000) 03/23 17:41:03 Image size of job updated: 54056124
	34269  -  MemoryUsage of job (MB)
	35091456  -  ResidentSetSize of job (KB)
...
006 (9445494.000.000) 03/23 17:46:04 Image size of job updated: 55483020
	35619  -  MemoryUsage of job (MB)
	36473444  -  ResidentSetSize of job (KB)
...
006 (9445494.000.000) 03/23 17:51:04 Image size of job updated: 57098404
	37173  -  MemoryUsage of job (MB)
	38064816  -  ResidentSetSize of job (KB)
...
006 (9445494.000.000) 03/23 17:56:04 Image size of job updated: 58932164
	38971  -  MemoryUsage of job (MB)
	39906240  -  ResidentSetSize of job (KB)
...
006 (9445494.000.000) 03/23 18:01:05 Image size of job updated: 60243656
	40204  -  MemoryUsage of job (MB)
	41168596  -  ResidentSetSize of job (KB)
...
006 (9445494.000.000) 03/23 18:06:06 Image size of job updated: 61990184
	41959  -  MemoryUsage of job (MB)
	42965544  -  ResidentSetSize of job (KB)
...
006 (9445494.000.000) 03/23 18:11:06 Image size of job updated: 63570740
	43485  -  MemoryUsage of job (MB)
	44527744  -  ResidentSetSize of job (KB)
...
006 (9445494.000.000) 03/23 18:16:07 Image size of job updated: 65056572
	44950  -  MemoryUsage of job (MB)
	46028664  -  ResidentSetSize of job (KB)
...
006 (9445494.000.000) 03/23 18:21:08 Image size of job updated: 66608332
	45987  -  MemoryUsage of job (MB)
	47089960  -  ResidentSetSize of job (KB)
...
006 (9445494.000.000) 03/23 18:26:08 Image size of job updated: 68393392
	47703  -  MemoryUsage of job (MB)
	48847604  -  ResidentSetSize of job (KB)
...
006 (9445494.000.000) 03/23 18:31:08 Image size of job updated: 68994864
	48328  -  MemoryUsage of job (MB)
	49487592  -  ResidentSetSize of job (KB)
...
006 (9445494.000.000) 03/23 18:36:09 Image size of job updated: 70493236
	49766  -  MemoryUsage of job (MB)
	50959416  -  ResidentSetSize of job (KB)
...
006 (9445494.000.000) 03/23 18:41:09 Image size of job updated: 71488616
	49766  -  MemoryUsage of job (MB)
	50959416  -  ResidentSetSize of job (KB)
...
006 (9445494.000.000) 03/23 18:46:09 Image size of job updated: 72017112
	49766  -  MemoryUsage of job (MB)
	50959416  -  ResidentSetSize of job (KB)
...
006 (9445494.000.000) 03/23 18:51:10 Image size of job updated: 72993120
	49766  -  MemoryUsage of job (MB)
	50959416  -  ResidentSetSize of job (KB)
...
006 (9445494.000.000) 03/23 18:56:10 Image size of job updated: 74146172
	49766  -  MemoryUsage of job (MB)
	50959416  -  ResidentSetSize of job (KB)
...
006 (9445494.000.000) 03/23 19:01:10 Image size of job updated: 74779032
	49766  -  MemoryUsage of job (MB)
	50959416  -  ResidentSetSize of job (KB)
...
006 (9445494.000.000) 03/23 19:06:11 Image size of job updated: 75505260
	49766  -  MemoryUsage of job (MB)
	50959416  -  ResidentSetSize of job (KB)
...
006 (9445494.000.000) 03/23 19:11:12 Image size of job updated: 76305372
	49766  -  MemoryUsage of job (MB)
	50959416  -  ResidentSetSize of job (KB)
...
006 (9445494.000.000) 03/23 19:16:12 Image size of job updated: 77019396
	49766  -  MemoryUsage of job (MB)
	50959416  -  ResidentSetSize of job (KB)
...
006 (9445494.000.000) 03/23 19:21:13 Image size of job updated: 77914424
	49766  -  MemoryUsage of job (MB)
	50959416  -  ResidentSetSize of job (KB)
...
006 (9445494.000.000) 03/23 19:26:14 Image size of job updated: 78673548
	49766  -  MemoryUsage of job (MB)
	50959416  -  ResidentSetSize of job (KB)
...
006 (9445494.000.000) 03/23 19:31:14 Image size of job updated: 79596664
	49766  -  MemoryUsage of job (MB)
	50959416  -  ResidentSetSize of job (KB)
...
006 (9445494.000.000) 03/23 19:36:14 Image size of job updated: 80700908
	49766  -  MemoryUsage of job (MB)
	50959416  -  ResidentSetSize of job (KB)
...
006 (9445494.000.000) 03/23 19:41:15 Image size of job updated: 82165544
	49766  -  MemoryUsage of job (MB)
	50959416  -  ResidentSetSize of job (KB)
...
006 (9445494.000.000) 03/23 19:46:15 Image size of job updated: 83963344
	49766  -  MemoryUsage of job (MB)
	50959416  -  ResidentSetSize of job (KB)
...
006 (9445494.000.000) 03/23 19:51:15 Image size of job updated: 85565252
	49766  -  MemoryUsage of job (MB)
	50959416  -  ResidentSetSize of job (KB)
...
006 (9445494.000.000) 03/23 19:56:16 Image size of job updated: 87547564
	49766  -  MemoryUsage of job (MB)
	50959416  -  ResidentSetSize of job (KB)
...
006 (9445494.000.000) 03/23 20:01:17 Image size of job updated: 96450132
	49766  -  MemoryUsage of job (MB)
	50959416  -  ResidentSetSize of job (KB)
...
006 (9445494.000.000) 03/23 20:06:17 Image size of job updated: 107434168
	49766  -  MemoryUsage of job (MB)
	50959416  -  ResidentSetSize of job (KB)
...
006 (9445494.000.000) 03/23 20:11:18 Image size of job updated: 107454748
	49766  -  MemoryUsage of job (MB)
	50959416  -  ResidentSetSize of job (KB)
...
006 (9445494.000.000) 03/23 20:16:19 Image size of job updated: 107485220
	49766  -  MemoryUsage of job (MB)
	50959416  -  ResidentSetSize of job (KB)
...
006 (9445494.000.000) 03/23 20:21:19 Image size of job updated: 107515688
	49766  -  MemoryUsage of job (MB)
	50959416  -  ResidentSetSize of job (KB)
...
006 (9445494.000.000) 03/23 20:26:19 Image size of job updated: 107549284
	49766  -  MemoryUsage of job (MB)
	50959416  -  ResidentSetSize of job (KB)
...
006 (9445494.000.000) 03/23 20:31:20 Image size of job updated: 107583660
	49766  -  MemoryUsage of job (MB)
	50959416  -  ResidentSetSize of job (KB)
...
006 (9445494.000.000) 03/23 20:36:21 Image size of job updated: 107614908
	49766  -  MemoryUsage of job (MB)
	50959416  -  ResidentSetSize of job (KB)
...
006 (9445494.000.000) 03/23 20:41:21 Image size of job updated: 107647724
	49766  -  MemoryUsage of job (MB)
	50959416  -  ResidentSetSize of job (KB)
...
006 (9445494.000.000) 03/23 20:46:22 Image size of job updated: 107680536
	49766  -  MemoryUsage of job (MB)
	50959416  -  ResidentSetSize of job (KB)
...
006 (9445494.000.000) 03/23 20:51:23 Image size of job updated: 107713348
	49766  -  MemoryUsage of job (MB)
	50959416  -  ResidentSetSize of job (KB)
...
006 (9445494.000.000) 03/23 20:56:23 Image size of job updated: 107746160
	49766  -  MemoryUsage of job (MB)
	50959416  -  ResidentSetSize of job (KB)
...
006 (9445494.000.000) 03/23 21:01:23 Image size of job updated: 107783976
	49766  -  MemoryUsage of job (MB)
	50959416  -  ResidentSetSize of job (KB)
...
006 (9445494.000.000) 03/23 21:06:24 Image size of job updated: 107820380
	49766  -  MemoryUsage of job (MB)
	50959416  -  ResidentSetSize of job (KB)
...
006 (9445494.000.000) 03/23 21:11:24 Image size of job updated: 107855648
	49766  -  MemoryUsage of job (MB)
	50959416  -  ResidentSetSize of job (KB)
...
006 (9445494.000.000) 03/23 21:16:24 Image size of job updated: 107889124
	49766  -  MemoryUsage of job (MB)
	50959416  -  ResidentSetSize of job (KB)
...
006 (9445494.000.000) 03/23 21:21:25 Image size of job updated: 107924396
	49766  -  MemoryUsage of job (MB)
	50959416  -  ResidentSetSize of job (KB)
...
006 (9445494.000.000) 03/23 21:26:26 Image size of job updated: 107958768
	49766  -  MemoryUsage of job (MB)
	50959416  -  ResidentSetSize of job (KB)
...
006 (9445494.000.000) 03/23 21:31:26 Image size of job updated: 108001280
	49766  -  MemoryUsage of job (MB)
	50959416  -  ResidentSetSize of job (KB)
...
006 (9445494.000.000) 03/23 21:36:27 Image size of job updated: 108042956
	49766  -  MemoryUsage of job (MB)
	50959416  -  ResidentSetSize of job (KB)
...
006 (9445494.000.000) 03/23 21:41:28 Image size of job updated: 108084828
	49766  -  MemoryUsage of job (MB)
	50959416  -  ResidentSetSize of job (KB)
...
006 (9445494.000.000) 03/23 21:46:28 Image size of job updated: 108120100
	49766  -  MemoryUsage of job (MB)
	50959416  -  ResidentSetSize of job (KB)
...
006 (9445494.000.000) 03/23 21:51:28 Image size of job updated: 108154480
	49766  -  MemoryUsage of job (MB)
	50959416  -  ResidentSetSize of job (KB)
...
006 (9445494.000.000) 03/23 21:56:29 Image size of job updated: 108188960
	49766  -  MemoryUsage of job (MB)
	50959416  -  ResidentSetSize of job (KB)
...
006 (9445494.000.000) 03/23 22:01:29 Image size of job updated: 108223040
	49766  -  MemoryUsage of job (MB)
	50959416  -  ResidentSetSize of job (KB)
...
006 (9445494.000.000) 03/23 22:06:29 Image size of job updated: 108258332
	49766  -  MemoryUsage of job (MB)
	50959416  -  ResidentSetSize of job (KB)
...
006 (9445494.000.000) 03/23 22:11:30 Image size of job updated: 108295420
	49766  -  MemoryUsage of job (MB)
	50959416  -  ResidentSetSize of job (KB)
...
006 (9445494.000.000) 03/23 22:16:31 Image size of job updated: 108332512
	49766  -  MemoryUsage of job (MB)
	50959416  -  ResidentSetSize of job (KB)
...
006 (9445494.000.000) 03/23 22:21:31 Image size of job updated: 108365980
	49766  -  MemoryUsage of job (MB)
	50959416  -  ResidentSetSize of job (KB)
...
006 (9445494.000.000) 03/23 22:26:31 Image size of job updated: 108400352
	49766  -  MemoryUsage of job (MB)
	50959416  -  ResidentSetSize of job (KB)
...
006 (9445494.000.000) 03/23 22:31:32 Image size of job updated: 108433820
	49766  -  MemoryUsage of job (MB)
	50959416  -  ResidentSetSize of job (KB)
...
006 (9445494.000.000) 03/23 22:36:32 Image size of job updated: 108469100
	49766  -  MemoryUsage of job (MB)
	50959416  -  ResidentSetSize of job (KB)
...
006 (9445494.000.000) 03/23 22:41:32 Image size of job updated: 108506188
	49766  -  MemoryUsage of job (MB)
	50959416  -  ResidentSetSize of job (KB)
...
006 (9445494.000.000) 03/23 22:46:33 Image size of job updated: 108546888
	49766  -  MemoryUsage of job (MB)
	50959416  -  ResidentSetSize of job (KB)
...
006 (9445494.000.000) 03/23 22:51:34 Image size of job updated: 108583080
	49766  -  MemoryUsage of job (MB)
	50959416  -  ResidentSetSize of job (KB)
...
006 (9445494.000.000) 03/23 22:56:34 Image size of job updated: 108617444
	49766  -  MemoryUsage of job (MB)
	50959416  -  ResidentSetSize of job (KB)
...
006 (9445494.000.000) 03/23 23:01:34 Image size of job updated: 108651816
	49766  -  MemoryUsage of job (MB)
	50959416  -  ResidentSetSize of job (KB)
...
006 (9445494.000.000) 03/23 23:06:35 Image size of job updated: 108686184
	49766  -  MemoryUsage of job (MB)
	50959416  -  ResidentSetSize of job (KB)
...
006 (9445494.000.000) 03/23 23:11:35 Image size of job updated: 108724172
	49766  -  MemoryUsage of job (MB)
	50959416  -  ResidentSetSize of job (KB)
...
006 (9445494.000.000) 03/23 23:16:35 Image size of job updated: 108763964
	49766  -  MemoryUsage of job (MB)
	50959416  -  ResidentSetSize of job (KB)
...
006 (9445494.000.000) 03/23 23:21:36 Image size of job updated: 108803764
	49766  -  MemoryUsage of job (MB)
	50959416  -  ResidentSetSize of job (KB)
...
006 (9445494.000.000) 03/23 23:26:37 Image size of job updated: 108838144
	49766  -  MemoryUsage of job (MB)
	50959416  -  ResidentSetSize of job (KB)
...
006 (9445494.000.000) 03/23 23:31:37 Image size of job updated: 108876140
	49766  -  MemoryUsage of job (MB)
	50959416  -  ResidentSetSize of job (KB)
...
006 (9445494.000.000) 03/23 23:36:37 Image size of job updated: 108915936
	49766  -  MemoryUsage of job (MB)
	50959416  -  ResidentSetSize of job (KB)
...
006 (9445494.000.000) 03/23 23:41:38 Image size of job updated: 108956632
	49766  -  MemoryUsage of job (MB)
	50959416  -  ResidentSetSize of job (KB)
...
006 (9445494.000.000) 03/23 23:46:38 Image size of job updated: 108993728
	49766  -  MemoryUsage of job (MB)
	50959416  -  ResidentSetSize of job (KB)
...
006 (9445494.000.000) 03/23 23:51:38 Image size of job updated: 109031552
	49766  -  MemoryUsage of job (MB)
	50959416  -  ResidentSetSize of job (KB)
...
006 (9445494.000.000) 03/23 23:56:39 Image size of job updated: 109067740
	49766  -  MemoryUsage of job (MB)
	50959416  -  ResidentSetSize of job (KB)
...
006 (9445494.000.000) 03/24 00:01:40 Image size of job updated: 109098920
	49766  -  MemoryUsage of job (MB)
	50959416  -  ResidentSetSize of job (KB)
...
006 (9445494.000.000) 03/24 00:06:40 Image size of job updated: 109137636
	49766  -  MemoryUsage of job (MB)
	50959416  -  ResidentSetSize of job (KB)
...
006 (9445494.000.000) 03/24 00:11:41 Image size of job updated: 109170168
	49766  -  MemoryUsage of job (MB)
	50959416  -  ResidentSetSize of job (KB)
...
006 (9445494.000.000) 03/24 00:16:42 Image size of job updated: 109201816
	49766  -  MemoryUsage of job (MB)
	50959416  -  ResidentSetSize of job (KB)
...
006 (9445494.000.000) 03/24 00:21:42 Image size of job updated: 109233464
	49766  -  MemoryUsage of job (MB)
	50959416  -  ResidentSetSize of job (KB)
...
006 (9445494.000.000) 03/24 00:26:42 Image size of job updated: 109265988
	49766  -  MemoryUsage of job (MB)
	50959416  -  ResidentSetSize of job (KB)
...
006 (9445494.000.000) 03/24 00:31:44 Image size of job updated: 109297644
	49766  -  MemoryUsage of job (MB)
	50959416  -  ResidentSetSize of job (KB)
...
006 (9445494.000.000) 03/24 00:36:44 Image size of job updated: 109329312
	49766  -  MemoryUsage of job (MB)
	50959416  -  ResidentSetSize of job (KB)
...
006 (9445494.000.000) 03/24 00:41:44 Image size of job updated: 109361540
	49766  -  MemoryUsage of job (MB)
	50959416  -  ResidentSetSize of job (KB)
...
006 (9445494.000.000) 03/24 00:46:45 Image size of job updated: 109393200
	49766  -  MemoryUsage of job (MB)
	50959416  -  ResidentSetSize of job (KB)
...
006 (9445494.000.000) 03/24 00:51:46 Image size of job updated: 109426668
	49766  -  MemoryUsage of job (MB)
	50959416  -  ResidentSetSize of job (KB)
...
006 (9445494.000.000) 03/24 00:56:46 Image size of job updated: 109460136
	49766  -  MemoryUsage of job (MB)
	50959416  -  ResidentSetSize of job (KB)
...
006 (9445494.000.000) 03/24 01:01:46 Image size of job updated: 109491804
	49766  -  MemoryUsage of job (MB)
	50959416  -  ResidentSetSize of job (KB)
...
006 (9445494.000.000) 03/24 01:06:47 Image size of job updated: 109525280
	49766  -  MemoryUsage of job (MB)
	50959416  -  ResidentSetSize of job (KB)
...
006 (9445494.000.000) 03/24 01:11:47 Image size of job updated: 109561172
	49766  -  MemoryUsage of job (MB)
	50959416  -  ResidentSetSize of job (KB)
...
006 (9445494.000.000) 03/24 01:16:47 Image size of job updated: 109595552
	49766  -  MemoryUsage of job (MB)
	50959416  -  ResidentSetSize of job (KB)
...
006 (9445494.000.000) 03/24 01:21:48 Image size of job updated: 109630828
	49766  -  MemoryUsage of job (MB)
	50959416  -  ResidentSetSize of job (KB)
...
006 (9445494.000.000) 03/24 01:26:49 Image size of job updated: 109665192
	49766  -  MemoryUsage of job (MB)
	50959416  -  ResidentSetSize of job (KB)
...
006 (9445494.000.000) 03/24 01:31:49 Image size of job updated: 109701364
	49766  -  MemoryUsage of job (MB)
	50959416  -  ResidentSetSize of job (KB)
...
006 (9445494.000.000) 03/24 01:36:50 Image size of job updated: 109737552
	49766  -  MemoryUsage of job (MB)
	50959416  -  ResidentSetSize of job (KB)
...
006 (9445494.000.000) 03/24 01:41:51 Image size of job updated: 109772264
	49766  -  MemoryUsage of job (MB)
	50959416  -  ResidentSetSize of job (KB)
...
006 (9445494.000.000) 03/24 01:46:51 Image size of job updated: 109808448
	49766  -  MemoryUsage of job (MB)
	50959416  -  ResidentSetSize of job (KB)
...
006 (9445494.000.000) 03/24 01:51:52 Image size of job updated: 109843732
	49766  -  MemoryUsage of job (MB)
	50959416  -  ResidentSetSize of job (KB)
...
006 (9445494.000.000) 03/24 01:56:53 Image size of job updated: 109880952
	49766  -  MemoryUsage of job (MB)
	50959416  -  ResidentSetSize of job (KB)
...
006 (9445494.000.000) 03/24 02:01:53 Image size of job updated: 109916228
	49766  -  MemoryUsage of job (MB)
	50959416  -  ResidentSetSize of job (KB)
...
006 (9445494.000.000) 03/24 02:06:53 Image size of job updated: 109953552
	49766  -  MemoryUsage of job (MB)
	50959416  -  ResidentSetSize of job (KB)
...
006 (9445494.000.000) 03/24 02:11:54 Image size of job updated: 109990632
	49766  -  MemoryUsage of job (MB)
	50959416  -  ResidentSetSize of job (KB)
...
006 (9445494.000.000) 03/24 02:16:55 Image size of job updated: 110028620
	49766  -  MemoryUsage of job (MB)
	50959416  -  ResidentSetSize of job (KB)
...
006 (9445494.000.000) 03/24 02:21:55 Image size of job updated: 110065708
	49766  -  MemoryUsage of job (MB)
	50959416  -  ResidentSetSize of job (KB)
...
006 (9445494.000.000) 03/24 02:26:56 Image size of job updated: 110100980
	49766  -  MemoryUsage of job (MB)
	50959416  -  ResidentSetSize of job (KB)
...
006 (9445494.000.000) 03/24 02:31:57 Image size of job updated: 110137156
	49766  -  MemoryUsage of job (MB)
	50959416  -  ResidentSetSize of job (KB)
...
006 (9445494.000.000) 03/24 02:36:57 Image size of job updated: 110174244
	49766  -  MemoryUsage of job (MB)
	50959416  -  ResidentSetSize of job (KB)
...
006 (9445494.000.000) 03/24 02:41:57 Image size of job updated: 110213132
	49766  -  MemoryUsage of job (MB)
	50959416  -  ResidentSetSize of job (KB)
...
006 (9445494.000.000) 03/24 02:46:58 Image size of job updated: 110249312
	49766  -  MemoryUsage of job (MB)
	50959416  -  ResidentSetSize of job (KB)
...
006 (9445494.000.000) 03/24 02:51:58 Image size of job updated: 110286396
	49766  -  MemoryUsage of job (MB)
	50959416  -  ResidentSetSize of job (KB)
...
006 (9445494.000.000) 03/24 02:56:58 Image size of job updated: 110325292
	49766  -  MemoryUsage of job (MB)
	50959416  -  ResidentSetSize of job (KB)
...
006 (9445494.000.000) 03/24 03:01:59 Image size of job updated: 110361600
	49766  -  MemoryUsage of job (MB)
	50959416  -  ResidentSetSize of job (KB)
...
006 (9445494.000.000) 03/24 03:07:00 Image size of job updated: 110397376
	49766  -  MemoryUsage of job (MB)
	50959416  -  ResidentSetSize of job (KB)
...
006 (9445494.000.000) 03/24 03:12:00 Image size of job updated: 110433232
	49766  -  MemoryUsage of job (MB)
	50959416  -  ResidentSetSize of job (KB)
...
006 (9445494.000.000) 03/24 03:17:01 Image size of job updated: 110467412
	49766  -  MemoryUsage of job (MB)
	50959416  -  ResidentSetSize of job (KB)
...
006 (9445494.000.000) 03/24 03:22:02 Image size of job updated: 110499972
	49766  -  MemoryUsage of job (MB)
	50959416  -  ResidentSetSize of job (KB)
...
006 (9445494.000.000) 03/24 03:27:02 Image size of job updated: 110533432
	49766  -  MemoryUsage of job (MB)
	50959416  -  ResidentSetSize of job (KB)
...
006 (9445494.000.000) 03/24 03:32:03 Image size of job updated: 110567804
	49766  -  MemoryUsage of job (MB)
	50959416  -  ResidentSetSize of job (KB)
...
006 (9445494.000.000) 03/24 03:37:04 Image size of job updated: 110602176
	49766  -  MemoryUsage of job (MB)
	50959416  -  ResidentSetSize of job (KB)
...
006 (9445494.000.000) 03/24 03:42:04 Image size of job updated: 110635640
	49766  -  MemoryUsage of job (MB)
	50959416  -  ResidentSetSize of job (KB)
...
006 (9445494.000.000) 03/24 03:47:04 Image size of job updated: 110670020
	49766  -  MemoryUsage of job (MB)
	50959416  -  ResidentSetSize of job (KB)
...
006 (9445494.000.000) 03/24 03:52:05 Image size of job updated: 110704752
	49766  -  MemoryUsage of job (MB)
	50959416  -  ResidentSetSize of job (KB)
...
006 (9445494.000.000) 03/24 03:57:06 Image size of job updated: 110740148
	49766  -  MemoryUsage of job (MB)
	50959416  -  ResidentSetSize of job (KB)
...
006 (9445494.000.000) 03/24 04:02:06 Image size of job updated: 110775436
	49766  -  MemoryUsage of job (MB)
	50959416  -  ResidentSetSize of job (KB)
...
006 (9445494.000.000) 03/24 04:07:07 Image size of job updated: 110809812
	49766  -  MemoryUsage of job (MB)
	50959416  -  ResidentSetSize of job (KB)
...
006 (9445494.000.000) 03/24 04:12:08 Image size of job updated: 110843288
	49766  -  MemoryUsage of job (MB)
	50959416  -  ResidentSetSize of job (KB)
...
006 (9445494.000.000) 03/24 04:17:08 Image size of job updated: 110878268
	49766  -  MemoryUsage of job (MB)
	50959416  -  ResidentSetSize of job (KB)
...
006 (9445494.000.000) 03/24 04:22:08 Image size of job updated: 110913544
	49766  -  MemoryUsage of job (MB)
	50959416  -  ResidentSetSize of job (KB)
...
006 (9445494.000.000) 03/24 04:27:09 Image size of job updated: 110947544
	49766  -  MemoryUsage of job (MB)
	50959416  -  ResidentSetSize of job (KB)
...
006 (9445494.000.000) 03/24 04:32:10 Image size of job updated: 110981920
	49766  -  MemoryUsage of job (MB)
	50959416  -  ResidentSetSize of job (KB)
...
006 (9445494.000.000) 03/24 04:37:10 Image size of job updated: 111018108
	49766  -  MemoryUsage of job (MB)
	50959416  -  ResidentSetSize of job (KB)
...
006 (9445494.000.000) 03/24 04:42:11 Image size of job updated: 111053372
	49766  -  MemoryUsage of job (MB)
	50959416  -  ResidentSetSize of job (KB)
...
006 (9445494.000.000) 03/24 04:47:12 Image size of job updated: 111087740
	49766  -  MemoryUsage of job (MB)
	50959416  -  ResidentSetSize of job (KB)
...
006 (9445494.000.000) 03/24 04:52:12 Image size of job updated: 111123016
	49766  -  MemoryUsage of job (MB)
	50959416  -  ResidentSetSize of job (KB)
...
006 (9445494.000.000) 03/24 04:57:13 Image size of job updated: 111159088
	49766  -  MemoryUsage of job (MB)
	50959416  -  ResidentSetSize of job (KB)
...
006 (9445494.000.000) 03/24 05:02:14 Image size of job updated: 111192560
	49766  -  MemoryUsage of job (MB)
	50959416  -  ResidentSetSize of job (KB)
...
006 (9445494.000.000) 03/24 05:07:14 Image size of job updated: 111226624
	49766  -  MemoryUsage of job (MB)
	50959416  -  ResidentSetSize of job (KB)
...
006 (9445494.000.000) 03/24 05:12:14 Image size of job updated: 111260644
	49766  -  MemoryUsage of job (MB)
	50959416  -  ResidentSetSize of job (KB)
...
006 (9445494.000.000) 03/24 05:17:15 Image size of job updated: 111295792
	49766  -  MemoryUsage of job (MB)
	50959416  -  ResidentSetSize of job (KB)
...
006 (9445494.000.000) 03/24 05:22:16 Image size of job updated: 111329260
	49766  -  MemoryUsage of job (MB)
	50959416  -  ResidentSetSize of job (KB)
...
006 (9445494.000.000) 03/24 05:27:16 Image size of job updated: 111362540
	49766  -  MemoryUsage of job (MB)
	50959416  -  ResidentSetSize of job (KB)
...
006 (9445494.000.000) 03/24 05:32:17 Image size of job updated: 111396916
	49766  -  MemoryUsage of job (MB)
	50959416  -  ResidentSetSize of job (KB)
...
006 (9445494.000.000) 03/24 05:37:18 Image size of job updated: 111430040
	49766  -  MemoryUsage of job (MB)
	50959416  -  ResidentSetSize of job (KB)
...
006 (9445494.000.000) 03/24 05:42:18 Image size of job updated: 111463620
	49766  -  MemoryUsage of job (MB)
	50959416  -  ResidentSetSize of job (KB)
...
006 (9445494.000.000) 03/24 05:47:18 Image size of job updated: 111497096
	49766  -  MemoryUsage of job (MB)
	50959416  -  ResidentSetSize of job (KB)
...
006 (9445494.000.000) 03/24 05:52:19 Image size of job updated: 111530556
	49766  -  MemoryUsage of job (MB)
	50959416  -  ResidentSetSize of job (KB)
...
006 (9445494.000.000) 03/24 05:57:19 Image size of job updated: 111564932
	49766  -  MemoryUsage of job (MB)
	50959416  -  ResidentSetSize of job (KB)
...
006 (9445494.000.000) 03/24 06:02:19 Image size of job updated: 111600328
	49766  -  MemoryUsage of job (MB)
	50959416  -  ResidentSetSize of job (KB)
...
006 (9445494.000.000) 03/24 06:07:20 Image size of job updated: 111635612
	49766  -  MemoryUsage of job (MB)
	50959416  -  ResidentSetSize of job (KB)
...
006 (9445494.000.000) 03/24 06:12:21 Image size of job updated: 111672696
	49766  -  MemoryUsage of job (MB)
	50959416  -  ResidentSetSize of job (KB)
...
006 (9445494.000.000) 03/24 06:17:21 Image size of job updated: 111707976
	49766  -  MemoryUsage of job (MB)
	50959416  -  ResidentSetSize of job (KB)
...
006 (9445494.000.000) 03/24 06:22:21 Image size of job updated: 111741448
	49766  -  MemoryUsage of job (MB)
	50959416  -  ResidentSetSize of job (KB)
...
006 (9445494.000.000) 03/24 06:27:22 Image size of job updated: 111774956
	49766  -  MemoryUsage of job (MB)
	50959416  -  ResidentSetSize of job (KB)
...
006 (9445494.000.000) 03/24 06:32:22 Image size of job updated: 111808432
	49766  -  MemoryUsage of job (MB)
	50959416  -  ResidentSetSize of job (KB)
...
006 (9445494.000.000) 03/24 06:37:22 Image size of job updated: 111841904
	49766  -  MemoryUsage of job (MB)
	50959416  -  ResidentSetSize of job (KB)
...
006 (9445494.000.000) 03/24 06:42:23 Image size of job updated: 111878888
	49766  -  MemoryUsage of job (MB)
	50959416  -  ResidentSetSize of job (KB)
...
006 (9445494.000.000) 03/24 06:47:23 Image size of job updated: 111917380
	49766  -  MemoryUsage of job (MB)
	50959416  -  ResidentSetSize of job (KB)
...
006 (9445494.000.000) 03/24 06:52:23 Image size of job updated: 111956912
	49766  -  MemoryUsage of job (MB)
	50959416  -  ResidentSetSize of job (KB)
...
006 (9445494.000.000) 03/24 06:57:24 Image size of job updated: 111995380
	49766  -  MemoryUsage of job (MB)
	50959416  -  ResidentSetSize of job (KB)
...
006 (9445494.000.000) 03/24 07:02:25 Image size of job updated: 112034892
	49766  -  MemoryUsage of job (MB)
	50959416  -  ResidentSetSize of job (KB)
...
006 (9445494.000.000) 03/24 07:07:25 Image size of job updated: 112073380
	49766  -  MemoryUsage of job (MB)
	50959416  -  ResidentSetSize of job (KB)
...
006 (9445494.000.000) 03/24 07:12:25 Image size of job updated: 112111876
	49766  -  MemoryUsage of job (MB)
	50959416  -  ResidentSetSize of job (KB)
...
006 (9445494.000.000) 03/24 07:17:26 Image size of job updated: 112150504
	49766  -  MemoryUsage of job (MB)
	50959416  -  ResidentSetSize of job (KB)
...
006 (9445494.000.000) 03/24 07:22:26 Image size of job updated: 112190100
	49766  -  MemoryUsage of job (MB)
	50959416  -  ResidentSetSize of job (KB)
...
006 (9445494.000.000) 03/24 07:27:26 Image size of job updated: 112228588
	49766  -  MemoryUsage of job (MB)
	50959416  -  ResidentSetSize of job (KB)
...
006 (9445494.000.000) 03/24 07:32:27 Image size of job updated: 112267088
	49766  -  MemoryUsage of job (MB)
	50959416  -  ResidentSetSize of job (KB)
...
006 (9445494.000.000) 03/24 07:37:27 Image size of job updated: 112304532
	49766  -  MemoryUsage of job (MB)
	50959416  -  ResidentSetSize of job (KB)
...
006 (9445494.000.000) 03/24 07:42:27 Image size of job updated: 112344064
	49766  -  MemoryUsage of job (MB)
	50959416  -  ResidentSetSize of job (KB)
...
006 (9445494.000.000) 03/24 07:47:28 Image size of job updated: 112382540
	49766  -  MemoryUsage of job (MB)
	50959416  -  ResidentSetSize of job (KB)
...
006 (9445494.000.000) 03/24 07:52:29 Image size of job updated: 112421376
	49766  -  MemoryUsage of job (MB)
	50959416  -  ResidentSetSize of job (KB)
...
006 (9445494.000.000) 03/24 07:57:29 Image size of job updated: 112460208
	49766  -  MemoryUsage of job (MB)
	50959416  -  ResidentSetSize of job (KB)
...
006 (9445494.000.000) 03/24 08:02:30 Image size of job updated: 112499728
	49766  -  MemoryUsage of job (MB)
	50959416  -  ResidentSetSize of job (KB)
...
006 (9445494.000.000) 03/24 08:07:31 Image size of job updated: 112539236
	49766  -  MemoryUsage of job (MB)
	50959416  -  ResidentSetSize of job (KB)
...
006 (9445494.000.000) 03/24 08:12:31 Image size of job updated: 112577744
	49766  -  MemoryUsage of job (MB)
	50959416  -  ResidentSetSize of job (KB)
...
006 (9445494.000.000) 03/24 08:17:32 Image size of job updated: 112616212
	49766  -  MemoryUsage of job (MB)
	50959416  -  ResidentSetSize of job (KB)
...
006 (9445494.000.000) 03/24 08:22:33 Image size of job updated: 112653648
	49766  -  MemoryUsage of job (MB)
	50959416  -  ResidentSetSize of job (KB)
...
006 (9445494.000.000) 03/24 08:27:33 Image size of job updated: 112693172
	49766  -  MemoryUsage of job (MB)
	50959416  -  ResidentSetSize of job (KB)
...
006 (9445494.000.000) 03/24 08:32:33 Image size of job updated: 112731664
	49766  -  MemoryUsage of job (MB)
	50959416  -  ResidentSetSize of job (KB)
...
006 (9445494.000.000) 03/24 08:37:34 Image size of job updated: 112771304
	49766  -  MemoryUsage of job (MB)
	50959416  -  ResidentSetSize of job (KB)
...
006 (9445494.000.000) 03/24 08:42:34 Image size of job updated: 112812904
	49766  -  MemoryUsage of job (MB)
	50959416  -  ResidentSetSize of job (KB)
...
006 (9445494.000.000) 03/24 08:47:34 Image size of job updated: 112855556
	49766  -  MemoryUsage of job (MB)
	50959416  -  ResidentSetSize of job (KB)
...
006 (9445494.000.000) 03/24 08:52:35 Image size of job updated: 112896128
	49766  -  MemoryUsage of job (MB)
	50959416  -  ResidentSetSize of job (KB)
...
006 (9445494.000.000) 03/24 08:57:36 Image size of job updated: 112937732
	49766  -  MemoryUsage of job (MB)
	50959416  -  ResidentSetSize of job (KB)
...
006 (9445494.000.000) 03/24 09:02:36 Image size of job updated: 112981428
	49766  -  MemoryUsage of job (MB)
	50959416  -  ResidentSetSize of job (KB)
...
006 (9445494.000.000) 03/24 09:07:37 Image size of job updated: 113031360
	49766  -  MemoryUsage of job (MB)
	50959416  -  ResidentSetSize of job (KB)
...
006 (9445494.000.000) 03/24 09:12:38 Image size of job updated: 113077144
	49766  -  MemoryUsage of job (MB)
	50959416  -  ResidentSetSize of job (KB)
...
006 (9445494.000.000) 03/24 09:17:38 Image size of job updated: 113122912
	49766  -  MemoryUsage of job (MB)
	50959416  -  ResidentSetSize of job (KB)
...
006 (9445494.000.000) 03/24 09:22:38 Image size of job updated: 113163436
	49766  -  MemoryUsage of job (MB)
	50959416  -  ResidentSetSize of job (KB)
...
006 (9445494.000.000) 03/24 09:27:39 Image size of job updated: 113207132
	49766  -  MemoryUsage of job (MB)
	50959416  -  ResidentSetSize of job (KB)
...
006 (9445494.000.000) 03/24 09:32:39 Image size of job updated: 113250804
	49766  -  MemoryUsage of job (MB)
	50959416  -  ResidentSetSize of job (KB)
...
006 (9445494.000.000) 03/24 09:37:39 Image size of job updated: 113295524
	49766  -  MemoryUsage of job (MB)
	50959416  -  ResidentSetSize of job (KB)
...
006 (9445494.000.000) 03/24 09:42:40 Image size of job updated: 113334588
	49766  -  MemoryUsage of job (MB)
	50959416  -  ResidentSetSize of job (KB)
...
006 (9445494.000.000) 03/24 09:47:41 Image size of job updated: 113375144
	49766  -  MemoryUsage of job (MB)
	50959416  -  ResidentSetSize of job (KB)
...
006 (9445494.000.000) 03/24 09:52:41 Image size of job updated: 113414584
	49766  -  MemoryUsage of job (MB)
	50959416  -  ResidentSetSize of job (KB)
...
006 (9445494.000.000) 03/24 09:57:41 Image size of job updated: 113452024
	49766  -  MemoryUsage of job (MB)
	50959416  -  ResidentSetSize of job (KB)
...
006 (9445494.000.000) 03/24 10:02:42 Image size of job updated: 113491540
	49766  -  MemoryUsage of job (MB)
	50959416  -  ResidentSetSize of job (KB)
...
006 (9445494.000.000) 03/24 10:07:42 Image size of job updated: 113531064
	49766  -  MemoryUsage of job (MB)
	50959416  -  ResidentSetSize of job (KB)
...
006 (9445494.000.000) 03/24 10:12:42 Image size of job updated: 113571628
	49766  -  MemoryUsage of job (MB)
	50959416  -  ResidentSetSize of job (KB)
...
006 (9445494.000.000) 03/24 10:17:43 Image size of job updated: 113610112
	49766  -  MemoryUsage of job (MB)
	50959416  -  ResidentSetSize of job (KB)
...
006 (9445494.000.000) 03/24 10:22:44 Image size of job updated: 113647564
	49766  -  MemoryUsage of job (MB)
	50959416  -  ResidentSetSize of job (KB)
...
006 (9445494.000.000) 03/24 10:27:44 Image size of job updated: 113687084
	49766  -  MemoryUsage of job (MB)
	50959416  -  ResidentSetSize of job (KB)
...
006 (9445494.000.000) 03/24 10:32:44 Image size of job updated: 113728272
	49766  -  MemoryUsage of job (MB)
	50959416  -  ResidentSetSize of job (KB)
...
006 (9445494.000.000) 03/24 10:37:46 Image size of job updated: 113776128
	49766  -  MemoryUsage of job (MB)
	50959416  -  ResidentSetSize of job (KB)
...
006 (9445494.000.000) 03/24 10:42:46 Image size of job updated: 113819308
	49766  -  MemoryUsage of job (MB)
	50959416  -  ResidentSetSize of job (KB)
...
006 (9445494.000.000) 03/24 10:47:46 Image size of job updated: 113864024
	49766  -  MemoryUsage of job (MB)
	50959416  -  ResidentSetSize of job (KB)
...
006 (9445494.000.000) 03/24 10:52:47 Image size of job updated: 113907704
	49766  -  MemoryUsage of job (MB)
	50959416  -  ResidentSetSize of job (KB)
...
006 (9445494.000.000) 03/24 10:57:48 Image size of job updated: 113952616
	49766  -  MemoryUsage of job (MB)
	50959416  -  ResidentSetSize of job (KB)
...
006 (9445494.000.000) 03/24 11:02:48 Image size of job updated: 113991096
	49766  -  MemoryUsage of job (MB)
	50959416  -  ResidentSetSize of job (KB)
...
006 (9445494.000.000) 03/24 11:07:49 Image size of job updated: 114031672
	49766  -  MemoryUsage of job (MB)
	50959416  -  ResidentSetSize of job (KB)
...
006 (9445494.000.000) 03/24 11:12:50 Image size of job updated: 114071184
	49766  -  MemoryUsage of job (MB)
	50959416  -  ResidentSetSize of job (KB)
...
006 (9445494.000.000) 03/24 11:17:50 Image size of job updated: 114109680
	49766  -  MemoryUsage of job (MB)
	50959416  -  ResidentSetSize of job (KB)
...
006 (9445494.000.000) 03/24 11:22:50 Image size of job updated: 114150096
	49766  -  MemoryUsage of job (MB)
	50959416  -  ResidentSetSize of job (KB)
...
006 (9445494.000.000) 03/24 11:27:51 Image size of job updated: 114188576
	49766  -  MemoryUsage of job (MB)
	50959416  -  ResidentSetSize of job (KB)
...
006 (9445494.000.000) 03/24 11:32:51 Image size of job updated: 114227060
	49766  -  MemoryUsage of job (MB)
	50959416  -  ResidentSetSize of job (KB)
...
006 (9445494.000.000) 03/24 11:37:51 Image size of job updated: 114265544
	49766  -  MemoryUsage of job (MB)
	50959416  -  ResidentSetSize of job (KB)
...
006 (9445494.000.000) 03/24 11:42:53 Image size of job updated: 114305064
	49766  -  MemoryUsage of job (MB)
	50959416  -  ResidentSetSize of job (KB)
...
006 (9445494.000.000) 03/24 11:47:53 Image size of job updated: 114345612
	49766  -  MemoryUsage of job (MB)
	50959416  -  ResidentSetSize of job (KB)
...
006 (9445494.000.000) 03/24 11:52:53 Image size of job updated: 114392412
	49766  -  MemoryUsage of job (MB)
	50959416  -  ResidentSetSize of job (KB)
...
006 (9445494.000.000) 03/24 11:57:54 Image size of job updated: 114440248
	49766  -  MemoryUsage of job (MB)
	50959416  -  ResidentSetSize of job (KB)
...
006 (9445494.000.000) 03/24 12:02:55 Image size of job updated: 114488076
	49766  -  MemoryUsage of job (MB)
	50959416  -  ResidentSetSize of job (KB)
...
006 (9445494.000.000) 03/24 12:07:55 Image size of job updated: 114536424
	49766  -  MemoryUsage of job (MB)
	50959416  -  ResidentSetSize of job (KB)
...
006 (9445494.000.000) 03/24 12:12:56 Image size of job updated: 114581140
	49766  -  MemoryUsage of job (MB)
	50959416  -  ResidentSetSize of job (KB)
...
006 (9445494.000.000) 03/24 12:17:57 Image size of job updated: 114620648
	49766  -  MemoryUsage of job (MB)
	50959416  -  ResidentSetSize of job (KB)
...
006 (9445494.000.000) 03/24 12:22:57 Image size of job updated: 114662252
	49766  -  MemoryUsage of job (MB)
	50959416  -  ResidentSetSize of job (KB)
...
006 (9445494.000.000) 03/24 12:27:57 Image size of job updated: 114702816
	49766  -  MemoryUsage of job (MB)
	50959416  -  ResidentSetSize of job (KB)
...
