000 (9445500.000.000) 03/23 14:38:32 Job submitted from host: <137.138.156.150:9618?addrs=137.138.156.150-9618+[2001-1458-d00-14--9a]-9618&alias=bigbird13.cern.ch&noUDP&sock=schedd_5144_ef43>
...
040 (9445500.000.000) 03/23 16:00:46 Started transferring input files
	Transferring to host: <128.142.59.78:9618?addrs=128.142.59.78-9618&alias=b7s04p3352.cern.ch&noUDP&sock=slot1_18_6938_32d3_77865>
...
040 (9445500.000.000) 03/23 16:00:46 Finished transferring input files
...
001 (9445500.000.000) 03/23 16:00:47 Job executing on host: <128.142.59.78:9618?addrs=128.142.59.78-9618&alias=b7s04p3352.cern.ch&noUDP&sock=startd_6875_41b3>
...
006 (9445500.000.000) 03/23 16:00:56 Image size of job updated: 46820
	34  -  MemoryUsage of job (MB)
	34040  -  ResidentSetSize of job (KB)
...
006 (9445500.000.000) 03/23 16:05:57 Image size of job updated: 615700
	85  -  MemoryUsage of job (MB)
	86188  -  ResidentSetSize of job (KB)
...
006 (9445500.000.000) 03/23 16:10:57 Image size of job updated: 615856
	85  -  MemoryUsage of job (MB)
	86716  -  ResidentSetSize of job (KB)
...
006 (9445500.000.000) 03/23 16:15:57 Image size of job updated: 616880
	86  -  MemoryUsage of job (MB)
	87180  -  ResidentSetSize of job (KB)
...
006 (9445500.000.000) 03/23 16:20:58 Image size of job updated: 616880
	86  -  MemoryUsage of job (MB)
	87604  -  ResidentSetSize of job (KB)
...
006 (9445500.000.000) 03/23 16:25:59 Image size of job updated: 5216556
	2434  -  MemoryUsage of job (MB)
	2491736  -  ResidentSetSize of job (KB)
...
006 (9445500.000.000) 03/23 16:30:59 Image size of job updated: 9369124
	6475  -  MemoryUsage of job (MB)
	6630160  -  ResidentSetSize of job (KB)
...
006 (9445500.000.000) 03/23 16:36:00 Image size of job updated: 13570356
	10565  -  MemoryUsage of job (MB)
	10818544  -  ResidentSetSize of job (KB)
...
006 (9445500.000.000) 03/23 16:41:01 Image size of job updated: 17565748
	14674  -  MemoryUsage of job (MB)
	15025612  -  ResidentSetSize of job (KB)
...
006 (9445500.000.000) 03/23 16:46:01 Image size of job updated: 21587092
	18585  -  MemoryUsage of job (MB)
	19030844  -  ResidentSetSize of job (KB)
...
006 (9445500.000.000) 03/23 16:51:01 Image size of job updated: 25569916
	22415  -  MemoryUsage of job (MB)
	22952104  -  ResidentSetSize of job (KB)
...
006 (9445500.000.000) 03/23 16:56:02 Image size of job updated: 29483772
	26188  -  MemoryUsage of job (MB)
	26816100  -  ResidentSetSize of job (KB)
...
006 (9445500.000.000) 03/23 17:01:02 Image size of job updated: 33133844
	26188  -  MemoryUsage of job (MB)
	26816100  -  ResidentSetSize of job (KB)
...
006 (9445500.000.000) 03/23 17:06:02 Image size of job updated: 36772332
	26188  -  MemoryUsage of job (MB)
	26816100  -  ResidentSetSize of job (KB)
...
006 (9445500.000.000) 03/23 17:11:03 Image size of job updated: 40482616
	26630  -  MemoryUsage of job (MB)
	27268668  -  ResidentSetSize of job (KB)
...
006 (9445500.000.000) 03/23 17:16:04 Image size of job updated: 44217212
	26630  -  MemoryUsage of job (MB)
	27268668  -  ResidentSetSize of job (KB)
...
006 (9445500.000.000) 03/23 17:21:04 Image size of job updated: 47976508
	26630  -  MemoryUsage of job (MB)
	27268668  -  ResidentSetSize of job (KB)
...
006 (9445500.000.000) 03/23 17:26:04 Image size of job updated: 49906280
	26630  -  MemoryUsage of job (MB)
	27268668  -  ResidentSetSize of job (KB)
...
006 (9445500.000.000) 03/23 17:31:05 Image size of job updated: 50955860
	26630  -  MemoryUsage of job (MB)
	27268668  -  ResidentSetSize of job (KB)
...
006 (9445500.000.000) 03/23 17:36:05 Image size of job updated: 52604916
	26630  -  MemoryUsage of job (MB)
	27268668  -  ResidentSetSize of job (KB)
...
006 (9445500.000.000) 03/23 17:41:05 Image size of job updated: 53624172
	26869  -  MemoryUsage of job (MB)
	27513256  -  ResidentSetSize of job (KB)
...
006 (9445500.000.000) 03/23 17:46:06 Image size of job updated: 54786364
	26869  -  MemoryUsage of job (MB)
	27513256  -  ResidentSetSize of job (KB)
...
006 (9445500.000.000) 03/23 17:51:06 Image size of job updated: 56230532
	26869  -  MemoryUsage of job (MB)
	27513256  -  ResidentSetSize of job (KB)
...
006 (9445500.000.000) 03/23 17:56:06 Image size of job updated: 57639004
	27235  -  MemoryUsage of job (MB)
	27887792  -  ResidentSetSize of job (KB)
...
006 (9445500.000.000) 03/23 18:01:07 Image size of job updated: 59095296
	28140  -  MemoryUsage of job (MB)
	28814508  -  ResidentSetSize of job (KB)
...
006 (9445500.000.000) 03/23 18:06:08 Image size of job updated: 60487128
	28140  -  MemoryUsage of job (MB)
	28814508  -  ResidentSetSize of job (KB)
...
006 (9445500.000.000) 03/23 18:11:08 Image size of job updated: 61540392
	28140  -  MemoryUsage of job (MB)
	28814508  -  ResidentSetSize of job (KB)
...
006 (9445500.000.000) 03/23 18:16:09 Image size of job updated: 61574220
	28140  -  MemoryUsage of job (MB)
	28814508  -  ResidentSetSize of job (KB)
...
006 (9445500.000.000) 03/23 18:21:10 Image size of job updated: 62783376
	28140  -  MemoryUsage of job (MB)
	28814508  -  ResidentSetSize of job (KB)
...
006 (9445500.000.000) 03/23 18:26:10 Image size of job updated: 64143724
	28140  -  MemoryUsage of job (MB)
	28814508  -  ResidentSetSize of job (KB)
...
006 (9445500.000.000) 03/23 18:31:10 Image size of job updated: 65439892
	28140  -  MemoryUsage of job (MB)
	28814508  -  ResidentSetSize of job (KB)
...
006 (9445500.000.000) 03/23 18:36:11 Image size of job updated: 66861416
	28140  -  MemoryUsage of job (MB)
	28814508  -  ResidentSetSize of job (KB)
...
006 (9445500.000.000) 03/23 18:41:11 Image size of job updated: 67762032
	28140  -  MemoryUsage of job (MB)
	28814508  -  ResidentSetSize of job (KB)
...
006 (9445500.000.000) 03/23 18:46:11 Image size of job updated: 68820460
	28140  -  MemoryUsage of job (MB)
	28814508  -  ResidentSetSize of job (KB)
...
006 (9445500.000.000) 03/23 18:51:12 Image size of job updated: 69553628
	28140  -  MemoryUsage of job (MB)
	28814508  -  ResidentSetSize of job (KB)
...
006 (9445500.000.000) 03/23 18:56:13 Image size of job updated: 70241740
	28140  -  MemoryUsage of job (MB)
	28814508  -  ResidentSetSize of job (KB)
...
006 (9445500.000.000) 03/23 19:01:13 Image size of job updated: 71388440
	28140  -  MemoryUsage of job (MB)
	28814508  -  ResidentSetSize of job (KB)
...
006 (9445500.000.000) 03/23 19:06:13 Image size of job updated: 72985600
	28140  -  MemoryUsage of job (MB)
	28814508  -  ResidentSetSize of job (KB)
...
006 (9445500.000.000) 03/23 19:11:14 Image size of job updated: 74688120
	28140  -  MemoryUsage of job (MB)
	28814508  -  ResidentSetSize of job (KB)
...
006 (9445500.000.000) 03/23 19:16:14 Image size of job updated: 76072192
	29371  -  MemoryUsage of job (MB)
	30075600  -  ResidentSetSize of job (KB)
...
006 (9445500.000.000) 03/23 19:21:14 Image size of job updated: 77025140
	30013  -  MemoryUsage of job (MB)
	30732644  -  ResidentSetSize of job (KB)
...
006 (9445500.000.000) 03/23 19:26:15 Image size of job updated: 78163632
	31147  -  MemoryUsage of job (MB)
	31893592  -  ResidentSetSize of job (KB)
...
006 (9445500.000.000) 03/23 19:31:16 Image size of job updated: 79415776
	32416  -  MemoryUsage of job (MB)
	33193852  -  ResidentSetSize of job (KB)
...
006 (9445500.000.000) 03/23 19:36:16 Image size of job updated: 80767220
	32416  -  MemoryUsage of job (MB)
	33193852  -  ResidentSetSize of job (KB)
...
006 (9445500.000.000) 03/23 19:41:17 Image size of job updated: 81473820
	32416  -  MemoryUsage of job (MB)
	33193852  -  ResidentSetSize of job (KB)
...
006 (9445500.000.000) 03/23 19:46:18 Image size of job updated: 83050312
	32416  -  MemoryUsage of job (MB)
	33193852  -  ResidentSetSize of job (KB)
...
006 (9445500.000.000) 03/23 19:51:18 Image size of job updated: 84684624
	32416  -  MemoryUsage of job (MB)
	33193852  -  ResidentSetSize of job (KB)
...
006 (9445500.000.000) 03/23 19:56:18 Image size of job updated: 86121264
	32416  -  MemoryUsage of job (MB)
	33193852  -  ResidentSetSize of job (KB)
...
006 (9445500.000.000) 03/23 20:01:19 Image size of job updated: 87586816
	32416  -  MemoryUsage of job (MB)
	33193852  -  ResidentSetSize of job (KB)
...
006 (9445500.000.000) 03/23 20:06:20 Image size of job updated: 88865772
	32416  -  MemoryUsage of job (MB)
	33193852  -  ResidentSetSize of job (KB)
...
006 (9445500.000.000) 03/23 20:11:20 Image size of job updated: 107455100
	32416  -  MemoryUsage of job (MB)
	33193852  -  ResidentSetSize of job (KB)
...
006 (9445500.000.000) 03/23 20:16:21 Image size of job updated: 107476196
	32416  -  MemoryUsage of job (MB)
	33193852  -  ResidentSetSize of job (KB)
...
006 (9445500.000.000) 03/23 20:21:22 Image size of job updated: 107509788
	32416  -  MemoryUsage of job (MB)
	33193852  -  ResidentSetSize of job (KB)
...
006 (9445500.000.000) 03/23 20:26:22 Image size of job updated: 107541820
	32416  -  MemoryUsage of job (MB)
	33193852  -  ResidentSetSize of job (KB)
...
006 (9445500.000.000) 03/23 20:31:22 Image size of job updated: 107573072
	32416  -  MemoryUsage of job (MB)
	33193852  -  ResidentSetSize of job (KB)
...
006 (9445500.000.000) 03/23 20:36:23 Image size of job updated: 107604320
	32416  -  MemoryUsage of job (MB)
	33193852  -  ResidentSetSize of job (KB)
...
006 (9445500.000.000) 03/23 20:41:23 Image size of job updated: 107635572
	32416  -  MemoryUsage of job (MB)
	33193852  -  ResidentSetSize of job (KB)
...
006 (9445500.000.000) 03/23 20:46:23 Image size of job updated: 107665260
	32416  -  MemoryUsage of job (MB)
	33193852  -  ResidentSetSize of job (KB)
...
006 (9445500.000.000) 03/23 20:51:24 Image size of job updated: 107696512
	32416  -  MemoryUsage of job (MB)
	33193852  -  ResidentSetSize of job (KB)
...
006 (9445500.000.000) 03/23 20:56:25 Image size of job updated: 107728544
	32416  -  MemoryUsage of job (MB)
	33193852  -  ResidentSetSize of job (KB)
...
006 (9445500.000.000) 03/23 21:01:25 Image size of job updated: 107759792
	32416  -  MemoryUsage of job (MB)
	33193852  -  ResidentSetSize of job (KB)
...
006 (9445500.000.000) 03/23 21:06:26 Image size of job updated: 107792396
	32416  -  MemoryUsage of job (MB)
	33193852  -  ResidentSetSize of job (KB)
...
006 (9445500.000.000) 03/23 21:11:27 Image size of job updated: 107827884
	32416  -  MemoryUsage of job (MB)
	33193852  -  ResidentSetSize of job (KB)
...
006 (9445500.000.000) 03/23 21:16:27 Image size of job updated: 107862256
	32416  -  MemoryUsage of job (MB)
	33193852  -  ResidentSetSize of job (KB)
...
006 (9445500.000.000) 03/23 21:21:27 Image size of job updated: 107896648
	32416  -  MemoryUsage of job (MB)
	33193852  -  ResidentSetSize of job (KB)
...
006 (9445500.000.000) 03/23 21:26:29 Image size of job updated: 107931928
	32416  -  MemoryUsage of job (MB)
	33193852  -  ResidentSetSize of job (KB)
...
006 (9445500.000.000) 03/23 21:31:29 Image size of job updated: 107964488
	32416  -  MemoryUsage of job (MB)
	33193852  -  ResidentSetSize of job (KB)
...
006 (9445500.000.000) 03/23 21:36:29 Image size of job updated: 107998856
	32416  -  MemoryUsage of job (MB)
	33193852  -  ResidentSetSize of job (KB)
...
006 (9445500.000.000) 03/23 21:41:30 Image size of job updated: 108032328
	32416  -  MemoryUsage of job (MB)
	33193852  -  ResidentSetSize of job (KB)
...
006 (9445500.000.000) 03/23 21:46:31 Image size of job updated: 108064892
	32416  -  MemoryUsage of job (MB)
	33193852  -  ResidentSetSize of job (KB)
...
006 (9445500.000.000) 03/23 21:51:31 Image size of job updated: 108100372
	32416  -  MemoryUsage of job (MB)
	33193852  -  ResidentSetSize of job (KB)
...
006 (9445500.000.000) 03/23 21:56:32 Image size of job updated: 108133204
	32416  -  MemoryUsage of job (MB)
	33193852  -  ResidentSetSize of job (KB)
...
006 (9445500.000.000) 03/23 22:01:33 Image size of job updated: 108168480
	32416  -  MemoryUsage of job (MB)
	33193852  -  ResidentSetSize of job (KB)
...
006 (9445500.000.000) 03/23 22:06:33 Image size of job updated: 108201944
	32416  -  MemoryUsage of job (MB)
	33193852  -  ResidentSetSize of job (KB)
...
006 (9445500.000.000) 03/23 22:11:33 Image size of job updated: 108234508
	32416  -  MemoryUsage of job (MB)
	33193852  -  ResidentSetSize of job (KB)
...
006 (9445500.000.000) 03/23 22:16:35 Image size of job updated: 108267620
	32416  -  MemoryUsage of job (MB)
	33193852  -  ResidentSetSize of job (KB)
...
006 (9445500.000.000) 03/23 22:21:35 Image size of job updated: 108300192
	32416  -  MemoryUsage of job (MB)
	33193852  -  ResidentSetSize of job (KB)
...
006 (9445500.000.000) 03/23 22:26:35 Image size of job updated: 108333660
	32416  -  MemoryUsage of job (MB)
	33193852  -  ResidentSetSize of job (KB)
...
006 (9445500.000.000) 03/23 22:31:36 Image size of job updated: 108367136
	32416  -  MemoryUsage of job (MB)
	33193852  -  ResidentSetSize of job (KB)
...
006 (9445500.000.000) 03/23 22:36:37 Image size of job updated: 108401600
	32416  -  MemoryUsage of job (MB)
	33193852  -  ResidentSetSize of job (KB)
...
006 (9445500.000.000) 03/23 22:41:37 Image size of job updated: 108436880
	32416  -  MemoryUsage of job (MB)
	33193852  -  ResidentSetSize of job (KB)
...
006 (9445500.000.000) 03/23 22:46:38 Image size of job updated: 108473964
	32416  -  MemoryUsage of job (MB)
	33193852  -  ResidentSetSize of job (KB)
...
006 (9445500.000.000) 03/23 22:51:39 Image size of job updated: 108510156
	32416  -  MemoryUsage of job (MB)
	33193852  -  ResidentSetSize of job (KB)
...
006 (9445500.000.000) 03/23 22:56:39 Image size of job updated: 108545428
	32416  -  MemoryUsage of job (MB)
	33193852  -  ResidentSetSize of job (KB)
...
006 (9445500.000.000) 03/23 23:01:39 Image size of job updated: 108582512
	32416  -  MemoryUsage of job (MB)
	33193852  -  ResidentSetSize of job (KB)
...
006 (9445500.000.000) 03/23 23:06:40 Image size of job updated: 108619604
	32416  -  MemoryUsage of job (MB)
	33193852  -  ResidentSetSize of job (KB)
...
006 (9445500.000.000) 03/23 23:11:40 Image size of job updated: 108656680
	32416  -  MemoryUsage of job (MB)
	33193852  -  ResidentSetSize of job (KB)
...
006 (9445500.000.000) 03/23 23:16:40 Image size of job updated: 108692864
	32416  -  MemoryUsage of job (MB)
	33193852  -  ResidentSetSize of job (KB)
...
006 (9445500.000.000) 03/23 23:21:41 Image size of job updated: 108730852
	32416  -  MemoryUsage of job (MB)
	33193852  -  ResidentSetSize of job (KB)
...
006 (9445500.000.000) 03/23 23:26:42 Image size of job updated: 108767032
	32416  -  MemoryUsage of job (MB)
	33193852  -  ResidentSetSize of job (KB)
...
006 (9445500.000.000) 03/23 23:31:42 Image size of job updated: 108805912
	32416  -  MemoryUsage of job (MB)
	33193852  -  ResidentSetSize of job (KB)
...
006 (9445500.000.000) 03/23 23:36:43 Image size of job updated: 108843008
	32416  -  MemoryUsage of job (MB)
	33193852  -  ResidentSetSize of job (KB)
...
006 (9445500.000.000) 03/23 23:41:44 Image size of job updated: 108881000
	32416  -  MemoryUsage of job (MB)
	33193852  -  ResidentSetSize of job (KB)
...
006 (9445500.000.000) 03/23 23:46:44 Image size of job updated: 108919900
	32416  -  MemoryUsage of job (MB)
	33193852  -  ResidentSetSize of job (KB)
...
006 (9445500.000.000) 03/23 23:51:44 Image size of job updated: 108958008
	32416  -  MemoryUsage of job (MB)
	33193852  -  ResidentSetSize of job (KB)
...
006 (9445500.000.000) 03/23 23:56:45 Image size of job updated: 108995996
	32416  -  MemoryUsage of job (MB)
	33193852  -  ResidentSetSize of job (KB)
...
006 (9445500.000.000) 03/24 00:01:46 Image size of job updated: 109033992
	32416  -  MemoryUsage of job (MB)
	33193852  -  ResidentSetSize of job (KB)
...
006 (9445500.000.000) 03/24 00:06:46 Image size of job updated: 109070724
	32416  -  MemoryUsage of job (MB)
	33193852  -  ResidentSetSize of job (KB)
...
006 (9445500.000.000) 03/24 00:11:46 Image size of job updated: 109107816
	32416  -  MemoryUsage of job (MB)
	33193852  -  ResidentSetSize of job (KB)
...
006 (9445500.000.000) 03/24 00:16:47 Image size of job updated: 109142552
	32416  -  MemoryUsage of job (MB)
	33193852  -  ResidentSetSize of job (KB)
...
006 (9445500.000.000) 03/24 00:21:47 Image size of job updated: 109175780
	32416  -  MemoryUsage of job (MB)
	33193852  -  ResidentSetSize of job (KB)
...
006 (9445500.000.000) 03/24 00:26:47 Image size of job updated: 109210892
	32416  -  MemoryUsage of job (MB)
	33193852  -  ResidentSetSize of job (KB)
...
006 (9445500.000.000) 03/24 00:31:48 Image size of job updated: 109244352
	32416  -  MemoryUsage of job (MB)
	33193852  -  ResidentSetSize of job (KB)
...
006 (9445500.000.000) 03/24 00:36:48 Image size of job updated: 109279624
	32416  -  MemoryUsage of job (MB)
	33193852  -  ResidentSetSize of job (KB)
...
006 (9445500.000.000) 03/24 00:41:48 Image size of job updated: 109314740
	32416  -  MemoryUsage of job (MB)
	33193852  -  ResidentSetSize of job (KB)
...
006 (9445500.000.000) 03/24 00:46:49 Image size of job updated: 109350016
	32416  -  MemoryUsage of job (MB)
	33193852  -  ResidentSetSize of job (KB)
...
006 (9445500.000.000) 03/24 00:51:50 Image size of job updated: 109385236
	32416  -  MemoryUsage of job (MB)
	33193852  -  ResidentSetSize of job (KB)
...
006 (9445500.000.000) 03/24 00:56:50 Image size of job updated: 109421148
	32416  -  MemoryUsage of job (MB)
	33193852  -  ResidentSetSize of job (KB)
...
006 (9445500.000.000) 03/24 01:01:51 Image size of job updated: 109456424
	32416  -  MemoryUsage of job (MB)
	33193852  -  ResidentSetSize of job (KB)
...
006 (9445500.000.000) 03/24 01:06:52 Image size of job updated: 109491704
	32416  -  MemoryUsage of job (MB)
	33193852  -  ResidentSetSize of job (KB)
...
006 (9445500.000.000) 03/24 01:11:52 Image size of job updated: 109526988
	32416  -  MemoryUsage of job (MB)
	33193852  -  ResidentSetSize of job (KB)
...
006 (9445500.000.000) 03/24 01:16:52 Image size of job updated: 109561976
	32416  -  MemoryUsage of job (MB)
	33193852  -  ResidentSetSize of job (KB)
...
006 (9445500.000.000) 03/24 01:21:53 Image size of job updated: 109597268
	32416  -  MemoryUsage of job (MB)
	33193852  -  ResidentSetSize of job (KB)
...
006 (9445500.000.000) 03/24 01:26:53 Image size of job updated: 109632540
	32416  -  MemoryUsage of job (MB)
	33193852  -  ResidentSetSize of job (KB)
...
006 (9445500.000.000) 03/24 01:31:53 Image size of job updated: 109666912
	32416  -  MemoryUsage of job (MB)
	33193852  -  ResidentSetSize of job (KB)
...
006 (9445500.000.000) 03/24 01:36:54 Image size of job updated: 109702188
	32416  -  MemoryUsage of job (MB)
	33193852  -  ResidentSetSize of job (KB)
...
006 (9445500.000.000) 03/24 01:41:55 Image size of job updated: 109737452
	32416  -  MemoryUsage of job (MB)
	33193852  -  ResidentSetSize of job (KB)
...
006 (9445500.000.000) 03/24 01:46:55 Image size of job updated: 109771832
	32416  -  MemoryUsage of job (MB)
	33193852  -  ResidentSetSize of job (KB)
...
006 (9445500.000.000) 03/24 01:51:55 Image size of job updated: 109807448
	32416  -  MemoryUsage of job (MB)
	33193852  -  ResidentSetSize of job (KB)
...
006 (9445500.000.000) 03/24 01:56:56 Image size of job updated: 109845564
	32416  -  MemoryUsage of job (MB)
	33193852  -  ResidentSetSize of job (KB)
...
006 (9445500.000.000) 03/24 02:01:56 Image size of job updated: 109882656
	32416  -  MemoryUsage of job (MB)
	33193852  -  ResidentSetSize of job (KB)
...
006 (9445500.000.000) 03/24 02:06:56 Image size of job updated: 109918844
	32416  -  MemoryUsage of job (MB)
	33193852  -  ResidentSetSize of job (KB)
...
006 (9445500.000.000) 03/24 02:11:57 Image size of job updated: 109953220
	32416  -  MemoryUsage of job (MB)
	33193852  -  ResidentSetSize of job (KB)
...
006 (9445500.000.000) 03/24 02:16:58 Image size of job updated: 109988736
	32416  -  MemoryUsage of job (MB)
	33193852  -  ResidentSetSize of job (KB)
...
006 (9445500.000.000) 03/24 02:21:58 Image size of job updated: 110024008
	32416  -  MemoryUsage of job (MB)
	33193852  -  ResidentSetSize of job (KB)
...
006 (9445500.000.000) 03/24 02:26:59 Image size of job updated: 110058380
	32416  -  MemoryUsage of job (MB)
	33193852  -  ResidentSetSize of job (KB)
...
006 (9445500.000.000) 03/24 02:32:00 Image size of job updated: 110093656
	32416  -  MemoryUsage of job (MB)
	33193852  -  ResidentSetSize of job (KB)
...
006 (9445500.000.000) 03/24 02:37:00 Image size of job updated: 110129832
	32416  -  MemoryUsage of job (MB)
	33193852  -  ResidentSetSize of job (KB)
...
006 (9445500.000.000) 03/24 02:42:00 Image size of job updated: 110165108
	32416  -  MemoryUsage of job (MB)
	33193852  -  ResidentSetSize of job (KB)
...
006 (9445500.000.000) 03/24 02:47:01 Image size of job updated: 110200384
	32416  -  MemoryUsage of job (MB)
	33193852  -  ResidentSetSize of job (KB)
...
006 (9445500.000.000) 03/24 02:52:01 Image size of job updated: 110237468
	32416  -  MemoryUsage of job (MB)
	33193852  -  ResidentSetSize of job (KB)
...
006 (9445500.000.000) 03/24 02:57:01 Image size of job updated: 110273644
	32416  -  MemoryUsage of job (MB)
	33193852  -  ResidentSetSize of job (KB)
...
006 (9445500.000.000) 03/24 03:02:02 Image size of job updated: 110307108
	32416  -  MemoryUsage of job (MB)
	33193852  -  ResidentSetSize of job (KB)
...
006 (9445500.000.000) 03/24 03:07:03 Image size of job updated: 110341484
	32416  -  MemoryUsage of job (MB)
	33193852  -  ResidentSetSize of job (KB)
...
006 (9445500.000.000) 03/24 03:12:03 Image size of job updated: 110374960
	32416  -  MemoryUsage of job (MB)
	33193852  -  ResidentSetSize of job (KB)
...
006 (9445500.000.000) 03/24 03:17:04 Image size of job updated: 110408552
	32416  -  MemoryUsage of job (MB)
	33193852  -  ResidentSetSize of job (KB)
...
006 (9445500.000.000) 03/24 03:22:05 Image size of job updated: 110442076
	32416  -  MemoryUsage of job (MB)
	33193852  -  ResidentSetSize of job (KB)
...
006 (9445500.000.000) 03/24 03:27:05 Image size of job updated: 110472940
	32416  -  MemoryUsage of job (MB)
	33193852  -  ResidentSetSize of job (KB)
...
006 (9445500.000.000) 03/24 03:32:06 Image size of job updated: 110507120
	32416  -  MemoryUsage of job (MB)
	33193852  -  ResidentSetSize of job (KB)
...
006 (9445500.000.000) 03/24 03:37:07 Image size of job updated: 110541484
	32416  -  MemoryUsage of job (MB)
	33193852  -  ResidentSetSize of job (KB)
...
006 (9445500.000.000) 03/24 03:42:07 Image size of job updated: 110574048
	32416  -  MemoryUsage of job (MB)
	33193852  -  ResidentSetSize of job (KB)
...
006 (9445500.000.000) 03/24 03:47:07 Image size of job updated: 110609320
	32416  -  MemoryUsage of job (MB)
	33193852  -  ResidentSetSize of job (KB)
...
006 (9445500.000.000) 03/24 03:52:08 Image size of job updated: 110643696
	32416  -  MemoryUsage of job (MB)
	33193852  -  ResidentSetSize of job (KB)
...
006 (9445500.000.000) 03/24 03:57:08 Image size of job updated: 110677152
	32416  -  MemoryUsage of job (MB)
	33193852  -  ResidentSetSize of job (KB)
...
006 (9445500.000.000) 03/24 04:02:08 Image size of job updated: 110715272
	32416  -  MemoryUsage of job (MB)
	33193852  -  ResidentSetSize of job (KB)
...
006 (9445500.000.000) 03/24 04:07:09 Image size of job updated: 110752720
	32416  -  MemoryUsage of job (MB)
	33193852  -  ResidentSetSize of job (KB)
...
006 (9445500.000.000) 03/24 04:12:10 Image size of job updated: 110788912
	32416  -  MemoryUsage of job (MB)
	33193852  -  ResidentSetSize of job (KB)
...
006 (9445500.000.000) 03/24 04:17:10 Image size of job updated: 110826000
	32416  -  MemoryUsage of job (MB)
	33193852  -  ResidentSetSize of job (KB)
...
006 (9445500.000.000) 03/24 04:22:11 Image size of job updated: 110863996
	32416  -  MemoryUsage of job (MB)
	33193852  -  ResidentSetSize of job (KB)
...
006 (9445500.000.000) 03/24 04:27:12 Image size of job updated: 110901080
	32416  -  MemoryUsage of job (MB)
	33193852  -  ResidentSetSize of job (KB)
...
006 (9445500.000.000) 03/24 04:32:12 Image size of job updated: 110940588
	32416  -  MemoryUsage of job (MB)
	33193852  -  ResidentSetSize of job (KB)
...
006 (9445500.000.000) 03/24 04:37:12 Image size of job updated: 110980008
	32416  -  MemoryUsage of job (MB)
	33193852  -  ResidentSetSize of job (KB)
...
006 (9445500.000.000) 03/24 04:42:13 Image size of job updated: 111018000
	32416  -  MemoryUsage of job (MB)
	33193852  -  ResidentSetSize of job (KB)
...
006 (9445500.000.000) 03/24 04:47:14 Image size of job updated: 111056896
	32416  -  MemoryUsage of job (MB)
	33193852  -  ResidentSetSize of job (KB)
...
006 (9445500.000.000) 03/24 04:52:14 Image size of job updated: 111094876
	32416  -  MemoryUsage of job (MB)
	33193852  -  ResidentSetSize of job (KB)
...
006 (9445500.000.000) 03/24 04:57:14 Image size of job updated: 111132864
	32416  -  MemoryUsage of job (MB)
	33193852  -  ResidentSetSize of job (KB)
...
006 (9445500.000.000) 03/24 05:02:15 Image size of job updated: 111171976
	32416  -  MemoryUsage of job (MB)
	33193852  -  ResidentSetSize of job (KB)
...
006 (9445500.000.000) 03/24 05:07:15 Image size of job updated: 111211436
	32416  -  MemoryUsage of job (MB)
	33193852  -  ResidentSetSize of job (KB)
...
006 (9445500.000.000) 03/24 05:12:15 Image size of job updated: 111248520
	32416  -  MemoryUsage of job (MB)
	33193852  -  ResidentSetSize of job (KB)
...
006 (9445500.000.000) 03/24 05:17:16 Image size of job updated: 111286544
	32416  -  MemoryUsage of job (MB)
	33193852  -  ResidentSetSize of job (KB)
...
006 (9445500.000.000) 03/24 05:22:17 Image size of job updated: 111323716
	32416  -  MemoryUsage of job (MB)
	33193852  -  ResidentSetSize of job (KB)
...
006 (9445500.000.000) 03/24 05:27:17 Image size of job updated: 111359900
	32416  -  MemoryUsage of job (MB)
	33193852  -  ResidentSetSize of job (KB)
...
006 (9445500.000.000) 03/24 05:32:17 Image size of job updated: 111396796
	32416  -  MemoryUsage of job (MB)
	33193852  -  ResidentSetSize of job (KB)
...
006 (9445500.000.000) 03/24 05:37:18 Image size of job updated: 111434788
	32416  -  MemoryUsage of job (MB)
	33193852  -  ResidentSetSize of job (KB)
...
006 (9445500.000.000) 03/24 05:42:18 Image size of job updated: 111472432
	32416  -  MemoryUsage of job (MB)
	33193852  -  ResidentSetSize of job (KB)
...
006 (9445500.000.000) 03/24 05:47:18 Image size of job updated: 111510548
	32416  -  MemoryUsage of job (MB)
	33193852  -  ResidentSetSize of job (KB)
...
006 (9445500.000.000) 03/24 05:52:19 Image size of job updated: 111548528
	32416  -  MemoryUsage of job (MB)
	33193852  -  ResidentSetSize of job (KB)
...
006 (9445500.000.000) 03/24 05:57:20 Image size of job updated: 111586644
	32416  -  MemoryUsage of job (MB)
	33193852  -  ResidentSetSize of job (KB)
...
006 (9445500.000.000) 03/24 06:02:20 Image size of job updated: 111624636
	32416  -  MemoryUsage of job (MB)
	33193852  -  ResidentSetSize of job (KB)
...
006 (9445500.000.000) 03/24 06:07:21 Image size of job updated: 111663536
	32416  -  MemoryUsage of job (MB)
	33193852  -  ResidentSetSize of job (KB)
...
006 (9445500.000.000) 03/24 06:12:21 Image size of job updated: 111700620
	32416  -  MemoryUsage of job (MB)
	33193852  -  ResidentSetSize of job (KB)
...
006 (9445500.000.000) 03/24 06:17:21 Image size of job updated: 111735900
	32416  -  MemoryUsage of job (MB)
	33193852  -  ResidentSetSize of job (KB)
...
006 (9445500.000.000) 03/24 06:22:22 Image size of job updated: 111772084
	32416  -  MemoryUsage of job (MB)
	33193852  -  ResidentSetSize of job (KB)
...
006 (9445500.000.000) 03/24 06:27:23 Image size of job updated: 111808308
	32416  -  MemoryUsage of job (MB)
	33193852  -  ResidentSetSize of job (KB)
...
006 (9445500.000.000) 03/24 06:32:23 Image size of job updated: 111843596
	32416  -  MemoryUsage of job (MB)
	33193852  -  ResidentSetSize of job (KB)
...
006 (9445500.000.000) 03/24 06:37:23 Image size of job updated: 111879776
	32416  -  MemoryUsage of job (MB)
	33193852  -  ResidentSetSize of job (KB)
...
006 (9445500.000.000) 03/24 06:42:25 Image size of job updated: 111918892
	32416  -  MemoryUsage of job (MB)
	33193852  -  ResidentSetSize of job (KB)
...
006 (9445500.000.000) 03/24 06:47:25 Image size of job updated: 111957380
	32416  -  MemoryUsage of job (MB)
	33193852  -  ResidentSetSize of job (KB)
...
006 (9445500.000.000) 03/24 06:52:25 Image size of job updated: 111996904
	32416  -  MemoryUsage of job (MB)
	33193852  -  ResidentSetSize of job (KB)
...
006 (9445500.000.000) 03/24 06:57:26 Image size of job updated: 112036416
	32416  -  MemoryUsage of job (MB)
	33193852  -  ResidentSetSize of job (KB)
...
006 (9445500.000.000) 03/24 07:02:27 Image size of job updated: 112076968
	32416  -  MemoryUsage of job (MB)
	33193852  -  ResidentSetSize of job (KB)
...
006 (9445500.000.000) 03/24 07:07:27 Image size of job updated: 112115472
	32416  -  MemoryUsage of job (MB)
	33193852  -  ResidentSetSize of job (KB)
...
006 (9445500.000.000) 03/24 07:12:27 Image size of job updated: 112153952
	32416  -  MemoryUsage of job (MB)
	33193852  -  ResidentSetSize of job (KB)
...
006 (9445500.000.000) 03/24 07:17:28 Image size of job updated: 112191540
	32416  -  MemoryUsage of job (MB)
	33193852  -  ResidentSetSize of job (KB)
...
006 (9445500.000.000) 03/24 07:22:28 Image size of job updated: 112229064
	32416  -  MemoryUsage of job (MB)
	33193852  -  ResidentSetSize of job (KB)
...
006 (9445500.000.000) 03/24 07:27:28 Image size of job updated: 112268600
	32416  -  MemoryUsage of job (MB)
	33193852  -  ResidentSetSize of job (KB)
...
006 (9445500.000.000) 03/24 07:32:29 Image size of job updated: 112307084
	32416  -  MemoryUsage of job (MB)
	33193852  -  ResidentSetSize of job (KB)
...
006 (9445500.000.000) 03/24 07:37:30 Image size of job updated: 112345576
	32416  -  MemoryUsage of job (MB)
	33193852  -  ResidentSetSize of job (KB)
...
006 (9445500.000.000) 03/24 07:42:30 Image size of job updated: 112383020
	32416  -  MemoryUsage of job (MB)
	33193852  -  ResidentSetSize of job (KB)
...
006 (9445500.000.000) 03/24 07:47:31 Image size of job updated: 112421500
	32416  -  MemoryUsage of job (MB)
	33193852  -  ResidentSetSize of job (KB)
...
006 (9445500.000.000) 03/24 07:52:32 Image size of job updated: 112461372
	32416  -  MemoryUsage of job (MB)
	33193852  -  ResidentSetSize of job (KB)
...
006 (9445500.000.000) 03/24 07:57:32 Image size of job updated: 112499152
	32416  -  MemoryUsage of job (MB)
	33193852  -  ResidentSetSize of job (KB)
...
006 (9445500.000.000) 03/24 08:02:32 Image size of job updated: 112537636
	32416  -  MemoryUsage of job (MB)
	33193852  -  ResidentSetSize of job (KB)
...
006 (9445500.000.000) 03/24 08:07:33 Image size of job updated: 112576120
	32416  -  MemoryUsage of job (MB)
	33193852  -  ResidentSetSize of job (KB)
...
006 (9445500.000.000) 03/24 08:12:33 Image size of job updated: 112612544
	32416  -  MemoryUsage of job (MB)
	33193852  -  ResidentSetSize of job (KB)
...
006 (9445500.000.000) 03/24 08:17:33 Image size of job updated: 112647892
	32416  -  MemoryUsage of job (MB)
	33193852  -  ResidentSetSize of job (KB)
...
006 (9445500.000.000) 03/24 08:22:34 Image size of job updated: 112685328
	32416  -  MemoryUsage of job (MB)
	33193852  -  ResidentSetSize of job (KB)
...
006 (9445500.000.000) 03/24 08:27:35 Image size of job updated: 112724848
	32416  -  MemoryUsage of job (MB)
	33193852  -  ResidentSetSize of job (KB)
...
006 (9445500.000.000) 03/24 08:32:35 Image size of job updated: 112767500
	32416  -  MemoryUsage of job (MB)
	33193852  -  ResidentSetSize of job (KB)
...
006 (9445500.000.000) 03/24 08:37:36 Image size of job updated: 112808184
	32416  -  MemoryUsage of job (MB)
	33193852  -  ResidentSetSize of job (KB)
...
006 (9445500.000.000) 03/24 08:42:37 Image size of job updated: 112846660
	32416  -  MemoryUsage of job (MB)
	33193852  -  ResidentSetSize of job (KB)
...
006 (9445500.000.000) 03/24 08:47:38 Image size of job updated: 112887232
	32416  -  MemoryUsage of job (MB)
	33193852  -  ResidentSetSize of job (KB)
...
006 (9445500.000.000) 03/24 08:52:38 Image size of job updated: 112926764
	32416  -  MemoryUsage of job (MB)
	33193852  -  ResidentSetSize of job (KB)
...
006 (9445500.000.000) 03/24 08:57:39 Image size of job updated: 112964208
	32416  -  MemoryUsage of job (MB)
	33193852  -  ResidentSetSize of job (KB)
...
006 (9445500.000.000) 03/24 09:02:40 Image size of job updated: 113000620
	32416  -  MemoryUsage of job (MB)
	33193852  -  ResidentSetSize of job (KB)
...
006 (9445500.000.000) 03/24 09:07:40 Image size of job updated: 113042232
	32416  -  MemoryUsage of job (MB)
	33193852  -  ResidentSetSize of job (KB)
...
006 (9445500.000.000) 03/24 09:12:40 Image size of job updated: 113084892
	32416  -  MemoryUsage of job (MB)
	33193852  -  ResidentSetSize of job (KB)
...
006 (9445500.000.000) 03/24 09:17:41 Image size of job updated: 113128588
	32416  -  MemoryUsage of job (MB)
	33193852  -  ResidentSetSize of job (KB)
...
006 (9445500.000.000) 03/24 09:22:42 Image size of job updated: 113169152
	32416  -  MemoryUsage of job (MB)
	33193852  -  ResidentSetSize of job (KB)
...
006 (9445500.000.000) 03/24 09:27:42 Image size of job updated: 113207604
	32416  -  MemoryUsage of job (MB)
	33193852  -  ResidentSetSize of job (KB)
...
006 (9445500.000.000) 03/24 09:32:43 Image size of job updated: 113247124
	32416  -  MemoryUsage of job (MB)
	33193852  -  ResidentSetSize of job (KB)
...
006 (9445500.000.000) 03/24 09:37:44 Image size of job updated: 113290868
	32416  -  MemoryUsage of job (MB)
	33193852  -  ResidentSetSize of job (KB)
...
006 (9445500.000.000) 03/24 09:42:44 Image size of job updated: 113331356
	32416  -  MemoryUsage of job (MB)
	33193852  -  ResidentSetSize of job (KB)
...
006 (9445500.000.000) 03/24 09:47:44 Image size of job updated: 113367304
	32416  -  MemoryUsage of job (MB)
	33193852  -  ResidentSetSize of job (KB)
...
006 (9445500.000.000) 03/24 09:52:46 Image size of job updated: 113405780
	32416  -  MemoryUsage of job (MB)
	33193852  -  ResidentSetSize of job (KB)
...
006 (9445500.000.000) 03/24 09:57:46 Image size of job updated: 113443140
	32416  -  MemoryUsage of job (MB)
	33193852  -  ResidentSetSize of job (KB)
...
006 (9445500.000.000) 03/24 10:02:46 Image size of job updated: 113478500
	32416  -  MemoryUsage of job (MB)
	33193852  -  ResidentSetSize of job (KB)
...
006 (9445500.000.000) 03/24 10:07:47 Image size of job updated: 113522180
	32416  -  MemoryUsage of job (MB)
	33193852  -  ResidentSetSize of job (KB)
...
006 (9445500.000.000) 03/24 10:12:48 Image size of job updated: 113565864
	32416  -  MemoryUsage of job (MB)
	33193852  -  ResidentSetSize of job (KB)
...
006 (9445500.000.000) 03/24 10:17:48 Image size of job updated: 113609544
	32416  -  MemoryUsage of job (MB)
	33193852  -  ResidentSetSize of job (KB)
...
006 (9445500.000.000) 03/24 10:22:48 Image size of job updated: 113652196
	32416  -  MemoryUsage of job (MB)
	33193852  -  ResidentSetSize of job (KB)
...
006 (9445500.000.000) 03/24 10:27:50 Image size of job updated: 113693804
	32416  -  MemoryUsage of job (MB)
	33193852  -  ResidentSetSize of job (KB)
...
006 (9445500.000.000) 03/24 10:32:50 Image size of job updated: 113733940
	32416  -  MemoryUsage of job (MB)
	33193852  -  ResidentSetSize of job (KB)
...
006 (9445500.000.000) 03/24 10:37:50 Image size of job updated: 113777640
	32416  -  MemoryUsage of job (MB)
	33193852  -  ResidentSetSize of job (KB)
...
006 (9445500.000.000) 03/24 10:42:51 Image size of job updated: 113822364
	32416  -  MemoryUsage of job (MB)
	33193852  -  ResidentSetSize of job (KB)
...
006 (9445500.000.000) 03/24 10:47:52 Image size of job updated: 113868656
	32416  -  MemoryUsage of job (MB)
	33193852  -  ResidentSetSize of job (KB)
...
006 (9445500.000.000) 03/24 10:52:52 Image size of job updated: 113916500
	32416  -  MemoryUsage of job (MB)
	33193852  -  ResidentSetSize of job (KB)
...
006 (9445500.000.000) 03/24 10:57:52 Image size of job updated: 113961412
	32416  -  MemoryUsage of job (MB)
	33193852  -  ResidentSetSize of job (KB)
...
006 (9445500.000.000) 03/24 11:02:53 Image size of job updated: 114001972
	32416  -  MemoryUsage of job (MB)
	33193852  -  ResidentSetSize of job (KB)
...
006 (9445500.000.000) 03/24 11:07:54 Image size of job updated: 114039420
	32416  -  MemoryUsage of job (MB)
	33193852  -  ResidentSetSize of job (KB)
...
006 (9445500.000.000) 03/24 11:12:54 Image size of job updated: 114078944
	32416  -  MemoryUsage of job (MB)
	33193852  -  ResidentSetSize of job (KB)
...
006 (9445500.000.000) 03/24 11:17:54 Image size of job updated: 114122624
	32416  -  MemoryUsage of job (MB)
	33193852  -  ResidentSetSize of job (KB)
...
006 (9445500.000.000) 03/24 11:22:55 Image size of job updated: 114169296
	32416  -  MemoryUsage of job (MB)
	33193852  -  ResidentSetSize of job (KB)
...
006 (9445500.000.000) 03/24 11:27:55 Image size of job updated: 114209860
	32416  -  MemoryUsage of job (MB)
	33193852  -  ResidentSetSize of job (KB)
...
006 (9445500.000.000) 03/24 11:32:55 Image size of job updated: 114255620
	32416  -  MemoryUsage of job (MB)
	33193852  -  ResidentSetSize of job (KB)
...
006 (9445500.000.000) 03/24 11:37:56 Image size of job updated: 114293060
	32416  -  MemoryUsage of job (MB)
	33193852  -  ResidentSetSize of job (KB)
...
006 (9445500.000.000) 03/24 11:42:57 Image size of job updated: 114330496
	32416  -  MemoryUsage of job (MB)
	33193852  -  ResidentSetSize of job (KB)
...
006 (9445500.000.000) 03/24 11:47:57 Image size of job updated: 114372088
	32416  -  MemoryUsage of job (MB)
	33193852  -  ResidentSetSize of job (KB)
...
006 (9445500.000.000) 03/24 11:52:57 Image size of job updated: 114411604
	32416  -  MemoryUsage of job (MB)
	33193852  -  ResidentSetSize of job (KB)
...
006 (9445500.000.000) 03/24 11:57:59 Image size of job updated: 114453200
	32416  -  MemoryUsage of job (MB)
	33193852  -  ResidentSetSize of job (KB)
...
006 (9445500.000.000) 03/24 12:02:59 Image size of job updated: 114491672
	32416  -  MemoryUsage of job (MB)
	33193852  -  ResidentSetSize of job (KB)
...
006 (9445500.000.000) 03/24 12:07:59 Image size of job updated: 114530148
	32416  -  MemoryUsage of job (MB)
	33193852  -  ResidentSetSize of job (KB)
...
006 (9445500.000.000) 03/24 12:13:00 Image size of job updated: 114569144
	32416  -  MemoryUsage of job (MB)
	33193852  -  ResidentSetSize of job (KB)
...
006 (9445500.000.000) 03/24 12:18:01 Image size of job updated: 114608660
	32416  -  MemoryUsage of job (MB)
	33193852  -  ResidentSetSize of job (KB)
...
006 (9445500.000.000) 03/24 12:23:01 Image size of job updated: 114653368
	32416  -  MemoryUsage of job (MB)
	33193852  -  ResidentSetSize of job (KB)
...
006 (9445500.000.000) 03/24 12:28:01 Image size of job updated: 114698088
	32416  -  MemoryUsage of job (MB)
	33193852  -  ResidentSetSize of job (KB)
...
006 (9445500.000.000) 03/24 12:33:02 Image size of job updated: 114742820
	32416  -  MemoryUsage of job (MB)
	33193852  -  ResidentSetSize of job (KB)
...
006 (9445500.000.000) 03/24 12:38:03 Image size of job updated: 114785456
	32416  -  MemoryUsage of job (MB)
	33193852  -  ResidentSetSize of job (KB)
...
006 (9445500.000.000) 03/24 12:43:03 Image size of job updated: 114827072
	32416  -  MemoryUsage of job (MB)
	33193852  -  ResidentSetSize of job (KB)
...
006 (9445500.000.000) 03/24 12:48:03 Image size of job updated: 114869852
	32416  -  MemoryUsage of job (MB)
	33193852  -  ResidentSetSize of job (KB)
...
006 (9445500.000.000) 03/24 12:53:04 Image size of job updated: 114912668
	32416  -  MemoryUsage of job (MB)
	33193852  -  ResidentSetSize of job (KB)
...
006 (9445500.000.000) 03/24 12:58:05 Image size of job updated: 114953308
	32416  -  MemoryUsage of job (MB)
	33193852  -  ResidentSetSize of job (KB)
...
006 (9445500.000.000) 03/24 13:03:05 Image size of job updated: 114998028
	32416  -  MemoryUsage of job (MB)
	33193852  -  ResidentSetSize of job (KB)
...
006 (9445500.000.000) 03/24 13:08:06 Image size of job updated: 115041732
	32416  -  MemoryUsage of job (MB)
	33193852  -  ResidentSetSize of job (KB)
...
006 (9445500.000.000) 03/24 13:13:07 Image size of job updated: 115086460
	32416  -  MemoryUsage of job (MB)
	33193852  -  ResidentSetSize of job (KB)
...
006 (9445500.000.000) 03/24 13:18:07 Image size of job updated: 115133276
	32416  -  MemoryUsage of job (MB)
	33193852  -  ResidentSetSize of job (KB)
...
006 (9445500.000.000) 03/24 13:23:07 Image size of job updated: 115178016
	32416  -  MemoryUsage of job (MB)
	33193852  -  ResidentSetSize of job (KB)
...
006 (9445500.000.000) 03/24 13:28:07 Image size of job updated: 115223780
	32416  -  MemoryUsage of job (MB)
	33193852  -  ResidentSetSize of job (KB)
...
006 (9445500.000.000) 03/24 13:33:08 Image size of job updated: 115267268
	32416  -  MemoryUsage of job (MB)
	33193852  -  ResidentSetSize of job (KB)
...
006 (9445500.000.000) 03/24 13:38:08 Image size of job updated: 115310948
	32416  -  MemoryUsage of job (MB)
	33193852  -  ResidentSetSize of job (KB)
...
006 (9445500.000.000) 03/24 13:43:08 Image size of job updated: 115354628
	32416  -  MemoryUsage of job (MB)
	33193852  -  ResidentSetSize of job (KB)
...
