000 (9701149.000.000) 04/30 12:33:20 Job submitted from host: <137.138.156.150:9618?addrs=137.138.156.150-9618+[2001-1458-d00-14--9a]-9618&alias=bigbird13.cern.ch&noUDP&sock=schedd_2138_1192>
...
040 (9701149.000.000) 04/30 14:19:25 Started transferring input files
	Transferring to host: <188.184.160.122:9618?addrs=188.184.160.122-9618+[2001-1458-301-48--100-74]-9618&alias=b9s09p2575.cern.ch&noUDP&sock=slot1_24_2897001_0787_65711>
...
040 (9701149.000.000) 04/30 14:19:25 Finished transferring input files
...
001 (9701149.000.000) 04/30 14:19:26 Job executing on host: <188.184.160.122:9618?addrs=188.184.160.122-9618+[2001-1458-301-48--100-74]-9618&alias=b9s09p2575.cern.ch&noUDP&sock=startd_2894469_8f95>
...
006 (9701149.000.000) 04/30 14:19:35 Image size of job updated: 24368
	24  -  MemoryUsage of job (MB)
	24128  -  ResidentSetSize of job (KB)
...
006 (9701149.000.000) 04/30 14:24:36 Image size of job updated: 348156
	340  -  MemoryUsage of job (MB)
	348028  -  ResidentSetSize of job (KB)
...
006 (9701149.000.000) 04/30 14:29:36 Image size of job updated: 521576
	509  -  MemoryUsage of job (MB)
	521036  -  ResidentSetSize of job (KB)
...
006 (9701149.000.000) 04/30 14:34:36 Image size of job updated: 603504
	590  -  MemoryUsage of job (MB)
	603256  -  ResidentSetSize of job (KB)
...
006 (9701149.000.000) 04/30 14:39:37 Image size of job updated: 770748
	753  -  MemoryUsage of job (MB)
	770748  -  ResidentSetSize of job (KB)
...
006 (9701149.000.000) 04/30 14:44:37 Image size of job updated: 3367224
	3266  -  MemoryUsage of job (MB)
	3344324  -  ResidentSetSize of job (KB)
...
006 (9701149.000.000) 04/30 14:49:37 Image size of job updated: 3427584
	3347  -  MemoryUsage of job (MB)
	3426324  -  ResidentSetSize of job (KB)
...
006 (9701149.000.000) 04/30 14:54:38 Image size of job updated: 3433820
	3347  -  MemoryUsage of job (MB)
	3426324  -  ResidentSetSize of job (KB)
...
006 (9701149.000.000) 04/30 15:04:39 Image size of job updated: 3464484
	3384  -  MemoryUsage of job (MB)
	3464232  -  ResidentSetSize of job (KB)
...
006 (9701149.000.000) 04/30 15:09:40 Image size of job updated: 3508484
	3420  -  MemoryUsage of job (MB)
	3501988  -  ResidentSetSize of job (KB)
...
006 (9701149.000.000) 04/30 15:14:41 Image size of job updated: 3512808
	3427  -  MemoryUsage of job (MB)
	3509200  -  ResidentSetSize of job (KB)
...
006 (9701149.000.000) 04/30 15:19:41 Image size of job updated: 3537580
	3427  -  MemoryUsage of job (MB)
	3509200  -  ResidentSetSize of job (KB)
...
006 (9701149.000.000) 04/30 15:29:43 Image size of job updated: 3586036
	3495  -  MemoryUsage of job (MB)
	3578472  -  ResidentSetSize of job (KB)
...
006 (9701149.000.000) 04/30 15:34:43 Image size of job updated: 3628772
	3544  -  MemoryUsage of job (MB)
	3628252  -  ResidentSetSize of job (KB)
...
006 (9701149.000.000) 04/30 15:39:43 Image size of job updated: 3656728
	3561  -  MemoryUsage of job (MB)
	3646180  -  ResidentSetSize of job (KB)
...
006 (9701149.000.000) 04/30 15:44:44 Image size of job updated: 3678932
	3586  -  MemoryUsage of job (MB)
	3671792  -  ResidentSetSize of job (KB)
...
006 (9701149.000.000) 04/30 15:49:44 Image size of job updated: 3712896
	3626  -  MemoryUsage of job (MB)
	3712404  -  ResidentSetSize of job (KB)
...
006 (9701149.000.000) 04/30 15:54:44 Image size of job updated: 3733024
	3639  -  MemoryUsage of job (MB)
	3726044  -  ResidentSetSize of job (KB)
...
006 (9701149.000.000) 04/30 15:59:45 Image size of job updated: 3769088
	3681  -  MemoryUsage of job (MB)
	3768680  -  ResidentSetSize of job (KB)
...
006 (9701149.000.000) 04/30 16:04:46 Image size of job updated: 3810572
	3719  -  MemoryUsage of job (MB)
	3807644  -  ResidentSetSize of job (KB)
...
006 (9701149.000.000) 04/30 16:09:46 Image size of job updated: 3845064
	3753  -  MemoryUsage of job (MB)
	3842468  -  ResidentSetSize of job (KB)
...
006 (9701149.000.000) 04/30 16:14:47 Image size of job updated: 3906516
	3812  -  MemoryUsage of job (MB)
	3902932  -  ResidentSetSize of job (KB)
...
006 (9701149.000.000) 04/30 16:19:48 Image size of job updated: 3922376
	3828  -  MemoryUsage of job (MB)
	3919020  -  ResidentSetSize of job (KB)
...
006 (9701149.000.000) 04/30 16:24:48 Image size of job updated: 3952308
	3857  -  MemoryUsage of job (MB)
	3949356  -  ResidentSetSize of job (KB)
...
006 (9701149.000.000) 04/30 16:29:48 Image size of job updated: 4026108
	3857  -  MemoryUsage of job (MB)
	3949356  -  ResidentSetSize of job (KB)
...
006 (9701149.000.000) 04/30 16:34:49 Image size of job updated: 4383972
	4207  -  MemoryUsage of job (MB)
	4307808  -  ResidentSetSize of job (KB)
...
006 (9701149.000.000) 04/30 16:39:49 Image size of job updated: 4513564
	4363  -  MemoryUsage of job (MB)
	4467092  -  ResidentSetSize of job (KB)
...
006 (9701149.000.000) 04/30 16:42:02 Image size of job updated: 4547892
	4363  -  MemoryUsage of job (MB)
	4467092  -  ResidentSetSize of job (KB)
...
040 (9701149.000.000) 04/30 16:42:02 Started transferring output files
...
040 (9701149.000.000) 04/30 16:42:04 Finished transferring output files
...
005 (9701149.000.000) 04/30 16:42:04 Job terminated.
	(1) Normal termination (return value 0)
		Usr 0 07:22:17, Sys 0 01:31:05  -  Run Remote Usage
		Usr 0 00:00:00, Sys 0 00:00:00  -  Run Local Usage
		Usr 0 07:22:17, Sys 0 01:31:05  -  Total Remote Usage
		Usr 0 00:00:00, Sys 0 00:00:00  -  Total Local Usage
	38669836  -  Run Bytes Sent By Job
	199  -  Run Bytes Received By Job
	38669836  -  Total Bytes Sent By Job
	199  -  Total Bytes Received By Job
	Partitionable Resources :    Usage  Request Allocated 
	   Cpus                 :     3.36        1         1 
	   Disk (KB)            : 37785           1   2986980 
	   Memory (MB)          :  4363        2000      2000 

	Job terminated of its own accord at 2024-04-30T14:42:02Z.
...
