000 (9445541.000.000) 03/23 14:39:21 Job submitted from host: <137.138.156.150:9618?addrs=137.138.156.150-9618+[2001-1458-d00-14--9a]-9618&alias=bigbird13.cern.ch&noUDP&sock=schedd_5144_ef43>
...
040 (9445541.000.000) 03/23 16:01:00 Started transferring input files
	Transferring to host: <128.142.58.132:9618?addrs=128.142.58.132-9618&alias=b7s03p1352.cern.ch&noUDP&sock=slot1_16_6905_f272_80576>
...
040 (9445541.000.000) 03/23 16:01:00 Finished transferring input files
...
001 (9445541.000.000) 03/23 16:01:01 Job executing on host: <128.142.58.132:9618?addrs=128.142.58.132-9618&alias=b7s03p1352.cern.ch&noUDP&sock=startd_6840_3fe2>
...
006 (9445541.000.000) 03/23 16:01:10 Image size of job updated: 104488
	82  -  MemoryUsage of job (MB)
	83440  -  ResidentSetSize of job (KB)
...
006 (9445541.000.000) 03/23 16:06:11 Image size of job updated: 615704
	85  -  MemoryUsage of job (MB)
	86212  -  ResidentSetSize of job (KB)
...
006 (9445541.000.000) 03/23 16:11:11 Image size of job updated: 615860
	85  -  MemoryUsage of job (MB)
	86748  -  ResidentSetSize of job (KB)
...
006 (9445541.000.000) 03/23 16:16:11 Image size of job updated: 616884
	86  -  MemoryUsage of job (MB)
	87192  -  ResidentSetSize of job (KB)
...
006 (9445541.000.000) 03/23 16:21:12 Image size of job updated: 616884
	86  -  MemoryUsage of job (MB)
	87620  -  ResidentSetSize of job (KB)
...
006 (9445541.000.000) 03/23 16:26:13 Image size of job updated: 5648968
	2932  -  MemoryUsage of job (MB)
	3002280  -  ResidentSetSize of job (KB)
...
006 (9445541.000.000) 03/23 16:31:13 Image size of job updated: 9942112
	7086  -  MemoryUsage of job (MB)
	7255764  -  ResidentSetSize of job (KB)
...
006 (9445541.000.000) 03/23 16:36:14 Image size of job updated: 14090120
	11116  -  MemoryUsage of job (MB)
	11382204  -  ResidentSetSize of job (KB)
...
006 (9445541.000.000) 03/23 16:41:15 Image size of job updated: 17805668
	11116  -  MemoryUsage of job (MB)
	11382204  -  ResidentSetSize of job (KB)
...
006 (9445541.000.000) 03/23 16:46:15 Image size of job updated: 21673352
	11116  -  MemoryUsage of job (MB)
	11382204  -  ResidentSetSize of job (KB)
...
006 (9445541.000.000) 03/23 16:51:15 Image size of job updated: 25950344
	11116  -  MemoryUsage of job (MB)
	11382204  -  ResidentSetSize of job (KB)
...
006 (9445541.000.000) 03/23 16:56:16 Image size of job updated: 30099856
	11116  -  MemoryUsage of job (MB)
	11382204  -  ResidentSetSize of job (KB)
...
006 (9445541.000.000) 03/23 17:01:16 Image size of job updated: 34493012
	11733  -  MemoryUsage of job (MB)
	12014548  -  ResidentSetSize of job (KB)
...
006 (9445541.000.000) 03/23 17:06:16 Image size of job updated: 38856132
	15624  -  MemoryUsage of job (MB)
	15997992  -  ResidentSetSize of job (KB)
...
006 (9445541.000.000) 03/23 17:11:17 Image size of job updated: 43369296
	15624  -  MemoryUsage of job (MB)
	15997992  -  ResidentSetSize of job (KB)
...
006 (9445541.000.000) 03/23 17:16:18 Image size of job updated: 47468148
	15624  -  MemoryUsage of job (MB)
	15997992  -  ResidentSetSize of job (KB)
...
006 (9445541.000.000) 03/23 17:21:18 Image size of job updated: 50016144
	15624  -  MemoryUsage of job (MB)
	15997992  -  ResidentSetSize of job (KB)
...
006 (9445541.000.000) 03/23 17:26:19 Image size of job updated: 51722380
	15624  -  MemoryUsage of job (MB)
	15997992  -  ResidentSetSize of job (KB)
...
006 (9445541.000.000) 03/23 17:31:20 Image size of job updated: 52841868
	15624  -  MemoryUsage of job (MB)
	15997992  -  ResidentSetSize of job (KB)
...
006 (9445541.000.000) 03/23 17:36:20 Image size of job updated: 54324980
	15624  -  MemoryUsage of job (MB)
	15997992  -  ResidentSetSize of job (KB)
...
006 (9445541.000.000) 03/23 17:41:21 Image size of job updated: 55361380
	15624  -  MemoryUsage of job (MB)
	15997992  -  ResidentSetSize of job (KB)
...
006 (9445541.000.000) 03/23 17:46:22 Image size of job updated: 56478628
	15624  -  MemoryUsage of job (MB)
	15997992  -  ResidentSetSize of job (KB)
...
006 (9445541.000.000) 03/23 17:51:22 Image size of job updated: 57607716
	15624  -  MemoryUsage of job (MB)
	15997992  -  ResidentSetSize of job (KB)
...
006 (9445541.000.000) 03/23 17:56:22 Image size of job updated: 59492888
	15624  -  MemoryUsage of job (MB)
	15997992  -  ResidentSetSize of job (KB)
...
006 (9445541.000.000) 03/23 18:01:23 Image size of job updated: 61305568
	15624  -  MemoryUsage of job (MB)
	15997992  -  ResidentSetSize of job (KB)
...
006 (9445541.000.000) 03/23 18:06:23 Image size of job updated: 62957172
	15624  -  MemoryUsage of job (MB)
	15997992  -  ResidentSetSize of job (KB)
...
006 (9445541.000.000) 03/23 18:11:23 Image size of job updated: 64529376
	15624  -  MemoryUsage of job (MB)
	15997992  -  ResidentSetSize of job (KB)
...
006 (9445541.000.000) 03/23 18:16:24 Image size of job updated: 65933744
	15624  -  MemoryUsage of job (MB)
	15997992  -  ResidentSetSize of job (KB)
...
006 (9445541.000.000) 03/23 18:21:25 Image size of job updated: 67254248
	15624  -  MemoryUsage of job (MB)
	15997992  -  ResidentSetSize of job (KB)
...
006 (9445541.000.000) 03/23 18:26:25 Image size of job updated: 68770372
	15624  -  MemoryUsage of job (MB)
	15997992  -  ResidentSetSize of job (KB)
...
006 (9445541.000.000) 03/23 18:31:26 Image size of job updated: 70263680
	15624  -  MemoryUsage of job (MB)
	15997992  -  ResidentSetSize of job (KB)
...
006 (9445541.000.000) 03/23 18:36:27 Image size of job updated: 71671044
	15624  -  MemoryUsage of job (MB)
	15997992  -  ResidentSetSize of job (KB)
...
006 (9445541.000.000) 03/23 18:41:27 Image size of job updated: 73261816
	15624  -  MemoryUsage of job (MB)
	15997992  -  ResidentSetSize of job (KB)
...
006 (9445541.000.000) 03/23 18:46:27 Image size of job updated: 74843872
	15624  -  MemoryUsage of job (MB)
	15997992  -  ResidentSetSize of job (KB)
...
006 (9445541.000.000) 03/23 18:51:29 Image size of job updated: 76424972
	15624  -  MemoryUsage of job (MB)
	15997992  -  ResidentSetSize of job (KB)
...
006 (9445541.000.000) 03/23 18:56:29 Image size of job updated: 77125324
	15624  -  MemoryUsage of job (MB)
	15997992  -  ResidentSetSize of job (KB)
...
006 (9445541.000.000) 03/23 19:01:29 Image size of job updated: 78528640
	15624  -  MemoryUsage of job (MB)
	15997992  -  ResidentSetSize of job (KB)
...
006 (9445541.000.000) 03/23 19:06:30 Image size of job updated: 79786312
	15624  -  MemoryUsage of job (MB)
	15997992  -  ResidentSetSize of job (KB)
...
006 (9445541.000.000) 03/23 19:11:31 Image size of job updated: 81303824
	15624  -  MemoryUsage of job (MB)
	15997992  -  ResidentSetSize of job (KB)
...
006 (9445541.000.000) 03/23 19:16:31 Image size of job updated: 82478488
	15624  -  MemoryUsage of job (MB)
	15997992  -  ResidentSetSize of job (KB)
...
006 (9445541.000.000) 03/23 19:21:32 Image size of job updated: 83676472
	15624  -  MemoryUsage of job (MB)
	15997992  -  ResidentSetSize of job (KB)
...
006 (9445541.000.000) 03/23 19:26:33 Image size of job updated: 84599848
	15624  -  MemoryUsage of job (MB)
	15997992  -  ResidentSetSize of job (KB)
...
006 (9445541.000.000) 03/23 19:31:33 Image size of job updated: 85963040
	15624  -  MemoryUsage of job (MB)
	15997992  -  ResidentSetSize of job (KB)
...
006 (9445541.000.000) 03/23 19:36:33 Image size of job updated: 86915188
	15624  -  MemoryUsage of job (MB)
	15997992  -  ResidentSetSize of job (KB)
...
006 (9445541.000.000) 03/23 19:41:34 Image size of job updated: 88554680
	15624  -  MemoryUsage of job (MB)
	15997992  -  ResidentSetSize of job (KB)
...
006 (9445541.000.000) 03/23 19:46:35 Image size of job updated: 107401280
	15624  -  MemoryUsage of job (MB)
	15997992  -  ResidentSetSize of job (KB)
...
006 (9445541.000.000) 03/23 19:51:35 Image size of job updated: 107420812
	15624  -  MemoryUsage of job (MB)
	15997992  -  ResidentSetSize of job (KB)
...
006 (9445541.000.000) 03/23 19:56:36 Image size of job updated: 107456748
	15624  -  MemoryUsage of job (MB)
	15997992  -  ResidentSetSize of job (KB)
...
006 (9445541.000.000) 03/23 20:01:37 Image size of job updated: 107491904
	15624  -  MemoryUsage of job (MB)
	15997992  -  ResidentSetSize of job (KB)
...
006 (9445541.000.000) 03/23 20:06:37 Image size of job updated: 107527844
	15624  -  MemoryUsage of job (MB)
	15997992  -  ResidentSetSize of job (KB)
...
006 (9445541.000.000) 03/23 20:11:37 Image size of job updated: 107563000
	15624  -  MemoryUsage of job (MB)
	15997992  -  ResidentSetSize of job (KB)
...
006 (9445541.000.000) 03/23 20:16:38 Image size of job updated: 107598940
	15624  -  MemoryUsage of job (MB)
	15997992  -  ResidentSetSize of job (KB)
...
006 (9445541.000.000) 03/23 20:21:39 Image size of job updated: 107635660
	15624  -  MemoryUsage of job (MB)
	15997992  -  ResidentSetSize of job (KB)
...
006 (9445541.000.000) 03/23 20:26:39 Image size of job updated: 107667692
	15624  -  MemoryUsage of job (MB)
	15997992  -  ResidentSetSize of job (KB)
...
006 (9445541.000.000) 03/23 20:31:39 Image size of job updated: 107698160
	15624  -  MemoryUsage of job (MB)
	15997992  -  ResidentSetSize of job (KB)
...
006 (9445541.000.000) 03/23 20:36:40 Image size of job updated: 107732088
	15624  -  MemoryUsage of job (MB)
	15997992  -  ResidentSetSize of job (KB)
...
006 (9445541.000.000) 03/23 20:41:40 Image size of job updated: 107769280
	15624  -  MemoryUsage of job (MB)
	15997992  -  ResidentSetSize of job (KB)
...
006 (9445541.000.000) 03/23 20:46:40 Image size of job updated: 107805676
	15624  -  MemoryUsage of job (MB)
	15997992  -  ResidentSetSize of job (KB)
...
006 (9445541.000.000) 03/23 20:51:41 Image size of job updated: 107846412
	15624  -  MemoryUsage of job (MB)
	15997992  -  ResidentSetSize of job (KB)
...
006 (9445541.000.000) 03/23 20:56:42 Image size of job updated: 107882596
	15624  -  MemoryUsage of job (MB)
	15997992  -  ResidentSetSize of job (KB)
...
006 (9445541.000.000) 03/23 21:01:42 Image size of job updated: 107917868
	15624  -  MemoryUsage of job (MB)
	15997992  -  ResidentSetSize of job (KB)
...
006 (9445541.000.000) 03/23 21:06:43 Image size of job updated: 107952240
	15624  -  MemoryUsage of job (MB)
	15997992  -  ResidentSetSize of job (KB)
...
006 (9445541.000.000) 03/23 21:11:44 Image size of job updated: 107987516
	15624  -  MemoryUsage of job (MB)
	15997992  -  ResidentSetSize of job (KB)
...
006 (9445541.000.000) 03/23 21:16:44 Image size of job updated: 108022792
	15624  -  MemoryUsage of job (MB)
	15997992  -  ResidentSetSize of job (KB)
...
006 (9445541.000.000) 03/23 21:21:44 Image size of job updated: 108060216
	15624  -  MemoryUsage of job (MB)
	15997992  -  ResidentSetSize of job (KB)
...
006 (9445541.000.000) 03/23 21:26:45 Image size of job updated: 108102712
	15624  -  MemoryUsage of job (MB)
	15997992  -  ResidentSetSize of job (KB)
...
006 (9445541.000.000) 03/23 21:31:46 Image size of job updated: 108138000
	15624  -  MemoryUsage of job (MB)
	15997992  -  ResidentSetSize of job (KB)
...
006 (9445541.000.000) 03/23 21:36:46 Image size of job updated: 108174164
	15624  -  MemoryUsage of job (MB)
	15997992  -  ResidentSetSize of job (KB)
...
006 (9445541.000.000) 03/23 21:41:47 Image size of job updated: 108210000
	15624  -  MemoryUsage of job (MB)
	15997992  -  ResidentSetSize of job (KB)
...
006 (9445541.000.000) 03/23 21:46:48 Image size of job updated: 108245284
	15624  -  MemoryUsage of job (MB)
	15997992  -  ResidentSetSize of job (KB)
...
006 (9445541.000.000) 03/23 21:51:48 Image size of job updated: 108281464
	15624  -  MemoryUsage of job (MB)
	15997992  -  ResidentSetSize of job (KB)
...
006 (9445541.000.000) 03/23 21:56:48 Image size of job updated: 108320368
	15624  -  MemoryUsage of job (MB)
	15997992  -  ResidentSetSize of job (KB)
...
006 (9445541.000.000) 03/23 22:01:49 Image size of job updated: 108358484
	15624  -  MemoryUsage of job (MB)
	15997992  -  ResidentSetSize of job (KB)
...
006 (9445541.000.000) 03/23 22:06:49 Image size of job updated: 108398276
	15624  -  MemoryUsage of job (MB)
	15997992  -  ResidentSetSize of job (KB)
...
006 (9445541.000.000) 03/23 22:11:49 Image size of job updated: 108438084
	15624  -  MemoryUsage of job (MB)
	15997992  -  ResidentSetSize of job (KB)
...
006 (9445541.000.000) 03/23 22:16:50 Image size of job updated: 108476980
	15624  -  MemoryUsage of job (MB)
	15997992  -  ResidentSetSize of job (KB)
...
006 (9445541.000.000) 03/23 22:21:51 Image size of job updated: 108510440
	15624  -  MemoryUsage of job (MB)
	15997992  -  ResidentSetSize of job (KB)
...
006 (9445541.000.000) 03/23 22:26:51 Image size of job updated: 108545732
	15624  -  MemoryUsage of job (MB)
	15997992  -  ResidentSetSize of job (KB)
...
006 (9445541.000.000) 03/23 22:31:52 Image size of job updated: 108582812
	15624  -  MemoryUsage of job (MB)
	15997992  -  ResidentSetSize of job (KB)
...
006 (9445541.000.000) 03/23 22:36:53 Image size of job updated: 108620012
	15624  -  MemoryUsage of job (MB)
	15997992  -  ResidentSetSize of job (KB)
...
006 (9445541.000.000) 03/23 22:41:53 Image size of job updated: 108655288
	15624  -  MemoryUsage of job (MB)
	15997992  -  ResidentSetSize of job (KB)
...
006 (9445541.000.000) 03/23 22:46:54 Image size of job updated: 108691472
	15624  -  MemoryUsage of job (MB)
	15997992  -  ResidentSetSize of job (KB)
...
006 (9445541.000.000) 03/23 22:51:55 Image size of job updated: 108726740
	15624  -  MemoryUsage of job (MB)
	15997992  -  ResidentSetSize of job (KB)
...
006 (9445541.000.000) 03/23 22:56:55 Image size of job updated: 108762004
	15624  -  MemoryUsage of job (MB)
	15997992  -  ResidentSetSize of job (KB)
...
006 (9445541.000.000) 03/23 23:01:56 Image size of job updated: 108797292
	15624  -  MemoryUsage of job (MB)
	15997992  -  ResidentSetSize of job (KB)
...
006 (9445541.000.000) 03/23 23:06:57 Image size of job updated: 108834384
	15624  -  MemoryUsage of job (MB)
	15997992  -  ResidentSetSize of job (KB)
...
006 (9445541.000.000) 03/23 23:11:57 Image size of job updated: 108870568
	15624  -  MemoryUsage of job (MB)
	15997992  -  ResidentSetSize of job (KB)
...
006 (9445541.000.000) 03/23 23:16:57 Image size of job updated: 108905844
	15624  -  MemoryUsage of job (MB)
	15997992  -  ResidentSetSize of job (KB)
...
006 (9445541.000.000) 03/23 23:21:58 Image size of job updated: 108942924
	15624  -  MemoryUsage of job (MB)
	15997992  -  ResidentSetSize of job (KB)
...
006 (9445541.000.000) 03/23 23:26:58 Image size of job updated: 108976400
	15624  -  MemoryUsage of job (MB)
	15997992  -  ResidentSetSize of job (KB)
...
006 (9445541.000.000) 03/23 23:31:58 Image size of job updated: 109010420
	15624  -  MemoryUsage of job (MB)
	15997992  -  ResidentSetSize of job (KB)
...
006 (9445541.000.000) 03/23 23:36:59 Image size of job updated: 109043896
	15624  -  MemoryUsage of job (MB)
	15997992  -  ResidentSetSize of job (KB)
...
006 (9445541.000.000) 03/23 23:42:00 Image size of job updated: 109080504
	15624  -  MemoryUsage of job (MB)
	15997992  -  ResidentSetSize of job (KB)
...
006 (9445541.000.000) 03/23 23:47:00 Image size of job updated: 109115600
	15624  -  MemoryUsage of job (MB)
	15997992  -  ResidentSetSize of job (KB)
...
006 (9445541.000.000) 03/23 23:52:01 Image size of job updated: 109152652
	15624  -  MemoryUsage of job (MB)
	15997992  -  ResidentSetSize of job (KB)
...
006 (9445541.000.000) 03/23 23:57:02 Image size of job updated: 109194252
	15624  -  MemoryUsage of job (MB)
	15997992  -  ResidentSetSize of job (KB)
...
006 (9445541.000.000) 03/24 00:02:02 Image size of job updated: 109232136
	15624  -  MemoryUsage of job (MB)
	15997992  -  ResidentSetSize of job (KB)
...
006 (9445541.000.000) 03/24 00:07:02 Image size of job updated: 109269228
	15624  -  MemoryUsage of job (MB)
	15997992  -  ResidentSetSize of job (KB)
...
006 (9445541.000.000) 03/24 00:12:03 Image size of job updated: 109310844
	15624  -  MemoryUsage of job (MB)
	15997992  -  ResidentSetSize of job (KB)
...
006 (9445541.000.000) 03/24 00:17:04 Image size of job updated: 109346696
	15624  -  MemoryUsage of job (MB)
	15997992  -  ResidentSetSize of job (KB)
...
006 (9445541.000.000) 03/24 00:22:04 Image size of job updated: 109381968
	15624  -  MemoryUsage of job (MB)
	15997992  -  ResidentSetSize of job (KB)
...
006 (9445541.000.000) 03/24 00:27:05 Image size of job updated: 109415432
	15624  -  MemoryUsage of job (MB)
	15997992  -  ResidentSetSize of job (KB)
...
006 (9445541.000.000) 03/24 00:32:06 Image size of job updated: 109449808
	15624  -  MemoryUsage of job (MB)
	15997992  -  ResidentSetSize of job (KB)
...
006 (9445541.000.000) 03/24 00:37:06 Image size of job updated: 109487928
	15624  -  MemoryUsage of job (MB)
	15997992  -  ResidentSetSize of job (KB)
...
006 (9445541.000.000) 03/24 00:42:06 Image size of job updated: 109520208
	15624  -  MemoryUsage of job (MB)
	15997992  -  ResidentSetSize of job (KB)
...
006 (9445541.000.000) 03/24 00:47:07 Image size of job updated: 109551872
	15624  -  MemoryUsage of job (MB)
	15997992  -  ResidentSetSize of job (KB)
...
006 (9445541.000.000) 03/24 00:52:07 Image size of job updated: 109583528
	15624  -  MemoryUsage of job (MB)
	15997992  -  ResidentSetSize of job (KB)
...
006 (9445541.000.000) 03/24 00:57:07 Image size of job updated: 109614284
	15624  -  MemoryUsage of job (MB)
	15997992  -  ResidentSetSize of job (KB)
...
006 (9445541.000.000) 03/24 01:02:08 Image size of job updated: 109645936
	15624  -  MemoryUsage of job (MB)
	15997992  -  ResidentSetSize of job (KB)
...
006 (9445541.000.000) 03/24 01:07:09 Image size of job updated: 109678488
	15624  -  MemoryUsage of job (MB)
	15997992  -  ResidentSetSize of job (KB)
...
006 (9445541.000.000) 03/24 01:12:09 Image size of job updated: 109710148
	15624  -  MemoryUsage of job (MB)
	15997992  -  ResidentSetSize of job (KB)
...
006 (9445541.000.000) 03/24 01:17:10 Image size of job updated: 109744532
	15624  -  MemoryUsage of job (MB)
	15997992  -  ResidentSetSize of job (KB)
...
006 (9445541.000.000) 03/24 01:22:11 Image size of job updated: 109778336
	15624  -  MemoryUsage of job (MB)
	15997992  -  ResidentSetSize of job (KB)
...
006 (9445541.000.000) 03/24 01:27:11 Image size of job updated: 109811808
	15624  -  MemoryUsage of job (MB)
	15997992  -  ResidentSetSize of job (KB)
...
006 (9445541.000.000) 03/24 01:32:12 Image size of job updated: 109845280
	15624  -  MemoryUsage of job (MB)
	15997992  -  ResidentSetSize of job (KB)
...
006 (9445541.000.000) 03/24 01:37:13 Image size of job updated: 109878756
	15624  -  MemoryUsage of job (MB)
	15997992  -  ResidentSetSize of job (KB)
...
006 (9445541.000.000) 03/24 01:42:13 Image size of job updated: 109915312
	15624  -  MemoryUsage of job (MB)
	15997992  -  ResidentSetSize of job (KB)
...
006 (9445541.000.000) 03/24 01:47:13 Image size of job updated: 109949552
	15624  -  MemoryUsage of job (MB)
	15997992  -  ResidentSetSize of job (KB)
...
006 (9445541.000.000) 03/24 01:52:14 Image size of job updated: 109983920
	15624  -  MemoryUsage of job (MB)
	15997992  -  ResidentSetSize of job (KB)
...
006 (9445541.000.000) 03/24 01:57:15 Image size of job updated: 110015576
	15624  -  MemoryUsage of job (MB)
	15997992  -  ResidentSetSize of job (KB)
...
006 (9445541.000.000) 03/24 02:02:15 Image size of job updated: 110049044
	15624  -  MemoryUsage of job (MB)
	15997992  -  ResidentSetSize of job (KB)
...
006 (9445541.000.000) 03/24 02:07:16 Image size of job updated: 110082512
	15624  -  MemoryUsage of job (MB)
	15997992  -  ResidentSetSize of job (KB)
...
006 (9445541.000.000) 03/24 02:12:17 Image size of job updated: 110115976
	15624  -  MemoryUsage of job (MB)
	15997992  -  ResidentSetSize of job (KB)
...
006 (9445541.000.000) 03/24 02:17:17 Image size of job updated: 110149440
	15624  -  MemoryUsage of job (MB)
	15997992  -  ResidentSetSize of job (KB)
...
006 (9445541.000.000) 03/24 02:22:17 Image size of job updated: 110182008
	15624  -  MemoryUsage of job (MB)
	15997992  -  ResidentSetSize of job (KB)
...
006 (9445541.000.000) 03/24 02:27:18 Image size of job updated: 110214556
	15624  -  MemoryUsage of job (MB)
	15997992  -  ResidentSetSize of job (KB)
...
006 (9445541.000.000) 03/24 02:32:18 Image size of job updated: 110248028
	15624  -  MemoryUsage of job (MB)
	15997992  -  ResidentSetSize of job (KB)
...
006 (9445541.000.000) 03/24 02:37:18 Image size of job updated: 110282396
	15624  -  MemoryUsage of job (MB)
	15997992  -  ResidentSetSize of job (KB)
...
006 (9445541.000.000) 03/24 02:42:19 Image size of job updated: 110316900
	15624  -  MemoryUsage of job (MB)
	15997992  -  ResidentSetSize of job (KB)
...
006 (9445541.000.000) 03/24 02:47:20 Image size of job updated: 110352304
	15624  -  MemoryUsage of job (MB)
	15997992  -  ResidentSetSize of job (KB)
...
006 (9445541.000.000) 03/24 02:52:20 Image size of job updated: 110385360
	15624  -  MemoryUsage of job (MB)
	15997992  -  ResidentSetSize of job (KB)
...
006 (9445541.000.000) 03/24 02:57:20 Image size of job updated: 110421244
	15624  -  MemoryUsage of job (MB)
	15997992  -  ResidentSetSize of job (KB)
...
006 (9445541.000.000) 03/24 03:02:21 Image size of job updated: 110456364
	15624  -  MemoryUsage of job (MB)
	15997992  -  ResidentSetSize of job (KB)
...
006 (9445541.000.000) 03/24 03:07:22 Image size of job updated: 110491632
	15624  -  MemoryUsage of job (MB)
	15997992  -  ResidentSetSize of job (KB)
...
006 (9445541.000.000) 03/24 03:12:22 Image size of job updated: 110526008
	15624  -  MemoryUsage of job (MB)
	15997992  -  ResidentSetSize of job (KB)
...
006 (9445541.000.000) 03/24 03:17:23 Image size of job updated: 110559472
	15624  -  MemoryUsage of job (MB)
	15997992  -  ResidentSetSize of job (KB)
...
006 (9445541.000.000) 03/24 03:22:24 Image size of job updated: 110593844
	15624  -  MemoryUsage of job (MB)
	15997992  -  ResidentSetSize of job (KB)
...
006 (9445541.000.000) 03/24 03:27:24 Image size of job updated: 110628204
	15624  -  MemoryUsage of job (MB)
	15997992  -  ResidentSetSize of job (KB)
...
006 (9445541.000.000) 03/24 03:32:24 Image size of job updated: 110660780
	15624  -  MemoryUsage of job (MB)
	15997992  -  ResidentSetSize of job (KB)
...
006 (9445541.000.000) 03/24 03:37:25 Image size of job updated: 110695516
	15624  -  MemoryUsage of job (MB)
	15997992  -  ResidentSetSize of job (KB)
...
006 (9445541.000.000) 03/24 03:42:25 Image size of job updated: 110729892
	15624  -  MemoryUsage of job (MB)
	15997992  -  ResidentSetSize of job (KB)
...
006 (9445541.000.000) 03/24 03:47:25 Image size of job updated: 110765172
	15624  -  MemoryUsage of job (MB)
	15997992  -  ResidentSetSize of job (KB)
...
006 (9445541.000.000) 03/24 03:52:26 Image size of job updated: 110799552
	15624  -  MemoryUsage of job (MB)
	15997992  -  ResidentSetSize of job (KB)
...
006 (9445541.000.000) 03/24 03:57:27 Image size of job updated: 110837544
	15624  -  MemoryUsage of job (MB)
	15997992  -  ResidentSetSize of job (KB)
...
006 (9445541.000.000) 03/24 04:02:27 Image size of job updated: 110873448
	15624  -  MemoryUsage of job (MB)
	15997992  -  ResidentSetSize of job (KB)
...
006 (9445541.000.000) 03/24 04:07:27 Image size of job updated: 110913256
	15624  -  MemoryUsage of job (MB)
	15997992  -  ResidentSetSize of job (KB)
...
006 (9445541.000.000) 03/24 04:12:28 Image size of job updated: 110952684
	15624  -  MemoryUsage of job (MB)
	15997992  -  ResidentSetSize of job (KB)
...
006 (9445541.000.000) 03/24 04:17:29 Image size of job updated: 110991576
	15624  -  MemoryUsage of job (MB)
	15997992  -  ResidentSetSize of job (KB)
...
006 (9445541.000.000) 03/24 04:22:29 Image size of job updated: 111029564
	15624  -  MemoryUsage of job (MB)
	15997992  -  ResidentSetSize of job (KB)
...
006 (9445541.000.000) 03/24 04:27:30 Image size of job updated: 111069356
	15624  -  MemoryUsage of job (MB)
	15997992  -  ResidentSetSize of job (KB)
...
006 (9445541.000.000) 03/24 04:32:31 Image size of job updated: 111107560
	15624  -  MemoryUsage of job (MB)
	15997992  -  ResidentSetSize of job (KB)
...
006 (9445541.000.000) 03/24 04:37:31 Image size of job updated: 111143420
	15624  -  MemoryUsage of job (MB)
	15997992  -  ResidentSetSize of job (KB)
...
006 (9445541.000.000) 03/24 04:42:31 Image size of job updated: 111181532
	15624  -  MemoryUsage of job (MB)
	15997992  -  ResidentSetSize of job (KB)
...
006 (9445541.000.000) 03/24 04:47:32 Image size of job updated: 111217740
	15624  -  MemoryUsage of job (MB)
	15997992  -  ResidentSetSize of job (KB)
...
006 (9445541.000.000) 03/24 04:52:33 Image size of job updated: 111254012
	15624  -  MemoryUsage of job (MB)
	15997992  -  ResidentSetSize of job (KB)
...
006 (9445541.000.000) 03/24 04:57:33 Image size of job updated: 111291096
	15624  -  MemoryUsage of job (MB)
	15997992  -  ResidentSetSize of job (KB)
...
006 (9445541.000.000) 03/24 05:02:34 Image size of job updated: 111328180
	15624  -  MemoryUsage of job (MB)
	15997992  -  ResidentSetSize of job (KB)
...
006 (9445541.000.000) 03/24 05:07:35 Image size of job updated: 111365080
	15624  -  MemoryUsage of job (MB)
	15997992  -  ResidentSetSize of job (KB)
...
006 (9445541.000.000) 03/24 05:12:35 Image size of job updated: 111402732
	15624  -  MemoryUsage of job (MB)
	15997992  -  ResidentSetSize of job (KB)
...
006 (9445541.000.000) 03/24 05:17:35 Image size of job updated: 111440832
	15624  -  MemoryUsage of job (MB)
	15997992  -  ResidentSetSize of job (KB)
...
006 (9445541.000.000) 03/24 05:22:36 Image size of job updated: 111477928
	15624  -  MemoryUsage of job (MB)
	15997992  -  ResidentSetSize of job (KB)
...
006 (9445541.000.000) 03/24 05:27:37 Image size of job updated: 111513196
	15624  -  MemoryUsage of job (MB)
	15997992  -  ResidentSetSize of job (KB)
...
006 (9445541.000.000) 03/24 05:32:37 Image size of job updated: 111548476
	15624  -  MemoryUsage of job (MB)
	15997992  -  ResidentSetSize of job (KB)
...
006 (9445541.000.000) 03/24 05:37:37 Image size of job updated: 111583756
	15624  -  MemoryUsage of job (MB)
	15997992  -  ResidentSetSize of job (KB)
...
006 (9445541.000.000) 03/24 05:42:39 Image size of job updated: 111619936
	15624  -  MemoryUsage of job (MB)
	15997992  -  ResidentSetSize of job (KB)
...
006 (9445541.000.000) 03/24 05:47:39 Image size of job updated: 111655220
	15624  -  MemoryUsage of job (MB)
	15997992  -  ResidentSetSize of job (KB)
...
006 (9445541.000.000) 03/24 05:52:39 Image size of job updated: 111693212
	15624  -  MemoryUsage of job (MB)
	15997992  -  ResidentSetSize of job (KB)
...
006 (9445541.000.000) 03/24 05:57:40 Image size of job updated: 111730300
	15624  -  MemoryUsage of job (MB)
	15997992  -  ResidentSetSize of job (KB)
...
006 (9445541.000.000) 03/24 06:02:41 Image size of job updated: 111766524
	15624  -  MemoryUsage of job (MB)
	15997992  -  ResidentSetSize of job (KB)
...
006 (9445541.000.000) 03/24 06:07:41 Image size of job updated: 111802716
	15624  -  MemoryUsage of job (MB)
	15997992  -  ResidentSetSize of job (KB)
...
006 (9445541.000.000) 03/24 06:12:41 Image size of job updated: 111835276
	15624  -  MemoryUsage of job (MB)
	15997992  -  ResidentSetSize of job (KB)
...
006 (9445541.000.000) 03/24 06:17:43 Image size of job updated: 111874300
	15624  -  MemoryUsage of job (MB)
	15997992  -  ResidentSetSize of job (KB)
...
006 (9445541.000.000) 03/24 06:22:43 Image size of job updated: 111910712
	15624  -  MemoryUsage of job (MB)
	15997992  -  ResidentSetSize of job (KB)
...
006 (9445541.000.000) 03/24 06:27:43 Image size of job updated: 111949192
	15624  -  MemoryUsage of job (MB)
	15997992  -  ResidentSetSize of job (KB)
...
006 (9445541.000.000) 03/24 06:32:44 Image size of job updated: 111987664
	15624  -  MemoryUsage of job (MB)
	15997992  -  ResidentSetSize of job (KB)
...
006 (9445541.000.000) 03/24 06:37:45 Image size of job updated: 112027180
	15624  -  MemoryUsage of job (MB)
	15997992  -  ResidentSetSize of job (KB)
...
006 (9445541.000.000) 03/24 06:42:45 Image size of job updated: 112064628
	15624  -  MemoryUsage of job (MB)
	15997992  -  ResidentSetSize of job (KB)
...
006 (9445541.000.000) 03/24 06:47:45 Image size of job updated: 112101028
	15624  -  MemoryUsage of job (MB)
	15997992  -  ResidentSetSize of job (KB)
...
006 (9445541.000.000) 03/24 06:52:46 Image size of job updated: 112138616
	15624  -  MemoryUsage of job (MB)
	15997992  -  ResidentSetSize of job (KB)
...
006 (9445541.000.000) 03/24 06:57:46 Image size of job updated: 112179256
	15624  -  MemoryUsage of job (MB)
	15997992  -  ResidentSetSize of job (KB)
...
006 (9445541.000.000) 03/24 07:02:46 Image size of job updated: 112217752
	15624  -  MemoryUsage of job (MB)
	15997992  -  ResidentSetSize of job (KB)
...
006 (9445541.000.000) 03/24 07:07:47 Image size of job updated: 112256240
	15624  -  MemoryUsage of job (MB)
	15997992  -  ResidentSetSize of job (KB)
...
006 (9445541.000.000) 03/24 07:12:48 Image size of job updated: 112293692
	15624  -  MemoryUsage of job (MB)
	15997992  -  ResidentSetSize of job (KB)
...
006 (9445541.000.000) 03/24 07:17:48 Image size of job updated: 112330096
	15624  -  MemoryUsage of job (MB)
	15997992  -  ResidentSetSize of job (KB)
...
006 (9445541.000.000) 03/24 07:22:48 Image size of job updated: 112366496
	15624  -  MemoryUsage of job (MB)
	15997992  -  ResidentSetSize of job (KB)
...
006 (9445541.000.000) 03/24 07:27:50 Image size of job updated: 112405324
	15624  -  MemoryUsage of job (MB)
	15997992  -  ResidentSetSize of job (KB)
...
006 (9445541.000.000) 03/24 07:32:50 Image size of job updated: 112441040
	15624  -  MemoryUsage of job (MB)
	15997992  -  ResidentSetSize of job (KB)
...
006 (9445541.000.000) 03/24 07:37:50 Image size of job updated: 112476404
	15624  -  MemoryUsage of job (MB)
	15997992  -  ResidentSetSize of job (KB)
...
006 (9445541.000.000) 03/24 07:42:51 Image size of job updated: 112510720
	15624  -  MemoryUsage of job (MB)
	15997992  -  ResidentSetSize of job (KB)
...
006 (9445541.000.000) 03/24 07:47:52 Image size of job updated: 112547144
	15624  -  MemoryUsage of job (MB)
	15997992  -  ResidentSetSize of job (KB)
...
006 (9445541.000.000) 03/24 07:52:52 Image size of job updated: 112584576
	15624  -  MemoryUsage of job (MB)
	15997992  -  ResidentSetSize of job (KB)
...
006 (9445541.000.000) 03/24 07:57:52 Image size of job updated: 112624092
	15624  -  MemoryUsage of job (MB)
	15997992  -  ResidentSetSize of job (KB)
...
006 (9445541.000.000) 03/24 08:02:53 Image size of job updated: 112661540
	15624  -  MemoryUsage of job (MB)
	15997992  -  ResidentSetSize of job (KB)
...
006 (9445541.000.000) 03/24 08:07:53 Image size of job updated: 112698992
	15624  -  MemoryUsage of job (MB)
	15997992  -  ResidentSetSize of job (KB)
...
006 (9445541.000.000) 03/24 08:12:53 Image size of job updated: 112735500
	15624  -  MemoryUsage of job (MB)
	15997992  -  ResidentSetSize of job (KB)
...
006 (9445541.000.000) 03/24 08:17:54 Image size of job updated: 112771912
	15624  -  MemoryUsage of job (MB)
	15997992  -  ResidentSetSize of job (KB)
...
006 (9445541.000.000) 03/24 08:22:54 Image size of job updated: 112808320
	15624  -  MemoryUsage of job (MB)
	15997992  -  ResidentSetSize of job (KB)
...
006 (9445541.000.000) 03/24 08:27:54 Image size of job updated: 112846808
	15624  -  MemoryUsage of job (MB)
	15997992  -  ResidentSetSize of job (KB)
...
006 (9445541.000.000) 03/24 08:32:55 Image size of job updated: 112888416
	15624  -  MemoryUsage of job (MB)
	15997992  -  ResidentSetSize of job (KB)
...
006 (9445541.000.000) 03/24 08:37:56 Image size of job updated: 112925864
	15624  -  MemoryUsage of job (MB)
	15997992  -  ResidentSetSize of job (KB)
...
006 (9445541.000.000) 03/24 08:42:56 Image size of job updated: 112963316
	15624  -  MemoryUsage of job (MB)
	15997992  -  ResidentSetSize of job (KB)
...
006 (9445541.000.000) 03/24 08:47:57 Image size of job updated: 112998684
	15624  -  MemoryUsage of job (MB)
	15997992  -  ResidentSetSize of job (KB)
...
006 (9445541.000.000) 03/24 08:52:58 Image size of job updated: 113035084
	15624  -  MemoryUsage of job (MB)
	15997992  -  ResidentSetSize of job (KB)
...
006 (9445541.000.000) 03/24 08:57:58 Image size of job updated: 113072536
	15624  -  MemoryUsage of job (MB)
	15997992  -  ResidentSetSize of job (KB)
...
006 (9445541.000.000) 03/24 09:02:58 Image size of job updated: 113109984
	15624  -  MemoryUsage of job (MB)
	15997992  -  ResidentSetSize of job (KB)
...
006 (9445541.000.000) 03/24 09:07:59 Image size of job updated: 113147388
	15624  -  MemoryUsage of job (MB)
	15997992  -  ResidentSetSize of job (KB)
...
006 (9445541.000.000) 03/24 09:13:00 Image size of job updated: 113184848
	15624  -  MemoryUsage of job (MB)
	15997992  -  ResidentSetSize of job (KB)
...
006 (9445541.000.000) 03/24 09:18:00 Image size of job updated: 113223316
	15624  -  MemoryUsage of job (MB)
	15997992  -  ResidentSetSize of job (KB)
...
006 (9445541.000.000) 03/24 09:23:01 Image size of job updated: 113262908
	15624  -  MemoryUsage of job (MB)
	15997992  -  ResidentSetSize of job (KB)
...
006 (9445541.000.000) 03/24 09:28:02 Image size of job updated: 113301892
	15624  -  MemoryUsage of job (MB)
	15997992  -  ResidentSetSize of job (KB)
...
006 (9445541.000.000) 03/24 09:33:02 Image size of job updated: 113339336
	15624  -  MemoryUsage of job (MB)
	15997992  -  ResidentSetSize of job (KB)
...
006 (9445541.000.000) 03/24 09:38:02 Image size of job updated: 113376772
	15624  -  MemoryUsage of job (MB)
	15997992  -  ResidentSetSize of job (KB)
...
006 (9445541.000.000) 03/24 09:43:03 Image size of job updated: 113413096
	15624  -  MemoryUsage of job (MB)
	15997992  -  ResidentSetSize of job (KB)
...
006 (9445541.000.000) 03/24 09:48:03 Image size of job updated: 113448468
	15624  -  MemoryUsage of job (MB)
	15997992  -  ResidentSetSize of job (KB)
...
006 (9445541.000.000) 03/24 09:53:03 Image size of job updated: 113484872
	15624  -  MemoryUsage of job (MB)
	15997992  -  ResidentSetSize of job (KB)
...
006 (9445541.000.000) 03/24 09:58:04 Image size of job updated: 113521276
	15624  -  MemoryUsage of job (MB)
	15997992  -  ResidentSetSize of job (KB)
...
006 (9445541.000.000) 03/24 10:03:05 Image size of job updated: 113556632
	15624  -  MemoryUsage of job (MB)
	15997992  -  ResidentSetSize of job (KB)
...
006 (9445541.000.000) 03/24 10:08:05 Image size of job updated: 113592000
	15624  -  MemoryUsage of job (MB)
	15997992  -  ResidentSetSize of job (KB)
...
006 (9445541.000.000) 03/24 10:13:06 Image size of job updated: 113627372
	15624  -  MemoryUsage of job (MB)
	15997992  -  ResidentSetSize of job (KB)
...
006 (9445541.000.000) 03/24 10:18:07 Image size of job updated: 113664816
	15624  -  MemoryUsage of job (MB)
	15997992  -  ResidentSetSize of job (KB)
...
006 (9445541.000.000) 03/24 10:23:07 Image size of job updated: 113699756
	15624  -  MemoryUsage of job (MB)
	15997992  -  ResidentSetSize of job (KB)
...
006 (9445541.000.000) 03/24 10:28:07 Image size of job updated: 113735128
	15624  -  MemoryUsage of job (MB)
	15997992  -  ResidentSetSize of job (KB)
...
006 (9445541.000.000) 03/24 10:33:08 Image size of job updated: 113770496
	15624  -  MemoryUsage of job (MB)
	15997992  -  ResidentSetSize of job (KB)
...
006 (9445541.000.000) 03/24 10:38:08 Image size of job updated: 113804316
	15624  -  MemoryUsage of job (MB)
	15997992  -  ResidentSetSize of job (KB)
...
006 (9445541.000.000) 03/24 10:43:08 Image size of job updated: 113841756
	15624  -  MemoryUsage of job (MB)
	15997992  -  ResidentSetSize of job (KB)
...
006 (9445541.000.000) 03/24 10:48:09 Image size of job updated: 113879184
	15624  -  MemoryUsage of job (MB)
	15997992  -  ResidentSetSize of job (KB)
...
006 (9445541.000.000) 03/24 10:53:10 Image size of job updated: 113915784
	15624  -  MemoryUsage of job (MB)
	15997992  -  ResidentSetSize of job (KB)
...
006 (9445541.000.000) 03/24 10:58:10 Image size of job updated: 113951148
	15624  -  MemoryUsage of job (MB)
	15997992  -  ResidentSetSize of job (KB)
...
006 (9445541.000.000) 03/24 11:03:11 Image size of job updated: 113988592
	15624  -  MemoryUsage of job (MB)
	15997992  -  ResidentSetSize of job (KB)
...
006 (9445541.000.000) 03/24 11:08:12 Image size of job updated: 114026020
	15624  -  MemoryUsage of job (MB)
	15997992  -  ResidentSetSize of job (KB)
...
006 (9445541.000.000) 03/24 11:13:12 Image size of job updated: 114062416
	15624  -  MemoryUsage of job (MB)
	15997992  -  ResidentSetSize of job (KB)
...
006 (9445541.000.000) 03/24 11:18:12 Image size of job updated: 114099880
	15624  -  MemoryUsage of job (MB)
	15997992  -  ResidentSetSize of job (KB)
...
006 (9445541.000.000) 03/24 11:23:13 Image size of job updated: 114131968
	15624  -  MemoryUsage of job (MB)
	15997992  -  ResidentSetSize of job (KB)
...
006 (9445541.000.000) 03/24 11:28:13 Image size of job updated: 114167328
	15624  -  MemoryUsage of job (MB)
	15997992  -  ResidentSetSize of job (KB)
...
006 (9445541.000.000) 03/24 11:33:13 Image size of job updated: 114200612
	15624  -  MemoryUsage of job (MB)
	15997992  -  ResidentSetSize of job (KB)
...
006 (9445541.000.000) 03/24 11:38:14 Image size of job updated: 114235980
	15624  -  MemoryUsage of job (MB)
	15997992  -  ResidentSetSize of job (KB)
...
006 (9445541.000.000) 03/24 11:43:15 Image size of job updated: 114273412
	15624  -  MemoryUsage of job (MB)
	15997992  -  ResidentSetSize of job (KB)
...
006 (9445541.000.000) 03/24 11:48:15 Image size of job updated: 114311884
	15624  -  MemoryUsage of job (MB)
	15997992  -  ResidentSetSize of job (KB)
...
006 (9445541.000.000) 03/24 11:53:16 Image size of job updated: 114348276
	15624  -  MemoryUsage of job (MB)
	15997992  -  ResidentSetSize of job (KB)
...
006 (9445541.000.000) 03/24 11:58:17 Image size of job updated: 114384676
	15624  -  MemoryUsage of job (MB)
	15997992  -  ResidentSetSize of job (KB)
...
006 (9445541.000.000) 03/24 12:03:17 Image size of job updated: 114420040
	15624  -  MemoryUsage of job (MB)
	15997992  -  ResidentSetSize of job (KB)
...
006 (9445541.000.000) 03/24 12:08:18 Image size of job updated: 114458528
	15624  -  MemoryUsage of job (MB)
	15997992  -  ResidentSetSize of job (KB)
...
006 (9445541.000.000) 03/24 12:13:19 Image size of job updated: 114498548
	15624  -  MemoryUsage of job (MB)
	15997992  -  ResidentSetSize of job (KB)
...
006 (9445541.000.000) 03/24 12:18:19 Image size of job updated: 114535992
	15624  -  MemoryUsage of job (MB)
	15997992  -  ResidentSetSize of job (KB)
...
006 (9445541.000.000) 03/24 12:23:19 Image size of job updated: 114573424
	15624  -  MemoryUsage of job (MB)
	15997992  -  ResidentSetSize of job (KB)
...
006 (9445541.000.000) 03/24 12:28:20 Image size of job updated: 114609820
	15624  -  MemoryUsage of job (MB)
	15997992  -  ResidentSetSize of job (KB)
...
006 (9445541.000.000) 03/24 12:33:20 Image size of job updated: 114646220
	15624  -  MemoryUsage of job (MB)
	15997992  -  ResidentSetSize of job (KB)
...
006 (9445541.000.000) 03/24 12:38:20 Image size of job updated: 114682628
	15624  -  MemoryUsage of job (MB)
	15997992  -  ResidentSetSize of job (KB)
...
006 (9445541.000.000) 03/24 12:43:21 Image size of job updated: 114720068
	15624  -  MemoryUsage of job (MB)
	15997992  -  ResidentSetSize of job (KB)
...
006 (9445541.000.000) 03/24 12:48:22 Image size of job updated: 114758556
	15624  -  MemoryUsage of job (MB)
	15997992  -  ResidentSetSize of job (KB)
...
006 (9445541.000.000) 03/24 12:53:22 Image size of job updated: 114794532
	15624  -  MemoryUsage of job (MB)
	15997992  -  ResidentSetSize of job (KB)
...
006 (9445541.000.000) 03/24 12:58:23 Image size of job updated: 114830468
	15624  -  MemoryUsage of job (MB)
	15997992  -  ResidentSetSize of job (KB)
...
006 (9445541.000.000) 03/24 13:03:24 Image size of job updated: 114868080
	15624  -  MemoryUsage of job (MB)
	15997992  -  ResidentSetSize of job (KB)
...
006 (9445541.000.000) 03/24 13:08:24 Image size of job updated: 114904556
	15624  -  MemoryUsage of job (MB)
	15997992  -  ResidentSetSize of job (KB)
...
006 (9445541.000.000) 03/24 13:13:24 Image size of job updated: 114940956
	15624  -  MemoryUsage of job (MB)
	15997992  -  ResidentSetSize of job (KB)
...
006 (9445541.000.000) 03/24 13:18:25 Image size of job updated: 114978412
	15624  -  MemoryUsage of job (MB)
	15997992  -  ResidentSetSize of job (KB)
...
006 (9445541.000.000) 03/24 13:23:25 Image size of job updated: 115013772
	15624  -  MemoryUsage of job (MB)
	15997992  -  ResidentSetSize of job (KB)
...
006 (9445541.000.000) 03/24 13:28:25 Image size of job updated: 115049144
	15624  -  MemoryUsage of job (MB)
	15997992  -  ResidentSetSize of job (KB)
...
006 (9445541.000.000) 03/24 13:33:26 Image size of job updated: 115084508
	15624  -  MemoryUsage of job (MB)
	15997992  -  ResidentSetSize of job (KB)
...
006 (9445541.000.000) 03/24 13:38:26 Image size of job updated: 115120936
	15624  -  MemoryUsage of job (MB)
	15997992  -  ResidentSetSize of job (KB)
...
006 (9445541.000.000) 03/24 13:43:26 Image size of job updated: 115154216
	15624  -  MemoryUsage of job (MB)
	15997992  -  ResidentSetSize of job (KB)
...
006 (9445541.000.000) 03/24 13:48:27 Image size of job updated: 115189576
	15624  -  MemoryUsage of job (MB)
	15997992  -  ResidentSetSize of job (KB)
...
006 (9445541.000.000) 03/24 13:53:28 Image size of job updated: 115225776
	15624  -  MemoryUsage of job (MB)
	15997992  -  ResidentSetSize of job (KB)
...
006 (9445541.000.000) 03/24 13:58:28 Image size of job updated: 115262184
	15624  -  MemoryUsage of job (MB)
	15997992  -  ResidentSetSize of job (KB)
...
006 (9445541.000.000) 03/24 14:03:29 Image size of job updated: 115298588
	15624  -  MemoryUsage of job (MB)
	15997992  -  ResidentSetSize of job (KB)
...
006 (9445541.000.000) 03/24 14:08:30 Image size of job updated: 115334752
	15624  -  MemoryUsage of job (MB)
	15997992  -  ResidentSetSize of job (KB)
...
006 (9445541.000.000) 03/24 14:13:30 Image size of job updated: 115370112
	15624  -  MemoryUsage of job (MB)
	15997992  -  ResidentSetSize of job (KB)
...
006 (9445541.000.000) 03/24 14:18:30 Image size of job updated: 115405492
	15624  -  MemoryUsage of job (MB)
	15997992  -  ResidentSetSize of job (KB)
...
006 (9445541.000.000) 03/24 14:23:31 Image size of job updated: 115439820
	15624  -  MemoryUsage of job (MB)
	15997992  -  ResidentSetSize of job (KB)
...
006 (9445541.000.000) 03/24 14:28:31 Image size of job updated: 115475180
	15624  -  MemoryUsage of job (MB)
	15997992  -  ResidentSetSize of job (KB)
...
006 (9445541.000.000) 03/24 14:33:31 Image size of job updated: 115511652
	15624  -  MemoryUsage of job (MB)
	15997992  -  ResidentSetSize of job (KB)
...
006 (9445541.000.000) 03/24 14:38:32 Image size of job updated: 115547028
	15624  -  MemoryUsage of job (MB)
	15997992  -  ResidentSetSize of job (KB)
...
006 (9445541.000.000) 03/24 14:43:33 Image size of job updated: 115584464
	15657  -  MemoryUsage of job (MB)
	16032080  -  ResidentSetSize of job (KB)
...
006 (9445541.000.000) 03/24 14:48:33 Image size of job updated: 115620868
	15726  -  MemoryUsage of job (MB)
	16103072  -  ResidentSetSize of job (KB)
...
006 (9445541.000.000) 03/24 14:53:33 Image size of job updated: 115658312
	15797  -  MemoryUsage of job (MB)
	16175600  -  ResidentSetSize of job (KB)
...
006 (9445541.000.000) 03/24 14:58:34 Image size of job updated: 115695768
	15863  -  MemoryUsage of job (MB)
	16243240  -  ResidentSetSize of job (KB)
...
006 (9445541.000.000) 03/24 15:03:34 Image size of job updated: 115731124
	15930  -  MemoryUsage of job (MB)
	16311928  -  ResidentSetSize of job (KB)
...
006 (9445541.000.000) 03/24 15:08:34 Image size of job updated: 115766492
	15995  -  MemoryUsage of job (MB)
	16378716  -  ResidentSetSize of job (KB)
...
006 (9445541.000.000) 03/24 15:13:35 Image size of job updated: 115801852
	16060  -  MemoryUsage of job (MB)
	16445296  -  ResidentSetSize of job (KB)
...
006 (9445541.000.000) 03/24 15:18:36 Image size of job updated: 115838248
	16126  -  MemoryUsage of job (MB)
	16512864  -  ResidentSetSize of job (KB)
...
006 (9445541.000.000) 03/24 15:23:36 Image size of job updated: 115872836
	16193  -  MemoryUsage of job (MB)
	16581616  -  ResidentSetSize of job (KB)
...
006 (9445541.000.000) 03/24 15:28:37 Image size of job updated: 115909240
	16261  -  MemoryUsage of job (MB)
	16650648  -  ResidentSetSize of job (KB)
...
006 (9445541.000.000) 03/24 15:33:38 Image size of job updated: 115945632
	16326  -  MemoryUsage of job (MB)
	16717776  -  ResidentSetSize of job (KB)
...
006 (9445541.000.000) 03/24 15:38:38 Image size of job updated: 115984088
	16394  -  MemoryUsage of job (MB)
	16786512  -  ResidentSetSize of job (KB)
...
006 (9445541.000.000) 03/24 15:43:38 Image size of job updated: 116019456
	16461  -  MemoryUsage of job (MB)
	16855104  -  ResidentSetSize of job (KB)
...
006 (9445541.000.000) 03/24 15:48:39 Image size of job updated: 116055868
	16526  -  MemoryUsage of job (MB)
	16922296  -  ResidentSetSize of job (KB)
...
006 (9445541.000.000) 03/24 15:53:40 Image size of job updated: 116091236
	16593  -  MemoryUsage of job (MB)
	16990700  -  ResidentSetSize of job (KB)
...
006 (9445541.000.000) 03/24 15:58:40 Image size of job updated: 116127652
	16659  -  MemoryUsage of job (MB)
	17058000  -  ResidentSetSize of job (KB)
...
006 (9445541.000.000) 03/24 16:03:41 Image size of job updated: 116163032
	16724  -  MemoryUsage of job (MB)
	17125224  -  ResidentSetSize of job (KB)
...
006 (9445541.000.000) 03/24 16:08:42 Image size of job updated: 116198408
	16793  -  MemoryUsage of job (MB)
	17195440  -  ResidentSetSize of job (KB)
...
006 (9445541.000.000) 03/24 16:13:42 Image size of job updated: 116233756
	16857  -  MemoryUsage of job (MB)
	17260752  -  ResidentSetSize of job (KB)
...
006 (9445541.000.000) 03/24 16:18:42 Image size of job updated: 116269120
	16922  -  MemoryUsage of job (MB)
	17327424  -  ResidentSetSize of job (KB)
...
006 (9445541.000.000) 03/24 16:23:43 Image size of job updated: 116302392
	16985  -  MemoryUsage of job (MB)
	17391976  -  ResidentSetSize of job (KB)
...
006 (9445541.000.000) 03/24 16:28:43 Image size of job updated: 116337760
	17049  -  MemoryUsage of job (MB)
	17457440  -  ResidentSetSize of job (KB)
...
006 (9445541.000.000) 03/24 16:33:43 Image size of job updated: 116373132
	17116  -  MemoryUsage of job (MB)
	17525788  -  ResidentSetSize of job (KB)
...
006 (9445541.000.000) 03/24 16:38:44 Image size of job updated: 140096516
	25523  -  MemoryUsage of job (MB)
	26135380  -  ResidentSetSize of job (KB)
...
006 (9445541.000.000) 03/24 16:43:45 Image size of job updated: 140096516
	25552  -  MemoryUsage of job (MB)
	26165040  -  ResidentSetSize of job (KB)
...
006 (9445541.000.000) 03/24 16:48:45 Image size of job updated: 140096516
	25581  -  MemoryUsage of job (MB)
	26194040  -  ResidentSetSize of job (KB)
...
006 (9445541.000.000) 03/24 16:53:45 Image size of job updated: 140096516
	25599  -  MemoryUsage of job (MB)
	26212772  -  ResidentSetSize of job (KB)
...
006 (9445541.000.000) 03/24 16:58:46 Image size of job updated: 140096516
	25627  -  MemoryUsage of job (MB)
	26241848  -  ResidentSetSize of job (KB)
...
006 (9445541.000.000) 03/24 17:03:46 Image size of job updated: 140096516
	25656  -  MemoryUsage of job (MB)
	26271212  -  ResidentSetSize of job (KB)
...
006 (9445541.000.000) 03/24 17:08:46 Image size of job updated: 140096516
	25684  -  MemoryUsage of job (MB)
	26300344  -  ResidentSetSize of job (KB)
...
006 (9445541.000.000) 03/24 17:13:47 Image size of job updated: 140096516
	25713  -  MemoryUsage of job (MB)
	26329644  -  ResidentSetSize of job (KB)
...
006 (9445541.000.000) 03/24 17:18:48 Image size of job updated: 140096516
	25741  -  MemoryUsage of job (MB)
	26358308  -  ResidentSetSize of job (KB)
...
006 (9445541.000.000) 03/24 17:23:48 Image size of job updated: 140096516
	25769  -  MemoryUsage of job (MB)
	26387268  -  ResidentSetSize of job (KB)
...
006 (9445541.000.000) 03/24 17:28:49 Image size of job updated: 140096516
	25783  -  MemoryUsage of job (MB)
	26400980  -  ResidentSetSize of job (KB)
...
006 (9445541.000.000) 03/24 17:53:52 Image size of job updated: 140096516
	25796  -  MemoryUsage of job (MB)
	26414208  -  ResidentSetSize of job (KB)
...
006 (9445541.000.000) 03/24 17:58:52 Image size of job updated: 140096516
	25828  -  MemoryUsage of job (MB)
	26447020  -  ResidentSetSize of job (KB)
...
006 (9445541.000.000) 03/24 18:03:53 Image size of job updated: 140096516
	25860  -  MemoryUsage of job (MB)
	26479656  -  ResidentSetSize of job (KB)
...
006 (9445541.000.000) 03/24 18:08:54 Image size of job updated: 140096516
	25888  -  MemoryUsage of job (MB)
	26508788  -  ResidentSetSize of job (KB)
...
006 (9445541.000.000) 03/24 18:13:54 Image size of job updated: 140096516
	25917  -  MemoryUsage of job (MB)
	26538268  -  ResidentSetSize of job (KB)
...
006 (9445541.000.000) 03/24 18:18:54 Image size of job updated: 140096516
	25946  -  MemoryUsage of job (MB)
	26567996  -  ResidentSetSize of job (KB)
...
006 (9445541.000.000) 03/24 18:23:55 Image size of job updated: 140096516
	25975  -  MemoryUsage of job (MB)
	26597780  -  ResidentSetSize of job (KB)
...
006 (9445541.000.000) 03/24 18:28:55 Image size of job updated: 140096516
	26004  -  MemoryUsage of job (MB)
	26628080  -  ResidentSetSize of job (KB)
...
006 (9445541.000.000) 03/24 18:33:55 Image size of job updated: 140096516
	26034  -  MemoryUsage of job (MB)
	26658000  -  ResidentSetSize of job (KB)
...
006 (9445541.000.000) 03/24 18:38:56 Image size of job updated: 140096516
	26061  -  MemoryUsage of job (MB)
	26686048  -  ResidentSetSize of job (KB)
...
006 (9445541.000.000) 03/24 18:43:57 Image size of job updated: 140096516
	26087  -  MemoryUsage of job (MB)
	26712384  -  ResidentSetSize of job (KB)
...
006 (9445541.000.000) 03/24 18:48:57 Image size of job updated: 140096516
	26113  -  MemoryUsage of job (MB)
	26738928  -  ResidentSetSize of job (KB)
...
006 (9445541.000.000) 03/24 18:53:58 Image size of job updated: 140096516
	26139  -  MemoryUsage of job (MB)
	26765808  -  ResidentSetSize of job (KB)
...
006 (9445541.000.000) 03/24 18:58:59 Image size of job updated: 140096516
	26165  -  MemoryUsage of job (MB)
	26792444  -  ResidentSetSize of job (KB)
...
006 (9445541.000.000) 03/24 19:03:59 Image size of job updated: 140096516
	26191  -  MemoryUsage of job (MB)
	26819488  -  ResidentSetSize of job (KB)
...
006 (9445541.000.000) 03/24 19:09:00 Image size of job updated: 140096516
	26217  -  MemoryUsage of job (MB)
	26846156  -  ResidentSetSize of job (KB)
...
006 (9445541.000.000) 03/24 19:14:01 Image size of job updated: 140096516
	26244  -  MemoryUsage of job (MB)
	26873536  -  ResidentSetSize of job (KB)
...
006 (9445541.000.000) 03/24 19:19:01 Image size of job updated: 140096516
	26271  -  MemoryUsage of job (MB)
	26900996  -  ResidentSetSize of job (KB)
...
006 (9445541.000.000) 03/24 19:24:01 Image size of job updated: 140096516
	26298  -  MemoryUsage of job (MB)
	26928876  -  ResidentSetSize of job (KB)
...
006 (9445541.000.000) 03/24 19:29:02 Image size of job updated: 140096516
	26325  -  MemoryUsage of job (MB)
	26955920  -  ResidentSetSize of job (KB)
...
006 (9445541.000.000) 03/24 19:34:02 Image size of job updated: 140096516
	26351  -  MemoryUsage of job (MB)
	26983100  -  ResidentSetSize of job (KB)
...
006 (9445541.000.000) 03/24 19:39:02 Image size of job updated: 140096516
	26378  -  MemoryUsage of job (MB)
	27010260  -  ResidentSetSize of job (KB)
...
006 (9445541.000.000) 03/24 19:44:04 Image size of job updated: 140096516
	26404  -  MemoryUsage of job (MB)
	27037632  -  ResidentSetSize of job (KB)
...
006 (9445541.000.000) 03/24 19:49:04 Image size of job updated: 140096516
	26432  -  MemoryUsage of job (MB)
	27065388  -  ResidentSetSize of job (KB)
...
006 (9445541.000.000) 03/24 19:54:04 Image size of job updated: 140096516
	26458  -  MemoryUsage of job (MB)
	27092968  -  ResidentSetSize of job (KB)
...
006 (9445541.000.000) 03/24 19:59:05 Image size of job updated: 140096516
	26486  -  MemoryUsage of job (MB)
	27120864  -  ResidentSetSize of job (KB)
...
006 (9445541.000.000) 03/24 20:04:06 Image size of job updated: 140096516
	26513  -  MemoryUsage of job (MB)
	27149148  -  ResidentSetSize of job (KB)
...
006 (9445541.000.000) 03/24 20:09:06 Image size of job updated: 140096516
	26541  -  MemoryUsage of job (MB)
	27177964  -  ResidentSetSize of job (KB)
...
006 (9445541.000.000) 03/24 20:14:06 Image size of job updated: 140096516
	26570  -  MemoryUsage of job (MB)
	27206980  -  ResidentSetSize of job (KB)
...
006 (9445541.000.000) 03/24 20:19:07 Image size of job updated: 140096516
	26598  -  MemoryUsage of job (MB)
	27235580  -  ResidentSetSize of job (KB)
...
006 (9445541.000.000) 03/24 20:24:07 Image size of job updated: 140096516
	26625  -  MemoryUsage of job (MB)
	27263980  -  ResidentSetSize of job (KB)
...
006 (9445541.000.000) 03/24 20:29:07 Image size of job updated: 140096516
	26653  -  MemoryUsage of job (MB)
	27292356  -  ResidentSetSize of job (KB)
...
040 (9445541.000.000) 03/25 12:26:51 Started transferring output files
...
040 (9445541.000.000) 03/25 12:26:52 Finished transferring output files
...
005 (9445541.000.000) 03/25 12:26:52 Job terminated.
	(1) Normal termination (return value 135)
		Usr 1 17:21:09, Sys 0 00:28:52  -  Run Remote Usage
		Usr 0 00:00:00, Sys 0 00:00:00  -  Run Local Usage
		Usr 1 17:21:09, Sys 0 00:28:52  -  Total Remote Usage
		Usr 0 00:00:00, Sys 0 00:00:00  -  Total Local Usage
	7173967  -  Run Bytes Sent By Job
	198  -  Run Bytes Received By Job
	7173967  -  Total Bytes Sent By Job
	198  -  Total Bytes Received By Job
	Partitionable Resources :    Usage  Request Allocated 
	   Cpus                 :     0.00        1         1 
	   Disk (KB)            :  7028           1   1262938 
	   Memory (MB)          : 26653        2000      2000 

	Job terminated of its own accord at 2024-03-25T11:26:51Z.
...
