000 (9445493.000.000) 03/23 14:38:25 Job submitted from host: <137.138.156.150:9618?addrs=137.138.156.150-9618+[2001-1458-d00-14--9a]-9618&alias=bigbird13.cern.ch&noUDP&sock=schedd_5144_ef43>
...
040 (9445493.000.000) 03/23 16:00:44 Started transferring input files
	Transferring to host: <128.142.58.80:9618?addrs=128.142.58.80-9618&alias=b7s03p7651.cern.ch&noUDP&sock=slot1_14_2981_2252_3048>
...
040 (9445493.000.000) 03/23 16:00:44 Finished transferring input files
...
001 (9445493.000.000) 03/23 16:00:45 Job executing on host: <128.142.58.80:9618?addrs=128.142.58.80-9618&alias=b7s03p7651.cern.ch&noUDP&sock=startd_2923_836b>
...
006 (9445493.000.000) 03/23 16:00:54 Image size of job updated: 322988
	28  -  MemoryUsage of job (MB)
	28516  -  ResidentSetSize of job (KB)
...
006 (9445493.000.000) 03/23 16:05:55 Image size of job updated: 615696
	85  -  MemoryUsage of job (MB)
	86184  -  ResidentSetSize of job (KB)
...
006 (9445493.000.000) 03/23 16:10:55 Image size of job updated: 615856
	85  -  MemoryUsage of job (MB)
	86712  -  ResidentSetSize of job (KB)
...
006 (9445493.000.000) 03/23 16:15:55 Image size of job updated: 616880
	86  -  MemoryUsage of job (MB)
	87160  -  ResidentSetSize of job (KB)
...
006 (9445493.000.000) 03/23 16:20:56 Image size of job updated: 616880
	86  -  MemoryUsage of job (MB)
	87592  -  ResidentSetSize of job (KB)
...
006 (9445493.000.000) 03/23 16:25:57 Image size of job updated: 4723388
	2063  -  MemoryUsage of job (MB)
	2112144  -  ResidentSetSize of job (KB)
...
006 (9445493.000.000) 03/23 16:30:57 Image size of job updated: 7919908
	5205  -  MemoryUsage of job (MB)
	5328956  -  ResidentSetSize of job (KB)
...
006 (9445493.000.000) 03/23 16:35:58 Image size of job updated: 11441456
	8635  -  MemoryUsage of job (MB)
	8841224  -  ResidentSetSize of job (KB)
...
006 (9445493.000.000) 03/23 16:40:59 Image size of job updated: 15021844
	12127  -  MemoryUsage of job (MB)
	12417292  -  ResidentSetSize of job (KB)
...
006 (9445493.000.000) 03/23 16:45:59 Image size of job updated: 18512144
	15512  -  MemoryUsage of job (MB)
	15883688  -  ResidentSetSize of job (KB)
...
006 (9445493.000.000) 03/23 16:50:59 Image size of job updated: 21832500
	18730  -  MemoryUsage of job (MB)
	19179464  -  ResidentSetSize of job (KB)
...
006 (9445493.000.000) 03/23 16:56:00 Image size of job updated: 25009012
	21822  -  MemoryUsage of job (MB)
	22345304  -  ResidentSetSize of job (KB)
...
006 (9445493.000.000) 03/23 17:01:00 Image size of job updated: 28202280
	24945  -  MemoryUsage of job (MB)
	25543068  -  ResidentSetSize of job (KB)
...
006 (9445493.000.000) 03/23 17:06:00 Image size of job updated: 31576668
	28248  -  MemoryUsage of job (MB)
	28925196  -  ResidentSetSize of job (KB)
...
006 (9445493.000.000) 03/23 17:11:01 Image size of job updated: 34960736
	31536  -  MemoryUsage of job (MB)
	32291960  -  ResidentSetSize of job (KB)
...
006 (9445493.000.000) 03/23 17:16:02 Image size of job updated: 38023192
	31942  -  MemoryUsage of job (MB)
	32708564  -  ResidentSetSize of job (KB)
...
006 (9445493.000.000) 03/23 17:21:02 Image size of job updated: 40490480
	33604  -  MemoryUsage of job (MB)
	34409920  -  ResidentSetSize of job (KB)
...
006 (9445493.000.000) 03/23 17:26:03 Image size of job updated: 42353840
	34757  -  MemoryUsage of job (MB)
	35590440  -  ResidentSetSize of job (KB)
...
006 (9445493.000.000) 03/23 17:31:04 Image size of job updated: 45133408
	36160  -  MemoryUsage of job (MB)
	37027816  -  ResidentSetSize of job (KB)
...
006 (9445493.000.000) 03/23 17:36:04 Image size of job updated: 47807576
	36196  -  MemoryUsage of job (MB)
	37063972  -  ResidentSetSize of job (KB)
...
006 (9445493.000.000) 03/23 17:41:05 Image size of job updated: 49030208
	36196  -  MemoryUsage of job (MB)
	37063972  -  ResidentSetSize of job (KB)
...
006 (9445493.000.000) 03/23 17:46:06 Image size of job updated: 49733832
	36871  -  MemoryUsage of job (MB)
	37755892  -  ResidentSetSize of job (KB)
...
006 (9445493.000.000) 03/23 17:51:06 Image size of job updated: 50605824
	37706  -  MemoryUsage of job (MB)
	38610920  -  ResidentSetSize of job (KB)
...
006 (9445493.000.000) 03/23 17:56:07 Image size of job updated: 51608528
	38708  -  MemoryUsage of job (MB)
	39635988  -  ResidentSetSize of job (KB)
...
006 (9445493.000.000) 03/23 18:01:08 Image size of job updated: 51738996
	38783  -  MemoryUsage of job (MB)
	39712924  -  ResidentSetSize of job (KB)
...
006 (9445493.000.000) 03/23 18:06:08 Image size of job updated: 52616848
	38994  -  MemoryUsage of job (MB)
	39929312  -  ResidentSetSize of job (KB)
...
006 (9445493.000.000) 03/23 18:11:09 Image size of job updated: 53301880
	38994  -  MemoryUsage of job (MB)
	39929312  -  ResidentSetSize of job (KB)
...
006 (9445493.000.000) 03/23 18:16:10 Image size of job updated: 53655264
	38994  -  MemoryUsage of job (MB)
	39929312  -  ResidentSetSize of job (KB)
...
006 (9445493.000.000) 03/23 18:21:10 Image size of job updated: 54003820
	38994  -  MemoryUsage of job (MB)
	39929312  -  ResidentSetSize of job (KB)
...
006 (9445493.000.000) 03/23 18:26:10 Image size of job updated: 55195696
	38994  -  MemoryUsage of job (MB)
	39929312  -  ResidentSetSize of job (KB)
...
006 (9445493.000.000) 03/23 18:31:11 Image size of job updated: 55754388
	38994  -  MemoryUsage of job (MB)
	39929312  -  ResidentSetSize of job (KB)
...
006 (9445493.000.000) 03/23 18:36:12 Image size of job updated: 56940364
	38994  -  MemoryUsage of job (MB)
	39929312  -  ResidentSetSize of job (KB)
...
006 (9445493.000.000) 03/23 18:41:12 Image size of job updated: 58304348
	38994  -  MemoryUsage of job (MB)
	39929312  -  ResidentSetSize of job (KB)
...
006 (9445493.000.000) 03/23 18:46:13 Image size of job updated: 59460400
	38994  -  MemoryUsage of job (MB)
	39929312  -  ResidentSetSize of job (KB)
...
006 (9445493.000.000) 03/23 18:51:14 Image size of job updated: 60076956
	38994  -  MemoryUsage of job (MB)
	39929312  -  ResidentSetSize of job (KB)
...
006 (9445493.000.000) 03/23 18:56:14 Image size of job updated: 60870292
	38994  -  MemoryUsage of job (MB)
	39929312  -  ResidentSetSize of job (KB)
...
006 (9445493.000.000) 03/23 19:01:14 Image size of job updated: 61525632
	38994  -  MemoryUsage of job (MB)
	39929312  -  ResidentSetSize of job (KB)
...
006 (9445493.000.000) 03/23 19:06:16 Image size of job updated: 62503096
	38994  -  MemoryUsage of job (MB)
	39929312  -  ResidentSetSize of job (KB)
...
006 (9445493.000.000) 03/23 19:11:16 Image size of job updated: 63049824
	38994  -  MemoryUsage of job (MB)
	39929312  -  ResidentSetSize of job (KB)
...
006 (9445493.000.000) 03/23 19:16:16 Image size of job updated: 64004744
	38994  -  MemoryUsage of job (MB)
	39929312  -  ResidentSetSize of job (KB)
...
006 (9445493.000.000) 03/23 19:21:17 Image size of job updated: 64956524
	38994  -  MemoryUsage of job (MB)
	39929312  -  ResidentSetSize of job (KB)
...
006 (9445493.000.000) 03/23 19:26:18 Image size of job updated: 65253368
	38994  -  MemoryUsage of job (MB)
	39929312  -  ResidentSetSize of job (KB)
...
006 (9445493.000.000) 03/23 19:31:18 Image size of job updated: 66212864
	39419  -  MemoryUsage of job (MB)
	40364228  -  ResidentSetSize of job (KB)
...
006 (9445493.000.000) 03/23 19:36:19 Image size of job updated: 67189144
	40394  -  MemoryUsage of job (MB)
	41363448  -  ResidentSetSize of job (KB)
...
006 (9445493.000.000) 03/23 19:41:20 Image size of job updated: 67720252
	40893  -  MemoryUsage of job (MB)
	41873936  -  ResidentSetSize of job (KB)
...
006 (9445493.000.000) 03/23 19:46:20 Image size of job updated: 68658084
	41841  -  MemoryUsage of job (MB)
	42844508  -  ResidentSetSize of job (KB)
...
006 (9445493.000.000) 03/23 19:51:20 Image size of job updated: 68777616
	41926  -  MemoryUsage of job (MB)
	42931228  -  ResidentSetSize of job (KB)
...
006 (9445493.000.000) 03/23 19:56:22 Image size of job updated: 69793852
	42920  -  MemoryUsage of job (MB)
	43949300  -  ResidentSetSize of job (KB)
...
006 (9445493.000.000) 03/23 20:01:22 Image size of job updated: 70200740
	43315  -  MemoryUsage of job (MB)
	44354460  -  ResidentSetSize of job (KB)
...
006 (9445493.000.000) 03/23 20:06:22 Image size of job updated: 70572844
	43315  -  MemoryUsage of job (MB)
	44354460  -  ResidentSetSize of job (KB)
...
006 (9445493.000.000) 03/23 20:11:23 Image size of job updated: 70831820
	43315  -  MemoryUsage of job (MB)
	44354460  -  ResidentSetSize of job (KB)
...
006 (9445493.000.000) 03/23 20:16:24 Image size of job updated: 71942184
	43315  -  MemoryUsage of job (MB)
	44354460  -  ResidentSetSize of job (KB)
...
006 (9445493.000.000) 03/23 20:26:25 Image size of job updated: 72905300
	43315  -  MemoryUsage of job (MB)
	44354460  -  ResidentSetSize of job (KB)
...
006 (9445493.000.000) 03/23 20:31:26 Image size of job updated: 74175000
	43315  -  MemoryUsage of job (MB)
	44354460  -  ResidentSetSize of job (KB)
...
006 (9445493.000.000) 03/23 22:11:36 Image size of job updated: 74537216
	43315  -  MemoryUsage of job (MB)
	44354460  -  ResidentSetSize of job (KB)
...
006 (9445493.000.000) 03/23 22:16:36 Image size of job updated: 75847976
	43315  -  MemoryUsage of job (MB)
	44354460  -  ResidentSetSize of job (KB)
...
006 (9445493.000.000) 03/23 22:21:36 Image size of job updated: 77007680
	43315  -  MemoryUsage of job (MB)
	44354460  -  ResidentSetSize of job (KB)
...
006 (9445493.000.000) 03/23 22:26:37 Image size of job updated: 77965340
	43315  -  MemoryUsage of job (MB)
	44354460  -  ResidentSetSize of job (KB)
...
006 (9445493.000.000) 03/23 22:31:37 Image size of job updated: 79022888
	43315  -  MemoryUsage of job (MB)
	44354460  -  ResidentSetSize of job (KB)
...
006 (9445493.000.000) 03/23 22:36:37 Image size of job updated: 80312216
	43315  -  MemoryUsage of job (MB)
	44354460  -  ResidentSetSize of job (KB)
...
006 (9445493.000.000) 03/23 22:41:38 Image size of job updated: 81659540
	43315  -  MemoryUsage of job (MB)
	44354460  -  ResidentSetSize of job (KB)
...
006 (9445493.000.000) 03/23 22:46:38 Image size of job updated: 82949032
	43315  -  MemoryUsage of job (MB)
	44354460  -  ResidentSetSize of job (KB)
...
006 (9445493.000.000) 03/23 22:51:38 Image size of job updated: 84276776
	43315  -  MemoryUsage of job (MB)
	44354460  -  ResidentSetSize of job (KB)
...
006 (9445493.000.000) 03/23 22:56:39 Image size of job updated: 85833992
	43315  -  MemoryUsage of job (MB)
	44354460  -  ResidentSetSize of job (KB)
...
006 (9445493.000.000) 03/23 23:01:40 Image size of job updated: 87372976
	43315  -  MemoryUsage of job (MB)
	44354460  -  ResidentSetSize of job (KB)
...
006 (9445493.000.000) 03/23 23:06:40 Image size of job updated: 88855056
	43315  -  MemoryUsage of job (MB)
	44354460  -  ResidentSetSize of job (KB)
...
006 (9445493.000.000) 03/23 23:11:40 Image size of job updated: 107355428
	49410  -  MemoryUsage of job (MB)
	50595540  -  ResidentSetSize of job (KB)
...
006 (9445493.000.000) 03/23 23:16:41 Image size of job updated: 107358556
	49410  -  MemoryUsage of job (MB)
	50595540  -  ResidentSetSize of job (KB)
...
006 (9445493.000.000) 03/23 23:21:41 Image size of job updated: 107385120
	49410  -  MemoryUsage of job (MB)
	50595540  -  ResidentSetSize of job (KB)
...
006 (9445493.000.000) 03/23 23:26:41 Image size of job updated: 107410120
	49410  -  MemoryUsage of job (MB)
	50595540  -  ResidentSetSize of job (KB)
...
006 (9445493.000.000) 03/23 23:31:43 Image size of job updated: 107438244
	49410  -  MemoryUsage of job (MB)
	50595540  -  ResidentSetSize of job (KB)
...
006 (9445493.000.000) 03/23 23:36:43 Image size of job updated: 107467152
	49410  -  MemoryUsage of job (MB)
	50595540  -  ResidentSetSize of job (KB)
...
006 (9445493.000.000) 03/23 23:41:43 Image size of job updated: 107494496
	49410  -  MemoryUsage of job (MB)
	50595540  -  ResidentSetSize of job (KB)
...
006 (9445493.000.000) 03/23 23:46:44 Image size of job updated: 107521840
	49410  -  MemoryUsage of job (MB)
	50595540  -  ResidentSetSize of job (KB)
...
006 (9445493.000.000) 03/23 23:51:45 Image size of job updated: 107549184
	49410  -  MemoryUsage of job (MB)
	50595540  -  ResidentSetSize of job (KB)
...
006 (9445493.000.000) 03/23 23:56:45 Image size of job updated: 107581996
	49410  -  MemoryUsage of job (MB)
	50595540  -  ResidentSetSize of job (KB)
...
006 (9445493.000.000) 03/24 00:01:45 Image size of job updated: 107613248
	49410  -  MemoryUsage of job (MB)
	50595540  -  ResidentSetSize of job (KB)
...
006 (9445493.000.000) 03/24 00:06:46 Image size of job updated: 107645280
	49410  -  MemoryUsage of job (MB)
	50595540  -  ResidentSetSize of job (KB)
...
006 (9445493.000.000) 03/24 00:11:47 Image size of job updated: 107675748
	49410  -  MemoryUsage of job (MB)
	50595540  -  ResidentSetSize of job (KB)
...
006 (9445493.000.000) 03/24 00:16:47 Image size of job updated: 107709764
	49410  -  MemoryUsage of job (MB)
	50595540  -  ResidentSetSize of job (KB)
...
006 (9445493.000.000) 03/24 00:21:48 Image size of job updated: 107744136
	49410  -  MemoryUsage of job (MB)
	50595540  -  ResidentSetSize of job (KB)
...
006 (9445493.000.000) 03/24 00:26:49 Image size of job updated: 107775796
	49410  -  MemoryUsage of job (MB)
	50595540  -  ResidentSetSize of job (KB)
...
006 (9445493.000.000) 03/24 00:31:49 Image size of job updated: 107806548
	49410  -  MemoryUsage of job (MB)
	50595540  -  ResidentSetSize of job (KB)
...
006 (9445493.000.000) 03/24 00:36:49 Image size of job updated: 107839108
	49410  -  MemoryUsage of job (MB)
	50595540  -  ResidentSetSize of job (KB)
...
006 (9445493.000.000) 03/24 00:41:50 Image size of job updated: 107871668
	49410  -  MemoryUsage of job (MB)
	50595540  -  ResidentSetSize of job (KB)
...
006 (9445493.000.000) 03/24 00:46:50 Image size of job updated: 107903332
	49410  -  MemoryUsage of job (MB)
	50595540  -  ResidentSetSize of job (KB)
...
006 (9445493.000.000) 03/24 00:51:50 Image size of job updated: 107934148
	49410  -  MemoryUsage of job (MB)
	50595540  -  ResidentSetSize of job (KB)
...
006 (9445493.000.000) 03/24 00:56:51 Image size of job updated: 107963992
	49410  -  MemoryUsage of job (MB)
	50595540  -  ResidentSetSize of job (KB)
...
006 (9445493.000.000) 03/24 01:01:52 Image size of job updated: 107996828
	49410  -  MemoryUsage of job (MB)
	50595540  -  ResidentSetSize of job (KB)
...
006 (9445493.000.000) 03/24 01:06:52 Image size of job updated: 108030408
	49410  -  MemoryUsage of job (MB)
	50595540  -  ResidentSetSize of job (KB)
...
006 (9445493.000.000) 03/24 01:11:52 Image size of job updated: 108062980
	49410  -  MemoryUsage of job (MB)
	50595540  -  ResidentSetSize of job (KB)
...
006 (9445493.000.000) 03/24 01:16:53 Image size of job updated: 108095532
	49410  -  MemoryUsage of job (MB)
	50595540  -  ResidentSetSize of job (KB)
...
006 (9445493.000.000) 03/24 01:21:53 Image size of job updated: 108132324
	49410  -  MemoryUsage of job (MB)
	50595540  -  ResidentSetSize of job (KB)
...
006 (9445493.000.000) 03/24 01:26:53 Image size of job updated: 108171236
	49410  -  MemoryUsage of job (MB)
	50595540  -  ResidentSetSize of job (KB)
...
006 (9445493.000.000) 03/24 01:31:54 Image size of job updated: 108209224
	49410  -  MemoryUsage of job (MB)
	50595540  -  ResidentSetSize of job (KB)
...
006 (9445493.000.000) 03/24 01:36:55 Image size of job updated: 108245412
	49410  -  MemoryUsage of job (MB)
	50595540  -  ResidentSetSize of job (KB)
...
006 (9445493.000.000) 03/24 01:41:55 Image size of job updated: 108277072
	49410  -  MemoryUsage of job (MB)
	50595540  -  ResidentSetSize of job (KB)
...
006 (9445493.000.000) 03/24 01:46:56 Image size of job updated: 108308732
	49410  -  MemoryUsage of job (MB)
	50595540  -  ResidentSetSize of job (KB)
...
006 (9445493.000.000) 03/24 01:51:57 Image size of job updated: 108341296
	49410  -  MemoryUsage of job (MB)
	50595540  -  ResidentSetSize of job (KB)
...
006 (9445493.000.000) 03/24 01:56:57 Image size of job updated: 108378388
	49410  -  MemoryUsage of job (MB)
	50595540  -  ResidentSetSize of job (KB)
...
006 (9445493.000.000) 03/24 02:01:57 Image size of job updated: 108412760
	49410  -  MemoryUsage of job (MB)
	50595540  -  ResidentSetSize of job (KB)
...
006 (9445493.000.000) 03/24 02:06:58 Image size of job updated: 108442604
	49410  -  MemoryUsage of job (MB)
	50595540  -  ResidentSetSize of job (KB)
...
006 (9445493.000.000) 03/24 02:11:59 Image size of job updated: 108471560
	49410  -  MemoryUsage of job (MB)
	50595540  -  ResidentSetSize of job (KB)
...
006 (9445493.000.000) 03/24 02:16:59 Image size of job updated: 108500504
	49410  -  MemoryUsage of job (MB)
	50595540  -  ResidentSetSize of job (KB)
...
006 (9445493.000.000) 03/24 02:22:00 Image size of job updated: 108530344
	49410  -  MemoryUsage of job (MB)
	50595540  -  ResidentSetSize of job (KB)
...
006 (9445493.000.000) 03/24 02:27:01 Image size of job updated: 108560196
	49410  -  MemoryUsage of job (MB)
	50595540  -  ResidentSetSize of job (KB)
...
006 (9445493.000.000) 03/24 02:32:01 Image size of job updated: 108590044
	49410  -  MemoryUsage of job (MB)
	50595540  -  ResidentSetSize of job (KB)
...
006 (9445493.000.000) 03/24 02:37:01 Image size of job updated: 108619892
	49410  -  MemoryUsage of job (MB)
	50595540  -  ResidentSetSize of job (KB)
...
006 (9445493.000.000) 03/24 02:42:02 Image size of job updated: 108649736
	49410  -  MemoryUsage of job (MB)
	50595540  -  ResidentSetSize of job (KB)
...
006 (9445493.000.000) 03/24 02:47:02 Image size of job updated: 108679576
	49410  -  MemoryUsage of job (MB)
	50595540  -  ResidentSetSize of job (KB)
...
006 (9445493.000.000) 03/24 02:52:02 Image size of job updated: 108709428
	49410  -  MemoryUsage of job (MB)
	50595540  -  ResidentSetSize of job (KB)
...
006 (9445493.000.000) 03/24 02:57:03 Image size of job updated: 108740188
	49410  -  MemoryUsage of job (MB)
	50595540  -  ResidentSetSize of job (KB)
...
006 (9445493.000.000) 03/24 03:02:03 Image size of job updated: 108770948
	49410  -  MemoryUsage of job (MB)
	50595540  -  ResidentSetSize of job (KB)
...
006 (9445493.000.000) 03/24 03:07:03 Image size of job updated: 108806228
	49410  -  MemoryUsage of job (MB)
	50595540  -  ResidentSetSize of job (KB)
...
006 (9445493.000.000) 03/24 03:12:04 Image size of job updated: 108836980
	49410  -  MemoryUsage of job (MB)
	50595540  -  ResidentSetSize of job (KB)
...
006 (9445493.000.000) 03/24 03:17:05 Image size of job updated: 108868632
	49410  -  MemoryUsage of job (MB)
	50595540  -  ResidentSetSize of job (KB)
...
006 (9445493.000.000) 03/24 03:22:05 Image size of job updated: 108900424
	49410  -  MemoryUsage of job (MB)
	50595540  -  ResidentSetSize of job (KB)
...
006 (9445493.000.000) 03/24 03:27:05 Image size of job updated: 108932084
	49410  -  MemoryUsage of job (MB)
	50595540  -  ResidentSetSize of job (KB)
...
006 (9445493.000.000) 03/24 03:32:06 Image size of job updated: 108963456
	49410  -  MemoryUsage of job (MB)
	50595540  -  ResidentSetSize of job (KB)
...
006 (9445493.000.000) 03/24 03:37:06 Image size of job updated: 108994208
	49410  -  MemoryUsage of job (MB)
	50595540  -  ResidentSetSize of job (KB)
...
006 (9445493.000.000) 03/24 03:42:06 Image size of job updated: 109024484
	49410  -  MemoryUsage of job (MB)
	50595540  -  ResidentSetSize of job (KB)
...
006 (9445493.000.000) 03/24 03:47:07 Image size of job updated: 109055064
	49410  -  MemoryUsage of job (MB)
	50595540  -  ResidentSetSize of job (KB)
...
006 (9445493.000.000) 03/24 03:52:08 Image size of job updated: 109086684
	49410  -  MemoryUsage of job (MB)
	50595540  -  ResidentSetSize of job (KB)
...
006 (9445493.000.000) 03/24 03:57:08 Image size of job updated: 109117432
	49410  -  MemoryUsage of job (MB)
	50595540  -  ResidentSetSize of job (KB)
...
006 (9445493.000.000) 03/24 04:02:08 Image size of job updated: 109146372
	49410  -  MemoryUsage of job (MB)
	50595540  -  ResidentSetSize of job (KB)
...
006 (9445493.000.000) 03/24 04:07:09 Image size of job updated: 109177988
	49410  -  MemoryUsage of job (MB)
	50595540  -  ResidentSetSize of job (KB)
...
006 (9445493.000.000) 03/24 04:12:09 Image size of job updated: 109208740
	49410  -  MemoryUsage of job (MB)
	50595540  -  ResidentSetSize of job (KB)
...
006 (9445493.000.000) 03/24 04:17:09 Image size of job updated: 109240408
	49410  -  MemoryUsage of job (MB)
	50595540  -  ResidentSetSize of job (KB)
...
006 (9445493.000.000) 03/24 04:22:10 Image size of job updated: 109270828
	49410  -  MemoryUsage of job (MB)
	50595540  -  ResidentSetSize of job (KB)
...
006 (9445493.000.000) 03/24 04:27:10 Image size of job updated: 109302488
	49410  -  MemoryUsage of job (MB)
	50595540  -  ResidentSetSize of job (KB)
...
006 (9445493.000.000) 03/24 04:32:10 Image size of job updated: 109335048
	49410  -  MemoryUsage of job (MB)
	50595540  -  ResidentSetSize of job (KB)
...
006 (9445493.000.000) 03/24 04:37:11 Image size of job updated: 109365804
	49410  -  MemoryUsage of job (MB)
	50595540  -  ResidentSetSize of job (KB)
...
006 (9445493.000.000) 03/24 04:42:12 Image size of job updated: 109398372
	49410  -  MemoryUsage of job (MB)
	50595540  -  ResidentSetSize of job (KB)
...
006 (9445493.000.000) 03/24 04:47:12 Image size of job updated: 109430948
	49410  -  MemoryUsage of job (MB)
	50595540  -  ResidentSetSize of job (KB)
...
006 (9445493.000.000) 03/24 04:52:12 Image size of job updated: 109462316
	49410  -  MemoryUsage of job (MB)
	50595540  -  ResidentSetSize of job (KB)
...
006 (9445493.000.000) 03/24 04:57:13 Image size of job updated: 109494888
	49410  -  MemoryUsage of job (MB)
	50595540  -  ResidentSetSize of job (KB)
...
006 (9445493.000.000) 03/24 05:02:13 Image size of job updated: 109527448
	49410  -  MemoryUsage of job (MB)
	50595540  -  ResidentSetSize of job (KB)
...
006 (9445493.000.000) 03/24 05:07:13 Image size of job updated: 109559100
	49410  -  MemoryUsage of job (MB)
	50595540  -  ResidentSetSize of job (KB)
...
006 (9445493.000.000) 03/24 05:12:14 Image size of job updated: 109591660
	49410  -  MemoryUsage of job (MB)
	50595540  -  ResidentSetSize of job (KB)
...
006 (9445493.000.000) 03/24 05:17:15 Image size of job updated: 109625120
	49410  -  MemoryUsage of job (MB)
	50595540  -  ResidentSetSize of job (KB)
...
006 (9445493.000.000) 03/24 05:22:15 Image size of job updated: 109655884
	49410  -  MemoryUsage of job (MB)
	50595540  -  ResidentSetSize of job (KB)
...
006 (9445493.000.000) 03/24 05:27:16 Image size of job updated: 109688784
	49410  -  MemoryUsage of job (MB)
	50595540  -  ResidentSetSize of job (KB)
...
006 (9445493.000.000) 03/24 05:32:17 Image size of job updated: 109724972
	49410  -  MemoryUsage of job (MB)
	50595540  -  ResidentSetSize of job (KB)
...
006 (9445493.000.000) 03/24 05:37:17 Image size of job updated: 109759468
	49410  -  MemoryUsage of job (MB)
	50595540  -  ResidentSetSize of job (KB)
...
006 (9445493.000.000) 03/24 05:42:17 Image size of job updated: 109792944
	49410  -  MemoryUsage of job (MB)
	50595540  -  ResidentSetSize of job (KB)
...
006 (9445493.000.000) 03/24 05:47:18 Image size of job updated: 109825512
	49410  -  MemoryUsage of job (MB)
	50595540  -  ResidentSetSize of job (KB)
...
006 (9445493.000.000) 03/24 05:52:18 Image size of job updated: 109860124
	49410  -  MemoryUsage of job (MB)
	50595540  -  ResidentSetSize of job (KB)
...
006 (9445493.000.000) 03/24 05:57:18 Image size of job updated: 109895392
	49410  -  MemoryUsage of job (MB)
	50595540  -  ResidentSetSize of job (KB)
...
006 (9445493.000.000) 03/24 06:02:19 Image size of job updated: 109929768
	49410  -  MemoryUsage of job (MB)
	50595540  -  ResidentSetSize of job (KB)
...
006 (9445493.000.000) 03/24 06:07:20 Image size of job updated: 109964144
	49410  -  MemoryUsage of job (MB)
	50595540  -  ResidentSetSize of job (KB)
...
006 (9445493.000.000) 03/24 06:12:20 Image size of job updated: 109999408
	49410  -  MemoryUsage of job (MB)
	50595540  -  ResidentSetSize of job (KB)
...
006 (9445493.000.000) 03/24 06:17:20 Image size of job updated: 110033780
	49410  -  MemoryUsage of job (MB)
	50595540  -  ResidentSetSize of job (KB)
...
006 (9445493.000.000) 03/24 06:22:21 Image size of job updated: 110069960
	49410  -  MemoryUsage of job (MB)
	50595540  -  ResidentSetSize of job (KB)
...
006 (9445493.000.000) 03/24 06:27:21 Image size of job updated: 110104336
	49410  -  MemoryUsage of job (MB)
	50595540  -  ResidentSetSize of job (KB)
...
006 (9445493.000.000) 03/24 06:32:21 Image size of job updated: 110140504
	49410  -  MemoryUsage of job (MB)
	50595540  -  ResidentSetSize of job (KB)
...
006 (9445493.000.000) 03/24 06:37:22 Image size of job updated: 110177592
	49410  -  MemoryUsage of job (MB)
	50595540  -  ResidentSetSize of job (KB)
...
006 (9445493.000.000) 03/24 06:42:23 Image size of job updated: 110213776
	49410  -  MemoryUsage of job (MB)
	50595540  -  ResidentSetSize of job (KB)
...
006 (9445493.000.000) 03/24 06:47:23 Image size of job updated: 110249056
	49410  -  MemoryUsage of job (MB)
	50595540  -  ResidentSetSize of job (KB)
...
006 (9445493.000.000) 03/24 06:52:24 Image size of job updated: 110284460
	49410  -  MemoryUsage of job (MB)
	50595540  -  ResidentSetSize of job (KB)
...
006 (9445493.000.000) 03/24 06:57:25 Image size of job updated: 110319796
	49410  -  MemoryUsage of job (MB)
	50595540  -  ResidentSetSize of job (KB)
...
006 (9445493.000.000) 03/24 07:02:25 Image size of job updated: 110356996
	49410  -  MemoryUsage of job (MB)
	50595540  -  ResidentSetSize of job (KB)
...
006 (9445493.000.000) 03/24 07:07:25 Image size of job updated: 110392080
	49410  -  MemoryUsage of job (MB)
	50595540  -  ResidentSetSize of job (KB)
...
006 (9445493.000.000) 03/24 07:12:26 Image size of job updated: 110424628
	49410  -  MemoryUsage of job (MB)
	50595540  -  ResidentSetSize of job (KB)
...
006 (9445493.000.000) 03/24 07:17:26 Image size of job updated: 110454484
	49410  -  MemoryUsage of job (MB)
	50595540  -  ResidentSetSize of job (KB)
...
006 (9445493.000.000) 03/24 07:22:26 Image size of job updated: 110487944
	49410  -  MemoryUsage of job (MB)
	50595540  -  ResidentSetSize of job (KB)
...
006 (9445493.000.000) 03/24 07:27:27 Image size of job updated: 110519608
	49410  -  MemoryUsage of job (MB)
	50595540  -  ResidentSetSize of job (KB)
...
006 (9445493.000.000) 03/24 07:32:27 Image size of job updated: 110550348
	49410  -  MemoryUsage of job (MB)
	50595540  -  ResidentSetSize of job (KB)
...
006 (9445493.000.000) 03/24 07:37:27 Image size of job updated: 110582020
	49410  -  MemoryUsage of job (MB)
	50595540  -  ResidentSetSize of job (KB)
...
006 (9445493.000.000) 03/24 07:42:28 Image size of job updated: 110613256
	49410  -  MemoryUsage of job (MB)
	50595540  -  ResidentSetSize of job (KB)
...
006 (9445493.000.000) 03/24 07:47:28 Image size of job updated: 110644912
	49410  -  MemoryUsage of job (MB)
	50595540  -  ResidentSetSize of job (KB)
...
006 (9445493.000.000) 03/24 07:52:28 Image size of job updated: 110676584
	49410  -  MemoryUsage of job (MB)
	50595540  -  ResidentSetSize of job (KB)
...
006 (9445493.000.000) 03/24 07:57:29 Image size of job updated: 110708244
	49410  -  MemoryUsage of job (MB)
	50595540  -  ResidentSetSize of job (KB)
...
006 (9445493.000.000) 03/24 08:02:30 Image size of job updated: 110739004
	49410  -  MemoryUsage of job (MB)
	50595540  -  ResidentSetSize of job (KB)
...
006 (9445493.000.000) 03/24 08:07:30 Image size of job updated: 110770664
	49410  -  MemoryUsage of job (MB)
	50595540  -  ResidentSetSize of job (KB)
...
006 (9445493.000.000) 03/24 08:12:31 Image size of job updated: 110803832
	49410  -  MemoryUsage of job (MB)
	50595540  -  ResidentSetSize of job (KB)
...
006 (9445493.000.000) 03/24 08:17:32 Image size of job updated: 110836404
	49410  -  MemoryUsage of job (MB)
	50595540  -  ResidentSetSize of job (KB)
...
006 (9445493.000.000) 03/24 08:22:32 Image size of job updated: 110869488
	49410  -  MemoryUsage of job (MB)
	50595540  -  ResidentSetSize of job (KB)
...
006 (9445493.000.000) 03/24 08:27:32 Image size of job updated: 110902048
	49410  -  MemoryUsage of job (MB)
	50595540  -  ResidentSetSize of job (KB)
...
006 (9445493.000.000) 03/24 08:32:33 Image size of job updated: 110934616
	49410  -  MemoryUsage of job (MB)
	50595540  -  ResidentSetSize of job (KB)
...
006 (9445493.000.000) 03/24 08:37:33 Image size of job updated: 110967168
	49410  -  MemoryUsage of job (MB)
	50595540  -  ResidentSetSize of job (KB)
...
006 (9445493.000.000) 03/24 08:42:33 Image size of job updated: 110999732
	49410  -  MemoryUsage of job (MB)
	50595540  -  ResidentSetSize of job (KB)
...
006 (9445493.000.000) 03/24 08:47:34 Image size of job updated: 111032292
	49410  -  MemoryUsage of job (MB)
	50595540  -  ResidentSetSize of job (KB)
...
006 (9445493.000.000) 03/24 08:52:35 Image size of job updated: 111066552
	49410  -  MemoryUsage of job (MB)
	50595540  -  ResidentSetSize of job (KB)
...
006 (9445493.000.000) 03/24 08:57:35 Image size of job updated: 111098220
	49410  -  MemoryUsage of job (MB)
	50595540  -  ResidentSetSize of job (KB)
...
006 (9445493.000.000) 03/24 09:02:36 Image size of job updated: 111131680
	49410  -  MemoryUsage of job (MB)
	50595540  -  ResidentSetSize of job (KB)
...
006 (9445493.000.000) 03/24 09:07:37 Image size of job updated: 111165184
	49410  -  MemoryUsage of job (MB)
	50595540  -  ResidentSetSize of job (KB)
...
006 (9445493.000.000) 03/24 09:12:37 Image size of job updated: 111198740
	49410  -  MemoryUsage of job (MB)
	50595540  -  ResidentSetSize of job (KB)
...
006 (9445493.000.000) 03/24 09:17:37 Image size of job updated: 111232208
	49410  -  MemoryUsage of job (MB)
	50595540  -  ResidentSetSize of job (KB)
...
006 (9445493.000.000) 03/24 09:22:38 Image size of job updated: 111265484
	49410  -  MemoryUsage of job (MB)
	50595540  -  ResidentSetSize of job (KB)
...
006 (9445493.000.000) 03/24 09:27:38 Image size of job updated: 111298956
	49410  -  MemoryUsage of job (MB)
	50595540  -  ResidentSetSize of job (KB)
...
006 (9445493.000.000) 03/24 09:32:38 Image size of job updated: 111332084
	49410  -  MemoryUsage of job (MB)
	50595540  -  ResidentSetSize of job (KB)
...
006 (9445493.000.000) 03/24 09:37:39 Image size of job updated: 111365548
	49410  -  MemoryUsage of job (MB)
	50595540  -  ResidentSetSize of job (KB)
...
006 (9445493.000.000) 03/24 09:42:40 Image size of job updated: 111398232
	49410  -  MemoryUsage of job (MB)
	50595540  -  ResidentSetSize of job (KB)
...
006 (9445493.000.000) 03/24 09:47:40 Image size of job updated: 111431808
	49410  -  MemoryUsage of job (MB)
	50595540  -  ResidentSetSize of job (KB)
...
006 (9445493.000.000) 03/24 09:52:41 Image size of job updated: 111464380
	49410  -  MemoryUsage of job (MB)
	50595540  -  ResidentSetSize of job (KB)
...
006 (9445493.000.000) 03/24 09:57:42 Image size of job updated: 111496944
	49410  -  MemoryUsage of job (MB)
	50595540  -  ResidentSetSize of job (KB)
...
006 (9445493.000.000) 03/24 10:02:42 Image size of job updated: 111528612
	49410  -  MemoryUsage of job (MB)
	50595540  -  ResidentSetSize of job (KB)
...
006 (9445493.000.000) 03/24 10:07:42 Image size of job updated: 111561164
	49410  -  MemoryUsage of job (MB)
	50595540  -  ResidentSetSize of job (KB)
...
006 (9445493.000.000) 03/24 10:12:43 Image size of job updated: 111593736
	49410  -  MemoryUsage of job (MB)
	50595540  -  ResidentSetSize of job (KB)
...
006 (9445493.000.000) 03/24 10:17:43 Image size of job updated: 111627208
	49410  -  MemoryUsage of job (MB)
	50595540  -  ResidentSetSize of job (KB)
...
006 (9445493.000.000) 03/24 10:22:43 Image size of job updated: 111659768
	49410  -  MemoryUsage of job (MB)
	50595540  -  ResidentSetSize of job (KB)
...
006 (9445493.000.000) 03/24 10:27:45 Image size of job updated: 111695996
	49410  -  MemoryUsage of job (MB)
	50595540  -  ResidentSetSize of job (KB)
...
006 (9445493.000.000) 03/24 10:32:45 Image size of job updated: 111729476
	49410  -  MemoryUsage of job (MB)
	50595540  -  ResidentSetSize of job (KB)
...
006 (9445493.000.000) 03/24 10:37:45 Image size of job updated: 111763840
	49410  -  MemoryUsage of job (MB)
	50595540  -  ResidentSetSize of job (KB)
...
006 (9445493.000.000) 03/24 10:42:46 Image size of job updated: 111799744
	49410  -  MemoryUsage of job (MB)
	50595540  -  ResidentSetSize of job (KB)
...
006 (9445493.000.000) 03/24 10:47:47 Image size of job updated: 111846560
	49410  -  MemoryUsage of job (MB)
	50595540  -  ResidentSetSize of job (KB)
...
006 (9445493.000.000) 03/24 10:52:47 Image size of job updated: 111889196
	49410  -  MemoryUsage of job (MB)
	50595540  -  ResidentSetSize of job (KB)
...
006 (9445493.000.000) 03/24 10:57:47 Image size of job updated: 111929744
	49410  -  MemoryUsage of job (MB)
	50595540  -  ResidentSetSize of job (KB)
...
006 (9445493.000.000) 03/24 11:02:48 Image size of job updated: 111966148
	49410  -  MemoryUsage of job (MB)
	50595540  -  ResidentSetSize of job (KB)
...
006 (9445493.000.000) 03/24 11:07:48 Image size of job updated: 112002572
	49410  -  MemoryUsage of job (MB)
	50595540  -  ResidentSetSize of job (KB)
...
006 (9445493.000.000) 03/24 11:12:48 Image size of job updated: 112040008
	49410  -  MemoryUsage of job (MB)
	50595540  -  ResidentSetSize of job (KB)
...
006 (9445493.000.000) 03/24 11:17:49 Image size of job updated: 112080784
	49410  -  MemoryUsage of job (MB)
	50595540  -  ResidentSetSize of job (KB)
...
006 (9445493.000.000) 03/24 11:22:50 Image size of job updated: 112123436
	49410  -  MemoryUsage of job (MB)
	50595540  -  ResidentSetSize of job (KB)
...
006 (9445493.000.000) 03/24 11:27:50 Image size of job updated: 112166096
	49410  -  MemoryUsage of job (MB)
	50595540  -  ResidentSetSize of job (KB)
...
006 (9445493.000.000) 03/24 11:32:50 Image size of job updated: 112206660
	49410  -  MemoryUsage of job (MB)
	50595540  -  ResidentSetSize of job (KB)
...
006 (9445493.000.000) 03/24 11:37:52 Image size of job updated: 112247236
	49410  -  MemoryUsage of job (MB)
	50595540  -  ResidentSetSize of job (KB)
...
006 (9445493.000.000) 03/24 11:42:52 Image size of job updated: 112286752
	49410  -  MemoryUsage of job (MB)
	50595540  -  ResidentSetSize of job (KB)
...
006 (9445493.000.000) 03/24 11:47:52 Image size of job updated: 112328708
	49410  -  MemoryUsage of job (MB)
	50595540  -  ResidentSetSize of job (KB)
...
006 (9445493.000.000) 03/24 11:52:53 Image size of job updated: 112368564
	49410  -  MemoryUsage of job (MB)
	50595540  -  ResidentSetSize of job (KB)
...
006 (9445493.000.000) 03/24 11:57:54 Image size of job updated: 112409128
	49410  -  MemoryUsage of job (MB)
	50595540  -  ResidentSetSize of job (KB)
...
006 (9445493.000.000) 03/24 12:02:54 Image size of job updated: 112448652
	49410  -  MemoryUsage of job (MB)
	50595540  -  ResidentSetSize of job (KB)
...
006 (9445493.000.000) 03/24 12:07:54 Image size of job updated: 112487156
	49410  -  MemoryUsage of job (MB)
	50595540  -  ResidentSetSize of job (KB)
...
006 (9445493.000.000) 03/24 12:12:55 Image size of job updated: 112528748
	49410  -  MemoryUsage of job (MB)
	50595540  -  ResidentSetSize of job (KB)
...
006 (9445493.000.000) 03/24 12:17:55 Image size of job updated: 112569304
	49410  -  MemoryUsage of job (MB)
	50595540  -  ResidentSetSize of job (KB)
...
006 (9445493.000.000) 03/24 12:22:55 Image size of job updated: 112611948
	49410  -  MemoryUsage of job (MB)
	50595540  -  ResidentSetSize of job (KB)
...
006 (9445493.000.000) 03/24 12:27:56 Image size of job updated: 112653556
	49410  -  MemoryUsage of job (MB)
	50595540  -  ResidentSetSize of job (KB)
...
006 (9445493.000.000) 03/24 12:32:57 Image size of job updated: 112696316
	49410  -  MemoryUsage of job (MB)
	50595540  -  ResidentSetSize of job (KB)
...
006 (9445493.000.000) 03/24 12:37:57 Image size of job updated: 112737924
	49410  -  MemoryUsage of job (MB)
	50595540  -  ResidentSetSize of job (KB)
...
006 (9445493.000.000) 03/24 12:42:58 Image size of job updated: 112777452
	49410  -  MemoryUsage of job (MB)
	50595540  -  ResidentSetSize of job (KB)
...
006 (9445493.000.000) 03/24 12:47:59 Image size of job updated: 112820096
	49410  -  MemoryUsage of job (MB)
	50595540  -  ResidentSetSize of job (KB)
...
006 (9445493.000.000) 03/24 12:52:59 Image size of job updated: 112862756
	49410  -  MemoryUsage of job (MB)
	50595540  -  ResidentSetSize of job (KB)
...
006 (9445493.000.000) 03/24 12:57:59 Image size of job updated: 112903328
	49410  -  MemoryUsage of job (MB)
	50595540  -  ResidentSetSize of job (KB)
...
006 (9445493.000.000) 03/24 13:03:00 Image size of job updated: 112943896
	49410  -  MemoryUsage of job (MB)
	50595540  -  ResidentSetSize of job (KB)
...
006 (9445493.000.000) 03/24 13:08:01 Image size of job updated: 112985520
	49410  -  MemoryUsage of job (MB)
	50595540  -  ResidentSetSize of job (KB)
...
006 (9445493.000.000) 03/24 13:13:01 Image size of job updated: 113028160
	49410  -  MemoryUsage of job (MB)
	50595540  -  ResidentSetSize of job (KB)
...
006 (9445493.000.000) 03/24 13:18:02 Image size of job updated: 113071808
	49410  -  MemoryUsage of job (MB)
	50595540  -  ResidentSetSize of job (KB)
...
006 (9445493.000.000) 03/24 13:23:03 Image size of job updated: 113116548
	49410  -  MemoryUsage of job (MB)
	50595540  -  ResidentSetSize of job (KB)
...
006 (9445493.000.000) 03/24 13:28:03 Image size of job updated: 113160216
	49410  -  MemoryUsage of job (MB)
	50595540  -  ResidentSetSize of job (KB)
...
006 (9445493.000.000) 03/24 13:33:04 Image size of job updated: 113198692
	49410  -  MemoryUsage of job (MB)
	50595540  -  ResidentSetSize of job (KB)
...
006 (9445493.000.000) 03/24 13:38:05 Image size of job updated: 113234636
	49410  -  MemoryUsage of job (MB)
	50595540  -  ResidentSetSize of job (KB)
...
006 (9445493.000.000) 03/24 13:43:05 Image size of job updated: 113273116
	49410  -  MemoryUsage of job (MB)
	50595540  -  ResidentSetSize of job (KB)
...
006 (9445493.000.000) 03/24 13:48:05 Image size of job updated: 113310472
	49410  -  MemoryUsage of job (MB)
	50595540  -  ResidentSetSize of job (KB)
...
006 (9445493.000.000) 03/24 13:53:06 Image size of job updated: 113354152
	49410  -  MemoryUsage of job (MB)
	50595540  -  ResidentSetSize of job (KB)
...
006 (9445493.000.000) 03/24 13:58:07 Image size of job updated: 113397832
	49410  -  MemoryUsage of job (MB)
	50595540  -  ResidentSetSize of job (KB)
...
006 (9445493.000.000) 03/24 14:03:07 Image size of job updated: 113440480
	49410  -  MemoryUsage of job (MB)
	50595540  -  ResidentSetSize of job (KB)
...
006 (9445493.000.000) 03/24 14:08:08 Image size of job updated: 113483120
	49410  -  MemoryUsage of job (MB)
	50595540  -  ResidentSetSize of job (KB)
...
006 (9445493.000.000) 03/24 14:13:09 Image size of job updated: 113525772
	49410  -  MemoryUsage of job (MB)
	50595540  -  ResidentSetSize of job (KB)
...
006 (9445493.000.000) 03/24 14:18:09 Image size of job updated: 113568416
	49410  -  MemoryUsage of job (MB)
	50595540  -  ResidentSetSize of job (KB)
...
006 (9445493.000.000) 03/24 14:23:09 Image size of job updated: 113610636
	49410  -  MemoryUsage of job (MB)
	50595540  -  ResidentSetSize of job (KB)
...
006 (9445493.000.000) 03/24 14:28:11 Image size of job updated: 113651212
	49410  -  MemoryUsage of job (MB)
	50595540  -  ResidentSetSize of job (KB)
...
006 (9445493.000.000) 03/24 14:33:11 Image size of job updated: 113690736
	49410  -  MemoryUsage of job (MB)
	50595540  -  ResidentSetSize of job (KB)
...
006 (9445493.000.000) 03/24 14:38:11 Image size of job updated: 113730800
	49410  -  MemoryUsage of job (MB)
	50595540  -  ResidentSetSize of job (KB)
...
006 (9445493.000.000) 03/24 14:43:12 Image size of job updated: 113773436
	49410  -  MemoryUsage of job (MB)
	50595540  -  ResidentSetSize of job (KB)
...
006 (9445493.000.000) 03/24 14:48:13 Image size of job updated: 113814496
	49410  -  MemoryUsage of job (MB)
	50595540  -  ResidentSetSize of job (KB)
...
006 (9445493.000.000) 03/24 14:53:13 Image size of job updated: 113855788
	49410  -  MemoryUsage of job (MB)
	50595540  -  ResidentSetSize of job (KB)
...
006 (9445493.000.000) 03/24 14:58:13 Image size of job updated: 113899468
	49410  -  MemoryUsage of job (MB)
	50595540  -  ResidentSetSize of job (KB)
...
006 (9445493.000.000) 03/24 15:03:14 Image size of job updated: 113944200
	49410  -  MemoryUsage of job (MB)
	50595540  -  ResidentSetSize of job (KB)
...
006 (9445493.000.000) 03/24 15:08:15 Image size of job updated: 113982676
	49410  -  MemoryUsage of job (MB)
	50595540  -  ResidentSetSize of job (KB)
...
006 (9445493.000.000) 03/24 15:13:15 Image size of job updated: 114021176
	49410  -  MemoryUsage of job (MB)
	50595540  -  ResidentSetSize of job (KB)
...
006 (9445493.000.000) 03/24 15:18:15 Image size of job updated: 114064712
	49410  -  MemoryUsage of job (MB)
	50595540  -  ResidentSetSize of job (KB)
...
006 (9445493.000.000) 03/24 15:23:16 Image size of job updated: 114106320
	49410  -  MemoryUsage of job (MB)
	50595540  -  ResidentSetSize of job (KB)
...
006 (9445493.000.000) 03/24 15:28:16 Image size of job updated: 114143748
	49410  -  MemoryUsage of job (MB)
	50595540  -  ResidentSetSize of job (KB)
...
006 (9445493.000.000) 03/24 15:33:16 Image size of job updated: 114184312
	49410  -  MemoryUsage of job (MB)
	50595540  -  ResidentSetSize of job (KB)
...
006 (9445493.000.000) 03/24 15:38:17 Image size of job updated: 114224880
	49410  -  MemoryUsage of job (MB)
	50595540  -  ResidentSetSize of job (KB)
...
006 (9445493.000.000) 03/24 15:43:18 Image size of job updated: 114264376
	49410  -  MemoryUsage of job (MB)
	50595540  -  ResidentSetSize of job (KB)
...
006 (9445493.000.000) 03/24 15:48:18 Image size of job updated: 114304940
	49410  -  MemoryUsage of job (MB)
	50595540  -  ResidentSetSize of job (KB)
...
006 (9445493.000.000) 03/24 15:53:19 Image size of job updated: 114342364
	49410  -  MemoryUsage of job (MB)
	50595540  -  ResidentSetSize of job (KB)
...
006 (9445493.000.000) 03/24 15:58:20 Image size of job updated: 114376688
	49410  -  MemoryUsage of job (MB)
	50595540  -  ResidentSetSize of job (KB)
...
006 (9445493.000.000) 03/24 16:03:20 Image size of job updated: 114413588
	49410  -  MemoryUsage of job (MB)
	50595540  -  ResidentSetSize of job (KB)
...
006 (9445493.000.000) 03/24 16:08:20 Image size of job updated: 114451036
	49410  -  MemoryUsage of job (MB)
	50595540  -  ResidentSetSize of job (KB)
...
006 (9445493.000.000) 03/24 16:13:21 Image size of job updated: 114488468
	49410  -  MemoryUsage of job (MB)
	50595540  -  ResidentSetSize of job (KB)
...
006 (9445493.000.000) 03/24 16:18:21 Image size of job updated: 114524860
	49410  -  MemoryUsage of job (MB)
	50595540  -  ResidentSetSize of job (KB)
...
006 (9445493.000.000) 03/24 16:23:21 Image size of job updated: 114562308
	49410  -  MemoryUsage of job (MB)
	50595540  -  ResidentSetSize of job (KB)
...
006 (9445493.000.000) 03/24 16:28:22 Image size of job updated: 114601832
	49410  -  MemoryUsage of job (MB)
	50595540  -  ResidentSetSize of job (KB)
...
006 (9445493.000.000) 03/24 16:33:23 Image size of job updated: 114641348
	49410  -  MemoryUsage of job (MB)
	50595540  -  ResidentSetSize of job (KB)
...
006 (9445493.000.000) 03/24 16:38:23 Image size of job updated: 114680880
	49410  -  MemoryUsage of job (MB)
	50595540  -  ResidentSetSize of job (KB)
...
006 (9445493.000.000) 03/24 16:43:24 Image size of job updated: 114723092
	49410  -  MemoryUsage of job (MB)
	50595540  -  ResidentSetSize of job (KB)
...
006 (9445493.000.000) 03/24 16:48:25 Image size of job updated: 114756952
	49410  -  MemoryUsage of job (MB)
	50595540  -  ResidentSetSize of job (KB)
...
006 (9445493.000.000) 03/24 16:53:25 Image size of job updated: 114794564
	49410  -  MemoryUsage of job (MB)
	50595540  -  ResidentSetSize of job (KB)
...
006 (9445493.000.000) 03/24 16:58:26 Image size of job updated: 114833120
	49410  -  MemoryUsage of job (MB)
	50595540  -  ResidentSetSize of job (KB)
...
006 (9445493.000.000) 03/24 17:03:27 Image size of job updated: 114869524
	49410  -  MemoryUsage of job (MB)
	50595540  -  ResidentSetSize of job (KB)
...
006 (9445493.000.000) 03/24 17:08:27 Image size of job updated: 114903860
	49410  -  MemoryUsage of job (MB)
	50595540  -  ResidentSetSize of job (KB)
...
006 (9445493.000.000) 03/24 17:13:27 Image size of job updated: 114938188
	49410  -  MemoryUsage of job (MB)
	50595540  -  ResidentSetSize of job (KB)
...
006 (9445493.000.000) 03/24 17:18:29 Image size of job updated: 114972524
	49410  -  MemoryUsage of job (MB)
	50595540  -  ResidentSetSize of job (KB)
...
006 (9445493.000.000) 03/24 17:23:29 Image size of job updated: 115005808
	49410  -  MemoryUsage of job (MB)
	50595540  -  ResidentSetSize of job (KB)
...
006 (9445493.000.000) 03/24 17:28:29 Image size of job updated: 115040152
	49410  -  MemoryUsage of job (MB)
	50595540  -  ResidentSetSize of job (KB)
...
006 (9445493.000.000) 03/24 17:33:30 Image size of job updated: 115074476
	49410  -  MemoryUsage of job (MB)
	50595540  -  ResidentSetSize of job (KB)
...
006 (9445493.000.000) 03/24 17:38:30 Image size of job updated: 115108796
	49410  -  MemoryUsage of job (MB)
	50595540  -  ResidentSetSize of job (KB)
...
006 (9445493.000.000) 03/24 17:43:30 Image size of job updated: 115143956
	49410  -  MemoryUsage of job (MB)
	50595540  -  ResidentSetSize of job (KB)
...
006 (9445493.000.000) 03/24 17:48:31 Image size of job updated: 115179316
	49410  -  MemoryUsage of job (MB)
	50595540  -  ResidentSetSize of job (KB)
...
006 (9445493.000.000) 03/24 17:53:32 Image size of job updated: 115212608
	49410  -  MemoryUsage of job (MB)
	50595540  -  ResidentSetSize of job (KB)
...
006 (9445493.000.000) 03/24 17:58:32 Image size of job updated: 115247728
	49410  -  MemoryUsage of job (MB)
	50595540  -  ResidentSetSize of job (KB)
...
006 (9445493.000.000) 03/24 18:03:33 Image size of job updated: 115284132
	49410  -  MemoryUsage of job (MB)
	50595540  -  ResidentSetSize of job (KB)
...
006 (9445493.000.000) 03/24 18:08:34 Image size of job updated: 115320528
	49410  -  MemoryUsage of job (MB)
	50595540  -  ResidentSetSize of job (KB)
...
006 (9445493.000.000) 03/24 18:13:34 Image size of job updated: 115356944
	49410  -  MemoryUsage of job (MB)
	50595540  -  ResidentSetSize of job (KB)
...
006 (9445493.000.000) 03/24 18:18:35 Image size of job updated: 115393340
	49410  -  MemoryUsage of job (MB)
	50595540  -  ResidentSetSize of job (KB)
...
006 (9445493.000.000) 03/24 18:23:36 Image size of job updated: 115427732
	49410  -  MemoryUsage of job (MB)
	50595540  -  ResidentSetSize of job (KB)
...
006 (9445493.000.000) 03/24 18:28:36 Image size of job updated: 115462068
	49410  -  MemoryUsage of job (MB)
	50595540  -  ResidentSetSize of job (KB)
...
006 (9445493.000.000) 03/24 18:33:36 Image size of job updated: 115497428
	49410  -  MemoryUsage of job (MB)
	50595540  -  ResidentSetSize of job (KB)
...
006 (9445493.000.000) 03/24 18:38:37 Image size of job updated: 115530708
	49410  -  MemoryUsage of job (MB)
	50595540  -  ResidentSetSize of job (KB)
...
006 (9445493.000.000) 03/24 18:43:37 Image size of job updated: 115565040
	49410  -  MemoryUsage of job (MB)
	50595540  -  ResidentSetSize of job (KB)
...
006 (9445493.000.000) 03/24 18:48:37 Image size of job updated: 115599356
	49410  -  MemoryUsage of job (MB)
	50595540  -  ResidentSetSize of job (KB)
...
006 (9445493.000.000) 03/24 18:53:38 Image size of job updated: 115633696
	49410  -  MemoryUsage of job (MB)
	50595540  -  ResidentSetSize of job (KB)
...
006 (9445493.000.000) 03/24 18:58:39 Image size of job updated: 115668012
	49410  -  MemoryUsage of job (MB)
	50595540  -  ResidentSetSize of job (KB)
...
006 (9445493.000.000) 03/24 19:03:39 Image size of job updated: 115700256
	49410  -  MemoryUsage of job (MB)
	50595540  -  ResidentSetSize of job (KB)
...
006 (9445493.000.000) 03/24 19:08:40 Image size of job updated: 115734572
	49410  -  MemoryUsage of job (MB)
	50595540  -  ResidentSetSize of job (KB)
...
006 (9445493.000.000) 03/24 19:13:41 Image size of job updated: 115767840
	49410  -  MemoryUsage of job (MB)
	50595540  -  ResidentSetSize of job (KB)
...
006 (9445493.000.000) 03/24 19:18:41 Image size of job updated: 115802436
	49410  -  MemoryUsage of job (MB)
	50595540  -  ResidentSetSize of job (KB)
...
006 (9445493.000.000) 03/24 19:23:42 Image size of job updated: 115836764
	49410  -  MemoryUsage of job (MB)
	50595540  -  ResidentSetSize of job (KB)
...
006 (9445493.000.000) 03/24 19:28:43 Image size of job updated: 115871076
	49410  -  MemoryUsage of job (MB)
	50595540  -  ResidentSetSize of job (KB)
...
006 (9445493.000.000) 03/24 19:33:43 Image size of job updated: 115905388
	49410  -  MemoryUsage of job (MB)
	50595540  -  ResidentSetSize of job (KB)
...
006 (9445493.000.000) 03/24 19:38:43 Image size of job updated: 115938676
	49410  -  MemoryUsage of job (MB)
	50595540  -  ResidentSetSize of job (KB)
...
006 (9445493.000.000) 03/24 19:43:44 Image size of job updated: 115974044
	49410  -  MemoryUsage of job (MB)
	50595540  -  ResidentSetSize of job (KB)
...
006 (9445493.000.000) 03/24 19:48:44 Image size of job updated: 116010456
	49410  -  MemoryUsage of job (MB)
	50595540  -  ResidentSetSize of job (KB)
...
006 (9445493.000.000) 03/24 19:53:44 Image size of job updated: 116048952
	49410  -  MemoryUsage of job (MB)
	50595540  -  ResidentSetSize of job (KB)
...
006 (9445493.000.000) 03/24 19:58:45 Image size of job updated: 116085372
	49410  -  MemoryUsage of job (MB)
	50595540  -  ResidentSetSize of job (KB)
...
006 (9445493.000.000) 03/24 20:03:45 Image size of job updated: 116118668
	49410  -  MemoryUsage of job (MB)
	50595540  -  ResidentSetSize of job (KB)
...
006 (9445493.000.000) 03/24 20:08:46 Image size of job updated: 116152980
	49410  -  MemoryUsage of job (MB)
	50595540  -  ResidentSetSize of job (KB)
...
006 (9445493.000.000) 03/24 20:13:47 Image size of job updated: 116186260
	49410  -  MemoryUsage of job (MB)
	50595540  -  ResidentSetSize of job (KB)
...
006 (9445493.000.000) 03/24 20:18:47 Image size of job updated: 116219532
	49410  -  MemoryUsage of job (MB)
	50595540  -  ResidentSetSize of job (KB)
...
006 (9445493.000.000) 03/24 20:23:48 Image size of job updated: 116251780
	49410  -  MemoryUsage of job (MB)
	50595540  -  ResidentSetSize of job (KB)
...
006 (9445493.000.000) 03/24 20:28:49 Image size of job updated: 116285068
	49410  -  MemoryUsage of job (MB)
	50595540  -  ResidentSetSize of job (KB)
...
006 (9445493.000.000) 03/24 20:33:49 Image size of job updated: 116320416
	49410  -  MemoryUsage of job (MB)
	50595540  -  ResidentSetSize of job (KB)
...
006 (9445493.000.000) 03/24 20:38:50 Image size of job updated: 140001496
	49410  -  MemoryUsage of job (MB)
	50595540  -  ResidentSetSize of job (KB)
...
040 (9445493.000.000) 03/25 16:50:29 Started transferring output files
...
040 (9445493.000.000) 03/25 16:50:29 Finished transferring output files
...
005 (9445493.000.000) 03/25 16:50:29 Job terminated.
	(1) Normal termination (return value 137)
		Usr 1 18:28:28, Sys 0 00:29:57  -  Run Remote Usage
		Usr 0 00:00:00, Sys 0 00:00:00  -  Run Local Usage
		Usr 1 18:28:28, Sys 0 00:29:57  -  Total Remote Usage
		Usr 0 00:00:00, Sys 0 00:00:00  -  Total Local Usage
	7173582  -  Run Bytes Sent By Job
	198  -  Run Bytes Received By Job
	7173582  -  Total Bytes Sent By Job
	198  -  Total Bytes Received By Job
	Partitionable Resources :    Usage  Request Allocated 
	   Cpus                 :     0.90        1         1 
	   Disk (KB)            :  7028           1   3031030 
	   Memory (MB)          : 49410        2000      2000 

	Job terminated of its own accord at 2024-03-25T15:50:27Z.
...
