000 (9445504.000.000) 03/23 14:38:35 Job submitted from host: <137.138.156.150:9618?addrs=137.138.156.150-9618+[2001-1458-d00-14--9a]-9618&alias=bigbird13.cern.ch&noUDP&sock=schedd_5144_ef43>
...
040 (9445504.000.000) 03/23 16:00:47 Started transferring input files
	Transferring to host: <128.142.57.143:9618?addrs=128.142.57.143-9618&alias=b7s02p2715.cern.ch&noUDP&sock=slot1_18_6903_89b2_79113>
...
040 (9445504.000.000) 03/23 16:00:47 Finished transferring input files
...
001 (9445504.000.000) 03/23 16:00:48 Job executing on host: <128.142.57.143:9618?addrs=128.142.57.143-9618&alias=b7s02p2715.cern.ch&noUDP&sock=startd_6856_3966>
...
006 (9445504.000.000) 03/23 16:00:57 Image size of job updated: 424472
	35  -  MemoryUsage of job (MB)
	35008  -  ResidentSetSize of job (KB)
...
006 (9445504.000.000) 03/23 16:05:57 Image size of job updated: 615700
	85  -  MemoryUsage of job (MB)
	86176  -  ResidentSetSize of job (KB)
...
006 (9445504.000.000) 03/23 16:10:57 Image size of job updated: 615856
	85  -  MemoryUsage of job (MB)
	86708  -  ResidentSetSize of job (KB)
...
006 (9445504.000.000) 03/23 16:15:58 Image size of job updated: 615856
	86  -  MemoryUsage of job (MB)
	87192  -  ResidentSetSize of job (KB)
...
006 (9445504.000.000) 03/23 16:20:59 Image size of job updated: 616880
	86  -  MemoryUsage of job (MB)
	87596  -  ResidentSetSize of job (KB)
...
006 (9445504.000.000) 03/23 16:25:59 Image size of job updated: 4954892
	2284  -  MemoryUsage of job (MB)
	2337816  -  ResidentSetSize of job (KB)
...
006 (9445504.000.000) 03/23 16:31:00 Image size of job updated: 8536916
	5764  -  MemoryUsage of job (MB)
	5902088  -  ResidentSetSize of job (KB)
...
006 (9445504.000.000) 03/23 16:36:01 Image size of job updated: 11975200
	9123  -  MemoryUsage of job (MB)
	9341096  -  ResidentSetSize of job (KB)
...
006 (9445504.000.000) 03/23 16:41:01 Image size of job updated: 15198304
	12263  -  MemoryUsage of job (MB)
	12557060  -  ResidentSetSize of job (KB)
...
006 (9445504.000.000) 03/23 16:46:02 Image size of job updated: 18544068
	15523  -  MemoryUsage of job (MB)
	15894644  -  ResidentSetSize of job (KB)
...
006 (9445504.000.000) 03/23 16:51:03 Image size of job updated: 21869528
	18740  -  MemoryUsage of job (MB)
	19189200  -  ResidentSetSize of job (KB)
...
006 (9445504.000.000) 03/23 16:56:03 Image size of job updated: 25069868
	21886  -  MemoryUsage of job (MB)
	22411228  -  ResidentSetSize of job (KB)
...
006 (9445504.000.000) 03/23 17:01:03 Image size of job updated: 28497836
	25189  -  MemoryUsage of job (MB)
	25792972  -  ResidentSetSize of job (KB)
...
006 (9445504.000.000) 03/23 17:06:04 Image size of job updated: 31752784
	28384  -  MemoryUsage of job (MB)
	29064816  -  ResidentSetSize of job (KB)
...
006 (9445504.000.000) 03/23 17:11:04 Image size of job updated: 35020560
	31572  -  MemoryUsage of job (MB)
	32329524  -  ResidentSetSize of job (KB)
...
006 (9445504.000.000) 03/23 17:16:04 Image size of job updated: 38517448
	34953  -  MemoryUsage of job (MB)
	35791360  -  ResidentSetSize of job (KB)
...
006 (9445504.000.000) 03/23 17:21:05 Image size of job updated: 41630788
	37995  -  MemoryUsage of job (MB)
	38906024  -  ResidentSetSize of job (KB)
...
006 (9445504.000.000) 03/23 17:26:06 Image size of job updated: 44718280
	37995  -  MemoryUsage of job (MB)
	38906024  -  ResidentSetSize of job (KB)
...
006 (9445504.000.000) 03/23 17:31:06 Image size of job updated: 48144032
	37995  -  MemoryUsage of job (MB)
	38906024  -  ResidentSetSize of job (KB)
...
006 (9445504.000.000) 03/23 17:36:07 Image size of job updated: 49214556
	37995  -  MemoryUsage of job (MB)
	38906024  -  ResidentSetSize of job (KB)
...
006 (9445504.000.000) 03/23 17:41:08 Image size of job updated: 49997632
	37995  -  MemoryUsage of job (MB)
	38906024  -  ResidentSetSize of job (KB)
...
006 (9445504.000.000) 03/23 17:46:08 Image size of job updated: 50240848
	37995  -  MemoryUsage of job (MB)
	38906024  -  ResidentSetSize of job (KB)
...
006 (9445504.000.000) 03/23 17:51:08 Image size of job updated: 50295144
	37995  -  MemoryUsage of job (MB)
	38906024  -  ResidentSetSize of job (KB)
...
006 (9445504.000.000) 03/23 17:56:09 Image size of job updated: 51320896
	37995  -  MemoryUsage of job (MB)
	38906024  -  ResidentSetSize of job (KB)
...
006 (9445504.000.000) 03/23 18:01:09 Image size of job updated: 51722712
	38230  -  MemoryUsage of job (MB)
	39147488  -  ResidentSetSize of job (KB)
...
006 (9445504.000.000) 03/23 18:06:09 Image size of job updated: 52625168
	39144  -  MemoryUsage of job (MB)
	40082856  -  ResidentSetSize of job (KB)
...
006 (9445504.000.000) 03/23 18:11:10 Image size of job updated: 53735564
	40226  -  MemoryUsage of job (MB)
	41190612  -  ResidentSetSize of job (KB)
...
006 (9445504.000.000) 03/23 18:16:11 Image size of job updated: 54891904
	41343  -  MemoryUsage of job (MB)
	42335152  -  ResidentSetSize of job (KB)
...
006 (9445504.000.000) 03/23 18:21:11 Image size of job updated: 55375452
	41798  -  MemoryUsage of job (MB)
	42800708  -  ResidentSetSize of job (KB)
...
006 (9445504.000.000) 03/23 18:26:12 Image size of job updated: 56136988
	42572  -  MemoryUsage of job (MB)
	43593540  -  ResidentSetSize of job (KB)
...
006 (9445504.000.000) 03/23 18:31:13 Image size of job updated: 57340932
	43004  -  MemoryUsage of job (MB)
	44035080  -  ResidentSetSize of job (KB)
...
006 (9445504.000.000) 03/23 18:36:13 Image size of job updated: 58494252
	44166  -  MemoryUsage of job (MB)
	45225040  -  ResidentSetSize of job (KB)
...
006 (9445504.000.000) 03/23 18:41:13 Image size of job updated: 59847556
	45443  -  MemoryUsage of job (MB)
	46533220  -  ResidentSetSize of job (KB)
...
006 (9445504.000.000) 03/23 18:46:14 Image size of job updated: 61087352
	46657  -  MemoryUsage of job (MB)
	47776528  -  ResidentSetSize of job (KB)
...
006 (9445504.000.000) 03/23 18:51:14 Image size of job updated: 61433388
	46976  -  MemoryUsage of job (MB)
	48102424  -  ResidentSetSize of job (KB)
...
006 (9445504.000.000) 03/23 18:56:14 Image size of job updated: 62489780
	48020  -  MemoryUsage of job (MB)
	49171732  -  ResidentSetSize of job (KB)
...
006 (9445504.000.000) 03/23 19:01:15 Image size of job updated: 63131008
	48634  -  MemoryUsage of job (MB)
	49800340  -  ResidentSetSize of job (KB)
...
006 (9445504.000.000) 03/23 19:06:16 Image size of job updated: 63894748
	49404  -  MemoryUsage of job (MB)
	50589128  -  ResidentSetSize of job (KB)
...
006 (9445504.000.000) 03/23 19:11:16 Image size of job updated: 64848976
	50373  -  MemoryUsage of job (MB)
	51581044  -  ResidentSetSize of job (KB)
...
006 (9445504.000.000) 03/23 19:16:17 Image size of job updated: 65733708
	51250  -  MemoryUsage of job (MB)
	52479768  -  ResidentSetSize of job (KB)
...
006 (9445504.000.000) 03/23 19:21:18 Image size of job updated: 66713980
	52177  -  MemoryUsage of job (MB)
	53428288  -  ResidentSetSize of job (KB)
...
006 (9445504.000.000) 03/23 19:26:18 Image size of job updated: 67699908
	53096  -  MemoryUsage of job (MB)
	54369716  -  ResidentSetSize of job (KB)
...
006 (9445504.000.000) 03/23 19:31:19 Image size of job updated: 68462504
	53840  -  MemoryUsage of job (MB)
	55131780  -  ResidentSetSize of job (KB)
...
006 (9445504.000.000) 03/23 19:36:20 Image size of job updated: 69119224
	54532  -  MemoryUsage of job (MB)
	55839952  -  ResidentSetSize of job (KB)
...
006 (9445504.000.000) 03/23 19:41:20 Image size of job updated: 70204212
	55541  -  MemoryUsage of job (MB)
	56873676  -  ResidentSetSize of job (KB)
...
006 (9445504.000.000) 03/23 19:46:20 Image size of job updated: 70324004
	55704  -  MemoryUsage of job (MB)
	57040416  -  ResidentSetSize of job (KB)
...
006 (9445504.000.000) 03/23 19:51:22 Image size of job updated: 71659628
	56971  -  MemoryUsage of job (MB)
	58338156  -  ResidentSetSize of job (KB)
...
006 (9445504.000.000) 03/23 19:56:22 Image size of job updated: 72935388
	58254  -  MemoryUsage of job (MB)
	59651384  -  ResidentSetSize of job (KB)
...
006 (9445504.000.000) 03/23 20:01:22 Image size of job updated: 74241304
	59492  -  MemoryUsage of job (MB)
	60918964  -  ResidentSetSize of job (KB)
...
006 (9445504.000.000) 03/23 20:06:23 Image size of job updated: 75490104
	60703  -  MemoryUsage of job (MB)
	62159096  -  ResidentSetSize of job (KB)
...
006 (9445504.000.000) 03/23 20:11:24 Image size of job updated: 76981968
	62176  -  MemoryUsage of job (MB)
	63667700  -  ResidentSetSize of job (KB)
...
006 (9445504.000.000) 03/23 20:16:24 Image size of job updated: 78305604
	63454  -  MemoryUsage of job (MB)
	64976896  -  ResidentSetSize of job (KB)
...
006 (9445504.000.000) 03/23 20:21:24 Image size of job updated: 79833252
	64981  -  MemoryUsage of job (MB)
	66539612  -  ResidentSetSize of job (KB)
...
006 (9445504.000.000) 03/23 20:26:25 Image size of job updated: 80729948
	65820  -  MemoryUsage of job (MB)
	67399216  -  ResidentSetSize of job (KB)
...
006 (9445504.000.000) 03/23 20:31:25 Image size of job updated: 81466908
	66540  -  MemoryUsage of job (MB)
	68136736  -  ResidentSetSize of job (KB)
...
006 (9445504.000.000) 03/23 22:11:37 Image size of job updated: 81839160
	66540  -  MemoryUsage of job (MB)
	68136736  -  ResidentSetSize of job (KB)
...
006 (9445504.000.000) 03/23 22:16:37 Image size of job updated: 83585016
	66540  -  MemoryUsage of job (MB)
	68136736  -  ResidentSetSize of job (KB)
...
006 (9445504.000.000) 03/23 22:21:37 Image size of job updated: 85288408
	66540  -  MemoryUsage of job (MB)
	68136736  -  ResidentSetSize of job (KB)
...
006 (9445504.000.000) 03/23 22:26:38 Image size of job updated: 87227612
	66540  -  MemoryUsage of job (MB)
	68136736  -  ResidentSetSize of job (KB)
...
006 (9445504.000.000) 03/23 22:31:38 Image size of job updated: 103781056
	84664  -  MemoryUsage of job (MB)
	86695400  -  ResidentSetSize of job (KB)
...
006 (9445504.000.000) 03/23 22:36:38 Image size of job updated: 107446792
	84665  -  MemoryUsage of job (MB)
	86696120  -  ResidentSetSize of job (KB)
...
006 (9445504.000.000) 03/23 22:41:39 Image size of job updated: 107463468
	84665  -  MemoryUsage of job (MB)
	86696120  -  ResidentSetSize of job (KB)
...
006 (9445504.000.000) 03/23 22:46:40 Image size of job updated: 107490032
	84665  -  MemoryUsage of job (MB)
	86696120  -  ResidentSetSize of job (KB)
...
006 (9445504.000.000) 03/23 22:51:40 Image size of job updated: 107524408
	84665  -  MemoryUsage of job (MB)
	86696120  -  ResidentSetSize of job (KB)
...
006 (9445504.000.000) 03/23 22:56:40 Image size of job updated: 107558784
	84665  -  MemoryUsage of job (MB)
	86696120  -  ResidentSetSize of job (KB)
...
006 (9445504.000.000) 03/23 23:01:41 Image size of job updated: 107592376
	84665  -  MemoryUsage of job (MB)
	86696120  -  ResidentSetSize of job (KB)
...
006 (9445504.000.000) 03/23 23:06:42 Image size of job updated: 107624408
	84665  -  MemoryUsage of job (MB)
	86696120  -  ResidentSetSize of job (KB)
...
006 (9445504.000.000) 03/23 23:11:42 Image size of job updated: 107657224
	84665  -  MemoryUsage of job (MB)
	86696120  -  ResidentSetSize of job (KB)
...
006 (9445504.000.000) 03/23 23:16:42 Image size of job updated: 107690816
	84665  -  MemoryUsage of job (MB)
	86696120  -  ResidentSetSize of job (KB)
...
006 (9445504.000.000) 03/23 23:21:43 Image size of job updated: 107724412
	84665  -  MemoryUsage of job (MB)
	86696120  -  ResidentSetSize of job (KB)
...
006 (9445504.000.000) 03/23 23:26:43 Image size of job updated: 107754880
	84665  -  MemoryUsage of job (MB)
	86696120  -  ResidentSetSize of job (KB)
...
006 (9445504.000.000) 03/23 23:31:43 Image size of job updated: 107785352
	84665  -  MemoryUsage of job (MB)
	86696120  -  ResidentSetSize of job (KB)
...
006 (9445504.000.000) 03/23 23:36:44 Image size of job updated: 107817584
	84665  -  MemoryUsage of job (MB)
	86696120  -  ResidentSetSize of job (KB)
...
006 (9445504.000.000) 03/23 23:41:45 Image size of job updated: 107852984
	84665  -  MemoryUsage of job (MB)
	86696120  -  ResidentSetSize of job (KB)
...
006 (9445504.000.000) 03/23 23:46:45 Image size of job updated: 107883740
	84665  -  MemoryUsage of job (MB)
	86696120  -  ResidentSetSize of job (KB)
...
006 (9445504.000.000) 03/23 23:51:45 Image size of job updated: 107911776
	84665  -  MemoryUsage of job (MB)
	86696120  -  ResidentSetSize of job (KB)
...
006 (9445504.000.000) 03/23 23:56:46 Image size of job updated: 107940720
	84665  -  MemoryUsage of job (MB)
	86696120  -  ResidentSetSize of job (KB)
...
006 (9445504.000.000) 03/24 00:01:47 Image size of job updated: 107968760
	84665  -  MemoryUsage of job (MB)
	86696120  -  ResidentSetSize of job (KB)
...
006 (9445504.000.000) 03/24 00:06:47 Image size of job updated: 107998612
	84665  -  MemoryUsage of job (MB)
	86696120  -  ResidentSetSize of job (KB)
...
006 (9445504.000.000) 03/24 00:11:47 Image size of job updated: 108028460
	84665  -  MemoryUsage of job (MB)
	86696120  -  ResidentSetSize of job (KB)
...
006 (9445504.000.000) 03/24 00:16:49 Image size of job updated: 108057524
	84665  -  MemoryUsage of job (MB)
	86696120  -  ResidentSetSize of job (KB)
...
006 (9445504.000.000) 03/24 00:21:49 Image size of job updated: 108084932
	84665  -  MemoryUsage of job (MB)
	86696120  -  ResidentSetSize of job (KB)
...
006 (9445504.000.000) 03/24 00:26:49 Image size of job updated: 108111160
	84665  -  MemoryUsage of job (MB)
	86696120  -  ResidentSetSize of job (KB)
...
006 (9445504.000.000) 03/24 00:31:50 Image size of job updated: 108139324
	84665  -  MemoryUsage of job (MB)
	86696120  -  ResidentSetSize of job (KB)
...
006 (9445504.000.000) 03/24 00:36:51 Image size of job updated: 108166452
	84665  -  MemoryUsage of job (MB)
	86696120  -  ResidentSetSize of job (KB)
...
006 (9445504.000.000) 03/24 00:41:51 Image size of job updated: 108193588
	84665  -  MemoryUsage of job (MB)
	86696120  -  ResidentSetSize of job (KB)
...
006 (9445504.000.000) 03/24 00:46:51 Image size of job updated: 108220372
	84665  -  MemoryUsage of job (MB)
	86696120  -  ResidentSetSize of job (KB)
...
006 (9445504.000.000) 03/24 00:51:52 Image size of job updated: 108247516
	84665  -  MemoryUsage of job (MB)
	86696120  -  ResidentSetSize of job (KB)
...
006 (9445504.000.000) 03/24 00:56:52 Image size of job updated: 108273748
	84665  -  MemoryUsage of job (MB)
	86696120  -  ResidentSetSize of job (KB)
...
006 (9445504.000.000) 03/24 01:01:52 Image size of job updated: 108300884
	84665  -  MemoryUsage of job (MB)
	86696120  -  ResidentSetSize of job (KB)
...
006 (9445504.000.000) 03/24 01:06:53 Image size of job updated: 108328928
	84665  -  MemoryUsage of job (MB)
	86696120  -  ResidentSetSize of job (KB)
...
006 (9445504.000.000) 03/24 01:11:54 Image size of job updated: 108357096
	84665  -  MemoryUsage of job (MB)
	86696120  -  ResidentSetSize of job (KB)
...
006 (9445504.000.000) 03/24 01:16:54 Image size of job updated: 108383328
	84665  -  MemoryUsage of job (MB)
	86696120  -  ResidentSetSize of job (KB)
...
006 (9445504.000.000) 03/24 01:21:54 Image size of job updated: 108412268
	84665  -  MemoryUsage of job (MB)
	86696120  -  ResidentSetSize of job (KB)
...
006 (9445504.000.000) 03/24 01:26:55 Image size of job updated: 108439412
	84665  -  MemoryUsage of job (MB)
	86696120  -  ResidentSetSize of job (KB)
...
006 (9445504.000.000) 03/24 01:31:55 Image size of job updated: 108467452
	84665  -  MemoryUsage of job (MB)
	86696120  -  ResidentSetSize of job (KB)
...
006 (9445504.000.000) 03/24 01:36:55 Image size of job updated: 108494588
	84665  -  MemoryUsage of job (MB)
	86696120  -  ResidentSetSize of job (KB)
...
006 (9445504.000.000) 03/24 01:41:56 Image size of job updated: 108521720
	84665  -  MemoryUsage of job (MB)
	86696120  -  ResidentSetSize of job (KB)
...
006 (9445504.000.000) 03/24 01:46:57 Image size of job updated: 108548860
	84665  -  MemoryUsage of job (MB)
	86696120  -  ResidentSetSize of job (KB)
...
006 (9445504.000.000) 03/24 01:51:57 Image size of job updated: 108576004
	84665  -  MemoryUsage of job (MB)
	86696120  -  ResidentSetSize of job (KB)
...
006 (9445504.000.000) 03/24 01:56:58 Image size of job updated: 108603132
	84665  -  MemoryUsage of job (MB)
	86696120  -  ResidentSetSize of job (KB)
...
006 (9445504.000.000) 03/24 02:01:59 Image size of job updated: 108630268
	84665  -  MemoryUsage of job (MB)
	86696120  -  ResidentSetSize of job (KB)
...
006 (9445504.000.000) 03/24 02:06:59 Image size of job updated: 108657408
	84665  -  MemoryUsage of job (MB)
	86696120  -  ResidentSetSize of job (KB)
...
006 (9445504.000.000) 03/24 02:12:00 Image size of job updated: 108683632
	84665  -  MemoryUsage of job (MB)
	86696120  -  ResidentSetSize of job (KB)
...
006 (9445504.000.000) 03/24 02:17:01 Image size of job updated: 108710768
	84665  -  MemoryUsage of job (MB)
	86696120  -  ResidentSetSize of job (KB)
...
006 (9445504.000.000) 03/24 02:22:01 Image size of job updated: 108737900
	84665  -  MemoryUsage of job (MB)
	86696120  -  ResidentSetSize of job (KB)
...
006 (9445504.000.000) 03/24 02:27:01 Image size of job updated: 108763216
	84665  -  MemoryUsage of job (MB)
	86696120  -  ResidentSetSize of job (KB)
...
006 (9445504.000.000) 03/24 02:32:02 Image size of job updated: 108790356
	84665  -  MemoryUsage of job (MB)
	86696120  -  ResidentSetSize of job (KB)
...
006 (9445504.000.000) 03/24 02:37:02 Image size of job updated: 108818404
	84665  -  MemoryUsage of job (MB)
	86696120  -  ResidentSetSize of job (KB)
...
006 (9445504.000.000) 03/24 02:42:02 Image size of job updated: 108845544
	84665  -  MemoryUsage of job (MB)
	86696120  -  ResidentSetSize of job (KB)
...
006 (9445504.000.000) 03/24 02:47:04 Image size of job updated: 108871780
	84665  -  MemoryUsage of job (MB)
	86696120  -  ResidentSetSize of job (KB)
...
006 (9445504.000.000) 03/24 02:52:04 Image size of job updated: 108899824
	84665  -  MemoryUsage of job (MB)
	86696120  -  ResidentSetSize of job (KB)
...
006 (9445504.000.000) 03/24 02:57:04 Image size of job updated: 108927848
	84665  -  MemoryUsage of job (MB)
	86696120  -  ResidentSetSize of job (KB)
...
006 (9445504.000.000) 03/24 03:02:05 Image size of job updated: 108954084
	84665  -  MemoryUsage of job (MB)
	86696120  -  ResidentSetSize of job (KB)
...
006 (9445504.000.000) 03/24 03:07:06 Image size of job updated: 108982132
	84665  -  MemoryUsage of job (MB)
	86696120  -  ResidentSetSize of job (KB)
...
006 (9445504.000.000) 03/24 03:12:06 Image size of job updated: 109010296
	84665  -  MemoryUsage of job (MB)
	86696120  -  ResidentSetSize of job (KB)
...
006 (9445504.000.000) 03/24 03:17:07 Image size of job updated: 109037988
	84665  -  MemoryUsage of job (MB)
	86696120  -  ResidentSetSize of job (KB)
...
006 (9445504.000.000) 03/24 03:22:08 Image size of job updated: 109066024
	84665  -  MemoryUsage of job (MB)
	86696120  -  ResidentSetSize of job (KB)
...
006 (9445504.000.000) 03/24 03:27:08 Image size of job updated: 109092688
	84665  -  MemoryUsage of job (MB)
	86696120  -  ResidentSetSize of job (KB)
...
006 (9445504.000.000) 03/24 03:32:08 Image size of job updated: 109120548
	84665  -  MemoryUsage of job (MB)
	86696120  -  ResidentSetSize of job (KB)
...
006 (9445504.000.000) 03/24 03:37:09 Image size of job updated: 109149508
	84665  -  MemoryUsage of job (MB)
	86696120  -  ResidentSetSize of job (KB)
...
006 (9445504.000.000) 03/24 03:42:09 Image size of job updated: 109178452
	84665  -  MemoryUsage of job (MB)
	86696120  -  ResidentSetSize of job (KB)
...
006 (9445504.000.000) 03/24 03:47:09 Image size of job updated: 109207388
	84665  -  MemoryUsage of job (MB)
	86696120  -  ResidentSetSize of job (KB)
...
006 (9445504.000.000) 03/24 03:52:10 Image size of job updated: 109235424
	84665  -  MemoryUsage of job (MB)
	86696120  -  ResidentSetSize of job (KB)
...
006 (9445504.000.000) 03/24 03:57:11 Image size of job updated: 109264328
	84665  -  MemoryUsage of job (MB)
	86696120  -  ResidentSetSize of job (KB)
...
006 (9445504.000.000) 03/24 04:02:11 Image size of job updated: 109294176
	84665  -  MemoryUsage of job (MB)
	86696120  -  ResidentSetSize of job (KB)
...
006 (9445504.000.000) 03/24 04:07:12 Image size of job updated: 109322228
	84665  -  MemoryUsage of job (MB)
	86696120  -  ResidentSetSize of job (KB)
...
006 (9445504.000.000) 03/24 04:12:13 Image size of job updated: 109350836
	84665  -  MemoryUsage of job (MB)
	86696120  -  ResidentSetSize of job (KB)
...
006 (9445504.000.000) 03/24 04:17:13 Image size of job updated: 109379780
	84665  -  MemoryUsage of job (MB)
	86696120  -  ResidentSetSize of job (KB)
...
006 (9445504.000.000) 03/24 04:22:13 Image size of job updated: 109407820
	84665  -  MemoryUsage of job (MB)
	86696120  -  ResidentSetSize of job (KB)
...
006 (9445504.000.000) 03/24 04:27:14 Image size of job updated: 109437672
	84665  -  MemoryUsage of job (MB)
	86696120  -  ResidentSetSize of job (KB)
...
006 (9445504.000.000) 03/24 04:32:14 Image size of job updated: 109465716
	84665  -  MemoryUsage of job (MB)
	86696120  -  ResidentSetSize of job (KB)
...
006 (9445504.000.000) 03/24 04:37:14 Image size of job updated: 109494668
	84665  -  MemoryUsage of job (MB)
	86696120  -  ResidentSetSize of job (KB)
...
006 (9445504.000.000) 03/24 04:42:15 Image size of job updated: 109525132
	84665  -  MemoryUsage of job (MB)
	86696120  -  ResidentSetSize of job (KB)
...
006 (9445504.000.000) 03/24 04:47:16 Image size of job updated: 109564040
	84665  -  MemoryUsage of job (MB)
	86696120  -  ResidentSetSize of job (KB)
...
006 (9445504.000.000) 03/24 04:52:16 Image size of job updated: 109601124
	84665  -  MemoryUsage of job (MB)
	86696120  -  ResidentSetSize of job (KB)
...
006 (9445504.000.000) 03/24 04:57:17 Image size of job updated: 109638204
	84665  -  MemoryUsage of job (MB)
	86696120  -  ResidentSetSize of job (KB)
...
006 (9445504.000.000) 03/24 05:02:18 Image size of job updated: 109674380
	84665  -  MemoryUsage of job (MB)
	86696120  -  ResidentSetSize of job (KB)
...
006 (9445504.000.000) 03/24 05:07:18 Image size of job updated: 109713272
	84665  -  MemoryUsage of job (MB)
	86696120  -  ResidentSetSize of job (KB)
...
006 (9445504.000.000) 03/24 05:12:18 Image size of job updated: 109750368
	84665  -  MemoryUsage of job (MB)
	86696120  -  ResidentSetSize of job (KB)
...
006 (9445504.000.000) 03/24 05:17:19 Image size of job updated: 109786884
	84665  -  MemoryUsage of job (MB)
	86696120  -  ResidentSetSize of job (KB)
...
006 (9445504.000.000) 03/24 05:22:20 Image size of job updated: 109822168
	84665  -  MemoryUsage of job (MB)
	86696120  -  ResidentSetSize of job (KB)
...
006 (9445504.000.000) 03/24 05:27:20 Image size of job updated: 109860284
	84665  -  MemoryUsage of job (MB)
	86696120  -  ResidentSetSize of job (KB)
...
006 (9445504.000.000) 03/24 05:32:21 Image size of job updated: 109897384
	84665  -  MemoryUsage of job (MB)
	86696120  -  ResidentSetSize of job (KB)
...
006 (9445504.000.000) 03/24 05:37:22 Image size of job updated: 109933800
	84665  -  MemoryUsage of job (MB)
	86696120  -  ResidentSetSize of job (KB)
...
006 (9445504.000.000) 03/24 05:42:22 Image size of job updated: 109968168
	84665  -  MemoryUsage of job (MB)
	86696120  -  ResidentSetSize of job (KB)
...
006 (9445504.000.000) 03/24 05:47:22 Image size of job updated: 110000736
	84665  -  MemoryUsage of job (MB)
	86696120  -  ResidentSetSize of job (KB)
...
006 (9445504.000.000) 03/24 05:52:23 Image size of job updated: 110034200
	84665  -  MemoryUsage of job (MB)
	86696120  -  ResidentSetSize of job (KB)
...
006 (9445504.000.000) 03/24 05:57:24 Image size of job updated: 110068568
	84665  -  MemoryUsage of job (MB)
	86696120  -  ResidentSetSize of job (KB)
...
006 (9445504.000.000) 03/24 06:02:24 Image size of job updated: 110102036
	84665  -  MemoryUsage of job (MB)
	86696120  -  ResidentSetSize of job (KB)
...
006 (9445504.000.000) 03/24 06:07:25 Image size of job updated: 110138216
	84665  -  MemoryUsage of job (MB)
	86696120  -  ResidentSetSize of job (KB)
...
006 (9445504.000.000) 03/24 06:12:26 Image size of job updated: 110175300
	84665  -  MemoryUsage of job (MB)
	86696120  -  ResidentSetSize of job (KB)
...
006 (9445504.000.000) 03/24 06:17:26 Image size of job updated: 110207852
	84665  -  MemoryUsage of job (MB)
	86696120  -  ResidentSetSize of job (KB)
...
006 (9445504.000.000) 03/24 06:22:26 Image size of job updated: 110240412
	84665  -  MemoryUsage of job (MB)
	86696120  -  ResidentSetSize of job (KB)
...
006 (9445504.000.000) 03/24 06:27:27 Image size of job updated: 110272976
	84665  -  MemoryUsage of job (MB)
	86696120  -  ResidentSetSize of job (KB)
...
006 (9445504.000.000) 03/24 06:32:28 Image size of job updated: 110305544
	84665  -  MemoryUsage of job (MB)
	86696120  -  ResidentSetSize of job (KB)
...
006 (9445504.000.000) 03/24 06:37:28 Image size of job updated: 110341728
	84665  -  MemoryUsage of job (MB)
	86696120  -  ResidentSetSize of job (KB)
...
006 (9445504.000.000) 03/24 06:42:29 Image size of job updated: 110375328
	84665  -  MemoryUsage of job (MB)
	86696120  -  ResidentSetSize of job (KB)
...
006 (9445504.000.000) 03/24 06:47:30 Image size of job updated: 110410584
	84665  -  MemoryUsage of job (MB)
	86696120  -  ResidentSetSize of job (KB)
...
006 (9445504.000.000) 03/24 06:52:30 Image size of job updated: 110445148
	84665  -  MemoryUsage of job (MB)
	86696120  -  ResidentSetSize of job (KB)
...
006 (9445504.000.000) 03/24 06:57:30 Image size of job updated: 110481128
	84665  -  MemoryUsage of job (MB)
	86696120  -  ResidentSetSize of job (KB)
...
006 (9445504.000.000) 03/24 07:02:32 Image size of job updated: 110516396
	84665  -  MemoryUsage of job (MB)
	86696120  -  ResidentSetSize of job (KB)
...
006 (9445504.000.000) 03/24 07:07:32 Image size of job updated: 110551676
	84665  -  MemoryUsage of job (MB)
	86696120  -  ResidentSetSize of job (KB)
...
006 (9445504.000.000) 03/24 07:12:32 Image size of job updated: 110586944
	84665  -  MemoryUsage of job (MB)
	86696120  -  ResidentSetSize of job (KB)
...
006 (9445504.000.000) 03/24 07:17:33 Image size of job updated: 110624032
	84665  -  MemoryUsage of job (MB)
	86696120  -  ResidentSetSize of job (KB)
...
006 (9445504.000.000) 03/24 07:22:34 Image size of job updated: 110661124
	84665  -  MemoryUsage of job (MB)
	86696120  -  ResidentSetSize of job (KB)
...
006 (9445504.000.000) 03/24 07:27:34 Image size of job updated: 110700500
	84665  -  MemoryUsage of job (MB)
	86696120  -  ResidentSetSize of job (KB)
...
006 (9445504.000.000) 03/24 07:32:34 Image size of job updated: 110737592
	84665  -  MemoryUsage of job (MB)
	86696120  -  ResidentSetSize of job (KB)
...
006 (9445504.000.000) 03/24 07:37:35 Image size of job updated: 110774684
	84665  -  MemoryUsage of job (MB)
	86696120  -  ResidentSetSize of job (KB)
...
006 (9445504.000.000) 03/24 07:42:35 Image size of job updated: 110811776
	84665  -  MemoryUsage of job (MB)
	86696120  -  ResidentSetSize of job (KB)
...
006 (9445504.000.000) 03/24 07:47:35 Image size of job updated: 110848864
	84665  -  MemoryUsage of job (MB)
	86696120  -  ResidentSetSize of job (KB)
...
006 (9445504.000.000) 03/24 07:52:36 Image size of job updated: 110885648
	84665  -  MemoryUsage of job (MB)
	86696120  -  ResidentSetSize of job (KB)
...
006 (9445504.000.000) 03/24 07:57:37 Image size of job updated: 110923648
	84665  -  MemoryUsage of job (MB)
	86696120  -  ResidentSetSize of job (KB)
...
006 (9445504.000.000) 03/24 08:02:37 Image size of job updated: 110960352
	84665  -  MemoryUsage of job (MB)
	86696120  -  ResidentSetSize of job (KB)
...
006 (9445504.000.000) 03/24 08:07:38 Image size of job updated: 110997436
	84665  -  MemoryUsage of job (MB)
	86696120  -  ResidentSetSize of job (KB)
...
006 (9445504.000.000) 03/24 08:12:39 Image size of job updated: 111033612
	84665  -  MemoryUsage of job (MB)
	86696120  -  ResidentSetSize of job (KB)
...
006 (9445504.000.000) 03/24 08:17:39 Image size of job updated: 111070692
	84665  -  MemoryUsage of job (MB)
	86696120  -  ResidentSetSize of job (KB)
...
006 (9445504.000.000) 03/24 08:22:39 Image size of job updated: 111108684
	84665  -  MemoryUsage of job (MB)
	86696120  -  ResidentSetSize of job (KB)
...
006 (9445504.000.000) 03/24 08:27:40 Image size of job updated: 111145644
	84665  -  MemoryUsage of job (MB)
	86696120  -  ResidentSetSize of job (KB)
...
006 (9445504.000.000) 03/24 08:32:41 Image size of job updated: 111184548
	84665  -  MemoryUsage of job (MB)
	86696120  -  ResidentSetSize of job (KB)
...
006 (9445504.000.000) 03/24 08:37:41 Image size of job updated: 111225276
	84665  -  MemoryUsage of job (MB)
	86696120  -  ResidentSetSize of job (KB)
...
006 (9445504.000.000) 03/24 08:42:42 Image size of job updated: 111261548
	84665  -  MemoryUsage of job (MB)
	86696120  -  ResidentSetSize of job (KB)
...
006 (9445504.000.000) 03/24 08:47:43 Image size of job updated: 111295920
	84665  -  MemoryUsage of job (MB)
	86696120  -  ResidentSetSize of job (KB)
...
006 (9445504.000.000) 03/24 08:52:43 Image size of job updated: 111332100
	84665  -  MemoryUsage of job (MB)
	86696120  -  ResidentSetSize of job (KB)
...
006 (9445504.000.000) 03/24 08:57:43 Image size of job updated: 111368092
	84665  -  MemoryUsage of job (MB)
	86696120  -  ResidentSetSize of job (KB)
...
006 (9445504.000.000) 03/24 09:02:44 Image size of job updated: 111403372
	84665  -  MemoryUsage of job (MB)
	86696120  -  ResidentSetSize of job (KB)
...
006 (9445504.000.000) 03/24 09:07:45 Image size of job updated: 111439212
	84665  -  MemoryUsage of job (MB)
	86696120  -  ResidentSetSize of job (KB)
...
006 (9445504.000.000) 03/24 09:12:45 Image size of job updated: 111476416
	84665  -  MemoryUsage of job (MB)
	86696120  -  ResidentSetSize of job (KB)
...
006 (9445504.000.000) 03/24 09:17:45 Image size of job updated: 111509876
	84665  -  MemoryUsage of job (MB)
	86696120  -  ResidentSetSize of job (KB)
...
006 (9445504.000.000) 03/24 09:22:46 Image size of job updated: 111546184
	84665  -  MemoryUsage of job (MB)
	86696120  -  ResidentSetSize of job (KB)
...
006 (9445504.000.000) 03/24 09:27:46 Image size of job updated: 111582364
	84665  -  MemoryUsage of job (MB)
	86696120  -  ResidentSetSize of job (KB)
...
006 (9445504.000.000) 03/24 09:32:46 Image size of job updated: 111618552
	84665  -  MemoryUsage of job (MB)
	86696120  -  ResidentSetSize of job (KB)
...
006 (9445504.000.000) 03/24 09:37:47 Image size of job updated: 111656540
	84665  -  MemoryUsage of job (MB)
	86696120  -  ResidentSetSize of job (KB)
...
006 (9445504.000.000) 03/24 09:42:47 Image size of job updated: 111692724
	84665  -  MemoryUsage of job (MB)
	86696120  -  ResidentSetSize of job (KB)
...
006 (9445504.000.000) 03/24 09:47:47 Image size of job updated: 111728908
	84665  -  MemoryUsage of job (MB)
	86696120  -  ResidentSetSize of job (KB)
...
006 (9445504.000.000) 03/24 09:52:48 Image size of job updated: 111766036
	84665  -  MemoryUsage of job (MB)
	86696120  -  ResidentSetSize of job (KB)
...
006 (9445504.000.000) 03/24 09:57:49 Image size of job updated: 111801324
	84665  -  MemoryUsage of job (MB)
	86696120  -  ResidentSetSize of job (KB)
...
006 (9445504.000.000) 03/24 10:02:49 Image size of job updated: 111837504
	84665  -  MemoryUsage of job (MB)
	86696120  -  ResidentSetSize of job (KB)
...
006 (9445504.000.000) 03/24 10:07:49 Image size of job updated: 111877932
	84665  -  MemoryUsage of job (MB)
	86696120  -  ResidentSetSize of job (KB)
...
006 (9445504.000.000) 03/24 10:12:50 Image size of job updated: 111916420
	84665  -  MemoryUsage of job (MB)
	86696120  -  ResidentSetSize of job (KB)
...
006 (9445504.000.000) 03/24 10:17:51 Image size of job updated: 111954904
	84665  -  MemoryUsage of job (MB)
	86696120  -  ResidentSetSize of job (KB)
...
006 (9445504.000.000) 03/24 10:22:51 Image size of job updated: 111995452
	84665  -  MemoryUsage of job (MB)
	86696120  -  ResidentSetSize of job (KB)
...
006 (9445504.000.000) 03/24 10:27:52 Image size of job updated: 112034968
	84665  -  MemoryUsage of job (MB)
	86696120  -  ResidentSetSize of job (KB)
...
006 (9445504.000.000) 03/24 10:32:53 Image size of job updated: 112073472
	84665  -  MemoryUsage of job (MB)
	86696120  -  ResidentSetSize of job (KB)
...
006 (9445504.000.000) 03/24 10:37:53 Image size of job updated: 112111952
	84665  -  MemoryUsage of job (MB)
	86696120  -  ResidentSetSize of job (KB)
...
006 (9445504.000.000) 03/24 10:42:53 Image size of job updated: 112148500
	84665  -  MemoryUsage of job (MB)
	86696120  -  ResidentSetSize of job (KB)
...
006 (9445504.000.000) 03/24 10:47:54 Image size of job updated: 112187064
	84665  -  MemoryUsage of job (MB)
	86696120  -  ResidentSetSize of job (KB)
...
006 (9445504.000.000) 03/24 10:52:55 Image size of job updated: 112225556
	84665  -  MemoryUsage of job (MB)
	86696120  -  ResidentSetSize of job (KB)
...
006 (9445504.000.000) 03/24 10:57:55 Image size of job updated: 112263004
	84665  -  MemoryUsage of job (MB)
	86696120  -  ResidentSetSize of job (KB)
...
006 (9445504.000.000) 03/24 11:02:56 Image size of job updated: 112298372
	84665  -  MemoryUsage of job (MB)
	86696120  -  ResidentSetSize of job (KB)
...
006 (9445504.000.000) 03/24 11:07:57 Image size of job updated: 112334780
	84665  -  MemoryUsage of job (MB)
	86696120  -  ResidentSetSize of job (KB)
...
006 (9445504.000.000) 03/24 11:12:57 Image size of job updated: 112374300
	84665  -  MemoryUsage of job (MB)
	86696120  -  ResidentSetSize of job (KB)
...
006 (9445504.000.000) 03/24 11:17:57 Image size of job updated: 112413132
	84665  -  MemoryUsage of job (MB)
	86696120  -  ResidentSetSize of job (KB)
...
006 (9445504.000.000) 03/24 11:22:58 Image size of job updated: 112449888
	84665  -  MemoryUsage of job (MB)
	86696120  -  ResidentSetSize of job (KB)
...
006 (9445504.000.000) 03/24 11:27:59 Image size of job updated: 112485248
	84665  -  MemoryUsage of job (MB)
	86696120  -  ResidentSetSize of job (KB)
...
006 (9445504.000.000) 03/24 11:32:59 Image size of job updated: 112521628
	84665  -  MemoryUsage of job (MB)
	86696120  -  ResidentSetSize of job (KB)
...
006 (9445504.000.000) 03/24 11:38:00 Image size of job updated: 112558056
	84665  -  MemoryUsage of job (MB)
	86696120  -  ResidentSetSize of job (KB)
...
006 (9445504.000.000) 03/24 11:43:01 Image size of job updated: 112593408
	84665  -  MemoryUsage of job (MB)
	86696120  -  ResidentSetSize of job (KB)
...
006 (9445504.000.000) 03/24 11:48:01 Image size of job updated: 112628764
	84665  -  MemoryUsage of job (MB)
	86696120  -  ResidentSetSize of job (KB)
...
006 (9445504.000.000) 03/24 11:53:02 Image size of job updated: 112664128
	84665  -  MemoryUsage of job (MB)
	86696120  -  ResidentSetSize of job (KB)
...
006 (9445504.000.000) 03/24 11:58:03 Image size of job updated: 112702624
	84665  -  MemoryUsage of job (MB)
	86696120  -  ResidentSetSize of job (KB)
...
006 (9445504.000.000) 03/24 12:03:03 Image size of job updated: 112742248
	84665  -  MemoryUsage of job (MB)
	86696120  -  ResidentSetSize of job (KB)
...
006 (9445504.000.000) 03/24 12:08:03 Image size of job updated: 112779700
	84665  -  MemoryUsage of job (MB)
	86696120  -  ResidentSetSize of job (KB)
...
006 (9445504.000.000) 03/24 12:13:04 Image size of job updated: 112816108
	84665  -  MemoryUsage of job (MB)
	86696120  -  ResidentSetSize of job (KB)
...
006 (9445504.000.000) 03/24 12:18:04 Image size of job updated: 112852516
	84665  -  MemoryUsage of job (MB)
	86696120  -  ResidentSetSize of job (KB)
...
006 (9445504.000.000) 03/24 12:23:04 Image size of job updated: 112887880
	84665  -  MemoryUsage of job (MB)
	86696120  -  ResidentSetSize of job (KB)
...
006 (9445504.000.000) 03/24 12:28:06 Image size of job updated: 112925328
	84665  -  MemoryUsage of job (MB)
	86696120  -  ResidentSetSize of job (KB)
...
006 (9445504.000.000) 03/24 12:33:06 Image size of job updated: 112962784
	84665  -  MemoryUsage of job (MB)
	86696120  -  ResidentSetSize of job (KB)
...
006 (9445504.000.000) 03/24 12:38:06 Image size of job updated: 113002316
	84665  -  MemoryUsage of job (MB)
	86696120  -  ResidentSetSize of job (KB)
...
006 (9445504.000.000) 03/24 12:43:07 Image size of job updated: 113037688
	84665  -  MemoryUsage of job (MB)
	86696120  -  ResidentSetSize of job (KB)
...
006 (9445504.000.000) 03/24 12:48:08 Image size of job updated: 113076180
	84665  -  MemoryUsage of job (MB)
	86696120  -  ResidentSetSize of job (KB)
...
006 (9445504.000.000) 03/24 12:53:08 Image size of job updated: 113114668
	84665  -  MemoryUsage of job (MB)
	86696120  -  ResidentSetSize of job (KB)
...
006 (9445504.000.000) 03/24 12:58:09 Image size of job updated: 113152076
	84665  -  MemoryUsage of job (MB)
	86696120  -  ResidentSetSize of job (KB)
...
006 (9445504.000.000) 03/24 13:03:10 Image size of job updated: 113190572
	84665  -  MemoryUsage of job (MB)
	86696120  -  ResidentSetSize of job (KB)
...
006 (9445504.000.000) 03/24 13:08:10 Image size of job updated: 113228000
	84665  -  MemoryUsage of job (MB)
	86696120  -  ResidentSetSize of job (KB)
...
006 (9445504.000.000) 03/24 13:13:10 Image size of job updated: 113265448
	84665  -  MemoryUsage of job (MB)
	86696120  -  ResidentSetSize of job (KB)
...
006 (9445504.000.000) 03/24 13:18:11 Image size of job updated: 113303852
	84665  -  MemoryUsage of job (MB)
	86696120  -  ResidentSetSize of job (KB)
...
006 (9445504.000.000) 03/24 13:23:12 Image size of job updated: 113343956
	84665  -  MemoryUsage of job (MB)
	86696120  -  ResidentSetSize of job (KB)
...
006 (9445504.000.000) 03/24 13:28:12 Image size of job updated: 113382436
	84665  -  MemoryUsage of job (MB)
	86696120  -  ResidentSetSize of job (KB)
...
006 (9445504.000.000) 03/24 13:33:13 Image size of job updated: 113418760
	84665  -  MemoryUsage of job (MB)
	86696120  -  ResidentSetSize of job (KB)
...
006 (9445504.000.000) 03/24 13:38:14 Image size of job updated: 113457248
	84665  -  MemoryUsage of job (MB)
	86696120  -  ResidentSetSize of job (KB)
...
006 (9445504.000.000) 03/24 13:43:14 Image size of job updated: 113498832
	84665  -  MemoryUsage of job (MB)
	86696120  -  ResidentSetSize of job (KB)
...
006 (9445504.000.000) 03/24 13:48:14 Image size of job updated: 113538360
	84665  -  MemoryUsage of job (MB)
	86696120  -  ResidentSetSize of job (KB)
...
006 (9445504.000.000) 03/24 13:53:15 Image size of job updated: 113574764
	84665  -  MemoryUsage of job (MB)
	86696120  -  ResidentSetSize of job (KB)
...
006 (9445504.000.000) 03/24 13:58:15 Image size of job updated: 113608048
	84665  -  MemoryUsage of job (MB)
	86696120  -  ResidentSetSize of job (KB)
...
006 (9445504.000.000) 03/24 14:03:15 Image size of job updated: 113642372
	84665  -  MemoryUsage of job (MB)
	86696120  -  ResidentSetSize of job (KB)
...
006 (9445504.000.000) 03/24 14:08:16 Image size of job updated: 113677736
	84665  -  MemoryUsage of job (MB)
	86696120  -  ResidentSetSize of job (KB)
...
006 (9445504.000.000) 03/24 14:13:17 Image size of job updated: 113713724
	84665  -  MemoryUsage of job (MB)
	86696120  -  ResidentSetSize of job (KB)
...
006 (9445504.000.000) 03/24 14:18:17 Image size of job updated: 113749100
	84665  -  MemoryUsage of job (MB)
	86696120  -  ResidentSetSize of job (KB)
...
006 (9445504.000.000) 03/24 14:23:18 Image size of job updated: 113785500
	84665  -  MemoryUsage of job (MB)
	86696120  -  ResidentSetSize of job (KB)
...
006 (9445504.000.000) 03/24 14:28:19 Image size of job updated: 113820352
	84665  -  MemoryUsage of job (MB)
	86696120  -  ResidentSetSize of job (KB)
...
006 (9445504.000.000) 03/24 14:33:19 Image size of job updated: 113855720
	84665  -  MemoryUsage of job (MB)
	86696120  -  ResidentSetSize of job (KB)
...
006 (9445504.000.000) 03/24 14:38:19 Image size of job updated: 113890032
	84665  -  MemoryUsage of job (MB)
	86696120  -  ResidentSetSize of job (KB)
...
006 (9445504.000.000) 03/24 14:43:20 Image size of job updated: 113924552
	84665  -  MemoryUsage of job (MB)
	86696120  -  ResidentSetSize of job (KB)
...
006 (9445504.000.000) 03/24 14:48:20 Image size of job updated: 113960952
	84665  -  MemoryUsage of job (MB)
	86696120  -  ResidentSetSize of job (KB)
...
006 (9445504.000.000) 03/24 14:53:20 Image size of job updated: 113997360
	84665  -  MemoryUsage of job (MB)
	86696120  -  ResidentSetSize of job (KB)
...
006 (9445504.000.000) 03/24 14:58:21 Image size of job updated: 114031680
	84665  -  MemoryUsage of job (MB)
	86696120  -  ResidentSetSize of job (KB)
...
006 (9445504.000.000) 03/24 15:03:22 Image size of job updated: 114067036
	84665  -  MemoryUsage of job (MB)
	86696120  -  ResidentSetSize of job (KB)
...
006 (9445504.000.000) 03/24 15:08:22 Image size of job updated: 114102420
	84665  -  MemoryUsage of job (MB)
	86696120  -  ResidentSetSize of job (KB)
...
006 (9445504.000.000) 03/24 15:13:22 Image size of job updated: 114137632
	84665  -  MemoryUsage of job (MB)
	86696120  -  ResidentSetSize of job (KB)
...
006 (9445504.000.000) 03/24 15:18:23 Image size of job updated: 114171952
	84665  -  MemoryUsage of job (MB)
	86696120  -  ResidentSetSize of job (KB)
...
006 (9445504.000.000) 03/24 15:23:23 Image size of job updated: 114206276
	84665  -  MemoryUsage of job (MB)
	86696120  -  ResidentSetSize of job (KB)
...
006 (9445504.000.000) 03/24 15:28:23 Image size of job updated: 114241640
	84665  -  MemoryUsage of job (MB)
	86696120  -  ResidentSetSize of job (KB)
...
006 (9445504.000.000) 03/24 15:33:24 Image size of job updated: 114275952
	84665  -  MemoryUsage of job (MB)
	86696120  -  ResidentSetSize of job (KB)
...
006 (9445504.000.000) 03/24 15:38:25 Image size of job updated: 114309240
	84665  -  MemoryUsage of job (MB)
	86696120  -  ResidentSetSize of job (KB)
...
006 (9445504.000.000) 03/24 15:43:25 Image size of job updated: 114342500
	84665  -  MemoryUsage of job (MB)
	86696120  -  ResidentSetSize of job (KB)
...
006 (9445504.000.000) 03/24 15:48:26 Image size of job updated: 114375784
	84665  -  MemoryUsage of job (MB)
	86696120  -  ResidentSetSize of job (KB)
...
006 (9445504.000.000) 03/24 15:53:27 Image size of job updated: 114411136
	84665  -  MemoryUsage of job (MB)
	86696120  -  ResidentSetSize of job (KB)
...
006 (9445504.000.000) 03/24 15:58:27 Image size of job updated: 114447528
	84665  -  MemoryUsage of job (MB)
	86696120  -  ResidentSetSize of job (KB)
...
006 (9445504.000.000) 03/24 16:03:27 Image size of job updated: 114480804
	84665  -  MemoryUsage of job (MB)
	86696120  -  ResidentSetSize of job (KB)
...
006 (9445504.000.000) 03/24 16:08:28 Image size of job updated: 114515628
	84665  -  MemoryUsage of job (MB)
	86696120  -  ResidentSetSize of job (KB)
...
006 (9445504.000.000) 03/24 16:13:29 Image size of job updated: 114546836
	84665  -  MemoryUsage of job (MB)
	86696120  -  ResidentSetSize of job (KB)
...
006 (9445504.000.000) 03/24 16:18:29 Image size of job updated: 114580108
	84665  -  MemoryUsage of job (MB)
	86696120  -  ResidentSetSize of job (KB)
...
006 (9445504.000.000) 03/24 16:23:30 Image size of job updated: 114613384
	84665  -  MemoryUsage of job (MB)
	86696120  -  ResidentSetSize of job (KB)
...
006 (9445504.000.000) 03/24 16:28:31 Image size of job updated: 114646668
	84665  -  MemoryUsage of job (MB)
	86696120  -  ResidentSetSize of job (KB)
...
006 (9445504.000.000) 03/24 16:33:31 Image size of job updated: 114679952
	84665  -  MemoryUsage of job (MB)
	86696120  -  ResidentSetSize of job (KB)
...
006 (9445504.000.000) 03/24 16:38:31 Image size of job updated: 114713228
	84665  -  MemoryUsage of job (MB)
	86696120  -  ResidentSetSize of job (KB)
...
006 (9445504.000.000) 03/24 16:43:33 Image size of job updated: 114745472
	84665  -  MemoryUsage of job (MB)
	86696120  -  ResidentSetSize of job (KB)
...
006 (9445504.000.000) 03/24 16:48:33 Image size of job updated: 114777724
	84665  -  MemoryUsage of job (MB)
	86696120  -  ResidentSetSize of job (KB)
...
006 (9445504.000.000) 03/24 16:53:33 Image size of job updated: 114810576
	84665  -  MemoryUsage of job (MB)
	86696120  -  ResidentSetSize of job (KB)
...
006 (9445504.000.000) 03/24 16:58:34 Image size of job updated: 114842356
	84665  -  MemoryUsage of job (MB)
	86696120  -  ResidentSetSize of job (KB)
...
006 (9445504.000.000) 03/24 17:03:35 Image size of job updated: 114874764
	84665  -  MemoryUsage of job (MB)
	86696120  -  ResidentSetSize of job (KB)
...
006 (9445504.000.000) 03/24 17:08:35 Image size of job updated: 114907084
	84665  -  MemoryUsage of job (MB)
	86696120  -  ResidentSetSize of job (KB)
...
006 (9445504.000.000) 03/24 17:13:36 Image size of job updated: 114940364
	84665  -  MemoryUsage of job (MB)
	86696120  -  ResidentSetSize of job (KB)
...
006 (9445504.000.000) 03/24 17:18:37 Image size of job updated: 114971572
	84665  -  MemoryUsage of job (MB)
	86696120  -  ResidentSetSize of job (KB)
...
006 (9445504.000.000) 03/24 17:23:37 Image size of job updated: 115003832
	84665  -  MemoryUsage of job (MB)
	86696120  -  ResidentSetSize of job (KB)
...
006 (9445504.000.000) 03/24 17:28:37 Image size of job updated: 115037116
	84665  -  MemoryUsage of job (MB)
	86696120  -  ResidentSetSize of job (KB)
...
006 (9445504.000.000) 03/24 17:33:38 Image size of job updated: 115073520
	84665  -  MemoryUsage of job (MB)
	86696120  -  ResidentSetSize of job (KB)
...
006 (9445504.000.000) 03/24 17:38:38 Image size of job updated: 115110980
	84665  -  MemoryUsage of job (MB)
	86696120  -  ResidentSetSize of job (KB)
...
006 (9445504.000.000) 03/24 17:43:38 Image size of job updated: 115145320
	84665  -  MemoryUsage of job (MB)
	86696120  -  ResidentSetSize of job (KB)
...
006 (9445504.000.000) 03/24 17:48:39 Image size of job updated: 115178600
	84665  -  MemoryUsage of job (MB)
	86696120  -  ResidentSetSize of job (KB)
...
006 (9445504.000.000) 03/24 17:53:40 Image size of job updated: 115211684
	84665  -  MemoryUsage of job (MB)
	86696120  -  ResidentSetSize of job (KB)
...
006 (9445504.000.000) 03/24 17:58:40 Image size of job updated: 115244956
	84665  -  MemoryUsage of job (MB)
	86696120  -  ResidentSetSize of job (KB)
...
006 (9445504.000.000) 03/24 18:03:40 Image size of job updated: 115276160
	84665  -  MemoryUsage of job (MB)
	86696120  -  ResidentSetSize of job (KB)
...
006 (9445504.000.000) 03/24 18:08:41 Image size of job updated: 115309448
	84665  -  MemoryUsage of job (MB)
	86696120  -  ResidentSetSize of job (KB)
...
006 (9445504.000.000) 03/24 18:13:41 Image size of job updated: 115342496
	84665  -  MemoryUsage of job (MB)
	86696120  -  ResidentSetSize of job (KB)
...
006 (9445504.000.000) 03/24 18:18:41 Image size of job updated: 115375772
	84665  -  MemoryUsage of job (MB)
	86696120  -  ResidentSetSize of job (KB)
...
006 (9445504.000.000) 03/24 18:23:42 Image size of job updated: 115409072
	84665  -  MemoryUsage of job (MB)
	86696120  -  ResidentSetSize of job (KB)
...
006 (9445504.000.000) 03/24 18:28:43 Image size of job updated: 115442348
	84665  -  MemoryUsage of job (MB)
	86696120  -  ResidentSetSize of job (KB)
...
006 (9445504.000.000) 03/24 18:33:43 Image size of job updated: 115475624
	84665  -  MemoryUsage of job (MB)
	86696120  -  ResidentSetSize of job (KB)
...
006 (9445504.000.000) 03/24 18:38:44 Image size of job updated: 115507936
	84665  -  MemoryUsage of job (MB)
	86696120  -  ResidentSetSize of job (KB)
...
006 (9445504.000.000) 03/24 18:43:45 Image size of job updated: 115539144
	84665  -  MemoryUsage of job (MB)
	86696120  -  ResidentSetSize of job (KB)
...
006 (9445504.000.000) 03/24 18:48:45 Image size of job updated: 115570352
	84665  -  MemoryUsage of job (MB)
	86696120  -  ResidentSetSize of job (KB)
...
006 (9445504.000.000) 03/24 18:53:46 Image size of job updated: 115602588
	84665  -  MemoryUsage of job (MB)
	86696120  -  ResidentSetSize of job (KB)
...
006 (9445504.000.000) 03/24 18:58:47 Image size of job updated: 115634836
	84665  -  MemoryUsage of job (MB)
	86696120  -  ResidentSetSize of job (KB)
...
006 (9445504.000.000) 03/24 19:03:47 Image size of job updated: 115667080
	84665  -  MemoryUsage of job (MB)
	86696120  -  ResidentSetSize of job (KB)
...
006 (9445504.000.000) 03/24 19:08:47 Image size of job updated: 115699332
	84665  -  MemoryUsage of job (MB)
	86696120  -  ResidentSetSize of job (KB)
...
006 (9445504.000.000) 03/24 19:13:48 Image size of job updated: 115731572
	84665  -  MemoryUsage of job (MB)
	86696120  -  ResidentSetSize of job (KB)
...
006 (9445504.000.000) 03/24 19:18:48 Image size of job updated: 115763812
	84665  -  MemoryUsage of job (MB)
	86696120  -  ResidentSetSize of job (KB)
...
006 (9445504.000.000) 03/24 19:23:48 Image size of job updated: 115796064
	84665  -  MemoryUsage of job (MB)
	86696120  -  ResidentSetSize of job (KB)
...
006 (9445504.000.000) 03/24 19:28:49 Image size of job updated: 115828296
	84665  -  MemoryUsage of job (MB)
	86696120  -  ResidentSetSize of job (KB)
...
006 (9445504.000.000) 03/24 19:33:49 Image size of job updated: 115859488
	84665  -  MemoryUsage of job (MB)
	86696120  -  ResidentSetSize of job (KB)
...
006 (9445504.000.000) 03/24 19:38:49 Image size of job updated: 115891996
	84665  -  MemoryUsage of job (MB)
	86696120  -  ResidentSetSize of job (KB)
...
006 (9445504.000.000) 03/24 19:43:50 Image size of job updated: 115924244
	84665  -  MemoryUsage of job (MB)
	86696120  -  ResidentSetSize of job (KB)
...
006 (9445504.000.000) 03/24 19:48:50 Image size of job updated: 115955440
	84665  -  MemoryUsage of job (MB)
	86696120  -  ResidentSetSize of job (KB)
...
