000 (9445545.000.000) 03/23 14:39:24 Job submitted from host: <137.138.156.150:9618?addrs=137.138.156.150-9618+[2001-1458-d00-14--9a]-9618&alias=bigbird13.cern.ch&noUDP&sock=schedd_5144_ef43>
...
040 (9445545.000.000) 03/23 16:01:01 Started transferring input files
	Transferring to host: <128.142.59.145:9618?addrs=128.142.59.145-9618&alias=b7s04p1965.cern.ch&noUDP&sock=slot1_14_7063_45b8_81114>
...
040 (9445545.000.000) 03/23 16:01:01 Finished transferring input files
...
001 (9445545.000.000) 03/23 16:01:02 Job executing on host: <128.142.59.145:9618?addrs=128.142.59.145-9618&alias=b7s04p1965.cern.ch&noUDP&sock=startd_6977_385c>
...
006 (9445545.000.000) 03/23 16:01:11 Image size of job updated: 441476
	43  -  MemoryUsage of job (MB)
	43640  -  ResidentSetSize of job (KB)
...
006 (9445545.000.000) 03/23 16:06:12 Image size of job updated: 615696
	85  -  MemoryUsage of job (MB)
	86208  -  ResidentSetSize of job (KB)
...
006 (9445545.000.000) 03/23 16:11:13 Image size of job updated: 615852
	85  -  MemoryUsage of job (MB)
	86748  -  ResidentSetSize of job (KB)
...
006 (9445545.000.000) 03/23 16:16:13 Image size of job updated: 616876
	86  -  MemoryUsage of job (MB)
	87196  -  ResidentSetSize of job (KB)
...
006 (9445545.000.000) 03/23 16:21:14 Image size of job updated: 616876
	86  -  MemoryUsage of job (MB)
	87612  -  ResidentSetSize of job (KB)
...
006 (9445545.000.000) 03/23 16:26:15 Image size of job updated: 5553332
	2897  -  MemoryUsage of job (MB)
	2966496  -  ResidentSetSize of job (KB)
...
006 (9445545.000.000) 03/23 16:31:15 Image size of job updated: 9981232
	7213  -  MemoryUsage of job (MB)
	7385952  -  ResidentSetSize of job (KB)
...
006 (9445545.000.000) 03/23 16:36:15 Image size of job updated: 14481580
	11567  -  MemoryUsage of job (MB)
	11844596  -  ResidentSetSize of job (KB)
...
006 (9445545.000.000) 03/23 16:41:16 Image size of job updated: 18970288
	12013  -  MemoryUsage of job (MB)
	12300568  -  ResidentSetSize of job (KB)
...
006 (9445545.000.000) 03/23 16:46:17 Image size of job updated: 23567912
	12013  -  MemoryUsage of job (MB)
	12300568  -  ResidentSetSize of job (KB)
...
006 (9445545.000.000) 03/23 16:51:17 Image size of job updated: 28147160
	12013  -  MemoryUsage of job (MB)
	12300568  -  ResidentSetSize of job (KB)
...
006 (9445545.000.000) 03/23 16:56:18 Image size of job updated: 32681384
	15189  -  MemoryUsage of job (MB)
	15553500  -  ResidentSetSize of job (KB)
...
006 (9445545.000.000) 03/23 17:01:19 Image size of job updated: 37186672
	19578  -  MemoryUsage of job (MB)
	20047608  -  ResidentSetSize of job (KB)
...
006 (9445545.000.000) 03/23 17:06:19 Image size of job updated: 41700572
	23966  -  MemoryUsage of job (MB)
	24540720  -  ResidentSetSize of job (KB)
...
006 (9445545.000.000) 03/23 17:11:19 Image size of job updated: 46172228
	28366  -  MemoryUsage of job (MB)
	29046544  -  ResidentSetSize of job (KB)
...
006 (9445545.000.000) 03/23 17:16:20 Image size of job updated: 49340888
	31403  -  MemoryUsage of job (MB)
	32156232  -  ResidentSetSize of job (KB)
...
006 (9445545.000.000) 03/23 17:21:20 Image size of job updated: 51023144
	33046  -  MemoryUsage of job (MB)
	33838524  -  ResidentSetSize of job (KB)
...
006 (9445545.000.000) 03/23 17:26:20 Image size of job updated: 52400076
	34505  -  MemoryUsage of job (MB)
	35332728  -  ResidentSetSize of job (KB)
...
006 (9445545.000.000) 03/23 17:31:21 Image size of job updated: 54164468
	36188  -  MemoryUsage of job (MB)
	37055892  -  ResidentSetSize of job (KB)
...
006 (9445545.000.000) 03/23 17:36:22 Image size of job updated: 55654640
	37236  -  MemoryUsage of job (MB)
	38129156  -  ResidentSetSize of job (KB)
...
006 (9445545.000.000) 03/23 17:41:22 Image size of job updated: 57305572
	37236  -  MemoryUsage of job (MB)
	38129156  -  ResidentSetSize of job (KB)
...
006 (9445545.000.000) 03/23 17:46:23 Image size of job updated: 58828512
	37236  -  MemoryUsage of job (MB)
	38129156  -  ResidentSetSize of job (KB)
...
006 (9445545.000.000) 03/23 17:51:24 Image size of job updated: 60228712
	37236  -  MemoryUsage of job (MB)
	38129156  -  ResidentSetSize of job (KB)
...
006 (9445545.000.000) 03/23 17:56:24 Image size of job updated: 61786492
	37768  -  MemoryUsage of job (MB)
	38673892  -  ResidentSetSize of job (KB)
...
006 (9445545.000.000) 03/23 18:01:24 Image size of job updated: 63459056
	37768  -  MemoryUsage of job (MB)
	38673892  -  ResidentSetSize of job (KB)
...
006 (9445545.000.000) 03/23 18:06:25 Image size of job updated: 65062264
	37768  -  MemoryUsage of job (MB)
	38673892  -  ResidentSetSize of job (KB)
...
006 (9445545.000.000) 03/23 18:11:26 Image size of job updated: 66702612
	37768  -  MemoryUsage of job (MB)
	38673892  -  ResidentSetSize of job (KB)
...
006 (9445545.000.000) 03/23 18:16:26 Image size of job updated: 68267956
	37768  -  MemoryUsage of job (MB)
	38673892  -  ResidentSetSize of job (KB)
...
006 (9445545.000.000) 03/23 18:21:26 Image size of job updated: 69781840
	37768  -  MemoryUsage of job (MB)
	38673892  -  ResidentSetSize of job (KB)
...
006 (9445545.000.000) 03/23 18:26:27 Image size of job updated: 71468860
	37768  -  MemoryUsage of job (MB)
	38673892  -  ResidentSetSize of job (KB)
...
006 (9445545.000.000) 03/23 18:31:27 Image size of job updated: 73073536
	37768  -  MemoryUsage of job (MB)
	38673892  -  ResidentSetSize of job (KB)
...
006 (9445545.000.000) 03/23 18:36:27 Image size of job updated: 74653188
	37768  -  MemoryUsage of job (MB)
	38673892  -  ResidentSetSize of job (KB)
...
006 (9445545.000.000) 03/23 18:41:28 Image size of job updated: 76340440
	37768  -  MemoryUsage of job (MB)
	38673892  -  ResidentSetSize of job (KB)
...
006 (9445545.000.000) 03/23 18:46:29 Image size of job updated: 77837388
	37768  -  MemoryUsage of job (MB)
	38673892  -  ResidentSetSize of job (KB)
...
006 (9445545.000.000) 03/23 18:51:29 Image size of job updated: 79475912
	37768  -  MemoryUsage of job (MB)
	38673892  -  ResidentSetSize of job (KB)
...
006 (9445545.000.000) 03/23 18:56:30 Image size of job updated: 81040020
	37768  -  MemoryUsage of job (MB)
	38673892  -  ResidentSetSize of job (KB)
...
006 (9445545.000.000) 03/23 19:01:31 Image size of job updated: 82542540
	37768  -  MemoryUsage of job (MB)
	38673892  -  ResidentSetSize of job (KB)
...
006 (9445545.000.000) 03/23 19:06:31 Image size of job updated: 84082556
	37768  -  MemoryUsage of job (MB)
	38673892  -  ResidentSetSize of job (KB)
...
006 (9445545.000.000) 03/23 19:11:31 Image size of job updated: 85717944
	37768  -  MemoryUsage of job (MB)
	38673892  -  ResidentSetSize of job (KB)
...
006 (9445545.000.000) 03/23 19:16:32 Image size of job updated: 87228968
	37768  -  MemoryUsage of job (MB)
	38673892  -  ResidentSetSize of job (KB)
...
006 (9445545.000.000) 03/23 19:21:32 Image size of job updated: 88774292
	37768  -  MemoryUsage of job (MB)
	38673892  -  ResidentSetSize of job (KB)
...
006 (9445545.000.000) 03/23 19:26:32 Image size of job updated: 107443820
	37768  -  MemoryUsage of job (MB)
	38673892  -  ResidentSetSize of job (KB)
...
006 (9445545.000.000) 03/23 19:31:33 Image size of job updated: 107467260
	37768  -  MemoryUsage of job (MB)
	38673892  -  ResidentSetSize of job (KB)
...
006 (9445545.000.000) 03/23 19:36:34 Image size of job updated: 107503196
	37768  -  MemoryUsage of job (MB)
	38673892  -  ResidentSetSize of job (KB)
...
006 (9445545.000.000) 03/23 19:41:34 Image size of job updated: 107539136
	37768  -  MemoryUsage of job (MB)
	38673892  -  ResidentSetSize of job (KB)
...
006 (9445545.000.000) 03/23 19:46:34 Image size of job updated: 107575072
	37768  -  MemoryUsage of job (MB)
	38673892  -  ResidentSetSize of job (KB)
...
006 (9445545.000.000) 03/23 19:51:35 Image size of job updated: 107612816
	37768  -  MemoryUsage of job (MB)
	38673892  -  ResidentSetSize of job (KB)
...
006 (9445545.000.000) 03/23 19:56:36 Image size of job updated: 107646412
	37768  -  MemoryUsage of job (MB)
	38673892  -  ResidentSetSize of job (KB)
...
006 (9445545.000.000) 03/23 20:01:36 Image size of job updated: 107684692
	37768  -  MemoryUsage of job (MB)
	38673892  -  ResidentSetSize of job (KB)
...
006 (9445545.000.000) 03/23 20:06:37 Image size of job updated: 107719852
	37768  -  MemoryUsage of job (MB)
	38673892  -  ResidentSetSize of job (KB)
...
006 (9445545.000.000) 03/23 20:11:38 Image size of job updated: 107756568
	37768  -  MemoryUsage of job (MB)
	38673892  -  ResidentSetSize of job (KB)
...
006 (9445545.000.000) 03/23 20:16:38 Image size of job updated: 107798956
	37768  -  MemoryUsage of job (MB)
	38673892  -  ResidentSetSize of job (KB)
...
006 (9445545.000.000) 03/23 20:21:38 Image size of job updated: 107842588
	37768  -  MemoryUsage of job (MB)
	38673892  -  ResidentSetSize of job (KB)
...
006 (9445545.000.000) 03/23 20:26:39 Image size of job updated: 107885160
	37768  -  MemoryUsage of job (MB)
	38673892  -  ResidentSetSize of job (KB)
...
006 (9445545.000.000) 03/23 20:31:40 Image size of job updated: 107928576
	37768  -  MemoryUsage of job (MB)
	38673892  -  ResidentSetSize of job (KB)
...
006 (9445545.000.000) 03/23 20:36:40 Image size of job updated: 107971084
	37768  -  MemoryUsage of job (MB)
	38673892  -  ResidentSetSize of job (KB)
...
006 (9445545.000.000) 03/23 20:41:40 Image size of job updated: 108012696
	37768  -  MemoryUsage of job (MB)
	38673892  -  ResidentSetSize of job (KB)
...
006 (9445545.000.000) 03/23 20:46:41 Image size of job updated: 108055212
	37768  -  MemoryUsage of job (MB)
	38673892  -  ResidentSetSize of job (KB)
...
006 (9445545.000.000) 03/23 20:51:42 Image size of job updated: 108097844
	37768  -  MemoryUsage of job (MB)
	38673892  -  ResidentSetSize of job (KB)
...
006 (9445545.000.000) 03/23 20:56:42 Image size of job updated: 108137908
	37768  -  MemoryUsage of job (MB)
	38673892  -  ResidentSetSize of job (KB)
...
006 (9445545.000.000) 03/23 21:01:42 Image size of job updated: 108179524
	37768  -  MemoryUsage of job (MB)
	38673892  -  ResidentSetSize of job (KB)
...
006 (9445545.000.000) 03/23 21:06:43 Image size of job updated: 108221120
	37768  -  MemoryUsage of job (MB)
	38673892  -  ResidentSetSize of job (KB)
...
006 (9445545.000.000) 03/23 21:11:44 Image size of job updated: 108262376
	37768  -  MemoryUsage of job (MB)
	38673892  -  ResidentSetSize of job (KB)
...
006 (9445545.000.000) 03/23 21:16:44 Image size of job updated: 108303992
	37768  -  MemoryUsage of job (MB)
	38673892  -  ResidentSetSize of job (KB)
...
006 (9445545.000.000) 03/23 21:21:45 Image size of job updated: 108345604
	37768  -  MemoryUsage of job (MB)
	38673892  -  ResidentSetSize of job (KB)
...
006 (9445545.000.000) 03/23 21:26:46 Image size of job updated: 108387344
	37768  -  MemoryUsage of job (MB)
	38673892  -  ResidentSetSize of job (KB)
...
006 (9445545.000.000) 03/23 21:31:46 Image size of job updated: 108428952
	37768  -  MemoryUsage of job (MB)
	38673892  -  ResidentSetSize of job (KB)
...
006 (9445545.000.000) 03/23 21:36:46 Image size of job updated: 108471584
	37768  -  MemoryUsage of job (MB)
	38673892  -  ResidentSetSize of job (KB)
...
006 (9445545.000.000) 03/23 21:41:47 Image size of job updated: 108513200
	37768  -  MemoryUsage of job (MB)
	38673892  -  ResidentSetSize of job (KB)
...
006 (9445545.000.000) 03/23 21:46:48 Image size of job updated: 108552088
	37768  -  MemoryUsage of job (MB)
	38673892  -  ResidentSetSize of job (KB)
...
006 (9445545.000.000) 03/23 21:51:48 Image size of job updated: 108590996
	37768  -  MemoryUsage of job (MB)
	38673892  -  ResidentSetSize of job (KB)
...
006 (9445545.000.000) 03/23 21:56:48 Image size of job updated: 108631692
	37768  -  MemoryUsage of job (MB)
	38673892  -  ResidentSetSize of job (KB)
...
006 (9445545.000.000) 03/23 22:01:50 Image size of job updated: 108671488
	37768  -  MemoryUsage of job (MB)
	38673892  -  ResidentSetSize of job (KB)
...
006 (9445545.000.000) 03/23 22:06:50 Image size of job updated: 108713092
	37768  -  MemoryUsage of job (MB)
	38673892  -  ResidentSetSize of job (KB)
...
006 (9445545.000.000) 03/23 22:11:50 Image size of job updated: 108754704
	37768  -  MemoryUsage of job (MB)
	38673892  -  ResidentSetSize of job (KB)
...
006 (9445545.000.000) 03/23 22:16:51 Image size of job updated: 108797204
	37768  -  MemoryUsage of job (MB)
	38673892  -  ResidentSetSize of job (KB)
...
006 (9445545.000.000) 03/23 22:21:52 Image size of job updated: 108840624
	37768  -  MemoryUsage of job (MB)
	38673892  -  ResidentSetSize of job (KB)
...
006 (9445545.000.000) 03/23 22:26:52 Image size of job updated: 108881340
	37768  -  MemoryUsage of job (MB)
	38673892  -  ResidentSetSize of job (KB)
...
006 (9445545.000.000) 03/23 22:31:52 Image size of job updated: 108924756
	37768  -  MemoryUsage of job (MB)
	38673892  -  ResidentSetSize of job (KB)
...
006 (9445545.000.000) 03/23 22:36:53 Image size of job updated: 108968164
	37768  -  MemoryUsage of job (MB)
	38673892  -  ResidentSetSize of job (KB)
...
006 (9445545.000.000) 03/23 22:41:53 Image size of job updated: 109012500
	37768  -  MemoryUsage of job (MB)
	38673892  -  ResidentSetSize of job (KB)
...
006 (9445545.000.000) 03/23 22:46:53 Image size of job updated: 109055564
	37768  -  MemoryUsage of job (MB)
	38673892  -  ResidentSetSize of job (KB)
...
006 (9445545.000.000) 03/23 22:51:54 Image size of job updated: 109099892
	37768  -  MemoryUsage of job (MB)
	38673892  -  ResidentSetSize of job (KB)
...
006 (9445545.000.000) 03/23 22:56:55 Image size of job updated: 109143732
	37768  -  MemoryUsage of job (MB)
	38673892  -  ResidentSetSize of job (KB)
...
006 (9445545.000.000) 03/23 23:01:55 Image size of job updated: 109187844
	37768  -  MemoryUsage of job (MB)
	38673892  -  ResidentSetSize of job (KB)
...
006 (9445545.000.000) 03/23 23:06:55 Image size of job updated: 109231256
	37768  -  MemoryUsage of job (MB)
	38673892  -  ResidentSetSize of job (KB)
...
006 (9445545.000.000) 03/23 23:11:56 Image size of job updated: 109272860
	37768  -  MemoryUsage of job (MB)
	38673892  -  ResidentSetSize of job (KB)
...
006 (9445545.000.000) 03/23 23:16:57 Image size of job updated: 109316232
	37768  -  MemoryUsage of job (MB)
	38673892  -  ResidentSetSize of job (KB)
...
006 (9445545.000.000) 03/23 23:21:57 Image size of job updated: 109360680
	37768  -  MemoryUsage of job (MB)
	38673892  -  ResidentSetSize of job (KB)
...
006 (9445545.000.000) 03/23 23:26:57 Image size of job updated: 109403768
	37768  -  MemoryUsage of job (MB)
	38673892  -  ResidentSetSize of job (KB)
...
006 (9445545.000.000) 03/23 23:31:58 Image size of job updated: 109447180
	37768  -  MemoryUsage of job (MB)
	38673892  -  ResidentSetSize of job (KB)
...
006 (9445545.000.000) 03/23 23:36:59 Image size of job updated: 109489696
	37768  -  MemoryUsage of job (MB)
	38673892  -  ResidentSetSize of job (KB)
...
006 (9445545.000.000) 03/23 23:41:59 Image size of job updated: 109533128
	37768  -  MemoryUsage of job (MB)
	38673892  -  ResidentSetSize of job (KB)
...
006 (9445545.000.000) 03/23 23:46:59 Image size of job updated: 109576260
	37768  -  MemoryUsage of job (MB)
	38673892  -  ResidentSetSize of job (KB)
...
006 (9445545.000.000) 03/23 23:52:00 Image size of job updated: 109619684
	37768  -  MemoryUsage of job (MB)
	38673892  -  ResidentSetSize of job (KB)
...
006 (9445545.000.000) 03/23 23:57:01 Image size of job updated: 109660384
	37768  -  MemoryUsage of job (MB)
	38673892  -  ResidentSetSize of job (KB)
...
006 (9445545.000.000) 03/24 00:02:01 Image size of job updated: 109702888
	37768  -  MemoryUsage of job (MB)
	38673892  -  ResidentSetSize of job (KB)
...
006 (9445545.000.000) 03/24 00:07:01 Image size of job updated: 109744488
	37768  -  MemoryUsage of job (MB)
	38673892  -  ResidentSetSize of job (KB)
...
006 (9445545.000.000) 03/24 00:12:02 Image size of job updated: 109787012
	37768  -  MemoryUsage of job (MB)
	38673892  -  ResidentSetSize of job (KB)
...
006 (9445545.000.000) 03/24 00:17:03 Image size of job updated: 109828056
	37768  -  MemoryUsage of job (MB)
	38673892  -  ResidentSetSize of job (KB)
...
006 (9445545.000.000) 03/24 00:22:03 Image size of job updated: 109870576
	37768  -  MemoryUsage of job (MB)
	38673892  -  ResidentSetSize of job (KB)
...
006 (9445545.000.000) 03/24 00:27:04 Image size of job updated: 109913100
	37768  -  MemoryUsage of job (MB)
	38673892  -  ResidentSetSize of job (KB)
...
006 (9445545.000.000) 03/24 00:32:05 Image size of job updated: 109955616
	37768  -  MemoryUsage of job (MB)
	38673892  -  ResidentSetSize of job (KB)
...
006 (9445545.000.000) 03/24 00:37:05 Image size of job updated: 109997460
	37768  -  MemoryUsage of job (MB)
	38673892  -  ResidentSetSize of job (KB)
...
006 (9445545.000.000) 03/24 00:42:05 Image size of job updated: 110039972
	37768  -  MemoryUsage of job (MB)
	38673892  -  ResidentSetSize of job (KB)
...
006 (9445545.000.000) 03/24 00:47:06 Image size of job updated: 110081584
	37768  -  MemoryUsage of job (MB)
	38673892  -  ResidentSetSize of job (KB)
...
006 (9445545.000.000) 03/24 00:52:07 Image size of job updated: 110124088
	37768  -  MemoryUsage of job (MB)
	38673892  -  ResidentSetSize of job (KB)
...
006 (9445545.000.000) 03/24 00:57:07 Image size of job updated: 110165692
	37768  -  MemoryUsage of job (MB)
	38673892  -  ResidentSetSize of job (KB)
...
006 (9445545.000.000) 03/24 01:02:08 Image size of job updated: 110207424
	37768  -  MemoryUsage of job (MB)
	38673892  -  ResidentSetSize of job (KB)
...
006 (9445545.000.000) 03/24 01:07:09 Image size of job updated: 110249924
	37768  -  MemoryUsage of job (MB)
	38673892  -  ResidentSetSize of job (KB)
...
006 (9445545.000.000) 03/24 01:12:10 Image size of job updated: 110291532
	37768  -  MemoryUsage of job (MB)
	38673892  -  ResidentSetSize of job (KB)
...
006 (9445545.000.000) 03/24 01:17:10 Image size of job updated: 110334048
	37768  -  MemoryUsage of job (MB)
	38673892  -  ResidentSetSize of job (KB)
...
006 (9445545.000.000) 03/24 01:22:11 Image size of job updated: 110377472
	37768  -  MemoryUsage of job (MB)
	38673892  -  ResidentSetSize of job (KB)
...
006 (9445545.000.000) 03/24 01:27:12 Image size of job updated: 110420608
	37768  -  MemoryUsage of job (MB)
	38673892  -  ResidentSetSize of job (KB)
...
006 (9445545.000.000) 03/24 01:32:12 Image size of job updated: 110462792
	37768  -  MemoryUsage of job (MB)
	38673892  -  ResidentSetSize of job (KB)
...
006 (9445545.000.000) 03/24 01:37:12 Image size of job updated: 110504248
	37768  -  MemoryUsage of job (MB)
	38673892  -  ResidentSetSize of job (KB)
...
006 (9445545.000.000) 03/24 01:42:13 Image size of job updated: 110546748
	37768  -  MemoryUsage of job (MB)
	38673892  -  ResidentSetSize of job (KB)
...
006 (9445545.000.000) 03/24 01:47:14 Image size of job updated: 110589260
	37768  -  MemoryUsage of job (MB)
	38673892  -  ResidentSetSize of job (KB)
...
006 (9445545.000.000) 03/24 01:52:14 Image size of job updated: 110632680
	37768  -  MemoryUsage of job (MB)
	38673892  -  ResidentSetSize of job (KB)
...
006 (9445545.000.000) 03/24 01:57:15 Image size of job updated: 110675184
	37768  -  MemoryUsage of job (MB)
	38673892  -  ResidentSetSize of job (KB)
...
006 (9445545.000.000) 03/24 02:02:16 Image size of job updated: 110715360
	37768  -  MemoryUsage of job (MB)
	38673892  -  ResidentSetSize of job (KB)
...
006 (9445545.000.000) 03/24 02:07:16 Image size of job updated: 110756060
	37768  -  MemoryUsage of job (MB)
	38673892  -  ResidentSetSize of job (KB)
...
006 (9445545.000.000) 03/24 02:12:16 Image size of job updated: 110798584
	37768  -  MemoryUsage of job (MB)
	38673892  -  ResidentSetSize of job (KB)
...
006 (9445545.000.000) 03/24 02:17:17 Image size of job updated: 110839296
	37768  -  MemoryUsage of job (MB)
	38673892  -  ResidentSetSize of job (KB)
...
006 (9445545.000.000) 03/24 02:22:18 Image size of job updated: 110878192
	37768  -  MemoryUsage of job (MB)
	38673892  -  ResidentSetSize of job (KB)
...
006 (9445545.000.000) 03/24 02:27:18 Image size of job updated: 110916808
	37768  -  MemoryUsage of job (MB)
	38673892  -  ResidentSetSize of job (KB)
...
006 (9445545.000.000) 03/24 02:32:18 Image size of job updated: 110955712
	37768  -  MemoryUsage of job (MB)
	38673892  -  ResidentSetSize of job (KB)
...
006 (9445545.000.000) 03/24 02:37:19 Image size of job updated: 110995140
	37768  -  MemoryUsage of job (MB)
	38673892  -  ResidentSetSize of job (KB)
...
006 (9445545.000.000) 03/24 02:42:19 Image size of job updated: 111035840
	37768  -  MemoryUsage of job (MB)
	38673892  -  ResidentSetSize of job (KB)
...
006 (9445545.000.000) 03/24 02:47:19 Image size of job updated: 111074852
	37768  -  MemoryUsage of job (MB)
	38673892  -  ResidentSetSize of job (KB)
...
006 (9445545.000.000) 03/24 02:52:20 Image size of job updated: 111115548
	37768  -  MemoryUsage of job (MB)
	38673892  -  ResidentSetSize of job (KB)
...
006 (9445545.000.000) 03/24 02:57:20 Image size of job updated: 111155564
	37768  -  MemoryUsage of job (MB)
	38673892  -  ResidentSetSize of job (KB)
...
006 (9445545.000.000) 03/24 03:02:20 Image size of job updated: 111195040
	37768  -  MemoryUsage of job (MB)
	38673892  -  ResidentSetSize of job (KB)
...
006 (9445545.000.000) 03/24 03:07:21 Image size of job updated: 111234844
	37768  -  MemoryUsage of job (MB)
	38673892  -  ResidentSetSize of job (KB)
...
006 (9445545.000.000) 03/24 03:12:22 Image size of job updated: 111276484
	37768  -  MemoryUsage of job (MB)
	38673892  -  ResidentSetSize of job (KB)
...
006 (9445545.000.000) 03/24 03:17:22 Image size of job updated: 111317272
	37768  -  MemoryUsage of job (MB)
	38673892  -  ResidentSetSize of job (KB)
...
006 (9445545.000.000) 03/24 03:22:22 Image size of job updated: 111357980
	37768  -  MemoryUsage of job (MB)
	38673892  -  ResidentSetSize of job (KB)
...
006 (9445545.000.000) 03/24 03:27:23 Image size of job updated: 111398492
	37768  -  MemoryUsage of job (MB)
	38673892  -  ResidentSetSize of job (KB)
...
006 (9445545.000.000) 03/24 03:32:24 Image size of job updated: 111438292
	37768  -  MemoryUsage of job (MB)
	38673892  -  ResidentSetSize of job (KB)
...
006 (9445545.000.000) 03/24 03:37:24 Image size of job updated: 111480464
	37768  -  MemoryUsage of job (MB)
	38673892  -  ResidentSetSize of job (KB)
...
006 (9445545.000.000) 03/24 03:42:25 Image size of job updated: 111522192
	37768  -  MemoryUsage of job (MB)
	38673892  -  ResidentSetSize of job (KB)
...
006 (9445545.000.000) 03/24 03:47:26 Image size of job updated: 111561984
	37768  -  MemoryUsage of job (MB)
	38673892  -  ResidentSetSize of job (KB)
...
006 (9445545.000.000) 03/24 03:52:26 Image size of job updated: 111602692
	37768  -  MemoryUsage of job (MB)
	38673892  -  ResidentSetSize of job (KB)
...
006 (9445545.000.000) 03/24 03:57:26 Image size of job updated: 111641596
	37768  -  MemoryUsage of job (MB)
	38673892  -  ResidentSetSize of job (KB)
...
006 (9445545.000.000) 03/24 04:02:27 Image size of job updated: 111683196
	37768  -  MemoryUsage of job (MB)
	38673892  -  ResidentSetSize of job (KB)
...
006 (9445545.000.000) 03/24 04:07:28 Image size of job updated: 111723004
	37768  -  MemoryUsage of job (MB)
	38673892  -  ResidentSetSize of job (KB)
...
006 (9445545.000.000) 03/24 04:12:28 Image size of job updated: 111760996
	37768  -  MemoryUsage of job (MB)
	38673892  -  ResidentSetSize of job (KB)
...
006 (9445545.000.000) 03/24 04:17:28 Image size of job updated: 111802648
	37768  -  MemoryUsage of job (MB)
	38673892  -  ResidentSetSize of job (KB)
...
006 (9445545.000.000) 03/24 04:22:29 Image size of job updated: 111844268
	37768  -  MemoryUsage of job (MB)
	38673892  -  ResidentSetSize of job (KB)
...
006 (9445545.000.000) 03/24 04:27:29 Image size of job updated: 111884060
	37768  -  MemoryUsage of job (MB)
	38673892  -  ResidentSetSize of job (KB)
...
006 (9445545.000.000) 03/24 04:32:29 Image size of job updated: 111928952
	37768  -  MemoryUsage of job (MB)
	38673892  -  ResidentSetSize of job (KB)
...
006 (9445545.000.000) 03/24 04:37:30 Image size of job updated: 111971604
	37768  -  MemoryUsage of job (MB)
	38673892  -  ResidentSetSize of job (KB)
...
006 (9445545.000.000) 03/24 04:42:31 Image size of job updated: 112015272
	37768  -  MemoryUsage of job (MB)
	38673892  -  ResidentSetSize of job (KB)
...
006 (9445545.000.000) 03/24 04:47:31 Image size of job updated: 112059988
	37768  -  MemoryUsage of job (MB)
	38673892  -  ResidentSetSize of job (KB)
...
006 (9445545.000.000) 03/24 04:52:31 Image size of job updated: 112103680
	37768  -  MemoryUsage of job (MB)
	38673892  -  ResidentSetSize of job (KB)
...
006 (9445545.000.000) 03/24 04:57:32 Image size of job updated: 112143212
	37768  -  MemoryUsage of job (MB)
	38673892  -  ResidentSetSize of job (KB)
...
006 (9445545.000.000) 03/24 05:02:32 Image size of job updated: 112182880
	37768  -  MemoryUsage of job (MB)
	38673892  -  ResidentSetSize of job (KB)
...
006 (9445545.000.000) 03/24 05:07:32 Image size of job updated: 112223524
	37768  -  MemoryUsage of job (MB)
	38673892  -  ResidentSetSize of job (KB)
...
006 (9445545.000.000) 03/24 05:12:33 Image size of job updated: 112263056
	37768  -  MemoryUsage of job (MB)
	38673892  -  ResidentSetSize of job (KB)
...
006 (9445545.000.000) 03/24 05:17:34 Image size of job updated: 112303624
	37768  -  MemoryUsage of job (MB)
	38673892  -  ResidentSetSize of job (KB)
...
006 (9445545.000.000) 03/24 05:22:34 Image size of job updated: 112347320
	37768  -  MemoryUsage of job (MB)
	38673892  -  ResidentSetSize of job (KB)
...
006 (9445545.000.000) 03/24 05:27:34 Image size of job updated: 112390996
	37768  -  MemoryUsage of job (MB)
	38673892  -  ResidentSetSize of job (KB)
...
006 (9445545.000.000) 03/24 05:32:36 Image size of job updated: 112435024
	37768  -  MemoryUsage of job (MB)
	38673892  -  ResidentSetSize of job (KB)
...
006 (9445545.000.000) 03/24 05:37:36 Image size of job updated: 112478016
	37768  -  MemoryUsage of job (MB)
	38673892  -  ResidentSetSize of job (KB)
...
006 (9445545.000.000) 03/24 05:42:36 Image size of job updated: 112524828
	37768  -  MemoryUsage of job (MB)
	38673892  -  ResidentSetSize of job (KB)
...
006 (9445545.000.000) 03/24 05:47:37 Image size of job updated: 112571636
	37768  -  MemoryUsage of job (MB)
	38673892  -  ResidentSetSize of job (KB)
...
006 (9445545.000.000) 03/24 05:52:38 Image size of job updated: 112617404
	37768  -  MemoryUsage of job (MB)
	38673892  -  ResidentSetSize of job (KB)
...
006 (9445545.000.000) 03/24 05:57:38 Image size of job updated: 112663156
	37768  -  MemoryUsage of job (MB)
	38673892  -  ResidentSetSize of job (KB)
...
006 (9445545.000.000) 03/24 06:02:38 Image size of job updated: 112708928
	37768  -  MemoryUsage of job (MB)
	38673892  -  ResidentSetSize of job (KB)
...
006 (9445545.000.000) 03/24 06:07:39 Image size of job updated: 112754696
	37768  -  MemoryUsage of job (MB)
	38673892  -  ResidentSetSize of job (KB)
...
006 (9445545.000.000) 03/24 06:12:40 Image size of job updated: 112799540
	37768  -  MemoryUsage of job (MB)
	38673892  -  ResidentSetSize of job (KB)
...
006 (9445545.000.000) 03/24 06:17:40 Image size of job updated: 112843216
	37768  -  MemoryUsage of job (MB)
	38673892  -  ResidentSetSize of job (KB)
...
006 (9445545.000.000) 03/24 06:22:41 Image size of job updated: 112885872
	37768  -  MemoryUsage of job (MB)
	38673892  -  ResidentSetSize of job (KB)
...
006 (9445545.000.000) 03/24 06:27:42 Image size of job updated: 112927464
	37768  -  MemoryUsage of job (MB)
	38673892  -  ResidentSetSize of job (KB)
...
006 (9445545.000.000) 03/24 06:32:42 Image size of job updated: 112972188
	37768  -  MemoryUsage of job (MB)
	38673892  -  ResidentSetSize of job (KB)
...
006 (9445545.000.000) 03/24 06:37:42 Image size of job updated: 113016928
	37768  -  MemoryUsage of job (MB)
	38673892  -  ResidentSetSize of job (KB)
...
006 (9445545.000.000) 03/24 06:42:43 Image size of job updated: 113059576
	37768  -  MemoryUsage of job (MB)
	38673892  -  ResidentSetSize of job (KB)
...
006 (9445545.000.000) 03/24 06:47:44 Image size of job updated: 113103280
	37768  -  MemoryUsage of job (MB)
	38673892  -  ResidentSetSize of job (KB)
...
006 (9445545.000.000) 03/24 06:52:44 Image size of job updated: 113146964
	37768  -  MemoryUsage of job (MB)
	38673892  -  ResidentSetSize of job (KB)
...
006 (9445545.000.000) 03/24 06:57:44 Image size of job updated: 113190612
	37768  -  MemoryUsage of job (MB)
	38673892  -  ResidentSetSize of job (KB)
...
006 (9445545.000.000) 03/24 07:02:45 Image size of job updated: 113235348
	37768  -  MemoryUsage of job (MB)
	38673892  -  ResidentSetSize of job (KB)
...
006 (9445545.000.000) 03/24 07:07:45 Image size of job updated: 113280060
	37768  -  MemoryUsage of job (MB)
	38673892  -  ResidentSetSize of job (KB)
...
006 (9445545.000.000) 03/24 07:12:45 Image size of job updated: 113326856
	37768  -  MemoryUsage of job (MB)
	38673892  -  ResidentSetSize of job (KB)
...
006 (9445545.000.000) 03/24 07:17:46 Image size of job updated: 113371124
	37768  -  MemoryUsage of job (MB)
	38673892  -  ResidentSetSize of job (KB)
...
006 (9445545.000.000) 03/24 07:22:47 Image size of job updated: 113412720
	37768  -  MemoryUsage of job (MB)
	38673892  -  ResidentSetSize of job (KB)
...
006 (9445545.000.000) 03/24 07:27:47 Image size of job updated: 113456324
	37768  -  MemoryUsage of job (MB)
	38673892  -  ResidentSetSize of job (KB)
...
006 (9445545.000.000) 03/24 07:32:48 Image size of job updated: 113501044
	37768  -  MemoryUsage of job (MB)
	38673892  -  ResidentSetSize of job (KB)
...
006 (9445545.000.000) 03/24 07:37:49 Image size of job updated: 113542652
	37768  -  MemoryUsage of job (MB)
	38673892  -  ResidentSetSize of job (KB)
...
006 (9445545.000.000) 03/24 07:42:49 Image size of job updated: 113587376
	37768  -  MemoryUsage of job (MB)
	38673892  -  ResidentSetSize of job (KB)
...
006 (9445545.000.000) 03/24 07:47:49 Image size of job updated: 113628984
	37768  -  MemoryUsage of job (MB)
	38673892  -  ResidentSetSize of job (KB)
...
006 (9445545.000.000) 03/24 07:52:50 Image size of job updated: 113671636
	37768  -  MemoryUsage of job (MB)
	38673892  -  ResidentSetSize of job (KB)
...
006 (9445545.000.000) 03/24 07:57:51 Image size of job updated: 113714276
	37768  -  MemoryUsage of job (MB)
	38673892  -  ResidentSetSize of job (KB)
...
006 (9445545.000.000) 03/24 08:02:51 Image size of job updated: 113757544
	37768  -  MemoryUsage of job (MB)
	38673892  -  ResidentSetSize of job (KB)
...
006 (9445545.000.000) 03/24 08:07:52 Image size of job updated: 113800200
	37768  -  MemoryUsage of job (MB)
	38673892  -  ResidentSetSize of job (KB)
...
006 (9445545.000.000) 03/24 08:12:53 Image size of job updated: 113845460
	37768  -  MemoryUsage of job (MB)
	38673892  -  ResidentSetSize of job (KB)
...
006 (9445545.000.000) 03/24 08:17:53 Image size of job updated: 113888100
	37768  -  MemoryUsage of job (MB)
	38673892  -  ResidentSetSize of job (KB)
...
006 (9445545.000.000) 03/24 08:22:53 Image size of job updated: 113933176
	37768  -  MemoryUsage of job (MB)
	38673892  -  ResidentSetSize of job (KB)
...
006 (9445545.000.000) 03/24 08:27:55 Image size of job updated: 113978752
	37768  -  MemoryUsage of job (MB)
	38673892  -  ResidentSetSize of job (KB)
...
006 (9445545.000.000) 03/24 08:32:55 Image size of job updated: 114023476
	37768  -  MemoryUsage of job (MB)
	38673892  -  ResidentSetSize of job (KB)
...
006 (9445545.000.000) 03/24 08:37:55 Image size of job updated: 114068208
	37768  -  MemoryUsage of job (MB)
	38673892  -  ResidentSetSize of job (KB)
...
006 (9445545.000.000) 03/24 08:42:56 Image size of job updated: 114113960
	37768  -  MemoryUsage of job (MB)
	38673892  -  ResidentSetSize of job (KB)
...
006 (9445545.000.000) 03/24 08:47:57 Image size of job updated: 114157512
	37768  -  MemoryUsage of job (MB)
	38673892  -  ResidentSetSize of job (KB)
...
006 (9445545.000.000) 03/24 08:52:57 Image size of job updated: 114202240
	37768  -  MemoryUsage of job (MB)
	38673892  -  ResidentSetSize of job (KB)
...
006 (9445545.000.000) 03/24 08:57:57 Image size of job updated: 114245916
	37768  -  MemoryUsage of job (MB)
	38673892  -  ResidentSetSize of job (KB)
...
006 (9445545.000.000) 03/24 09:02:58 Image size of job updated: 114288560
	37768  -  MemoryUsage of job (MB)
	38673892  -  ResidentSetSize of job (KB)
...
006 (9445545.000.000) 03/24 09:07:59 Image size of job updated: 114332244
	37768  -  MemoryUsage of job (MB)
	38673892  -  ResidentSetSize of job (KB)
...
006 (9445545.000.000) 03/24 09:12:59 Image size of job updated: 114373824
	37768  -  MemoryUsage of job (MB)
	38673892  -  ResidentSetSize of job (KB)
...
006 (9445545.000.000) 03/24 09:17:59 Image size of job updated: 114417508
	37768  -  MemoryUsage of job (MB)
	38673892  -  ResidentSetSize of job (KB)
...
006 (9445545.000.000) 03/24 09:23:00 Image size of job updated: 114462224
	37768  -  MemoryUsage of job (MB)
	38673892  -  ResidentSetSize of job (KB)
...
006 (9445545.000.000) 03/24 09:28:01 Image size of job updated: 114500708
	37768  -  MemoryUsage of job (MB)
	38673892  -  ResidentSetSize of job (KB)
...
006 (9445545.000.000) 03/24 09:33:01 Image size of job updated: 114540728
	37768  -  MemoryUsage of job (MB)
	38673892  -  ResidentSetSize of job (KB)
...
006 (9445545.000.000) 03/24 09:38:02 Image size of job updated: 114579216
	37768  -  MemoryUsage of job (MB)
	38673892  -  ResidentSetSize of job (KB)
...
006 (9445545.000.000) 03/24 09:43:03 Image size of job updated: 114616652
	37768  -  MemoryUsage of job (MB)
	38673892  -  ResidentSetSize of job (KB)
...
006 (9445545.000.000) 03/24 09:48:03 Image size of job updated: 114655120
	37768  -  MemoryUsage of job (MB)
	38673892  -  ResidentSetSize of job (KB)
...
006 (9445545.000.000) 03/24 09:53:03 Image size of job updated: 114693608
	37768  -  MemoryUsage of job (MB)
	38673892  -  ResidentSetSize of job (KB)
...
006 (9445545.000.000) 03/24 09:58:05 Image size of job updated: 114732088
	37768  -  MemoryUsage of job (MB)
	38673892  -  ResidentSetSize of job (KB)
...
006 (9445545.000.000) 03/24 10:03:05 Image size of job updated: 114771612
	37768  -  MemoryUsage of job (MB)
	38673892  -  ResidentSetSize of job (KB)
...
006 (9445545.000.000) 03/24 10:08:05 Image size of job updated: 114811144
	37768  -  MemoryUsage of job (MB)
	38673892  -  ResidentSetSize of job (KB)
...
006 (9445545.000.000) 03/24 10:13:06 Image size of job updated: 114849196
	37768  -  MemoryUsage of job (MB)
	38673892  -  ResidentSetSize of job (KB)
...
006 (9445545.000.000) 03/24 10:18:07 Image size of job updated: 114888248
	37768  -  MemoryUsage of job (MB)
	38673892  -  ResidentSetSize of job (KB)
...
006 (9445545.000.000) 03/24 10:23:07 Image size of job updated: 114931052
	37768  -  MemoryUsage of job (MB)
	38673892  -  ResidentSetSize of job (KB)
...
006 (9445545.000.000) 03/24 10:28:07 Image size of job updated: 114973768
	37768  -  MemoryUsage of job (MB)
	38673892  -  ResidentSetSize of job (KB)
...
006 (9445545.000.000) 03/24 10:33:08 Image size of job updated: 115015380
	37768  -  MemoryUsage of job (MB)
	38673892  -  ResidentSetSize of job (KB)
...
006 (9445545.000.000) 03/24 10:38:08 Image size of job updated: 115056992
	37768  -  MemoryUsage of job (MB)
	38673892  -  ResidentSetSize of job (KB)
...
006 (9445545.000.000) 03/24 10:43:08 Image size of job updated: 115099648
	37768  -  MemoryUsage of job (MB)
	38673892  -  ResidentSetSize of job (KB)
...
006 (9445545.000.000) 03/24 10:48:09 Image size of job updated: 115142300
	37768  -  MemoryUsage of job (MB)
	38673892  -  ResidentSetSize of job (KB)
...
006 (9445545.000.000) 03/24 10:53:10 Image size of job updated: 115184964
	37768  -  MemoryUsage of job (MB)
	38673892  -  ResidentSetSize of job (KB)
...
006 (9445545.000.000) 03/24 10:58:10 Image size of job updated: 115224484
	37768  -  MemoryUsage of job (MB)
	38673892  -  ResidentSetSize of job (KB)
...
006 (9445545.000.000) 03/24 11:03:11 Image size of job updated: 115266920
	37768  -  MemoryUsage of job (MB)
	38673892  -  ResidentSetSize of job (KB)
...
006 (9445545.000.000) 03/24 11:08:12 Image size of job updated: 115311644
	37768  -  MemoryUsage of job (MB)
	38673892  -  ResidentSetSize of job (KB)
...
006 (9445545.000.000) 03/24 11:13:12 Image size of job updated: 115355328
	37768  -  MemoryUsage of job (MB)
	38673892  -  ResidentSetSize of job (KB)
...
006 (9445545.000.000) 03/24 11:18:12 Image size of job updated: 115400864
	37768  -  MemoryUsage of job (MB)
	38673892  -  ResidentSetSize of job (KB)
...
006 (9445545.000.000) 03/24 11:23:14 Image size of job updated: 115446632
	37768  -  MemoryUsage of job (MB)
	38673892  -  ResidentSetSize of job (KB)
...
006 (9445545.000.000) 03/24 11:28:14 Image size of job updated: 115492404
	37768  -  MemoryUsage of job (MB)
	38673892  -  ResidentSetSize of job (KB)
...
