000 (9538374.000.000) 04/02 10:20:30 Job submitted from host: <137.138.156.150:9618?addrs=137.138.156.150-9618+[2001-1458-d00-14--9a]-9618&alias=bigbird13.cern.ch&noUDP&sock=schedd_5144_ef43>
...
040 (9538374.000.000) 04/02 16:14:35 Started transferring input files
	Transferring to host: <128.142.57.18:9618?addrs=128.142.57.18-9618+[2001-1458-301-7--100-11]-9618&alias=b7s02p8306.cern.ch&noUDP&sock=slot1_10_3381_f863_8408>
...
040 (9538374.000.000) 04/02 16:14:35 Finished transferring input files
...
001 (9538374.000.000) 04/02 16:14:36 Job executing on host: <128.142.57.18:9618?addrs=128.142.57.18-9618+[2001-1458-301-7--100-11]-9618&alias=b7s02p8306.cern.ch&noUDP&sock=startd_2891_9063>
...
006 (9538374.000.000) 04/02 16:14:45 Image size of job updated: 453392
	39  -  MemoryUsage of job (MB)
	39732  -  ResidentSetSize of job (KB)
...
006 (9538374.000.000) 04/02 16:17:21 Image size of job updated: 19896108
	39  -  MemoryUsage of job (MB)
	39732  -  ResidentSetSize of job (KB)
...
040 (9538374.000.000) 04/02 16:17:21 Started transferring output files
...
040 (9538374.000.000) 04/02 16:17:21 Finished transferring output files
...
005 (9538374.000.000) 04/02 16:17:21 Job terminated.
	(1) Normal termination (return value 0)
		Usr 0 00:00:18, Sys 0 00:00:03  -  Run Remote Usage
		Usr 0 00:00:00, Sys 0 00:00:00  -  Run Local Usage
		Usr 0 00:00:18, Sys 0 00:00:03  -  Total Remote Usage
		Usr 0 00:00:00, Sys 0 00:00:00  -  Total Local Usage
	15702  -  Run Bytes Sent By Job
	196  -  Run Bytes Received By Job
	15702  -  Total Bytes Sent By Job
	196  -  Total Bytes Received By Job
	Partitionable Resources :    Usage  Request Allocated 
	   Cpus                 :                 1         1 
	   Disk (KB)            :       29        1   1358213 
	   Memory (MB)          :       39     2000      2000 

	Job terminated of its own accord at 2024-04-02T14:17:21Z.
...
