000 (9445112.000.000) 03/22 14:24:45 Job submitted from host: <137.138.156.150:9618?addrs=137.138.156.150-9618+[2001-1458-d00-14--9a]-9618&alias=bigbird13.cern.ch&noUDP&sock=schedd_5144_ef43>
...
040 (9445112.000.000) 03/22 17:30:55 Started transferring input files
	Transferring to host: <128.142.58.138:9618?addrs=128.142.58.138-9618&alias=b7s03p4336.cern.ch&noUDP&sock=slot1_4_7644_a3b0_94624>
...
040 (9445112.000.000) 03/22 17:30:55 Finished transferring input files
...
001 (9445112.000.000) 03/22 17:30:56 Job executing on host: <128.142.58.138:9618?addrs=128.142.58.138-9618&alias=b7s03p4336.cern.ch&noUDP&sock=startd_7595_1de3>
...
006 (9445112.000.000) 03/22 17:31:05 Image size of job updated: 465996
	51  -  MemoryUsage of job (MB)
	51704  -  ResidentSetSize of job (KB)
...
006 (9445112.000.000) 03/22 17:36:06 Image size of job updated: 615704
	85  -  MemoryUsage of job (MB)
	86228  -  ResidentSetSize of job (KB)
...
006 (9445112.000.000) 03/22 17:41:06 Image size of job updated: 615860
	85  -  MemoryUsage of job (MB)
	86840  -  ResidentSetSize of job (KB)
...
006 (9445112.000.000) 03/22 17:46:07 Image size of job updated: 615860
	86  -  MemoryUsage of job (MB)
	87144  -  ResidentSetSize of job (KB)
...
006 (9445112.000.000) 03/22 17:51:08 Image size of job updated: 616884
	86  -  MemoryUsage of job (MB)
	87340  -  ResidentSetSize of job (KB)
...
006 (9445112.000.000) 03/22 17:56:08 Image size of job updated: 616884
	86  -  MemoryUsage of job (MB)
	87608  -  ResidentSetSize of job (KB)
...
006 (9445112.000.000) 03/22 18:01:08 Image size of job updated: 4650980
	1998  -  MemoryUsage of job (MB)
	2044960  -  ResidentSetSize of job (KB)
...
006 (9445112.000.000) 03/22 18:06:09 Image size of job updated: 9123112
	6308  -  MemoryUsage of job (MB)
	6458376  -  ResidentSetSize of job (KB)
...
006 (9445112.000.000) 03/22 18:11:10 Image size of job updated: 13472600
	10519  -  MemoryUsage of job (MB)
	10770448  -  ResidentSetSize of job (KB)
...
006 (9445112.000.000) 03/22 18:16:10 Image size of job updated: 17548608
	14640  -  MemoryUsage of job (MB)
	14990624  -  ResidentSetSize of job (KB)
...
006 (9445112.000.000) 03/22 18:21:11 Image size of job updated: 21558052
	18469  -  MemoryUsage of job (MB)
	18911664  -  ResidentSetSize of job (KB)
...
006 (9445112.000.000) 03/22 18:26:12 Image size of job updated: 24940780
	18469  -  MemoryUsage of job (MB)
	18911664  -  ResidentSetSize of job (KB)
...
006 (9445112.000.000) 03/22 18:31:12 Image size of job updated: 29009092
	18469  -  MemoryUsage of job (MB)
	18911664  -  ResidentSetSize of job (KB)
...
006 (9445112.000.000) 03/22 18:36:12 Image size of job updated: 33208212
	18612  -  MemoryUsage of job (MB)
	19058004  -  ResidentSetSize of job (KB)
...
006 (9445112.000.000) 03/22 18:41:13 Image size of job updated: 37177680
	18612  -  MemoryUsage of job (MB)
	19058004  -  ResidentSetSize of job (KB)
...
006 (9445112.000.000) 03/22 18:46:13 Image size of job updated: 41482504
	18612  -  MemoryUsage of job (MB)
	19058004  -  ResidentSetSize of job (KB)
...
006 (9445112.000.000) 03/22 18:51:13 Image size of job updated: 45632620
	18612  -  MemoryUsage of job (MB)
	19058004  -  ResidentSetSize of job (KB)
...
006 (9445112.000.000) 03/22 18:56:14 Image size of job updated: 49187468
	18612  -  MemoryUsage of job (MB)
	19058004  -  ResidentSetSize of job (KB)
...
006 (9445112.000.000) 03/22 19:01:15 Image size of job updated: 51068560
	18612  -  MemoryUsage of job (MB)
	19058004  -  ResidentSetSize of job (KB)
...
006 (9445112.000.000) 03/22 19:06:15 Image size of job updated: 53029972
	18612  -  MemoryUsage of job (MB)
	19058004  -  ResidentSetSize of job (KB)
...
006 (9445112.000.000) 03/22 19:11:16 Image size of job updated: 54430832
	18612  -  MemoryUsage of job (MB)
	19058004  -  ResidentSetSize of job (KB)
...
006 (9445112.000.000) 03/22 19:16:16 Image size of job updated: 55960612
	18612  -  MemoryUsage of job (MB)
	19058004  -  ResidentSetSize of job (KB)
...
006 (9445112.000.000) 03/22 19:21:16 Image size of job updated: 57494960
	18612  -  MemoryUsage of job (MB)
	19058004  -  ResidentSetSize of job (KB)
...
006 (9445112.000.000) 03/22 19:26:18 Image size of job updated: 58964972
	18612  -  MemoryUsage of job (MB)
	19058004  -  ResidentSetSize of job (KB)
...
006 (9445112.000.000) 03/22 19:31:18 Image size of job updated: 60538472
	18612  -  MemoryUsage of job (MB)
	19058004  -  ResidentSetSize of job (KB)
...
006 (9445112.000.000) 03/22 19:36:18 Image size of job updated: 62027856
	18612  -  MemoryUsage of job (MB)
	19058004  -  ResidentSetSize of job (KB)
...
006 (9445112.000.000) 03/22 19:41:19 Image size of job updated: 63508568
	18612  -  MemoryUsage of job (MB)
	19058004  -  ResidentSetSize of job (KB)
...
006 (9445112.000.000) 03/22 19:46:20 Image size of job updated: 64870640
	18612  -  MemoryUsage of job (MB)
	19058004  -  ResidentSetSize of job (KB)
...
006 (9445112.000.000) 03/22 19:51:20 Image size of job updated: 65971896
	18612  -  MemoryUsage of job (MB)
	19058004  -  ResidentSetSize of job (KB)
...
006 (9445112.000.000) 03/22 19:56:21 Image size of job updated: 67497312
	18612  -  MemoryUsage of job (MB)
	19058004  -  ResidentSetSize of job (KB)
...
006 (9445112.000.000) 03/22 20:01:22 Image size of job updated: 68922972
	18612  -  MemoryUsage of job (MB)
	19058004  -  ResidentSetSize of job (KB)
...
006 (9445112.000.000) 03/22 20:06:22 Image size of job updated: 70359360
	18612  -  MemoryUsage of job (MB)
	19058004  -  ResidentSetSize of job (KB)
...
006 (9445112.000.000) 03/22 20:10:10 Image size of job updated: 71520516
	18612  -  MemoryUsage of job (MB)
	19058004  -  ResidentSetSize of job (KB)
...
040 (9445112.000.000) 03/22 20:10:10 Started transferring output files
...
040 (9445112.000.000) 03/22 20:10:10 Finished transferring output files
...
004 (9445112.000.000) 03/22 20:10:10 Job was evicted.
	(0) CPU times
		Usr 0 01:05:24, Sys 0 00:17:20  -  Run Remote Usage
		Usr 0 00:00:00, Sys 0 00:00:00  -  Run Local Usage
	5747478  -  Run Bytes Sent By Job
	200  -  Run Bytes Received By Job
	Partitionable Resources :    Usage  Request Allocated 
	   Cpus                 :     0.38        1         1 
	   Disk (KB)            :  5633           1   1249633 
	   Memory (MB)          : 18612        2000      2000 
...
009 (9445112.000.000) 03/22 20:10:10 Job was aborted.
	via condor_rm (by user tcritchl)
...
