000 (9457101.000.000) 03/26 10:02:22 Job submitted from host: <137.138.156.150:9618?addrs=137.138.156.150-9618+[2001-1458-d00-14--9a]-9618&alias=bigbird13.cern.ch&noUDP&sock=schedd_5144_ef43>
...
040 (9457101.000.000) 03/26 14:06:24 Started transferring input files
	Transferring to host: <128.142.56.80:9618?addrs=128.142.56.80-9618&alias=b7s01p0882.cern.ch&noUDP&sock=slot1_6_7565_fa0d_81026>
...
040 (9457101.000.000) 03/26 14:06:24 Finished transferring input files
...
001 (9457101.000.000) 03/26 14:06:25 Job executing on host: <128.142.56.80:9618?addrs=128.142.56.80-9618&alias=b7s01p0882.cern.ch&noUDP&sock=startd_7497_e59b>
...
006 (9457101.000.000) 03/26 14:06:34 Image size of job updated: 2850536
	99  -  MemoryUsage of job (MB)
	100500  -  ResidentSetSize of job (KB)
...
006 (9457101.000.000) 03/26 14:11:35 Image size of job updated: 14412324
	11416  -  MemoryUsage of job (MB)
	11689672  -  ResidentSetSize of job (KB)
...
006 (9457101.000.000) 03/26 14:16:35 Image size of job updated: 21580884
	18464  -  MemoryUsage of job (MB)
	18906692  -  ResidentSetSize of job (KB)
...
006 (9457101.000.000) 03/26 14:21:35 Image size of job updated: 22006172
	18464  -  MemoryUsage of job (MB)
	18906784  -  ResidentSetSize of job (KB)
...
006 (9457101.000.000) 03/26 14:26:36 Image size of job updated: 22006172
	18571  -  MemoryUsage of job (MB)
	19016216  -  ResidentSetSize of job (KB)
...
006 (9457101.000.000) 03/26 14:31:37 Image size of job updated: 22354332
	19228  -  MemoryUsage of job (MB)
	19688900  -  ResidentSetSize of job (KB)
...
006 (9457101.000.000) 03/26 15:26:42 Image size of job updated: 24367516
	19228  -  MemoryUsage of job (MB)
	19688900  -  ResidentSetSize of job (KB)
...
006 (9457101.000.000) 03/26 15:31:43 Image size of job updated: 24432028
	19228  -  MemoryUsage of job (MB)
	19688900  -  ResidentSetSize of job (KB)
...
006 (9457101.000.000) 03/26 16:16:47 Image size of job updated: 26254748
	19228  -  MemoryUsage of job (MB)
	19688900  -  ResidentSetSize of job (KB)
...
006 (9457101.000.000) 03/26 16:21:48 Image size of job updated: 26451356
	19228  -  MemoryUsage of job (MB)
	19688900  -  ResidentSetSize of job (KB)
...
006 (9457101.000.000) 03/26 16:46:51 Image size of job updated: 26759580
	19228  -  MemoryUsage of job (MB)
	19688900  -  ResidentSetSize of job (KB)
...
006 (9457101.000.000) 03/26 16:51:51 Image size of job updated: 28393884
	19228  -  MemoryUsage of job (MB)
	19688900  -  ResidentSetSize of job (KB)
...
006 (9457101.000.000) 03/26 16:56:52 Image size of job updated: 28523932
	19228  -  MemoryUsage of job (MB)
	19688900  -  ResidentSetSize of job (KB)
...
006 (9457101.000.000) 03/26 17:11:54 Image size of job updated: 29972892
	19228  -  MemoryUsage of job (MB)
	19688900  -  ResidentSetSize of job (KB)
...
006 (9457101.000.000) 03/26 17:16:55 Image size of job updated: 30451100
	19228  -  MemoryUsage of job (MB)
	19688900  -  ResidentSetSize of job (KB)
...
006 (9457101.000.000) 03/26 17:31:57 Image size of job updated: 31962524
	19228  -  MemoryUsage of job (MB)
	19688900  -  ResidentSetSize of job (KB)
...
006 (9457101.000.000) 03/26 17:36:57 Image size of job updated: 32332188
	19228  -  MemoryUsage of job (MB)
	19688900  -  ResidentSetSize of job (KB)
...
006 (9457101.000.000) 03/26 17:51:58 Image size of job updated: 33999260
	19228  -  MemoryUsage of job (MB)
	19688900  -  ResidentSetSize of job (KB)
...
006 (9457101.000.000) 03/26 17:56:58 Image size of job updated: 34240924
	19228  -  MemoryUsage of job (MB)
	19688900  -  ResidentSetSize of job (KB)
...
006 (9457101.000.000) 03/26 18:07:00 Image size of job updated: 35378588
	19228  -  MemoryUsage of job (MB)
	19688900  -  ResidentSetSize of job (KB)
...
006 (9457101.000.000) 03/26 18:12:00 Image size of job updated: 36093340
	19228  -  MemoryUsage of job (MB)
	19688900  -  ResidentSetSize of job (KB)
...
006 (9457101.000.000) 03/26 18:37:03 Image size of job updated: 36171164
	19228  -  MemoryUsage of job (MB)
	19688900  -  ResidentSetSize of job (KB)
...
040 (9457101.000.000) 03/26 18:41:36 Started transferring output files
...
040 (9457101.000.000) 03/26 18:41:36 Finished transferring output files
...
005 (9457101.000.000) 03/26 18:41:37 Job terminated.
	(1) Normal termination (return value 1)
		Usr 0 00:20:15, Sys 0 00:07:31  -  Run Remote Usage
		Usr 0 00:00:00, Sys 0 00:00:00  -  Run Local Usage
		Usr 0 00:20:15, Sys 0 00:07:31  -  Total Remote Usage
		Usr 0 00:00:00, Sys 0 00:00:00  -  Total Local Usage
	11284  -  Run Bytes Sent By Job
	198  -  Run Bytes Received By Job
	11284  -  Total Bytes Sent By Job
	198  -  Total Bytes Received By Job
	Partitionable Resources :    Usage  Request Allocated 
	   Cpus                 :     0.03        1         1 
	   Disk (KB)            :    31           1   1220202 
	   Memory (MB)          : 19228        2000      2000 

	Job terminated of its own accord at 2024-03-26T17:41:36Z.
...
