000 (9619791.000.000) 04/10 15:33:46 Job submitted from host: <137.138.156.150:9618?addrs=137.138.156.150-9618+[2001-1458-d00-14--9a]-9618&alias=bigbird13.cern.ch&noUDP&sock=schedd_2138_1192>
...
040 (9619791.000.000) 04/10 17:02:45 Started transferring input files
	Transferring to host: <128.142.57.126:9618?addrs=128.142.57.126-9618&alias=b7s02p0455.cern.ch&noUDP&sock=slot1_1_7019_4537_99763>
...
040 (9619791.000.000) 04/10 17:02:45 Finished transferring input files
...
001 (9619791.000.000) 04/10 17:02:46 Job executing on host: <128.142.57.126:9618?addrs=128.142.57.126-9618&alias=b7s02p0455.cern.ch&noUDP&sock=startd_6956_d0de>
...
006 (9619791.000.000) 04/10 17:02:55 Image size of job updated: 18152
	13  -  MemoryUsage of job (MB)
	12840  -  ResidentSetSize of job (KB)
...
006 (9619791.000.000) 04/10 17:07:55 Image size of job updated: 1693320
	219  -  MemoryUsage of job (MB)
	223476  -  ResidentSetSize of job (KB)
...
006 (9619791.000.000) 04/10 17:12:55 Image size of job updated: 16959440
	1955  -  MemoryUsage of job (MB)
	2001912  -  ResidentSetSize of job (KB)
...
006 (9619791.000.000) 04/10 17:17:56 Image size of job updated: 21695400
	2143  -  MemoryUsage of job (MB)
	2193468  -  ResidentSetSize of job (KB)
...
006 (9619791.000.000) 04/10 17:22:57 Image size of job updated: 21695400
	2167  -  MemoryUsage of job (MB)
	2218652  -  ResidentSetSize of job (KB)
...
006 (9619791.000.000) 04/10 17:27:57 Image size of job updated: 21695400
	2168  -  MemoryUsage of job (MB)
	2220016  -  ResidentSetSize of job (KB)
...
006 (9619791.000.000) 04/10 17:32:58 Image size of job updated: 21695400
	2192  -  MemoryUsage of job (MB)
	2244324  -  ResidentSetSize of job (KB)
...
006 (9619791.000.000) 04/10 17:37:59 Image size of job updated: 21695400
	2214  -  MemoryUsage of job (MB)
	2266564  -  ResidentSetSize of job (KB)
...
006 (9619791.000.000) 04/10 17:42:59 Image size of job updated: 21756708
	2235  -  MemoryUsage of job (MB)
	2288500  -  ResidentSetSize of job (KB)
...
006 (9619791.000.000) 04/10 17:47:59 Image size of job updated: 21756708
	2236  -  MemoryUsage of job (MB)
	2288912  -  ResidentSetSize of job (KB)
...
006 (9619791.000.000) 04/10 17:53:00 Image size of job updated: 21756708
	2236  -  MemoryUsage of job (MB)
	2289296  -  ResidentSetSize of job (KB)
...
006 (9619791.000.000) 04/10 17:58:01 Image size of job updated: 21756708
	2257  -  MemoryUsage of job (MB)
	2310640  -  ResidentSetSize of job (KB)
...
006 (9619791.000.000) 04/10 18:03:01 Image size of job updated: 21756708
	2278  -  MemoryUsage of job (MB)
	2331972  -  ResidentSetSize of job (KB)
...
006 (9619791.000.000) 04/10 18:08:01 Image size of job updated: 21756708
	2278  -  MemoryUsage of job (MB)
	2332124  -  ResidentSetSize of job (KB)
...
006 (9619791.000.000) 04/10 18:13:02 Image size of job updated: 21756708
	2299  -  MemoryUsage of job (MB)
	2353712  -  ResidentSetSize of job (KB)
...
006 (9619791.000.000) 04/10 18:18:02 Image size of job updated: 21756708
	2320  -  MemoryUsage of job (MB)
	2375064  -  ResidentSetSize of job (KB)
...
006 (9619791.000.000) 04/10 18:28:03 Image size of job updated: 21756708
	2341  -  MemoryUsage of job (MB)
	2396356  -  ResidentSetSize of job (KB)
...
006 (9619791.000.000) 04/10 18:33:04 Image size of job updated: 21756708
	2362  -  MemoryUsage of job (MB)
	2417772  -  ResidentSetSize of job (KB)
...
006 (9619791.000.000) 04/10 18:38:04 Image size of job updated: 21756708
	2382  -  MemoryUsage of job (MB)
	2439064  -  ResidentSetSize of job (KB)
...
006 (9619791.000.000) 04/10 18:43:04 Image size of job updated: 21756708
	2382  -  MemoryUsage of job (MB)
	2439104  -  ResidentSetSize of job (KB)
...
006 (9619791.000.000) 04/10 18:48:05 Image size of job updated: 21756708
	2403  -  MemoryUsage of job (MB)
	2460284  -  ResidentSetSize of job (KB)
...
006 (9619791.000.000) 04/10 18:53:05 Image size of job updated: 21756708
	2424  -  MemoryUsage of job (MB)
	2481512  -  ResidentSetSize of job (KB)
...
006 (9619791.000.000) 04/10 19:03:06 Image size of job updated: 21756708
	2445  -  MemoryUsage of job (MB)
	2502964  -  ResidentSetSize of job (KB)
...
006 (9619791.000.000) 04/10 19:08:07 Image size of job updated: 21756708
	2465  -  MemoryUsage of job (MB)
	2523996  -  ResidentSetSize of job (KB)
...
040 (9619791.000.000) 04/10 19:12:02 Started transferring output files
...
040 (9619791.000.000) 04/10 19:12:02 Finished transferring output files
...
005 (9619791.000.000) 04/10 19:12:02 Job terminated.
	(1) Normal termination (return value 0)
		Usr 0 03:10:25, Sys 0 00:21:35  -  Run Remote Usage
		Usr 0 00:00:00, Sys 0 00:00:00  -  Run Local Usage
		Usr 0 03:10:25, Sys 0 00:21:35  -  Total Remote Usage
		Usr 0 00:00:00, Sys 0 00:00:00  -  Total Local Usage
	14915  -  Run Bytes Sent By Job
	194  -  Run Bytes Received By Job
	14915  -  Total Bytes Sent By Job
	194  -  Total Bytes Received By Job
	Partitionable Resources :    Usage  Request Allocated 
	   Cpus                 :     1.78        1         1 
	   Disk (KB)            :    35           1   1289886 
	   Memory (MB)          :  2465        2000      2000 

	Job terminated of its own accord at 2024-04-10T17:12:02Z.
...
