000 (9445532.000.000) 03/23 14:39:11 Job submitted from host: <137.138.156.150:9618?addrs=137.138.156.150-9618+[2001-1458-d00-14--9a]-9618&alias=bigbird13.cern.ch&noUDP&sock=schedd_5144_ef43>
...
040 (9445532.000.000) 03/23 16:00:58 Started transferring input files
	Transferring to host: <128.142.58.154:9618?addrs=128.142.58.154-9618&alias=b7s03p3180.cern.ch&noUDP&sock=slot1_16_7024_cb17_79800>
...
040 (9445532.000.000) 03/23 16:00:58 Finished transferring input files
...
001 (9445532.000.000) 03/23 16:00:59 Job executing on host: <128.142.58.154:9618?addrs=128.142.58.154-9618&alias=b7s03p3180.cern.ch&noUDP&sock=startd_6959_dfa7>
...
006 (9445532.000.000) 03/23 16:01:07 Image size of job updated: 55248
	40  -  MemoryUsage of job (MB)
	40912  -  ResidentSetSize of job (KB)
...
006 (9445532.000.000) 03/23 16:06:07 Image size of job updated: 615692
	85  -  MemoryUsage of job (MB)
	86196  -  ResidentSetSize of job (KB)
...
006 (9445532.000.000) 03/23 16:11:08 Image size of job updated: 615848
	85  -  MemoryUsage of job (MB)
	86736  -  ResidentSetSize of job (KB)
...
006 (9445532.000.000) 03/23 16:16:09 Image size of job updated: 616872
	86  -  MemoryUsage of job (MB)
	87188  -  ResidentSetSize of job (KB)
...
006 (9445532.000.000) 03/23 16:21:09 Image size of job updated: 616872
	86  -  MemoryUsage of job (MB)
	87604  -  ResidentSetSize of job (KB)
...
006 (9445532.000.000) 03/23 16:26:09 Image size of job updated: 5636432
	2874  -  MemoryUsage of job (MB)
	2942760  -  ResidentSetSize of job (KB)
...
006 (9445532.000.000) 03/23 16:31:10 Image size of job updated: 10207880
	7332  -  MemoryUsage of job (MB)
	7507064  -  ResidentSetSize of job (KB)
...
006 (9445532.000.000) 03/23 16:36:10 Image size of job updated: 14802740
	11806  -  MemoryUsage of job (MB)
	12089116  -  ResidentSetSize of job (KB)
...
006 (9445532.000.000) 03/23 16:41:10 Image size of job updated: 19410592
	16282  -  MemoryUsage of job (MB)
	16672512  -  ResidentSetSize of job (KB)
...
006 (9445532.000.000) 03/23 16:46:11 Image size of job updated: 23892652
	20658  -  MemoryUsage of job (MB)
	21153236  -  ResidentSetSize of job (KB)
...
006 (9445532.000.000) 03/23 16:51:12 Image size of job updated: 28128256
	24958  -  MemoryUsage of job (MB)
	25556496  -  ResidentSetSize of job (KB)
...
006 (9445532.000.000) 03/23 16:56:12 Image size of job updated: 32580340
	24958  -  MemoryUsage of job (MB)
	25556496  -  ResidentSetSize of job (KB)
...
006 (9445532.000.000) 03/23 17:01:12 Image size of job updated: 37001664
	24958  -  MemoryUsage of job (MB)
	25556496  -  ResidentSetSize of job (KB)
...
006 (9445532.000.000) 03/23 17:06:13 Image size of job updated: 41537588
	24958  -  MemoryUsage of job (MB)
	25556496  -  ResidentSetSize of job (KB)
...
006 (9445532.000.000) 03/23 17:11:13 Image size of job updated: 46116060
	24958  -  MemoryUsage of job (MB)
	25556496  -  ResidentSetSize of job (KB)
...
006 (9445532.000.000) 03/23 17:16:13 Image size of job updated: 49313236
	24958  -  MemoryUsage of job (MB)
	25556496  -  ResidentSetSize of job (KB)
...
006 (9445532.000.000) 03/23 17:21:14 Image size of job updated: 50979868
	24958  -  MemoryUsage of job (MB)
	25556496  -  ResidentSetSize of job (KB)
...
006 (9445532.000.000) 03/23 17:26:15 Image size of job updated: 52532824
	24958  -  MemoryUsage of job (MB)
	25556496  -  ResidentSetSize of job (KB)
...
006 (9445532.000.000) 03/23 17:31:15 Image size of job updated: 54032504
	26269  -  MemoryUsage of job (MB)
	26898964  -  ResidentSetSize of job (KB)
...
006 (9445532.000.000) 03/23 17:36:15 Image size of job updated: 55689760
	26812  -  MemoryUsage of job (MB)
	27455184  -  ResidentSetSize of job (KB)
...
006 (9445532.000.000) 03/23 17:41:16 Image size of job updated: 56925816
	27997  -  MemoryUsage of job (MB)
	28668192  -  ResidentSetSize of job (KB)
...
006 (9445532.000.000) 03/23 17:46:17 Image size of job updated: 58421872
	27997  -  MemoryUsage of job (MB)
	28668192  -  ResidentSetSize of job (KB)
...
006 (9445532.000.000) 03/23 17:51:17 Image size of job updated: 60155812
	27997  -  MemoryUsage of job (MB)
	28668192  -  ResidentSetSize of job (KB)
...
006 (9445532.000.000) 03/23 17:56:18 Image size of job updated: 61687036
	27997  -  MemoryUsage of job (MB)
	28668192  -  ResidentSetSize of job (KB)
...
006 (9445532.000.000) 03/23 18:01:19 Image size of job updated: 63217312
	27997  -  MemoryUsage of job (MB)
	28668192  -  ResidentSetSize of job (KB)
...
006 (9445532.000.000) 03/23 18:06:19 Image size of job updated: 65015316
	27997  -  MemoryUsage of job (MB)
	28668192  -  ResidentSetSize of job (KB)
...
006 (9445532.000.000) 03/23 18:11:19 Image size of job updated: 66615008
	27997  -  MemoryUsage of job (MB)
	28668192  -  ResidentSetSize of job (KB)
...
006 (9445532.000.000) 03/23 18:16:20 Image size of job updated: 68270156
	27997  -  MemoryUsage of job (MB)
	28668192  -  ResidentSetSize of job (KB)
...
006 (9445532.000.000) 03/23 18:21:21 Image size of job updated: 69754352
	27997  -  MemoryUsage of job (MB)
	28668192  -  ResidentSetSize of job (KB)
...
006 (9445532.000.000) 03/23 18:26:21 Image size of job updated: 71467020
	27997  -  MemoryUsage of job (MB)
	28668192  -  ResidentSetSize of job (KB)
...
006 (9445532.000.000) 03/23 18:31:22 Image size of job updated: 73067000
	27997  -  MemoryUsage of job (MB)
	28668192  -  ResidentSetSize of job (KB)
...
006 (9445532.000.000) 03/23 18:36:23 Image size of job updated: 74667968
	27997  -  MemoryUsage of job (MB)
	28668192  -  ResidentSetSize of job (KB)
...
006 (9445532.000.000) 03/23 18:41:23 Image size of job updated: 76345496
	27997  -  MemoryUsage of job (MB)
	28668192  -  ResidentSetSize of job (KB)
...
006 (9445532.000.000) 03/23 18:46:23 Image size of job updated: 77885656
	27997  -  MemoryUsage of job (MB)
	28668192  -  ResidentSetSize of job (KB)
...
006 (9445532.000.000) 03/23 18:51:24 Image size of job updated: 79552372
	27997  -  MemoryUsage of job (MB)
	28668192  -  ResidentSetSize of job (KB)
...
006 (9445532.000.000) 03/23 18:56:24 Image size of job updated: 80977448
	27997  -  MemoryUsage of job (MB)
	28668192  -  ResidentSetSize of job (KB)
...
006 (9445532.000.000) 03/23 19:01:24 Image size of job updated: 82535808
	27997  -  MemoryUsage of job (MB)
	28668192  -  ResidentSetSize of job (KB)
...
006 (9445532.000.000) 03/23 19:06:25 Image size of job updated: 84066192
	27997  -  MemoryUsage of job (MB)
	28668192  -  ResidentSetSize of job (KB)
...
006 (9445532.000.000) 03/23 19:11:25 Image size of job updated: 85710692
	27997  -  MemoryUsage of job (MB)
	28668192  -  ResidentSetSize of job (KB)
...
006 (9445532.000.000) 03/23 19:16:25 Image size of job updated: 87176752
	27997  -  MemoryUsage of job (MB)
	28668192  -  ResidentSetSize of job (KB)
...
006 (9445532.000.000) 03/23 19:21:26 Image size of job updated: 88742152
	27997  -  MemoryUsage of job (MB)
	28668192  -  ResidentSetSize of job (KB)
...
006 (9445532.000.000) 03/23 19:26:27 Image size of job updated: 107477420
	38816  -  MemoryUsage of job (MB)
	39746816  -  ResidentSetSize of job (KB)
...
006 (9445532.000.000) 03/23 19:31:27 Image size of job updated: 107486284
	38869  -  MemoryUsage of job (MB)
	39801828  -  ResidentSetSize of job (KB)
...
006 (9445532.000.000) 03/23 19:36:28 Image size of job updated: 107521440
	38942  -  MemoryUsage of job (MB)
	39876240  -  ResidentSetSize of job (KB)
...
006 (9445532.000.000) 03/23 19:41:29 Image size of job updated: 107555816
	39020  -  MemoryUsage of job (MB)
	39956308  -  ResidentSetSize of job (KB)
...
006 (9445532.000.000) 03/23 19:46:29 Image size of job updated: 107590972
	39094  -  MemoryUsage of job (MB)
	40032060  -  ResidentSetSize of job (KB)
...
006 (9445532.000.000) 03/23 19:51:29 Image size of job updated: 107623004
	39163  -  MemoryUsage of job (MB)
	40102676  -  ResidentSetSize of job (KB)
...
006 (9445532.000.000) 03/23 19:56:30 Image size of job updated: 107655036
	39163  -  MemoryUsage of job (MB)
	40102676  -  ResidentSetSize of job (KB)
...
006 (9445532.000.000) 03/23 20:01:31 Image size of job updated: 107686288
	39163  -  MemoryUsage of job (MB)
	40102676  -  ResidentSetSize of job (KB)
...
006 (9445532.000.000) 03/23 20:06:31 Image size of job updated: 107717536
	39163  -  MemoryUsage of job (MB)
	40102676  -  ResidentSetSize of job (KB)
...
006 (9445532.000.000) 03/23 20:11:32 Image size of job updated: 107750352
	39163  -  MemoryUsage of job (MB)
	40102676  -  ResidentSetSize of job (KB)
...
006 (9445532.000.000) 03/23 20:16:33 Image size of job updated: 107782384
	39163  -  MemoryUsage of job (MB)
	40102676  -  ResidentSetSize of job (KB)
...
006 (9445532.000.000) 03/23 20:21:33 Image size of job updated: 107818760
	39163  -  MemoryUsage of job (MB)
	40102676  -  ResidentSetSize of job (KB)
...
006 (9445532.000.000) 03/23 20:26:33 Image size of job updated: 107856060
	39163  -  MemoryUsage of job (MB)
	40102676  -  ResidentSetSize of job (KB)
...
006 (9445532.000.000) 03/23 20:31:34 Image size of job updated: 107893152
	39163  -  MemoryUsage of job (MB)
	40102676  -  ResidentSetSize of job (KB)
...
006 (9445532.000.000) 03/23 20:36:34 Image size of job updated: 107931136
	39163  -  MemoryUsage of job (MB)
	40102676  -  ResidentSetSize of job (KB)
...
006 (9445532.000.000) 03/23 20:41:34 Image size of job updated: 107970032
	39163  -  MemoryUsage of job (MB)
	40102676  -  ResidentSetSize of job (KB)
...
006 (9445532.000.000) 03/23 20:46:35 Image size of job updated: 108008016
	39163  -  MemoryUsage of job (MB)
	40102676  -  ResidentSetSize of job (KB)
...
006 (9445532.000.000) 03/23 20:51:36 Image size of job updated: 108047032
	39163  -  MemoryUsage of job (MB)
	40102676  -  ResidentSetSize of job (KB)
...
006 (9445532.000.000) 03/23 20:56:36 Image size of job updated: 108085084
	39163  -  MemoryUsage of job (MB)
	40102676  -  ResidentSetSize of job (KB)
...
006 (9445532.000.000) 03/23 21:01:36 Image size of job updated: 108121668
	39163  -  MemoryUsage of job (MB)
	40102676  -  ResidentSetSize of job (KB)
...
006 (9445532.000.000) 03/23 21:06:37 Image size of job updated: 108160548
	39163  -  MemoryUsage of job (MB)
	40102676  -  ResidentSetSize of job (KB)
...
006 (9445532.000.000) 03/23 21:11:38 Image size of job updated: 108200356
	39163  -  MemoryUsage of job (MB)
	40102676  -  ResidentSetSize of job (KB)
...
006 (9445532.000.000) 03/23 21:16:38 Image size of job updated: 108240144
	39163  -  MemoryUsage of job (MB)
	40102676  -  ResidentSetSize of job (KB)
...
006 (9445532.000.000) 03/23 21:21:38 Image size of job updated: 108277784
	39163  -  MemoryUsage of job (MB)
	40102676  -  ResidentSetSize of job (KB)
...
006 (9445532.000.000) 03/23 21:26:39 Image size of job updated: 108314876
	39163  -  MemoryUsage of job (MB)
	40102676  -  ResidentSetSize of job (KB)
...
006 (9445532.000.000) 03/23 21:31:39 Image size of job updated: 108354676
	39163  -  MemoryUsage of job (MB)
	40102676  -  ResidentSetSize of job (KB)
...
006 (9445532.000.000) 03/23 21:36:39 Image size of job updated: 108395392
	39163  -  MemoryUsage of job (MB)
	40102676  -  ResidentSetSize of job (KB)
...
006 (9445532.000.000) 03/23 21:41:40 Image size of job updated: 108438028
	39163  -  MemoryUsage of job (MB)
	40102676  -  ResidentSetSize of job (KB)
...
006 (9445532.000.000) 03/23 21:46:41 Image size of job updated: 108477824
	39163  -  MemoryUsage of job (MB)
	40102676  -  ResidentSetSize of job (KB)
...
006 (9445532.000.000) 03/23 21:51:41 Image size of job updated: 108519436
	39163  -  MemoryUsage of job (MB)
	40102676  -  ResidentSetSize of job (KB)
...
006 (9445532.000.000) 03/23 21:56:41 Image size of job updated: 108561048
	39163  -  MemoryUsage of job (MB)
	40102676  -  ResidentSetSize of job (KB)
...
006 (9445532.000.000) 03/23 22:01:42 Image size of job updated: 108600844
	39163  -  MemoryUsage of job (MB)
	40102676  -  ResidentSetSize of job (KB)
...
006 (9445532.000.000) 03/23 22:06:43 Image size of job updated: 108640652
	39163  -  MemoryUsage of job (MB)
	40102676  -  ResidentSetSize of job (KB)
...
006 (9445532.000.000) 03/23 22:11:43 Image size of job updated: 108680440
	39163  -  MemoryUsage of job (MB)
	40102676  -  ResidentSetSize of job (KB)
...
006 (9445532.000.000) 03/23 22:16:43 Image size of job updated: 108722052
	39163  -  MemoryUsage of job (MB)
	40102676  -  ResidentSetSize of job (KB)
...
006 (9445532.000.000) 03/23 22:21:44 Image size of job updated: 108760940
	39163  -  MemoryUsage of job (MB)
	40102676  -  ResidentSetSize of job (KB)
...
006 (9445532.000.000) 03/23 22:26:45 Image size of job updated: 108801640
	39163  -  MemoryUsage of job (MB)
	40102676  -  ResidentSetSize of job (KB)
...
006 (9445532.000.000) 03/23 22:31:45 Image size of job updated: 108839624
	39163  -  MemoryUsage of job (MB)
	40102676  -  ResidentSetSize of job (KB)
...
006 (9445532.000.000) 03/23 22:36:46 Image size of job updated: 108879432
	39163  -  MemoryUsage of job (MB)
	40102676  -  ResidentSetSize of job (KB)
...
006 (9445532.000.000) 03/23 22:41:47 Image size of job updated: 108921168
	39163  -  MemoryUsage of job (MB)
	40102676  -  ResidentSetSize of job (KB)
...
006 (9445532.000.000) 03/23 22:46:47 Image size of job updated: 108962776
	39163  -  MemoryUsage of job (MB)
	40102676  -  ResidentSetSize of job (KB)
...
006 (9445532.000.000) 03/23 22:51:48 Image size of job updated: 109003472
	39163  -  MemoryUsage of job (MB)
	40102676  -  ResidentSetSize of job (KB)
...
006 (9445532.000.000) 03/23 22:56:49 Image size of job updated: 109044184
	39163  -  MemoryUsage of job (MB)
	40102676  -  ResidentSetSize of job (KB)
...
006 (9445532.000.000) 03/23 23:01:49 Image size of job updated: 109084536
	39163  -  MemoryUsage of job (MB)
	40102676  -  ResidentSetSize of job (KB)
...
006 (9445532.000.000) 03/23 23:06:49 Image size of job updated: 109125244
	39163  -  MemoryUsage of job (MB)
	40102676  -  ResidentSetSize of job (KB)
...
006 (9445532.000.000) 03/23 23:11:50 Image size of job updated: 109166372
	39163  -  MemoryUsage of job (MB)
	40102676  -  ResidentSetSize of job (KB)
...
006 (9445532.000.000) 03/23 23:16:51 Image size of job updated: 109206920
	39163  -  MemoryUsage of job (MB)
	40102676  -  ResidentSetSize of job (KB)
...
006 (9445532.000.000) 03/23 23:21:51 Image size of job updated: 109246712
	39163  -  MemoryUsage of job (MB)
	40102676  -  ResidentSetSize of job (KB)
...
006 (9445532.000.000) 03/23 23:26:51 Image size of job updated: 109283792
	39163  -  MemoryUsage of job (MB)
	40102676  -  ResidentSetSize of job (KB)
...
006 (9445532.000.000) 03/23 23:31:52 Image size of job updated: 109324448
	39163  -  MemoryUsage of job (MB)
	40102676  -  ResidentSetSize of job (KB)
...
006 (9445532.000.000) 03/23 23:36:52 Image size of job updated: 109365156
	39163  -  MemoryUsage of job (MB)
	40102676  -  ResidentSetSize of job (KB)
...
006 (9445532.000.000) 03/23 23:41:52 Image size of job updated: 109406440
	39163  -  MemoryUsage of job (MB)
	40102676  -  ResidentSetSize of job (KB)
...
006 (9445532.000.000) 03/23 23:46:53 Image size of job updated: 109448044
	39163  -  MemoryUsage of job (MB)
	40102676  -  ResidentSetSize of job (KB)
...
006 (9445532.000.000) 03/23 23:51:54 Image size of job updated: 109488752
	39163  -  MemoryUsage of job (MB)
	40102676  -  ResidentSetSize of job (KB)
...
006 (9445532.000.000) 03/23 23:56:54 Image size of job updated: 109525840
	39163  -  MemoryUsage of job (MB)
	40102676  -  ResidentSetSize of job (KB)
...
006 (9445532.000.000) 03/24 00:01:54 Image size of job updated: 109562032
	39163  -  MemoryUsage of job (MB)
	40102676  -  ResidentSetSize of job (KB)
...
006 (9445532.000.000) 03/24 00:06:56 Image size of job updated: 109598832
	39163  -  MemoryUsage of job (MB)
	40102676  -  ResidentSetSize of job (KB)
...
006 (9445532.000.000) 03/24 00:11:56 Image size of job updated: 109635024
	39163  -  MemoryUsage of job (MB)
	40102676  -  ResidentSetSize of job (KB)
...
006 (9445532.000.000) 03/24 00:16:56 Image size of job updated: 109670296
	39163  -  MemoryUsage of job (MB)
	40102676  -  ResidentSetSize of job (KB)
...
006 (9445532.000.000) 03/24 00:21:57 Image size of job updated: 109707372
	39163  -  MemoryUsage of job (MB)
	40102676  -  ResidentSetSize of job (KB)
...
006 (9445532.000.000) 03/24 00:26:58 Image size of job updated: 109742644
	39163  -  MemoryUsage of job (MB)
	40102676  -  ResidentSetSize of job (KB)
...
006 (9445532.000.000) 03/24 00:31:58 Image size of job updated: 109780760
	39163  -  MemoryUsage of job (MB)
	40102676  -  ResidentSetSize of job (KB)
...
006 (9445532.000.000) 03/24 00:36:58 Image size of job updated: 109817280
	39163  -  MemoryUsage of job (MB)
	40102676  -  ResidentSetSize of job (KB)
...
006 (9445532.000.000) 03/24 00:41:59 Image size of job updated: 109855272
	39163  -  MemoryUsage of job (MB)
	40102676  -  ResidentSetSize of job (KB)
...
006 (9445532.000.000) 03/24 00:46:59 Image size of job updated: 109892368
	39163  -  MemoryUsage of job (MB)
	40102676  -  ResidentSetSize of job (KB)
...
006 (9445532.000.000) 03/24 00:51:59 Image size of job updated: 109928556
	39163  -  MemoryUsage of job (MB)
	40102676  -  ResidentSetSize of job (KB)
...
006 (9445532.000.000) 03/24 00:57:00 Image size of job updated: 109966548
	39163  -  MemoryUsage of job (MB)
	40102676  -  ResidentSetSize of job (KB)
...
006 (9445532.000.000) 03/24 01:02:01 Image size of job updated: 110003876
	39163  -  MemoryUsage of job (MB)
	40102676  -  ResidentSetSize of job (KB)
...
006 (9445532.000.000) 03/24 01:07:01 Image size of job updated: 110040956
	39163  -  MemoryUsage of job (MB)
	40102676  -  ResidentSetSize of job (KB)
...
006 (9445532.000.000) 03/24 01:12:01 Image size of job updated: 110076232
	39163  -  MemoryUsage of job (MB)
	40102676  -  ResidentSetSize of job (KB)
...
006 (9445532.000.000) 03/24 01:17:02 Image size of job updated: 110113316
	39163  -  MemoryUsage of job (MB)
	40102676  -  ResidentSetSize of job (KB)
...
006 (9445532.000.000) 03/24 01:22:02 Image size of job updated: 110151304
	39163  -  MemoryUsage of job (MB)
	40102676  -  ResidentSetSize of job (KB)
...
006 (9445532.000.000) 03/24 01:27:02 Image size of job updated: 110189292
	39163  -  MemoryUsage of job (MB)
	40102676  -  ResidentSetSize of job (KB)
...
006 (9445532.000.000) 03/24 01:32:03 Image size of job updated: 110224568
	39163  -  MemoryUsage of job (MB)
	40102676  -  ResidentSetSize of job (KB)
...
006 (9445532.000.000) 03/24 01:37:04 Image size of job updated: 110262552
	39163  -  MemoryUsage of job (MB)
	40102676  -  ResidentSetSize of job (KB)
...
006 (9445532.000.000) 03/24 01:42:04 Image size of job updated: 110301444
	39163  -  MemoryUsage of job (MB)
	40102676  -  ResidentSetSize of job (KB)
...
006 (9445532.000.000) 03/24 01:47:04 Image size of job updated: 110338528
	39163  -  MemoryUsage of job (MB)
	40102676  -  ResidentSetSize of job (KB)
...
006 (9445532.000.000) 03/24 01:52:05 Image size of job updated: 110375620
	39163  -  MemoryUsage of job (MB)
	40102676  -  ResidentSetSize of job (KB)
...
006 (9445532.000.000) 03/24 01:57:06 Image size of job updated: 110411928
	39163  -  MemoryUsage of job (MB)
	40102676  -  ResidentSetSize of job (KB)
...
006 (9445532.000.000) 03/24 02:02:06 Image size of job updated: 110449512
	39163  -  MemoryUsage of job (MB)
	40102676  -  ResidentSetSize of job (KB)
...
006 (9445532.000.000) 03/24 02:07:07 Image size of job updated: 110484460
	39163  -  MemoryUsage of job (MB)
	40102676  -  ResidentSetSize of job (KB)
...
006 (9445532.000.000) 03/24 02:12:08 Image size of job updated: 110519548
	39163  -  MemoryUsage of job (MB)
	40102676  -  ResidentSetSize of job (KB)
...
006 (9445532.000.000) 03/24 02:17:08 Image size of job updated: 110555716
	39163  -  MemoryUsage of job (MB)
	40102676  -  ResidentSetSize of job (KB)
...
006 (9445532.000.000) 03/24 02:22:08 Image size of job updated: 110591900
	39163  -  MemoryUsage of job (MB)
	40102676  -  ResidentSetSize of job (KB)
...
006 (9445532.000.000) 03/24 02:27:09 Image size of job updated: 110628192
	39163  -  MemoryUsage of job (MB)
	40102676  -  ResidentSetSize of job (KB)
...
006 (9445532.000.000) 03/24 02:32:10 Image size of job updated: 110662572
	39163  -  MemoryUsage of job (MB)
	40102676  -  ResidentSetSize of job (KB)
...
006 (9445532.000.000) 03/24 02:37:10 Image size of job updated: 110698748
	39163  -  MemoryUsage of job (MB)
	40102676  -  ResidentSetSize of job (KB)
...
006 (9445532.000.000) 03/24 02:42:11 Image size of job updated: 110733492
	39163  -  MemoryUsage of job (MB)
	40102676  -  ResidentSetSize of job (KB)
...
006 (9445532.000.000) 03/24 02:47:12 Image size of job updated: 110766052
	39163  -  MemoryUsage of job (MB)
	40102676  -  ResidentSetSize of job (KB)
...
006 (9445532.000.000) 03/24 02:52:12 Image size of job updated: 110801336
	39163  -  MemoryUsage of job (MB)
	40102676  -  ResidentSetSize of job (KB)
...
006 (9445532.000.000) 03/24 02:57:12 Image size of job updated: 110836616
	39163  -  MemoryUsage of job (MB)
	40102676  -  ResidentSetSize of job (KB)
...
006 (9445532.000.000) 03/24 03:02:13 Image size of job updated: 110871900
	39163  -  MemoryUsage of job (MB)
	40102676  -  ResidentSetSize of job (KB)
...
006 (9445532.000.000) 03/24 03:07:13 Image size of job updated: 110907180
	39163  -  MemoryUsage of job (MB)
	40102676  -  ResidentSetSize of job (KB)
...
006 (9445532.000.000) 03/24 03:12:13 Image size of job updated: 110943080
	39163  -  MemoryUsage of job (MB)
	40102676  -  ResidentSetSize of job (KB)
...
006 (9445532.000.000) 03/24 03:17:14 Image size of job updated: 110978368
	39163  -  MemoryUsage of job (MB)
	40102676  -  ResidentSetSize of job (KB)
...
006 (9445532.000.000) 03/24 03:22:15 Image size of job updated: 111014176
	39163  -  MemoryUsage of job (MB)
	40102676  -  ResidentSetSize of job (KB)
...
006 (9445532.000.000) 03/24 03:27:15 Image size of job updated: 111050348
	39163  -  MemoryUsage of job (MB)
	40102676  -  ResidentSetSize of job (KB)
...
006 (9445532.000.000) 03/24 03:32:15 Image size of job updated: 111086532
	39163  -  MemoryUsage of job (MB)
	40102676  -  ResidentSetSize of job (KB)
...
006 (9445532.000.000) 03/24 03:37:16 Image size of job updated: 111126324
	39163  -  MemoryUsage of job (MB)
	40102676  -  ResidentSetSize of job (KB)
...
006 (9445532.000.000) 03/24 03:42:16 Image size of job updated: 111158896
	39163  -  MemoryUsage of job (MB)
	40102676  -  ResidentSetSize of job (KB)
...
006 (9445532.000.000) 03/24 03:47:16 Image size of job updated: 111192248
	39163  -  MemoryUsage of job (MB)
	40102676  -  ResidentSetSize of job (KB)
...
006 (9445532.000.000) 03/24 03:52:17 Image size of job updated: 111224816
	39163  -  MemoryUsage of job (MB)
	40102676  -  ResidentSetSize of job (KB)
...
006 (9445532.000.000) 03/24 03:57:18 Image size of job updated: 111258280
	39163  -  MemoryUsage of job (MB)
	40102676  -  ResidentSetSize of job (KB)
...
006 (9445532.000.000) 03/24 04:02:18 Image size of job updated: 111292688
	39163  -  MemoryUsage of job (MB)
	40102676  -  ResidentSetSize of job (KB)
...
006 (9445532.000.000) 03/24 04:07:18 Image size of job updated: 111327148
	39163  -  MemoryUsage of job (MB)
	40102676  -  ResidentSetSize of job (KB)
...
006 (9445532.000.000) 03/24 04:12:19 Image size of job updated: 111362420
	39163  -  MemoryUsage of job (MB)
	40102676  -  ResidentSetSize of job (KB)
...
006 (9445532.000.000) 03/24 04:17:20 Image size of job updated: 111398436
	39163  -  MemoryUsage of job (MB)
	40102676  -  ResidentSetSize of job (KB)
...
006 (9445532.000.000) 03/24 04:22:20 Image size of job updated: 111434596
	39163  -  MemoryUsage of job (MB)
	40102676  -  ResidentSetSize of job (KB)
...
006 (9445532.000.000) 03/24 04:27:21 Image size of job updated: 111472364
	39163  -  MemoryUsage of job (MB)
	40102676  -  ResidentSetSize of job (KB)
...
006 (9445532.000.000) 03/24 04:32:22 Image size of job updated: 111506848
	39163  -  MemoryUsage of job (MB)
	40102676  -  ResidentSetSize of job (KB)
...
006 (9445532.000.000) 03/24 04:37:22 Image size of job updated: 111541228
	39163  -  MemoryUsage of job (MB)
	40102676  -  ResidentSetSize of job (KB)
...
006 (9445532.000.000) 03/24 04:42:22 Image size of job updated: 111575596
	39163  -  MemoryUsage of job (MB)
	40102676  -  ResidentSetSize of job (KB)
...
006 (9445532.000.000) 03/24 04:47:23 Image size of job updated: 111609968
	39163  -  MemoryUsage of job (MB)
	40102676  -  ResidentSetSize of job (KB)
...
006 (9445532.000.000) 03/24 04:52:23 Image size of job updated: 111644344
	39163  -  MemoryUsage of job (MB)
	40102676  -  ResidentSetSize of job (KB)
...
006 (9445532.000.000) 03/24 04:57:23 Image size of job updated: 111678720
	39163  -  MemoryUsage of job (MB)
	40102676  -  ResidentSetSize of job (KB)
...
006 (9445532.000.000) 03/24 05:02:24 Image size of job updated: 111712188
	39163  -  MemoryUsage of job (MB)
	40102676  -  ResidentSetSize of job (KB)
...
006 (9445532.000.000) 03/24 05:07:25 Image size of job updated: 111746564
	39163  -  MemoryUsage of job (MB)
	40102676  -  ResidentSetSize of job (KB)
...
006 (9445532.000.000) 03/24 05:12:25 Image size of job updated: 111779132
	39163  -  MemoryUsage of job (MB)
	40102676  -  ResidentSetSize of job (KB)
...
006 (9445532.000.000) 03/24 05:17:25 Image size of job updated: 111813544
	39163  -  MemoryUsage of job (MB)
	40102676  -  ResidentSetSize of job (KB)
...
006 (9445532.000.000) 03/24 05:22:26 Image size of job updated: 111847924
	39163  -  MemoryUsage of job (MB)
	40102676  -  ResidentSetSize of job (KB)
...
006 (9445532.000.000) 03/24 05:27:26 Image size of job updated: 111883208
	39163  -  MemoryUsage of job (MB)
	40102676  -  ResidentSetSize of job (KB)
...
006 (9445532.000.000) 03/24 05:32:26 Image size of job updated: 111918612
	39163  -  MemoryUsage of job (MB)
	40102676  -  ResidentSetSize of job (KB)
...
006 (9445532.000.000) 03/24 05:37:27 Image size of job updated: 111957096
	39163  -  MemoryUsage of job (MB)
	40102676  -  ResidentSetSize of job (KB)
...
006 (9445532.000.000) 03/24 05:42:28 Image size of job updated: 111993508
	39163  -  MemoryUsage of job (MB)
	40102676  -  ResidentSetSize of job (KB)
...
006 (9445532.000.000) 03/24 05:47:28 Image size of job updated: 112029900
	39163  -  MemoryUsage of job (MB)
	40102676  -  ResidentSetSize of job (KB)
...
006 (9445532.000.000) 03/24 05:52:29 Image size of job updated: 112067328
	39163  -  MemoryUsage of job (MB)
	40102676  -  ResidentSetSize of job (KB)
...
006 (9445532.000.000) 03/24 05:57:30 Image size of job updated: 112104776
	39163  -  MemoryUsage of job (MB)
	40102676  -  ResidentSetSize of job (KB)
...
006 (9445532.000.000) 03/24 06:02:30 Image size of job updated: 112141196
	39163  -  MemoryUsage of job (MB)
	40102676  -  ResidentSetSize of job (KB)
...
006 (9445532.000.000) 03/24 06:07:30 Image size of job updated: 112179676
	39163  -  MemoryUsage of job (MB)
	40102676  -  ResidentSetSize of job (KB)
...
006 (9445532.000.000) 03/24 06:12:31 Image size of job updated: 112218372
	39163  -  MemoryUsage of job (MB)
	40102676  -  ResidentSetSize of job (KB)
...
006 (9445532.000.000) 03/24 06:17:32 Image size of job updated: 112254784
	39163  -  MemoryUsage of job (MB)
	40102676  -  ResidentSetSize of job (KB)
...
006 (9445532.000.000) 03/24 06:22:32 Image size of job updated: 112291196
	39163  -  MemoryUsage of job (MB)
	40102676  -  ResidentSetSize of job (KB)
...
006 (9445532.000.000) 03/24 06:27:33 Image size of job updated: 112328648
	39163  -  MemoryUsage of job (MB)
	40102676  -  ResidentSetSize of job (KB)
...
006 (9445532.000.000) 03/24 06:32:34 Image size of job updated: 112367120
	39163  -  MemoryUsage of job (MB)
	40102676  -  ResidentSetSize of job (KB)
...
006 (9445532.000.000) 03/24 06:37:34 Image size of job updated: 112404564
	39163  -  MemoryUsage of job (MB)
	40102676  -  ResidentSetSize of job (KB)
...
006 (9445532.000.000) 03/24 06:42:34 Image size of job updated: 112441308
	39163  -  MemoryUsage of job (MB)
	40102676  -  ResidentSetSize of job (KB)
...
006 (9445532.000.000) 03/24 06:47:35 Image size of job updated: 112479796
	39163  -  MemoryUsage of job (MB)
	40102676  -  ResidentSetSize of job (KB)
...
006 (9445532.000.000) 03/24 06:52:35 Image size of job updated: 112518632
	39163  -  MemoryUsage of job (MB)
	40102676  -  ResidentSetSize of job (KB)
...
006 (9445532.000.000) 03/24 06:57:35 Image size of job updated: 112558152
	39163  -  MemoryUsage of job (MB)
	40102676  -  ResidentSetSize of job (KB)
...
006 (9445532.000.000) 03/24 07:02:36 Image size of job updated: 112598732
	39163  -  MemoryUsage of job (MB)
	40102676  -  ResidentSetSize of job (KB)
...
006 (9445532.000.000) 03/24 07:07:37 Image size of job updated: 112635128
	39163  -  MemoryUsage of job (MB)
	40102676  -  ResidentSetSize of job (KB)
...
006 (9445532.000.000) 03/24 07:12:37 Image size of job updated: 112675688
	39163  -  MemoryUsage of job (MB)
	40102676  -  ResidentSetSize of job (KB)
...
006 (9445532.000.000) 03/24 07:17:38 Image size of job updated: 112717284
	39163  -  MemoryUsage of job (MB)
	40102676  -  ResidentSetSize of job (KB)
...
006 (9445532.000.000) 03/24 07:22:39 Image size of job updated: 112760984
	39163  -  MemoryUsage of job (MB)
	40102676  -  ResidentSetSize of job (KB)
...
006 (9445532.000.000) 03/24 07:27:39 Image size of job updated: 112801648
	39163  -  MemoryUsage of job (MB)
	40102676  -  ResidentSetSize of job (KB)
...
006 (9445532.000.000) 03/24 07:32:40 Image size of job updated: 112841180
	39163  -  MemoryUsage of job (MB)
	40102676  -  ResidentSetSize of job (KB)
...
006 (9445532.000.000) 03/24 07:37:41 Image size of job updated: 112880708
	39163  -  MemoryUsage of job (MB)
	40102676  -  ResidentSetSize of job (KB)
...
006 (9445532.000.000) 03/24 07:42:41 Image size of job updated: 112920236
	39163  -  MemoryUsage of job (MB)
	40102676  -  ResidentSetSize of job (KB)
...
006 (9445532.000.000) 03/24 07:47:41 Image size of job updated: 112958724
	39163  -  MemoryUsage of job (MB)
	40102676  -  ResidentSetSize of job (KB)
...
006 (9445532.000.000) 03/24 07:52:42 Image size of job updated: 112998260
	39163  -  MemoryUsage of job (MB)
	40102676  -  ResidentSetSize of job (KB)
...
006 (9445532.000.000) 03/24 07:57:42 Image size of job updated: 113036752
	39163  -  MemoryUsage of job (MB)
	40102676  -  ResidentSetSize of job (KB)
...
006 (9445532.000.000) 03/24 08:02:42 Image size of job updated: 113073156
	39163  -  MemoryUsage of job (MB)
	40102676  -  ResidentSetSize of job (KB)
...
006 (9445532.000.000) 03/24 08:07:43 Image size of job updated: 113112696
	39163  -  MemoryUsage of job (MB)
	40102676  -  ResidentSetSize of job (KB)
...
006 (9445532.000.000) 03/24 08:12:44 Image size of job updated: 113149108
	39163  -  MemoryUsage of job (MB)
	40102676  -  ResidentSetSize of job (KB)
...
006 (9445532.000.000) 03/24 08:17:44 Image size of job updated: 113186556
	39163  -  MemoryUsage of job (MB)
	40102676  -  ResidentSetSize of job (KB)
...
006 (9445532.000.000) 03/24 08:22:45 Image size of job updated: 113223968
	39163  -  MemoryUsage of job (MB)
	40102676  -  ResidentSetSize of job (KB)
...
006 (9445532.000.000) 03/24 08:27:46 Image size of job updated: 113261404
	39163  -  MemoryUsage of job (MB)
	40102676  -  ResidentSetSize of job (KB)
...
006 (9445532.000.000) 03/24 08:32:46 Image size of job updated: 113297804
	39163  -  MemoryUsage of job (MB)
	40102676  -  ResidentSetSize of job (KB)
...
006 (9445532.000.000) 03/24 08:37:46 Image size of job updated: 113333232
	39163  -  MemoryUsage of job (MB)
	40102676  -  ResidentSetSize of job (KB)
...
006 (9445532.000.000) 03/24 08:42:47 Image size of job updated: 113371164
	39163  -  MemoryUsage of job (MB)
	40102676  -  ResidentSetSize of job (KB)
...
006 (9445532.000.000) 03/24 08:47:47 Image size of job updated: 113407568
	39163  -  MemoryUsage of job (MB)
	40102676  -  ResidentSetSize of job (KB)
...
006 (9445532.000.000) 03/24 08:52:47 Image size of job updated: 113444920
	39163  -  MemoryUsage of job (MB)
	40102676  -  ResidentSetSize of job (KB)
...
006 (9445532.000.000) 03/24 08:57:49 Image size of job updated: 113482368
	39163  -  MemoryUsage of job (MB)
	40102676  -  ResidentSetSize of job (KB)
...
006 (9445532.000.000) 03/24 09:02:49 Image size of job updated: 113518776
	39163  -  MemoryUsage of job (MB)
	40102676  -  ResidentSetSize of job (KB)
...
006 (9445532.000.000) 03/24 09:07:49 Image size of job updated: 113558300
	39163  -  MemoryUsage of job (MB)
	40102676  -  ResidentSetSize of job (KB)
...
006 (9445532.000.000) 03/24 09:12:50 Image size of job updated: 113595744
	39163  -  MemoryUsage of job (MB)
	40102676  -  ResidentSetSize of job (KB)
...
006 (9445532.000.000) 03/24 09:17:51 Image size of job updated: 113634228
	39163  -  MemoryUsage of job (MB)
	40102676  -  ResidentSetSize of job (KB)
...
006 (9445532.000.000) 03/24 09:22:51 Image size of job updated: 113670636
	39163  -  MemoryUsage of job (MB)
	40102676  -  ResidentSetSize of job (KB)
...
006 (9445532.000.000) 03/24 09:27:51 Image size of job updated: 113708084
	39163  -  MemoryUsage of job (MB)
	40102676  -  ResidentSetSize of job (KB)
...
006 (9445532.000.000) 03/24 09:32:53 Image size of job updated: 113746144
	39163  -  MemoryUsage of job (MB)
	40102676  -  ResidentSetSize of job (KB)
...
006 (9445532.000.000) 03/24 09:37:53 Image size of job updated: 113785676
	39163  -  MemoryUsage of job (MB)
	40102676  -  ResidentSetSize of job (KB)
...
006 (9445532.000.000) 03/24 09:42:53 Image size of job updated: 113823124
	39163  -  MemoryUsage of job (MB)
	40102676  -  ResidentSetSize of job (KB)
...
006 (9445532.000.000) 03/24 09:47:54 Image size of job updated: 113860064
	39163  -  MemoryUsage of job (MB)
	40102676  -  ResidentSetSize of job (KB)
...
006 (9445532.000.000) 03/24 09:52:55 Image size of job updated: 113898544
	39163  -  MemoryUsage of job (MB)
	40102676  -  ResidentSetSize of job (KB)
...
006 (9445532.000.000) 03/24 09:57:55 Image size of job updated: 113937020
	39163  -  MemoryUsage of job (MB)
	40102676  -  ResidentSetSize of job (KB)
...
006 (9445532.000.000) 03/24 10:02:56 Image size of job updated: 113974656
	39163  -  MemoryUsage of job (MB)
	40102676  -  ResidentSetSize of job (KB)
...
006 (9445532.000.000) 03/24 10:07:57 Image size of job updated: 114014176
	39163  -  MemoryUsage of job (MB)
	40102676  -  ResidentSetSize of job (KB)
...
006 (9445532.000.000) 03/24 10:12:57 Image size of job updated: 114052660
	39163  -  MemoryUsage of job (MB)
	40102676  -  ResidentSetSize of job (KB)
...
006 (9445532.000.000) 03/24 10:17:57 Image size of job updated: 114093224
	39163  -  MemoryUsage of job (MB)
	40102676  -  ResidentSetSize of job (KB)
...
006 (9445532.000.000) 03/24 10:22:58 Image size of job updated: 114132740
	39163  -  MemoryUsage of job (MB)
	40102676  -  ResidentSetSize of job (KB)
...
006 (9445532.000.000) 03/24 10:27:58 Image size of job updated: 114171096
	39163  -  MemoryUsage of job (MB)
	40102676  -  ResidentSetSize of job (KB)
...
006 (9445532.000.000) 03/24 10:32:58 Image size of job updated: 114210620
	39163  -  MemoryUsage of job (MB)
	40102676  -  ResidentSetSize of job (KB)
...
006 (9445532.000.000) 03/24 10:37:59 Image size of job updated: 114249104
	39163  -  MemoryUsage of job (MB)
	40102676  -  ResidentSetSize of job (KB)
...
006 (9445532.000.000) 03/24 10:43:00 Image size of job updated: 114287580
	39163  -  MemoryUsage of job (MB)
	40102676  -  ResidentSetSize of job (KB)
...
006 (9445532.000.000) 03/24 10:48:00 Image size of job updated: 114328136
	39163  -  MemoryUsage of job (MB)
	40102676  -  ResidentSetSize of job (KB)
...
006 (9445532.000.000) 03/24 10:53:01 Image size of job updated: 114367648
	39163  -  MemoryUsage of job (MB)
	40102676  -  ResidentSetSize of job (KB)
...
006 (9445532.000.000) 03/24 10:58:02 Image size of job updated: 114405064
	39163  -  MemoryUsage of job (MB)
	40102676  -  ResidentSetSize of job (KB)
...
006 (9445532.000.000) 03/24 11:03:02 Image size of job updated: 114443548
	39163  -  MemoryUsage of job (MB)
	40102676  -  ResidentSetSize of job (KB)
...
006 (9445532.000.000) 03/24 11:08:03 Image size of job updated: 114480992
	39163  -  MemoryUsage of job (MB)
	40102676  -  ResidentSetSize of job (KB)
...
006 (9445532.000.000) 03/24 11:13:04 Image size of job updated: 114518436
	39163  -  MemoryUsage of job (MB)
	40102676  -  ResidentSetSize of job (KB)
...
006 (9445532.000.000) 03/24 11:18:04 Image size of job updated: 114557412
	39163  -  MemoryUsage of job (MB)
	40102676  -  ResidentSetSize of job (KB)
...
006 (9445532.000.000) 03/24 11:23:04 Image size of job updated: 114594860
	39163  -  MemoryUsage of job (MB)
	40102676  -  ResidentSetSize of job (KB)
...
006 (9445532.000.000) 03/24 11:28:05 Image size of job updated: 114633336
	39163  -  MemoryUsage of job (MB)
	40102676  -  ResidentSetSize of job (KB)
...
006 (9445532.000.000) 03/24 11:33:05 Image size of job updated: 114671808
	39163  -  MemoryUsage of job (MB)
	40102676  -  ResidentSetSize of job (KB)
...
006 (9445532.000.000) 03/24 11:38:05 Image size of job updated: 114713412
	39163  -  MemoryUsage of job (MB)
	40102676  -  ResidentSetSize of job (KB)
...
006 (9445532.000.000) 03/24 11:43:06 Image size of job updated: 114751892
	39163  -  MemoryUsage of job (MB)
	40102676  -  ResidentSetSize of job (KB)
...
006 (9445532.000.000) 03/24 11:48:07 Image size of job updated: 114790380
	39163  -  MemoryUsage of job (MB)
	40102676  -  ResidentSetSize of job (KB)
...
006 (9445532.000.000) 03/24 11:53:07 Image size of job updated: 114824708
	39163  -  MemoryUsage of job (MB)
	40102676  -  ResidentSetSize of job (KB)
...
006 (9445532.000.000) 03/24 11:58:08 Image size of job updated: 114862760
	39163  -  MemoryUsage of job (MB)
	40102676  -  ResidentSetSize of job (KB)
...
006 (9445532.000.000) 03/24 12:03:09 Image size of job updated: 114899740
	39163  -  MemoryUsage of job (MB)
	40102676  -  ResidentSetSize of job (KB)
...
006 (9445532.000.000) 03/24 12:08:09 Image size of job updated: 114937352
	39163  -  MemoryUsage of job (MB)
	40102676  -  ResidentSetSize of job (KB)
...
006 (9445532.000.000) 03/24 12:13:09 Image size of job updated: 114975904
	39163  -  MemoryUsage of job (MB)
	40102676  -  ResidentSetSize of job (KB)
...
006 (9445532.000.000) 03/24 12:18:10 Image size of job updated: 115016472
	39163  -  MemoryUsage of job (MB)
	40102676  -  ResidentSetSize of job (KB)
...
006 (9445532.000.000) 03/24 12:23:10 Image size of job updated: 115054972
	39163  -  MemoryUsage of job (MB)
	40102676  -  ResidentSetSize of job (KB)
...
006 (9445532.000.000) 03/24 12:28:10 Image size of job updated: 115091380
	39163  -  MemoryUsage of job (MB)
	40102676  -  ResidentSetSize of job (KB)
...
006 (9445532.000.000) 03/24 12:33:11 Image size of job updated: 115127788
	39163  -  MemoryUsage of job (MB)
	40102676  -  ResidentSetSize of job (KB)
...
006 (9445532.000.000) 03/24 12:38:12 Image size of job updated: 115166284
	39163  -  MemoryUsage of job (MB)
	40102676  -  ResidentSetSize of job (KB)
...
006 (9445532.000.000) 03/24 12:43:12 Image size of job updated: 115204784
	39163  -  MemoryUsage of job (MB)
	40102676  -  ResidentSetSize of job (KB)
...
006 (9445532.000.000) 03/24 12:48:13 Image size of job updated: 115242224
	39163  -  MemoryUsage of job (MB)
	40102676  -  ResidentSetSize of job (KB)
...
006 (9445532.000.000) 03/24 12:53:14 Image size of job updated: 115279468
	39163  -  MemoryUsage of job (MB)
	40102676  -  ResidentSetSize of job (KB)
...
006 (9445532.000.000) 03/24 12:58:14 Image size of job updated: 115317948
	39163  -  MemoryUsage of job (MB)
	40102676  -  ResidentSetSize of job (KB)
...
006 (9445532.000.000) 03/24 13:03:14 Image size of job updated: 115359540
	39163  -  MemoryUsage of job (MB)
	40102676  -  ResidentSetSize of job (KB)
...
006 (9445532.000.000) 03/24 13:08:15 Image size of job updated: 115398820
	39163  -  MemoryUsage of job (MB)
	40102676  -  ResidentSetSize of job (KB)
...
006 (9445532.000.000) 03/24 13:13:15 Image size of job updated: 115440428
	39163  -  MemoryUsage of job (MB)
	40102676  -  ResidentSetSize of job (KB)
...
006 (9445532.000.000) 03/24 13:18:15 Image size of job updated: 115481008
	39163  -  MemoryUsage of job (MB)
	40102676  -  ResidentSetSize of job (KB)
...
006 (9445532.000.000) 03/24 13:23:16 Image size of job updated: 115521568
	39163  -  MemoryUsage of job (MB)
	40102676  -  ResidentSetSize of job (KB)
...
006 (9445532.000.000) 03/24 13:28:17 Image size of job updated: 115561160
	39163  -  MemoryUsage of job (MB)
	40102676  -  ResidentSetSize of job (KB)
...
006 (9445532.000.000) 03/24 13:33:17 Image size of job updated: 115596528
	39163  -  MemoryUsage of job (MB)
	40102676  -  ResidentSetSize of job (KB)
...
006 (9445532.000.000) 03/24 13:38:18 Image size of job updated: 115633972
	39163  -  MemoryUsage of job (MB)
	40102676  -  ResidentSetSize of job (KB)
...
006 (9445532.000.000) 03/24 13:43:19 Image size of job updated: 115671416
	39163  -  MemoryUsage of job (MB)
	40102676  -  ResidentSetSize of job (KB)
...
006 (9445532.000.000) 03/24 13:48:19 Image size of job updated: 115708868
	39163  -  MemoryUsage of job (MB)
	40102676  -  ResidentSetSize of job (KB)
...
