000 (9619793.000.000) 04/10 15:33:59 Job submitted from host: <137.138.156.150:9618?addrs=137.138.156.150-9618+[2001-1458-d00-14--9a]-9618&alias=bigbird13.cern.ch&noUDP&sock=schedd_2138_1192>
...
040 (9619793.000.000) 04/10 17:02:46 Started transferring input files
	Transferring to host: <128.142.56.135:9618?addrs=128.142.56.135-9618&alias=b7s01p6684.cern.ch&noUDP&sock=slot1_7_6918_1b52_97521>
...
040 (9619793.000.000) 04/10 17:02:46 Finished transferring input files
...
001 (9619793.000.000) 04/10 17:02:47 Job executing on host: <128.142.56.135:9618?addrs=128.142.56.135-9618&alias=b7s01p6684.cern.ch&noUDP&sock=startd_6852_7b05>
...
006 (9619793.000.000) 04/10 17:02:56 Image size of job updated: 30932
	21  -  MemoryUsage of job (MB)
	21316  -  ResidentSetSize of job (KB)
...
006 (9619793.000.000) 04/10 17:07:57 Image size of job updated: 1724592
	221  -  MemoryUsage of job (MB)
	225344  -  ResidentSetSize of job (KB)
...
006 (9619793.000.000) 04/10 17:12:57 Image size of job updated: 16955360
	1953  -  MemoryUsage of job (MB)
	1999588  -  ResidentSetSize of job (KB)
...
006 (9619793.000.000) 04/10 17:17:57 Image size of job updated: 21691196
	2137  -  MemoryUsage of job (MB)
	2188004  -  ResidentSetSize of job (KB)
...
006 (9619793.000.000) 04/10 17:22:58 Image size of job updated: 21691196
	2140  -  MemoryUsage of job (MB)
	2190656  -  ResidentSetSize of job (KB)
...
006 (9619793.000.000) 04/10 17:27:58 Image size of job updated: 21691196
	2163  -  MemoryUsage of job (MB)
	2213964  -  ResidentSetSize of job (KB)
...
006 (9619793.000.000) 04/10 17:32:58 Image size of job updated: 21691196
	2185  -  MemoryUsage of job (MB)
	2237016  -  ResidentSetSize of job (KB)
...
006 (9619793.000.000) 04/10 17:37:59 Image size of job updated: 21691196
	2186  -  MemoryUsage of job (MB)
	2237748  -  ResidentSetSize of job (KB)
...
006 (9619793.000.000) 04/10 17:43:00 Image size of job updated: 21691196
	2207  -  MemoryUsage of job (MB)
	2259584  -  ResidentSetSize of job (KB)
...
006 (9619793.000.000) 04/10 17:48:00 Image size of job updated: 21691196
	2228  -  MemoryUsage of job (MB)
	2281296  -  ResidentSetSize of job (KB)
...
006 (9619793.000.000) 04/10 17:53:01 Image size of job updated: 21691196
	2229  -  MemoryUsage of job (MB)
	2282108  -  ResidentSetSize of job (KB)
...
006 (9619793.000.000) 04/10 17:58:02 Image size of job updated: 21691196
	2250  -  MemoryUsage of job (MB)
	2303556  -  ResidentSetSize of job (KB)
...
006 (9619793.000.000) 04/10 18:03:02 Image size of job updated: 21691196
	2271  -  MemoryUsage of job (MB)
	2325052  -  ResidentSetSize of job (KB)
...
006 (9619793.000.000) 04/10 18:08:02 Image size of job updated: 21691196
	2271  -  MemoryUsage of job (MB)
	2325140  -  ResidentSetSize of job (KB)
...
006 (9619793.000.000) 04/10 18:13:03 Image size of job updated: 21691196
	2292  -  MemoryUsage of job (MB)
	2346436  -  ResidentSetSize of job (KB)
...
006 (9619793.000.000) 04/10 18:18:04 Image size of job updated: 21691196
	2313  -  MemoryUsage of job (MB)
	2368028  -  ResidentSetSize of job (KB)
...
006 (9619793.000.000) 04/10 18:23:04 Image size of job updated: 21691196
	2314  -  MemoryUsage of job (MB)
	2368536  -  ResidentSetSize of job (KB)
...
006 (9619793.000.000) 04/10 18:28:05 Image size of job updated: 21691196
	2334  -  MemoryUsage of job (MB)
	2389924  -  ResidentSetSize of job (KB)
...
006 (9619793.000.000) 04/10 18:38:06 Image size of job updated: 21691196
	2355  -  MemoryUsage of job (MB)
	2411464  -  ResidentSetSize of job (KB)
...
006 (9619793.000.000) 04/10 18:43:06 Image size of job updated: 21691196
	2376  -  MemoryUsage of job (MB)
	2432844  -  ResidentSetSize of job (KB)
...
006 (9619793.000.000) 04/10 18:53:08 Image size of job updated: 21691196
	2397  -  MemoryUsage of job (MB)
	2454172  -  ResidentSetSize of job (KB)
...
006 (9619793.000.000) 04/10 18:58:08 Image size of job updated: 21691196
	2418  -  MemoryUsage of job (MB)
	2475436  -  ResidentSetSize of job (KB)
...
006 (9619793.000.000) 04/10 19:03:08 Image size of job updated: 21691196
	2441  -  MemoryUsage of job (MB)
	2498904  -  ResidentSetSize of job (KB)
...
006 (9619793.000.000) 04/10 19:08:09 Image size of job updated: 21691196
	2441  -  MemoryUsage of job (MB)
	2499056  -  ResidentSetSize of job (KB)
...
006 (9619793.000.000) 04/10 19:13:09 Image size of job updated: 21691196
	2462  -  MemoryUsage of job (MB)
	2520380  -  ResidentSetSize of job (KB)
...
006 (9619793.000.000) 04/10 19:18:09 Image size of job updated: 21691196
	2483  -  MemoryUsage of job (MB)
	2541668  -  ResidentSetSize of job (KB)
...
006 (9619793.000.000) 04/10 19:23:10 Image size of job updated: 21691196
	2483  -  MemoryUsage of job (MB)
	2541708  -  ResidentSetSize of job (KB)
...
006 (9619793.000.000) 04/10 19:28:11 Image size of job updated: 21691196
	2483  -  MemoryUsage of job (MB)
	2541776  -  ResidentSetSize of job (KB)
...
006 (9619793.000.000) 04/10 19:38:11 Image size of job updated: 21691196
	2504  -  MemoryUsage of job (MB)
	2563256  -  ResidentSetSize of job (KB)
...
006 (9619793.000.000) 04/10 19:43:12 Image size of job updated: 21691196
	2524  -  MemoryUsage of job (MB)
	2584416  -  ResidentSetSize of job (KB)
...
006 (9619793.000.000) 04/10 19:53:12 Image size of job updated: 21691196
	2545  -  MemoryUsage of job (MB)
	2605728  -  ResidentSetSize of job (KB)
...
040 (9619793.000.000) 04/10 19:56:13 Started transferring output files
...
040 (9619793.000.000) 04/10 19:56:14 Finished transferring output files
...
005 (9619793.000.000) 04/10 19:56:14 Job terminated.
	(1) Normal termination (return value 0)
		Usr 0 04:19:03, Sys 0 00:32:00  -  Run Remote Usage
		Usr 0 00:00:00, Sys 0 00:00:00  -  Run Local Usage
		Usr 0 04:19:03, Sys 0 00:32:00  -  Total Remote Usage
		Usr 0 00:00:00, Sys 0 00:00:00  -  Total Local Usage
	15209  -  Run Bytes Sent By Job
	196  -  Run Bytes Received By Job
	15209  -  Total Bytes Sent By Job
	196  -  Total Bytes Received By Job
	Partitionable Resources :    Usage  Request Allocated 
	   Cpus                 :     1.83        1         1 
	   Disk (KB)            :    35           1   1161849 
	   Memory (MB)          :  2545        2000      2000 

	Job terminated of its own accord at 2024-04-10T17:56:13Z.
...
