000 (9652556.000.000) 04/18 23:56:56 Job submitted from host: <137.138.156.150:9618?addrs=137.138.156.150-9618+[2001-1458-d00-14--9a]-9618&alias=bigbird13.cern.ch&noUDP&sock=schedd_2138_1192>
...
040 (9652556.000.000) 04/18 23:59:23 Started transferring input files
	Transferring to host: <188.184.163.47:9618?addrs=188.184.163.47-9618+[2001-1458-301-4d--100-29]-9618&alias=b9s12p2980.cern.ch&noUDP&sock=slot1_19_2144566_80e1_1524>
...
040 (9652556.000.000) 04/18 23:59:23 Finished transferring input files
...
001 (9652556.000.000) 04/18 23:59:24 Job executing on host: <188.184.163.47:9618?addrs=188.184.163.47-9618+[2001-1458-301-4d--100-29]-9618&alias=b9s12p2980.cern.ch&noUDP&sock=startd_5243_d723>
...
006 (9652556.000.000) 04/18 23:59:32 Image size of job updated: 19708
	20  -  MemoryUsage of job (MB)
	19708  -  ResidentSetSize of job (KB)
...
006 (9652556.000.000) 04/19 00:04:32 Image size of job updated: 2520764
	2461  -  MemoryUsage of job (MB)
	2519856  -  ResidentSetSize of job (KB)
...
006 (9652556.000.000) 04/19 00:09:32 Image size of job updated: 5940592
	5801  -  MemoryUsage of job (MB)
	5939876  -  ResidentSetSize of job (KB)
...
006 (9652556.000.000) 04/19 00:14:33 Image size of job updated: 9210180
	8986  -  MemoryUsage of job (MB)
	9201380  -  ResidentSetSize of job (KB)
...
006 (9652556.000.000) 04/19 00:19:33 Image size of job updated: 11657312
	11383  -  MemoryUsage of job (MB)
	11655536  -  ResidentSetSize of job (KB)
...
006 (9652556.000.000) 04/19 00:24:33 Image size of job updated: 15123888
	14761  -  MemoryUsage of job (MB)
	15114820  -  ResidentSetSize of job (KB)
...
006 (9652556.000.000) 04/19 00:29:34 Image size of job updated: 18725648
	18281  -  MemoryUsage of job (MB)
	18718976  -  ResidentSetSize of job (KB)
...
006 (9652556.000.000) 04/19 00:34:35 Image size of job updated: 22118216
	21599  -  MemoryUsage of job (MB)
	22116504  -  ResidentSetSize of job (KB)
...
006 (9652556.000.000) 04/19 00:39:35 Image size of job updated: 25428440
	24752  -  MemoryUsage of job (MB)
	25345440  -  ResidentSetSize of job (KB)
...
006 (9652556.000.000) 04/19 00:44:36 Image size of job updated: 28253580
	27590  -  MemoryUsage of job (MB)
	28251800  -  ResidentSetSize of job (KB)
...
006 (9652556.000.000) 04/19 00:49:37 Image size of job updated: 31485760
	30747  -  MemoryUsage of job (MB)
	31484720  -  ResidentSetSize of job (KB)
...
006 (9652556.000.000) 04/19 00:54:37 Image size of job updated: 33243348
	32215  -  MemoryUsage of job (MB)
	32988000  -  ResidentSetSize of job (KB)
...
006 (9652556.000.000) 04/19 00:59:37 Image size of job updated: 35731580
	34893  -  MemoryUsage of job (MB)
	35730308  -  ResidentSetSize of job (KB)
...
006 (9652556.000.000) 04/19 01:04:38 Image size of job updated: 39327124
	38404  -  MemoryUsage of job (MB)
	39325052  -  ResidentSetSize of job (KB)
...
006 (9652556.000.000) 04/19 01:09:38 Image size of job updated: 42695484
	41694  -  MemoryUsage of job (MB)
	42694256  -  ResidentSetSize of job (KB)
...
006 (9652556.000.000) 04/19 01:14:38 Image size of job updated: 43776296
	41694  -  MemoryUsage of job (MB)
	42694256  -  ResidentSetSize of job (KB)
...
006 (9652556.000.000) 04/19 02:44:48 Image size of job updated: 45856284
	44781  -  MemoryUsage of job (MB)
	45855632  -  ResidentSetSize of job (KB)
...
006 (9652556.000.000) 04/19 02:49:48 Image size of job updated: 49007976
	47859  -  MemoryUsage of job (MB)
	49006664  -  ResidentSetSize of job (KB)
...
006 (9652556.000.000) 04/19 02:54:48 Image size of job updated: 52213424
	50989  -  MemoryUsage of job (MB)
	52212020  -  ResidentSetSize of job (KB)
...
006 (9652556.000.000) 04/19 02:59:49 Image size of job updated: 54806980
	53510  -  MemoryUsage of job (MB)
	54793760  -  ResidentSetSize of job (KB)
...
006 (9652556.000.000) 04/19 03:04:50 Image size of job updated: 57248756
	54108  -  MemoryUsage of job (MB)
	55406324  -  ResidentSetSize of job (KB)
...
006 (9652556.000.000) 04/19 03:09:50 Image size of job updated: 57248756
	54109  -  MemoryUsage of job (MB)
	55406812  -  ResidentSetSize of job (KB)
...
006 (9652556.000.000) 04/19 03:24:52 Image size of job updated: 57542360
	55969  -  MemoryUsage of job (MB)
	57311652  -  ResidentSetSize of job (KB)
...
006 (9652556.000.000) 04/19 03:29:52 Image size of job updated: 58047460
	56150  -  MemoryUsage of job (MB)
	57497400  -  ResidentSetSize of job (KB)
...
006 (9652556.000.000) 04/19 03:34:53 Image size of job updated: 58991040
	57320  -  MemoryUsage of job (MB)
	58694848  -  ResidentSetSize of job (KB)
...
006 (9652556.000.000) 04/19 03:39:53 Image size of job updated: 59749076
	58024  -  MemoryUsage of job (MB)
	59415940  -  ResidentSetSize of job (KB)
...
040 (9652556.000.000) 04/19 08:48:48 Started transferring output files
...
040 (9652556.000.000) 04/19 08:48:48 Finished transferring output files
...
005 (9652556.000.000) 04/19 08:48:48 Job terminated.
	(1) Normal termination (return value 0)
		Usr 0 06:38:51, Sys 0 00:38:30  -  Run Remote Usage
		Usr 0 00:00:00, Sys 0 00:00:00  -  Run Local Usage
		Usr 0 06:38:51, Sys 0 00:38:30  -  Total Remote Usage
		Usr 0 00:00:00, Sys 0 00:00:00  -  Total Local Usage
	6238  -  Run Bytes Sent By Job
	204  -  Run Bytes Received By Job
	6238  -  Total Bytes Sent By Job
	204  -  Total Bytes Received By Job
	Partitionable Resources :    Usage  Request Allocated 
	   Cpus                 :     0.89        1         1 
	   Disk (KB)            :    27           1   2976198 
	   Memory (MB)          : 58024        2000      2000 

	Job terminated of its own accord at 2024-04-19T06:48:48Z.
...
