000 (9445100.000.000) 03/22 14:23:58 Job submitted from host: <137.138.156.150:9618?addrs=137.138.156.150-9618+[2001-1458-d00-14--9a]-9618&alias=bigbird13.cern.ch&noUDP&sock=schedd_5144_ef43>
...
040 (9445100.000.000) 03/22 17:30:52 Started transferring input files
	Transferring to host: <128.142.56.87:9618?addrs=128.142.56.87-9618&alias=b7s01p0440.cern.ch&noUDP&sock=slot1_13_6902_d552_92323>
...
040 (9445100.000.000) 03/22 17:30:52 Finished transferring input files
...
001 (9445100.000.000) 03/22 17:30:53 Job executing on host: <128.142.56.87:9618?addrs=128.142.56.87-9618&alias=b7s01p0440.cern.ch&noUDP&sock=startd_6854_da35>
...
006 (9445100.000.000) 03/22 17:31:02 Image size of job updated: 496220
	47  -  MemoryUsage of job (MB)
	47656  -  ResidentSetSize of job (KB)
...
006 (9445100.000.000) 03/22 17:36:03 Image size of job updated: 615708
	85  -  MemoryUsage of job (MB)
	86224  -  ResidentSetSize of job (KB)
...
006 (9445100.000.000) 03/22 17:41:04 Image size of job updated: 615872
	85  -  MemoryUsage of job (MB)
	86840  -  ResidentSetSize of job (KB)
...
006 (9445100.000.000) 03/22 17:46:04 Image size of job updated: 615872
	86  -  MemoryUsage of job (MB)
	87208  -  ResidentSetSize of job (KB)
...
006 (9445100.000.000) 03/22 17:51:05 Image size of job updated: 616896
	86  -  MemoryUsage of job (MB)
	87344  -  ResidentSetSize of job (KB)
...
006 (9445100.000.000) 03/22 17:56:06 Image size of job updated: 616896
	86  -  MemoryUsage of job (MB)
	87620  -  ResidentSetSize of job (KB)
...
006 (9445100.000.000) 03/22 18:01:06 Image size of job updated: 4745480
	2001  -  MemoryUsage of job (MB)
	2049012  -  ResidentSetSize of job (KB)
...
006 (9445100.000.000) 03/22 18:06:06 Image size of job updated: 8656380
	5914  -  MemoryUsage of job (MB)
	6055928  -  ResidentSetSize of job (KB)
...
006 (9445100.000.000) 03/22 18:11:07 Image size of job updated: 12617716
	9743  -  MemoryUsage of job (MB)
	9976144  -  ResidentSetSize of job (KB)
...
006 (9445100.000.000) 03/22 18:16:07 Image size of job updated: 16643424
	13579  -  MemoryUsage of job (MB)
	13904380  -  ResidentSetSize of job (KB)
...
006 (9445100.000.000) 03/22 18:21:07 Image size of job updated: 20569520
	16912  -  MemoryUsage of job (MB)
	17317280  -  ResidentSetSize of job (KB)
...
006 (9445100.000.000) 03/22 18:26:08 Image size of job updated: 24803004
	18380  -  MemoryUsage of job (MB)
	18821076  -  ResidentSetSize of job (KB)
...
006 (9445100.000.000) 03/22 18:31:09 Image size of job updated: 29058080
	18380  -  MemoryUsage of job (MB)
	18821076  -  ResidentSetSize of job (KB)
...
006 (9445100.000.000) 03/22 18:36:09 Image size of job updated: 33104488
	18380  -  MemoryUsage of job (MB)
	18821076  -  ResidentSetSize of job (KB)
...
006 (9445100.000.000) 03/22 18:41:10 Image size of job updated: 37147576
	18380  -  MemoryUsage of job (MB)
	18821076  -  ResidentSetSize of job (KB)
...
006 (9445100.000.000) 03/22 18:46:11 Image size of job updated: 41370356
	18380  -  MemoryUsage of job (MB)
	18821076  -  ResidentSetSize of job (KB)
...
006 (9445100.000.000) 03/22 18:51:11 Image size of job updated: 45598784
	18380  -  MemoryUsage of job (MB)
	18821076  -  ResidentSetSize of job (KB)
...
006 (9445100.000.000) 03/22 18:56:11 Image size of job updated: 49137372
	18380  -  MemoryUsage of job (MB)
	18821076  -  ResidentSetSize of job (KB)
...
006 (9445100.000.000) 03/22 19:01:12 Image size of job updated: 51178084
	18689  -  MemoryUsage of job (MB)
	19136560  -  ResidentSetSize of job (KB)
...
006 (9445100.000.000) 03/22 19:06:12 Image size of job updated: 53024016
	18689  -  MemoryUsage of job (MB)
	19136560  -  ResidentSetSize of job (KB)
...
006 (9445100.000.000) 03/22 19:11:12 Image size of job updated: 54453232
	18689  -  MemoryUsage of job (MB)
	19136560  -  ResidentSetSize of job (KB)
...
006 (9445100.000.000) 03/22 19:16:13 Image size of job updated: 55956468
	19232  -  MemoryUsage of job (MB)
	19692904  -  ResidentSetSize of job (KB)
...
006 (9445100.000.000) 03/22 19:21:14 Image size of job updated: 57441984
	20654  -  MemoryUsage of job (MB)
	21149476  -  ResidentSetSize of job (KB)
...
006 (9445100.000.000) 03/22 19:26:14 Image size of job updated: 58959124
	22123  -  MemoryUsage of job (MB)
	22653380  -  ResidentSetSize of job (KB)
...
006 (9445100.000.000) 03/22 19:31:15 Image size of job updated: 60515108
	23654  -  MemoryUsage of job (MB)
	24221648  -  ResidentSetSize of job (KB)
...
006 (9445100.000.000) 03/22 19:36:16 Image size of job updated: 61937444
	23654  -  MemoryUsage of job (MB)
	24221648  -  ResidentSetSize of job (KB)
...
006 (9445100.000.000) 03/22 19:41:16 Image size of job updated: 63417372
	23654  -  MemoryUsage of job (MB)
	24221648  -  ResidentSetSize of job (KB)
...
006 (9445100.000.000) 03/22 19:46:17 Image size of job updated: 64856656
	23654  -  MemoryUsage of job (MB)
	24221648  -  ResidentSetSize of job (KB)
...
006 (9445100.000.000) 03/22 19:51:18 Image size of job updated: 65910116
	23654  -  MemoryUsage of job (MB)
	24221648  -  ResidentSetSize of job (KB)
...
006 (9445100.000.000) 03/22 19:56:18 Image size of job updated: 67466048
	23654  -  MemoryUsage of job (MB)
	24221648  -  ResidentSetSize of job (KB)
...
006 (9445100.000.000) 03/22 20:01:18 Image size of job updated: 68878240
	23654  -  MemoryUsage of job (MB)
	24221648  -  ResidentSetSize of job (KB)
...
006 (9445100.000.000) 03/22 20:06:20 Image size of job updated: 70391192
	23654  -  MemoryUsage of job (MB)
	24221648  -  ResidentSetSize of job (KB)
...
006 (9445100.000.000) 03/22 20:10:12 Image size of job updated: 71560804
	23654  -  MemoryUsage of job (MB)
	24221648  -  ResidentSetSize of job (KB)
...
040 (9445100.000.000) 03/22 20:10:12 Started transferring output files
...
040 (9445100.000.000) 03/22 20:10:12 Finished transferring output files
...
004 (9445100.000.000) 03/22 20:10:12 Job was evicted.
	(0) CPU times
		Usr 0 01:03:49, Sys 0 00:17:05  -  Run Remote Usage
		Usr 0 00:00:00, Sys 0 00:00:00  -  Run Local Usage
	5746887  -  Run Bytes Sent By Job
	198  -  Run Bytes Received By Job
	Partitionable Resources :    Usage  Request Allocated 
	   Cpus                 :     0.45        1         1 
	   Disk (KB)            :  5632           1   1279577 
	   Memory (MB)          : 23654        2000      2000 
...
009 (9445100.000.000) 03/22 20:10:12 Job was aborted.
	via condor_rm (by user tcritchl)
...
