000 (9538335.000.000) 04/02 10:19:35 Job submitted from host: <137.138.156.150:9618?addrs=137.138.156.150-9618+[2001-1458-d00-14--9a]-9618&alias=bigbird13.cern.ch&noUDP&sock=schedd_5144_ef43>
...
040 (9538335.000.000) 04/02 16:14:32 Started transferring input files
	Transferring to host: <128.142.58.155:9618?addrs=128.142.58.155-9618&alias=b7s03p4304.cern.ch&noUDP&sock=slot1_17_7029_50f7_89519>
...
040 (9538335.000.000) 04/02 16:14:32 Finished transferring input files
...
001 (9538335.000.000) 04/02 16:14:33 Job executing on host: <128.142.58.155:9618?addrs=128.142.58.155-9618&alias=b7s03p4304.cern.ch&noUDP&sock=startd_6943_e623>
...
006 (9538335.000.000) 04/02 16:14:42 Image size of job updated: 453396
	39  -  MemoryUsage of job (MB)
	39592  -  ResidentSetSize of job (KB)
...
006 (9538335.000.000) 04/02 16:17:34 Image size of job updated: 19905024
	39  -  MemoryUsage of job (MB)
	39592  -  ResidentSetSize of job (KB)
...
040 (9538335.000.000) 04/02 16:17:34 Started transferring output files
...
040 (9538335.000.000) 04/02 16:17:34 Finished transferring output files
...
005 (9538335.000.000) 04/02 16:17:34 Job terminated.
	(1) Normal termination (return value 0)
		Usr 0 00:00:39, Sys 0 00:00:05  -  Run Remote Usage
		Usr 0 00:00:00, Sys 0 00:00:00  -  Run Local Usage
		Usr 0 00:00:39, Sys 0 00:00:05  -  Total Remote Usage
		Usr 0 00:00:00, Sys 0 00:00:00  -  Total Local Usage
	16699  -  Run Bytes Sent By Job
	194  -  Run Bytes Received By Job
	16699  -  Total Bytes Sent By Job
	194  -  Total Bytes Received By Job
	Partitionable Resources :    Usage  Request Allocated 
	   Cpus                 :                 1         1 
	   Disk (KB)            :       29        1   1339232 
	   Memory (MB)          :       39     2000      2000 

	Job terminated of its own accord at 2024-04-02T14:17:34Z.
...
