000 (9652528.000.000) 04/18 23:56:39 Job submitted from host: <137.138.156.150:9618?addrs=137.138.156.150-9618+[2001-1458-d00-14--9a]-9618&alias=bigbird13.cern.ch&noUDP&sock=schedd_2138_1192>
...
040 (9652528.000.000) 04/18 23:59:13 Started transferring input files
	Transferring to host: <188.184.163.98:9618?addrs=188.184.163.98-9618+[2001-1458-301-4d--100-5c]-9618&alias=b9s12p2480.cern.ch&noUDP&sock=slot1_5_466690_12db_100087>
...
040 (9652528.000.000) 04/18 23:59:13 Finished transferring input files
...
001 (9652528.000.000) 04/18 23:59:14 Job executing on host: <188.184.163.98:9618?addrs=188.184.163.98-9618+[2001-1458-301-4d--100-5c]-9618&alias=b9s12p2480.cern.ch&noUDP&sock=startd_466648_4ad8>
...
006 (9652528.000.000) 04/18 23:59:22 Image size of job updated: 36652
	36  -  MemoryUsage of job (MB)
	36484  -  ResidentSetSize of job (KB)
...
006 (9652528.000.000) 04/19 00:04:22 Image size of job updated: 2422732
	2364  -  MemoryUsage of job (MB)
	2420732  -  ResidentSetSize of job (KB)
...
006 (9652528.000.000) 04/19 00:09:23 Image size of job updated: 6150924
	5995  -  MemoryUsage of job (MB)
	6138460  -  ResidentSetSize of job (KB)
...
006 (9652528.000.000) 04/19 00:14:24 Image size of job updated: 9166256
	8925  -  MemoryUsage of job (MB)
	9138612  -  ResidentSetSize of job (KB)
...
006 (9652528.000.000) 04/19 00:19:24 Image size of job updated: 12423896
	12121  -  MemoryUsage of job (MB)
	12411860  -  ResidentSetSize of job (KB)
...
006 (9652528.000.000) 04/19 00:24:25 Image size of job updated: 15181028
	14825  -  MemoryUsage of job (MB)
	15179964  -  ResidentSetSize of job (KB)
...
006 (9652528.000.000) 04/19 00:29:26 Image size of job updated: 17771416
	17353  -  MemoryUsage of job (MB)
	17768696  -  ResidentSetSize of job (KB)
...
006 (9652528.000.000) 04/19 00:34:26 Image size of job updated: 19213804
	18763  -  MemoryUsage of job (MB)
	19212444  -  ResidentSetSize of job (KB)
...
006 (9652528.000.000) 04/19 00:39:26 Image size of job updated: 21711344
	21200  -  MemoryUsage of job (MB)
	21708264  -  ResidentSetSize of job (KB)
...
006 (9652528.000.000) 04/19 00:44:27 Image size of job updated: 24385936
	23814  -  MemoryUsage of job (MB)
	24385364  -  ResidentSetSize of job (KB)
...
006 (9652528.000.000) 04/19 00:49:27 Image size of job updated: 26528044
	25858  -  MemoryUsage of job (MB)
	26478360  -  ResidentSetSize of job (KB)
...
006 (9652528.000.000) 04/19 00:54:27 Image size of job updated: 27507124
	26859  -  MemoryUsage of job (MB)
	27503612  -  ResidentSetSize of job (KB)
...
006 (9652528.000.000) 04/19 00:59:28 Image size of job updated: 29800660
	29077  -  MemoryUsage of job (MB)
	29774032  -  ResidentSetSize of job (KB)
...
006 (9652528.000.000) 04/19 01:04:29 Image size of job updated: 33554040
	32766  -  MemoryUsage of job (MB)
	33552280  -  ResidentSetSize of job (KB)
...
006 (9652528.000.000) 04/19 01:09:29 Image size of job updated: 36849668
	35942  -  MemoryUsage of job (MB)
	36803744  -  ResidentSetSize of job (KB)
...
006 (9652528.000.000) 04/19 01:14:30 Image size of job updated: 37196772
	35942  -  MemoryUsage of job (MB)
	36803744  -  ResidentSetSize of job (KB)
...
006 (9652528.000.000) 04/19 02:34:39 Image size of job updated: 37622948
	35962  -  MemoryUsage of job (MB)
	36824792  -  ResidentSetSize of job (KB)
...
006 (9652528.000.000) 04/19 02:44:40 Image size of job updated: 37672312
	35962  -  MemoryUsage of job (MB)
	36824792  -  ResidentSetSize of job (KB)
...
040 (9652528.000.000) 04/19 07:17:46 Started transferring output files
...
040 (9652528.000.000) 04/19 07:17:46 Finished transferring output files
...
005 (9652528.000.000) 04/19 07:17:46 Job terminated.
	(1) Normal termination (return value 0)
		Usr 0 05:41:15, Sys 0 00:35:38  -  Run Remote Usage
		Usr 0 00:00:00, Sys 0 00:00:00  -  Run Local Usage
		Usr 0 05:41:15, Sys 0 00:35:38  -  Total Remote Usage
		Usr 0 00:00:00, Sys 0 00:00:00  -  Total Local Usage
	6436  -  Run Bytes Sent By Job
	204  -  Run Bytes Received By Job
	6436  -  Total Bytes Sent By Job
	204  -  Total Bytes Received By Job
	Partitionable Resources :    Usage  Request Allocated 
	   Cpus                 :     0.99        1         1 
	   Disk (KB)            :    28           1   2819560 
	   Memory (MB)          : 35962        2000      2000 

	Job terminated of its own accord at 2024-04-19T05:17:46Z.
...
