000 (9445135.000.000) 03/22 14:26:50 Job submitted from host: <137.138.156.150:9618?addrs=137.138.156.150-9618+[2001-1458-d00-14--9a]-9618&alias=bigbird13.cern.ch&noUDP&sock=schedd_5144_ef43>
...
040 (9445135.000.000) 03/22 17:31:03 Started transferring input files
	Transferring to host: <128.142.58.48:9618?addrs=128.142.58.48-9618+[2001-1458-301-16--100-2f]-9618&alias=b7s03p3272.cern.ch&noUDP&sock=slot1_11_6451_101f_78584>
...
040 (9445135.000.000) 03/22 17:31:03 Finished transferring input files
...
001 (9445135.000.000) 03/22 17:31:04 Job executing on host: <128.142.58.48:9618?addrs=128.142.58.48-9618+[2001-1458-301-16--100-2f]-9618&alias=b7s03p3272.cern.ch&noUDP&sock=startd_6387_877b>
...
006 (9445135.000.000) 03/22 17:31:13 Image size of job updated: 470936
	41  -  MemoryUsage of job (MB)
	41944  -  ResidentSetSize of job (KB)
...
006 (9445135.000.000) 03/22 17:36:14 Image size of job updated: 615704
	85  -  MemoryUsage of job (MB)
	86248  -  ResidentSetSize of job (KB)
...
006 (9445135.000.000) 03/22 17:41:15 Image size of job updated: 615860
	86  -  MemoryUsage of job (MB)
	87104  -  ResidentSetSize of job (KB)
...
006 (9445135.000.000) 03/22 17:46:15 Image size of job updated: 615860
	86  -  MemoryUsage of job (MB)
	87136  -  ResidentSetSize of job (KB)
...
006 (9445135.000.000) 03/22 17:51:16 Image size of job updated: 616884
	86  -  MemoryUsage of job (MB)
	87340  -  ResidentSetSize of job (KB)
...
006 (9445135.000.000) 03/22 17:56:17 Image size of job updated: 616884
	86  -  MemoryUsage of job (MB)
	87608  -  ResidentSetSize of job (KB)
...
006 (9445135.000.000) 03/22 18:01:17 Image size of job updated: 4774148
	2150  -  MemoryUsage of job (MB)
	2200884  -  ResidentSetSize of job (KB)
...
006 (9445135.000.000) 03/22 18:06:17 Image size of job updated: 9006892
	6293  -  MemoryUsage of job (MB)
	6443640  -  ResidentSetSize of job (KB)
...
006 (9445135.000.000) 03/22 18:11:18 Image size of job updated: 13239616
	10426  -  MemoryUsage of job (MB)
	10675520  -  ResidentSetSize of job (KB)
...
006 (9445135.000.000) 03/22 18:16:18 Image size of job updated: 17375784
	14441  -  MemoryUsage of job (MB)
	14787116  -  ResidentSetSize of job (KB)
...
006 (9445135.000.000) 03/22 18:21:18 Image size of job updated: 21391844
	18386  -  MemoryUsage of job (MB)
	18826388  -  ResidentSetSize of job (KB)
...
006 (9445135.000.000) 03/22 18:26:19 Image size of job updated: 25615180
	22456  -  MemoryUsage of job (MB)
	22994568  -  ResidentSetSize of job (KB)
...
006 (9445135.000.000) 03/22 18:31:20 Image size of job updated: 28803908
	25520  -  MemoryUsage of job (MB)
	26132388  -  ResidentSetSize of job (KB)
...
006 (9445135.000.000) 03/22 18:36:20 Image size of job updated: 31345916
	27980  -  MemoryUsage of job (MB)
	28651504  -  ResidentSetSize of job (KB)
...
006 (9445135.000.000) 03/22 18:41:21 Image size of job updated: 33737268
	30303  -  MemoryUsage of job (MB)
	31029552  -  ResidentSetSize of job (KB)
...
006 (9445135.000.000) 03/22 18:46:22 Image size of job updated: 36335152
	32817  -  MemoryUsage of job (MB)
	33603596  -  ResidentSetSize of job (KB)
...
006 (9445135.000.000) 03/22 18:51:22 Image size of job updated: 39028800
	35479  -  MemoryUsage of job (MB)
	36329736  -  ResidentSetSize of job (KB)
...
006 (9445135.000.000) 03/22 18:56:23 Image size of job updated: 41945256
	38302  -  MemoryUsage of job (MB)
	39220424  -  ResidentSetSize of job (KB)
...
006 (9445135.000.000) 03/22 19:01:24 Image size of job updated: 45721596
	42004  -  MemoryUsage of job (MB)
	43011616  -  ResidentSetSize of job (KB)
...
006 (9445135.000.000) 03/22 19:06:24 Image size of job updated: 49007052
	45248  -  MemoryUsage of job (MB)
	46333752  -  ResidentSetSize of job (KB)
...
006 (9445135.000.000) 03/22 19:11:24 Image size of job updated: 50704936
	46898  -  MemoryUsage of job (MB)
	48022668  -  ResidentSetSize of job (KB)
...
006 (9445135.000.000) 03/22 19:16:25 Image size of job updated: 52227424
	46898  -  MemoryUsage of job (MB)
	48022668  -  ResidentSetSize of job (KB)
...
006 (9445135.000.000) 03/22 19:21:25 Image size of job updated: 53582200
	46898  -  MemoryUsage of job (MB)
	48022668  -  ResidentSetSize of job (KB)
...
006 (9445135.000.000) 03/22 19:26:25 Image size of job updated: 54874204
	46898  -  MemoryUsage of job (MB)
	48022668  -  ResidentSetSize of job (KB)
...
006 (9445135.000.000) 03/22 19:31:26 Image size of job updated: 56341828
	47972  -  MemoryUsage of job (MB)
	49123132  -  ResidentSetSize of job (KB)
...
006 (9445135.000.000) 03/22 19:36:27 Image size of job updated: 57684844
	47972  -  MemoryUsage of job (MB)
	49123132  -  ResidentSetSize of job (KB)
...
006 (9445135.000.000) 03/22 19:41:27 Image size of job updated: 58775260
	47972  -  MemoryUsage of job (MB)
	49123132  -  ResidentSetSize of job (KB)
...
006 (9445135.000.000) 03/22 19:46:28 Image size of job updated: 59698384
	47972  -  MemoryUsage of job (MB)
	49123132  -  ResidentSetSize of job (KB)
...
006 (9445135.000.000) 03/22 19:51:29 Image size of job updated: 60578144
	47972  -  MemoryUsage of job (MB)
	49123132  -  ResidentSetSize of job (KB)
...
006 (9445135.000.000) 03/22 19:56:29 Image size of job updated: 61621384
	47972  -  MemoryUsage of job (MB)
	49123132  -  ResidentSetSize of job (KB)
...
006 (9445135.000.000) 03/22 20:01:30 Image size of job updated: 62688860
	47972  -  MemoryUsage of job (MB)
	49123132  -  ResidentSetSize of job (KB)
...
006 (9445135.000.000) 03/22 20:06:31 Image size of job updated: 64055032
	47972  -  MemoryUsage of job (MB)
	49123132  -  ResidentSetSize of job (KB)
...
006 (9445135.000.000) 03/22 20:10:15 Image size of job updated: 65023868
	47972  -  MemoryUsage of job (MB)
	49123132  -  ResidentSetSize of job (KB)
...
040 (9445135.000.000) 03/22 20:10:15 Started transferring output files
...
040 (9445135.000.000) 03/22 20:10:15 Finished transferring output files
...
004 (9445135.000.000) 03/22 20:10:15 Job was evicted.
	(0) CPU times
		Usr 0 01:01:06, Sys 0 00:14:04  -  Run Remote Usage
		Usr 0 00:00:00, Sys 0 00:00:00  -  Run Local Usage
	5214269  -  Run Bytes Sent By Job
	198  -  Run Bytes Received By Job
	Partitionable Resources :    Usage  Request Allocated 
	   Cpus                 :     0.43        1         1 
	   Disk (KB)            :  5113           1   1291949 
	   Memory (MB)          : 47972        2000      2000 
...
009 (9445135.000.000) 03/22 20:10:15 Job was aborted.
	via condor_rm (by user tcritchl)
...
