000 (9445126.000.000) 03/22 14:25:54 Job submitted from host: <137.138.156.150:9618?addrs=137.138.156.150-9618+[2001-1458-d00-14--9a]-9618&alias=bigbird13.cern.ch&noUDP&sock=schedd_5144_ef43>
...
040 (9445126.000.000) 03/22 17:31:00 Started transferring input files
	Transferring to host: <128.142.58.26:9618?addrs=128.142.58.26-9618&alias=b7s03p1143.cern.ch&noUDP&sock=slot1_13_6911_2cb2_80910>
...
040 (9445126.000.000) 03/22 17:31:00 Finished transferring input files
...
001 (9445126.000.000) 03/22 17:31:01 Job executing on host: <128.142.58.26:9618?addrs=128.142.58.26-9618&alias=b7s03p1143.cern.ch&noUDP&sock=startd_6860_f7c7>
...
006 (9445126.000.000) 03/22 17:31:09 Image size of job updated: 58128
	43  -  MemoryUsage of job (MB)
	43496  -  ResidentSetSize of job (KB)
...
006 (9445126.000.000) 03/22 17:36:09 Image size of job updated: 615704
	85  -  MemoryUsage of job (MB)
	86244  -  ResidentSetSize of job (KB)
...
006 (9445126.000.000) 03/22 17:41:10 Image size of job updated: 615860
	85  -  MemoryUsage of job (MB)
	86844  -  ResidentSetSize of job (KB)
...
006 (9445126.000.000) 03/22 17:46:11 Image size of job updated: 615860
	86  -  MemoryUsage of job (MB)
	87136  -  ResidentSetSize of job (KB)
...
006 (9445126.000.000) 03/22 17:51:11 Image size of job updated: 616884
	86  -  MemoryUsage of job (MB)
	87336  -  ResidentSetSize of job (KB)
...
006 (9445126.000.000) 03/22 17:56:11 Image size of job updated: 616884
	86  -  MemoryUsage of job (MB)
	87620  -  ResidentSetSize of job (KB)
...
006 (9445126.000.000) 03/22 18:01:12 Image size of job updated: 4903656
	2131  -  MemoryUsage of job (MB)
	2181412  -  ResidentSetSize of job (KB)
...
006 (9445126.000.000) 03/22 18:06:12 Image size of job updated: 9335308
	6436  -  MemoryUsage of job (MB)
	6589728  -  ResidentSetSize of job (KB)
...
006 (9445126.000.000) 03/22 18:11:12 Image size of job updated: 13272596
	9945  -  MemoryUsage of job (MB)
	10183236  -  ResidentSetSize of job (KB)
...
006 (9445126.000.000) 03/22 18:16:13 Image size of job updated: 17559788
	9945  -  MemoryUsage of job (MB)
	10183236  -  ResidentSetSize of job (KB)
...
006 (9445126.000.000) 03/22 18:21:14 Image size of job updated: 21595732
	9945  -  MemoryUsage of job (MB)
	10183236  -  ResidentSetSize of job (KB)
...
006 (9445126.000.000) 03/22 18:26:14 Image size of job updated: 25711644
	9945  -  MemoryUsage of job (MB)
	10183236  -  ResidentSetSize of job (KB)
...
006 (9445126.000.000) 03/22 18:31:15 Image size of job updated: 29757944
	9945  -  MemoryUsage of job (MB)
	10183236  -  ResidentSetSize of job (KB)
...
006 (9445126.000.000) 03/22 18:36:16 Image size of job updated: 33910804
	9945  -  MemoryUsage of job (MB)
	10183236  -  ResidentSetSize of job (KB)
...
006 (9445126.000.000) 03/22 18:41:16 Image size of job updated: 37818984
	9945  -  MemoryUsage of job (MB)
	10183236  -  ResidentSetSize of job (KB)
...
006 (9445126.000.000) 03/22 18:46:16 Image size of job updated: 41770388
	9945  -  MemoryUsage of job (MB)
	10183236  -  ResidentSetSize of job (KB)
...
006 (9445126.000.000) 03/22 18:51:17 Image size of job updated: 45754720
	9945  -  MemoryUsage of job (MB)
	10183236  -  ResidentSetSize of job (KB)
...
006 (9445126.000.000) 03/22 18:56:17 Image size of job updated: 49064008
	9945  -  MemoryUsage of job (MB)
	10183236  -  ResidentSetSize of job (KB)
...
006 (9445126.000.000) 03/22 19:01:17 Image size of job updated: 50972052
	9945  -  MemoryUsage of job (MB)
	10183236  -  ResidentSetSize of job (KB)
...
006 (9445126.000.000) 03/22 19:06:18 Image size of job updated: 52910028
	9945  -  MemoryUsage of job (MB)
	10183236  -  ResidentSetSize of job (KB)
...
006 (9445126.000.000) 03/22 19:11:19 Image size of job updated: 54377304
	9945  -  MemoryUsage of job (MB)
	10183236  -  ResidentSetSize of job (KB)
...
006 (9445126.000.000) 03/22 19:16:19 Image size of job updated: 55840884
	9945  -  MemoryUsage of job (MB)
	10183236  -  ResidentSetSize of job (KB)
...
006 (9445126.000.000) 03/22 19:21:20 Image size of job updated: 57259520
	9945  -  MemoryUsage of job (MB)
	10183236  -  ResidentSetSize of job (KB)
...
006 (9445126.000.000) 03/22 19:26:21 Image size of job updated: 58803844
	10333  -  MemoryUsage of job (MB)
	10580248  -  ResidentSetSize of job (KB)
...
006 (9445126.000.000) 03/22 19:31:21 Image size of job updated: 60386820
	11847  -  MemoryUsage of job (MB)
	12130964  -  ResidentSetSize of job (KB)
...
006 (9445126.000.000) 03/22 19:36:21 Image size of job updated: 61867364
	12860  -  MemoryUsage of job (MB)
	13168512  -  ResidentSetSize of job (KB)
...
006 (9445126.000.000) 03/22 19:41:22 Image size of job updated: 63318508
	12860  -  MemoryUsage of job (MB)
	13168512  -  ResidentSetSize of job (KB)
...
006 (9445126.000.000) 03/22 19:46:22 Image size of job updated: 64674936
	12860  -  MemoryUsage of job (MB)
	13168512  -  ResidentSetSize of job (KB)
...
006 (9445126.000.000) 03/22 19:51:22 Image size of job updated: 65805376
	12860  -  MemoryUsage of job (MB)
	13168512  -  ResidentSetSize of job (KB)
...
006 (9445126.000.000) 03/22 19:56:23 Image size of job updated: 67302136
	12860  -  MemoryUsage of job (MB)
	13168512  -  ResidentSetSize of job (KB)
...
006 (9445126.000.000) 03/22 20:01:23 Image size of job updated: 68698856
	12860  -  MemoryUsage of job (MB)
	13168512  -  ResidentSetSize of job (KB)
...
006 (9445126.000.000) 03/22 20:06:23 Image size of job updated: 70245400
	12860  -  MemoryUsage of job (MB)
	13168512  -  ResidentSetSize of job (KB)
...
006 (9445126.000.000) 03/22 20:10:12 Image size of job updated: 71407476
	12860  -  MemoryUsage of job (MB)
	13168512  -  ResidentSetSize of job (KB)
...
040 (9445126.000.000) 03/22 20:10:12 Started transferring output files
...
040 (9445126.000.000) 03/22 20:10:12 Finished transferring output files
...
004 (9445126.000.000) 03/22 20:10:12 Job was evicted.
	(0) CPU times
		Usr 0 01:04:22, Sys 0 00:16:18  -  Run Remote Usage
		Usr 0 00:00:00, Sys 0 00:00:00  -  Run Local Usage
	5739123  -  Run Bytes Sent By Job
	200  -  Run Bytes Received By Job
	Partitionable Resources :    Usage  Request Allocated 
	   Cpus                 :     0.49        1         1 
	   Disk (KB)            :  5625           1   1268167 
	   Memory (MB)          : 12860        2000      2000 
...
009 (9445126.000.000) 03/22 20:10:12 Job was aborted.
	via condor_rm (by user tcritchl)
...
