000 (9445090.000.000) 03/22 14:23:13 Job submitted from host: <137.138.156.150:9618?addrs=137.138.156.150-9618+[2001-1458-d00-14--9a]-9618&alias=bigbird13.cern.ch&noUDP&sock=schedd_5144_ef43>
...
040 (9445090.000.000) 03/22 17:14:18 Started transferring input files
	Transferring to host: <128.142.56.161:9618?addrs=128.142.56.161-9618+[2001-1458-301-6--100-a0]-9618&alias=b7s01p2847.cern.ch&noUDP&sock=slot1_48_53224_df6d_81403>
...
040 (9445090.000.000) 03/22 17:14:18 Finished transferring input files
...
001 (9445090.000.000) 03/22 17:14:19 Job executing on host: <128.142.56.161:9618?addrs=128.142.56.161-9618+[2001-1458-301-6--100-a0]-9618&alias=b7s01p2847.cern.ch&noUDP&sock=startd_53186_c02a>
...
006 (9445090.000.000) 03/22 17:14:28 Image size of job updated: 407512
	47  -  MemoryUsage of job (MB)
	47752  -  ResidentSetSize of job (KB)
...
006 (9445090.000.000) 03/22 17:19:29 Image size of job updated: 615696
	85  -  MemoryUsage of job (MB)
	86104  -  ResidentSetSize of job (KB)
...
006 (9445090.000.000) 03/22 17:24:30 Image size of job updated: 615852
	85  -  MemoryUsage of job (MB)
	86580  -  ResidentSetSize of job (KB)
...
006 (9445090.000.000) 03/22 17:29:30 Image size of job updated: 615852
	86  -  MemoryUsage of job (MB)
	87148  -  ResidentSetSize of job (KB)
...
006 (9445090.000.000) 03/22 17:34:31 Image size of job updated: 615852
	86  -  MemoryUsage of job (MB)
	87160  -  ResidentSetSize of job (KB)
...
006 (9445090.000.000) 03/22 17:39:32 Image size of job updated: 616876
	86  -  MemoryUsage of job (MB)
	87244  -  ResidentSetSize of job (KB)
...
006 (9445090.000.000) 03/22 17:44:32 Image size of job updated: 616876
	86  -  MemoryUsage of job (MB)
	87396  -  ResidentSetSize of job (KB)
...
006 (9445090.000.000) 03/22 17:49:32 Image size of job updated: 616876
	86  -  MemoryUsage of job (MB)
	87536  -  ResidentSetSize of job (KB)
...
006 (9445090.000.000) 03/22 17:54:33 Image size of job updated: 616876
	86  -  MemoryUsage of job (MB)
	87652  -  ResidentSetSize of job (KB)
...
006 (9445090.000.000) 03/22 17:59:34 Image size of job updated: 2991928
	268  -  MemoryUsage of job (MB)
	273800  -  ResidentSetSize of job (KB)
...
006 (9445090.000.000) 03/22 18:04:34 Image size of job updated: 4033952
	1259  -  MemoryUsage of job (MB)
	1288672  -  ResidentSetSize of job (KB)
...
006 (9445090.000.000) 03/22 18:09:34 Image size of job updated: 5082020
	2278  -  MemoryUsage of job (MB)
	2332644  -  ResidentSetSize of job (KB)
...
006 (9445090.000.000) 03/22 18:14:35 Image size of job updated: 6156304
	3327  -  MemoryUsage of job (MB)
	3406768  -  ResidentSetSize of job (KB)
...
006 (9445090.000.000) 03/22 18:19:35 Image size of job updated: 7197732
	4390  -  MemoryUsage of job (MB)
	4494348  -  ResidentSetSize of job (KB)
...
006 (9445090.000.000) 03/22 18:24:35 Image size of job updated: 8144356
	5307  -  MemoryUsage of job (MB)
	5433888  -  ResidentSetSize of job (KB)
...
006 (9445090.000.000) 03/22 18:29:36 Image size of job updated: 9103360
	6222  -  MemoryUsage of job (MB)
	6370992  -  ResidentSetSize of job (KB)
...
006 (9445090.000.000) 03/22 18:34:37 Image size of job updated: 9939412
	7040  -  MemoryUsage of job (MB)
	7208164  -  ResidentSetSize of job (KB)
...
006 (9445090.000.000) 03/22 18:39:37 Image size of job updated: 10761788
	7837  -  MemoryUsage of job (MB)
	8024812  -  ResidentSetSize of job (KB)
...
006 (9445090.000.000) 03/22 18:44:38 Image size of job updated: 11613728
	8671  -  MemoryUsage of job (MB)
	8878484  -  ResidentSetSize of job (KB)
...
006 (9445090.000.000) 03/22 18:49:39 Image size of job updated: 12564236
	9618  -  MemoryUsage of job (MB)
	9848028  -  ResidentSetSize of job (KB)
...
006 (9445090.000.000) 03/22 18:54:39 Image size of job updated: 13580072
	9618  -  MemoryUsage of job (MB)
	9848028  -  ResidentSetSize of job (KB)
...
006 (9445090.000.000) 03/22 18:59:40 Image size of job updated: 14631116
	10450  -  MemoryUsage of job (MB)
	10700476  -  ResidentSetSize of job (KB)
...
006 (9445090.000.000) 03/22 19:04:41 Image size of job updated: 15632796
	10450  -  MemoryUsage of job (MB)
	10700476  -  ResidentSetSize of job (KB)
...
006 (9445090.000.000) 03/22 19:09:41 Image size of job updated: 16525100
	10450  -  MemoryUsage of job (MB)
	10700476  -  ResidentSetSize of job (KB)
...
006 (9445090.000.000) 03/22 19:14:41 Image size of job updated: 17467012
	10597  -  MemoryUsage of job (MB)
	10850784  -  ResidentSetSize of job (KB)
...
006 (9445090.000.000) 03/22 19:19:42 Image size of job updated: 18391980
	10708  -  MemoryUsage of job (MB)
	10964640  -  ResidentSetSize of job (KB)
...
006 (9445090.000.000) 03/22 19:24:42 Image size of job updated: 19350300
	10708  -  MemoryUsage of job (MB)
	10964640  -  ResidentSetSize of job (KB)
...
006 (9445090.000.000) 03/22 19:29:42 Image size of job updated: 20305036
	10708  -  MemoryUsage of job (MB)
	10964640  -  ResidentSetSize of job (KB)
...
006 (9445090.000.000) 03/22 19:34:43 Image size of job updated: 21318460
	10708  -  MemoryUsage of job (MB)
	10964640  -  ResidentSetSize of job (KB)
...
006 (9445090.000.000) 03/22 19:39:43 Image size of job updated: 22343532
	10708  -  MemoryUsage of job (MB)
	10964640  -  ResidentSetSize of job (KB)
...
006 (9445090.000.000) 03/22 19:44:43 Image size of job updated: 23409744
	10708  -  MemoryUsage of job (MB)
	10964640  -  ResidentSetSize of job (KB)
...
006 (9445090.000.000) 03/22 19:49:44 Image size of job updated: 24444532
	10708  -  MemoryUsage of job (MB)
	10964640  -  ResidentSetSize of job (KB)
...
006 (9445090.000.000) 03/22 19:54:45 Image size of job updated: 25515164
	10708  -  MemoryUsage of job (MB)
	10964640  -  ResidentSetSize of job (KB)
...
006 (9445090.000.000) 03/22 19:59:45 Image size of job updated: 26677636
	10708  -  MemoryUsage of job (MB)
	10964640  -  ResidentSetSize of job (KB)
...
006 (9445090.000.000) 03/22 20:04:46 Image size of job updated: 27826584
	10708  -  MemoryUsage of job (MB)
	10964640  -  ResidentSetSize of job (KB)
...
006 (9445090.000.000) 03/22 20:09:47 Image size of job updated: 28958200
	10708  -  MemoryUsage of job (MB)
	10964640  -  ResidentSetSize of job (KB)
...
006 (9445090.000.000) 03/22 20:10:25 Image size of job updated: 28995700
	10708  -  MemoryUsage of job (MB)
	10964640  -  ResidentSetSize of job (KB)
...
040 (9445090.000.000) 03/22 20:10:25 Started transferring output files
...
040 (9445090.000.000) 03/22 20:10:25 Finished transferring output files
...
004 (9445090.000.000) 03/22 20:10:25 Job was evicted.
	(0) CPU times
		Usr 0 00:26:06, Sys 0 00:05:09  -  Run Remote Usage
		Usr 0 00:00:00, Sys 0 00:00:00  -  Run Local Usage
	2215409  -  Run Bytes Sent By Job
	200  -  Run Bytes Received By Job
	Partitionable Resources :    Usage  Request Allocated 
	   Cpus                 :     0.29        1         1 
	   Disk (KB)            :  2184           1   1233431 
	   Memory (MB)          : 10708        2000      2000 
...
009 (9445090.000.000) 03/22 20:10:25 Job was aborted.
	via condor_rm (by user tcritchl)
...
