000 (9445516.000.000) 03/23 14:38:53 Job submitted from host: <137.138.156.150:9618?addrs=137.138.156.150-9618+[2001-1458-d00-14--9a]-9618&alias=bigbird13.cern.ch&noUDP&sock=schedd_5144_ef43>
...
040 (9445516.000.000) 03/23 16:00:51 Started transferring input files
	Transferring to host: <128.142.58.168:9618?addrs=128.142.58.168-9618&alias=b7s03p4036.cern.ch&noUDP&sock=slot1_8_6949_f2f4_82435>
...
040 (9445516.000.000) 03/23 16:00:51 Finished transferring input files
...
001 (9445516.000.000) 03/23 16:00:52 Job executing on host: <128.142.58.168:9618?addrs=128.142.58.168-9618&alias=b7s03p4036.cern.ch&noUDP&sock=startd_6880_afac>
...
006 (9445516.000.000) 03/23 16:01:01 Image size of job updated: 491184
	48  -  MemoryUsage of job (MB)
	49004  -  ResidentSetSize of job (KB)
...
006 (9445516.000.000) 03/23 16:06:02 Image size of job updated: 615700
	85  -  MemoryUsage of job (MB)
	86184  -  ResidentSetSize of job (KB)
...
006 (9445516.000.000) 03/23 16:11:02 Image size of job updated: 615856
	85  -  MemoryUsage of job (MB)
	86724  -  ResidentSetSize of job (KB)
...
006 (9445516.000.000) 03/23 16:16:02 Image size of job updated: 615856
	86  -  MemoryUsage of job (MB)
	87168  -  ResidentSetSize of job (KB)
...
006 (9445516.000.000) 03/23 16:21:03 Image size of job updated: 616880
	86  -  MemoryUsage of job (MB)
	87584  -  ResidentSetSize of job (KB)
...
006 (9445516.000.000) 03/23 16:26:04 Image size of job updated: 5366836
	2767  -  MemoryUsage of job (MB)
	2832832  -  ResidentSetSize of job (KB)
...
006 (9445516.000.000) 03/23 16:31:04 Image size of job updated: 9996340
	7242  -  MemoryUsage of job (MB)
	7414948  -  ResidentSetSize of job (KB)
...
006 (9445516.000.000) 03/23 16:36:05 Image size of job updated: 14594116
	11743  -  MemoryUsage of job (MB)
	12023852  -  ResidentSetSize of job (KB)
...
006 (9445516.000.000) 03/23 16:41:06 Image size of job updated: 19167592
	11743  -  MemoryUsage of job (MB)
	12023852  -  ResidentSetSize of job (KB)
...
006 (9445516.000.000) 03/23 16:46:06 Image size of job updated: 23638096
	11743  -  MemoryUsage of job (MB)
	12023852  -  ResidentSetSize of job (KB)
...
006 (9445516.000.000) 03/23 16:51:06 Image size of job updated: 27800708
	11743  -  MemoryUsage of job (MB)
	12023852  -  ResidentSetSize of job (KB)
...
006 (9445516.000.000) 03/23 16:56:07 Image size of job updated: 32159756
	11743  -  MemoryUsage of job (MB)
	12023852  -  ResidentSetSize of job (KB)
...
006 (9445516.000.000) 03/23 17:01:08 Image size of job updated: 36272776
	11743  -  MemoryUsage of job (MB)
	12023852  -  ResidentSetSize of job (KB)
...
006 (9445516.000.000) 03/23 17:06:08 Image size of job updated: 40838084
	11743  -  MemoryUsage of job (MB)
	12023852  -  ResidentSetSize of job (KB)
...
006 (9445516.000.000) 03/23 17:11:09 Image size of job updated: 45614164
	11743  -  MemoryUsage of job (MB)
	12023852  -  ResidentSetSize of job (KB)
...
006 (9445516.000.000) 03/23 17:16:10 Image size of job updated: 49279560
	14205  -  MemoryUsage of job (MB)
	14545316  -  ResidentSetSize of job (KB)
...
006 (9445516.000.000) 03/23 17:21:10 Image size of job updated: 50970412
	15825  -  MemoryUsage of job (MB)
	16204148  -  ResidentSetSize of job (KB)
...
006 (9445516.000.000) 03/23 17:26:10 Image size of job updated: 52417900
	17243  -  MemoryUsage of job (MB)
	17656252  -  ResidentSetSize of job (KB)
...
006 (9445516.000.000) 03/23 17:31:11 Image size of job updated: 54192348
	18957  -  MemoryUsage of job (MB)
	19411240  -  ResidentSetSize of job (KB)
...
006 (9445516.000.000) 03/23 17:36:12 Image size of job updated: 55695648
	20462  -  MemoryUsage of job (MB)
	20952160  -  ResidentSetSize of job (KB)
...
006 (9445516.000.000) 03/23 17:41:12 Image size of job updated: 56792832
	20462  -  MemoryUsage of job (MB)
	20952160  -  ResidentSetSize of job (KB)
...
006 (9445516.000.000) 03/23 17:46:13 Image size of job updated: 58452868
	20462  -  MemoryUsage of job (MB)
	20952160  -  ResidentSetSize of job (KB)
...
006 (9445516.000.000) 03/23 17:51:14 Image size of job updated: 60060956
	20462  -  MemoryUsage of job (MB)
	20952160  -  ResidentSetSize of job (KB)
...
006 (9445516.000.000) 03/23 17:56:14 Image size of job updated: 61630628
	20462  -  MemoryUsage of job (MB)
	20952160  -  ResidentSetSize of job (KB)
...
006 (9445516.000.000) 03/23 18:01:14 Image size of job updated: 63168636
	20462  -  MemoryUsage of job (MB)
	20952160  -  ResidentSetSize of job (KB)
...
006 (9445516.000.000) 03/23 18:06:15 Image size of job updated: 65006532
	20462  -  MemoryUsage of job (MB)
	20952160  -  ResidentSetSize of job (KB)
...
006 (9445516.000.000) 03/23 18:11:15 Image size of job updated: 66662908
	20462  -  MemoryUsage of job (MB)
	20952160  -  ResidentSetSize of job (KB)
...
006 (9445516.000.000) 03/23 18:16:16 Image size of job updated: 68271536
	20462  -  MemoryUsage of job (MB)
	20952160  -  ResidentSetSize of job (KB)
...
006 (9445516.000.000) 03/23 18:21:17 Image size of job updated: 69717308
	20462  -  MemoryUsage of job (MB)
	20952160  -  ResidentSetSize of job (KB)
...
006 (9445516.000.000) 03/23 18:26:17 Image size of job updated: 71418024
	20462  -  MemoryUsage of job (MB)
	20952160  -  ResidentSetSize of job (KB)
...
006 (9445516.000.000) 03/23 18:31:17 Image size of job updated: 73033708
	20462  -  MemoryUsage of job (MB)
	20952160  -  ResidentSetSize of job (KB)
...
006 (9445516.000.000) 03/23 18:36:18 Image size of job updated: 74600164
	20462  -  MemoryUsage of job (MB)
	20952160  -  ResidentSetSize of job (KB)
...
006 (9445516.000.000) 03/23 18:41:18 Image size of job updated: 76287276
	21139  -  MemoryUsage of job (MB)
	21645876  -  ResidentSetSize of job (KB)
...
006 (9445516.000.000) 03/23 18:46:18 Image size of job updated: 77867536
	22157  -  MemoryUsage of job (MB)
	22688368  -  ResidentSetSize of job (KB)
...
006 (9445516.000.000) 03/23 18:51:19 Image size of job updated: 79496784
	22157  -  MemoryUsage of job (MB)
	22688368  -  ResidentSetSize of job (KB)
...
006 (9445516.000.000) 03/23 18:56:20 Image size of job updated: 80936968
	22157  -  MemoryUsage of job (MB)
	22688368  -  ResidentSetSize of job (KB)
...
006 (9445516.000.000) 03/23 19:01:20 Image size of job updated: 82511624
	22157  -  MemoryUsage of job (MB)
	22688368  -  ResidentSetSize of job (KB)
...
006 (9445516.000.000) 03/23 19:06:21 Image size of job updated: 84022864
	22157  -  MemoryUsage of job (MB)
	22688368  -  ResidentSetSize of job (KB)
...
006 (9445516.000.000) 03/23 19:11:22 Image size of job updated: 85633144
	22157  -  MemoryUsage of job (MB)
	22688368  -  ResidentSetSize of job (KB)
...
006 (9445516.000.000) 03/23 19:16:22 Image size of job updated: 87003528
	22157  -  MemoryUsage of job (MB)
	22688368  -  ResidentSetSize of job (KB)
...
006 (9445516.000.000) 03/23 19:21:22 Image size of job updated: 88469832
	22157  -  MemoryUsage of job (MB)
	22688368  -  ResidentSetSize of job (KB)
...
006 (9445516.000.000) 03/23 19:26:23 Image size of job updated: 107339216
	33951  -  MemoryUsage of job (MB)
	34764880  -  ResidentSetSize of job (KB)
...
006 (9445516.000.000) 03/23 19:31:24 Image size of job updated: 107352764
	33951  -  MemoryUsage of job (MB)
	34764880  -  ResidentSetSize of job (KB)
...
006 (9445516.000.000) 03/23 19:36:24 Image size of job updated: 107388704
	33951  -  MemoryUsage of job (MB)
	34764880  -  ResidentSetSize of job (KB)
...
006 (9445516.000.000) 03/23 19:41:25 Image size of job updated: 107424640
	33951  -  MemoryUsage of job (MB)
	34764880  -  ResidentSetSize of job (KB)
...
006 (9445516.000.000) 03/23 19:46:26 Image size of job updated: 107459016
	33951  -  MemoryUsage of job (MB)
	34764880  -  ResidentSetSize of job (KB)
...
006 (9445516.000.000) 03/23 19:51:26 Image size of job updated: 107492612
	33951  -  MemoryUsage of job (MB)
	34764880  -  ResidentSetSize of job (KB)
...
006 (9445516.000.000) 03/23 19:56:26 Image size of job updated: 107528548
	33951  -  MemoryUsage of job (MB)
	34764880  -  ResidentSetSize of job (KB)
...
006 (9445516.000.000) 03/23 20:01:27 Image size of job updated: 107563708
	33951  -  MemoryUsage of job (MB)
	34764880  -  ResidentSetSize of job (KB)
...
006 (9445516.000.000) 03/23 20:06:27 Image size of job updated: 107601208
	33951  -  MemoryUsage of job (MB)
	34764880  -  ResidentSetSize of job (KB)
...
006 (9445516.000.000) 03/23 20:11:27 Image size of job updated: 107637144
	33951  -  MemoryUsage of job (MB)
	34764880  -  ResidentSetSize of job (KB)
...
006 (9445516.000.000) 03/23 20:16:28 Image size of job updated: 107673864
	33951  -  MemoryUsage of job (MB)
	34764880  -  ResidentSetSize of job (KB)
...
006 (9445516.000.000) 03/23 20:21:29 Image size of job updated: 107714580
	33951  -  MemoryUsage of job (MB)
	34764880  -  ResidentSetSize of job (KB)
...
006 (9445516.000.000) 03/23 20:26:29 Image size of job updated: 107752576
	33951  -  MemoryUsage of job (MB)
	34764880  -  ResidentSetSize of job (KB)
...
006 (9445516.000.000) 03/23 20:31:29 Image size of job updated: 107791500
	33951  -  MemoryUsage of job (MB)
	34764880  -  ResidentSetSize of job (KB)
...
006 (9445516.000.000) 03/23 20:36:30 Image size of job updated: 107830388
	33951  -  MemoryUsage of job (MB)
	34764880  -  ResidentSetSize of job (KB)
...
006 (9445516.000.000) 03/23 20:41:30 Image size of job updated: 107868376
	33951  -  MemoryUsage of job (MB)
	34764880  -  ResidentSetSize of job (KB)
...
006 (9445516.000.000) 03/23 20:46:30 Image size of job updated: 107907272
	33951  -  MemoryUsage of job (MB)
	34764880  -  ResidentSetSize of job (KB)
...
006 (9445516.000.000) 03/23 20:51:31 Image size of job updated: 107948096
	33951  -  MemoryUsage of job (MB)
	34764880  -  ResidentSetSize of job (KB)
...
006 (9445516.000.000) 03/23 20:56:32 Image size of job updated: 107987328
	33951  -  MemoryUsage of job (MB)
	34764880  -  ResidentSetSize of job (KB)
...
006 (9445516.000.000) 03/23 21:01:32 Image size of job updated: 108025300
	33951  -  MemoryUsage of job (MB)
	34764880  -  ResidentSetSize of job (KB)
...
006 (9445516.000.000) 03/23 21:06:32 Image size of job updated: 108062396
	33951  -  MemoryUsage of job (MB)
	34764880  -  ResidentSetSize of job (KB)
...
006 (9445516.000.000) 03/23 21:11:33 Image size of job updated: 108100372
	33951  -  MemoryUsage of job (MB)
	34764880  -  ResidentSetSize of job (KB)
...
006 (9445516.000.000) 03/23 21:16:33 Image size of job updated: 108137108
	33951  -  MemoryUsage of job (MB)
	34764880  -  ResidentSetSize of job (KB)
...
006 (9445516.000.000) 03/23 21:21:33 Image size of job updated: 108176012
	33951  -  MemoryUsage of job (MB)
	34764880  -  ResidentSetSize of job (KB)
...
006 (9445516.000.000) 03/23 21:26:34 Image size of job updated: 108217620
	33951  -  MemoryUsage of job (MB)
	34764880  -  ResidentSetSize of job (KB)
...
006 (9445516.000.000) 03/23 21:31:35 Image size of job updated: 108260148
	33951  -  MemoryUsage of job (MB)
	34764880  -  ResidentSetSize of job (KB)
...
006 (9445516.000.000) 03/23 21:36:35 Image size of job updated: 108302780
	33951  -  MemoryUsage of job (MB)
	34764880  -  ResidentSetSize of job (KB)
...
006 (9445516.000.000) 03/23 21:41:35 Image size of job updated: 108340768
	33951  -  MemoryUsage of job (MB)
	34764880  -  ResidentSetSize of job (KB)
...
006 (9445516.000.000) 03/23 21:46:37 Image size of job updated: 108376952
	33951  -  MemoryUsage of job (MB)
	34764880  -  ResidentSetSize of job (KB)
...
006 (9445516.000.000) 03/23 21:51:37 Image size of job updated: 108412232
	33951  -  MemoryUsage of job (MB)
	34764880  -  ResidentSetSize of job (KB)
...
006 (9445516.000.000) 03/23 21:56:37 Image size of job updated: 108450220
	33951  -  MemoryUsage of job (MB)
	34764880  -  ResidentSetSize of job (KB)
...
006 (9445516.000.000) 03/23 22:01:38 Image size of job updated: 108489124
	33951  -  MemoryUsage of job (MB)
	34764880  -  ResidentSetSize of job (KB)
...
006 (9445516.000.000) 03/23 22:06:39 Image size of job updated: 108526204
	33951  -  MemoryUsage of job (MB)
	34764880  -  ResidentSetSize of job (KB)
...
006 (9445516.000.000) 03/23 22:11:39 Image size of job updated: 108566000
	33951  -  MemoryUsage of job (MB)
	34764880  -  ResidentSetSize of job (KB)
...
006 (9445516.000.000) 03/23 22:16:39 Image size of job updated: 108603988
	33951  -  MemoryUsage of job (MB)
	34764880  -  ResidentSetSize of job (KB)
...
006 (9445516.000.000) 03/23 22:21:40 Image size of job updated: 108640168
	33951  -  MemoryUsage of job (MB)
	34764880  -  ResidentSetSize of job (KB)
...
006 (9445516.000.000) 03/23 22:26:40 Image size of job updated: 108675436
	33951  -  MemoryUsage of job (MB)
	34764880  -  ResidentSetSize of job (KB)
...
006 (9445516.000.000) 03/23 22:31:40 Image size of job updated: 108715240
	33951  -  MemoryUsage of job (MB)
	34764880  -  ResidentSetSize of job (KB)
...
006 (9445516.000.000) 03/23 22:36:41 Image size of job updated: 108755044
	33951  -  MemoryUsage of job (MB)
	34764880  -  ResidentSetSize of job (KB)
...
006 (9445516.000.000) 03/23 22:41:41 Image size of job updated: 108795868
	33951  -  MemoryUsage of job (MB)
	34764880  -  ResidentSetSize of job (KB)
...
006 (9445516.000.000) 03/23 22:46:41 Image size of job updated: 108836572
	33951  -  MemoryUsage of job (MB)
	34764880  -  ResidentSetSize of job (KB)
...
006 (9445516.000.000) 03/23 22:51:42 Image size of job updated: 108878180
	33951  -  MemoryUsage of job (MB)
	34764880  -  ResidentSetSize of job (KB)
...
006 (9445516.000.000) 03/23 22:56:43 Image size of job updated: 108917080
	33951  -  MemoryUsage of job (MB)
	34764880  -  ResidentSetSize of job (KB)
...
006 (9445516.000.000) 03/23 23:01:43 Image size of job updated: 108958340
	33951  -  MemoryUsage of job (MB)
	34764880  -  ResidentSetSize of job (KB)
...
006 (9445516.000.000) 03/23 23:06:43 Image size of job updated: 109000380
	33951  -  MemoryUsage of job (MB)
	34764880  -  ResidentSetSize of job (KB)
...
006 (9445516.000.000) 03/23 23:11:44 Image size of job updated: 109042712
	33951  -  MemoryUsage of job (MB)
	34764880  -  ResidentSetSize of job (KB)
...
006 (9445516.000.000) 03/23 23:16:45 Image size of job updated: 109085240
	33951  -  MemoryUsage of job (MB)
	34764880  -  ResidentSetSize of job (KB)
...
006 (9445516.000.000) 03/23 23:21:45 Image size of job updated: 109125936
	33951  -  MemoryUsage of job (MB)
	34764880  -  ResidentSetSize of job (KB)
...
006 (9445516.000.000) 03/23 23:26:45 Image size of job updated: 109167496
	33951  -  MemoryUsage of job (MB)
	34764880  -  ResidentSetSize of job (KB)
...
006 (9445516.000.000) 03/23 23:31:47 Image size of job updated: 109210008
	33951  -  MemoryUsage of job (MB)
	34764880  -  ResidentSetSize of job (KB)
...
006 (9445516.000.000) 03/23 23:36:47 Image size of job updated: 109252088
	33951  -  MemoryUsage of job (MB)
	34764880  -  ResidentSetSize of job (KB)
...
006 (9445516.000.000) 03/23 23:41:47 Image size of job updated: 109294708
	33951  -  MemoryUsage of job (MB)
	34764880  -  ResidentSetSize of job (KB)
...
006 (9445516.000.000) 03/23 23:46:48 Image size of job updated: 109338124
	33951  -  MemoryUsage of job (MB)
	34764880  -  ResidentSetSize of job (KB)
...
006 (9445516.000.000) 03/23 23:51:49 Image size of job updated: 109380644
	33951  -  MemoryUsage of job (MB)
	34764880  -  ResidentSetSize of job (KB)
...
006 (9445516.000.000) 03/23 23:56:49 Image size of job updated: 109424072
	33951  -  MemoryUsage of job (MB)
	34764880  -  ResidentSetSize of job (KB)
...
006 (9445516.000.000) 03/24 00:01:49 Image size of job updated: 109464492
	33951  -  MemoryUsage of job (MB)
	34764880  -  ResidentSetSize of job (KB)
...
006 (9445516.000.000) 03/24 00:06:51 Image size of job updated: 109507008
	33951  -  MemoryUsage of job (MB)
	34764880  -  ResidentSetSize of job (KB)
...
006 (9445516.000.000) 03/24 00:11:51 Image size of job updated: 109547708
	33951  -  MemoryUsage of job (MB)
	34764880  -  ResidentSetSize of job (KB)
...
006 (9445516.000.000) 03/24 00:16:51 Image size of job updated: 109589312
	33951  -  MemoryUsage of job (MB)
	34764880  -  ResidentSetSize of job (KB)
...
006 (9445516.000.000) 03/24 00:21:52 Image size of job updated: 109632844
	33951  -  MemoryUsage of job (MB)
	34764880  -  ResidentSetSize of job (KB)
...
006 (9445516.000.000) 03/24 00:26:53 Image size of job updated: 109674796
	33951  -  MemoryUsage of job (MB)
	34764880  -  ResidentSetSize of job (KB)
...
006 (9445516.000.000) 03/24 00:31:53 Image size of job updated: 109717312
	33951  -  MemoryUsage of job (MB)
	34764880  -  ResidentSetSize of job (KB)
...
006 (9445516.000.000) 03/24 00:36:53 Image size of job updated: 109757124
	33951  -  MemoryUsage of job (MB)
	34764880  -  ResidentSetSize of job (KB)
...
006 (9445516.000.000) 03/24 00:41:55 Image size of job updated: 109796928
	33951  -  MemoryUsage of job (MB)
	34764880  -  ResidentSetSize of job (KB)
...
006 (9445516.000.000) 03/24 00:46:55 Image size of job updated: 109838540
	33951  -  MemoryUsage of job (MB)
	34764880  -  ResidentSetSize of job (KB)
...
006 (9445516.000.000) 03/24 00:51:55 Image size of job updated: 109881292
	33951  -  MemoryUsage of job (MB)
	34764880  -  ResidentSetSize of job (KB)
...
006 (9445516.000.000) 03/24 00:56:56 Image size of job updated: 109921092
	33951  -  MemoryUsage of job (MB)
	34764880  -  ResidentSetSize of job (KB)
...
006 (9445516.000.000) 03/24 01:01:57 Image size of job updated: 109960888
	33951  -  MemoryUsage of job (MB)
	34764880  -  ResidentSetSize of job (KB)
...
006 (9445516.000.000) 03/24 01:06:57 Image size of job updated: 110002484
	33951  -  MemoryUsage of job (MB)
	34764880  -  ResidentSetSize of job (KB)
...
006 (9445516.000.000) 03/24 01:11:57 Image size of job updated: 110043192
	33951  -  MemoryUsage of job (MB)
	34764880  -  ResidentSetSize of job (KB)
...
006 (9445516.000.000) 03/24 01:16:58 Image size of job updated: 110083896
	33951  -  MemoryUsage of job (MB)
	34764880  -  ResidentSetSize of job (KB)
...
006 (9445516.000.000) 03/24 01:21:59 Image size of job updated: 110126400
	33951  -  MemoryUsage of job (MB)
	34764880  -  ResidentSetSize of job (KB)
...
006 (9445516.000.000) 03/24 01:26:59 Image size of job updated: 110168004
	33951  -  MemoryUsage of job (MB)
	34764880  -  ResidentSetSize of job (KB)
...
006 (9445516.000.000) 03/24 01:32:00 Image size of job updated: 110209612
	33951  -  MemoryUsage of job (MB)
	34764880  -  ResidentSetSize of job (KB)
...
006 (9445516.000.000) 03/24 01:37:01 Image size of job updated: 110251232
	33951  -  MemoryUsage of job (MB)
	34764880  -  ResidentSetSize of job (KB)
...
006 (9445516.000.000) 03/24 01:42:01 Image size of job updated: 110293872
	33951  -  MemoryUsage of job (MB)
	34764880  -  ResidentSetSize of job (KB)
...
006 (9445516.000.000) 03/24 01:47:01 Image size of job updated: 110335792
	33951  -  MemoryUsage of job (MB)
	34764880  -  ResidentSetSize of job (KB)
...
006 (9445516.000.000) 03/24 01:52:02 Image size of job updated: 110375320
	33951  -  MemoryUsage of job (MB)
	34764880  -  ResidentSetSize of job (KB)
...
006 (9445516.000.000) 03/24 01:57:03 Image size of job updated: 110415112
	33951  -  MemoryUsage of job (MB)
	34764880  -  ResidentSetSize of job (KB)
...
006 (9445516.000.000) 03/24 02:02:03 Image size of job updated: 110452196
	33951  -  MemoryUsage of job (MB)
	34764880  -  ResidentSetSize of job (KB)
...
006 (9445516.000.000) 03/24 02:07:04 Image size of job updated: 110493796
	33951  -  MemoryUsage of job (MB)
	34764880  -  ResidentSetSize of job (KB)
...
006 (9445516.000.000) 03/24 02:12:05 Image size of job updated: 110531916
	33951  -  MemoryUsage of job (MB)
	34764880  -  ResidentSetSize of job (KB)
...
006 (9445516.000.000) 03/24 02:17:05 Image size of job updated: 110570808
	33951  -  MemoryUsage of job (MB)
	34764880  -  ResidentSetSize of job (KB)
...
006 (9445516.000.000) 03/24 02:22:05 Image size of job updated: 110610068
	33951  -  MemoryUsage of job (MB)
	34764880  -  ResidentSetSize of job (KB)
...
006 (9445516.000.000) 03/24 02:27:06 Image size of job updated: 110648960
	33951  -  MemoryUsage of job (MB)
	34764880  -  ResidentSetSize of job (KB)
...
006 (9445516.000.000) 03/24 02:32:06 Image size of job updated: 110688772
	33951  -  MemoryUsage of job (MB)
	34764880  -  ResidentSetSize of job (KB)
...
006 (9445516.000.000) 03/24 02:37:06 Image size of job updated: 110728576
	33951  -  MemoryUsage of job (MB)
	34764880  -  ResidentSetSize of job (KB)
...
006 (9445516.000.000) 03/24 02:42:07 Image size of job updated: 110768380
	33951  -  MemoryUsage of job (MB)
	34764880  -  ResidentSetSize of job (KB)
...
006 (9445516.000.000) 03/24 02:47:08 Image size of job updated: 110806996
	33951  -  MemoryUsage of job (MB)
	34764880  -  ResidentSetSize of job (KB)
...
006 (9445516.000.000) 03/24 02:52:08 Image size of job updated: 110848240
	33951  -  MemoryUsage of job (MB)
	34764880  -  ResidentSetSize of job (KB)
...
006 (9445516.000.000) 03/24 02:57:09 Image size of job updated: 110889848
	33951  -  MemoryUsage of job (MB)
	34764880  -  ResidentSetSize of job (KB)
...
006 (9445516.000.000) 03/24 03:02:10 Image size of job updated: 110929652
	33951  -  MemoryUsage of job (MB)
	34764880  -  ResidentSetSize of job (KB)
...
006 (9445516.000.000) 03/24 03:07:10 Image size of job updated: 110966724
	33951  -  MemoryUsage of job (MB)
	34764880  -  ResidentSetSize of job (KB)
...
006 (9445516.000.000) 03/24 03:12:10 Image size of job updated: 111006524
	33951  -  MemoryUsage of job (MB)
	34764880  -  ResidentSetSize of job (KB)
...
006 (9445516.000.000) 03/24 03:17:11 Image size of job updated: 111046540
	33951  -  MemoryUsage of job (MB)
	34764880  -  ResidentSetSize of job (KB)
...
006 (9445516.000.000) 03/24 03:22:11 Image size of job updated: 111084208
	33951  -  MemoryUsage of job (MB)
	34764880  -  ResidentSetSize of job (KB)
...
006 (9445516.000.000) 03/24 03:27:11 Image size of job updated: 111121292
	33951  -  MemoryUsage of job (MB)
	34764880  -  ResidentSetSize of job (KB)
...
006 (9445516.000.000) 03/24 03:32:12 Image size of job updated: 111160220
	33951  -  MemoryUsage of job (MB)
	34764880  -  ResidentSetSize of job (KB)
...
006 (9445516.000.000) 03/24 03:37:13 Image size of job updated: 111196492
	33951  -  MemoryUsage of job (MB)
	34764880  -  ResidentSetSize of job (KB)
...
006 (9445516.000.000) 03/24 03:42:13 Image size of job updated: 111236284
	33951  -  MemoryUsage of job (MB)
	34764880  -  ResidentSetSize of job (KB)
...
006 (9445516.000.000) 03/24 03:47:14 Image size of job updated: 111274992
	33951  -  MemoryUsage of job (MB)
	34764880  -  ResidentSetSize of job (KB)
...
006 (9445516.000.000) 03/24 03:52:15 Image size of job updated: 111312984
	33951  -  MemoryUsage of job (MB)
	34764880  -  ResidentSetSize of job (KB)
...
006 (9445516.000.000) 03/24 03:57:15 Image size of job updated: 111352556
	33951  -  MemoryUsage of job (MB)
	34764880  -  ResidentSetSize of job (KB)
...
006 (9445516.000.000) 03/24 04:02:15 Image size of job updated: 111390672
	33951  -  MemoryUsage of job (MB)
	34764880  -  ResidentSetSize of job (KB)
...
006 (9445516.000.000) 03/24 04:07:16 Image size of job updated: 111430464
	33951  -  MemoryUsage of job (MB)
	34764880  -  ResidentSetSize of job (KB)
...
006 (9445516.000.000) 03/24 04:12:16 Image size of job updated: 111466648
	33951  -  MemoryUsage of job (MB)
	34764880  -  ResidentSetSize of job (KB)
...
006 (9445516.000.000) 03/24 04:17:16 Image size of job updated: 111505544
	33951  -  MemoryUsage of job (MB)
	34764880  -  ResidentSetSize of job (KB)
...
006 (9445516.000.000) 03/24 04:22:18 Image size of job updated: 111544444
	33951  -  MemoryUsage of job (MB)
	34764880  -  ResidentSetSize of job (KB)
...
006 (9445516.000.000) 03/24 04:27:18 Image size of job updated: 111582432
	33951  -  MemoryUsage of job (MB)
	34764880  -  ResidentSetSize of job (KB)
...
006 (9445516.000.000) 03/24 04:32:18 Image size of job updated: 111623144
	33951  -  MemoryUsage of job (MB)
	34764880  -  ResidentSetSize of job (KB)
...
006 (9445516.000.000) 03/24 04:37:19 Image size of job updated: 111662944
	33951  -  MemoryUsage of job (MB)
	34764880  -  ResidentSetSize of job (KB)
...
006 (9445516.000.000) 03/24 04:42:20 Image size of job updated: 111705504
	33951  -  MemoryUsage of job (MB)
	34764880  -  ResidentSetSize of job (KB)
...
006 (9445516.000.000) 03/24 04:47:20 Image size of job updated: 111746216
	33951  -  MemoryUsage of job (MB)
	34764880  -  ResidentSetSize of job (KB)
...
006 (9445516.000.000) 03/24 04:52:20 Image size of job updated: 111788764
	33951  -  MemoryUsage of job (MB)
	34764880  -  ResidentSetSize of job (KB)
...
006 (9445516.000.000) 03/24 04:57:22 Image size of job updated: 111827252
	33951  -  MemoryUsage of job (MB)
	34764880  -  ResidentSetSize of job (KB)
...
006 (9445516.000.000) 03/24 05:02:22 Image size of job updated: 111868864
	33951  -  MemoryUsage of job (MB)
	34764880  -  ResidentSetSize of job (KB)
...
006 (9445516.000.000) 03/24 05:07:22 Image size of job updated: 111911492
	33951  -  MemoryUsage of job (MB)
	34764880  -  ResidentSetSize of job (KB)
...
006 (9445516.000.000) 03/24 05:12:23 Image size of job updated: 111952044
	33951  -  MemoryUsage of job (MB)
	34764880  -  ResidentSetSize of job (KB)
...
006 (9445516.000.000) 03/24 05:17:24 Image size of job updated: 111991588
	33951  -  MemoryUsage of job (MB)
	34764880  -  ResidentSetSize of job (KB)
...
006 (9445516.000.000) 03/24 05:22:24 Image size of job updated: 112032148
	33951  -  MemoryUsage of job (MB)
	34764880  -  ResidentSetSize of job (KB)
...
006 (9445516.000.000) 03/24 05:27:24 Image size of job updated: 112071816
	33951  -  MemoryUsage of job (MB)
	34764880  -  ResidentSetSize of job (KB)
...
006 (9445516.000.000) 03/24 05:32:25 Image size of job updated: 112111420
	33951  -  MemoryUsage of job (MB)
	34764880  -  ResidentSetSize of job (KB)
...
006 (9445516.000.000) 03/24 05:37:25 Image size of job updated: 112149912
	33951  -  MemoryUsage of job (MB)
	34764880  -  ResidentSetSize of job (KB)
...
006 (9445516.000.000) 03/24 05:42:25 Image size of job updated: 112189440
	33951  -  MemoryUsage of job (MB)
	34764880  -  ResidentSetSize of job (KB)
...
006 (9445516.000.000) 03/24 05:47:26 Image size of job updated: 112227932
	33951  -  MemoryUsage of job (MB)
	34764880  -  ResidentSetSize of job (KB)
...
006 (9445516.000.000) 03/24 05:52:27 Image size of job updated: 112270560
	33951  -  MemoryUsage of job (MB)
	34764880  -  ResidentSetSize of job (KB)
...
006 (9445516.000.000) 03/24 05:57:27 Image size of job updated: 112312504
	33951  -  MemoryUsage of job (MB)
	34764880  -  ResidentSetSize of job (KB)
...
006 (9445516.000.000) 03/24 06:02:27 Image size of job updated: 112356188
	33951  -  MemoryUsage of job (MB)
	34764880  -  ResidentSetSize of job (KB)
...
006 (9445516.000.000) 03/24 06:07:28 Image size of job updated: 112402312
	33951  -  MemoryUsage of job (MB)
	34764880  -  ResidentSetSize of job (KB)
...
006 (9445516.000.000) 03/24 06:12:28 Image size of job updated: 112447028
	33951  -  MemoryUsage of job (MB)
	34764880  -  ResidentSetSize of job (KB)
...
006 (9445516.000.000) 03/24 06:17:28 Image size of job updated: 112488656
	33951  -  MemoryUsage of job (MB)
	34764880  -  ResidentSetSize of job (KB)
...
006 (9445516.000.000) 03/24 06:22:29 Image size of job updated: 112531288
	33951  -  MemoryUsage of job (MB)
	34764880  -  ResidentSetSize of job (KB)
...
006 (9445516.000.000) 03/24 06:27:30 Image size of job updated: 112572888
	33951  -  MemoryUsage of job (MB)
	34764880  -  ResidentSetSize of job (KB)
...
006 (9445516.000.000) 03/24 06:32:30 Image size of job updated: 112613452
	33951  -  MemoryUsage of job (MB)
	34764880  -  ResidentSetSize of job (KB)
...
006 (9445516.000.000) 03/24 06:37:31 Image size of job updated: 112657136
	33951  -  MemoryUsage of job (MB)
	34764880  -  ResidentSetSize of job (KB)
...
006 (9445516.000.000) 03/24 06:42:32 Image size of job updated: 112699896
	33951  -  MemoryUsage of job (MB)
	34764880  -  ResidentSetSize of job (KB)
...
006 (9445516.000.000) 03/24 06:47:32 Image size of job updated: 112742540
	33951  -  MemoryUsage of job (MB)
	34764880  -  ResidentSetSize of job (KB)
...
006 (9445516.000.000) 03/24 06:52:32 Image size of job updated: 112786232
	33951  -  MemoryUsage of job (MB)
	34764880  -  ResidentSetSize of job (KB)
...
006 (9445516.000.000) 03/24 06:57:33 Image size of job updated: 112825756
	33951  -  MemoryUsage of job (MB)
	34764880  -  ResidentSetSize of job (KB)
...
006 (9445516.000.000) 03/24 07:02:34 Image size of job updated: 112867376
	33951  -  MemoryUsage of job (MB)
	34764880  -  ResidentSetSize of job (KB)
...
006 (9445516.000.000) 03/24 07:07:34 Image size of job updated: 112904832
	33951  -  MemoryUsage of job (MB)
	34764880  -  ResidentSetSize of job (KB)
...
006 (9445516.000.000) 03/24 07:12:35 Image size of job updated: 112943312
	33951  -  MemoryUsage of job (MB)
	34764880  -  ResidentSetSize of job (KB)
...
006 (9445516.000.000) 03/24 07:17:36 Image size of job updated: 112982856
	33951  -  MemoryUsage of job (MB)
	34764880  -  ResidentSetSize of job (KB)
...
006 (9445516.000.000) 03/24 07:22:36 Image size of job updated: 113021340
	33951  -  MemoryUsage of job (MB)
	34764880  -  ResidentSetSize of job (KB)
...
006 (9445516.000.000) 03/24 07:27:36 Image size of job updated: 113060872
	33951  -  MemoryUsage of job (MB)
	34764880  -  ResidentSetSize of job (KB)
...
006 (9445516.000.000) 03/24 07:32:37 Image size of job updated: 113100360
	33951  -  MemoryUsage of job (MB)
	34764880  -  ResidentSetSize of job (KB)
...
006 (9445516.000.000) 03/24 07:37:37 Image size of job updated: 113136756
	33951  -  MemoryUsage of job (MB)
	34764880  -  ResidentSetSize of job (KB)
...
006 (9445516.000.000) 03/24 07:42:37 Image size of job updated: 113174264
	33951  -  MemoryUsage of job (MB)
	34764880  -  ResidentSetSize of job (KB)
...
006 (9445516.000.000) 03/24 07:47:38 Image size of job updated: 113211632
	33951  -  MemoryUsage of job (MB)
	34764880  -  ResidentSetSize of job (KB)
...
006 (9445516.000.000) 03/24 07:52:38 Image size of job updated: 113250680
	33951  -  MemoryUsage of job (MB)
	34764880  -  ResidentSetSize of job (KB)
...
006 (9445516.000.000) 03/24 07:57:38 Image size of job updated: 113289160
	33951  -  MemoryUsage of job (MB)
	34764880  -  ResidentSetSize of job (KB)
...
006 (9445516.000.000) 03/24 08:02:39 Image size of job updated: 113326524
	33951  -  MemoryUsage of job (MB)
	34764880  -  ResidentSetSize of job (KB)
...
006 (9445516.000.000) 03/24 08:07:39 Image size of job updated: 113365004
	33951  -  MemoryUsage of job (MB)
	34764880  -  ResidentSetSize of job (KB)
...
006 (9445516.000.000) 03/24 08:12:39 Image size of job updated: 113401416
	33951  -  MemoryUsage of job (MB)
	34764880  -  ResidentSetSize of job (KB)
...
006 (9445516.000.000) 03/24 08:17:40 Image size of job updated: 113438860
	33951  -  MemoryUsage of job (MB)
	34764880  -  ResidentSetSize of job (KB)
...
006 (9445516.000.000) 03/24 08:22:41 Image size of job updated: 113478380
	33951  -  MemoryUsage of job (MB)
	34764880  -  ResidentSetSize of job (KB)
...
006 (9445516.000.000) 03/24 08:27:41 Image size of job updated: 113515824
	33951  -  MemoryUsage of job (MB)
	34764880  -  ResidentSetSize of job (KB)
...
006 (9445516.000.000) 03/24 08:32:42 Image size of job updated: 113554316
	33951  -  MemoryUsage of job (MB)
	34764880  -  ResidentSetSize of job (KB)
...
006 (9445516.000.000) 03/24 08:37:43 Image size of job updated: 113593840
	33951  -  MemoryUsage of job (MB)
	34764880  -  ResidentSetSize of job (KB)
...
006 (9445516.000.000) 03/24 08:42:43 Image size of job updated: 113632944
	33951  -  MemoryUsage of job (MB)
	34764880  -  ResidentSetSize of job (KB)
...
006 (9445516.000.000) 03/24 08:47:44 Image size of job updated: 113670396
	33951  -  MemoryUsage of job (MB)
	34764880  -  ResidentSetSize of job (KB)
...
006 (9445516.000.000) 03/24 08:52:45 Image size of job updated: 113709920
	33951  -  MemoryUsage of job (MB)
	34764880  -  ResidentSetSize of job (KB)
...
006 (9445516.000.000) 03/24 08:57:45 Image size of job updated: 113753096
	33951  -  MemoryUsage of job (MB)
	34764880  -  ResidentSetSize of job (KB)
...
006 (9445516.000.000) 03/24 09:02:45 Image size of job updated: 113794696
	33951  -  MemoryUsage of job (MB)
	34764880  -  ResidentSetSize of job (KB)
...
006 (9445516.000.000) 03/24 09:07:46 Image size of job updated: 113834412
	33951  -  MemoryUsage of job (MB)
	34764880  -  ResidentSetSize of job (KB)
...
006 (9445516.000.000) 03/24 09:12:46 Image size of job updated: 113874968
	33951  -  MemoryUsage of job (MB)
	34764880  -  ResidentSetSize of job (KB)
...
006 (9445516.000.000) 03/24 09:17:46 Image size of job updated: 113915536
	33951  -  MemoryUsage of job (MB)
	34764880  -  ResidentSetSize of job (KB)
...
006 (9445516.000.000) 03/24 09:22:47 Image size of job updated: 113954020
	33951  -  MemoryUsage of job (MB)
	34764880  -  ResidentSetSize of job (KB)
...
006 (9445516.000.000) 03/24 09:27:48 Image size of job updated: 113995616
	33951  -  MemoryUsage of job (MB)
	34764880  -  ResidentSetSize of job (KB)
...
006 (9445516.000.000) 03/24 09:32:48 Image size of job updated: 114039172
	33951  -  MemoryUsage of job (MB)
	34764880  -  ResidentSetSize of job (KB)
...
006 (9445516.000.000) 03/24 09:37:49 Image size of job updated: 114078692
	33951  -  MemoryUsage of job (MB)
	34764880  -  ResidentSetSize of job (KB)
...
006 (9445516.000.000) 03/24 09:42:50 Image size of job updated: 114121340
	33951  -  MemoryUsage of job (MB)
	34764880  -  ResidentSetSize of job (KB)
...
006 (9445516.000.000) 03/24 09:47:50 Image size of job updated: 114160856
	33951  -  MemoryUsage of job (MB)
	34764880  -  ResidentSetSize of job (KB)
...
006 (9445516.000.000) 03/24 09:52:51 Image size of job updated: 114199332
	33951  -  MemoryUsage of job (MB)
	34764880  -  ResidentSetSize of job (KB)
...
006 (9445516.000.000) 03/24 09:57:52 Image size of job updated: 114236768
	33951  -  MemoryUsage of job (MB)
	34764880  -  ResidentSetSize of job (KB)
...
006 (9445516.000.000) 03/24 10:02:52 Image size of job updated: 114276260
	33951  -  MemoryUsage of job (MB)
	34764880  -  ResidentSetSize of job (KB)
...
006 (9445516.000.000) 03/24 10:07:52 Image size of job updated: 114315780
	33951  -  MemoryUsage of job (MB)
	34764880  -  ResidentSetSize of job (KB)
...
006 (9445516.000.000) 03/24 10:12:53 Image size of job updated: 114356348
	33951  -  MemoryUsage of job (MB)
	34764880  -  ResidentSetSize of job (KB)
...
006 (9445516.000.000) 03/24 10:17:53 Image size of job updated: 114394828
	33951  -  MemoryUsage of job (MB)
	34764880  -  ResidentSetSize of job (KB)
...
006 (9445516.000.000) 03/24 10:22:53 Image size of job updated: 114433808
	33951  -  MemoryUsage of job (MB)
	34764880  -  ResidentSetSize of job (KB)
...
006 (9445516.000.000) 03/24 10:27:54 Image size of job updated: 114472300
	33951  -  MemoryUsage of job (MB)
	34764880  -  ResidentSetSize of job (KB)
...
006 (9445516.000.000) 03/24 10:32:55 Image size of job updated: 114511808
	33951  -  MemoryUsage of job (MB)
	34764880  -  ResidentSetSize of job (KB)
...
006 (9445516.000.000) 03/24 10:37:55 Image size of job updated: 114551324
	33951  -  MemoryUsage of job (MB)
	34764880  -  ResidentSetSize of job (KB)
...
006 (9445516.000.000) 03/24 10:42:56 Image size of job updated: 114589804
	33951  -  MemoryUsage of job (MB)
	34764880  -  ResidentSetSize of job (KB)
...
006 (9445516.000.000) 03/24 10:47:57 Image size of job updated: 114627248
	33951  -  MemoryUsage of job (MB)
	34764880  -  ResidentSetSize of job (KB)
...
006 (9445516.000.000) 03/24 10:52:57 Image size of job updated: 114666772
	33951  -  MemoryUsage of job (MB)
	34764880  -  ResidentSetSize of job (KB)
...
006 (9445516.000.000) 03/24 10:57:58 Image size of job updated: 114702144
	33951  -  MemoryUsage of job (MB)
	34764880  -  ResidentSetSize of job (KB)
...
006 (9445516.000.000) 03/24 11:02:59 Image size of job updated: 114738112
	33951  -  MemoryUsage of job (MB)
	34764880  -  ResidentSetSize of job (KB)
...
006 (9445516.000.000) 03/24 11:07:59 Image size of job updated: 114773008
	33951  -  MemoryUsage of job (MB)
	34764880  -  ResidentSetSize of job (KB)
...
006 (9445516.000.000) 03/24 11:13:00 Image size of job updated: 114808544
	33951  -  MemoryUsage of job (MB)
	34764880  -  ResidentSetSize of job (KB)
...
006 (9445516.000.000) 03/24 11:18:01 Image size of job updated: 114846064
	33951  -  MemoryUsage of job (MB)
	34764880  -  ResidentSetSize of job (KB)
...
006 (9445516.000.000) 03/24 11:23:01 Image size of job updated: 114879344
	33951  -  MemoryUsage of job (MB)
	34764880  -  ResidentSetSize of job (KB)
...
006 (9445516.000.000) 03/24 11:28:01 Image size of job updated: 114914724
	33951  -  MemoryUsage of job (MB)
	34764880  -  ResidentSetSize of job (KB)
...
006 (9445516.000.000) 03/24 11:33:02 Image size of job updated: 114951132
	33951  -  MemoryUsage of job (MB)
	34764880  -  ResidentSetSize of job (KB)
...
006 (9445516.000.000) 03/24 11:38:02 Image size of job updated: 114986504
	33951  -  MemoryUsage of job (MB)
	34764880  -  ResidentSetSize of job (KB)
...
006 (9445516.000.000) 03/24 11:43:03 Image size of job updated: 115022916
	33951  -  MemoryUsage of job (MB)
	34764880  -  ResidentSetSize of job (KB)
...
006 (9445516.000.000) 03/24 11:48:04 Image size of job updated: 115059336
	33951  -  MemoryUsage of job (MB)
	34764880  -  ResidentSetSize of job (KB)
...
006 (9445516.000.000) 03/24 11:53:04 Image size of job updated: 115094704
	33951  -  MemoryUsage of job (MB)
	34764880  -  ResidentSetSize of job (KB)
...
006 (9445516.000.000) 03/24 11:58:05 Image size of job updated: 115132988
	33951  -  MemoryUsage of job (MB)
	34764880  -  ResidentSetSize of job (KB)
...
006 (9445516.000.000) 03/24 12:03:06 Image size of job updated: 115172504
	33951  -  MemoryUsage of job (MB)
	34764880  -  ResidentSetSize of job (KB)
...
006 (9445516.000.000) 03/24 12:08:06 Image size of job updated: 115212024
	33951  -  MemoryUsage of job (MB)
	34764880  -  ResidentSetSize of job (KB)
...
006 (9445516.000.000) 03/24 12:13:06 Image size of job updated: 115252572
	33951  -  MemoryUsage of job (MB)
	34764880  -  ResidentSetSize of job (KB)
...
006 (9445516.000.000) 03/24 12:18:07 Image size of job updated: 115289780
	33951  -  MemoryUsage of job (MB)
	34764880  -  ResidentSetSize of job (KB)
...
006 (9445516.000.000) 03/24 12:23:07 Image size of job updated: 115328272
	33951  -  MemoryUsage of job (MB)
	34764880  -  ResidentSetSize of job (KB)
...
006 (9445516.000.000) 03/24 12:28:07 Image size of job updated: 115368844
	33951  -  MemoryUsage of job (MB)
	34764880  -  ResidentSetSize of job (KB)
...
006 (9445516.000.000) 03/24 12:33:08 Image size of job updated: 115406284
	33951  -  MemoryUsage of job (MB)
	34764880  -  ResidentSetSize of job (KB)
...
006 (9445516.000.000) 03/24 12:38:09 Image size of job updated: 115447964
	33951  -  MemoryUsage of job (MB)
	34764880  -  ResidentSetSize of job (KB)
...
006 (9445516.000.000) 03/24 12:43:09 Image size of job updated: 115488528
	33951  -  MemoryUsage of job (MB)
	34764880  -  ResidentSetSize of job (KB)
...
006 (9445516.000.000) 03/24 12:48:10 Image size of job updated: 115529088
	33951  -  MemoryUsage of job (MB)
	34764880  -  ResidentSetSize of job (KB)
...
006 (9445516.000.000) 03/24 12:53:11 Image size of job updated: 115568620
	33951  -  MemoryUsage of job (MB)
	34764880  -  ResidentSetSize of job (KB)
...
006 (9445516.000.000) 03/24 12:58:11 Image size of job updated: 115609184
	33951  -  MemoryUsage of job (MB)
	34764880  -  ResidentSetSize of job (KB)
...
006 (9445516.000.000) 03/24 13:03:12 Image size of job updated: 115648708
	33951  -  MemoryUsage of job (MB)
	34764880  -  ResidentSetSize of job (KB)
...
006 (9445516.000.000) 03/24 13:08:13 Image size of job updated: 115688228
	33951  -  MemoryUsage of job (MB)
	34764880  -  ResidentSetSize of job (KB)
...
006 (9445516.000.000) 03/24 13:13:13 Image size of job updated: 115726712
	33951  -  MemoryUsage of job (MB)
	34764880  -  ResidentSetSize of job (KB)
...
006 (9445516.000.000) 03/24 13:18:13 Image size of job updated: 115765184
	33951  -  MemoryUsage of job (MB)
	34764880  -  ResidentSetSize of job (KB)
...
006 (9445516.000.000) 03/24 13:23:14 Image size of job updated: 115802892
	33951  -  MemoryUsage of job (MB)
	34764880  -  ResidentSetSize of job (KB)
...
006 (9445516.000.000) 03/24 13:28:14 Image size of job updated: 115840340
	33951  -  MemoryUsage of job (MB)
	34764880  -  ResidentSetSize of job (KB)
...
006 (9445516.000.000) 03/24 13:33:14 Image size of job updated: 115878812
	33951  -  MemoryUsage of job (MB)
	34764880  -  ResidentSetSize of job (KB)
...
006 (9445516.000.000) 03/24 13:38:15 Image size of job updated: 115916248
	33951  -  MemoryUsage of job (MB)
	34764880  -  ResidentSetSize of job (KB)
...
006 (9445516.000.000) 03/24 13:43:16 Image size of job updated: 115953684
	33951  -  MemoryUsage of job (MB)
	34764880  -  ResidentSetSize of job (KB)
...
006 (9445516.000.000) 03/24 13:48:16 Image size of job updated: 115990100
	33951  -  MemoryUsage of job (MB)
	34764880  -  ResidentSetSize of job (KB)
...
006 (9445516.000.000) 03/24 13:53:17 Image size of job updated: 116029640
	33951  -  MemoryUsage of job (MB)
	34764880  -  ResidentSetSize of job (KB)
...
