000 (9643221.000.000) 04/17 11:07:50 Job submitted from host: <137.138.156.150:9618?addrs=137.138.156.150-9618+[2001-1458-d00-14--9a]-9618&alias=bigbird13.cern.ch&noUDP&sock=schedd_2138_1192>
...
040 (9643221.000.000) 04/18 01:16:09 Started transferring input files
	Transferring to host: <128.142.56.52:9618?addrs=128.142.56.52-9618+[2001-1458-301-6--100-33]-9618&alias=b7s01p0520.cern.ch&noUDP&sock=slot1_28_63222_5e44_104750>
...
040 (9643221.000.000) 04/18 01:16:09 Finished transferring input files
...
001 (9643221.000.000) 04/18 01:16:10 Job executing on host: <128.142.56.52:9618?addrs=128.142.56.52-9618+[2001-1458-301-6--100-33]-9618&alias=b7s01p0520.cern.ch&noUDP&sock=startd_63183_dc73>
...
006 (9643221.000.000) 04/18 01:16:19 Image size of job updated: 409888
	42  -  MemoryUsage of job (MB)
	42208  -  ResidentSetSize of job (KB)
...
006 (9643221.000.000) 04/18 01:21:20 Image size of job updated: 17045264
	2040  -  MemoryUsage of job (MB)
	2088012  -  ResidentSetSize of job (KB)
...
006 (9643221.000.000) 04/18 01:26:20 Image size of job updated: 21781292
	2141  -  MemoryUsage of job (MB)
	2191620  -  ResidentSetSize of job (KB)
...
006 (9643221.000.000) 04/18 01:31:20 Image size of job updated: 21781292
	2231  -  MemoryUsage of job (MB)
	2284256  -  ResidentSetSize of job (KB)
...
006 (9643221.000.000) 04/18 01:36:21 Image size of job updated: 21781292
	2256  -  MemoryUsage of job (MB)
	2310112  -  ResidentSetSize of job (KB)
...
006 (9643221.000.000) 04/18 01:41:22 Image size of job updated: 21781292
	2258  -  MemoryUsage of job (MB)
	2311836  -  ResidentSetSize of job (KB)
...
006 (9643221.000.000) 04/18 01:46:22 Image size of job updated: 21781292
	2280  -  MemoryUsage of job (MB)
	2333872  -  ResidentSetSize of job (KB)
...
006 (9643221.000.000) 04/18 01:51:22 Image size of job updated: 21781292
	2280  -  MemoryUsage of job (MB)
	2334156  -  ResidentSetSize of job (KB)
...
006 (9643221.000.000) 04/18 01:56:23 Image size of job updated: 21781292
	2301  -  MemoryUsage of job (MB)
	2355492  -  ResidentSetSize of job (KB)
...
006 (9643221.000.000) 04/18 02:01:23 Image size of job updated: 21781292
	2322  -  MemoryUsage of job (MB)
	2376892  -  ResidentSetSize of job (KB)
...
006 (9643221.000.000) 04/18 02:06:23 Image size of job updated: 21781292
	2322  -  MemoryUsage of job (MB)
	2377176  -  ResidentSetSize of job (KB)
...
006 (9643221.000.000) 04/18 02:11:24 Image size of job updated: 21781292
	2343  -  MemoryUsage of job (MB)
	2398496  -  ResidentSetSize of job (KB)
...
006 (9643221.000.000) 04/18 02:21:25 Image size of job updated: 21842648
	2364  -  MemoryUsage of job (MB)
	2419928  -  ResidentSetSize of job (KB)
...
006 (9643221.000.000) 04/18 02:26:25 Image size of job updated: 21842648
	2384  -  MemoryUsage of job (MB)
	2441188  -  ResidentSetSize of job (KB)
...
006 (9643221.000.000) 04/18 02:31:26 Image size of job updated: 21842648
	2385  -  MemoryUsage of job (MB)
	2441248  -  ResidentSetSize of job (KB)
...
006 (9643221.000.000) 04/18 02:36:26 Image size of job updated: 21842648
	2405  -  MemoryUsage of job (MB)
	2462616  -  ResidentSetSize of job (KB)
...
006 (9643221.000.000) 04/18 02:41:26 Image size of job updated: 21842648
	2405  -  MemoryUsage of job (MB)
	2462648  -  ResidentSetSize of job (KB)
...
006 (9643221.000.000) 04/18 02:46:27 Image size of job updated: 21842648
	2426  -  MemoryUsage of job (MB)
	2483920  -  ResidentSetSize of job (KB)
...
006 (9643221.000.000) 04/18 02:56:28 Image size of job updated: 21842648
	2449  -  MemoryUsage of job (MB)
	2506760  -  ResidentSetSize of job (KB)
...
006 (9643221.000.000) 04/18 03:01:29 Image size of job updated: 21842648
	2472  -  MemoryUsage of job (MB)
	2530888  -  ResidentSetSize of job (KB)
...
006 (9643221.000.000) 04/18 03:06:30 Image size of job updated: 21842648
	2472  -  MemoryUsage of job (MB)
	2530968  -  ResidentSetSize of job (KB)
...
006 (9643221.000.000) 04/18 03:11:30 Image size of job updated: 21842648
	2493  -  MemoryUsage of job (MB)
	2552356  -  ResidentSetSize of job (KB)
...
006 (9643221.000.000) 04/18 03:16:30 Image size of job updated: 21842648
	2493  -  MemoryUsage of job (MB)
	2552376  -  ResidentSetSize of job (KB)
...
006 (9643221.000.000) 04/18 03:21:31 Image size of job updated: 21842648
	2514  -  MemoryUsage of job (MB)
	2573524  -  ResidentSetSize of job (KB)
...
006 (9643221.000.000) 04/18 03:26:31 Image size of job updated: 21842648
	2514  -  MemoryUsage of job (MB)
	2573576  -  ResidentSetSize of job (KB)
...
006 (9643221.000.000) 04/18 03:31:31 Image size of job updated: 21842648
	2534  -  MemoryUsage of job (MB)
	2594732  -  ResidentSetSize of job (KB)
...
006 (9643221.000.000) 04/18 03:36:32 Image size of job updated: 21842648
	2534  -  MemoryUsage of job (MB)
	2594788  -  ResidentSetSize of job (KB)
...
006 (9643221.000.000) 04/18 03:41:33 Image size of job updated: 21842648
	2556  -  MemoryUsage of job (MB)
	2616884  -  ResidentSetSize of job (KB)
...
006 (9643221.000.000) 04/18 03:51:34 Image size of job updated: 22085228
	3015  -  MemoryUsage of job (MB)
	3087056  -  ResidentSetSize of job (KB)
...
006 (9643221.000.000) 04/18 03:56:35 Image size of job updated: 22089324
	3091  -  MemoryUsage of job (MB)
	3164176  -  ResidentSetSize of job (KB)
...
006 (9643221.000.000) 04/18 04:01:35 Image size of job updated: 22090348
	3091  -  MemoryUsage of job (MB)
	3164176  -  ResidentSetSize of job (KB)
...
006 (9643221.000.000) 04/18 04:06:36 Image size of job updated: 22090348
	3205  -  MemoryUsage of job (MB)
	3281248  -  ResidentSetSize of job (KB)
...
006 (9643221.000.000) 04/18 04:11:37 Image size of job updated: 22090348
	3234  -  MemoryUsage of job (MB)
	3310644  -  ResidentSetSize of job (KB)
...
040 (9643221.000.000) 04/18 04:15:17 Started transferring output files
...
040 (9643221.000.000) 04/18 04:15:20 Finished transferring output files
...
005 (9643221.000.000) 04/18 04:15:20 Job terminated.
	(1) Normal termination (return value 0)
		Usr 0 04:09:21, Sys 0 00:24:44  -  Run Remote Usage
		Usr 0 00:00:00, Sys 0 00:00:00  -  Run Local Usage
		Usr 0 04:09:21, Sys 0 00:24:44  -  Total Remote Usage
		Usr 0 00:00:00, Sys 0 00:00:00  -  Total Local Usage
	3869123  -  Run Bytes Sent By Job
	194  -  Run Bytes Received By Job
	3869123  -  Total Bytes Sent By Job
	194  -  Total Bytes Received By Job
	Partitionable Resources :    Usage  Request Allocated 
	   Cpus                 :     1.22        1         1 
	   Disk (KB)            :  3799           1   1239504 
	   Memory (MB)          :  3234        2000      2000 

	Job terminated of its own accord at 2024-04-18T02:15:17Z.
...
