000 (9701165.000.000) 04/30 12:34:55 Job submitted from host: <137.138.156.150:9618?addrs=137.138.156.150-9618+[2001-1458-d00-14--9a]-9618&alias=bigbird13.cern.ch&noUDP&sock=schedd_2138_1192>
...
040 (9701165.000.000) 04/30 14:19:30 Started transferring input files
	Transferring to host: <128.142.60.156:9618?addrs=128.142.60.156-9618+[2001-1458-301-22--100-9b]-9618&alias=b9s05p6396.cern.ch&noUDP&sock=slot1_40_468120_a355_112268>
...
040 (9701165.000.000) 04/30 14:19:30 Finished transferring input files
...
001 (9701165.000.000) 04/30 14:19:31 Job executing on host: <128.142.60.156:9618?addrs=128.142.60.156-9618+[2001-1458-301-22--100-9b]-9618&alias=b9s05p6396.cern.ch&noUDP&sock=startd_468080_8676>
...
006 (9701165.000.000) 04/30 14:19:39 Image size of job updated: 22132
	22  -  MemoryUsage of job (MB)
	21912  -  ResidentSetSize of job (KB)
...
006 (9701165.000.000) 04/30 14:24:39 Image size of job updated: 349764
	342  -  MemoryUsage of job (MB)
	349764  -  ResidentSetSize of job (KB)
...
006 (9701165.000.000) 04/30 14:29:40 Image size of job updated: 544936
	533  -  MemoryUsage of job (MB)
	544808  -  ResidentSetSize of job (KB)
...
006 (9701165.000.000) 04/30 14:34:41 Image size of job updated: 674476
	659  -  MemoryUsage of job (MB)
	674224  -  ResidentSetSize of job (KB)
...
006 (9701165.000.000) 04/30 14:39:41 Image size of job updated: 1004160
	981  -  MemoryUsage of job (MB)
	1003912  -  ResidentSetSize of job (KB)
...
006 (9701165.000.000) 04/30 14:44:42 Image size of job updated: 3882372
	3791  -  MemoryUsage of job (MB)
	3881616  -  ResidentSetSize of job (KB)
...
006 (9701165.000.000) 04/30 14:49:43 Image size of job updated: 4038768
	3942  -  MemoryUsage of job (MB)
	4036332  -  ResidentSetSize of job (KB)
...
006 (9701165.000.000) 04/30 14:54:43 Image size of job updated: 4215148
	4114  -  MemoryUsage of job (MB)
	4212640  -  ResidentSetSize of job (KB)
...
006 (9701165.000.000) 04/30 14:59:43 Image size of job updated: 4319868
	4216  -  MemoryUsage of job (MB)
	4316188  -  ResidentSetSize of job (KB)
...
006 (9701165.000.000) 04/30 15:04:44 Image size of job updated: 4443176
	4336  -  MemoryUsage of job (MB)
	4439180  -  ResidentSetSize of job (KB)
...
006 (9701165.000.000) 04/30 15:09:44 Image size of job updated: 4627064
	4516  -  MemoryUsage of job (MB)
	4624364  -  ResidentSetSize of job (KB)
...
006 (9701165.000.000) 04/30 15:14:44 Image size of job updated: 4750372
	4640  -  MemoryUsage of job (MB)
	4750372  -  ResidentSetSize of job (KB)
...
006 (9701165.000.000) 04/30 15:19:45 Image size of job updated: 4861672
	4694  -  MemoryUsage of job (MB)
	4806216  -  ResidentSetSize of job (KB)
...
006 (9701165.000.000) 04/30 15:24:46 Image size of job updated: 4907708
	4791  -  MemoryUsage of job (MB)
	4905496  -  ResidentSetSize of job (KB)
...
006 (9701165.000.000) 04/30 15:29:46 Image size of job updated: 5029372
	4907  -  MemoryUsage of job (MB)
	5023948  -  ResidentSetSize of job (KB)
...
006 (9701165.000.000) 04/30 15:34:47 Image size of job updated: 5142316
	5021  -  MemoryUsage of job (MB)
	5140676  -  ResidentSetSize of job (KB)
...
006 (9701165.000.000) 04/30 15:39:48 Image size of job updated: 5151592
	5021  -  MemoryUsage of job (MB)
	5140676  -  ResidentSetSize of job (KB)
...
006 (9701165.000.000) 04/30 15:44:48 Image size of job updated: 5153472
	5033  -  MemoryUsage of job (MB)
	5152948  -  ResidentSetSize of job (KB)
...
006 (9701165.000.000) 04/30 15:49:48 Image size of job updated: 5233060
	5094  -  MemoryUsage of job (MB)
	5216092  -  ResidentSetSize of job (KB)
...
006 (9701165.000.000) 04/30 15:54:49 Image size of job updated: 5240776
	5117  -  MemoryUsage of job (MB)
	5239492  -  ResidentSetSize of job (KB)
...
006 (9701165.000.000) 04/30 15:59:49 Image size of job updated: 5359588
	5233  -  MemoryUsage of job (MB)
	5357860  -  ResidentSetSize of job (KB)
...
006 (9701165.000.000) 04/30 16:04:49 Image size of job updated: 5380120
	5233  -  MemoryUsage of job (MB)
	5357860  -  ResidentSetSize of job (KB)
...
006 (9701165.000.000) 04/30 16:09:50 Image size of job updated: 5464940
	5233  -  MemoryUsage of job (MB)
	5357860  -  ResidentSetSize of job (KB)
...
040 (9701165.000.000) 04/30 16:12:15 Started transferring output files
...
040 (9701165.000.000) 04/30 16:12:17 Finished transferring output files
...
005 (9701165.000.000) 04/30 16:12:17 Job terminated.
	(1) Normal termination (return value 0)
		Usr 0 06:19:42, Sys 0 02:08:13  -  Run Remote Usage
		Usr 0 00:00:00, Sys 0 00:00:00  -  Run Local Usage
		Usr 0 06:19:42, Sys 0 02:08:13  -  Total Remote Usage
		Usr 0 00:00:00, Sys 0 00:00:00  -  Total Local Usage
	29285240  -  Run Bytes Sent By Job
	197  -  Run Bytes Received By Job
	29285240  -  Total Bytes Sent By Job
	197  -  Total Bytes Received By Job
	Partitionable Resources :    Usage  Request Allocated 
	   Cpus                 :     1.87        1         1 
	   Disk (KB)            : 28620           1   2992363 
	   Memory (MB)          :  5233        2000      2000 

	Job terminated of its own accord at 2024-04-30T14:12:14Z.
...
