000 (9965959.000.000) 06/09 13:00:21 Job submitted from host: <137.138.156.150:9618?addrs=137.138.156.150-9618+[2001-1458-d00-14--9a]-9618&alias=bigbird13.cern.ch&noUDP&sock=schedd_25162_9e1a>
...
040 (9965959.000.000) 06/09 13:42:16 Started transferring input files
	Transferring to host: <128.142.60.156:9618?addrs=128.142.60.156-9618+[2001-1458-301-22--100-9b]-9618&alias=b9s05p6396.cern.ch&noUDP&sock=slot1_5_468120_a355_154853>
...
040 (9965959.000.000) 06/09 13:42:16 Finished transferring input files
...
001 (9965959.000.000) 06/09 13:42:17 Job executing on host: <128.142.60.156:9618?addrs=128.142.60.156-9618+[2001-1458-301-22--100-9b]-9618&alias=b9s05p6396.cern.ch&noUDP&sock=startd_468080_8676>
	SlotName: slot1_5@b9s05p6396.cern.ch
	CondorScratchDir = "/pool/condor/dir_2809173"
	Cpus = 1
	Disk = 2936106
	Memory = 2000
...
006 (9965959.000.000) 06/09 13:42:26 Image size of job updated: 50304
	50  -  MemoryUsage of job (MB)
	50300  -  ResidentSetSize of job (KB)
...
006 (9965959.000.000) 06/09 13:47:27 Image size of job updated: 541856
	529  -  MemoryUsage of job (MB)
	541600  -  ResidentSetSize of job (KB)
...
006 (9965959.000.000) 06/09 13:52:28 Image size of job updated: 1670204
	1575  -  MemoryUsage of job (MB)
	1612424  -  ResidentSetSize of job (KB)
...
006 (9965959.000.000) 06/09 13:57:28 Image size of job updated: 1789632
	1740  -  MemoryUsage of job (MB)
	1781708  -  ResidentSetSize of job (KB)
...
006 (9965959.000.000) 06/09 14:02:29 Image size of job updated: 2687236
	2583  -  MemoryUsage of job (MB)
	2644760  -  ResidentSetSize of job (KB)
...
006 (9965959.000.000) 06/09 14:07:30 Image size of job updated: 3066912
	2993  -  MemoryUsage of job (MB)
	3063916  -  ResidentSetSize of job (KB)
...
006 (9965959.000.000) 06/09 14:12:30 Image size of job updated: 3440184
	3359  -  MemoryUsage of job (MB)
	3439392  -  ResidentSetSize of job (KB)
...
006 (9965959.000.000) 06/09 14:17:30 Image size of job updated: 3686756
	3591  -  MemoryUsage of job (MB)
	3676332  -  ResidentSetSize of job (KB)
...
006 (9965959.000.000) 06/09 14:22:31 Image size of job updated: 4070432
	3973  -  MemoryUsage of job (MB)
	4067332  -  ResidentSetSize of job (KB)
...
006 (9965959.000.000) 06/09 14:27:31 Image size of job updated: 4369992
	4196  -  MemoryUsage of job (MB)
	4296152  -  ResidentSetSize of job (KB)
...
006 (9965959.000.000) 06/09 14:32:31 Image size of job updated: 4778300
	4665  -  MemoryUsage of job (MB)
	4776420  -  ResidentSetSize of job (KB)
...
006 (9965959.000.000) 06/09 14:37:32 Image size of job updated: 5057932
	4935  -  MemoryUsage of job (MB)
	5052860  -  ResidentSetSize of job (KB)
...
006 (9965959.000.000) 06/09 14:42:33 Image size of job updated: 5349052
	5222  -  MemoryUsage of job (MB)
	5346720  -  ResidentSetSize of job (KB)
...
006 (9965959.000.000) 06/09 14:46:56 Image size of job updated: 5576384
	5222  -  MemoryUsage of job (MB)
	5346720  -  ResidentSetSize of job (KB)
...
040 (9965959.000.000) 06/09 14:46:56 Started transferring output files
...
040 (9965959.000.000) 06/09 14:46:57 Finished transferring output files
...
007 (9965959.000.000) 06/09 14:46:58 Shadow exception!
	Error from slot1_5@b9s05p6396.cern.ch: STARTER at 128.142.60.156 failed to send file(s) to <137.138.156.150:9618>; SHADOW at 137.138.156.150 - |Error: writing to file /afs/cern.ch/work/t/tcritchl/FCCAnalyses_local/DNN/DNN_multiclass/1_DNN_opt_training_30GeV_1e-3.9965959.0.out: (errno 122) Disk quota exceeded
	21284420  -  Run Bytes Sent By Job
	201  -  Run Bytes Received By Job
...
012 (9965959.000.000) 06/09 14:46:58 Job was held.
	Transfer output files failure at access point bigbird13 while receiving files from execution point slot1_5@b9s05p6396.cern.ch. Details: Error from slot1_5@b9s05p6396.cern.ch: STARTER at 128.142.60.156 failed to send file(s) to <137.138.156.150:9618>; SHADOW at 137.138.156.150 - |Error: writing to file /afs/cern.ch/work/t/tcritchl/FCCAnalyses_local/DNN/DNN_multiclass/1_DNN_opt_training_30GeV_1e-3.9965959.0.out: (errno 122) Disk quota exceeded
	Code 12 Subcode 122
...
013 (9965959.000.000) 06/10 10:06:57 Job was released.
	via condor_release (by user tcritchl)
...
040 (9965959.000.000) 06/10 10:09:09 Started transferring input files
	Transferring to host: <128.142.61.64:9618?addrs=128.142.61.64-9618+[2001-1458-301-23--100-3f]-9618&alias=b9s06p5706.cern.ch&noUDP&sock=slot1_25_599507_aa54_155428>
...
040 (9965959.000.000) 06/10 10:09:09 Finished transferring input files
...
001 (9965959.000.000) 06/10 10:09:10 Job executing on host: <128.142.61.64:9618?addrs=128.142.61.64-9618+[2001-1458-301-23--100-3f]-9618&alias=b9s06p5706.cern.ch&noUDP&sock=startd_599468_c3ce>
	SlotName: slot1_25@b9s06p5706.cern.ch
	CondorScratchDir = "/pool/condor/dir_102963"
	Cpus = 1
	Disk = 2807138
	Memory = 2000
...
040 (9965959.000.000) 06/10 11:20:26 Started transferring output files
...
040 (9965959.000.000) 06/10 11:20:27 Finished transferring output files
...
007 (9965959.000.000) 06/10 11:20:27 Shadow exception!
	Error from slot1_25@b9s06p5706.cern.ch: STARTER at 128.142.61.64 failed to send file(s) to <137.138.156.150:9618>; SHADOW at 137.138.156.150 - |Error: writing to file /afs/cern.ch/work/t/tcritchl/FCCAnalyses_local/DNN/DNN_multiclass/1_DNN_opt_training_30GeV_1e-3.9965959.0.out: (errno 122) Disk quota exceeded
	23815084  -  Run Bytes Sent By Job
	201  -  Run Bytes Received By Job
...
012 (9965959.000.000) 06/10 11:20:27 Job was held.
	Transfer output files failure at access point bigbird13 while receiving files from execution point slot1_25@b9s06p5706.cern.ch. Details: Error from slot1_25@b9s06p5706.cern.ch: STARTER at 128.142.61.64 failed to send file(s) to <137.138.156.150:9618>; SHADOW at 137.138.156.150 - |Error: writing to file /afs/cern.ch/work/t/tcritchl/FCCAnalyses_local/DNN/DNN_multiclass/1_DNN_opt_training_30GeV_1e-3.9965959.0.out: (errno 122) Disk quota exceeded
	Code 12 Subcode 122
...
013 (9965959.000.000) 06/10 11:53:09 Job was released.
	via condor_release (by user tcritchl)
...
040 (9965959.000.000) 06/10 11:57:35 Started transferring input files
	Transferring to host: <188.185.205.226:9618?addrs=188.185.205.226-9618&alias=b9p04p3185.cern.ch&noUDP&sock=slot1_21_6915_fe32_107247>
...
040 (9965959.000.000) 06/10 11:57:35 Finished transferring input files
...
001 (9965959.000.000) 06/10 11:57:36 Job executing on host: <188.185.205.226:9618?addrs=188.185.205.226-9618&alias=b9p04p3185.cern.ch&noUDP&sock=startd_6849_6c3c>
	SlotName: slot1_21@b9p04p3185.cern.ch
	CondorScratchDir = "/pool/condor/dir_870097"
	Cpus = 1
	Disk = 2677644
	Memory = 2000
...
040 (9965959.000.000) 06/10 13:04:36 Started transferring output files
...
040 (9965959.000.000) 06/10 13:04:38 Finished transferring output files
...
005 (9965959.000.000) 06/10 13:04:38 Job terminated.
	(1) Normal termination (return value 0)
		Usr 0 01:54:33, Sys 0 00:38:11  -  Run Remote Usage
		Usr 0 00:00:00, Sys 0 00:00:00  -  Run Local Usage
		Usr 0 05:53:09, Sys 0 01:53:40  -  Total Remote Usage
		Usr 0 00:00:00, Sys 0 00:00:00  -  Total Local Usage
	22830080  -  Run Bytes Sent By Job
	201  -  Run Bytes Received By Job
	67929584  -  Total Bytes Sent By Job
	603  -  Total Bytes Received By Job
	Partitionable Resources :    Usage  Request Allocated 
	   Cpus                 :     2.53        1         1 
	   Disk (KB)            : 22319       25000   2677644 
	   Memory (MB)          :  7325        2000      2000 

	Job terminated of its own accord at 2024-06-10T11:04:36Z with exit-code 0.
...
