000 (9700833.000.000) 04/29 22:20:32 Job submitted from host: <137.138.156.150:9618?addrs=137.138.156.150-9618+[2001-1458-d00-14--9a]-9618&alias=bigbird13.cern.ch&noUDP&sock=schedd_2138_1192>
...
040 (9700833.000.000) 04/29 22:26:49 Started transferring input files
	Transferring to host: <188.185.208.192:9618?addrs=188.185.208.192-9618+[2001-1458-303-10--100-3d]-9618&alias=b9p10p4290.cern.ch&noUDP&sock=slot1_15_4985_2224_53921>
...
040 (9700833.000.000) 04/29 22:26:49 Finished transferring input files
...
001 (9700833.000.000) 04/29 22:26:50 Job executing on host: <188.185.208.192:9618?addrs=188.185.208.192-9618+[2001-1458-303-10--100-3d]-9618&alias=b9p10p4290.cern.ch&noUDP&sock=startd_4243_ec6e>
...
006 (9700833.000.000) 04/29 22:26:59 Image size of job updated: 47540
	47  -  MemoryUsage of job (MB)
	47540  -  ResidentSetSize of job (KB)
...
006 (9700833.000.000) 04/29 22:32:00 Image size of job updated: 4197116
	4097  -  MemoryUsage of job (MB)
	4194392  -  ResidentSetSize of job (KB)
...
006 (9700833.000.000) 04/29 22:37:00 Image size of job updated: 8419136
	8221  -  MemoryUsage of job (MB)
	8418276  -  ResidentSetSize of job (KB)
...
006 (9700833.000.000) 04/29 22:42:00 Image size of job updated: 11114176
	10852  -  MemoryUsage of job (MB)
	11112384  -  ResidentSetSize of job (KB)
...
006 (9700833.000.000) 04/29 22:47:01 Image size of job updated: 15826136
	15454  -  MemoryUsage of job (MB)
	15824012  -  ResidentSetSize of job (KB)
...
006 (9700833.000.000) 04/29 22:52:02 Image size of job updated: 19919744
	19452  -  MemoryUsage of job (MB)
	19918308  -  ResidentSetSize of job (KB)
...
006 (9700833.000.000) 04/29 22:57:02 Image size of job updated: 24446940
	23870  -  MemoryUsage of job (MB)
	24442476  -  ResidentSetSize of job (KB)
...
006 (9700833.000.000) 04/29 23:02:03 Image size of job updated: 26231684
	25617  -  MemoryUsage of job (MB)
	26230792  -  ResidentSetSize of job (KB)
...
006 (9700833.000.000) 04/29 23:07:04 Image size of job updated: 28614548
	27864  -  MemoryUsage of job (MB)
	28532436  -  ResidentSetSize of job (KB)
...
006 (9700833.000.000) 04/29 23:12:04 Image size of job updated: 30036056
	29323  -  MemoryUsage of job (MB)
	30025900  -  ResidentSetSize of job (KB)
...
006 (9700833.000.000) 04/29 23:17:04 Image size of job updated: 32150520
	31251  -  MemoryUsage of job (MB)
	32000744  -  ResidentSetSize of job (KB)
...
006 (9700833.000.000) 04/29 23:22:05 Image size of job updated: 32240308
	31252  -  MemoryUsage of job (MB)
	32001272  -  ResidentSetSize of job (KB)
...
006 (9700833.000.000) 04/30 00:22:11 Image size of job updated: 35489660
	34658  -  MemoryUsage of job (MB)
	35489660  -  ResidentSetSize of job (KB)
...
006 (9700833.000.000) 04/30 00:27:12 Image size of job updated: 39436560
	38511  -  MemoryUsage of job (MB)
	39434912  -  ResidentSetSize of job (KB)
...
006 (9700833.000.000) 04/30 00:32:13 Image size of job updated: 43384904
	42368  -  MemoryUsage of job (MB)
	43384124  -  ResidentSetSize of job (KB)
...
006 (9700833.000.000) 04/30 00:37:13 Image size of job updated: 47298360
	46188  -  MemoryUsage of job (MB)
	47295532  -  ResidentSetSize of job (KB)
...
006 (9700833.000.000) 04/30 00:42:14 Image size of job updated: 51035468
	49839  -  MemoryUsage of job (MB)
	51034748  -  ResidentSetSize of job (KB)
...
006 (9700833.000.000) 04/30 00:47:15 Image size of job updated: 54793032
	53504  -  MemoryUsage of job (MB)
	54787692  -  ResidentSetSize of job (KB)
...
006 (9700833.000.000) 04/30 00:52:15 Image size of job updated: 58184944
	56821  -  MemoryUsage of job (MB)
	58183984  -  ResidentSetSize of job (KB)
...
006 (9700833.000.000) 04/30 00:57:15 Image size of job updated: 62669972
	61193  -  MemoryUsage of job (MB)
	62660904  -  ResidentSetSize of job (KB)
...
006 (9700833.000.000) 04/30 01:02:16 Image size of job updated: 66693680
	65131  -  MemoryUsage of job (MB)
	66693200  -  ResidentSetSize of job (KB)
...
006 (9700833.000.000) 04/30 01:07:17 Image size of job updated: 70587300
	68932  -  MemoryUsage of job (MB)
	70585800  -  ResidentSetSize of job (KB)
...
006 (9700833.000.000) 04/30 01:12:17 Image size of job updated: 73027140
	71316  -  MemoryUsage of job (MB)
	73026760  -  ResidentSetSize of job (KB)
...
006 (9700833.000.000) 04/30 01:17:18 Image size of job updated: 73337012
	71316  -  MemoryUsage of job (MB)
	73026760  -  ResidentSetSize of job (KB)
...
040 (9700833.000.000) 04/30 01:51:19 Started transferring output files
...
040 (9700833.000.000) 04/30 01:51:19 Finished transferring output files
...
005 (9700833.000.000) 04/30 01:51:19 Job terminated.
	(1) Normal termination (return value 0)
		Usr 0 01:44:08, Sys 0 00:39:35  -  Run Remote Usage
		Usr 0 00:00:00, Sys 0 00:00:00  -  Run Local Usage
		Usr 0 01:44:08, Sys 0 00:39:35  -  Total Remote Usage
		Usr 0 00:00:00, Sys 0 00:00:00  -  Total Local Usage
	10111  -  Run Bytes Sent By Job
	202  -  Run Bytes Received By Job
	10111  -  Total Bytes Sent By Job
	202  -  Total Bytes Received By Job
	Partitionable Resources :    Usage  Request Allocated 
	   Cpus                 :     0.99        1         1 
	   Disk (KB)            :    31           1   2765324 
	   Memory (MB)          : 71316        2000      2000 

	Job terminated of its own accord at 2024-04-29T23:51:19Z.
...
