000 (9700829.000.000) 04/29 22:20:30 Job submitted from host: <137.138.156.150:9618?addrs=137.138.156.150-9618+[2001-1458-d00-14--9a]-9618&alias=bigbird13.cern.ch&noUDP&sock=schedd_2138_1192>
...
040 (9700829.000.000) 04/29 22:28:53 Started transferring input files
	Transferring to host: <128.142.61.122:9618?addrs=128.142.61.122-9618+[2001-1458-301-23--100-79]-9618&alias=b9s06p5790.cern.ch&noUDP&sock=slot1_39_6528_5103_27399>
...
040 (9700829.000.000) 04/29 22:28:53 Finished transferring input files
...
001 (9700829.000.000) 04/29 22:28:54 Job executing on host: <128.142.61.122:9618?addrs=128.142.61.122-9618+[2001-1458-301-23--100-79]-9618&alias=b9s06p5790.cern.ch&noUDP&sock=startd_4529_1884>
...
006 (9700829.000.000) 04/29 22:29:03 Image size of job updated: 120120
	118  -  MemoryUsage of job (MB)
	120120  -  ResidentSetSize of job (KB)
...
006 (9700829.000.000) 04/29 22:34:03 Image size of job updated: 2062024
	2002  -  MemoryUsage of job (MB)
	2049488  -  ResidentSetSize of job (KB)
...
006 (9700829.000.000) 04/29 22:39:03 Image size of job updated: 3823796
	3733  -  MemoryUsage of job (MB)
	3821824  -  ResidentSetSize of job (KB)
...
006 (9700829.000.000) 04/29 22:44:04 Image size of job updated: 5561676
	5432  -  MemoryUsage of job (MB)
	5561660  -  ResidentSetSize of job (KB)
...
006 (9700829.000.000) 04/29 22:49:05 Image size of job updated: 7331284
	7158  -  MemoryUsage of job (MB)
	7329516  -  ResidentSetSize of job (KB)
...
006 (9700829.000.000) 04/29 22:54:05 Image size of job updated: 9021776
	8808  -  MemoryUsage of job (MB)
	9019288  -  ResidentSetSize of job (KB)
...
006 (9700829.000.000) 04/29 22:59:06 Image size of job updated: 10717132
	10462  -  MemoryUsage of job (MB)
	10712312  -  ResidentSetSize of job (KB)
...
006 (9700829.000.000) 04/29 23:04:07 Image size of job updated: 12541568
	12240  -  MemoryUsage of job (MB)
	12533172  -  ResidentSetSize of job (KB)
...
006 (9700829.000.000) 04/29 23:09:07 Image size of job updated: 14282476
	13939  -  MemoryUsage of job (MB)
	14273360  -  ResidentSetSize of job (KB)
...
006 (9700829.000.000) 04/29 23:14:07 Image size of job updated: 16012748
	15629  -  MemoryUsage of job (MB)
	16003984  -  ResidentSetSize of job (KB)
...
006 (9700829.000.000) 04/29 23:19:08 Image size of job updated: 17865100
	17446  -  MemoryUsage of job (MB)
	17864100  -  ResidentSetSize of job (KB)
...
006 (9700829.000.000) 04/29 23:24:08 Image size of job updated: 19651984
	19191  -  MemoryUsage of job (MB)
	19650612  -  ResidentSetSize of job (KB)
...
006 (9700829.000.000) 04/29 23:29:08 Image size of job updated: 21286204
	20778  -  MemoryUsage of job (MB)
	21276452  -  ResidentSetSize of job (KB)
...
006 (9700829.000.000) 04/29 23:34:09 Image size of job updated: 22746964
	22213  -  MemoryUsage of job (MB)
	22745680  -  ResidentSetSize of job (KB)
...
006 (9700829.000.000) 04/29 23:39:10 Image size of job updated: 24180676
	23612  -  MemoryUsage of job (MB)
	24178136  -  ResidentSetSize of job (KB)
...
006 (9700829.000.000) 04/29 23:44:10 Image size of job updated: 25519472
	24913  -  MemoryUsage of job (MB)
	25510268  -  ResidentSetSize of job (KB)
...
006 (9700829.000.000) 04/29 23:49:11 Image size of job updated: 26771020
	26143  -  MemoryUsage of job (MB)
	26770340  -  ResidentSetSize of job (KB)
...
006 (9700829.000.000) 04/29 23:54:12 Image size of job updated: 27163836
	26143  -  MemoryUsage of job (MB)
	26770340  -  ResidentSetSize of job (KB)
...
006 (9700829.000.000) 04/30 01:04:18 Image size of job updated: 27163836
	26392  -  MemoryUsage of job (MB)
	27024792  -  ResidentSetSize of job (KB)
...
006 (9700829.000.000) 04/30 01:09:18 Image size of job updated: 28248384
	27586  -  MemoryUsage of job (MB)
	28247380  -  ResidentSetSize of job (KB)
...
006 (9700829.000.000) 04/30 01:14:19 Image size of job updated: 29796680
	29098  -  MemoryUsage of job (MB)
	29795668  -  ResidentSetSize of job (KB)
...
006 (9700829.000.000) 04/30 01:19:20 Image size of job updated: 31156636
	30426  -  MemoryUsage of job (MB)
	31155800  -  ResidentSetSize of job (KB)
...
006 (9700829.000.000) 04/30 01:24:20 Image size of job updated: 32426308
	31665  -  MemoryUsage of job (MB)
	32424812  -  ResidentSetSize of job (KB)
...
006 (9700829.000.000) 04/30 01:29:21 Image size of job updated: 33859268
	33066  -  MemoryUsage of job (MB)
	33859268  -  ResidentSetSize of job (KB)
...
006 (9700829.000.000) 04/30 01:34:22 Image size of job updated: 35200456
	34374  -  MemoryUsage of job (MB)
	35198840  -  ResidentSetSize of job (KB)
...
006 (9700829.000.000) 04/30 01:39:22 Image size of job updated: 36642444
	35781  -  MemoryUsage of job (MB)
	36638900  -  ResidentSetSize of job (KB)
...
006 (9700829.000.000) 04/30 01:44:22 Image size of job updated: 38012924
	37121  -  MemoryUsage of job (MB)
	38011424  -  ResidentSetSize of job (KB)
...
006 (9700829.000.000) 04/30 01:49:23 Image size of job updated: 38764644
	37848  -  MemoryUsage of job (MB)
	38756240  -  ResidentSetSize of job (KB)
...
006 (9700829.000.000) 04/30 01:54:23 Image size of job updated: 40245056
	39300  -  MemoryUsage of job (MB)
	40243028  -  ResidentSetSize of job (KB)
...
006 (9700829.000.000) 04/30 01:59:23 Image size of job updated: 40849388
	39842  -  MemoryUsage of job (MB)
	40797376  -  ResidentSetSize of job (KB)
...
006 (9700829.000.000) 04/30 02:04:24 Image size of job updated: 41311636
	40339  -  MemoryUsage of job (MB)
	41306696  -  ResidentSetSize of job (KB)
...
006 (9700829.000.000) 04/30 02:09:25 Image size of job updated: 41860236
	40860  -  MemoryUsage of job (MB)
	41839808  -  ResidentSetSize of job (KB)
...
006 (9700829.000.000) 04/30 02:14:25 Image size of job updated: 42123268
	41135  -  MemoryUsage of job (MB)
	42122240  -  ResidentSetSize of job (KB)
...
006 (9700829.000.000) 04/30 02:19:26 Image size of job updated: 42856896
	41731  -  MemoryUsage of job (MB)
	42731860  -  ResidentSetSize of job (KB)
...
006 (9700829.000.000) 04/30 02:24:27 Image size of job updated: 43676748
	42651  -  MemoryUsage of job (MB)
	43673940  -  ResidentSetSize of job (KB)
...
006 (9700829.000.000) 04/30 02:29:27 Image size of job updated: 43876468
	42772  -  MemoryUsage of job (MB)
	43797840  -  ResidentSetSize of job (KB)
...
006 (9700829.000.000) 04/30 02:34:27 Image size of job updated: 44064184
	43027  -  MemoryUsage of job (MB)
	44058828  -  ResidentSetSize of job (KB)
...
006 (9700829.000.000) 04/30 02:39:28 Image size of job updated: 44251444
	43027  -  MemoryUsage of job (MB)
	44058828  -  ResidentSetSize of job (KB)
...
040 (9700829.000.000) 04/30 03:32:45 Started transferring output files
...
040 (9700829.000.000) 04/30 03:32:45 Finished transferring output files
...
005 (9700829.000.000) 04/30 03:32:46 Job terminated.
	(1) Normal termination (return value 0)
		Usr 0 02:13:00, Sys 0 00:48:55  -  Run Remote Usage
		Usr 0 00:00:00, Sys 0 00:00:00  -  Run Local Usage
		Usr 0 02:13:00, Sys 0 00:48:55  -  Total Remote Usage
		Usr 0 00:00:00, Sys 0 00:00:00  -  Total Local Usage
	8842  -  Run Bytes Sent By Job
	202  -  Run Bytes Received By Job
	8842  -  Total Bytes Sent By Job
	202  -  Total Bytes Received By Job
	Partitionable Resources :    Usage  Request Allocated 
	   Cpus                 :     0.99        1         1 
	   Disk (KB)            :    30           1   2926527 
	   Memory (MB)          : 43027        2000      2000 

	Job terminated of its own accord at 2024-04-30T01:32:45Z.
...
