000 (9700816.000.000) 04/29 22:20:23 Job submitted from host: <137.138.156.150:9618?addrs=137.138.156.150-9618+[2001-1458-d00-14--9a]-9618&alias=bigbird13.cern.ch&noUDP&sock=schedd_2138_1192>
...
040 (9700816.000.000) 04/29 22:26:41 Started transferring input files
	Transferring to host: <188.185.209.39:9618?addrs=188.185.209.39-9618+[2001-1458-303-11--100-24]-9618&alias=b9p11p9946.cern.ch&noUDP&sock=slot1_19_7565_fa0d_56937>
...
040 (9700816.000.000) 04/29 22:26:41 Finished transferring input files
...
001 (9700816.000.000) 04/29 22:26:42 Job executing on host: <188.185.209.39:9618?addrs=188.185.209.39-9618+[2001-1458-303-11--100-24]-9618&alias=b9p11p9946.cern.ch&noUDP&sock=startd_6035_1625>
...
006 (9700816.000.000) 04/29 22:26:51 Image size of job updated: 62320
	61  -  MemoryUsage of job (MB)
	62320  -  ResidentSetSize of job (KB)
...
006 (9700816.000.000) 04/29 22:31:52 Image size of job updated: 2185032
	2133  -  MemoryUsage of job (MB)
	2184056  -  ResidentSetSize of job (KB)
...
006 (9700816.000.000) 04/29 22:36:52 Image size of job updated: 3626672
	3539  -  MemoryUsage of job (MB)
	3623404  -  ResidentSetSize of job (KB)
...
006 (9700816.000.000) 04/29 22:41:52 Image size of job updated: 5040768
	4921  -  MemoryUsage of job (MB)
	5038828  -  ResidentSetSize of job (KB)
...
006 (9700816.000.000) 04/29 22:46:53 Image size of job updated: 6832544
	6671  -  MemoryUsage of job (MB)
	6830684  -  ResidentSetSize of job (KB)
...
006 (9700816.000.000) 04/29 22:51:53 Image size of job updated: 8637620
	8427  -  MemoryUsage of job (MB)
	8628704  -  ResidentSetSize of job (KB)
...
006 (9700816.000.000) 04/29 22:56:53 Image size of job updated: 10326892
	10083  -  MemoryUsage of job (MB)
	10324760  -  ResidentSetSize of job (KB)
...
006 (9700816.000.000) 04/29 23:01:55 Image size of job updated: 12309608
	12021  -  MemoryUsage of job (MB)
	12309228  -  ResidentSetSize of job (KB)
...
006 (9700816.000.000) 04/29 23:06:55 Image size of job updated: 14014836
	13685  -  MemoryUsage of job (MB)
	14013272  -  ResidentSetSize of job (KB)
...
006 (9700816.000.000) 04/29 23:11:55 Image size of job updated: 16124296
	15737  -  MemoryUsage of job (MB)
	16114456  -  ResidentSetSize of job (KB)
...
006 (9700816.000.000) 04/29 23:16:56 Image size of job updated: 17653796
	17239  -  MemoryUsage of job (MB)
	17652684  -  ResidentSetSize of job (KB)
...
006 (9700816.000.000) 04/29 23:21:57 Image size of job updated: 18924924
	18479  -  MemoryUsage of job (MB)
	18922344  -  ResidentSetSize of job (KB)
...
006 (9700816.000.000) 04/29 23:26:57 Image size of job updated: 20336612
	19860  -  MemoryUsage of job (MB)
	20335984  -  ResidentSetSize of job (KB)
...
006 (9700816.000.000) 04/29 23:31:58 Image size of job updated: 22338672
	21813  -  MemoryUsage of job (MB)
	22336504  -  ResidentSetSize of job (KB)
...
006 (9700816.000.000) 04/29 23:36:59 Image size of job updated: 24004284
	23433  -  MemoryUsage of job (MB)
	23994712  -  ResidentSetSize of job (KB)
...
006 (9700816.000.000) 04/29 23:41:59 Image size of job updated: 25534164
	24928  -  MemoryUsage of job (MB)
	25525372  -  ResidentSetSize of job (KB)
...
006 (9700816.000.000) 04/29 23:46:59 Image size of job updated: 27292344
	26647  -  MemoryUsage of job (MB)
	27285672  -  ResidentSetSize of job (KB)
...
006 (9700816.000.000) 04/29 23:52:00 Image size of job updated: 28898720
	28221  -  MemoryUsage of job (MB)
	28897432  -  ResidentSetSize of job (KB)
...
006 (9700816.000.000) 04/29 23:57:00 Image size of job updated: 30539792
	29823  -  MemoryUsage of job (MB)
	30537944  -  ResidentSetSize of job (KB)
...
006 (9700816.000.000) 04/30 00:02:00 Image size of job updated: 32342808
	31584  -  MemoryUsage of job (MB)
	32341144  -  ResidentSetSize of job (KB)
...
006 (9700816.000.000) 04/30 00:07:01 Image size of job updated: 34226772
	33421  -  MemoryUsage of job (MB)
	34222916  -  ResidentSetSize of job (KB)
...
006 (9700816.000.000) 04/30 00:12:01 Image size of job updated: 36272856
	35422  -  MemoryUsage of job (MB)
	36271792  -  ResidentSetSize of job (KB)
...
006 (9700816.000.000) 04/30 00:17:01 Image size of job updated: 37787448
	36899  -  MemoryUsage of job (MB)
	37784092  -  ResidentSetSize of job (KB)
...
006 (9700816.000.000) 04/30 00:22:02 Image size of job updated: 39523504
	38597  -  MemoryUsage of job (MB)
	39522680  -  ResidentSetSize of job (KB)
...
006 (9700816.000.000) 04/30 00:27:03 Image size of job updated: 41395400
	40424  -  MemoryUsage of job (MB)
	41393352  -  ResidentSetSize of job (KB)
...
006 (9700816.000.000) 04/30 00:32:03 Image size of job updated: 43763476
	42737  -  MemoryUsage of job (MB)
	43761968  -  ResidentSetSize of job (KB)
...
006 (9700816.000.000) 04/30 00:37:04 Image size of job updated: 45388980
	44324  -  MemoryUsage of job (MB)
	45386832  -  ResidentSetSize of job (KB)
...
006 (9700816.000.000) 04/30 00:42:05 Image size of job updated: 46856756
	45758  -  MemoryUsage of job (MB)
	46855616  -  ResidentSetSize of job (KB)
...
006 (9700816.000.000) 04/30 00:47:05 Image size of job updated: 47067400
	45758  -  MemoryUsage of job (MB)
	46855616  -  ResidentSetSize of job (KB)
...
006 (9700816.000.000) 04/30 02:27:15 Image size of job updated: 48115408
	46985  -  MemoryUsage of job (MB)
	48112144  -  ResidentSetSize of job (KB)
...
006 (9700816.000.000) 04/30 02:32:16 Image size of job updated: 50690572
	49498  -  MemoryUsage of job (MB)
	50685868  -  ResidentSetSize of job (KB)
...
006 (9700816.000.000) 04/30 02:37:16 Image size of job updated: 52821744
	51583  -  MemoryUsage of job (MB)
	52820004  -  ResidentSetSize of job (KB)
...
006 (9700816.000.000) 04/30 02:42:16 Image size of job updated: 54803764
	53511  -  MemoryUsage of job (MB)
	54794504  -  ResidentSetSize of job (KB)
...
006 (9700816.000.000) 04/30 02:47:17 Image size of job updated: 57786320
	56425  -  MemoryUsage of job (MB)
	57779124  -  ResidentSetSize of job (KB)
...
006 (9700816.000.000) 04/30 02:52:18 Image size of job updated: 59646568
	58248  -  MemoryUsage of job (MB)
	59645156  -  ResidentSetSize of job (KB)
...
006 (9700816.000.000) 04/30 02:57:18 Image size of job updated: 61717912
	60270  -  MemoryUsage of job (MB)
	61715492  -  ResidentSetSize of job (KB)
...
006 (9700816.000.000) 04/30 03:02:19 Image size of job updated: 64333448
	62825  -  MemoryUsage of job (MB)
	64332352  -  ResidentSetSize of job (KB)
...
006 (9700816.000.000) 04/30 03:07:20 Image size of job updated: 67051420
	65478  -  MemoryUsage of job (MB)
	67048756  -  ResidentSetSize of job (KB)
...
006 (9700816.000.000) 04/30 03:12:20 Image size of job updated: 68530396
	66923  -  MemoryUsage of job (MB)
	68529100  -  ResidentSetSize of job (KB)
...
006 (9700816.000.000) 04/30 03:17:20 Image size of job updated: 70362620
	68706  -  MemoryUsage of job (MB)
	70354212  -  ResidentSetSize of job (KB)
...
006 (9700816.000.000) 04/30 03:22:21 Image size of job updated: 72211272
	70464  -  MemoryUsage of job (MB)
	72154564  -  ResidentSetSize of job (KB)
...
006 (9700816.000.000) 04/30 03:27:21 Image size of job updated: 74348552
	71707  -  MemoryUsage of job (MB)
	73426948  -  ResidentSetSize of job (KB)
...
006 (9700816.000.000) 04/30 03:32:21 Image size of job updated: 74348552
	71897  -  MemoryUsage of job (MB)
	73622076  -  ResidentSetSize of job (KB)
...
006 (9700816.000.000) 04/30 03:37:22 Image size of job updated: 75179888
	71897  -  MemoryUsage of job (MB)
	73622244  -  ResidentSetSize of job (KB)
...
006 (9700816.000.000) 04/30 03:42:23 Image size of job updated: 75179888
	72282  -  MemoryUsage of job (MB)
	74016540  -  ResidentSetSize of job (KB)
...
006 (9700816.000.000) 04/30 03:47:23 Image size of job updated: 76043580
	74219  -  MemoryUsage of job (MB)
	75999364  -  ResidentSetSize of job (KB)
...
006 (9700816.000.000) 04/30 03:52:24 Image size of job updated: 77307696
	75495  -  MemoryUsage of job (MB)
	77306836  -  ResidentSetSize of job (KB)
...
006 (9700816.000.000) 04/30 03:57:25 Image size of job updated: 78770936
	76898  -  MemoryUsage of job (MB)
	78743120  -  ResidentSetSize of job (KB)
...
006 (9700816.000.000) 04/30 04:02:25 Image size of job updated: 81074072
	79170  -  MemoryUsage of job (MB)
	81070080  -  ResidentSetSize of job (KB)
...
006 (9700816.000.000) 04/30 04:07:26 Image size of job updated: 83750436
	81787  -  MemoryUsage of job (MB)
	83749308  -  ResidentSetSize of job (KB)
...
006 (9700816.000.000) 04/30 04:12:27 Image size of job updated: 84915336
	81787  -  MemoryUsage of job (MB)
	83749308  -  ResidentSetSize of job (KB)
...
040 (9700816.000.000) 04/30 05:27:49 Started transferring output files
...
040 (9700816.000.000) 04/30 05:27:49 Finished transferring output files
...
005 (9700816.000.000) 04/30 05:27:50 Job terminated.
	(1) Normal termination (return value 0)
		Usr 0 03:26:52, Sys 0 01:26:40  -  Run Remote Usage
		Usr 0 00:00:00, Sys 0 00:00:00  -  Run Local Usage
		Usr 0 03:26:52, Sys 0 01:26:40  -  Total Remote Usage
		Usr 0 00:00:00, Sys 0 00:00:00  -  Total Local Usage
	7910  -  Run Bytes Sent By Job
	204  -  Run Bytes Received By Job
	7910  -  Total Bytes Sent By Job
	204  -  Total Bytes Received By Job
	Partitionable Resources :    Usage  Request Allocated 
	   Cpus                 :     0.99        1         1 
	   Disk (KB)            :    29           1   2824360 
	   Memory (MB)          : 81787        2000      2000 

	Job terminated of its own accord at 2024-04-30T03:27:49Z.
...
