000 (9700814.000.000) 04/29 22:20:21 Job submitted from host: <137.138.156.150:9618?addrs=137.138.156.150-9618+[2001-1458-d00-14--9a]-9618&alias=bigbird13.cern.ch&noUDP&sock=schedd_2138_1192>
...
040 (9700814.000.000) 04/29 22:26:40 Started transferring input files
	Transferring to host: <188.185.205.108:9618?addrs=188.185.205.108-9618+[2001-1458-303-9--100-69]-9618&alias=b9p03p9667.cern.ch&noUDP&sock=slot1_18_6794_bccd_67451>
...
040 (9700814.000.000) 04/29 22:26:40 Finished transferring input files
...
001 (9700814.000.000) 04/29 22:26:41 Job executing on host: <188.185.205.108:9618?addrs=188.185.205.108-9618+[2001-1458-303-9--100-69]-9618&alias=b9p03p9667.cern.ch&noUDP&sock=startd_6503_1877>
...
006 (9700814.000.000) 04/29 22:26:50 Image size of job updated: 72736
	72  -  MemoryUsage of job (MB)
	72736  -  ResidentSetSize of job (KB)
...
006 (9700814.000.000) 04/29 22:31:51 Image size of job updated: 4186108
	4086  -  MemoryUsage of job (MB)
	4183564  -  ResidentSetSize of job (KB)
...
006 (9700814.000.000) 04/29 22:36:52 Image size of job updated: 9219880
	9003  -  MemoryUsage of job (MB)
	9218100  -  ResidentSetSize of job (KB)
...
006 (9700814.000.000) 04/29 22:41:52 Image size of job updated: 14172596
	13836  -  MemoryUsage of job (MB)
	14167724  -  ResidentSetSize of job (KB)
...
006 (9700814.000.000) 04/29 22:46:52 Image size of job updated: 19161504
	18711  -  MemoryUsage of job (MB)
	19159308  -  ResidentSetSize of job (KB)
...
006 (9700814.000.000) 04/29 22:51:53 Image size of job updated: 23981976
	23411  -  MemoryUsage of job (MB)
	23972324  -  ResidentSetSize of job (KB)
...
006 (9700814.000.000) 04/29 22:56:53 Image size of job updated: 28911672
	28227  -  MemoryUsage of job (MB)
	28904232  -  ResidentSetSize of job (KB)
...
006 (9700814.000.000) 04/29 23:01:53 Image size of job updated: 33879288
	33084  -  MemoryUsage of job (MB)
	33877056  -  ResidentSetSize of job (KB)
...
006 (9700814.000.000) 04/29 23:06:54 Image size of job updated: 38787984
	37878  -  MemoryUsage of job (MB)
	38786296  -  ResidentSetSize of job (KB)
...
006 (9700814.000.000) 04/29 23:11:55 Image size of job updated: 43607460
	42575  -  MemoryUsage of job (MB)
	43596116  -  ResidentSetSize of job (KB)
...
006 (9700814.000.000) 04/29 23:16:55 Image size of job updated: 48873956
	47726  -  MemoryUsage of job (MB)
	48870980  -  ResidentSetSize of job (KB)
...
006 (9700814.000.000) 04/29 23:21:56 Image size of job updated: 50700160
	47726  -  MemoryUsage of job (MB)
	48870980  -  ResidentSetSize of job (KB)
...
006 (9700814.000.000) 04/30 00:07:01 Image size of job updated: 50700160
	47923  -  MemoryUsage of job (MB)
	49072392  -  ResidentSetSize of job (KB)
...
006 (9700814.000.000) 04/30 00:12:01 Image size of job updated: 52970796
	51726  -  MemoryUsage of job (MB)
	52966836  -  ResidentSetSize of job (KB)
...
006 (9700814.000.000) 04/30 00:17:02 Image size of job updated: 56770108
	55436  -  MemoryUsage of job (MB)
	56766148  -  ResidentSetSize of job (KB)
...
006 (9700814.000.000) 04/30 00:22:02 Image size of job updated: 60893968
	59467  -  MemoryUsage of job (MB)
	60893676  -  ResidentSetSize of job (KB)
...
006 (9700814.000.000) 04/30 00:27:02 Image size of job updated: 64824628
	63305  -  MemoryUsage of job (MB)
	64824136  -  ResidentSetSize of job (KB)
...
006 (9700814.000.000) 04/30 00:32:03 Image size of job updated: 68800284
	67186  -  MemoryUsage of job (MB)
	68797496  -  ResidentSetSize of job (KB)
...
006 (9700814.000.000) 04/30 00:37:04 Image size of job updated: 72665372
	70960  -  MemoryUsage of job (MB)
	72662544  -  ResidentSetSize of job (KB)
...
006 (9700814.000.000) 04/30 00:42:04 Image size of job updated: 76444784
	74649  -  MemoryUsage of job (MB)
	76440416  -  ResidentSetSize of job (KB)
...
006 (9700814.000.000) 04/30 00:47:05 Image size of job updated: 80267852
	78382  -  MemoryUsage of job (MB)
	80262228  -  ResidentSetSize of job (KB)
...
006 (9700814.000.000) 04/30 00:52:06 Image size of job updated: 83637976
	81675  -  MemoryUsage of job (MB)
	83634184  -  ResidentSetSize of job (KB)
...
006 (9700814.000.000) 04/30 00:57:06 Image size of job updated: 87761488
	85705  -  MemoryUsage of job (MB)
	87761488  -  ResidentSetSize of job (KB)
...
006 (9700814.000.000) 04/30 01:02:06 Image size of job updated: 92096400
	89937  -  MemoryUsage of job (MB)
	92094964  -  ResidentSetSize of job (KB)
...
006 (9700814.000.000) 04/30 01:07:07 Image size of job updated: 96298608
	94041  -  MemoryUsage of job (MB)
	96297512  -  ResidentSetSize of job (KB)
...
006 (9700814.000.000) 04/30 01:12:07 Image size of job updated: 98322544
	95807  -  MemoryUsage of job (MB)
	98106212  -  ResidentSetSize of job (KB)
...
040 (9700814.000.000) 04/30 01:52:55 Started transferring output files
...
040 (9700814.000.000) 04/30 01:52:55 Finished transferring output files
...
005 (9700814.000.000) 04/30 01:52:55 Job terminated.
	(1) Normal termination (return value 0)
		Usr 0 01:44:05, Sys 0 00:36:27  -  Run Remote Usage
		Usr 0 00:00:00, Sys 0 00:00:00  -  Run Local Usage
		Usr 0 01:44:05, Sys 0 00:36:27  -  Total Remote Usage
		Usr 0 00:00:00, Sys 0 00:00:00  -  Total Local Usage
	7965  -  Run Bytes Sent By Job
	204  -  Run Bytes Received By Job
	7965  -  Total Bytes Sent By Job
	204  -  Total Bytes Received By Job
	Partitionable Resources :    Usage  Request Allocated 
	   Cpus                 :     0.99        1         1 
	   Disk (KB)            :    29           1   2815337 
	   Memory (MB)          : 95807        2000      2000 

	Job terminated of its own accord at 2024-04-29T23:52:55Z.
...
