000 (9700848.000.000) 04/29 22:20:44 Job submitted from host: <137.138.156.150:9618?addrs=137.138.156.150-9618+[2001-1458-d00-14--9a]-9618&alias=bigbird13.cern.ch&noUDP&sock=schedd_2138_1192>
...
040 (9700848.000.000) 04/29 22:26:56 Started transferring input files
	Transferring to host: <188.184.165.100:9618?addrs=188.184.165.100-9618+[2001-1458-301-51--100-5f]-9618&alias=b9s14p6997.cern.ch&noUDP&sock=slot1_29_6063_ae90_31372>
...
040 (9700848.000.000) 04/29 22:26:56 Finished transferring input files
...
001 (9700848.000.000) 04/29 22:26:57 Job executing on host: <188.184.165.100:9618?addrs=188.184.165.100-9618+[2001-1458-301-51--100-5f]-9618&alias=b9s14p6997.cern.ch&noUDP&sock=startd_5149_5d3c>
...
006 (9700848.000.000) 04/29 22:27:05 Image size of job updated: 32628
	32  -  MemoryUsage of job (MB)
	32508  -  ResidentSetSize of job (KB)
...
006 (9700848.000.000) 04/29 22:32:05 Image size of job updated: 3084160
	3011  -  MemoryUsage of job (MB)
	3082464  -  ResidentSetSize of job (KB)
...
006 (9700848.000.000) 04/29 22:37:06 Image size of job updated: 5991240
	5850  -  MemoryUsage of job (MB)
	5989908  -  ResidentSetSize of job (KB)
...
006 (9700848.000.000) 04/29 22:42:07 Image size of job updated: 8806340
	8599  -  MemoryUsage of job (MB)
	8805324  -  ResidentSetSize of job (KB)
...
006 (9700848.000.000) 04/29 22:47:07 Image size of job updated: 11245088
	10981  -  MemoryUsage of job (MB)
	11244280  -  ResidentSetSize of job (KB)
...
006 (9700848.000.000) 04/29 22:52:08 Image size of job updated: 13996816
	13667  -  MemoryUsage of job (MB)
	13994776  -  ResidentSetSize of job (KB)
...
006 (9700848.000.000) 04/29 22:57:09 Image size of job updated: 16054464
	15677  -  MemoryUsage of job (MB)
	16052392  -  ResidentSetSize of job (KB)
...
006 (9700848.000.000) 04/29 23:02:09 Image size of job updated: 18910304
	18466  -  MemoryUsage of job (MB)
	18909184  -  ResidentSetSize of job (KB)
...
006 (9700848.000.000) 04/29 23:07:09 Image size of job updated: 22113900
	21595  -  MemoryUsage of job (MB)
	22112732  -  ResidentSetSize of job (KB)
...
006 (9700848.000.000) 04/29 23:12:10 Image size of job updated: 23527696
	22440  -  MemoryUsage of job (MB)
	22978052  -  ResidentSetSize of job (KB)
...
006 (9700848.000.000) 04/29 23:17:11 Image size of job updated: 25542968
	24932  -  MemoryUsage of job (MB)
	25530040  -  ResidentSetSize of job (KB)
...
006 (9700848.000.000) 04/29 23:22:11 Image size of job updated: 28128100
	27461  -  MemoryUsage of job (MB)
	28119520  -  ResidentSetSize of job (KB)
...
006 (9700848.000.000) 04/29 23:27:12 Image size of job updated: 31288392
	30553  -  MemoryUsage of job (MB)
	31285984  -  ResidentSetSize of job (KB)
...
006 (9700848.000.000) 04/29 23:32:13 Image size of job updated: 32553712
	31756  -  MemoryUsage of job (MB)
	32517248  -  ResidentSetSize of job (KB)
...
006 (9700848.000.000) 04/29 23:37:13 Image size of job updated: 32715852
	31756  -  MemoryUsage of job (MB)
	32517248  -  ResidentSetSize of job (KB)
...
006 (9700848.000.000) 04/29 23:42:13 Image size of job updated: 32729508
	31756  -  MemoryUsage of job (MB)
	32517248  -  ResidentSetSize of job (KB)
...
006 (9700848.000.000) 04/30 00:37:19 Image size of job updated: 33826740
	33033  -  MemoryUsage of job (MB)
	33825264  -  ResidentSetSize of job (KB)
...
006 (9700848.000.000) 04/30 00:42:19 Image size of job updated: 34925404
	34106  -  MemoryUsage of job (MB)
	34924436  -  ResidentSetSize of job (KB)
...
006 (9700848.000.000) 04/30 00:47:19 Image size of job updated: 35887208
	34959  -  MemoryUsage of job (MB)
	35797000  -  ResidentSetSize of job (KB)
...
006 (9700848.000.000) 04/30 00:52:20 Image size of job updated: 36470244
	35472  -  MemoryUsage of job (MB)
	36322816  -  ResidentSetSize of job (KB)
...
006 (9700848.000.000) 04/30 00:57:20 Image size of job updated: 36742108
	35609  -  MemoryUsage of job (MB)
	36463420  -  ResidentSetSize of job (KB)
...
006 (9700848.000.000) 04/30 01:02:20 Image size of job updated: 36797140
	35922  -  MemoryUsage of job (MB)
	36783956  -  ResidentSetSize of job (KB)
...
006 (9700848.000.000) 04/30 01:07:21 Image size of job updated: 37542472
	36509  -  MemoryUsage of job (MB)
	37384272  -  ResidentSetSize of job (KB)
...
006 (9700848.000.000) 04/30 01:12:22 Image size of job updated: 38438896
	37485  -  MemoryUsage of job (MB)
	38384368  -  ResidentSetSize of job (KB)
...
006 (9700848.000.000) 04/30 01:37:24 Image size of job updated: 41201592
	40236  -  MemoryUsage of job (MB)
	41201160  -  ResidentSetSize of job (KB)
...
006 (9700848.000.000) 04/30 01:42:25 Image size of job updated: 42880168
	40274  -  MemoryUsage of job (MB)
	41240220  -  ResidentSetSize of job (KB)
...
040 (9700848.000.000) 04/30 03:16:00 Started transferring output files
...
040 (9700848.000.000) 04/30 03:16:00 Finished transferring output files
...
005 (9700848.000.000) 04/30 03:16:00 Job terminated.
	(1) Normal termination (return value 0)
		Usr 0 03:04:26, Sys 0 00:38:52  -  Run Remote Usage
		Usr 0 00:00:00, Sys 0 00:00:00  -  Run Local Usage
		Usr 0 03:04:26, Sys 0 00:38:52  -  Total Remote Usage
		Usr 0 00:00:00, Sys 0 00:00:00  -  Total Local Usage
	12219  -  Run Bytes Sent By Job
	204  -  Run Bytes Received By Job
	12219  -  Total Bytes Sent By Job
	204  -  Total Bytes Received By Job
	Partitionable Resources :    Usage  Request Allocated 
	   Cpus                 :     0.99        1         1 
	   Disk (KB)            :    33           1   2826290 
	   Memory (MB)          : 40274        2000      2000 

	Job terminated of its own accord at 2024-04-30T01:16:00Z.
...
