000 (9700811.000.000) 04/29 22:20:19 Job submitted from host: <137.138.156.150:9618?addrs=137.138.156.150-9618+[2001-1458-d00-14--9a]-9618&alias=bigbird13.cern.ch&noUDP&sock=schedd_2138_1192>
...
040 (9700811.000.000) 04/29 22:26:40 Started transferring input files
	Transferring to host: <188.185.206.181:9618?addrs=188.185.206.181-9618+[2001-1458-303-c--100-32]-9618&alias=b9p06p4369.cern.ch&noUDP&sock=slot1_27_7354_4ee4_66528>
...
040 (9700811.000.000) 04/29 22:26:40 Finished transferring input files
...
001 (9700811.000.000) 04/29 22:26:41 Job executing on host: <188.185.206.181:9618?addrs=188.185.206.181-9618+[2001-1458-303-c--100-32]-9618&alias=b9p06p4369.cern.ch&noUDP&sock=startd_7286_2b1f>
...
006 (9700811.000.000) 04/29 22:26:49 Image size of job updated: 64112
	63  -  MemoryUsage of job (MB)
	64112  -  ResidentSetSize of job (KB)
...
006 (9700811.000.000) 04/29 22:31:49 Image size of job updated: 1770136
	1727  -  MemoryUsage of job (MB)
	1767844  -  ResidentSetSize of job (KB)
...
006 (9700811.000.000) 04/29 22:36:50 Image size of job updated: 3546584
	3463  -  MemoryUsage of job (MB)
	3545540  -  ResidentSetSize of job (KB)
...
006 (9700811.000.000) 04/29 22:41:51 Image size of job updated: 5177428
	5048  -  MemoryUsage of job (MB)
	5168356  -  ResidentSetSize of job (KB)
...
006 (9700811.000.000) 04/29 22:46:51 Image size of job updated: 7023020
	6857  -  MemoryUsage of job (MB)
	7020716  -  ResidentSetSize of job (KB)
...
006 (9700811.000.000) 04/29 22:51:52 Image size of job updated: 8420492
	8213  -  MemoryUsage of job (MB)
	8409688  -  ResidentSetSize of job (KB)
...
006 (9700811.000.000) 04/29 22:56:53 Image size of job updated: 9776672
	9548  -  MemoryUsage of job (MB)
	9776556  -  ResidentSetSize of job (KB)
...
006 (9700811.000.000) 04/29 23:01:53 Image size of job updated: 11363912
	11097  -  MemoryUsage of job (MB)
	11362628  -  ResidentSetSize of job (KB)
...
006 (9700811.000.000) 04/29 23:06:53 Image size of job updated: 12883260
	12574  -  MemoryUsage of job (MB)
	12875012  -  ResidentSetSize of job (KB)
...
006 (9700811.000.000) 04/29 23:11:54 Image size of job updated: 14262060
	13920  -  MemoryUsage of job (MB)
	14253100  -  ResidentSetSize of job (KB)
...
006 (9700811.000.000) 04/29 23:16:54 Image size of job updated: 15792056
	15414  -  MemoryUsage of job (MB)
	15783348  -  ResidentSetSize of job (KB)
...
006 (9700811.000.000) 04/29 23:21:54 Image size of job updated: 17794028
	17373  -  MemoryUsage of job (MB)
	17789348  -  ResidentSetSize of job (KB)
...
006 (9700811.000.000) 04/29 23:26:55 Image size of job updated: 19143132
	18694  -  MemoryUsage of job (MB)
	19141972  -  ResidentSetSize of job (KB)
...
006 (9700811.000.000) 04/29 23:31:56 Image size of job updated: 20440052
	19950  -  MemoryUsage of job (MB)
	20428560  -  ResidentSetSize of job (KB)
...
006 (9700811.000.000) 04/29 23:36:56 Image size of job updated: 21749908
	21238  -  MemoryUsage of job (MB)
	21747628  -  ResidentSetSize of job (KB)
...
006 (9700811.000.000) 04/29 23:41:57 Image size of job updated: 23197192
	22652  -  MemoryUsage of job (MB)
	23195384  -  ResidentSetSize of job (KB)
...
006 (9700811.000.000) 04/29 23:46:58 Image size of job updated: 25048464
	24457  -  MemoryUsage of job (MB)
	25043592  -  ResidentSetSize of job (KB)
...
006 (9700811.000.000) 04/29 23:51:58 Image size of job updated: 26962372
	26330  -  MemoryUsage of job (MB)
	26961600  -  ResidentSetSize of job (KB)
...
006 (9700811.000.000) 04/29 23:56:59 Image size of job updated: 28245836
	27583  -  MemoryUsage of job (MB)
	28244828  -  ResidentSetSize of job (KB)
...
006 (9700811.000.000) 04/30 00:02:00 Image size of job updated: 29353128
	28665  -  MemoryUsage of job (MB)
	29352248  -  ResidentSetSize of job (KB)
...
006 (9700811.000.000) 04/30 00:07:00 Image size of job updated: 30557144
	29837  -  MemoryUsage of job (MB)
	30552880  -  ResidentSetSize of job (KB)
...
006 (9700811.000.000) 04/30 00:12:00 Image size of job updated: 32208568
	31452  -  MemoryUsage of job (MB)
	32206708  -  ResidentSetSize of job (KB)
...
006 (9700811.000.000) 04/30 00:17:01 Image size of job updated: 33373848
	32583  -  MemoryUsage of job (MB)
	33364256  -  ResidentSetSize of job (KB)
...
006 (9700811.000.000) 04/30 00:22:01 Image size of job updated: 34479052
	33668  -  MemoryUsage of job (MB)
	34475980  -  ResidentSetSize of job (KB)
...
006 (9700811.000.000) 04/30 00:27:01 Image size of job updated: 35633324
	34797  -  MemoryUsage of job (MB)
	35631588  -  ResidentSetSize of job (KB)
...
006 (9700811.000.000) 04/30 00:32:02 Image size of job updated: 36804212
	35933  -  MemoryUsage of job (MB)
	36794472  -  ResidentSetSize of job (KB)
...
006 (9700811.000.000) 04/30 00:37:02 Image size of job updated: 38264884
	37366  -  MemoryUsage of job (MB)
	38262452  -  ResidentSetSize of job (KB)
...
006 (9700811.000.000) 04/30 00:42:02 Image size of job updated: 39783368
	38848  -  MemoryUsage of job (MB)
	39779520  -  ResidentSetSize of job (KB)
...
006 (9700811.000.000) 04/30 00:47:03 Image size of job updated: 41944484
	40961  -  MemoryUsage of job (MB)
	41943252  -  ResidentSetSize of job (KB)
...
006 (9700811.000.000) 04/30 00:52:04 Image size of job updated: 43575964
	42546  -  MemoryUsage of job (MB)
	43566600  -  ResidentSetSize of job (KB)
...
006 (9700811.000.000) 04/30 00:57:04 Image size of job updated: 44863532
	43811  -  MemoryUsage of job (MB)
	44862168  -  ResidentSetSize of job (KB)
...
006 (9700811.000.000) 04/30 01:02:05 Image size of job updated: 46281292
	45197  -  MemoryUsage of job (MB)
	46280876  -  ResidentSetSize of job (KB)
...
006 (9700811.000.000) 04/30 01:07:06 Image size of job updated: 47751064
	46629  -  MemoryUsage of job (MB)
	47747120  -  ResidentSetSize of job (KB)
...
006 (9700811.000.000) 04/30 01:12:06 Image size of job updated: 48107988
	46629  -  MemoryUsage of job (MB)
	47747120  -  ResidentSetSize of job (KB)
...
006 (9700811.000.000) 04/30 02:57:18 Image size of job updated: 48962912
	47810  -  MemoryUsage of job (MB)
	48957296  -  ResidentSetSize of job (KB)
...
006 (9700811.000.000) 04/30 03:02:18 Image size of job updated: 51354084
	50142  -  MemoryUsage of job (MB)
	51344660  -  ResidentSetSize of job (KB)
...
006 (9700811.000.000) 04/30 03:07:18 Image size of job updated: 52888040
	51646  -  MemoryUsage of job (MB)
	52885360  -  ResidentSetSize of job (KB)
...
006 (9700811.000.000) 04/30 03:12:19 Image size of job updated: 54479980
	53201  -  MemoryUsage of job (MB)
	54477752  -  ResidentSetSize of job (KB)
...
006 (9700811.000.000) 04/30 03:17:19 Image size of job updated: 56105408
	54790  -  MemoryUsage of job (MB)
	56104916  -  ResidentSetSize of job (KB)
...
006 (9700811.000.000) 04/30 03:22:19 Image size of job updated: 57728372
	56366  -  MemoryUsage of job (MB)
	57718212  -  ResidentSetSize of job (KB)
...
006 (9700811.000.000) 04/30 03:27:20 Image size of job updated: 59789296
	58387  -  MemoryUsage of job (MB)
	59787524  -  ResidentSetSize of job (KB)
...
006 (9700811.000.000) 04/30 03:32:20 Image size of job updated: 61947292
	60487  -  MemoryUsage of job (MB)
	61938316  -  ResidentSetSize of job (KB)
...
006 (9700811.000.000) 04/30 03:37:20 Image size of job updated: 63890064
	62393  -  MemoryUsage of job (MB)
	63890064  -  ResidentSetSize of job (KB)
...
006 (9700811.000.000) 04/30 03:42:21 Image size of job updated: 65989368
	64440  -  MemoryUsage of job (MB)
	65986048  -  ResidentSetSize of job (KB)
...
006 (9700811.000.000) 04/30 03:47:22 Image size of job updated: 68146704
	66549  -  MemoryUsage of job (MB)
	68146060  -  ResidentSetSize of job (KB)
...
006 (9700811.000.000) 04/30 03:52:22 Image size of job updated: 69923484
	68282  -  MemoryUsage of job (MB)
	69920624  -  ResidentSetSize of job (KB)
...
006 (9700811.000.000) 04/30 03:57:23 Image size of job updated: 71868864
	70175  -  MemoryUsage of job (MB)
	71858464  -  ResidentSetSize of job (KB)
...
006 (9700811.000.000) 04/30 04:02:24 Image size of job updated: 73782968
	72051  -  MemoryUsage of job (MB)
	73779248  -  ResidentSetSize of job (KB)
...
006 (9700811.000.000) 04/30 04:07:24 Image size of job updated: 75866132
	74086  -  MemoryUsage of job (MB)
	75863388  -  ResidentSetSize of job (KB)
...
006 (9700811.000.000) 04/30 04:12:25 Image size of job updated: 78041220
	76203  -  MemoryUsage of job (MB)
	78031512  -  ResidentSetSize of job (KB)
...
006 (9700811.000.000) 04/30 04:17:26 Image size of job updated: 79686452
	77819  -  MemoryUsage of job (MB)
	79686000  -  ResidentSetSize of job (KB)
...
006 (9700811.000.000) 04/30 04:22:26 Image size of job updated: 81314488
	79408  -  MemoryUsage of job (MB)
	81313344  -  ResidentSetSize of job (KB)
...
006 (9700811.000.000) 04/30 04:27:26 Image size of job updated: 83029064
	81083  -  MemoryUsage of job (MB)
	83028064  -  ResidentSetSize of job (KB)
...
006 (9700811.000.000) 04/30 04:32:27 Image size of job updated: 85061412
	83067  -  MemoryUsage of job (MB)
	85059900  -  ResidentSetSize of job (KB)
...
006 (9700811.000.000) 04/30 04:37:27 Image size of job updated: 87161152
	85117  -  MemoryUsage of job (MB)
	87159256  -  ResidentSetSize of job (KB)
...
006 (9700811.000.000) 04/30 04:42:27 Image size of job updated: 89236076
	87142  -  MemoryUsage of job (MB)
	89233008  -  ResidentSetSize of job (KB)
...
006 (9700811.000.000) 04/30 04:47:29 Image size of job updated: 91346316
	89204  -  MemoryUsage of job (MB)
	91344392  -  ResidentSetSize of job (KB)
...
006 (9700811.000.000) 04/30 04:52:29 Image size of job updated: 93397864
	91206  -  MemoryUsage of job (MB)
	93394456  -  ResidentSetSize of job (KB)
...
006 (9700811.000.000) 04/30 04:57:29 Image size of job updated: 95754056
	93508  -  MemoryUsage of job (MB)
	95751508  -  ResidentSetSize of job (KB)
...
006 (9700811.000.000) 04/30 05:02:30 Image size of job updated: 98162736
	95859  -  MemoryUsage of job (MB)
	98158612  -  ResidentSetSize of job (KB)
...
006 (9700811.000.000) 04/30 05:07:31 Image size of job updated: 98544644
	96234  -  MemoryUsage of job (MB)
	98542624  -  ResidentSetSize of job (KB)
...
006 (9700811.000.000) 04/30 05:12:31 Image size of job updated: 98762404
	96234  -  MemoryUsage of job (MB)
	98542624  -  ResidentSetSize of job (KB)
...
040 (9700811.000.000) 04/30 06:14:36 Started transferring output files
...
040 (9700811.000.000) 04/30 06:14:36 Finished transferring output files
...
005 (9700811.000.000) 04/30 06:14:36 Job terminated.
	(1) Normal termination (return value 0)
		Usr 0 03:40:55, Sys 0 01:37:10  -  Run Remote Usage
		Usr 0 00:00:00, Sys 0 00:00:00  -  Run Local Usage
		Usr 0 03:40:55, Sys 0 01:37:10  -  Total Remote Usage
		Usr 0 00:00:00, Sys 0 00:00:00  -  Total Local Usage
	7717  -  Run Bytes Sent By Job
	202  -  Run Bytes Received By Job
	7717  -  Total Bytes Sent By Job
	202  -  Total Bytes Received By Job
	Partitionable Resources :    Usage  Request Allocated 
	   Cpus                 :     0.99        1         1 
	   Disk (KB)            :    29           1   2872291 
	   Memory (MB)          : 96234        2000      2000 

	Job terminated of its own accord at 2024-04-30T04:14:36Z.
...
