000 (9432594.000.000) 03/17 13:59:00 Job submitted from host: <137.138.156.150:9618?addrs=137.138.156.150-9618+[2001-1458-d00-14--9a]-9618&alias=bigbird13.cern.ch&noUDP&sock=schedd_5144_ef43>
...
040 (9432594.000.000) 03/17 14:02:33 Started transferring input files
	Transferring to host: <128.142.56.168:9618?addrs=128.142.56.168-9618+[2001-1458-301-6--100-a7]-9618&alias=b7s01p8317.cern.ch&noUDP&sock=slot1_2_7482_7ee9_73839>
...
040 (9432594.000.000) 03/17 14:02:33 Finished transferring input files
...
001 (9432594.000.000) 03/17 14:02:34 Job executing on host: <128.142.56.168:9618?addrs=128.142.56.168-9618+[2001-1458-301-6--100-a7]-9618&alias=b7s01p8317.cern.ch&noUDP&sock=startd_7419_6538>
...
006 (9432594.000.000) 03/17 14:02:43 Image size of job updated: 143152
	43  -  MemoryUsage of job (MB)
	43716  -  ResidentSetSize of job (KB)
...
006 (9432594.000.000) 03/17 14:07:44 Image size of job updated: 1199272
	218  -  MemoryUsage of job (MB)
	222312  -  ResidentSetSize of job (KB)
...
006 (9432594.000.000) 03/17 14:12:45 Image size of job updated: 1199784
	218  -  MemoryUsage of job (MB)
	222812  -  ResidentSetSize of job (KB)
...
006 (9432594.000.000) 03/17 14:17:45 Image size of job updated: 1200552
	219  -  MemoryUsage of job (MB)
	223424  -  ResidentSetSize of job (KB)
...
006 (9432594.000.000) 03/17 14:22:45 Image size of job updated: 1201064
	219  -  MemoryUsage of job (MB)
	224112  -  ResidentSetSize of job (KB)
...
006 (9432594.000.000) 03/17 14:26:43 Image size of job updated: 2110044
	219  -  MemoryUsage of job (MB)
	224112  -  ResidentSetSize of job (KB)
...
040 (9432594.000.000) 03/17 14:26:43 Started transferring output files
...
040 (9432594.000.000) 03/17 14:26:43 Finished transferring output files
...
005 (9432594.000.000) 03/17 14:26:43 Job terminated.
	(1) Normal termination (return value 0)
		Usr 0 00:01:10, Sys 0 00:00:05  -  Run Remote Usage
		Usr 0 00:00:00, Sys 0 00:00:00  -  Run Local Usage
		Usr 0 00:01:10, Sys 0 00:00:05  -  Total Remote Usage
		Usr 0 00:00:00, Sys 0 00:00:00  -  Total Local Usage
	22064  -  Run Bytes Sent By Job
	226  -  Run Bytes Received By Job
	22064  -  Total Bytes Sent By Job
	226  -  Total Bytes Received By Job
	Partitionable Resources :    Usage  Request Allocated 
	   Cpus                 :     0.01        1         1 
	   Disk (KB)            :   413           1   1222759 
	   Memory (MB)          :   219        2000      2000 

	Job terminated of its own accord at 2024-03-17T13:26:43Z.
...
