000 (9560840.000.000) 04/03 16:45:20 Job submitted from host: <137.138.156.150:9618?addrs=137.138.156.150-9618+[2001-1458-d00-14--9a]-9618&alias=bigbird13.cern.ch&noUDP&sock=schedd_5144_ef43>
...
040 (9560840.000.000) 04/03 19:43:07 Started transferring input files
	Transferring to host: <128.142.58.49:9618?addrs=128.142.58.49-9618+[2001-1458-301-16--100-30]-9618&alias=b7s03p9343.cern.ch&noUDP&sock=slot1_12_3382_acc3_11132>
...
040 (9560840.000.000) 04/03 19:43:07 Finished transferring input files
...
001 (9560840.000.000) 04/03 19:43:08 Job executing on host: <128.142.58.49:9618?addrs=128.142.58.49-9618+[2001-1458-301-16--100-30]-9618&alias=b7s03p9343.cern.ch&noUDP&sock=startd_2860_4cf3>
...
006 (9560840.000.000) 04/03 19:43:11 Image size of job updated: 143276
	0  -  MemoryUsage of job (MB)
	0  -  ResidentSetSize of job (KB)
...
040 (9560840.000.000) 04/03 19:43:11 Started transferring output files
...
040 (9560840.000.000) 04/03 19:43:11 Finished transferring output files
...
005 (9560840.000.000) 04/03 19:43:11 Job terminated.
	(1) Normal termination (return value 2)
		Usr 0 00:00:00, Sys 0 00:00:00  -  Run Remote Usage
		Usr 0 00:00:00, Sys 0 00:00:00  -  Run Local Usage
		Usr 0 00:00:00, Sys 0 00:00:00  -  Total Remote Usage
		Usr 0 00:00:00, Sys 0 00:00:00  -  Total Local Usage
	170  -  Run Bytes Sent By Job
	238  -  Run Bytes Received By Job
	170  -  Total Bytes Sent By Job
	238  -  Total Bytes Received By Job
	Partitionable Resources :    Usage  Request Allocated 
	   Cpus                 :                 1         1 
	   Disk (KB)            :       16        1   3055053 
	   Memory (MB)          :        0     2000      2000 

	Job terminated of its own accord at 2024-04-03T17:43:11Z.
...
