000 (9560841.000.000) 04/03 16:45:25 Job submitted from host: <137.138.156.150:9618?addrs=137.138.156.150-9618+[2001-1458-d00-14--9a]-9618&alias=bigbird13.cern.ch&noUDP&sock=schedd_5144_ef43>
...
040 (9560841.000.000) 04/03 19:43:07 Started transferring input files
	Transferring to host: <128.142.59.18:9618?addrs=128.142.59.18-9618+[2001-1458-301-21--100-11]-9618&alias=b7s04p4604.cern.ch&noUDP&sock=slot1_11_64789_7624_91847>
...
040 (9560841.000.000) 04/03 19:43:07 Finished transferring input files
...
001 (9560841.000.000) 04/03 19:43:08 Job executing on host: <128.142.59.18:9618?addrs=128.142.59.18-9618+[2001-1458-301-21--100-11]-9618&alias=b7s04p4604.cern.ch&noUDP&sock=startd_64750_b15b>
...
006 (9560841.000.000) 04/03 19:43:16 Image size of job updated: 774056
	219  -  MemoryUsage of job (MB)
	223364  -  ResidentSetSize of job (KB)
...
006 (9560841.000.000) 04/03 19:48:16 Image size of job updated: 8769720
	6336  -  MemoryUsage of job (MB)
	6487912  -  ResidentSetSize of job (KB)
...
006 (9560841.000.000) 04/03 19:53:17 Image size of job updated: 8826552
	6386  -  MemoryUsage of job (MB)
	6538620  -  ResidentSetSize of job (KB)
...
006 (9560841.000.000) 04/03 19:58:18 Image size of job updated: 8959148
	6468  -  MemoryUsage of job (MB)
	6622568  -  ResidentSetSize of job (KB)
...
006 (9560841.000.000) 04/03 20:03:18 Image size of job updated: 9021660
	6560  -  MemoryUsage of job (MB)
	6716512  -  ResidentSetSize of job (KB)
...
006 (9560841.000.000) 04/03 20:08:19 Image size of job updated: 9089504
	6656  -  MemoryUsage of job (MB)
	6815516  -  ResidentSetSize of job (KB)
...
006 (9560841.000.000) 04/03 20:13:20 Image size of job updated: 9304420
	6753  -  MemoryUsage of job (MB)
	6914128  -  ResidentSetSize of job (KB)
...
006 (9560841.000.000) 04/03 20:18:20 Image size of job updated: 9371104
	6847  -  MemoryUsage of job (MB)
	7010956  -  ResidentSetSize of job (KB)
...
006 (9560841.000.000) 04/03 20:23:20 Image size of job updated: 9439084
	6945  -  MemoryUsage of job (MB)
	7110740  -  ResidentSetSize of job (KB)
...
006 (9560841.000.000) 04/03 20:28:21 Image size of job updated: 9504860
	7037  -  MemoryUsage of job (MB)
	7205704  -  ResidentSetSize of job (KB)
...
006 (9560841.000.000) 04/03 20:33:21 Image size of job updated: 9550652
	7102  -  MemoryUsage of job (MB)
	7272088  -  ResidentSetSize of job (KB)
...
006 (9560841.000.000) 04/03 20:38:21 Image size of job updated: 9890196
	7166  -  MemoryUsage of job (MB)
	7337812  -  ResidentSetSize of job (KB)
...
006 (9560841.000.000) 04/03 20:43:22 Image size of job updated: 9935732
	7231  -  MemoryUsage of job (MB)
	7404160  -  ResidentSetSize of job (KB)
...
006 (9560841.000.000) 04/03 20:48:23 Image size of job updated: 9980616
	7295  -  MemoryUsage of job (MB)
	7469864  -  ResidentSetSize of job (KB)
...
006 (9560841.000.000) 04/03 20:53:23 Image size of job updated: 10025720
	7360  -  MemoryUsage of job (MB)
	7535868  -  ResidentSetSize of job (KB)
...
006 (9560841.000.000) 04/03 20:58:24 Image size of job updated: 10073520
	7426  -  MemoryUsage of job (MB)
	7603216  -  ResidentSetSize of job (KB)
...
006 (9560841.000.000) 04/03 21:03:25 Image size of job updated: 10119836
	7492  -  MemoryUsage of job (MB)
	7671224  -  ResidentSetSize of job (KB)
...
006 (9560841.000.000) 04/03 21:08:25 Image size of job updated: 10167056
	7560  -  MemoryUsage of job (MB)
	7740916  -  ResidentSetSize of job (KB)
...
006 (9560841.000.000) 04/03 21:13:25 Image size of job updated: 10211552
	7626  -  MemoryUsage of job (MB)
	7808460  -  ResidentSetSize of job (KB)
...
006 (9560841.000.000) 04/03 21:18:26 Image size of job updated: 10256572
	7691  -  MemoryUsage of job (MB)
	7874852  -  ResidentSetSize of job (KB)
...
006 (9560841.000.000) 04/03 21:23:26 Image size of job updated: 10305024
	7757  -  MemoryUsage of job (MB)
	7943028  -  ResidentSetSize of job (KB)
...
006 (9560841.000.000) 04/03 21:28:26 Image size of job updated: 10351980
	7825  -  MemoryUsage of job (MB)
	8012100  -  ResidentSetSize of job (KB)
...
006 (9560841.000.000) 04/03 21:33:27 Image size of job updated: 10400112
	7895  -  MemoryUsage of job (MB)
	8084008  -  ResidentSetSize of job (KB)
...
006 (9560841.000.000) 04/03 21:38:28 Image size of job updated: 10450892
	7966  -  MemoryUsage of job (MB)
	8156324  -  ResidentSetSize of job (KB)
...
006 (9560841.000.000) 04/03 21:43:28 Image size of job updated: 10497980
	8034  -  MemoryUsage of job (MB)
	8226164  -  ResidentSetSize of job (KB)
...
006 (9560841.000.000) 04/03 21:48:29 Image size of job updated: 11137032
	8103  -  MemoryUsage of job (MB)
	8296516  -  ResidentSetSize of job (KB)
...
006 (9560841.000.000) 04/03 21:53:30 Image size of job updated: 11184640
	8171  -  MemoryUsage of job (MB)
	8366540  -  ResidentSetSize of job (KB)
...
006 (9560841.000.000) 04/03 21:58:30 Image size of job updated: 11231988
	8239  -  MemoryUsage of job (MB)
	8436320  -  ResidentSetSize of job (KB)
...
006 (9560841.000.000) 04/03 22:03:30 Image size of job updated: 11280960
	8307  -  MemoryUsage of job (MB)
	8505932  -  ResidentSetSize of job (KB)
...
006 (9560841.000.000) 04/03 22:08:31 Image size of job updated: 11328824
	8376  -  MemoryUsage of job (MB)
	8576768  -  ResidentSetSize of job (KB)
...
006 (9560841.000.000) 04/03 22:13:32 Image size of job updated: 11378440
	8445  -  MemoryUsage of job (MB)
	8647204  -  ResidentSetSize of job (KB)
...
006 (9560841.000.000) 04/03 22:18:32 Image size of job updated: 11425140
	8513  -  MemoryUsage of job (MB)
	8716368  -  ResidentSetSize of job (KB)
...
006 (9560841.000.000) 04/03 22:23:33 Image size of job updated: 11473528
	8583  -  MemoryUsage of job (MB)
	8788156  -  ResidentSetSize of job (KB)
...
006 (9560841.000.000) 04/03 22:28:34 Image size of job updated: 11523920
	8652  -  MemoryUsage of job (MB)
	8859424  -  ResidentSetSize of job (KB)
...
006 (9560841.000.000) 04/03 22:33:34 Image size of job updated: 11572304
	8723  -  MemoryUsage of job (MB)
	8931628  -  ResidentSetSize of job (KB)
...
006 (9560841.000.000) 04/03 22:38:34 Image size of job updated: 11621920
	8792  -  MemoryUsage of job (MB)
	9002192  -  ResidentSetSize of job (KB)
...
006 (9560841.000.000) 04/03 22:43:35 Image size of job updated: 11674648
	8866  -  MemoryUsage of job (MB)
	9078524  -  ResidentSetSize of job (KB)
...
006 (9560841.000.000) 04/03 22:48:35 Image size of job updated: 11726336
	8939  -  MemoryUsage of job (MB)
	9152920  -  ResidentSetSize of job (KB)
...
006 (9560841.000.000) 04/03 22:53:35 Image size of job updated: 11779240
	9013  -  MemoryUsage of job (MB)
	9229172  -  ResidentSetSize of job (KB)
...
006 (9560841.000.000) 04/03 22:58:36 Image size of job updated: 11831448
	9087  -  MemoryUsage of job (MB)
	9304560  -  ResidentSetSize of job (KB)
...
006 (9560841.000.000) 04/03 23:03:37 Image size of job updated: 11882748
	9159  -  MemoryUsage of job (MB)
	9378584  -  ResidentSetSize of job (KB)
...
006 (9560841.000.000) 04/03 23:08:37 Image size of job updated: 11926924
	9229  -  MemoryUsage of job (MB)
	9450004  -  ResidentSetSize of job (KB)
...
006 (9560841.000.000) 04/03 23:13:38 Image size of job updated: 11977836
	9300  -  MemoryUsage of job (MB)
	9523176  -  ResidentSetSize of job (KB)
...
006 (9560841.000.000) 04/03 23:18:39 Image size of job updated: 12028360
	9370  -  MemoryUsage of job (MB)
	9594788  -  ResidentSetSize of job (KB)
...
006 (9560841.000.000) 04/03 23:23:39 Image size of job updated: 12072920
	9437  -  MemoryUsage of job (MB)
	9663484  -  ResidentSetSize of job (KB)
...
006 (9560841.000.000) 04/03 23:28:41 Image size of job updated: 12122924
	9505  -  MemoryUsage of job (MB)
	9732244  -  ResidentSetSize of job (KB)
...
006 (9560841.000.000) 04/03 23:33:41 Image size of job updated: 12173316
	9578  -  MemoryUsage of job (MB)
	9807100  -  ResidentSetSize of job (KB)
...
006 (9560841.000.000) 04/03 23:38:41 Image size of job updated: 12223976
	9649  -  MemoryUsage of job (MB)
	9879656  -  ResidentSetSize of job (KB)
...
006 (9560841.000.000) 04/03 23:43:42 Image size of job updated: 12274624
	9719  -  MemoryUsage of job (MB)
	9952012  -  ResidentSetSize of job (KB)
...
006 (9560841.000.000) 04/03 23:48:43 Image size of job updated: 12319836
	9788  -  MemoryUsage of job (MB)
	10021908  -  ResidentSetSize of job (KB)
...
006 (9560841.000.000) 04/03 23:53:43 Image size of job updated: 12370616
	9856  -  MemoryUsage of job (MB)
	10092476  -  ResidentSetSize of job (KB)
...
006 (9560841.000.000) 04/03 23:58:44 Image size of job updated: 13598196
	9925  -  MemoryUsage of job (MB)
	10162308  -  ResidentSetSize of job (KB)
...
006 (9560841.000.000) 04/04 00:03:45 Image size of job updated: 13643280
	9992  -  MemoryUsage of job (MB)
	10231228  -  ResidentSetSize of job (KB)
...
006 (9560841.000.000) 04/04 00:08:45 Image size of job updated: 13692120
	10060  -  MemoryUsage of job (MB)
	10300564  -  ResidentSetSize of job (KB)
...
006 (9560841.000.000) 04/04 00:13:46 Image size of job updated: 13742380
	10130  -  MemoryUsage of job (MB)
	10372404  -  ResidentSetSize of job (KB)
...
006 (9560841.000.000) 04/04 00:18:47 Image size of job updated: 13787596
	10199  -  MemoryUsage of job (MB)
	10442948  -  ResidentSetSize of job (KB)
...
006 (9560841.000.000) 04/04 00:23:47 Image size of job updated: 13841356
	10274  -  MemoryUsage of job (MB)
	10520564  -  ResidentSetSize of job (KB)
...
006 (9560841.000.000) 04/04 00:28:48 Image size of job updated: 13891104
	10345  -  MemoryUsage of job (MB)
	10592332  -  ResidentSetSize of job (KB)
...
006 (9560841.000.000) 04/04 00:33:49 Image size of job updated: 13944344
	10419  -  MemoryUsage of job (MB)
	10668760  -  ResidentSetSize of job (KB)
...
006 (9560841.000.000) 04/04 00:38:49 Image size of job updated: 13994012
	10488  -  MemoryUsage of job (MB)
	10738720  -  ResidentSetSize of job (KB)
...
006 (9560841.000.000) 04/04 00:43:50 Image size of job updated: 14047324
	10564  -  MemoryUsage of job (MB)
	10816588  -  ResidentSetSize of job (KB)
...
006 (9560841.000.000) 04/04 00:48:51 Image size of job updated: 14099532
	10637  -  MemoryUsage of job (MB)
	10891628  -  ResidentSetSize of job (KB)
...
006 (9560841.000.000) 04/04 00:53:51 Image size of job updated: 14145000
	10706  -  MemoryUsage of job (MB)
	10962088  -  ResidentSetSize of job (KB)
...
006 (9560841.000.000) 04/04 00:58:52 Image size of job updated: 14199280
	10782  -  MemoryUsage of job (MB)
	11040544  -  ResidentSetSize of job (KB)
...
006 (9560841.000.000) 04/04 01:03:53 Image size of job updated: 14251744
	10857  -  MemoryUsage of job (MB)
	11116780  -  ResidentSetSize of job (KB)
...
006 (9560841.000.000) 04/04 01:08:53 Image size of job updated: 14304472
	10931  -  MemoryUsage of job (MB)
	11193216  -  ResidentSetSize of job (KB)
...
006 (9560841.000.000) 04/04 01:13:54 Image size of job updated: 14354864
	11001  -  MemoryUsage of job (MB)
	11264908  -  ResidentSetSize of job (KB)
...
006 (9560841.000.000) 04/04 01:18:55 Image size of job updated: 14407460
	11076  -  MemoryUsage of job (MB)
	11341144  -  ResidentSetSize of job (KB)
...
006 (9560841.000.000) 04/04 01:23:55 Image size of job updated: 14457076
	11145  -  MemoryUsage of job (MB)
	11412168  -  ResidentSetSize of job (KB)
...
006 (9560841.000.000) 04/04 01:28:56 Image size of job updated: 14502160
	11213  -  MemoryUsage of job (MB)
	11481480  -  ResidentSetSize of job (KB)
...
006 (9560841.000.000) 04/04 01:33:57 Image size of job updated: 14549184
	11280  -  MemoryUsage of job (MB)
	11550544  -  ResidentSetSize of job (KB)
...
006 (9560841.000.000) 04/04 01:38:57 Image size of job updated: 14593748
	11347  -  MemoryUsage of job (MB)
	11618976  -  ResidentSetSize of job (KB)
...
006 (9560841.000.000) 04/04 01:43:58 Image size of job updated: 14643364
	11416  -  MemoryUsage of job (MB)
	11689668  -  ResidentSetSize of job (KB)
...
006 (9560841.000.000) 04/04 01:48:59 Image size of job updated: 14694408
	11488  -  MemoryUsage of job (MB)
	11763548  -  ResidentSetSize of job (KB)
...
006 (9560841.000.000) 04/04 01:53:59 Image size of job updated: 14747648
	11560  -  MemoryUsage of job (MB)
	11837284  -  ResidentSetSize of job (KB)
...
006 (9560841.000.000) 04/04 01:59:00 Image size of job updated: 14799468
	11633  -  MemoryUsage of job (MB)
	11912056  -  ResidentSetSize of job (KB)
...
006 (9560841.000.000) 04/04 02:04:01 Image size of job updated: 14843644
	11703  -  MemoryUsage of job (MB)
	11983824  -  ResidentSetSize of job (KB)
...
006 (9560841.000.000) 04/04 02:09:01 Image size of job updated: 14897536
	11780  -  MemoryUsage of job (MB)
	12062628  -  ResidentSetSize of job (KB)
...
006 (9560841.000.000) 04/04 02:14:01 Image size of job updated: 14950908
	11855  -  MemoryUsage of job (MB)
	12138644  -  ResidentSetSize of job (KB)
...
006 (9560841.000.000) 04/04 02:19:02 Image size of job updated: 15004280
	11931  -  MemoryUsage of job (MB)
	12216768  -  ResidentSetSize of job (KB)
...
006 (9560841.000.000) 04/04 02:24:02 Image size of job updated: 15054804
	12001  -  MemoryUsage of job (MB)
	12288192  -  ResidentSetSize of job (KB)
...
006 (9560841.000.000) 04/04 02:29:03 Image size of job updated: 15107788
	12076  -  MemoryUsage of job (MB)
	12365628  -  ResidentSetSize of job (KB)
...
006 (9560841.000.000) 04/04 02:34:04 Image size of job updated: 15162456
	12154  -  MemoryUsage of job (MB)
	12445320  -  ResidentSetSize of job (KB)
...
006 (9560841.000.000) 04/04 02:39:04 Image size of job updated: 15224332
	12238  -  MemoryUsage of job (MB)
	12531596  -  ResidentSetSize of job (KB)
...
006 (9560841.000.000) 04/04 02:44:05 Image size of job updated: 15288064
	12326  -  MemoryUsage of job (MB)
	12621176  -  ResidentSetSize of job (KB)
...
006 (9560841.000.000) 04/04 02:49:06 Image size of job updated: 15354000
	12417  -  MemoryUsage of job (MB)
	12714708  -  ResidentSetSize of job (KB)
...
006 (9560841.000.000) 04/04 02:54:06 Image size of job updated: 15408024
	12502  -  MemoryUsage of job (MB)
	12801132  -  ResidentSetSize of job (KB)
...
006 (9560841.000.000) 04/04 02:59:06 Image size of job updated: 15466448
	12580  -  MemoryUsage of job (MB)
	12881076  -  ResidentSetSize of job (KB)
...
006 (9560841.000.000) 04/04 03:04:07 Image size of job updated: 15516196
	12655  -  MemoryUsage of job (MB)
	12958508  -  ResidentSetSize of job (KB)
...
006 (9560841.000.000) 04/04 03:09:07 Image size of job updated: 15572804
	12730  -  MemoryUsage of job (MB)
	13034508  -  ResidentSetSize of job (KB)
...
006 (9560841.000.000) 04/04 03:14:08 Image size of job updated: 15620868
	12803  -  MemoryUsage of job (MB)
	13110160  -  ResidentSetSize of job (KB)
...
006 (9560841.000.000) 04/04 03:19:09 Image size of job updated: 15677220
	12877  -  MemoryUsage of job (MB)
	13185844  -  ResidentSetSize of job (KB)
...
006 (9560841.000.000) 04/04 03:24:09 Image size of job updated: 15726060
	12952  -  MemoryUsage of job (MB)
	13262432  -  ResidentSetSize of job (KB)
...
006 (9560841.000.000) 04/04 03:29:10 Image size of job updated: 15786168
	13033  -  MemoryUsage of job (MB)
	13345284  -  ResidentSetSize of job (KB)
...
006 (9560841.000.000) 04/04 03:34:11 Image size of job updated: 15835784
	13109  -  MemoryUsage of job (MB)
	13423100  -  ResidentSetSize of job (KB)
...
006 (9560841.000.000) 04/04 03:39:11 Image size of job updated: 15893688
	13186  -  MemoryUsage of job (MB)
	13501764  -  ResidentSetSize of job (KB)
...
006 (9560841.000.000) 04/04 03:44:13 Image size of job updated: 15942792
	13262  -  MemoryUsage of job (MB)
	13579352  -  ResidentSetSize of job (KB)
...
006 (9560841.000.000) 04/04 03:49:13 Image size of job updated: 16001992
	13340  -  MemoryUsage of job (MB)
	13660116  -  ResidentSetSize of job (KB)
...
006 (9560841.000.000) 04/04 03:54:13 Image size of job updated: 16038912
	13340  -  MemoryUsage of job (MB)
	13660132  -  ResidentSetSize of job (KB)
...
006 (9560841.000.000) 04/04 04:04:14 Image size of job updated: 16038912
	13521  -  MemoryUsage of job (MB)
	13844808  -  ResidentSetSize of job (KB)
...
006 (9560841.000.000) 04/04 04:09:14 Image size of job updated: 18190064
	16158  -  MemoryUsage of job (MB)
	16545036  -  ResidentSetSize of job (KB)
...
040 (9560841.000.000) 04/04 04:33:23 Started transferring output files
...
040 (9560841.000.000) 04/04 04:33:23 Finished transferring output files
...
005 (9560841.000.000) 04/04 04:33:23 Job terminated.
	(1) Normal termination (return value 0)
		Usr 0 08:45:30, Sys 0 00:04:08  -  Run Remote Usage
		Usr 0 00:00:00, Sys 0 00:00:00  -  Run Local Usage
		Usr 0 08:45:30, Sys 0 00:04:08  -  Total Remote Usage
		Usr 0 00:00:00, Sys 0 00:00:00  -  Total Local Usage
	13947  -  Run Bytes Sent By Job
	236  -  Run Bytes Received By Job
	13947  -  Total Bytes Sent By Job
	236  -  Total Bytes Received By Job
	Partitionable Resources :    Usage  Request Allocated 
	   Cpus                 :     1.00        1         1 
	   Disk (KB)            :   224           1   1301319 
	   Memory (MB)          : 16158        2000      2000 

	Job terminated of its own accord at 2024-04-04T02:33:23Z.
...
