000 (9560837.000.000) 04/03 16:45:01 Job submitted from host: <137.138.156.150:9618?addrs=137.138.156.150-9618+[2001-1458-d00-14--9a]-9618&alias=bigbird13.cern.ch&noUDP&sock=schedd_5144_ef43>
...
040 (9560837.000.000) 04/03 19:43:06 Started transferring input files
	Transferring to host: <128.142.58.52:9618?addrs=128.142.58.52-9618&alias=b7s03p3195.cern.ch&noUDP&sock=slot1_22_6999_2db6_90772>
...
040 (9560837.000.000) 04/03 19:43:06 Finished transferring input files
...
001 (9560837.000.000) 04/03 19:43:07 Job executing on host: <128.142.58.52:9618?addrs=128.142.58.52-9618&alias=b7s03p3195.cern.ch&noUDP&sock=startd_6934_b9c9>
...
006 (9560837.000.000) 04/03 19:43:16 Image size of job updated: 763160
	188  -  MemoryUsage of job (MB)
	191612  -  ResidentSetSize of job (KB)
...
006 (9560837.000.000) 04/03 19:48:17 Image size of job updated: 8761260
	6338  -  MemoryUsage of job (MB)
	6489540  -  ResidentSetSize of job (KB)
...
006 (9560837.000.000) 04/03 19:53:18 Image size of job updated: 8853168
	6411  -  MemoryUsage of job (MB)
	6563980  -  ResidentSetSize of job (KB)
...
006 (9560837.000.000) 04/03 19:58:18 Image size of job updated: 8976052
	6488  -  MemoryUsage of job (MB)
	6643360  -  ResidentSetSize of job (KB)
...
006 (9560837.000.000) 04/03 20:03:18 Image size of job updated: 9016348
	6552  -  MemoryUsage of job (MB)
	6709040  -  ResidentSetSize of job (KB)
...
006 (9560837.000.000) 04/03 20:08:19 Image size of job updated: 9072856
	6633  -  MemoryUsage of job (MB)
	6791200  -  ResidentSetSize of job (KB)
...
006 (9560837.000.000) 04/03 20:13:20 Image size of job updated: 9276276
	6712  -  MemoryUsage of job (MB)
	6872272  -  ResidentSetSize of job (KB)
...
006 (9560837.000.000) 04/03 20:18:20 Image size of job updated: 9329780
	6791  -  MemoryUsage of job (MB)
	6953360  -  ResidentSetSize of job (KB)
...
006 (9560837.000.000) 04/03 20:23:20 Image size of job updated: 9386164
	6870  -  MemoryUsage of job (MB)
	7034224  -  ResidentSetSize of job (KB)
...
006 (9560837.000.000) 04/03 20:28:21 Image size of job updated: 9443716
	6951  -  MemoryUsage of job (MB)
	7117368  -  ResidentSetSize of job (KB)
...
006 (9560837.000.000) 04/03 20:33:21 Image size of job updated: 9507128
	7041  -  MemoryUsage of job (MB)
	7209672  -  ResidentSetSize of job (KB)
...
006 (9560837.000.000) 04/03 20:38:21 Image size of job updated: 9865584
	7131  -  MemoryUsage of job (MB)
	7301480  -  ResidentSetSize of job (KB)
...
006 (9560837.000.000) 04/03 20:43:22 Image size of job updated: 9931748
	7225  -  MemoryUsage of job (MB)
	7398140  -  ResidentSetSize of job (KB)
...
006 (9560837.000.000) 04/03 20:48:23 Image size of job updated: 9989688
	7308  -  MemoryUsage of job (MB)
	7482556  -  ResidentSetSize of job (KB)
...
006 (9560837.000.000) 04/03 20:53:23 Image size of job updated: 10045220
	7387  -  MemoryUsage of job (MB)
	7564284  -  ResidentSetSize of job (KB)
...
006 (9560837.000.000) 04/03 20:58:23 Image size of job updated: 10103712
	7469  -  MemoryUsage of job (MB)
	7647856  -  ResidentSetSize of job (KB)
...
006 (9560837.000.000) 04/03 21:03:24 Image size of job updated: 10161360
	7552  -  MemoryUsage of job (MB)
	7732680  -  ResidentSetSize of job (KB)
...
006 (9560837.000.000) 04/03 21:08:24 Image size of job updated: 10220104
	7634  -  MemoryUsage of job (MB)
	7816324  -  ResidentSetSize of job (KB)
...
006 (9560837.000.000) 04/03 21:13:24 Image size of job updated: 10277496
	7717  -  MemoryUsage of job (MB)
	7901824  -  ResidentSetSize of job (KB)
...
006 (9560837.000.000) 04/03 21:18:25 Image size of job updated: 10337020
	7801  -  MemoryUsage of job (MB)
	7987432  -  ResidentSetSize of job (KB)
...
006 (9560837.000.000) 04/03 21:23:26 Image size of job updated: 10393504
	7886  -  MemoryUsage of job (MB)
	8074844  -  ResidentSetSize of job (KB)
...
006 (9560837.000.000) 04/03 21:28:26 Image size of job updated: 10452384
	7968  -  MemoryUsage of job (MB)
	8158404  -  ResidentSetSize of job (KB)
...
006 (9560837.000.000) 04/03 21:33:26 Image size of job updated: 11106912
	8062  -  MemoryUsage of job (MB)
	8254732  -  ResidentSetSize of job (KB)
...
006 (9560837.000.000) 04/03 21:38:27 Image size of job updated: 11176740
	8160  -  MemoryUsage of job (MB)
	8355488  -  ResidentSetSize of job (KB)
...
006 (9560837.000.000) 04/03 21:43:27 Image size of job updated: 11243260
	8255  -  MemoryUsage of job (MB)
	8453024  -  ResidentSetSize of job (KB)
...
006 (9560837.000.000) 04/03 21:48:27 Image size of job updated: 11305896
	8344  -  MemoryUsage of job (MB)
	8544180  -  ResidentSetSize of job (KB)
...
006 (9560837.000.000) 04/03 21:53:28 Image size of job updated: 11364776
	8426  -  MemoryUsage of job (MB)
	8628148  -  ResidentSetSize of job (KB)
...
006 (9560837.000.000) 04/03 21:58:29 Image size of job updated: 11418536
	8503  -  MemoryUsage of job (MB)
	8706096  -  ResidentSetSize of job (KB)
...
006 (9560837.000.000) 04/03 22:03:29 Image size of job updated: 11473204
	8580  -  MemoryUsage of job (MB)
	8785516  -  ResidentSetSize of job (KB)
...
006 (9560837.000.000) 04/03 22:08:29 Image size of job updated: 11525932
	8654  -  MemoryUsage of job (MB)
	8861616  -  ResidentSetSize of job (KB)
...
006 (9560837.000.000) 04/03 22:13:30 Image size of job updated: 11579692
	8731  -  MemoryUsage of job (MB)
	8939652  -  ResidentSetSize of job (KB)
...
006 (9560837.000.000) 04/03 22:18:30 Image size of job updated: 11630216
	8801  -  MemoryUsage of job (MB)
	9012188  -  ResidentSetSize of job (KB)
...
006 (9560837.000.000) 04/03 22:23:30 Image size of job updated: 11678988
	8873  -  MemoryUsage of job (MB)
	9085232  -  ResidentSetSize of job (KB)
...
006 (9560837.000.000) 04/03 22:28:31 Image size of job updated: 11731064
	8946  -  MemoryUsage of job (MB)
	9160320  -  ResidentSetSize of job (KB)
...
006 (9560837.000.000) 04/03 22:33:32 Image size of job updated: 11783712
	9020  -  MemoryUsage of job (MB)
	9236132  -  ResidentSetSize of job (KB)
...
006 (9560837.000.000) 04/03 22:38:32 Image size of job updated: 11832420
	9088  -  MemoryUsage of job (MB)
	9305372  -  ResidentSetSize of job (KB)
...
006 (9560837.000.000) 04/03 22:43:32 Image size of job updated: 11874524
	9154  -  MemoryUsage of job (MB)
	9372776  -  ResidentSetSize of job (KB)
...
006 (9560837.000.000) 04/03 22:48:33 Image size of job updated: 11922456
	9219  -  MemoryUsage of job (MB)
	9439728  -  ResidentSetSize of job (KB)
...
006 (9560837.000.000) 04/03 22:53:33 Image size of job updated: 11967540
	9284  -  MemoryUsage of job (MB)
	9506284  -  ResidentSetSize of job (KB)
...
006 (9560837.000.000) 04/03 22:58:33 Image size of job updated: 12012880
	9348  -  MemoryUsage of job (MB)
	9571796  -  ResidentSetSize of job (KB)
...
006 (9560837.000.000) 04/03 23:03:34 Image size of job updated: 12056276
	9412  -  MemoryUsage of job (MB)
	9637080  -  ResidentSetSize of job (KB)
...
006 (9560837.000.000) 04/03 23:08:34 Image size of job updated: 12103300
	9477  -  MemoryUsage of job (MB)
	9703720  -  ResidentSetSize of job (KB)
...
006 (9560837.000.000) 04/03 23:13:34 Image size of job updated: 12150844
	9542  -  MemoryUsage of job (MB)
	9770340  -  ResidentSetSize of job (KB)
...
006 (9560837.000.000) 04/03 23:18:35 Image size of job updated: 12194244
	9607  -  MemoryUsage of job (MB)
	9836876  -  ResidentSetSize of job (KB)
...
006 (9560837.000.000) 04/03 23:23:35 Image size of job updated: 12241656
	9671  -  MemoryUsage of job (MB)
	9903048  -  ResidentSetSize of job (KB)
...
006 (9560837.000.000) 04/03 23:28:35 Image size of job updated: 12285444
	9737  -  MemoryUsage of job (MB)
	9970484  -  ResidentSetSize of job (KB)
...
006 (9560837.000.000) 04/03 23:33:36 Image size of job updated: 12332856
	9802  -  MemoryUsage of job (MB)
	10036504  -  ResidentSetSize of job (KB)
...
006 (9560837.000.000) 04/03 23:38:36 Image size of job updated: 12376772
	9868  -  MemoryUsage of job (MB)
	10104012  -  ResidentSetSize of job (KB)
...
006 (9560837.000.000) 04/03 23:43:36 Image size of job updated: 13604220
	9933  -  MemoryUsage of job (MB)
	10170672  -  ResidentSetSize of job (KB)
...
006 (9560837.000.000) 04/03 23:48:38 Image size of job updated: 13652284
	9999  -  MemoryUsage of job (MB)
	10238268  -  ResidentSetSize of job (KB)
...
006 (9560837.000.000) 04/03 23:53:38 Image size of job updated: 13696460
	10065  -  MemoryUsage of job (MB)
	10305552  -  ResidentSetSize of job (KB)
...
006 (9560837.000.000) 04/03 23:58:38 Image size of job updated: 13744392
	10130  -  MemoryUsage of job (MB)
	10372868  -  ResidentSetSize of job (KB)
...
006 (9560837.000.000) 04/04 00:03:39 Image size of job updated: 13787792
	10198  -  MemoryUsage of job (MB)
	10442424  -  ResidentSetSize of job (KB)
...
006 (9560837.000.000) 04/04 00:08:40 Image size of job updated: 13843368
	10278  -  MemoryUsage of job (MB)
	10523748  -  ResidentSetSize of job (KB)
...
006 (9560837.000.000) 04/04 00:13:40 Image size of job updated: 13905416
	10362  -  MemoryUsage of job (MB)
	10610136  -  ResidentSetSize of job (KB)
...
006 (9560837.000.000) 04/04 00:18:41 Image size of job updated: 13963196
	10446  -  MemoryUsage of job (MB)
	10695992  -  ResidentSetSize of job (KB)
...
006 (9560837.000.000) 04/04 00:23:42 Image size of job updated: 14021612
	10530  -  MemoryUsage of job (MB)
	10782392  -  ResidentSetSize of job (KB)
...
006 (9560837.000.000) 04/04 00:28:42 Image size of job updated: 14083272
	10613  -  MemoryUsage of job (MB)
	10867616  -  ResidentSetSize of job (KB)
...
006 (9560837.000.000) 04/04 00:33:43 Image size of job updated: 14141828
	10699  -  MemoryUsage of job (MB)
	10955264  -  ResidentSetSize of job (KB)
...
006 (9560837.000.000) 04/04 00:38:44 Image size of job updated: 14199480
	10783  -  MemoryUsage of job (MB)
	11041052  -  ResidentSetSize of job (KB)
...
006 (9560837.000.000) 04/04 00:43:44 Image size of job updated: 14261140
	10866  -  MemoryUsage of job (MB)
	11126296  -  ResidentSetSize of job (KB)
...
006 (9560837.000.000) 04/04 00:48:44 Image size of job updated: 14318012
	10949  -  MemoryUsage of job (MB)
	11210848  -  ResidentSetSize of job (KB)
...
006 (9560837.000.000) 04/04 00:53:45 Image size of job updated: 14375272
	11032  -  MemoryUsage of job (MB)
	11295764  -  ResidentSetSize of job (KB)
...
006 (9560837.000.000) 04/04 00:58:46 Image size of job updated: 14431236
	11112  -  MemoryUsage of job (MB)
	11378576  -  ResidentSetSize of job (KB)
...
006 (9560837.000.000) 04/04 01:03:46 Image size of job updated: 14487588
	11194  -  MemoryUsage of job (MB)
	11461720  -  ResidentSetSize of job (KB)
...
006 (9560837.000.000) 04/04 01:08:47 Image size of job updated: 14547176
	11273  -  MemoryUsage of job (MB)
	11543388  -  ResidentSetSize of job (KB)
...
006 (9560837.000.000) 04/04 01:13:48 Image size of job updated: 14602364
	11352  -  MemoryUsage of job (MB)
	11624200  -  ResidentSetSize of job (KB)
...
006 (9560837.000.000) 04/04 01:18:48 Image size of job updated: 14657940
	11432  -  MemoryUsage of job (MB)
	11705740  -  ResidentSetSize of job (KB)
...
006 (9560837.000.000) 04/04 01:23:48 Image size of job updated: 14714292
	11513  -  MemoryUsage of job (MB)
	11788896  -  ResidentSetSize of job (KB)
...
006 (9560837.000.000) 04/04 01:28:49 Image size of job updated: 14770776
	11594  -  MemoryUsage of job (MB)
	11871864  -  ResidentSetSize of job (KB)
...
006 (9560837.000.000) 04/04 01:33:49 Image size of job updated: 14826996
	11675  -  MemoryUsage of job (MB)
	11955100  -  ResidentSetSize of job (KB)
...
006 (9560837.000.000) 04/04 01:38:49 Image size of job updated: 14886976
	11756  -  MemoryUsage of job (MB)
	12037880  -  ResidentSetSize of job (KB)
...
006 (9560837.000.000) 04/04 01:43:50 Image size of job updated: 14941256
	11836  -  MemoryUsage of job (MB)
	12119608  -  ResidentSetSize of job (KB)
...
006 (9560837.000.000) 04/04 01:48:50 Image size of job updated: 14996444
	11915  -  MemoryUsage of job (MB)
	12200072  -  ResidentSetSize of job (KB)
...
006 (9560837.000.000) 04/04 01:53:50 Image size of job updated: 15051112
	11993  -  MemoryUsage of job (MB)
	12280424  -  ResidentSetSize of job (KB)
...
006 (9560837.000.000) 04/04 01:58:51 Image size of job updated: 15107076
	12074  -  MemoryUsage of job (MB)
	12362820  -  ResidentSetSize of job (KB)
...
006 (9560837.000.000) 04/04 02:03:51 Image size of job updated: 15163040
	12154  -  MemoryUsage of job (MB)
	12445024  -  ResidentSetSize of job (KB)
...
006 (9560837.000.000) 04/04 02:08:51 Image size of job updated: 15222712
	12234  -  MemoryUsage of job (MB)
	12527228  -  ResidentSetSize of job (KB)
...
006 (9560837.000.000) 04/04 02:13:52 Image size of job updated: 15275048
	12315  -  MemoryUsage of job (MB)
	12610108  -  ResidentSetSize of job (KB)
...
006 (9560837.000.000) 04/04 02:18:53 Image size of job updated: 15335416
	12397  -  MemoryUsage of job (MB)
	12693580  -  ResidentSetSize of job (KB)
...
006 (9560837.000.000) 04/04 02:23:53 Image size of job updated: 15398116
	12482  -  MemoryUsage of job (MB)
	12781444  -  ResidentSetSize of job (KB)
...
006 (9560837.000.000) 04/04 02:28:54 Image size of job updated: 15467032
	12580  -  MemoryUsage of job (MB)
	12881056  -  ResidentSetSize of job (KB)
...
006 (9560837.000.000) 04/04 02:33:55 Image size of job updated: 15537768
	12680  -  MemoryUsage of job (MB)
	12983384  -  ResidentSetSize of job (KB)
...
006 (9560837.000.000) 04/04 02:38:55 Image size of job updated: 15607072
	12777  -  MemoryUsage of job (MB)
	13083128  -  ResidentSetSize of job (KB)
...
006 (9560837.000.000) 04/04 02:43:56 Image size of job updated: 15664332
	12868  -  MemoryUsage of job (MB)
	13175836  -  ResidentSetSize of job (KB)
...
006 (9560837.000.000) 04/04 02:48:57 Image size of job updated: 15724828
	12949  -  MemoryUsage of job (MB)
	13259412  -  ResidentSetSize of job (KB)
...
006 (9560837.000.000) 04/04 02:53:57 Image size of job updated: 15784936
	13030  -  MemoryUsage of job (MB)
	13342080  -  ResidentSetSize of job (KB)
...
006 (9560837.000.000) 04/04 02:58:58 Image size of job updated: 15836500
	13110  -  MemoryUsage of job (MB)
	13424040  -  ResidentSetSize of job (KB)
...
006 (9560837.000.000) 04/04 03:03:59 Image size of job updated: 15896088
	13189  -  MemoryUsage of job (MB)
	13505296  -  ResidentSetSize of job (KB)
...
006 (9560837.000.000) 04/04 03:08:59 Image size of job updated: 15945704
	13269  -  MemoryUsage of job (MB)
	13586444  -  ResidentSetSize of job (KB)
...
006 (9560837.000.000) 04/04 03:14:00 Image size of job updated: 16005812
	13349  -  MemoryUsage of job (MB)
	13668732  -  ResidentSetSize of job (KB)
...
006 (9560837.000.000) 04/04 03:19:01 Image size of job updated: 16043252
	13349  -  MemoryUsage of job (MB)
	13668748  -  ResidentSetSize of job (KB)
...
006 (9560837.000.000) 04/04 03:29:01 Image size of job updated: 16304680
	14408  -  MemoryUsage of job (MB)
	14753232  -  ResidentSetSize of job (KB)
...
006 (9560837.000.000) 04/04 03:34:02 Image size of job updated: 17655184
	14408  -  MemoryUsage of job (MB)
	14753232  -  ResidentSetSize of job (KB)
...
006 (9560837.000.000) 04/04 03:49:03 Image size of job updated: 17655184
	15393  -  MemoryUsage of job (MB)
	15761568  -  ResidentSetSize of job (KB)
...
006 (9560837.000.000) 04/04 03:54:04 Image size of job updated: 17763240
	15637  -  MemoryUsage of job (MB)
	16011592  -  ResidentSetSize of job (KB)
...
040 (9560837.000.000) 04/04 04:02:19 Started transferring output files
...
040 (9560837.000.000) 04/04 04:02:19 Finished transferring output files
...
005 (9560837.000.000) 04/04 04:02:19 Job terminated.
	(1) Normal termination (return value 0)
		Usr 0 08:15:13, Sys 0 00:03:34  -  Run Remote Usage
		Usr 0 00:00:00, Sys 0 00:00:00  -  Run Local Usage
		Usr 0 08:15:13, Sys 0 00:03:34  -  Total Remote Usage
		Usr 0 00:00:00, Sys 0 00:00:00  -  Total Local Usage
	13967  -  Run Bytes Sent By Job
	236  -  Run Bytes Received By Job
	13967  -  Total Bytes Sent By Job
	236  -  Total Bytes Received By Job
	Partitionable Resources :    Usage  Request Allocated 
	   Cpus                 :     1.00        1         1 
	   Disk (KB)            :   509           1   2977063 
	   Memory (MB)          : 15637        2000      2000 

	Job terminated of its own accord at 2024-04-04T02:02:18Z.
...
