000 (9655305.000.000) 04/19 12:53:28 Job submitted from host: <137.138.156.150:9618?addrs=137.138.156.150-9618+[2001-1458-d00-14--9a]-9618&alias=bigbird13.cern.ch&noUDP&sock=schedd_2138_1192>
...
040 (9655305.000.000) 04/19 12:55:35 Started transferring input files
	Transferring to host: <188.184.162.227:9618?addrs=188.184.162.227-9618+[2001-1458-301-4a--100-dd]-9618&alias=b9s11p5904.cern.ch&noUDP&sock=slot1_24_2947469_4d0b_66697>
...
040 (9655305.000.000) 04/19 12:55:35 Finished transferring input files
...
001 (9655305.000.000) 04/19 12:55:36 Job executing on host: <188.184.162.227:9618?addrs=188.184.162.227-9618+[2001-1458-301-4a--100-dd]-9618&alias=b9s11p5904.cern.ch&noUDP&sock=startd_2447586_fe35>
...
006 (9655305.000.000) 04/19 12:55:44 Image size of job updated: 17924
	18  -  MemoryUsage of job (MB)
	17696  -  ResidentSetSize of job (KB)
...
006 (9655305.000.000) 04/19 13:00:44 Image size of job updated: 4282408
	3006  -  MemoryUsage of job (MB)
	3078072  -  ResidentSetSize of job (KB)
...
006 (9655305.000.000) 04/19 13:05:45 Image size of job updated: 4704424
	4223  -  MemoryUsage of job (MB)
	4324192  -  ResidentSetSize of job (KB)
...
006 (9655305.000.000) 04/19 13:15:45 Image size of job updated: 7267028
	7097  -  MemoryUsage of job (MB)
	7267028  -  ResidentSetSize of job (KB)
...
006 (9655305.000.000) 04/19 13:20:46 Image size of job updated: 9528092
	8669  -  MemoryUsage of job (MB)
	8876240  -  ResidentSetSize of job (KB)
...
006 (9655305.000.000) 04/19 13:25:47 Image size of job updated: 9528092
	8694  -  MemoryUsage of job (MB)
	8901680  -  ResidentSetSize of job (KB)
...
006 (9655305.000.000) 04/19 13:30:47 Image size of job updated: 10276112
	9388  -  MemoryUsage of job (MB)
	9612644  -  ResidentSetSize of job (KB)
...
006 (9655305.000.000) 04/19 13:35:48 Image size of job updated: 10276112
	9405  -  MemoryUsage of job (MB)
	9630632  -  ResidentSetSize of job (KB)
...
006 (9655305.000.000) 04/19 13:40:49 Image size of job updated: 10276112
	9422  -  MemoryUsage of job (MB)
	9648048  -  ResidentSetSize of job (KB)
...
006 (9655305.000.000) 04/19 13:45:49 Image size of job updated: 10840024
	9945  -  MemoryUsage of job (MB)
	10183020  -  ResidentSetSize of job (KB)
...
006 (9655305.000.000) 04/19 13:50:49 Image size of job updated: 10840024
	9971  -  MemoryUsage of job (MB)
	10209888  -  ResidentSetSize of job (KB)
...
006 (9655305.000.000) 04/19 13:55:50 Image size of job updated: 10840024
	10316  -  MemoryUsage of job (MB)
	10563404  -  ResidentSetSize of job (KB)
...
006 (9655305.000.000) 04/19 14:00:51 Image size of job updated: 11413548
	10531  -  MemoryUsage of job (MB)
	10782896  -  ResidentSetSize of job (KB)
...
006 (9655305.000.000) 04/19 14:05:51 Image size of job updated: 11413548
	10576  -  MemoryUsage of job (MB)
	10829072  -  ResidentSetSize of job (KB)
...
006 (9655305.000.000) 04/19 14:10:52 Image size of job updated: 12000012
	11070  -  MemoryUsage of job (MB)
	11335580  -  ResidentSetSize of job (KB)
...
006 (9655305.000.000) 04/19 14:15:53 Image size of job updated: 12000012
	11075  -  MemoryUsage of job (MB)
	11340512  -  ResidentSetSize of job (KB)
...
006 (9655305.000.000) 04/19 14:20:53 Image size of job updated: 12000012
	11115  -  MemoryUsage of job (MB)
	11381040  -  ResidentSetSize of job (KB)
...
006 (9655305.000.000) 04/19 14:25:53 Image size of job updated: 12569200
	11626  -  MemoryUsage of job (MB)
	11904880  -  ResidentSetSize of job (KB)
...
006 (9655305.000.000) 04/19 14:30:54 Image size of job updated: 12569200
	11628  -  MemoryUsage of job (MB)
	11906444  -  ResidentSetSize of job (KB)
...
006 (9655305.000.000) 04/19 14:35:54 Image size of job updated: 12569200
	11926  -  MemoryUsage of job (MB)
	12212180  -  ResidentSetSize of job (KB)
...
006 (9655305.000.000) 04/19 14:40:54 Image size of job updated: 13107012
	12152  -  MemoryUsage of job (MB)
	12443516  -  ResidentSetSize of job (KB)
...
006 (9655305.000.000) 04/19 14:45:55 Image size of job updated: 13107012
	12168  -  MemoryUsage of job (MB)
	12459680  -  ResidentSetSize of job (KB)
...
006 (9655305.000.000) 04/19 14:50:56 Image size of job updated: 13652728
	12684  -  MemoryUsage of job (MB)
	12987832  -  ResidentSetSize of job (KB)
...
006 (9655305.000.000) 04/19 15:00:57 Image size of job updated: 13652728
	12694  -  MemoryUsage of job (MB)
	12998180  -  ResidentSetSize of job (KB)
...
006 (9655305.000.000) 04/19 15:05:58 Image size of job updated: 14184568
	13202  -  MemoryUsage of job (MB)
	13518440  -  ResidentSetSize of job (KB)
...
006 (9655305.000.000) 04/19 15:10:58 Image size of job updated: 14184568
	13203  -  MemoryUsage of job (MB)
	13519416  -  ResidentSetSize of job (KB)
...
006 (9655305.000.000) 04/19 15:15:58 Image size of job updated: 14720096
	13727  -  MemoryUsage of job (MB)
	14055928  -  ResidentSetSize of job (KB)
...
006 (9655305.000.000) 04/19 15:20:59 Image size of job updated: 14720096
	13728  -  MemoryUsage of job (MB)
	14056800  -  ResidentSetSize of job (KB)
...
006 (9655305.000.000) 04/19 15:25:59 Image size of job updated: 14720096
	13885  -  MemoryUsage of job (MB)
	14217416  -  ResidentSetSize of job (KB)
...
006 (9655305.000.000) 04/19 15:27:34 Image size of job updated: 15211984
	13885  -  MemoryUsage of job (MB)
	14217416  -  ResidentSetSize of job (KB)
...
040 (9655305.000.000) 04/19 15:27:34 Started transferring output files
...
040 (9655305.000.000) 04/19 15:27:35 Finished transferring output files
...
005 (9655305.000.000) 04/19 15:27:35 Job terminated.
	(1) Normal termination (return value 0)
		Usr 0 02:38:19, Sys 0 00:12:22  -  Run Remote Usage
		Usr 0 00:00:00, Sys 0 00:00:00  -  Run Local Usage
		Usr 0 02:38:19, Sys 0 00:12:22  -  Total Remote Usage
		Usr 0 00:00:00, Sys 0 00:00:00  -  Total Local Usage
	21330278  -  Run Bytes Sent By Job
	199  -  Run Bytes Received By Job
	21330278  -  Total Bytes Sent By Job
	199  -  Total Bytes Received By Job
	Partitionable Resources :    Usage  Request Allocated 
	   Cpus                 :     0.99        1         1 
	   Disk (KB)            : 20851           1   3052608 
	   Memory (MB)          : 13885        2000      2000 

	Job terminated of its own accord at 2024-04-19T13:27:34Z.
...
