000 (9655293.000.000) 04/19 12:52:29 Job submitted from host: <137.138.156.150:9618?addrs=137.138.156.150-9618+[2001-1458-d00-14--9a]-9618&alias=bigbird13.cern.ch&noUDP&sock=schedd_2138_1192>
...
040 (9655293.000.000) 04/19 12:52:59 Started transferring input files
	Transferring to host: <188.185.208.56:9618?addrs=188.185.208.56-9618+[2001-1458-303-f--100-35]-9618&alias=b9p09p6178.cern.ch&noUDP&sock=slot1_29_5562_ae9b_44176>
...
040 (9655293.000.000) 04/19 12:52:59 Finished transferring input files
...
001 (9655293.000.000) 04/19 12:53:00 Job executing on host: <188.185.208.56:9618?addrs=188.185.208.56-9618+[2001-1458-303-f--100-35]-9618&alias=b9p09p6178.cern.ch&noUDP&sock=startd_4540_a40f>
...
006 (9655293.000.000) 04/19 12:53:08 Image size of job updated: 56072
	55  -  MemoryUsage of job (MB)
	56072  -  ResidentSetSize of job (KB)
...
006 (9655293.000.000) 04/19 12:58:08 Image size of job updated: 639200
	624  -  MemoryUsage of job (MB)
	638940  -  ResidentSetSize of job (KB)
...
006 (9655293.000.000) 04/19 13:03:09 Image size of job updated: 4756284
	4185  -  MemoryUsage of job (MB)
	4285012  -  ResidentSetSize of job (KB)
...
006 (9655293.000.000) 04/19 13:08:10 Image size of job updated: 7370256
	6445  -  MemoryUsage of job (MB)
	6599008  -  ResidentSetSize of job (KB)
...
006 (9655293.000.000) 04/19 13:13:10 Image size of job updated: 9562972
	8602  -  MemoryUsage of job (MB)
	8807768  -  ResidentSetSize of job (KB)
...
006 (9655293.000.000) 04/19 13:18:10 Image size of job updated: 10304888
	9291  -  MemoryUsage of job (MB)
	9513376  -  ResidentSetSize of job (KB)
...
006 (9655293.000.000) 04/19 13:23:11 Image size of job updated: 10849664
	9820  -  MemoryUsage of job (MB)
	10054732  -  ResidentSetSize of job (KB)
...
006 (9655293.000.000) 04/19 13:33:12 Image size of job updated: 11394232
	10356  -  MemoryUsage of job (MB)
	10603796  -  ResidentSetSize of job (KB)
...
006 (9655293.000.000) 04/19 13:38:12 Image size of job updated: 11936700
	10882  -  MemoryUsage of job (MB)
	11142584  -  ResidentSetSize of job (KB)
...
006 (9655293.000.000) 04/19 13:48:14 Image size of job updated: 12476464
	11409  -  MemoryUsage of job (MB)
	11682616  -  ResidentSetSize of job (KB)
...
006 (9655293.000.000) 04/19 13:53:14 Image size of job updated: 13016180
	11935  -  MemoryUsage of job (MB)
	12221440  -  ResidentSetSize of job (KB)
...
006 (9655293.000.000) 04/19 13:58:15 Image size of job updated: 13016180
	12134  -  MemoryUsage of job (MB)
	12425096  -  ResidentSetSize of job (KB)
...
006 (9655293.000.000) 04/19 14:03:16 Image size of job updated: 13554172
	12462  -  MemoryUsage of job (MB)
	12760808  -  ResidentSetSize of job (KB)
...
006 (9655293.000.000) 04/19 14:08:16 Image size of job updated: 14085716
	12979  -  MemoryUsage of job (MB)
	13289796  -  ResidentSetSize of job (KB)
...
006 (9655293.000.000) 04/19 14:13:16 Image size of job updated: 14615748
	13497  -  MemoryUsage of job (MB)
	13820168  -  ResidentSetSize of job (KB)
...
040 (9655293.000.000) 04/19 14:20:26 Started transferring output files
...
040 (9655293.000.000) 04/19 14:20:27 Finished transferring output files
...
005 (9655293.000.000) 04/19 14:20:27 Job terminated.
	(1) Normal termination (return value 0)
		Usr 0 01:27:38, Sys 0 00:12:14  -  Run Remote Usage
		Usr 0 00:00:00, Sys 0 00:00:00  -  Run Local Usage
		Usr 0 01:27:38, Sys 0 00:12:14  -  Total Remote Usage
		Usr 0 00:00:00, Sys 0 00:00:00  -  Total Local Usage
	11028538  -  Run Bytes Sent By Job
	199  -  Run Bytes Received By Job
	11028538  -  Total Bytes Sent By Job
	199  -  Total Bytes Received By Job
	Partitionable Resources :    Usage  Request Allocated 
	   Cpus                 :     0.99        1         1 
	   Disk (KB)            : 10791           1   2963799 
	   Memory (MB)          : 13497        2000      2000 

	Job terminated of its own accord at 2024-04-19T12:20:26Z.
...
