000 (9655279.000.000) 04/19 12:51:12 Job submitted from host: <137.138.156.150:9618?addrs=137.138.156.150-9618+[2001-1458-d00-14--9a]-9618&alias=bigbird13.cern.ch&noUDP&sock=schedd_2138_1192>
...
040 (9655279.000.000) 04/19 12:52:58 Started transferring input files
	Transferring to host: <188.185.205.193:9618?addrs=188.185.205.193-9618&alias=b9p04p8349.cern.ch&noUDP&sock=slot1_9_6903_89b2_54958>
...
040 (9655279.000.000) 04/19 12:52:58 Finished transferring input files
...
001 (9655279.000.000) 04/19 12:52:59 Job executing on host: <188.185.205.193:9618?addrs=188.185.205.193-9618&alias=b9p04p8349.cern.ch&noUDP&sock=startd_6833_72b8>
...
006 (9655279.000.000) 04/19 12:53:08 Image size of job updated: 63268
	62  -  MemoryUsage of job (MB)
	62940  -  ResidentSetSize of job (KB)
...
006 (9655279.000.000) 04/19 12:58:09 Image size of job updated: 611136
	597  -  MemoryUsage of job (MB)
	611080  -  ResidentSetSize of job (KB)
...
006 (9655279.000.000) 04/19 13:03:10 Image size of job updated: 4625836
	3791  -  MemoryUsage of job (MB)
	3881480  -  ResidentSetSize of job (KB)
...
006 (9655279.000.000) 04/19 13:08:10 Image size of job updated: 4625836
	3791  -  MemoryUsage of job (MB)
	3881736  -  ResidentSetSize of job (KB)
...
006 (9655279.000.000) 04/19 13:13:10 Image size of job updated: 7235408
	6870  -  MemoryUsage of job (MB)
	7034072  -  ResidentSetSize of job (KB)
...
006 (9655279.000.000) 04/19 13:18:11 Image size of job updated: 9355376
	8298  -  MemoryUsage of job (MB)
	8496172  -  ResidentSetSize of job (KB)
...
006 (9655279.000.000) 04/19 13:23:11 Image size of job updated: 9355376
	8636  -  MemoryUsage of job (MB)
	8842848  -  ResidentSetSize of job (KB)
...
006 (9655279.000.000) 04/19 13:28:11 Image size of job updated: 9998000
	8983  -  MemoryUsage of job (MB)
	9198484  -  ResidentSetSize of job (KB)
...
006 (9655279.000.000) 04/19 13:33:12 Image size of job updated: 9998000
	9070  -  MemoryUsage of job (MB)
	9286760  -  ResidentSetSize of job (KB)
...
006 (9655279.000.000) 04/19 13:38:13 Image size of job updated: 10526644
	9504  -  MemoryUsage of job (MB)
	9731648  -  ResidentSetSize of job (KB)
...
006 (9655279.000.000) 04/19 13:43:13 Image size of job updated: 10526644
	9570  -  MemoryUsage of job (MB)
	9799128  -  ResidentSetSize of job (KB)
...
006 (9655279.000.000) 04/19 13:48:14 Image size of job updated: 11049560
	10018  -  MemoryUsage of job (MB)
	10257832  -  ResidentSetSize of job (KB)
...
006 (9655279.000.000) 04/19 13:53:15 Image size of job updated: 11049560
	10108  -  MemoryUsage of job (MB)
	10350288  -  ResidentSetSize of job (KB)
...
006 (9655279.000.000) 04/19 13:58:15 Image size of job updated: 11603548
	10513  -  MemoryUsage of job (MB)
	10764736  -  ResidentSetSize of job (KB)
...
006 (9655279.000.000) 04/19 14:03:15 Image size of job updated: 11603548
	10563  -  MemoryUsage of job (MB)
	10815800  -  ResidentSetSize of job (KB)
...
006 (9655279.000.000) 04/19 14:08:16 Image size of job updated: 12072004
	11013  -  MemoryUsage of job (MB)
	11277060  -  ResidentSetSize of job (KB)
...
006 (9655279.000.000) 04/19 14:13:16 Image size of job updated: 12072004
	11043  -  MemoryUsage of job (MB)
	11307364  -  ResidentSetSize of job (KB)
...
006 (9655279.000.000) 04/19 14:18:16 Image size of job updated: 12593136
	11526  -  MemoryUsage of job (MB)
	11801944  -  ResidentSetSize of job (KB)
...
006 (9655279.000.000) 04/19 14:23:18 Image size of job updated: 12593136
	11605  -  MemoryUsage of job (MB)
	11882880  -  ResidentSetSize of job (KB)
...
006 (9655279.000.000) 04/19 14:28:18 Image size of job updated: 13114140
	12029  -  MemoryUsage of job (MB)
	12317136  -  ResidentSetSize of job (KB)
...
006 (9655279.000.000) 04/19 14:38:19 Image size of job updated: 13650120
	12556  -  MemoryUsage of job (MB)
	12856368  -  ResidentSetSize of job (KB)
...
006 (9655279.000.000) 04/19 14:48:20 Image size of job updated: 14148428
	13043  -  MemoryUsage of job (MB)
	13355168  -  ResidentSetSize of job (KB)
...
006 (9655279.000.000) 04/19 14:53:21 Image size of job updated: 14148428
	13044  -  MemoryUsage of job (MB)
	13356060  -  ResidentSetSize of job (KB)
...
040 (9655279.000.000) 04/19 14:56:43 Started transferring output files
...
040 (9655279.000.000) 04/19 14:56:44 Finished transferring output files
...
005 (9655279.000.000) 04/19 14:56:44 Job terminated.
	(1) Normal termination (return value 0)
		Usr 0 01:58:59, Sys 0 00:19:50  -  Run Remote Usage
		Usr 0 00:00:00, Sys 0 00:00:00  -  Run Local Usage
		Usr 0 01:58:59, Sys 0 00:19:50  -  Total Remote Usage
		Usr 0 00:00:00, Sys 0 00:00:00  -  Total Local Usage
	16129277  -  Run Bytes Sent By Job
	199  -  Run Bytes Received By Job
	16129277  -  Total Bytes Sent By Job
	199  -  Total Bytes Received By Job
	Partitionable Resources :    Usage  Request Allocated 
	   Cpus                 :     0.99        1         1 
	   Disk (KB)            : 15772           1   2676501 
	   Memory (MB)          : 13044        2000      2000 

	Job terminated of its own accord at 2024-04-19T12:56:43Z.
...
