000 (9655318.000.000) 04/19 12:54:35 Job submitted from host: <137.138.156.150:9618?addrs=137.138.156.150-9618+[2001-1458-d00-14--9a]-9618&alias=bigbird13.cern.ch&noUDP&sock=schedd_2138_1192>
...
040 (9655318.000.000) 04/19 12:55:37 Started transferring input files
	Transferring to host: <188.184.160.156:9618?addrs=188.184.160.156-9618+[2001-1458-301-48--100-96]-9618&alias=b9s09p1942.cern.ch&noUDP&sock=slot1_42_3162_aa3a_95464>
...
040 (9655318.000.000) 04/19 12:55:37 Finished transferring input files
...
001 (9655318.000.000) 04/19 12:55:38 Job executing on host: <188.184.160.156:9618?addrs=188.184.160.156-9618+[2001-1458-301-48--100-96]-9618&alias=b9s09p1942.cern.ch&noUDP&sock=startd_3007_215f>
...
006 (9655318.000.000) 04/19 12:55:46 Image size of job updated: 11236
	11  -  MemoryUsage of job (MB)
	10956  -  ResidentSetSize of job (KB)
...
006 (9655318.000.000) 04/19 13:00:46 Image size of job updated: 3899696
	2620  -  MemoryUsage of job (MB)
	2682752  -  ResidentSetSize of job (KB)
...
006 (9655318.000.000) 04/19 13:05:47 Image size of job updated: 4318024
	3747  -  MemoryUsage of job (MB)
	3835944  -  ResidentSetSize of job (KB)
...
006 (9655318.000.000) 04/19 13:10:48 Image size of job updated: 4318024
	4094  -  MemoryUsage of job (MB)
	4191292  -  ResidentSetSize of job (KB)
...
006 (9655318.000.000) 04/19 13:15:48 Image size of job updated: 4465060
	4094  -  MemoryUsage of job (MB)
	4191292  -  ResidentSetSize of job (KB)
...
006 (9655318.000.000) 04/19 13:20:49 Image size of job updated: 9167928
	8304  -  MemoryUsage of job (MB)
	8502280  -  ResidentSetSize of job (KB)
...
006 (9655318.000.000) 04/19 13:25:50 Image size of job updated: 9167928
	8315  -  MemoryUsage of job (MB)
	8514244  -  ResidentSetSize of job (KB)
...
006 (9655318.000.000) 04/19 13:30:50 Image size of job updated: 9167928
	8370  -  MemoryUsage of job (MB)
	8570060  -  ResidentSetSize of job (KB)
...
006 (9655318.000.000) 04/19 13:35:50 Image size of job updated: 9907772
	9027  -  MemoryUsage of job (MB)
	9243032  -  ResidentSetSize of job (KB)
...
006 (9655318.000.000) 04/19 13:45:51 Image size of job updated: 9907772
	9036  -  MemoryUsage of job (MB)
	9252036  -  ResidentSetSize of job (KB)
...
006 (9655318.000.000) 04/19 13:50:51 Image size of job updated: 10445764
	9552  -  MemoryUsage of job (MB)
	9781136  -  ResidentSetSize of job (KB)
...
006 (9655318.000.000) 04/19 14:00:52 Image size of job updated: 10445764
	9584  -  MemoryUsage of job (MB)
	9813532  -  ResidentSetSize of job (KB)
...
006 (9655318.000.000) 04/19 14:05:52 Image size of job updated: 10963208
	10052  -  MemoryUsage of job (MB)
	10292316  -  ResidentSetSize of job (KB)
...
006 (9655318.000.000) 04/19 14:20:54 Image size of job updated: 11479656
	10561  -  MemoryUsage of job (MB)
	10814024  -  ResidentSetSize of job (KB)
...
006 (9655318.000.000) 04/19 14:30:56 Image size of job updated: 11479656
	10576  -  MemoryUsage of job (MB)
	10828876  -  ResidentSetSize of job (KB)
...
006 (9655318.000.000) 04/19 14:35:56 Image size of job updated: 12014780
	11084  -  MemoryUsage of job (MB)
	11350016  -  ResidentSetSize of job (KB)
...
006 (9655318.000.000) 04/19 14:50:57 Image size of job updated: 12533276
	11591  -  MemoryUsage of job (MB)
	11868292  -  ResidentSetSize of job (KB)
...
006 (9655318.000.000) 04/19 15:00:58 Image size of job updated: 12533276
	11665  -  MemoryUsage of job (MB)
	11944224  -  ResidentSetSize of job (KB)
...
006 (9655318.000.000) 04/19 15:05:59 Image size of job updated: 13057780
	12104  -  MemoryUsage of job (MB)
	12394212  -  ResidentSetSize of job (KB)
...
006 (9655318.000.000) 04/19 15:10:59 Image size of job updated: 13057780
	12116  -  MemoryUsage of job (MB)
	12405840  -  ResidentSetSize of job (KB)
...
006 (9655318.000.000) 04/19 15:16:00 Image size of job updated: 13057780
	12342  -  MemoryUsage of job (MB)
	12637936  -  ResidentSetSize of job (KB)
...
006 (9655318.000.000) 04/19 15:21:01 Image size of job updated: 13610300
	12644  -  MemoryUsage of job (MB)
	12946496  -  ResidentSetSize of job (KB)
...
006 (9655318.000.000) 04/19 15:31:01 Image size of job updated: 13610300
	12947  -  MemoryUsage of job (MB)
	13257388  -  ResidentSetSize of job (KB)
...
006 (9655318.000.000) 04/19 15:36:02 Image size of job updated: 14125476
	13144  -  MemoryUsage of job (MB)
	13458776  -  ResidentSetSize of job (KB)
...
006 (9655318.000.000) 04/19 15:45:52 Image size of job updated: 14547448
	13144  -  MemoryUsage of job (MB)
	13458776  -  ResidentSetSize of job (KB)
...
040 (9655318.000.000) 04/19 15:45:52 Started transferring output files
...
040 (9655318.000.000) 04/19 15:45:54 Finished transferring output files
...
005 (9655318.000.000) 04/19 15:45:54 Job terminated.
	(1) Normal termination (return value 0)
		Usr 0 02:59:20, Sys 0 00:16:33  -  Run Remote Usage
		Usr 0 00:00:00, Sys 0 00:00:00  -  Run Local Usage
		Usr 0 02:59:20, Sys 0 00:16:33  -  Total Remote Usage
		Usr 0 00:00:00, Sys 0 00:00:00  -  Total Local Usage
	22788932  -  Run Bytes Sent By Job
	197  -  Run Bytes Received By Job
	22788932  -  Total Bytes Sent By Job
	197  -  Total Bytes Received By Job
	Partitionable Resources :    Usage  Request Allocated 
	   Cpus                 :     1.24        1         1 
	   Disk (KB)            : 22276           1   3090865 
	   Memory (MB)          : 13144        2000      2000 

	Job terminated of its own accord at 2024-04-19T13:45:52Z.
...
