000 (9445582.000.000) 03/23 14:41:49 Job submitted from host: <137.138.156.150:9618?addrs=137.138.156.150-9618+[2001-1458-d00-14--9a]-9618&alias=bigbird13.cern.ch&noUDP&sock=schedd_5144_ef43>
...
040 (9445582.000.000) 03/23 16:01:05 Started transferring input files
	Transferring to host: <128.142.58.66:9618?addrs=128.142.58.66-9618&alias=b7s03p1229.cern.ch&noUDP&sock=slot1_18_6917_66f2_81956>
...
040 (9445582.000.000) 03/23 16:01:05 Finished transferring input files
...
001 (9445582.000.000) 03/23 16:01:06 Job executing on host: <128.142.58.66:9618?addrs=128.142.58.66-9618&alias=b7s03p1229.cern.ch&noUDP&sock=startd_6853_2a9d>
...
006 (9445582.000.000) 03/23 16:01:15 Image size of job updated: 434120
	155  -  MemoryUsage of job (MB)
	158104  -  ResidentSetSize of job (KB)
...
006 (9445582.000.000) 03/23 16:06:15 Image size of job updated: 9812232
	7838  -  MemoryUsage of job (MB)
	8025844  -  ResidentSetSize of job (KB)
...
006 (9445582.000.000) 03/23 16:11:15 Image size of job updated: 9893644
	7896  -  MemoryUsage of job (MB)
	8084676  -  ResidentSetSize of job (KB)
...
006 (9445582.000.000) 03/23 16:16:16 Image size of job updated: 9937988
	7959  -  MemoryUsage of job (MB)
	8149436  -  ResidentSetSize of job (KB)
...
006 (9445582.000.000) 03/23 16:21:16 Image size of job updated: 10066924
	8035  -  MemoryUsage of job (MB)
	8227544  -  ResidentSetSize of job (KB)
...
006 (9445582.000.000) 03/23 16:26:16 Image size of job updated: 10119492
	8110  -  MemoryUsage of job (MB)
	8304044  -  ResidentSetSize of job (KB)
...
006 (9445582.000.000) 03/23 16:31:17 Image size of job updated: 10172476
	8184  -  MemoryUsage of job (MB)
	8379944  -  ResidentSetSize of job (KB)
...
006 (9445582.000.000) 03/23 16:36:18 Image size of job updated: 10370940
	8257  -  MemoryUsage of job (MB)
	8454472  -  ResidentSetSize of job (KB)
...
006 (9445582.000.000) 03/23 16:41:18 Image size of job updated: 10421304
	8329  -  MemoryUsage of job (MB)
	8528412  -  ResidentSetSize of job (KB)
...
006 (9445582.000.000) 03/23 16:46:19 Image size of job updated: 10473512
	8403  -  MemoryUsage of job (MB)
	8604000  -  ResidentSetSize of job (KB)
...
006 (9445582.000.000) 03/23 16:51:20 Image size of job updated: 10526496
	8478  -  MemoryUsage of job (MB)
	8680624  -  ResidentSetSize of job (KB)
...
006 (9445582.000.000) 03/23 16:56:20 Image size of job updated: 10575952
	8552  -  MemoryUsage of job (MB)
	8756284  -  ResidentSetSize of job (KB)
...
006 (9445582.000.000) 03/23 17:01:20 Image size of job updated: 10632852
	8632  -  MemoryUsage of job (MB)
	8839156  -  ResidentSetSize of job (KB)
...
006 (9445582.000.000) 03/23 17:06:21 Image size of job updated: 10978904
	8705  -  MemoryUsage of job (MB)
	8913644  -  ResidentSetSize of job (KB)
...
006 (9445582.000.000) 03/23 17:11:21 Image size of job updated: 11031112
	8778  -  MemoryUsage of job (MB)
	8987940  -  ResidentSetSize of job (KB)
...
006 (9445582.000.000) 03/23 17:16:21 Image size of job updated: 11081340
	8850  -  MemoryUsage of job (MB)
	9062116  -  ResidentSetSize of job (KB)
...
006 (9445582.000.000) 03/23 17:21:22 Image size of job updated: 11132208
	8921  -  MemoryUsage of job (MB)
	9134900  -  ResidentSetSize of job (KB)
...
006 (9445582.000.000) 03/23 17:26:23 Image size of job updated: 11184284
	8994  -  MemoryUsage of job (MB)
	9209704  -  ResidentSetSize of job (KB)
...
006 (9445582.000.000) 03/23 17:31:23 Image size of job updated: 11237012
	9069  -  MemoryUsage of job (MB)
	9285740  -  ResidentSetSize of job (KB)
...
006 (9445582.000.000) 03/23 17:36:24 Image size of job updated: 11287860
	9144  -  MemoryUsage of job (MB)
	9362572  -  ResidentSetSize of job (KB)
...
006 (9445582.000.000) 03/23 17:41:25 Image size of job updated: 11340844
	9218  -  MemoryUsage of job (MB)
	9438980  -  ResidentSetSize of job (KB)
...
006 (9445582.000.000) 03/23 17:46:25 Image size of job updated: 11393440
	9293  -  MemoryUsage of job (MB)
	9515260  -  ResidentSetSize of job (KB)
...
006 (9445582.000.000) 03/23 17:51:25 Image size of job updated: 11446036
	9367  -  MemoryUsage of job (MB)
	9591408  -  ResidentSetSize of job (KB)
...
006 (9445582.000.000) 03/23 17:56:26 Image size of job updated: 11499796
	9443  -  MemoryUsage of job (MB)
	9669140  -  ResidentSetSize of job (KB)
...
006 (9445582.000.000) 03/23 18:01:27 Image size of job updated: 11551096
	9517  -  MemoryUsage of job (MB)
	9745388  -  ResidentSetSize of job (KB)
...
006 (9445582.000.000) 03/23 18:06:27 Image size of job updated: 12193516
	9592  -  MemoryUsage of job (MB)
	9821564  -  ResidentSetSize of job (KB)
...
006 (9445582.000.000) 03/23 18:11:28 Image size of job updated: 12242420
	9663  -  MemoryUsage of job (MB)
	9894864  -  ResidentSetSize of job (KB)
...
006 (9445582.000.000) 03/23 18:16:29 Image size of job updated: 12294876
	9737  -  MemoryUsage of job (MB)
	9970108  -  ResidentSetSize of job (KB)
...
006 (9445582.000.000) 03/23 18:21:29 Image size of job updated: 12348248
	9811  -  MemoryUsage of job (MB)
	10046224  -  ResidentSetSize of job (KB)
...
006 (9445582.000.000) 03/23 18:26:29 Image size of job updated: 12399936
	9884  -  MemoryUsage of job (MB)
	10120276  -  ResidentSetSize of job (KB)
...
006 (9445582.000.000) 03/23 18:31:30 Image size of job updated: 12448320
	9954  -  MemoryUsage of job (MB)
	10192488  -  ResidentSetSize of job (KB)
...
006 (9445582.000.000) 03/23 18:36:31 Image size of job updated: 12498324
	10024  -  MemoryUsage of job (MB)
	10263604  -  ResidentSetSize of job (KB)
...
006 (9445582.000.000) 03/23 18:41:31 Image size of job updated: 12547232
	10095  -  MemoryUsage of job (MB)
	10336520  -  ResidentSetSize of job (KB)
...
006 (9445582.000.000) 03/23 18:46:32 Image size of job updated: 12596716
	10166  -  MemoryUsage of job (MB)
	10409712  -  ResidentSetSize of job (KB)
...
006 (9445582.000.000) 03/23 18:51:33 Image size of job updated: 12645620
	10238  -  MemoryUsage of job (MB)
	10483260  -  ResidentSetSize of job (KB)
...
006 (9445582.000.000) 03/23 18:56:33 Image size of job updated: 12697828
	10312  -  MemoryUsage of job (MB)
	10558644  -  ResidentSetSize of job (KB)
...
006 (9445582.000.000) 03/23 19:01:33 Image size of job updated: 12751588
	10388  -  MemoryUsage of job (MB)
	10636816  -  ResidentSetSize of job (KB)
...
006 (9445582.000.000) 03/23 19:06:34 Image size of job updated: 12805092
	10464  -  MemoryUsage of job (MB)
	10714512  -  ResidentSetSize of job (KB)
...
006 (9445582.000.000) 03/23 19:11:35 Image size of job updated: 12858904
	10540  -  MemoryUsage of job (MB)
	10792168  -  ResidentSetSize of job (KB)
...
006 (9445582.000.000) 03/23 19:16:35 Image size of job updated: 12913052
	10617  -  MemoryUsage of job (MB)
	10871504  -  ResidentSetSize of job (KB)
...
006 (9445582.000.000) 03/23 19:21:36 Image size of job updated: 12975364
	10701  -  MemoryUsage of job (MB)
	10956960  -  ResidentSetSize of job (KB)
...
006 (9445582.000.000) 03/23 19:26:37 Image size of job updated: 13033660
	10785  -  MemoryUsage of job (MB)
	11043020  -  ResidentSetSize of job (KB)
...
006 (9445582.000.000) 03/23 19:31:37 Image size of job updated: 13089236
	10869  -  MemoryUsage of job (MB)
	11128968  -  ResidentSetSize of job (KB)
...
006 (9445582.000.000) 03/23 19:36:37 Image size of job updated: 13147924
	10954  -  MemoryUsage of job (MB)
	11216880  -  ResidentSetSize of job (KB)
...
006 (9445582.000.000) 03/23 19:41:39 Image size of job updated: 13211268
	11041  -  MemoryUsage of job (MB)
	11305076  -  ResidentSetSize of job (KB)
...
006 (9445582.000.000) 03/23 19:46:39 Image size of job updated: 13271896
	11130  -  MemoryUsage of job (MB)
	11396492  -  ResidentSetSize of job (KB)
...
006 (9445582.000.000) 03/23 19:51:39 Image size of job updated: 13335892
	11217  -  MemoryUsage of job (MB)
	11485976  -  ResidentSetSize of job (KB)
...
006 (9445582.000.000) 03/23 19:56:40 Image size of job updated: 13392632
	11298  -  MemoryUsage of job (MB)
	11569012  -  ResidentSetSize of job (KB)
...
006 (9445582.000.000) 03/23 20:01:41 Image size of job updated: 13447688
	11377  -  MemoryUsage of job (MB)
	11649560  -  ResidentSetSize of job (KB)
...
006 (9445582.000.000) 03/23 20:06:41 Image size of job updated: 14682136
	11456  -  MemoryUsage of job (MB)
	11730032  -  ResidentSetSize of job (KB)
...
006 (9445582.000.000) 03/23 20:11:41 Image size of job updated: 14738488
	11536  -  MemoryUsage of job (MB)
	11812804  -  ResidentSetSize of job (KB)
...
006 (9445582.000.000) 03/23 20:16:42 Image size of job updated: 14798468
	11617  -  MemoryUsage of job (MB)
	11895356  -  ResidentSetSize of job (KB)
...
006 (9445582.000.000) 03/23 20:21:43 Image size of job updated: 14854044
	11697  -  MemoryUsage of job (MB)
	11976924  -  ResidentSetSize of job (KB)
...
006 (9445582.000.000) 03/23 20:26:43 Image size of job updated: 14909620
	11777  -  MemoryUsage of job (MB)
	12058828  -  ResidentSetSize of job (KB)
...
006 (9445582.000.000) 03/23 20:31:44 Image size of job updated: 14965064
	11856  -  MemoryUsage of job (MB)
	12140492  -  ResidentSetSize of job (KB)
...
006 (9445582.000.000) 03/23 20:36:45 Image size of job updated: 15019344
	11937  -  MemoryUsage of job (MB)
	12222916  -  ResidentSetSize of job (KB)
...
006 (9445582.000.000) 03/23 20:41:45 Image size of job updated: 15074400
	12016  -  MemoryUsage of job (MB)
	12304016  -  ResidentSetSize of job (KB)
...
006 (9445582.000.000) 03/23 20:46:45 Image size of job updated: 15129456
	12094  -  MemoryUsage of job (MB)
	12383488  -  ResidentSetSize of job (KB)
...
006 (9445582.000.000) 03/23 20:51:46 Image size of job updated: 15184644
	12173  -  MemoryUsage of job (MB)
	12465044  -  ResidentSetSize of job (KB)
...
006 (9445582.000.000) 03/23 20:56:46 Image size of job updated: 15243976
	12252  -  MemoryUsage of job (MB)
	12546024  -  ResidentSetSize of job (KB)
...
006 (9445582.000.000) 03/23 21:01:46 Image size of job updated: 15304604
	12342  -  MemoryUsage of job (MB)
	12637584  -  ResidentSetSize of job (KB)
...
006 (9445582.000.000) 03/23 21:06:47 Image size of job updated: 15370152
	12432  -  MemoryUsage of job (MB)
	12730048  -  ResidentSetSize of job (KB)
...
006 (9445582.000.000) 03/23 21:11:48 Image size of job updated: 15431036
	12521  -  MemoryUsage of job (MB)
	12821408  -  ResidentSetSize of job (KB)
...
006 (9445582.000.000) 03/23 21:16:48 Image size of job updated: 15495556
	12610  -  MemoryUsage of job (MB)
	12912260  -  ResidentSetSize of job (KB)
...
006 (9445582.000.000) 03/23 21:21:49 Image size of job updated: 15556960
	12701  -  MemoryUsage of job (MB)
	13004860  -  ResidentSetSize of job (KB)
...
006 (9445582.000.000) 03/23 21:26:50 Image size of job updated: 15622508
	12790  -  MemoryUsage of job (MB)
	13096844  -  ResidentSetSize of job (KB)
...
006 (9445582.000.000) 03/23 21:31:50 Image size of job updated: 15681452
	12881  -  MemoryUsage of job (MB)
	13189308  -  ResidentSetSize of job (KB)
...
006 (9445582.000.000) 03/23 21:36:50 Image size of job updated: 15747776
	12971  -  MemoryUsage of job (MB)
	13282276  -  ResidentSetSize of job (KB)
...
006 (9445582.000.000) 03/23 21:41:51 Image size of job updated: 15809180
	13062  -  MemoryUsage of job (MB)
	13375048  -  ResidentSetSize of job (KB)
...
006 (9445582.000.000) 03/23 21:46:52 Image size of job updated: 15865280
	13142  -  MemoryUsage of job (MB)
	13456932  -  ResidentSetSize of job (KB)
...
006 (9445582.000.000) 03/23 21:51:52 Image size of job updated: 15919040
	13218  -  MemoryUsage of job (MB)
	13534588  -  ResidentSetSize of job (KB)
...
006 (9445582.000.000) 03/23 21:56:52 Image size of job updated: 15977076
	13295  -  MemoryUsage of job (MB)
	13613128  -  ResidentSetSize of job (KB)
...
006 (9445582.000.000) 03/23 22:01:53 Image size of job updated: 16031224
	13372  -  MemoryUsage of job (MB)
	13692028  -  ResidentSetSize of job (KB)
...
006 (9445582.000.000) 03/23 22:06:53 Image size of job updated: 16086024
	13451  -  MemoryUsage of job (MB)
	13772840  -  ResidentSetSize of job (KB)
...
006 (9445582.000.000) 03/23 22:11:53 Image size of job updated: 16147040
	13540  -  MemoryUsage of job (MB)
	13864412  -  ResidentSetSize of job (KB)
...
006 (9445582.000.000) 03/23 22:16:54 Image size of job updated: 16205076
	13624  -  MemoryUsage of job (MB)
	13950344  -  ResidentSetSize of job (KB)
...
006 (9445582.000.000) 03/23 22:21:55 Image size of job updated: 16257804
	13703  -  MemoryUsage of job (MB)
	14031024  -  ResidentSetSize of job (KB)
...
006 (9445582.000.000) 03/23 22:26:55 Image size of job updated: 16317732
	13782  -  MemoryUsage of job (MB)
	14112480  -  ResidentSetSize of job (KB)
...
006 (9445582.000.000) 03/23 22:31:55 Image size of job updated: 16377064
	13861  -  MemoryUsage of job (MB)
	14193076  -  ResidentSetSize of job (KB)
...
006 (9445582.000.000) 03/23 22:36:56 Image size of job updated: 16429272
	13942  -  MemoryUsage of job (MB)
	14275956  -  ResidentSetSize of job (KB)
...
006 (9445582.000.000) 03/23 22:41:56 Image size of job updated: 16491452
	14026  -  MemoryUsage of job (MB)
	14362184  -  ResidentSetSize of job (KB)
...
006 (9445582.000.000) 03/23 22:46:56 Image size of job updated: 16557780
	14118  -  MemoryUsage of job (MB)
	14455904  -  ResidentSetSize of job (KB)
...
006 (9445582.000.000) 03/23 22:51:57 Image size of job updated: 16612708
	14204  -  MemoryUsage of job (MB)
	14543996  -  ResidentSetSize of job (KB)
...
006 (9445582.000.000) 03/23 22:56:58 Image size of job updated: 16672688
	14287  -  MemoryUsage of job (MB)
	14629580  -  ResidentSetSize of job (KB)
...
006 (9445582.000.000) 03/23 23:01:58 Image size of job updated: 16734868
	14372  -  MemoryUsage of job (MB)
	14716064  -  ResidentSetSize of job (KB)
...
006 (9445582.000.000) 03/23 23:06:59 Image size of job updated: 16788504
	14456  -  MemoryUsage of job (MB)
	14802692  -  ResidentSetSize of job (KB)
...
006 (9445582.000.000) 03/23 23:12:00 Image size of job updated: 16851072
	14541  -  MemoryUsage of job (MB)
	14889376  -  ResidentSetSize of job (KB)
...
006 (9445582.000.000) 03/23 23:17:00 Image size of job updated: 16915324
	14628  -  MemoryUsage of job (MB)
	14978864  -  ResidentSetSize of job (KB)
...
006 (9445582.000.000) 03/23 23:22:00 Image size of job updated: 16971420
	14716  -  MemoryUsage of job (MB)
	15069140  -  ResidentSetSize of job (KB)
...
006 (9445582.000.000) 03/23 23:27:01 Image size of job updated: 17031784
	14797  -  MemoryUsage of job (MB)
	15151548  -  ResidentSetSize of job (KB)
...
006 (9445582.000.000) 03/23 23:32:02 Image size of job updated: 17091120
	14877  -  MemoryUsage of job (MB)
	15233060  -  ResidentSetSize of job (KB)
...
006 (9445582.000.000) 03/23 23:37:02 Image size of job updated: 17143844
	14958  -  MemoryUsage of job (MB)
	15316516  -  ResidentSetSize of job (KB)
...
006 (9445582.000.000) 03/23 23:42:03 Image size of job updated: 17204344
	15040  -  MemoryUsage of job (MB)
	15400512  -  ResidentSetSize of job (KB)
...
006 (9445582.000.000) 03/23 23:47:04 Image size of job updated: 19618048
	15125  -  MemoryUsage of job (MB)
	15487328  -  ResidentSetSize of job (KB)
...
006 (9445582.000.000) 03/23 23:52:04 Image size of job updated: 19681916
	15213  -  MemoryUsage of job (MB)
	15577196  -  ResidentSetSize of job (KB)
...
006 (9445582.000.000) 03/23 23:57:04 Image size of job updated: 19743576
	15296  -  MemoryUsage of job (MB)
	15662672  -  ResidentSetSize of job (KB)
...
006 (9445582.000.000) 03/24 00:02:05 Image size of job updated: 19798120
	15382  -  MemoryUsage of job (MB)
	15750464  -  ResidentSetSize of job (KB)
...
006 (9445582.000.000) 03/24 00:07:06 Image size of job updated: 19860168
	15466  -  MemoryUsage of job (MB)
	15836276  -  ResidentSetSize of job (KB)
...
006 (9445582.000.000) 03/24 00:12:06 Image size of job updated: 19919888
	15548  -  MemoryUsage of job (MB)
	15921036  -  ResidentSetSize of job (KB)
...
006 (9445582.000.000) 03/24 00:17:07 Image size of job updated: 19974688
	15634  -  MemoryUsage of job (MB)
	16008752  -  ResidentSetSize of job (KB)
...
006 (9445582.000.000) 03/24 00:22:08 Image size of job updated: 20035572
	15716  -  MemoryUsage of job (MB)
	16092248  -  ResidentSetSize of job (KB)
...
006 (9445582.000.000) 03/24 00:27:08 Image size of job updated: 20097756
	15800  -  MemoryUsage of job (MB)
	16178364  -  ResidentSetSize of job (KB)
...
006 (9445582.000.000) 03/24 00:32:08 Image size of job updated: 20151776
	15884  -  MemoryUsage of job (MB)
	16265008  -  ResidentSetSize of job (KB)
...
006 (9445582.000.000) 03/24 00:37:09 Image size of job updated: 20215124
	15971  -  MemoryUsage of job (MB)
	16353552  -  ResidentSetSize of job (KB)
...
006 (9445582.000.000) 03/24 00:42:11 Image size of job updated: 20279120
	16058  -  MemoryUsage of job (MB)
	16443308  -  ResidentSetSize of job (KB)
...
006 (9445582.000.000) 03/24 00:47:11 Image size of job updated: 20333012
	16143  -  MemoryUsage of job (MB)
	16529688  -  ResidentSetSize of job (KB)
...
006 (9445582.000.000) 03/24 00:52:11 Image size of job updated: 20396876
	16230  -  MemoryUsage of job (MB)
	16618896  -  ResidentSetSize of job (KB)
...
006 (9445582.000.000) 03/24 00:57:12 Image size of job updated: 20461260
	16318  -  MemoryUsage of job (MB)
	16709556  -  ResidentSetSize of job (KB)
...
006 (9445582.000.000) 03/24 01:02:13 Image size of job updated: 20522924
	16406  -  MemoryUsage of job (MB)
	16799168  -  ResidentSetSize of job (KB)
...
006 (9445582.000.000) 03/24 01:07:13 Image size of job updated: 20579924
	16496  -  MemoryUsage of job (MB)
	16891452  -  ResidentSetSize of job (KB)
...
006 (9445582.000.000) 03/24 01:12:14 Image size of job updated: 20643792
	16583  -  MemoryUsage of job (MB)
	16980452  -  ResidentSetSize of job (KB)
...
006 (9445582.000.000) 03/24 01:17:15 Image size of job updated: 20706880
	16669  -  MemoryUsage of job (MB)
	17068340  -  ResidentSetSize of job (KB)
...
006 (9445582.000.000) 03/24 01:22:15 Image size of job updated: 20762068
	16756  -  MemoryUsage of job (MB)
	17157536  -  ResidentSetSize of job (KB)
...
006 (9445582.000.000) 03/24 01:27:15 Image size of job updated: 20826452
	16844  -  MemoryUsage of job (MB)
	17247564  -  ResidentSetSize of job (KB)
...
006 (9445582.000.000) 03/24 01:32:16 Image size of job updated: 20867648
	16844  -  MemoryUsage of job (MB)
	17247564  -  ResidentSetSize of job (KB)
...
006 (9445582.000.000) 03/24 01:47:17 Image size of job updated: 21406432
	17255  -  MemoryUsage of job (MB)
	17668212  -  ResidentSetSize of job (KB)
...
006 (9445582.000.000) 03/24 01:52:18 Image size of job updated: 23371568
	17255  -  MemoryUsage of job (MB)
	17668324  -  ResidentSetSize of job (KB)
...
006 (9445582.000.000) 03/24 01:57:18 Image size of job updated: 24264272
	17255  -  MemoryUsage of job (MB)
	17668324  -  ResidentSetSize of job (KB)
...
040 (9445582.000.000) 03/24 02:33:21 Started transferring output files
...
040 (9445582.000.000) 03/24 02:33:21 Finished transferring output files
...
005 (9445582.000.000) 03/24 02:33:21 Job terminated.
	(1) Normal termination (return value 0)
		Usr 0 10:17:29, Sys 0 00:10:33  -  Run Remote Usage
		Usr 0 00:00:00, Sys 0 00:00:00  -  Run Local Usage
		Usr 0 10:17:29, Sys 0 00:10:33  -  Total Remote Usage
		Usr 0 00:00:00, Sys 0 00:00:00  -  Total Local Usage
	13940  -  Run Bytes Sent By Job
	236  -  Run Bytes Received By Job
	13940  -  Total Bytes Sent By Job
	236  -  Total Bytes Received By Job
	Partitionable Resources :    Usage  Request Allocated 
	   Cpus                 :     0.99        1         1 
	   Disk (KB)            :   988           1   1298923 
	   Memory (MB)          : 17255        2000      2000 

	Job terminated of its own accord at 2024-03-24T01:33:21Z.
...
