000 (9445571.000.000) 03/23 14:40:58 Job submitted from host: <137.138.156.150:9618?addrs=137.138.156.150-9618+[2001-1458-d00-14--9a]-9618&alias=bigbird13.cern.ch&noUDP&sock=schedd_5144_ef43>
...
040 (9445571.000.000) 03/23 16:01:02 Started transferring input files
	Transferring to host: <128.142.56.49:9618?addrs=128.142.56.49-9618&alias=b7s01p1778.cern.ch&noUDP&sock=slot1_11_7488_b92a_79866>
...
040 (9445571.000.000) 03/23 16:01:02 Finished transferring input files
...
001 (9445571.000.000) 03/23 16:01:03 Job executing on host: <128.142.56.49:9618?addrs=128.142.56.49-9618&alias=b7s01p1778.cern.ch&noUDP&sock=startd_7421_c468>
...
006 (9445571.000.000) 03/23 16:01:12 Image size of job updated: 75096
	32  -  MemoryUsage of job (MB)
	32140  -  ResidentSetSize of job (KB)
...
006 (9445571.000.000) 03/23 16:06:12 Image size of job updated: 9783292
	7808  -  MemoryUsage of job (MB)
	7994564  -  ResidentSetSize of job (KB)
...
006 (9445571.000.000) 03/23 16:11:12 Image size of job updated: 9883144
	7874  -  MemoryUsage of job (MB)
	8062952  -  ResidentSetSize of job (KB)
...
006 (9445571.000.000) 03/23 16:16:13 Image size of job updated: 9934144
	7950  -  MemoryUsage of job (MB)
	8139912  -  ResidentSetSize of job (KB)
...
006 (9445571.000.000) 03/23 16:21:14 Image size of job updated: 10063856
	8029  -  MemoryUsage of job (MB)
	8221556  -  ResidentSetSize of job (KB)
...
006 (9445571.000.000) 03/23 16:26:14 Image size of job updated: 10119808
	8109  -  MemoryUsage of job (MB)
	8303540  -  ResidentSetSize of job (KB)
...
006 (9445571.000.000) 03/23 16:31:14 Image size of job updated: 10179044
	8194  -  MemoryUsage of job (MB)
	8389984  -  ResidentSetSize of job (KB)
...
006 (9445571.000.000) 03/23 16:36:15 Image size of job updated: 10384308
	8274  -  MemoryUsage of job (MB)
	8471888  -  ResidentSetSize of job (KB)
...
006 (9445571.000.000) 03/23 16:41:16 Image size of job updated: 10438200
	8353  -  MemoryUsage of job (MB)
	8553188  -  ResidentSetSize of job (KB)
...
006 (9445571.000.000) 03/23 16:46:16 Image size of job updated: 10493940
	8431  -  MemoryUsage of job (MB)
	8632972  -  ResidentSetSize of job (KB)
...
006 (9445571.000.000) 03/23 16:51:17 Image size of job updated: 10548476
	8509  -  MemoryUsage of job (MB)
	8712868  -  ResidentSetSize of job (KB)
...
006 (9445571.000.000) 03/23 16:56:18 Image size of job updated: 10602368
	8586  -  MemoryUsage of job (MB)
	8791424  -  ResidentSetSize of job (KB)
...
006 (9445571.000.000) 03/23 17:01:18 Image size of job updated: 10950784
	8662  -  MemoryUsage of job (MB)
	8869168  -  ResidentSetSize of job (KB)
...
006 (9445571.000.000) 03/23 17:06:18 Image size of job updated: 11004544
	8738  -  MemoryUsage of job (MB)
	8947436  -  ResidentSetSize of job (KB)
...
006 (9445571.000.000) 03/23 17:11:19 Image size of job updated: 11059212
	8816  -  MemoryUsage of job (MB)
	9026760  -  ResidentSetSize of job (KB)
...
006 (9445571.000.000) 03/23 17:16:19 Image size of job updated: 11113740
	8892  -  MemoryUsage of job (MB)
	9104776  -  ResidentSetSize of job (KB)
...
006 (9445571.000.000) 03/23 17:21:19 Image size of job updated: 11166204
	8966  -  MemoryUsage of job (MB)
	9180284  -  ResidentSetSize of job (KB)
...
006 (9445571.000.000) 03/23 17:26:20 Image size of job updated: 11218412
	9039  -  MemoryUsage of job (MB)
	9255832  -  ResidentSetSize of job (KB)
...
006 (9445571.000.000) 03/23 17:31:21 Image size of job updated: 11268484
	9113  -  MemoryUsage of job (MB)
	9331444  -  ResidentSetSize of job (KB)
...
006 (9445571.000.000) 03/23 17:36:21 Image size of job updated: 11323152
	9190  -  MemoryUsage of job (MB)
	9410228  -  ResidentSetSize of job (KB)
...
006 (9445571.000.000) 03/23 17:41:21 Image size of job updated: 11376268
	9269  -  MemoryUsage of job (MB)
	9491192  -  ResidentSetSize of job (KB)
...
006 (9445571.000.000) 03/23 17:46:22 Image size of job updated: 11432940
	9346  -  MemoryUsage of job (MB)
	9569824  -  ResidentSetSize of job (KB)
...
006 (9445571.000.000) 03/23 17:51:22 Image size of job updated: 11483788
	9421  -  MemoryUsage of job (MB)
	9646648  -  ResidentSetSize of job (KB)
...
006 (9445571.000.000) 03/23 17:56:22 Image size of job updated: 11535996
	9495  -  MemoryUsage of job (MB)
	9722360  -  ResidentSetSize of job (KB)
...
006 (9445571.000.000) 03/23 18:01:23 Image size of job updated: 11588072
	9568  -  MemoryUsage of job (MB)
	9797384  -  ResidentSetSize of job (KB)
...
006 (9445571.000.000) 03/23 18:06:24 Image size of job updated: 12231012
	9643  -  MemoryUsage of job (MB)
	9873484  -  ResidentSetSize of job (KB)
...
006 (9445571.000.000) 03/23 18:11:24 Image size of job updated: 12285888
	9720  -  MemoryUsage of job (MB)
	9952436  -  ResidentSetSize of job (KB)
...
006 (9445571.000.000) 03/23 18:16:25 Image size of job updated: 12338268
	9794  -  MemoryUsage of job (MB)
	10028472  -  ResidentSetSize of job (KB)
...
006 (9445571.000.000) 03/23 18:21:26 Image size of job updated: 12387428
	9866  -  MemoryUsage of job (MB)
	10101956  -  ResidentSetSize of job (KB)
...
006 (9445571.000.000) 03/23 18:26:26 Image size of job updated: 12437044
	9938  -  MemoryUsage of job (MB)
	10175820  -  ResidentSetSize of job (KB)
...
006 (9445571.000.000) 03/23 18:31:27 Image size of job updated: 12489120
	10011  -  MemoryUsage of job (MB)
	10250552  -  ResidentSetSize of job (KB)
...
006 (9445571.000.000) 03/23 18:36:28 Image size of job updated: 12539580
	10084  -  MemoryUsage of job (MB)
	10325784  -  ResidentSetSize of job (KB)
...
006 (9445571.000.000) 03/23 18:41:28 Image size of job updated: 12591400
	10156  -  MemoryUsage of job (MB)
	10399632  -  ResidentSetSize of job (KB)
...
006 (9445571.000.000) 03/23 18:46:28 Image size of job updated: 12643476
	10230  -  MemoryUsage of job (MB)
	10474576  -  ResidentSetSize of job (KB)
...
006 (9445571.000.000) 03/23 18:51:29 Image size of job updated: 12695684
	10303  -  MemoryUsage of job (MB)
	10549848  -  ResidentSetSize of job (KB)
...
006 (9445571.000.000) 03/23 18:56:29 Image size of job updated: 12744068
	10376  -  MemoryUsage of job (MB)
	10624628  -  ResidentSetSize of job (KB)
...
006 (9445571.000.000) 03/23 19:01:29 Image size of job updated: 12797052
	10451  -  MemoryUsage of job (MB)
	10701544  -  ResidentSetSize of job (KB)
...
006 (9445571.000.000) 03/23 19:06:30 Image size of job updated: 12851188
	10524  -  MemoryUsage of job (MB)
	10776028  -  ResidentSetSize of job (KB)
...
006 (9445571.000.000) 03/23 19:11:31 Image size of job updated: 12902488
	10596  -  MemoryUsage of job (MB)
	10849468  -  ResidentSetSize of job (KB)
...
006 (9445571.000.000) 03/23 19:16:31 Image size of job updated: 12955216
	10670  -  MemoryUsage of job (MB)
	10925632  -  ResidentSetSize of job (KB)
...
006 (9445571.000.000) 03/23 19:21:32 Image size of job updated: 13009752
	10748  -  MemoryUsage of job (MB)
	11005284  -  ResidentSetSize of job (KB)
...
006 (9445571.000.000) 03/23 19:26:33 Image size of job updated: 13067144
	10831  -  MemoryUsage of job (MB)
	11090012  -  ResidentSetSize of job (KB)
...
006 (9445571.000.000) 03/23 19:31:33 Image size of job updated: 13124272
	10915  -  MemoryUsage of job (MB)
	11176248  -  ResidentSetSize of job (KB)
...
006 (9445571.000.000) 03/23 19:36:33 Image size of job updated: 13181012
	10999  -  MemoryUsage of job (MB)
	11262152  -  ResidentSetSize of job (KB)
...
006 (9445571.000.000) 03/23 19:41:34 Image size of job updated: 13242028
	11081  -  MemoryUsage of job (MB)
	11346036  -  ResidentSetSize of job (KB)
...
006 (9445571.000.000) 03/23 19:46:35 Image size of job updated: 13301360
	11167  -  MemoryUsage of job (MB)
	11434248  -  ResidentSetSize of job (KB)
...
006 (9445571.000.000) 03/23 19:51:35 Image size of job updated: 13361468
	11254  -  MemoryUsage of job (MB)
	11523664  -  ResidentSetSize of job (KB)
...
006 (9445571.000.000) 03/23 19:56:36 Image size of job updated: 13423260
	11338  -  MemoryUsage of job (MB)
	11609152  -  ResidentSetSize of job (KB)
...
006 (9445571.000.000) 03/23 20:01:37 Image size of job updated: 14664832
	11429  -  MemoryUsage of job (MB)
	11702924  -  ResidentSetSize of job (KB)
...
006 (9445571.000.000) 03/23 20:06:37 Image size of job updated: 14730384
	11519  -  MemoryUsage of job (MB)
	11795016  -  ResidentSetSize of job (KB)
...
006 (9445571.000.000) 03/23 20:11:37 Image size of job updated: 14790624
	11608  -  MemoryUsage of job (MB)
	11885604  -  ResidentSetSize of job (KB)
...
006 (9445571.000.000) 03/23 20:16:39 Image size of job updated: 14853968
	11695  -  MemoryUsage of job (MB)
	11974728  -  ResidentSetSize of job (KB)
...
006 (9445571.000.000) 03/23 20:21:39 Image size of job updated: 14911228
	11777  -  MemoryUsage of job (MB)
	12059516  -  ResidentSetSize of job (KB)
...
006 (9445571.000.000) 03/23 20:26:39 Image size of job updated: 14967324
	11858  -  MemoryUsage of job (MB)
	12142512  -  ResidentSetSize of job (KB)
...
006 (9445571.000.000) 03/23 20:31:40 Image size of job updated: 15024064
	11940  -  MemoryUsage of job (MB)
	12226288  -  ResidentSetSize of job (KB)
...
006 (9445571.000.000) 03/23 20:36:41 Image size of job updated: 15077956
	12020  -  MemoryUsage of job (MB)
	12307764  -  ResidentSetSize of job (KB)
...
006 (9445571.000.000) 03/23 20:41:41 Image size of job updated: 15139228
	12102  -  MemoryUsage of job (MB)
	12392208  -  ResidentSetSize of job (KB)
...
006 (9445571.000.000) 03/23 20:46:41 Image size of job updated: 15195192
	12183  -  MemoryUsage of job (MB)
	12474700  -  ResidentSetSize of job (KB)
...
006 (9445571.000.000) 03/23 20:51:42 Image size of job updated: 15252840
	12267  -  MemoryUsage of job (MB)
	12560432  -  ResidentSetSize of job (KB)
...
006 (9445571.000.000) 03/23 20:56:42 Image size of job updated: 15316708
	12354  -  MemoryUsage of job (MB)
	12649488  -  ResidentSetSize of job (KB)
...
006 (9445571.000.000) 03/23 21:01:42 Image size of job updated: 15376816
	12441  -  MemoryUsage of job (MB)
	12738936  -  ResidentSetSize of job (KB)
...
006 (9445571.000.000) 03/23 21:06:43 Image size of job updated: 15441588
	12530  -  MemoryUsage of job (MB)
	12830020  -  ResidentSetSize of job (KB)
...
006 (9445571.000.000) 03/23 21:11:44 Image size of job updated: 15494960
	12610  -  MemoryUsage of job (MB)
	12911792  -  ResidentSetSize of job (KB)
...
006 (9445571.000.000) 03/23 21:16:44 Image size of job updated: 15551056
	12689  -  MemoryUsage of job (MB)
	12993368  -  ResidentSetSize of job (KB)
...
006 (9445571.000.000) 03/23 21:21:44 Image size of job updated: 15606500
	12769  -  MemoryUsage of job (MB)
	13074944  -  ResidentSetSize of job (KB)
...
006 (9445571.000.000) 03/23 21:26:45 Image size of job updated: 15662596
	12850  -  MemoryUsage of job (MB)
	13158116  -  ResidentSetSize of job (KB)
...
006 (9445571.000.000) 03/23 21:31:45 Image size of job updated: 15718816
	12931  -  MemoryUsage of job (MB)
	13240800  -  ResidentSetSize of job (KB)
...
006 (9445571.000.000) 03/23 21:36:45 Image size of job updated: 15782428
	13018  -  MemoryUsage of job (MB)
	13330260  -  ResidentSetSize of job (KB)
...
006 (9445571.000.000) 03/23 21:41:46 Image size of job updated: 15842016
	13104  -  MemoryUsage of job (MB)
	13418484  -  ResidentSetSize of job (KB)
...
006 (9445571.000.000) 03/23 21:46:47 Image size of job updated: 15898368
	13185  -  MemoryUsage of job (MB)
	13501408  -  ResidentSetSize of job (KB)
...
006 (9445571.000.000) 03/23 21:51:47 Image size of job updated: 15958996
	13267  -  MemoryUsage of job (MB)
	13585168  -  ResidentSetSize of job (KB)
...
006 (9445571.000.000) 03/23 21:56:47 Image size of job updated: 16021308
	13360  -  MemoryUsage of job (MB)
	13679748  -  ResidentSetSize of job (KB)
...
006 (9445571.000.000) 03/23 22:01:48 Image size of job updated: 16088408
	13454  -  MemoryUsage of job (MB)
	13775956  -  ResidentSetSize of job (KB)
...
006 (9445571.000.000) 03/23 22:06:49 Image size of job updated: 16150852
	13546  -  MemoryUsage of job (MB)
	13870152  -  ResidentSetSize of job (KB)
...
006 (9445571.000.000) 03/23 22:11:49 Image size of job updated: 16217700
	13638  -  MemoryUsage of job (MB)
	13965304  -  ResidentSetSize of job (KB)
...
006 (9445571.000.000) 03/23 22:16:49 Image size of job updated: 16282472
	13728  -  MemoryUsage of job (MB)
	14056916  -  ResidentSetSize of job (KB)
...
006 (9445571.000.000) 03/23 22:21:50 Image size of job updated: 16348360
	13819  -  MemoryUsage of job (MB)
	14150392  -  ResidentSetSize of job (KB)
...
006 (9445571.000.000) 03/23 22:26:50 Image size of job updated: 16413132
	13912  -  MemoryUsage of job (MB)
	14245836  -  ResidentSetSize of job (KB)
...
006 (9445571.000.000) 03/23 22:31:50 Image size of job updated: 16467024
	13996  -  MemoryUsage of job (MB)
	14331492  -  ResidentSetSize of job (KB)
...
006 (9445571.000.000) 03/23 22:36:50 Image size of job updated: 16531928
	14086  -  MemoryUsage of job (MB)
	14423764  -  ResidentSetSize of job (KB)
...
006 (9445571.000.000) 03/23 22:41:51 Image size of job updated: 16600848
	14182  -  MemoryUsage of job (MB)
	14522012  -  ResidentSetSize of job (KB)
...
006 (9445571.000.000) 03/23 22:46:51 Image size of job updated: 16665100
	14270  -  MemoryUsage of job (MB)
	14611780  -  ResidentSetSize of job (KB)
...
006 (9445571.000.000) 03/23 22:51:51 Image size of job updated: 16722104
	14270  -  MemoryUsage of job (MB)
	14611780  -  ResidentSetSize of job (KB)
...
006 (9445571.000.000) 03/23 22:56:52 Image size of job updated: 16786876
	14270  -  MemoryUsage of job (MB)
	14611780  -  ResidentSetSize of job (KB)
...
006 (9445571.000.000) 03/23 23:01:53 Image size of job updated: 16851384
	14270  -  MemoryUsage of job (MB)
	14611780  -  ResidentSetSize of job (KB)
...
006 (9445571.000.000) 03/23 23:06:53 Image size of job updated: 16915772
	14270  -  MemoryUsage of job (MB)
	14611780  -  ResidentSetSize of job (KB)
...
006 (9445571.000.000) 03/23 23:11:53 Image size of job updated: 16983912
	14270  -  MemoryUsage of job (MB)
	14611780  -  ResidentSetSize of job (KB)
...
006 (9445571.000.000) 03/23 23:16:54 Image size of job updated: 17040528
	14270  -  MemoryUsage of job (MB)
	14611780  -  ResidentSetSize of job (KB)
...
006 (9445571.000.000) 03/23 23:21:55 Image size of job updated: 17106332
	14270  -  MemoryUsage of job (MB)
	14611780  -  ResidentSetSize of job (KB)
...
006 (9445571.000.000) 03/23 23:26:55 Image size of job updated: 17172400
	14270  -  MemoryUsage of job (MB)
	14611780  -  ResidentSetSize of job (KB)
...
006 (9445571.000.000) 03/23 23:31:55 Image size of job updated: 19594656
	14295  -  MemoryUsage of job (MB)
	14637796  -  ResidentSetSize of job (KB)
...
006 (9445571.000.000) 03/23 23:36:57 Image size of job updated: 19649972
	14387  -  MemoryUsage of job (MB)
	14731476  -  ResidentSetSize of job (KB)
...
006 (9445571.000.000) 03/23 23:41:57 Image size of job updated: 19719024
	14483  -  MemoryUsage of job (MB)
	14830004  -  ResidentSetSize of job (KB)
...
006 (9445571.000.000) 03/23 23:46:57 Image size of job updated: 19787940
	14579  -  MemoryUsage of job (MB)
	14928048  -  ResidentSetSize of job (KB)
...
006 (9445571.000.000) 03/23 23:51:58 Image size of job updated: 19856860
	14675  -  MemoryUsage of job (MB)
	15027100  -  ResidentSetSize of job (KB)
...
006 (9445571.000.000) 03/23 23:56:59 Image size of job updated: 19922796
	14766  -  MemoryUsage of job (MB)
	15119744  -  ResidentSetSize of job (KB)
...
006 (9445571.000.000) 03/24 00:01:59 Image size of job updated: 19986660
	14857  -  MemoryUsage of job (MB)
	15212560  -  ResidentSetSize of job (KB)
...
006 (9445571.000.000) 03/24 00:07:00 Image size of job updated: 20041592
	14943  -  MemoryUsage of job (MB)
	15301368  -  ResidentSetSize of job (KB)
...
006 (9445571.000.000) 03/24 00:12:01 Image size of job updated: 20107528
	15033  -  MemoryUsage of job (MB)
	15393688  -  ResidentSetSize of job (KB)
...
006 (9445571.000.000) 03/24 00:17:01 Image size of job updated: 20171528
	15121  -  MemoryUsage of job (MB)
	15483452  -  ResidentSetSize of job (KB)
...
006 (9445571.000.000) 03/24 00:22:01 Image size of job updated: 20226712
	15207  -  MemoryUsage of job (MB)
	15571848  -  ResidentSetSize of job (KB)
...
006 (9445571.000.000) 03/24 00:27:02 Image size of job updated: 20291744
	15297  -  MemoryUsage of job (MB)
	15663780  -  ResidentSetSize of job (KB)
...
006 (9445571.000.000) 03/24 00:32:02 Image size of job updated: 20354964
	15383  -  MemoryUsage of job (MB)
	15751824  -  ResidentSetSize of job (KB)
...
006 (9445571.000.000) 03/24 00:37:02 Image size of job updated: 20416236
	15465  -  MemoryUsage of job (MB)
	15836044  -  ResidentSetSize of job (KB)
...
006 (9445571.000.000) 03/24 00:42:03 Image size of job updated: 20471812
	15552  -  MemoryUsage of job (MB)
	15925096  -  ResidentSetSize of job (KB)
...
006 (9445571.000.000) 03/24 00:47:04 Image size of job updated: 20535808
	15640  -  MemoryUsage of job (MB)
	16015100  -  ResidentSetSize of job (KB)
...
006 (9445571.000.000) 03/24 00:52:04 Image size of job updated: 20597472
	15728  -  MemoryUsage of job (MB)
	16104548  -  ResidentSetSize of job (KB)
...
006 (9445571.000.000) 03/24 00:57:05 Image size of job updated: 20654084
	15817  -  MemoryUsage of job (MB)
	16195988  -  ResidentSetSize of job (KB)
...
006 (9445571.000.000) 03/24 01:02:06 Image size of job updated: 20716268
	15901  -  MemoryUsage of job (MB)
	16281640  -  ResidentSetSize of job (KB)
...
006 (9445571.000.000) 03/24 01:07:06 Image size of job updated: 20780000
	15987  -  MemoryUsage of job (MB)
	16370092  -  ResidentSetSize of job (KB)
...
006 (9445571.000.000) 03/24 01:12:06 Image size of job updated: 20845680
	16077  -  MemoryUsage of job (MB)
	16462656  -  ResidentSetSize of job (KB)
...
006 (9445571.000.000) 03/24 01:17:07 Image size of job updated: 21148760
	16077  -  MemoryUsage of job (MB)
	16462656  -  ResidentSetSize of job (KB)
...
006 (9445571.000.000) 03/24 01:27:08 Image size of job updated: 21148760
	16942  -  MemoryUsage of job (MB)
	17348292  -  ResidentSetSize of job (KB)
...
006 (9445571.000.000) 03/24 01:32:09 Image size of job updated: 23115748
	19556  -  MemoryUsage of job (MB)
	20024948  -  ResidentSetSize of job (KB)
...
006 (9445571.000.000) 03/24 01:37:10 Image size of job updated: 24261548
	19556  -  MemoryUsage of job (MB)
	20025076  -  ResidentSetSize of job (KB)
...
040 (9445571.000.000) 03/24 02:05:22 Started transferring output files
...
040 (9445571.000.000) 03/24 02:05:22 Finished transferring output files
...
005 (9445571.000.000) 03/24 02:05:22 Job terminated.
	(1) Normal termination (return value 0)
		Usr 0 09:52:18, Sys 0 00:09:38  -  Run Remote Usage
		Usr 0 00:00:00, Sys 0 00:00:00  -  Run Local Usage
		Usr 0 09:52:18, Sys 0 00:09:38  -  Total Remote Usage
		Usr 0 00:00:00, Sys 0 00:00:00  -  Total Local Usage
	13906  -  Run Bytes Sent By Job
	236  -  Run Bytes Received By Job
	13906  -  Total Bytes Sent By Job
	236  -  Total Bytes Received By Job
	Partitionable Resources :    Usage  Request Allocated 
	   Cpus                 :     0.99        1         1 
	   Disk (KB)            :   882           1   1293522 
	   Memory (MB)          : 19556        2000      2000 

	Job terminated of its own accord at 2024-03-24T01:05:22Z.
...
