000 (9445617.000.000) 03/23 14:45:11 Job submitted from host: <137.138.156.150:9618?addrs=137.138.156.150-9618+[2001-1458-d00-14--9a]-9618&alias=bigbird13.cern.ch&noUDP&sock=schedd_5144_ef43>
...
040 (9445617.000.000) 03/23 16:01:18 Started transferring input files
	Transferring to host: <128.142.57.142:9618?addrs=128.142.57.142-9618+[2001-1458-301-7--100-8d]-9618&alias=b7s02p9100.cern.ch&noUDP&sock=slot1_12_1919_dbe7_80282>
...
040 (9445617.000.000) 03/23 16:01:18 Finished transferring input files
...
001 (9445617.000.000) 03/23 16:01:19 Job executing on host: <128.142.57.142:9618?addrs=128.142.57.142-9618+[2001-1458-301-7--100-8d]-9618&alias=b7s02p9100.cern.ch&noUDP&sock=startd_1879_6a8b>
...
006 (9445617.000.000) 03/23 16:01:28 Image size of job updated: 326852
	136  -  MemoryUsage of job (MB)
	139164  -  ResidentSetSize of job (KB)
...
006 (9445617.000.000) 03/23 16:06:29 Image size of job updated: 9818280
	7844  -  MemoryUsage of job (MB)
	8031564  -  ResidentSetSize of job (KB)
...
006 (9445617.000.000) 03/23 16:11:29 Image size of job updated: 9867692
	7892  -  MemoryUsage of job (MB)
	8080500  -  ResidentSetSize of job (KB)
...
006 (9445617.000.000) 03/23 16:16:30 Image size of job updated: 9917356
	7929  -  MemoryUsage of job (MB)
	8119012  -  ResidentSetSize of job (KB)
...
006 (9445617.000.000) 03/23 16:21:31 Image size of job updated: 10048600
	8003  -  MemoryUsage of job (MB)
	8194932  -  ResidentSetSize of job (KB)
...
006 (9445617.000.000) 03/23 16:26:31 Image size of job updated: 10088208
	8064  -  MemoryUsage of job (MB)
	8257164  -  ResidentSetSize of job (KB)
...
006 (9445617.000.000) 03/23 16:31:31 Image size of job updated: 10137140
	8134  -  MemoryUsage of job (MB)
	8328272  -  ResidentSetSize of job (KB)
...
006 (9445617.000.000) 03/23 16:36:32 Image size of job updated: 10333144
	8203  -  MemoryUsage of job (MB)
	8399204  -  ResidentSetSize of job (KB)
...
006 (9445617.000.000) 03/23 16:41:33 Image size of job updated: 10381824
	8272  -  MemoryUsage of job (MB)
	8469932  -  ResidentSetSize of job (KB)
...
006 (9445617.000.000) 03/23 16:46:33 Image size of job updated: 10431532
	8343  -  MemoryUsage of job (MB)
	8542528  -  ResidentSetSize of job (KB)
...
006 (9445617.000.000) 03/23 16:51:34 Image size of job updated: 10481896
	8416  -  MemoryUsage of job (MB)
	8617008  -  ResidentSetSize of job (KB)
...
006 (9445617.000.000) 03/23 16:56:35 Image size of job updated: 10534880
	8490  -  MemoryUsage of job (MB)
	8693032  -  ResidentSetSize of job (KB)
...
006 (9445617.000.000) 03/23 17:01:35 Image size of job updated: 10585500
	8563  -  MemoryUsage of job (MB)
	8767756  -  ResidentSetSize of job (KB)
...
006 (9445617.000.000) 03/23 17:06:35 Image size of job updated: 10636932
	8635  -  MemoryUsage of job (MB)
	8841344  -  ResidentSetSize of job (KB)
...
006 (9445617.000.000) 03/23 17:11:36 Image size of job updated: 10982464
	8707  -  MemoryUsage of job (MB)
	8915540  -  ResidentSetSize of job (KB)
...
006 (9445617.000.000) 03/23 17:16:37 Image size of job updated: 11033080
	8779  -  MemoryUsage of job (MB)
	8989696  -  ResidentSetSize of job (KB)
...
006 (9445617.000.000) 03/23 17:21:37 Image size of job updated: 11084380
	8851  -  MemoryUsage of job (MB)
	9063228  -  ResidentSetSize of job (KB)
...
006 (9445617.000.000) 03/23 17:26:38 Image size of job updated: 11134312
	8923  -  MemoryUsage of job (MB)
	9136408  -  ResidentSetSize of job (KB)
...
006 (9445617.000.000) 03/23 17:31:39 Image size of job updated: 11183540
	8994  -  MemoryUsage of job (MB)
	9209452  -  ResidentSetSize of job (KB)
...
006 (9445617.000.000) 03/23 17:36:39 Image size of job updated: 11232312
	9066  -  MemoryUsage of job (MB)
	9282664  -  ResidentSetSize of job (KB)
...
006 (9445617.000.000) 03/23 17:41:39 Image size of job updated: 11283612
	9137  -  MemoryUsage of job (MB)
	9355644  -  ResidentSetSize of job (KB)
...
006 (9445617.000.000) 03/23 17:46:40 Image size of job updated: 11332128
	9208  -  MemoryUsage of job (MB)
	9428140  -  ResidentSetSize of job (KB)
...
006 (9445617.000.000) 03/23 17:51:40 Image size of job updated: 11382776
	9279  -  MemoryUsage of job (MB)
	9500708  -  ResidentSetSize of job (KB)
...
006 (9445617.000.000) 03/23 17:56:40 Image size of job updated: 11433692
	9350  -  MemoryUsage of job (MB)
	9573652  -  ResidentSetSize of job (KB)
...
006 (9445617.000.000) 03/23 18:01:41 Image size of job updated: 11483892
	9423  -  MemoryUsage of job (MB)
	9649012  -  ResidentSetSize of job (KB)
...
006 (9445617.000.000) 03/23 18:06:42 Image size of job updated: 11534804
	9494  -  MemoryUsage of job (MB)
	9721812  -  ResidentSetSize of job (KB)
...
006 (9445617.000.000) 03/23 18:11:42 Image size of job updated: 11585196
	9564  -  MemoryUsage of job (MB)
	9793264  -  ResidentSetSize of job (KB)
...
006 (9445617.000.000) 03/23 18:16:43 Image size of job updated: 12223792
	9635  -  MemoryUsage of job (MB)
	9865540  -  ResidentSetSize of job (KB)
...
006 (9445617.000.000) 03/23 18:21:44 Image size of job updated: 12274704
	9706  -  MemoryUsage of job (MB)
	9938540  -  ResidentSetSize of job (KB)
...
006 (9445617.000.000) 03/23 18:26:44 Image size of job updated: 12324380
	9778  -  MemoryUsage of job (MB)
	10012548  -  ResidentSetSize of job (KB)
...
006 (9445617.000.000) 03/23 18:31:44 Image size of job updated: 12375160
	9850  -  MemoryUsage of job (MB)
	10085516  -  ResidentSetSize of job (KB)
...
006 (9445617.000.000) 03/23 18:36:45 Image size of job updated: 12426072
	9921  -  MemoryUsage of job (MB)
	10158640  -  ResidentSetSize of job (KB)
...
006 (9445617.000.000) 03/23 18:41:45 Image size of job updated: 12474844
	9992  -  MemoryUsage of job (MB)
	10231452  -  ResidentSetSize of job (KB)
...
006 (9445617.000.000) 03/23 18:46:45 Image size of job updated: 12526144
	10064  -  MemoryUsage of job (MB)
	10304764  -  ResidentSetSize of job (KB)
...
006 (9445617.000.000) 03/23 18:51:47 Image size of job updated: 12574920
	10135  -  MemoryUsage of job (MB)
	10377396  -  ResidentSetSize of job (KB)
...
006 (9445617.000.000) 03/23 18:56:47 Image size of job updated: 12625832
	10206  -  MemoryUsage of job (MB)
	10450220  -  ResidentSetSize of job (KB)
...
006 (9445617.000.000) 03/23 19:01:47 Image size of job updated: 12672532
	10276  -  MemoryUsage of job (MB)
	10522496  -  ResidentSetSize of job (KB)
...
006 (9445617.000.000) 03/23 19:06:48 Image size of job updated: 12723444
	10348  -  MemoryUsage of job (MB)
	10595348  -  ResidentSetSize of job (KB)
...
006 (9445617.000.000) 03/23 19:11:49 Image size of job updated: 12776816
	10423  -  MemoryUsage of job (MB)
	10672172  -  ResidentSetSize of job (KB)
...
006 (9445617.000.000) 03/23 19:16:49 Image size of job updated: 12830560
	10496  -  MemoryUsage of job (MB)
	10747172  -  ResidentSetSize of job (KB)
...
006 (9445617.000.000) 03/23 19:21:50 Image size of job updated: 12878624
	10569  -  MemoryUsage of job (MB)
	10822004  -  ResidentSetSize of job (KB)
...
006 (9445617.000.000) 03/23 19:26:51 Image size of job updated: 12932516
	10646  -  MemoryUsage of job (MB)
	10900728  -  ResidentSetSize of job (KB)
...
006 (9445617.000.000) 03/23 19:31:51 Image size of job updated: 12993272
	10727  -  MemoryUsage of job (MB)
	10984036  -  ResidentSetSize of job (KB)
...
006 (9445617.000.000) 03/23 19:36:51 Image size of job updated: 13048980
	10808  -  MemoryUsage of job (MB)
	11066372  -  ResidentSetSize of job (KB)
...
006 (9445617.000.000) 03/23 19:41:53 Image size of job updated: 13106240
	10890  -  MemoryUsage of job (MB)
	11150708  -  ResidentSetSize of job (KB)
...
006 (9445617.000.000) 03/23 19:46:53 Image size of job updated: 13162980
	10971  -  MemoryUsage of job (MB)
	11234100  -  ResidentSetSize of job (KB)
...
006 (9445617.000.000) 03/23 19:51:53 Image size of job updated: 13218036
	11050  -  MemoryUsage of job (MB)
	11314752  -  ResidentSetSize of job (KB)
...
006 (9445617.000.000) 03/23 19:56:54 Image size of job updated: 13278144
	11134  -  MemoryUsage of job (MB)
	11400816  -  ResidentSetSize of job (KB)
...
006 (9445617.000.000) 03/23 20:01:55 Image size of job updated: 13336700
	11220  -  MemoryUsage of job (MB)
	11488388  -  ResidentSetSize of job (KB)
...
006 (9445617.000.000) 03/23 20:06:55 Image size of job updated: 13393828
	11302  -  MemoryUsage of job (MB)
	11572452  -  ResidentSetSize of job (KB)
...
006 (9445617.000.000) 03/23 20:11:55 Image size of job updated: 13456916
	11386  -  MemoryUsage of job (MB)
	11659176  -  ResidentSetSize of job (KB)
...
006 (9445617.000.000) 03/23 20:16:56 Image size of job updated: 14695120
	11472  -  MemoryUsage of job (MB)
	11747320  -  ResidentSetSize of job (KB)
...
006 (9445617.000.000) 03/23 20:21:56 Image size of job updated: 14755228
	11560  -  MemoryUsage of job (MB)
	11837316  -  ResidentSetSize of job (KB)
...
006 (9445617.000.000) 03/23 20:26:56 Image size of job updated: 14817544
	11645  -  MemoryUsage of job (MB)
	11923640  -  ResidentSetSize of job (KB)
...
006 (9445617.000.000) 03/23 20:31:57 Image size of job updated: 14873376
	11725  -  MemoryUsage of job (MB)
	12005740  -  ResidentSetSize of job (KB)
...
006 (9445617.000.000) 03/23 20:36:58 Image size of job updated: 14927136
	11805  -  MemoryUsage of job (MB)
	12087324  -  ResidentSetSize of job (KB)
...
006 (9445617.000.000) 03/23 20:41:58 Image size of job updated: 14982844
	11885  -  MemoryUsage of job (MB)
	12169344  -  ResidentSetSize of job (KB)
...
006 (9445617.000.000) 03/23 20:46:58 Image size of job updated: 15038808
	11966  -  MemoryUsage of job (MB)
	12252228  -  ResidentSetSize of job (KB)
...
006 (9445617.000.000) 03/23 20:51:59 Image size of job updated: 15104356
	12053  -  MemoryUsage of job (MB)
	12341776  -  ResidentSetSize of job (KB)
...
006 (9445617.000.000) 03/23 20:57:00 Image size of job updated: 15161872
	12139  -  MemoryUsage of job (MB)
	12429976  -  ResidentSetSize of job (KB)
...
006 (9445617.000.000) 03/23 21:02:00 Image size of job updated: 15219652
	12223  -  MemoryUsage of job (MB)
	12515980  -  ResidentSetSize of job (KB)
...
006 (9445617.000.000) 03/23 21:07:01 Image size of job updated: 15281312
	12307  -  MemoryUsage of job (MB)
	12601740  -  ResidentSetSize of job (KB)
...
006 (9445617.000.000) 03/23 21:12:02 Image size of job updated: 15339092
	12390  -  MemoryUsage of job (MB)
	12686700  -  ResidentSetSize of job (KB)
...
006 (9445617.000.000) 03/23 21:17:02 Image size of job updated: 15396220
	12472  -  MemoryUsage of job (MB)
	12771084  -  ResidentSetSize of job (KB)
...
006 (9445617.000.000) 03/23 21:22:02 Image size of job updated: 15458404
	12556  -  MemoryUsage of job (MB)
	12856952  -  ResidentSetSize of job (KB)
...
006 (9445617.000.000) 03/23 21:27:03 Image size of job updated: 15515276
	12639  -  MemoryUsage of job (MB)
	12941412  -  ResidentSetSize of job (KB)
...
006 (9445617.000.000) 03/23 21:32:04 Image size of job updated: 15569944
	12716  -  MemoryUsage of job (MB)
	13021016  -  ResidentSetSize of job (KB)
...
006 (9445617.000.000) 03/23 21:37:04 Image size of job updated: 15624612
	12794  -  MemoryUsage of job (MB)
	13100788  -  ResidentSetSize of job (KB)
...
006 (9445617.000.000) 03/23 21:42:04 Image size of job updated: 15680188
	12874  -  MemoryUsage of job (MB)
	13182792  -  ResidentSetSize of job (KB)
...
006 (9445617.000.000) 03/23 21:47:05 Image size of job updated: 15735376
	12954  -  MemoryUsage of job (MB)
	13264188  -  ResidentSetSize of job (KB)
...
006 (9445617.000.000) 03/23 21:52:06 Image size of job updated: 15789912
	13035  -  MemoryUsage of job (MB)
	13347836  -  ResidentSetSize of job (KB)
...
006 (9445617.000.000) 03/23 21:57:06 Image size of job updated: 15854296
	13124  -  MemoryUsage of job (MB)
	13438016  -  ResidentSetSize of job (KB)
...
006 (9445617.000.000) 03/23 22:02:07 Image size of job updated: 15910648
	13202  -  MemoryUsage of job (MB)
	13518124  -  ResidentSetSize of job (KB)
...
006 (9445617.000.000) 03/23 22:07:08 Image size of job updated: 15963244
	13279  -  MemoryUsage of job (MB)
	13596912  -  ResidentSetSize of job (KB)
...
006 (9445617.000.000) 03/23 22:12:08 Image size of job updated: 16016616
	13354  -  MemoryUsage of job (MB)
	13674244  -  ResidentSetSize of job (KB)
...
006 (9445617.000.000) 03/23 22:17:08 Image size of job updated: 16070896
	13432  -  MemoryUsage of job (MB)
	13753604  -  ResidentSetSize of job (KB)
...
006 (9445617.000.000) 03/23 22:22:09 Image size of job updated: 16125044
	13509  -  MemoryUsage of job (MB)
	13832852  -  ResidentSetSize of job (KB)
...
006 (9445617.000.000) 03/23 22:27:10 Image size of job updated: 16180752
	13589  -  MemoryUsage of job (MB)
	13914592  -  ResidentSetSize of job (KB)
...
006 (9445617.000.000) 03/23 22:32:10 Image size of job updated: 16238012
	13672  -  MemoryUsage of job (MB)
	13999308  -  ResidentSetSize of job (KB)
...
006 (9445617.000.000) 03/23 22:37:11 Image size of job updated: 16293456
	13751  -  MemoryUsage of job (MB)
	14080112  -  ResidentSetSize of job (KB)
...
006 (9445617.000.000) 03/23 22:42:12 Image size of job updated: 16353904
	13831  -  MemoryUsage of job (MB)
	14162736  -  ResidentSetSize of job (KB)
...
006 (9445617.000.000) 03/23 22:47:12 Image size of job updated: 16415700
	13915  -  MemoryUsage of job (MB)
	14248672  -  ResidentSetSize of job (KB)
...
006 (9445617.000.000) 03/23 22:52:12 Image size of job updated: 16470108
	14004  -  MemoryUsage of job (MB)
	14339840  -  ResidentSetSize of job (KB)
...
006 (9445617.000.000) 03/23 22:57:14 Image size of job updated: 16531384
	14087  -  MemoryUsage of job (MB)
	14424788  -  ResidentSetSize of job (KB)
...
006 (9445617.000.000) 03/23 23:02:14 Image size of job updated: 16594472
	14174  -  MemoryUsage of job (MB)
	14513176  -  ResidentSetSize of job (KB)
...
006 (9445617.000.000) 03/23 23:07:14 Image size of job updated: 16650568
	14260  -  MemoryUsage of job (MB)
	14601268  -  ResidentSetSize of job (KB)
...
006 (9445617.000.000) 03/23 23:12:15 Image size of job updated: 16712228
	14344  -  MemoryUsage of job (MB)
	14687732  -  ResidentSetSize of job (KB)
...
006 (9445617.000.000) 03/23 23:17:16 Image size of job updated: 16774020
	14428  -  MemoryUsage of job (MB)
	14773824  -  ResidentSetSize of job (KB)
...
006 (9445617.000.000) 03/23 23:22:16 Image size of job updated: 16825064
	14507  -  MemoryUsage of job (MB)
	14854432  -  ResidentSetSize of job (KB)
...
006 (9445617.000.000) 03/23 23:27:16 Image size of job updated: 16884784
	14586  -  MemoryUsage of job (MB)
	14935836  -  ResidentSetSize of job (KB)
...
006 (9445617.000.000) 03/23 23:32:17 Image size of job updated: 16936604
	14667  -  MemoryUsage of job (MB)
	15018620  -  ResidentSetSize of job (KB)
...
006 (9445617.000.000) 03/23 23:37:17 Image size of job updated: 16999948
	14753  -  MemoryUsage of job (MB)
	15106416  -  ResidentSetSize of job (KB)
...
006 (9445617.000.000) 03/23 23:42:17 Image size of job updated: 17061356
	14836  -  MemoryUsage of job (MB)
	15191400  -  ResidentSetSize of job (KB)
...
006 (9445617.000.000) 03/23 23:47:18 Image size of job updated: 17114080
	14919  -  MemoryUsage of job (MB)
	15276160  -  ResidentSetSize of job (KB)
...
006 (9445617.000.000) 03/23 23:52:19 Image size of job updated: 17175876
	15002  -  MemoryUsage of job (MB)
	15361464  -  ResidentSetSize of job (KB)
...
006 (9445617.000.000) 03/23 23:57:19 Image size of job updated: 19596832
	15085  -  MemoryUsage of job (MB)
	15446600  -  ResidentSetSize of job (KB)
...
006 (9445617.000.000) 03/24 00:02:19 Image size of job updated: 19647876
	15168  -  MemoryUsage of job (MB)
	15531384  -  ResidentSetSize of job (KB)
...
006 (9445617.000.000) 03/24 00:07:21 Image size of job updated: 19709668
	15250  -  MemoryUsage of job (MB)
	15615876  -  ResidentSetSize of job (KB)
...
006 (9445617.000.000) 03/24 00:12:21 Image size of job updated: 19762264
	15331  -  MemoryUsage of job (MB)
	15698836  -  ResidentSetSize of job (KB)
...
006 (9445617.000.000) 03/24 00:17:21 Image size of job updated: 19821464
	15411  -  MemoryUsage of job (MB)
	15779880  -  ResidentSetSize of job (KB)
...
006 (9445617.000.000) 03/24 00:22:22 Image size of job updated: 19880664
	15490  -  MemoryUsage of job (MB)
	15860800  -  ResidentSetSize of job (KB)
...
006 (9445617.000.000) 03/24 00:27:23 Image size of job updated: 19932616
	15571  -  MemoryUsage of job (MB)
	15943876  -  ResidentSetSize of job (KB)
...
006 (9445617.000.000) 03/24 00:32:23 Image size of job updated: 19992204
	15650  -  MemoryUsage of job (MB)
	16025296  -  ResidentSetSize of job (KB)
...
006 (9445617.000.000) 03/24 00:37:23 Image size of job updated: 20043380
	15730  -  MemoryUsage of job (MB)
	16106728  -  ResidentSetSize of job (KB)
...
006 (9445617.000.000) 03/24 00:42:24 Image size of job updated: 20102448
	15808  -  MemoryUsage of job (MB)
	16186576  -  ResidentSetSize of job (KB)
...
006 (9445617.000.000) 03/24 00:47:24 Image size of job updated: 20153880
	15887  -  MemoryUsage of job (MB)
	16267480  -  ResidentSetSize of job (KB)
...
006 (9445617.000.000) 03/24 00:52:24 Image size of job updated: 20210100
	15887  -  MemoryUsage of job (MB)
	16267480  -  ResidentSetSize of job (KB)
...
006 (9445617.000.000) 03/24 00:57:26 Image size of job updated: 20256612
	15887  -  MemoryUsage of job (MB)
	16267480  -  ResidentSetSize of job (KB)
...
006 (9445617.000.000) 03/24 01:02:26 Image size of job updated: 20316976
	15887  -  MemoryUsage of job (MB)
	16267480  -  ResidentSetSize of job (KB)
...
006 (9445617.000.000) 03/24 01:07:26 Image size of job updated: 20369184
	15887  -  MemoryUsage of job (MB)
	16267480  -  ResidentSetSize of job (KB)
...
006 (9445617.000.000) 03/24 01:12:27 Image size of job updated: 20428516
	15887  -  MemoryUsage of job (MB)
	16267480  -  ResidentSetSize of job (KB)
...
006 (9445617.000.000) 03/24 01:17:28 Image size of job updated: 20488108
	15887  -  MemoryUsage of job (MB)
	16267480  -  ResidentSetSize of job (KB)
...
006 (9445617.000.000) 03/24 01:22:28 Image size of job updated: 20542520
	15887  -  MemoryUsage of job (MB)
	16267480  -  ResidentSetSize of job (KB)
...
006 (9445617.000.000) 03/24 01:27:28 Image size of job updated: 20606772
	15887  -  MemoryUsage of job (MB)
	16267480  -  ResidentSetSize of job (KB)
...
006 (9445617.000.000) 03/24 01:32:29 Image size of job updated: 20670636
	15887  -  MemoryUsage of job (MB)
	16267480  -  ResidentSetSize of job (KB)
...
006 (9445617.000.000) 03/24 01:37:30 Image size of job updated: 20726344
	15887  -  MemoryUsage of job (MB)
	16267480  -  ResidentSetSize of job (KB)
...
006 (9445617.000.000) 03/24 01:42:30 Image size of job updated: 20789820
	15887  -  MemoryUsage of job (MB)
	16267480  -  ResidentSetSize of job (KB)
...
006 (9445617.000.000) 03/24 01:47:31 Image size of job updated: 20852004
	15887  -  MemoryUsage of job (MB)
	16267480  -  ResidentSetSize of job (KB)
...
006 (9445617.000.000) 03/24 01:52:32 Image size of job updated: 21015528
	15887  -  MemoryUsage of job (MB)
	16267480  -  ResidentSetSize of job (KB)
...
006 (9445617.000.000) 03/24 02:02:32 Image size of job updated: 21015528
	16768  -  MemoryUsage of job (MB)
	17169696  -  ResidentSetSize of job (KB)
...
006 (9445617.000.000) 03/24 02:07:33 Image size of job updated: 23243920
	19008  -  MemoryUsage of job (MB)
	19463376  -  ResidentSetSize of job (KB)
...
006 (9445617.000.000) 03/24 02:12:34 Image size of job updated: 24262364
	19008  -  MemoryUsage of job (MB)
	19463376  -  ResidentSetSize of job (KB)
...
040 (9445617.000.000) 03/24 02:41:53 Started transferring output files
...
040 (9445617.000.000) 03/24 02:41:53 Finished transferring output files
...
005 (9445617.000.000) 03/24 02:41:53 Job terminated.
	(1) Normal termination (return value 0)
		Usr 0 10:29:20, Sys 0 00:08:35  -  Run Remote Usage
		Usr 0 00:00:00, Sys 0 00:00:00  -  Run Local Usage
		Usr 0 10:29:20, Sys 0 00:08:35  -  Total Remote Usage
		Usr 0 00:00:00, Sys 0 00:00:00  -  Total Local Usage
	13928  -  Run Bytes Sent By Job
	236  -  Run Bytes Received By Job
	13928  -  Total Bytes Sent By Job
	236  -  Total Bytes Received By Job
	Partitionable Resources :    Usage  Request Allocated 
	   Cpus                 :     1.00        1         1 
	   Disk (KB)            :  1148           1   1289491 
	   Memory (MB)          : 19008        2000      2000 

	Job terminated of its own accord at 2024-03-24T01:41:53Z.
...
