000 (9445620.000.000) 03/23 14:45:28 Job submitted from host: <137.138.156.150:9618?addrs=137.138.156.150-9618+[2001-1458-d00-14--9a]-9618&alias=bigbird13.cern.ch&noUDP&sock=schedd_5144_ef43>
...
040 (9445620.000.000) 03/23 16:01:20 Started transferring input files
	Transferring to host: <128.142.58.121:9618?addrs=128.142.58.121-9618+[2001-1458-301-16--100-78]-9618&alias=b7s03p8514.cern.ch&noUDP&sock=slot1_18_6990_d655_79084>
...
040 (9445620.000.000) 03/23 16:01:20 Finished transferring input files
...
001 (9445620.000.000) 03/23 16:01:21 Job executing on host: <128.142.58.121:9618?addrs=128.142.58.121-9618+[2001-1458-301-16--100-78]-9618&alias=b7s03p8514.cern.ch&noUDP&sock=startd_6951_62e5>
...
006 (9445620.000.000) 03/23 16:01:29 Image size of job updated: 308524
	123  -  MemoryUsage of job (MB)
	125904  -  ResidentSetSize of job (KB)
...
006 (9445620.000.000) 03/23 16:06:29 Image size of job updated: 9827356
	7834  -  MemoryUsage of job (MB)
	8021088  -  ResidentSetSize of job (KB)
...
006 (9445620.000.000) 03/23 16:11:30 Image size of job updated: 9907584
	7904  -  MemoryUsage of job (MB)
	8093296  -  ResidentSetSize of job (KB)
...
006 (9445620.000.000) 03/23 16:16:31 Image size of job updated: 10059340
	8007  -  MemoryUsage of job (MB)
	8198472  -  ResidentSetSize of job (KB)
...
006 (9445620.000.000) 03/23 16:21:31 Image size of job updated: 10107360
	8083  -  MemoryUsage of job (MB)
	8276364  -  ResidentSetSize of job (KB)
...
006 (9445620.000.000) 03/23 16:26:31 Image size of job updated: 10168696
	8169  -  MemoryUsage of job (MB)
	8364904  -  ResidentSetSize of job (KB)
...
006 (9445620.000.000) 03/23 16:31:32 Image size of job updated: 10372116
	8249  -  MemoryUsage of job (MB)
	8446972  -  ResidentSetSize of job (KB)
...
006 (9445620.000.000) 03/23 16:36:32 Image size of job updated: 10428760
	8330  -  MemoryUsage of job (MB)
	8529164  -  ResidentSetSize of job (KB)
...
006 (9445620.000.000) 03/23 16:41:32 Image size of job updated: 10484204
	8409  -  MemoryUsage of job (MB)
	8610500  -  ResidentSetSize of job (KB)
...
006 (9445620.000.000) 03/23 16:46:33 Image size of job updated: 10541240
	8490  -  MemoryUsage of job (MB)
	8693076  -  ResidentSetSize of job (KB)
...
006 (9445620.000.000) 03/23 16:51:34 Image size of job updated: 10598140
	8570  -  MemoryUsage of job (MB)
	8775208  -  ResidentSetSize of job (KB)
...
006 (9445620.000.000) 03/23 16:56:34 Image size of job updated: 10655948
	8652  -  MemoryUsage of job (MB)
	8858888  -  ResidentSetSize of job (KB)
...
006 (9445620.000.000) 03/23 17:01:34 Image size of job updated: 11008672
	8734  -  MemoryUsage of job (MB)
	8943264  -  ResidentSetSize of job (KB)
...
006 (9445620.000.000) 03/23 17:06:35 Image size of job updated: 11067388
	8821  -  MemoryUsage of job (MB)
	9032236  -  ResidentSetSize of job (KB)
...
006 (9445620.000.000) 03/23 17:11:36 Image size of job updated: 11122920
	8899  -  MemoryUsage of job (MB)
	9112500  -  ResidentSetSize of job (KB)
...
006 (9445620.000.000) 03/23 17:16:36 Image size of job updated: 11176424
	8974  -  MemoryUsage of job (MB)
	9189336  -  ResidentSetSize of job (KB)
...
006 (9445620.000.000) 03/23 17:21:37 Image size of job updated: 11234916
	9057  -  MemoryUsage of job (MB)
	9273632  -  ResidentSetSize of job (KB)
...
006 (9445620.000.000) 03/23 17:26:38 Image size of job updated: 11288676
	9132  -  MemoryUsage of job (MB)
	9350640  -  ResidentSetSize of job (KB)
...
006 (9445620.000.000) 03/23 17:31:38 Image size of job updated: 11340884
	9205  -  MemoryUsage of job (MB)
	9425816  -  ResidentSetSize of job (KB)
...
006 (9445620.000.000) 03/23 17:36:38 Image size of job updated: 11389656
	9279  -  MemoryUsage of job (MB)
	9501568  -  ResidentSetSize of job (KB)
...
006 (9445620.000.000) 03/23 17:41:39 Image size of job updated: 11442896
	9355  -  MemoryUsage of job (MB)
	9579200  -  ResidentSetSize of job (KB)
...
006 (9445620.000.000) 03/23 17:46:40 Image size of job updated: 11495104
	9429  -  MemoryUsage of job (MB)
	9654444  -  ResidentSetSize of job (KB)
...
006 (9445620.000.000) 03/23 17:51:40 Image size of job updated: 11548608
	9504  -  MemoryUsage of job (MB)
	9731144  -  ResidentSetSize of job (KB)
...
006 (9445620.000.000) 03/23 17:56:40 Image size of job updated: 11600684
	9577  -  MemoryUsage of job (MB)
	9806136  -  ResidentSetSize of job (KB)
...
006 (9445620.000.000) 03/23 18:01:41 Image size of job updated: 12246472
	9656  -  MemoryUsage of job (MB)
	9887628  -  ResidentSetSize of job (KB)
...
006 (9445620.000.000) 03/23 18:06:41 Image size of job updated: 12300224
	9733  -  MemoryUsage of job (MB)
	9966436  -  ResidentSetSize of job (KB)
...
006 (9445620.000.000) 03/23 18:11:41 Image size of job updated: 12351136
	9806  -  MemoryUsage of job (MB)
	10040852  -  ResidentSetSize of job (KB)
...
006 (9445620.000.000) 03/23 18:16:42 Image size of job updated: 12399912
	9878  -  MemoryUsage of job (MB)
	10114136  -  ResidentSetSize of job (KB)
...
006 (9445620.000.000) 03/23 18:21:43 Image size of job updated: 12452120
	9951  -  MemoryUsage of job (MB)
	10189264  -  ResidentSetSize of job (KB)
...
006 (9445620.000.000) 03/23 18:26:43 Image size of job updated: 12503940
	10024  -  MemoryUsage of job (MB)
	10264388  -  ResidentSetSize of job (KB)
...
006 (9445620.000.000) 03/23 18:31:44 Image size of job updated: 12556792
	10098  -  MemoryUsage of job (MB)
	10339940  -  ResidentSetSize of job (KB)
...
006 (9445620.000.000) 03/23 18:36:45 Image size of job updated: 12606084
	10170  -  MemoryUsage of job (MB)
	10413844  -  ResidentSetSize of job (KB)
...
006 (9445620.000.000) 03/23 18:41:45 Image size of job updated: 12656996
	10241  -  MemoryUsage of job (MB)
	10486764  -  ResidentSetSize of job (KB)
...
006 (9445620.000.000) 03/23 18:46:45 Image size of job updated: 12709592
	10315  -  MemoryUsage of job (MB)
	10561592  -  ResidentSetSize of job (KB)
...
006 (9445620.000.000) 03/23 18:51:46 Image size of job updated: 12758884
	10387  -  MemoryUsage of job (MB)
	10635324  -  ResidentSetSize of job (KB)
...
006 (9445620.000.000) 03/23 18:56:47 Image size of job updated: 12809664
	10458  -  MemoryUsage of job (MB)
	10708152  -  ResidentSetSize of job (KB)
...
006 (9445620.000.000) 03/23 19:01:47 Image size of job updated: 12855900
	10527  -  MemoryUsage of job (MB)
	10779532  -  ResidentSetSize of job (KB)
...
006 (9445620.000.000) 03/23 19:06:49 Image size of job updated: 12906812
	10598  -  MemoryUsage of job (MB)
	10852032  -  ResidentSetSize of job (KB)
...
006 (9445620.000.000) 03/23 19:11:49 Image size of job updated: 12961480
	10674  -  MemoryUsage of job (MB)
	10929236  -  ResidentSetSize of job (KB)
...
006 (9445620.000.000) 03/23 19:16:49 Image size of job updated: 13017444
	10757  -  MemoryUsage of job (MB)
	11014540  -  ResidentSetSize of job (KB)
...
006 (9445620.000.000) 03/23 19:21:50 Image size of job updated: 13081308
	10844  -  MemoryUsage of job (MB)
	11103564  -  ResidentSetSize of job (KB)
...
006 (9445620.000.000) 03/23 19:26:51 Image size of job updated: 13142844
	10934  -  MemoryUsage of job (MB)
	11195448  -  ResidentSetSize of job (KB)
...
006 (9445620.000.000) 03/23 19:31:51 Image size of job updated: 13207872
	11023  -  MemoryUsage of job (MB)
	11286640  -  ResidentSetSize of job (KB)
...
006 (9445620.000.000) 03/23 19:36:51 Image size of job updated: 13267204
	11114  -  MemoryUsage of job (MB)
	11380032  -  ResidentSetSize of job (KB)
...
006 (9445620.000.000) 03/23 19:41:52 Image size of job updated: 13333276
	11204  -  MemoryUsage of job (MB)
	11472764  -  ResidentSetSize of job (KB)
...
006 (9445620.000.000) 03/23 19:46:53 Image size of job updated: 13398956
	11295  -  MemoryUsage of job (MB)
	11565264  -  ResidentSetSize of job (KB)
...
006 (9445620.000.000) 03/23 19:51:53 Image size of job updated: 13460748
	11385  -  MemoryUsage of job (MB)
	11657296  -  ResidentSetSize of job (KB)
...
006 (9445620.000.000) 03/23 19:56:53 Image size of job updated: 14705036
	11473  -  MemoryUsage of job (MB)
	11748092  -  ResidentSetSize of job (KB)
...
006 (9445620.000.000) 03/23 20:01:54 Image size of job updated: 14765020
	11561  -  MemoryUsage of job (MB)
	11838132  -  ResidentSetSize of job (KB)
...
006 (9445620.000.000) 03/23 20:06:55 Image size of job updated: 14821372
	11646  -  MemoryUsage of job (MB)
	11924956  -  ResidentSetSize of job (KB)
...
006 (9445620.000.000) 03/23 20:11:55 Image size of job updated: 14884720
	11733  -  MemoryUsage of job (MB)
	12013704  -  ResidentSetSize of job (KB)
...
006 (9445620.000.000) 03/23 20:16:56 Image size of job updated: 14944828
	11821  -  MemoryUsage of job (MB)
	12104040  -  ResidentSetSize of job (KB)
...
006 (9445620.000.000) 03/23 20:21:57 Image size of job updated: 15008436
	11907  -  MemoryUsage of job (MB)
	12192404  -  ResidentSetSize of job (KB)
...
006 (9445620.000.000) 03/23 20:26:57 Image size of job updated: 15067636
	11993  -  MemoryUsage of job (MB)
	12280524  -  ResidentSetSize of job (KB)
...
006 (9445620.000.000) 03/23 20:31:57 Image size of job updated: 15126324
	12078  -  MemoryUsage of job (MB)
	12367528  -  ResidentSetSize of job (KB)
...
006 (9445620.000.000) 03/23 20:36:59 Image size of job updated: 15189672
	12164  -  MemoryUsage of job (MB)
	12455460  -  ResidentSetSize of job (KB)
...
006 (9445620.000.000) 03/23 20:41:59 Image size of job updated: 15248616
	12250  -  MemoryUsage of job (MB)
	12543652  -  ResidentSetSize of job (KB)
...
006 (9445620.000.000) 03/23 20:46:59 Image size of job updated: 15305876
	12336  -  MemoryUsage of job (MB)
	12631524  -  ResidentSetSize of job (KB)
...
006 (9445620.000.000) 03/23 20:52:00 Image size of job updated: 15369352
	12423  -  MemoryUsage of job (MB)
	12720980  -  ResidentSetSize of job (KB)
...
006 (9445620.000.000) 03/23 20:57:01 Image size of job updated: 15429072
	12510  -  MemoryUsage of job (MB)
	12810056  -  ResidentSetSize of job (KB)
...
006 (9445620.000.000) 03/23 21:02:01 Image size of job updated: 15492936
	12597  -  MemoryUsage of job (MB)
	12899216  -  ResidentSetSize of job (KB)
...
006 (9445620.000.000) 03/23 21:07:01 Image size of job updated: 15553044
	12684  -  MemoryUsage of job (MB)
	12988260  -  ResidentSetSize of job (KB)
...
006 (9445620.000.000) 03/23 21:12:02 Image size of job updated: 15616524
	12772  -  MemoryUsage of job (MB)
	13077660  -  ResidentSetSize of job (KB)
...
006 (9445620.000.000) 03/23 21:17:03 Image size of job updated: 15675468
	12857  -  MemoryUsage of job (MB)
	13164888  -  ResidentSetSize of job (KB)
...
006 (9445620.000.000) 03/23 21:22:03 Image size of job updated: 15729748
	12939  -  MemoryUsage of job (MB)
	13248532  -  ResidentSetSize of job (KB)
...
006 (9445620.000.000) 03/23 21:27:03 Image size of job updated: 15787396
	13022  -  MemoryUsage of job (MB)
	13333840  -  ResidentSetSize of job (KB)
...
006 (9445620.000.000) 03/23 21:32:04 Image size of job updated: 15850096
	13107  -  MemoryUsage of job (MB)
	13420928  -  ResidentSetSize of job (KB)
...
006 (9445620.000.000) 03/23 21:37:04 Image size of job updated: 15908520
	13192  -  MemoryUsage of job (MB)
	13508096  -  ResidentSetSize of job (KB)
...
006 (9445620.000.000) 03/23 21:42:04 Image size of job updated: 15965392
	13274  -  MemoryUsage of job (MB)
	13591624  -  ResidentSetSize of job (KB)
...
006 (9445620.000.000) 03/23 21:47:05 Image size of job updated: 16020968
	13353  -  MemoryUsage of job (MB)
	13673100  -  ResidentSetSize of job (KB)
...
006 (9445620.000.000) 03/23 21:52:06 Image size of job updated: 16080556
	13432  -  MemoryUsage of job (MB)
	13754008  -  ResidentSetSize of job (KB)
...
006 (9445620.000.000) 03/23 21:57:06 Image size of job updated: 16134448
	13508  -  MemoryUsage of job (MB)
	13832016  -  ResidentSetSize of job (KB)
...
006 (9445620.000.000) 03/23 22:02:07 Image size of job updated: 16181992
	13584  -  MemoryUsage of job (MB)
	13909312  -  ResidentSetSize of job (KB)
...
006 (9445620.000.000) 03/23 22:07:08 Image size of job updated: 16236272
	13660  -  MemoryUsage of job (MB)
	13987580  -  ResidentSetSize of job (KB)
...
006 (9445620.000.000) 03/23 22:12:08 Image size of job updated: 16289644
	13736  -  MemoryUsage of job (MB)
	14065264  -  ResidentSetSize of job (KB)
...
006 (9445620.000.000) 03/23 22:17:08 Image size of job updated: 16343488
	13813  -  MemoryUsage of job (MB)
	14143784  -  ResidentSetSize of job (KB)
...
006 (9445620.000.000) 03/23 22:22:09 Image size of job updated: 16401912
	13889  -  MemoryUsage of job (MB)
	14222052  -  ResidentSetSize of job (KB)
...
006 (9445620.000.000) 03/23 22:27:09 Image size of job updated: 16449844
	13966  -  MemoryUsage of job (MB)
	14300688  -  ResidentSetSize of job (KB)
...
006 (9445620.000.000) 03/23 22:32:09 Image size of job updated: 16506972
	14041  -  MemoryUsage of job (MB)
	14377564  -  ResidentSetSize of job (KB)
...
006 (9445620.000.000) 03/23 22:37:11 Image size of job updated: 16557496
	14118  -  MemoryUsage of job (MB)
	14456420  -  ResidentSetSize of job (KB)
...
006 (9445620.000.000) 03/23 22:42:11 Image size of job updated: 16617216
	14118  -  MemoryUsage of job (MB)
	14456420  -  ResidentSetSize of job (KB)
...
006 (9445620.000.000) 03/23 22:47:11 Image size of job updated: 16676028
	14118  -  MemoryUsage of job (MB)
	14456420  -  ResidentSetSize of job (KB)
...
006 (9445620.000.000) 03/23 22:52:12 Image size of job updated: 16727072
	14118  -  MemoryUsage of job (MB)
	14456420  -  ResidentSetSize of job (KB)
...
006 (9445620.000.000) 03/23 22:57:13 Image size of job updated: 16784068
	14118  -  MemoryUsage of job (MB)
	14456420  -  ResidentSetSize of job (KB)
...
006 (9445620.000.000) 03/23 23:02:13 Image size of job updated: 16836408
	14118  -  MemoryUsage of job (MB)
	14456420  -  ResidentSetSize of job (KB)
...
006 (9445620.000.000) 03/23 23:07:13 Image size of job updated: 16897680
	14118  -  MemoryUsage of job (MB)
	14456420  -  ResidentSetSize of job (KB)
...
006 (9445620.000.000) 03/23 23:12:14 Image size of job updated: 16948724
	14118  -  MemoryUsage of job (MB)
	14456420  -  ResidentSetSize of job (KB)
...
006 (9445620.000.000) 03/23 23:17:15 Image size of job updated: 17007404
	14118  -  MemoryUsage of job (MB)
	14456420  -  ResidentSetSize of job (KB)
...
006 (9445620.000.000) 03/23 23:22:15 Image size of job updated: 17056896
	14118  -  MemoryUsage of job (MB)
	14456420  -  ResidentSetSize of job (KB)
...
006 (9445620.000.000) 03/23 23:27:15 Image size of job updated: 17116488
	14118  -  MemoryUsage of job (MB)
	14456420  -  ResidentSetSize of job (KB)
...
006 (9445620.000.000) 03/23 23:32:16 Image size of job updated: 17177372
	14118  -  MemoryUsage of job (MB)
	14456420  -  ResidentSetSize of job (KB)
...
006 (9445620.000.000) 03/23 23:37:16 Image size of job updated: 17231008
	14118  -  MemoryUsage of job (MB)
	14456420  -  ResidentSetSize of job (KB)
...
006 (9445620.000.000) 03/23 23:42:16 Image size of job updated: 19651964
	14118  -  MemoryUsage of job (MB)
	14456420  -  ResidentSetSize of job (KB)
...
006 (9445620.000.000) 03/23 23:47:17 Image size of job updated: 19714012
	14118  -  MemoryUsage of job (MB)
	14456420  -  ResidentSetSize of job (KB)
...
006 (9445620.000.000) 03/23 23:52:18 Image size of job updated: 19768168
	14118  -  MemoryUsage of job (MB)
	14456420  -  ResidentSetSize of job (KB)
...
006 (9445620.000.000) 03/23 23:57:18 Image size of job updated: 19830216
	14118  -  MemoryUsage of job (MB)
	14456420  -  ResidentSetSize of job (KB)
...
006 (9445620.000.000) 03/24 00:02:18 Image size of job updated: 19880484
	14118  -  MemoryUsage of job (MB)
	14456420  -  ResidentSetSize of job (KB)
...
006 (9445620.000.000) 03/24 00:07:19 Image size of job updated: 19942144
	14118  -  MemoryUsage of job (MB)
	14456420  -  ResidentSetSize of job (KB)
...
006 (9445620.000.000) 03/24 00:12:19 Image size of job updated: 20004328
	14118  -  MemoryUsage of job (MB)
	14456420  -  ResidentSetSize of job (KB)
...
006 (9445620.000.000) 03/24 00:17:19 Image size of job updated: 20057960
	14118  -  MemoryUsage of job (MB)
	14456420  -  ResidentSetSize of job (KB)
...
006 (9445620.000.000) 03/24 00:22:20 Image size of job updated: 20120144
	14118  -  MemoryUsage of job (MB)
	14456420  -  ResidentSetSize of job (KB)
...
006 (9445620.000.000) 03/24 00:27:21 Image size of job updated: 20183100
	14118  -  MemoryUsage of job (MB)
	14456420  -  ResidentSetSize of job (KB)
...
006 (9445620.000.000) 03/24 00:32:21 Image size of job updated: 20234532
	14118  -  MemoryUsage of job (MB)
	14456420  -  ResidentSetSize of job (KB)
...
006 (9445620.000.000) 03/24 00:37:21 Image size of job updated: 20297620
	14118  -  MemoryUsage of job (MB)
	14456420  -  ResidentSetSize of job (KB)
...
006 (9445620.000.000) 03/24 00:42:22 Image size of job updated: 20360708
	14118  -  MemoryUsage of job (MB)
	14456420  -  ResidentSetSize of job (KB)
...
006 (9445620.000.000) 03/24 00:47:22 Image size of job updated: 20414600
	14118  -  MemoryUsage of job (MB)
	14456420  -  ResidentSetSize of job (KB)
...
006 (9445620.000.000) 03/24 00:52:22 Image size of job updated: 20476004
	14118  -  MemoryUsage of job (MB)
	14456420  -  ResidentSetSize of job (KB)
...
006 (9445620.000.000) 03/24 00:57:24 Image size of job updated: 20536892
	14118  -  MemoryUsage of job (MB)
	14456420  -  ResidentSetSize of job (KB)
...
006 (9445620.000.000) 03/24 01:02:24 Image size of job updated: 20592076
	14178  -  MemoryUsage of job (MB)
	14517432  -  ResidentSetSize of job (KB)
...
006 (9445620.000.000) 03/24 01:07:24 Image size of job updated: 20655168
	14291  -  MemoryUsage of job (MB)
	14633736  -  ResidentSetSize of job (KB)
...
006 (9445620.000.000) 03/24 01:12:25 Image size of job updated: 20719420
	14407  -  MemoryUsage of job (MB)
	14752456  -  ResidentSetSize of job (KB)
...
006 (9445620.000.000) 03/24 01:17:26 Image size of job updated: 20775904
	14523  -  MemoryUsage of job (MB)
	14871472  -  ResidentSetSize of job (KB)
...
006 (9445620.000.000) 03/24 01:22:26 Image size of job updated: 20840288
	14640  -  MemoryUsage of job (MB)
	14990700  -  ResidentSetSize of job (KB)
...
006 (9445620.000.000) 03/24 01:27:26 Image size of job updated: 20897672
	14640  -  MemoryUsage of job (MB)
	14990700  -  ResidentSetSize of job (KB)
...
006 (9445620.000.000) 03/24 01:32:27 Image size of job updated: 20897672
	15227  -  MemoryUsage of job (MB)
	15591692  -  ResidentSetSize of job (KB)
...
006 (9445620.000.000) 03/24 01:37:28 Image size of job updated: 20897672
	16348  -  MemoryUsage of job (MB)
	16739600  -  ResidentSetSize of job (KB)
...
006 (9445620.000.000) 03/24 01:42:28 Image size of job updated: 21551908
	17591  -  MemoryUsage of job (MB)
	18013072  -  ResidentSetSize of job (KB)
...
006 (9445620.000.000) 03/24 01:47:29 Image size of job updated: 23699588
	19266  -  MemoryUsage of job (MB)
	19727804  -  ResidentSetSize of job (KB)
...
006 (9445620.000.000) 03/24 01:52:30 Image size of job updated: 23720088
	19266  -  MemoryUsage of job (MB)
	19727804  -  ResidentSetSize of job (KB)
...
006 (9445620.000.000) 03/24 02:17:32 Image size of job updated: 23722120
	19266  -  MemoryUsage of job (MB)
	19727804  -  ResidentSetSize of job (KB)
...
040 (9445620.000.000) 03/24 02:21:06 Started transferring output files
...
040 (9445620.000.000) 03/24 02:21:06 Finished transferring output files
...
005 (9445620.000.000) 03/24 02:21:06 Job terminated.
	(1) Normal termination (return value 0)
		Usr 0 10:05:19, Sys 0 00:11:27  -  Run Remote Usage
		Usr 0 00:00:00, Sys 0 00:00:00  -  Run Local Usage
		Usr 0 10:05:19, Sys 0 00:11:27  -  Total Remote Usage
		Usr 0 00:00:00, Sys 0 00:00:00  -  Total Local Usage
	13944  -  Run Bytes Sent By Job
	238  -  Run Bytes Received By Job
	13944  -  Total Bytes Sent By Job
	238  -  Total Bytes Received By Job
	Partitionable Resources :    Usage  Request Allocated 
	   Cpus                 :     0.99        1         1 
	   Disk (KB)            :   590           1   1286163 
	   Memory (MB)          : 19266        2000      2000 

	Job terminated of its own accord at 2024-03-24T01:21:06Z.
...
