000 (9445597.000.000) 03/23 14:43:11 Job submitted from host: <137.138.156.150:9618?addrs=137.138.156.150-9618+[2001-1458-d00-14--9a]-9618&alias=bigbird13.cern.ch&noUDP&sock=schedd_5144_ef43>
...
040 (9445597.000.000) 03/23 16:01:09 Started transferring input files
	Transferring to host: <128.142.56.154:9618?addrs=128.142.56.154-9618&alias=b7s01p2419.cern.ch&noUDP&sock=slot1_21_6925_09f3_79258>
...
040 (9445597.000.000) 03/23 16:01:09 Finished transferring input files
...
001 (9445597.000.000) 03/23 16:01:10 Job executing on host: <128.142.56.154:9618?addrs=128.142.56.154-9618&alias=b7s01p2419.cern.ch&noUDP&sock=startd_6863_0690>
...
006 (9445597.000.000) 03/23 16:01:19 Image size of job updated: 328304
	138  -  MemoryUsage of job (MB)
	140436  -  ResidentSetSize of job (KB)
...
006 (9445597.000.000) 03/23 16:06:20 Image size of job updated: 9830724
	7842  -  MemoryUsage of job (MB)
	8029524  -  ResidentSetSize of job (KB)
...
006 (9445597.000.000) 03/23 16:11:20 Image size of job updated: 9911304
	7907  -  MemoryUsage of job (MB)
	8096152  -  ResidentSetSize of job (KB)
...
006 (9445597.000.000) 03/23 16:16:20 Image size of job updated: 10060716
	8008  -  MemoryUsage of job (MB)
	8200040  -  ResidentSetSize of job (KB)
...
006 (9445597.000.000) 03/23 16:21:21 Image size of job updated: 10107952
	8081  -  MemoryUsage of job (MB)
	8274548  -  ResidentSetSize of job (KB)
...
006 (9445597.000.000) 03/23 16:26:21 Image size of job updated: 10170584
	8170  -  MemoryUsage of job (MB)
	8365996  -  ResidentSetSize of job (KB)
...
006 (9445597.000.000) 03/23 16:31:21 Image size of job updated: 10377532
	8259  -  MemoryUsage of job (MB)
	8456292  -  ResidentSetSize of job (KB)
...
006 (9445597.000.000) 03/23 16:36:22 Image size of job updated: 10439392
	8347  -  MemoryUsage of job (MB)
	8546496  -  ResidentSetSize of job (KB)
...
006 (9445597.000.000) 03/23 16:41:23 Image size of job updated: 10501120
	8434  -  MemoryUsage of job (MB)
	8636320  -  ResidentSetSize of job (KB)
...
006 (9445597.000.000) 03/23 16:46:23 Image size of job updated: 10561520
	8521  -  MemoryUsage of job (MB)
	8724800  -  ResidentSetSize of job (KB)
...
006 (9445597.000.000) 03/23 16:51:23 Image size of job updated: 10622604
	8607  -  MemoryUsage of job (MB)
	8813096  -  ResidentSetSize of job (KB)
...
006 (9445597.000.000) 03/23 16:56:24 Image size of job updated: 10977396
	8692  -  MemoryUsage of job (MB)
	8900324  -  ResidentSetSize of job (KB)
...
006 (9445597.000.000) 03/23 17:01:24 Image size of job updated: 11038480
	8779  -  MemoryUsage of job (MB)
	8989316  -  ResidentSetSize of job (KB)
...
006 (9445597.000.000) 03/23 17:06:24 Image size of job updated: 11101504
	8869  -  MemoryUsage of job (MB)
	9080916  -  ResidentSetSize of job (KB)
...
006 (9445597.000.000) 03/23 17:11:25 Image size of job updated: 11166072
	8959  -  MemoryUsage of job (MB)
	9173232  -  ResidentSetSize of job (KB)
...
006 (9445597.000.000) 03/23 17:16:26 Image size of job updated: 11227796
	9045  -  MemoryUsage of job (MB)
	9261488  -  ResidentSetSize of job (KB)
...
006 (9445597.000.000) 03/23 17:21:26 Image size of job updated: 11284668
	9128  -  MemoryUsage of job (MB)
	9346292  -  ResidentSetSize of job (KB)
...
006 (9445597.000.000) 03/23 17:26:26 Image size of job updated: 11345232
	9213  -  MemoryUsage of job (MB)
	9433604  -  ResidentSetSize of job (KB)
...
006 (9445597.000.000) 03/23 17:31:27 Image size of job updated: 11406572
	9299  -  MemoryUsage of job (MB)
	9521352  -  ResidentSetSize of job (KB)
...
006 (9445597.000.000) 03/23 17:36:27 Image size of job updated: 11461760
	9382  -  MemoryUsage of job (MB)
	9606948  -  ResidentSetSize of job (KB)
...
006 (9445597.000.000) 03/23 17:41:27 Image size of job updated: 11523484
	9468  -  MemoryUsage of job (MB)
	9695016  -  ResidentSetSize of job (KB)
...
006 (9445597.000.000) 03/23 17:46:28 Image size of job updated: 11584956
	9555  -  MemoryUsage of job (MB)
	9783868  -  ResidentSetSize of job (KB)
...
006 (9445597.000.000) 03/23 17:51:29 Image size of job updated: 12233336
	9641  -  MemoryUsage of job (MB)
	9871608  -  ResidentSetSize of job (KB)
...
006 (9445597.000.000) 03/23 17:56:29 Image size of job updated: 12295524
	9727  -  MemoryUsage of job (MB)
	9960424  -  ResidentSetSize of job (KB)
...
006 (9445597.000.000) 03/23 18:01:29 Image size of job updated: 12356912
	9815  -  MemoryUsage of job (MB)
	10049580  -  ResidentSetSize of job (KB)
...
006 (9445597.000.000) 03/23 18:06:30 Image size of job updated: 12416180
	9898  -  MemoryUsage of job (MB)
	10134848  -  ResidentSetSize of job (KB)
...
006 (9445597.000.000) 03/23 18:11:31 Image size of job updated: 12473828
	9982  -  MemoryUsage of job (MB)
	10220680  -  ResidentSetSize of job (KB)
...
006 (9445597.000.000) 03/23 18:16:31 Image size of job updated: 12534780
	10067  -  MemoryUsage of job (MB)
	10307676  -  ResidentSetSize of job (KB)
...
006 (9445597.000.000) 03/23 18:21:31 Image size of job updated: 12591520
	10152  -  MemoryUsage of job (MB)
	10394664  -  ResidentSetSize of job (KB)
...
006 (9445597.000.000) 03/23 18:26:32 Image size of job updated: 12652084
	10237  -  MemoryUsage of job (MB)
	10482080  -  ResidentSetSize of job (KB)
...
006 (9445597.000.000) 03/23 18:31:32 Image size of job updated: 12713940
	10325  -  MemoryUsage of job (MB)
	10571788  -  ResidentSetSize of job (KB)
...
006 (9445597.000.000) 03/23 18:36:32 Image size of job updated: 12775412
	10411  -  MemoryUsage of job (MB)
	10660460  -  ResidentSetSize of job (KB)
...
006 (9445597.000.000) 03/23 18:41:33 Image size of job updated: 12837528
	10499  -  MemoryUsage of job (MB)
	10750584  -  ResidentSetSize of job (KB)
...
006 (9445597.000.000) 03/23 18:46:34 Image size of job updated: 12900668
	10585  -  MemoryUsage of job (MB)
	10838140  -  ResidentSetSize of job (KB)
...
006 (9445597.000.000) 03/23 18:51:34 Image size of job updated: 12960388
	10671  -  MemoryUsage of job (MB)
	10927072  -  ResidentSetSize of job (KB)
...
006 (9445597.000.000) 03/23 18:56:34 Image size of job updated: 13019720
	10758  -  MemoryUsage of job (MB)
	11015744  -  ResidentSetSize of job (KB)
...
006 (9445597.000.000) 03/23 19:01:35 Image size of job updated: 13083584
	10846  -  MemoryUsage of job (MB)
	11106108  -  ResidentSetSize of job (KB)
...
006 (9445597.000.000) 03/23 19:06:36 Image size of job updated: 13141364
	10933  -  MemoryUsage of job (MB)
	11194876  -  ResidentSetSize of job (KB)
...
006 (9445597.000.000) 03/23 19:11:36 Image size of job updated: 13206008
	11021  -  MemoryUsage of job (MB)
	11285416  -  ResidentSetSize of job (KB)
...
006 (9445597.000.000) 03/23 19:16:37 Image size of job updated: 13266248
	11110  -  MemoryUsage of job (MB)
	11375832  -  ResidentSetSize of job (KB)
...
006 (9445597.000.000) 03/23 19:21:38 Image size of job updated: 13331276
	11200  -  MemoryUsage of job (MB)
	11467976  -  ResidentSetSize of job (KB)
...
006 (9445597.000.000) 03/23 19:26:38 Image size of job updated: 13391260
	11287  -  MemoryUsage of job (MB)
	11557824  -  ResidentSetSize of job (KB)
...
006 (9445597.000.000) 03/23 19:31:38 Image size of job updated: 13448256
	11370  -  MemoryUsage of job (MB)
	11642024  -  ResidentSetSize of job (KB)
...
006 (9445597.000.000) 03/23 19:36:39 Image size of job updated: 14689828
	11455  -  MemoryUsage of job (MB)
	11729064  -  ResidentSetSize of job (KB)
...
006 (9445597.000.000) 03/23 19:41:40 Image size of job updated: 14748252
	11539  -  MemoryUsage of job (MB)
	11815932  -  ResidentSetSize of job (KB)
...
006 (9445597.000.000) 03/23 19:46:40 Image size of job updated: 14807584
	11627  -  MemoryUsage of job (MB)
	11905044  -  ResidentSetSize of job (KB)
...
006 (9445597.000.000) 03/23 19:51:40 Image size of job updated: 14874432
	11719  -  MemoryUsage of job (MB)
	11999416  -  ResidentSetSize of job (KB)
...
006 (9445597.000.000) 03/23 19:56:41 Image size of job updated: 14941664
	11813  -  MemoryUsage of job (MB)
	12095824  -  ResidentSetSize of job (KB)
...
006 (9445597.000.000) 03/23 20:01:42 Image size of job updated: 15001904
	11901  -  MemoryUsage of job (MB)
	12185956  -  ResidentSetSize of job (KB)
...
006 (9445597.000.000) 03/23 20:06:42 Image size of job updated: 15066156
	11989  -  MemoryUsage of job (MB)
	12276256  -  ResidentSetSize of job (KB)
...
006 (9445597.000.000) 03/23 20:11:43 Image size of job updated: 15123548
	12073  -  MemoryUsage of job (MB)
	12362360  -  ResidentSetSize of job (KB)
...
006 (9445597.000.000) 03/23 20:16:44 Image size of job updated: 15180288
	12154  -  MemoryUsage of job (MB)
	12445668  -  ResidentSetSize of job (KB)
...
006 (9445597.000.000) 03/23 20:21:44 Image size of job updated: 15246228
	12246  -  MemoryUsage of job (MB)
	12539148  -  ResidentSetSize of job (KB)
...
006 (9445597.000.000) 03/23 20:26:44 Image size of job updated: 15307764
	12336  -  MemoryUsage of job (MB)
	12631692  -  ResidentSetSize of job (KB)
...
006 (9445597.000.000) 03/23 20:31:45 Image size of job updated: 15369944
	12421  -  MemoryUsage of job (MB)
	12718092  -  ResidentSetSize of job (KB)
...
006 (9445597.000.000) 03/23 20:36:46 Image size of job updated: 15427980
	12504  -  MemoryUsage of job (MB)
	12804016  -  ResidentSetSize of job (KB)
...
006 (9445597.000.000) 03/23 20:41:46 Image size of job updated: 15483556
	12588  -  MemoryUsage of job (MB)
	12890020  -  ResidentSetSize of job (KB)
...
006 (9445597.000.000) 03/23 20:46:46 Image size of job updated: 15540296
	12670  -  MemoryUsage of job (MB)
	12973568  -  ResidentSetSize of job (KB)
...
006 (9445597.000.000) 03/23 20:51:47 Image size of job updated: 15603772
	12757  -  MemoryUsage of job (MB)
	13062868  -  ResidentSetSize of job (KB)
...
006 (9445597.000.000) 03/23 20:56:47 Image size of job updated: 15666476
	12849  -  MemoryUsage of job (MB)
	13157164  -  ResidentSetSize of job (KB)
...
006 (9445597.000.000) 03/23 21:01:47 Image size of job updated: 15730340
	12937  -  MemoryUsage of job (MB)
	13246536  -  ResidentSetSize of job (KB)
...
006 (9445597.000.000) 03/23 21:06:48 Image size of job updated: 15788896
	13023  -  MemoryUsage of job (MB)
	13334652  -  ResidentSetSize of job (KB)
...
006 (9445597.000.000) 03/23 21:11:49 Image size of job updated: 15850556
	13106  -  MemoryUsage of job (MB)
	13420120  -  ResidentSetSize of job (KB)
...
006 (9445597.000.000) 03/23 21:16:49 Image size of job updated: 15909112
	13191  -  MemoryUsage of job (MB)
	13507224  -  ResidentSetSize of job (KB)
...
006 (9445597.000.000) 03/23 21:21:49 Image size of job updated: 15968444
	13277  -  MemoryUsage of job (MB)
	13595468  -  ResidentSetSize of job (KB)
...
006 (9445597.000.000) 03/23 21:26:50 Image size of job updated: 16032056
	13364  -  MemoryUsage of job (MB)
	13684480  -  ResidentSetSize of job (KB)
...
006 (9445597.000.000) 03/23 21:31:51 Image size of job updated: 16094756
	13456  -  MemoryUsage of job (MB)
	13778916  -  ResidentSetSize of job (KB)
...
006 (9445597.000.000) 03/23 21:36:51 Image size of job updated: 16155120
	13541  -  MemoryUsage of job (MB)
	13865716  -  ResidentSetSize of job (KB)
...
006 (9445597.000.000) 03/23 21:41:51 Image size of job updated: 16216268
	13631  -  MemoryUsage of job (MB)
	13958028  -  ResidentSetSize of job (KB)
...
006 (9445597.000.000) 03/23 21:46:52 Image size of job updated: 16274692
	13716  -  MemoryUsage of job (MB)
	14044764  -  ResidentSetSize of job (KB)
...
006 (9445597.000.000) 03/23 21:51:52 Image size of job updated: 16337732
	13802  -  MemoryUsage of job (MB)
	14132368  -  ResidentSetSize of job (KB)
...
006 (9445597.000.000) 03/23 21:56:52 Image size of job updated: 16401208
	13888  -  MemoryUsage of job (MB)
	14220864  -  ResidentSetSize of job (KB)
...
006 (9445597.000.000) 03/23 22:01:53 Image size of job updated: 16465464
	13976  -  MemoryUsage of job (MB)
	14311340  -  ResidentSetSize of job (KB)
...
006 (9445597.000.000) 03/23 22:06:54 Image size of job updated: 16520260
	14062  -  MemoryUsage of job (MB)
	14398616  -  ResidentSetSize of job (KB)
...
006 (9445597.000.000) 03/23 22:11:54 Image size of job updated: 16583484
	14148  -  MemoryUsage of job (MB)
	14487136  -  ResidentSetSize of job (KB)
...
006 (9445597.000.000) 03/23 22:16:54 Image size of job updated: 16648512
	14237  -  MemoryUsage of job (MB)
	14578444  -  ResidentSetSize of job (KB)
...
006 (9445597.000.000) 03/23 22:21:55 Image size of job updated: 16702016
	14325  -  MemoryUsage of job (MB)
	14667996  -  ResidentSetSize of job (KB)
...
006 (9445597.000.000) 03/23 22:26:56 Image size of job updated: 16766012
	14412  -  MemoryUsage of job (MB)
	14757088  -  ResidentSetSize of job (KB)
...
006 (9445597.000.000) 03/23 22:31:56 Image size of job updated: 16831172
	14501  -  MemoryUsage of job (MB)
	14848388  -  ResidentSetSize of job (KB)
...
006 (9445597.000.000) 03/23 22:36:57 Image size of job updated: 16895684
	14590  -  MemoryUsage of job (MB)
	14939388  -  ResidentSetSize of job (KB)
...
006 (9445597.000.000) 03/23 22:41:58 Image size of job updated: 16951132
	14676  -  MemoryUsage of job (MB)
	15028092  -  ResidentSetSize of job (KB)
...
006 (9445597.000.000) 03/23 22:46:58 Image size of job updated: 17016164
	14766  -  MemoryUsage of job (MB)
	15120000  -  ResidentSetSize of job (KB)
...
006 (9445597.000.000) 03/23 22:51:58 Image size of job updated: 17080936
	14855  -  MemoryUsage of job (MB)
	15211180  -  ResidentSetSize of job (KB)
...
006 (9445597.000.000) 03/23 22:56:59 Image size of job updated: 17146484
	14946  -  MemoryUsage of job (MB)
	15303792  -  ResidentSetSize of job (KB)
...
006 (9445597.000.000) 03/23 23:02:00 Image size of job updated: 17204652
	15037  -  MemoryUsage of job (MB)
	15397728  -  ResidentSetSize of job (KB)
...
006 (9445597.000.000) 03/23 23:07:00 Image size of job updated: 19628332
	15130  -  MemoryUsage of job (MB)
	15493056  -  ResidentSetSize of job (KB)
...
006 (9445597.000.000) 03/23 23:12:00 Image size of job updated: 19694660
	15222  -  MemoryUsage of job (MB)
	15587176  -  ResidentSetSize of job (KB)
...
006 (9445597.000.000) 03/23 23:17:01 Image size of job updated: 19761504
	15314  -  MemoryUsage of job (MB)
	15681440  -  ResidentSetSize of job (KB)
...
006 (9445597.000.000) 03/23 23:22:01 Image size of job updated: 19826664
	15405  -  MemoryUsage of job (MB)
	15774444  -  ResidentSetSize of job (KB)
...
006 (9445597.000.000) 03/23 23:27:01 Image size of job updated: 19884964
	15497  -  MemoryUsage of job (MB)
	15868368  -  ResidentSetSize of job (KB)
...
006 (9445597.000.000) 03/23 23:32:02 Image size of job updated: 19951808
	15590  -  MemoryUsage of job (MB)
	15963624  -  ResidentSetSize of job (KB)
...
006 (9445597.000.000) 03/23 23:37:03 Image size of job updated: 20019044
	15683  -  MemoryUsage of job (MB)
	16058876  -  ResidentSetSize of job (KB)
...
006 (9445597.000.000) 03/23 23:42:03 Image size of job updated: 20085368
	15775  -  MemoryUsage of job (MB)
	16152928  -  ResidentSetSize of job (KB)
...
006 (9445597.000.000) 03/23 23:47:03 Image size of job updated: 20151828
	15867  -  MemoryUsage of job (MB)
	16247440  -  ResidentSetSize of job (KB)
...
006 (9445597.000.000) 03/23 23:52:04 Image size of job updated: 20217764
	15959  -  MemoryUsage of job (MB)
	16341204  -  ResidentSetSize of job (KB)
...
006 (9445597.000.000) 03/23 23:57:05 Image size of job updated: 20276064
	16051  -  MemoryUsage of job (MB)
	16435512  -  ResidentSetSize of job (KB)
...
006 (9445597.000.000) 03/24 00:02:05 Image size of job updated: 20339540
	16141  -  MemoryUsage of job (MB)
	16528324  -  ResidentSetSize of job (KB)
...
006 (9445597.000.000) 03/24 00:07:05 Image size of job updated: 20404700
	16231  -  MemoryUsage of job (MB)
	16620248  -  ResidentSetSize of job (KB)
...
006 (9445597.000.000) 03/24 00:12:06 Image size of job updated: 20471160
	16323  -  MemoryUsage of job (MB)
	16713852  -  ResidentSetSize of job (KB)
...
006 (9445597.000.000) 03/24 00:17:06 Image size of job updated: 20528416
	16414  -  MemoryUsage of job (MB)
	16806980  -  ResidentSetSize of job (KB)
...
006 (9445597.000.000) 03/24 00:22:06 Image size of job updated: 20593192
	16502  -  MemoryUsage of job (MB)
	16897856  -  ResidentSetSize of job (KB)
...
006 (9445597.000.000) 03/24 00:27:07 Image size of job updated: 20657056
	16590  -  MemoryUsage of job (MB)
	16988004  -  ResidentSetSize of job (KB)
...
006 (9445597.000.000) 03/24 00:32:08 Image size of job updated: 20721696
	16679  -  MemoryUsage of job (MB)
	17078424  -  ResidentSetSize of job (KB)
...
006 (9445597.000.000) 03/24 00:37:08 Image size of job updated: 20779088
	16769  -  MemoryUsage of job (MB)
	17170760  -  ResidentSetSize of job (KB)
...
006 (9445597.000.000) 03/24 00:42:09 Image size of job updated: 20844636
	16859  -  MemoryUsage of job (MB)
	17263344  -  ResidentSetSize of job (KB)
...
006 (9445597.000.000) 03/24 00:47:10 Image size of job updated: 21182856
	16859  -  MemoryUsage of job (MB)
	17263352  -  ResidentSetSize of job (KB)
...
006 (9445597.000.000) 03/24 01:02:11 Image size of job updated: 21921496
	18290  -  MemoryUsage of job (MB)
	18728548  -  ResidentSetSize of job (KB)
...
006 (9445597.000.000) 03/24 01:07:12 Image size of job updated: 23725556
	19973  -  MemoryUsage of job (MB)
	20451380  -  ResidentSetSize of job (KB)
...
006 (9445597.000.000) 03/24 01:12:12 Image size of job updated: 23726792
	19973  -  MemoryUsage of job (MB)
	20451380  -  ResidentSetSize of job (KB)
...
006 (9445597.000.000) 03/24 01:42:15 Image size of job updated: 23863376
	19977  -  MemoryUsage of job (MB)
	20455600  -  ResidentSetSize of job (KB)
...
040 (9445597.000.000) 03/24 01:57:08 Started transferring output files
...
040 (9445597.000.000) 03/24 01:57:08 Finished transferring output files
...
005 (9445597.000.000) 03/24 01:57:08 Job terminated.
	(1) Normal termination (return value 0)
		Usr 0 09:45:32, Sys 0 00:09:18  -  Run Remote Usage
		Usr 0 00:00:00, Sys 0 00:00:00  -  Run Local Usage
		Usr 0 09:45:32, Sys 0 00:09:18  -  Total Remote Usage
		Usr 0 00:00:00, Sys 0 00:00:00  -  Total Local Usage
	13962  -  Run Bytes Sent By Job
	238  -  Run Bytes Received By Job
	13962  -  Total Bytes Sent By Job
	238  -  Total Bytes Received By Job
	Partitionable Resources :    Usage  Request Allocated 
	   Cpus                 :     1.00        1         1 
	   Disk (KB)            :  4296           1   1261078 
	   Memory (MB)          : 19977        2000      2000 

	Job terminated of its own accord at 2024-03-24T00:57:08Z.
...
