000 (9445596.000.000) 03/23 14:43:05 Job submitted from host: <137.138.156.150:9618?addrs=137.138.156.150-9618+[2001-1458-d00-14--9a]-9618&alias=bigbird13.cern.ch&noUDP&sock=schedd_5144_ef43>
...
040 (9445596.000.000) 03/23 16:01:10 Started transferring input files
	Transferring to host: <128.142.59.116:9618?addrs=128.142.59.116-9618&alias=b7s04p1998.cern.ch&noUDP&sock=slot1_18_6935_15b3_80223>
...
040 (9445596.000.000) 03/23 16:01:11 Finished transferring input files
...
001 (9445596.000.000) 03/23 16:01:11 Job executing on host: <128.142.59.116:9618?addrs=128.142.59.116-9618&alias=b7s04p1998.cern.ch&noUDP&sock=startd_6872_32ea>
...
006 (9445596.000.000) 03/23 16:01:20 Image size of job updated: 1046584
	130  -  MemoryUsage of job (MB)
	132308  -  ResidentSetSize of job (KB)
...
006 (9445596.000.000) 03/23 16:06:20 Image size of job updated: 9851512
	7874  -  MemoryUsage of job (MB)
	8062216  -  ResidentSetSize of job (KB)
...
006 (9445596.000.000) 03/23 16:11:20 Image size of job updated: 9935996
	7940  -  MemoryUsage of job (MB)
	8130020  -  ResidentSetSize of job (KB)
...
006 (9445596.000.000) 03/23 16:16:21 Image size of job updated: 10056832
	8010  -  MemoryUsage of job (MB)
	8201972  -  ResidentSetSize of job (KB)
...
006 (9445596.000.000) 03/23 16:21:21 Image size of job updated: 10103004
	8085  -  MemoryUsage of job (MB)
	8278788  -  ResidentSetSize of job (KB)
...
006 (9445596.000.000) 03/23 16:26:21 Image size of job updated: 10167744
	8177  -  MemoryUsage of job (MB)
	8373104  -  ResidentSetSize of job (KB)
...
006 (9445596.000.000) 03/23 16:31:22 Image size of job updated: 10379388
	8268  -  MemoryUsage of job (MB)
	8466232  -  ResidentSetSize of job (KB)
...
006 (9445596.000.000) 03/23 16:36:23 Image size of job updated: 10445296
	8361  -  MemoryUsage of job (MB)
	8561176  -  ResidentSetSize of job (KB)
...
006 (9445596.000.000) 03/23 16:41:23 Image size of job updated: 10512888
	8457  -  MemoryUsage of job (MB)
	8659492  -  ResidentSetSize of job (KB)
...
006 (9445596.000.000) 03/23 16:46:23 Image size of job updated: 10581124
	8554  -  MemoryUsage of job (MB)
	8758772  -  ResidentSetSize of job (KB)
...
006 (9445596.000.000) 03/23 16:51:24 Image size of job updated: 10648716
	8650  -  MemoryUsage of job (MB)
	8857392  -  ResidentSetSize of job (KB)
...
006 (9445596.000.000) 03/23 16:56:24 Image size of job updated: 11012932
	8748  -  MemoryUsage of job (MB)
	8957600  -  ResidentSetSize of job (KB)
...
006 (9445596.000.000) 03/23 17:01:24 Image size of job updated: 11081820
	8847  -  MemoryUsage of job (MB)
	9058388  -  ResidentSetSize of job (KB)
...
006 (9445596.000.000) 03/23 17:06:25 Image size of job updated: 11151600
	8945  -  MemoryUsage of job (MB)
	9159304  -  ResidentSetSize of job (KB)
...
006 (9445596.000.000) 03/23 17:11:26 Image size of job updated: 11220520
	9042  -  MemoryUsage of job (MB)
	9258696  -  ResidentSetSize of job (KB)
...
006 (9445596.000.000) 03/23 17:16:26 Image size of job updated: 11285224
	9139  -  MemoryUsage of job (MB)
	9358176  -  ResidentSetSize of job (KB)
...
006 (9445596.000.000) 03/23 17:21:26 Image size of job updated: 11354664
	9237  -  MemoryUsage of job (MB)
	9457948  -  ResidentSetSize of job (KB)
...
006 (9445596.000.000) 03/23 17:26:27 Image size of job updated: 11419888
	9330  -  MemoryUsage of job (MB)
	9553664  -  ResidentSetSize of job (KB)
...
006 (9445596.000.000) 03/23 17:31:28 Image size of job updated: 11483952
	9423  -  MemoryUsage of job (MB)
	9648220  -  ResidentSetSize of job (KB)
...
006 (9445596.000.000) 03/23 17:36:28 Image size of job updated: 11550664
	9515  -  MemoryUsage of job (MB)
	9743120  -  ResidentSetSize of job (KB)
...
006 (9445596.000.000) 03/23 17:41:28 Image size of job updated: 12207400
	9612  -  MemoryUsage of job (MB)
	9842600  -  ResidentSetSize of job (KB)
...
006 (9445596.000.000) 03/23 17:46:29 Image size of job updated: 12277612
	9711  -  MemoryUsage of job (MB)
	9943576  -  ResidentSetSize of job (KB)
...
006 (9445596.000.000) 03/23 17:51:29 Image size of job updated: 12348208
	9810  -  MemoryUsage of job (MB)
	10044868  -  ResidentSetSize of job (KB)
...
006 (9445596.000.000) 03/23 17:56:29 Image size of job updated: 12418032
	9908  -  MemoryUsage of job (MB)
	10145176  -  ResidentSetSize of job (KB)
...
006 (9445596.000.000) 03/23 18:01:30 Image size of job updated: 12484944
	10005  -  MemoryUsage of job (MB)
	10244612  -  ResidentSetSize of job (KB)
...
006 (9445596.000.000) 03/23 18:06:31 Image size of job updated: 12553860
	10101  -  MemoryUsage of job (MB)
	10342872  -  ResidentSetSize of job (KB)
...
006 (9445596.000.000) 03/23 18:11:31 Image size of job updated: 12618180
	10196  -  MemoryUsage of job (MB)
	10440260  -  ResidentSetSize of job (KB)
...
006 (9445596.000.000) 03/23 18:16:31 Image size of job updated: 12686840
	10292  -  MemoryUsage of job (MB)
	10538860  -  ResidentSetSize of job (KB)
...
006 (9445596.000.000) 03/23 18:21:32 Image size of job updated: 12753232
	10388  -  MemoryUsage of job (MB)
	10637044  -  ResidentSetSize of job (KB)
...
006 (9445596.000.000) 03/23 18:26:33 Image size of job updated: 12821508
	10484  -  MemoryUsage of job (MB)
	10735132  -  ResidentSetSize of job (KB)
...
006 (9445596.000.000) 03/23 18:31:33 Image size of job updated: 12890344
	10580  -  MemoryUsage of job (MB)
	10833576  -  ResidentSetSize of job (KB)
...
006 (9445596.000.000) 03/23 18:36:33 Image size of job updated: 12957708
	10674  -  MemoryUsage of job (MB)
	10930156  -  ResidentSetSize of job (KB)
...
006 (9445596.000.000) 03/23 18:41:34 Image size of job updated: 13022348
	10770  -  MemoryUsage of job (MB)
	11027764  -  ResidentSetSize of job (KB)
...
006 (9445596.000.000) 03/23 18:46:34 Image size of job updated: 13090620
	10866  -  MemoryUsage of job (MB)
	11125996  -  ResidentSetSize of job (KB)
...
006 (9445596.000.000) 03/23 18:51:34 Image size of job updated: 13157468
	10959  -  MemoryUsage of job (MB)
	11221392  -  ResidentSetSize of job (KB)
...
006 (9445596.000.000) 03/23 18:56:35 Image size of job updated: 13219392
	11050  -  MemoryUsage of job (MB)
	11314636  -  ResidentSetSize of job (KB)
...
006 (9445596.000.000) 03/23 19:01:36 Image size of job updated: 13282868
	11141  -  MemoryUsage of job (MB)
	11408012  -  ResidentSetSize of job (KB)
...
006 (9445596.000.000) 03/23 19:06:36 Image size of job updated: 13344140
	11231  -  MemoryUsage of job (MB)
	11500288  -  ResidentSetSize of job (KB)
...
006 (9445596.000.000) 03/23 19:11:37 Image size of job updated: 13409820
	11322  -  MemoryUsage of job (MB)
	11592980  -  ResidentSetSize of job (KB)
...
006 (9445596.000.000) 03/23 19:16:38 Image size of job updated: 14656704
	11415  -  MemoryUsage of job (MB)
	11688436  -  ResidentSetSize of job (KB)
...
006 (9445596.000.000) 03/23 19:21:38 Image size of job updated: 14719016
	11507  -  MemoryUsage of job (MB)
	11783044  -  ResidentSetSize of job (KB)
...
006 (9445596.000.000) 03/23 19:26:38 Image size of job updated: 14785472
	11599  -  MemoryUsage of job (MB)
	11876892  -  ResidentSetSize of job (KB)
...
006 (9445596.000.000) 03/23 19:31:40 Image size of job updated: 14854520
	11696  -  MemoryUsage of job (MB)
	11975928  -  ResidentSetSize of job (KB)
...
006 (9445596.000.000) 03/23 19:36:40 Image size of job updated: 14918128
	11794  -  MemoryUsage of job (MB)
	12076636  -  ResidentSetSize of job (KB)
...
006 (9445596.000.000) 03/23 19:41:40 Image size of job updated: 14986528
	11889  -  MemoryUsage of job (MB)
	12173336  -  ResidentSetSize of job (KB)
...
006 (9445596.000.000) 03/23 19:46:41 Image size of job updated: 15054536
	11985  -  MemoryUsage of job (MB)
	12271696  -  ResidentSetSize of job (KB)
...
006 (9445596.000.000) 03/23 19:51:42 Image size of job updated: 15123972
	12081  -  MemoryUsage of job (MB)
	12370776  -  ResidentSetSize of job (KB)
...
006 (9445596.000.000) 03/23 19:56:42 Image size of job updated: 15192116
	12176  -  MemoryUsage of job (MB)
	12467908  -  ResidentSetSize of job (KB)
...
006 (9445596.000.000) 03/23 20:01:42 Image size of job updated: 15255468
	12270  -  MemoryUsage of job (MB)
	12563892  -  ResidentSetSize of job (KB)
...
006 (9445596.000.000) 03/23 20:06:43 Image size of job updated: 15323864
	12366  -  MemoryUsage of job (MB)
	12662244  -  ResidentSetSize of job (KB)
...
006 (9445596.000.000) 03/23 20:11:43 Image size of job updated: 15391620
	12461  -  MemoryUsage of job (MB)
	12759348  -  ResidentSetSize of job (KB)
...
006 (9445596.000.000) 03/23 20:16:43 Image size of job updated: 15459372
	12555  -  MemoryUsage of job (MB)
	12855944  -  ResidentSetSize of job (KB)
...
006 (9445596.000.000) 03/23 20:21:44 Image size of job updated: 15522848
	12650  -  MemoryUsage of job (MB)
	12952880  -  ResidentSetSize of job (KB)
...
006 (9445596.000.000) 03/23 20:26:45 Image size of job updated: 15588528
	12745  -  MemoryUsage of job (MB)
	13049924  -  ResidentSetSize of job (KB)
...
006 (9445596.000.000) 03/23 20:31:45 Image size of job updated: 15656152
	12839  -  MemoryUsage of job (MB)
	13146664  -  ResidentSetSize of job (KB)
...
006 (9445596.000.000) 03/23 20:36:45 Image size of job updated: 15722740
	12935  -  MemoryUsage of job (MB)
	13245160  -  ResidentSetSize of job (KB)
...
006 (9445596.000.000) 03/23 20:41:46 Image size of job updated: 15789452
	13032  -  MemoryUsage of job (MB)
	13344172  -  ResidentSetSize of job (KB)
...
006 (9445596.000.000) 03/23 20:46:47 Image size of job updated: 15859408
	13129  -  MemoryUsage of job (MB)
	13443484  -  ResidentSetSize of job (KB)
...
006 (9445596.000.000) 03/23 20:51:47 Image size of job updated: 15929104
	13226  -  MemoryUsage of job (MB)
	13543012  -  ResidentSetSize of job (KB)
...
006 (9445596.000.000) 03/23 20:56:48 Image size of job updated: 15996856
	13324  -  MemoryUsage of job (MB)
	13643108  -  ResidentSetSize of job (KB)
...
006 (9445596.000.000) 03/23 21:01:49 Image size of job updated: 16061628
	13420  -  MemoryUsage of job (MB)
	13741908  -  ResidentSetSize of job (KB)
...
006 (9445596.000.000) 03/23 21:06:49 Image size of job updated: 16129380
	13515  -  MemoryUsage of job (MB)
	13838760  -  ResidentSetSize of job (KB)
...
006 (9445596.000.000) 03/23 21:11:49 Image size of job updated: 16197524
	13611  -  MemoryUsage of job (MB)
	13936972  -  ResidentSetSize of job (KB)
...
006 (9445596.000.000) 03/23 21:16:50 Image size of job updated: 16265532
	13706  -  MemoryUsage of job (MB)
	14034772  -  ResidentSetSize of job (KB)
...
006 (9445596.000.000) 03/23 21:21:51 Image size of job updated: 16330000
	13802  -  MemoryUsage of job (MB)
	14133104  -  ResidentSetSize of job (KB)
...
006 (9445596.000.000) 03/23 21:26:51 Image size of job updated: 16398528
	13898  -  MemoryUsage of job (MB)
	14231400  -  ResidentSetSize of job (KB)
...
006 (9445596.000.000) 03/23 21:31:51 Image size of job updated: 16467576
	13994  -  MemoryUsage of job (MB)
	14329736  -  ResidentSetSize of job (KB)
...
006 (9445596.000.000) 03/23 21:36:52 Image size of job updated: 16536884
	14092  -  MemoryUsage of job (MB)
	14429644  -  ResidentSetSize of job (KB)
...
006 (9445596.000.000) 03/23 21:41:53 Image size of job updated: 16603340
	14188  -  MemoryUsage of job (MB)
	14527820  -  ResidentSetSize of job (KB)
...
006 (9445596.000.000) 03/23 21:46:53 Image size of job updated: 16671092
	14283  -  MemoryUsage of job (MB)
	14625348  -  ResidentSetSize of job (KB)
...
006 (9445596.000.000) 03/23 21:51:54 Image size of job updated: 16739624
	14379  -  MemoryUsage of job (MB)
	14723488  -  ResidentSetSize of job (KB)
...
006 (9445596.000.000) 03/23 21:56:55 Image size of job updated: 16808540
	14475  -  MemoryUsage of job (MB)
	14822144  -  ResidentSetSize of job (KB)
...
006 (9445596.000.000) 03/23 22:01:55 Image size of job updated: 16877456
	14572  -  MemoryUsage of job (MB)
	14921220  -  ResidentSetSize of job (KB)
...
006 (9445596.000.000) 03/23 22:06:55 Image size of job updated: 16938348
	14669  -  MemoryUsage of job (MB)
	15020552  -  ResidentSetSize of job (KB)
...
006 (9445596.000.000) 03/23 22:11:56 Image size of job updated: 17007132
	14765  -  MemoryUsage of job (MB)
	15119264  -  ResidentSetSize of job (KB)
...
006 (9445596.000.000) 03/23 22:16:57 Image size of job updated: 17076184
	14862  -  MemoryUsage of job (MB)
	15218000  -  ResidentSetSize of job (KB)
...
006 (9445596.000.000) 03/23 22:21:57 Image size of job updated: 17145876
	14959  -  MemoryUsage of job (MB)
	15317448  -  ResidentSetSize of job (KB)
...
006 (9445596.000.000) 03/23 22:26:57 Image size of job updated: 17212464
	15056  -  MemoryUsage of job (MB)
	15416732  -  ResidentSetSize of job (KB)
...
006 (9445596.000.000) 03/23 22:31:58 Image size of job updated: 19640292
	15152  -  MemoryUsage of job (MB)
	15515016  -  ResidentSetSize of job (KB)
...
006 (9445596.000.000) 03/23 22:36:59 Image size of job updated: 19708688
	15247  -  MemoryUsage of job (MB)
	15612008  -  ResidentSetSize of job (KB)
...
006 (9445596.000.000) 03/23 22:41:59 Image size of job updated: 19776444
	15341  -  MemoryUsage of job (MB)
	15708216  -  ResidentSetSize of job (KB)
...
006 (9445596.000.000) 03/23 22:46:59 Image size of job updated: 19844840
	15435  -  MemoryUsage of job (MB)
	15804712  -  ResidentSetSize of job (KB)
...
006 (9445596.000.000) 03/23 22:52:00 Image size of job updated: 19903140
	15531  -  MemoryUsage of job (MB)
	15903324  -  ResidentSetSize of job (KB)
...
006 (9445596.000.000) 03/23 22:57:00 Image size of job updated: 19971280
	15627  -  MemoryUsage of job (MB)
	16001272  -  ResidentSetSize of job (KB)
...
006 (9445596.000.000) 03/23 23:02:00 Image size of job updated: 20039940
	15722  -  MemoryUsage of job (MB)
	16098796  -  ResidentSetSize of job (KB)
...
006 (9445596.000.000) 03/23 23:07:01 Image size of job updated: 20108340
	15817  -  MemoryUsage of job (MB)
	16196176  -  ResidentSetSize of job (KB)
...
006 (9445596.000.000) 03/23 23:12:02 Image size of job updated: 20174408
	15908  -  MemoryUsage of job (MB)
	16289044  -  ResidentSetSize of job (KB)
...
006 (9445596.000.000) 03/23 23:17:02 Image size of job updated: 20239956
	15998  -  MemoryUsage of job (MB)
	16381740  -  ResidentSetSize of job (KB)
...
006 (9445596.000.000) 03/23 23:22:02 Image size of job updated: 20294888
	16088  -  MemoryUsage of job (MB)
	16473444  -  ResidentSetSize of job (KB)
...
006 (9445596.000.000) 03/23 23:27:03 Image size of job updated: 20360692
	16178  -  MemoryUsage of job (MB)
	16565600  -  ResidentSetSize of job (KB)
...
006 (9445596.000.000) 03/23 23:32:04 Image size of job updated: 20426244
	16268  -  MemoryUsage of job (MB)
	16657952  -  ResidentSetSize of job (KB)
...
006 (9445596.000.000) 03/23 23:37:04 Image size of job updated: 20492700
	16360  -  MemoryUsage of job (MB)
	16752152  -  ResidentSetSize of job (KB)
...
006 (9445596.000.000) 03/23 23:42:05 Image size of job updated: 20559024
	16452  -  MemoryUsage of job (MB)
	16846324  -  ResidentSetSize of job (KB)
...
006 (9445596.000.000) 03/23 23:47:06 Image size of job updated: 20618364
	16547  -  MemoryUsage of job (MB)
	16943344  -  ResidentSetSize of job (KB)
...
006 (9445596.000.000) 03/23 23:52:07 Image size of job updated: 20683004
	16640  -  MemoryUsage of job (MB)
	17038388  -  ResidentSetSize of job (KB)
...
006 (9445596.000.000) 03/23 23:57:07 Image size of job updated: 20751924
	16736  -  MemoryUsage of job (MB)
	17137140  -  ResidentSetSize of job (KB)
...
006 (9445596.000.000) 03/24 00:02:08 Image size of job updated: 20819544
	16831  -  MemoryUsage of job (MB)
	17234028  -  ResidentSetSize of job (KB)
...
006 (9445596.000.000) 03/24 00:07:10 Image size of job updated: 20868516
	16831  -  MemoryUsage of job (MB)
	17234028  -  ResidentSetSize of job (KB)
...
006 (9445596.000.000) 03/24 00:22:11 Image size of job updated: 22217400
	18836  -  MemoryUsage of job (MB)
	19287412  -  ResidentSetSize of job (KB)
...
006 (9445596.000.000) 03/24 00:27:11 Image size of job updated: 24392568
	20500  -  MemoryUsage of job (MB)
	20990996  -  ResidentSetSize of job (KB)
...
040 (9445596.000.000) 03/24 01:08:03 Started transferring output files
...
040 (9445596.000.000) 03/24 01:08:03 Finished transferring output files
...
005 (9445596.000.000) 03/24 01:08:03 Job terminated.
	(1) Normal termination (return value 0)
		Usr 0 08:57:29, Sys 0 00:08:04  -  Run Remote Usage
		Usr 0 00:00:00, Sys 0 00:00:00  -  Run Local Usage
		Usr 0 08:57:29, Sys 0 00:08:04  -  Total Remote Usage
		Usr 0 00:00:00, Sys 0 00:00:00  -  Total Local Usage
	13923  -  Run Bytes Sent By Job
	236  -  Run Bytes Received By Job
	13923  -  Total Bytes Sent By Job
	236  -  Total Bytes Received By Job
	Partitionable Resources :    Usage  Request Allocated 
	   Cpus                 :     1.00        1         1 
	   Disk (KB)            :  3165           1   1309364 
	   Memory (MB)          : 20500        2000      2000 

	Job terminated of its own accord at 2024-03-24T00:08:02Z.
...
