000 (9445621.000.000) 03/23 14:45:34 Job submitted from host: <137.138.156.150:9618?addrs=137.138.156.150-9618+[2001-1458-d00-14--9a]-9618&alias=bigbird13.cern.ch&noUDP&sock=schedd_5144_ef43>
...
040 (9445621.000.000) 03/23 16:01:20 Started transferring input files
	Transferring to host: <128.142.58.88:9618?addrs=128.142.58.88-9618&alias=b7s03p7308.cern.ch&noUDP&sock=slot1_14_6919_cfb2_79705>
...
040 (9445621.000.000) 03/23 16:01:20 Finished transferring input files
...
001 (9445621.000.000) 03/23 16:01:21 Job executing on host: <128.142.58.88:9618?addrs=128.142.58.88-9618&alias=b7s03p7308.cern.ch&noUDP&sock=startd_6834_2250>
...
006 (9445621.000.000) 03/23 16:01:30 Image size of job updated: 430352
	51  -  MemoryUsage of job (MB)
	51520  -  ResidentSetSize of job (KB)
...
006 (9445621.000.000) 03/23 16:06:31 Image size of job updated: 9819596
	7830  -  MemoryUsage of job (MB)
	8017584  -  ResidentSetSize of job (KB)
...
006 (9445621.000.000) 03/23 16:11:32 Image size of job updated: 9898396
	7894  -  MemoryUsage of job (MB)
	8082812  -  ResidentSetSize of job (KB)
...
006 (9445621.000.000) 03/23 16:16:32 Image size of job updated: 10049264
	7996  -  MemoryUsage of job (MB)
	8187176  -  ResidentSetSize of job (KB)
...
006 (9445621.000.000) 03/23 16:21:32 Image size of job updated: 10088392
	8062  -  MemoryUsage of job (MB)
	8254876  -  ResidentSetSize of job (KB)
...
006 (9445621.000.000) 03/23 16:26:33 Image size of job updated: 10146588
	8144  -  MemoryUsage of job (MB)
	8339164  -  ResidentSetSize of job (KB)
...
006 (9445621.000.000) 03/23 16:31:33 Image size of job updated: 10351852
	8225  -  MemoryUsage of job (MB)
	8422064  -  ResidentSetSize of job (KB)
...
006 (9445621.000.000) 03/23 16:36:33 Image size of job updated: 10408724
	8308  -  MemoryUsage of job (MB)
	8506940  -  ResidentSetSize of job (KB)
...
006 (9445621.000.000) 03/23 16:41:34 Image size of job updated: 10470452
	8395  -  MemoryUsage of job (MB)
	8596340  -  ResidentSetSize of job (KB)
...
006 (9445621.000.000) 03/23 16:46:35 Image size of job updated: 10531012
	8481  -  MemoryUsage of job (MB)
	8684108  -  ResidentSetSize of job (KB)
...
006 (9445621.000.000) 03/23 16:51:35 Image size of job updated: 10594168
	8571  -  MemoryUsage of job (MB)
	8775892  -  ResidentSetSize of job (KB)
...
006 (9445621.000.000) 03/23 16:56:35 Image size of job updated: 10658488
	8662  -  MemoryUsage of job (MB)
	8868940  -  ResidentSetSize of job (KB)
...
006 (9445621.000.000) 03/23 17:01:36 Image size of job updated: 11013964
	8747  -  MemoryUsage of job (MB)
	8956244  -  ResidentSetSize of job (KB)
...
006 (9445621.000.000) 03/23 17:06:37 Image size of job updated: 11074620
	8834  -  MemoryUsage of job (MB)
	9045396  -  ResidentSetSize of job (KB)
...
006 (9445621.000.000) 03/23 17:11:37 Image size of job updated: 11139320
	8925  -  MemoryUsage of job (MB)
	9138588  -  ResidentSetSize of job (KB)
...
006 (9445621.000.000) 03/23 17:16:37 Image size of job updated: 11201176
	9013  -  MemoryUsage of job (MB)
	9228416  -  ResidentSetSize of job (KB)
...
006 (9445621.000.000) 03/23 17:21:38 Image size of job updated: 11263292
	9101  -  MemoryUsage of job (MB)
	9319044  -  ResidentSetSize of job (KB)
...
006 (9445621.000.000) 03/23 17:26:39 Image size of job updated: 11318480
	9184  -  MemoryUsage of job (MB)
	9403972  -  ResidentSetSize of job (KB)
...
006 (9445621.000.000) 03/23 17:31:39 Image size of job updated: 11378524
	9268  -  MemoryUsage of job (MB)
	9490192  -  ResidentSetSize of job (KB)
...
006 (9445621.000.000) 03/23 17:36:40 Image size of job updated: 11439216
	9353  -  MemoryUsage of job (MB)
	9577296  -  ResidentSetSize of job (KB)
...
006 (9445621.000.000) 03/23 17:41:41 Image size of job updated: 11497772
	9438  -  MemoryUsage of job (MB)
	9664184  -  ResidentSetSize of job (KB)
...
006 (9445621.000.000) 03/23 17:46:41 Image size of job updated: 11556132
	9519  -  MemoryUsage of job (MB)
	9747080  -  ResidentSetSize of job (KB)
...
006 (9445621.000.000) 03/23 17:51:41 Image size of job updated: 12203472
	9602  -  MemoryUsage of job (MB)
	9831492  -  ResidentSetSize of job (KB)
...
006 (9445621.000.000) 03/23 17:56:42 Image size of job updated: 12263648
	9686  -  MemoryUsage of job (MB)
	9917952  -  ResidentSetSize of job (KB)
...
006 (9445621.000.000) 03/23 18:01:42 Image size of job updated: 12321288
	9769  -  MemoryUsage of job (MB)
	10002872  -  ResidentSetSize of job (KB)
...
006 (9445621.000.000) 03/23 18:06:42 Image size of job updated: 12378872
	9848  -  MemoryUsage of job (MB)
	10084024  -  ResidentSetSize of job (KB)
...
006 (9445621.000.000) 03/23 18:11:43 Image size of job updated: 12434448
	9928  -  MemoryUsage of job (MB)
	10165572  -  ResidentSetSize of job (KB)
...
006 (9445621.000.000) 03/23 18:16:44 Image size of job updated: 12488596
	10008  -  MemoryUsage of job (MB)
	10247580  -  ResidentSetSize of job (KB)
...
006 (9445621.000.000) 03/23 18:21:44 Image size of job updated: 12544560
	10088  -  MemoryUsage of job (MB)
	10329804  -  ResidentSetSize of job (KB)
...
006 (9445621.000.000) 03/23 18:26:44 Image size of job updated: 12602272
	10168  -  MemoryUsage of job (MB)
	10411336  -  ResidentSetSize of job (KB)
...
006 (9445621.000.000) 03/23 18:31:45 Image size of job updated: 12656420
	10245  -  MemoryUsage of job (MB)
	10490016  -  ResidentSetSize of job (KB)
...
006 (9445621.000.000) 03/23 18:36:45 Image size of job updated: 12711608
	10324  -  MemoryUsage of job (MB)
	10571116  -  ResidentSetSize of job (KB)
...
006 (9445621.000.000) 03/23 18:41:45 Image size of job updated: 12765368
	10400  -  MemoryUsage of job (MB)
	10648644  -  ResidentSetSize of job (KB)
...
006 (9445621.000.000) 03/23 18:46:46 Image size of job updated: 12818352
	10478  -  MemoryUsage of job (MB)
	10728704  -  ResidentSetSize of job (KB)
...
006 (9445621.000.000) 03/23 18:51:47 Image size of job updated: 12875856
	10556  -  MemoryUsage of job (MB)
	10809128  -  ResidentSetSize of job (KB)
...
006 (9445621.000.000) 03/23 18:56:47 Image size of job updated: 12931044
	10635  -  MemoryUsage of job (MB)
	10889996  -  ResidentSetSize of job (KB)
...
006 (9445621.000.000) 03/23 19:01:48 Image size of job updated: 12986232
	10714  -  MemoryUsage of job (MB)
	10970840  -  ResidentSetSize of job (KB)
...
006 (9445621.000.000) 03/23 19:06:49 Image size of job updated: 13039604
	10790  -  MemoryUsage of job (MB)
	11047984  -  ResidentSetSize of job (KB)
...
006 (9445621.000.000) 03/23 19:11:49 Image size of job updated: 13093496
	10866  -  MemoryUsage of job (MB)
	11126216  -  ResidentSetSize of job (KB)
...
006 (9445621.000.000) 03/23 19:16:49 Image size of job updated: 13145704
	10943  -  MemoryUsage of job (MB)
	11204700  -  ResidentSetSize of job (KB)
...
006 (9445621.000.000) 03/23 19:21:50 Image size of job updated: 13200628
	11021  -  MemoryUsage of job (MB)
	11284880  -  ResidentSetSize of job (KB)
...
006 (9445621.000.000) 03/23 19:26:50 Image size of job updated: 13257500
	11103  -  MemoryUsage of job (MB)
	11368964  -  ResidentSetSize of job (KB)
...
006 (9445621.000.000) 03/23 19:31:50 Image size of job updated: 13323568
	11195  -  MemoryUsage of job (MB)
	11463068  -  ResidentSetSize of job (KB)
...
006 (9445621.000.000) 03/23 19:36:51 Image size of job updated: 13392100
	11292  -  MemoryUsage of job (MB)
	11562120  -  ResidentSetSize of job (KB)
...
006 (9445621.000.000) 03/23 19:41:52 Image size of job updated: 13453116
	11381  -  MemoryUsage of job (MB)
	11653780  -  ResidentSetSize of job (KB)
...
006 (9445621.000.000) 03/23 19:46:52 Image size of job updated: 14701680
	11478  -  MemoryUsage of job (MB)
	11752944  -  ResidentSetSize of job (KB)
...
006 (9445621.000.000) 03/23 19:51:52 Image size of job updated: 14768140
	11570  -  MemoryUsage of job (MB)
	11847256  -  ResidentSetSize of job (KB)
...
006 (9445621.000.000) 03/23 19:56:53 Image size of job updated: 14829156
	11660  -  MemoryUsage of job (MB)
	11938840  -  ResidentSetSize of job (KB)
...
006 (9445621.000.000) 03/23 20:01:54 Image size of job updated: 14893928
	11749  -  MemoryUsage of job (MB)
	12030012  -  ResidentSetSize of job (KB)
...
006 (9445621.000.000) 03/23 20:06:54 Image size of job updated: 14954556
	11838  -  MemoryUsage of job (MB)
	12121496  -  ResidentSetSize of job (KB)
...
006 (9445621.000.000) 03/23 20:11:55 Image size of job updated: 15021012
	11930  -  MemoryUsage of job (MB)
	12215616  -  ResidentSetSize of job (KB)
...
006 (9445621.000.000) 03/23 20:16:56 Image size of job updated: 15083324
	12022  -  MemoryUsage of job (MB)
	12309760  -  ResidentSetSize of job (KB)
...
006 (9445621.000.000) 03/23 20:21:56 Image size of job updated: 15150040
	12114  -  MemoryUsage of job (MB)
	12404524  -  ResidentSetSize of job (KB)
...
006 (9445621.000.000) 03/23 20:26:56 Image size of job updated: 15215200
	12204  -  MemoryUsage of job (MB)
	12496796  -  ResidentSetSize of job (KB)
...
006 (9445621.000.000) 03/23 20:31:57 Image size of job updated: 15276216
	12295  -  MemoryUsage of job (MB)
	12589744  -  ResidentSetSize of job (KB)
...
006 (9445621.000.000) 03/23 20:36:58 Image size of job updated: 15341764
	12385  -  MemoryUsage of job (MB)
	12682100  -  ResidentSetSize of job (KB)
...
006 (9445621.000.000) 03/23 20:41:58 Image size of job updated: 15401228
	12476  -  MemoryUsage of job (MB)
	12774776  -  ResidentSetSize of job (KB)
...
006 (9445621.000.000) 03/23 20:46:58 Image size of job updated: 15466392
	12566  -  MemoryUsage of job (MB)
	12867292  -  ResidentSetSize of job (KB)
...
006 (9445621.000.000) 03/23 20:51:59 Image size of job updated: 15527540
	12657  -  MemoryUsage of job (MB)
	12960120  -  ResidentSetSize of job (KB)
...
006 (9445621.000.000) 03/23 20:57:00 Image size of job updated: 15592568
	12746  -  MemoryUsage of job (MB)
	13051856  -  ResidentSetSize of job (KB)
...
006 (9445621.000.000) 03/23 21:02:00 Image size of job updated: 15653584
	12836  -  MemoryUsage of job (MB)
	13143684  -  ResidentSetSize of job (KB)
...
006 (9445621.000.000) 03/23 21:07:01 Image size of job updated: 15718356
	12926  -  MemoryUsage of job (MB)
	13235432  -  ResidentSetSize of job (KB)
...
006 (9445621.000.000) 03/23 21:12:02 Image size of job updated: 15780668
	13018  -  MemoryUsage of job (MB)
	13329576  -  ResidentSetSize of job (KB)
...
006 (9445621.000.000) 03/23 21:17:02 Image size of job updated: 15846220
	13107  -  MemoryUsage of job (MB)
	13421368  -  ResidentSetSize of job (KB)
...
006 (9445621.000.000) 03/23 21:22:02 Image size of job updated: 15911380
	13197  -  MemoryUsage of job (MB)
	13513708  -  ResidentSetSize of job (KB)
...
006 (9445621.000.000) 03/23 21:27:03 Image size of job updated: 15971876
	13286  -  MemoryUsage of job (MB)
	13604660  -  ResidentSetSize of job (KB)
...
006 (9445621.000.000) 03/23 21:32:04 Image size of job updated: 16038464
	13378  -  MemoryUsage of job (MB)
	13698856  -  ResidentSetSize of job (KB)
...
006 (9445621.000.000) 03/23 21:37:04 Image size of job updated: 16100256
	13470  -  MemoryUsage of job (MB)
	13792808  -  ResidentSetSize of job (KB)
...
006 (9445621.000.000) 03/23 21:42:04 Image size of job updated: 16167236
	13563  -  MemoryUsage of job (MB)
	13887620  -  ResidentSetSize of job (KB)
...
006 (9445621.000.000) 03/23 21:47:06 Image size of job updated: 16228120
	13653  -  MemoryUsage of job (MB)
	13979808  -  ResidentSetSize of job (KB)
...
006 (9445621.000.000) 03/23 21:52:06 Image size of job updated: 16296260
	13747  -  MemoryUsage of job (MB)
	14076680  -  ResidentSetSize of job (KB)
...
006 (9445621.000.000) 03/23 21:57:06 Image size of job updated: 16361116
	13841  -  MemoryUsage of job (MB)
	14172656  -  ResidentSetSize of job (KB)
...
006 (9445621.000.000) 03/23 22:02:07 Image size of job updated: 16425760
	13929  -  MemoryUsage of job (MB)
	14263124  -  ResidentSetSize of job (KB)
...
006 (9445621.000.000) 03/23 22:07:08 Image size of job updated: 16492216
	14022  -  MemoryUsage of job (MB)
	14357808  -  ResidentSetSize of job (KB)
...
006 (9445621.000.000) 03/23 22:12:08 Image size of job updated: 16549476
	14112  -  MemoryUsage of job (MB)
	14449888  -  ResidentSetSize of job (KB)
...
006 (9445621.000.000) 03/23 22:17:08 Image size of job updated: 16615024
	14202  -  MemoryUsage of job (MB)
	14542240  -  ResidentSetSize of job (KB)
...
006 (9445621.000.000) 03/23 22:22:09 Image size of job updated: 16681480
	14294  -  MemoryUsage of job (MB)
	14636544  -  ResidentSetSize of job (KB)
...
006 (9445621.000.000) 03/23 22:27:10 Image size of job updated: 16750920
	14391  -  MemoryUsage of job (MB)
	14735976  -  ResidentSetSize of job (KB)
...
006 (9445621.000.000) 03/23 22:32:10 Image size of job updated: 16820224
	14489  -  MemoryUsage of job (MB)
	14835928  -  ResidentSetSize of job (KB)
...
006 (9445621.000.000) 03/23 22:37:10 Image size of job updated: 16886292
	14580  -  MemoryUsage of job (MB)
	14929700  -  ResidentSetSize of job (KB)
...
006 (9445621.000.000) 03/23 22:42:12 Image size of job updated: 16953140
	14674  -  MemoryUsage of job (MB)
	15025440  -  ResidentSetSize of job (KB)
...
006 (9445621.000.000) 03/23 22:47:12 Image size of job updated: 17012600
	14768  -  MemoryUsage of job (MB)
	15122104  -  ResidentSetSize of job (KB)
...
006 (9445621.000.000) 03/23 22:52:12 Image size of job updated: 17078284
	14863  -  MemoryUsage of job (MB)
	15218956  -  ResidentSetSize of job (KB)
...
006 (9445621.000.000) 03/23 22:57:13 Image size of job updated: 17145772
	14957  -  MemoryUsage of job (MB)
	15315504  -  ResidentSetSize of job (KB)
...
006 (9445621.000.000) 03/23 23:02:14 Image size of job updated: 17214432
	15053  -  MemoryUsage of job (MB)
	15413704  -  ResidentSetSize of job (KB)
...
006 (9445621.000.000) 03/23 23:07:14 Image size of job updated: 19642780
	15150  -  MemoryUsage of job (MB)
	15513280  -  ResidentSetSize of job (KB)
...
006 (9445621.000.000) 03/23 23:12:14 Image size of job updated: 19712860
	15247  -  MemoryUsage of job (MB)
	15611972  -  ResidentSetSize of job (KB)
...
006 (9445621.000.000) 03/23 23:17:15 Image size of job updated: 19781776
	15344  -  MemoryUsage of job (MB)
	15711460  -  ResidentSetSize of job (KB)
...
006 (9445621.000.000) 03/23 23:22:16 Image size of job updated: 19850440
	15441  -  MemoryUsage of job (MB)
	15810584  -  ResidentSetSize of job (KB)
...
006 (9445621.000.000) 03/23 23:27:16 Image size of job updated: 19908604
	15537  -  MemoryUsage of job (MB)
	15909216  -  ResidentSetSize of job (KB)
...
006 (9445621.000.000) 03/23 23:32:16 Image size of job updated: 19975840
	15630  -  MemoryUsage of job (MB)
	16005100  -  ResidentSetSize of job (KB)
...
006 (9445621.000.000) 03/23 23:37:17 Image size of job updated: 20044756
	15727  -  MemoryUsage of job (MB)
	16104196  -  ResidentSetSize of job (KB)
...
006 (9445621.000.000) 03/23 23:42:17 Image size of job updated: 20113804
	15825  -  MemoryUsage of job (MB)
	16203936  -  ResidentSetSize of job (KB)
...
006 (9445621.000.000) 03/23 23:47:17 Image size of job updated: 20183112
	15921  -  MemoryUsage of job (MB)
	16302888  -  ResidentSetSize of job (KB)
...
006 (9445621.000.000) 03/23 23:52:18 Image size of job updated: 20252160
	16019  -  MemoryUsage of job (MB)
	16402628  -  ResidentSetSize of job (KB)
...
006 (9445621.000.000) 03/23 23:57:19 Image size of job updated: 20319912
	16113  -  MemoryUsage of job (MB)
	16498868  -  ResidentSetSize of job (KB)
...
006 (9445621.000.000) 03/24 00:02:19 Image size of job updated: 20387536
	16206  -  MemoryUsage of job (MB)
	16594280  -  ResidentSetSize of job (KB)
...
006 (9445621.000.000) 03/24 00:07:19 Image size of job updated: 20455676
	16301  -  MemoryUsage of job (MB)
	16691916  -  ResidentSetSize of job (KB)
...
006 (9445621.000.000) 03/24 00:12:20 Image size of job updated: 20515396
	16396  -  MemoryUsage of job (MB)
	16789220  -  ResidentSetSize of job (KB)
...
006 (9445621.000.000) 03/24 00:17:21 Image size of job updated: 20583536
	16492  -  MemoryUsage of job (MB)
	16887016  -  ResidentSetSize of job (KB)
...
006 (9445621.000.000) 03/24 00:22:21 Image size of job updated: 20649604
	16584  -  MemoryUsage of job (MB)
	16981000  -  ResidentSetSize of job (KB)
...
006 (9445621.000.000) 03/24 00:27:21 Image size of job updated: 20715288
	16675  -  MemoryUsage of job (MB)
	17074556  -  ResidentSetSize of job (KB)
...
006 (9445621.000.000) 03/24 00:32:23 Image size of job updated: 20781612
	16766  -  MemoryUsage of job (MB)
	17168368  -  ResidentSetSize of job (KB)
...
006 (9445621.000.000) 03/24 00:37:23 Image size of job updated: 20839004
	16859  -  MemoryUsage of job (MB)
	17262712  -  ResidentSetSize of job (KB)
...
006 (9445621.000.000) 03/24 00:42:23 Image size of job updated: 20884732
	16859  -  MemoryUsage of job (MB)
	17262712  -  ResidentSetSize of job (KB)
...
006 (9445621.000.000) 03/24 00:52:25 Image size of job updated: 20884732
	17149  -  MemoryUsage of job (MB)
	17560404  -  ResidentSetSize of job (KB)
...
006 (9445621.000.000) 03/24 00:57:25 Image size of job updated: 23134748
	19391  -  MemoryUsage of job (MB)
	19855600  -  ResidentSetSize of job (KB)
...
006 (9445621.000.000) 03/24 01:02:25 Image size of job updated: 24411972
	19391  -  MemoryUsage of job (MB)
	19855600  -  ResidentSetSize of job (KB)
...
040 (9445621.000.000) 03/24 01:29:03 Started transferring output files
...
040 (9445621.000.000) 03/24 01:29:03 Finished transferring output files
...
005 (9445621.000.000) 03/24 01:29:03 Job terminated.
	(1) Normal termination (return value 0)
		Usr 0 09:18:34, Sys 0 00:08:01  -  Run Remote Usage
		Usr 0 00:00:00, Sys 0 00:00:00  -  Run Local Usage
		Usr 0 09:18:34, Sys 0 00:08:01  -  Total Remote Usage
		Usr 0 00:00:00, Sys 0 00:00:00  -  Total Local Usage
	13930  -  Run Bytes Sent By Job
	238  -  Run Bytes Received By Job
	13930  -  Total Bytes Sent By Job
	238  -  Total Bytes Received By Job
	Partitionable Resources :    Usage  Request Allocated 
	   Cpus                 :     1.00        1         1 
	   Disk (KB)            :   389           1   1190228 
	   Memory (MB)          : 19391        2000      2000 

	Job terminated of its own accord at 2024-03-24T00:29:03Z.
...
