000 (9445608.000.000) 03/23 14:44:18 Job submitted from host: <137.138.156.150:9618?addrs=137.138.156.150-9618+[2001-1458-d00-14--9a]-9618&alias=bigbird13.cern.ch&noUDP&sock=schedd_5144_ef43>
...
040 (9445608.000.000) 03/23 16:01:15 Started transferring input files
	Transferring to host: <128.142.58.155:9618?addrs=128.142.58.155-9618&alias=b7s03p4304.cern.ch&noUDP&sock=slot1_12_7029_50f7_80035>
...
040 (9445608.000.000) 03/23 16:01:15 Finished transferring input files
...
001 (9445608.000.000) 03/23 16:01:16 Job executing on host: <128.142.58.155:9618?addrs=128.142.58.155-9618&alias=b7s03p4304.cern.ch&noUDP&sock=startd_6943_e623>
...
006 (9445608.000.000) 03/23 16:01:25 Image size of job updated: 380088
	183  -  MemoryUsage of job (MB)
	187128  -  ResidentSetSize of job (KB)
...
006 (9445608.000.000) 03/23 16:06:26 Image size of job updated: 9818736
	7827  -  MemoryUsage of job (MB)
	8014076  -  ResidentSetSize of job (KB)
...
006 (9445608.000.000) 03/23 16:11:27 Image size of job updated: 9900544
	7898  -  MemoryUsage of job (MB)
	8087396  -  ResidentSetSize of job (KB)
...
006 (9445608.000.000) 03/23 16:16:27 Image size of job updated: 10051876
	8002  -  MemoryUsage of job (MB)
	8193128  -  ResidentSetSize of job (KB)
...
006 (9445608.000.000) 03/23 16:21:27 Image size of job updated: 10099656
	8075  -  MemoryUsage of job (MB)
	8268764  -  ResidentSetSize of job (KB)
...
006 (9445608.000.000) 03/23 16:26:28 Image size of job updated: 10164652
	8167  -  MemoryUsage of job (MB)
	8362592  -  ResidentSetSize of job (KB)
...
006 (9445608.000.000) 03/23 16:31:28 Image size of job updated: 10373832
	8254  -  MemoryUsage of job (MB)
	8451784  -  ResidentSetSize of job (KB)
...
006 (9445608.000.000) 03/23 16:36:28 Image size of job updated: 10430704
	8340  -  MemoryUsage of job (MB)
	8540076  -  ResidentSetSize of job (KB)
...
006 (9445608.000.000) 03/23 16:41:29 Image size of job updated: 10494412
	8427  -  MemoryUsage of job (MB)
	8629060  -  ResidentSetSize of job (KB)
...
006 (9445608.000.000) 03/23 16:46:30 Image size of job updated: 10553516
	8513  -  MemoryUsage of job (MB)
	8716900  -  ResidentSetSize of job (KB)
...
006 (9445608.000.000) 03/23 16:51:30 Image size of job updated: 10613916
	8600  -  MemoryUsage of job (MB)
	8805704  -  ResidentSetSize of job (KB)
...
006 (9445608.000.000) 03/23 16:56:30 Image size of job updated: 10969392
	8685  -  MemoryUsage of job (MB)
	8893160  -  ResidentSetSize of job (KB)
...
006 (9445608.000.000) 03/23 17:01:31 Image size of job updated: 11032028
	8774  -  MemoryUsage of job (MB)
	8983852  -  ResidentSetSize of job (KB)
...
006 (9445608.000.000) 03/23 17:06:31 Image size of job updated: 11094404
	8863  -  MemoryUsage of job (MB)
	9074712  -  ResidentSetSize of job (KB)
...
006 (9445608.000.000) 03/23 17:11:31 Image size of job updated: 11155700
	8948  -  MemoryUsage of job (MB)
	9162728  -  ResidentSetSize of job (KB)
...
006 (9445608.000.000) 03/23 17:16:32 Image size of job updated: 11217944
	9037  -  MemoryUsage of job (MB)
	9253548  -  ResidentSetSize of job (KB)
...
006 (9445608.000.000) 03/23 17:21:33 Image size of job updated: 11278896
	9123  -  MemoryUsage of job (MB)
	9341252  -  ResidentSetSize of job (KB)
...
006 (9445608.000.000) 03/23 17:26:33 Image size of job updated: 11336544
	9207  -  MemoryUsage of job (MB)
	9426952  -  ResidentSetSize of job (KB)
...
006 (9445608.000.000) 03/23 17:31:33 Image size of job updated: 11391344
	9288  -  MemoryUsage of job (MB)
	9510872  -  ResidentSetSize of job (KB)
...
006 (9445608.000.000) 03/23 17:36:34 Image size of job updated: 11451000
	9372  -  MemoryUsage of job (MB)
	9596500  -  ResidentSetSize of job (KB)
...
006 (9445608.000.000) 03/23 17:41:34 Image size of job updated: 11512340
	9458  -  MemoryUsage of job (MB)
	9684748  -  ResidentSetSize of job (KB)
...
006 (9445608.000.000) 03/23 17:46:34 Image size of job updated: 11572512
	9544  -  MemoryUsage of job (MB)
	9772060  -  ResidentSetSize of job (KB)
...
006 (9445608.000.000) 03/23 17:51:35 Image size of job updated: 12222056
	9630  -  MemoryUsage of job (MB)
	9860860  -  ResidentSetSize of job (KB)
...
006 (9445608.000.000) 03/23 17:56:36 Image size of job updated: 12283528
	9718  -  MemoryUsage of job (MB)
	9951172  -  ResidentSetSize of job (KB)
...
006 (9445608.000.000) 03/23 18:01:36 Image size of job updated: 12346412
	9806  -  MemoryUsage of job (MB)
	10040364  -  ResidentSetSize of job (KB)
...
006 (9445608.000.000) 03/23 18:06:36 Image size of job updated: 12413388
	9898  -  MemoryUsage of job (MB)
	10135384  -  ResidentSetSize of job (KB)
...
006 (9445608.000.000) 03/23 18:11:37 Image size of job updated: 12472720
	9985  -  MemoryUsage of job (MB)
	10224220  -  ResidentSetSize of job (KB)
...
006 (9445608.000.000) 03/23 18:16:37 Image size of job updated: 12533284
	10069  -  MemoryUsage of job (MB)
	10310496  -  ResidentSetSize of job (KB)
...
006 (9445608.000.000) 03/23 18:21:37 Image size of job updated: 12588340
	10152  -  MemoryUsage of job (MB)
	10394792  -  ResidentSetSize of job (KB)
...
006 (9445608.000.000) 03/23 18:26:38 Image size of job updated: 12646444
	10233  -  MemoryUsage of job (MB)
	10477948  -  ResidentSetSize of job (KB)
...
006 (9445608.000.000) 03/23 18:31:39 Image size of job updated: 12703184
	10314  -  MemoryUsage of job (MB)
	10561048  -  ResidentSetSize of job (KB)
...
006 (9445608.000.000) 03/23 18:36:39 Image size of job updated: 12759148
	10395  -  MemoryUsage of job (MB)
	10643856  -  ResidentSetSize of job (KB)
...
006 (9445608.000.000) 03/23 18:41:39 Image size of job updated: 12818024
	10476  -  MemoryUsage of job (MB)
	10727132  -  ResidentSetSize of job (KB)
...
006 (9445608.000.000) 03/23 18:46:41 Image size of job updated: 12877732
	10558  -  MemoryUsage of job (MB)
	10811340  -  ResidentSetSize of job (KB)
...
006 (9445608.000.000) 03/23 18:51:41 Image size of job updated: 12934604
	10641  -  MemoryUsage of job (MB)
	10895944  -  ResidentSetSize of job (KB)
...
006 (9445608.000.000) 03/23 18:56:41 Image size of job updated: 12989140
	10722  -  MemoryUsage of job (MB)
	10978664  -  ResidentSetSize of job (KB)
...
006 (9445608.000.000) 03/23 19:01:42 Image size of job updated: 13045104
	10802  -  MemoryUsage of job (MB)
	11060884  -  ResidentSetSize of job (KB)
...
006 (9445608.000.000) 03/23 19:06:43 Image size of job updated: 13104692
	10881  -  MemoryUsage of job (MB)
	11141488  -  ResidentSetSize of job (KB)
...
006 (9445608.000.000) 03/23 19:11:43 Image size of job updated: 13161176
	10962  -  MemoryUsage of job (MB)
	11224708  -  ResidentSetSize of job (KB)
...
006 (9445608.000.000) 03/23 19:16:43 Image size of job updated: 13221028
	11050  -  MemoryUsage of job (MB)
	11314444  -  ResidentSetSize of job (KB)
...
006 (9445608.000.000) 03/23 19:21:44 Image size of job updated: 13287876
	11142  -  MemoryUsage of job (MB)
	11409252  -  ResidentSetSize of job (KB)
...
006 (9445608.000.000) 03/23 19:26:45 Image size of job updated: 13344484
	11224  -  MemoryUsage of job (MB)
	11492684  -  ResidentSetSize of job (KB)
...
006 (9445608.000.000) 03/23 19:31:45 Image size of job updated: 13401876
	11311  -  MemoryUsage of job (MB)
	11581900  -  ResidentSetSize of job (KB)
...
006 (9445608.000.000) 03/23 19:36:46 Image size of job updated: 13465352
	11397  -  MemoryUsage of job (MB)
	11670024  -  ResidentSetSize of job (KB)
...
006 (9445608.000.000) 03/23 19:41:47 Image size of job updated: 14704200
	11484  -  MemoryUsage of job (MB)
	11758720  -  ResidentSetSize of job (KB)
...
006 (9445608.000.000) 03/23 19:46:47 Image size of job updated: 14770656
	11577  -  MemoryUsage of job (MB)
	11854316  -  ResidentSetSize of job (KB)
...
006 (9445608.000.000) 03/23 19:51:47 Image size of job updated: 14833488
	11669  -  MemoryUsage of job (MB)
	11948804  -  ResidentSetSize of job (KB)
...
006 (9445608.000.000) 03/23 19:56:48 Image size of job updated: 14896836
	11755  -  MemoryUsage of job (MB)
	12037084  -  ResidentSetSize of job (KB)
...
006 (9445608.000.000) 03/23 20:01:49 Image size of job updated: 14954484
	11838  -  MemoryUsage of job (MB)
	12121748  -  ResidentSetSize of job (KB)
...
006 (9445608.000.000) 03/23 20:06:49 Image size of job updated: 15010968
	11920  -  MemoryUsage of job (MB)
	12205508  -  ResidentSetSize of job (KB)
...
006 (9445608.000.000) 03/23 20:11:50 Image size of job updated: 15072240
	12002  -  MemoryUsage of job (MB)
	12289864  -  ResidentSetSize of job (KB)
...
006 (9445608.000.000) 03/23 20:16:51 Image size of job updated: 15132348
	12090  -  MemoryUsage of job (MB)
	12379252  -  ResidentSetSize of job (KB)
...
006 (9445608.000.000) 03/23 20:21:51 Image size of job updated: 15189740
	12177  -  MemoryUsage of job (MB)
	12468452  -  ResidentSetSize of job (KB)
...
006 (9445608.000.000) 03/23 20:26:51 Image size of job updated: 15251012
	12259  -  MemoryUsage of job (MB)
	12552436  -  ResidentSetSize of job (KB)
...
006 (9445608.000.000) 03/23 20:31:52 Image size of job updated: 15308660
	12342  -  MemoryUsage of job (MB)
	12637532  -  ResidentSetSize of job (KB)
...
006 (9445608.000.000) 03/23 20:36:53 Image size of job updated: 15363848
	12421  -  MemoryUsage of job (MB)
	12718596  -  ResidentSetSize of job (KB)
...
006 (9445608.000.000) 03/23 20:41:53 Image size of job updated: 15423048
	12508  -  MemoryUsage of job (MB)
	12807192  -  ResidentSetSize of job (KB)
...
006 (9445608.000.000) 03/23 20:46:54 Image size of job updated: 15486916
	12596  -  MemoryUsage of job (MB)
	12897672  -  ResidentSetSize of job (KB)
...
006 (9445608.000.000) 03/23 20:51:55 Image size of job updated: 15554280
	12689  -  MemoryUsage of job (MB)
	12993072  -  ResidentSetSize of job (KB)
...
006 (9445608.000.000) 03/23 20:56:55 Image size of job updated: 15614000
	12776  -  MemoryUsage of job (MB)
	13081636  -  ResidentSetSize of job (KB)
...
006 (9445608.000.000) 03/23 21:01:55 Image size of job updated: 15669964
	12860  -  MemoryUsage of job (MB)
	13167884  -  ResidentSetSize of job (KB)
...
006 (9445608.000.000) 03/23 21:06:57 Image size of job updated: 15732924
	12945  -  MemoryUsage of job (MB)
	13254832  -  ResidentSetSize of job (KB)
...
006 (9445608.000.000) 03/23 21:11:57 Image size of job updated: 15791092
	13030  -  MemoryUsage of job (MB)
	13341896  -  ResidentSetSize of job (KB)
...
006 (9445608.000.000) 03/23 21:16:57 Image size of job updated: 15848484
	13112  -  MemoryUsage of job (MB)
	13426264  -  ResidentSetSize of job (KB)
...
006 (9445608.000.000) 03/23 21:21:58 Image size of job updated: 15915584
	13205  -  MemoryUsage of job (MB)
	13521780  -  ResidentSetSize of job (KB)
...
006 (9445608.000.000) 03/23 21:26:59 Image size of job updated: 15975824
	13293  -  MemoryUsage of job (MB)
	13611452  -  ResidentSetSize of job (KB)
...
006 (9445608.000.000) 03/23 21:31:59 Image size of job updated: 16039300
	13379  -  MemoryUsage of job (MB)
	13699936  -  ResidentSetSize of job (KB)
...
006 (9445608.000.000) 03/23 21:36:59 Image size of job updated: 16095652
	13464  -  MemoryUsage of job (MB)
	13786888  -  ResidentSetSize of job (KB)
...
006 (9445608.000.000) 03/23 21:42:00 Image size of job updated: 16153300
	13547  -  MemoryUsage of job (MB)
	13872080  -  ResidentSetSize of job (KB)
...
006 (9445608.000.000) 03/23 21:47:01 Image size of job updated: 16215096
	13630  -  MemoryUsage of job (MB)
	13956860  -  ResidentSetSize of job (KB)
...
006 (9445608.000.000) 03/23 21:52:01 Image size of job updated: 16275204
	13718  -  MemoryUsage of job (MB)
	14046884  -  ResidentSetSize of job (KB)
...
006 (9445608.000.000) 03/23 21:57:02 Image size of job updated: 16344460
	13808  -  MemoryUsage of job (MB)
	14138716  -  ResidentSetSize of job (KB)
...
006 (9445608.000.000) 03/23 22:02:03 Image size of job updated: 16396800
	13889  -  MemoryUsage of job (MB)
	14221744  -  ResidentSetSize of job (KB)
...
006 (9445608.000.000) 03/23 22:07:03 Image size of job updated: 16454836
	13889  -  MemoryUsage of job (MB)
	14221748  -  ResidentSetSize of job (KB)
...
006 (9445608.000.000) 03/23 22:12:03 Image size of job updated: 16504584
	13889  -  MemoryUsage of job (MB)
	14221748  -  ResidentSetSize of job (KB)
...
006 (9445608.000.000) 03/23 22:17:04 Image size of job updated: 16562744
	13889  -  MemoryUsage of job (MB)
	14221748  -  ResidentSetSize of job (KB)
...
006 (9445608.000.000) 03/23 22:22:04 Image size of job updated: 16613920
	13889  -  MemoryUsage of job (MB)
	14221748  -  ResidentSetSize of job (KB)
...
006 (9445608.000.000) 03/23 22:27:04 Image size of job updated: 16679080
	13889  -  MemoryUsage of job (MB)
	14221748  -  ResidentSetSize of job (KB)
...
006 (9445608.000.000) 03/23 22:32:05 Image size of job updated: 16741648
	13889  -  MemoryUsage of job (MB)
	14221748  -  ResidentSetSize of job (KB)
...
006 (9445608.000.000) 03/23 22:37:06 Image size of job updated: 16795928
	13889  -  MemoryUsage of job (MB)
	14221748  -  ResidentSetSize of job (KB)
...
006 (9445608.000.000) 03/23 22:42:06 Image size of job updated: 16859016
	13889  -  MemoryUsage of job (MB)
	14221748  -  ResidentSetSize of job (KB)
...
006 (9445608.000.000) 03/23 22:47:06 Image size of job updated: 16922364
	13889  -  MemoryUsage of job (MB)
	14221748  -  ResidentSetSize of job (KB)
...
006 (9445608.000.000) 03/23 22:52:08 Image size of job updated: 16988044
	13889  -  MemoryUsage of job (MB)
	14221748  -  ResidentSetSize of job (KB)
...
006 (9445608.000.000) 03/23 22:57:08 Image size of job updated: 17045048
	13889  -  MemoryUsage of job (MB)
	14221748  -  ResidentSetSize of job (KB)
...
006 (9445608.000.000) 03/23 23:02:08 Image size of job updated: 17112148
	13889  -  MemoryUsage of job (MB)
	14221748  -  ResidentSetSize of job (KB)
...
006 (9445608.000.000) 03/23 23:07:09 Image size of job updated: 17173164
	13889  -  MemoryUsage of job (MB)
	14221748  -  ResidentSetSize of job (KB)
...
006 (9445608.000.000) 03/23 23:12:10 Image size of job updated: 17224596
	13889  -  MemoryUsage of job (MB)
	14221748  -  ResidentSetSize of job (KB)
...
006 (9445608.000.000) 03/23 23:17:10 Image size of job updated: 19646460
	13889  -  MemoryUsage of job (MB)
	14221748  -  ResidentSetSize of job (KB)
...
006 (9445608.000.000) 03/23 23:22:10 Image size of job updated: 19709552
	13889  -  MemoryUsage of job (MB)
	14221748  -  ResidentSetSize of job (KB)
...
006 (9445608.000.000) 03/23 23:27:12 Image size of job updated: 19766808
	13889  -  MemoryUsage of job (MB)
	14221748  -  ResidentSetSize of job (KB)
...
006 (9445608.000.000) 03/23 23:32:12 Image size of job updated: 19833656
	13889  -  MemoryUsage of job (MB)
	14221748  -  ResidentSetSize of job (KB)
...
006 (9445608.000.000) 03/23 23:37:12 Image size of job updated: 19899204
	13889  -  MemoryUsage of job (MB)
	14221748  -  ResidentSetSize of job (KB)
...
006 (9445608.000.000) 03/23 23:42:13 Image size of job updated: 19961904
	13889  -  MemoryUsage of job (MB)
	14221748  -  ResidentSetSize of job (KB)
...
006 (9445608.000.000) 03/23 23:47:14 Image size of job updated: 20015796
	13889  -  MemoryUsage of job (MB)
	14221748  -  ResidentSetSize of job (KB)
...
006 (9445608.000.000) 03/23 23:52:14 Image size of job updated: 20079016
	13889  -  MemoryUsage of job (MB)
	14221748  -  ResidentSetSize of job (KB)
...
006 (9445608.000.000) 03/23 23:57:14 Image size of job updated: 20144568
	13889  -  MemoryUsage of job (MB)
	14221748  -  ResidentSetSize of job (KB)
...
006 (9445608.000.000) 03/24 00:02:15 Image size of job updated: 20207004
	13889  -  MemoryUsage of job (MB)
	14221748  -  ResidentSetSize of job (KB)
...
006 (9445608.000.000) 03/24 00:07:16 Image size of job updated: 20264528
	13889  -  MemoryUsage of job (MB)
	14221748  -  ResidentSetSize of job (KB)
...
006 (9445608.000.000) 03/24 00:12:16 Image size of job updated: 20330464
	13889  -  MemoryUsage of job (MB)
	14221748  -  ResidentSetSize of job (KB)
...
006 (9445608.000.000) 03/24 00:17:17 Image size of job updated: 20396404
	13889  -  MemoryUsage of job (MB)
	14221748  -  ResidentSetSize of job (KB)
...
006 (9445608.000.000) 03/24 00:22:18 Image size of job updated: 20462340
	13889  -  MemoryUsage of job (MB)
	14221748  -  ResidentSetSize of job (KB)
...
006 (9445608.000.000) 03/24 00:27:18 Image size of job updated: 20528408
	13889  -  MemoryUsage of job (MB)
	14221748  -  ResidentSetSize of job (KB)
...
006 (9445608.000.000) 03/24 00:32:18 Image size of job updated: 20583596
	13889  -  MemoryUsage of job (MB)
	14221748  -  ResidentSetSize of job (KB)
...
006 (9445608.000.000) 03/24 00:37:19 Image size of job updated: 20649664
	13889  -  MemoryUsage of job (MB)
	14221748  -  ResidentSetSize of job (KB)
...
006 (9445608.000.000) 03/24 00:42:19 Image size of job updated: 20715736
	13889  -  MemoryUsage of job (MB)
	14221748  -  ResidentSetSize of job (KB)
...
006 (9445608.000.000) 03/24 00:47:19 Image size of job updated: 20782060
	13889  -  MemoryUsage of job (MB)
	14221748  -  ResidentSetSize of job (KB)
...
006 (9445608.000.000) 03/24 00:52:20 Image size of job updated: 20839584
	13889  -  MemoryUsage of job (MB)
	14221748  -  ResidentSetSize of job (KB)
...
006 (9445608.000.000) 03/24 00:57:21 Image size of job updated: 21177400
	13889  -  MemoryUsage of job (MB)
	14221748  -  ResidentSetSize of job (KB)
...
006 (9445608.000.000) 03/24 01:17:22 Image size of job updated: 23132736
	13889  -  MemoryUsage of job (MB)
	14221748  -  ResidentSetSize of job (KB)
...
006 (9445608.000.000) 03/24 01:22:22 Image size of job updated: 23850832
	13889  -  MemoryUsage of job (MB)
	14221748  -  ResidentSetSize of job (KB)
...
040 (9445608.000.000) 03/24 02:11:37 Started transferring output files
...
040 (9445608.000.000) 03/24 02:11:37 Finished transferring output files
...
005 (9445608.000.000) 03/24 02:11:37 Job terminated.
	(1) Normal termination (return value 0)
		Usr 0 09:52:20, Sys 0 00:12:29  -  Run Remote Usage
		Usr 0 00:00:00, Sys 0 00:00:00  -  Run Local Usage
		Usr 0 09:52:20, Sys 0 00:12:29  -  Total Remote Usage
		Usr 0 00:00:00, Sys 0 00:00:00  -  Total Local Usage
	13958  -  Run Bytes Sent By Job
	236  -  Run Bytes Received By Job
	13958  -  Total Bytes Sent By Job
	236  -  Total Bytes Received By Job
	Partitionable Resources :    Usage  Request Allocated 
	   Cpus                 :     1.00        1         1 
	   Disk (KB)            :  4753           1   1295143 
	   Memory (MB)          : 13889        2000      2000 

	Job terminated of its own accord at 2024-03-24T01:11:37Z.
...
