000 (9445606.000.000) 03/23 14:44:06 Job submitted from host: <137.138.156.150:9618?addrs=137.138.156.150-9618+[2001-1458-d00-14--9a]-9618&alias=bigbird13.cern.ch&noUDP&sock=schedd_5144_ef43>
...
040 (9445606.000.000) 03/23 16:01:15 Started transferring input files
	Transferring to host: <128.142.56.34:9618?addrs=128.142.56.34-9618+[2001-1458-301-6--100-21]-9618&alias=b7s01p5261.cern.ch&noUDP&sock=slot1_7_60515_0ab6_79005>
...
040 (9445606.000.000) 03/23 16:01:15 Finished transferring input files
...
001 (9445606.000.000) 03/23 16:01:16 Job executing on host: <128.142.56.34:9618?addrs=128.142.56.34-9618+[2001-1458-301-6--100-21]-9618&alias=b7s01p5261.cern.ch&noUDP&sock=startd_60476_1594>
...
006 (9445606.000.000) 03/23 16:01:25 Image size of job updated: 1067724
	171  -  MemoryUsage of job (MB)
	175016  -  ResidentSetSize of job (KB)
...
006 (9445606.000.000) 03/23 16:06:26 Image size of job updated: 9811084
	7837  -  MemoryUsage of job (MB)
	8024364  -  ResidentSetSize of job (KB)
...
006 (9445606.000.000) 03/23 16:11:27 Image size of job updated: 9889168
	7888  -  MemoryUsage of job (MB)
	8076460  -  ResidentSetSize of job (KB)
...
006 (9445606.000.000) 03/23 16:16:27 Image size of job updated: 9919780
	7934  -  MemoryUsage of job (MB)
	8124056  -  ResidentSetSize of job (KB)
...
006 (9445606.000.000) 03/23 16:21:27 Image size of job updated: 10051580
	8009  -  MemoryUsage of job (MB)
	8200220  -  ResidentSetSize of job (KB)
...
006 (9445606.000.000) 03/23 16:26:28 Image size of job updated: 10092156
	8069  -  MemoryUsage of job (MB)
	8262400  -  ResidentSetSize of job (KB)
...
006 (9445606.000.000) 03/23 16:31:28 Image size of job updated: 10141092
	8139  -  MemoryUsage of job (MB)
	8333692  -  ResidentSetSize of job (KB)
...
006 (9445606.000.000) 03/23 16:36:28 Image size of job updated: 10338000
	8209  -  MemoryUsage of job (MB)
	8405832  -  ResidentSetSize of job (KB)
...
006 (9445606.000.000) 03/23 16:41:29 Image size of job updated: 10396200
	8292  -  MemoryUsage of job (MB)
	8490860  -  ResidentSetSize of job (KB)
...
006 (9445606.000.000) 03/23 16:46:30 Image size of job updated: 10455692
	8377  -  MemoryUsage of job (MB)
	8577664  -  ResidentSetSize of job (KB)
...
006 (9445606.000.000) 03/23 16:51:30 Image size of job updated: 10510360
	8455  -  MemoryUsage of job (MB)
	8657892  -  ResidentSetSize of job (KB)
...
006 (9445606.000.000) 03/23 16:56:30 Image size of job updated: 10562956
	8533  -  MemoryUsage of job (MB)
	8737196  -  ResidentSetSize of job (KB)
...
006 (9445606.000.000) 03/23 17:01:31 Image size of job updated: 10616460
	8608  -  MemoryUsage of job (MB)
	8813800  -  ResidentSetSize of job (KB)
...
006 (9445606.000.000) 03/23 17:06:31 Image size of job updated: 10964356
	8683  -  MemoryUsage of job (MB)
	8890808  -  ResidentSetSize of job (KB)
...
006 (9445606.000.000) 03/23 17:11:31 Image size of job updated: 11017860
	8758  -  MemoryUsage of job (MB)
	8967864  -  ResidentSetSize of job (KB)
...
006 (9445606.000.000) 03/23 17:16:32 Image size of job updated: 11072396
	8836  -  MemoryUsage of job (MB)
	9047980  -  ResidentSetSize of job (KB)
...
006 (9445606.000.000) 03/23 17:21:33 Image size of job updated: 11127540
	8916  -  MemoryUsage of job (MB)
	9129000  -  ResidentSetSize of job (KB)
...
006 (9445606.000.000) 03/23 17:26:33 Image size of job updated: 11183440
	8992  -  MemoryUsage of job (MB)
	9206952  -  ResidentSetSize of job (KB)
...
006 (9445606.000.000) 03/23 17:31:33 Image size of job updated: 11237852
	9069  -  MemoryUsage of job (MB)
	9286228  -  ResidentSetSize of job (KB)
...
006 (9445606.000.000) 03/23 17:36:35 Image size of job updated: 11291092
	9144  -  MemoryUsage of job (MB)
	9363092  -  ResidentSetSize of job (KB)
...
006 (9445606.000.000) 03/23 17:41:35 Image size of job updated: 11341160
	9221  -  MemoryUsage of job (MB)
	9441440  -  ResidentSetSize of job (KB)
...
006 (9445606.000.000) 03/23 17:46:35 Image size of job updated: 11395440
	9298  -  MemoryUsage of job (MB)
	9521120  -  ResidentSetSize of job (KB)
...
006 (9445606.000.000) 03/23 17:51:36 Image size of job updated: 11451728
	9376  -  MemoryUsage of job (MB)
	9600128  -  ResidentSetSize of job (KB)
...
006 (9445606.000.000) 03/23 17:56:37 Image size of job updated: 11505620
	9453  -  MemoryUsage of job (MB)
	9679036  -  ResidentSetSize of job (KB)
...
006 (9445606.000.000) 03/23 18:01:37 Image size of job updated: 11561196
	9531  -  MemoryUsage of job (MB)
	9759716  -  ResidentSetSize of job (KB)
...
006 (9445606.000.000) 03/23 18:06:37 Image size of job updated: 12203484
	9605  -  MemoryUsage of job (MB)
	9835260  -  ResidentSetSize of job (KB)
...
006 (9445606.000.000) 03/23 18:11:38 Image size of job updated: 12256080
	9679  -  MemoryUsage of job (MB)
	9911024  -  ResidentSetSize of job (KB)
...
006 (9445606.000.000) 03/23 18:16:38 Image size of job updated: 12310740
	9756  -  MemoryUsage of job (MB)
	9989776  -  ResidentSetSize of job (KB)
...
006 (9445606.000.000) 03/23 18:21:38 Image size of job updated: 12361328
	9830  -  MemoryUsage of job (MB)
	10065628  -  ResidentSetSize of job (KB)
...
006 (9445606.000.000) 03/23 18:26:39 Image size of job updated: 12419300
	9915  -  MemoryUsage of job (MB)
	10152452  -  ResidentSetSize of job (KB)
...
006 (9445606.000.000) 03/23 18:31:40 Image size of job updated: 12475264
	9994  -  MemoryUsage of job (MB)
	10233844  -  ResidentSetSize of job (KB)
...
006 (9445606.000.000) 03/23 18:36:40 Image size of job updated: 12528248
	10070  -  MemoryUsage of job (MB)
	10311400  -  ResidentSetSize of job (KB)
...
006 (9445606.000.000) 03/23 18:41:40 Image size of job updated: 12580844
	10143  -  MemoryUsage of job (MB)
	10386236  -  ResidentSetSize of job (KB)
...
006 (9445606.000.000) 03/23 18:46:41 Image size of job updated: 12632920
	10217  -  MemoryUsage of job (MB)
	10461732  -  ResidentSetSize of job (KB)
...
006 (9445606.000.000) 03/23 18:51:42 Image size of job updated: 12683376
	10291  -  MemoryUsage of job (MB)
	10537108  -  ResidentSetSize of job (KB)
...
006 (9445606.000.000) 03/23 18:56:42 Image size of job updated: 12736104
	10365  -  MemoryUsage of job (MB)
	10613508  -  ResidentSetSize of job (KB)
...
006 (9445606.000.000) 03/23 19:01:43 Image size of job updated: 12788572
	10439  -  MemoryUsage of job (MB)
	10688780  -  ResidentSetSize of job (KB)
...
006 (9445606.000.000) 03/23 19:06:44 Image size of job updated: 12839532
	10510  -  MemoryUsage of job (MB)
	10761528  -  ResidentSetSize of job (KB)
...
006 (9445606.000.000) 03/23 19:11:44 Image size of job updated: 12892384
	10584  -  MemoryUsage of job (MB)
	10837440  -  ResidentSetSize of job (KB)
...
006 (9445606.000.000) 03/23 19:16:44 Image size of job updated: 12942000
	10656  -  MemoryUsage of job (MB)
	10911248  -  ResidentSetSize of job (KB)
...
006 (9445606.000.000) 03/23 19:21:45 Image size of job updated: 12994596
	10731  -  MemoryUsage of job (MB)
	10987752  -  ResidentSetSize of job (KB)
...
006 (9445606.000.000) 03/23 19:26:46 Image size of job updated: 13051468
	10813  -  MemoryUsage of job (MB)
	11072376  -  ResidentSetSize of job (KB)
...
006 (9445606.000.000) 03/23 19:31:46 Image size of job updated: 13109504
	10897  -  MemoryUsage of job (MB)
	11158012  -  ResidentSetSize of job (KB)
...
006 (9445606.000.000) 03/23 19:36:47 Image size of job updated: 13165856
	10978  -  MemoryUsage of job (MB)
	11241360  -  ResidentSetSize of job (KB)
...
006 (9445606.000.000) 03/23 19:41:48 Image size of job updated: 13229336
	11065  -  MemoryUsage of job (MB)
	11330552  -  ResidentSetSize of job (KB)
...
006 (9445606.000.000) 03/23 19:46:48 Image size of job updated: 13297996
	11162  -  MemoryUsage of job (MB)
	11429144  -  ResidentSetSize of job (KB)
...
006 (9445606.000.000) 03/23 19:51:48 Image size of job updated: 13360176
	11254  -  MemoryUsage of job (MB)
	11523300  -  ResidentSetSize of job (KB)
...
006 (9445606.000.000) 03/23 19:56:49 Image size of job updated: 13425472
	11345  -  MemoryUsage of job (MB)
	11616516  -  ResidentSetSize of job (KB)
...
006 (9445606.000.000) 03/23 20:01:50 Image size of job updated: 14672608
	11437  -  MemoryUsage of job (MB)
	11711380  -  ResidentSetSize of job (KB)
...
006 (9445606.000.000) 03/23 20:06:50 Image size of job updated: 14732460
	11525  -  MemoryUsage of job (MB)
	11800676  -  ResidentSetSize of job (KB)
...
006 (9445606.000.000) 03/23 20:11:50 Image size of job updated: 14790108
	11608  -  MemoryUsage of job (MB)
	11886204  -  ResidentSetSize of job (KB)
...
006 (9445606.000.000) 03/23 20:16:51 Image size of job updated: 14850736
	11693  -  MemoryUsage of job (MB)
	11973488  -  ResidentSetSize of job (KB)
...
006 (9445606.000.000) 03/23 20:21:52 Image size of job updated: 14908384
	11777  -  MemoryUsage of job (MB)
	12059524  -  ResidentSetSize of job (KB)
...
006 (9445606.000.000) 03/23 20:26:52 Image size of job updated: 14964736
	11857  -  MemoryUsage of job (MB)
	12141204  -  ResidentSetSize of job (KB)
...
006 (9445606.000.000) 03/23 20:31:52 Image size of job updated: 15024324
	11944  -  MemoryUsage of job (MB)
	12230396  -  ResidentSetSize of job (KB)
...
006 (9445606.000.000) 03/23 20:36:53 Image size of job updated: 15087804
	12031  -  MemoryUsage of job (MB)
	12318756  -  ResidentSetSize of job (KB)
...
006 (9445606.000.000) 03/23 20:41:53 Image size of job updated: 15141308
	12107  -  MemoryUsage of job (MB)
	12396852  -  ResidentSetSize of job (KB)
...
006 (9445606.000.000) 03/23 20:46:53 Image size of job updated: 15194812
	12182  -  MemoryUsage of job (MB)
	12474272  -  ResidentSetSize of job (KB)
...
006 (9445606.000.000) 03/23 20:51:54 Image size of job updated: 15248960
	12260  -  MemoryUsage of job (MB)
	12553316  -  ResidentSetSize of job (KB)
...
006 (9445606.000.000) 03/23 20:56:55 Image size of job updated: 15302852
	12336  -  MemoryUsage of job (MB)
	12631396  -  ResidentSetSize of job (KB)
...
006 (9445606.000.000) 03/23 21:01:55 Image size of job updated: 15355836
	12411  -  MemoryUsage of job (MB)
	12708492  -  ResidentSetSize of job (KB)
...
006 (9445606.000.000) 03/23 21:06:55 Image size of job updated: 15413096
	12494  -  MemoryUsage of job (MB)
	12793444  -  ResidentSetSize of job (KB)
...
006 (9445606.000.000) 03/23 21:11:56 Image size of job updated: 15465692
	12569  -  MemoryUsage of job (MB)
	12869900  -  ResidentSetSize of job (KB)
...
006 (9445606.000.000) 03/23 21:16:57 Image size of job updated: 15515952
	12642  -  MemoryUsage of job (MB)
	12944692  -  ResidentSetSize of job (KB)
...
006 (9445606.000.000) 03/23 21:21:57 Image size of job updated: 15568160
	12716  -  MemoryUsage of job (MB)
	13020248  -  ResidentSetSize of job (KB)
...
006 (9445606.000.000) 03/23 21:26:58 Image size of job updated: 15622052
	12793  -  MemoryUsage of job (MB)
	13099456  -  ResidentSetSize of job (KB)
...
006 (9445606.000.000) 03/23 21:31:59 Image size of job updated: 15677240
	12871  -  MemoryUsage of job (MB)
	13179200  -  ResidentSetSize of job (KB)
...
006 (9445606.000.000) 03/23 21:36:59 Image size of job updated: 15733848
	12953  -  MemoryUsage of job (MB)
	13263200  -  ResidentSetSize of job (KB)
...
006 (9445606.000.000) 03/23 21:41:59 Image size of job updated: 15798364
	13041  -  MemoryUsage of job (MB)
	13353436  -  ResidentSetSize of job (KB)
...
006 (9445606.000.000) 03/23 21:47:00 Image size of job updated: 15852124
	13118  -  MemoryUsage of job (MB)
	13431844  -  ResidentSetSize of job (KB)
...
006 (9445606.000.000) 03/23 21:52:01 Image size of job updated: 15901096
	13192  -  MemoryUsage of job (MB)
	13508020  -  ResidentSetSize of job (KB)
...
006 (9445606.000.000) 03/23 21:57:01 Image size of job updated: 15953428
	13266  -  MemoryUsage of job (MB)
	13583368  -  ResidentSetSize of job (KB)
...
006 (9445606.000.000) 03/23 22:02:01 Image size of job updated: 16006156
	13340  -  MemoryUsage of job (MB)
	13659288  -  ResidentSetSize of job (KB)
...
006 (9445606.000.000) 03/23 22:07:02 Image size of job updated: 16057844
	13416  -  MemoryUsage of job (MB)
	13737468  -  ResidentSetSize of job (KB)
...
006 (9445606.000.000) 03/23 22:12:03 Image size of job updated: 16114716
	13499  -  MemoryUsage of job (MB)
	13822420  -  ResidentSetSize of job (KB)
...
006 (9445606.000.000) 03/23 22:17:03 Image size of job updated: 16176764
	13582  -  MemoryUsage of job (MB)
	13907080  -  ResidentSetSize of job (KB)
...
006 (9445606.000.000) 03/23 22:22:04 Image size of job updated: 16229748
	13657  -  MemoryUsage of job (MB)
	13984532  -  ResidentSetSize of job (KB)
...
006 (9445606.000.000) 03/23 22:27:05 Image size of job updated: 16286620
	13739  -  MemoryUsage of job (MB)
	14068164  -  ResidentSetSize of job (KB)
...
006 (9445606.000.000) 03/23 22:32:05 Image size of job updated: 16351212
	13828  -  MemoryUsage of job (MB)
	14158860  -  ResidentSetSize of job (KB)
...
006 (9445606.000.000) 03/23 22:37:05 Image size of job updated: 16414436
	13914  -  MemoryUsage of job (MB)
	14246960  -  ResidentSetSize of job (KB)
...
006 (9445606.000.000) 03/23 22:42:06 Image size of job updated: 16470528
	14002  -  MemoryUsage of job (MB)
	14337228  -  ResidentSetSize of job (KB)
...
006 (9445606.000.000) 03/23 22:47:07 Image size of job updated: 16534784
	14093  -  MemoryUsage of job (MB)
	14430732  -  ResidentSetSize of job (KB)
...
006 (9445606.000.000) 03/23 22:52:07 Image size of job updated: 16599812
	14182  -  MemoryUsage of job (MB)
	14522184  -  ResidentSetSize of job (KB)
...
006 (9445606.000.000) 03/23 22:57:07 Image size of job updated: 16664196
	14271  -  MemoryUsage of job (MB)
	14612696  -  ResidentSetSize of job (KB)
...
006 (9445606.000.000) 03/23 23:02:08 Image size of job updated: 16720424
	14359  -  MemoryUsage of job (MB)
	14703280  -  ResidentSetSize of job (KB)
...
006 (9445606.000.000) 03/23 23:07:08 Image size of job updated: 16784156
	14445  -  MemoryUsage of job (MB)
	14790744  -  ResidentSetSize of job (KB)
...
006 (9445606.000.000) 03/23 23:12:08 Image size of job updated: 16846340
	14530  -  MemoryUsage of job (MB)
	14877736  -  ResidentSetSize of job (KB)
...
006 (9445606.000.000) 03/23 23:17:09 Image size of job updated: 16913960
	14624  -  MemoryUsage of job (MB)
	14974864  -  ResidentSetSize of job (KB)
...
006 (9445606.000.000) 03/23 23:22:10 Image size of job updated: 16968372
	14712  -  MemoryUsage of job (MB)
	15064380  -  ResidentSetSize of job (KB)
...
006 (9445606.000.000) 03/23 23:27:10 Image size of job updated: 17030164
	14795  -  MemoryUsage of job (MB)
	15149776  -  ResidentSetSize of job (KB)
...
006 (9445606.000.000) 03/23 23:32:10 Image size of job updated: 17091180
	14878  -  MemoryUsage of job (MB)
	15234668  -  ResidentSetSize of job (KB)
...
006 (9445606.000.000) 03/23 23:37:12 Image size of job updated: 17146500
	14965  -  MemoryUsage of job (MB)
	15323160  -  ResidentSetSize of job (KB)
...
006 (9445606.000.000) 03/23 23:42:12 Image size of job updated: 17211008
	15053  -  MemoryUsage of job (MB)
	15413688  -  ResidentSetSize of job (KB)
...
006 (9445606.000.000) 03/23 23:47:12 Image size of job updated: 19638448
	15148  -  MemoryUsage of job (MB)
	15511472  -  ResidentSetSize of job (KB)
...
006 (9445606.000.000) 03/23 23:52:13 Image size of job updated: 19704384
	15240  -  MemoryUsage of job (MB)
	15605000  -  ResidentSetSize of job (KB)
...
006 (9445606.000.000) 03/23 23:57:14 Image size of job updated: 19761908
	15330  -  MemoryUsage of job (MB)
	15697464  -  ResidentSetSize of job (KB)
...
006 (9445606.000.000) 03/24 00:02:14 Image size of job updated: 19827068
	15420  -  MemoryUsage of job (MB)
	15789664  -  ResidentSetSize of job (KB)
...
006 (9445606.000.000) 03/24 00:07:14 Image size of job updated: 19892096
	15512  -  MemoryUsage of job (MB)
	15884144  -  ResidentSetSize of job (KB)
...
006 (9445606.000.000) 03/24 00:12:16 Image size of job updated: 19958556
	15604  -  MemoryUsage of job (MB)
	15978156  -  ResidentSetSize of job (KB)
...
006 (9445606.000.000) 03/24 00:17:16 Image size of job updated: 20024236
	15696  -  MemoryUsage of job (MB)
	16072092  -  ResidentSetSize of job (KB)
...
006 (9445606.000.000) 03/24 00:22:16 Image size of job updated: 20083180
	15787  -  MemoryUsage of job (MB)
	16165784  -  ResidentSetSize of job (KB)
...
006 (9445606.000.000) 03/24 00:27:17 Image size of job updated: 20149636
	15880  -  MemoryUsage of job (MB)
	16260864  -  ResidentSetSize of job (KB)
...
006 (9445606.000.000) 03/24 00:32:18 Image size of job updated: 20215184
	15971  -  MemoryUsage of job (MB)
	16353460  -  ResidentSetSize of job (KB)
...
006 (9445606.000.000) 03/24 00:37:18 Image size of job updated: 20280348
	16061  -  MemoryUsage of job (MB)
	16445944  -  ResidentSetSize of job (KB)
...
006 (9445606.000.000) 03/24 00:42:18 Image size of job updated: 20346416
	16152  -  MemoryUsage of job (MB)
	16538884  -  ResidentSetSize of job (KB)
...
006 (9445606.000.000) 03/24 00:47:19 Image size of job updated: 20406268
	16247  -  MemoryUsage of job (MB)
	16636612  -  ResidentSetSize of job (KB)
...
006 (9445606.000.000) 03/24 00:52:20 Image size of job updated: 20473500
	16341  -  MemoryUsage of job (MB)
	16732940  -  ResidentSetSize of job (KB)
...
006 (9445606.000.000) 03/24 00:57:20 Image size of job updated: 20538660
	16436  -  MemoryUsage of job (MB)
	16829536  -  ResidentSetSize of job (KB)
...
006 (9445606.000.000) 03/24 01:02:20 Image size of job updated: 20606284
	16530  -  MemoryUsage of job (MB)
	16926400  -  ResidentSetSize of job (KB)
...
006 (9445606.000.000) 03/24 01:07:21 Image size of job updated: 20673128
	16623  -  MemoryUsage of job (MB)
	17021324  -  ResidentSetSize of job (KB)
...
006 (9445606.000.000) 03/24 01:12:21 Image size of job updated: 20739972
	16715  -  MemoryUsage of job (MB)
	17115688  -  ResidentSetSize of job (KB)
...
006 (9445606.000.000) 03/24 01:17:21 Image size of job updated: 20808116
	16809  -  MemoryUsage of job (MB)
	17211732  -  ResidentSetSize of job (KB)
...
006 (9445606.000.000) 03/24 01:22:22 Image size of job updated: 20865504
	16900  -  MemoryUsage of job (MB)
	17304984  -  ResidentSetSize of job (KB)
...
006 (9445606.000.000) 03/24 01:27:23 Image size of job updated: 20867708
	16900  -  MemoryUsage of job (MB)
	17304988  -  ResidentSetSize of job (KB)
...
006 (9445606.000.000) 03/24 01:37:24 Image size of job updated: 20959200
	17139  -  MemoryUsage of job (MB)
	17550336  -  ResidentSetSize of job (KB)
...
006 (9445606.000.000) 03/24 01:42:25 Image size of job updated: 23251952
	19380  -  MemoryUsage of job (MB)
	19844196  -  ResidentSetSize of job (KB)
...
006 (9445606.000.000) 03/24 01:47:25 Image size of job updated: 23938712
	19380  -  MemoryUsage of job (MB)
	19844196  -  ResidentSetSize of job (KB)
...
006 (9445606.000.000) 03/24 02:17:28 Image size of job updated: 23938712
	19391  -  MemoryUsage of job (MB)
	19855500  -  ResidentSetSize of job (KB)
...
006 (9445606.000.000) 03/24 02:22:28 Image size of job updated: 23938712
	19831  -  MemoryUsage of job (MB)
	20306740  -  ResidentSetSize of job (KB)
...
040 (9445606.000.000) 03/24 02:35:28 Started transferring output files
...
040 (9445606.000.000) 03/24 02:35:28 Finished transferring output files
...
005 (9445606.000.000) 03/24 02:35:28 Job terminated.
	(1) Normal termination (return value 0)
		Usr 0 10:24:40, Sys 0 00:07:44  -  Run Remote Usage
		Usr 0 00:00:00, Sys 0 00:00:00  -  Run Local Usage
		Usr 0 10:24:40, Sys 0 00:07:44  -  Total Remote Usage
		Usr 0 00:00:00, Sys 0 00:00:00  -  Total Local Usage
	13966  -  Run Bytes Sent By Job
	238  -  Run Bytes Received By Job
	13966  -  Total Bytes Sent By Job
	238  -  Total Bytes Received By Job
	Partitionable Resources :    Usage  Request Allocated 
	   Cpus                 :     1.00        1         1 
	   Disk (KB)            :  4074           1   1251862 
	   Memory (MB)          : 19831        2000      2000 

	Job terminated of its own accord at 2024-03-24T01:35:28Z.
...
