000 (9445598.000.000) 03/23 14:43:17 Job submitted from host: <137.138.156.150:9618?addrs=137.138.156.150-9618+[2001-1458-d00-14--9a]-9618&alias=bigbird13.cern.ch&noUDP&sock=schedd_5144_ef43>
...
040 (9445598.000.000) 03/23 16:01:12 Started transferring input files
	Transferring to host: <128.142.56.51:9618?addrs=128.142.56.51-9618&alias=b7s01p7509.cern.ch&noUDP&sock=slot1_7_6910_7852_81036>
...
040 (9445598.000.000) 03/23 16:01:12 Finished transferring input files
...
001 (9445598.000.000) 03/23 16:01:13 Job executing on host: <128.142.56.51:9618?addrs=128.142.56.51-9618&alias=b7s01p7509.cern.ch&noUDP&sock=startd_6847_0d0c>
...
006 (9445598.000.000) 03/23 16:01:21 Image size of job updated: 374792
	178  -  MemoryUsage of job (MB)
	181856  -  ResidentSetSize of job (KB)
...
006 (9445598.000.000) 03/23 16:06:21 Image size of job updated: 9813564
	7825  -  MemoryUsage of job (MB)
	8012512  -  ResidentSetSize of job (KB)
...
006 (9445598.000.000) 03/23 16:11:22 Image size of job updated: 9888544
	7885  -  MemoryUsage of job (MB)
	8073256  -  ResidentSetSize of job (KB)
...
006 (9445598.000.000) 03/23 16:16:22 Image size of job updated: 9944588
	7964  -  MemoryUsage of job (MB)
	8154688  -  ResidentSetSize of job (KB)
...
006 (9445598.000.000) 03/23 16:21:22 Image size of job updated: 10072468
	8041  -  MemoryUsage of job (MB)
	8233712  -  ResidentSetSize of job (KB)
...
006 (9445598.000.000) 03/23 16:26:23 Image size of job updated: 10127792
	8119  -  MemoryUsage of job (MB)
	8312904  -  ResidentSetSize of job (KB)
...
006 (9445598.000.000) 03/23 16:31:24 Image size of job updated: 10183368
	8198  -  MemoryUsage of job (MB)
	8393784  -  ResidentSetSize of job (KB)
...
006 (9445598.000.000) 03/23 16:36:24 Image size of job updated: 10387468
	8277  -  MemoryUsage of job (MB)
	8475604  -  ResidentSetSize of job (KB)
...
006 (9445598.000.000) 03/23 16:41:25 Image size of job updated: 10444888
	8359  -  MemoryUsage of job (MB)
	8558840  -  ResidentSetSize of job (KB)
...
006 (9445598.000.000) 03/23 16:46:26 Image size of job updated: 10495896
	8432  -  MemoryUsage of job (MB)
	8633576  -  ResidentSetSize of job (KB)
...
006 (9445598.000.000) 03/23 16:51:26 Image size of job updated: 10545740
	8506  -  MemoryUsage of job (MB)
	8709328  -  ResidentSetSize of job (KB)
...
006 (9445598.000.000) 03/23 16:56:26 Image size of job updated: 10597040
	8578  -  MemoryUsage of job (MB)
	8783500  -  ResidentSetSize of job (KB)
...
006 (9445598.000.000) 03/23 17:01:27 Image size of job updated: 10647404
	8649  -  MemoryUsage of job (MB)
	8855832  -  ResidentSetSize of job (KB)
...
006 (9445598.000.000) 03/23 17:06:27 Image size of job updated: 10994524
	8723  -  MemoryUsage of job (MB)
	8931392  -  ResidentSetSize of job (KB)
...
006 (9445598.000.000) 03/23 17:11:27 Image size of job updated: 11048284
	8799  -  MemoryUsage of job (MB)
	9009976  -  ResidentSetSize of job (KB)
...
006 (9445598.000.000) 03/23 17:16:28 Image size of job updated: 11103200
	8876  -  MemoryUsage of job (MB)
	9088172  -  ResidentSetSize of job (KB)
...
006 (9445598.000.000) 03/23 17:21:29 Image size of job updated: 11156960
	8951  -  MemoryUsage of job (MB)
	9165704  -  ResidentSetSize of job (KB)
...
006 (9445598.000.000) 03/23 17:26:29 Image size of job updated: 11207028
	9025  -  MemoryUsage of job (MB)
	9240752  -  ResidentSetSize of job (KB)
...
006 (9445598.000.000) 03/23 17:31:29 Image size of job updated: 11256644
	9097  -  MemoryUsage of job (MB)
	9314616  -  ResidentSetSize of job (KB)
...
006 (9445598.000.000) 03/23 17:36:31 Image size of job updated: 11309240
	9170  -  MemoryUsage of job (MB)
	9389996  -  ResidentSetSize of job (KB)
...
006 (9445598.000.000) 03/23 17:41:31 Image size of job updated: 11365980
	9252  -  MemoryUsage of job (MB)
	9473496  -  ResidentSetSize of job (KB)
...
006 (9445598.000.000) 03/23 17:46:31 Image size of job updated: 11420780
	9330  -  MemoryUsage of job (MB)
	9553608  -  ResidentSetSize of job (KB)
...
006 (9445598.000.000) 03/23 17:51:32 Image size of job updated: 11479660
	9412  -  MemoryUsage of job (MB)
	9637232  -  ResidentSetSize of job (KB)
...
006 (9445598.000.000) 03/23 17:56:33 Image size of job updated: 11538472
	9497  -  MemoryUsage of job (MB)
	9724496  -  ResidentSetSize of job (KB)
...
006 (9445598.000.000) 03/23 18:01:33 Image size of job updated: 12187564
	9580  -  MemoryUsage of job (MB)
	9809004  -  ResidentSetSize of job (KB)
...
006 (9445598.000.000) 03/23 18:06:33 Image size of job updated: 12239384
	9656  -  MemoryUsage of job (MB)
	9887328  -  ResidentSetSize of job (KB)
...
006 (9445598.000.000) 03/23 18:11:34 Image size of job updated: 12292748
	9731  -  MemoryUsage of job (MB)
	9963728  -  ResidentSetSize of job (KB)
...
006 (9445598.000.000) 03/23 18:16:35 Image size of job updated: 12343336
	9805  -  MemoryUsage of job (MB)
	10039996  -  ResidentSetSize of job (KB)
...
006 (9445598.000.000) 03/23 18:21:35 Image size of job updated: 12395800
	9879  -  MemoryUsage of job (MB)
	10115668  -  ResidentSetSize of job (KB)
...
006 (9445598.000.000) 03/23 18:26:36 Image size of job updated: 12448784
	9955  -  MemoryUsage of job (MB)
	10192976  -  ResidentSetSize of job (KB)
...
006 (9445598.000.000) 03/23 18:31:37 Image size of job updated: 12502156
	10030  -  MemoryUsage of job (MB)
	10269764  -  ResidentSetSize of job (KB)
...
006 (9445598.000.000) 03/23 18:36:37 Image size of job updated: 12554752
	10104  -  MemoryUsage of job (MB)
	10345772  -  ResidentSetSize of job (KB)
...
006 (9445598.000.000) 03/23 18:41:37 Image size of job updated: 12606960
	10177  -  MemoryUsage of job (MB)
	10421148  -  ResidentSetSize of job (KB)
...
006 (9445598.000.000) 03/23 18:46:39 Image size of job updated: 12660332
	10252  -  MemoryUsage of job (MB)
	10498032  -  ResidentSetSize of job (KB)
...
006 (9445598.000.000) 03/23 18:51:39 Image size of job updated: 12712928
	10326  -  MemoryUsage of job (MB)
	10573780  -  ResidentSetSize of job (KB)
...
006 (9445598.000.000) 03/23 18:56:39 Image size of job updated: 12761316
	10400  -  MemoryUsage of job (MB)
	10649204  -  ResidentSetSize of job (KB)
...
006 (9445598.000.000) 03/23 19:01:40 Image size of job updated: 12815208
	10477  -  MemoryUsage of job (MB)
	10727444  -  ResidentSetSize of job (KB)
...
006 (9445598.000.000) 03/23 19:06:41 Image size of job updated: 12868820
	10549  -  MemoryUsage of job (MB)
	10801344  -  ResidentSetSize of job (KB)
...
006 (9445598.000.000) 03/23 19:11:41 Image size of job updated: 12920508
	10621  -  MemoryUsage of job (MB)
	10875840  -  ResidentSetSize of job (KB)
...
006 (9445598.000.000) 03/23 19:16:41 Image size of job updated: 12968704
	10695  -  MemoryUsage of job (MB)
	10951524  -  ResidentSetSize of job (KB)
...
006 (9445598.000.000) 03/23 19:21:42 Image size of job updated: 13028292
	10774  -  MemoryUsage of job (MB)
	11032464  -  ResidentSetSize of job (KB)
...
006 (9445598.000.000) 03/23 19:26:42 Image size of job updated: 13087236
	10859  -  MemoryUsage of job (MB)
	11119352  -  ResidentSetSize of job (KB)
...
006 (9445598.000.000) 03/23 19:31:42 Image size of job updated: 13146180
	10945  -  MemoryUsage of job (MB)
	11207472  -  ResidentSetSize of job (KB)
...
006 (9445598.000.000) 03/23 19:36:43 Image size of job updated: 13207068
	11028  -  MemoryUsage of job (MB)
	11291840  -  ResidentSetSize of job (KB)
...
006 (9445598.000.000) 03/23 19:41:44 Image size of job updated: 13260960
	11104  -  MemoryUsage of job (MB)
	11370336  -  ResidentSetSize of job (KB)
...
006 (9445598.000.000) 03/23 19:46:44 Image size of job updated: 13315884
	11183  -  MemoryUsage of job (MB)
	11450736  -  ResidentSetSize of job (KB)
...
006 (9445598.000.000) 03/23 19:51:44 Image size of job updated: 13368868
	11261  -  MemoryUsage of job (MB)
	11530488  -  ResidentSetSize of job (KB)
...
006 (9445598.000.000) 03/23 19:56:46 Image size of job updated: 13422760
	11337  -  MemoryUsage of job (MB)
	11608700  -  ResidentSetSize of job (KB)
...
006 (9445598.000.000) 03/23 20:01:46 Image size of job updated: 14660576
	11422  -  MemoryUsage of job (MB)
	11695664  -  ResidentSetSize of job (KB)
...
006 (9445598.000.000) 03/23 20:06:46 Image size of job updated: 14719908
	11508  -  MemoryUsage of job (MB)
	11783436  -  ResidentSetSize of job (KB)
...
006 (9445598.000.000) 03/23 20:11:47 Image size of job updated: 14774576
	11586  -  MemoryUsage of job (MB)
	11863092  -  ResidentSetSize of job (KB)
...
006 (9445598.000.000) 03/23 20:16:48 Image size of job updated: 14834296
	11666  -  MemoryUsage of job (MB)
	11945500  -  ResidentSetSize of job (KB)
...
006 (9445598.000.000) 03/23 20:21:48 Image size of job updated: 14891556
	11749  -  MemoryUsage of job (MB)
	12030332  -  ResidentSetSize of job (KB)
...
006 (9445598.000.000) 03/23 20:26:48 Image size of job updated: 14950368
	11835  -  MemoryUsage of job (MB)
	12118024  -  ResidentSetSize of job (KB)
...
006 (9445598.000.000) 03/23 20:31:49 Image size of job updated: 15014232
	11922  -  MemoryUsage of job (MB)
	12208008  -  ResidentSetSize of job (KB)
...
006 (9445598.000.000) 03/23 20:36:50 Image size of job updated: 15072788
	12012  -  MemoryUsage of job (MB)
	12299300  -  ResidentSetSize of job (KB)
...
006 (9445598.000.000) 03/23 20:41:50 Image size of job updated: 15130304
	12094  -  MemoryUsage of job (MB)
	12383388  -  ResidentSetSize of job (KB)
...
006 (9445598.000.000) 03/23 20:46:51 Image size of job updated: 15191324
	12176  -  MemoryUsage of job (MB)
	12467960  -  ResidentSetSize of job (KB)
...
006 (9445598.000.000) 03/23 20:51:52 Image size of job updated: 15249360
	12260  -  MemoryUsage of job (MB)
	12553900  -  ResidentSetSize of job (KB)
...
006 (9445598.000.000) 03/23 20:56:52 Image size of job updated: 15304028
	12338  -  MemoryUsage of job (MB)
	12634000  -  ResidentSetSize of job (KB)
...
006 (9445598.000.000) 03/23 21:01:52 Image size of job updated: 15364656
	12428  -  MemoryUsage of job (MB)
	12725708  -  ResidentSetSize of job (KB)
...
006 (9445598.000.000) 03/23 21:06:53 Image size of job updated: 15425152
	12510  -  MemoryUsage of job (MB)
	12809328  -  ResidentSetSize of job (KB)
...
006 (9445598.000.000) 03/23 21:11:54 Image size of job updated: 15480728
	12589  -  MemoryUsage of job (MB)
	12890140  -  ResidentSetSize of job (KB)
...
006 (9445598.000.000) 03/23 21:16:54 Image size of job updated: 15536172
	12668  -  MemoryUsage of job (MB)
	12971896  -  ResidentSetSize of job (KB)
...
006 (9445598.000.000) 03/23 21:21:54 Image size of job updated: 15593044
	12750  -  MemoryUsage of job (MB)
	13055776  -  ResidentSetSize of job (KB)
...
006 (9445598.000.000) 03/23 21:26:55 Image size of job updated: 15650304
	12833  -  MemoryUsage of job (MB)
	13140928  -  ResidentSetSize of job (KB)
...
006 (9445598.000.000) 03/23 21:31:56 Image size of job updated: 15715852
	12924  -  MemoryUsage of job (MB)
	13233940  -  ResidentSetSize of job (KB)
...
006 (9445598.000.000) 03/23 21:36:56 Image size of job updated: 15780628
	13013  -  MemoryUsage of job (MB)
	13324740  -  ResidentSetSize of job (KB)
...
006 (9445598.000.000) 03/23 21:41:56 Image size of job updated: 15836072
	13092  -  MemoryUsage of job (MB)
	13405384  -  ResidentSetSize of job (KB)
...
006 (9445598.000.000) 03/23 21:46:57 Image size of job updated: 15883748
	13168  -  MemoryUsage of job (MB)
	13483388  -  ResidentSetSize of job (KB)
...
006 (9445598.000.000) 03/23 21:51:57 Image size of job updated: 15942948
	13247  -  MemoryUsage of job (MB)
	13564376  -  ResidentSetSize of job (KB)
...
006 (9445598.000.000) 03/23 21:56:57 Image size of job updated: 15998004
	13326  -  MemoryUsage of job (MB)
	13644856  -  ResidentSetSize of job (KB)
...
006 (9445598.000.000) 03/23 22:01:58 Image size of job updated: 16056172
	13410  -  MemoryUsage of job (MB)
	13731460  -  ResidentSetSize of job (KB)
...
006 (9445598.000.000) 03/23 22:06:59 Image size of job updated: 16121720
	13501  -  MemoryUsage of job (MB)
	13824076  -  ResidentSetSize of job (KB)
...
006 (9445598.000.000) 03/23 22:11:59 Image size of job updated: 16179756
	13585  -  MemoryUsage of job (MB)
	13910612  -  ResidentSetSize of job (KB)
...
006 (9445598.000.000) 03/23 22:17:00 Image size of job updated: 16237148
	13668  -  MemoryUsage of job (MB)
	13995652  -  ResidentSetSize of job (KB)
...
006 (9445598.000.000) 03/23 22:22:01 Image size of job updated: 16303816
	13753  -  MemoryUsage of job (MB)
	14082236  -  ResidentSetSize of job (KB)
...
006 (9445598.000.000) 03/23 22:27:01 Image size of job updated: 16358612
	13839  -  MemoryUsage of job (MB)
	14170336  -  ResidentSetSize of job (KB)
...
006 (9445598.000.000) 03/23 22:32:01 Image size of job updated: 16423776
	13928  -  MemoryUsage of job (MB)
	14262116  -  ResidentSetSize of job (KB)
...
006 (9445598.000.000) 03/23 22:37:03 Image size of job updated: 16489192
	14019  -  MemoryUsage of job (MB)
	14354528  -  ResidentSetSize of job (KB)
...
006 (9445598.000.000) 03/23 22:42:03 Image size of job updated: 16543216
	14103  -  MemoryUsage of job (MB)
	14441384  -  ResidentSetSize of job (KB)
...
006 (9445598.000.000) 03/23 22:47:03 Image size of job updated: 16605916
	14188  -  MemoryUsage of job (MB)
	14528316  -  ResidentSetSize of job (KB)
...
006 (9445598.000.000) 03/23 22:52:04 Image size of job updated: 16666280
	14274  -  MemoryUsage of job (MB)
	14615644  -  ResidentSetSize of job (KB)
...
006 (9445598.000.000) 03/23 22:57:05 Image size of job updated: 16721212
	14360  -  MemoryUsage of job (MB)
	14704072  -  ResidentSetSize of job (KB)
...
006 (9445598.000.000) 03/23 23:02:05 Image size of job updated: 16787536
	14451  -  MemoryUsage of job (MB)
	14797784  -  ResidentSetSize of job (KB)
...
006 (9445598.000.000) 03/23 23:07:05 Image size of job updated: 16853608
	14543  -  MemoryUsage of job (MB)
	14891416  -  ResidentSetSize of job (KB)
...
006 (9445598.000.000) 03/23 23:12:07 Image size of job updated: 16917860
	14631  -  MemoryUsage of job (MB)
	14981592  -  ResidentSetSize of job (KB)
...
006 (9445598.000.000) 03/23 23:17:07 Image size of job updated: 16971496
	14714  -  MemoryUsage of job (MB)
	15067036  -  ResidentSetSize of job (KB)
...
006 (9445598.000.000) 03/23 23:22:07 Image size of job updated: 17033156
	14798  -  MemoryUsage of job (MB)
	15152160  -  ResidentSetSize of job (KB)
...
006 (9445598.000.000) 03/23 23:27:08 Image size of job updated: 17097020
	14885  -  MemoryUsage of job (MB)
	15241776  -  ResidentSetSize of job (KB)
...
006 (9445598.000.000) 03/23 23:32:09 Image size of job updated: 17153116
	14973  -  MemoryUsage of job (MB)
	15332328  -  ResidentSetSize of job (KB)
...
006 (9445598.000.000) 03/23 23:37:09 Image size of job updated: 17218796
	15065  -  MemoryUsage of job (MB)
	15425960  -  ResidentSetSize of job (KB)
...
006 (9445598.000.000) 03/23 23:42:09 Image size of job updated: 19640664
	15150  -  MemoryUsage of job (MB)
	15513216  -  ResidentSetSize of job (KB)
...
006 (9445598.000.000) 03/23 23:47:10 Image size of job updated: 19702068
	15232  -  MemoryUsage of job (MB)
	15597424  -  ResidentSetSize of job (KB)
...
006 (9445598.000.000) 03/23 23:52:11 Image size of job updated: 19754664
	15314  -  MemoryUsage of job (MB)
	15680940  -  ResidentSetSize of job (KB)
...
006 (9445598.000.000) 03/23 23:57:11 Image size of job updated: 19815548
	15396  -  MemoryUsage of job (MB)
	15765344  -  ResidentSetSize of job (KB)
...
006 (9445598.000.000) 03/24 00:02:12 Image size of job updated: 19869184
	15480  -  MemoryUsage of job (MB)
	15851064  -  ResidentSetSize of job (KB)
...
006 (9445598.000.000) 03/24 00:07:13 Image size of job updated: 19932528
	15571  -  MemoryUsage of job (MB)
	15944264  -  ResidentSetSize of job (KB)
...
006 (9445598.000.000) 03/24 00:12:13 Image size of job updated: 19996004
	15657  -  MemoryUsage of job (MB)
	16032716  -  ResidentSetSize of job (KB)
...
006 (9445598.000.000) 03/24 00:17:13 Image size of job updated: 20057800
	15741  -  MemoryUsage of job (MB)
	16118532  -  ResidentSetSize of job (KB)
...
006 (9445598.000.000) 03/24 00:22:15 Image size of job updated: 20111688
	15825  -  MemoryUsage of job (MB)
	16204112  -  ResidentSetSize of job (KB)
...
006 (9445598.000.000) 03/24 00:27:15 Image size of job updated: 20173484
	15909  -  MemoryUsage of job (MB)
	16290268  -  ResidentSetSize of job (KB)
...
006 (9445598.000.000) 03/24 00:32:15 Image size of job updated: 20235796
	15993  -  MemoryUsage of job (MB)
	16376700  -  ResidentSetSize of job (KB)
...
006 (9445598.000.000) 03/24 00:37:16 Image size of job updated: 20290852
	16079  -  MemoryUsage of job (MB)
	16464192  -  ResidentSetSize of job (KB)
...
006 (9445598.000.000) 03/24 00:42:17 Image size of job updated: 20353164
	16164  -  MemoryUsage of job (MB)
	16551608  -  ResidentSetSize of job (KB)
...
006 (9445598.000.000) 03/24 00:47:17 Image size of job updated: 20415344
	16248  -  MemoryUsage of job (MB)
	16637804  -  ResidentSetSize of job (KB)
...
006 (9445598.000.000) 03/24 00:52:17 Image size of job updated: 20469236
	16332  -  MemoryUsage of job (MB)
	16723692  -  ResidentSetSize of job (KB)
...
006 (9445598.000.000) 03/24 00:57:18 Image size of job updated: 20530640
	16415  -  MemoryUsage of job (MB)
	16808572  -  ResidentSetSize of job (KB)
...
006 (9445598.000.000) 03/24 01:02:19 Image size of job updated: 20593600
	16500  -  MemoryUsage of job (MB)
	16895500  -  ResidentSetSize of job (KB)
...
006 (9445598.000.000) 03/24 01:07:19 Image size of job updated: 20647232
	16585  -  MemoryUsage of job (MB)
	16983040  -  ResidentSetSize of job (KB)
...
006 (9445598.000.000) 03/24 01:12:19 Image size of job updated: 20710192
	16670  -  MemoryUsage of job (MB)
	17069552  -  ResidentSetSize of job (KB)
...
006 (9445598.000.000) 03/24 01:17:20 Image size of job updated: 20762528
	16756  -  MemoryUsage of job (MB)
	17157876  -  ResidentSetSize of job (KB)
...
006 (9445598.000.000) 03/24 01:22:20 Image size of job updated: 20825100
	16841  -  MemoryUsage of job (MB)
	17244432  -  ResidentSetSize of job (KB)
...
006 (9445598.000.000) 03/24 01:27:20 Image size of job updated: 20868496
	16841  -  MemoryUsage of job (MB)
	17244436  -  ResidentSetSize of job (KB)
...
006 (9445598.000.000) 03/24 01:42:22 Image size of job updated: 21971336
	18260  -  MemoryUsage of job (MB)
	18697948  -  ResidentSetSize of job (KB)
...
006 (9445598.000.000) 03/24 01:47:23 Image size of job updated: 24224628
	20615  -  MemoryUsage of job (MB)
	21109400  -  ResidentSetSize of job (KB)
...
006 (9445598.000.000) 03/24 01:52:24 Image size of job updated: 24264484
	20615  -  MemoryUsage of job (MB)
	21109400  -  ResidentSetSize of job (KB)
...
040 (9445598.000.000) 03/24 02:31:37 Started transferring output files
...
040 (9445598.000.000) 03/24 02:31:37 Finished transferring output files
...
005 (9445598.000.000) 03/24 02:31:37 Job terminated.
	(1) Normal termination (return value 0)
		Usr 0 10:20:41, Sys 0 00:08:41  -  Run Remote Usage
		Usr 0 00:00:00, Sys 0 00:00:00  -  Run Local Usage
		Usr 0 10:20:41, Sys 0 00:08:41  -  Total Remote Usage
		Usr 0 00:00:00, Sys 0 00:00:00  -  Total Local Usage
	13933  -  Run Bytes Sent By Job
	236  -  Run Bytes Received By Job
	13933  -  Total Bytes Sent By Job
	236  -  Total Bytes Received By Job
	Partitionable Resources :    Usage  Request Allocated 
	   Cpus                 :     1.00        1         1 
	   Disk (KB)            :  3255           1   1241464 
	   Memory (MB)          : 20615        2000      2000 

	Job terminated of its own accord at 2024-03-24T01:31:37Z.
...
