000 (9445607.000.000) 03/23 14:44:12 Job submitted from host: <137.138.156.150:9618?addrs=137.138.156.150-9618+[2001-1458-d00-14--9a]-9618&alias=bigbird13.cern.ch&noUDP&sock=schedd_5144_ef43>
...
040 (9445607.000.000) 03/23 16:01:15 Started transferring input files
	Transferring to host: <128.142.58.114:9618?addrs=128.142.58.114-9618&alias=b7s03p8142.cern.ch&noUDP&sock=slot1_14_6921_3873_81400>
...
040 (9445607.000.000) 03/23 16:01:15 Finished transferring input files
...
001 (9445607.000.000) 03/23 16:01:16 Job executing on host: <128.142.58.114:9618?addrs=128.142.58.114-9618&alias=b7s03p8142.cern.ch&noUDP&sock=startd_6858_9896>
...
006 (9445607.000.000) 03/23 16:01:25 Image size of job updated: 352316
	161  -  MemoryUsage of job (MB)
	164712  -  ResidentSetSize of job (KB)
...
006 (9445607.000.000) 03/23 16:06:26 Image size of job updated: 9811100
	7837  -  MemoryUsage of job (MB)
	8024644  -  ResidentSetSize of job (KB)
...
006 (9445607.000.000) 03/23 16:11:26 Image size of job updated: 9922280
	7925  -  MemoryUsage of job (MB)
	8114944  -  ResidentSetSize of job (KB)
...
006 (9445607.000.000) 03/23 16:16:26 Image size of job updated: 10051020
	8008  -  MemoryUsage of job (MB)
	8200176  -  ResidentSetSize of job (KB)
...
006 (9445607.000.000) 03/23 16:21:27 Image size of job updated: 10106332
	8091  -  MemoryUsage of job (MB)
	8284508  -  ResidentSetSize of job (KB)
...
006 (9445607.000.000) 03/23 16:26:28 Image size of job updated: 10165820
	8176  -  MemoryUsage of job (MB)
	8371964  -  ResidentSetSize of job (KB)
...
006 (9445607.000.000) 03/23 16:31:28 Image size of job updated: 10375912
	8265  -  MemoryUsage of job (MB)
	8462840  -  ResidentSetSize of job (KB)
...
006 (9445607.000.000) 03/23 16:36:28 Image size of job updated: 10440780
	8356  -  MemoryUsage of job (MB)
	8555772  -  ResidentSetSize of job (KB)
...
006 (9445607.000.000) 03/23 16:41:29 Image size of job updated: 10504324
	8447  -  MemoryUsage of job (MB)
	8649044  -  ResidentSetSize of job (KB)
...
006 (9445607.000.000) 03/23 16:46:30 Image size of job updated: 10568256
	8538  -  MemoryUsage of job (MB)
	8742724  -  ResidentSetSize of job (KB)
...
006 (9445607.000.000) 03/23 16:51:30 Image size of job updated: 10631020
	8631  -  MemoryUsage of job (MB)
	8838048  -  ResidentSetSize of job (KB)
...
006 (9445607.000.000) 03/23 16:56:31 Image size of job updated: 10995372
	8725  -  MemoryUsage of job (MB)
	8933576  -  ResidentSetSize of job (KB)
...
006 (9445607.000.000) 03/23 17:01:32 Image size of job updated: 11058008
	8818  -  MemoryUsage of job (MB)
	9028848  -  ResidentSetSize of job (KB)
...
006 (9445607.000.000) 03/23 17:06:32 Image size of job updated: 11122572
	8909  -  MemoryUsage of job (MB)
	9122648  -  ResidentSetSize of job (KB)
...
006 (9445607.000.000) 03/23 17:11:32 Image size of job updated: 11179700
	8991  -  MemoryUsage of job (MB)
	9206728  -  ResidentSetSize of job (KB)
...
006 (9445607.000.000) 03/23 17:16:33 Image size of job updated: 11243244
	9083  -  MemoryUsage of job (MB)
	9300028  -  ResidentSetSize of job (KB)
...
006 (9445607.000.000) 03/23 17:21:34 Image size of job updated: 11304716
	9170  -  MemoryUsage of job (MB)
	9389328  -  ResidentSetSize of job (KB)
...
006 (9445607.000.000) 03/23 17:26:34 Image size of job updated: 11365276
	9255  -  MemoryUsage of job (MB)
	9476656  -  ResidentSetSize of job (KB)
...
006 (9445607.000.000) 03/23 17:31:35 Image size of job updated: 11429852
	9348  -  MemoryUsage of job (MB)
	9571640  -  ResidentSetSize of job (KB)
...
006 (9445607.000.000) 03/23 17:36:36 Image size of job updated: 11489640
	9431  -  MemoryUsage of job (MB)
	9656524  -  ResidentSetSize of job (KB)
...
006 (9445607.000.000) 03/23 17:41:36 Image size of job updated: 11544308
	9509  -  MemoryUsage of job (MB)
	9736568  -  ResidentSetSize of job (KB)
...
006 (9445607.000.000) 03/23 17:46:36 Image size of job updated: 12190616
	9591  -  MemoryUsage of job (MB)
	9820760  -  ResidentSetSize of job (KB)
...
006 (9445607.000.000) 03/23 17:51:37 Image size of job updated: 12252476
	9678  -  MemoryUsage of job (MB)
	9909400  -  ResidentSetSize of job (KB)
...
006 (9445607.000.000) 03/23 17:56:38 Image size of job updated: 12314192
	9765  -  MemoryUsage of job (MB)
	9998672  -  ResidentSetSize of job (KB)
...
006 (9445607.000.000) 03/23 18:01:38 Image size of job updated: 12375532
	9851  -  MemoryUsage of job (MB)
	10086592  -  ResidentSetSize of job (KB)
...
006 (9445607.000.000) 03/23 18:06:39 Image size of job updated: 12432016
	9933  -  MemoryUsage of job (MB)
	10170492  -  ResidentSetSize of job (KB)
...
006 (9445607.000.000) 03/23 18:11:40 Image size of job updated: 12489988
	10013  -  MemoryUsage of job (MB)
	10252676  -  ResidentSetSize of job (KB)
...
006 (9445607.000.000) 03/23 18:16:40 Image size of job updated: 12548024
	10098  -  MemoryUsage of job (MB)
	10339764  -  ResidentSetSize of job (KB)
...
006 (9445607.000.000) 03/23 18:21:40 Image size of job updated: 12608584
	10183  -  MemoryUsage of job (MB)
	10426404  -  ResidentSetSize of job (KB)
...
006 (9445607.000.000) 03/23 18:26:42 Image size of job updated: 12669924
	10269  -  MemoryUsage of job (MB)
	10514612  -  ResidentSetSize of job (KB)
...
006 (9445607.000.000) 03/23 18:31:42 Image size of job updated: 12731008
	10355  -  MemoryUsage of job (MB)
	10603040  -  ResidentSetSize of job (KB)
...
006 (9445607.000.000) 03/23 18:36:42 Image size of job updated: 12787748
	10437  -  MemoryUsage of job (MB)
	10686880  -  ResidentSetSize of job (KB)
...
006 (9445607.000.000) 03/23 18:41:43 Image size of job updated: 12841948
	10517  -  MemoryUsage of job (MB)
	10768844  -  ResidentSetSize of job (KB)
...
006 (9445607.000.000) 03/23 18:46:44 Image size of job updated: 12895320
	10593  -  MemoryUsage of job (MB)
	10846548  -  ResidentSetSize of job (KB)
...
006 (9445607.000.000) 03/23 18:51:44 Image size of job updated: 12948824
	10669  -  MemoryUsage of job (MB)
	10924400  -  ResidentSetSize of job (KB)
...
006 (9445607.000.000) 03/23 18:56:44 Image size of job updated: 13002328
	10744  -  MemoryUsage of job (MB)
	11001656  -  ResidentSetSize of job (KB)
...
006 (9445607.000.000) 03/23 19:01:45 Image size of job updated: 13056608
	10821  -  MemoryUsage of job (MB)
	11080436  -  ResidentSetSize of job (KB)
...
006 (9445607.000.000) 03/23 19:06:45 Image size of job updated: 13110368
	10898  -  MemoryUsage of job (MB)
	11158616  -  ResidentSetSize of job (KB)
...
006 (9445607.000.000) 03/23 19:11:45 Image size of job updated: 13163352
	10973  -  MemoryUsage of job (MB)
	11235504  -  ResidentSetSize of job (KB)
...
006 (9445607.000.000) 03/23 19:16:46 Image size of job updated: 13217244
	11050  -  MemoryUsage of job (MB)
	11314720  -  ResidentSetSize of job (KB)
...
006 (9445607.000.000) 03/23 19:21:47 Image size of job updated: 13272300
	11128  -  MemoryUsage of job (MB)
	11395020  -  ResidentSetSize of job (KB)
...
006 (9445607.000.000) 03/23 19:26:47 Image size of job updated: 13331500
	11207  -  MemoryUsage of job (MB)
	11475716  -  ResidentSetSize of job (KB)
...
006 (9445607.000.000) 03/23 19:31:47 Image size of job updated: 13386688
	11286  -  MemoryUsage of job (MB)
	11556408  -  ResidentSetSize of job (KB)
...
006 (9445607.000.000) 03/23 19:36:49 Image size of job updated: 13443040
	11367  -  MemoryUsage of job (MB)
	11639700  -  ResidentSetSize of job (KB)
...
006 (9445607.000.000) 03/23 19:41:49 Image size of job updated: 14678132
	11450  -  MemoryUsage of job (MB)
	11724524  -  ResidentSetSize of job (KB)
...
006 (9445607.000.000) 03/23 19:46:49 Image size of job updated: 14735524
	11534  -  MemoryUsage of job (MB)
	11810224  -  ResidentSetSize of job (KB)
...
006 (9445607.000.000) 03/23 19:51:50 Image size of job updated: 14791488
	11615  -  MemoryUsage of job (MB)
	11892968  -  ResidentSetSize of job (KB)
...
006 (9445607.000.000) 03/23 19:56:51 Image size of job updated: 14852764
	11696  -  MemoryUsage of job (MB)
	11976488  -  ResidentSetSize of job (KB)
...
006 (9445607.000.000) 03/23 20:01:51 Image size of job updated: 14909504
	11778  -  MemoryUsage of job (MB)
	12060296  -  ResidentSetSize of job (KB)
...
006 (9445607.000.000) 03/23 20:06:51 Image size of job updated: 14967672
	11863  -  MemoryUsage of job (MB)
	12147112  -  ResidentSetSize of job (KB)
...
006 (9445607.000.000) 03/23 20:11:52 Image size of job updated: 15024544
	11945  -  MemoryUsage of job (MB)
	12231164  -  ResidentSetSize of job (KB)
...
006 (9445607.000.000) 03/23 20:16:52 Image size of job updated: 15085296
	12026  -  MemoryUsage of job (MB)
	12314592  -  ResidentSetSize of job (KB)
...
006 (9445607.000.000) 03/23 20:21:52 Image size of job updated: 15141392
	12108  -  MemoryUsage of job (MB)
	12397588  -  ResidentSetSize of job (KB)
...
006 (9445607.000.000) 03/23 20:26:53 Image size of job updated: 15198908
	12191  -  MemoryUsage of job (MB)
	12482896  -  ResidentSetSize of job (KB)
...
006 (9445607.000.000) 03/23 20:31:54 Image size of job updated: 15256556
	12274  -  MemoryUsage of job (MB)
	12568168  -  ResidentSetSize of job (KB)
...
006 (9445607.000.000) 03/23 20:36:54 Image size of job updated: 15316664
	12355  -  MemoryUsage of job (MB)
	12651020  -  ResidentSetSize of job (KB)
...
006 (9445607.000.000) 03/23 20:41:54 Image size of job updated: 15373404
	12436  -  MemoryUsage of job (MB)
	12734152  -  ResidentSetSize of job (KB)
...
006 (9445607.000.000) 03/23 20:46:55 Image size of job updated: 15429888
	12518  -  MemoryUsage of job (MB)
	12817760  -  ResidentSetSize of job (KB)
...
006 (9445607.000.000) 03/23 20:51:56 Image size of job updated: 15486760
	12600  -  MemoryUsage of job (MB)
	12902392  -  ResidentSetSize of job (KB)
...
006 (9445607.000.000) 03/23 20:56:56 Image size of job updated: 15541816
	12682  -  MemoryUsage of job (MB)
	12986040  -  ResidentSetSize of job (KB)
...
006 (9445607.000.000) 03/23 21:01:56 Image size of job updated: 15601928
	12763  -  MemoryUsage of job (MB)
	13068560  -  ResidentSetSize of job (KB)
...
006 (9445607.000.000) 03/23 21:06:57 Image size of job updated: 15658148
	12843  -  MemoryUsage of job (MB)
	13150404  -  ResidentSetSize of job (KB)
...
006 (9445607.000.000) 03/23 21:11:58 Image size of job updated: 15713856
	12922  -  MemoryUsage of job (MB)
	13231792  -  ResidentSetSize of job (KB)
...
006 (9445607.000.000) 03/23 21:16:58 Image size of job updated: 15767616
	12999  -  MemoryUsage of job (MB)
	13310420  -  ResidentSetSize of job (KB)
...
006 (9445607.000.000) 03/23 21:21:59 Image size of job updated: 15821508
	13075  -  MemoryUsage of job (MB)
	13388648  -  ResidentSetSize of job (KB)
...
006 (9445607.000.000) 03/23 21:27:00 Image size of job updated: 15874492
	13153  -  MemoryUsage of job (MB)
	13468224  -  ResidentSetSize of job (KB)
...
006 (9445607.000.000) 03/23 21:32:00 Image size of job updated: 15928384
	13229  -  MemoryUsage of job (MB)
	13546492  -  ResidentSetSize of job (KB)
...
006 (9445607.000.000) 03/23 21:37:00 Image size of job updated: 15982400
	13306  -  MemoryUsage of job (MB)
	13624836  -  ResidentSetSize of job (KB)
...
006 (9445607.000.000) 03/23 21:42:02 Image size of job updated: 16035516
	13382  -  MemoryUsage of job (MB)
	13702216  -  ResidentSetSize of job (KB)
...
006 (9445607.000.000) 03/23 21:47:02 Image size of job updated: 16088632
	13457  -  MemoryUsage of job (MB)
	13779872  -  ResidentSetSize of job (KB)
...
006 (9445607.000.000) 03/23 21:52:02 Image size of job updated: 16141484
	13531  -  MemoryUsage of job (MB)
	13855740  -  ResidentSetSize of job (KB)
...
006 (9445607.000.000) 03/23 21:57:03 Image size of job updated: 16195764
	13609  -  MemoryUsage of job (MB)
	13935144  -  ResidentSetSize of job (KB)
...
006 (9445607.000.000) 03/23 22:02:04 Image size of job updated: 16250820
	13688  -  MemoryUsage of job (MB)
	14016140  -  ResidentSetSize of job (KB)
...
006 (9445607.000.000) 03/23 22:07:04 Image size of job updated: 16310104
	13767  -  MemoryUsage of job (MB)
	14096516  -  ResidentSetSize of job (KB)
...
006 (9445607.000.000) 03/23 22:12:05 Image size of job updated: 16359460
	13843  -  MemoryUsage of job (MB)
	14175124  -  ResidentSetSize of job (KB)
...
006 (9445607.000.000) 03/23 22:17:06 Image size of job updated: 16418276
	13921  -  MemoryUsage of job (MB)
	14254816  -  ResidentSetSize of job (KB)
...
006 (9445607.000.000) 03/23 22:22:06 Image size of job updated: 16467888
	13998  -  MemoryUsage of job (MB)
	14333080  -  ResidentSetSize of job (KB)
...
006 (9445607.000.000) 03/23 22:27:06 Image size of job updated: 16526316
	14075  -  MemoryUsage of job (MB)
	14412192  -  ResidentSetSize of job (KB)
...
006 (9445607.000.000) 03/23 22:32:07 Image size of job updated: 16577356
	14154  -  MemoryUsage of job (MB)
	14493304  -  ResidentSetSize of job (KB)
...
006 (9445607.000.000) 03/23 22:37:08 Image size of job updated: 16638244
	14235  -  MemoryUsage of job (MB)
	14576540  -  ResidentSetSize of job (KB)
...
006 (9445607.000.000) 03/23 22:42:08 Image size of job updated: 16697832
	14315  -  MemoryUsage of job (MB)
	14658308  -  ResidentSetSize of job (KB)
...
006 (9445607.000.000) 03/23 22:47:08 Image size of job updated: 16748356
	14393  -  MemoryUsage of job (MB)
	14738252  -  ResidentSetSize of job (KB)
...
006 (9445607.000.000) 03/23 22:52:09 Image size of job updated: 16808596
	14474  -  MemoryUsage of job (MB)
	14821216  -  ResidentSetSize of job (KB)
...
006 (9445607.000.000) 03/23 22:57:10 Image size of job updated: 16861324
	14561  -  MemoryUsage of job (MB)
	14909444  -  ResidentSetSize of job (KB)
...
006 (9445607.000.000) 03/23 23:02:10 Image size of job updated: 16928424
	14654  -  MemoryUsage of job (MB)
	15004784  -  ResidentSetSize of job (KB)
...
006 (9445607.000.000) 03/23 23:07:10 Image size of job updated: 16995016
	14747  -  MemoryUsage of job (MB)
	15099984  -  ResidentSetSize of job (KB)
...
006 (9445607.000.000) 03/23 23:12:11 Image size of job updated: 17061728
	14839  -  MemoryUsage of job (MB)
	15194616  -  ResidentSetSize of job (KB)
...
006 (9445607.000.000) 03/23 23:17:12 Image size of job updated: 17128052
	14930  -  MemoryUsage of job (MB)
	15288216  -  ResidentSetSize of job (KB)
...
006 (9445607.000.000) 03/23 23:22:12 Image size of job updated: 17185444
	15020  -  MemoryUsage of job (MB)
	15380264  -  ResidentSetSize of job (KB)
...
006 (9445607.000.000) 03/23 23:27:13 Image size of job updated: 19611716
	15114  -  MemoryUsage of job (MB)
	15475856  -  ResidentSetSize of job (KB)
...
006 (9445607.000.000) 03/23 23:32:14 Image size of job updated: 19678432
	15205  -  MemoryUsage of job (MB)
	15569848  -  ResidentSetSize of job (KB)
...
006 (9445607.000.000) 03/23 23:37:14 Image size of job updated: 19743592
	15295  -  MemoryUsage of job (MB)
	15661916  -  ResidentSetSize of job (KB)
...
006 (9445607.000.000) 03/23 23:42:14 Image size of job updated: 19807976
	15388  -  MemoryUsage of job (MB)
	15756696  -  ResidentSetSize of job (KB)
...
006 (9445607.000.000) 03/23 23:47:15 Image size of job updated: 19868348
	15481  -  MemoryUsage of job (MB)
	15852080  -  ResidentSetSize of job (KB)
...
006 (9445607.000.000) 03/23 23:52:16 Image size of job updated: 19931824
	15570  -  MemoryUsage of job (MB)
	15942904  -  ResidentSetSize of job (KB)
...
006 (9445607.000.000) 03/23 23:57:16 Image size of job updated: 19996468
	15659  -  MemoryUsage of job (MB)
	16034220  -  ResidentSetSize of job (KB)
...
006 (9445607.000.000) 03/24 00:02:17 Image size of job updated: 20062016
	15750  -  MemoryUsage of job (MB)
	16127352  -  ResidentSetSize of job (KB)
...
006 (9445607.000.000) 03/24 00:07:19 Image size of job updated: 20119928
	15842  -  MemoryUsage of job (MB)
	16221296  -  ResidentSetSize of job (KB)
...
006 (9445607.000.000) 03/24 00:12:19 Image size of job updated: 20185864
	15933  -  MemoryUsage of job (MB)
	16314372  -  ResidentSetSize of job (KB)
...
006 (9445607.000.000) 03/24 00:17:19 Image size of job updated: 20250504
	16022  -  MemoryUsage of job (MB)
	16405548  -  ResidentSetSize of job (KB)
...
006 (9445607.000.000) 03/24 00:22:20 Image size of job updated: 20316576
	16113  -  MemoryUsage of job (MB)
	16499156  -  ResidentSetSize of job (KB)
...
006 (9445607.000.000) 03/24 00:27:21 Image size of job updated: 20381736
	16203  -  MemoryUsage of job (MB)
	16591000  -  ResidentSetSize of job (KB)
...
006 (9445607.000.000) 03/24 00:32:21 Image size of job updated: 20438220
	16292  -  MemoryUsage of job (MB)
	16682588  -  ResidentSetSize of job (KB)
...
006 (9445607.000.000) 03/24 00:37:21 Image size of job updated: 20502084
	16383  -  MemoryUsage of job (MB)
	16775508  -  ResidentSetSize of job (KB)
...
006 (9445607.000.000) 03/24 00:42:22 Image size of job updated: 20568152
	16475  -  MemoryUsage of job (MB)
	16869568  -  ResidentSetSize of job (KB)
...
006 (9445607.000.000) 03/24 00:47:23 Image size of job updated: 20633184
	16564  -  MemoryUsage of job (MB)
	16961232  -  ResidentSetSize of job (KB)
...
006 (9445607.000.000) 03/24 00:52:23 Image size of job updated: 20690572
	16655  -  MemoryUsage of job (MB)
	17053848  -  ResidentSetSize of job (KB)
...
006 (9445607.000.000) 03/24 00:57:23 Image size of job updated: 20756512
	16746  -  MemoryUsage of job (MB)
	17146996  -  ResidentSetSize of job (KB)
...
006 (9445607.000.000) 03/24 01:02:24 Image size of job updated: 20821672
	16836  -  MemoryUsage of job (MB)
	17239324  -  ResidentSetSize of job (KB)
...
006 (9445607.000.000) 03/24 01:07:25 Image size of job updated: 20867276
	16836  -  MemoryUsage of job (MB)
	17239324  -  ResidentSetSize of job (KB)
...
006 (9445607.000.000) 03/24 01:22:26 Image size of job updated: 22107120
	18268  -  MemoryUsage of job (MB)
	18706296  -  ResidentSetSize of job (KB)
...
006 (9445607.000.000) 03/24 01:27:27 Image size of job updated: 23712044
	18268  -  MemoryUsage of job (MB)
	18706296  -  ResidentSetSize of job (KB)
...
006 (9445607.000.000) 03/24 01:32:27 Image size of job updated: 24285220
	18268  -  MemoryUsage of job (MB)
	18706296  -  ResidentSetSize of job (KB)
...
040 (9445607.000.000) 03/24 02:20:52 Started transferring output files
...
040 (9445607.000.000) 03/24 02:20:52 Finished transferring output files
...
005 (9445607.000.000) 03/24 02:20:52 Job terminated.
	(1) Normal termination (return value 0)
		Usr 0 10:06:21, Sys 0 00:10:06  -  Run Remote Usage
		Usr 0 00:00:00, Sys 0 00:00:00  -  Run Local Usage
		Usr 0 10:06:21, Sys 0 00:10:06  -  Total Remote Usage
		Usr 0 00:00:00, Sys 0 00:00:00  -  Total Local Usage
	13938  -  Run Bytes Sent By Job
	238  -  Run Bytes Received By Job
	13938  -  Total Bytes Sent By Job
	238  -  Total Bytes Received By Job
	Partitionable Resources :    Usage  Request Allocated 
	   Cpus                 :     0.99        1         1 
	   Disk (KB)            :  4026           1   1267289 
	   Memory (MB)          : 18268        2000      2000 

	Job terminated of its own accord at 2024-03-24T01:20:52Z.
...
