000 (9809414.000.000) 05/13 20:48:17 Job submitted from host: <137.138.156.150:9618?addrs=137.138.156.150-9618+[2001-1458-d00-14--9a]-9618&alias=bigbird13.cern.ch&noUDP&sock=schedd_25162_9e1a>
...
040 (9809414.000.000) 05/13 20:52:40 Started transferring input files
	Transferring to host: <128.142.62.166:9618?addrs=128.142.62.166-9618+[2001-1458-301-37--100-a5]-9618&alias=b9s07p4465.cern.ch&noUDP&sock=slot1_4_5550_3a1b_100174>
...
040 (9809414.000.000) 05/13 20:52:40 Finished transferring input files
...
001 (9809414.000.000) 05/13 20:52:41 Job executing on host: <128.142.62.166:9618?addrs=128.142.62.166-9618+[2001-1458-301-37--100-a5]-9618&alias=b9s07p4465.cern.ch&noUDP&sock=startd_4369_595d>
	SlotName: slot1_4@b9s07p4465.cern.ch
	CondorScratchDir = "/pool/condor/dir_914838"
	Cpus = 1
	Disk = 2925395
	Memory = 2000
...
006 (9809414.000.000) 05/13 20:52:49 Image size of job updated: 10628
	11  -  MemoryUsage of job (MB)
	10320  -  ResidentSetSize of job (KB)
...
006 (9809414.000.000) 05/13 20:57:49 Image size of job updated: 141164
	138  -  MemoryUsage of job (MB)
	140912  -  ResidentSetSize of job (KB)
...
006 (9809414.000.000) 05/13 21:02:50 Image size of job updated: 359768
	349  -  MemoryUsage of job (MB)
	357188  -  ResidentSetSize of job (KB)
...
006 (9809414.000.000) 05/13 21:07:51 Image size of job updated: 614348
	598  -  MemoryUsage of job (MB)
	612052  -  ResidentSetSize of job (KB)
...
006 (9809414.000.000) 05/13 21:12:51 Image size of job updated: 939772
	913  -  MemoryUsage of job (MB)
	934044  -  ResidentSetSize of job (KB)
...
006 (9809414.000.000) 05/13 21:17:52 Image size of job updated: 1225896
	1195  -  MemoryUsage of job (MB)
	1223652  -  ResidentSetSize of job (KB)
...
006 (9809414.000.000) 05/13 21:22:53 Image size of job updated: 1575272
	1537  -  MemoryUsage of job (MB)
	1572976  -  ResidentSetSize of job (KB)
...
006 (9809414.000.000) 05/13 21:27:53 Image size of job updated: 1884936
	1839  -  MemoryUsage of job (MB)
	1883072  -  ResidentSetSize of job (KB)
...
006 (9809414.000.000) 05/13 21:32:54 Image size of job updated: 2210004
	2157  -  MemoryUsage of job (MB)
	2208720  -  ResidentSetSize of job (KB)
...
006 (9809414.000.000) 05/13 21:37:54 Image size of job updated: 2685600
	2621  -  MemoryUsage of job (MB)
	2683848  -  ResidentSetSize of job (KB)
...
006 (9809414.000.000) 05/13 21:42:54 Image size of job updated: 3127876
	3053  -  MemoryUsage of job (MB)
	3126252  -  ResidentSetSize of job (KB)
...
006 (9809414.000.000) 05/13 21:47:55 Image size of job updated: 3578480
	3487  -  MemoryUsage of job (MB)
	3570420  -  ResidentSetSize of job (KB)
...
006 (9809414.000.000) 05/13 21:52:55 Image size of job updated: 3986416
	3887  -  MemoryUsage of job (MB)
	3979568  -  ResidentSetSize of job (KB)
...
006 (9809414.000.000) 05/13 21:57:55 Image size of job updated: 4426936
	4322  -  MemoryUsage of job (MB)
	4424824  -  ResidentSetSize of job (KB)
...
006 (9809414.000.000) 05/13 22:02:56 Image size of job updated: 4909900
	4795  -  MemoryUsage of job (MB)
	4909188  -  ResidentSetSize of job (KB)
...
006 (9809414.000.000) 05/13 22:07:56 Image size of job updated: 5482812
	5353  -  MemoryUsage of job (MB)
	5480600  -  ResidentSetSize of job (KB)
...
006 (9809414.000.000) 05/13 22:12:56 Image size of job updated: 6020888
	5872  -  MemoryUsage of job (MB)
	6012132  -  ResidentSetSize of job (KB)
...
006 (9809414.000.000) 05/13 22:17:57 Image size of job updated: 6647520
	6490  -  MemoryUsage of job (MB)
	6645224  -  ResidentSetSize of job (KB)
...
006 (9809414.000.000) 05/13 22:22:58 Image size of job updated: 7247084
	7072  -  MemoryUsage of job (MB)
	7241520  -  ResidentSetSize of job (KB)
...
006 (9809414.000.000) 05/13 22:27:58 Image size of job updated: 7828980
	7643  -  MemoryUsage of job (MB)
	7825808  -  ResidentSetSize of job (KB)
...
006 (9809414.000.000) 05/13 22:32:59 Image size of job updated: 8409588
	8206  -  MemoryUsage of job (MB)
	8402748  -  ResidentSetSize of job (KB)
...
006 (9809414.000.000) 05/13 22:38:00 Image size of job updated: 9052512
	8839  -  MemoryUsage of job (MB)
	9050776  -  ResidentSetSize of job (KB)
...
006 (9809414.000.000) 05/13 22:43:00 Image size of job updated: 9688212
	9453  -  MemoryUsage of job (MB)
	9679628  -  ResidentSetSize of job (KB)
...
006 (9809414.000.000) 05/13 22:48:01 Image size of job updated: 10314560
	10067  -  MemoryUsage of job (MB)
	10307648  -  ResidentSetSize of job (KB)
...
006 (9809414.000.000) 05/13 22:53:02 Image size of job updated: 10857464
	10595  -  MemoryUsage of job (MB)
	10849084  -  ResidentSetSize of job (KB)
...
006 (9809414.000.000) 05/13 22:58:02 Image size of job updated: 11341460
	11075  -  MemoryUsage of job (MB)
	11340000  -  ResidentSetSize of job (KB)
...
006 (9809414.000.000) 05/13 23:03:02 Image size of job updated: 11876612
	11597  -  MemoryUsage of job (MB)
	11874808  -  ResidentSetSize of job (KB)
...
006 (9809414.000.000) 05/13 23:08:03 Image size of job updated: 12442356
	12151  -  MemoryUsage of job (MB)
	12441712  -  ResidentSetSize of job (KB)
...
006 (9809414.000.000) 05/13 23:13:03 Image size of job updated: 13027504
	12716  -  MemoryUsage of job (MB)
	13020532  -  ResidentSetSize of job (KB)
...
006 (9809414.000.000) 05/13 23:18:03 Image size of job updated: 13578588
	13255  -  MemoryUsage of job (MB)
	13572512  -  ResidentSetSize of job (KB)
...
006 (9809414.000.000) 05/13 23:23:04 Image size of job updated: 14031272
	13701  -  MemoryUsage of job (MB)
	14029516  -  ResidentSetSize of job (KB)
...
006 (9809414.000.000) 05/13 23:28:05 Image size of job updated: 14521112
	14179  -  MemoryUsage of job (MB)
	14518576  -  ResidentSetSize of job (KB)
...
006 (9809414.000.000) 05/13 23:33:05 Image size of job updated: 14952556
	14591  -  MemoryUsage of job (MB)
	14940756  -  ResidentSetSize of job (KB)
...
006 (9809414.000.000) 05/13 23:38:06 Image size of job updated: 15369084
	15003  -  MemoryUsage of job (MB)
	15362796  -  ResidentSetSize of job (KB)
...
006 (9809414.000.000) 05/13 23:43:07 Image size of job updated: 15395212
	15003  -  MemoryUsage of job (MB)
	15362796  -  ResidentSetSize of job (KB)
...
006 (9809414.000.000) 05/14 00:48:14 Image size of job updated: 15606720
	15241  -  MemoryUsage of job (MB)
	15605984  -  ResidentSetSize of job (KB)
...
006 (9809414.000.000) 05/14 00:53:14 Image size of job updated: 16230464
	15849  -  MemoryUsage of job (MB)
	16228424  -  ResidentSetSize of job (KB)
...
006 (9809414.000.000) 05/14 00:58:14 Image size of job updated: 16807220
	16413  -  MemoryUsage of job (MB)
	16806636  -  ResidentSetSize of job (KB)
...
006 (9809414.000.000) 05/14 01:03:15 Image size of job updated: 17414768
	16991  -  MemoryUsage of job (MB)
	17397992  -  ResidentSetSize of job (KB)
...
006 (9809414.000.000) 05/14 01:08:15 Image size of job updated: 17888104
	17391  -  MemoryUsage of job (MB)
	17807580  -  ResidentSetSize of job (KB)
...
006 (9809414.000.000) 05/14 01:13:15 Image size of job updated: 18136724
	17655  -  MemoryUsage of job (MB)
	18078144  -  ResidentSetSize of job (KB)
...
006 (9809414.000.000) 05/14 01:18:16 Image size of job updated: 18557028
	18120  -  MemoryUsage of job (MB)
	18554592  -  ResidentSetSize of job (KB)
...
006 (9809414.000.000) 05/14 01:23:17 Image size of job updated: 19256452
	18803  -  MemoryUsage of job (MB)
	19253736  -  ResidentSetSize of job (KB)
...
006 (9809414.000.000) 05/14 01:28:17 Image size of job updated: 19938624
	19471  -  MemoryUsage of job (MB)
	19937340  -  ResidentSetSize of job (KB)
...
006 (9809414.000.000) 05/14 01:33:18 Image size of job updated: 20517776
	20029  -  MemoryUsage of job (MB)
	20509472  -  ResidentSetSize of job (KB)
...
006 (9809414.000.000) 05/14 01:38:19 Image size of job updated: 20737552
	20243  -  MemoryUsage of job (MB)
	20728424  -  ResidentSetSize of job (KB)
...
006 (9809414.000.000) 05/14 01:43:19 Image size of job updated: 21107996
	20609  -  MemoryUsage of job (MB)
	21102660  -  ResidentSetSize of job (KB)
...
006 (9809414.000.000) 05/14 01:48:19 Image size of job updated: 21672932
	21163  -  MemoryUsage of job (MB)
	21670764  -  ResidentSetSize of job (KB)
...
006 (9809414.000.000) 05/14 01:53:20 Image size of job updated: 22302112
	21762  -  MemoryUsage of job (MB)
	22283812  -  ResidentSetSize of job (KB)
...
006 (9809414.000.000) 05/14 01:58:20 Image size of job updated: 22690840
	22151  -  MemoryUsage of job (MB)
	22681768  -  ResidentSetSize of job (KB)
...
006 (9809414.000.000) 05/14 02:03:20 Image size of job updated: 23256572
	22635  -  MemoryUsage of job (MB)
	23178228  -  ResidentSetSize of job (KB)
...
006 (9809414.000.000) 05/14 02:08:21 Image size of job updated: 23306020
	22759  -  MemoryUsage of job (MB)
	23304544  -  ResidentSetSize of job (KB)
...
006 (9809414.000.000) 05/14 02:13:22 Image size of job updated: 23943684
	23374  -  MemoryUsage of job (MB)
	23934716  -  ResidentSetSize of job (KB)
...
006 (9809414.000.000) 05/14 02:18:22 Image size of job updated: 24194324
	23623  -  MemoryUsage of job (MB)
	24189792  -  ResidentSetSize of job (KB)
...
006 (9809414.000.000) 05/14 02:23:23 Image size of job updated: 24561544
	23971  -  MemoryUsage of job (MB)
	24545404  -  ResidentSetSize of job (KB)
...
006 (9809414.000.000) 05/14 02:28:24 Image size of job updated: 25083908
	24496  -  MemoryUsage of job (MB)
	25083144  -  ResidentSetSize of job (KB)
...
006 (9809414.000.000) 05/14 02:33:24 Image size of job updated: 25387336
	24773  -  MemoryUsage of job (MB)
	25366556  -  ResidentSetSize of job (KB)
...
006 (9809414.000.000) 05/14 02:38:24 Image size of job updated: 25957728
	25346  -  MemoryUsage of job (MB)
	25953356  -  ResidentSetSize of job (KB)
...
006 (9809414.000.000) 05/14 02:43:26 Image size of job updated: 26347640
	25346  -  MemoryUsage of job (MB)
	25953356  -  ResidentSetSize of job (KB)
...
040 (9809414.000.000) 05/14 03:56:36 Started transferring output files
...
040 (9809414.000.000) 05/14 03:56:36 Finished transferring output files
...
005 (9809414.000.000) 05/14 03:56:36 Job terminated.
	(1) Normal termination (return value 0)
		Usr 0 02:28:36, Sys 0 00:29:56  -  Run Remote Usage
		Usr 0 00:00:00, Sys 0 00:00:00  -  Run Local Usage
		Usr 0 02:28:36, Sys 0 00:29:56  -  Total Remote Usage
		Usr 0 00:00:00, Sys 0 00:00:00  -  Total Local Usage
	8138  -  Run Bytes Sent By Job
	210  -  Run Bytes Received By Job
	8138  -  Total Bytes Sent By Job
	210  -  Total Bytes Received By Job
	Partitionable Resources :    Usage  Request Allocated 
	   Cpus                 :     0.99        1         1 
	   Disk (KB)            :    29           1   2925395 
	   Memory (MB)          : 25346        2000      2000 

	Job terminated of its own accord at 2024-05-14T01:56:36Z with exit-code 0.
...
