000 (9809422.000.000) 05/13 20:48:23 Job submitted from host: <137.138.156.150:9618?addrs=137.138.156.150-9618+[2001-1458-d00-14--9a]-9618&alias=bigbird13.cern.ch&noUDP&sock=schedd_25162_9e1a>
...
040 (9809422.000.000) 05/13 20:52:38 Started transferring input files
	Transferring to host: <188.185.207.205:9618?addrs=188.185.207.205-9618+[2001-1458-303-e--100-4a]-9618&alias=b9p08p8146.cern.ch&noUDP&sock=slot1_45_8014_567f_67584>
...
040 (9809422.000.000) 05/13 20:52:38 Finished transferring input files
...
001 (9809422.000.000) 05/13 20:52:39 Job executing on host: <188.185.207.205:9618?addrs=188.185.207.205-9618+[2001-1458-303-e--100-4a]-9618&alias=b9p08p8146.cern.ch&noUDP&sock=startd_6606_beb9>
	SlotName: slot1_45@b9p08p8146.cern.ch
	CondorScratchDir = "/pool/condor/dir_656410"
	Cpus = 1
	Disk = 2665713
	Memory = 2000
...
006 (9809422.000.000) 05/13 20:52:48 Image size of job updated: 352524
	336  -  MemoryUsage of job (MB)
	343644  -  ResidentSetSize of job (KB)
...
006 (9809422.000.000) 05/13 20:57:49 Image size of job updated: 4934596
	4818  -  MemoryUsage of job (MB)
	4932804  -  ResidentSetSize of job (KB)
...
006 (9809422.000.000) 05/13 21:02:50 Image size of job updated: 9423816
	9199  -  MemoryUsage of job (MB)
	9419732  -  ResidentSetSize of job (KB)
...
006 (9809422.000.000) 05/13 21:07:50 Image size of job updated: 13384636
	13071  -  MemoryUsage of job (MB)
	13383984  -  ResidentSetSize of job (KB)
...
006 (9809422.000.000) 05/13 21:12:51 Image size of job updated: 17497544
	17086  -  MemoryUsage of job (MB)
	17495728  -  ResidentSetSize of job (KB)
...
006 (9809422.000.000) 05/13 21:17:52 Image size of job updated: 20636608
	20151  -  MemoryUsage of job (MB)
	20633800  -  ResidentSetSize of job (KB)
...
006 (9809422.000.000) 05/13 21:22:52 Image size of job updated: 23566908
	23012  -  MemoryUsage of job (MB)
	23563544  -  ResidentSetSize of job (KB)
...
006 (9809422.000.000) 05/13 21:27:52 Image size of job updated: 27580204
	26847  -  MemoryUsage of job (MB)
	27491156  -  ResidentSetSize of job (KB)
...
006 (9809422.000.000) 05/13 21:32:53 Image size of job updated: 31022324
	30293  -  MemoryUsage of job (MB)
	31019268  -  ResidentSetSize of job (KB)
...
006 (9809422.000.000) 05/13 21:37:53 Image size of job updated: 35495828
	34663  -  MemoryUsage of job (MB)
	35494340  -  ResidentSetSize of job (KB)
...
006 (9809422.000.000) 05/13 21:42:53 Image size of job updated: 39777672
	38845  -  MemoryUsage of job (MB)
	39776608  -  ResidentSetSize of job (KB)
...
006 (9809422.000.000) 05/13 21:47:55 Image size of job updated: 42610300
	41611  -  MemoryUsage of job (MB)
	42609180  -  ResidentSetSize of job (KB)
...
006 (9809422.000.000) 05/13 21:52:55 Image size of job updated: 44348204
	43302  -  MemoryUsage of job (MB)
	44340696  -  ResidentSetSize of job (KB)
...
006 (9809422.000.000) 05/13 21:57:55 Image size of job updated: 45144960
	43484  -  MemoryUsage of job (MB)
	44527092  -  ResidentSetSize of job (KB)
...
006 (9809422.000.000) 05/13 22:02:56 Image size of job updated: 45382932
	43484  -  MemoryUsage of job (MB)
	44527092  -  ResidentSetSize of job (KB)
...
006 (9809422.000.000) 05/13 23:13:04 Image size of job updated: 45382932
	43572  -  MemoryUsage of job (MB)
	44616892  -  ResidentSetSize of job (KB)
...
006 (9809422.000.000) 05/13 23:18:04 Image size of job updated: 46730164
	45634  -  MemoryUsage of job (MB)
	46728628  -  ResidentSetSize of job (KB)
...
006 (9809422.000.000) 05/13 23:23:04 Image size of job updated: 48823980
	47676  -  MemoryUsage of job (MB)
	48820120  -  ResidentSetSize of job (KB)
...
006 (9809422.000.000) 05/13 23:28:05 Image size of job updated: 50955840
	49759  -  MemoryUsage of job (MB)
	50952480  -  ResidentSetSize of job (KB)
...
006 (9809422.000.000) 05/13 23:33:05 Image size of job updated: 53463904
	52208  -  MemoryUsage of job (MB)
	53460716  -  ResidentSetSize of job (KB)
...
006 (9809422.000.000) 05/13 23:38:05 Image size of job updated: 55912744
	54601  -  MemoryUsage of job (MB)
	55910968  -  ResidentSetSize of job (KB)
...
006 (9809422.000.000) 05/13 23:43:06 Image size of job updated: 58335424
	56876  -  MemoryUsage of job (MB)
	58240060  -  ResidentSetSize of job (KB)
...
006 (9809422.000.000) 05/13 23:48:07 Image size of job updated: 59792536
	58112  -  MemoryUsage of job (MB)
	59505740  -  ResidentSetSize of job (KB)
...
006 (9809422.000.000) 05/13 23:53:07 Image size of job updated: 60058920
	58565  -  MemoryUsage of job (MB)
	59970220  -  ResidentSetSize of job (KB)
...
006 (9809422.000.000) 05/13 23:58:08 Image size of job updated: 61819180
	60368  -  MemoryUsage of job (MB)
	61816652  -  ResidentSetSize of job (KB)
...
006 (9809422.000.000) 05/14 00:03:09 Image size of job updated: 62968048
	61467  -  MemoryUsage of job (MB)
	62941764  -  ResidentSetSize of job (KB)
...
006 (9809422.000.000) 05/14 00:08:09 Image size of job updated: 64657916
	63136  -  MemoryUsage of job (MB)
	64650852  -  ResidentSetSize of job (KB)
...
006 (9809422.000.000) 05/14 00:13:09 Image size of job updated: 65207200
	63678  -  MemoryUsage of job (MB)
	65206072  -  ResidentSetSize of job (KB)
...
006 (9809422.000.000) 05/14 00:18:11 Image size of job updated: 65426292
	63767  -  MemoryUsage of job (MB)
	65297128  -  ResidentSetSize of job (KB)
...
006 (9809422.000.000) 05/14 00:23:11 Image size of job updated: 65515280
	63767  -  MemoryUsage of job (MB)
	65297128  -  ResidentSetSize of job (KB)
...
040 (9809422.000.000) 05/14 01:12:33 Started transferring output files
...
040 (9809422.000.000) 05/14 01:12:33 Finished transferring output files
...
005 (9809422.000.000) 05/14 01:12:33 Job terminated.
	(1) Normal termination (return value 0)
		Usr 0 02:10:24, Sys 0 00:39:37  -  Run Remote Usage
		Usr 0 00:00:00, Sys 0 00:00:00  -  Run Local Usage
		Usr 0 02:10:24, Sys 0 00:39:37  -  Total Remote Usage
		Usr 0 00:00:00, Sys 0 00:00:00  -  Total Local Usage
	15622  -  Run Bytes Sent By Job
	208  -  Run Bytes Received By Job
	15622  -  Total Bytes Sent By Job
	208  -  Total Bytes Received By Job
	Partitionable Resources :    Usage  Request Allocated 
	   Cpus                 :     0.99        1         1 
	   Disk (KB)            :    37           1   2665713 
	   Memory (MB)          : 63767        2000      2000 

	Job terminated of its own accord at 2024-05-13T23:12:33Z with exit-code 0.
...
