000 (9809430.000.000) 05/13 20:48:29 Job submitted from host: <137.138.156.150:9618?addrs=137.138.156.150-9618+[2001-1458-d00-14--9a]-9618&alias=bigbird13.cern.ch&noUDP&sock=schedd_25162_9e1a>
...
040 (9809430.000.000) 05/13 20:52:44 Started transferring input files
	Transferring to host: <128.142.62.84:9618?addrs=128.142.62.84-9618+[2001-1458-301-37--100-53]-9618&alias=b9s07p6078.cern.ch&noUDP&sock=slot1_24_7423_ecc7_97409>
...
040 (9809430.000.000) 05/13 20:52:44 Finished transferring input files
...
001 (9809430.000.000) 05/13 20:52:45 Job executing on host: <128.142.62.84:9618?addrs=128.142.62.84-9618+[2001-1458-301-37--100-53]-9618&alias=b9s07p6078.cern.ch&noUDP&sock=startd_6113_9688>
	SlotName: slot1_24@b9s07p6078.cern.ch
	CondorScratchDir = "/pool/condor/dir_2173659"
	Cpus = 1
	Disk = 2868573
	Memory = 2000
...
006 (9809430.000.000) 05/13 20:52:53 Image size of job updated: 54792
	54  -  MemoryUsage of job (MB)
	54540  -  ResidentSetSize of job (KB)
...
006 (9809430.000.000) 05/13 20:57:53 Image size of job updated: 500376
	482  -  MemoryUsage of job (MB)
	493216  -  ResidentSetSize of job (KB)
...
006 (9809430.000.000) 05/13 21:02:53 Image size of job updated: 751344
	731  -  MemoryUsage of job (MB)
	747900  -  ResidentSetSize of job (KB)
...
006 (9809430.000.000) 05/13 21:07:54 Image size of job updated: 1107608
	1080  -  MemoryUsage of job (MB)
	1105744  -  ResidentSetSize of job (KB)
...
006 (9809430.000.000) 05/13 21:12:54 Image size of job updated: 1347088
	1308  -  MemoryUsage of job (MB)
	1338528  -  ResidentSetSize of job (KB)
...
006 (9809430.000.000) 05/13 21:17:54 Image size of job updated: 1689656
	1649  -  MemoryUsage of job (MB)
	1688088  -  ResidentSetSize of job (KB)
...
006 (9809430.000.000) 05/13 21:22:55 Image size of job updated: 2035408
	1988  -  MemoryUsage of job (MB)
	2034896  -  ResidentSetSize of job (KB)
...
006 (9809430.000.000) 05/13 21:27:56 Image size of job updated: 2484252
	2424  -  MemoryUsage of job (MB)
	2481288  -  ResidentSetSize of job (KB)
...
006 (9809430.000.000) 05/13 21:32:56 Image size of job updated: 2860544
	2791  -  MemoryUsage of job (MB)
	2857668  -  ResidentSetSize of job (KB)
...
006 (9809430.000.000) 05/13 21:37:57 Image size of job updated: 3292608
	3211  -  MemoryUsage of job (MB)
	3287100  -  ResidentSetSize of job (KB)
...
006 (9809430.000.000) 05/13 21:42:58 Image size of job updated: 3804052
	3714  -  MemoryUsage of job (MB)
	3802648  -  ResidentSetSize of job (KB)
...
006 (9809430.000.000) 05/13 21:47:58 Image size of job updated: 4236708
	4129  -  MemoryUsage of job (MB)
	4227736  -  ResidentSetSize of job (KB)
...
006 (9809430.000.000) 05/13 21:52:58 Image size of job updated: 4594212
	4480  -  MemoryUsage of job (MB)
	4587296  -  ResidentSetSize of job (KB)
...
006 (9809430.000.000) 05/13 21:57:59 Image size of job updated: 5024160
	4898  -  MemoryUsage of job (MB)
	5015512  -  ResidentSetSize of job (KB)
...
006 (9809430.000.000) 05/13 22:02:59 Image size of job updated: 5515124
	5384  -  MemoryUsage of job (MB)
	5512592  -  ResidentSetSize of job (KB)
...
006 (9809430.000.000) 05/13 22:07:59 Image size of job updated: 6016656
	5875  -  MemoryUsage of job (MB)
	6015444  -  ResidentSetSize of job (KB)
...
006 (9809430.000.000) 05/13 22:13:00 Image size of job updated: 6539892
	6380  -  MemoryUsage of job (MB)
	6532872  -  ResidentSetSize of job (KB)
...
006 (9809430.000.000) 05/13 22:18:00 Image size of job updated: 7053600
	6885  -  MemoryUsage of job (MB)
	7050144  -  ResidentSetSize of job (KB)
...
006 (9809430.000.000) 05/13 22:23:00 Image size of job updated: 7579916
	7399  -  MemoryUsage of job (MB)
	7576324  -  ResidentSetSize of job (KB)
...
006 (9809430.000.000) 05/13 22:28:01 Image size of job updated: 8225028
	8026  -  MemoryUsage of job (MB)
	8218320  -  ResidentSetSize of job (KB)
...
006 (9809430.000.000) 05/13 22:33:02 Image size of job updated: 8852460
	8644  -  MemoryUsage of job (MB)
	8851188  -  ResidentSetSize of job (KB)
...
006 (9809430.000.000) 05/13 22:38:02 Image size of job updated: 9509384
	9286  -  MemoryUsage of job (MB)
	9508468  -  ResidentSetSize of job (KB)
...
006 (9809430.000.000) 05/13 22:43:03 Image size of job updated: 10168664
	9929  -  MemoryUsage of job (MB)
	10166620  -  ResidentSetSize of job (KB)
...
006 (9809430.000.000) 05/13 22:48:04 Image size of job updated: 10811732
	10550  -  MemoryUsage of job (MB)
	10802908  -  ResidentSetSize of job (KB)
...
006 (9809430.000.000) 05/13 22:53:04 Image size of job updated: 11152580
	10888  -  MemoryUsage of job (MB)
	11149292  -  ResidentSetSize of job (KB)
...
006 (9809430.000.000) 05/13 22:58:04 Image size of job updated: 11196392
	10889  -  MemoryUsage of job (MB)
	11149540  -  ResidentSetSize of job (KB)
...
006 (9809430.000.000) 05/13 23:03:05 Image size of job updated: 11338380
	11065  -  MemoryUsage of job (MB)
	11329624  -  ResidentSetSize of job (KB)
...
006 (9809430.000.000) 05/13 23:08:05 Image size of job updated: 11746388
	11466  -  MemoryUsage of job (MB)
	11740352  -  ResidentSetSize of job (KB)
...
006 (9809430.000.000) 05/13 23:13:05 Image size of job updated: 12248712
	11957  -  MemoryUsage of job (MB)
	12243368  -  ResidentSetSize of job (KB)
...
006 (9809430.000.000) 05/13 23:18:06 Image size of job updated: 12823416
	12522  -  MemoryUsage of job (MB)
	12822212  -  ResidentSetSize of job (KB)
...
006 (9809430.000.000) 05/13 23:23:07 Image size of job updated: 13200876
	12883  -  MemoryUsage of job (MB)
	13191812  -  ResidentSetSize of job (KB)
...
006 (9809430.000.000) 05/13 23:28:07 Image size of job updated: 13449828
	12883  -  MemoryUsage of job (MB)
	13191812  -  ResidentSetSize of job (KB)
...
006 (9809430.000.000) 05/13 23:33:08 Image size of job updated: 13449828
	12887  -  MemoryUsage of job (MB)
	13195268  -  ResidentSetSize of job (KB)
...
006 (9809430.000.000) 05/13 23:38:09 Image size of job updated: 13449828
	12887  -  MemoryUsage of job (MB)
	13195272  -  ResidentSetSize of job (KB)
...
006 (9809430.000.000) 05/14 01:43:22 Image size of job updated: 13536652
	13219  -  MemoryUsage of job (MB)
	13535640  -  ResidentSetSize of job (KB)
...
006 (9809430.000.000) 05/14 01:48:23 Image size of job updated: 14219112
	13877  -  MemoryUsage of job (MB)
	14209832  -  ResidentSetSize of job (KB)
...
006 (9809430.000.000) 05/14 01:53:24 Image size of job updated: 14904108
	14548  -  MemoryUsage of job (MB)
	14896692  -  ResidentSetSize of job (KB)
...
006 (9809430.000.000) 05/14 01:58:24 Image size of job updated: 15610592
	15236  -  MemoryUsage of job (MB)
	15601004  -  ResidentSetSize of job (KB)
...
006 (9809430.000.000) 05/14 02:03:25 Image size of job updated: 16075336
	15697  -  MemoryUsage of job (MB)
	16073032  -  ResidentSetSize of job (KB)
...
006 (9809430.000.000) 05/14 02:08:26 Image size of job updated: 16776676
	16377  -  MemoryUsage of job (MB)
	16769156  -  ResidentSetSize of job (KB)
...
006 (9809430.000.000) 05/14 02:13:26 Image size of job updated: 17542384
	17130  -  MemoryUsage of job (MB)
	17540540  -  ResidentSetSize of job (KB)
...
006 (9809430.000.000) 05/14 02:18:26 Image size of job updated: 18324048
	17895  -  MemoryUsage of job (MB)
	18323632  -  ResidentSetSize of job (KB)
...
006 (9809430.000.000) 05/14 02:23:27 Image size of job updated: 19048492
	18593  -  MemoryUsage of job (MB)
	19039124  -  ResidentSetSize of job (KB)
...
006 (9809430.000.000) 05/14 02:28:27 Image size of job updated: 19761680
	19299  -  MemoryUsage of job (MB)
	19761424  -  ResidentSetSize of job (KB)
...
006 (9809430.000.000) 05/14 02:33:27 Image size of job updated: 20412564
	19933  -  MemoryUsage of job (MB)
	20410792  -  ResidentSetSize of job (KB)
...
006 (9809430.000.000) 05/14 02:38:28 Image size of job updated: 21019424
	19934  -  MemoryUsage of job (MB)
	20412352  -  ResidentSetSize of job (KB)
...
040 (9809430.000.000) 05/14 03:46:09 Started transferring output files
...
040 (9809430.000.000) 05/14 03:46:09 Finished transferring output files
...
005 (9809430.000.000) 05/14 03:46:09 Job terminated.
	(1) Normal termination (return value 0)
		Usr 0 02:22:12, Sys 0 00:30:08  -  Run Remote Usage
		Usr 0 00:00:00, Sys 0 00:00:00  -  Run Local Usage
		Usr 0 02:22:12, Sys 0 00:30:08  -  Total Remote Usage
		Usr 0 00:00:00, Sys 0 00:00:00  -  Total Local Usage
	11578  -  Run Bytes Sent By Job
	208  -  Run Bytes Received By Job
	11578  -  Total Bytes Sent By Job
	208  -  Total Bytes Received By Job
	Partitionable Resources :    Usage  Request Allocated 
	   Cpus                 :     0.99        1         1 
	   Disk (KB)            :    33           1   2868573 
	   Memory (MB)          : 19934        2000      2000 

	Job terminated of its own accord at 2024-05-14T01:46:08Z with exit-code 0.
...
