000 (9809437.000.000) 05/13 20:48:33 Job submitted from host: <137.138.156.150:9618?addrs=137.138.156.150-9618+[2001-1458-d00-14--9a]-9618&alias=bigbird13.cern.ch&noUDP&sock=schedd_25162_9e1a>
...
040 (9809437.000.000) 05/13 20:52:42 Started transferring input files
	Transferring to host: <128.142.192.143:9618?addrs=128.142.192.143-9618+[2001-1458-301-56--100-b]-9618&alias=b9g18p4301.cern.ch&noUDP&sock=slot1_28_5437_9bb6_14141>
...
040 (9809437.000.000) 05/13 20:52:42 Finished transferring input files
...
001 (9809437.000.000) 05/13 20:52:43 Job executing on host: <128.142.192.143:9618?addrs=128.142.192.143-9618+[2001-1458-301-56--100-b]-9618&alias=b9g18p4301.cern.ch&noUDP&sock=startd_4265_0383>
	SlotName: slot1_28@b9g18p4301.cern.ch
	CondorScratchDir = "/pool/condor/dir_3797241"
	Cpus = 1
	Disk = 2868042
	Memory = 2000
...
006 (9809437.000.000) 05/13 20:52:52 Image size of job updated: 55808
	55  -  MemoryUsage of job (MB)
	55808  -  ResidentSetSize of job (KB)
...
006 (9809437.000.000) 05/13 20:57:53 Image size of job updated: 540188
	522  -  MemoryUsage of job (MB)
	533760  -  ResidentSetSize of job (KB)
...
006 (9809437.000.000) 05/13 21:02:53 Image size of job updated: 1019300
	995  -  MemoryUsage of job (MB)
	1018096  -  ResidentSetSize of job (KB)
...
006 (9809437.000.000) 05/13 21:07:53 Image size of job updated: 1497976
	1462  -  MemoryUsage of job (MB)
	1496412  -  ResidentSetSize of job (KB)
...
006 (9809437.000.000) 05/13 21:12:54 Image size of job updated: 2054356
	2005  -  MemoryUsage of job (MB)
	2053116  -  ResidentSetSize of job (KB)
...
006 (9809437.000.000) 05/13 21:17:54 Image size of job updated: 2477156
	2412  -  MemoryUsage of job (MB)
	2469720  -  ResidentSetSize of job (KB)
...
006 (9809437.000.000) 05/13 21:22:54 Image size of job updated: 2865328
	2790  -  MemoryUsage of job (MB)
	2856456  -  ResidentSetSize of job (KB)
...
006 (9809437.000.000) 05/13 21:27:55 Image size of job updated: 3310524
	3232  -  MemoryUsage of job (MB)
	3309244  -  ResidentSetSize of job (KB)
...
006 (9809437.000.000) 05/13 21:32:56 Image size of job updated: 3676204
	3583  -  MemoryUsage of job (MB)
	3668644  -  ResidentSetSize of job (KB)
...
006 (9809437.000.000) 05/13 21:37:56 Image size of job updated: 4163560
	4065  -  MemoryUsage of job (MB)
	4162276  -  ResidentSetSize of job (KB)
...
006 (9809437.000.000) 05/13 21:42:57 Image size of job updated: 4697936
	4580  -  MemoryUsage of job (MB)
	4689436  -  ResidentSetSize of job (KB)
...
006 (9809437.000.000) 05/13 21:47:58 Image size of job updated: 5128820
	5008  -  MemoryUsage of job (MB)
	5127564  -  ResidentSetSize of job (KB)
...
006 (9809437.000.000) 05/13 21:52:58 Image size of job updated: 5552828
	5417  -  MemoryUsage of job (MB)
	5546016  -  ResidentSetSize of job (KB)
...
006 (9809437.000.000) 05/13 21:57:58 Image size of job updated: 6124560
	5976  -  MemoryUsage of job (MB)
	6118496  -  ResidentSetSize of job (KB)
...
006 (9809437.000.000) 05/13 22:02:59 Image size of job updated: 6794788
	6635  -  MemoryUsage of job (MB)
	6793476  -  ResidentSetSize of job (KB)
...
006 (9809437.000.000) 05/13 22:07:59 Image size of job updated: 7572952
	7391  -  MemoryUsage of job (MB)
	7567764  -  ResidentSetSize of job (KB)
...
006 (9809437.000.000) 05/13 22:12:59 Image size of job updated: 8266396
	8072  -  MemoryUsage of job (MB)
	8265172  -  ResidentSetSize of job (KB)
...
006 (9809437.000.000) 05/13 22:18:00 Image size of job updated: 9001636
	8786  -  MemoryUsage of job (MB)
	8996600  -  ResidentSetSize of job (KB)
...
006 (9809437.000.000) 05/13 22:23:00 Image size of job updated: 9704724
	9475  -  MemoryUsage of job (MB)
	9702124  -  ResidentSetSize of job (KB)
...
006 (9809437.000.000) 05/13 22:28:00 Image size of job updated: 10414352
	10166  -  MemoryUsage of job (MB)
	10409260  -  ResidentSetSize of job (KB)
...
006 (9809437.000.000) 05/13 22:33:01 Image size of job updated: 11199668
	10936  -  MemoryUsage of job (MB)
	11197856  -  ResidentSetSize of job (KB)
...
006 (9809437.000.000) 05/13 22:38:02 Image size of job updated: 12021364
	11738  -  MemoryUsage of job (MB)
	12019132  -  ResidentSetSize of job (KB)
...
006 (9809437.000.000) 05/13 22:43:02 Image size of job updated: 12608680
	12311  -  MemoryUsage of job (MB)
	12606024  -  ResidentSetSize of job (KB)
...
006 (9809437.000.000) 05/13 22:48:03 Image size of job updated: 13152612
	12844  -  MemoryUsage of job (MB)
	13151536  -  ResidentSetSize of job (KB)
...
006 (9809437.000.000) 05/13 22:53:04 Image size of job updated: 13817280
	13486  -  MemoryUsage of job (MB)
	13808820  -  ResidentSetSize of job (KB)
...
006 (9809437.000.000) 05/13 22:58:04 Image size of job updated: 14403104
	14065  -  MemoryUsage of job (MB)
	14401776  -  ResidentSetSize of job (KB)
...
006 (9809437.000.000) 05/13 23:03:04 Image size of job updated: 15228044
	14869  -  MemoryUsage of job (MB)
	15225532  -  ResidentSetSize of job (KB)
...
006 (9809437.000.000) 05/13 23:08:05 Image size of job updated: 16097740
	15717  -  MemoryUsage of job (MB)
	16094180  -  ResidentSetSize of job (KB)
...
006 (9809437.000.000) 05/13 23:13:05 Image size of job updated: 16938192
	16540  -  MemoryUsage of job (MB)
	16936924  -  ResidentSetSize of job (KB)
...
006 (9809437.000.000) 05/13 23:18:05 Image size of job updated: 17761500
	17338  -  MemoryUsage of job (MB)
	17753364  -  ResidentSetSize of job (KB)
...
006 (9809437.000.000) 05/13 23:23:06 Image size of job updated: 18624256
	18184  -  MemoryUsage of job (MB)
	18620148  -  ResidentSetSize of job (KB)
...
006 (9809437.000.000) 05/13 23:28:07 Image size of job updated: 19325992
	18871  -  MemoryUsage of job (MB)
	19323504  -  ResidentSetSize of job (KB)
...
006 (9809437.000.000) 05/13 23:33:07 Image size of job updated: 19654588
	18871  -  MemoryUsage of job (MB)
	19323504  -  ResidentSetSize of job (KB)
...
006 (9809437.000.000) 05/14 00:48:16 Image size of job updated: 19654588
	19084  -  MemoryUsage of job (MB)
	19541056  -  ResidentSetSize of job (KB)
...
006 (9809437.000.000) 05/14 00:53:16 Image size of job updated: 20100484
	19628  -  MemoryUsage of job (MB)
	20098816  -  ResidentSetSize of job (KB)
...
006 (9809437.000.000) 05/14 00:58:16 Image size of job updated: 20785564
	20296  -  MemoryUsage of job (MB)
	20782848  -  ResidentSetSize of job (KB)
...
006 (9809437.000.000) 05/14 01:03:17 Image size of job updated: 21620704
	21112  -  MemoryUsage of job (MB)
	21618168  -  ResidentSetSize of job (KB)
...
006 (9809437.000.000) 05/14 01:08:18 Image size of job updated: 22393696
	21860  -  MemoryUsage of job (MB)
	22384344  -  ResidentSetSize of job (KB)
...
006 (9809437.000.000) 05/14 01:13:18 Image size of job updated: 23271876
	22726  -  MemoryUsage of job (MB)
	23271316  -  ResidentSetSize of job (KB)
...
006 (9809437.000.000) 05/14 01:18:19 Image size of job updated: 24192696
	23617  -  MemoryUsage of job (MB)
	24183592  -  ResidentSetSize of job (KB)
...
006 (9809437.000.000) 05/14 01:23:20 Image size of job updated: 25140344
	24543  -  MemoryUsage of job (MB)
	25131464  -  ResidentSetSize of job (KB)
...
006 (9809437.000.000) 05/14 01:28:20 Image size of job updated: 25914376
	25307  -  MemoryUsage of job (MB)
	25913364  -  ResidentSetSize of job (KB)
...
006 (9809437.000.000) 05/14 01:33:20 Image size of job updated: 26924764
	26293  -  MemoryUsage of job (MB)
	26923584  -  ResidentSetSize of job (KB)
...
006 (9809437.000.000) 05/14 01:38:21 Image size of job updated: 27582812
	26931  -  MemoryUsage of job (MB)
	27576736  -  ResidentSetSize of job (KB)
...
006 (9809437.000.000) 05/14 01:43:21 Image size of job updated: 28248460
	27586  -  MemoryUsage of job (MB)
	28247112  -  ResidentSetSize of job (KB)
...
006 (9809437.000.000) 05/14 01:48:21 Image size of job updated: 28976452
	28295  -  MemoryUsage of job (MB)
	28973404  -  ResidentSetSize of job (KB)
...
006 (9809437.000.000) 05/14 01:53:22 Image size of job updated: 29605304
	28594  -  MemoryUsage of job (MB)
	29279920  -  ResidentSetSize of job (KB)
...
006 (9809437.000.000) 05/14 01:58:23 Image size of job updated: 29815012
	29116  -  MemoryUsage of job (MB)
	29814068  -  ResidentSetSize of job (KB)
...
006 (9809437.000.000) 05/14 02:03:23 Image size of job updated: 30102980
	29389  -  MemoryUsage of job (MB)
	30093388  -  ResidentSetSize of job (KB)
...
006 (9809437.000.000) 05/14 02:08:24 Image size of job updated: 30881072
	30149  -  MemoryUsage of job (MB)
	30871816  -  ResidentSetSize of job (KB)
...
006 (9809437.000.000) 05/14 02:13:25 Image size of job updated: 31520632
	30687  -  MemoryUsage of job (MB)
	31423036  -  ResidentSetSize of job (KB)
...
006 (9809437.000.000) 05/14 02:18:25 Image size of job updated: 31827904
	30687  -  MemoryUsage of job (MB)
	31423036  -  ResidentSetSize of job (KB)
...
006 (9809437.000.000) 05/14 02:23:25 Image size of job updated: 31946636
	31193  -  MemoryUsage of job (MB)
	31941188  -  ResidentSetSize of job (KB)
...
006 (9809437.000.000) 05/14 02:28:26 Image size of job updated: 32239664
	31265  -  MemoryUsage of job (MB)
	32014536  -  ResidentSetSize of job (KB)
...
006 (9809437.000.000) 05/14 03:33:32 Image size of job updated: 33212912
	32340  -  MemoryUsage of job (MB)
	33115220  -  ResidentSetSize of job (KB)
...
040 (9809437.000.000) 05/14 04:29:36 Started transferring output files
...
040 (9809437.000.000) 05/14 04:29:36 Finished transferring output files
...
005 (9809437.000.000) 05/14 04:29:36 Job terminated.
	(1) Normal termination (return value 0)
		Usr 0 03:34:29, Sys 0 00:32:25  -  Run Remote Usage
		Usr 0 00:00:00, Sys 0 00:00:00  -  Run Local Usage
		Usr 0 03:34:29, Sys 0 00:32:25  -  Total Remote Usage
		Usr 0 00:00:00, Sys 0 00:00:00  -  Total Local Usage
	7966  -  Run Bytes Sent By Job
	208  -  Run Bytes Received By Job
	7966  -  Total Bytes Sent By Job
	208  -  Total Bytes Received By Job
	Partitionable Resources :    Usage  Request Allocated 
	   Cpus                 :     0.99        1         1 
	   Disk (KB)            :    29           1   2868042 
	   Memory (MB)          : 32340        2000      2000 

	Job terminated of its own accord at 2024-05-14T02:29:36Z with exit-code 0.
...
