000 (9809443.000.000) 05/13 20:48:44 Job submitted from host: <137.138.156.150:9618?addrs=137.138.156.150-9618+[2001-1458-d00-14--9a]-9618&alias=bigbird13.cern.ch&noUDP&sock=schedd_25162_9e1a>
...
040 (9809443.000.000) 05/13 20:52:44 Started transferring input files
	Transferring to host: <128.142.62.46:9618?addrs=128.142.62.46-9618+[2001-1458-301-37--100-2d]-9618&alias=b9s07p7117.cern.ch&noUDP&sock=slot1_33_9238_c1b1_6656>
...
040 (9809443.000.000) 05/13 20:52:44 Finished transferring input files
...
001 (9809443.000.000) 05/13 20:52:45 Job executing on host: <128.142.62.46:9618?addrs=128.142.62.46-9618+[2001-1458-301-37--100-2d]-9618&alias=b9s07p7117.cern.ch&noUDP&sock=startd_8267_0d88>
	SlotName: slot1_33@b9s07p7117.cern.ch
	CondorScratchDir = "/pool/condor/dir_947133"
	Cpus = 1
	Disk = 2854750
	Memory = 2000
...
006 (9809443.000.000) 05/13 20:52:54 Image size of job updated: 21296
	21  -  MemoryUsage of job (MB)
	21296  -  ResidentSetSize of job (KB)
...
006 (9809443.000.000) 05/13 20:57:55 Image size of job updated: 458672
	439  -  MemoryUsage of job (MB)
	449392  -  ResidentSetSize of job (KB)
...
006 (9809443.000.000) 05/13 21:02:55 Image size of job updated: 865280
	838  -  MemoryUsage of job (MB)
	857892  -  ResidentSetSize of job (KB)
...
006 (9809443.000.000) 05/13 21:07:55 Image size of job updated: 1250148
	1219  -  MemoryUsage of job (MB)
	1248108  -  ResidentSetSize of job (KB)
...
006 (9809443.000.000) 05/13 21:12:56 Image size of job updated: 1652120
	1608  -  MemoryUsage of job (MB)
	1646380  -  ResidentSetSize of job (KB)
...
006 (9809443.000.000) 05/13 21:17:56 Image size of job updated: 1967496
	1915  -  MemoryUsage of job (MB)
	1960436  -  ResidentSetSize of job (KB)
...
006 (9809443.000.000) 05/13 21:22:56 Image size of job updated: 2397708
	2334  -  MemoryUsage of job (MB)
	2389988  -  ResidentSetSize of job (KB)
...
006 (9809443.000.000) 05/13 21:27:57 Image size of job updated: 2899568
	2831  -  MemoryUsage of job (MB)
	2898412  -  ResidentSetSize of job (KB)
...
006 (9809443.000.000) 05/13 21:32:57 Image size of job updated: 3467248
	3386  -  MemoryUsage of job (MB)
	3466992  -  ResidentSetSize of job (KB)
...
006 (9809443.000.000) 05/13 21:37:57 Image size of job updated: 3944016
	3844  -  MemoryUsage of job (MB)
	3935868  -  ResidentSetSize of job (KB)
...
006 (9809443.000.000) 05/13 21:42:58 Image size of job updated: 4384208
	4273  -  MemoryUsage of job (MB)
	4375408  -  ResidentSetSize of job (KB)
...
006 (9809443.000.000) 05/13 21:47:59 Image size of job updated: 4938012
	4815  -  MemoryUsage of job (MB)
	4929800  -  ResidentSetSize of job (KB)
...
006 (9809443.000.000) 05/13 21:52:59 Image size of job updated: 5401688
	5274  -  MemoryUsage of job (MB)
	5399892  -  ResidentSetSize of job (KB)
...
006 (9809443.000.000) 05/13 21:58:00 Image size of job updated: 6006236
	5862  -  MemoryUsage of job (MB)
	6002116  -  ResidentSetSize of job (KB)
...
006 (9809443.000.000) 05/13 22:03:01 Image size of job updated: 6579016
	6416  -  MemoryUsage of job (MB)
	6569936  -  ResidentSetSize of job (KB)
...
006 (9809443.000.000) 05/13 22:08:01 Image size of job updated: 7265720
	7094  -  MemoryUsage of job (MB)
	7263568  -  ResidentSetSize of job (KB)
...
006 (9809443.000.000) 05/13 22:13:02 Image size of job updated: 7688012
	7508  -  MemoryUsage of job (MB)
	7687292  -  ResidentSetSize of job (KB)
...
006 (9809443.000.000) 05/13 22:18:03 Image size of job updated: 8322228
	8115  -  MemoryUsage of job (MB)
	8309672  -  ResidentSetSize of job (KB)
...
006 (9809443.000.000) 05/13 22:23:03 Image size of job updated: 8971788
	8760  -  MemoryUsage of job (MB)
	8969632  -  ResidentSetSize of job (KB)
...
006 (9809443.000.000) 05/13 22:28:03 Image size of job updated: 9499772
	9276  -  MemoryUsage of job (MB)
	9497848  -  ResidentSetSize of job (KB)
...
006 (9809443.000.000) 05/13 22:33:04 Image size of job updated: 10319344
	10077  -  MemoryUsage of job (MB)
	10318100  -  ResidentSetSize of job (KB)
...
006 (9809443.000.000) 05/13 22:38:04 Image size of job updated: 10921260
	10664  -  MemoryUsage of job (MB)
	10919656  -  ResidentSetSize of job (KB)
...
006 (9809443.000.000) 05/13 22:43:04 Image size of job updated: 11416016
	11147  -  MemoryUsage of job (MB)
	11414184  -  ResidentSetSize of job (KB)
...
006 (9809443.000.000) 05/13 22:48:05 Image size of job updated: 12113016
	11828  -  MemoryUsage of job (MB)
	12111500  -  ResidentSetSize of job (KB)
...
006 (9809443.000.000) 05/13 22:53:05 Image size of job updated: 12566420
	12253  -  MemoryUsage of job (MB)
	12546716  -  ResidentSetSize of job (KB)
...
006 (9809443.000.000) 05/13 22:58:05 Image size of job updated: 13291040
	12976  -  MemoryUsage of job (MB)
	13286996  -  ResidentSetSize of job (KB)
...
006 (9809443.000.000) 05/13 23:03:06 Image size of job updated: 13800532
	13476  -  MemoryUsage of job (MB)
	13798888  -  ResidentSetSize of job (KB)
...
006 (9809443.000.000) 05/13 23:08:07 Image size of job updated: 14397552
	14059  -  MemoryUsage of job (MB)
	14395496  -  ResidentSetSize of job (KB)
...
006 (9809443.000.000) 05/13 23:13:07 Image size of job updated: 14768164
	14410  -  MemoryUsage of job (MB)
	14755532  -  ResidentSetSize of job (KB)
...
006 (9809443.000.000) 05/13 23:18:08 Image size of job updated: 14973312
	14621  -  MemoryUsage of job (MB)
	14971680  -  ResidentSetSize of job (KB)
...
006 (9809443.000.000) 05/13 23:23:09 Image size of job updated: 15129368
	14774  -  MemoryUsage of job (MB)
	15128088  -  ResidentSetSize of job (KB)
...
006 (9809443.000.000) 05/13 23:28:09 Image size of job updated: 15178032
	14774  -  MemoryUsage of job (MB)
	15128088  -  ResidentSetSize of job (KB)
...
006 (9809443.000.000) 05/14 00:48:17 Image size of job updated: 15181752
	14817  -  MemoryUsage of job (MB)
	15172508  -  ResidentSetSize of job (KB)
...
006 (9809443.000.000) 05/14 00:53:17 Image size of job updated: 15611220
	15236  -  MemoryUsage of job (MB)
	15601292  -  ResidentSetSize of job (KB)
...
006 (9809443.000.000) 05/14 00:58:18 Image size of job updated: 15976232
	15601  -  MemoryUsage of job (MB)
	15975104  -  ResidentSetSize of job (KB)
...
006 (9809443.000.000) 05/14 01:03:19 Image size of job updated: 16407844
	16024  -  MemoryUsage of job (MB)
	16407728  -  ResidentSetSize of job (KB)
...
006 (9809443.000.000) 05/14 01:08:19 Image size of job updated: 16960288
	16562  -  MemoryUsage of job (MB)
	16958540  -  ResidentSetSize of job (KB)
...
006 (9809443.000.000) 05/14 01:13:19 Image size of job updated: 17594112
	17175  -  MemoryUsage of job (MB)
	17586860  -  ResidentSetSize of job (KB)
...
006 (9809443.000.000) 05/14 01:18:20 Image size of job updated: 18151732
	17724  -  MemoryUsage of job (MB)
	18149212  -  ResidentSetSize of job (KB)
...
006 (9809443.000.000) 05/14 01:23:20 Image size of job updated: 18524460
	18088  -  MemoryUsage of job (MB)
	18521856  -  ResidentSetSize of job (KB)
...
006 (9809443.000.000) 05/14 01:28:20 Image size of job updated: 19395876
	18933  -  MemoryUsage of job (MB)
	19387144  -  ResidentSetSize of job (KB)
...
006 (9809443.000.000) 05/14 01:33:21 Image size of job updated: 20174272
	19695  -  MemoryUsage of job (MB)
	20166668  -  ResidentSetSize of job (KB)
...
006 (9809443.000.000) 05/14 01:38:22 Image size of job updated: 20987284
	20495  -  MemoryUsage of job (MB)
	20986680  -  ResidentSetSize of job (KB)
...
006 (9809443.000.000) 05/14 01:43:22 Image size of job updated: 21778076
	21266  -  MemoryUsage of job (MB)
	21776028  -  ResidentSetSize of job (KB)
...
006 (9809443.000.000) 05/14 01:48:23 Image size of job updated: 22438784
	21867  -  MemoryUsage of job (MB)
	22390972  -  ResidentSetSize of job (KB)
...
006 (9809443.000.000) 05/14 01:58:24 Image size of job updated: 22438784
	21907  -  MemoryUsage of job (MB)
	22431880  -  ResidentSetSize of job (KB)
...
006 (9809443.000.000) 05/14 02:03:24 Image size of job updated: 23046680
	22502  -  MemoryUsage of job (MB)
	23041352  -  ResidentSetSize of job (KB)
...
006 (9809443.000.000) 05/14 02:08:25 Image size of job updated: 23254888
	22583  -  MemoryUsage of job (MB)
	23124132  -  ResidentSetSize of job (KB)
...
006 (9809443.000.000) 05/14 02:13:25 Image size of job updated: 23277820
	22732  -  MemoryUsage of job (MB)
	23277080  -  ResidentSetSize of job (KB)
...
006 (9809443.000.000) 05/14 02:18:25 Image size of job updated: 23320608
	22732  -  MemoryUsage of job (MB)
	23277080  -  ResidentSetSize of job (KB)
...
040 (9809443.000.000) 05/14 03:17:01 Started transferring output files
...
040 (9809443.000.000) 05/14 03:17:01 Finished transferring output files
...
005 (9809443.000.000) 05/14 03:17:01 Job terminated.
	(1) Normal termination (return value 0)
		Usr 0 02:14:44, Sys 0 00:30:08  -  Run Remote Usage
		Usr 0 00:00:00, Sys 0 00:00:00  -  Run Local Usage
		Usr 0 02:14:44, Sys 0 00:30:08  -  Total Remote Usage
		Usr 0 00:00:00, Sys 0 00:00:00  -  Total Local Usage
	7962  -  Run Bytes Sent By Job
	208  -  Run Bytes Received By Job
	7962  -  Total Bytes Sent By Job
	208  -  Total Bytes Received By Job
	Partitionable Resources :    Usage  Request Allocated 
	   Cpus                 :     0.99        1         1 
	   Disk (KB)            :    29           1   2854750 
	   Memory (MB)          : 22732        2000      2000 

	Job terminated of its own accord at 2024-05-14T01:17:01Z with exit-code 0.
...
