using mass: 10GeV, coupling 1e-2
using mass: 10GeV, coupling 1e-2p5
using mass: 10GeV, coupling 1e-3
using mass: 10GeV, coupling 1e-3p5
using mass: 10GeV, coupling 1e-4
using mass: 10GeV, coupling 1e-4p5
using mass: 10GeV, coupling 1e-5
using mass: 20GeV, coupling 1e-2
using mass: 20GeV, coupling 1e-2p5
using mass: 20GeV, coupling 1e-3
using mass: 20GeV, coupling 1e-3p5
using mass: 20GeV, coupling 1e-4
using mass: 20GeV, coupling 1e-4p5
using mass: 20GeV, coupling 1e-5
using mass: 30GeV, coupling 1e-2
using mass: 30GeV, coupling 1e-2p5
using mass: 30GeV, coupling 1e-3
using mass: 30GeV, coupling 1e-3p5
using mass: 30GeV, coupling 1e-4
using mass: 30GeV, coupling 1e-4p5
using mass: 30GeV, coupling 1e-5
file /eos/user/t/tcritchl/new_variables_HNL_test_March24/HNL_Dirac_ejj_30GeV_1e-5Ve.root does not exist, moving to next file
using mass: 40GeV, coupling 1e-2
using mass: 40GeV, coupling 1e-2p5
using mass: 40GeV, coupling 1e-3
using mass: 40GeV, coupling 1e-3p5
using mass: 40GeV, coupling 1e-4
using mass: 40GeV, coupling 1e-4p5
using mass: 40GeV, coupling 1e-5
using mass: 50GeV, coupling 1e-2
using mass: 50GeV, coupling 1e-2p5
using mass: 50GeV, coupling 1e-3
using mass: 50GeV, coupling 1e-3p5
using mass: 50GeV, coupling 1e-4
using mass: 50GeV, coupling 1e-4p5
using mass: 50GeV, coupling 1e-5
using mass: 60GeV, coupling 1e-2
using mass: 60GeV, coupling 1e-2p5
using mass: 60GeV, coupling 1e-3
using mass: 60GeV, coupling 1e-3p5
using mass: 60GeV, coupling 1e-4
using mass: 60GeV, coupling 1e-4p5
using mass: 60GeV, coupling 1e-5
using mass: 70GeV, coupling 1e-2
using mass: 70GeV, coupling 1e-2p5
using mass: 70GeV, coupling 1e-3
using mass: 70GeV, coupling 1e-3p5
using mass: 70GeV, coupling 1e-4
using mass: 70GeV, coupling 1e-4p5
using mass: 70GeV, coupling 1e-5
using mass: 80GeV, coupling 1e-2
using mass: 80GeV, coupling 1e-2p5
using mass: 80GeV, coupling 1e-3
using mass: 80GeV, coupling 1e-3p5
using mass: 80GeV, coupling 1e-4
using mass: 80GeV, coupling 1e-4p5
using mass: 80GeV, coupling 1e-5
[['/eos/user/t/tcritchl/new_variables_HNL_test_March24/HNL_Dirac_ejj_10GeV_1e-2Ve.root', 'signal_10GeV_1e-2'], ['/eos/user/t/tcritchl/new_variables_HNL_test_March24/HNL_Dirac_ejj_10GeV_1e-2p5Ve.root', 'signal_10GeV_1e-2p5'], ['/eos/user/t/tcritchl/new_variables_HNL_test_March24/HNL_Dirac_ejj_10GeV_1e-3Ve.root', 'signal_10GeV_1e-3'], ['/eos/user/t/tcritchl/new_variables_HNL_test_March24/HNL_Dirac_ejj_10GeV_1e-3p5Ve.root', 'signal_10GeV_1e-3p5'], ['/eos/user/t/tcritchl/new_variables_HNL_test_March24/HNL_Dirac_ejj_10GeV_1e-4Ve.root', 'signal_10GeV_1e-4'], ['/eos/user/t/tcritchl/new_variables_HNL_test_March24/HNL_Dirac_ejj_10GeV_1e-4p5Ve.root', 'signal_10GeV_1e-4p5'], ['/eos/user/t/tcritchl/new_variables_HNL_test_March24/HNL_Dirac_ejj_10GeV_1e-5Ve.root', 'signal_10GeV_1e-5'], ['/eos/user/t/tcritchl/new_variables_HNL_test_March24/HNL_Dirac_ejj_20GeV_1e-2Ve.root', 'signal_20GeV_1e-2'], ['/eos/user/t/tcritchl/new_variables_HNL_test_March24/HNL_Dirac_ejj_20GeV_1e-2p5Ve.root', 'signal_20GeV_1e-2p5'], ['/eos/user/t/tcritchl/new_variables_HNL_test_March24/HNL_Dirac_ejj_20GeV_1e-3Ve.root', 'signal_20GeV_1e-3'], ['/eos/user/t/tcritchl/new_variables_HNL_test_March24/HNL_Dirac_ejj_20GeV_1e-3p5Ve.root', 'signal_20GeV_1e-3p5'], ['/eos/user/t/tcritchl/new_variables_HNL_test_March24/HNL_Dirac_ejj_20GeV_1e-4Ve.root', 'signal_20GeV_1e-4'], ['/eos/user/t/tcritchl/new_variables_HNL_test_March24/HNL_Dirac_ejj_20GeV_1e-4p5Ve.root', 'signal_20GeV_1e-4p5'], ['/eos/user/t/tcritchl/new_variables_HNL_test_March24/HNL_Dirac_ejj_20GeV_1e-5Ve.root', 'signal_20GeV_1e-5'], ['/eos/user/t/tcritchl/new_variables_HNL_test_March24/HNL_Dirac_ejj_30GeV_1e-2Ve.root', 'signal_30GeV_1e-2'], ['/eos/user/t/tcritchl/new_variables_HNL_test_March24/HNL_Dirac_ejj_30GeV_1e-2p5Ve.root', 'signal_30GeV_1e-2p5'], ['/eos/user/t/tcritchl/new_variables_HNL_test_March24/HNL_Dirac_ejj_30GeV_1e-3Ve.root', 'signal_30GeV_1e-3'], ['/eos/user/t/tcritchl/new_variables_HNL_test_March24/HNL_Dirac_ejj_30GeV_1e-3p5Ve.root', 'signal_30GeV_1e-3p5'], ['/eos/user/t/tcritchl/new_variables_HNL_test_March24/HNL_Dirac_ejj_30GeV_1e-4Ve.root', 'signal_30GeV_1e-4'], ['/eos/user/t/tcritchl/new_variables_HNL_test_March24/HNL_Dirac_ejj_30GeV_1e-4p5Ve.root', 'signal_30GeV_1e-4p5'], ['/eos/user/t/tcritchl/new_variables_HNL_test_March24/HNL_Dirac_ejj_40GeV_1e-2Ve.root', 'signal_40GeV_1e-2'], ['/eos/user/t/tcritchl/new_variables_HNL_test_March24/HNL_Dirac_ejj_40GeV_1e-2p5Ve.root', 'signal_40GeV_1e-2p5'], ['/eos/user/t/tcritchl/new_variables_HNL_test_March24/HNL_Dirac_ejj_40GeV_1e-3Ve.root', 'signal_40GeV_1e-3'], ['/eos/user/t/tcritchl/new_variables_HNL_test_March24/HNL_Dirac_ejj_40GeV_1e-3p5Ve.root', 'signal_40GeV_1e-3p5'], ['/eos/user/t/tcritchl/new_variables_HNL_test_March24/HNL_Dirac_ejj_40GeV_1e-4Ve.root', 'signal_40GeV_1e-4'], ['/eos/user/t/tcritchl/new_variables_HNL_test_March24/HNL_Dirac_ejj_40GeV_1e-4p5Ve.root', 'signal_40GeV_1e-4p5'], ['/eos/user/t/tcritchl/new_variables_HNL_test_March24/HNL_Dirac_ejj_40GeV_1e-5Ve.root', 'signal_40GeV_1e-5'], ['/eos/user/t/tcritchl/new_variables_HNL_test_March24/HNL_Dirac_ejj_50GeV_1e-2Ve.root', 'signal_50GeV_1e-2'], ['/eos/user/t/tcritchl/new_variables_HNL_test_March24/HNL_Dirac_ejj_50GeV_1e-2p5Ve.root', 'signal_50GeV_1e-2p5'], ['/eos/user/t/tcritchl/new_variables_HNL_test_March24/HNL_Dirac_ejj_50GeV_1e-3Ve.root', 'signal_50GeV_1e-3'], ['/eos/user/t/tcritchl/new_variables_HNL_test_March24/HNL_Dirac_ejj_50GeV_1e-3p5Ve.root', 'signal_50GeV_1e-3p5'], ['/eos/user/t/tcritchl/new_variables_HNL_test_March24/HNL_Dirac_ejj_50GeV_1e-4Ve.root', 'signal_50GeV_1e-4'], ['/eos/user/t/tcritchl/new_variables_HNL_test_March24/HNL_Dirac_ejj_50GeV_1e-4p5Ve.root', 'signal_50GeV_1e-4p5'], ['/eos/user/t/tcritchl/new_variables_HNL_test_March24/HNL_Dirac_ejj_50GeV_1e-5Ve.root', 'signal_50GeV_1e-5'], ['/eos/user/t/tcritchl/new_variables_HNL_test_March24/HNL_Dirac_ejj_60GeV_1e-2Ve.root', 'signal_60GeV_1e-2'], ['/eos/user/t/tcritchl/new_variables_HNL_test_March24/HNL_Dirac_ejj_60GeV_1e-2p5Ve.root', 'signal_60GeV_1e-2p5'], ['/eos/user/t/tcritchl/new_variables_HNL_test_March24/HNL_Dirac_ejj_60GeV_1e-3Ve.root', 'signal_60GeV_1e-3'], ['/eos/user/t/tcritchl/new_variables_HNL_test_March24/HNL_Dirac_ejj_60GeV_1e-3p5Ve.root', 'signal_60GeV_1e-3p5'], ['/eos/user/t/tcritchl/new_variables_HNL_test_March24/HNL_Dirac_ejj_60GeV_1e-4Ve.root', 'signal_60GeV_1e-4'], ['/eos/user/t/tcritchl/new_variables_HNL_test_March24/HNL_Dirac_ejj_60GeV_1e-4p5Ve.root', 'signal_60GeV_1e-4p5'], ['/eos/user/t/tcritchl/new_variables_HNL_test_March24/HNL_Dirac_ejj_60GeV_1e-5Ve.root', 'signal_60GeV_1e-5'], ['/eos/user/t/tcritchl/new_variables_HNL_test_March24/HNL_Dirac_ejj_70GeV_1e-2Ve.root', 'signal_70GeV_1e-2'], ['/eos/user/t/tcritchl/new_variables_HNL_test_March24/HNL_Dirac_ejj_70GeV_1e-2p5Ve.root', 'signal_70GeV_1e-2p5'], ['/eos/user/t/tcritchl/new_variables_HNL_test_March24/HNL_Dirac_ejj_70GeV_1e-3Ve.root', 'signal_70GeV_1e-3'], ['/eos/user/t/tcritchl/new_variables_HNL_test_March24/HNL_Dirac_ejj_70GeV_1e-3p5Ve.root', 'signal_70GeV_1e-3p5'], ['/eos/user/t/tcritchl/new_variables_HNL_test_March24/HNL_Dirac_ejj_70GeV_1e-4Ve.root', 'signal_70GeV_1e-4'], ['/eos/user/t/tcritchl/new_variables_HNL_test_March24/HNL_Dirac_ejj_70GeV_1e-4p5Ve.root', 'signal_70GeV_1e-4p5'], ['/eos/user/t/tcritchl/new_variables_HNL_test_March24/HNL_Dirac_ejj_70GeV_1e-5Ve.root', 'signal_70GeV_1e-5'], ['/eos/user/t/tcritchl/new_variables_HNL_test_March24/HNL_Dirac_ejj_80GeV_1e-2Ve.root', 'signal_80GeV_1e-2'], ['/eos/user/t/tcritchl/new_variables_HNL_test_March24/HNL_Dirac_ejj_80GeV_1e-2p5Ve.root', 'signal_80GeV_1e-2p5'], ['/eos/user/t/tcritchl/new_variables_HNL_test_March24/HNL_Dirac_ejj_80GeV_1e-3Ve.root', 'signal_80GeV_1e-3'], ['/eos/user/t/tcritchl/new_variables_HNL_test_March24/HNL_Dirac_ejj_80GeV_1e-3p5Ve.root', 'signal_80GeV_1e-3p5'], ['/eos/user/t/tcritchl/new_variables_HNL_test_March24/HNL_Dirac_ejj_80GeV_1e-4Ve.root', 'signal_80GeV_1e-4'], ['/eos/user/t/tcritchl/new_variables_HNL_test_March24/HNL_Dirac_ejj_80GeV_1e-4p5Ve.root', 'signal_80GeV_1e-4p5'], ['/eos/user/t/tcritchl/new_variables_HNL_test_March24/HNL_Dirac_ejj_80GeV_1e-5Ve.root', 'signal_80GeV_1e-5']]
generated events 100000
the column names are: { "PrimaryTracks", "PrimaryTracks.D0", "PrimaryTracks.Z0", "PrimaryTracks.covMatrix[21]", "PrimaryTracks.location", "PrimaryTracks.omega", "PrimaryTracks.phi", "PrimaryTracks.referencePoint.x", "PrimaryTracks.referencePoint.y", "PrimaryTracks.referencePoint.z", "PrimaryTracks.tanLambda", "PrimaryTracks.time", "RecoDiJetElectron_invMass", "RecoDiJet_angle", "RecoDiJet_delta_R", "RecoDiJet_phi", "RecoElectronTrack_absD0", "RecoElectronTrack_absD0sig", "RecoElectron_DiJet_delta_R", "RecoElectron_LeadJet_delta_R", "RecoElectron_SecondJet_delta_R", "RecoElectron_lead_e", "RecoLeadElectron_Pmiss_delta_theta", "RecoMissingEnergy_e", "RecoMissingEnergy_theta", "Vertex_chi2", "Vertex_ntrk", "n_RecoElectrons", "n_primt", "ntracks" }
the filtered column names are: ['RecoDiJet_angle', 'RecoDiJet_delta_R', 'RecoDiJet_phi', 'RecoElectronTrack_absD0', 'RecoElectronTrack_absD0sig', 'RecoElectron_DiJet_delta_R', 'RecoElectron_lead_e', 'RecoMissingEnergy_e', 'RecoMissingEnergy_theta', 'Vertex_chi2', 'n_primt', 'ntracks']
RecoDiJet_angle: Double_t
RecoDiJet_delta_R: Float_t
RecoDiJet_phi: Float_t
RecoElectronTrack_absD0: ROOT::VecOps::RVec<float>
RecoElectronTrack_absD0sig: ROOT::VecOps::RVec<float>
RecoElectron_DiJet_delta_R: Float_t
RecoElectron_lead_e: Float_t
RecoMissingEnergy_e: ROOT::VecOps::RVec<float>
RecoMissingEnergy_theta: ROOT::VecOps::RVec<float>
Vertex_chi2: Float_t
n_primt: Int_t
ntracks: Int_t
Traceback (most recent call last):
  File "/afs/cern.ch/work/t/tcritchl/FCCAnalyses_local/xgboost/xgboost_batch/plotting_variables/variable_mean.py", line 91, in <module>
    x = {col: df.AsNumpy(column) for col in filtered_columns} # <-- Modified line
  File "/afs/cern.ch/work/t/tcritchl/FCCAnalyses_local/xgboost/xgboost_batch/plotting_variables/variable_mean.py", line 91, in <dictcomp>
    x = {col: df.AsNumpy(column) for col in filtered_columns} # <-- Modified line
NameError: name 'column' is not defined
