000 (9560845.000.000) 04/03 16:45:53 Job submitted from host: <137.138.156.150:9618?addrs=137.138.156.150-9618+[2001-1458-d00-14--9a]-9618&alias=bigbird13.cern.ch&noUDP&sock=schedd_5144_ef43>
...
040 (9560845.000.000) 04/03 19:43:08 Started transferring input files
	Transferring to host: <128.142.56.85:9618?addrs=128.142.56.85-9618&alias=b7s01p8820.cern.ch&noUDP&sock=slot1_17_7504_ff2a_91862>
...
040 (9560845.000.000) 04/03 19:43:08 Finished transferring input files
...
001 (9560845.000.000) 04/03 19:43:09 Job executing on host: <128.142.56.85:9618?addrs=128.142.56.85-9618&alias=b7s01p8820.cern.ch&noUDP&sock=startd_7456_c639>
...
006 (9560845.000.000) 04/03 19:43:17 Image size of job updated: 1091704
	189  -  MemoryUsage of job (MB)
	192904  -  ResidentSetSize of job (KB)
...
006 (9560845.000.000) 04/03 19:48:17 Image size of job updated: 8750416
	6327  -  MemoryUsage of job (MB)
	6478228  -  ResidentSetSize of job (KB)
...
006 (9560845.000.000) 04/03 19:53:18 Image size of job updated: 8835924
	6396  -  MemoryUsage of job (MB)
	6549092  -  ResidentSetSize of job (KB)
...
006 (9560845.000.000) 04/03 19:58:19 Image size of job updated: 8957528
	6469  -  MemoryUsage of job (MB)
	6623828  -  ResidentSetSize of job (KB)
...
006 (9560845.000.000) 04/03 20:03:19 Image size of job updated: 9011892
	6553  -  MemoryUsage of job (MB)
	6710248  -  ResidentSetSize of job (KB)
...
006 (9560845.000.000) 04/03 20:08:20 Image size of job updated: 9080388
	6652  -  MemoryUsage of job (MB)
	6811448  -  ResidentSetSize of job (KB)
...
006 (9560845.000.000) 04/03 20:13:21 Image size of job updated: 9296600
	6751  -  MemoryUsage of job (MB)
	6912436  -  ResidentSetSize of job (KB)
...
006 (9560845.000.000) 04/03 20:18:21 Image size of job updated: 9366812
	6850  -  MemoryUsage of job (MB)
	7013668  -  ResidentSetSize of job (KB)
...
006 (9560845.000.000) 04/03 20:23:21 Image size of job updated: 9436636
	6948  -  MemoryUsage of job (MB)
	7114736  -  ResidentSetSize of job (KB)
...
006 (9560845.000.000) 04/03 20:28:22 Image size of job updated: 9505008
	7046  -  MemoryUsage of job (MB)
	7214968  -  ResidentSetSize of job (KB)
...
006 (9560845.000.000) 04/03 20:33:22 Image size of job updated: 9871428
	7144  -  MemoryUsage of job (MB)
	7315048  -  ResidentSetSize of job (KB)
...
006 (9560845.000.000) 04/03 20:38:22 Image size of job updated: 9937592
	7242  -  MemoryUsage of job (MB)
	7415420  -  ResidentSetSize of job (KB)
...
006 (9560845.000.000) 04/03 20:43:23 Image size of job updated: 10005916
	7340  -  MemoryUsage of job (MB)
	7515584  -  ResidentSetSize of job (KB)
...
006 (9560845.000.000) 04/03 20:48:24 Image size of job updated: 10075352
	7438  -  MemoryUsage of job (MB)
	7616276  -  ResidentSetSize of job (KB)
...
006 (9560845.000.000) 04/03 20:53:24 Image size of job updated: 10146728
	7537  -  MemoryUsage of job (MB)
	7717092  -  ResidentSetSize of job (KB)
...
006 (9560845.000.000) 04/03 20:58:24 Image size of job updated: 10215004
	7635  -  MemoryUsage of job (MB)
	7817760  -  ResidentSetSize of job (KB)
...
006 (9560845.000.000) 04/03 21:03:25 Image size of job updated: 10282692
	7733  -  MemoryUsage of job (MB)
	7917608  -  ResidentSetSize of job (KB)
...
006 (9560845.000.000) 04/03 21:08:25 Image size of job updated: 10352128
	7831  -  MemoryUsage of job (MB)
	8018196  -  ResidentSetSize of job (KB)
...
006 (9560845.000.000) 04/03 21:13:25 Image size of job updated: 10421820
	7928  -  MemoryUsage of job (MB)
	8118248  -  ResidentSetSize of job (KB)
...
006 (9560845.000.000) 04/03 21:18:26 Image size of job updated: 10489252
	8027  -  MemoryUsage of job (MB)
	8219156  -  ResidentSetSize of job (KB)
...
006 (9560845.000.000) 04/03 21:23:27 Image size of job updated: 11149288
	8126  -  MemoryUsage of job (MB)
	8320192  -  ResidentSetSize of job (KB)
...
006 (9560845.000.000) 04/03 21:28:27 Image size of job updated: 11219116
	8224  -  MemoryUsage of job (MB)
	8421272  -  ResidentSetSize of job (KB)
...
006 (9560845.000.000) 04/03 21:33:27 Image size of job updated: 11288940
	8323  -  MemoryUsage of job (MB)
	8522540  -  ResidentSetSize of job (KB)
...
006 (9560845.000.000) 04/03 21:38:28 Image size of job updated: 11357016
	8423  -  MemoryUsage of job (MB)
	8624260  -  ResidentSetSize of job (KB)
...
006 (9560845.000.000) 04/03 21:43:29 Image size of job updated: 11426064
	8520  -  MemoryUsage of job (MB)
	8724384  -  ResidentSetSize of job (KB)
...
006 (9560845.000.000) 04/03 21:48:29 Image size of job updated: 11495888
	8619  -  MemoryUsage of job (MB)
	8824848  -  ResidentSetSize of job (KB)
...
006 (9560845.000.000) 04/03 21:53:29 Image size of job updated: 11565196
	8717  -  MemoryUsage of job (MB)
	8925228  -  ResidentSetSize of job (KB)
...
006 (9560845.000.000) 04/03 21:58:30 Image size of job updated: 11633404
	8815  -  MemoryUsage of job (MB)
	9026428  -  ResidentSetSize of job (KB)
...
006 (9560845.000.000) 04/03 22:03:30 Image size of job updated: 11703228
	8914  -  MemoryUsage of job (MB)
	9127628  -  ResidentSetSize of job (KB)
...
006 (9560845.000.000) 04/03 22:08:30 Image size of job updated: 11773104
	9013  -  MemoryUsage of job (MB)
	9228820  -  ResidentSetSize of job (KB)
...
006 (9560845.000.000) 04/03 22:13:31 Image size of job updated: 11842412
	9111  -  MemoryUsage of job (MB)
	9329392  -  ResidentSetSize of job (KB)
...
006 (9560845.000.000) 04/03 22:18:32 Image size of job updated: 11911848
	9209  -  MemoryUsage of job (MB)
	9429976  -  ResidentSetSize of job (KB)
...
006 (9560845.000.000) 04/03 22:23:32 Image size of job updated: 11981672
	9308  -  MemoryUsage of job (MB)
	9530788  -  ResidentSetSize of job (KB)
...
006 (9560845.000.000) 04/03 22:28:33 Image size of job updated: 12051368
	9406  -  MemoryUsage of job (MB)
	9631352  -  ResidentSetSize of job (KB)
...
006 (9560845.000.000) 04/03 22:33:34 Image size of job updated: 12112128
	9496  -  MemoryUsage of job (MB)
	9722944  -  ResidentSetSize of job (KB)
...
006 (9560845.000.000) 04/03 22:38:34 Image size of job updated: 12176768
	9584  -  MemoryUsage of job (MB)
	9813532  -  ResidentSetSize of job (KB)
...
006 (9560845.000.000) 04/03 22:43:34 Image size of job updated: 12234416
	9668  -  MemoryUsage of job (MB)
	9899364  -  ResidentSetSize of job (KB)
...
006 (9560845.000.000) 04/03 22:48:35 Image size of job updated: 12291676
	9752  -  MemoryUsage of job (MB)
	9985120  -  ResidentSetSize of job (KB)
...
006 (9560845.000.000) 04/03 22:53:36 Image size of job updated: 12353856
	9836  -  MemoryUsage of job (MB)
	10071708  -  ResidentSetSize of job (KB)
...
006 (9560845.000.000) 04/03 22:58:36 Image size of job updated: 13590632
	9919  -  MemoryUsage of job (MB)
	10156232  -  ResidentSetSize of job (KB)
...
006 (9560845.000.000) 04/03 23:03:36 Image size of job updated: 13647892
	10001  -  MemoryUsage of job (MB)
	10240872  -  ResidentSetSize of job (KB)
...
006 (9560845.000.000) 04/03 23:08:37 Image size of job updated: 13704764
	10084  -  MemoryUsage of job (MB)
	10325124  -  ResidentSetSize of job (KB)
...
006 (9560845.000.000) 04/03 23:13:37 Image size of job updated: 13765652
	10166  -  MemoryUsage of job (MB)
	10409440  -  ResidentSetSize of job (KB)
...
006 (9560845.000.000) 04/03 23:18:37 Image size of job updated: 13822136
	10247  -  MemoryUsage of job (MB)
	10492620  -  ResidentSetSize of job (KB)
...
006 (9560845.000.000) 04/03 23:23:38 Image size of job updated: 13878356
	10328  -  MemoryUsage of job (MB)
	10575592  -  ResidentSetSize of job (KB)
...
006 (9560845.000.000) 04/03 23:28:39 Image size of job updated: 13934452
	10409  -  MemoryUsage of job (MB)
	10658356  -  ResidentSetSize of job (KB)
...
006 (9560845.000.000) 04/03 23:33:39 Image size of job updated: 13992340
	10492  -  MemoryUsage of job (MB)
	10743452  -  ResidentSetSize of job (KB)
...
006 (9560845.000.000) 04/03 23:38:40 Image size of job updated: 14052844
	10573  -  MemoryUsage of job (MB)
	10826452  -  ResidentSetSize of job (KB)
...
006 (9560845.000.000) 04/03 23:43:41 Image size of job updated: 14108288
	10654  -  MemoryUsage of job (MB)
	10909120  -  ResidentSetSize of job (KB)
...
006 (9560845.000.000) 04/03 23:48:41 Image size of job updated: 14164252
	10735  -  MemoryUsage of job (MB)
	10992056  -  ResidentSetSize of job (KB)
...
006 (9560845.000.000) 04/03 23:53:41 Image size of job updated: 14220736
	10816  -  MemoryUsage of job (MB)
	11075340  -  ResidentSetSize of job (KB)
...
006 (9560845.000.000) 04/03 23:58:42 Image size of job updated: 14277088
	10897  -  MemoryUsage of job (MB)
	11158388  -  ResidentSetSize of job (KB)
...
006 (9560845.000.000) 04/04 00:03:43 Image size of job updated: 14332796
	10978  -  MemoryUsage of job (MB)
	11240824  -  ResidentSetSize of job (KB)
...
006 (9560845.000.000) 04/04 00:08:43 Image size of job updated: 14392776
	11058  -  MemoryUsage of job (MB)
	11323116  -  ResidentSetSize of job (KB)
...
006 (9560845.000.000) 04/04 00:13:43 Image size of job updated: 14448740
	11139  -  MemoryUsage of job (MB)
	11405704  -  ResidentSetSize of job (KB)
...
006 (9560845.000.000) 04/04 00:18:44 Image size of job updated: 14503796
	11218  -  MemoryUsage of job (MB)
	11486384  -  ResidentSetSize of job (KB)
...
006 (9560845.000.000) 04/04 00:23:45 Image size of job updated: 14558464
	11296  -  MemoryUsage of job (MB)
	11566156  -  ResidentSetSize of job (KB)
...
006 (9560845.000.000) 04/04 00:28:45 Image size of job updated: 14612356
	11376  -  MemoryUsage of job (MB)
	11648568  -  ResidentSetSize of job (KB)
...
006 (9560845.000.000) 04/04 00:33:46 Image size of job updated: 14667024
	11453  -  MemoryUsage of job (MB)
	11727168  -  ResidentSetSize of job (KB)
...
006 (9560845.000.000) 04/04 00:38:47 Image size of job updated: 14720008
	11529  -  MemoryUsage of job (MB)
	11804964  -  ResidentSetSize of job (KB)
...
006 (9560845.000.000) 04/04 00:43:47 Image size of job updated: 14773512
	11605  -  MemoryUsage of job (MB)
	11882760  -  ResidentSetSize of job (KB)
...
006 (9560845.000.000) 04/04 00:48:47 Image size of job updated: 14828048
	11680  -  MemoryUsage of job (MB)
	11959864  -  ResidentSetSize of job (KB)
...
006 (9560845.000.000) 04/04 00:53:48 Image size of job updated: 14881552
	11680  -  MemoryUsage of job (MB)
	11959864  -  ResidentSetSize of job (KB)
...
006 (9560845.000.000) 04/04 00:58:49 Image size of job updated: 14934536
	11680  -  MemoryUsage of job (MB)
	11959864  -  ResidentSetSize of job (KB)
...
006 (9560845.000.000) 04/04 01:03:49 Image size of job updated: 14987652
	11680  -  MemoryUsage of job (MB)
	11959864  -  ResidentSetSize of job (KB)
...
006 (9560845.000.000) 04/04 01:08:49 Image size of job updated: 15040892
	11680  -  MemoryUsage of job (MB)
	11959864  -  ResidentSetSize of job (KB)
...
006 (9560845.000.000) 04/04 01:13:50 Image size of job updated: 15094916
	11680  -  MemoryUsage of job (MB)
	11959864  -  ResidentSetSize of job (KB)
...
006 (9560845.000.000) 04/04 01:18:51 Image size of job updated: 15149064
	11680  -  MemoryUsage of job (MB)
	11959864  -  ResidentSetSize of job (KB)
...
006 (9560845.000.000) 04/04 01:23:51 Image size of job updated: 15206920
	11680  -  MemoryUsage of job (MB)
	11959864  -  ResidentSetSize of job (KB)
...
006 (9560845.000.000) 04/04 01:28:51 Image size of job updated: 15256276
	11680  -  MemoryUsage of job (MB)
	11959864  -  ResidentSetSize of job (KB)
...
006 (9560845.000.000) 04/04 01:33:52 Image size of job updated: 15314572
	11680  -  MemoryUsage of job (MB)
	11959864  -  ResidentSetSize of job (KB)
...
006 (9560845.000.000) 04/04 01:38:52 Image size of job updated: 15365744
	11680  -  MemoryUsage of job (MB)
	11959864  -  ResidentSetSize of job (KB)
...
006 (9560845.000.000) 04/04 01:43:52 Image size of job updated: 15423264
	11680  -  MemoryUsage of job (MB)
	11959864  -  ResidentSetSize of job (KB)
...
006 (9560845.000.000) 04/04 01:48:53 Image size of job updated: 15473264
	11680  -  MemoryUsage of job (MB)
	11959864  -  ResidentSetSize of job (KB)
...
006 (9560845.000.000) 04/04 01:53:54 Image size of job updated: 15533376
	11680  -  MemoryUsage of job (MB)
	11959864  -  ResidentSetSize of job (KB)
...
006 (9560845.000.000) 04/04 01:58:54 Image size of job updated: 15599056
	11680  -  MemoryUsage of job (MB)
	11959864  -  ResidentSetSize of job (KB)
...
006 (9560845.000.000) 04/04 02:03:54 Image size of job updated: 15665772
	11680  -  MemoryUsage of job (MB)
	11959864  -  ResidentSetSize of job (KB)
...
006 (9560845.000.000) 04/04 02:08:55 Image size of job updated: 15724844
	11680  -  MemoryUsage of job (MB)
	11959864  -  ResidentSetSize of job (KB)
...
006 (9560845.000.000) 04/04 02:13:55 Image size of job updated: 15788324
	11680  -  MemoryUsage of job (MB)
	11959864  -  ResidentSetSize of job (KB)
...
006 (9560845.000.000) 04/04 02:18:55 Image size of job updated: 15851412
	11680  -  MemoryUsage of job (MB)
	11959864  -  ResidentSetSize of job (KB)
...
006 (9560845.000.000) 04/04 02:23:56 Image size of job updated: 15903620
	11680  -  MemoryUsage of job (MB)
	11959864  -  ResidentSetSize of job (KB)
...
006 (9560845.000.000) 04/04 02:28:57 Image size of job updated: 15966188
	11680  -  MemoryUsage of job (MB)
	11959864  -  ResidentSetSize of job (KB)
...
006 (9560845.000.000) 04/04 02:33:57 Image size of job updated: 16248144
	11680  -  MemoryUsage of job (MB)
	11959864  -  ResidentSetSize of job (KB)
...
006 (9560845.000.000) 04/04 02:48:59 Image size of job updated: 17813784
	11680  -  MemoryUsage of job (MB)
	11959864  -  ResidentSetSize of job (KB)
...
040 (9560845.000.000) 04/04 03:05:38 Started transferring output files
...
040 (9560845.000.000) 04/04 03:05:39 Finished transferring output files
...
005 (9560845.000.000) 04/04 03:05:39 Job terminated.
	(1) Normal termination (return value 0)
		Usr 0 07:15:44, Sys 0 00:03:39  -  Run Remote Usage
		Usr 0 00:00:00, Sys 0 00:00:00  -  Run Local Usage
		Usr 0 07:15:44, Sys 0 00:03:39  -  Total Remote Usage
		Usr 0 00:00:00, Sys 0 00:00:00  -  Total Local Usage
	13981  -  Run Bytes Sent By Job
	236  -  Run Bytes Received By Job
	13981  -  Total Bytes Sent By Job
	236  -  Total Bytes Received By Job
	Partitionable Resources :    Usage  Request Allocated 
	   Cpus                 :     1.00        1         1 
	   Disk (KB)            :   100           1   1360377 
	   Memory (MB)          : 11680        2000      2000 

	Job terminated of its own accord at 2024-04-04T01:05:38Z.
...
