000 (9560795.000.000) 04/03 16:41:56 Job submitted from host: <137.138.156.150:9618?addrs=137.138.156.150-9618+[2001-1458-d00-14--9a]-9618&alias=bigbird13.cern.ch&noUDP&sock=schedd_5144_ef43>
...
040 (9560795.000.000) 04/03 19:42:57 Started transferring input files
	Transferring to host: <128.142.58.115:9618?addrs=128.142.58.115-9618&alias=b7s03p6668.cern.ch&noUDP&sock=slot1_22_6891_1531_91007>
...
040 (9560795.000.000) 04/03 19:42:57 Finished transferring input files
...
001 (9560795.000.000) 04/03 19:42:58 Job executing on host: <128.142.58.115:9618?addrs=128.142.58.115-9618&alias=b7s03p6668.cern.ch&noUDP&sock=startd_6843_4eab>
...
006 (9560795.000.000) 04/03 19:43:07 Image size of job updated: 218100
	75  -  MemoryUsage of job (MB)
	75788  -  ResidentSetSize of job (KB)
...
006 (9560795.000.000) 04/03 19:48:08 Image size of job updated: 8758840
	6334  -  MemoryUsage of job (MB)
	6485604  -  ResidentSetSize of job (KB)
...
006 (9560795.000.000) 04/03 19:53:09 Image size of job updated: 8844748
	6387  -  MemoryUsage of job (MB)
	6539428  -  ResidentSetSize of job (KB)
...
006 (9560795.000.000) 04/03 19:58:09 Image size of job updated: 8868556
	6431  -  MemoryUsage of job (MB)
	6585236  -  ResidentSetSize of job (KB)
...
006 (9560795.000.000) 04/03 20:03:09 Image size of job updated: 8984272
	6495  -  MemoryUsage of job (MB)
	6650336  -  ResidentSetSize of job (KB)
...
006 (9560795.000.000) 04/03 20:08:10 Image size of job updated: 9019664
	6552  -  MemoryUsage of job (MB)
	6708624  -  ResidentSetSize of job (KB)
...
006 (9560795.000.000) 04/03 20:13:10 Image size of job updated: 9071352
	6624  -  MemoryUsage of job (MB)
	6782628  -  ResidentSetSize of job (KB)
...
006 (9560795.000.000) 04/03 20:18:10 Image size of job updated: 9266804
	6696  -  MemoryUsage of job (MB)
	6856236  -  ResidentSetSize of job (KB)
...
006 (9560795.000.000) 04/03 20:23:11 Image size of job updated: 9319400
	6772  -  MemoryUsage of job (MB)
	6934088  -  ResidentSetSize of job (KB)
...
006 (9560795.000.000) 04/03 20:28:12 Image size of job updated: 9372904
	6848  -  MemoryUsage of job (MB)
	7011416  -  ResidentSetSize of job (KB)
...
006 (9560795.000.000) 04/03 20:33:12 Image size of job updated: 9426276
	6924  -  MemoryUsage of job (MB)
	7089320  -  ResidentSetSize of job (KB)
...
006 (9560795.000.000) 04/03 20:38:13 Image size of job updated: 9480812
	7001  -  MemoryUsage of job (MB)
	7168132  -  ResidentSetSize of job (KB)
...
006 (9560795.000.000) 04/03 20:43:14 Image size of job updated: 9533928
	7076  -  MemoryUsage of job (MB)
	7245528  -  ResidentSetSize of job (KB)
...
006 (9560795.000.000) 04/03 20:48:14 Image size of job updated: 9882216
	7151  -  MemoryUsage of job (MB)
	7322420  -  ResidentSetSize of job (KB)
...
006 (9560795.000.000) 04/03 20:53:14 Image size of job updated: 9934812
	7226  -  MemoryUsage of job (MB)
	7398668  -  ResidentSetSize of job (KB)
...
006 (9560795.000.000) 04/03 20:58:16 Image size of job updated: 9988184
	7302  -  MemoryUsage of job (MB)
	7476832  -  ResidentSetSize of job (KB)
...
006 (9560795.000.000) 04/03 21:03:16 Image size of job updated: 10041120
	7376  -  MemoryUsage of job (MB)
	7552908  -  ResidentSetSize of job (KB)
...
006 (9560795.000.000) 04/03 21:08:16 Image size of job updated: 10094624
	7452  -  MemoryUsage of job (MB)
	7630272  -  ResidentSetSize of job (KB)
...
006 (9560795.000.000) 04/03 21:13:17 Image size of job updated: 10147220
	7527  -  MemoryUsage of job (MB)
	7707152  -  ResidentSetSize of job (KB)
...
006 (9560795.000.000) 04/03 21:18:18 Image size of job updated: 10194700
	7596  -  MemoryUsage of job (MB)
	7777512  -  ResidentSetSize of job (KB)
...
006 (9560795.000.000) 04/03 21:23:18 Image size of job updated: 10244316
	7665  -  MemoryUsage of job (MB)
	7847996  -  ResidentSetSize of job (KB)
...
006 (9560795.000.000) 04/03 21:28:18 Image size of job updated: 10293608
	7736  -  MemoryUsage of job (MB)
	7921540  -  ResidentSetSize of job (KB)
...
006 (9560795.000.000) 04/03 21:33:19 Image size of job updated: 10346460
	7811  -  MemoryUsage of job (MB)
	7997816  -  ResidentSetSize of job (KB)
...
006 (9560795.000.000) 04/03 21:38:19 Image size of job updated: 10401260
	7889  -  MemoryUsage of job (MB)
	8077756  -  ResidentSetSize of job (KB)
...
006 (9560795.000.000) 04/03 21:43:19 Image size of job updated: 10454376
	7968  -  MemoryUsage of job (MB)
	8158300  -  ResidentSetSize of job (KB)
...
006 (9560795.000.000) 04/03 21:48:20 Image size of job updated: 10507616
	8041  -  MemoryUsage of job (MB)
	8233020  -  ResidentSetSize of job (KB)
...
006 (9560795.000.000) 04/03 21:53:21 Image size of job updated: 11142460
	8107  -  MemoryUsage of job (MB)
	8300844  -  ResidentSetSize of job (KB)
...
006 (9560795.000.000) 04/03 21:58:21 Image size of job updated: 11187476
	8171  -  MemoryUsage of job (MB)
	8366356  -  ResidentSetSize of job (KB)
...
006 (9560795.000.000) 04/03 22:03:21 Image size of job updated: 11233012
	8236  -  MemoryUsage of job (MB)
	8433508  -  ResidentSetSize of job (KB)
...
006 (9560795.000.000) 04/03 22:08:23 Image size of job updated: 11283272
	8307  -  MemoryUsage of job (MB)
	8505372  -  ResidentSetSize of job (KB)
...
006 (9560795.000.000) 04/03 22:13:23 Image size of job updated: 11335480
	8380  -  MemoryUsage of job (MB)
	8580272  -  ResidentSetSize of job (KB)
...
006 (9560795.000.000) 04/03 22:18:23 Image size of job updated: 11384388
	8451  -  MemoryUsage of job (MB)
	8653220  -  ResidentSetSize of job (KB)
...
006 (9560795.000.000) 04/03 22:23:24 Image size of job updated: 11435168
	8522  -  MemoryUsage of job (MB)
	8725688  -  ResidentSetSize of job (KB)
...
006 (9560795.000.000) 04/03 22:28:25 Image size of job updated: 11486080
	8593  -  MemoryUsage of job (MB)
	8798856  -  ResidentSetSize of job (KB)
...
006 (9560795.000.000) 04/03 22:33:25 Image size of job updated: 11536536
	8667  -  MemoryUsage of job (MB)
	8874308  -  ResidentSetSize of job (KB)
...
006 (9560795.000.000) 04/03 22:38:26 Image size of job updated: 11589132
	8740  -  MemoryUsage of job (MB)
	8949668  -  ResidentSetSize of job (KB)
...
006 (9560795.000.000) 04/03 22:43:27 Image size of job updated: 11640176
	8815  -  MemoryUsage of job (MB)
	9026264  -  ResidentSetSize of job (KB)
...
006 (9560795.000.000) 04/03 22:48:27 Image size of job updated: 11691864
	8887  -  MemoryUsage of job (MB)
	9099948  -  ResidentSetSize of job (KB)
...
006 (9560795.000.000) 04/03 22:53:27 Image size of job updated: 11741932
	8959  -  MemoryUsage of job (MB)
	9173304  -  ResidentSetSize of job (KB)
...
006 (9560795.000.000) 04/03 22:58:28 Image size of job updated: 11792632
	9031  -  MemoryUsage of job (MB)
	9246908  -  ResidentSetSize of job (KB)
...
006 (9560795.000.000) 04/03 23:03:28 Image size of job updated: 11843288
	9101  -  MemoryUsage of job (MB)
	9318976  -  ResidentSetSize of job (KB)
...
006 (9560795.000.000) 04/03 23:08:28 Image size of job updated: 11895364
	9175  -  MemoryUsage of job (MB)
	9394240  -  ResidentSetSize of job (KB)
...
006 (9560795.000.000) 04/03 23:13:29 Image size of job updated: 11947572
	9248  -  MemoryUsage of job (MB)
	9469328  -  ResidentSetSize of job (KB)
...
006 (9560795.000.000) 04/03 23:18:29 Image size of job updated: 11999516
	9320  -  MemoryUsage of job (MB)
	9543624  -  ResidentSetSize of job (KB)
...
006 (9560795.000.000) 04/03 23:23:29 Image size of job updated: 12045640
	9391  -  MemoryUsage of job (MB)
	9615632  -  ResidentSetSize of job (KB)
...
006 (9560795.000.000) 04/03 23:28:30 Image size of job updated: 12089684
	9452  -  MemoryUsage of job (MB)
	9678700  -  ResidentSetSize of job (KB)
...
006 (9560795.000.000) 04/03 23:33:30 Image size of job updated: 12134636
	9520  -  MemoryUsage of job (MB)
	9747616  -  ResidentSetSize of job (KB)
...
006 (9560795.000.000) 04/03 23:38:30 Image size of job updated: 12183864
	9587  -  MemoryUsage of job (MB)
	9816800  -  ResidentSetSize of job (KB)
...
006 (9560795.000.000) 04/03 23:43:31 Image size of job updated: 12234256
	9658  -  MemoryUsage of job (MB)
	9888816  -  ResidentSetSize of job (KB)
...
006 (9560795.000.000) 04/03 23:48:31 Image size of job updated: 12277396
	9722  -  MemoryUsage of job (MB)
	9954592  -  ResidentSetSize of job (KB)
...
006 (9560795.000.000) 04/03 23:53:31 Image size of job updated: 12323644
	9785  -  MemoryUsage of job (MB)
	10018828  -  ResidentSetSize of job (KB)
...
006 (9560795.000.000) 04/03 23:58:32 Image size of job updated: 12366524
	9848  -  MemoryUsage of job (MB)
	10083900  -  ResidentSetSize of job (KB)
...
006 (9560795.000.000) 04/04 00:03:32 Image size of job updated: 13592808
	9912  -  MemoryUsage of job (MB)
	10148980  -  ResidentSetSize of job (KB)
...
006 (9560795.000.000) 04/04 00:08:32 Image size of job updated: 13636076
	9976  -  MemoryUsage of job (MB)
	10214752  -  ResidentSetSize of job (KB)
...
006 (9560795.000.000) 04/04 00:13:33 Image size of job updated: 13683620
	10041  -  MemoryUsage of job (MB)
	10281476  -  ResidentSetSize of job (KB)
...
006 (9560795.000.000) 04/04 00:18:33 Image size of job updated: 13731420
	10106  -  MemoryUsage of job (MB)
	10348336  -  ResidentSetSize of job (KB)
...
006 (9560795.000.000) 04/04 00:23:33 Image size of job updated: 13774952
	10172  -  MemoryUsage of job (MB)
	10415476  -  ResidentSetSize of job (KB)
...
006 (9560795.000.000) 04/04 00:28:34 Image size of job updated: 13822752
	10237  -  MemoryUsage of job (MB)
	10482576  -  ResidentSetSize of job (KB)
...
006 (9560795.000.000) 04/04 00:33:34 Image size of job updated: 13866536
	10303  -  MemoryUsage of job (MB)
	10549632  -  ResidentSetSize of job (KB)
...
006 (9560795.000.000) 04/04 00:38:34 Image size of job updated: 13914600
	10369  -  MemoryUsage of job (MB)
	10617028  -  ResidentSetSize of job (KB)
...
006 (9560795.000.000) 04/04 00:43:35 Image size of job updated: 13957092
	10435  -  MemoryUsage of job (MB)
	10684960  -  ResidentSetSize of job (KB)
...
006 (9560795.000.000) 04/04 00:48:35 Image size of job updated: 14005792
	10501  -  MemoryUsage of job (MB)
	10752720  -  ResidentSetSize of job (KB)
...
006 (9560795.000.000) 04/04 00:53:35 Image size of job updated: 14053980
	10566  -  MemoryUsage of job (MB)
	10819468  -  ResidentSetSize of job (KB)
...
006 (9560795.000.000) 04/04 00:58:36 Image size of job updated: 14097512
	10632  -  MemoryUsage of job (MB)
	10886348  -  ResidentSetSize of job (KB)
...
006 (9560795.000.000) 04/04 01:03:36 Image size of job updated: 14145444
	10697  -  MemoryUsage of job (MB)
	10953468  -  ResidentSetSize of job (KB)
...
006 (9560795.000.000) 04/04 01:08:36 Image size of job updated: 14190780
	10765  -  MemoryUsage of job (MB)
	11022508  -  ResidentSetSize of job (KB)
...
006 (9560795.000.000) 04/04 01:13:37 Image size of job updated: 14238712
	10833  -  MemoryUsage of job (MB)
	11092484  -  ResidentSetSize of job (KB)
...
006 (9560795.000.000) 04/04 01:18:37 Image size of job updated: 14287032
	10898  -  MemoryUsage of job (MB)
	11159364  -  ResidentSetSize of job (KB)
...
006 (9560795.000.000) 04/04 01:23:38 Image size of job updated: 14331860
	10966  -  MemoryUsage of job (MB)
	11228672  -  ResidentSetSize of job (KB)
...
006 (9560795.000.000) 04/04 01:28:39 Image size of job updated: 14381732
	11034  -  MemoryUsage of job (MB)
	11298748  -  ResidentSetSize of job (KB)
...
006 (9560795.000.000) 04/04 01:33:39 Image size of job updated: 14429664
	11100  -  MemoryUsage of job (MB)
	11365976  -  ResidentSetSize of job (KB)
...
006 (9560795.000.000) 04/04 01:38:41 Image size of job updated: 14472676
	11165  -  MemoryUsage of job (MB)
	11431984  -  ResidentSetSize of job (KB)
...
006 (9560795.000.000) 04/04 01:43:41 Image size of job updated: 14519312
	11230  -  MemoryUsage of job (MB)
	11499220  -  ResidentSetSize of job (KB)
...
006 (9560795.000.000) 04/04 01:48:41 Image size of job updated: 14561800
	11293  -  MemoryUsage of job (MB)
	11563788  -  ResidentSetSize of job (KB)
...
006 (9560795.000.000) 04/04 01:53:42 Image size of job updated: 14609732
	11357  -  MemoryUsage of job (MB)
	11629436  -  ResidentSetSize of job (KB)
...
006 (9560795.000.000) 04/04 01:58:42 Image size of job updated: 14652224
	11422  -  MemoryUsage of job (MB)
	11695620  -  ResidentSetSize of job (KB)
...
006 (9560795.000.000) 04/04 02:03:42 Image size of job updated: 14700156
	11487  -  MemoryUsage of job (MB)
	11762048  -  ResidentSetSize of job (KB)
...
006 (9560795.000.000) 04/04 02:08:43 Image size of job updated: 14744332
	11553  -  MemoryUsage of job (MB)
	11829340  -  ResidentSetSize of job (KB)
...
006 (9560795.000.000) 04/04 02:13:43 Image size of job updated: 14790968
	11618  -  MemoryUsage of job (MB)
	11896420  -  ResidentSetSize of job (KB)
...
006 (9560795.000.000) 04/04 02:18:43 Image size of job updated: 14835140
	11683  -  MemoryUsage of job (MB)
	11962748  -  ResidentSetSize of job (KB)
...
006 (9560795.000.000) 04/04 02:23:44 Image size of job updated: 14881000
	11747  -  MemoryUsage of job (MB)
	12028364  -  ResidentSetSize of job (KB)
...
006 (9560795.000.000) 04/04 02:28:44 Image size of job updated: 14929840
	11814  -  MemoryUsage of job (MB)
	12097296  -  ResidentSetSize of job (KB)
...
006 (9560795.000.000) 04/04 02:33:45 Image size of job updated: 14977384
	11886  -  MemoryUsage of job (MB)
	12170556  -  ResidentSetSize of job (KB)
...
006 (9560795.000.000) 04/04 02:38:46 Image size of job updated: 15023244
	11947  -  MemoryUsage of job (MB)
	12233664  -  ResidentSetSize of job (KB)
...
006 (9560795.000.000) 04/04 02:43:46 Image size of job updated: 15062756
	12005  -  MemoryUsage of job (MB)
	12292448  -  ResidentSetSize of job (KB)
...
006 (9560795.000.000) 04/04 02:48:47 Image size of job updated: 15109260
	12068  -  MemoryUsage of job (MB)
	12357540  -  ResidentSetSize of job (KB)
...
006 (9560795.000.000) 04/04 02:53:48 Image size of job updated: 15153176
	12134  -  MemoryUsage of job (MB)
	12424604  -  ResidentSetSize of job (KB)
...
006 (9560795.000.000) 04/04 02:58:48 Image size of job updated: 15200720
	12202  -  MemoryUsage of job (MB)
	12494216  -  ResidentSetSize of job (KB)
...
006 (9560795.000.000) 04/04 03:03:49 Image size of job updated: 15247052
	12272  -  MemoryUsage of job (MB)
	12565752  -  ResidentSetSize of job (KB)
...
006 (9560795.000.000) 04/04 03:08:50 Image size of job updated: 15302496
	12343  -  MemoryUsage of job (MB)
	12638232  -  ResidentSetSize of job (KB)
...
006 (9560795.000.000) 04/04 03:13:50 Image size of job updated: 15347836
	12410  -  MemoryUsage of job (MB)
	12707260  -  ResidentSetSize of job (KB)
...
006 (9560795.000.000) 04/04 03:18:51 Image size of job updated: 15400820
	12481  -  MemoryUsage of job (MB)
	12780024  -  ResidentSetSize of job (KB)
...
006 (9560795.000.000) 04/04 03:23:52 Image size of job updated: 15446812
	12550  -  MemoryUsage of job (MB)
	12850876  -  ResidentSetSize of job (KB)
...
006 (9560795.000.000) 04/04 03:28:52 Image size of job updated: 15494224
	12622  -  MemoryUsage of job (MB)
	12924144  -  ResidentSetSize of job (KB)
...
006 (9560795.000.000) 04/04 03:33:53 Image size of job updated: 15550188
	12622  -  MemoryUsage of job (MB)
	12924160  -  ResidentSetSize of job (KB)
...
006 (9560795.000.000) 04/04 03:38:54 Image size of job updated: 15593456
	12622  -  MemoryUsage of job (MB)
	12924160  -  ResidentSetSize of job (KB)
...
006 (9560795.000.000) 04/04 03:43:54 Image size of job updated: 15635944
	12622  -  MemoryUsage of job (MB)
	12924160  -  ResidentSetSize of job (KB)
...
006 (9560795.000.000) 04/04 03:48:55 Image size of job updated: 15686728
	12622  -  MemoryUsage of job (MB)
	12924160  -  ResidentSetSize of job (KB)
...
006 (9560795.000.000) 04/04 03:53:56 Image size of job updated: 15728960
	12622  -  MemoryUsage of job (MB)
	12924160  -  ResidentSetSize of job (KB)
...
006 (9560795.000.000) 04/04 03:58:56 Image size of job updated: 15766920
	12622  -  MemoryUsage of job (MB)
	12924160  -  ResidentSetSize of job (KB)
...
006 (9560795.000.000) 04/04 04:03:57 Image size of job updated: 15802932
	12622  -  MemoryUsage of job (MB)
	12924160  -  ResidentSetSize of job (KB)
...
006 (9560795.000.000) 04/04 04:08:57 Image size of job updated: 15838296
	12622  -  MemoryUsage of job (MB)
	12924160  -  ResidentSetSize of job (KB)
...
006 (9560795.000.000) 04/04 04:13:57 Image size of job updated: 15873144
	12622  -  MemoryUsage of job (MB)
	12924160  -  ResidentSetSize of job (KB)
...
006 (9560795.000.000) 04/04 04:18:58 Image size of job updated: 15909288
	12622  -  MemoryUsage of job (MB)
	12924160  -  ResidentSetSize of job (KB)
...
006 (9560795.000.000) 04/04 04:23:58 Image size of job updated: 15940896
	12622  -  MemoryUsage of job (MB)
	12924160  -  ResidentSetSize of job (KB)
...
006 (9560795.000.000) 04/04 04:28:59 Image size of job updated: 15972896
	12622  -  MemoryUsage of job (MB)
	12924160  -  ResidentSetSize of job (KB)
...
006 (9560795.000.000) 04/04 04:34:00 Image size of job updated: 15995308
	12622  -  MemoryUsage of job (MB)
	12924160  -  ResidentSetSize of job (KB)
...
006 (9560795.000.000) 04/04 04:39:00 Image size of job updated: 16028472
	12622  -  MemoryUsage of job (MB)
	12924160  -  ResidentSetSize of job (KB)
...
006 (9560795.000.000) 04/04 04:44:01 Image size of job updated: 16274868
	12622  -  MemoryUsage of job (MB)
	12924160  -  ResidentSetSize of job (KB)
...
006 (9560795.000.000) 04/04 05:14:04 Image size of job updated: 17696412
	12622  -  MemoryUsage of job (MB)
	12924160  -  ResidentSetSize of job (KB)
...
040 (9560795.000.000) 04/04 05:56:30 Started transferring output files
...
040 (9560795.000.000) 04/04 05:56:30 Finished transferring output files
...
005 (9560795.000.000) 04/04 05:56:30 Job terminated.
	(1) Normal termination (return value 0)
		Usr 0 09:55:17, Sys 0 00:10:57  -  Run Remote Usage
		Usr 0 00:00:00, Sys 0 00:00:00  -  Run Local Usage
		Usr 0 09:55:17, Sys 0 00:10:57  -  Total Remote Usage
		Usr 0 00:00:00, Sys 0 00:00:00  -  Total Local Usage
	13964  -  Run Bytes Sent By Job
	236  -  Run Bytes Received By Job
	13964  -  Total Bytes Sent By Job
	236  -  Total Bytes Received By Job
	Partitionable Resources :    Usage  Request Allocated 
	   Cpus                 :     1.00        1         1 
	   Disk (KB)            :   590           1   1299245 
	   Memory (MB)          : 12622        2000      2000 

	Job terminated of its own accord at 2024-04-04T03:56:30Z.
...
