000 (9560787.000.000) 04/03 16:41:24 Job submitted from host: <137.138.156.150:9618?addrs=137.138.156.150-9618+[2001-1458-d00-14--9a]-9618&alias=bigbird13.cern.ch&noUDP&sock=schedd_5144_ef43>
...
040 (9560787.000.000) 04/03 19:42:55 Started transferring input files
	Transferring to host: <128.142.57.140:9618?addrs=128.142.57.140-9618+[2001-1458-301-7--100-8b]-9618&alias=b7s02p8850.cern.ch&noUDP&sock=slot1_6_58272_a53b_90307>
...
040 (9560787.000.000) 04/03 19:42:55 Finished transferring input files
...
001 (9560787.000.000) 04/03 19:42:56 Job executing on host: <128.142.57.140:9618?addrs=128.142.57.140-9618+[2001-1458-301-7--100-8b]-9618&alias=b7s02p8850.cern.ch&noUDP&sock=startd_58233_92a7>
...
006 (9560787.000.000) 04/03 19:43:05 Image size of job updated: 1208232
	210  -  MemoryUsage of job (MB)
	214924  -  ResidentSetSize of job (KB)
...
006 (9560787.000.000) 04/03 19:48:06 Image size of job updated: 8780576
	6347  -  MemoryUsage of job (MB)
	6498972  -  ResidentSetSize of job (KB)
...
006 (9560787.000.000) 04/03 19:53:07 Image size of job updated: 8838688
	6402  -  MemoryUsage of job (MB)
	6554640  -  ResidentSetSize of job (KB)
...
006 (9560787.000.000) 04/03 19:58:07 Image size of job updated: 8974156
	6490  -  MemoryUsage of job (MB)
	6644812  -  ResidentSetSize of job (KB)
...
006 (9560787.000.000) 04/03 20:03:08 Image size of job updated: 9031300
	6571  -  MemoryUsage of job (MB)
	6728592  -  ResidentSetSize of job (KB)
...
006 (9560787.000.000) 04/03 20:08:09 Image size of job updated: 9085056
	6647  -  MemoryUsage of job (MB)
	6806348  -  ResidentSetSize of job (KB)
...
006 (9560787.000.000) 04/03 20:13:09 Image size of job updated: 9292524
	6730  -  MemoryUsage of job (MB)
	6891128  -  ResidentSetSize of job (KB)
...
006 (9560787.000.000) 04/03 20:18:10 Image size of job updated: 9353476
	6816  -  MemoryUsage of job (MB)
	6979032  -  ResidentSetSize of job (KB)
...
006 (9560787.000.000) 04/03 20:23:11 Image size of job updated: 9410120
	6897  -  MemoryUsage of job (MB)
	7061644  -  ResidentSetSize of job (KB)
...
006 (9560787.000.000) 04/03 20:28:11 Image size of job updated: 9460740
	6972  -  MemoryUsage of job (MB)
	7138536  -  ResidentSetSize of job (KB)
...
006 (9560787.000.000) 04/03 20:33:11 Image size of job updated: 9511492
	7045  -  MemoryUsage of job (MB)
	7213360  -  ResidentSetSize of job (KB)
...
006 (9560787.000.000) 04/03 20:38:13 Image size of job updated: 9563568
	7118  -  MemoryUsage of job (MB)
	7288524  -  ResidentSetSize of job (KB)
...
006 (9560787.000.000) 04/03 20:43:13 Image size of job updated: 9908840
	7191  -  MemoryUsage of job (MB)
	7362720  -  ResidentSetSize of job (KB)
...
006 (9560787.000.000) 04/03 20:48:13 Image size of job updated: 9960008
	7263  -  MemoryUsage of job (MB)
	7436292  -  ResidentSetSize of job (KB)
...
006 (9560787.000.000) 04/03 20:53:14 Image size of job updated: 10012304
	7337  -  MemoryUsage of job (MB)
	7512640  -  ResidentSetSize of job (KB)
...
006 (9560787.000.000) 04/03 20:58:15 Image size of job updated: 10064768
	7410  -  MemoryUsage of job (MB)
	7587708  -  ResidentSetSize of job (KB)
...
006 (9560787.000.000) 04/03 21:03:15 Image size of job updated: 10117884
	7486  -  MemoryUsage of job (MB)
	7665440  -  ResidentSetSize of job (KB)
...
006 (9560787.000.000) 04/03 21:08:16 Image size of job updated: 10172420
	7564  -  MemoryUsage of job (MB)
	7745308  -  ResidentSetSize of job (KB)
...
006 (9560787.000.000) 04/03 21:13:17 Image size of job updated: 10228516
	7645  -  MemoryUsage of job (MB)
	7828432  -  ResidentSetSize of job (KB)
...
006 (9560787.000.000) 04/03 21:18:17 Image size of job updated: 10288560
	7729  -  MemoryUsage of job (MB)
	7914364  -  ResidentSetSize of job (KB)
...
006 (9560787.000.000) 04/03 21:23:17 Image size of job updated: 10345820
	7814  -  MemoryUsage of job (MB)
	8000700  -  ResidentSetSize of job (KB)
...
006 (9560787.000.000) 04/03 21:28:18 Image size of job updated: 10412276
	7814  -  MemoryUsage of job (MB)
	8000700  -  ResidentSetSize of job (KB)
...
006 (9560787.000.000) 04/03 21:33:18 Image size of job updated: 10481128
	7814  -  MemoryUsage of job (MB)
	8000700  -  ResidentSetSize of job (KB)
...
006 (9560787.000.000) 04/03 21:38:18 Image size of job updated: 11141684
	7814  -  MemoryUsage of job (MB)
	8000700  -  ResidentSetSize of job (KB)
...
006 (9560787.000.000) 04/03 21:43:19 Image size of job updated: 11210604
	7814  -  MemoryUsage of job (MB)
	8000700  -  ResidentSetSize of job (KB)
...
006 (9560787.000.000) 04/03 21:48:20 Image size of job updated: 11281336
	7814  -  MemoryUsage of job (MB)
	8000700  -  ResidentSetSize of job (KB)
...
006 (9560787.000.000) 04/03 21:53:20 Image size of job updated: 11350772
	7814  -  MemoryUsage of job (MB)
	8000700  -  ResidentSetSize of job (KB)
...
006 (9560787.000.000) 04/03 21:58:21 Image size of job updated: 11418592
	7814  -  MemoryUsage of job (MB)
	8000700  -  ResidentSetSize of job (KB)
...
006 (9560787.000.000) 04/03 22:03:22 Image size of job updated: 11489584
	7814  -  MemoryUsage of job (MB)
	8000700  -  ResidentSetSize of job (KB)
...
006 (9560787.000.000) 04/03 22:08:22 Image size of job updated: 11558500
	7814  -  MemoryUsage of job (MB)
	8000700  -  ResidentSetSize of job (KB)
...
006 (9560787.000.000) 04/03 22:13:22 Image size of job updated: 11628324
	7814  -  MemoryUsage of job (MB)
	8000700  -  ResidentSetSize of job (KB)
...
006 (9560787.000.000) 04/03 22:18:23 Image size of job updated: 11696144
	7814  -  MemoryUsage of job (MB)
	8000700  -  ResidentSetSize of job (KB)
...
006 (9560787.000.000) 04/03 22:23:23 Image size of job updated: 11767640
	7814  -  MemoryUsage of job (MB)
	8000700  -  ResidentSetSize of job (KB)
...
006 (9560787.000.000) 04/03 22:28:23 Image size of job updated: 11836944
	7814  -  MemoryUsage of job (MB)
	8000700  -  ResidentSetSize of job (KB)
...
006 (9560787.000.000) 04/03 22:33:24 Image size of job updated: 11897960
	7814  -  MemoryUsage of job (MB)
	8000700  -  ResidentSetSize of job (KB)
...
006 (9560787.000.000) 04/03 22:38:25 Image size of job updated: 11955996
	7814  -  MemoryUsage of job (MB)
	8000700  -  ResidentSetSize of job (KB)
...
006 (9560787.000.000) 04/03 22:43:25 Image size of job updated: 12021160
	7814  -  MemoryUsage of job (MB)
	8000700  -  ResidentSetSize of job (KB)
...
006 (9560787.000.000) 04/03 22:48:25 Image size of job updated: 12079328
	7814  -  MemoryUsage of job (MB)
	8000700  -  ResidentSetSize of job (KB)
...
006 (9560787.000.000) 04/03 22:53:26 Image size of job updated: 12146040
	7814  -  MemoryUsage of job (MB)
	8000700  -  ResidentSetSize of job (KB)
...
006 (9560787.000.000) 04/03 22:58:26 Image size of job updated: 12212884
	7814  -  MemoryUsage of job (MB)
	8000700  -  ResidentSetSize of job (KB)
...
006 (9560787.000.000) 04/03 23:03:26 Image size of job updated: 12275716
	7814  -  MemoryUsage of job (MB)
	8000700  -  ResidentSetSize of job (KB)
...
006 (9560787.000.000) 04/03 23:08:27 Image size of job updated: 12337900
	7814  -  MemoryUsage of job (MB)
	8000700  -  ResidentSetSize of job (KB)
...
006 (9560787.000.000) 04/03 23:13:28 Image size of job updated: 13577268
	7814  -  MemoryUsage of job (MB)
	8000700  -  ResidentSetSize of job (KB)
...
006 (9560787.000.000) 04/03 23:18:28 Image size of job updated: 13641520
	7814  -  MemoryUsage of job (MB)
	8000700  -  ResidentSetSize of job (KB)
...
006 (9560787.000.000) 04/03 23:23:28 Image size of job updated: 13701372
	7814  -  MemoryUsage of job (MB)
	8000700  -  ResidentSetSize of job (KB)
...
006 (9560787.000.000) 04/03 23:28:29 Image size of job updated: 13766532
	7814  -  MemoryUsage of job (MB)
	8000700  -  ResidentSetSize of job (KB)
...
006 (9560787.000.000) 04/03 23:33:29 Image size of job updated: 13828068
	7814  -  MemoryUsage of job (MB)
	8000700  -  ResidentSetSize of job (KB)
...
006 (9560787.000.000) 04/03 23:38:29 Image size of job updated: 13894396
	7814  -  MemoryUsage of job (MB)
	8000700  -  ResidentSetSize of job (KB)
...
006 (9560787.000.000) 04/03 23:43:30 Image size of job updated: 13953340
	7814  -  MemoryUsage of job (MB)
	8000700  -  ResidentSetSize of job (KB)
...
006 (9560787.000.000) 04/03 23:48:31 Image size of job updated: 14020948
	7814  -  MemoryUsage of job (MB)
	8000700  -  ResidentSetSize of job (KB)
...
006 (9560787.000.000) 04/03 23:53:31 Image size of job updated: 14078212
	7814  -  MemoryUsage of job (MB)
	8000700  -  ResidentSetSize of job (KB)
...
006 (9560787.000.000) 04/03 23:58:32 Image size of job updated: 14137156
	7814  -  MemoryUsage of job (MB)
	8000700  -  ResidentSetSize of job (KB)
...
006 (9560787.000.000) 04/04 00:03:33 Image size of job updated: 14201800
	7814  -  MemoryUsage of job (MB)
	8000700  -  ResidentSetSize of job (KB)
...
006 (9560787.000.000) 04/04 00:08:33 Image size of job updated: 14259448
	7814  -  MemoryUsage of job (MB)
	8000700  -  ResidentSetSize of job (KB)
...
006 (9560787.000.000) 04/04 00:13:33 Image size of job updated: 14321760
	7814  -  MemoryUsage of job (MB)
	8000700  -  ResidentSetSize of job (KB)
...
006 (9560787.000.000) 04/04 00:18:34 Image size of job updated: 14381868
	7814  -  MemoryUsage of job (MB)
	8000700  -  ResidentSetSize of job (KB)
...
006 (9560787.000.000) 04/04 00:23:34 Image size of job updated: 14446252
	7814  -  MemoryUsage of job (MB)
	8000700  -  ResidentSetSize of job (KB)
...
006 (9560787.000.000) 04/04 00:28:34 Image size of job updated: 14503380
	7814  -  MemoryUsage of job (MB)
	8000700  -  ResidentSetSize of job (KB)
...
006 (9560787.000.000) 04/04 00:33:35 Image size of job updated: 14564008
	7814  -  MemoryUsage of job (MB)
	8000700  -  ResidentSetSize of job (KB)
...
006 (9560787.000.000) 04/04 00:38:36 Image size of job updated: 14627100
	7814  -  MemoryUsage of job (MB)
	8000700  -  ResidentSetSize of job (KB)
...
006 (9560787.000.000) 04/04 00:43:36 Image size of job updated: 14689800
	7814  -  MemoryUsage of job (MB)
	8000700  -  ResidentSetSize of job (KB)
...
006 (9560787.000.000) 04/04 00:48:37 Image size of job updated: 14751980
	7814  -  MemoryUsage of job (MB)
	8000700  -  ResidentSetSize of job (KB)
...
006 (9560787.000.000) 04/04 00:53:38 Image size of job updated: 14811700
	7814  -  MemoryUsage of job (MB)
	8000700  -  ResidentSetSize of job (KB)
...
006 (9560787.000.000) 04/04 00:58:38 Image size of job updated: 14877248
	7814  -  MemoryUsage of job (MB)
	8000700  -  ResidentSetSize of job (KB)
...
006 (9560787.000.000) 04/04 01:03:38 Image size of job updated: 14938396
	7814  -  MemoryUsage of job (MB)
	8000700  -  ResidentSetSize of job (KB)
...
006 (9560787.000.000) 04/04 01:08:39 Image size of job updated: 15000968
	7814  -  MemoryUsage of job (MB)
	8000700  -  ResidentSetSize of job (KB)
...
006 (9560787.000.000) 04/04 01:13:40 Image size of job updated: 15060820
	7814  -  MemoryUsage of job (MB)
	8000700  -  ResidentSetSize of job (KB)
...
006 (9560787.000.000) 04/04 01:18:40 Image size of job updated: 15127920
	7814  -  MemoryUsage of job (MB)
	8000700  -  ResidentSetSize of job (KB)
...
006 (9560787.000.000) 04/04 01:23:41 Image size of job updated: 15192048
	7814  -  MemoryUsage of job (MB)
	8000700  -  ResidentSetSize of job (KB)
...
006 (9560787.000.000) 04/04 01:28:42 Image size of job updated: 15264284
	7814  -  MemoryUsage of job (MB)
	8000700  -  ResidentSetSize of job (KB)
...
006 (9560787.000.000) 04/04 01:33:42 Image size of job updated: 15334888
	7814  -  MemoryUsage of job (MB)
	8000700  -  ResidentSetSize of job (KB)
...
006 (9560787.000.000) 04/04 01:38:42 Image size of job updated: 15405100
	7814  -  MemoryUsage of job (MB)
	8000700  -  ResidentSetSize of job (KB)
...
006 (9560787.000.000) 04/04 01:43:43 Image size of job updated: 15475700
	7814  -  MemoryUsage of job (MB)
	8000700  -  ResidentSetSize of job (KB)
...
006 (9560787.000.000) 04/04 01:48:44 Image size of job updated: 15543456
	7814  -  MemoryUsage of job (MB)
	8000700  -  ResidentSetSize of job (KB)
...
006 (9560787.000.000) 04/04 01:53:44 Image size of job updated: 15615740
	7814  -  MemoryUsage of job (MB)
	8000700  -  ResidentSetSize of job (KB)
...
006 (9560787.000.000) 04/04 01:58:45 Image size of job updated: 15685564
	7814  -  MemoryUsage of job (MB)
	8000700  -  ResidentSetSize of job (KB)
...
006 (9560787.000.000) 04/04 02:03:46 Image size of job updated: 15744384
	7814  -  MemoryUsage of job (MB)
	8000700  -  ResidentSetSize of job (KB)
...
006 (9560787.000.000) 04/04 02:08:46 Image size of job updated: 15813560
	7814  -  MemoryUsage of job (MB)
	8000700  -  ResidentSetSize of job (KB)
...
006 (9560787.000.000) 04/04 02:13:46 Image size of job updated: 15882996
	7814  -  MemoryUsage of job (MB)
	8000700  -  ResidentSetSize of job (KB)
...
006 (9560787.000.000) 04/04 02:18:47 Image size of job updated: 15950360
	7814  -  MemoryUsage of job (MB)
	8000700  -  ResidentSetSize of job (KB)
...
006 (9560787.000.000) 04/04 02:23:48 Image size of job updated: 16017984
	7814  -  MemoryUsage of job (MB)
	8000700  -  ResidentSetSize of job (KB)
...
006 (9560787.000.000) 04/04 02:28:48 Image size of job updated: 16273256
	7814  -  MemoryUsage of job (MB)
	8000700  -  ResidentSetSize of job (KB)
...
006 (9560787.000.000) 04/04 02:43:50 Image size of job updated: 16850812
	9424  -  MemoryUsage of job (MB)
	9649640  -  ResidentSetSize of job (KB)
...
006 (9560787.000.000) 04/04 02:48:50 Image size of job updated: 17694036
	9424  -  MemoryUsage of job (MB)
	9649640  -  ResidentSetSize of job (KB)
...
006 (9560787.000.000) 04/04 03:13:53 Image size of job updated: 17828064
	9424  -  MemoryUsage of job (MB)
	9649640  -  ResidentSetSize of job (KB)
...
040 (9560787.000.000) 04/04 03:23:10 Started transferring output files
...
040 (9560787.000.000) 04/04 03:23:10 Finished transferring output files
...
005 (9560787.000.000) 04/04 03:23:10 Job terminated.
	(1) Normal termination (return value 0)
		Usr 0 07:29:03, Sys 0 00:04:58  -  Run Remote Usage
		Usr 0 00:00:00, Sys 0 00:00:00  -  Run Local Usage
		Usr 0 07:29:03, Sys 0 00:04:58  -  Total Remote Usage
		Usr 0 00:00:00, Sys 0 00:00:00  -  Total Local Usage
	13969  -  Run Bytes Sent By Job
	238  -  Run Bytes Received By Job
	13969  -  Total Bytes Sent By Job
	238  -  Total Bytes Received By Job
	Partitionable Resources :    Usage  Request Allocated 
	   Cpus                 :     0.34        1         1 
	   Disk (KB)            :  1121           1   1318596 
	   Memory (MB)          :  9424        2000      2000 

	Job terminated of its own accord at 2024-04-04T01:23:09Z.
...
