000 (9560836.000.000) 04/03 16:44:55 Job submitted from host: <137.138.156.150:9618?addrs=137.138.156.150-9618+[2001-1458-d00-14--9a]-9618&alias=bigbird13.cern.ch&noUDP&sock=schedd_5144_ef43>
...
040 (9560836.000.000) 04/03 19:43:06 Started transferring input files
	Transferring to host: <128.142.57.34:9618?addrs=128.142.57.34-9618&alias=b7s02p9579.cern.ch&noUDP&sock=slot1_15_6920_8412_89523>
...
040 (9560836.000.000) 04/03 19:43:06 Finished transferring input files
...
001 (9560836.000.000) 04/03 19:43:07 Job executing on host: <128.142.57.34:9618?addrs=128.142.57.34-9618&alias=b7s02p9579.cern.ch&noUDP&sock=startd_6832_c320>
...
006 (9560836.000.000) 04/03 19:43:15 Image size of job updated: 404400
	195  -  MemoryUsage of job (MB)
	199556  -  ResidentSetSize of job (KB)
...
006 (9560836.000.000) 04/03 19:44:04 Image size of job updated: 5538028
	195  -  MemoryUsage of job (MB)
	199564  -  ResidentSetSize of job (KB)
...
040 (9560836.000.000) 04/03 19:44:04 Started transferring output files
...
040 (9560836.000.000) 04/03 19:44:04 Finished transferring output files
...
005 (9560836.000.000) 04/03 19:44:04 Job terminated.
	(1) Normal termination (return value 1)
		Usr 0 00:00:47, Sys 0 00:00:05  -  Run Remote Usage
		Usr 0 00:00:00, Sys 0 00:00:00  -  Run Local Usage
		Usr 0 00:00:47, Sys 0 00:00:05  -  Total Remote Usage
		Usr 0 00:00:00, Sys 0 00:00:00  -  Total Local Usage
	12865  -  Run Bytes Sent By Job
	238  -  Run Bytes Received By Job
	12865  -  Total Bytes Sent By Job
	238  -  Total Bytes Received By Job
	Partitionable Resources :    Usage  Request Allocated 
	   Cpus                 :                 1         1 
	   Disk (KB)            :       26        1   1326592 
	   Memory (MB)          :      195     2000      2000 

	Job terminated of its own accord at 2024-04-03T17:44:04Z.
...
