000 (9693113.000.000) 04/28 19:24:15 Job submitted from host: <137.138.156.150:9618?addrs=137.138.156.150-9618+[2001-1458-d00-14--9a]-9618&alias=bigbird13.cern.ch&noUDP&sock=schedd_2138_1192>
...
040 (9693113.000.000) 04/28 19:37:36 Started transferring input files
	Transferring to host: <128.142.58.68:9618?addrs=128.142.58.68-9618&alias=b7s03p3124.cern.ch&noUDP&sock=slot1_2_6913_9572_118735>
...
040 (9693113.000.000) 04/28 19:37:36 Finished transferring input files
...
001 (9693113.000.000) 04/28 19:37:37 Job executing on host: <128.142.58.68:9618?addrs=128.142.58.68-9618&alias=b7s03p3124.cern.ch&noUDP&sock=startd_6849_6c3c>
...
006 (9693113.000.000) 04/28 19:37:46 Image size of job updated: 395520
	114  -  MemoryUsage of job (MB)
	116412  -  ResidentSetSize of job (KB)
...
006 (9693113.000.000) 04/28 19:42:47 Image size of job updated: 1210212
	220  -  MemoryUsage of job (MB)
	224468  -  ResidentSetSize of job (KB)
...
006 (9693113.000.000) 04/28 19:47:47 Image size of job updated: 1210980
	220  -  MemoryUsage of job (MB)
	225256  -  ResidentSetSize of job (KB)
...
006 (9693113.000.000) 04/28 19:52:47 Image size of job updated: 1211748
	221  -  MemoryUsage of job (MB)
	225976  -  ResidentSetSize of job (KB)
...
006 (9693113.000.000) 04/28 19:57:48 Image size of job updated: 12784984
	8497  -  MemoryUsage of job (MB)
	8700540  -  ResidentSetSize of job (KB)
...
006 (9693113.000.000) 04/28 20:02:49 Image size of job updated: 12871004
	8555  -  MemoryUsage of job (MB)
	8760276  -  ResidentSetSize of job (KB)
...
006 (9693113.000.000) 04/28 20:07:49 Image size of job updated: 12900956
	8606  -  MemoryUsage of job (MB)
	8812312  -  ResidentSetSize of job (KB)
...
006 (9693113.000.000) 04/28 20:12:49 Image size of job updated: 13022048
	8679  -  MemoryUsage of job (MB)
	8886740  -  ResidentSetSize of job (KB)
...
006 (9693113.000.000) 04/28 20:17:50 Image size of job updated: 13076768
	8760  -  MemoryUsage of job (MB)
	8969832  -  ResidentSetSize of job (KB)
...
006 (9693113.000.000) 04/28 20:22:51 Image size of job updated: 13283716
	8845  -  MemoryUsage of job (MB)
	9056572  -  ResidentSetSize of job (KB)
...
006 (9693113.000.000) 04/28 20:27:51 Image size of job updated: 13346220
	8938  -  MemoryUsage of job (MB)
	9151648  -  ResidentSetSize of job (KB)
...
006 (9693113.000.000) 04/28 20:32:52 Image size of job updated: 13413036
	9028  -  MemoryUsage of job (MB)
	9244536  -  ResidentSetSize of job (KB)
...
006 (9693113.000.000) 04/28 20:37:53 Image size of job updated: 13473600
	9102  -  MemoryUsage of job (MB)
	9320056  -  ResidentSetSize of job (KB)
...
006 (9693113.000.000) 04/28 20:42:53 Image size of job updated: 13538692
	9189  -  MemoryUsage of job (MB)
	9408852  -  ResidentSetSize of job (KB)
...
006 (9693113.000.000) 04/28 20:47:53 Image size of job updated: 13893912
	9276  -  MemoryUsage of job (MB)
	9498044  -  ResidentSetSize of job (KB)
...
006 (9693113.000.000) 04/28 20:52:55 Image size of job updated: 13960984
	9371  -  MemoryUsage of job (MB)
	9595444  -  ResidentSetSize of job (KB)
...
006 (9693113.000.000) 04/28 20:57:55 Image size of job updated: 14028692
	9467  -  MemoryUsage of job (MB)
	9694080  -  ResidentSetSize of job (KB)
...
006 (9693113.000.000) 04/28 21:02:55 Image size of job updated: 14098084
	9565  -  MemoryUsage of job (MB)
	9794388  -  ResidentSetSize of job (KB)
...
006 (9693113.000.000) 04/28 21:07:56 Image size of job updated: 14168820
	9661  -  MemoryUsage of job (MB)
	9892512  -  ResidentSetSize of job (KB)
...
006 (9693113.000.000) 04/28 21:12:57 Image size of job updated: 14233140
	9717  -  MemoryUsage of job (MB)
	9949248  -  ResidentSetSize of job (KB)
...
006 (9693113.000.000) 04/28 21:17:57 Image size of job updated: 14302576
	9815  -  MemoryUsage of job (MB)
	10049824  -  ResidentSetSize of job (KB)
...
006 (9693113.000.000) 04/28 21:22:57 Image size of job updated: 14370652
	9913  -  MemoryUsage of job (MB)
	10150784  -  ResidentSetSize of job (KB)
...
006 (9693113.000.000) 04/28 21:27:58 Image size of job updated: 14439180
	10010  -  MemoryUsage of job (MB)
	10249500  -  ResidentSetSize of job (KB)
...
006 (9693113.000.000) 04/28 21:32:59 Image size of job updated: 14509912
	10010  -  MemoryUsage of job (MB)
	10249500  -  ResidentSetSize of job (KB)
...
006 (9693113.000.000) 04/28 21:37:59 Image size of job updated: 15170084
	10010  -  MemoryUsage of job (MB)
	10249500  -  ResidentSetSize of job (KB)
...
006 (9693113.000.000) 04/28 21:43:00 Image size of job updated: 15237768
	10010  -  MemoryUsage of job (MB)
	10249500  -  ResidentSetSize of job (KB)
...
006 (9693113.000.000) 04/28 21:48:01 Image size of job updated: 15307076
	10010  -  MemoryUsage of job (MB)
	10249500  -  ResidentSetSize of job (KB)
...
006 (9693113.000.000) 04/28 21:53:01 Image size of job updated: 15368024
	10010  -  MemoryUsage of job (MB)
	10249500  -  ResidentSetSize of job (KB)
...
006 (9693113.000.000) 04/28 21:58:01 Image size of job updated: 15430792
	10010  -  MemoryUsage of job (MB)
	10249500  -  ResidentSetSize of job (KB)
...
006 (9693113.000.000) 04/28 22:03:02 Image size of job updated: 15487920
	10010  -  MemoryUsage of job (MB)
	10249500  -  ResidentSetSize of job (KB)
...
006 (9693113.000.000) 04/28 22:08:03 Image size of job updated: 15546412
	10010  -  MemoryUsage of job (MB)
	10249500  -  ResidentSetSize of job (KB)
...
006 (9693113.000.000) 04/28 22:13:03 Image size of job updated: 15604060
	10010  -  MemoryUsage of job (MB)
	10249500  -  ResidentSetSize of job (KB)
...
006 (9693113.000.000) 04/28 22:18:04 Image size of job updated: 15663848
	10010  -  MemoryUsage of job (MB)
	10249500  -  ResidentSetSize of job (KB)
...
006 (9693113.000.000) 04/28 22:23:05 Image size of job updated: 15723500
	10010  -  MemoryUsage of job (MB)
	10249500  -  ResidentSetSize of job (KB)
...
006 (9693113.000.000) 04/28 22:28:05 Image size of job updated: 15787416
	10045  -  MemoryUsage of job (MB)
	10285716  -  ResidentSetSize of job (KB)
...
006 (9693113.000.000) 04/28 22:33:05 Image size of job updated: 15846748
	10137  -  MemoryUsage of job (MB)
	10379336  -  ResidentSetSize of job (KB)
...
006 (9693113.000.000) 04/28 22:38:06 Image size of job updated: 15903232
	10227  -  MemoryUsage of job (MB)
	10471788  -  ResidentSetSize of job (KB)
...
006 (9693113.000.000) 04/28 22:43:06 Image size of job updated: 15966968
	10310  -  MemoryUsage of job (MB)
	10556772  -  ResidentSetSize of job (KB)
...
006 (9693113.000.000) 04/28 22:48:06 Image size of job updated: 16027596
	10399  -  MemoryUsage of job (MB)
	10647660  -  ResidentSetSize of job (KB)
...
006 (9693113.000.000) 04/28 22:53:07 Image size of job updated: 16091848
	10495  -  MemoryUsage of job (MB)
	10746152  -  ResidentSetSize of job (KB)
...
006 (9693113.000.000) 04/28 22:58:08 Image size of job updated: 16154680
	10592  -  MemoryUsage of job (MB)
	10845960  -  ResidentSetSize of job (KB)
...
006 (9693113.000.000) 04/28 23:03:08 Image size of job updated: 16220748
	10686  -  MemoryUsage of job (MB)
	10942100  -  ResidentSetSize of job (KB)
...
006 (9693113.000.000) 04/28 23:08:09 Image size of job updated: 16279560
	10779  -  MemoryUsage of job (MB)
	11036764  -  ResidentSetSize of job (KB)
...
006 (9693113.000.000) 04/28 23:13:10 Image size of job updated: 16333452
	10779  -  MemoryUsage of job (MB)
	11036764  -  ResidentSetSize of job (KB)
...
006 (9693113.000.000) 04/28 23:18:10 Image size of job updated: 16396412
	10779  -  MemoryUsage of job (MB)
	11036764  -  ResidentSetSize of job (KB)
...
006 (9693113.000.000) 04/28 23:23:10 Image size of job updated: 17630860
	10779  -  MemoryUsage of job (MB)
	11036764  -  ResidentSetSize of job (KB)
...
006 (9693113.000.000) 04/28 23:28:11 Image size of job updated: 17685916
	10779  -  MemoryUsage of job (MB)
	11036764  -  ResidentSetSize of job (KB)
...
006 (9693113.000.000) 04/28 23:33:12 Image size of job updated: 17741360
	10779  -  MemoryUsage of job (MB)
	11036764  -  ResidentSetSize of job (KB)
...
006 (9693113.000.000) 04/28 23:38:12 Image size of job updated: 17794864
	10779  -  MemoryUsage of job (MB)
	11036764  -  ResidentSetSize of job (KB)
...
006 (9693113.000.000) 04/28 23:43:13 Image size of job updated: 17847460
	10779  -  MemoryUsage of job (MB)
	11036764  -  ResidentSetSize of job (KB)
...
006 (9693113.000.000) 04/28 23:48:14 Image size of job updated: 17897076
	10779  -  MemoryUsage of job (MB)
	11036764  -  ResidentSetSize of job (KB)
...
006 (9693113.000.000) 04/28 23:53:14 Image size of job updated: 17944232
	10779  -  MemoryUsage of job (MB)
	11036764  -  ResidentSetSize of job (KB)
...
006 (9693113.000.000) 04/28 23:58:14 Image size of job updated: 17993460
	10779  -  MemoryUsage of job (MB)
	11036764  -  ResidentSetSize of job (KB)
...
006 (9693113.000.000) 04/29 00:03:15 Image size of job updated: 18043332
	10779  -  MemoryUsage of job (MB)
	11036764  -  ResidentSetSize of job (KB)
...
006 (9693113.000.000) 04/29 00:08:16 Image size of job updated: 18087248
	10779  -  MemoryUsage of job (MB)
	11036764  -  ResidentSetSize of job (KB)
...
006 (9693113.000.000) 04/29 00:13:16 Image size of job updated: 18137252
	10779  -  MemoryUsage of job (MB)
	11036764  -  ResidentSetSize of job (KB)
...
006 (9693113.000.000) 04/29 00:18:17 Image size of job updated: 18188552
	10779  -  MemoryUsage of job (MB)
	11036764  -  ResidentSetSize of job (KB)
...
006 (9693113.000.000) 04/29 00:23:18 Image size of job updated: 18231952
	10779  -  MemoryUsage of job (MB)
	11036764  -  ResidentSetSize of job (KB)
...
006 (9693113.000.000) 04/29 00:28:18 Image size of job updated: 18283120
	10779  -  MemoryUsage of job (MB)
	11036764  -  ResidentSetSize of job (KB)
...
006 (9693113.000.000) 04/29 00:33:18 Image size of job updated: 18332348
	10779  -  MemoryUsage of job (MB)
	11036764  -  ResidentSetSize of job (KB)
...
006 (9693113.000.000) 04/29 00:38:19 Image size of job updated: 18382096
	10779  -  MemoryUsage of job (MB)
	11036764  -  ResidentSetSize of job (KB)
...
006 (9693113.000.000) 04/29 00:43:19 Image size of job updated: 18426528
	10779  -  MemoryUsage of job (MB)
	11036764  -  ResidentSetSize of job (KB)
...
006 (9693113.000.000) 04/29 00:48:19 Image size of job updated: 18480420
	10779  -  MemoryUsage of job (MB)
	11036764  -  ResidentSetSize of job (KB)
...
006 (9693113.000.000) 04/29 00:53:20 Image size of job updated: 18531852
	10779  -  MemoryUsage of job (MB)
	11036764  -  ResidentSetSize of job (KB)
...
006 (9693113.000.000) 04/29 00:58:21 Image size of job updated: 18582244
	10779  -  MemoryUsage of job (MB)
	11036764  -  ResidentSetSize of job (KB)
...
006 (9693113.000.000) 04/29 01:03:21 Image size of job updated: 18632248
	10779  -  MemoryUsage of job (MB)
	11036764  -  ResidentSetSize of job (KB)
...
006 (9693113.000.000) 04/29 01:08:21 Image size of job updated: 18676940
	10779  -  MemoryUsage of job (MB)
	11036764  -  ResidentSetSize of job (KB)
...
006 (9693113.000.000) 04/29 01:13:22 Image size of job updated: 18726944
	10779  -  MemoryUsage of job (MB)
	11036764  -  ResidentSetSize of job (KB)
...
006 (9693113.000.000) 04/29 01:18:23 Image size of job updated: 18779928
	10779  -  MemoryUsage of job (MB)
	11036764  -  ResidentSetSize of job (KB)
...
006 (9693113.000.000) 04/29 01:23:23 Image size of job updated: 18830452
	10779  -  MemoryUsage of job (MB)
	11036764  -  ResidentSetSize of job (KB)
...
006 (9693113.000.000) 04/29 01:28:23 Image size of job updated: 18881752
	10779  -  MemoryUsage of job (MB)
	11036764  -  ResidentSetSize of job (KB)
...
006 (9693113.000.000) 04/29 01:33:25 Image size of job updated: 18929296
	10779  -  MemoryUsage of job (MB)
	11036764  -  ResidentSetSize of job (KB)
...
006 (9693113.000.000) 04/29 01:38:25 Image size of job updated: 18980076
	10779  -  MemoryUsage of job (MB)
	11036764  -  ResidentSetSize of job (KB)
...
006 (9693113.000.000) 04/29 01:43:25 Image size of job updated: 19031508
	10779  -  MemoryUsage of job (MB)
	11036764  -  ResidentSetSize of job (KB)
...
006 (9693113.000.000) 04/29 01:48:26 Image size of job updated: 19082808
	10779  -  MemoryUsage of job (MB)
	11036764  -  ResidentSetSize of job (KB)
...
006 (9693113.000.000) 04/29 01:53:27 Image size of job updated: 19136568
	10779  -  MemoryUsage of job (MB)
	11036764  -  ResidentSetSize of job (KB)
...
006 (9693113.000.000) 04/29 01:58:27 Image size of job updated: 19191756
	10779  -  MemoryUsage of job (MB)
	11036764  -  ResidentSetSize of job (KB)
...
006 (9693113.000.000) 04/29 02:03:27 Image size of job updated: 19250520
	10779  -  MemoryUsage of job (MB)
	11036764  -  ResidentSetSize of job (KB)
...
006 (9693113.000.000) 04/29 02:08:28 Image size of job updated: 19299360
	10779  -  MemoryUsage of job (MB)
	11036764  -  ResidentSetSize of job (KB)
...
006 (9693113.000.000) 04/29 02:13:29 Image size of job updated: 19355192
	10779  -  MemoryUsage of job (MB)
	11036764  -  ResidentSetSize of job (KB)
...
006 (9693113.000.000) 04/29 02:18:29 Image size of job updated: 19402868
	10779  -  MemoryUsage of job (MB)
	11036764  -  ResidentSetSize of job (KB)
...
006 (9693113.000.000) 04/29 02:23:29 Image size of job updated: 19447176
	10779  -  MemoryUsage of job (MB)
	11036764  -  ResidentSetSize of job (KB)
...
006 (9693113.000.000) 04/29 02:28:30 Image size of job updated: 19500804
	10779  -  MemoryUsage of job (MB)
	11036764  -  ResidentSetSize of job (KB)
...
006 (9693113.000.000) 04/29 02:33:30 Image size of job updated: 19546276
	10779  -  MemoryUsage of job (MB)
	11036764  -  ResidentSetSize of job (KB)
...
006 (9693113.000.000) 04/29 02:38:30 Image size of job updated: 19600812
	10779  -  MemoryUsage of job (MB)
	11036764  -  ResidentSetSize of job (KB)
...
006 (9693113.000.000) 04/29 02:43:31 Image size of job updated: 19645896
	10779  -  MemoryUsage of job (MB)
	11036764  -  ResidentSetSize of job (KB)
...
006 (9693113.000.000) 04/29 02:48:32 Image size of job updated: 19696416
	10779  -  MemoryUsage of job (MB)
	11036764  -  ResidentSetSize of job (KB)
...
006 (9693113.000.000) 04/29 02:53:32 Image size of job updated: 19755620
	10779  -  MemoryUsage of job (MB)
	11036764  -  ResidentSetSize of job (KB)
...
006 (9693113.000.000) 04/29 02:58:33 Image size of job updated: 19803680
	10779  -  MemoryUsage of job (MB)
	11036764  -  ResidentSetSize of job (KB)
...
006 (9693113.000.000) 04/29 03:03:34 Image size of job updated: 19862628
	10779  -  MemoryUsage of job (MB)
	11036764  -  ResidentSetSize of job (KB)
...
006 (9693113.000.000) 04/29 03:08:34 Image size of job updated: 19912628
	10779  -  MemoryUsage of job (MB)
	11036764  -  ResidentSetSize of job (KB)
...
006 (9693113.000.000) 04/29 03:13:34 Image size of job updated: 19969372
	10779  -  MemoryUsage of job (MB)
	11036764  -  ResidentSetSize of job (KB)
...
006 (9693113.000.000) 04/29 03:18:35 Image size of job updated: 20029868
	10779  -  MemoryUsage of job (MB)
	11036764  -  ResidentSetSize of job (KB)
...
006 (9693113.000.000) 04/29 03:23:36 Image size of job updated: 20082076
	10779  -  MemoryUsage of job (MB)
	11036764  -  ResidentSetSize of job (KB)
...
006 (9693113.000.000) 04/29 03:28:36 Image size of job updated: 20141664
	10779  -  MemoryUsage of job (MB)
	11036764  -  ResidentSetSize of job (KB)
...
006 (9693113.000.000) 04/29 03:33:36 Image size of job updated: 22556024
	10779  -  MemoryUsage of job (MB)
	11036764  -  ResidentSetSize of job (KB)
...
006 (9693113.000.000) 04/29 03:38:37 Image size of job updated: 22619756
	10779  -  MemoryUsage of job (MB)
	11036764  -  ResidentSetSize of job (KB)
...
006 (9693113.000.000) 04/29 03:43:38 Image size of job updated: 22683232
	10779  -  MemoryUsage of job (MB)
	11036764  -  ResidentSetSize of job (KB)
...
006 (9693113.000.000) 04/29 03:48:38 Image size of job updated: 22748784
	10779  -  MemoryUsage of job (MB)
	11036764  -  ResidentSetSize of job (KB)
...
006 (9693113.000.000) 04/29 03:53:39 Image size of job updated: 22806948
	10779  -  MemoryUsage of job (MB)
	11036764  -  ResidentSetSize of job (KB)
...
006 (9693113.000.000) 04/29 03:58:40 Image size of job updated: 22874316
	10779  -  MemoryUsage of job (MB)
	11036764  -  ResidentSetSize of job (KB)
...
006 (9693113.000.000) 04/29 04:03:40 Image size of job updated: 22940640
	10779  -  MemoryUsage of job (MB)
	11036764  -  ResidentSetSize of job (KB)
...
006 (9693113.000.000) 04/29 04:08:40 Image size of job updated: 23009300
	10779  -  MemoryUsage of job (MB)
	11036764  -  ResidentSetSize of job (KB)
...
006 (9693113.000.000) 04/29 04:13:42 Image size of job updated: 23076924
	10779  -  MemoryUsage of job (MB)
	11036764  -  ResidentSetSize of job (KB)
...
006 (9693113.000.000) 04/29 04:18:42 Image size of job updated: 23147136
	10779  -  MemoryUsage of job (MB)
	11036764  -  ResidentSetSize of job (KB)
...
006 (9693113.000.000) 04/29 04:23:42 Image size of job updated: 23213072
	10779  -  MemoryUsage of job (MB)
	11036764  -  ResidentSetSize of job (KB)
...
006 (9693113.000.000) 04/29 04:28:42 Image size of job updated: 23282512
	10779  -  MemoryUsage of job (MB)
	11036764  -  ResidentSetSize of job (KB)
...
006 (9693113.000.000) 04/29 04:33:43 Image size of job updated: 23333552
	10779  -  MemoryUsage of job (MB)
	11036764  -  ResidentSetSize of job (KB)
...
006 (9693113.000.000) 04/29 04:38:43 Image size of job updated: 23396512
	10779  -  MemoryUsage of job (MB)
	11036764  -  ResidentSetSize of job (KB)
...
006 (9693113.000.000) 04/29 04:43:43 Image size of job updated: 23447940
	10779  -  MemoryUsage of job (MB)
	11036764  -  ResidentSetSize of job (KB)
...
006 (9693113.000.000) 04/29 04:48:45 Image size of job updated: 23504296
	10779  -  MemoryUsage of job (MB)
	11036764  -  ResidentSetSize of job (KB)
...
006 (9693113.000.000) 04/29 04:53:45 Image size of job updated: 23551060
	10779  -  MemoryUsage of job (MB)
	11036764  -  ResidentSetSize of job (KB)
...
006 (9693113.000.000) 04/29 04:58:45 Image size of job updated: 23605212
	10779  -  MemoryUsage of job (MB)
	11036764  -  ResidentSetSize of job (KB)
...
006 (9693113.000.000) 04/29 05:03:46 Image size of job updated: 23652752
	10779  -  MemoryUsage of job (MB)
	11036764  -  ResidentSetSize of job (KB)
...
006 (9693113.000.000) 04/29 05:08:47 Image size of job updated: 23700684
	10779  -  MemoryUsage of job (MB)
	11036764  -  ResidentSetSize of job (KB)
...
006 (9693113.000.000) 04/29 05:13:47 Image size of job updated: 23756260
	10779  -  MemoryUsage of job (MB)
	11036764  -  ResidentSetSize of job (KB)
...
006 (9693113.000.000) 04/29 05:18:47 Image size of job updated: 23805876
	10779  -  MemoryUsage of job (MB)
	11036764  -  ResidentSetSize of job (KB)
...
006 (9693113.000.000) 04/29 05:24:26 Image size of job updated: 23867668
	10779  -  MemoryUsage of job (MB)
	11036764  -  ResidentSetSize of job (KB)
...
006 (9693113.000.000) 04/29 05:28:49 Image size of job updated: 23930372
	10779  -  MemoryUsage of job (MB)
	11036764  -  ResidentSetSize of job (KB)
...
006 (9693113.000.000) 04/29 05:33:49 Image size of job updated: 23982056
	10779  -  MemoryUsage of job (MB)
	11036764  -  ResidentSetSize of job (KB)
...
006 (9693113.000.000) 04/29 05:38:50 Image size of job updated: 24045148
	10779  -  MemoryUsage of job (MB)
	11036764  -  ResidentSetSize of job (KB)
...
006 (9693113.000.000) 04/29 05:43:51 Image size of job updated: 24112380
	10779  -  MemoryUsage of job (MB)
	11036764  -  ResidentSetSize of job (KB)
...
006 (9693113.000.000) 04/29 05:48:51 Image size of job updated: 24178316
	10779  -  MemoryUsage of job (MB)
	11036764  -  ResidentSetSize of job (KB)
...
006 (9693113.000.000) 04/29 05:53:51 Image size of job updated: 24235840
	10779  -  MemoryUsage of job (MB)
	11036764  -  ResidentSetSize of job (KB)
...
006 (9693113.000.000) 04/29 05:58:52 Image size of job updated: 24298796
	10779  -  MemoryUsage of job (MB)
	11036764  -  ResidentSetSize of job (KB)
...
006 (9693113.000.000) 04/29 06:03:53 Image size of job updated: 24635868
	10779  -  MemoryUsage of job (MB)
	11036764  -  ResidentSetSize of job (KB)
...
006 (9693113.000.000) 04/29 06:08:53 Image size of job updated: 24635868
	12423  -  MemoryUsage of job (MB)
	12721012  -  ResidentSetSize of job (KB)
...
006 (9693113.000.000) 04/29 06:13:54 Image size of job updated: 24635868
	13388  -  MemoryUsage of job (MB)
	13709012  -  ResidentSetSize of job (KB)
...
006 (9693113.000.000) 04/29 06:18:55 Image size of job updated: 24635868
	14846  -  MemoryUsage of job (MB)
	15201944  -  ResidentSetSize of job (KB)
...
006 (9693113.000.000) 04/29 06:23:55 Image size of job updated: 24635868
	15929  -  MemoryUsage of job (MB)
	16310920  -  ResidentSetSize of job (KB)
...
006 (9693113.000.000) 04/29 06:28:55 Image size of job updated: 25148040
	17855  -  MemoryUsage of job (MB)
	18283168  -  ResidentSetSize of job (KB)
...
006 (9693113.000.000) 04/29 06:33:56 Image size of job updated: 25767932
	17855  -  MemoryUsage of job (MB)
	18283168  -  ResidentSetSize of job (KB)
...
040 (9693113.000.000) 04/29 07:30:53 Started transferring output files
...
040 (9693113.000.000) 04/29 07:30:53 Finished transferring output files
...
005 (9693113.000.000) 04/29 07:30:53 Job terminated.
	(1) Normal termination (return value 0)
		Usr 0 11:21:31, Sys 0 00:08:45  -  Run Remote Usage
		Usr 0 00:00:00, Sys 0 00:00:00  -  Run Local Usage
		Usr 0 11:21:31, Sys 0 00:08:45  -  Total Remote Usage
		Usr 0 00:00:00, Sys 0 00:00:00  -  Total Local Usage
	10308  -  Run Bytes Sent By Job
	226  -  Run Bytes Received By Job
	10308  -  Total Bytes Sent By Job
	226  -  Total Bytes Received By Job
	Partitionable Resources :    Usage  Request Allocated 
	   Cpus                 :     1.00        1         1 
	   Disk (KB)            :  5853           1   1375840 
	   Memory (MB)          : 17855        2000      2000 

	Job terminated of its own accord at 2024-04-29T05:30:53Z.
...
