000 (9693088.000.000) 04/28 19:23:43 Job submitted from host: <137.138.156.150:9618?addrs=137.138.156.150-9618+[2001-1458-d00-14--9a]-9618&alias=bigbird13.cern.ch&noUDP&sock=schedd_2138_1192>
...
040 (9693088.000.000) 04/28 19:37:28 Started transferring input files
	Transferring to host: <128.142.56.67:9618?addrs=128.142.56.67-9618&alias=b7s01p2130.cern.ch&noUDP&sock=slot1_16_7000_e216_119656>
...
040 (9693088.000.000) 04/28 19:37:28 Finished transferring input files
...
001 (9693088.000.000) 04/28 19:37:29 Job executing on host: <128.142.56.67:9618?addrs=128.142.56.67-9618&alias=b7s01p2130.cern.ch&noUDP&sock=startd_6936_18f9>
...
006 (9693088.000.000) 04/28 19:37:37 Image size of job updated: 66276
	28  -  MemoryUsage of job (MB)
	28220  -  ResidentSetSize of job (KB)
...
006 (9693088.000.000) 04/28 19:42:37 Image size of job updated: 1209952
	220  -  MemoryUsage of job (MB)
	224388  -  ResidentSetSize of job (KB)
...
006 (9693088.000.000) 04/28 19:47:38 Image size of job updated: 1210976
	220  -  MemoryUsage of job (MB)
	225240  -  ResidentSetSize of job (KB)
...
006 (9693088.000.000) 04/28 19:52:38 Image size of job updated: 1211488
	221  -  MemoryUsage of job (MB)
	225964  -  ResidentSetSize of job (KB)
...
006 (9693088.000.000) 04/28 19:57:38 Image size of job updated: 12720096
	8466  -  MemoryUsage of job (MB)
	8668264  -  ResidentSetSize of job (KB)
...
006 (9693088.000.000) 04/28 20:02:39 Image size of job updated: 12776932
	8520  -  MemoryUsage of job (MB)
	8724460  -  ResidentSetSize of job (KB)
...
006 (9693088.000.000) 04/28 20:07:40 Image size of job updated: 12869592
	8605  -  MemoryUsage of job (MB)
	8810608  -  ResidentSetSize of job (KB)
...
006 (9693088.000.000) 04/28 20:12:40 Image size of job updated: 13008564
	8698  -  MemoryUsage of job (MB)
	8905784  -  ResidentSetSize of job (KB)
...
006 (9693088.000.000) 04/28 20:17:40 Image size of job updated: 13073924
	8788  -  MemoryUsage of job (MB)
	8998536  -  ResidentSetSize of job (KB)
...
006 (9693088.000.000) 04/28 20:22:41 Image size of job updated: 13280100
	8874  -  MemoryUsage of job (MB)
	9086216  -  ResidentSetSize of job (KB)
...
006 (9693088.000.000) 04/28 20:27:42 Image size of job updated: 13338816
	8957  -  MemoryUsage of job (MB)
	9171524  -  ResidentSetSize of job (KB)
...
006 (9693088.000.000) 04/28 20:32:42 Image size of job updated: 13397920
	9042  -  MemoryUsage of job (MB)
	9258240  -  ResidentSetSize of job (KB)
...
006 (9693088.000.000) 04/28 20:37:42 Image size of job updated: 13458740
	9127  -  MemoryUsage of job (MB)
	9345436  -  ResidentSetSize of job (KB)
...
006 (9693088.000.000) 04/28 20:42:43 Image size of job updated: 13517588
	9211  -  MemoryUsage of job (MB)
	9432028  -  ResidentSetSize of job (KB)
...
006 (9693088.000.000) 04/28 20:47:43 Image size of job updated: 13578540
	9298  -  MemoryUsage of job (MB)
	9520436  -  ResidentSetSize of job (KB)
...
006 (9693088.000.000) 04/28 20:52:43 Image size of job updated: 13933724
	9384  -  MemoryUsage of job (MB)
	9609020  -  ResidentSetSize of job (KB)
...
006 (9693088.000.000) 04/28 20:57:44 Image size of job updated: 13992820
	9469  -  MemoryUsage of job (MB)
	9695700  -  ResidentSetSize of job (KB)
...
006 (9693088.000.000) 04/28 21:02:45 Image size of job updated: 14059232
	9560  -  MemoryUsage of job (MB)
	9789164  -  ResidentSetSize of job (KB)
...
006 (9693088.000.000) 04/28 21:07:45 Image size of job updated: 14118176
	9646  -  MemoryUsage of job (MB)
	9876816  -  ResidentSetSize of job (KB)
...
006 (9693088.000.000) 04/28 21:12:46 Image size of job updated: 14171548
	9722  -  MemoryUsage of job (MB)
	9954372  -  ResidentSetSize of job (KB)
...
006 (9693088.000.000) 04/28 21:17:47 Image size of job updated: 14229520
	9802  -  MemoryUsage of job (MB)
	10036644  -  ResidentSetSize of job (KB)
...
006 (9693088.000.000) 04/28 21:22:47 Image size of job updated: 14278292
	9873  -  MemoryUsage of job (MB)
	10109072  -  ResidentSetSize of job (KB)
...
006 (9693088.000.000) 04/28 21:27:47 Image size of job updated: 14326744
	9941  -  MemoryUsage of job (MB)
	10179536  -  ResidentSetSize of job (KB)
...
006 (9693088.000.000) 04/28 21:32:48 Image size of job updated: 14373448
	10009  -  MemoryUsage of job (MB)
	10248524  -  ResidentSetSize of job (KB)
...
006 (9693088.000.000) 04/28 21:37:48 Image size of job updated: 14419372
	10075  -  MemoryUsage of job (MB)
	10315904  -  ResidentSetSize of job (KB)
...
006 (9693088.000.000) 04/28 21:42:48 Image size of job updated: 14465940
	10141  -  MemoryUsage of job (MB)
	10383832  -  ResidentSetSize of job (KB)
...
006 (9693088.000.000) 04/28 21:47:49 Image size of job updated: 14515944
	10210  -  MemoryUsage of job (MB)
	10454160  -  ResidentSetSize of job (KB)
...
006 (9693088.000.000) 04/28 21:52:50 Image size of job updated: 15150400
	10274  -  MemoryUsage of job (MB)
	10519960  -  ResidentSetSize of job (KB)
...
006 (9693088.000.000) 04/28 21:57:50 Image size of job updated: 15195284
	10338  -  MemoryUsage of job (MB)
	10585412  -  ResidentSetSize of job (KB)
...
006 (9693088.000.000) 04/28 22:02:50 Image size of job updated: 15242116
	10405  -  MemoryUsage of job (MB)
	10654444  -  ResidentSetSize of job (KB)
...
006 (9693088.000.000) 04/28 22:07:51 Image size of job updated: 15287524
	10470  -  MemoryUsage of job (MB)
	10720588  -  ResidentSetSize of job (KB)
...
006 (9693088.000.000) 04/28 22:12:51 Image size of job updated: 15333060
	10535  -  MemoryUsage of job (MB)
	10787400  -  ResidentSetSize of job (KB)
...
006 (9693088.000.000) 04/28 22:17:51 Image size of job updated: 15377556
	10601  -  MemoryUsage of job (MB)
	10854948  -  ResidentSetSize of job (KB)
...
006 (9693088.000.000) 04/28 22:22:52 Image size of job updated: 15426264
	10668  -  MemoryUsage of job (MB)
	10923516  -  ResidentSetSize of job (KB)
...
006 (9693088.000.000) 04/28 22:27:52 Image size of job updated: 15475172
	10740  -  MemoryUsage of job (MB)
	10996972  -  ResidentSetSize of job (KB)
...
006 (9693088.000.000) 04/28 22:32:52 Image size of job updated: 15525564
	10810  -  MemoryUsage of job (MB)
	11068512  -  ResidentSetSize of job (KB)
...
006 (9693088.000.000) 04/28 22:37:53 Image size of job updated: 15575244
	10882  -  MemoryUsage of job (MB)
	11143148  -  ResidentSetSize of job (KB)
...
006 (9693088.000.000) 04/28 22:42:54 Image size of job updated: 15624860
	10951  -  MemoryUsage of job (MB)
	11213540  -  ResidentSetSize of job (KB)
...
006 (9693088.000.000) 04/28 22:47:54 Image size of job updated: 15676936
	11024  -  MemoryUsage of job (MB)
	11288556  -  ResidentSetSize of job (KB)
...
006 (9693088.000.000) 04/28 22:52:55 Image size of job updated: 15730828
	11101  -  MemoryUsage of job (MB)
	11366672  -  ResidentSetSize of job (KB)
...
006 (9693088.000.000) 04/28 22:57:56 Image size of job updated: 15780172
	11172  -  MemoryUsage of job (MB)
	11439592  -  ResidentSetSize of job (KB)
...
006 (9693088.000.000) 04/28 23:02:56 Image size of job updated: 15833544
	11248  -  MemoryUsage of job (MB)
	11517144  -  ResidentSetSize of job (KB)
...
006 (9693088.000.000) 04/28 23:07:56 Image size of job updated: 15885752
	11325  -  MemoryUsage of job (MB)
	11596328  -  ResidentSetSize of job (KB)
...
006 (9693088.000.000) 04/28 23:12:58 Image size of job updated: 15937052
	11396  -  MemoryUsage of job (MB)
	11668704  -  ResidentSetSize of job (KB)
...
006 (9693088.000.000) 04/28 23:17:58 Image size of job updated: 15986536
	11464  -  MemoryUsage of job (MB)
	11738620  -  ResidentSetSize of job (KB)
...
006 (9693088.000.000) 04/28 23:22:58 Image size of job updated: 16037316
	11535  -  MemoryUsage of job (MB)
	11811788  -  ResidentSetSize of job (KB)
...
006 (9693088.000.000) 04/28 23:27:59 Image size of job updated: 16083308
	11605  -  MemoryUsage of job (MB)
	11883116  -  ResidentSetSize of job (KB)
...
006 (9693088.000.000) 04/28 23:33:00 Image size of job updated: 16133832
	11676  -  MemoryUsage of job (MB)
	11955832  -  ResidentSetSize of job (KB)
...
006 (9693088.000.000) 04/28 23:38:00 Image size of job updated: 16186296
	11750  -  MemoryUsage of job (MB)
	12031512  -  ResidentSetSize of job (KB)
...
006 (9693088.000.000) 04/28 23:43:00 Image size of job updated: 16240576
	11828  -  MemoryUsage of job (MB)
	12111052  -  ResidentSetSize of job (KB)
...
006 (9693088.000.000) 04/28 23:48:01 Image size of job updated: 16293560
	11903  -  MemoryUsage of job (MB)
	12188480  -  ResidentSetSize of job (KB)
...
006 (9693088.000.000) 04/28 23:53:01 Image size of job updated: 16348228
	11981  -  MemoryUsage of job (MB)
	12267764  -  ResidentSetSize of job (KB)
...
006 (9693088.000.000) 04/28 23:58:01 Image size of job updated: 16402120
	12058  -  MemoryUsage of job (MB)
	12346372  -  ResidentSetSize of job (KB)
...
006 (9693088.000.000) 04/29 00:03:02 Image size of job updated: 17636568
	12136  -  MemoryUsage of job (MB)
	12426884  -  ResidentSetSize of job (KB)
...
006 (9693088.000.000) 04/29 00:08:03 Image size of job updated: 17691236
	12214  -  MemoryUsage of job (MB)
	12506776  -  ResidentSetSize of job (KB)
...
006 (9693088.000.000) 04/29 00:13:03 Image size of job updated: 17746680
	12294  -  MemoryUsage of job (MB)
	12588836  -  ResidentSetSize of job (KB)
...
006 (9693088.000.000) 04/29 00:18:03 Image size of job updated: 17813528
	12388  -  MemoryUsage of job (MB)
	12684352  -  ResidentSetSize of job (KB)
...
006 (9693088.000.000) 04/29 00:23:05 Image size of job updated: 17880372
	12481  -  MemoryUsage of job (MB)
	12779740  -  ResidentSetSize of job (KB)
...
006 (9693088.000.000) 04/29 00:28:05 Image size of job updated: 17939316
	12567  -  MemoryUsage of job (MB)
	12867748  -  ResidentSetSize of job (KB)
...
006 (9693088.000.000) 04/29 00:33:05 Image size of job updated: 17995800
	12648  -  MemoryUsage of job (MB)
	12951032  -  ResidentSetSize of job (KB)
...
006 (9693088.000.000) 04/29 00:38:06 Image size of job updated: 18049040
	12724  -  MemoryUsage of job (MB)
	13028488  -  ResidentSetSize of job (KB)
...
006 (9693088.000.000) 04/29 00:43:07 Image size of job updated: 18101636
	12798  -  MemoryUsage of job (MB)
	13104804  -  ResidentSetSize of job (KB)
...
006 (9693088.000.000) 04/29 00:48:07 Image size of job updated: 18155528
	12875  -  MemoryUsage of job (MB)
	13183272  -  ResidentSetSize of job (KB)
...
006 (9693088.000.000) 04/29 00:53:07 Image size of job updated: 18208124
	12949  -  MemoryUsage of job (MB)
	13259736  -  ResidentSetSize of job (KB)
...
006 (9693088.000.000) 04/29 00:58:09 Image size of job updated: 18259424
	13022  -  MemoryUsage of job (MB)
	13334164  -  ResidentSetSize of job (KB)
...
006 (9693088.000.000) 04/29 01:03:09 Image size of job updated: 18312408
	13097  -  MemoryUsage of job (MB)
	13410788  -  ResidentSetSize of job (KB)
...
006 (9693088.000.000) 04/29 01:08:09 Image size of job updated: 18366300
	13174  -  MemoryUsage of job (MB)
	13489960  -  ResidentSetSize of job (KB)
...
006 (9693088.000.000) 04/29 01:13:10 Image size of job updated: 18418376
	13247  -  MemoryUsage of job (MB)
	13564684  -  ResidentSetSize of job (KB)
...
006 (9693088.000.000) 04/29 01:18:11 Image size of job updated: 18470452
	13320  -  MemoryUsage of job (MB)
	13638760  -  ResidentSetSize of job (KB)
...
006 (9693088.000.000) 04/29 01:23:11 Image size of job updated: 18521884
	13392  -  MemoryUsage of job (MB)
	13712520  -  ResidentSetSize of job (KB)
...
006 (9693088.000.000) 04/29 01:28:12 Image size of job updated: 18569040
	13464  -  MemoryUsage of job (MB)
	13786588  -  ResidentSetSize of job (KB)
...
006 (9693088.000.000) 04/29 01:33:13 Image size of job updated: 18620728
	13536  -  MemoryUsage of job (MB)
	13860624  -  ResidentSetSize of job (KB)
...
006 (9693088.000.000) 04/29 01:38:13 Image size of job updated: 18672416
	13609  -  MemoryUsage of job (MB)
	13935380  -  ResidentSetSize of job (KB)
...
006 (9693088.000.000) 04/29 01:43:13 Image size of job updated: 18725012
	13683  -  MemoryUsage of job (MB)
	14011312  -  ResidentSetSize of job (KB)
...
006 (9693088.000.000) 04/29 01:48:14 Image size of job updated: 18777608
	13758  -  MemoryUsage of job (MB)
	14087876  -  ResidentSetSize of job (KB)
...
006 (9693088.000.000) 04/29 01:53:15 Image size of job updated: 18830204
	13832  -  MemoryUsage of job (MB)
	14163492  -  ResidentSetSize of job (KB)
...
006 (9693088.000.000) 04/29 01:58:15 Image size of job updated: 18881116
	13907  -  MemoryUsage of job (MB)
	14240044  -  ResidentSetSize of job (KB)
...
006 (9693088.000.000) 04/29 02:03:16 Image size of job updated: 18935264
	13985  -  MemoryUsage of job (MB)
	14320044  -  ResidentSetSize of job (KB)
...
006 (9693088.000.000) 04/29 02:08:17 Image size of job updated: 18998352
	14078  -  MemoryUsage of job (MB)
	14415684  -  ResidentSetSize of job (KB)
...
006 (9693088.000.000) 04/29 02:13:17 Image size of job updated: 19051856
	14153  -  MemoryUsage of job (MB)
	14492360  -  ResidentSetSize of job (KB)
...
006 (9693088.000.000) 04/29 02:18:17 Image size of job updated: 19105748
	14230  -  MemoryUsage of job (MB)
	14571500  -  ResidentSetSize of job (KB)
...
006 (9693088.000.000) 04/29 02:23:18 Image size of job updated: 19159508
	14307  -  MemoryUsage of job (MB)
	14649464  -  ResidentSetSize of job (KB)
...
006 (9693088.000.000) 04/29 02:28:18 Image size of job updated: 19219616
	14388  -  MemoryUsage of job (MB)
	14732372  -  ResidentSetSize of job (KB)
...
006 (9693088.000.000) 04/29 02:33:18 Image size of job updated: 19280064
	14469  -  MemoryUsage of job (MB)
	14816212  -  ResidentSetSize of job (KB)
...
006 (9693088.000.000) 04/29 02:38:19 Image size of job updated: 19334476
	14555  -  MemoryUsage of job (MB)
	14903696  -  ResidentSetSize of job (KB)
...
006 (9693088.000.000) 04/29 02:43:20 Image size of job updated: 19395492
	14637  -  MemoryUsage of job (MB)
	14987452  -  ResidentSetSize of job (KB)
...
006 (9693088.000.000) 04/29 02:48:20 Image size of job updated: 19458840
	14722  -  MemoryUsage of job (MB)
	15075244  -  ResidentSetSize of job (KB)
...
006 (9693088.000.000) 04/29 02:53:21 Image size of job updated: 19512860
	14807  -  MemoryUsage of job (MB)
	15162004  -  ResidentSetSize of job (KB)
...
006 (9693088.000.000) 04/29 02:58:22 Image size of job updated: 19575432
	14892  -  MemoryUsage of job (MB)
	15248556  -  ResidentSetSize of job (KB)
...
006 (9693088.000.000) 04/29 03:03:22 Image size of job updated: 19640204
	14981  -  MemoryUsage of job (MB)
	15340176  -  ResidentSetSize of job (KB)
...
006 (9693088.000.000) 04/29 03:08:22 Image size of job updated: 19704456
	15070  -  MemoryUsage of job (MB)
	15430676  -  ResidentSetSize of job (KB)
...
006 (9693088.000.000) 04/29 03:13:23 Image size of job updated: 19760940
	15159  -  MemoryUsage of job (MB)
	15522212  -  ResidentSetSize of job (KB)
...
006 (9693088.000.000) 04/29 03:18:24 Image size of job updated: 19827008
	15251  -  MemoryUsage of job (MB)
	15616020  -  ResidentSetSize of job (KB)
...
006 (9693088.000.000) 04/29 03:23:24 Image size of job updated: 19890876
	15338  -  MemoryUsage of job (MB)
	15705372  -  ResidentSetSize of job (KB)
...
006 (9693088.000.000) 04/29 03:28:25 Image size of job updated: 19955648
	15427  -  MemoryUsage of job (MB)
	15797128  -  ResidentSetSize of job (KB)
...
006 (9693088.000.000) 04/29 03:33:26 Image size of job updated: 20013428
	15523  -  MemoryUsage of job (MB)
	15894676  -  ResidentSetSize of job (KB)
...
006 (9693088.000.000) 04/29 03:38:26 Image size of job updated: 20084804
	15620  -  MemoryUsage of job (MB)
	15994008  -  ResidentSetSize of job (KB)
...
006 (9693088.000.000) 04/29 03:43:26 Image size of job updated: 20149964
	15714  -  MemoryUsage of job (MB)
	16090788  -  ResidentSetSize of job (KB)
...
006 (9693088.000.000) 04/29 03:48:27 Image size of job updated: 22577404
	15810  -  MemoryUsage of job (MB)
	16188672  -  ResidentSetSize of job (KB)
...
006 (9693088.000.000) 04/29 03:53:28 Image size of job updated: 22645544
	15906  -  MemoryUsage of job (MB)
	16286816  -  ResidentSetSize of job (KB)
...
006 (9693088.000.000) 04/29 03:58:28 Image size of job updated: 22713684
	16001  -  MemoryUsage of job (MB)
	16384144  -  ResidentSetSize of job (KB)
...
006 (9693088.000.000) 04/29 04:03:28 Image size of job updated: 22781696
	16096  -  MemoryUsage of job (MB)
	16481556  -  ResidentSetSize of job (KB)
...
006 (9693088.000.000) 04/29 04:08:29 Image size of job updated: 22851908
	16192  -  MemoryUsage of job (MB)
	16579744  -  ResidentSetSize of job (KB)
...
006 (9693088.000.000) 04/29 04:13:29 Image size of job updated: 22907616
	16282  -  MemoryUsage of job (MB)
	16672336  -  ResidentSetSize of job (KB)
...
006 (9693088.000.000) 04/29 04:18:29 Image size of job updated: 22972000
	16370  -  MemoryUsage of job (MB)
	16762736  -  ResidentSetSize of job (KB)
...
006 (9693088.000.000) 04/29 04:23:30 Image size of job updated: 23037160
	16461  -  MemoryUsage of job (MB)
	16855724  -  ResidentSetSize of job (KB)
...
006 (9693088.000.000) 04/29 04:28:31 Image size of job updated: 23103876
	16554  -  MemoryUsage of job (MB)
	16950688  -  ResidentSetSize of job (KB)
...
006 (9693088.000.000) 04/29 04:33:31 Image size of job updated: 23162172
	16646  -  MemoryUsage of job (MB)
	17044792  -  ResidentSetSize of job (KB)
...
006 (9693088.000.000) 04/29 04:38:31 Image size of job updated: 23231480
	16743  -  MemoryUsage of job (MB)
	17143912  -  ResidentSetSize of job (KB)
...
006 (9693088.000.000) 04/29 04:43:33 Image size of job updated: 23299752
	16839  -  MemoryUsage of job (MB)
	17242532  -  ResidentSetSize of job (KB)
...
006 (9693088.000.000) 04/29 04:48:33 Image size of job updated: 23368668
	16936  -  MemoryUsage of job (MB)
	17342132  -  ResidentSetSize of job (KB)
...
006 (9693088.000.000) 04/29 04:53:33 Image size of job updated: 23437588
	17033  -  MemoryUsage of job (MB)
	17440968  -  ResidentSetSize of job (KB)
...
006 (9693088.000.000) 04/29 04:58:34 Image size of job updated: 23505340
	17128  -  MemoryUsage of job (MB)
	17538636  -  ResidentSetSize of job (KB)
...
006 (9693088.000.000) 04/29 05:03:35 Image size of job updated: 23572572
	17222  -  MemoryUsage of job (MB)
	17634692  -  ResidentSetSize of job (KB)
...
006 (9693088.000.000) 04/29 05:08:35 Image size of job updated: 23638512
	17313  -  MemoryUsage of job (MB)
	17727840  -  ResidentSetSize of job (KB)
...
006 (9693088.000.000) 04/29 05:13:35 Image size of job updated: 23696292
	17405  -  MemoryUsage of job (MB)
	17821724  -  ResidentSetSize of job (KB)
...
006 (9693088.000.000) 04/29 05:18:36 Image size of job updated: 23764432
	17500  -  MemoryUsage of job (MB)
	17919328  -  ResidentSetSize of job (KB)
...
006 (9693088.000.000) 04/29 05:24:14 Image size of job updated: 23833348
	17597  -  MemoryUsage of job (MB)
	18018372  -  ResidentSetSize of job (KB)
...
006 (9693088.000.000) 04/29 05:28:36 Image size of job updated: 23902012
	17693  -  MemoryUsage of job (MB)
	18117080  -  ResidentSetSize of job (KB)
...
006 (9693088.000.000) 04/29 05:33:37 Image size of job updated: 23970408
	17789  -  MemoryUsage of job (MB)
	18215560  -  ResidentSetSize of job (KB)
...
006 (9693088.000.000) 04/29 05:38:37 Image size of job updated: 24038936
	17885  -  MemoryUsage of job (MB)
	18314192  -  ResidentSetSize of job (KB)
...
006 (9693088.000.000) 04/29 05:43:37 Image size of job updated: 24107080
	17981  -  MemoryUsage of job (MB)
	18411820  -  ResidentSetSize of job (KB)
...
006 (9693088.000.000) 04/29 05:48:38 Image size of job updated: 24163304
	18069  -  MemoryUsage of job (MB)
	18502440  -  ResidentSetSize of job (KB)
...
006 (9693088.000.000) 04/29 05:53:39 Image size of job updated: 24222896
	18149  -  MemoryUsage of job (MB)
	18584184  -  ResidentSetSize of job (KB)
...
006 (9693088.000.000) 04/29 05:58:39 Image size of job updated: 24281188
	18229  -  MemoryUsage of job (MB)
	18666428  -  ResidentSetSize of job (KB)
...
006 (9693088.000.000) 04/29 06:03:40 Image size of job updated: 24331712
	18308  -  MemoryUsage of job (MB)
	18746796  -  ResidentSetSize of job (KB)
...
006 (9693088.000.000) 04/29 06:08:41 Image size of job updated: 24628208
	18308  -  MemoryUsage of job (MB)
	18746796  -  ResidentSetSize of job (KB)
...
006 (9693088.000.000) 04/29 06:23:42 Image size of job updated: 24628208
	18976  -  MemoryUsage of job (MB)
	19430404  -  ResidentSetSize of job (KB)
...
006 (9693088.000.000) 04/29 06:28:42 Image size of job updated: 25280060
	21571  -  MemoryUsage of job (MB)
	22088476  -  ResidentSetSize of job (KB)
...
006 (9693088.000.000) 04/29 06:33:42 Image size of job updated: 25903480
	21571  -  MemoryUsage of job (MB)
	22088476  -  ResidentSetSize of job (KB)
...
040 (9693088.000.000) 04/29 07:12:04 Started transferring output files
...
040 (9693088.000.000) 04/29 07:12:04 Finished transferring output files
...
005 (9693088.000.000) 04/29 07:12:04 Job terminated.
	(1) Normal termination (return value 0)
		Usr 0 11:07:37, Sys 0 00:08:46  -  Run Remote Usage
		Usr 0 00:00:00, Sys 0 00:00:00  -  Run Local Usage
		Usr 0 11:07:37, Sys 0 00:08:46  -  Total Remote Usage
		Usr 0 00:00:00, Sys 0 00:00:00  -  Total Local Usage
	10289  -  Run Bytes Sent By Job
	226  -  Run Bytes Received By Job
	10289  -  Total Bytes Sent By Job
	226  -  Total Bytes Received By Job
	Partitionable Resources :    Usage  Request Allocated 
	   Cpus                 :     1.00        1         1 
	   Disk (KB)            :  1164           1   1335254 
	   Memory (MB)          : 21571        2000      2000 

	Job terminated of its own accord at 2024-04-29T05:12:04Z.
...
