000 (9693093.000.000) 04/28 19:23:51 Job submitted from host: <137.138.156.150:9618?addrs=137.138.156.150-9618+[2001-1458-d00-14--9a]-9618&alias=bigbird13.cern.ch&noUDP&sock=schedd_2138_1192>
...
040 (9693093.000.000) 04/28 19:37:30 Started transferring input files
	Transferring to host: <128.142.56.143:9618?addrs=128.142.56.143-9618&alias=b7s01p7537.cern.ch&noUDP&sock=slot1_10_6910_7852_117969>
...
040 (9693093.000.000) 04/28 19:37:30 Finished transferring input files
...
001 (9693093.000.000) 04/28 19:37:31 Job executing on host: <128.142.56.143:9618?addrs=128.142.56.143-9618&alias=b7s01p7537.cern.ch&noUDP&sock=startd_6846_5d73>
...
006 (9693093.000.000) 04/28 19:37:40 Image size of job updated: 300960
	87  -  MemoryUsage of job (MB)
	88476  -  ResidentSetSize of job (KB)
...
006 (9693093.000.000) 04/28 19:42:41 Image size of job updated: 1210208
	220  -  MemoryUsage of job (MB)
	224452  -  ResidentSetSize of job (KB)
...
006 (9693093.000.000) 04/28 19:47:41 Image size of job updated: 1210976
	220  -  MemoryUsage of job (MB)
	225244  -  ResidentSetSize of job (KB)
...
006 (9693093.000.000) 04/28 19:52:41 Image size of job updated: 1211744
	221  -  MemoryUsage of job (MB)
	225972  -  ResidentSetSize of job (KB)
...
006 (9693093.000.000) 04/28 19:57:42 Image size of job updated: 12778908
	3246  -  MemoryUsage of job (MB)
	3323440  -  ResidentSetSize of job (KB)
...
006 (9693093.000.000) 04/28 20:02:43 Image size of job updated: 12809628
	3246  -  MemoryUsage of job (MB)
	3323440  -  ResidentSetSize of job (KB)
...
006 (9693093.000.000) 04/28 20:07:43 Image size of job updated: 12894368
	3246  -  MemoryUsage of job (MB)
	3323440  -  ResidentSetSize of job (KB)
...
006 (9693093.000.000) 04/28 20:12:43 Image size of job updated: 13018276
	3246  -  MemoryUsage of job (MB)
	3323440  -  ResidentSetSize of job (KB)
...
006 (9693093.000.000) 04/28 20:17:44 Image size of job updated: 13078776
	3246  -  MemoryUsage of job (MB)
	3323440  -  ResidentSetSize of job (KB)
...
006 (9693093.000.000) 04/28 20:22:44 Image size of job updated: 13297220
	3246  -  MemoryUsage of job (MB)
	3323440  -  ResidentSetSize of job (KB)
...
006 (9693093.000.000) 04/28 20:27:44 Image size of job updated: 13356460
	3246  -  MemoryUsage of job (MB)
	3323440  -  ResidentSetSize of job (KB)
...
006 (9693093.000.000) 04/28 20:32:45 Image size of job updated: 13421848
	3246  -  MemoryUsage of job (MB)
	3323440  -  ResidentSetSize of job (KB)
...
006 (9693093.000.000) 04/28 20:37:46 Image size of job updated: 13486164
	3246  -  MemoryUsage of job (MB)
	3323440  -  ResidentSetSize of job (KB)
...
006 (9693093.000.000) 04/28 20:42:46 Image size of job updated: 13553236
	3246  -  MemoryUsage of job (MB)
	3323440  -  ResidentSetSize of job (KB)
...
006 (9693093.000.000) 04/28 20:47:47 Image size of job updated: 13915740
	3246  -  MemoryUsage of job (MB)
	3323440  -  ResidentSetSize of job (KB)
...
006 (9693093.000.000) 04/28 20:52:48 Image size of job updated: 13981900
	3246  -  MemoryUsage of job (MB)
	3323440  -  ResidentSetSize of job (KB)
...
006 (9693093.000.000) 04/28 20:57:48 Image size of job updated: 14045784
	3246  -  MemoryUsage of job (MB)
	3323440  -  ResidentSetSize of job (KB)
...
006 (9693093.000.000) 04/28 21:02:48 Image size of job updated: 14104144
	3246  -  MemoryUsage of job (MB)
	3323440  -  ResidentSetSize of job (KB)
...
006 (9693093.000.000) 04/28 21:07:49 Image size of job updated: 14165224
	3278  -  MemoryUsage of job (MB)
	3355704  -  ResidentSetSize of job (KB)
...
006 (9693093.000.000) 04/28 21:12:50 Image size of job updated: 14221708
	3402  -  MemoryUsage of job (MB)
	3482908  -  ResidentSetSize of job (KB)
...
006 (9693093.000.000) 04/28 21:17:50 Image size of job updated: 14281752
	3529  -  MemoryUsage of job (MB)
	3613228  -  ResidentSetSize of job (KB)
...
006 (9693093.000.000) 04/28 21:22:51 Image size of job updated: 14340696
	3657  -  MemoryUsage of job (MB)
	3744640  -  ResidentSetSize of job (KB)
...
006 (9693093.000.000) 04/28 21:27:52 Image size of job updated: 14401516
	3778  -  MemoryUsage of job (MB)
	3868396  -  ResidentSetSize of job (KB)
...
006 (9693093.000.000) 04/28 21:32:52 Image size of job updated: 14452428
	3880  -  MemoryUsage of job (MB)
	3972696  -  ResidentSetSize of job (KB)
...
006 (9693093.000.000) 04/28 21:37:52 Image size of job updated: 14502628
	3986  -  MemoryUsage of job (MB)
	4081656  -  ResidentSetSize of job (KB)
...
006 (9693093.000.000) 04/28 21:42:54 Image size of job updated: 15142844
	3986  -  MemoryUsage of job (MB)
	4081656  -  ResidentSetSize of job (KB)
...
006 (9693093.000.000) 04/28 21:47:54 Image size of job updated: 15193236
	3986  -  MemoryUsage of job (MB)
	4081656  -  ResidentSetSize of job (KB)
...
006 (9693093.000.000) 04/28 21:52:54 Image size of job updated: 15239552
	3986  -  MemoryUsage of job (MB)
	4081656  -  ResidentSetSize of job (KB)
...
006 (9693093.000.000) 04/28 21:57:56 Image size of job updated: 15285864
	3986  -  MemoryUsage of job (MB)
	4081656  -  ResidentSetSize of job (KB)
...
006 (9693093.000.000) 04/28 22:02:56 Image size of job updated: 15333340
	3986  -  MemoryUsage of job (MB)
	4081656  -  ResidentSetSize of job (KB)
...
006 (9693093.000.000) 04/28 22:07:56 Image size of job updated: 15386844
	3986  -  MemoryUsage of job (MB)
	4081656  -  ResidentSetSize of job (KB)
...
006 (9693093.000.000) 04/28 22:12:57 Image size of job updated: 15443652
	3986  -  MemoryUsage of job (MB)
	4081656  -  ResidentSetSize of job (KB)
...
006 (9693093.000.000) 04/28 22:17:58 Image size of job updated: 15498188
	3986  -  MemoryUsage of job (MB)
	4081656  -  ResidentSetSize of job (KB)
...
006 (9693093.000.000) 04/28 22:22:58 Image size of job updated: 15546704
	3986  -  MemoryUsage of job (MB)
	4081656  -  ResidentSetSize of job (KB)
...
006 (9693093.000.000) 04/28 22:27:58 Image size of job updated: 15599688
	3986  -  MemoryUsage of job (MB)
	4081656  -  ResidentSetSize of job (KB)
...
006 (9693093.000.000) 04/28 22:33:00 Image size of job updated: 15646260
	3986  -  MemoryUsage of job (MB)
	4081656  -  ResidentSetSize of job (KB)
...
006 (9693093.000.000) 04/28 22:38:00 Image size of job updated: 15694192
	3986  -  MemoryUsage of job (MB)
	4081656  -  ResidentSetSize of job (KB)
...
006 (9693093.000.000) 04/28 22:43:00 Image size of job updated: 15740892
	3986  -  MemoryUsage of job (MB)
	4081656  -  ResidentSetSize of job (KB)
...
006 (9693093.000.000) 04/28 22:48:01 Image size of job updated: 15792244
	3986  -  MemoryUsage of job (MB)
	4081656  -  ResidentSetSize of job (KB)
...
006 (9693093.000.000) 04/28 22:53:02 Image size of job updated: 15841860
	3986  -  MemoryUsage of job (MB)
	4081656  -  ResidentSetSize of job (KB)
...
006 (9693093.000.000) 04/28 22:58:02 Image size of job updated: 15893028
	3986  -  MemoryUsage of job (MB)
	4081656  -  ResidentSetSize of job (KB)
...
006 (9693093.000.000) 04/28 23:03:02 Image size of job updated: 15940836
	3986  -  MemoryUsage of job (MB)
	4081656  -  ResidentSetSize of job (KB)
...
006 (9693093.000.000) 04/28 23:08:03 Image size of job updated: 15993688
	3986  -  MemoryUsage of job (MB)
	4081656  -  ResidentSetSize of job (KB)
...
006 (9693093.000.000) 04/28 23:13:03 Image size of job updated: 16044988
	3986  -  MemoryUsage of job (MB)
	4081656  -  ResidentSetSize of job (KB)
...
006 (9693093.000.000) 04/28 23:18:03 Image size of job updated: 16097584
	3986  -  MemoryUsage of job (MB)
	4081656  -  ResidentSetSize of job (KB)
...
006 (9693093.000.000) 04/28 23:23:04 Image size of job updated: 16148108
	3986  -  MemoryUsage of job (MB)
	4081656  -  ResidentSetSize of job (KB)
...
006 (9693093.000.000) 04/28 23:28:05 Image size of job updated: 16201092
	3986  -  MemoryUsage of job (MB)
	4081656  -  ResidentSetSize of job (KB)
...
006 (9693093.000.000) 04/28 23:33:05 Image size of job updated: 16254076
	3986  -  MemoryUsage of job (MB)
	4081656  -  ResidentSetSize of job (KB)
...
006 (9693093.000.000) 04/28 23:38:06 Image size of job updated: 16304080
	3986  -  MemoryUsage of job (MB)
	4081656  -  ResidentSetSize of job (KB)
...
006 (9693093.000.000) 04/28 23:43:07 Image size of job updated: 16350068
	3986  -  MemoryUsage of job (MB)
	4081656  -  ResidentSetSize of job (KB)
...
006 (9693093.000.000) 04/28 23:48:07 Image size of job updated: 16400848
	3986  -  MemoryUsage of job (MB)
	4081656  -  ResidentSetSize of job (KB)
...
006 (9693093.000.000) 04/28 23:53:07 Image size of job updated: 17631796
	3986  -  MemoryUsage of job (MB)
	4081656  -  ResidentSetSize of job (KB)
...
006 (9693093.000.000) 04/28 23:58:08 Image size of job updated: 17683228
	3986  -  MemoryUsage of job (MB)
	4081656  -  ResidentSetSize of job (KB)
...
006 (9693093.000.000) 04/29 00:03:09 Image size of job updated: 17733876
	3986  -  MemoryUsage of job (MB)
	4081656  -  ResidentSetSize of job (KB)
...
006 (9693093.000.000) 04/29 00:08:09 Image size of job updated: 17780000
	3986  -  MemoryUsage of job (MB)
	4081656  -  ResidentSetSize of job (KB)
...
006 (9693093.000.000) 04/29 00:13:09 Image size of job updated: 17830392
	3986  -  MemoryUsage of job (MB)
	4081656  -  ResidentSetSize of job (KB)
...
006 (9693093.000.000) 04/29 00:18:10 Image size of job updated: 17878712
	3986  -  MemoryUsage of job (MB)
	4081656  -  ResidentSetSize of job (KB)
...
006 (9693093.000.000) 04/29 00:23:10 Image size of job updated: 17924704
	3986  -  MemoryUsage of job (MB)
	4081656  -  ResidentSetSize of job (KB)
...
006 (9693093.000.000) 04/29 00:28:10 Image size of job updated: 17975484
	3986  -  MemoryUsage of job (MB)
	4081656  -  ResidentSetSize of job (KB)
...
006 (9693093.000.000) 04/29 00:33:11 Image size of job updated: 18025100
	3986  -  MemoryUsage of job (MB)
	4081656  -  ResidentSetSize of job (KB)
...
006 (9693093.000.000) 04/29 00:38:12 Image size of job updated: 18067980
	4011  -  MemoryUsage of job (MB)
	4106600  -  ResidentSetSize of job (KB)
...
006 (9693093.000.000) 04/29 00:43:12 Image size of job updated: 18116044
	4121  -  MemoryUsage of job (MB)
	4219012  -  ResidentSetSize of job (KB)
...
006 (9693093.000.000) 04/29 00:48:13 Image size of job updated: 18163976
	4230  -  MemoryUsage of job (MB)
	4331008  -  ResidentSetSize of job (KB)
...
006 (9693093.000.000) 04/29 00:53:14 Image size of job updated: 18207628
	4338  -  MemoryUsage of job (MB)
	4441236  -  ResidentSetSize of job (KB)
...
006 (9693093.000.000) 04/29 00:58:14 Image size of job updated: 18255560
	4446  -  MemoryUsage of job (MB)
	4552580  -  ResidentSetSize of job (KB)
...
006 (9693093.000.000) 04/29 01:03:14 Image size of job updated: 18298572
	4553  -  MemoryUsage of job (MB)
	4661652  -  ResidentSetSize of job (KB)
...
006 (9693093.000.000) 04/29 01:08:15 Image size of job updated: 18347668
	4665  -  MemoryUsage of job (MB)
	4776628  -  ResidentSetSize of job (KB)
...
006 (9693093.000.000) 04/29 01:13:15 Image size of job updated: 18397284
	4785  -  MemoryUsage of job (MB)
	4899332  -  ResidentSetSize of job (KB)
...
006 (9693093.000.000) 04/29 01:18:15 Image size of job updated: 18450268
	4910  -  MemoryUsage of job (MB)
	5027520  -  ResidentSetSize of job (KB)
...
006 (9693093.000.000) 04/29 01:23:16 Image size of job updated: 18504680
	5039  -  MemoryUsage of job (MB)
	5159716  -  ResidentSetSize of job (KB)
...
006 (9693093.000.000) 04/29 01:28:17 Image size of job updated: 18561808
	5177  -  MemoryUsage of job (MB)
	5300328  -  ResidentSetSize of job (KB)
...
006 (9693093.000.000) 04/29 01:33:17 Image size of job updated: 18619844
	5316  -  MemoryUsage of job (MB)
	5443508  -  ResidentSetSize of job (KB)
...
006 (9693093.000.000) 04/29 01:38:17 Image size of job updated: 18672440
	5316  -  MemoryUsage of job (MB)
	5443508  -  ResidentSetSize of job (KB)
...
006 (9693093.000.000) 04/29 01:43:19 Image size of job updated: 18728404
	5316  -  MemoryUsage of job (MB)
	5443508  -  ResidentSetSize of job (KB)
...
006 (9693093.000.000) 04/29 01:48:19 Image size of job updated: 18781908
	5316  -  MemoryUsage of job (MB)
	5443508  -  ResidentSetSize of job (KB)
...
006 (9693093.000.000) 04/29 01:53:19 Image size of job updated: 18834892
	5316  -  MemoryUsage of job (MB)
	5443508  -  ResidentSetSize of job (KB)
...
006 (9693093.000.000) 04/29 01:58:20 Image size of job updated: 18887356
	5316  -  MemoryUsage of job (MB)
	5443508  -  ResidentSetSize of job (KB)
...
006 (9693093.000.000) 04/29 02:03:21 Image size of job updated: 18939432
	5316  -  MemoryUsage of job (MB)
	5443508  -  ResidentSetSize of job (KB)
...
006 (9693093.000.000) 04/29 02:08:21 Image size of job updated: 18991772
	5316  -  MemoryUsage of job (MB)
	5443508  -  ResidentSetSize of job (KB)
...
006 (9693093.000.000) 04/29 02:13:22 Image size of job updated: 19043460
	5316  -  MemoryUsage of job (MB)
	5443508  -  ResidentSetSize of job (KB)
...
006 (9693093.000.000) 04/29 02:18:23 Image size of job updated: 19094240
	5316  -  MemoryUsage of job (MB)
	5443508  -  ResidentSetSize of job (KB)
...
006 (9693093.000.000) 04/29 02:23:23 Image size of job updated: 19147356
	5316  -  MemoryUsage of job (MB)
	5443508  -  ResidentSetSize of job (KB)
...
006 (9693093.000.000) 04/29 02:28:23 Image size of job updated: 19204484
	5316  -  MemoryUsage of job (MB)
	5443508  -  ResidentSetSize of job (KB)
...
006 (9693093.000.000) 04/29 02:33:24 Image size of job updated: 19263124
	5316  -  MemoryUsage of job (MB)
	5443508  -  ResidentSetSize of job (KB)
...
006 (9693093.000.000) 04/29 02:38:25 Image size of job updated: 19323488
	5316  -  MemoryUsage of job (MB)
	5443508  -  ResidentSetSize of job (KB)
...
006 (9693093.000.000) 04/29 02:43:25 Image size of job updated: 19370388
	5316  -  MemoryUsage of job (MB)
	5443508  -  ResidentSetSize of job (KB)
...
006 (9693093.000.000) 04/29 02:48:26 Image size of job updated: 19426476
	5316  -  MemoryUsage of job (MB)
	5443508  -  ResidentSetSize of job (KB)
...
006 (9693093.000.000) 04/29 02:53:27 Image size of job updated: 19474928
	5316  -  MemoryUsage of job (MB)
	5443508  -  ResidentSetSize of job (KB)
...
006 (9693093.000.000) 04/29 02:58:27 Image size of job updated: 19531280
	5316  -  MemoryUsage of job (MB)
	5443508  -  ResidentSetSize of job (KB)
...
006 (9693093.000.000) 04/29 03:03:27 Image size of job updated: 19579344
	5316  -  MemoryUsage of job (MB)
	5443508  -  ResidentSetSize of job (KB)
...
006 (9693093.000.000) 04/29 03:08:28 Image size of job updated: 19634268
	5316  -  MemoryUsage of job (MB)
	5443508  -  ResidentSetSize of job (KB)
...
006 (9693093.000.000) 04/29 03:13:28 Image size of job updated: 19681812
	5316  -  MemoryUsage of job (MB)
	5443508  -  ResidentSetSize of job (KB)
...
006 (9693093.000.000) 04/29 03:18:28 Image size of job updated: 19725988
	5316  -  MemoryUsage of job (MB)
	5443508  -  ResidentSetSize of job (KB)
...
006 (9693093.000.000) 04/29 03:23:29 Image size of job updated: 19790372
	5316  -  MemoryUsage of job (MB)
	5443508  -  ResidentSetSize of job (KB)
...
006 (9693093.000.000) 04/29 03:28:30 Image size of job updated: 19853716
	5316  -  MemoryUsage of job (MB)
	5443508  -  ResidentSetSize of job (KB)
...
006 (9693093.000.000) 04/29 03:33:30 Image size of job updated: 19906056
	5316  -  MemoryUsage of job (MB)
	5443508  -  ResidentSetSize of job (KB)
...
006 (9693093.000.000) 04/29 03:38:31 Image size of job updated: 19971604
	5316  -  MemoryUsage of job (MB)
	5443508  -  ResidentSetSize of job (KB)
...
006 (9693093.000.000) 04/29 03:43:32 Image size of job updated: 20040656
	5316  -  MemoryUsage of job (MB)
	5443508  -  ResidentSetSize of job (KB)
...
006 (9693093.000.000) 04/29 03:48:32 Image size of job updated: 20110868
	5316  -  MemoryUsage of job (MB)
	5443508  -  ResidentSetSize of job (KB)
...
006 (9693093.000.000) 04/29 03:53:32 Image size of job updated: 22539212
	5316  -  MemoryUsage of job (MB)
	5443508  -  ResidentSetSize of job (KB)
...
006 (9693093.000.000) 04/29 03:58:33 Image size of job updated: 22609296
	5316  -  MemoryUsage of job (MB)
	5443508  -  ResidentSetSize of job (KB)
...
006 (9693093.000.000) 04/29 04:03:34 Image size of job updated: 22677956
	5404  -  MemoryUsage of job (MB)
	5532716  -  ResidentSetSize of job (KB)
...
006 (9693093.000.000) 04/29 04:08:34 Image size of job updated: 22747260
	5565  -  MemoryUsage of job (MB)
	5698020  -  ResidentSetSize of job (KB)
...
006 (9693093.000.000) 04/29 04:13:34 Image size of job updated: 22815404
	5722  -  MemoryUsage of job (MB)
	5859220  -  ResidentSetSize of job (KB)
...
006 (9693093.000.000) 04/29 04:18:35 Image size of job updated: 22874864
	5879  -  MemoryUsage of job (MB)
	6019564  -  ResidentSetSize of job (KB)
...
006 (9693093.000.000) 04/29 04:23:35 Image size of job updated: 22943784
	6040  -  MemoryUsage of job (MB)
	6184476  -  ResidentSetSize of job (KB)
...
006 (9693093.000.000) 04/29 04:28:35 Image size of job updated: 23013352
	6202  -  MemoryUsage of job (MB)
	6350744  -  ResidentSetSize of job (KB)
...
006 (9693093.000.000) 04/29 04:33:35 Image size of job updated: 23072032
	6332  -  MemoryUsage of job (MB)
	6483376  -  ResidentSetSize of job (KB)
...
006 (9693093.000.000) 04/29 04:38:36 Image size of job updated: 23124372
	6466  -  MemoryUsage of job (MB)
	6620276  -  ResidentSetSize of job (KB)
...
006 (9693093.000.000) 04/29 04:43:36 Image size of job updated: 23187716
	6610  -  MemoryUsage of job (MB)
	6767672  -  ResidentSetSize of job (KB)
...
006 (9693093.000.000) 04/29 04:48:36 Image size of job updated: 23248992
	6752  -  MemoryUsage of job (MB)
	6913840  -  ResidentSetSize of job (KB)
...
006 (9693093.000.000) 04/29 04:53:37 Image size of job updated: 23303144
	6893  -  MemoryUsage of job (MB)
	7058384  -  ResidentSetSize of job (KB)
...
006 (9693093.000.000) 04/29 04:58:38 Image size of job updated: 23365716
	7033  -  MemoryUsage of job (MB)
	7201480  -  ResidentSetSize of job (KB)
...
006 (9693093.000.000) 04/29 05:03:38 Image size of job updated: 23430488
	7182  -  MemoryUsage of job (MB)
	7354160  -  ResidentSetSize of job (KB)
...
006 (9693093.000.000) 04/29 05:08:39 Image size of job updated: 23497588
	7337  -  MemoryUsage of job (MB)
	7512976  -  ResidentSetSize of job (KB)
...
006 (9693093.000.000) 04/29 05:13:40 Image size of job updated: 23555500
	7337  -  MemoryUsage of job (MB)
	7512980  -  ResidentSetSize of job (KB)
...
006 (9693093.000.000) 04/29 05:18:41 Image size of job updated: 23617680
	7337  -  MemoryUsage of job (MB)
	7512980  -  ResidentSetSize of job (KB)
...
006 (9693093.000.000) 04/29 05:27:35 Image size of job updated: 23678956
	7337  -  MemoryUsage of job (MB)
	7512980  -  ResidentSetSize of job (KB)
...
006 (9693093.000.000) 04/29 05:39:18 Image size of job updated: 23864984
	7337  -  MemoryUsage of job (MB)
	7512980  -  ResidentSetSize of job (KB)
...
006 (9693093.000.000) 04/29 05:48:39 Image size of job updated: 23969656
	7337  -  MemoryUsage of job (MB)
	7512980  -  ResidentSetSize of job (KB)
...
006 (9693093.000.000) 04/29 05:54:16 Image size of job updated: 24040388
	7337  -  MemoryUsage of job (MB)
	7512980  -  ResidentSetSize of job (KB)
...
006 (9693093.000.000) 04/29 05:59:17 Image size of job updated: 24093116
	7337  -  MemoryUsage of job (MB)
	7512980  -  ResidentSetSize of job (KB)
...
006 (9693093.000.000) 04/29 06:04:17 Image size of job updated: 24149724
	7337  -  MemoryUsage of job (MB)
	7512980  -  ResidentSetSize of job (KB)
...
006 (9693093.000.000) 04/29 06:09:17 Image size of job updated: 24195972
	7337  -  MemoryUsage of job (MB)
	7512980  -  ResidentSetSize of job (KB)
...
006 (9693093.000.000) 04/29 06:14:18 Image size of job updated: 24251028
	7337  -  MemoryUsage of job (MB)
	7512980  -  ResidentSetSize of job (KB)
...
006 (9693093.000.000) 04/29 06:19:18 Image size of job updated: 24306604
	7337  -  MemoryUsage of job (MB)
	7512980  -  ResidentSetSize of job (KB)
...
006 (9693093.000.000) 04/29 06:24:18 Image size of job updated: 24628252
	10709  -  MemoryUsage of job (MB)
	10965340  -  ResidentSetSize of job (KB)
...
006 (9693093.000.000) 04/29 06:29:19 Image size of job updated: 24628252
	13131  -  MemoryUsage of job (MB)
	13445540  -  ResidentSetSize of job (KB)
...
006 (9693093.000.000) 04/29 06:34:20 Image size of job updated: 24628252
	14290  -  MemoryUsage of job (MB)
	14632764  -  ResidentSetSize of job (KB)
...
006 (9693093.000.000) 04/29 06:39:20 Image size of job updated: 24628252
	14947  -  MemoryUsage of job (MB)
	15305520  -  ResidentSetSize of job (KB)
...
006 (9693093.000.000) 04/29 06:44:21 Image size of job updated: 24628252
	16765  -  MemoryUsage of job (MB)
	17166820  -  ResidentSetSize of job (KB)
...
006 (9693093.000.000) 04/29 06:49:22 Image size of job updated: 25760220
	18581  -  MemoryUsage of job (MB)
	19026208  -  ResidentSetSize of job (KB)
...
006 (9693093.000.000) 04/29 06:54:22 Image size of job updated: 25760936
	18581  -  MemoryUsage of job (MB)
	19026208  -  ResidentSetSize of job (KB)
...
040 (9693093.000.000) 04/29 07:39:11 Started transferring output files
...
040 (9693093.000.000) 04/29 07:39:11 Finished transferring output files
...
005 (9693093.000.000) 04/29 07:39:11 Job terminated.
	(1) Normal termination (return value 0)
		Usr 0 11:33:48, Sys 0 00:06:47  -  Run Remote Usage
		Usr 0 00:00:00, Sys 0 00:00:00  -  Run Local Usage
		Usr 0 11:33:48, Sys 0 00:06:47  -  Total Remote Usage
		Usr 0 00:00:00, Sys 0 00:00:00  -  Total Local Usage
	10325  -  Run Bytes Sent By Job
	226  -  Run Bytes Received By Job
	10325  -  Total Bytes Sent By Job
	226  -  Total Bytes Received By Job
	Partitionable Resources :    Usage  Request Allocated 
	   Cpus                 :     1.00        1         1 
	   Disk (KB)            :  1984           1   1265262 
	   Memory (MB)          : 18581        2000      2000 

	Job terminated of its own accord at 2024-04-29T05:39:11Z.
...
