000 (9571584.000.000) 04/04 12:19:13 Job submitted from host: <137.138.156.150:9618?addrs=137.138.156.150-9618+[2001-1458-d00-14--9a]-9618&alias=bigbird13.cern.ch&noUDP&sock=schedd_5144_ef43>
...
040 (9571584.000.000) 04/04 18:05:09 Started transferring input files
	Transferring to host: <128.142.58.124:9618?addrs=128.142.58.124-9618&alias=b7s03p8509.cern.ch&noUDP&sock=slot1_16_6899_b832_93077>
...
040 (9571584.000.000) 04/04 18:05:09 Finished transferring input files
...
001 (9571584.000.000) 04/04 18:05:10 Job executing on host: <128.142.58.124:9618?addrs=128.142.58.124-9618&alias=b7s03p8509.cern.ch&noUDP&sock=startd_6833_72b8>
...
006 (9571584.000.000) 04/04 18:05:19 Image size of job updated: 1035416
	155  -  MemoryUsage of job (MB)
	158172  -  ResidentSetSize of job (KB)
...
006 (9571584.000.000) 04/04 18:10:20 Image size of job updated: 4935928
	2705  -  MemoryUsage of job (MB)
	2769348  -  ResidentSetSize of job (KB)
...
006 (9571584.000.000) 04/04 18:15:20 Image size of job updated: 5006100
	2759  -  MemoryUsage of job (MB)
	2824288  -  ResidentSetSize of job (KB)
...
006 (9571584.000.000) 04/04 18:20:20 Image size of job updated: 5051344
	2825  -  MemoryUsage of job (MB)
	2892296  -  ResidentSetSize of job (KB)
...
006 (9571584.000.000) 04/04 18:25:21 Image size of job updated: 5178872
	2900  -  MemoryUsage of job (MB)
	2969356  -  ResidentSetSize of job (KB)
...
006 (9571584.000.000) 04/04 18:30:21 Image size of job updated: 5223972
	2968  -  MemoryUsage of job (MB)
	3038996  -  ResidentSetSize of job (KB)
...
006 (9571584.000.000) 04/04 18:35:21 Image size of job updated: 5275888
	3040  -  MemoryUsage of job (MB)
	3112368  -  ResidentSetSize of job (KB)
...
006 (9571584.000.000) 04/04 18:40:23 Image size of job updated: 5474000
	3111  -  MemoryUsage of job (MB)
	3185412  -  ResidentSetSize of job (KB)
...
006 (9571584.000.000) 04/04 18:45:23 Image size of job updated: 5520048
	3180  -  MemoryUsage of job (MB)
	3256244  -  ResidentSetSize of job (KB)
...
006 (9571584.000.000) 04/04 18:50:23 Image size of job updated: 5569116
	3249  -  MemoryUsage of job (MB)
	3326952  -  ResidentSetSize of job (KB)
...
006 (9571584.000.000) 04/04 18:55:24 Image size of job updated: 5617276
	3318  -  MemoryUsage of job (MB)
	3396724  -  ResidentSetSize of job (KB)
...
006 (9571584.000.000) 04/04 19:00:25 Image size of job updated: 5664884
	3386  -  MemoryUsage of job (MB)
	3467184  -  ResidentSetSize of job (KB)
...
006 (9571584.000.000) 04/04 19:05:25 Image size of job updated: 5715276
	3456  -  MemoryUsage of job (MB)
	3538780  -  ResidentSetSize of job (KB)
...
006 (9571584.000.000) 04/04 19:10:26 Image size of job updated: 5762496
	3525  -  MemoryUsage of job (MB)
	3609332  -  ResidentSetSize of job (KB)
...
006 (9571584.000.000) 04/04 19:15:27 Image size of job updated: 6105048
	3592  -  MemoryUsage of job (MB)
	3677332  -  ResidentSetSize of job (KB)
...
006 (9571584.000.000) 04/04 19:20:27 Image size of job updated: 6153596
	3660  -  MemoryUsage of job (MB)
	3747464  -  ResidentSetSize of job (KB)
...
006 (9571584.000.000) 04/04 19:25:27 Image size of job updated: 6200296
	3727  -  MemoryUsage of job (MB)
	3816092  -  ResidentSetSize of job (KB)
...
006 (9571584.000.000) 04/04 19:30:28 Image size of job updated: 6247248
	3793  -  MemoryUsage of job (MB)
	3883588  -  ResidentSetSize of job (KB)
...
006 (9571584.000.000) 04/04 19:35:28 Image size of job updated: 6293040
	3858  -  MemoryUsage of job (MB)
	3950184  -  ResidentSetSize of job (KB)
...
006 (9571584.000.000) 04/04 19:40:28 Image size of job updated: 6338576
	3923  -  MemoryUsage of job (MB)
	4016800  -  ResidentSetSize of job (KB)
...
006 (9571584.000.000) 04/04 19:45:29 Image size of job updated: 6383852
	3988  -  MemoryUsage of job (MB)
	4083280  -  ResidentSetSize of job (KB)
...
006 (9571584.000.000) 04/04 19:50:30 Image size of job updated: 6431396
	4053  -  MemoryUsage of job (MB)
	4149808  -  ResidentSetSize of job (KB)
...
006 (9571584.000.000) 04/04 19:55:30 Image size of job updated: 6473108
	4118  -  MemoryUsage of job (MB)
	4216296  -  ResidentSetSize of job (KB)
...
006 (9571584.000.000) 04/04 20:00:31 Image size of job updated: 6521428
	4184  -  MemoryUsage of job (MB)
	4284224  -  ResidentSetSize of job (KB)
...
006 (9571584.000.000) 04/04 20:05:32 Image size of job updated: 6566580
	4249  -  MemoryUsage of job (MB)
	4350236  -  ResidentSetSize of job (KB)
...
006 (9571584.000.000) 04/04 20:10:32 Image size of job updated: 6611464
	4313  -  MemoryUsage of job (MB)
	4415620  -  ResidentSetSize of job (KB)
...
006 (9571584.000.000) 04/04 20:15:32 Image size of job updated: 6657256
	4378  -  MemoryUsage of job (MB)
	4482304  -  ResidentSetSize of job (KB)
...
006 (9571584.000.000) 04/04 20:20:33 Image size of job updated: 6702796
	4443  -  MemoryUsage of job (MB)
	4549132  -  ResidentSetSize of job (KB)
...
006 (9571584.000.000) 04/04 20:25:34 Image size of job updated: 7338412
	4508  -  MemoryUsage of job (MB)
	4615448  -  ResidentSetSize of job (KB)
...
006 (9571584.000.000) 04/04 20:30:34 Image size of job updated: 7383432
	4573  -  MemoryUsage of job (MB)
	4681776  -  ResidentSetSize of job (KB)
...
006 (9571584.000.000) 04/04 20:35:35 Image size of job updated: 7429612
	4639  -  MemoryUsage of job (MB)
	4749528  -  ResidentSetSize of job (KB)
...
006 (9571584.000.000) 04/04 20:40:36 Image size of job updated: 7477156
	4704  -  MemoryUsage of job (MB)
	4815904  -  ResidentSetSize of job (KB)
...
006 (9571584.000.000) 04/04 20:45:36 Image size of job updated: 7523080
	4769  -  MemoryUsage of job (MB)
	4882896  -  ResidentSetSize of job (KB)
...
006 (9571584.000.000) 04/04 20:50:36 Image size of job updated: 7567712
	4833  -  MemoryUsage of job (MB)
	4948232  -  ResidentSetSize of job (KB)
...
006 (9571584.000.000) 04/04 20:55:37 Image size of job updated: 7613372
	4897  -  MemoryUsage of job (MB)
	5014300  -  ResidentSetSize of job (KB)
...
006 (9571584.000.000) 04/04 21:00:37 Image size of job updated: 7658520
	4962  -  MemoryUsage of job (MB)
	5080544  -  ResidentSetSize of job (KB)
...
006 (9571584.000.000) 04/04 21:05:37 Image size of job updated: 7703928
	5027  -  MemoryUsage of job (MB)
	5146784  -  ResidentSetSize of job (KB)
...
006 (9571584.000.000) 04/04 21:10:38 Image size of job updated: 7748556
	5093  -  MemoryUsage of job (MB)
	5214752  -  ResidentSetSize of job (KB)
...
006 (9571584.000.000) 04/04 21:15:39 Image size of job updated: 7794868
	5159  -  MemoryUsage of job (MB)
	5282804  -  ResidentSetSize of job (KB)
...
006 (9571584.000.000) 04/04 21:20:39 Image size of job updated: 7839756
	5223  -  MemoryUsage of job (MB)
	5348156  -  ResidentSetSize of job (KB)
...
006 (9571584.000.000) 04/04 21:25:39 Image size of job updated: 7884772
	5287  -  MemoryUsage of job (MB)
	5413868  -  ResidentSetSize of job (KB)
...
006 (9571584.000.000) 04/04 21:30:40 Image size of job updated: 7930696
	5354  -  MemoryUsage of job (MB)
	5481488  -  ResidentSetSize of job (KB)
...
006 (9571584.000.000) 04/04 21:35:41 Image size of job updated: 7938276
	5354  -  MemoryUsage of job (MB)
	5481488  -  ResidentSetSize of job (KB)
...
006 (9571584.000.000) 04/04 21:40:41 Image size of job updated: 8128872
	5354  -  MemoryUsage of job (MB)
	5481488  -  ResidentSetSize of job (KB)
...
006 (9571584.000.000) 04/04 21:45:42 Image size of job updated: 8128872
	5683  -  MemoryUsage of job (MB)
	5818908  -  ResidentSetSize of job (KB)
...
006 (9571584.000.000) 04/04 21:50:43 Image size of job updated: 8186692
	6137  -  MemoryUsage of job (MB)
	6284288  -  ResidentSetSize of job (KB)
...
006 (9571584.000.000) 04/04 21:51:45 Image size of job updated: 8195620
	6137  -  MemoryUsage of job (MB)
	6284288  -  ResidentSetSize of job (KB)
...
040 (9571584.000.000) 04/04 21:51:45 Started transferring output files
...
040 (9571584.000.000) 04/04 21:51:45 Finished transferring output files
...
005 (9571584.000.000) 04/04 21:51:45 Job terminated.
	(1) Normal termination (return value 0)
		Usr 0 03:45:28, Sys 0 00:00:40  -  Run Remote Usage
		Usr 0 00:00:00, Sys 0 00:00:00  -  Run Local Usage
		Usr 0 03:45:28, Sys 0 00:00:40  -  Total Remote Usage
		Usr 0 00:00:00, Sys 0 00:00:00  -  Total Local Usage
	13958  -  Run Bytes Sent By Job
	247  -  Run Bytes Received By Job
	13958  -  Total Bytes Sent By Job
	247  -  Total Bytes Received By Job
	Partitionable Resources :    Usage  Request Allocated 
	   Cpus                 :     1.00        1         1 
	   Disk (KB)            :  1549           1   1281581 
	   Memory (MB)          :  6137        2000      2000 

	Job terminated of its own accord at 2024-04-04T19:51:45Z.
...
