000 (9571555.000.000) 04/04 12:17:45 Job submitted from host: <137.138.156.150:9618?addrs=137.138.156.150-9618+[2001-1458-d00-14--9a]-9618&alias=bigbird13.cern.ch&noUDP&sock=schedd_5144_ef43>
...
040 (9571555.000.000) 04/04 18:05:03 Started transferring input files
	Transferring to host: <128.142.59.96:9618?addrs=128.142.59.96-9618&alias=b7s04p2364.cern.ch&noUDP&sock=slot1_3_7479_61c9_91252>
...
040 (9571555.000.000) 04/04 18:05:03 Finished transferring input files
...
001 (9571555.000.000) 04/04 18:05:04 Job executing on host: <128.142.59.96:9618?addrs=128.142.59.96-9618&alias=b7s04p2364.cern.ch&noUDP&sock=startd_7432_4ff3>
...
006 (9571555.000.000) 04/04 18:05:13 Image size of job updated: 143152
	4  -  MemoryUsage of job (MB)
	3608  -  ResidentSetSize of job (KB)
...
006 (9571555.000.000) 04/04 18:10:14 Image size of job updated: 4937892
	2711  -  MemoryUsage of job (MB)
	2775996  -  ResidentSetSize of job (KB)
...
006 (9571555.000.000) 04/04 18:15:15 Image size of job updated: 5028020
	2794  -  MemoryUsage of job (MB)
	2860096  -  ResidentSetSize of job (KB)
...
006 (9571555.000.000) 04/04 18:20:15 Image size of job updated: 5174920
	2894  -  MemoryUsage of job (MB)
	2963288  -  ResidentSetSize of job (KB)
...
006 (9571555.000.000) 04/04 18:25:16 Image size of job updated: 5227144
	2971  -  MemoryUsage of job (MB)
	3041308  -  ResidentSetSize of job (KB)
...
006 (9571555.000.000) 04/04 18:30:17 Image size of job updated: 5281940
	3049  -  MemoryUsage of job (MB)
	3122144  -  ResidentSetSize of job (KB)
...
006 (9571555.000.000) 04/04 18:35:17 Image size of job updated: 5484452
	3128  -  MemoryUsage of job (MB)
	3202184  -  ResidentSetSize of job (KB)
...
006 (9571555.000.000) 04/04 18:40:17 Image size of job updated: 5545404
	3213  -  MemoryUsage of job (MB)
	3289776  -  ResidentSetSize of job (KB)
...
006 (9571555.000.000) 04/04 18:45:18 Image size of job updated: 5604252
	3297  -  MemoryUsage of job (MB)
	3375964  -  ResidentSetSize of job (KB)
...
006 (9571555.000.000) 04/04 18:50:19 Image size of job updated: 5662840
	3381  -  MemoryUsage of job (MB)
	3461684  -  ResidentSetSize of job (KB)
...
006 (9571555.000.000) 04/04 18:55:19 Image size of job updated: 5716600
	3462  -  MemoryUsage of job (MB)
	3544732  -  ResidentSetSize of job (KB)
...
006 (9571555.000.000) 04/04 19:00:20 Image size of job updated: 6073372
	3550  -  MemoryUsage of job (MB)
	3634420  -  ResidentSetSize of job (KB)
...
006 (9571555.000.000) 04/04 19:05:21 Image size of job updated: 6136912
	3640  -  MemoryUsage of job (MB)
	3726416  -  ResidentSetSize of job (KB)
...
006 (9571555.000.000) 04/04 19:10:21 Image size of job updated: 6190672
	3716  -  MemoryUsage of job (MB)
	3804724  -  ResidentSetSize of job (KB)
...
006 (9571555.000.000) 04/04 19:15:21 Image size of job updated: 6247272
	3796  -  MemoryUsage of job (MB)
	3886408  -  ResidentSetSize of job (KB)
...
006 (9571555.000.000) 04/04 19:20:22 Image size of job updated: 6305244
	3877  -  MemoryUsage of job (MB)
	3969464  -  ResidentSetSize of job (KB)
...
006 (9571555.000.000) 04/04 19:25:23 Image size of job updated: 6361208
	3957  -  MemoryUsage of job (MB)
	4051768  -  ResidentSetSize of job (KB)
...
006 (9571555.000.000) 04/04 19:30:23 Image size of job updated: 6421384
	4041  -  MemoryUsage of job (MB)
	4137768  -  ResidentSetSize of job (KB)
...
006 (9571555.000.000) 04/04 19:35:23 Image size of job updated: 6472748
	4117  -  MemoryUsage of job (MB)
	4215332  -  ResidentSetSize of job (KB)
...
006 (9571555.000.000) 04/04 19:40:24 Image size of job updated: 6523660
	4189  -  MemoryUsage of job (MB)
	4288872  -  ResidentSetSize of job (KB)
...
006 (9571555.000.000) 04/04 19:45:25 Image size of job updated: 6575736
	4261  -  MemoryUsage of job (MB)
	4362608  -  ResidentSetSize of job (KB)
...
006 (9571555.000.000) 04/04 19:50:25 Image size of job updated: 6627424
	4333  -  MemoryUsage of job (MB)
	4436752  -  ResidentSetSize of job (KB)
...
006 (9571555.000.000) 04/04 19:55:26 Image size of job updated: 6675812
	4404  -  MemoryUsage of job (MB)
	4509004  -  ResidentSetSize of job (KB)
...
006 (9571555.000.000) 04/04 20:00:27 Image size of job updated: 7315772
	4474  -  MemoryUsage of job (MB)
	4580472  -  ResidentSetSize of job (KB)
...
006 (9571555.000.000) 04/04 20:05:27 Image size of job updated: 7364544
	4544  -  MemoryUsage of job (MB)
	4652192  -  ResidentSetSize of job (KB)
...
006 (9571555.000.000) 04/04 20:10:28 Image size of job updated: 7414160
	4613  -  MemoryUsage of job (MB)
	4723304  -  ResidentSetSize of job (KB)
...
006 (9571555.000.000) 04/04 20:15:29 Image size of job updated: 7461768
	4682  -  MemoryUsage of job (MB)
	4793564  -  ResidentSetSize of job (KB)
...
006 (9571555.000.000) 04/04 20:20:29 Image size of job updated: 7508860
	4753  -  MemoryUsage of job (MB)
	4866636  -  ResidentSetSize of job (KB)
...
006 (9571555.000.000) 04/04 20:25:29 Image size of job updated: 7558476
	4823  -  MemoryUsage of job (MB)
	4937804  -  ResidentSetSize of job (KB)
...
006 (9571555.000.000) 04/04 20:30:30 Image size of job updated: 7607248
	4892  -  MemoryUsage of job (MB)
	5008868  -  ResidentSetSize of job (KB)
...
006 (9571555.000.000) 04/04 20:35:30 Image size of job updated: 7658028
	4964  -  MemoryUsage of job (MB)
	5082592  -  ResidentSetSize of job (KB)
...
006 (9571555.000.000) 04/04 20:40:30 Image size of job updated: 7712052
	5041  -  MemoryUsage of job (MB)
	5161172  -  ResidentSetSize of job (KB)
...
006 (9571555.000.000) 04/04 20:45:31 Image size of job updated: 7766588
	5119  -  MemoryUsage of job (MB)
	5241120  -  ResidentSetSize of job (KB)
...
006 (9571555.000.000) 04/04 20:50:31 Image size of job updated: 7821776
	5198  -  MemoryUsage of job (MB)
	5322336  -  ResidentSetSize of job (KB)
...
006 (9571555.000.000) 04/04 20:55:31 Image size of job updated: 7875280
	5273  -  MemoryUsage of job (MB)
	5399420  -  ResidentSetSize of job (KB)
...
006 (9571555.000.000) 04/04 21:00:32 Image size of job updated: 7928264
	5349  -  MemoryUsage of job (MB)
	5476916  -  ResidentSetSize of job (KB)
...
006 (9571555.000.000) 04/04 21:05:33 Image size of job updated: 7936620
	5349  -  MemoryUsage of job (MB)
	5476916  -  ResidentSetSize of job (KB)
...
006 (9571555.000.000) 04/04 21:10:33 Image size of job updated: 8301300
	5349  -  MemoryUsage of job (MB)
	5476916  -  ResidentSetSize of job (KB)
...
006 (9571555.000.000) 04/04 21:15:33 Image size of job updated: 8301300
	5721  -  MemoryUsage of job (MB)
	5857392  -  ResidentSetSize of job (KB)
...
006 (9571555.000.000) 04/04 21:20:34 Image size of job updated: 8301300
	5968  -  MemoryUsage of job (MB)
	6110384  -  ResidentSetSize of job (KB)
...
040 (9571555.000.000) 04/04 21:21:03 Started transferring output files
...
040 (9571555.000.000) 04/04 21:21:03 Finished transferring output files
...
005 (9571555.000.000) 04/04 21:21:03 Job terminated.
	(1) Normal termination (return value 0)
		Usr 0 03:14:14, Sys 0 00:00:45  -  Run Remote Usage
		Usr 0 00:00:00, Sys 0 00:00:00  -  Run Local Usage
		Usr 0 03:14:14, Sys 0 00:00:45  -  Total Remote Usage
		Usr 0 00:00:00, Sys 0 00:00:00  -  Total Local Usage
	13944  -  Run Bytes Sent By Job
	247  -  Run Bytes Received By Job
	13944  -  Total Bytes Sent By Job
	247  -  Total Bytes Received By Job
	Partitionable Resources :    Usage  Request Allocated 
	   Cpus                 :     1.00        1         1 
	   Disk (KB)            :  1449           1   1340134 
	   Memory (MB)          :  5968        2000      2000 

	Job terminated of its own accord at 2024-04-04T19:21:02Z.
...
