000 (9571593.000.000) 04/04 12:20:04 Job submitted from host: <137.138.156.150:9618?addrs=137.138.156.150-9618+[2001-1458-d00-14--9a]-9618&alias=bigbird13.cern.ch&noUDP&sock=schedd_5144_ef43>
...
040 (9571593.000.000) 04/04 18:05:14 Started transferring input files
	Transferring to host: <128.142.56.116:9618?addrs=128.142.56.116-9618&alias=b7s01p4287.cern.ch&noUDP&sock=slot1_27_7443_0448_91405>
...
040 (9571593.000.000) 04/04 18:05:14 Finished transferring input files
...
001 (9571593.000.000) 04/04 18:05:15 Job executing on host: <128.142.56.116:9618?addrs=128.142.56.116-9618&alias=b7s01p4287.cern.ch&noUDP&sock=startd_7374_8775>
...
006 (9571593.000.000) 04/04 18:05:23 Image size of job updated: 1062532
	161  -  MemoryUsage of job (MB)
	164280  -  ResidentSetSize of job (KB)
...
006 (9571593.000.000) 04/04 18:10:23 Image size of job updated: 4934712
	2697  -  MemoryUsage of job (MB)
	2760936  -  ResidentSetSize of job (KB)
...
006 (9571593.000.000) 04/04 18:15:24 Image size of job updated: 5005880
	2752  -  MemoryUsage of job (MB)
	2817032  -  ResidentSetSize of job (KB)
...
006 (9571593.000.000) 04/04 18:20:25 Image size of job updated: 5047852
	2814  -  MemoryUsage of job (MB)
	2881224  -  ResidentSetSize of job (KB)
...
006 (9571593.000.000) 04/04 18:25:25 Image size of job updated: 5176608
	2889  -  MemoryUsage of job (MB)
	2958072  -  ResidentSetSize of job (KB)
...
006 (9571593.000.000) 04/04 18:30:25 Image size of job updated: 5219960
	2953  -  MemoryUsage of job (MB)
	3023324  -  ResidentSetSize of job (KB)
...
006 (9571593.000.000) 04/04 18:35:26 Image size of job updated: 5268640
	3022  -  MemoryUsage of job (MB)
	3094004  -  ResidentSetSize of job (KB)
...
006 (9571593.000.000) 04/04 18:40:27 Image size of job updated: 5465160
	3092  -  MemoryUsage of job (MB)
	3165212  -  ResidentSetSize of job (KB)
...
006 (9571593.000.000) 04/04 18:45:27 Image size of job updated: 5512120
	3159  -  MemoryUsage of job (MB)
	3234580  -  ResidentSetSize of job (KB)
...
006 (9571593.000.000) 04/04 18:50:28 Image size of job updated: 5560800
	3228  -  MemoryUsage of job (MB)
	3305440  -  ResidentSetSize of job (KB)
...
006 (9571593.000.000) 04/04 18:55:29 Image size of job updated: 5610120
	3298  -  MemoryUsage of job (MB)
	3377036  -  ResidentSetSize of job (KB)
...
006 (9571593.000.000) 04/04 19:00:29 Image size of job updated: 5658280
	3366  -  MemoryUsage of job (MB)
	3446768  -  ResidentSetSize of job (KB)
...
006 (9571593.000.000) 04/04 19:05:29 Image size of job updated: 5706960
	3436  -  MemoryUsage of job (MB)
	3517748  -  ResidentSetSize of job (KB)
...
006 (9571593.000.000) 04/04 19:10:30 Image size of job updated: 5756280
	3506  -  MemoryUsage of job (MB)
	3589536  -  ResidentSetSize of job (KB)
...
006 (9571593.000.000) 04/04 19:15:31 Image size of job updated: 6097120
	3575  -  MemoryUsage of job (MB)
	3660272  -  ResidentSetSize of job (KB)
...
006 (9571593.000.000) 04/04 19:20:31 Image size of job updated: 6146184
	3631  -  MemoryUsage of job (MB)
	3717752  -  ResidentSetSize of job (KB)
...
006 (9571593.000.000) 04/04 19:25:32 Image size of job updated: 6194344
	3700  -  MemoryUsage of job (MB)
	3787816  -  ResidentSetSize of job (KB)
...
006 (9571593.000.000) 04/04 19:30:33 Image size of job updated: 6241388
	3767  -  MemoryUsage of job (MB)
	3856728  -  ResidentSetSize of job (KB)
...
006 (9571593.000.000) 04/04 19:35:33 Image size of job updated: 6289320
	3833  -  MemoryUsage of job (MB)
	3924740  -  ResidentSetSize of job (KB)
...
006 (9571593.000.000) 04/04 19:40:33 Image size of job updated: 6336024
	3901  -  MemoryUsage of job (MB)
	3993812  -  ResidentSetSize of job (KB)
...
006 (9571593.000.000) 04/04 19:45:34 Image size of job updated: 6383500
	3969  -  MemoryUsage of job (MB)
	4063584  -  ResidentSetSize of job (KB)
...
006 (9571593.000.000) 04/04 19:50:35 Image size of job updated: 6428516
	4037  -  MemoryUsage of job (MB)
	4133124  -  ResidentSetSize of job (KB)
...
006 (9571593.000.000) 04/04 19:55:35 Image size of job updated: 6477612
	4105  -  MemoryUsage of job (MB)
	4203308  -  ResidentSetSize of job (KB)
...
006 (9571593.000.000) 04/04 20:00:36 Image size of job updated: 6526520
	4170  -  MemoryUsage of job (MB)
	4269436  -  ResidentSetSize of job (KB)
...
006 (9571593.000.000) 04/04 20:05:37 Image size of job updated: 6577820
	4242  -  MemoryUsage of job (MB)
	4343324  -  ResidentSetSize of job (KB)
...
006 (9571593.000.000) 04/04 20:10:37 Image size of job updated: 6625816
	4312  -  MemoryUsage of job (MB)
	4415464  -  ResidentSetSize of job (KB)
...
006 (9571593.000.000) 04/04 20:15:37 Image size of job updated: 6677636
	4385  -  MemoryUsage of job (MB)
	4490204  -  ResidentSetSize of job (KB)
...
006 (9571593.000.000) 04/04 20:20:38 Image size of job updated: 7320312
	4456  -  MemoryUsage of job (MB)
	4562740  -  ResidentSetSize of job (KB)
...
006 (9571593.000.000) 04/04 20:25:39 Image size of job updated: 7373040
	4532  -  MemoryUsage of job (MB)
	4639776  -  ResidentSetSize of job (KB)
...
006 (9571593.000.000) 04/04 20:30:39 Image size of job updated: 7425504
	4606  -  MemoryUsage of job (MB)
	4716096  -  ResidentSetSize of job (KB)
...
006 (9571593.000.000) 04/04 20:35:40 Image size of job updated: 7473500
	4676  -  MemoryUsage of job (MB)
	4787424  -  ResidentSetSize of job (KB)
...
006 (9571593.000.000) 04/04 20:40:41 Image size of job updated: 7519296
	4676  -  MemoryUsage of job (MB)
	4787424  -  ResidentSetSize of job (KB)
...
006 (9571593.000.000) 04/04 20:45:41 Image size of job updated: 7567616
	4676  -  MemoryUsage of job (MB)
	4787424  -  ResidentSetSize of job (KB)
...
006 (9571593.000.000) 04/04 20:50:42 Image size of job updated: 7613540
	4731  -  MemoryUsage of job (MB)
	4844228  -  ResidentSetSize of job (KB)
...
006 (9571593.000.000) 04/04 20:55:43 Image size of job updated: 7657652
	4799  -  MemoryUsage of job (MB)
	4913600  -  ResidentSetSize of job (KB)
...
006 (9571593.000.000) 04/04 21:00:43 Image size of job updated: 7704740
	4871  -  MemoryUsage of job (MB)
	4987176  -  ResidentSetSize of job (KB)
...
006 (9571593.000.000) 04/04 21:05:43 Image size of job updated: 7750664
	4941  -  MemoryUsage of job (MB)
	5058964  -  ResidentSetSize of job (KB)
...
006 (9571593.000.000) 04/04 21:10:45 Image size of job updated: 7796460
	5012  -  MemoryUsage of job (MB)
	5131484  -  ResidentSetSize of job (KB)
...
006 (9571593.000.000) 04/04 21:15:45 Image size of job updated: 7845300
	5084  -  MemoryUsage of job (MB)
	5205516  -  ResidentSetSize of job (KB)
...
006 (9571593.000.000) 04/04 21:20:45 Image size of job updated: 7891480
	5155  -  MemoryUsage of job (MB)
	5278300  -  ResidentSetSize of job (KB)
...
006 (9571593.000.000) 04/04 21:25:46 Image size of job updated: 7937404
	5227  -  MemoryUsage of job (MB)
	5351612  -  ResidentSetSize of job (KB)
...
006 (9571593.000.000) 04/04 21:30:47 Image size of job updated: 7976224
	5307  -  MemoryUsage of job (MB)
	5433524  -  ResidentSetSize of job (KB)
...
006 (9571593.000.000) 04/04 21:35:47 Image size of job updated: 8130064
	5307  -  MemoryUsage of job (MB)
	5433524  -  ResidentSetSize of job (KB)
...
006 (9571593.000.000) 04/04 21:40:48 Image size of job updated: 8130064
	5309  -  MemoryUsage of job (MB)
	5435920  -  ResidentSetSize of job (KB)
...
006 (9571593.000.000) 04/04 21:45:49 Image size of job updated: 8130064
	6183  -  MemoryUsage of job (MB)
	6331168  -  ResidentSetSize of job (KB)
...
006 (9571593.000.000) 04/04 21:50:49 Image size of job updated: 8189500
	6183  -  MemoryUsage of job (MB)
	6331280  -  ResidentSetSize of job (KB)
...
040 (9571593.000.000) 04/04 21:51:42 Started transferring output files
...
040 (9571593.000.000) 04/04 21:51:42 Finished transferring output files
...
005 (9571593.000.000) 04/04 21:51:42 Job terminated.
	(1) Normal termination (return value 0)
		Usr 0 03:45:19, Sys 0 00:00:47  -  Run Remote Usage
		Usr 0 00:00:00, Sys 0 00:00:00  -  Run Local Usage
		Usr 0 03:45:19, Sys 0 00:00:47  -  Total Remote Usage
		Usr 0 00:00:00, Sys 0 00:00:00  -  Total Local Usage
	13949  -  Run Bytes Sent By Job
	245  -  Run Bytes Received By Job
	13949  -  Total Bytes Sent By Job
	245  -  Total Bytes Received By Job
	Partitionable Resources :    Usage  Request Allocated 
	   Cpus                 :     1.00        1         1 
	   Disk (KB)            :  6652           1   1267417 
	   Memory (MB)          :  6183        2000      2000 

	Job terminated of its own accord at 2024-04-04T19:51:42Z.
...
