000 (9571567.000.000) 04/04 12:18:22 Job submitted from host: <137.138.156.150:9618?addrs=137.138.156.150-9618+[2001-1458-d00-14--9a]-9618&alias=bigbird13.cern.ch&noUDP&sock=schedd_5144_ef43>
...
040 (9571567.000.000) 04/04 18:05:07 Started transferring input files
	Transferring to host: <128.142.57.67:9618?addrs=128.142.57.67-9618&alias=b7s02p8917.cern.ch&noUDP&sock=slot1_5_6928_2713_92658>
...
040 (9571567.000.000) 04/04 18:05:07 Finished transferring input files
...
001 (9571567.000.000) 04/04 18:05:08 Job executing on host: <128.142.57.67:9618?addrs=128.142.57.67-9618&alias=b7s02p8917.cern.ch&noUDP&sock=startd_6845_addb>
...
006 (9571567.000.000) 04/04 18:05:16 Image size of job updated: 1218652
	220  -  MemoryUsage of job (MB)
	224712  -  ResidentSetSize of job (KB)
...
006 (9571567.000.000) 04/04 18:10:16 Image size of job updated: 4932272
	2706  -  MemoryUsage of job (MB)
	2770748  -  ResidentSetSize of job (KB)
...
006 (9571567.000.000) 04/04 18:15:17 Image size of job updated: 5006872
	2768  -  MemoryUsage of job (MB)
	2833896  -  ResidentSetSize of job (KB)
...
006 (9571567.000.000) 04/04 18:20:18 Image size of job updated: 5063240
	2848  -  MemoryUsage of job (MB)
	2915588  -  ResidentSetSize of job (KB)
...
006 (9571567.000.000) 04/04 18:25:18 Image size of job updated: 5195280
	2931  -  MemoryUsage of job (MB)
	3000736  -  ResidentSetSize of job (KB)
...
006 (9571567.000.000) 04/04 18:30:18 Image size of job updated: 5252308
	3011  -  MemoryUsage of job (MB)
	3082744  -  ResidentSetSize of job (KB)
...
006 (9571567.000.000) 04/04 18:35:19 Image size of job updated: 5454432
	3089  -  MemoryUsage of job (MB)
	3162556  -  ResidentSetSize of job (KB)
...
006 (9571567.000.000) 04/04 18:40:19 Image size of job updated: 5511468
	3170  -  MemoryUsage of job (MB)
	3245588  -  ResidentSetSize of job (KB)
...
006 (9571567.000.000) 04/04 18:45:19 Image size of job updated: 5568888
	3251  -  MemoryUsage of job (MB)
	3328576  -  ResidentSetSize of job (KB)
...
006 (9571567.000.000) 04/04 18:50:20 Image size of job updated: 5622648
	3327  -  MemoryUsage of job (MB)
	3406520  -  ResidentSetSize of job (KB)
...
006 (9571567.000.000) 04/04 18:55:21 Image size of job updated: 5675632
	3403  -  MemoryUsage of job (MB)
	3483704  -  ResidentSetSize of job (KB)
...
006 (9571567.000.000) 04/04 19:00:21 Image size of job updated: 5731208
	3483  -  MemoryUsage of job (MB)
	3565784  -  ResidentSetSize of job (KB)
...
006 (9571567.000.000) 04/04 19:05:21 Image size of job updated: 6075964
	3558  -  MemoryUsage of job (MB)
	3642404  -  ResidentSetSize of job (KB)
...
006 (9571567.000.000) 04/04 19:10:22 Image size of job updated: 6128428
	3631  -  MemoryUsage of job (MB)
	3717956  -  ResidentSetSize of job (KB)
...
006 (9571567.000.000) 04/04 19:15:23 Image size of job updated: 6178404
	3703  -  MemoryUsage of job (MB)
	3791064  -  ResidentSetSize of job (KB)
...
006 (9571567.000.000) 04/04 19:20:23 Image size of job updated: 6229656
	3775  -  MemoryUsage of job (MB)
	3864624  -  ResidentSetSize of job (KB)
...
006 (9571567.000.000) 04/04 19:25:23 Image size of job updated: 6281344
	3846  -  MemoryUsage of job (MB)
	3938184  -  ResidentSetSize of job (KB)
...
006 (9571567.000.000) 04/04 19:30:24 Image size of job updated: 6331028
	3919  -  MemoryUsage of job (MB)
	4012916  -  ResidentSetSize of job (KB)
...
006 (9571567.000.000) 04/04 19:35:25 Image size of job updated: 6381940
	3991  -  MemoryUsage of job (MB)
	4085852  -  ResidentSetSize of job (KB)
...
006 (9571567.000.000) 04/04 19:40:25 Image size of job updated: 6434792
	4064  -  MemoryUsage of job (MB)
	4160660  -  ResidentSetSize of job (KB)
...
006 (9571567.000.000) 04/04 19:45:26 Image size of job updated: 6486224
	4137  -  MemoryUsage of job (MB)
	4235828  -  ResidentSetSize of job (KB)
...
006 (9571567.000.000) 04/04 19:50:27 Image size of job updated: 6536424
	4210  -  MemoryUsage of job (MB)
	4310788  -  ResidentSetSize of job (KB)
...
006 (9571567.000.000) 04/04 19:55:27 Image size of job updated: 6586816
	4280  -  MemoryUsage of job (MB)
	4382336  -  ResidentSetSize of job (KB)
...
006 (9571567.000.000) 04/04 20:00:27 Image size of job updated: 6632744
	4349  -  MemoryUsage of job (MB)
	4453040  -  ResidentSetSize of job (KB)
...
006 (9571567.000.000) 04/04 20:05:28 Image size of job updated: 6683136
	4420  -  MemoryUsage of job (MB)
	4525592  -  ResidentSetSize of job (KB)
...
006 (9571567.000.000) 04/04 20:10:29 Image size of job updated: 7328404
	4499  -  MemoryUsage of job (MB)
	4606568  -  ResidentSetSize of job (KB)
...
006 (9571567.000.000) 04/04 20:15:29 Image size of job updated: 7382296
	4576  -  MemoryUsage of job (MB)
	4685168  -  ResidentSetSize of job (KB)
...
006 (9571567.000.000) 04/04 20:20:30 Image size of job updated: 7436056
	4653  -  MemoryUsage of job (MB)
	4763948  -  ResidentSetSize of job (KB)
...
006 (9571567.000.000) 04/04 20:25:31 Image size of job updated: 7492928
	4734  -  MemoryUsage of job (MB)
	4847088  -  ResidentSetSize of job (KB)
...
006 (9571567.000.000) 04/04 20:30:31 Image size of job updated: 7549212
	4812  -  MemoryUsage of job (MB)
	4926536  -  ResidentSetSize of job (KB)
...
006 (9571567.000.000) 04/04 20:35:31 Image size of job updated: 7603104
	4888  -  MemoryUsage of job (MB)
	5004948  -  ResidentSetSize of job (KB)
...
006 (9571567.000.000) 04/04 20:40:32 Image size of job updated: 7658160
	4967  -  MemoryUsage of job (MB)
	5085612  -  ResidentSetSize of job (KB)
...
006 (9571567.000.000) 04/04 20:45:32 Image size of job updated: 7713348
	5046  -  MemoryUsage of job (MB)
	5166172  -  ResidentSetSize of job (KB)
...
006 (9571567.000.000) 04/04 20:50:32 Image size of job updated: 7766720
	5121  -  MemoryUsage of job (MB)
	5243264  -  ResidentSetSize of job (KB)
...
006 (9571567.000.000) 04/04 20:55:33 Image size of job updated: 7820092
	5197  -  MemoryUsage of job (MB)
	5321208  -  ResidentSetSize of job (KB)
...
006 (9571567.000.000) 04/04 21:00:34 Image size of job updated: 7873208
	5272  -  MemoryUsage of job (MB)
	5397728  -  ResidentSetSize of job (KB)
...
006 (9571567.000.000) 04/04 21:05:34 Image size of job updated: 7919004
	5326  -  MemoryUsage of job (MB)
	5453020  -  ResidentSetSize of job (KB)
...
006 (9571567.000.000) 04/04 21:10:34 Image size of job updated: 7926968
	5328  -  MemoryUsage of job (MB)
	5454932  -  ResidentSetSize of job (KB)
...
006 (9571567.000.000) 04/04 21:15:35 Image size of job updated: 8304300
	5328  -  MemoryUsage of job (MB)
	5454932  -  ResidentSetSize of job (KB)
...
006 (9571567.000.000) 04/04 21:20:35 Image size of job updated: 8304300
	5329  -  MemoryUsage of job (MB)
	5456652  -  ResidentSetSize of job (KB)
...
006 (9571567.000.000) 04/04 21:25:35 Image size of job updated: 8304300
	6002  -  MemoryUsage of job (MB)
	6145552  -  ResidentSetSize of job (KB)
...
040 (9571567.000.000) 04/04 21:31:49 Started transferring output files
...
040 (9571567.000.000) 04/04 21:31:49 Finished transferring output files
...
005 (9571567.000.000) 04/04 21:31:49 Job terminated.
	(1) Normal termination (return value 0)
		Usr 0 03:25:48, Sys 0 00:00:40  -  Run Remote Usage
		Usr 0 00:00:00, Sys 0 00:00:00  -  Run Local Usage
		Usr 0 03:25:48, Sys 0 00:00:40  -  Total Remote Usage
		Usr 0 00:00:00, Sys 0 00:00:00  -  Total Local Usage
	13932  -  Run Bytes Sent By Job
	245  -  Run Bytes Received By Job
	13932  -  Total Bytes Sent By Job
	245  -  Total Bytes Received By Job
	Partitionable Resources :    Usage  Request Allocated 
	   Cpus                 :     1.00        1         1 
	   Disk (KB)            :  7711           1   1276436 
	   Memory (MB)          :  6002        2000      2000 

	Job terminated of its own accord at 2024-04-04T19:31:49Z.
...
