000 (9571559.000.000) 04/04 12:17:52 Job submitted from host: <137.138.156.150:9618?addrs=137.138.156.150-9618+[2001-1458-d00-14--9a]-9618&alias=bigbird13.cern.ch&noUDP&sock=schedd_5144_ef43>
...
040 (9571559.000.000) 04/04 18:05:06 Started transferring input files
	Transferring to host: <128.142.59.34:9618?addrs=128.142.59.34-9618&alias=b7s04p1611.cern.ch&noUDP&sock=slot1_6_6936_ca13_91348>
...
040 (9571559.000.000) 04/04 18:05:06 Finished transferring input files
...
001 (9571559.000.000) 04/04 18:05:07 Job executing on host: <128.142.59.34:9618?addrs=128.142.59.34-9618&alias=b7s04p1611.cern.ch&noUDP&sock=startd_6872_32ea>
...
006 (9571559.000.000) 04/04 18:05:16 Image size of job updated: 82052
	36  -  MemoryUsage of job (MB)
	36452  -  ResidentSetSize of job (KB)
...
006 (9571559.000.000) 04/04 18:10:17 Image size of job updated: 4925148
	2694  -  MemoryUsage of job (MB)
	2758388  -  ResidentSetSize of job (KB)
...
006 (9571559.000.000) 04/04 18:15:17 Image size of job updated: 5008060
	2767  -  MemoryUsage of job (MB)
	2833096  -  ResidentSetSize of job (KB)
...
006 (9571559.000.000) 04/04 18:20:18 Image size of job updated: 5155436
	2866  -  MemoryUsage of job (MB)
	2934488  -  ResidentSetSize of job (KB)
...
006 (9571559.000.000) 04/04 18:25:18 Image size of job updated: 5208480
	2947  -  MemoryUsage of job (MB)
	3017552  -  ResidentSetSize of job (KB)
...
006 (9571559.000.000) 04/04 18:30:18 Image size of job updated: 5274640
	3041  -  MemoryUsage of job (MB)
	3113384  -  ResidentSetSize of job (KB)
...
006 (9571559.000.000) 04/04 18:35:19 Image size of job updated: 5489688
	3134  -  MemoryUsage of job (MB)
	3209112  -  ResidentSetSize of job (KB)
...
006 (9571559.000.000) 04/04 18:40:20 Image size of job updated: 5550348
	3224  -  MemoryUsage of job (MB)
	3300892  -  ResidentSetSize of job (KB)
...
006 (9571559.000.000) 04/04 18:45:20 Image size of job updated: 5612340
	3312  -  MemoryUsage of job (MB)
	3391196  -  ResidentSetSize of job (KB)
...
006 (9571559.000.000) 04/04 18:50:20 Image size of job updated: 5674840
	3401  -  MemoryUsage of job (MB)
	3482140  -  ResidentSetSize of job (KB)
...
006 (9571559.000.000) 04/04 18:55:21 Image size of job updated: 5728732
	3477  -  MemoryUsage of job (MB)
	3560180  -  ResidentSetSize of job (KB)
...
006 (9571559.000.000) 04/04 19:00:21 Image size of job updated: 6075852
	3551  -  MemoryUsage of job (MB)
	3635528  -  ResidentSetSize of job (KB)
...
006 (9571559.000.000) 04/04 19:05:21 Image size of job updated: 6126992
	3625  -  MemoryUsage of job (MB)
	3711028  -  ResidentSetSize of job (KB)
...
006 (9571559.000.000) 04/04 19:10:22 Image size of job updated: 6179068
	3698  -  MemoryUsage of job (MB)
	3786020  -  ResidentSetSize of job (KB)
...
006 (9571559.000.000) 04/04 19:15:22 Image size of job updated: 6231620
	3772  -  MemoryUsage of job (MB)
	3862228  -  ResidentSetSize of job (KB)
...
006 (9571559.000.000) 04/04 19:20:22 Image size of job updated: 6284216
	3846  -  MemoryUsage of job (MB)
	3937996  -  ResidentSetSize of job (KB)
...
006 (9571559.000.000) 04/04 19:25:23 Image size of job updated: 6336036
	3919  -  MemoryUsage of job (MB)
	4012752  -  ResidentSetSize of job (KB)
...
006 (9571559.000.000) 04/04 19:30:23 Image size of job updated: 6385716
	3991  -  MemoryUsage of job (MB)
	4086516  -  ResidentSetSize of job (KB)
...
006 (9571559.000.000) 04/04 19:35:23 Image size of job updated: 6434292
	4061  -  MemoryUsage of job (MB)
	4158432  -  ResidentSetSize of job (KB)
...
006 (9571559.000.000) 04/04 19:40:24 Image size of job updated: 6482812
	4132  -  MemoryUsage of job (MB)
	4231156  -  ResidentSetSize of job (KB)
...
006 (9571559.000.000) 04/04 19:45:24 Image size of job updated: 6533204
	4202  -  MemoryUsage of job (MB)
	4302512  -  ResidentSetSize of job (KB)
...
006 (9571559.000.000) 04/04 19:50:25 Image size of job updated: 6580812
	4272  -  MemoryUsage of job (MB)
	4373928  -  ResidentSetSize of job (KB)
...
006 (9571559.000.000) 04/04 19:55:26 Image size of job updated: 6631204
	4341  -  MemoryUsage of job (MB)
	4444876  -  ResidentSetSize of job (KB)
...
006 (9571559.000.000) 04/04 20:00:26 Image size of job updated: 6679200
	4411  -  MemoryUsage of job (MB)
	4516064  -  ResidentSetSize of job (KB)
...
006 (9571559.000.000) 04/04 20:05:27 Image size of job updated: 7319936
	4483  -  MemoryUsage of job (MB)
	4589884  -  ResidentSetSize of job (KB)
...
006 (9571559.000.000) 04/04 20:10:28 Image size of job updated: 7371624
	4556  -  MemoryUsage of job (MB)
	4664376  -  ResidentSetSize of job (KB)
...
006 (9571559.000.000) 04/04 20:15:28 Image size of job updated: 7421308
	4629  -  MemoryUsage of job (MB)
	4739272  -  ResidentSetSize of job (KB)
...
006 (9571559.000.000) 04/04 20:20:29 Image size of job updated: 7481480
	4714  -  MemoryUsage of job (MB)
	4826164  -  ResidentSetSize of job (KB)
...
006 (9571559.000.000) 04/04 20:25:30 Image size of job updated: 7542820
	4801  -  MemoryUsage of job (MB)
	4915440  -  ResidentSetSize of job (KB)
...
006 (9571559.000.000) 04/04 20:30:30 Image size of job updated: 7600468
	4884  -  MemoryUsage of job (MB)
	5000344  -  ResidentSetSize of job (KB)
...
006 (9571559.000.000) 04/04 20:35:31 Image size of job updated: 7658052
	4963  -  MemoryUsage of job (MB)
	5081632  -  ResidentSetSize of job (KB)
...
006 (9571559.000.000) 04/04 20:40:32 Image size of job updated: 7711944
	5040  -  MemoryUsage of job (MB)
	5159952  -  ResidentSetSize of job (KB)
...
006 (9571559.000.000) 04/04 20:45:32 Image size of job updated: 7762400
	5114  -  MemoryUsage of job (MB)
	5236256  -  ResidentSetSize of job (KB)
...
006 (9571559.000.000) 04/04 20:50:33 Image size of job updated: 7814996
	5187  -  MemoryUsage of job (MB)
	5311228  -  ResidentSetSize of job (KB)
...
006 (9571559.000.000) 04/04 20:55:33 Image size of job updated: 7867980
	5262  -  MemoryUsage of job (MB)
	5387708  -  ResidentSetSize of job (KB)
...
006 (9571559.000.000) 04/04 21:00:33 Image size of job updated: 7912480
	5262  -  MemoryUsage of job (MB)
	5387724  -  ResidentSetSize of job (KB)
...
006 (9571559.000.000) 04/04 21:05:34 Image size of job updated: 7912480
	5398  -  MemoryUsage of job (MB)
	5527100  -  ResidentSetSize of job (KB)
...
006 (9571559.000.000) 04/04 21:10:34 Image size of job updated: 8115732
	5426  -  MemoryUsage of job (MB)
	5556044  -  ResidentSetSize of job (KB)
...
006 (9571559.000.000) 04/04 21:15:34 Image size of job updated: 8115732
	5831  -  MemoryUsage of job (MB)
	5970380  -  ResidentSetSize of job (KB)
...
040 (9571559.000.000) 04/04 21:20:04 Started transferring output files
...
040 (9571559.000.000) 04/04 21:20:04 Finished transferring output files
...
005 (9571559.000.000) 04/04 21:20:04 Job terminated.
	(1) Normal termination (return value 0)
		Usr 0 03:13:30, Sys 0 00:00:57  -  Run Remote Usage
		Usr 0 00:00:00, Sys 0 00:00:00  -  Run Local Usage
		Usr 0 03:13:30, Sys 0 00:00:57  -  Total Remote Usage
		Usr 0 00:00:00, Sys 0 00:00:00  -  Total Local Usage
	13957  -  Run Bytes Sent By Job
	245  -  Run Bytes Received By Job
	13957  -  Total Bytes Sent By Job
	245  -  Total Bytes Received By Job
	Partitionable Resources :    Usage  Request Allocated 
	   Cpus                 :     1.00        1         1 
	   Disk (KB)            :  1327           1   1293909 
	   Memory (MB)          :  5831        2000      2000 

	Job terminated of its own accord at 2024-04-04T19:20:04Z.
...
