using mass: 10GeV, coupling 1e-2
using mass: 10GeV, coupling 1e-2p5
using mass: 10GeV, coupling 1e-3
using mass: 10GeV, coupling 1e-3p5
using mass: 10GeV, coupling 1e-4
using mass: 10GeV, coupling 1e-4p5
using mass: 10GeV, coupling 1e-5
using mass: 20GeV, coupling 1e-2
using mass: 20GeV, coupling 1e-2p5
using mass: 20GeV, coupling 1e-3
using mass: 20GeV, coupling 1e-3p5
using mass: 20GeV, coupling 1e-4
using mass: 20GeV, coupling 1e-4p5
using mass: 20GeV, coupling 1e-5
using mass: 30GeV, coupling 1e-2
using mass: 30GeV, coupling 1e-2p5
using mass: 30GeV, coupling 1e-3
using mass: 30GeV, coupling 1e-3p5
using mass: 30GeV, coupling 1e-4
using mass: 30GeV, coupling 1e-4p5
using mass: 30GeV, coupling 1e-5
file /eos/user/t/tcritchl/new_variables_HNL_test_March24/HNL_Dirac_ejj_30GeV_1e-5Ve.root does not exist, moving to next file
using mass: 40GeV, coupling 1e-2
using mass: 40GeV, coupling 1e-2p5
using mass: 40GeV, coupling 1e-3
using mass: 40GeV, coupling 1e-3p5
using mass: 40GeV, coupling 1e-4
using mass: 40GeV, coupling 1e-4p5
using mass: 40GeV, coupling 1e-5
using mass: 50GeV, coupling 1e-2
using mass: 50GeV, coupling 1e-2p5
using mass: 50GeV, coupling 1e-3
using mass: 50GeV, coupling 1e-3p5
using mass: 50GeV, coupling 1e-4
using mass: 50GeV, coupling 1e-4p5
using mass: 50GeV, coupling 1e-5
using mass: 60GeV, coupling 1e-2
using mass: 60GeV, coupling 1e-2p5
using mass: 60GeV, coupling 1e-3
using mass: 60GeV, coupling 1e-3p5
using mass: 60GeV, coupling 1e-4
using mass: 60GeV, coupling 1e-4p5
using mass: 60GeV, coupling 1e-5
using mass: 70GeV, coupling 1e-2
using mass: 70GeV, coupling 1e-2p5
using mass: 70GeV, coupling 1e-3
using mass: 70GeV, coupling 1e-3p5
using mass: 70GeV, coupling 1e-4
using mass: 70GeV, coupling 1e-4p5
using mass: 70GeV, coupling 1e-5
using mass: 80GeV, coupling 1e-2
using mass: 80GeV, coupling 1e-2p5
using mass: 80GeV, coupling 1e-3
using mass: 80GeV, coupling 1e-3p5
using mass: 80GeV, coupling 1e-4
using mass: 80GeV, coupling 1e-4p5
using mass: 80GeV, coupling 1e-5
[['/eos/user/t/tcritchl/new_variables_HNL_test_March24/HNL_Dirac_ejj_10GeV_1e-2Ve.root', 'signal_10GeV_1e-2'], ['/eos/user/t/tcritchl/new_variables_HNL_test_March24/HNL_Dirac_ejj_10GeV_1e-2p5Ve.root', 'signal_10GeV_1e-2p5'], ['/eos/user/t/tcritchl/new_variables_HNL_test_March24/HNL_Dirac_ejj_10GeV_1e-3Ve.root', 'signal_10GeV_1e-3'], ['/eos/user/t/tcritchl/new_variables_HNL_test_March24/HNL_Dirac_ejj_10GeV_1e-3p5Ve.root', 'signal_10GeV_1e-3p5'], ['/eos/user/t/tcritchl/new_variables_HNL_test_March24/HNL_Dirac_ejj_10GeV_1e-4Ve.root', 'signal_10GeV_1e-4'], ['/eos/user/t/tcritchl/new_variables_HNL_test_March24/HNL_Dirac_ejj_10GeV_1e-4p5Ve.root', 'signal_10GeV_1e-4p5'], ['/eos/user/t/tcritchl/new_variables_HNL_test_March24/HNL_Dirac_ejj_10GeV_1e-5Ve.root', 'signal_10GeV_1e-5'], ['/eos/user/t/tcritchl/new_variables_HNL_test_March24/HNL_Dirac_ejj_20GeV_1e-2Ve.root', 'signal_20GeV_1e-2'], ['/eos/user/t/tcritchl/new_variables_HNL_test_March24/HNL_Dirac_ejj_20GeV_1e-2p5Ve.root', 'signal_20GeV_1e-2p5'], ['/eos/user/t/tcritchl/new_variables_HNL_test_March24/HNL_Dirac_ejj_20GeV_1e-3Ve.root', 'signal_20GeV_1e-3'], ['/eos/user/t/tcritchl/new_variables_HNL_test_March24/HNL_Dirac_ejj_20GeV_1e-3p5Ve.root', 'signal_20GeV_1e-3p5'], ['/eos/user/t/tcritchl/new_variables_HNL_test_March24/HNL_Dirac_ejj_20GeV_1e-4Ve.root', 'signal_20GeV_1e-4'], ['/eos/user/t/tcritchl/new_variables_HNL_test_March24/HNL_Dirac_ejj_20GeV_1e-4p5Ve.root', 'signal_20GeV_1e-4p5'], ['/eos/user/t/tcritchl/new_variables_HNL_test_March24/HNL_Dirac_ejj_20GeV_1e-5Ve.root', 'signal_20GeV_1e-5'], ['/eos/user/t/tcritchl/new_variables_HNL_test_March24/HNL_Dirac_ejj_30GeV_1e-2Ve.root', 'signal_30GeV_1e-2'], ['/eos/user/t/tcritchl/new_variables_HNL_test_March24/HNL_Dirac_ejj_30GeV_1e-2p5Ve.root', 'signal_30GeV_1e-2p5'], ['/eos/user/t/tcritchl/new_variables_HNL_test_March24/HNL_Dirac_ejj_30GeV_1e-3Ve.root', 'signal_30GeV_1e-3'], ['/eos/user/t/tcritchl/new_variables_HNL_test_March24/HNL_Dirac_ejj_30GeV_1e-3p5Ve.root', 'signal_30GeV_1e-3p5'], ['/eos/user/t/tcritchl/new_variables_HNL_test_March24/HNL_Dirac_ejj_30GeV_1e-4Ve.root', 'signal_30GeV_1e-4'], ['/eos/user/t/tcritchl/new_variables_HNL_test_March24/HNL_Dirac_ejj_30GeV_1e-4p5Ve.root', 'signal_30GeV_1e-4p5'], ['/eos/user/t/tcritchl/new_variables_HNL_test_March24/HNL_Dirac_ejj_40GeV_1e-2Ve.root', 'signal_40GeV_1e-2'], ['/eos/user/t/tcritchl/new_variables_HNL_test_March24/HNL_Dirac_ejj_40GeV_1e-2p5Ve.root', 'signal_40GeV_1e-2p5'], ['/eos/user/t/tcritchl/new_variables_HNL_test_March24/HNL_Dirac_ejj_40GeV_1e-3Ve.root', 'signal_40GeV_1e-3'], ['/eos/user/t/tcritchl/new_variables_HNL_test_March24/HNL_Dirac_ejj_40GeV_1e-3p5Ve.root', 'signal_40GeV_1e-3p5'], ['/eos/user/t/tcritchl/new_variables_HNL_test_March24/HNL_Dirac_ejj_40GeV_1e-4Ve.root', 'signal_40GeV_1e-4'], ['/eos/user/t/tcritchl/new_variables_HNL_test_March24/HNL_Dirac_ejj_40GeV_1e-4p5Ve.root', 'signal_40GeV_1e-4p5'], ['/eos/user/t/tcritchl/new_variables_HNL_test_March24/HNL_Dirac_ejj_40GeV_1e-5Ve.root', 'signal_40GeV_1e-5'], ['/eos/user/t/tcritchl/new_variables_HNL_test_March24/HNL_Dirac_ejj_50GeV_1e-2Ve.root', 'signal_50GeV_1e-2'], ['/eos/user/t/tcritchl/new_variables_HNL_test_March24/HNL_Dirac_ejj_50GeV_1e-2p5Ve.root', 'signal_50GeV_1e-2p5'], ['/eos/user/t/tcritchl/new_variables_HNL_test_March24/HNL_Dirac_ejj_50GeV_1e-3Ve.root', 'signal_50GeV_1e-3'], ['/eos/user/t/tcritchl/new_variables_HNL_test_March24/HNL_Dirac_ejj_50GeV_1e-3p5Ve.root', 'signal_50GeV_1e-3p5'], ['/eos/user/t/tcritchl/new_variables_HNL_test_March24/HNL_Dirac_ejj_50GeV_1e-4Ve.root', 'signal_50GeV_1e-4'], ['/eos/user/t/tcritchl/new_variables_HNL_test_March24/HNL_Dirac_ejj_50GeV_1e-4p5Ve.root', 'signal_50GeV_1e-4p5'], ['/eos/user/t/tcritchl/new_variables_HNL_test_March24/HNL_Dirac_ejj_50GeV_1e-5Ve.root', 'signal_50GeV_1e-5'], ['/eos/user/t/tcritchl/new_variables_HNL_test_March24/HNL_Dirac_ejj_60GeV_1e-2Ve.root', 'signal_60GeV_1e-2'], ['/eos/user/t/tcritchl/new_variables_HNL_test_March24/HNL_Dirac_ejj_60GeV_1e-2p5Ve.root', 'signal_60GeV_1e-2p5'], ['/eos/user/t/tcritchl/new_variables_HNL_test_March24/HNL_Dirac_ejj_60GeV_1e-3Ve.root', 'signal_60GeV_1e-3'], ['/eos/user/t/tcritchl/new_variables_HNL_test_March24/HNL_Dirac_ejj_60GeV_1e-3p5Ve.root', 'signal_60GeV_1e-3p5'], ['/eos/user/t/tcritchl/new_variables_HNL_test_March24/HNL_Dirac_ejj_60GeV_1e-4Ve.root', 'signal_60GeV_1e-4'], ['/eos/user/t/tcritchl/new_variables_HNL_test_March24/HNL_Dirac_ejj_60GeV_1e-4p5Ve.root', 'signal_60GeV_1e-4p5'], ['/eos/user/t/tcritchl/new_variables_HNL_test_March24/HNL_Dirac_ejj_60GeV_1e-5Ve.root', 'signal_60GeV_1e-5'], ['/eos/user/t/tcritchl/new_variables_HNL_test_March24/HNL_Dirac_ejj_70GeV_1e-2Ve.root', 'signal_70GeV_1e-2'], ['/eos/user/t/tcritchl/new_variables_HNL_test_March24/HNL_Dirac_ejj_70GeV_1e-2p5Ve.root', 'signal_70GeV_1e-2p5'], ['/eos/user/t/tcritchl/new_variables_HNL_test_March24/HNL_Dirac_ejj_70GeV_1e-3Ve.root', 'signal_70GeV_1e-3'], ['/eos/user/t/tcritchl/new_variables_HNL_test_March24/HNL_Dirac_ejj_70GeV_1e-3p5Ve.root', 'signal_70GeV_1e-3p5'], ['/eos/user/t/tcritchl/new_variables_HNL_test_March24/HNL_Dirac_ejj_70GeV_1e-4Ve.root', 'signal_70GeV_1e-4'], ['/eos/user/t/tcritchl/new_variables_HNL_test_March24/HNL_Dirac_ejj_70GeV_1e-4p5Ve.root', 'signal_70GeV_1e-4p5'], ['/eos/user/t/tcritchl/new_variables_HNL_test_March24/HNL_Dirac_ejj_70GeV_1e-5Ve.root', 'signal_70GeV_1e-5'], ['/eos/user/t/tcritchl/new_variables_HNL_test_March24/HNL_Dirac_ejj_80GeV_1e-2Ve.root', 'signal_80GeV_1e-2'], ['/eos/user/t/tcritchl/new_variables_HNL_test_March24/HNL_Dirac_ejj_80GeV_1e-2p5Ve.root', 'signal_80GeV_1e-2p5'], ['/eos/user/t/tcritchl/new_variables_HNL_test_March24/HNL_Dirac_ejj_80GeV_1e-3Ve.root', 'signal_80GeV_1e-3'], ['/eos/user/t/tcritchl/new_variables_HNL_test_March24/HNL_Dirac_ejj_80GeV_1e-3p5Ve.root', 'signal_80GeV_1e-3p5'], ['/eos/user/t/tcritchl/new_variables_HNL_test_March24/HNL_Dirac_ejj_80GeV_1e-4Ve.root', 'signal_80GeV_1e-4'], ['/eos/user/t/tcritchl/new_variables_HNL_test_March24/HNL_Dirac_ejj_80GeV_1e-4p5Ve.root', 'signal_80GeV_1e-4p5'], ['/eos/user/t/tcritchl/new_variables_HNL_test_March24/HNL_Dirac_ejj_80GeV_1e-5Ve.root', 'signal_80GeV_1e-5']]
Exactly one electron final state with lead electron energy E > 15 GeV and D0_significance < 5 (prompt decay): pass=4649432    all=936730572  -- eff=0.50 % cumulative eff=0.50 %
Exactly one electron final state with lead electron energy E > 15 GeV and D0_significance < 5 (prompt decay): pass=26702      all=100000     -- eff=26.70 % cumulative eff=26.70 %
Exactly one electron final state with lead electron energy E > 15 GeV and D0_significance < 5 (prompt decay): pass=6442       all=100000     -- eff=6.44 % cumulative eff=6.44 %
Exactly one electron final state with lead electron energy E > 15 GeV and D0_significance < 5 (prompt decay): pass=1134       all=100000     -- eff=1.13 % cumulative eff=1.13 %
Exactly one electron final state with lead electron energy E > 15 GeV and D0_significance < 5 (prompt decay): pass=156        all=38667      -- eff=0.40 % cumulative eff=0.40 %
Exactly one electron final state with lead electron energy E > 15 GeV and D0_significance < 5 (prompt decay): pass=378        all=100000     -- eff=0.38 % cumulative eff=0.38 %
Exactly one electron final state with lead electron energy E > 15 GeV and D0_significance < 5 (prompt decay): pass=67         all=100000     -- eff=0.07 % cumulative eff=0.07 %
Exactly one electron final state with lead electron energy E > 15 GeV and D0_significance < 5 (prompt decay): pass=10         all=100000     -- eff=0.01 % cumulative eff=0.01 %
Exactly one electron final state with lead electron energy E > 15 GeV and D0_significance < 5 (prompt decay): pass=52258      all=100000     -- eff=52.26 % cumulative eff=52.26 %
Exactly one electron final state with lead electron energy E > 15 GeV and D0_significance < 5 (prompt decay): pass=44476      all=100000     -- eff=44.48 % cumulative eff=44.48 %
Exactly one electron final state with lead electron energy E > 15 GeV and D0_significance < 5 (prompt decay): pass=15859      all=100000     -- eff=15.86 % cumulative eff=15.86 %
Exactly one electron final state with lead electron energy E > 15 GeV and D0_significance < 5 (prompt decay): pass=2992       all=100000     -- eff=2.99 % cumulative eff=2.99 %
Exactly one electron final state with lead electron energy E > 15 GeV and D0_significance < 5 (prompt decay): pass=393        all=76400      -- eff=0.51 % cumulative eff=0.51 %
Exactly one electron final state with lead electron energy E > 15 GeV and D0_significance < 5 (prompt decay): pass=24         all=9707       -- eff=0.25 % cumulative eff=0.25 %
Exactly one electron final state with lead electron energy E > 15 GeV and D0_significance < 5 (prompt decay): pass=87         all=45948      -- eff=0.19 % cumulative eff=0.19 %
Exactly one electron final state with lead electron energy E > 15 GeV and D0_significance < 5 (prompt decay): pass=54236      all=100000     -- eff=54.24 % cumulative eff=54.24 %
Exactly one electron final state with lead electron energy E > 15 GeV and D0_significance < 5 (prompt decay): pass=54248      all=100000     -- eff=54.25 % cumulative eff=54.25 %
Exactly one electron final state with lead electron energy E > 15 GeV and D0_significance < 5 (prompt decay): pass=44252      all=100000     -- eff=44.25 % cumulative eff=44.25 %
Exactly one electron final state with lead electron energy E > 15 GeV and D0_significance < 5 (prompt decay): pass=14777      all=100000     -- eff=14.78 % cumulative eff=14.78 %
Exactly one electron final state with lead electron energy E > 15 GeV and D0_significance < 5 (prompt decay): pass=2880       all=100000     -- eff=2.88 % cumulative eff=2.88 %
Exactly one electron final state with lead electron energy E > 15 GeV and D0_significance < 5 (prompt decay): pass=475        all=100000     -- eff=0.47 % cumulative eff=0.47 %
Exactly one electron final state with lead electron energy E > 15 GeV and D0_significance < 5 (prompt decay): pass=56398      all=100000     -- eff=56.40 % cumulative eff=56.40 %
Exactly one electron final state with lead electron energy E > 15 GeV and D0_significance < 5 (prompt decay): pass=56397      all=100000     -- eff=56.40 % cumulative eff=56.40 %
Exactly one electron final state with lead electron energy E > 15 GeV and D0_significance < 5 (prompt decay): pass=56062      all=100000     -- eff=56.06 % cumulative eff=56.06 %
Exactly one electron final state with lead electron energy E > 15 GeV and D0_significance < 5 (prompt decay): pass=36254      all=100000     -- eff=36.25 % cumulative eff=36.25 %
Exactly one electron final state with lead electron energy E > 15 GeV and D0_significance < 5 (prompt decay): pass=9812       all=100000     -- eff=9.81 % cumulative eff=9.81 %
Exactly one electron final state with lead electron energy E > 15 GeV and D0_significance < 5 (prompt decay): pass=1654       all=100000     -- eff=1.65 % cumulative eff=1.65 %
Exactly one electron final state with lead electron energy E > 15 GeV and D0_significance < 5 (prompt decay): pass=14         all=7196       -- eff=0.19 % cumulative eff=0.19 %
Exactly one electron final state with lead electron energy E > 15 GeV and D0_significance < 5 (prompt decay): pass=59956      all=100000     -- eff=59.96 % cumulative eff=59.96 %
Exactly one electron final state with lead electron energy E > 15 GeV and D0_significance < 5 (prompt decay): pass=60105      all=100000     -- eff=60.11 % cumulative eff=60.10 %
Exactly one electron final state with lead electron energy E > 15 GeV and D0_significance < 5 (prompt decay): pass=59982      all=100000     -- eff=59.98 % cumulative eff=59.98 %
Exactly one electron final state with lead electron energy E > 15 GeV and D0_significance < 5 (prompt decay): pass=56011      all=100000     -- eff=56.01 % cumulative eff=56.01 %
Exactly one electron final state with lead electron energy E > 15 GeV and D0_significance < 5 (prompt decay): pass=24356      all=100000     -- eff=24.36 % cumulative eff=24.36 %
Exactly one electron final state with lead electron energy E > 15 GeV and D0_significance < 5 (prompt decay): pass=5024       all=100000     -- eff=5.02 % cumulative eff=5.02 %
Exactly one electron final state with lead electron energy E > 15 GeV and D0_significance < 5 (prompt decay): pass=807        all=100000     -- eff=0.81 % cumulative eff=0.81 %
>>> Extract the training and testing events for background_total from the bkg_placeholder_name dataset.
background loop for label background_total
generating a combined dataframe object ...
finished generating dataframe!
filtering events..
defining index....
compiling report...
>>> Extract the training and testing events for signal_10GeV_1e-2 from the /eos/user/t/tcritchl/new_variables_HNL_test_March24/HNL_Dirac_ejj_10GeV_1e-2Ve.root dataset.
filtering events..
defining index....
compiling report...
>>> Extract the training and testing events for signal_10GeV_1e-2p5 from the /eos/user/t/tcritchl/new_variables_HNL_test_March24/HNL_Dirac_ejj_10GeV_1e-2p5Ve.root dataset.
filtering events..
defining index....
compiling report...
>>> Extract the training and testing events for signal_10GeV_1e-3 from the /eos/user/t/tcritchl/new_variables_HNL_test_March24/HNL_Dirac_ejj_10GeV_1e-3Ve.root dataset.
filtering events..
defining index....
compiling report...
>>> Extract the training and testing events for signal_10GeV_1e-3p5 from the /eos/user/t/tcritchl/new_variables_HNL_test_March24/HNL_Dirac_ejj_10GeV_1e-3p5Ve.root dataset.
filtering events..
defining index....
compiling report...
>>> Extract the training and testing events for signal_10GeV_1e-4 from the /eos/user/t/tcritchl/new_variables_HNL_test_March24/HNL_Dirac_ejj_10GeV_1e-4Ve.root dataset.
filtering events..
defining index....
compiling report...
>>> Extract the training and testing events for signal_10GeV_1e-4p5 from the /eos/user/t/tcritchl/new_variables_HNL_test_March24/HNL_Dirac_ejj_10GeV_1e-4p5Ve.root dataset.
filtering events..
defining index....
compiling report...
>>> Extract the training and testing events for signal_10GeV_1e-5 from the /eos/user/t/tcritchl/new_variables_HNL_test_March24/HNL_Dirac_ejj_10GeV_1e-5Ve.root dataset.
filtering events..
defining index....
compiling report...
>>> Extract the training and testing events for signal_20GeV_1e-2 from the /eos/user/t/tcritchl/new_variables_HNL_test_March24/HNL_Dirac_ejj_20GeV_1e-2Ve.root dataset.
filtering events..
defining index....
compiling report...
>>> Extract the training and testing events for signal_20GeV_1e-2p5 from the /eos/user/t/tcritchl/new_variables_HNL_test_March24/HNL_Dirac_ejj_20GeV_1e-2p5Ve.root dataset.
filtering events..
defining index....
compiling report...
>>> Extract the training and testing events for signal_20GeV_1e-3 from the /eos/user/t/tcritchl/new_variables_HNL_test_March24/HNL_Dirac_ejj_20GeV_1e-3Ve.root dataset.
filtering events..
defining index....
compiling report...
>>> Extract the training and testing events for signal_20GeV_1e-3p5 from the /eos/user/t/tcritchl/new_variables_HNL_test_March24/HNL_Dirac_ejj_20GeV_1e-3p5Ve.root dataset.
filtering events..
defining index....
compiling report...
>>> Extract the training and testing events for signal_20GeV_1e-4 from the /eos/user/t/tcritchl/new_variables_HNL_test_March24/HNL_Dirac_ejj_20GeV_1e-4Ve.root dataset.
filtering events..
defining index....
compiling report...
>>> Extract the training and testing events for signal_20GeV_1e-4p5 from the /eos/user/t/tcritchl/new_variables_HNL_test_March24/HNL_Dirac_ejj_20GeV_1e-4p5Ve.root dataset.
filtering events..
defining index....
compiling report...
>>> Extract the training and testing events for signal_20GeV_1e-5 from the /eos/user/t/tcritchl/new_variables_HNL_test_March24/HNL_Dirac_ejj_20GeV_1e-5Ve.root dataset.
filtering events..
defining index....
compiling report...
>>> Extract the training and testing events for signal_30GeV_1e-2 from the /eos/user/t/tcritchl/new_variables_HNL_test_March24/HNL_Dirac_ejj_30GeV_1e-2Ve.root dataset.
filtering events..
defining index....
compiling report...
>>> Extract the training and testing events for signal_30GeV_1e-2p5 from the /eos/user/t/tcritchl/new_variables_HNL_test_March24/HNL_Dirac_ejj_30GeV_1e-2p5Ve.root dataset.
filtering events..
defining index....
compiling report...
>>> Extract the training and testing events for signal_30GeV_1e-3 from the /eos/user/t/tcritchl/new_variables_HNL_test_March24/HNL_Dirac_ejj_30GeV_1e-3Ve.root dataset.
filtering events..
defining index....
compiling report...
>>> Extract the training and testing events for signal_30GeV_1e-3p5 from the /eos/user/t/tcritchl/new_variables_HNL_test_March24/HNL_Dirac_ejj_30GeV_1e-3p5Ve.root dataset.
filtering events..
defining index....
compiling report...
>>> Extract the training and testing events for signal_30GeV_1e-4 from the /eos/user/t/tcritchl/new_variables_HNL_test_March24/HNL_Dirac_ejj_30GeV_1e-4Ve.root dataset.
filtering events..
defining index....
compiling report...
>>> Extract the training and testing events for signal_30GeV_1e-4p5 from the /eos/user/t/tcritchl/new_variables_HNL_test_March24/HNL_Dirac_ejj_30GeV_1e-4p5Ve.root dataset.
filtering events..
defining index....
compiling report...
>>> Extract the training and testing events for signal_40GeV_1e-2 from the /eos/user/t/tcritchl/new_variables_HNL_test_March24/HNL_Dirac_ejj_40GeV_1e-2Ve.root dataset.
filtering events..
defining index....
compiling report...
>>> Extract the training and testing events for signal_40GeV_1e-2p5 from the /eos/user/t/tcritchl/new_variables_HNL_test_March24/HNL_Dirac_ejj_40GeV_1e-2p5Ve.root dataset.
filtering events..
defining index....
compiling report...
>>> Extract the training and testing events for signal_40GeV_1e-3 from the /eos/user/t/tcritchl/new_variables_HNL_test_March24/HNL_Dirac_ejj_40GeV_1e-3Ve.root dataset.
filtering events..
defining index....
compiling report...
>>> Extract the training and testing events for signal_40GeV_1e-3p5 from the /eos/user/t/tcritchl/new_variables_HNL_test_March24/HNL_Dirac_ejj_40GeV_1e-3p5Ve.root dataset.
filtering events..
defining index....
compiling report...
>>> Extract the training and testing events for signal_40GeV_1e-4 from the /eos/user/t/tcritchl/new_variables_HNL_test_March24/HNL_Dirac_ejj_40GeV_1e-4Ve.root dataset.
filtering events..
defining index....
compiling report...
>>> Extract the training and testing events for signal_40GeV_1e-4p5 from the /eos/user/t/tcritchl/new_variables_HNL_test_March24/HNL_Dirac_ejj_40GeV_1e-4p5Ve.root dataset.
filtering events..
defining index....
compiling report...
>>> Extract the training and testing events for signal_40GeV_1e-5 from the /eos/user/t/tcritchl/new_variables_HNL_test_March24/HNL_Dirac_ejj_40GeV_1e-5Ve.root dataset.
filtering events..
defining index....
compiling report...
>>> Extract the training and testing events for signal_50GeV_1e-2 from the /eos/user/t/tcritchl/new_variables_HNL_test_March24/HNL_Dirac_ejj_50GeV_1e-2Ve.root dataset.
filtering events..
defining index....
compiling report...
>>> Extract the training and testing events for signal_50GeV_1e-2p5 from the /eos/user/t/tcritchl/new_variables_HNL_test_March24/HNL_Dirac_ejj_50GeV_1e-2p5Ve.root dataset.
filtering events..
defining index....
compiling report...
>>> Extract the training and testing events for signal_50GeV_1e-3 from the /eos/user/t/tcritchl/new_variables_HNL_test_March24/HNL_Dirac_ejj_50GeV_1e-3Ve.root dataset.
filtering events..
defining index....
compiling report...
>>> Extract the training and testing events for signal_50GeV_1e-3p5 from the /eos/user/t/tcritchl/new_variables_HNL_test_March24/HNL_Dirac_ejj_50GeV_1e-3p5Ve.root dataset.
filtering events..
defining index....
compiling report...
>>> Extract the training and testing events for signal_50GeV_1e-4 from the /eos/user/t/tcritchl/new_variables_HNL_test_March24/HNL_Dirac_ejj_50GeV_1e-4Ve.root dataset.
filtering events..
defining index....
compiling report...
>>> Extract the training and testing events for signal_50GeV_1e-4p5 from the /eos/user/t/tcritchl/new_variables_HNL_test_March24/HNL_Dirac_ejj_50GeV_1e-4p5Ve.root dataset.
filtering events..
defining index....
compiling report...
>>> Extract the training and testing events for signal_50GeV_1e-5 from the /eos/user/t/tcritchl/new_variables_HNL_test_March24/HNL_Dirac_ejj_50GeV_1e-5Ve.root dataset.
filtering events..
defining index....
compiling report...
>>> Extract the training and testing events for signal_60GeV_1e-2 from the /eos/user/t/tcritchl/new_variables_HNL_test_March24/HNL_Dirac_ejj_60GeV_1e-2Ve.root dataset.
Exactly one electron final state with lead electron energy E > 15 GeV and D0_significance < 5 (prompt decay): pass=64604      all=100000     -- eff=64.60 % cumulative eff=64.60 %
Exactly one electron final state with lead electron energy E > 15 GeV and D0_significance < 5 (prompt decay): pass=64604      all=100000     -- eff=64.60 % cumulative eff=64.60 %
Exactly one electron final state with lead electron energy E > 15 GeV and D0_significance < 5 (prompt decay): pass=64598      all=100000     -- eff=64.60 % cumulative eff=64.60 %
Exactly one electron final state with lead electron energy E > 15 GeV and D0_significance < 5 (prompt decay): pass=64519      all=100000     -- eff=64.52 % cumulative eff=64.52 %
Exactly one electron final state with lead electron energy E > 15 GeV and D0_significance < 5 (prompt decay): pass=47576      all=100000     -- eff=47.58 % cumulative eff=47.58 %
Exactly one electron final state with lead electron energy E > 15 GeV and D0_significance < 5 (prompt decay): pass=13900      all=100000     -- eff=13.90 % cumulative eff=13.90 %
Exactly one electron final state with lead electron energy E > 15 GeV and D0_significance < 5 (prompt decay): pass=2405       all=100000     -- eff=2.40 % cumulative eff=2.40 %
Exactly one electron final state with lead electron energy E > 15 GeV and D0_significance < 5 (prompt decay): pass=64387      all=100000     -- eff=64.39 % cumulative eff=64.39 %
Exactly one electron final state with lead electron energy E > 15 GeV and D0_significance < 5 (prompt decay): pass=64388      all=100000     -- eff=64.39 % cumulative eff=64.39 %
Exactly one electron final state with lead electron energy E > 15 GeV and D0_significance < 5 (prompt decay): pass=64387      all=100000     -- eff=64.39 % cumulative eff=64.39 %
Exactly one electron final state with lead electron energy E > 15 GeV and D0_significance < 5 (prompt decay): pass=64387      all=100000     -- eff=64.39 % cumulative eff=64.39 %
Exactly one electron final state with lead electron energy E > 15 GeV and D0_significance < 5 (prompt decay): pass=62802      all=100000     -- eff=62.80 % cumulative eff=62.80 %
Exactly one electron final state with lead electron energy E > 15 GeV and D0_significance < 5 (prompt decay): pass=32291      all=100000     -- eff=32.29 % cumulative eff=32.29 %
Exactly one electron final state with lead electron energy E > 15 GeV and D0_significance < 5 (prompt decay): pass=7213       all=100000     -- eff=7.21 % cumulative eff=7.21 %
Exactly one electron final state with lead electron energy E > 15 GeV and D0_significance < 5 (prompt decay): pass=48706      all=100000     -- eff=48.71 % cumulative eff=48.71 %
Exactly one electron final state with lead electron energy E > 15 GeV and D0_significance < 5 (prompt decay): pass=48707      all=100000     -- eff=48.71 % cumulative eff=48.71 %
Exactly one electron final state with lead electron energy E > 15 GeV and D0_significance < 5 (prompt decay): pass=48706      all=100000     -- eff=48.71 % cumulative eff=48.71 %
Exactly one electron final state with lead electron energy E > 15 GeV and D0_significance < 5 (prompt decay): pass=48704      all=100000     -- eff=48.70 % cumulative eff=48.70 %
Exactly one electron final state with lead electron energy E > 15 GeV and D0_significance < 5 (prompt decay): pass=48009      all=100000     -- eff=48.01 % cumulative eff=48.01 %
Exactly one electron final state with lead electron energy E > 15 GeV and D0_significance < 5 (prompt decay): pass=26618      all=100000     -- eff=26.62 % cumulative eff=26.62 %
Exactly one electron final state with lead electron energy E > 15 GeV and D0_significance < 5 (prompt decay): pass=6160       all=100000     -- eff=6.16 % cumulative eff=6.16 %
filtering events..
defining index....
compiling report...
>>> Extract the training and testing events for signal_60GeV_1e-2p5 from the /eos/user/t/tcritchl/new_variables_HNL_test_March24/HNL_Dirac_ejj_60GeV_1e-2p5Ve.root dataset.
filtering events..
defining index....
compiling report...
>>> Extract the training and testing events for signal_60GeV_1e-3 from the /eos/user/t/tcritchl/new_variables_HNL_test_March24/HNL_Dirac_ejj_60GeV_1e-3Ve.root dataset.
filtering events..
defining index....
compiling report...
>>> Extract the training and testing events for signal_60GeV_1e-3p5 from the /eos/user/t/tcritchl/new_variables_HNL_test_March24/HNL_Dirac_ejj_60GeV_1e-3p5Ve.root dataset.
filtering events..
defining index....
compiling report...
>>> Extract the training and testing events for signal_60GeV_1e-4 from the /eos/user/t/tcritchl/new_variables_HNL_test_March24/HNL_Dirac_ejj_60GeV_1e-4Ve.root dataset.
filtering events..
defining index....
compiling report...
>>> Extract the training and testing events for signal_60GeV_1e-4p5 from the /eos/user/t/tcritchl/new_variables_HNL_test_March24/HNL_Dirac_ejj_60GeV_1e-4p5Ve.root dataset.
filtering events..
defining index....
compiling report...
>>> Extract the training and testing events for signal_60GeV_1e-5 from the /eos/user/t/tcritchl/new_variables_HNL_test_March24/HNL_Dirac_ejj_60GeV_1e-5Ve.root dataset.
filtering events..
defining index....
compiling report...
>>> Extract the training and testing events for signal_70GeV_1e-2 from the /eos/user/t/tcritchl/new_variables_HNL_test_March24/HNL_Dirac_ejj_70GeV_1e-2Ve.root dataset.
filtering events..
defining index....
compiling report...
>>> Extract the training and testing events for signal_70GeV_1e-2p5 from the /eos/user/t/tcritchl/new_variables_HNL_test_March24/HNL_Dirac_ejj_70GeV_1e-2p5Ve.root dataset.
filtering events..
defining index....
compiling report...
>>> Extract the training and testing events for signal_70GeV_1e-3 from the /eos/user/t/tcritchl/new_variables_HNL_test_March24/HNL_Dirac_ejj_70GeV_1e-3Ve.root dataset.
filtering events..
defining index....
compiling report...
>>> Extract the training and testing events for signal_70GeV_1e-3p5 from the /eos/user/t/tcritchl/new_variables_HNL_test_March24/HNL_Dirac_ejj_70GeV_1e-3p5Ve.root dataset.
filtering events..
defining index....
compiling report...
>>> Extract the training and testing events for signal_70GeV_1e-4 from the /eos/user/t/tcritchl/new_variables_HNL_test_March24/HNL_Dirac_ejj_70GeV_1e-4Ve.root dataset.
filtering events..
defining index....
compiling report...
>>> Extract the training and testing events for signal_70GeV_1e-4p5 from the /eos/user/t/tcritchl/new_variables_HNL_test_March24/HNL_Dirac_ejj_70GeV_1e-4p5Ve.root dataset.
filtering events..
defining index....
compiling report...
>>> Extract the training and testing events for signal_70GeV_1e-5 from the /eos/user/t/tcritchl/new_variables_HNL_test_March24/HNL_Dirac_ejj_70GeV_1e-5Ve.root dataset.
filtering events..
defining index....
compiling report...
>>> Extract the training and testing events for signal_80GeV_1e-2 from the /eos/user/t/tcritchl/new_variables_HNL_test_March24/HNL_Dirac_ejj_80GeV_1e-2Ve.root dataset.
filtering events..
defining index....
compiling report...
>>> Extract the training and testing events for signal_80GeV_1e-2p5 from the /eos/user/t/tcritchl/new_variables_HNL_test_March24/HNL_Dirac_ejj_80GeV_1e-2p5Ve.root dataset.
filtering events..
defining index....
compiling report...
>>> Extract the training and testing events for signal_80GeV_1e-3 from the /eos/user/t/tcritchl/new_variables_HNL_test_March24/HNL_Dirac_ejj_80GeV_1e-3Ve.root dataset.
filtering events..
defining index....
compiling report...
>>> Extract the training and testing events for signal_80GeV_1e-3p5 from the /eos/user/t/tcritchl/new_variables_HNL_test_March24/HNL_Dirac_ejj_80GeV_1e-3p5Ve.root dataset.
filtering events..
defining index....
compiling report...
>>> Extract the training and testing events for signal_80GeV_1e-4 from the /eos/user/t/tcritchl/new_variables_HNL_test_March24/HNL_Dirac_ejj_80GeV_1e-4Ve.root dataset.
filtering events..
defining index....
compiling report...
>>> Extract the training and testing events for signal_80GeV_1e-4p5 from the /eos/user/t/tcritchl/new_variables_HNL_test_March24/HNL_Dirac_ejj_80GeV_1e-4p5Ve.root dataset.
filtering events..
defining index....
compiling report...
>>> Extract the training and testing events for signal_80GeV_1e-5 from the /eos/user/t/tcritchl/new_variables_HNL_test_March24/HNL_Dirac_ejj_80GeV_1e-5Ve.root dataset.
filtering events..
defining index....
compiling report...
PrimaryTracks: ROOT::VecOps::RVec<edm4hep::TrackState>
PrimaryTracks.D0: ROOT::VecOps::RVec<Float_t>
PrimaryTracks.Z0: ROOT::VecOps::RVec<Float_t>
Traceback (most recent call last):
  File "/afs/cern.ch/work/t/tcritchl/FCCAnalyses_local/xgboost/new_variables_training/LLP_study/PromptDecay/DataPreparation_macro.py", line 225, in <module>
    column_type = df.GetColumnType(column_name)
cppyy.gbl.std.runtime_error: string ROOT::RDF::RInterfaceBase::GetColumnType(basic_string_view<char,char_traits<char> > column) =>
    runtime_error: TTree leaf PrimaryTracks.covMatrix[21] has both a leaf count and a static length. This is not supported.
