000 (9619678.000.000) 04/10 11:52:56 Job submitted from host: <137.138.156.150:9618?addrs=137.138.156.150-9618+[2001-1458-d00-14--9a]-9618&alias=bigbird13.cern.ch&noUDP&sock=schedd_2138_1192>
...
040 (9619678.000.000) 04/10 13:04:15 Started transferring input files
	Transferring to host: <128.142.59.140:9618?addrs=128.142.59.140-9618&alias=b7s04p0157.cern.ch&noUDP&sock=slot1_14_7554_39ec_98483>
...
040 (9619678.000.000) 04/10 13:04:15 Finished transferring input files
...
001 (9619678.000.000) 04/10 13:04:16 Job executing on host: <128.142.59.140:9618?addrs=128.142.59.140-9618&alias=b7s04p0157.cern.ch&noUDP&sock=startd_7467_51c4>
...
006 (9619678.000.000) 04/10 13:04:24 Image size of job updated: 1746400
	247  -  MemoryUsage of job (MB)
	252724  -  ResidentSetSize of job (KB)
...
006 (9619678.000.000) 04/10 13:04:51 Image size of job updated: 19803768
	247  -  MemoryUsage of job (MB)
	252732  -  ResidentSetSize of job (KB)
...
040 (9619678.000.000) 04/10 13:04:51 Started transferring output files
...
040 (9619678.000.000) 04/10 13:04:51 Finished transferring output files
...
005 (9619678.000.000) 04/10 13:04:51 Job terminated.
	(1) Normal termination (return value 0)
		Usr 0 00:00:34, Sys 0 00:00:04  -  Run Remote Usage
		Usr 0 00:00:00, Sys 0 00:00:00  -  Run Local Usage
		Usr 0 00:00:34, Sys 0 00:00:04  -  Total Remote Usage
		Usr 0 00:00:00, Sys 0 00:00:00  -  Total Local Usage
	19127  -  Run Bytes Sent By Job
	196  -  Run Bytes Received By Job
	19127  -  Total Bytes Sent By Job
	196  -  Total Bytes Received By Job
	Partitionable Resources :    Usage  Request Allocated 
	   Cpus                 :                 1         1 
	   Disk (KB)            :       33        1   1276157 
	   Memory (MB)          :      247     2000      2000 

	Job terminated of its own accord at 2024-04-10T11:04:51Z.
...
