000 (9619686.000.000) 04/10 11:53:46 Job submitted from host: <137.138.156.150:9618?addrs=137.138.156.150-9618+[2001-1458-d00-14--9a]-9618&alias=bigbird13.cern.ch&noUDP&sock=schedd_2138_1192>
...
040 (9619686.000.000) 04/10 13:03:46 Started transferring input files
	Transferring to host: <128.142.59.50:9618?addrs=128.142.59.50-9618&alias=b7s04p0830.cern.ch&noUDP&sock=slot1_25_7236_2a9f_99788>
...
040 (9619686.000.000) 04/10 13:03:46 Finished transferring input files
...
001 (9619686.000.000) 04/10 13:03:47 Job executing on host: <128.142.59.50:9618?addrs=128.142.59.50-9618&alias=b7s04p0830.cern.ch&noUDP&sock=startd_7172_f953>
...
006 (9619686.000.000) 04/10 13:03:56 Image size of job updated: 14871496
	272  -  MemoryUsage of job (MB)
	277584  -  ResidentSetSize of job (KB)
...
006 (9619686.000.000) 04/10 13:04:20 Image size of job updated: 19796804
	272  -  MemoryUsage of job (MB)
	277588  -  ResidentSetSize of job (KB)
...
040 (9619686.000.000) 04/10 13:04:20 Started transferring output files
...
040 (9619686.000.000) 04/10 13:04:20 Finished transferring output files
...
005 (9619686.000.000) 04/10 13:04:20 Job terminated.
	(1) Normal termination (return value 0)
		Usr 0 00:00:44, Sys 0 00:00:04  -  Run Remote Usage
		Usr 0 00:00:00, Sys 0 00:00:00  -  Run Local Usage
		Usr 0 00:00:44, Sys 0 00:00:04  -  Total Remote Usage
		Usr 0 00:00:00, Sys 0 00:00:00  -  Total Local Usage
	16162  -  Run Bytes Sent By Job
	194  -  Run Bytes Received By Job
	16162  -  Total Bytes Sent By Job
	194  -  Total Bytes Received By Job
	Partitionable Resources :    Usage  Request Allocated 
	   Cpus                 :                 1         1 
	   Disk (KB)            :       29        1   1301921 
	   Memory (MB)          :      272     2000      2000 

	Job terminated of its own accord at 2024-04-10T11:04:20Z.
...
