000 (9619656.000.000) 04/10 11:50:30 Job submitted from host: <137.138.156.150:9618?addrs=137.138.156.150-9618+[2001-1458-d00-14--9a]-9618&alias=bigbird13.cern.ch&noUDP&sock=schedd_2138_1192>
...
040 (9619656.000.000) 04/10 13:02:35 Started transferring input files
	Transferring to host: <128.142.56.156:9618?addrs=128.142.56.156-9618&alias=b7s01p3504.cern.ch&noUDP&sock=slot1_5_6918_1b52_98491>
...
040 (9619656.000.000) 04/10 13:02:35 Finished transferring input files
...
001 (9619656.000.000) 04/10 13:02:36 Job executing on host: <128.142.56.156:9618?addrs=128.142.56.156-9618&alias=b7s01p3504.cern.ch&noUDP&sock=startd_6853_2a9d>
...
006 (9619656.000.000) 04/10 13:02:44 Image size of job updated: 459368
	273  -  MemoryUsage of job (MB)
	278700  -  ResidentSetSize of job (KB)
...
006 (9619656.000.000) 04/10 13:03:08 Image size of job updated: 19904964
	273  -  MemoryUsage of job (MB)
	278716  -  ResidentSetSize of job (KB)
...
040 (9619656.000.000) 04/10 13:03:09 Started transferring output files
...
040 (9619656.000.000) 04/10 13:03:09 Finished transferring output files
...
005 (9619656.000.000) 04/10 13:03:09 Job terminated.
	(1) Normal termination (return value 0)
		Usr 0 00:00:39, Sys 0 00:00:04  -  Run Remote Usage
		Usr 0 00:00:00, Sys 0 00:00:00  -  Run Local Usage
		Usr 0 00:00:39, Sys 0 00:00:04  -  Total Remote Usage
		Usr 0 00:00:00, Sys 0 00:00:00  -  Total Local Usage
	16313  -  Run Bytes Sent By Job
	194  -  Run Bytes Received By Job
	16313  -  Total Bytes Sent By Job
	194  -  Total Bytes Received By Job
	Partitionable Resources :    Usage  Request Allocated 
	   Cpus                 :     1.60        1         1 
	   Disk (KB)            :    36           1   1160038 
	   Memory (MB)          :   273        2000      2000 

	Job terminated of its own accord at 2024-04-10T11:03:08Z.
...
