000 (9619668.000.000) 04/10 11:51:51 Job submitted from host: <137.138.156.150:9618?addrs=137.138.156.150-9618+[2001-1458-d00-14--9a]-9618&alias=bigbird13.cern.ch&noUDP&sock=schedd_2138_1192>
...
040 (9619668.000.000) 04/10 13:03:51 Started transferring input files
	Transferring to host: <128.142.56.147:9618?addrs=128.142.56.147-9618&alias=b7s01p0322.cern.ch&noUDP&sock=slot1_9_7589_e30e_96842>
...
040 (9619668.000.000) 04/10 13:03:51 Finished transferring input files
...
001 (9619668.000.000) 04/10 13:03:52 Job executing on host: <128.142.56.147:9618?addrs=128.142.56.147-9618&alias=b7s01p0322.cern.ch&noUDP&sock=startd_7511_7fee>
...
006 (9619668.000.000) 04/10 13:04:01 Image size of job updated: 15241056
	274  -  MemoryUsage of job (MB)
	280364  -  ResidentSetSize of job (KB)
...
006 (9619668.000.000) 04/10 13:04:31 Image size of job updated: 19796896
	274  -  MemoryUsage of job (MB)
	280364  -  ResidentSetSize of job (KB)
...
040 (9619668.000.000) 04/10 13:04:31 Started transferring output files
...
040 (9619668.000.000) 04/10 13:04:32 Finished transferring output files
...
005 (9619668.000.000) 04/10 13:04:32 Job terminated.
	(1) Normal termination (return value 0)
		Usr 0 00:00:46, Sys 0 00:00:04  -  Run Remote Usage
		Usr 0 00:00:00, Sys 0 00:00:00  -  Run Local Usage
		Usr 0 00:00:46, Sys 0 00:00:04  -  Total Remote Usage
		Usr 0 00:00:00, Sys 0 00:00:00  -  Total Local Usage
	15675  -  Run Bytes Sent By Job
	194  -  Run Bytes Received By Job
	15675  -  Total Bytes Sent By Job
	194  -  Total Bytes Received By Job
	Partitionable Resources :    Usage  Request Allocated 
	   Cpus                 :                 1         1 
	   Disk (KB)            :       29        1   1213818 
	   Memory (MB)          :      274     2000      2000 

	Job terminated of its own accord at 2024-04-10T11:04:31Z.
...
