000 (9668957.000.000) 04/22 22:21:25 Job submitted from host: <137.138.156.150:9618?addrs=137.138.156.150-9618+[2001-1458-d00-14--9a]-9618&alias=bigbird13.cern.ch&noUDP&sock=schedd_2138_1192>
...
040 (9668957.000.000) 04/22 22:25:28 Started transferring input files
	Transferring to host: <188.185.208.155:9618?addrs=188.185.208.155-9618+[2001-1458-303-10--100-18]-9618&alias=b9p10p7953.cern.ch&noUDP&sock=slot1_22_7058_bfd8_46259>
...
040 (9668957.000.000) 04/22 22:25:28 Finished transferring input files
...
001 (9668957.000.000) 04/22 22:25:29 Job executing on host: <188.185.208.155:9618?addrs=188.185.208.155-9618+[2001-1458-303-10--100-18]-9618&alias=b9p10p7953.cern.ch&noUDP&sock=startd_5690_71f8>
...
006 (9668957.000.000) 04/22 22:25:38 Image size of job updated: 48388
	48  -  MemoryUsage of job (MB)
	48384  -  ResidentSetSize of job (KB)
...
006 (9668957.000.000) 04/22 22:30:39 Image size of job updated: 1670548
	1627  -  MemoryUsage of job (MB)
	1665400  -  ResidentSetSize of job (KB)
...
006 (9668957.000.000) 04/22 22:35:39 Image size of job updated: 4006600
	3902  -  MemoryUsage of job (MB)
	3994800  -  ResidentSetSize of job (KB)
...
006 (9668957.000.000) 04/22 22:40:39 Image size of job updated: 6208392
	6063  -  MemoryUsage of job (MB)
	6207496  -  ResidentSetSize of job (KB)
...
006 (9668957.000.000) 04/22 22:45:40 Image size of job updated: 8432808
	8229  -  MemoryUsage of job (MB)
	8425480  -  ResidentSetSize of job (KB)
...
006 (9668957.000.000) 04/22 22:50:41 Image size of job updated: 10679920
	10429  -  MemoryUsage of job (MB)
	10679184  -  ResidentSetSize of job (KB)
...
006 (9668957.000.000) 04/22 22:55:41 Image size of job updated: 12931012
	12628  -  MemoryUsage of job (MB)
	12931008  -  ResidentSetSize of job (KB)
...
006 (9668957.000.000) 04/22 23:00:42 Image size of job updated: 15024372
	14672  -  MemoryUsage of job (MB)
	15024072  -  ResidentSetSize of job (KB)
...
006 (9668957.000.000) 04/22 23:05:43 Image size of job updated: 16970552
	16563  -  MemoryUsage of job (MB)
	16959968  -  ResidentSetSize of job (KB)
...
006 (9668957.000.000) 04/22 23:10:43 Image size of job updated: 19063464
	18609  -  MemoryUsage of job (MB)
	19054840  -  ResidentSetSize of job (KB)
...
006 (9668957.000.000) 04/22 23:15:43 Image size of job updated: 20987252
	20494  -  MemoryUsage of job (MB)
	20985328  -  ResidentSetSize of job (KB)
...
006 (9668957.000.000) 04/22 23:20:44 Image size of job updated: 22674296
	22141  -  MemoryUsage of job (MB)
	22672028  -  ResidentSetSize of job (KB)
...
006 (9668957.000.000) 04/22 23:25:44 Image size of job updated: 24654832
	24069  -  MemoryUsage of job (MB)
	24645832  -  ResidentSetSize of job (KB)
...
006 (9668957.000.000) 04/22 23:30:44 Image size of job updated: 26373352
	25755  -  MemoryUsage of job (MB)
	26372200  -  ResidentSetSize of job (KB)
...
006 (9668957.000.000) 04/22 23:35:45 Image size of job updated: 28071540
	27412  -  MemoryUsage of job (MB)
	28069792  -  ResidentSetSize of job (KB)
...
006 (9668957.000.000) 04/22 23:40:46 Image size of job updated: 29670104
	28973  -  MemoryUsage of job (MB)
	29668132  -  ResidentSetSize of job (KB)
...
006 (9668957.000.000) 04/22 23:45:46 Image size of job updated: 31023912
	30296  -  MemoryUsage of job (MB)
	31022504  -  ResidentSetSize of job (KB)
...
006 (9668957.000.000) 04/22 23:50:47 Image size of job updated: 32622364
	31849  -  MemoryUsage of job (MB)
	32612872  -  ResidentSetSize of job (KB)
...
006 (9668957.000.000) 04/22 23:55:48 Image size of job updated: 34022244
	33224  -  MemoryUsage of job (MB)
	34021168  -  ResidentSetSize of job (KB)
...
006 (9668957.000.000) 04/23 00:00:48 Image size of job updated: 34608144
	33224  -  MemoryUsage of job (MB)
	34021168  -  ResidentSetSize of job (KB)
...
006 (9668957.000.000) 04/23 01:05:55 Image size of job updated: 34729372
	33912  -  MemoryUsage of job (MB)
	34725768  -  ResidentSetSize of job (KB)
...
006 (9668957.000.000) 04/23 01:10:55 Image size of job updated: 36181528
	35334  -  MemoryUsage of job (MB)
	36181348  -  ResidentSetSize of job (KB)
...
006 (9668957.000.000) 04/23 01:15:56 Image size of job updated: 37820832
	36932  -  MemoryUsage of job (MB)
	37818216  -  ResidentSetSize of job (KB)
...
006 (9668957.000.000) 04/23 01:20:57 Image size of job updated: 39630716
	38700  -  MemoryUsage of job (MB)
	39628140  -  ResidentSetSize of job (KB)
...
006 (9668957.000.000) 04/23 01:25:57 Image size of job updated: 41569864
	40593  -  MemoryUsage of job (MB)
	41566972  -  ResidentSetSize of job (KB)
...
006 (9668957.000.000) 04/23 01:30:57 Image size of job updated: 43386740
	42367  -  MemoryUsage of job (MB)
	43383780  -  ResidentSetSize of job (KB)
...
006 (9668957.000.000) 04/23 01:35:58 Image size of job updated: 43692456
	42367  -  MemoryUsage of job (MB)
	43383780  -  ResidentSetSize of job (KB)
...
040 (9668957.000.000) 04/23 02:11:23 Started transferring output files
...
040 (9668957.000.000) 04/23 02:11:23 Finished transferring output files
...
005 (9668957.000.000) 04/23 02:11:23 Job terminated.
	(1) Normal termination (return value 0)
		Usr 0 01:16:41, Sys 0 00:38:01  -  Run Remote Usage
		Usr 0 00:00:00, Sys 0 00:00:00  -  Run Local Usage
		Usr 0 01:16:41, Sys 0 00:38:01  -  Total Remote Usage
		Usr 0 00:00:00, Sys 0 00:00:00  -  Total Local Usage
	7940  -  Run Bytes Sent By Job
	202  -  Run Bytes Received By Job
	7940  -  Total Bytes Sent By Job
	202  -  Total Bytes Received By Job
	Partitionable Resources :    Usage  Request Allocated 
	   Cpus                 :     0.99        1         1 
	   Disk (KB)            :    29           1   2740879 
	   Memory (MB)          : 42367        2000      2000 

	Job terminated of its own accord at 2024-04-23T00:11:23Z.
...
