000 (9668961.000.000) 04/22 22:21:27 Job submitted from host: <137.138.156.150:9618?addrs=137.138.156.150-9618+[2001-1458-d00-14--9a]-9618&alias=bigbird13.cern.ch&noUDP&sock=schedd_2138_1192>
...
040 (9668961.000.000) 04/22 22:25:15 Started transferring input files
	Transferring to host: <188.185.205.74:9618?addrs=188.185.205.74-9618+[2001-1458-303-9--100-be]-9618&alias=b9p03p0112.cern.ch&noUDP&sock=slot1_25_5280_fcd0_58458>
...
040 (9668961.000.000) 04/22 22:25:15 Finished transferring input files
...
001 (9668961.000.000) 04/22 22:25:16 Job executing on host: <188.185.205.74:9618?addrs=188.185.205.74-9618+[2001-1458-303-9--100-be]-9618&alias=b9p03p0112.cern.ch&noUDP&sock=startd_4855_b464>
...
006 (9668961.000.000) 04/22 22:25:25 Image size of job updated: 53372
	53  -  MemoryUsage of job (MB)
	53372  -  ResidentSetSize of job (KB)
...
006 (9668961.000.000) 04/22 22:30:26 Image size of job updated: 3752192
	3663  -  MemoryUsage of job (MB)
	3750076  -  ResidentSetSize of job (KB)
...
006 (9668961.000.000) 04/22 22:35:27 Image size of job updated: 8974240
	8763  -  MemoryUsage of job (MB)
	8972896  -  ResidentSetSize of job (KB)
...
006 (9668961.000.000) 04/22 22:40:27 Image size of job updated: 13739408
	13417  -  MemoryUsage of job (MB)
	13738944  -  ResidentSetSize of job (KB)
...
006 (9668961.000.000) 04/22 22:45:27 Image size of job updated: 18613428
	18173  -  MemoryUsage of job (MB)
	18608716  -  ResidentSetSize of job (KB)
...
006 (9668961.000.000) 04/22 22:50:28 Image size of job updated: 23439456
	22881  -  MemoryUsage of job (MB)
	23429936  -  ResidentSetSize of job (KB)
...
006 (9668961.000.000) 04/22 22:55:29 Image size of job updated: 28363888
	27700  -  MemoryUsage of job (MB)
	28363884  -  ResidentSetSize of job (KB)
...
006 (9668961.000.000) 04/22 23:00:29 Image size of job updated: 33207036
	32429  -  MemoryUsage of job (MB)
	33207036  -  ResidentSetSize of job (KB)
...
006 (9668961.000.000) 04/22 23:05:30 Image size of job updated: 37543336
	36662  -  MemoryUsage of job (MB)
	37541404  -  ResidentSetSize of job (KB)
...
006 (9668961.000.000) 04/22 23:10:31 Image size of job updated: 41904572
	40919  -  MemoryUsage of job (MB)
	41900408  -  ResidentSetSize of job (KB)
...
006 (9668961.000.000) 04/22 23:15:31 Image size of job updated: 46443468
	45352  -  MemoryUsage of job (MB)
	46439536  -  ResidentSetSize of job (KB)
...
006 (9668961.000.000) 04/22 23:20:31 Image size of job updated: 51418604
	50213  -  MemoryUsage of job (MB)
	51417488  -  ResidentSetSize of job (KB)
...
006 (9668961.000.000) 04/22 23:25:32 Image size of job updated: 55930016
	54619  -  MemoryUsage of job (MB)
	55929528  -  ResidentSetSize of job (KB)
...
006 (9668961.000.000) 04/22 23:30:32 Image size of job updated: 60334184
	58916  -  MemoryUsage of job (MB)
	60329784  -  ResidentSetSize of job (KB)
...
006 (9668961.000.000) 04/22 23:35:32 Image size of job updated: 64388296
	62879  -  MemoryUsage of job (MB)
	64387468  -  ResidentSetSize of job (KB)
...
006 (9668961.000.000) 04/22 23:40:33 Image size of job updated: 64551376
	62879  -  MemoryUsage of job (MB)
	64387468  -  ResidentSetSize of job (KB)
...
006 (9668961.000.000) 04/23 00:25:38 Image size of job updated: 65430304
	63888  -  MemoryUsage of job (MB)
	65420380  -  ResidentSetSize of job (KB)
...
006 (9668961.000.000) 04/23 00:30:38 Image size of job updated: 69738436
	68104  -  MemoryUsage of job (MB)
	69738428  -  ResidentSetSize of job (KB)
...
006 (9668961.000.000) 04/23 00:35:39 Image size of job updated: 73753068
	72025  -  MemoryUsage of job (MB)
	73752708  -  ResidentSetSize of job (KB)
...
006 (9668961.000.000) 04/23 00:40:40 Image size of job updated: 77498036
	75681  -  MemoryUsage of job (MB)
	77497268  -  ResidentSetSize of job (KB)
...
006 (9668961.000.000) 04/23 00:45:40 Image size of job updated: 81070192
	79168  -  MemoryUsage of job (MB)
	81067304  -  ResidentSetSize of job (KB)
...
006 (9668961.000.000) 04/23 00:50:40 Image size of job updated: 83896356
	81929  -  MemoryUsage of job (MB)
	83895272  -  ResidentSetSize of job (KB)
...
006 (9668961.000.000) 04/23 00:55:41 Image size of job updated: 87512000
	85458  -  MemoryUsage of job (MB)
	87508664  -  ResidentSetSize of job (KB)
...
006 (9668961.000.000) 04/23 01:00:41 Image size of job updated: 91238616
	89099  -  MemoryUsage of job (MB)
	91237272  -  ResidentSetSize of job (KB)
...
006 (9668961.000.000) 04/23 01:05:41 Image size of job updated: 95196272
	92959  -  MemoryUsage of job (MB)
	95189056  -  ResidentSetSize of job (KB)
...
006 (9668961.000.000) 04/23 01:10:42 Image size of job updated: 98463496
	96149  -  MemoryUsage of job (MB)
	98456476  -  ResidentSetSize of job (KB)
...
006 (9668961.000.000) 04/23 01:15:43 Image size of job updated: 98629396
	96149  -  MemoryUsage of job (MB)
	98456476  -  ResidentSetSize of job (KB)
...
040 (9668961.000.000) 04/23 01:20:22 Started transferring output files
...
040 (9668961.000.000) 04/23 01:20:22 Finished transferring output files
...
005 (9668961.000.000) 04/23 01:20:22 Job terminated.
	(1) Normal termination (return value 0)
		Usr 0 01:11:11, Sys 0 00:37:57  -  Run Remote Usage
		Usr 0 00:00:00, Sys 0 00:00:00  -  Run Local Usage
		Usr 0 01:11:11, Sys 0 00:37:57  -  Total Remote Usage
		Usr 0 00:00:00, Sys 0 00:00:00  -  Total Local Usage
	7714  -  Run Bytes Sent By Job
	204  -  Run Bytes Received By Job
	7714  -  Total Bytes Sent By Job
	204  -  Total Bytes Received By Job
	Partitionable Resources :    Usage  Request Allocated 
	   Cpus                 :     0.99        1         1 
	   Disk (KB)            :    29           1   2778349 
	   Memory (MB)          : 96149        2000      2000 

	Job terminated of its own accord at 2024-04-22T23:20:22Z.
...
