000 (9668990.000.000) 04/22 22:21:44 Job submitted from host: <137.138.156.150:9618?addrs=137.138.156.150-9618+[2001-1458-d00-14--9a]-9618&alias=bigbird13.cern.ch&noUDP&sock=schedd_2138_1192>
...
040 (9668990.000.000) 04/22 22:25:25 Started transferring input files
	Transferring to host: <188.185.207.180:9618?addrs=188.185.207.180-9618+[2001-1458-303-e--100-31]-9618&alias=b9p08p9471.cern.ch&noUDP&sock=slot1_15_4118_40e1_46939>
...
040 (9668990.000.000) 04/22 22:25:25 Finished transferring input files
...
001 (9668990.000.000) 04/22 22:25:26 Job executing on host: <188.185.207.180:9618?addrs=188.185.207.180-9618+[2001-1458-303-e--100-31]-9618&alias=b9p08p9471.cern.ch&noUDP&sock=startd_3629_c547>
...
006 (9668990.000.000) 04/22 22:25:35 Image size of job updated: 21084
	21  -  MemoryUsage of job (MB)
	21084  -  ResidentSetSize of job (KB)
...
006 (9668990.000.000) 04/22 22:30:36 Image size of job updated: 3812904
	3723  -  MemoryUsage of job (MB)
	3812352  -  ResidentSetSize of job (KB)
...
006 (9668990.000.000) 04/22 22:35:37 Image size of job updated: 9286576
	9068  -  MemoryUsage of job (MB)
	9285064  -  ResidentSetSize of job (KB)
...
006 (9668990.000.000) 04/22 22:40:37 Image size of job updated: 14585824
	14243  -  MemoryUsage of job (MB)
	14584300  -  ResidentSetSize of job (KB)
...
006 (9668990.000.000) 04/22 22:45:37 Image size of job updated: 19712152
	19241  -  MemoryUsage of job (MB)
	19702520  -  ResidentSetSize of job (KB)
...
006 (9668990.000.000) 04/22 22:50:38 Image size of job updated: 24522304
	23947  -  MemoryUsage of job (MB)
	24520908  -  ResidentSetSize of job (KB)
...
006 (9668990.000.000) 04/22 22:55:39 Image size of job updated: 29520536
	28828  -  MemoryUsage of job (MB)
	29519484  -  ResidentSetSize of job (KB)
...
006 (9668990.000.000) 04/22 23:00:39 Image size of job updated: 34552352
	33742  -  MemoryUsage of job (MB)
	34551472  -  ResidentSetSize of job (KB)
...
006 (9668990.000.000) 04/22 23:05:40 Image size of job updated: 39555944
	38629  -  MemoryUsage of job (MB)
	39555908  -  ResidentSetSize of job (KB)
...
006 (9668990.000.000) 04/22 23:10:41 Image size of job updated: 44608840
	43563  -  MemoryUsage of job (MB)
	44607720  -  ResidentSetSize of job (KB)
...
006 (9668990.000.000) 04/22 23:15:42 Image size of job updated: 49901720
	48725  -  MemoryUsage of job (MB)
	49893688  -  ResidentSetSize of job (KB)
...
006 (9668990.000.000) 04/22 23:20:42 Image size of job updated: 54333232
	53056  -  MemoryUsage of job (MB)
	54328836  -  ResidentSetSize of job (KB)
...
006 (9668990.000.000) 04/22 23:25:42 Image size of job updated: 54777548
	53056  -  MemoryUsage of job (MB)
	54328836  -  ResidentSetSize of job (KB)
...
006 (9668990.000.000) 04/23 00:15:47 Image size of job updated: 55195872
	53892  -  MemoryUsage of job (MB)
	55184604  -  ResidentSetSize of job (KB)
...
006 (9668990.000.000) 04/23 00:20:47 Image size of job updated: 59014924
	57630  -  MemoryUsage of job (MB)
	59012696  -  ResidentSetSize of job (KB)
...
006 (9668990.000.000) 04/23 00:25:48 Image size of job updated: 63584720
	62094  -  MemoryUsage of job (MB)
	63584168  -  ResidentSetSize of job (KB)
...
006 (9668990.000.000) 04/23 00:30:48 Image size of job updated: 66516188
	64955  -  MemoryUsage of job (MB)
	66513608  -  ResidentSetSize of job (KB)
...
006 (9668990.000.000) 04/23 00:35:48 Image size of job updated: 70602060
	68946  -  MemoryUsage of job (MB)
	70600560  -  ResidentSetSize of job (KB)
...
006 (9668990.000.000) 04/23 00:40:49 Image size of job updated: 71366440
	68946  -  MemoryUsage of job (MB)
	70600560  -  ResidentSetSize of job (KB)
...
006 (9668990.000.000) 04/23 00:45:50 Image size of job updated: 72690788
	70985  -  MemoryUsage of job (MB)
	72687872  -  ResidentSetSize of job (KB)
...
006 (9668990.000.000) 04/23 00:50:50 Image size of job updated: 75668720
	73894  -  MemoryUsage of job (MB)
	75666992  -  ResidentSetSize of job (KB)
...
006 (9668990.000.000) 04/23 00:55:51 Image size of job updated: 79159076
	77300  -  MemoryUsage of job (MB)
	79154568  -  ResidentSetSize of job (KB)
...
006 (9668990.000.000) 04/23 01:00:52 Image size of job updated: 83070196
	81121  -  MemoryUsage of job (MB)
	83067560  -  ResidentSetSize of job (KB)
...
006 (9668990.000.000) 04/23 01:05:52 Image size of job updated: 86618604
	84151  -  MemoryUsage of job (MB)
	86170064  -  ResidentSetSize of job (KB)
...
006 (9668990.000.000) 04/23 01:10:52 Image size of job updated: 86905568
	84868  -  MemoryUsage of job (MB)
	86904188  -  ResidentSetSize of job (KB)
...
006 (9668990.000.000) 04/23 01:15:53 Image size of job updated: 87073760
	84868  -  MemoryUsage of job (MB)
	86904188  -  ResidentSetSize of job (KB)
...
040 (9668990.000.000) 04/23 01:19:21 Started transferring output files
...
040 (9668990.000.000) 04/23 01:19:21 Finished transferring output files
...
005 (9668990.000.000) 04/23 01:19:21 Job terminated.
	(1) Normal termination (return value 0)
		Usr 0 01:10:20, Sys 0 00:38:01  -  Run Remote Usage
		Usr 0 00:00:00, Sys 0 00:00:00  -  Run Local Usage
		Usr 0 01:10:20, Sys 0 00:38:01  -  Total Remote Usage
		Usr 0 00:00:00, Sys 0 00:00:00  -  Total Local Usage
	7515  -  Run Bytes Sent By Job
	202  -  Run Bytes Received By Job
	7515  -  Total Bytes Sent By Job
	202  -  Total Bytes Received By Job
	Partitionable Resources :    Usage  Request Allocated 
	   Cpus                 :     0.99        1         1 
	   Disk (KB)            :    29           1   2851013 
	   Memory (MB)          : 84868        2000      2000 

	Job terminated of its own accord at 2024-04-22T23:19:21Z.
...
