000 (9668991.000.000) 04/22 22:21:45 Job submitted from host: <137.138.156.150:9618?addrs=137.138.156.150-9618+[2001-1458-d00-14--9a]-9618&alias=bigbird13.cern.ch&noUDP&sock=schedd_2138_1192>
...
040 (9668991.000.000) 04/22 22:25:28 Started transferring input files
	Transferring to host: <188.185.207.163:9618?addrs=188.185.207.163-9618+[2001-1458-303-e--100-20]-9618&alias=b9p08p4553.cern.ch&noUDP&sock=slot1_28_4692_b038_47482>
...
040 (9668991.000.000) 04/22 22:25:28 Finished transferring input files
...
001 (9668991.000.000) 04/22 22:25:29 Job executing on host: <188.185.207.163:9618?addrs=188.185.207.163-9618+[2001-1458-303-e--100-20]-9618&alias=b9p08p4553.cern.ch&noUDP&sock=startd_3986_a497>
...
006 (9668991.000.000) 04/22 22:25:38 Image size of job updated: 21412
	21  -  MemoryUsage of job (MB)
	21192  -  ResidentSetSize of job (KB)
...
006 (9668991.000.000) 04/22 22:30:39 Image size of job updated: 1451096
	1417  -  MemoryUsage of job (MB)
	1450020  -  ResidentSetSize of job (KB)
...
006 (9668991.000.000) 04/22 22:35:39 Image size of job updated: 3185596
	3110  -  MemoryUsage of job (MB)
	3184420  -  ResidentSetSize of job (KB)
...
006 (9668991.000.000) 04/22 22:40:39 Image size of job updated: 5270788
	5147  -  MemoryUsage of job (MB)
	5269780  -  ResidentSetSize of job (KB)
...
006 (9668991.000.000) 04/22 22:45:40 Image size of job updated: 7408608
	7227  -  MemoryUsage of job (MB)
	7399452  -  ResidentSetSize of job (KB)
...
006 (9668991.000.000) 04/22 22:50:40 Image size of job updated: 9506696
	9283  -  MemoryUsage of job (MB)
	9505460  -  ResidentSetSize of job (KB)
...
006 (9668991.000.000) 04/22 22:55:40 Image size of job updated: 11800412
	11523  -  MemoryUsage of job (MB)
	11799076  -  ResidentSetSize of job (KB)
...
006 (9668991.000.000) 04/22 23:00:41 Image size of job updated: 13849676
	13524  -  MemoryUsage of job (MB)
	13848252  -  ResidentSetSize of job (KB)
...
006 (9668991.000.000) 04/22 23:05:42 Image size of job updated: 16131044
	15746  -  MemoryUsage of job (MB)
	16123580  -  ResidentSetSize of job (KB)
...
006 (9668991.000.000) 04/22 23:10:42 Image size of job updated: 18336300
	17906  -  MemoryUsage of job (MB)
	18335300  -  ResidentSetSize of job (KB)
...
006 (9668991.000.000) 04/22 23:15:43 Image size of job updated: 20739944
	20252  -  MemoryUsage of job (MB)
	20737988  -  ResidentSetSize of job (KB)
...
006 (9668991.000.000) 04/22 23:20:44 Image size of job updated: 22647300
	22112  -  MemoryUsage of job (MB)
	22642324  -  ResidentSetSize of job (KB)
...
006 (9668991.000.000) 04/22 23:25:44 Image size of job updated: 24570716
	23994  -  MemoryUsage of job (MB)
	24569264  -  ResidentSetSize of job (KB)
...
006 (9668991.000.000) 04/22 23:30:44 Image size of job updated: 26079088
	25467  -  MemoryUsage of job (MB)
	26077476  -  ResidentSetSize of job (KB)
...
006 (9668991.000.000) 04/22 23:35:45 Image size of job updated: 26990536
	25467  -  MemoryUsage of job (MB)
	26077476  -  ResidentSetSize of job (KB)
...
006 (9668991.000.000) 04/23 01:05:54 Image size of job updated: 27211232
	26573  -  MemoryUsage of job (MB)
	27210544  -  ResidentSetSize of job (KB)
...
006 (9668991.000.000) 04/23 01:10:55 Image size of job updated: 28616600
	27904  -  MemoryUsage of job (MB)
	28573336  -  ResidentSetSize of job (KB)
...
006 (9668991.000.000) 04/23 01:15:56 Image size of job updated: 29816740
	29116  -  MemoryUsage of job (MB)
	29814156  -  ResidentSetSize of job (KB)
...
006 (9668991.000.000) 04/23 01:20:56 Image size of job updated: 31566400
	30825  -  MemoryUsage of job (MB)
	31564668  -  ResidentSetSize of job (KB)
...
006 (9668991.000.000) 04/23 01:25:56 Image size of job updated: 32412692
	31644  -  MemoryUsage of job (MB)
	32402816  -  ResidentSetSize of job (KB)
...
006 (9668991.000.000) 04/23 01:30:57 Image size of job updated: 33093284
	32317  -  MemoryUsage of job (MB)
	33092536  -  ResidentSetSize of job (KB)
...
006 (9668991.000.000) 04/23 01:35:57 Image size of job updated: 34499164
	33690  -  MemoryUsage of job (MB)
	34497732  -  ResidentSetSize of job (KB)
...
006 (9668991.000.000) 04/23 01:40:57 Image size of job updated: 35629052
	34512  -  MemoryUsage of job (MB)
	35340224  -  ResidentSetSize of job (KB)
...
006 (9668991.000.000) 04/23 01:45:58 Image size of job updated: 36480312
	35623  -  MemoryUsage of job (MB)
	36477172  -  ResidentSetSize of job (KB)
...
006 (9668991.000.000) 04/23 01:50:59 Image size of job updated: 37723488
	36838  -  MemoryUsage of job (MB)
	37721596  -  ResidentSetSize of job (KB)
...
006 (9668991.000.000) 04/23 01:55:59 Image size of job updated: 39574664
	38647  -  MemoryUsage of job (MB)
	39574024  -  ResidentSetSize of job (KB)
...
006 (9668991.000.000) 04/23 02:01:00 Image size of job updated: 41346556
	40374  -  MemoryUsage of job (MB)
	41342164  -  ResidentSetSize of job (KB)
...
006 (9668991.000.000) 04/23 02:06:01 Image size of job updated: 43154332
	42134  -  MemoryUsage of job (MB)
	43144528  -  ResidentSetSize of job (KB)
...
006 (9668991.000.000) 04/23 02:11:01 Image size of job updated: 44321684
	43282  -  MemoryUsage of job (MB)
	44319892  -  ResidentSetSize of job (KB)
...
006 (9668991.000.000) 04/23 02:16:01 Image size of job updated: 44487600
	43282  -  MemoryUsage of job (MB)
	44319892  -  ResidentSetSize of job (KB)
...
040 (9668991.000.000) 04/23 02:21:31 Started transferring output files
...
040 (9668991.000.000) 04/23 02:21:31 Finished transferring output files
...
005 (9668991.000.000) 04/23 02:21:31 Job terminated.
	(1) Normal termination (return value 0)
		Usr 0 01:19:57, Sys 0 00:39:24  -  Run Remote Usage
		Usr 0 00:00:00, Sys 0 00:00:00  -  Run Local Usage
		Usr 0 01:19:57, Sys 0 00:39:24  -  Total Remote Usage
		Usr 0 00:00:00, Sys 0 00:00:00  -  Total Local Usage
	7515  -  Run Bytes Sent By Job
	202  -  Run Bytes Received By Job
	7515  -  Total Bytes Sent By Job
	202  -  Total Bytes Received By Job
	Partitionable Resources :    Usage  Request Allocated 
	   Cpus                 :     0.99        1         1 
	   Disk (KB)            :    29           1   2749182 
	   Memory (MB)          : 43282        2000      2000 

	Job terminated of its own accord at 2024-04-23T00:21:31Z.
...
