000 (9669001.000.000) 04/22 22:21:53 Job submitted from host: <137.138.156.150:9618?addrs=137.138.156.150-9618+[2001-1458-d00-14--9a]-9618&alias=bigbird13.cern.ch&noUDP&sock=schedd_2138_1192>
...
040 (9669001.000.000) 04/22 22:25:28 Started transferring input files
	Transferring to host: <188.185.205.228:9618?addrs=188.185.205.228-9618&alias=b9p04p0983.cern.ch&noUDP&sock=slot1_6_6884_2691_59571>
...
040 (9669001.000.000) 04/22 22:25:28 Finished transferring input files
...
001 (9669001.000.000) 04/22 22:25:29 Job executing on host: <188.185.205.228:9618?addrs=188.185.205.228-9618&alias=b9p04p0983.cern.ch&noUDP&sock=startd_6614_3b7b>
...
006 (9669001.000.000) 04/22 22:25:38 Image size of job updated: 26184
	26  -  MemoryUsage of job (MB)
	26184  -  ResidentSetSize of job (KB)
...
006 (9669001.000.000) 04/22 22:30:39 Image size of job updated: 3514444
	3431  -  MemoryUsage of job (MB)
	3513188  -  ResidentSetSize of job (KB)
...
006 (9669001.000.000) 04/22 22:35:39 Image size of job updated: 8417820
	8219  -  MemoryUsage of job (MB)
	8415792  -  ResidentSetSize of job (KB)
...
006 (9669001.000.000) 04/22 22:40:39 Image size of job updated: 13149440
	12842  -  MemoryUsage of job (MB)
	13149440  -  ResidentSetSize of job (KB)
...
006 (9669001.000.000) 04/22 22:45:40 Image size of job updated: 17968112
	17545  -  MemoryUsage of job (MB)
	17965408  -  ResidentSetSize of job (KB)
...
006 (9669001.000.000) 04/22 22:50:41 Image size of job updated: 22622856
	22086  -  MemoryUsage of job (MB)
	22615340  -  ResidentSetSize of job (KB)
...
006 (9669001.000.000) 04/22 22:55:41 Image size of job updated: 26956676
	26325  -  MemoryUsage of job (MB)
	26956568  -  ResidentSetSize of job (KB)
...
006 (9669001.000.000) 04/22 23:00:41 Image size of job updated: 31263660
	30527  -  MemoryUsage of job (MB)
	31259276  -  ResidentSetSize of job (KB)
...
006 (9669001.000.000) 04/22 23:05:42 Image size of job updated: 35368024
	34540  -  MemoryUsage of job (MB)
	35368024  -  ResidentSetSize of job (KB)
...
006 (9669001.000.000) 04/22 23:10:42 Image size of job updated: 39466012
	38538  -  MemoryUsage of job (MB)
	39462628  -  ResidentSetSize of job (KB)
...
006 (9669001.000.000) 04/22 23:15:42 Image size of job updated: 43789052
	42762  -  MemoryUsage of job (MB)
	43787924  -  ResidentSetSize of job (KB)
...
006 (9669001.000.000) 04/22 23:20:43 Image size of job updated: 48019868
	46894  -  MemoryUsage of job (MB)
	48019344  -  ResidentSetSize of job (KB)
...
006 (9669001.000.000) 04/22 23:25:44 Image size of job updated: 50739216
	46894  -  MemoryUsage of job (MB)
	48019344  -  ResidentSetSize of job (KB)
...
006 (9669001.000.000) 04/23 00:15:50 Image size of job updated: 50739216
	48036  -  MemoryUsage of job (MB)
	49188064  -  ResidentSetSize of job (KB)
...
006 (9669001.000.000) 04/23 00:20:50 Image size of job updated: 52911432
	51663  -  MemoryUsage of job (MB)
	52902212  -  ResidentSetSize of job (KB)
...
006 (9669001.000.000) 04/23 00:25:50 Image size of job updated: 56939632
	55599  -  MemoryUsage of job (MB)
	56932696  -  ResidentSetSize of job (KB)
...
006 (9669001.000.000) 04/23 00:30:51 Image size of job updated: 61613576
	60170  -  MemoryUsage of job (MB)
	61613448  -  ResidentSetSize of job (KB)
...
006 (9669001.000.000) 04/23 00:35:52 Image size of job updated: 65690488
	64151  -  MemoryUsage of job (MB)
	65690488  -  ResidentSetSize of job (KB)
...
006 (9669001.000.000) 04/23 00:40:52 Image size of job updated: 69545996
	67917  -  MemoryUsage of job (MB)
	69545996  -  ResidentSetSize of job (KB)
...
006 (9669001.000.000) 04/23 00:45:53 Image size of job updated: 73498156
	71775  -  MemoryUsage of job (MB)
	73497344  -  ResidentSetSize of job (KB)
...
006 (9669001.000.000) 04/23 00:50:54 Image size of job updated: 76572720
	74777  -  MemoryUsage of job (MB)
	76571096  -  ResidentSetSize of job (KB)
...
006 (9669001.000.000) 04/23 00:55:54 Image size of job updated: 79780748
	77902  -  MemoryUsage of job (MB)
	79771628  -  ResidentSetSize of job (KB)
...
006 (9669001.000.000) 04/23 01:00:54 Image size of job updated: 83403528
	81447  -  MemoryUsage of job (MB)
	83401116  -  ResidentSetSize of job (KB)
...
006 (9669001.000.000) 04/23 01:05:55 Image size of job updated: 87513736
	85463  -  MemoryUsage of job (MB)
	87513140  -  ResidentSetSize of job (KB)
...
006 (9669001.000.000) 04/23 01:10:55 Image size of job updated: 91325072
	89184  -  MemoryUsage of job (MB)
	91324164  -  ResidentSetSize of job (KB)
...
006 (9669001.000.000) 04/23 01:15:55 Image size of job updated: 95812884
	93567  -  MemoryUsage of job (MB)
	95812112  -  ResidentSetSize of job (KB)
...
006 (9669001.000.000) 04/23 01:20:56 Image size of job updated: 98483540
	96174  -  MemoryUsage of job (MB)
	98481748  -  ResidentSetSize of job (KB)
...
006 (9669001.000.000) 04/23 01:25:57 Image size of job updated: 98608796
	96174  -  MemoryUsage of job (MB)
	98481748  -  ResidentSetSize of job (KB)
...
040 (9669001.000.000) 04/23 01:33:14 Started transferring output files
...
040 (9669001.000.000) 04/23 01:33:14 Finished transferring output files
...
005 (9669001.000.000) 04/23 01:33:14 Job terminated.
	(1) Normal termination (return value 0)
		Usr 0 01:23:55, Sys 0 00:45:00  -  Run Remote Usage
		Usr 0 00:00:00, Sys 0 00:00:00  -  Run Local Usage
		Usr 0 01:23:55, Sys 0 00:45:00  -  Total Remote Usage
		Usr 0 00:00:00, Sys 0 00:00:00  -  Total Local Usage
	7716  -  Run Bytes Sent By Job
	204  -  Run Bytes Received By Job
	7716  -  Total Bytes Sent By Job
	204  -  Total Bytes Received By Job
	Partitionable Resources :    Usage  Request Allocated 
	   Cpus                 :     0.99        1         1 
	   Disk (KB)            :    28           1   2826037 
	   Memory (MB)          : 96174        2000      2000 

	Job terminated of its own accord at 2024-04-22T23:33:14Z.
...
