000 (9668951.000.000) 04/22 22:21:21 Job submitted from host: <137.138.156.150:9618?addrs=137.138.156.150-9618+[2001-1458-d00-14--9a]-9618&alias=bigbird13.cern.ch&noUDP&sock=schedd_2138_1192>
...
040 (9668951.000.000) 04/22 22:25:13 Started transferring input files
	Transferring to host: <188.185.204.172:9618?addrs=188.185.204.172-9618+[2001-1458-303-8--100-a0]-9618&alias=b9p02p9818.cern.ch&noUDP&sock=slot1_10_7197_affe_59026>
...
040 (9668951.000.000) 04/22 22:25:13 Finished transferring input files
...
001 (9668951.000.000) 04/22 22:25:14 Job executing on host: <188.185.204.172:9618?addrs=188.185.204.172-9618+[2001-1458-303-8--100-a0]-9618&alias=b9p02p9818.cern.ch&noUDP&sock=startd_6943_e623>
...
006 (9668951.000.000) 04/22 22:25:22 Image size of job updated: 63836
	63  -  MemoryUsage of job (MB)
	63836  -  ResidentSetSize of job (KB)
...
006 (9668951.000.000) 04/22 22:30:22 Image size of job updated: 3492264
	3411  -  MemoryUsage of job (MB)
	3492264  -  ResidentSetSize of job (KB)
...
006 (9668951.000.000) 04/22 22:35:23 Image size of job updated: 8481952
	8281  -  MemoryUsage of job (MB)
	8478824  -  ResidentSetSize of job (KB)
...
006 (9668951.000.000) 04/22 22:40:24 Image size of job updated: 13315276
	12994  -  MemoryUsage of job (MB)
	13305636  -  ResidentSetSize of job (KB)
...
006 (9668951.000.000) 04/22 22:45:24 Image size of job updated: 18166884
	17738  -  MemoryUsage of job (MB)
	18163600  -  ResidentSetSize of job (KB)
...
006 (9668951.000.000) 04/22 22:50:24 Image size of job updated: 22801092
	22265  -  MemoryUsage of job (MB)
	22798632  -  ResidentSetSize of job (KB)
...
006 (9668951.000.000) 04/22 22:55:25 Image size of job updated: 27279552
	26631  -  MemoryUsage of job (MB)
	27269532  -  ResidentSetSize of job (KB)
...
006 (9668951.000.000) 04/22 23:00:26 Image size of job updated: 31533176
	30792  -  MemoryUsage of job (MB)
	31530024  -  ResidentSetSize of job (KB)
...
006 (9668951.000.000) 04/22 23:05:26 Image size of job updated: 35592572
	34755  -  MemoryUsage of job (MB)
	35589020  -  ResidentSetSize of job (KB)
...
006 (9668951.000.000) 04/22 23:10:27 Image size of job updated: 39630020
	38700  -  MemoryUsage of job (MB)
	39628740  -  ResidentSetSize of job (KB)
...
006 (9668951.000.000) 04/22 23:15:28 Image size of job updated: 43740648
	42713  -  MemoryUsage of job (MB)
	43737808  -  ResidentSetSize of job (KB)
...
006 (9668951.000.000) 04/22 23:20:28 Image size of job updated: 47881700
	46751  -  MemoryUsage of job (MB)
	47872576  -  ResidentSetSize of job (KB)
...
006 (9668951.000.000) 04/22 23:25:28 Image size of job updated: 50339164
	46751  -  MemoryUsage of job (MB)
	47872576  -  ResidentSetSize of job (KB)
...
006 (9668951.000.000) 04/23 00:15:34 Image size of job updated: 50339164
	47711  -  MemoryUsage of job (MB)
	48855648  -  ResidentSetSize of job (KB)
...
006 (9668951.000.000) 04/23 00:20:34 Image size of job updated: 52717656
	51483  -  MemoryUsage of job (MB)
	52717656  -  ResidentSetSize of job (KB)
...
006 (9668951.000.000) 04/23 00:25:35 Image size of job updated: 56922820
	55589  -  MemoryUsage of job (MB)
	56922196  -  ResidentSetSize of job (KB)
...
006 (9668951.000.000) 04/23 00:30:35 Image size of job updated: 61325744
	59888  -  MemoryUsage of job (MB)
	61324852  -  ResidentSetSize of job (KB)
...
006 (9668951.000.000) 04/23 00:35:35 Image size of job updated: 65583288
	64045  -  MemoryUsage of job (MB)
	65581208  -  ResidentSetSize of job (KB)
...
006 (9668951.000.000) 04/23 00:40:36 Image size of job updated: 69635968
	68004  -  MemoryUsage of job (MB)
	69635168  -  ResidentSetSize of job (KB)
...
006 (9668951.000.000) 04/23 00:45:37 Image size of job updated: 73254748
	71537  -  MemoryUsage of job (MB)
	73253580  -  ResidentSetSize of job (KB)
...
006 (9668951.000.000) 04/23 00:50:37 Image size of job updated: 76577480
	74781  -  MemoryUsage of job (MB)
	76575488  -  ResidentSetSize of job (KB)
...
006 (9668951.000.000) 04/23 00:55:37 Image size of job updated: 79623844
	77758  -  MemoryUsage of job (MB)
	79623624  -  ResidentSetSize of job (KB)
...
006 (9668951.000.000) 04/23 01:00:38 Image size of job updated: 83168188
	81219  -  MemoryUsage of job (MB)
	83167560  -  ResidentSetSize of job (KB)
...
006 (9668951.000.000) 04/23 01:05:39 Image size of job updated: 87306696
	85255  -  MemoryUsage of job (MB)
	87300260  -  ResidentSetSize of job (KB)
...
006 (9668951.000.000) 04/23 01:10:39 Image size of job updated: 91237528
	89099  -  MemoryUsage of job (MB)
	91237260  -  ResidentSetSize of job (KB)
...
006 (9668951.000.000) 04/23 01:15:40 Image size of job updated: 95653404
	93411  -  MemoryUsage of job (MB)
	95651984  -  ResidentSetSize of job (KB)
...
006 (9668951.000.000) 04/23 01:20:41 Image size of job updated: 98528928
	96217  -  MemoryUsage of job (MB)
	98525336  -  ResidentSetSize of job (KB)
...
006 (9668951.000.000) 04/23 01:25:41 Image size of job updated: 98621488
	96217  -  MemoryUsage of job (MB)
	98525336  -  ResidentSetSize of job (KB)
...
040 (9668951.000.000) 04/23 01:28:14 Started transferring output files
...
040 (9668951.000.000) 04/23 01:28:14 Finished transferring output files
...
005 (9668951.000.000) 04/23 01:28:14 Job terminated.
	(1) Normal termination (return value 0)
		Usr 0 01:17:23, Sys 0 00:43:13  -  Run Remote Usage
		Usr 0 00:00:00, Sys 0 00:00:00  -  Run Local Usage
		Usr 0 01:17:23, Sys 0 00:43:13  -  Total Remote Usage
		Usr 0 00:00:00, Sys 0 00:00:00  -  Total Local Usage
	7514  -  Run Bytes Sent By Job
	202  -  Run Bytes Received By Job
	7514  -  Total Bytes Sent By Job
	202  -  Total Bytes Received By Job
	Partitionable Resources :    Usage  Request Allocated 
	   Cpus                 :     0.70        1         1 
	   Disk (KB)            :    29           1   2841690 
	   Memory (MB)          : 96217        2000      2000 

	Job terminated of its own accord at 2024-04-22T23:28:14Z.
...
