000 (9668962.000.000) 04/22 22:21:28 Job submitted from host: <137.138.156.150:9618?addrs=137.138.156.150-9618+[2001-1458-d00-14--9a]-9618&alias=bigbird13.cern.ch&noUDP&sock=schedd_2138_1192>
...
040 (9668962.000.000) 04/22 22:25:15 Started transferring input files
	Transferring to host: <188.185.206.173:9618?addrs=188.185.206.173-9618&alias=b9p06p1080.cern.ch&noUDP&sock=slot1_25_6102_2931_58219>
...
040 (9668962.000.000) 04/22 22:25:15 Finished transferring input files
...
001 (9668962.000.000) 04/22 22:25:16 Job executing on host: <188.185.206.173:9618?addrs=188.185.206.173-9618&alias=b9p06p1080.cern.ch&noUDP&sock=startd_5698_eeba>
...
006 (9668962.000.000) 04/22 22:25:25 Image size of job updated: 53100
	52  -  MemoryUsage of job (MB)
	52892  -  ResidentSetSize of job (KB)
...
006 (9668962.000.000) 04/22 22:30:26 Image size of job updated: 3740184
	3653  -  MemoryUsage of job (MB)
	3739652  -  ResidentSetSize of job (KB)
...
006 (9668962.000.000) 04/22 22:35:27 Image size of job updated: 9156972
	8941  -  MemoryUsage of job (MB)
	9154760  -  ResidentSetSize of job (KB)
...
006 (9668962.000.000) 04/22 22:40:27 Image size of job updated: 14342612
	14005  -  MemoryUsage of job (MB)
	14340284  -  ResidentSetSize of job (KB)
...
006 (9668962.000.000) 04/22 22:45:27 Image size of job updated: 19569888
	19110  -  MemoryUsage of job (MB)
	19567860  -  ResidentSetSize of job (KB)
...
006 (9668962.000.000) 04/22 22:50:28 Image size of job updated: 24689052
	24110  -  MemoryUsage of job (MB)
	24687932  -  ResidentSetSize of job (KB)
...
006 (9668962.000.000) 04/22 22:55:29 Image size of job updated: 29712100
	29013  -  MemoryUsage of job (MB)
	29709248  -  ResidentSetSize of job (KB)
...
006 (9668962.000.000) 04/22 23:00:29 Image size of job updated: 34640576
	33827  -  MemoryUsage of job (MB)
	34638848  -  ResidentSetSize of job (KB)
...
006 (9668962.000.000) 04/22 23:05:30 Image size of job updated: 39190008
	38272  -  MemoryUsage of job (MB)
	39189696  -  ResidentSetSize of job (KB)
...
006 (9668962.000.000) 04/22 23:10:31 Image size of job updated: 43309312
	42291  -  MemoryUsage of job (MB)
	43305532  -  ResidentSetSize of job (KB)
...
006 (9668962.000.000) 04/22 23:15:31 Image size of job updated: 47682352
	46555  -  MemoryUsage of job (MB)
	47672112  -  ResidentSetSize of job (KB)
...
006 (9668962.000.000) 04/22 23:20:31 Image size of job updated: 50313240
	46555  -  MemoryUsage of job (MB)
	47672112  -  ResidentSetSize of job (KB)
...
006 (9668962.000.000) 04/23 00:05:37 Image size of job updated: 50313240
	48263  -  MemoryUsage of job (MB)
	49420768  -  ResidentSetSize of job (KB)
...
006 (9668962.000.000) 04/23 00:10:37 Image size of job updated: 53077232
	51828  -  MemoryUsage of job (MB)
	53071268  -  ResidentSetSize of job (KB)
...
006 (9668962.000.000) 04/23 00:15:37 Image size of job updated: 57003180
	55666  -  MemoryUsage of job (MB)
	57001812  -  ResidentSetSize of job (KB)
...
006 (9668962.000.000) 04/23 00:20:38 Image size of job updated: 60858456
	59431  -  MemoryUsage of job (MB)
	60856636  -  ResidentSetSize of job (KB)
...
006 (9668962.000.000) 04/23 00:25:39 Image size of job updated: 65458792
	63924  -  MemoryUsage of job (MB)
	65457584  -  ResidentSetSize of job (KB)
...
006 (9668962.000.000) 04/23 00:30:39 Image size of job updated: 69779376
	68143  -  MemoryUsage of job (MB)
	69777748  -  ResidentSetSize of job (KB)
...
006 (9668962.000.000) 04/23 00:35:40 Image size of job updated: 73774568
	72044  -  MemoryUsage of job (MB)
	73772992  -  ResidentSetSize of job (KB)
...
006 (9668962.000.000) 04/23 00:40:41 Image size of job updated: 77737160
	75914  -  MemoryUsage of job (MB)
	77735536  -  ResidentSetSize of job (KB)
...
006 (9668962.000.000) 04/23 00:45:41 Image size of job updated: 80901560
	79004  -  MemoryUsage of job (MB)
	80899372  -  ResidentSetSize of job (KB)
...
006 (9668962.000.000) 04/23 00:50:41 Image size of job updated: 83440420
	81484  -  MemoryUsage of job (MB)
	83439072  -  ResidentSetSize of job (KB)
...
006 (9668962.000.000) 04/23 00:55:42 Image size of job updated: 87377136
	85326  -  MemoryUsage of job (MB)
	87373452  -  ResidentSetSize of job (KB)
...
006 (9668962.000.000) 04/23 01:00:42 Image size of job updated: 91245880
	89097  -  MemoryUsage of job (MB)
	91234824  -  ResidentSetSize of job (KB)
...
006 (9668962.000.000) 04/23 01:05:42 Image size of job updated: 95021920
	92795  -  MemoryUsage of job (MB)
	95021228  -  ResidentSetSize of job (KB)
...
006 (9668962.000.000) 04/23 01:10:43 Image size of job updated: 98477812
	96168  -  MemoryUsage of job (MB)
	98475440  -  ResidentSetSize of job (KB)
...
006 (9668962.000.000) 04/23 01:15:44 Image size of job updated: 98646032
	96168  -  MemoryUsage of job (MB)
	98475440  -  ResidentSetSize of job (KB)
...
040 (9668962.000.000) 04/23 01:20:24 Started transferring output files
...
040 (9668962.000.000) 04/23 01:20:24 Finished transferring output files
...
005 (9668962.000.000) 04/23 01:20:24 Job terminated.
	(1) Normal termination (return value 0)
		Usr 0 01:15:07, Sys 0 00:39:39  -  Run Remote Usage
		Usr 0 00:00:00, Sys 0 00:00:00  -  Run Local Usage
		Usr 0 01:15:07, Sys 0 00:39:39  -  Total Remote Usage
		Usr 0 00:00:00, Sys 0 00:00:00  -  Total Local Usage
	7515  -  Run Bytes Sent By Job
	202  -  Run Bytes Received By Job
	7515  -  Total Bytes Sent By Job
	202  -  Total Bytes Received By Job
	Partitionable Resources :    Usage  Request Allocated 
	   Cpus                 :     0.99        1         1 
	   Disk (KB)            :    28           1   2674207 
	   Memory (MB)          : 96168        2000      2000 

	Job terminated of its own accord at 2024-04-22T23:20:24Z.
...
