000 (9668970.000.000) 04/22 22:21:32 Job submitted from host: <137.138.156.150:9618?addrs=137.138.156.150-9618+[2001-1458-d00-14--9a]-9618&alias=bigbird13.cern.ch&noUDP&sock=schedd_2138_1192>
...
040 (9668970.000.000) 04/22 22:25:19 Started transferring input files
	Transferring to host: <188.185.206.171:9618?addrs=188.185.206.171-9618+[2001-1458-303-c--100-28]-9618&alias=b9p06p7011.cern.ch&noUDP&sock=slot1_16_6931_4433_59343>
...
040 (9668970.000.000) 04/22 22:25:19 Finished transferring input files
...
001 (9668970.000.000) 04/22 22:25:20 Job executing on host: <188.185.206.171:9618?addrs=188.185.206.171-9618+[2001-1458-303-c--100-28]-9618&alias=b9p06p7011.cern.ch&noUDP&sock=startd_6862_56f7>
...
006 (9668970.000.000) 04/22 22:25:29 Image size of job updated: 23268
	23  -  MemoryUsage of job (MB)
	23076  -  ResidentSetSize of job (KB)
...
006 (9668970.000.000) 04/22 22:30:30 Image size of job updated: 882244
	862  -  MemoryUsage of job (MB)
	881992  -  ResidentSetSize of job (KB)
...
006 (9668970.000.000) 04/22 22:35:30 Image size of job updated: 1841232
	1796  -  MemoryUsage of job (MB)
	1838676  -  ResidentSetSize of job (KB)
...
006 (9668970.000.000) 04/22 22:40:30 Image size of job updated: 2852648
	2783  -  MemoryUsage of job (MB)
	2849044  -  ResidentSetSize of job (KB)
...
006 (9668970.000.000) 04/22 22:45:32 Image size of job updated: 3836768
	3746  -  MemoryUsage of job (MB)
	3835056  -  ResidentSetSize of job (KB)
...
006 (9668970.000.000) 04/22 22:50:32 Image size of job updated: 4734792
	4623  -  MemoryUsage of job (MB)
	4733480  -  ResidentSetSize of job (KB)
...
006 (9668970.000.000) 04/22 22:55:32 Image size of job updated: 5593096
	5461  -  MemoryUsage of job (MB)
	5591324  -  ResidentSetSize of job (KB)
...
006 (9668970.000.000) 04/22 23:00:33 Image size of job updated: 6490088
	6337  -  MemoryUsage of job (MB)
	6489040  -  ResidentSetSize of job (KB)
...
006 (9668970.000.000) 04/22 23:05:34 Image size of job updated: 7403004
	7230  -  MemoryUsage of job (MB)
	7402812  -  ResidentSetSize of job (KB)
...
006 (9668970.000.000) 04/22 23:10:34 Image size of job updated: 8291640
	8095  -  MemoryUsage of job (MB)
	8288496  -  ResidentSetSize of job (KB)
...
006 (9668970.000.000) 04/22 23:15:35 Image size of job updated: 9199884
	8976  -  MemoryUsage of job (MB)
	9190404  -  ResidentSetSize of job (KB)
...
006 (9668970.000.000) 04/22 23:20:36 Image size of job updated: 10101628
	9865  -  MemoryUsage of job (MB)
	10101124  -  ResidentSetSize of job (KB)
...
006 (9668970.000.000) 04/22 23:25:36 Image size of job updated: 11000400
	10742  -  MemoryUsage of job (MB)
	10999720  -  ResidentSetSize of job (KB)
...
006 (9668970.000.000) 04/22 23:30:37 Image size of job updated: 11688524
	11414  -  MemoryUsage of job (MB)
	11687900  -  ResidentSetSize of job (KB)
...
006 (9668970.000.000) 04/22 23:35:38 Image size of job updated: 12615036
	12318  -  MemoryUsage of job (MB)
	12613484  -  ResidentSetSize of job (KB)
...
006 (9668970.000.000) 04/22 23:40:38 Image size of job updated: 13414172
	13099  -  MemoryUsage of job (MB)
	13412772  -  ResidentSetSize of job (KB)
...
006 (9668970.000.000) 04/22 23:45:39 Image size of job updated: 14425032
	14084  -  MemoryUsage of job (MB)
	14421868  -  ResidentSetSize of job (KB)
...
006 (9668970.000.000) 04/22 23:50:40 Image size of job updated: 15485628
	15123  -  MemoryUsage of job (MB)
	15485120  -  ResidentSetSize of job (KB)
...
006 (9668970.000.000) 04/22 23:55:40 Image size of job updated: 15525224
	15123  -  MemoryUsage of job (MB)
	15485120  -  ResidentSetSize of job (KB)
...
006 (9668970.000.000) 04/23 00:00:40 Image size of job updated: 15757472
	15342  -  MemoryUsage of job (MB)
	15709952  -  ResidentSetSize of job (KB)
...
006 (9668970.000.000) 04/23 00:05:41 Image size of job updated: 16302940
	15921  -  MemoryUsage of job (MB)
	16302256  -  ResidentSetSize of job (KB)
...
006 (9668970.000.000) 04/23 00:10:41 Image size of job updated: 17211096
	16755  -  MemoryUsage of job (MB)
	17156680  -  ResidentSetSize of job (KB)
...
006 (9668970.000.000) 04/23 00:15:41 Image size of job updated: 17653712
	17240  -  MemoryUsage of job (MB)
	17653256  -  ResidentSetSize of job (KB)
...
006 (9668970.000.000) 04/23 00:20:42 Image size of job updated: 18073576
	17444  -  MemoryUsage of job (MB)
	17861928  -  ResidentSetSize of job (KB)
...
006 (9668970.000.000) 04/23 00:25:42 Image size of job updated: 18341916
	17873  -  MemoryUsage of job (MB)
	18301852  -  ResidentSetSize of job (KB)
...
006 (9668970.000.000) 04/23 00:30:42 Image size of job updated: 18757620
	18314  -  MemoryUsage of job (MB)
	18752576  -  ResidentSetSize of job (KB)
...
006 (9668970.000.000) 04/23 00:35:43 Image size of job updated: 19648852
	19188  -  MemoryUsage of job (MB)
	19647592  -  ResidentSetSize of job (KB)
...
006 (9668970.000.000) 04/23 00:40:43 Image size of job updated: 20538232
	20055  -  MemoryUsage of job (MB)
	20536320  -  ResidentSetSize of job (KB)
...
006 (9668970.000.000) 04/23 00:45:43 Image size of job updated: 21335972
	20834  -  MemoryUsage of job (MB)
	21333404  -  ResidentSetSize of job (KB)
...
006 (9668970.000.000) 04/23 00:50:44 Image size of job updated: 22225152
	21703  -  MemoryUsage of job (MB)
	22223044  -  ResidentSetSize of job (KB)
...
006 (9668970.000.000) 04/23 00:55:45 Image size of job updated: 23110728
	22569  -  MemoryUsage of job (MB)
	23109868  -  ResidentSetSize of job (KB)
...
006 (9668970.000.000) 04/23 01:00:45 Image size of job updated: 24005776
	23440  -  MemoryUsage of job (MB)
	24001556  -  ResidentSetSize of job (KB)
...
006 (9668970.000.000) 04/23 01:05:46 Image size of job updated: 24910968
	24326  -  MemoryUsage of job (MB)
	24909388  -  ResidentSetSize of job (KB)
...
006 (9668970.000.000) 04/23 01:10:47 Image size of job updated: 25835824
	25229  -  MemoryUsage of job (MB)
	25833840  -  ResidentSetSize of job (KB)
...
006 (9668970.000.000) 04/23 01:15:47 Image size of job updated: 26689092
	26063  -  MemoryUsage of job (MB)
	26688116  -  ResidentSetSize of job (KB)
...
006 (9668970.000.000) 04/23 01:20:48 Image size of job updated: 27551892
	26905  -  MemoryUsage of job (MB)
	27550444  -  ResidentSetSize of job (KB)
...
006 (9668970.000.000) 04/23 01:25:49 Image size of job updated: 28437344
	27768  -  MemoryUsage of job (MB)
	28434004  -  ResidentSetSize of job (KB)
...
006 (9668970.000.000) 04/23 01:30:49 Image size of job updated: 29388184
	28691  -  MemoryUsage of job (MB)
	29379028  -  ResidentSetSize of job (KB)
...
006 (9668970.000.000) 04/23 01:35:50 Image size of job updated: 30390576
	29677  -  MemoryUsage of job (MB)
	30388400  -  ResidentSetSize of job (KB)
...
006 (9668970.000.000) 04/23 01:40:51 Image size of job updated: 31192588
	30462  -  MemoryUsage of job (MB)
	31192336  -  ResidentSetSize of job (KB)
...
006 (9668970.000.000) 04/23 01:45:51 Image size of job updated: 31995560
	31245  -  MemoryUsage of job (MB)
	31993924  -  ResidentSetSize of job (KB)
...
006 (9668970.000.000) 04/23 01:50:52 Image size of job updated: 32837828
	32067  -  MemoryUsage of job (MB)
	32836192  -  ResidentSetSize of job (KB)
...
006 (9668970.000.000) 04/23 01:55:53 Image size of job updated: 33679484
	32888  -  MemoryUsage of job (MB)
	33676688  -  ResidentSetSize of job (KB)
...
006 (9668970.000.000) 04/23 02:00:53 Image size of job updated: 34531080
	33713  -  MemoryUsage of job (MB)
	34521216  -  ResidentSetSize of job (KB)
...
006 (9668970.000.000) 04/23 02:05:53 Image size of job updated: 35381340
	34552  -  MemoryUsage of job (MB)
	35381168  -  ResidentSetSize of job (KB)
...
006 (9668970.000.000) 04/23 02:10:54 Image size of job updated: 36327528
	35475  -  MemoryUsage of job (MB)
	36325816  -  ResidentSetSize of job (KB)
...
006 (9668970.000.000) 04/23 02:15:54 Image size of job updated: 37218084
	36344  -  MemoryUsage of job (MB)
	37215792  -  ResidentSetSize of job (KB)
...
006 (9668970.000.000) 04/23 02:20:54 Image size of job updated: 38051580
	37159  -  MemoryUsage of job (MB)
	38050584  -  ResidentSetSize of job (KB)
...
006 (9668970.000.000) 04/23 02:25:55 Image size of job updated: 38876084
	37964  -  MemoryUsage of job (MB)
	38874272  -  ResidentSetSize of job (KB)
...
006 (9668970.000.000) 04/23 02:30:55 Image size of job updated: 39717088
	38787  -  MemoryUsage of job (MB)
	39716944  -  ResidentSetSize of job (KB)
...
006 (9668970.000.000) 04/23 02:35:55 Image size of job updated: 40840588
	39882  -  MemoryUsage of job (MB)
	40839092  -  ResidentSetSize of job (KB)
...
006 (9668970.000.000) 04/23 02:40:56 Image size of job updated: 41781252
	39883  -  MemoryUsage of job (MB)
	40839352  -  ResidentSetSize of job (KB)
...
006 (9668970.000.000) 04/23 05:01:10 Image size of job updated: 42138368
	41148  -  MemoryUsage of job (MB)
	42135480  -  ResidentSetSize of job (KB)
...
006 (9668970.000.000) 04/23 05:06:10 Image size of job updated: 43386220
	42365  -  MemoryUsage of job (MB)
	43381128  -  ResidentSetSize of job (KB)
...
006 (9668970.000.000) 04/23 05:11:10 Image size of job updated: 44660768
	43612  -  MemoryUsage of job (MB)
	44658112  -  ResidentSetSize of job (KB)
...
006 (9668970.000.000) 04/23 05:16:11 Image size of job updated: 45975104
	44898  -  MemoryUsage of job (MB)
	45974832  -  ResidentSetSize of job (KB)
...
006 (9668970.000.000) 04/23 05:21:11 Image size of job updated: 47288880
	46171  -  MemoryUsage of job (MB)
	47278956  -  ResidentSetSize of job (KB)
...
006 (9668970.000.000) 04/23 05:26:11 Image size of job updated: 48530328
	47391  -  MemoryUsage of job (MB)
	48527960  -  ResidentSetSize of job (KB)
...
006 (9668970.000.000) 04/23 05:31:13 Image size of job updated: 49839052
	48671  -  MemoryUsage of job (MB)
	49838164  -  ResidentSetSize of job (KB)
...
006 (9668970.000.000) 04/23 05:36:13 Image size of job updated: 51179000
	49972  -  MemoryUsage of job (MB)
	51170656  -  ResidentSetSize of job (KB)
...
006 (9668970.000.000) 04/23 05:41:13 Image size of job updated: 52622240
	51385  -  MemoryUsage of job (MB)
	52617720  -  ResidentSetSize of job (KB)
...
006 (9668970.000.000) 04/23 05:46:14 Image size of job updated: 53962836
	52697  -  MemoryUsage of job (MB)
	53961288  -  ResidentSetSize of job (KB)
...
006 (9668970.000.000) 04/23 05:51:15 Image size of job updated: 55153992
	53852  -  MemoryUsage of job (MB)
	55144416  -  ResidentSetSize of job (KB)
...
006 (9668970.000.000) 04/23 05:56:15 Image size of job updated: 55885960
	54573  -  MemoryUsage of job (MB)
	55882440  -  ResidentSetSize of job (KB)
...
006 (9668970.000.000) 04/23 06:01:16 Image size of job updated: 56247980
	54930  -  MemoryUsage of job (MB)
	56247792  -  ResidentSetSize of job (KB)
...
006 (9668970.000.000) 04/23 06:06:17 Image size of job updated: 56629044
	55293  -  MemoryUsage of job (MB)
	56619512  -  ResidentSetSize of job (KB)
...
006 (9668970.000.000) 04/23 06:11:17 Image size of job updated: 56706768
	55377  -  MemoryUsage of job (MB)
	56705032  -  ResidentSetSize of job (KB)
...
006 (9668970.000.000) 04/23 06:16:18 Image size of job updated: 57662772
	56311  -  MemoryUsage of job (MB)
	57662420  -  ResidentSetSize of job (KB)
...
006 (9668970.000.000) 04/23 06:21:19 Image size of job updated: 58784572
	57405  -  MemoryUsage of job (MB)
	58782200  -  ResidentSetSize of job (KB)
...
006 (9668970.000.000) 04/23 06:26:19 Image size of job updated: 59947384
	58543  -  MemoryUsage of job (MB)
	59947144  -  ResidentSetSize of job (KB)
...
006 (9668970.000.000) 04/23 06:31:20 Image size of job updated: 61173904
	59740  -  MemoryUsage of job (MB)
	61173452  -  ResidentSetSize of job (KB)
...
006 (9668970.000.000) 04/23 06:36:21 Image size of job updated: 62639244
	61169  -  MemoryUsage of job (MB)
	62636968  -  ResidentSetSize of job (KB)
...
006 (9668970.000.000) 04/23 06:41:21 Image size of job updated: 63964528
	62466  -  MemoryUsage of job (MB)
	63964528  -  ResidentSetSize of job (KB)
...
006 (9668970.000.000) 04/23 06:46:22 Image size of job updated: 65182800
	63652  -  MemoryUsage of job (MB)
	65179428  -  ResidentSetSize of job (KB)
...
006 (9668970.000.000) 04/23 06:51:22 Image size of job updated: 66574840
	65012  -  MemoryUsage of job (MB)
	66572260  -  ResidentSetSize of job (KB)
...
006 (9668970.000.000) 04/23 06:56:22 Image size of job updated: 67828384
	66230  -  MemoryUsage of job (MB)
	67819336  -  ResidentSetSize of job (KB)
...
006 (9668970.000.000) 04/23 07:01:23 Image size of job updated: 69150972
	67529  -  MemoryUsage of job (MB)
	69149292  -  ResidentSetSize of job (KB)
...
006 (9668970.000.000) 04/23 07:06:23 Image size of job updated: 70337684
	68689  -  MemoryUsage of job (MB)
	70337432  -  ResidentSetSize of job (KB)
...
006 (9668970.000.000) 04/23 07:11:23 Image size of job updated: 71556572
	69878  -  MemoryUsage of job (MB)
	71554484  -  ResidentSetSize of job (KB)
...
006 (9668970.000.000) 04/23 07:16:24 Image size of job updated: 72895464
	71186  -  MemoryUsage of job (MB)
	72894212  -  ResidentSetSize of job (KB)
...
006 (9668970.000.000) 04/23 07:21:24 Image size of job updated: 74182992
	72444  -  MemoryUsage of job (MB)
	74182508  -  ResidentSetSize of job (KB)
...
006 (9668970.000.000) 04/23 07:26:24 Image size of job updated: 75429636
	73662  -  MemoryUsage of job (MB)
	75428940  -  ResidentSetSize of job (KB)
...
006 (9668970.000.000) 04/23 07:31:25 Image size of job updated: 76738744
	74937  -  MemoryUsage of job (MB)
	76735236  -  ResidentSetSize of job (KB)
...
006 (9668970.000.000) 04/23 07:36:25 Image size of job updated: 77996876
	76169  -  MemoryUsage of job (MB)
	77996616  -  ResidentSetSize of job (KB)
...
006 (9668970.000.000) 04/23 07:41:25 Image size of job updated: 79215728
	77357  -  MemoryUsage of job (MB)
	79213404  -  ResidentSetSize of job (KB)
...
006 (9668970.000.000) 04/23 07:46:27 Image size of job updated: 80375288
	78491  -  MemoryUsage of job (MB)
	80374212  -  ResidentSetSize of job (KB)
...
006 (9668970.000.000) 04/23 07:51:27 Image size of job updated: 81497016
	79586  -  MemoryUsage of job (MB)
	81495852  -  ResidentSetSize of job (KB)
...
006 (9668970.000.000) 04/23 07:56:27 Image size of job updated: 82774932
	80835  -  MemoryUsage of job (MB)
	82774364  -  ResidentSetSize of job (KB)
...
006 (9668970.000.000) 04/23 08:01:28 Image size of job updated: 83917784
	81949  -  MemoryUsage of job (MB)
	83915556  -  ResidentSetSize of job (KB)
...
006 (9668970.000.000) 04/23 08:06:29 Image size of job updated: 85236300
	83239  -  MemoryUsage of job (MB)
	85236300  -  ResidentSetSize of job (KB)
...
006 (9668970.000.000) 04/23 08:11:29 Image size of job updated: 86436496
	84410  -  MemoryUsage of job (MB)
	86435392  -  ResidentSetSize of job (KB)
...
006 (9668970.000.000) 04/23 08:16:30 Image size of job updated: 87639856
	85585  -  MemoryUsage of job (MB)
	87638816  -  ResidentSetSize of job (KB)
...
006 (9668970.000.000) 04/23 08:21:31 Image size of job updated: 88759488
	86679  -  MemoryUsage of job (MB)
	88759268  -  ResidentSetSize of job (KB)
...
006 (9668970.000.000) 04/23 08:26:31 Image size of job updated: 88926928
	86679  -  MemoryUsage of job (MB)
	88759268  -  ResidentSetSize of job (KB)
...
006 (9668970.000.000) 04/23 08:56:35 Image size of job updated: 89554864
	87456  -  MemoryUsage of job (MB)
	89554348  -  ResidentSetSize of job (KB)
...
006 (9668970.000.000) 04/23 09:01:36 Image size of job updated: 90256728
	88140  -  MemoryUsage of job (MB)
	90254504  -  ResidentSetSize of job (KB)
...
006 (9668970.000.000) 04/23 09:06:37 Image size of job updated: 90327204
	88140  -  MemoryUsage of job (MB)
	90254504  -  ResidentSetSize of job (KB)
...
040 (9668970.000.000) 04/23 09:23:49 Started transferring output files
...
040 (9668970.000.000) 04/23 09:23:52 Finished transferring output files
...
005 (9668970.000.000) 04/23 09:23:52 Job terminated.
	(1) Normal termination (return value 0)
		Usr 0 03:37:52, Sys 0 02:04:48  -  Run Remote Usage
		Usr 0 00:00:00, Sys 0 00:00:00  -  Run Local Usage
		Usr 0 03:37:52, Sys 0 02:04:48  -  Total Remote Usage
		Usr 0 00:00:00, Sys 0 00:00:00  -  Total Local Usage
	7712  -  Run Bytes Sent By Job
	202  -  Run Bytes Received By Job
	7712  -  Total Bytes Sent By Job
	202  -  Total Bytes Received By Job
	Partitionable Resources :    Usage  Request Allocated 
	   Cpus                 :     0.97        1         1 
	   Disk (KB)            :    29           1   2613875 
	   Memory (MB)          : 88140        2000      2000 

	Job terminated of its own accord at 2024-04-23T07:23:49Z.
...
