000 (9668986.000.000) 04/22 22:21:42 Job submitted from host: <137.138.156.150:9618?addrs=137.138.156.150-9618+[2001-1458-d00-14--9a]-9618&alias=bigbird13.cern.ch&noUDP&sock=schedd_2138_1192>
...
040 (9668986.000.000) 04/22 22:25:24 Started transferring input files
	Transferring to host: <188.185.208.193:9618?addrs=188.185.208.193-9618+[2001-1458-303-10--100-3e]-9618&alias=b9p10p0422.cern.ch&noUDP&sock=slot1_3_7415_49c7_47492>
...
040 (9668986.000.000) 04/22 22:25:24 Finished transferring input files
...
001 (9668986.000.000) 04/22 22:25:25 Job executing on host: <188.185.208.193:9618?addrs=188.185.208.193-9618+[2001-1458-303-10--100-3e]-9618&alias=b9p10p0422.cern.ch&noUDP&sock=startd_5969_d0e5>
...
006 (9668986.000.000) 04/22 22:25:34 Image size of job updated: 24568
	24  -  MemoryUsage of job (MB)
	24568  -  ResidentSetSize of job (KB)
...
006 (9668986.000.000) 04/22 22:30:35 Image size of job updated: 1035988
	1005  -  MemoryUsage of job (MB)
	1028268  -  ResidentSetSize of job (KB)
...
006 (9668986.000.000) 04/22 22:35:36 Image size of job updated: 2191460
	2140  -  MemoryUsage of job (MB)
	2191208  -  ResidentSetSize of job (KB)
...
006 (9668986.000.000) 04/22 22:40:36 Image size of job updated: 3403616
	3322  -  MemoryUsage of job (MB)
	3401644  -  ResidentSetSize of job (KB)
...
006 (9668986.000.000) 04/22 22:45:36 Image size of job updated: 4569860
	4460  -  MemoryUsage of job (MB)
	4566536  -  ResidentSetSize of job (KB)
...
006 (9668986.000.000) 04/22 22:50:37 Image size of job updated: 6000276
	5858  -  MemoryUsage of job (MB)
	5997688  -  ResidentSetSize of job (KB)
...
006 (9668986.000.000) 04/22 22:55:37 Image size of job updated: 7551740
	7373  -  MemoryUsage of job (MB)
	7549192  -  ResidentSetSize of job (KB)
...
006 (9668986.000.000) 04/22 23:00:37 Image size of job updated: 8689188
	8483  -  MemoryUsage of job (MB)
	8685708  -  ResidentSetSize of job (KB)
...
006 (9668986.000.000) 04/22 23:05:38 Image size of job updated: 9788640
	9559  -  MemoryUsage of job (MB)
	9787716  -  ResidentSetSize of job (KB)
...
006 (9668986.000.000) 04/22 23:10:39 Image size of job updated: 11403932
	11136  -  MemoryUsage of job (MB)
	11402552  -  ResidentSetSize of job (KB)
...
006 (9668986.000.000) 04/22 23:15:39 Image size of job updated: 12763564
	12456  -  MemoryUsage of job (MB)
	12754552  -  ResidentSetSize of job (KB)
...
006 (9668986.000.000) 04/22 23:20:40 Image size of job updated: 13928680
	13602  -  MemoryUsage of job (MB)
	13927732  -  ResidentSetSize of job (KB)
...
006 (9668986.000.000) 04/22 23:25:41 Image size of job updated: 15032204
	14680  -  MemoryUsage of job (MB)
	15032204  -  ResidentSetSize of job (KB)
...
006 (9668986.000.000) 04/22 23:30:41 Image size of job updated: 16292348
	15905  -  MemoryUsage of job (MB)
	16285780  -  ResidentSetSize of job (KB)
...
006 (9668986.000.000) 04/22 23:35:42 Image size of job updated: 17574668
	17163  -  MemoryUsage of job (MB)
	17573912  -  ResidentSetSize of job (KB)
...
006 (9668986.000.000) 04/22 23:40:43 Image size of job updated: 18921048
	18476  -  MemoryUsage of job (MB)
	18919308  -  ResidentSetSize of job (KB)
...
006 (9668986.000.000) 04/22 23:45:43 Image size of job updated: 20253992
	19779  -  MemoryUsage of job (MB)
	20252848  -  ResidentSetSize of job (KB)
...
006 (9668986.000.000) 04/22 23:50:43 Image size of job updated: 21543344
	21036  -  MemoryUsage of job (MB)
	21540624  -  ResidentSetSize of job (KB)
...
006 (9668986.000.000) 04/22 23:55:44 Image size of job updated: 22804448
	22270  -  MemoryUsage of job (MB)
	22804184  -  ResidentSetSize of job (KB)
...
006 (9668986.000.000) 04/23 00:00:44 Image size of job updated: 24111144
	23537  -  MemoryUsage of job (MB)
	24101412  -  ResidentSetSize of job (KB)
...
006 (9668986.000.000) 04/23 00:05:44 Image size of job updated: 25405668
	24807  -  MemoryUsage of job (MB)
	25402280  -  ResidentSetSize of job (KB)
...
006 (9668986.000.000) 04/23 00:10:46 Image size of job updated: 26690616
	26065  -  MemoryUsage of job (MB)
	26690116  -  ResidentSetSize of job (KB)
...
006 (9668986.000.000) 04/23 00:15:46 Image size of job updated: 28019980
	27355  -  MemoryUsage of job (MB)
	28011140  -  ResidentSetSize of job (KB)
...
006 (9668986.000.000) 04/23 00:20:46 Image size of job updated: 29387920
	28699  -  MemoryUsage of job (MB)
	29387396  -  ResidentSetSize of job (KB)
...
006 (9668986.000.000) 04/23 00:25:47 Image size of job updated: 30944436
	30218  -  MemoryUsage of job (MB)
	30942332  -  ResidentSetSize of job (KB)
...
006 (9668986.000.000) 04/23 00:30:48 Image size of job updated: 32269000
	31512  -  MemoryUsage of job (MB)
	32267632  -  ResidentSetSize of job (KB)
...
006 (9668986.000.000) 04/23 00:35:48 Image size of job updated: 33540552
	32754  -  MemoryUsage of job (MB)
	33539140  -  ResidentSetSize of job (KB)
...
006 (9668986.000.000) 04/23 00:40:49 Image size of job updated: 34746576
	33869  -  MemoryUsage of job (MB)
	34681276  -  ResidentSetSize of job (KB)
...
006 (9668986.000.000) 04/23 00:45:50 Image size of job updated: 35895348
	35053  -  MemoryUsage of job (MB)
	35893868  -  ResidentSetSize of job (KB)
...
006 (9668986.000.000) 04/23 00:50:50 Image size of job updated: 37034592
	36165  -  MemoryUsage of job (MB)
	37032648  -  ResidentSetSize of job (KB)
...
006 (9668986.000.000) 04/23 00:55:50 Image size of job updated: 38242804
	37338  -  MemoryUsage of job (MB)
	38233856  -  ResidentSetSize of job (KB)
...
006 (9668986.000.000) 04/23 01:00:51 Image size of job updated: 39239376
	38319  -  MemoryUsage of job (MB)
	39237860  -  ResidentSetSize of job (KB)
...
006 (9668986.000.000) 04/23 01:05:51 Image size of job updated: 40329288
	39381  -  MemoryUsage of job (MB)
	40325868  -  ResidentSetSize of job (KB)
...
006 (9668986.000.000) 04/23 01:10:51 Image size of job updated: 41711120
	40731  -  MemoryUsage of job (MB)
	41707796  -  ResidentSetSize of job (KB)
...
006 (9668986.000.000) 04/23 01:15:52 Image size of job updated: 43032436
	42021  -  MemoryUsage of job (MB)
	43028656  -  ResidentSetSize of job (KB)
...
006 (9668986.000.000) 04/23 01:20:52 Image size of job updated: 45021812
	43965  -  MemoryUsage of job (MB)
	45020064  -  ResidentSetSize of job (KB)
...
006 (9668986.000.000) 04/23 01:25:52 Image size of job updated: 46548132
	45457  -  MemoryUsage of job (MB)
	46547324  -  ResidentSetSize of job (KB)
...
006 (9668986.000.000) 04/23 01:30:53 Image size of job updated: 47973892
	46850  -  MemoryUsage of job (MB)
	47973432  -  ResidentSetSize of job (KB)
...
006 (9668986.000.000) 04/23 01:35:54 Image size of job updated: 47996036
	46850  -  MemoryUsage of job (MB)
	47973432  -  ResidentSetSize of job (KB)
...
006 (9668986.000.000) 04/23 03:31:06 Image size of job updated: 48667536
	47518  -  MemoryUsage of job (MB)
	48657916  -  ResidentSetSize of job (KB)
...
006 (9668986.000.000) 04/23 03:36:06 Image size of job updated: 50225712
	49048  -  MemoryUsage of job (MB)
	50224776  -  ResidentSetSize of job (KB)
...
006 (9668986.000.000) 04/23 03:41:07 Image size of job updated: 51650120
	50439  -  MemoryUsage of job (MB)
	51649356  -  ResidentSetSize of job (KB)
...
006 (9668986.000.000) 04/23 03:46:07 Image size of job updated: 53099024
	51853  -  MemoryUsage of job (MB)
	53097332  -  ResidentSetSize of job (KB)
...
006 (9668986.000.000) 04/23 03:51:07 Image size of job updated: 54520292
	53240  -  MemoryUsage of job (MB)
	54517660  -  ResidentSetSize of job (KB)
...
006 (9668986.000.000) 04/23 03:56:09 Image size of job updated: 55944648
	54626  -  MemoryUsage of job (MB)
	55936036  -  ResidentSetSize of job (KB)
...
006 (9668986.000.000) 04/23 04:01:09 Image size of job updated: 57442840
	56093  -  MemoryUsage of job (MB)
	57438396  -  ResidentSetSize of job (KB)
...
006 (9668986.000.000) 04/23 04:06:09 Image size of job updated: 58919824
	57539  -  MemoryUsage of job (MB)
	58919584  -  ResidentSetSize of job (KB)
...
006 (9668986.000.000) 04/23 04:11:10 Image size of job updated: 60293252
	58870  -  MemoryUsage of job (MB)
	60282780  -  ResidentSetSize of job (KB)
...
006 (9668986.000.000) 04/23 04:16:11 Image size of job updated: 61761316
	60313  -  MemoryUsage of job (MB)
	61759664  -  ResidentSetSize of job (KB)
...
006 (9668986.000.000) 04/23 04:21:11 Image size of job updated: 63375152
	61890  -  MemoryUsage of job (MB)
	63374476  -  ResidentSetSize of job (KB)
...
006 (9668986.000.000) 04/23 04:26:12 Image size of job updated: 65305664
	63765  -  MemoryUsage of job (MB)
	65295272  -  ResidentSetSize of job (KB)
...
006 (9668986.000.000) 04/23 04:31:13 Image size of job updated: 67238184
	65660  -  MemoryUsage of job (MB)
	67234868  -  ResidentSetSize of job (KB)
...
006 (9668986.000.000) 04/23 04:36:13 Image size of job updated: 68400060
	66667  -  MemoryUsage of job (MB)
	68266168  -  ResidentSetSize of job (KB)
...
006 (9668986.000.000) 04/23 04:41:13 Image size of job updated: 69960288
	68319  -  MemoryUsage of job (MB)
	69958040  -  ResidentSetSize of job (KB)
...
006 (9668986.000.000) 04/23 04:46:14 Image size of job updated: 71907928
	70213  -  MemoryUsage of job (MB)
	71897656  -  ResidentSetSize of job (KB)
...
006 (9668986.000.000) 04/23 04:51:14 Image size of job updated: 73367052
	70627  -  MemoryUsage of job (MB)
	72321092  -  ResidentSetSize of job (KB)
...
006 (9668986.000.000) 04/23 04:56:14 Image size of job updated: 73796388
	72041  -  MemoryUsage of job (MB)
	73769572  -  ResidentSetSize of job (KB)
...
006 (9668986.000.000) 04/23 05:01:16 Image size of job updated: 75506620
	73736  -  MemoryUsage of job (MB)
	75505532  -  ResidentSetSize of job (KB)
...
006 (9668986.000.000) 04/23 05:06:16 Image size of job updated: 77292016
	75475  -  MemoryUsage of job (MB)
	77285592  -  ResidentSetSize of job (KB)
...
006 (9668986.000.000) 04/23 05:11:16 Image size of job updated: 79217104
	77361  -  MemoryUsage of job (MB)
	79216980  -  ResidentSetSize of job (KB)
...
006 (9668986.000.000) 04/23 05:16:17 Image size of job updated: 81044724
	79142  -  MemoryUsage of job (MB)
	81040968  -  ResidentSetSize of job (KB)
...
006 (9668986.000.000) 04/23 05:21:18 Image size of job updated: 82798316
	80857  -  MemoryUsage of job (MB)
	82797124  -  ResidentSetSize of job (KB)
...
006 (9668986.000.000) 04/23 05:26:18 Image size of job updated: 84560340
	82577  -  MemoryUsage of job (MB)
	84558452  -  ResidentSetSize of job (KB)
...
006 (9668986.000.000) 04/23 05:31:19 Image size of job updated: 86231044
	84210  -  MemoryUsage of job (MB)
	86230576  -  ResidentSetSize of job (KB)
...
006 (9668986.000.000) 04/23 05:36:20 Image size of job updated: 87945336
	85588  -  MemoryUsage of job (MB)
	87641252  -  ResidentSetSize of job (KB)
...
006 (9668986.000.000) 04/23 05:41:20 Image size of job updated: 87945336
	85589  -  MemoryUsage of job (MB)
	87642280  -  ResidentSetSize of job (KB)
...
040 (9668986.000.000) 04/23 06:21:07 Started transferring output files
...
040 (9668986.000.000) 04/23 06:21:07 Finished transferring output files
...
005 (9668986.000.000) 04/23 06:21:07 Job terminated.
	(1) Normal termination (return value 0)
		Usr 0 03:02:09, Sys 0 01:40:01  -  Run Remote Usage
		Usr 0 00:00:00, Sys 0 00:00:00  -  Run Local Usage
		Usr 0 03:02:09, Sys 0 01:40:01  -  Total Remote Usage
		Usr 0 00:00:00, Sys 0 00:00:00  -  Total Local Usage
	7514  -  Run Bytes Sent By Job
	202  -  Run Bytes Received By Job
	7514  -  Total Bytes Sent By Job
	202  -  Total Bytes Received By Job
	Partitionable Resources :    Usage  Request Allocated 
	   Cpus                 :     0.99        1         1 
	   Disk (KB)            :    29           1   2650699 
	   Memory (MB)          : 85589        2000      2000 

	Job terminated of its own accord at 2024-04-23T04:21:07Z.
...
