000 (9405689.000.000) 03/11 11:56:17 Job submitted from host: <137.138.156.150:9618?addrs=137.138.156.150-9618+[2001-1458-d00-14--9a]-9618&alias=bigbird13.cern.ch&noUDP&sock=schedd_5144_ef43>
...
040 (9405689.000.000) 03/11 20:07:08 Started transferring input files
	Transferring to host: <128.142.56.152:9618?addrs=128.142.56.152-9618&alias=b7s01p7132.cern.ch&noUDP&sock=slot1_18_6947_8a34_68026>
...
040 (9405689.000.000) 03/11 20:07:08 Finished transferring input files
...
001 (9405689.000.000) 03/11 20:07:09 Job executing on host: <128.142.56.152:9618?addrs=128.142.56.152-9618&alias=b7s01p7132.cern.ch&noUDP&sock=startd_6863_0690>
...
006 (9405689.000.000) 03/11 20:07:18 Image size of job updated: 446108
	44  -  MemoryUsage of job (MB)
	44440  -  ResidentSetSize of job (KB)
...
006 (9405689.000.000) 03/11 20:07:29 Image size of job updated: 446108
	45  -  MemoryUsage of job (MB)
	45108  -  ResidentSetSize of job (KB)
...
040 (9405689.000.000) 03/11 20:07:29 Started transferring output files
...
040 (9405689.000.000) 03/11 20:07:29 Finished transferring output files
...
005 (9405689.000.000) 03/11 20:07:30 Job terminated.
	(1) Normal termination (return value 0)
		Usr 0 00:00:04, Sys 0 00:00:01  -  Run Remote Usage
		Usr 0 00:00:00, Sys 0 00:00:00  -  Run Local Usage
		Usr 0 00:00:04, Sys 0 00:00:01  -  Total Remote Usage
		Usr 0 00:00:00, Sys 0 00:00:00  -  Total Local Usage
	24260  -  Run Bytes Sent By Job
	220  -  Run Bytes Received By Job
	24260  -  Total Bytes Sent By Job
	220  -  Total Bytes Received By Job
	Partitionable Resources :    Usage  Request Allocated 
	   Cpus                 :                 1         1 
	   Disk (KB)            :       37        1   1129226 
	   Memory (MB)          :       45     2000      2000 

	Job terminated of its own accord at 2024-03-11T19:07:29Z.
...
