000 (9405650.000.000) 03/11 11:55:29 Job submitted from host: <137.138.156.150:9618?addrs=137.138.156.150-9618+[2001-1458-d00-14--9a]-9618&alias=bigbird13.cern.ch&noUDP&sock=schedd_5144_ef43>
...
040 (9405650.000.000) 03/11 20:07:01 Started transferring input files
	Transferring to host: <128.142.59.19:9618?addrs=128.142.59.19-9618&alias=b7s04p6244.cern.ch&noUDP&sock=slot1_21_6897_4f72_69270>
...
040 (9405650.000.000) 03/11 20:07:01 Finished transferring input files
...
001 (9405650.000.000) 03/11 20:07:02 Job executing on host: <128.142.59.19:9618?addrs=128.142.59.19-9618&alias=b7s04p6244.cern.ch&noUDP&sock=startd_6835_d1e9>
...
006 (9405650.000.000) 03/11 20:07:11 Image size of job updated: 143152
	16  -  MemoryUsage of job (MB)
	15932  -  ResidentSetSize of job (KB)
...
006 (9405650.000.000) 03/11 20:07:44 Image size of job updated: 1186268
	16  -  MemoryUsage of job (MB)
	15980  -  ResidentSetSize of job (KB)
...
040 (9405650.000.000) 03/11 20:07:44 Started transferring output files
...
040 (9405650.000.000) 03/11 20:07:44 Finished transferring output files
...
005 (9405650.000.000) 03/11 20:07:44 Job terminated.
	(1) Normal termination (return value 0)
		Usr 0 00:00:04, Sys 0 00:00:01  -  Run Remote Usage
		Usr 0 00:00:00, Sys 0 00:00:00  -  Run Local Usage
		Usr 0 00:00:04, Sys 0 00:00:01  -  Total Remote Usage
		Usr 0 00:00:00, Sys 0 00:00:00  -  Total Local Usage
	24260  -  Run Bytes Sent By Job
	220  -  Run Bytes Received By Job
	24260  -  Total Bytes Sent By Job
	220  -  Total Bytes Received By Job
	Partitionable Resources :    Usage  Request Allocated 
	   Cpus                 :                 1         1 
	   Disk (KB)            :       37        1   1052341 
	   Memory (MB)          :       16     2000      2000 

	Job terminated of its own accord at 2024-03-11T19:07:44Z.
...
