000 (9813360.000.000) 05/14 17:50:54 Job submitted from host: <137.138.156.150:9618?addrs=137.138.156.150-9618+[2001-1458-d00-14--9a]-9618&alias=bigbird13.cern.ch&noUDP&sock=schedd_25162_9e1a>
...
040 (9813360.000.000) 05/14 19:11:38 Started transferring input files
	Transferring to host: <128.142.60.21:9618?addrs=128.142.60.21-9618+[2001-1458-301-22--100-14]-9618&alias=b9s05p6927.cern.ch&noUDP&sock=slot1_23_5570_519c_28408>
...
040 (9813360.000.000) 05/14 19:11:38 Finished transferring input files
...
001 (9813360.000.000) 05/14 19:11:39 Job executing on host: <128.142.60.21:9618?addrs=128.142.60.21-9618+[2001-1458-301-22--100-14]-9618&alias=b9s05p6927.cern.ch&noUDP&sock=startd_4024_b530>
	SlotName: slot1_23@b9s05p6927.cern.ch
	CondorScratchDir = "/pool/condor/dir_1155917"
	Cpus = 1
	Disk = 2835310
	Memory = 2000
...
006 (9813360.000.000) 05/14 19:11:48 Image size of job updated: 13032
	13  -  MemoryUsage of job (MB)
	12928  -  ResidentSetSize of job (KB)
...
006 (9813360.000.000) 05/14 19:16:49 Image size of job updated: 227944
	223  -  MemoryUsage of job (MB)
	227816  -  ResidentSetSize of job (KB)
...
006 (9813360.000.000) 05/14 19:21:49 Image size of job updated: 386084
	378  -  MemoryUsage of job (MB)
	386084  -  ResidentSetSize of job (KB)
...
006 (9813360.000.000) 05/14 19:26:49 Image size of job updated: 663532
	648  -  MemoryUsage of job (MB)
	663284  -  ResidentSetSize of job (KB)
...
006 (9813360.000.000) 05/14 19:31:50 Image size of job updated: 2321480
	2266  -  MemoryUsage of job (MB)
	2319916  -  ResidentSetSize of job (KB)
...
006 (9813360.000.000) 05/14 19:36:50 Image size of job updated: 2452108
	2394  -  MemoryUsage of job (MB)
	2450844  -  ResidentSetSize of job (KB)
...
006 (9813360.000.000) 05/14 19:41:50 Image size of job updated: 2582944
	2521  -  MemoryUsage of job (MB)
	2581292  -  ResidentSetSize of job (KB)
...
006 (9813360.000.000) 05/14 19:46:51 Image size of job updated: 2691956
	2626  -  MemoryUsage of job (MB)
	2688364  -  ResidentSetSize of job (KB)
...
006 (9813360.000.000) 05/14 19:51:51 Image size of job updated: 2816844
	2751  -  MemoryUsage of job (MB)
	2816156  -  ResidentSetSize of job (KB)
...
006 (9813360.000.000) 05/14 19:56:51 Image size of job updated: 2952304
	2880  -  MemoryUsage of job (MB)
	2948896  -  ResidentSetSize of job (KB)
...
006 (9813360.000.000) 05/14 20:01:52 Image size of job updated: 3052812
	2981  -  MemoryUsage of job (MB)
	3051868  -  ResidentSetSize of job (KB)
...
006 (9813360.000.000) 05/14 20:06:52 Image size of job updated: 3160240
	3085  -  MemoryUsage of job (MB)
	3159008  -  ResidentSetSize of job (KB)
...
006 (9813360.000.000) 05/14 20:11:52 Image size of job updated: 3296080
	3218  -  MemoryUsage of job (MB)
	3295232  -  ResidentSetSize of job (KB)
...
006 (9813360.000.000) 05/14 20:16:53 Image size of job updated: 3440064
	3357  -  MemoryUsage of job (MB)
	3436864  -  ResidentSetSize of job (KB)
...
006 (9813360.000.000) 05/14 20:21:53 Image size of job updated: 3494592
	3412  -  MemoryUsage of job (MB)
	3493324  -  ResidentSetSize of job (KB)
...
006 (9813360.000.000) 05/14 20:26:53 Image size of job updated: 3587096
	3501  -  MemoryUsage of job (MB)
	3584704  -  ResidentSetSize of job (KB)
...
006 (9813360.000.000) 05/14 20:31:54 Image size of job updated: 3730128
	3642  -  MemoryUsage of job (MB)
	3728724  -  ResidentSetSize of job (KB)
...
006 (9813360.000.000) 05/14 20:36:55 Image size of job updated: 3873428
	3781  -  MemoryUsage of job (MB)
	3870992  -  ResidentSetSize of job (KB)
...
006 (9813360.000.000) 05/14 20:41:55 Image size of job updated: 4016740
	3921  -  MemoryUsage of job (MB)
	4014268  -  ResidentSetSize of job (KB)
...
006 (9813360.000.000) 05/14 20:46:55 Image size of job updated: 4135272
	4037  -  MemoryUsage of job (MB)
	4133772  -  ResidentSetSize of job (KB)
...
006 (9813360.000.000) 05/14 20:51:56 Image size of job updated: 4171288
	4073  -  MemoryUsage of job (MB)
	4169964  -  ResidentSetSize of job (KB)
...
006 (9813360.000.000) 05/14 20:56:56 Image size of job updated: 4296472
	4196  -  MemoryUsage of job (MB)
	4296016  -  ResidentSetSize of job (KB)
...
006 (9813360.000.000) 05/14 21:01:56 Image size of job updated: 4352560
	4250  -  MemoryUsage of job (MB)
	4351100  -  ResidentSetSize of job (KB)
...
006 (9813360.000.000) 05/14 21:06:57 Image size of job updated: 4390548
	4287  -  MemoryUsage of job (MB)
	4389388  -  ResidentSetSize of job (KB)
...
006 (9813360.000.000) 05/14 21:11:58 Image size of job updated: 4471668
	4287  -  MemoryUsage of job (MB)
	4389388  -  ResidentSetSize of job (KB)
...
006 (9813360.000.000) 05/14 21:42:00 Image size of job updated: 4471668
	4328  -  MemoryUsage of job (MB)
	4431112  -  ResidentSetSize of job (KB)
...
006 (9813360.000.000) 05/14 21:47:01 Image size of job updated: 4504268
	4398  -  MemoryUsage of job (MB)
	4502916  -  ResidentSetSize of job (KB)
...
006 (9813360.000.000) 05/14 21:52:01 Image size of job updated: 4649088
	4538  -  MemoryUsage of job (MB)
	4645892  -  ResidentSetSize of job (KB)
...
006 (9813360.000.000) 05/14 21:57:03 Image size of job updated: 4719280
	4607  -  MemoryUsage of job (MB)
	4717332  -  ResidentSetSize of job (KB)
...
006 (9813360.000.000) 05/14 22:02:03 Image size of job updated: 4825192
	4712  -  MemoryUsage of job (MB)
	4824744  -  ResidentSetSize of job (KB)
...
006 (9813360.000.000) 05/14 22:07:03 Image size of job updated: 4901044
	4785  -  MemoryUsage of job (MB)
	4898844  -  ResidentSetSize of job (KB)
...
006 (9813360.000.000) 05/14 22:12:04 Image size of job updated: 5024068
	4907  -  MemoryUsage of job (MB)
	5023828  -  ResidentSetSize of job (KB)
...
006 (9813360.000.000) 05/14 22:17:05 Image size of job updated: 5087336
	4935  -  MemoryUsage of job (MB)
	5052468  -  ResidentSetSize of job (KB)
...
006 (9813360.000.000) 05/14 22:22:05 Image size of job updated: 5242820
	5073  -  MemoryUsage of job (MB)
	5194068  -  ResidentSetSize of job (KB)
...
006 (9813360.000.000) 05/14 22:27:07 Image size of job updated: 5275096
	5152  -  MemoryUsage of job (MB)
	5274632  -  ResidentSetSize of job (KB)
...
006 (9813360.000.000) 05/14 22:32:07 Image size of job updated: 5423796
	5295  -  MemoryUsage of job (MB)
	5421452  -  ResidentSetSize of job (KB)
...
006 (9813360.000.000) 05/14 22:37:07 Image size of job updated: 5499424
	5370  -  MemoryUsage of job (MB)
	5498280  -  ResidentSetSize of job (KB)
...
006 (9813360.000.000) 05/14 22:42:09 Image size of job updated: 5621076
	5489  -  MemoryUsage of job (MB)
	5619756  -  ResidentSetSize of job (KB)
...
006 (9813360.000.000) 05/14 22:47:09 Image size of job updated: 5714140
	5579  -  MemoryUsage of job (MB)
	5712392  -  ResidentSetSize of job (KB)
...
006 (9813360.000.000) 05/14 22:52:09 Image size of job updated: 5787536
	5650  -  MemoryUsage of job (MB)
	5784632  -  ResidentSetSize of job (KB)
...
006 (9813360.000.000) 05/14 22:57:11 Image size of job updated: 5842704
	5706  -  MemoryUsage of job (MB)
	5842044  -  ResidentSetSize of job (KB)
...
006 (9813360.000.000) 05/14 23:02:11 Image size of job updated: 5884680
	5745  -  MemoryUsage of job (MB)
	5882232  -  ResidentSetSize of job (KB)
...
006 (9813360.000.000) 05/14 23:07:11 Image size of job updated: 5985636
	5845  -  MemoryUsage of job (MB)
	5984500  -  ResidentSetSize of job (KB)
...
006 (9813360.000.000) 05/14 23:12:12 Image size of job updated: 6062248
	5918  -  MemoryUsage of job (MB)
	6059136  -  ResidentSetSize of job (KB)
...
006 (9813360.000.000) 05/14 23:17:13 Image size of job updated: 6200292
	6054  -  MemoryUsage of job (MB)
	6198548  -  ResidentSetSize of job (KB)
...
006 (9813360.000.000) 05/14 23:22:13 Image size of job updated: 6241184
	6094  -  MemoryUsage of job (MB)
	6239488  -  ResidentSetSize of job (KB)
...
006 (9813360.000.000) 05/14 23:27:14 Image size of job updated: 6387872
	6194  -  MemoryUsage of job (MB)
	6342548  -  ResidentSetSize of job (KB)
...
006 (9813360.000.000) 05/14 23:32:15 Image size of job updated: 6439572
	6287  -  MemoryUsage of job (MB)
	6437592  -  ResidentSetSize of job (KB)
...
006 (9813360.000.000) 05/14 23:37:15 Image size of job updated: 6528760
	6374  -  MemoryUsage of job (MB)
	6526920  -  ResidentSetSize of job (KB)
...
006 (9813360.000.000) 05/14 23:42:15 Image size of job updated: 6636420
	6479  -  MemoryUsage of job (MB)
	6634444  -  ResidentSetSize of job (KB)
...
006 (9813360.000.000) 05/14 23:47:16 Image size of job updated: 6760856
	6601  -  MemoryUsage of job (MB)
	6758868  -  ResidentSetSize of job (KB)
...
006 (9813360.000.000) 05/14 23:52:16 Image size of job updated: 6832396
	6672  -  MemoryUsage of job (MB)
	6831980  -  ResidentSetSize of job (KB)
...
006 (9813360.000.000) 05/14 23:57:16 Image size of job updated: 6941384
	6778  -  MemoryUsage of job (MB)
	6940112  -  ResidentSetSize of job (KB)
...
006 (9813360.000.000) 05/15 00:02:17 Image size of job updated: 7018004
	6852  -  MemoryUsage of job (MB)
	7015680  -  ResidentSetSize of job (KB)
...
006 (9813360.000.000) 05/15 00:07:17 Image size of job updated: 7154916
	6987  -  MemoryUsage of job (MB)
	7154292  -  ResidentSetSize of job (KB)
...
006 (9813360.000.000) 05/15 00:12:17 Image size of job updated: 7198828
	7026  -  MemoryUsage of job (MB)
	7194520  -  ResidentSetSize of job (KB)
...
006 (9813360.000.000) 05/15 00:17:18 Image size of job updated: 7322172
	7150  -  MemoryUsage of job (MB)
	7320832  -  ResidentSetSize of job (KB)
...
006 (9813360.000.000) 05/15 00:22:18 Image size of job updated: 7414880
	7239  -  MemoryUsage of job (MB)
	7412532  -  ResidentSetSize of job (KB)
...
006 (9813360.000.000) 05/15 00:27:18 Image size of job updated: 7529636
	7353  -  MemoryUsage of job (MB)
	7529200  -  ResidentSetSize of job (KB)
...
006 (9813360.000.000) 05/15 00:32:19 Image size of job updated: 7585756
	7406  -  MemoryUsage of job (MB)
	7583300  -  ResidentSetSize of job (KB)
...
006 (9813360.000.000) 05/15 00:37:19 Image size of job updated: 7645892
	7463  -  MemoryUsage of job (MB)
	7641128  -  ResidentSetSize of job (KB)
...
006 (9813360.000.000) 05/15 00:42:19 Image size of job updated: 7784468
	7601  -  MemoryUsage of job (MB)
	7782432  -  ResidentSetSize of job (KB)
...
006 (9813360.000.000) 05/15 00:47:20 Image size of job updated: 7859584
	7674  -  MemoryUsage of job (MB)
	7857700  -  ResidentSetSize of job (KB)
...
006 (9813360.000.000) 05/15 00:52:20 Image size of job updated: 7998688
	7811  -  MemoryUsage of job (MB)
	7997692  -  ResidentSetSize of job (KB)
...
006 (9813360.000.000) 05/15 00:57:20 Image size of job updated: 8013736
	7811  -  MemoryUsage of job (MB)
	7997692  -  ResidentSetSize of job (KB)
...
006 (9813360.000.000) 05/15 01:02:21 Image size of job updated: 8159312
	7966  -  MemoryUsage of job (MB)
	8156532  -  ResidentSetSize of job (KB)
...
006 (9813360.000.000) 05/15 01:07:21 Image size of job updated: 8252632
	8057  -  MemoryUsage of job (MB)
	8250020  -  ResidentSetSize of job (KB)
...
006 (9813360.000.000) 05/15 01:12:21 Image size of job updated: 8369112
	8172  -  MemoryUsage of job (MB)
	8367760  -  ResidentSetSize of job (KB)
...
006 (9813360.000.000) 05/15 01:17:22 Image size of job updated: 8442348
	8243  -  MemoryUsage of job (MB)
	8440672  -  ResidentSetSize of job (KB)
...
006 (9813360.000.000) 05/15 01:22:22 Image size of job updated: 8495376
	8297  -  MemoryUsage of job (MB)
	8495128  -  ResidentSetSize of job (KB)
...
006 (9813360.000.000) 05/15 01:27:22 Image size of job updated: 8535324
	8335  -  MemoryUsage of job (MB)
	8534080  -  ResidentSetSize of job (KB)
...
006 (9813360.000.000) 05/15 01:32:24 Image size of job updated: 8639876
	8437  -  MemoryUsage of job (MB)
	8639028  -  ResidentSetSize of job (KB)
...
006 (9813360.000.000) 05/15 01:37:24 Image size of job updated: 8732324
	8527  -  MemoryUsage of job (MB)
	8730672  -  ResidentSetSize of job (KB)
...
006 (9813360.000.000) 05/15 01:42:24 Image size of job updated: 8901672
	8693  -  MemoryUsage of job (MB)
	8901200  -  ResidentSetSize of job (KB)
...
006 (9813360.000.000) 05/15 01:47:25 Image size of job updated: 9070800
	8859  -  MemoryUsage of job (MB)
	9070788  -  ResidentSetSize of job (KB)
...
006 (9813360.000.000) 05/15 01:52:25 Image size of job updated: 9174852
	8960  -  MemoryUsage of job (MB)
	9174212  -  ResidentSetSize of job (KB)
...
006 (9813360.000.000) 05/15 01:57:25 Image size of job updated: 9242040
	9026  -  MemoryUsage of job (MB)
	9241936  -  ResidentSetSize of job (KB)
...
006 (9813360.000.000) 05/15 02:02:26 Image size of job updated: 9310316
	9091  -  MemoryUsage of job (MB)
	9309124  -  ResidentSetSize of job (KB)
...
006 (9813360.000.000) 05/15 02:07:26 Image size of job updated: 9373672
	9152  -  MemoryUsage of job (MB)
	9371468  -  ResidentSetSize of job (KB)
...
006 (9813360.000.000) 05/15 02:12:26 Image size of job updated: 9413048
	9192  -  MemoryUsage of job (MB)
	9412604  -  ResidentSetSize of job (KB)
...
006 (9813360.000.000) 05/15 02:17:27 Image size of job updated: 9516172
	9292  -  MemoryUsage of job (MB)
	9514280  -  ResidentSetSize of job (KB)
...
006 (9813360.000.000) 05/15 02:22:27 Image size of job updated: 9757892
	9446  -  MemoryUsage of job (MB)
	9672272  -  ResidentSetSize of job (KB)
...
006 (9813360.000.000) 05/15 02:27:27 Image size of job updated: 9757892
	9513  -  MemoryUsage of job (MB)
	9740652  -  ResidentSetSize of job (KB)
...
006 (9813360.000.000) 05/15 02:32:28 Image size of job updated: 9803908
	9573  -  MemoryUsage of job (MB)
	9802092  -  ResidentSetSize of job (KB)
...
006 (9813360.000.000) 05/15 02:37:28 Image size of job updated: 9893028
	9661  -  MemoryUsage of job (MB)
	9892468  -  ResidentSetSize of job (KB)
...
006 (9813360.000.000) 05/15 02:42:29 Image size of job updated: 9949384
	9714  -  MemoryUsage of job (MB)
	9946372  -  ResidentSetSize of job (KB)
...
006 (9813360.000.000) 05/15 02:47:30 Image size of job updated: 10041240
	9805  -  MemoryUsage of job (MB)
	10040316  -  ResidentSetSize of job (KB)
...
006 (9813360.000.000) 05/15 02:52:30 Image size of job updated: 10123288
	9885  -  MemoryUsage of job (MB)
	10121348  -  ResidentSetSize of job (KB)
...
006 (9813360.000.000) 05/15 02:57:31 Image size of job updated: 10184760
	9945  -  MemoryUsage of job (MB)
	10183344  -  ResidentSetSize of job (KB)
...
006 (9813360.000.000) 05/15 03:02:32 Image size of job updated: 10249904
	10008  -  MemoryUsage of job (MB)
	10247708  -  ResidentSetSize of job (KB)
...
006 (9813360.000.000) 05/15 03:07:32 Image size of job updated: 10265844
	10025  -  MemoryUsage of job (MB)
	10265480  -  ResidentSetSize of job (KB)
...
006 (9813360.000.000) 05/15 03:12:33 Image size of job updated: 10333364
	10091  -  MemoryUsage of job (MB)
	10332920  -  ResidentSetSize of job (KB)
...
006 (9813360.000.000) 05/15 03:17:34 Image size of job updated: 10416128
	10171  -  MemoryUsage of job (MB)
	10414228  -  ResidentSetSize of job (KB)
...
006 (9813360.000.000) 05/15 03:22:35 Image size of job updated: 10481600
	10234  -  MemoryUsage of job (MB)
	10479552  -  ResidentSetSize of job (KB)
...
006 (9813360.000.000) 05/15 03:27:36 Image size of job updated: 10557632
	10308  -  MemoryUsage of job (MB)
	10554764  -  ResidentSetSize of job (KB)
...
006 (9813360.000.000) 05/15 03:32:36 Image size of job updated: 10596060
	10347  -  MemoryUsage of job (MB)
	10594492  -  ResidentSetSize of job (KB)
...
006 (9813360.000.000) 05/15 03:37:36 Image size of job updated: 10648636
	10398  -  MemoryUsage of job (MB)
	10647060  -  ResidentSetSize of job (KB)
...
006 (9813360.000.000) 05/15 03:42:38 Image size of job updated: 10707752
	10457  -  MemoryUsage of job (MB)
	10707112  -  ResidentSetSize of job (KB)
...
006 (9813360.000.000) 05/15 03:47:38 Image size of job updated: 10764512
	10511  -  MemoryUsage of job (MB)
	10763220  -  ResidentSetSize of job (KB)
...
006 (9813360.000.000) 05/15 03:52:38 Image size of job updated: 10807888
	10554  -  MemoryUsage of job (MB)
	10806944  -  ResidentSetSize of job (KB)
...
006 (9813360.000.000) 05/15 03:57:39 Image size of job updated: 10848460
	10594  -  MemoryUsage of job (MB)
	10847496  -  ResidentSetSize of job (KB)
...
006 (9813360.000.000) 05/15 04:02:40 Image size of job updated: 10904368
	10649  -  MemoryUsage of job (MB)
	10904160  -  ResidentSetSize of job (KB)
...
006 (9813360.000.000) 05/15 04:07:40 Image size of job updated: 10960568
	10702  -  MemoryUsage of job (MB)
	10958480  -  ResidentSetSize of job (KB)
...
006 (9813360.000.000) 05/15 04:12:41 Image size of job updated: 11068168
	10809  -  MemoryUsage of job (MB)
	11067932  -  ResidentSetSize of job (KB)
...
006 (9813360.000.000) 05/15 04:17:42 Image size of job updated: 11123784
	10863  -  MemoryUsage of job (MB)
	11123292  -  ResidentSetSize of job (KB)
...
006 (9813360.000.000) 05/15 04:22:42 Image size of job updated: 11179824
	10917  -  MemoryUsage of job (MB)
	11178928  -  ResidentSetSize of job (KB)
...
006 (9813360.000.000) 05/15 04:27:42 Image size of job updated: 11237672
	10969  -  MemoryUsage of job (MB)
	11231952  -  ResidentSetSize of job (KB)
...
006 (9813360.000.000) 05/15 04:32:43 Image size of job updated: 11274072
	11009  -  MemoryUsage of job (MB)
	11272496  -  ResidentSetSize of job (KB)
...
006 (9813360.000.000) 05/15 04:37:43 Image size of job updated: 11328868
	11062  -  MemoryUsage of job (MB)
	11327300  -  ResidentSetSize of job (KB)
...
006 (9813360.000.000) 05/15 04:42:43 Image size of job updated: 11383724
	11117  -  MemoryUsage of job (MB)
	11383716  -  ResidentSetSize of job (KB)
...
006 (9813360.000.000) 05/15 04:47:44 Image size of job updated: 11440196
	11171  -  MemoryUsage of job (MB)
	11438288  -  ResidentSetSize of job (KB)
...
006 (9813360.000.000) 05/15 04:52:45 Image size of job updated: 11495300
	11226  -  MemoryUsage of job (MB)
	11495068  -  ResidentSetSize of job (KB)
...
006 (9813360.000.000) 05/15 04:57:45 Image size of job updated: 11590756
	11319  -  MemoryUsage of job (MB)
	11590468  -  ResidentSetSize of job (KB)
...
006 (9813360.000.000) 05/15 05:02:46 Image size of job updated: 11648204
	11374  -  MemoryUsage of job (MB)
	11646496  -  ResidentSetSize of job (KB)
...
006 (9813360.000.000) 05/15 05:07:47 Image size of job updated: 11701300
	11428  -  MemoryUsage of job (MB)
	11701300  -  ResidentSetSize of job (KB)
...
006 (9813360.000.000) 05/15 05:12:47 Image size of job updated: 11762368
	11485  -  MemoryUsage of job (MB)
	11759996  -  ResidentSetSize of job (KB)
...
006 (9813360.000.000) 05/15 05:17:48 Image size of job updated: 11814464
	11538  -  MemoryUsage of job (MB)
	11813920  -  ResidentSetSize of job (KB)
...
006 (9813360.000.000) 05/15 05:22:49 Image size of job updated: 11906588
	11628  -  MemoryUsage of job (MB)
	11906588  -  ResidentSetSize of job (KB)
...
006 (9813360.000.000) 05/15 05:27:49 Image size of job updated: 11964796
	11685  -  MemoryUsage of job (MB)
	11964780  -  ResidentSetSize of job (KB)
...
006 (9813360.000.000) 05/15 05:32:49 Image size of job updated: 12014196
	11731  -  MemoryUsage of job (MB)
	12011684  -  ResidentSetSize of job (KB)
...
006 (9813360.000.000) 05/15 05:37:50 Image size of job updated: 12098364
	11814  -  MemoryUsage of job (MB)
	12097188  -  ResidentSetSize of job (KB)
...
006 (9813360.000.000) 05/15 05:42:50 Image size of job updated: 12159276
	11874  -  MemoryUsage of job (MB)
	12158552  -  ResidentSetSize of job (KB)
...
006 (9813360.000.000) 05/15 05:47:50 Image size of job updated: 12233268
	11945  -  MemoryUsage of job (MB)
	12231468  -  ResidentSetSize of job (KB)
...
006 (9813360.000.000) 05/15 05:52:51 Image size of job updated: 12287324
	11999  -  MemoryUsage of job (MB)
	12286880  -  ResidentSetSize of job (KB)
...
006 (9813360.000.000) 05/15 05:57:52 Image size of job updated: 12343164
	12054  -  MemoryUsage of job (MB)
	12342312  -  ResidentSetSize of job (KB)
...
006 (9813360.000.000) 05/15 06:02:52 Image size of job updated: 12432608
	12142  -  MemoryUsage of job (MB)
	12432452  -  ResidentSetSize of job (KB)
...
006 (9813360.000.000) 05/15 06:07:53 Image size of job updated: 12526092
	12230  -  MemoryUsage of job (MB)
	12523184  -  ResidentSetSize of job (KB)
...
006 (9813360.000.000) 05/15 06:12:54 Image size of job updated: 12615388
	12318  -  MemoryUsage of job (MB)
	12613524  -  ResidentSetSize of job (KB)
...
006 (9813360.000.000) 05/15 06:17:54 Image size of job updated: 12658304
	12360  -  MemoryUsage of job (MB)
	12656412  -  ResidentSetSize of job (KB)
...
006 (9813360.000.000) 05/15 06:22:54 Image size of job updated: 12751556
	12452  -  MemoryUsage of job (MB)
	12750068  -  ResidentSetSize of job (KB)
...
006 (9813360.000.000) 05/15 06:27:55 Image size of job updated: 12846468
	12544  -  MemoryUsage of job (MB)
	12844336  -  ResidentSetSize of job (KB)
...
006 (9813360.000.000) 05/15 06:32:56 Image size of job updated: 12903544
	12599  -  MemoryUsage of job (MB)
	12900868  -  ResidentSetSize of job (KB)
...
006 (9813360.000.000) 05/15 06:37:56 Image size of job updated: 12956940
	12652  -  MemoryUsage of job (MB)
	12955412  -  ResidentSetSize of job (KB)
...
006 (9813360.000.000) 05/15 06:42:57 Image size of job updated: 13029880
	12723  -  MemoryUsage of job (MB)
	13028100  -  ResidentSetSize of job (KB)
...
006 (9813360.000.000) 05/15 06:47:58 Image size of job updated: 13066876
	12759  -  MemoryUsage of job (MB)
	13065136  -  ResidentSetSize of job (KB)
...
006 (9813360.000.000) 05/15 06:52:58 Image size of job updated: 13109516
	12799  -  MemoryUsage of job (MB)
	13105672  -  ResidentSetSize of job (KB)
...
006 (9813360.000.000) 05/15 06:57:58 Image size of job updated: 13161164
	12852  -  MemoryUsage of job (MB)
	13160368  -  ResidentSetSize of job (KB)
...
006 (9813360.000.000) 05/15 07:02:59 Image size of job updated: 13234144
	12923  -  MemoryUsage of job (MB)
	13233144  -  ResidentSetSize of job (KB)
...
006 (9813360.000.000) 05/15 07:07:59 Image size of job updated: 13323572
	13011  -  MemoryUsage of job (MB)
	13323144  -  ResidentSetSize of job (KB)
...
006 (9813360.000.000) 05/15 07:12:59 Image size of job updated: 13379936
	13065  -  MemoryUsage of job (MB)
	13378232  -  ResidentSetSize of job (KB)
...
006 (9813360.000.000) 05/15 07:18:00 Image size of job updated: 13482744
	13167  -  MemoryUsage of job (MB)
	13482256  -  ResidentSetSize of job (KB)
...
006 (9813360.000.000) 05/15 07:23:01 Image size of job updated: 13544444
	13226  -  MemoryUsage of job (MB)
	13543268  -  ResidentSetSize of job (KB)
...
006 (9813360.000.000) 05/15 07:28:01 Image size of job updated: 13650180
	13226  -  MemoryUsage of job (MB)
	13543268  -  ResidentSetSize of job (KB)
...
006 (9813360.000.000) 05/15 07:38:03 Image size of job updated: 13650180
	13324  -  MemoryUsage of job (MB)
	13642844  -  ResidentSetSize of job (KB)
...
006 (9813360.000.000) 05/15 07:43:03 Image size of job updated: 13686708
	13364  -  MemoryUsage of job (MB)
	13684000  -  ResidentSetSize of job (KB)
...
006 (9813360.000.000) 05/15 07:48:03 Image size of job updated: 13775708
	13453  -  MemoryUsage of job (MB)
	13775216  -  ResidentSetSize of job (KB)
...
006 (9813360.000.000) 05/15 07:53:04 Image size of job updated: 13854048
	13528  -  MemoryUsage of job (MB)
	13851848  -  ResidentSetSize of job (KB)
...
006 (9813360.000.000) 05/15 07:58:04 Image size of job updated: 13934388
	13607  -  MemoryUsage of job (MB)
	13933232  -  ResidentSetSize of job (KB)
...
006 (9813360.000.000) 05/15 08:03:04 Image size of job updated: 13965068
	13636  -  MemoryUsage of job (MB)
	13962244  -  ResidentSetSize of job (KB)
...
006 (9813360.000.000) 05/15 08:08:05 Image size of job updated: 14029492
	13698  -  MemoryUsage of job (MB)
	14026228  -  ResidentSetSize of job (KB)
...
006 (9813360.000.000) 05/15 08:13:06 Image size of job updated: 14462644
	13964  -  MemoryUsage of job (MB)
	14298820  -  ResidentSetSize of job (KB)
...
006 (9813360.000.000) 05/15 08:18:06 Image size of job updated: 14462644
	14033  -  MemoryUsage of job (MB)
	14369468  -  ResidentSetSize of job (KB)
...
006 (9813360.000.000) 05/15 08:23:07 Image size of job updated: 14462644
	14091  -  MemoryUsage of job (MB)
	14428380  -  ResidentSetSize of job (KB)
...
006 (9813360.000.000) 05/15 08:28:08 Image size of job updated: 14501752
	14160  -  MemoryUsage of job (MB)
	14499516  -  ResidentSetSize of job (KB)
...
006 (9813360.000.000) 05/15 08:33:08 Image size of job updated: 14562072
	14219  -  MemoryUsage of job (MB)
	14559656  -  ResidentSetSize of job (KB)
...
006 (9813360.000.000) 05/15 08:38:08 Image size of job updated: 14614924
	14271  -  MemoryUsage of job (MB)
	14613424  -  ResidentSetSize of job (KB)
...
006 (9813360.000.000) 05/15 08:43:10 Image size of job updated: 14712108
	14366  -  MemoryUsage of job (MB)
	14709968  -  ResidentSetSize of job (KB)
...
006 (9813360.000.000) 05/15 08:48:10 Image size of job updated: 14823328
	14474  -  MemoryUsage of job (MB)
	14820676  -  ResidentSetSize of job (KB)
...
006 (9813360.000.000) 05/15 08:53:10 Image size of job updated: 14895312
	14545  -  MemoryUsage of job (MB)
	14893096  -  ResidentSetSize of job (KB)
...
006 (9813360.000.000) 05/15 08:58:11 Image size of job updated: 14970296
	14617  -  MemoryUsage of job (MB)
	14966936  -  ResidentSetSize of job (KB)
...
006 (9813360.000.000) 05/15 09:03:12 Image size of job updated: 15020084
	14667  -  MemoryUsage of job (MB)
	15018512  -  ResidentSetSize of job (KB)
...
006 (9813360.000.000) 05/15 09:08:12 Image size of job updated: 15082216
	14728  -  MemoryUsage of job (MB)
	15080972  -  ResidentSetSize of job (KB)
...
006 (9813360.000.000) 05/15 09:13:13 Image size of job updated: 15139780
	14783  -  MemoryUsage of job (MB)
	15137572  -  ResidentSetSize of job (KB)
...
006 (9813360.000.000) 05/15 09:18:14 Image size of job updated: 15209148
	14853  -  MemoryUsage of job (MB)
	15208476  -  ResidentSetSize of job (KB)
...
006 (9813360.000.000) 05/15 09:23:14 Image size of job updated: 15286336
	14925  -  MemoryUsage of job (MB)
	15283156  -  ResidentSetSize of job (KB)
...
006 (9813360.000.000) 05/15 09:28:14 Image size of job updated: 15333056
	14972  -  MemoryUsage of job (MB)
	15330844  -  ResidentSetSize of job (KB)
...
006 (9813360.000.000) 05/15 09:33:15 Image size of job updated: 15377684
	15017  -  MemoryUsage of job (MB)
	15376948  -  ResidentSetSize of job (KB)
...
006 (9813360.000.000) 05/15 09:38:15 Image size of job updated: 15482616
	15119  -  MemoryUsage of job (MB)
	15480848  -  ResidentSetSize of job (KB)
...
006 (9813360.000.000) 05/15 09:43:15 Image size of job updated: 15557752
	15193  -  MemoryUsage of job (MB)
	15557084  -  ResidentSetSize of job (KB)
...
006 (9813360.000.000) 05/15 09:48:16 Image size of job updated: 15621720
	15254  -  MemoryUsage of job (MB)
	15619688  -  ResidentSetSize of job (KB)
...
006 (9813360.000.000) 05/15 09:53:17 Image size of job updated: 15670744
	15300  -  MemoryUsage of job (MB)
	15667024  -  ResidentSetSize of job (KB)
...
006 (9813360.000.000) 05/15 09:58:17 Image size of job updated: 15710540
	15340  -  MemoryUsage of job (MB)
	15708012  -  ResidentSetSize of job (KB)
...
006 (9813360.000.000) 05/15 10:03:18 Image size of job updated: 15719672
	15340  -  MemoryUsage of job (MB)
	15708012  -  ResidentSetSize of job (KB)
...
006 (9813360.000.000) 05/15 10:08:19 Image size of job updated: 15766248
	15394  -  MemoryUsage of job (MB)
	15763268  -  ResidentSetSize of job (KB)
...
006 (9813360.000.000) 05/15 10:13:19 Image size of job updated: 15832108
	15453  -  MemoryUsage of job (MB)
	15823320  -  ResidentSetSize of job (KB)
...
006 (9813360.000.000) 05/15 10:18:19 Image size of job updated: 15868932
	15492  -  MemoryUsage of job (MB)
	15863536  -  ResidentSetSize of job (KB)
...
006 (9813360.000.000) 05/15 10:23:20 Image size of job updated: 15916944
	15544  -  MemoryUsage of job (MB)
	15916668  -  ResidentSetSize of job (KB)
...
006 (9813360.000.000) 05/15 10:28:20 Image size of job updated: 15975184
	15599  -  MemoryUsage of job (MB)
	15972732  -  ResidentSetSize of job (KB)
...
006 (9813360.000.000) 05/15 10:33:20 Image size of job updated: 16063936
	15686  -  MemoryUsage of job (MB)
	16061664  -  ResidentSetSize of job (KB)
...
006 (9813360.000.000) 05/15 10:38:21 Image size of job updated: 16160936
	15686  -  MemoryUsage of job (MB)
	16061664  -  ResidentSetSize of job (KB)
...
006 (9813360.000.000) 05/15 10:43:22 Image size of job updated: 16160936
	15690  -  MemoryUsage of job (MB)
	16065932  -  ResidentSetSize of job (KB)
...
006 (9813360.000.000) 05/15 10:48:22 Image size of job updated: 16187640
	15806  -  MemoryUsage of job (MB)
	16185104  -  ResidentSetSize of job (KB)
...
006 (9813360.000.000) 05/15 10:53:23 Image size of job updated: 16247276
	15863  -  MemoryUsage of job (MB)
	16242892  -  ResidentSetSize of job (KB)
...
006 (9813360.000.000) 05/15 10:58:24 Image size of job updated: 16266936
	15886  -  MemoryUsage of job (MB)
	16266488  -  ResidentSetSize of job (KB)
...
006 (9813360.000.000) 05/15 11:03:24 Image size of job updated: 16320356
	15936  -  MemoryUsage of job (MB)
	16318424  -  ResidentSetSize of job (KB)
...
006 (9813360.000.000) 05/15 11:08:25 Image size of job updated: 16386800
	16003  -  MemoryUsage of job (MB)
	16386544  -  ResidentSetSize of job (KB)
...
006 (9813360.000.000) 05/15 11:13:26 Image size of job updated: 16441936
	16054  -  MemoryUsage of job (MB)
	16438888  -  ResidentSetSize of job (KB)
...
006 (9813360.000.000) 05/15 11:18:26 Image size of job updated: 16482952
	16097  -  MemoryUsage of job (MB)
	16482476  -  ResidentSetSize of job (KB)
...
006 (9813360.000.000) 05/15 11:23:26 Image size of job updated: 16513936
	16126  -  MemoryUsage of job (MB)
	16512808  -  ResidentSetSize of job (KB)
...
006 (9813360.000.000) 05/15 11:28:27 Image size of job updated: 16576044
	16175  -  MemoryUsage of job (MB)
	16562748  -  ResidentSetSize of job (KB)
...
006 (9813360.000.000) 05/15 11:33:27 Image size of job updated: 16636336
	16246  -  MemoryUsage of job (MB)
	16635552  -  ResidentSetSize of job (KB)
...
006 (9813360.000.000) 05/15 11:38:27 Image size of job updated: 16688260
	16298  -  MemoryUsage of job (MB)
	16688256  -  ResidentSetSize of job (KB)
...
006 (9813360.000.000) 05/15 11:43:29 Image size of job updated: 16740488
	16335  -  MemoryUsage of job (MB)
	16726500  -  ResidentSetSize of job (KB)
...
006 (9813360.000.000) 05/15 11:48:29 Image size of job updated: 16753032
	16358  -  MemoryUsage of job (MB)
	16749672  -  ResidentSetSize of job (KB)
...
006 (9813360.000.000) 05/15 11:53:29 Image size of job updated: 16843236
	16449  -  MemoryUsage of job (MB)
	16842840  -  ResidentSetSize of job (KB)
...
006 (9813360.000.000) 05/15 11:58:30 Image size of job updated: 16938068
	16535  -  MemoryUsage of job (MB)
	16931628  -  ResidentSetSize of job (KB)
...
006 (9813360.000.000) 05/15 12:03:31 Image size of job updated: 16959316
	16560  -  MemoryUsage of job (MB)
	16957404  -  ResidentSetSize of job (KB)
...
006 (9813360.000.000) 05/15 12:08:31 Image size of job updated: 16983856
	16585  -  MemoryUsage of job (MB)
	16982500  -  ResidentSetSize of job (KB)
...
006 (9813360.000.000) 05/15 12:13:32 Image size of job updated: 17032036
	16632  -  MemoryUsage of job (MB)
	17030680  -  ResidentSetSize of job (KB)
...
006 (9813360.000.000) 05/15 12:18:33 Image size of job updated: 17076160
	16676  -  MemoryUsage of job (MB)
	17075924  -  ResidentSetSize of job (KB)
...
006 (9813360.000.000) 05/15 12:23:33 Image size of job updated: 17127044
	16724  -  MemoryUsage of job (MB)
	17124796  -  ResidentSetSize of job (KB)
...
006 (9813360.000.000) 05/15 12:28:33 Image size of job updated: 17168672
	16765  -  MemoryUsage of job (MB)
	17167056  -  ResidentSetSize of job (KB)
...
006 (9813360.000.000) 05/15 12:33:34 Image size of job updated: 17231256
	16827  -  MemoryUsage of job (MB)
	17230700  -  ResidentSetSize of job (KB)
...
006 (9813360.000.000) 05/15 12:38:34 Image size of job updated: 17279296
	16873  -  MemoryUsage of job (MB)
	17277568  -  ResidentSetSize of job (KB)
...
006 (9813360.000.000) 05/15 12:43:34 Image size of job updated: 17346768
	16939  -  MemoryUsage of job (MB)
	17345388  -  ResidentSetSize of job (KB)
...
006 (9813360.000.000) 05/15 12:48:35 Image size of job updated: 17390336
	16982  -  MemoryUsage of job (MB)
	17389160  -  ResidentSetSize of job (KB)
...
006 (9813360.000.000) 05/15 12:53:36 Image size of job updated: 17447612
	17039  -  MemoryUsage of job (MB)
	17446976  -  ResidentSetSize of job (KB)
...
006 (9813360.000.000) 05/15 12:58:36 Image size of job updated: 17515424
	17105  -  MemoryUsage of job (MB)
	17515340  -  ResidentSetSize of job (KB)
...
006 (9813360.000.000) 05/15 13:03:37 Image size of job updated: 17553160
	17142  -  MemoryUsage of job (MB)
	17552548  -  ResidentSetSize of job (KB)
...
006 (9813360.000.000) 05/15 13:08:38 Image size of job updated: 17648000
	17232  -  MemoryUsage of job (MB)
	17645308  -  ResidentSetSize of job (KB)
...
006 (9813360.000.000) 05/15 13:13:38 Image size of job updated: 17692436
	17278  -  MemoryUsage of job (MB)
	17692052  -  ResidentSetSize of job (KB)
...
006 (9813360.000.000) 05/15 13:18:38 Image size of job updated: 17739628
	17321  -  MemoryUsage of job (MB)
	17736236  -  ResidentSetSize of job (KB)
...
006 (9813360.000.000) 05/15 13:23:39 Image size of job updated: 17796584
	17380  -  MemoryUsage of job (MB)
	17796180  -  ResidentSetSize of job (KB)
...
006 (9813360.000.000) 05/15 13:28:39 Image size of job updated: 17849380
	17430  -  MemoryUsage of job (MB)
	17847748  -  ResidentSetSize of job (KB)
...
006 (9813360.000.000) 05/15 13:33:39 Image size of job updated: 17900744
	17480  -  MemoryUsage of job (MB)
	17898516  -  ResidentSetSize of job (KB)
...
006 (9813360.000.000) 05/15 13:38:41 Image size of job updated: 17957880
	17535  -  MemoryUsage of job (MB)
	17955360  -  ResidentSetSize of job (KB)
...
006 (9813360.000.000) 05/15 13:43:41 Image size of job updated: 18045712
	17622  -  MemoryUsage of job (MB)
	18044624  -  ResidentSetSize of job (KB)
...
006 (9813360.000.000) 05/15 13:48:41 Image size of job updated: 18129392
	17704  -  MemoryUsage of job (MB)
	18128860  -  ResidentSetSize of job (KB)
...
006 (9813360.000.000) 05/15 13:53:42 Image size of job updated: 18221368
	17704  -  MemoryUsage of job (MB)
	18128860  -  ResidentSetSize of job (KB)
...
006 (9813360.000.000) 05/15 14:03:43 Image size of job updated: 18221368
	17720  -  MemoryUsage of job (MB)
	18144356  -  ResidentSetSize of job (KB)
...
006 (9813360.000.000) 05/15 14:08:44 Image size of job updated: 18240372
	17811  -  MemoryUsage of job (MB)
	18238012  -  ResidentSetSize of job (KB)
...
006 (9813360.000.000) 05/15 14:13:45 Image size of job updated: 18268644
	17841  -  MemoryUsage of job (MB)
	18268292  -  ResidentSetSize of job (KB)
...
006 (9813360.000.000) 05/15 14:18:45 Image size of job updated: 18351904
	17920  -  MemoryUsage of job (MB)
	18349600  -  ResidentSetSize of job (KB)
...
006 (9813360.000.000) 05/15 14:23:45 Image size of job updated: 18438000
	18004  -  MemoryUsage of job (MB)
	18435640  -  ResidentSetSize of job (KB)
...
006 (9813360.000.000) 05/15 14:28:47 Image size of job updated: 18529116
	18094  -  MemoryUsage of job (MB)
	18527508  -  ResidentSetSize of job (KB)
...
006 (9813360.000.000) 05/15 14:33:47 Image size of job updated: 18581860
	18145  -  MemoryUsage of job (MB)
	18579544  -  ResidentSetSize of job (KB)
...
006 (9813360.000.000) 05/15 14:38:47 Image size of job updated: 18635096
	18197  -  MemoryUsage of job (MB)
	18633596  -  ResidentSetSize of job (KB)
...
006 (9813360.000.000) 05/15 14:43:48 Image size of job updated: 18687640
	18249  -  MemoryUsage of job (MB)
	18686156  -  ResidentSetSize of job (KB)
...
006 (9813360.000.000) 05/15 14:48:49 Image size of job updated: 18742428
	18301  -  MemoryUsage of job (MB)
	18739776  -  ResidentSetSize of job (KB)
...
006 (9813360.000.000) 05/15 14:53:49 Image size of job updated: 18790700
	18348  -  MemoryUsage of job (MB)
	18788348  -  ResidentSetSize of job (KB)
...
006 (9813360.000.000) 05/15 14:58:50 Image size of job updated: 18862580
	18418  -  MemoryUsage of job (MB)
	18859748  -  ResidentSetSize of job (KB)
...
006 (9813360.000.000) 05/15 15:03:51 Image size of job updated: 18914564
	18471  -  MemoryUsage of job (MB)
	18913584  -  ResidentSetSize of job (KB)
...
006 (9813360.000.000) 05/15 15:08:51 Image size of job updated: 18986252
	18539  -  MemoryUsage of job (MB)
	18983432  -  ResidentSetSize of job (KB)
...
006 (9813360.000.000) 05/15 15:13:51 Image size of job updated: 19028332
	18581  -  MemoryUsage of job (MB)
	19025960  -  ResidentSetSize of job (KB)
...
006 (9813360.000.000) 05/15 15:18:52 Image size of job updated: 19102336
	18653  -  MemoryUsage of job (MB)
	19099672  -  ResidentSetSize of job (KB)
...
006 (9813360.000.000) 05/15 15:23:53 Image size of job updated: 19166460
	18717  -  MemoryUsage of job (MB)
	19166092  -  ResidentSetSize of job (KB)
...
006 (9813360.000.000) 05/15 15:28:53 Image size of job updated: 19221536
	18769  -  MemoryUsage of job (MB)
	19218812  -  ResidentSetSize of job (KB)
...
006 (9813360.000.000) 05/15 15:33:54 Image size of job updated: 19324500
	18872  -  MemoryUsage of job (MB)
	19324252  -  ResidentSetSize of job (KB)
...
006 (9813360.000.000) 05/15 15:38:55 Image size of job updated: 19386612
	18931  -  MemoryUsage of job (MB)
	19384352  -  ResidentSetSize of job (KB)
...
006 (9813360.000.000) 05/15 15:43:55 Image size of job updated: 19467044
	19011  -  MemoryUsage of job (MB)
	19466376  -  ResidentSetSize of job (KB)
...
006 (9813360.000.000) 05/15 15:48:55 Image size of job updated: 19532504
	19073  -  MemoryUsage of job (MB)
	19530348  -  ResidentSetSize of job (KB)
...
006 (9813360.000.000) 05/15 15:53:56 Image size of job updated: 19589072
	19118  -  MemoryUsage of job (MB)
	19576240  -  ResidentSetSize of job (KB)
...
006 (9813360.000.000) 05/15 15:58:57 Image size of job updated: 19648024
	19186  -  MemoryUsage of job (MB)
	19646092  -  ResidentSetSize of job (KB)
...
006 (9813360.000.000) 05/15 16:03:57 Image size of job updated: 19751156
	19288  -  MemoryUsage of job (MB)
	19750228  -  ResidentSetSize of job (KB)
...
006 (9813360.000.000) 05/15 16:08:58 Image size of job updated: 19809388
	19343  -  MemoryUsage of job (MB)
	19806888  -  ResidentSetSize of job (KB)
...
006 (9813360.000.000) 05/15 16:13:59 Image size of job updated: 19864160
	19397  -  MemoryUsage of job (MB)
	19861808  -  ResidentSetSize of job (KB)
...
006 (9813360.000.000) 05/15 16:18:59 Image size of job updated: 19899196
	19431  -  MemoryUsage of job (MB)
	19896840  -  ResidentSetSize of job (KB)
...
006 (9813360.000.000) 05/15 16:23:59 Image size of job updated: 19990508
	19521  -  MemoryUsage of job (MB)
	19988824  -  ResidentSetSize of job (KB)
...
006 (9813360.000.000) 05/15 16:29:00 Image size of job updated: 20037048
	19521  -  MemoryUsage of job (MB)
	19988824  -  ResidentSetSize of job (KB)
...
006 (9813360.000.000) 05/15 16:34:00 Image size of job updated: 20095008
	19622  -  MemoryUsage of job (MB)
	20092608  -  ResidentSetSize of job (KB)
...
006 (9813360.000.000) 05/15 16:39:00 Image size of job updated: 20156468
	19682  -  MemoryUsage of job (MB)
	20153860  -  ResidentSetSize of job (KB)
...
006 (9813360.000.000) 05/15 16:44:01 Image size of job updated: 20214632
	19737  -  MemoryUsage of job (MB)
	20209848  -  ResidentSetSize of job (KB)
...
006 (9813360.000.000) 05/15 16:49:02 Image size of job updated: 20289744
	19813  -  MemoryUsage of job (MB)
	20287632  -  ResidentSetSize of job (KB)
...
006 (9813360.000.000) 05/15 16:54:02 Image size of job updated: 20344448
	19867  -  MemoryUsage of job (MB)
	20343620  -  ResidentSetSize of job (KB)
...
006 (9813360.000.000) 05/15 16:59:03 Image size of job updated: 20388884
	19911  -  MemoryUsage of job (MB)
	20388676  -  ResidentSetSize of job (KB)
...
006 (9813360.000.000) 05/15 17:04:04 Image size of job updated: 20456676
	19932  -  MemoryUsage of job (MB)
	20410156  -  ResidentSetSize of job (KB)
...
006 (9813360.000.000) 05/15 17:09:04 Image size of job updated: 20488748
	20008  -  MemoryUsage of job (MB)
	20487796  -  ResidentSetSize of job (KB)
...
006 (9813360.000.000) 05/15 17:14:04 Image size of job updated: 20558508
	20077  -  MemoryUsage of job (MB)
	20557860  -  ResidentSetSize of job (KB)
...
006 (9813360.000.000) 05/15 17:19:05 Image size of job updated: 20616208
	20132  -  MemoryUsage of job (MB)
	20614208  -  ResidentSetSize of job (KB)
...
006 (9813360.000.000) 05/15 17:24:05 Image size of job updated: 20656152
	20172  -  MemoryUsage of job (MB)
	20655696  -  ResidentSetSize of job (KB)
...
006 (9813360.000.000) 05/15 17:29:05 Image size of job updated: 20729708
	20243  -  MemoryUsage of job (MB)
	20728144  -  ResidentSetSize of job (KB)
...
006 (9813360.000.000) 05/15 17:34:06 Image size of job updated: 20783864
	20297  -  MemoryUsage of job (MB)
	20783228  -  ResidentSetSize of job (KB)
...
006 (9813360.000.000) 05/15 17:39:07 Image size of job updated: 20839936
	20352  -  MemoryUsage of job (MB)
	20839936  -  ResidentSetSize of job (KB)
...
006 (9813360.000.000) 05/15 17:44:07 Image size of job updated: 20875700
	20383  -  MemoryUsage of job (MB)
	20871912  -  ResidentSetSize of job (KB)
...
006 (9813360.000.000) 05/15 17:49:08 Image size of job updated: 20942764
	20451  -  MemoryUsage of job (MB)
	20941680  -  ResidentSetSize of job (KB)
...
006 (9813360.000.000) 05/15 17:54:09 Image size of job updated: 20996304
	20504  -  MemoryUsage of job (MB)
	20995508  -  ResidentSetSize of job (KB)
...
006 (9813360.000.000) 05/15 17:59:09 Image size of job updated: 21052880
	20559  -  MemoryUsage of job (MB)
	21051952  -  ResidentSetSize of job (KB)
...
006 (9813360.000.000) 05/15 18:04:09 Image size of job updated: 21081688
	20588  -  MemoryUsage of job (MB)
	21081168  -  ResidentSetSize of job (KB)
...
006 (9813360.000.000) 05/15 18:09:10 Image size of job updated: 21118224
	20621  -  MemoryUsage of job (MB)
	21115788  -  ResidentSetSize of job (KB)
...
006 (9813360.000.000) 05/15 18:14:10 Image size of job updated: 21160632
	20665  -  MemoryUsage of job (MB)
	21160140  -  ResidentSetSize of job (KB)
...
006 (9813360.000.000) 05/15 18:19:10 Image size of job updated: 21219176
	20722  -  MemoryUsage of job (MB)
	21218660  -  ResidentSetSize of job (KB)
...
006 (9813360.000.000) 05/15 18:24:11 Image size of job updated: 21302520
	20803  -  MemoryUsage of job (MB)
	21301924  -  ResidentSetSize of job (KB)
...
006 (9813360.000.000) 05/15 18:29:12 Image size of job updated: 21348912
	20848  -  MemoryUsage of job (MB)
	21347424  -  ResidentSetSize of job (KB)
...
006 (9813360.000.000) 05/15 18:34:12 Image size of job updated: 21395556
	20893  -  MemoryUsage of job (MB)
	21393584  -  ResidentSetSize of job (KB)
...
006 (9813360.000.000) 05/15 18:39:13 Image size of job updated: 21449624
	20947  -  MemoryUsage of job (MB)
	21449396  -  ResidentSetSize of job (KB)
...
006 (9813360.000.000) 05/15 18:44:14 Image size of job updated: 21503940
	20998  -  MemoryUsage of job (MB)
	21501348  -  ResidentSetSize of job (KB)
...
006 (9813360.000.000) 05/15 18:49:14 Image size of job updated: 21575948
	21070  -  MemoryUsage of job (MB)
	21575176  -  ResidentSetSize of job (KB)
...
006 (9813360.000.000) 05/15 18:54:14 Image size of job updated: 21613124
	21107  -  MemoryUsage of job (MB)
	21612640  -  ResidentSetSize of job (KB)
...
006 (9813360.000.000) 05/15 18:59:15 Image size of job updated: 21668940
	21160  -  MemoryUsage of job (MB)
	21667836  -  ResidentSetSize of job (KB)
...
006 (9813360.000.000) 05/15 19:04:15 Image size of job updated: 21725980
	21217  -  MemoryUsage of job (MB)
	21725552  -  ResidentSetSize of job (KB)
...
006 (9813360.000.000) 05/15 19:09:15 Image size of job updated: 21779936
	21268  -  MemoryUsage of job (MB)
	21778252  -  ResidentSetSize of job (KB)
...
006 (9813360.000.000) 05/15 19:14:16 Image size of job updated: 21849720
	21337  -  MemoryUsage of job (MB)
	21848160  -  ResidentSetSize of job (KB)
...
006 (9813360.000.000) 05/15 19:19:17 Image size of job updated: 21905064
	21391  -  MemoryUsage of job (MB)
	21904176  -  ResidentSetSize of job (KB)
...
006 (9813360.000.000) 05/15 19:24:17 Image size of job updated: 21959960
	21445  -  MemoryUsage of job (MB)
	21959664  -  ResidentSetSize of job (KB)
...
006 (9813360.000.000) 05/15 19:29:18 Image size of job updated: 22014300
	21498  -  MemoryUsage of job (MB)
	22013680  -  ResidentSetSize of job (KB)
...
006 (9813360.000.000) 05/15 19:34:19 Image size of job updated: 22071624
	21553  -  MemoryUsage of job (MB)
	22069576  -  ResidentSetSize of job (KB)
...
006 (9813360.000.000) 05/15 19:39:19 Image size of job updated: 22126088
	21607  -  MemoryUsage of job (MB)
	22125360  -  ResidentSetSize of job (KB)
...
006 (9813360.000.000) 05/15 19:44:20 Image size of job updated: 22181384
	21659  -  MemoryUsage of job (MB)
	22178696  -  ResidentSetSize of job (KB)
...
006 (9813360.000.000) 05/15 19:49:21 Image size of job updated: 22643072
	22113  -  MemoryUsage of job (MB)
	22643072  -  ResidentSetSize of job (KB)
...
006 (9813360.000.000) 05/15 19:54:21 Image size of job updated: 23038596
	22161  -  MemoryUsage of job (MB)
	22692656  -  ResidentSetSize of job (KB)
...
006 (9813360.000.000) 05/15 19:59:21 Image size of job updated: 23038596
	22232  -  MemoryUsage of job (MB)
	22764680  -  ResidentSetSize of job (KB)
...
006 (9813360.000.000) 05/15 20:04:23 Image size of job updated: 23038596
	22286  -  MemoryUsage of job (MB)
	22820412  -  ResidentSetSize of job (KB)
...
006 (9813360.000.000) 05/15 20:09:23 Image size of job updated: 23038596
	22345  -  MemoryUsage of job (MB)
	22881032  -  ResidentSetSize of job (KB)
...
006 (9813360.000.000) 05/15 20:14:23 Image size of job updated: 23038596
	22399  -  MemoryUsage of job (MB)
	22935660  -  ResidentSetSize of job (KB)
...
006 (9813360.000.000) 05/15 20:19:24 Image size of job updated: 23038596
	22453  -  MemoryUsage of job (MB)
	22991844  -  ResidentSetSize of job (KB)
...
006 (9813360.000.000) 05/15 20:24:25 Image size of job updated: 23051316
	22509  -  MemoryUsage of job (MB)
	23048500  -  ResidentSetSize of job (KB)
...
006 (9813360.000.000) 05/15 20:29:25 Image size of job updated: 23092312
	22509  -  MemoryUsage of job (MB)
	23048500  -  ResidentSetSize of job (KB)
...
006 (9813360.000.000) 05/15 20:34:25 Image size of job updated: 23105240
	22562  -  MemoryUsage of job (MB)
	23102736  -  ResidentSetSize of job (KB)
...
006 (9813360.000.000) 05/15 20:39:26 Image size of job updated: 23158656
	22616  -  MemoryUsage of job (MB)
	23158156  -  ResidentSetSize of job (KB)
...
006 (9813360.000.000) 05/15 20:44:26 Image size of job updated: 23219808
	22674  -  MemoryUsage of job (MB)
	23217720  -  ResidentSetSize of job (KB)
...
006 (9813360.000.000) 05/15 20:49:26 Image size of job updated: 23276096
	22730  -  MemoryUsage of job (MB)
	23275060  -  ResidentSetSize of job (KB)
...
006 (9813360.000.000) 05/15 20:54:27 Image size of job updated: 23336904
	22790  -  MemoryUsage of job (MB)
	23336904  -  ResidentSetSize of job (KB)
...
006 (9813360.000.000) 05/15 20:59:28 Image size of job updated: 23369512
	22820  -  MemoryUsage of job (MB)
	23367136  -  ResidentSetSize of job (KB)
...
006 (9813360.000.000) 05/15 21:04:28 Image size of job updated: 23431620
	22883  -  MemoryUsage of job (MB)
	23431580  -  ResidentSetSize of job (KB)
...
006 (9813360.000.000) 05/15 21:09:29 Image size of job updated: 23546684
	22883  -  MemoryUsage of job (MB)
	23431580  -  ResidentSetSize of job (KB)
...
006 (9813360.000.000) 05/15 21:24:30 Image size of job updated: 23546684
	22906  -  MemoryUsage of job (MB)
	23455284  -  ResidentSetSize of job (KB)
...
006 (9813360.000.000) 05/15 21:29:32 Image size of job updated: 23558704
	23005  -  MemoryUsage of job (MB)
	23556448  -  ResidentSetSize of job (KB)
...
006 (9813360.000.000) 05/15 21:34:32 Image size of job updated: 23596056
	23043  -  MemoryUsage of job (MB)
	23595420  -  ResidentSetSize of job (KB)
...
006 (9813360.000.000) 05/15 21:39:32 Image size of job updated: 23652044
	23096  -  MemoryUsage of job (MB)
	23649708  -  ResidentSetSize of job (KB)
...
006 (9813360.000.000) 05/15 21:44:33 Image size of job updated: 23690844
	23133  -  MemoryUsage of job (MB)
	23687760  -  ResidentSetSize of job (KB)
...
006 (9813360.000.000) 05/15 21:49:34 Image size of job updated: 23778868
	23221  -  MemoryUsage of job (MB)
	23777636  -  ResidentSetSize of job (KB)
...
006 (9813360.000.000) 05/15 21:54:34 Image size of job updated: 23847500
	23287  -  MemoryUsage of job (MB)
	23845696  -  ResidentSetSize of job (KB)
...
006 (9813360.000.000) 05/15 21:59:34 Image size of job updated: 23881836
	23322  -  MemoryUsage of job (MB)
	23881300  -  ResidentSetSize of job (KB)
...
006 (9813360.000.000) 05/15 22:04:35 Image size of job updated: 23922392
	23362  -  MemoryUsage of job (MB)
	23921956  -  ResidentSetSize of job (KB)
...
006 (9813360.000.000) 05/15 22:09:35 Image size of job updated: 23984604
	23420  -  MemoryUsage of job (MB)
	23981548  -  ResidentSetSize of job (KB)
...
006 (9813360.000.000) 05/15 22:14:35 Image size of job updated: 24027372
	23462  -  MemoryUsage of job (MB)
	24024632  -  ResidentSetSize of job (KB)
...
006 (9813360.000.000) 05/15 22:19:36 Image size of job updated: 24062508
	23498  -  MemoryUsage of job (MB)
	24061156  -  ResidentSetSize of job (KB)
...
006 (9813360.000.000) 05/15 22:24:37 Image size of job updated: 24098268
	23501  -  MemoryUsage of job (MB)
	24064120  -  ResidentSetSize of job (KB)
...
006 (9813360.000.000) 05/15 22:29:37 Image size of job updated: 24138944
	23571  -  MemoryUsage of job (MB)
	24136144  -  ResidentSetSize of job (KB)
...
006 (9813360.000.000) 05/15 22:34:38 Image size of job updated: 24193168
	23626  -  MemoryUsage of job (MB)
	24192436  -  ResidentSetSize of job (KB)
...
006 (9813360.000.000) 05/15 22:39:39 Image size of job updated: 24236824
	23667  -  MemoryUsage of job (MB)
	24234644  -  ResidentSetSize of job (KB)
...
006 (9813360.000.000) 05/15 22:44:39 Image size of job updated: 24276656
	23667  -  MemoryUsage of job (MB)
	24234716  -  ResidentSetSize of job (KB)
...
006 (9813360.000.000) 05/15 22:49:39 Image size of job updated: 24305740
	23736  -  MemoryUsage of job (MB)
	24304788  -  ResidentSetSize of job (KB)
...
006 (9813360.000.000) 05/15 22:54:40 Image size of job updated: 24363164
	23791  -  MemoryUsage of job (MB)
	24361832  -  ResidentSetSize of job (KB)
...
006 (9813360.000.000) 05/15 22:59:40 Image size of job updated: 24412580
	23839  -  MemoryUsage of job (MB)
	24410704  -  ResidentSetSize of job (KB)
...
006 (9813360.000.000) 05/15 23:04:40 Image size of job updated: 24460436
	23887  -  MemoryUsage of job (MB)
	24459828  -  ResidentSetSize of job (KB)
...
006 (9813360.000.000) 05/15 23:09:41 Image size of job updated: 24511188
	23935  -  MemoryUsage of job (MB)
	24509168  -  ResidentSetSize of job (KB)
...
006 (9813360.000.000) 05/15 23:14:42 Image size of job updated: 24558344
	23982  -  MemoryUsage of job (MB)
	24557148  -  ResidentSetSize of job (KB)
...
006 (9813360.000.000) 05/15 23:19:42 Image size of job updated: 24593436
	23982  -  MemoryUsage of job (MB)
	24557152  -  ResidentSetSize of job (KB)
...
006 (9813360.000.000) 05/15 23:24:43 Image size of job updated: 24612948
	24034  -  MemoryUsage of job (MB)
	24610572  -  ResidentSetSize of job (KB)
...
006 (9813360.000.000) 05/15 23:29:44 Image size of job updated: 24668548
	24089  -  MemoryUsage of job (MB)
	24666872  -  ResidentSetSize of job (KB)
...
006 (9813360.000.000) 05/15 23:34:44 Image size of job updated: 24715128
	24135  -  MemoryUsage of job (MB)
	24714212  -  ResidentSetSize of job (KB)
...
006 (9813360.000.000) 05/15 23:39:44 Image size of job updated: 24782616
	24135  -  MemoryUsage of job (MB)
	24714212  -  ResidentSetSize of job (KB)
...
006 (9813360.000.000) 05/15 23:44:45 Image size of job updated: 24799440
	24218  -  MemoryUsage of job (MB)
	24798944  -  ResidentSetSize of job (KB)
...
006 (9813360.000.000) 05/15 23:49:45 Image size of job updated: 24864904
	24282  -  MemoryUsage of job (MB)
	24864096  -  ResidentSetSize of job (KB)
...
006 (9813360.000.000) 05/15 23:54:45 Image size of job updated: 24919984
	24335  -  MemoryUsage of job (MB)
	24918628  -  ResidentSetSize of job (KB)
...
006 (9813360.000.000) 05/15 23:59:46 Image size of job updated: 24980436
	24394  -  MemoryUsage of job (MB)
	24978488  -  ResidentSetSize of job (KB)
...
006 (9813360.000.000) 05/16 00:04:47 Image size of job updated: 25037484
	24449  -  MemoryUsage of job (MB)
	25035036  -  ResidentSetSize of job (KB)
...
006 (9813360.000.000) 05/16 00:09:47 Image size of job updated: 25096296
	24507  -  MemoryUsage of job (MB)
	25094316  -  ResidentSetSize of job (KB)
...
006 (9813360.000.000) 05/16 00:14:48 Image size of job updated: 25145828
	24556  -  MemoryUsage of job (MB)
	25145044  -  ResidentSetSize of job (KB)
...
006 (9813360.000.000) 05/16 00:19:49 Image size of job updated: 25185560
	24595  -  MemoryUsage of job (MB)
	25184680  -  ResidentSetSize of job (KB)
...
006 (9813360.000.000) 05/16 00:24:49 Image size of job updated: 25240740
	24649  -  MemoryUsage of job (MB)
	25240108  -  ResidentSetSize of job (KB)
...
006 (9813360.000.000) 05/16 00:29:49 Image size of job updated: 25300768
	24706  -  MemoryUsage of job (MB)
	25298060  -  ResidentSetSize of job (KB)
...
006 (9813360.000.000) 05/16 00:34:50 Image size of job updated: 25350508
	24754  -  MemoryUsage of job (MB)
	25347132  -  ResidentSetSize of job (KB)
...
006 (9813360.000.000) 05/16 00:39:50 Image size of job updated: 25439684
	24842  -  MemoryUsage of job (MB)
	25438044  -  ResidentSetSize of job (KB)
...
006 (9813360.000.000) 05/16 00:44:50 Image size of job updated: 25478648
	24880  -  MemoryUsage of job (MB)
	25476448  -  ResidentSetSize of job (KB)
...
006 (9813360.000.000) 05/16 00:49:51 Image size of job updated: 25535820
	24934  -  MemoryUsage of job (MB)
	25532052  -  ResidentSetSize of job (KB)
...
006 (9813360.000.000) 05/16 00:54:52 Image size of job updated: 25592964
	24990  -  MemoryUsage of job (MB)
	25589724  -  ResidentSetSize of job (KB)
...
006 (9813360.000.000) 05/16 00:59:52 Image size of job updated: 25644784
	25042  -  MemoryUsage of job (MB)
	25642564  -  ResidentSetSize of job (KB)
...
006 (9813360.000.000) 05/16 01:04:53 Image size of job updated: 25717200
	25114  -  MemoryUsage of job (MB)
	25716112  -  ResidentSetSize of job (KB)
...
006 (9813360.000.000) 05/16 01:09:54 Image size of job updated: 25755004
	25150  -  MemoryUsage of job (MB)
	25753076  -  ResidentSetSize of job (KB)
...
006 (9813360.000.000) 05/16 01:14:54 Image size of job updated: 25805820
	25200  -  MemoryUsage of job (MB)
	25803896  -  ResidentSetSize of job (KB)
...
006 (9813360.000.000) 05/16 01:19:54 Image size of job updated: 25873012
	25267  -  MemoryUsage of job (MB)
	25872688  -  ResidentSetSize of job (KB)
...
006 (9813360.000.000) 05/16 01:24:55 Image size of job updated: 25930812
	25322  -  MemoryUsage of job (MB)
	25929664  -  ResidentSetSize of job (KB)
...
006 (9813360.000.000) 05/16 01:29:55 Image size of job updated: 25995648
	25384  -  MemoryUsage of job (MB)
	25993028  -  ResidentSetSize of job (KB)
...
006 (9813360.000.000) 05/16 01:34:55 Image size of job updated: 26034364
	25423  -  MemoryUsage of job (MB)
	26032136  -  ResidentSetSize of job (KB)
...
006 (9813360.000.000) 05/16 01:39:56 Image size of job updated: 26083904
	25470  -  MemoryUsage of job (MB)
	26080432  -  ResidentSetSize of job (KB)
...
006 (9813360.000.000) 05/16 01:44:57 Image size of job updated: 26137552
	25524  -  MemoryUsage of job (MB)
	26135620  -  ResidentSetSize of job (KB)
...
006 (9813360.000.000) 05/16 01:49:57 Image size of job updated: 26193112
	25576  -  MemoryUsage of job (MB)
	26189596  -  ResidentSetSize of job (KB)
...
006 (9813360.000.000) 05/16 01:54:58 Image size of job updated: 26244604
	25628  -  MemoryUsage of job (MB)
	26243036  -  ResidentSetSize of job (KB)
...
006 (9813360.000.000) 05/16 01:59:59 Image size of job updated: 26324016
	25705  -  MemoryUsage of job (MB)
	26321364  -  ResidentSetSize of job (KB)
...
006 (9813360.000.000) 05/16 02:04:59 Image size of job updated: 26376992
	25758  -  MemoryUsage of job (MB)
	26375340  -  ResidentSetSize of job (KB)
...
006 (9813360.000.000) 05/16 02:09:59 Image size of job updated: 26436368
	25814  -  MemoryUsage of job (MB)
	26433504  -  ResidentSetSize of job (KB)
...
006 (9813360.000.000) 05/16 02:15:00 Image size of job updated: 26490512
	25867  -  MemoryUsage of job (MB)
	26487308  -  ResidentSetSize of job (KB)
...
006 (9813360.000.000) 05/16 02:20:00 Image size of job updated: 26546972
	25924  -  MemoryUsage of job (MB)
	26546136  -  ResidentSetSize of job (KB)
...
006 (9813360.000.000) 05/16 02:25:00 Image size of job updated: 26604932
	25978  -  MemoryUsage of job (MB)
	26601104  -  ResidentSetSize of job (KB)
...
006 (9813360.000.000) 05/16 02:30:01 Image size of job updated: 26660472
	26033  -  MemoryUsage of job (MB)
	26657784  -  ResidentSetSize of job (KB)
...
006 (9813360.000.000) 05/16 02:35:02 Image size of job updated: 26729752
	26103  -  MemoryUsage of job (MB)
	26728980  -  ResidentSetSize of job (KB)
...
006 (9813360.000.000) 05/16 02:40:02 Image size of job updated: 26768588
	26141  -  MemoryUsage of job (MB)
	26767580  -  ResidentSetSize of job (KB)
...
006 (9813360.000.000) 05/16 02:45:03 Image size of job updated: 26823096
	26192  -  MemoryUsage of job (MB)
	26820196  -  ResidentSetSize of job (KB)
...
