000 (9813338.000.000) 05/14 17:50:34 Job submitted from host: <137.138.156.150:9618?addrs=137.138.156.150-9618+[2001-1458-d00-14--9a]-9618&alias=bigbird13.cern.ch&noUDP&sock=schedd_25162_9e1a>
...
040 (9813338.000.000) 05/14 19:11:23 Started transferring input files
	Transferring to host: <128.142.137.220:9618?addrs=128.142.137.220-9618+[2001-1458-301-5e--100-d0]-9618&alias=b9g19p5504.cern.ch&noUDP&sock=slot1_36_2828_54ec_88893>
...
040 (9813338.000.000) 05/14 19:11:23 Finished transferring input files
...
001 (9813338.000.000) 05/14 19:11:24 Job executing on host: <128.142.137.220:9618?addrs=128.142.137.220-9618+[2001-1458-301-5e--100-d0]-9618&alias=b9g19p5504.cern.ch&noUDP&sock=startd_2468_6bd3>
	SlotName: slot1_36@b9g19p5504.cern.ch
	CondorScratchDir = "/pool/condor/dir_3078268"
	Cpus = 1
	Disk = 1712928
	Memory = 2000
...
006 (9813338.000.000) 05/14 19:11:33 Image size of job updated: 23468
	23  -  MemoryUsage of job (MB)
	23468  -  ResidentSetSize of job (KB)
...
006 (9813338.000.000) 05/14 19:16:34 Image size of job updated: 275300
	269  -  MemoryUsage of job (MB)
	275300  -  ResidentSetSize of job (KB)
...
006 (9813338.000.000) 05/14 19:21:34 Image size of job updated: 441904
	432  -  MemoryUsage of job (MB)
	441904  -  ResidentSetSize of job (KB)
...
006 (9813338.000.000) 05/14 19:26:35 Image size of job updated: 686464
	671  -  MemoryUsage of job (MB)
	686464  -  ResidentSetSize of job (KB)
...
006 (9813338.000.000) 05/14 19:31:36 Image size of job updated: 2102436
	2054  -  MemoryUsage of job (MB)
	2102436  -  ResidentSetSize of job (KB)
...
006 (9813338.000.000) 05/14 19:36:36 Image size of job updated: 2183556
	2133  -  MemoryUsage of job (MB)
	2183556  -  ResidentSetSize of job (KB)
...
006 (9813338.000.000) 05/14 19:56:39 Image size of job updated: 2200372
	2149  -  MemoryUsage of job (MB)
	2200372  -  ResidentSetSize of job (KB)
...
006 (9813338.000.000) 05/14 20:01:40 Image size of job updated: 2263084
	2211  -  MemoryUsage of job (MB)
	2263084  -  ResidentSetSize of job (KB)
...
006 (9813338.000.000) 05/14 20:06:40 Image size of job updated: 2360272
	2305  -  MemoryUsage of job (MB)
	2360272  -  ResidentSetSize of job (KB)
...
006 (9813338.000.000) 05/14 20:11:40 Image size of job updated: 2437188
	2381  -  MemoryUsage of job (MB)
	2437188  -  ResidentSetSize of job (KB)
...
006 (9813338.000.000) 05/14 20:16:41 Image size of job updated: 2592208
	2532  -  MemoryUsage of job (MB)
	2592208  -  ResidentSetSize of job (KB)
...
006 (9813338.000.000) 05/14 20:21:41 Image size of job updated: 2628212
	2567  -  MemoryUsage of job (MB)
	2628212  -  ResidentSetSize of job (KB)
...
