000 (9813358.000.000) 05/14 17:50:52 Job submitted from host: <137.138.156.150:9618?addrs=137.138.156.150-9618+[2001-1458-d00-14--9a]-9618&alias=bigbird13.cern.ch&noUDP&sock=schedd_25162_9e1a>
...
040 (9813358.000.000) 05/14 19:11:37 Started transferring input files
	Transferring to host: <128.142.61.104:9618?addrs=128.142.61.104-9618+[2001-1458-301-23--100-67]-9618&alias=b9s06p8629.cern.ch&noUDP&sock=slot1_15_2974_33b2_122036>
...
040 (9813358.000.000) 05/14 19:11:38 Finished transferring input files
...
001 (9813358.000.000) 05/14 19:11:39 Job executing on host: <128.142.61.104:9618?addrs=128.142.61.104-9618+[2001-1458-301-23--100-67]-9618&alias=b9s06p8629.cern.ch&noUDP&sock=startd_2925_e29b>
	SlotName: slot1_15@b9s06p8629.cern.ch
	CondorScratchDir = "/pool/condor/dir_786261"
	Cpus = 1
	Disk = 2874027
	Memory = 2000
...
006 (9813358.000.000) 05/14 19:11:47 Image size of job updated: 6740
	7  -  MemoryUsage of job (MB)
	6504  -  ResidentSetSize of job (KB)
...
006 (9813358.000.000) 05/14 19:16:47 Image size of job updated: 159840
	157  -  MemoryUsage of job (MB)
	159840  -  ResidentSetSize of job (KB)
...
006 (9813358.000.000) 05/14 19:21:48 Image size of job updated: 306012
	299  -  MemoryUsage of job (MB)
	305752  -  ResidentSetSize of job (KB)
...
006 (9813358.000.000) 05/14 19:26:49 Image size of job updated: 520864
	509  -  MemoryUsage of job (MB)
	520740  -  ResidentSetSize of job (KB)
...
006 (9813358.000.000) 05/14 19:31:49 Image size of job updated: 2202088
	2151  -  MemoryUsage of job (MB)
	2201836  -  ResidentSetSize of job (KB)
...
006 (9813358.000.000) 05/14 19:36:50 Image size of job updated: 2384460
	2329  -  MemoryUsage of job (MB)
	2384204  -  ResidentSetSize of job (KB)
...
006 (9813358.000.000) 05/14 19:41:50 Image size of job updated: 2530456
	2469  -  MemoryUsage of job (MB)
	2528108  -  ResidentSetSize of job (KB)
...
006 (9813358.000.000) 05/14 19:46:51 Image size of job updated: 2619548
	2557  -  MemoryUsage of job (MB)
	2617776  -  ResidentSetSize of job (KB)
...
006 (9813358.000.000) 05/14 19:51:52 Image size of job updated: 2693120
	2557  -  MemoryUsage of job (MB)
	2617784  -  ResidentSetSize of job (KB)
...
006 (9813358.000.000) 05/14 20:11:54 Image size of job updated: 2693120
	2559  -  MemoryUsage of job (MB)
	2619704  -  ResidentSetSize of job (KB)
...
006 (9813358.000.000) 05/14 20:16:55 Image size of job updated: 2780576
	2714  -  MemoryUsage of job (MB)
	2778708  -  ResidentSetSize of job (KB)
...
006 (9813358.000.000) 05/14 20:21:55 Image size of job updated: 2909860
	2841  -  MemoryUsage of job (MB)
	2908168  -  ResidentSetSize of job (KB)
...
006 (9813358.000.000) 05/14 20:26:55 Image size of job updated: 2978564
	2908  -  MemoryUsage of job (MB)
	2977588  -  ResidentSetSize of job (KB)
...
006 (9813358.000.000) 05/14 20:31:56 Image size of job updated: 3121212
	3048  -  MemoryUsage of job (MB)
	3120464  -  ResidentSetSize of job (KB)
...
006 (9813358.000.000) 05/14 20:36:56 Image size of job updated: 3251008
	3175  -  MemoryUsage of job (MB)
	3250756  -  ResidentSetSize of job (KB)
...
006 (9813358.000.000) 05/14 20:41:56 Image size of job updated: 3348684
	3268  -  MemoryUsage of job (MB)
	3346292  -  ResidentSetSize of job (KB)
...
006 (9813358.000.000) 05/14 20:46:57 Image size of job updated: 3421892
	3342  -  MemoryUsage of job (MB)
	3421428  -  ResidentSetSize of job (KB)
...
006 (9813358.000.000) 05/14 20:51:57 Image size of job updated: 3544184
	3461  -  MemoryUsage of job (MB)
	3543304  -  ResidentSetSize of job (KB)
...
006 (9813358.000.000) 05/14 20:56:58 Image size of job updated: 3634164
	3549  -  MemoryUsage of job (MB)
	3633356  -  ResidentSetSize of job (KB)
...
006 (9813358.000.000) 05/14 21:01:59 Image size of job updated: 3801096
	3712  -  MemoryUsage of job (MB)
	3800148  -  ResidentSetSize of job (KB)
...
006 (9813358.000.000) 05/14 21:06:59 Image size of job updated: 3877440
	3787  -  MemoryUsage of job (MB)
	3877200  -  ResidentSetSize of job (KB)
...
006 (9813358.000.000) 05/14 21:12:00 Image size of job updated: 3968568
	3875  -  MemoryUsage of job (MB)
	3967860  -  ResidentSetSize of job (KB)
...
006 (9813358.000.000) 05/14 21:17:01 Image size of job updated: 4073772
	3978  -  MemoryUsage of job (MB)
	4073004  -  ResidentSetSize of job (KB)
...
006 (9813358.000.000) 05/14 21:22:01 Image size of job updated: 4163572
	4064  -  MemoryUsage of job (MB)
	4161156  -  ResidentSetSize of job (KB)
...
006 (9813358.000.000) 05/14 21:27:01 Image size of job updated: 4283292
	4183  -  MemoryUsage of job (MB)
	4282808  -  ResidentSetSize of job (KB)
...
006 (9813358.000.000) 05/14 21:32:02 Image size of job updated: 4356924
	4255  -  MemoryUsage of job (MB)
	4356400  -  ResidentSetSize of job (KB)
...
006 (9813358.000.000) 05/14 21:37:02 Image size of job updated: 4514804
	4409  -  MemoryUsage of job (MB)
	4514136  -  ResidentSetSize of job (KB)
...
006 (9813358.000.000) 05/14 21:42:02 Image size of job updated: 4583988
	4476  -  MemoryUsage of job (MB)
	4582620  -  ResidentSetSize of job (KB)
...
006 (9813358.000.000) 05/14 21:47:04 Image size of job updated: 4705736
	4595  -  MemoryUsage of job (MB)
	4704532  -  ResidentSetSize of job (KB)
...
006 (9813358.000.000) 05/14 21:52:04 Image size of job updated: 4786412
	4674  -  MemoryUsage of job (MB)
	4786024  -  ResidentSetSize of job (KB)
...
006 (9813358.000.000) 05/14 21:57:04 Image size of job updated: 4900184
	4783  -  MemoryUsage of job (MB)
	4897732  -  ResidentSetSize of job (KB)
...
006 (9813358.000.000) 05/14 22:02:05 Image size of job updated: 4969824
	4852  -  MemoryUsage of job (MB)
	4968328  -  ResidentSetSize of job (KB)
...
006 (9813358.000.000) 05/14 22:07:06 Image size of job updated: 5120704
	5000  -  MemoryUsage of job (MB)
	5119036  -  ResidentSetSize of job (KB)
...
006 (9813358.000.000) 05/14 22:12:06 Image size of job updated: 5227324
	5105  -  MemoryUsage of job (MB)
	5227324  -  ResidentSetSize of job (KB)
...
006 (9813358.000.000) 05/14 22:17:07 Image size of job updated: 5324628
	5198  -  MemoryUsage of job (MB)
	5322612  -  ResidentSetSize of job (KB)
...
006 (9813358.000.000) 05/14 22:22:08 Image size of job updated: 5414604
	5286  -  MemoryUsage of job (MB)
	5412864  -  ResidentSetSize of job (KB)
...
006 (9813358.000.000) 05/14 22:27:08 Image size of job updated: 5560076
	5424  -  MemoryUsage of job (MB)
	5554032  -  ResidentSetSize of job (KB)
...
006 (9813358.000.000) 05/14 22:32:08 Image size of job updated: 5635164
	5501  -  MemoryUsage of job (MB)
	5632056  -  ResidentSetSize of job (KB)
...
006 (9813358.000.000) 05/14 22:37:09 Image size of job updated: 5743072
	5577  -  MemoryUsage of job (MB)
	5710096  -  ResidentSetSize of job (KB)
...
006 (9813358.000.000) 05/14 22:42:09 Image size of job updated: 5905992
	5767  -  MemoryUsage of job (MB)
	5904460  -  ResidentSetSize of job (KB)
...
006 (9813358.000.000) 05/14 22:47:09 Image size of job updated: 5955616
	5816  -  MemoryUsage of job (MB)
	5954752  -  ResidentSetSize of job (KB)
...
006 (9813358.000.000) 05/14 22:52:10 Image size of job updated: 6080388
	5938  -  MemoryUsage of job (MB)
	6079852  -  ResidentSetSize of job (KB)
...
006 (9813358.000.000) 05/14 22:57:11 Image size of job updated: 6164488
	6018  -  MemoryUsage of job (MB)
	6161632  -  ResidentSetSize of job (KB)
...
006 (9813358.000.000) 05/14 23:02:11 Image size of job updated: 6234212
	6088  -  MemoryUsage of job (MB)
	6233756  -  ResidentSetSize of job (KB)
...
006 (9813358.000.000) 05/14 23:07:12 Image size of job updated: 6326100
	6178  -  MemoryUsage of job (MB)
	6325676  -  ResidentSetSize of job (KB)
...
006 (9813358.000.000) 05/14 23:12:13 Image size of job updated: 6399848
	6250  -  MemoryUsage of job (MB)
	6399624  -  ResidentSetSize of job (KB)
...
006 (9813358.000.000) 05/14 23:17:13 Image size of job updated: 6457692
	6306  -  MemoryUsage of job (MB)
	6456536  -  ResidentSetSize of job (KB)
...
006 (9813358.000.000) 05/14 23:22:13 Image size of job updated: 6562076
	6408  -  MemoryUsage of job (MB)
	6561684  -  ResidentSetSize of job (KB)
...
006 (9813358.000.000) 05/14 23:27:14 Image size of job updated: 6639412
	6481  -  MemoryUsage of job (MB)
	6636084  -  ResidentSetSize of job (KB)
...
006 (9813358.000.000) 05/14 23:32:14 Image size of job updated: 6724788
	6566  -  MemoryUsage of job (MB)
	6723456  -  ResidentSetSize of job (KB)
...
006 (9813358.000.000) 05/14 23:37:14 Image size of job updated: 6816752
	6656  -  MemoryUsage of job (MB)
	6815512  -  ResidentSetSize of job (KB)
...
006 (9813358.000.000) 05/14 23:42:15 Image size of job updated: 6873284
	6711  -  MemoryUsage of job (MB)
	6871836  -  ResidentSetSize of job (KB)
...
006 (9813358.000.000) 05/14 23:47:16 Image size of job updated: 6943036
	6778  -  MemoryUsage of job (MB)
	6940224  -  ResidentSetSize of job (KB)
...
006 (9813358.000.000) 05/14 23:52:16 Image size of job updated: 6997464
	6834  -  MemoryUsage of job (MB)
	6997212  -  ResidentSetSize of job (KB)
...
006 (9813358.000.000) 05/14 23:57:17 Image size of job updated: 7089400
	6923  -  MemoryUsage of job (MB)
	7088868  -  ResidentSetSize of job (KB)
...
006 (9813358.000.000) 05/15 00:02:18 Image size of job updated: 7143428
	6976  -  MemoryUsage of job (MB)
	7142644  -  ResidentSetSize of job (KB)
...
006 (9813358.000.000) 05/15 00:07:18 Image size of job updated: 7235076
	7063  -  MemoryUsage of job (MB)
	7232496  -  ResidentSetSize of job (KB)
...
006 (9813358.000.000) 05/15 00:12:19 Image size of job updated: 7278448
	7106  -  MemoryUsage of job (MB)
	7275812  -  ResidentSetSize of job (KB)
...
006 (9813358.000.000) 05/15 00:17:20 Image size of job updated: 7433020
	7259  -  MemoryUsage of job (MB)
	7432280  -  ResidentSetSize of job (KB)
...
006 (9813358.000.000) 05/15 00:22:20 Image size of job updated: 7499336
	7322  -  MemoryUsage of job (MB)
	7496980  -  ResidentSetSize of job (KB)
...
006 (9813358.000.000) 05/15 00:27:20 Image size of job updated: 7584148
	7406  -  MemoryUsage of job (MB)
	7582768  -  ResidentSetSize of job (KB)
...
006 (9813358.000.000) 05/15 00:32:22 Image size of job updated: 7639436
	7461  -  MemoryUsage of job (MB)
	7639188  -  ResidentSetSize of job (KB)
...
006 (9813358.000.000) 05/15 00:37:22 Image size of job updated: 7714496
	7534  -  MemoryUsage of job (MB)
	7714020  -  ResidentSetSize of job (KB)
...
006 (9813358.000.000) 05/15 00:42:22 Image size of job updated: 7753928
	7572  -  MemoryUsage of job (MB)
	7753492  -  ResidentSetSize of job (KB)
...
006 (9813358.000.000) 05/15 00:47:23 Image size of job updated: 7896528
	7711  -  MemoryUsage of job (MB)
	7895836  -  ResidentSetSize of job (KB)
...
006 (9813358.000.000) 05/15 00:52:24 Image size of job updated: 7974876
	7785  -  MemoryUsage of job (MB)
	7971080  -  ResidentSetSize of job (KB)
...
006 (9813358.000.000) 05/15 00:57:24 Image size of job updated: 8049468
	7861  -  MemoryUsage of job (MB)
	8048768  -  ResidentSetSize of job (KB)
...
006 (9813358.000.000) 05/15 01:02:25 Image size of job updated: 8188776
	7997  -  MemoryUsage of job (MB)
	8187976  -  ResidentSetSize of job (KB)
...
006 (9813358.000.000) 05/15 01:07:26 Image size of job updated: 8263980
	8069  -  MemoryUsage of job (MB)
	8262168  -  ResidentSetSize of job (KB)
...
006 (9813358.000.000) 05/15 01:12:26 Image size of job updated: 8302896
	8107  -  MemoryUsage of job (MB)
	8301024  -  ResidentSetSize of job (KB)
...
006 (9813358.000.000) 05/15 01:17:26 Image size of job updated: 8395872
	8199  -  MemoryUsage of job (MB)
	8395632  -  ResidentSetSize of job (KB)
...
006 (9813358.000.000) 05/15 01:22:27 Image size of job updated: 8635444
	8353  -  MemoryUsage of job (MB)
	8552532  -  ResidentSetSize of job (KB)
...
006 (9813358.000.000) 05/15 01:27:27 Image size of job updated: 8643788
	8441  -  MemoryUsage of job (MB)
	8643544  -  ResidentSetSize of job (KB)
...
006 (9813358.000.000) 05/15 01:32:27 Image size of job updated: 8698356
	8495  -  MemoryUsage of job (MB)
	8698076  -  ResidentSetSize of job (KB)
...
006 (9813358.000.000) 05/15 01:37:28 Image size of job updated: 8790824
	8584  -  MemoryUsage of job (MB)
	8789432  -  ResidentSetSize of job (KB)
...
006 (9813358.000.000) 05/15 01:42:29 Image size of job updated: 8844280
	8637  -  MemoryUsage of job (MB)
	8843812  -  ResidentSetSize of job (KB)
...
006 (9813358.000.000) 05/15 01:47:29 Image size of job updated: 8898164
	8690  -  MemoryUsage of job (MB)
	8897680  -  ResidentSetSize of job (KB)
...
006 (9813358.000.000) 05/15 01:52:30 Image size of job updated: 9015972
	8804  -  MemoryUsage of job (MB)
	9014724  -  ResidentSetSize of job (KB)
...
006 (9813358.000.000) 05/15 01:57:31 Image size of job updated: 9207680
	8991  -  MemoryUsage of job (MB)
	9206760  -  ResidentSetSize of job (KB)
...
006 (9813358.000.000) 05/15 02:02:31 Image size of job updated: 9256508
	9040  -  MemoryUsage of job (MB)
	9256264  -  ResidentSetSize of job (KB)
...
006 (9813358.000.000) 05/15 02:07:31 Image size of job updated: 9359160
	9140  -  MemoryUsage of job (MB)
	9359160  -  ResidentSetSize of job (KB)
...
006 (9813358.000.000) 05/15 02:12:32 Image size of job updated: 9420052
	9199  -  MemoryUsage of job (MB)
	9419356  -  ResidentSetSize of job (KB)
...
006 (9813358.000.000) 05/15 02:17:32 Image size of job updated: 9482632
	9259  -  MemoryUsage of job (MB)
	9481184  -  ResidentSetSize of job (KB)
...
006 (9813358.000.000) 05/15 02:22:32 Image size of job updated: 9563796
	9339  -  MemoryUsage of job (MB)
	9562664  -  ResidentSetSize of job (KB)
...
006 (9813358.000.000) 05/15 02:27:34 Image size of job updated: 9677916
	9451  -  MemoryUsage of job (MB)
	9677420  -  ResidentSetSize of job (KB)
...
006 (9813358.000.000) 05/15 02:32:34 Image size of job updated: 9741880
	9514  -  MemoryUsage of job (MB)
	9741528  -  ResidentSetSize of job (KB)
...
006 (9813358.000.000) 05/15 02:37:34 Image size of job updated: 9836648
	9606  -  MemoryUsage of job (MB)
	9836504  -  ResidentSetSize of job (KB)
...
006 (9813358.000.000) 05/15 02:42:35 Image size of job updated: 9927572
	9695  -  MemoryUsage of job (MB)
	9927568  -  ResidentSetSize of job (KB)
...
006 (9813358.000.000) 05/15 02:47:36 Image size of job updated: 9966836
	9734  -  MemoryUsage of job (MB)
	9966616  -  ResidentSetSize of job (KB)
...
006 (9813358.000.000) 05/15 02:52:36 Image size of job updated: 10010348
	9775  -  MemoryUsage of job (MB)
	10008708  -  ResidentSetSize of job (KB)
...
006 (9813358.000.000) 05/15 02:57:37 Image size of job updated: 10067024
	9830  -  MemoryUsage of job (MB)
	10065428  -  ResidentSetSize of job (KB)
...
006 (9813358.000.000) 05/15 03:02:38 Image size of job updated: 10164128
	9926  -  MemoryUsage of job (MB)
	10163960  -  ResidentSetSize of job (KB)
...
006 (9813358.000.000) 05/15 03:07:38 Image size of job updated: 10255424
	10015  -  MemoryUsage of job (MB)
	10254940  -  ResidentSetSize of job (KB)
...
006 (9813358.000.000) 05/15 03:12:38 Image size of job updated: 10315200
	10074  -  MemoryUsage of job (MB)
	10314948  -  ResidentSetSize of job (KB)
...
006 (9813358.000.000) 05/15 03:17:39 Image size of job updated: 10403816
	10160  -  MemoryUsage of job (MB)
	10403676  -  ResidentSetSize of job (KB)
...
006 (9813358.000.000) 05/15 03:22:39 Image size of job updated: 10482396
	10236  -  MemoryUsage of job (MB)
	10481448  -  ResidentSetSize of job (KB)
...
006 (9813358.000.000) 05/15 03:27:39 Image size of job updated: 10550344
	10302  -  MemoryUsage of job (MB)
	10548472  -  ResidentSetSize of job (KB)
...
006 (9813358.000.000) 05/15 03:32:40 Image size of job updated: 10644324
	10395  -  MemoryUsage of job (MB)
	10643820  -  ResidentSetSize of job (KB)
...
006 (9813358.000.000) 05/15 03:37:40 Image size of job updated: 10700780
	10450  -  MemoryUsage of job (MB)
	10700556  -  ResidentSetSize of job (KB)
...
006 (9813358.000.000) 05/15 03:42:40 Image size of job updated: 10791848
	10539  -  MemoryUsage of job (MB)
	10791220  -  ResidentSetSize of job (KB)
...
006 (9813358.000.000) 05/15 03:47:41 Image size of job updated: 10846972
	10593  -  MemoryUsage of job (MB)
	10846728  -  ResidentSetSize of job (KB)
...
006 (9813358.000.000) 05/15 03:52:42 Image size of job updated: 10903676
	10647  -  MemoryUsage of job (MB)
	10902156  -  ResidentSetSize of job (KB)
...
006 (9813358.000.000) 05/15 03:57:42 Image size of job updated: 10996556
	10738  -  MemoryUsage of job (MB)
	10995108  -  ResidentSetSize of job (KB)
...
006 (9813358.000.000) 05/15 04:02:43 Image size of job updated: 11051344
	10792  -  MemoryUsage of job (MB)
	11050872  -  ResidentSetSize of job (KB)
...
006 (9813358.000.000) 05/15 04:07:44 Image size of job updated: 11111180
	10849  -  MemoryUsage of job (MB)
	11109220  -  ResidentSetSize of job (KB)
...
006 (9813358.000.000) 05/15 04:12:44 Image size of job updated: 11201536
	10938  -  MemoryUsage of job (MB)
	11200016  -  ResidentSetSize of job (KB)
...
006 (9813358.000.000) 05/15 04:17:44 Image size of job updated: 11294424
	11028  -  MemoryUsage of job (MB)
	11292108  -  ResidentSetSize of job (KB)
...
006 (9813358.000.000) 05/15 04:22:45 Image size of job updated: 11348008
	11082  -  MemoryUsage of job (MB)
	11347596  -  ResidentSetSize of job (KB)
...
006 (9813358.000.000) 05/15 04:27:45 Image size of job updated: 11407312
	11138  -  MemoryUsage of job (MB)
	11405060  -  ResidentSetSize of job (KB)
...
006 (9813358.000.000) 05/15 04:32:45 Image size of job updated: 11461140
	11193  -  MemoryUsage of job (MB)
	11460848  -  ResidentSetSize of job (KB)
...
006 (9813358.000.000) 05/15 04:37:46 Image size of job updated: 11516712
	11247  -  MemoryUsage of job (MB)
	11516652  -  ResidentSetSize of job (KB)
...
006 (9813358.000.000) 05/15 04:42:46 Image size of job updated: 11607176
	11335  -  MemoryUsage of job (MB)
	11606808  -  ResidentSetSize of job (KB)
...
006 (9813358.000.000) 05/15 04:47:46 Image size of job updated: 11662972
	11390  -  MemoryUsage of job (MB)
	11662576  -  ResidentSetSize of job (KB)
...
006 (9813358.000.000) 05/15 04:52:47 Image size of job updated: 11719200
	11445  -  MemoryUsage of job (MB)
	11718788  -  ResidentSetSize of job (KB)
...
006 (9813358.000.000) 05/15 04:57:48 Image size of job updated: 11793936
	11518  -  MemoryUsage of job (MB)
	11793536  -  ResidentSetSize of job (KB)
...
006 (9813358.000.000) 05/15 05:02:48 Image size of job updated: 11885308
	11606  -  MemoryUsage of job (MB)
	11884092  -  ResidentSetSize of job (KB)
...
006 (9813358.000.000) 05/15 05:07:49 Image size of job updated: 11923500
	11643  -  MemoryUsage of job (MB)
	11922020  -  ResidentSetSize of job (KB)
...
006 (9813358.000.000) 05/15 05:12:50 Image size of job updated: 12008912
	11727  -  MemoryUsage of job (MB)
	12007496  -  ResidentSetSize of job (KB)
...
006 (9813358.000.000) 05/15 05:17:50 Image size of job updated: 12100608
	11817  -  MemoryUsage of job (MB)
	12100356  -  ResidentSetSize of job (KB)
...
006 (9813358.000.000) 05/15 05:22:50 Image size of job updated: 12154032
	11869  -  MemoryUsage of job (MB)
	12153560  -  ResidentSetSize of job (KB)
...
006 (9813358.000.000) 05/15 05:27:51 Image size of job updated: 12212556
	11926  -  MemoryUsage of job (MB)
	12212104  -  ResidentSetSize of job (KB)
...
006 (9813358.000.000) 05/15 05:32:51 Image size of job updated: 12303580
	12015  -  MemoryUsage of job (MB)
	12302732  -  ResidentSetSize of job (KB)
...
006 (9813358.000.000) 05/15 05:37:51 Image size of job updated: 12377780
	12088  -  MemoryUsage of job (MB)
	12377528  -  ResidentSetSize of job (KB)
...
006 (9813358.000.000) 05/15 05:42:52 Image size of job updated: 12432732
	12142  -  MemoryUsage of job (MB)
	12432556  -  ResidentSetSize of job (KB)
...
006 (9813358.000.000) 05/15 05:47:53 Image size of job updated: 12489276
	12195  -  MemoryUsage of job (MB)
	12487428  -  ResidentSetSize of job (KB)
...
006 (9813358.000.000) 05/15 05:52:53 Image size of job updated: 12543564
	12249  -  MemoryUsage of job (MB)
	12542352  -  ResidentSetSize of job (KB)
...
006 (9813358.000.000) 05/15 05:57:54 Image size of job updated: 12605092
	12310  -  MemoryUsage of job (MB)
	12604672  -  ResidentSetSize of job (KB)
...
006 (9813358.000.000) 05/15 06:02:55 Image size of job updated: 12666156
	12368  -  MemoryUsage of job (MB)
	12664444  -  ResidentSetSize of job (KB)
...
006 (9813358.000.000) 05/15 06:07:55 Image size of job updated: 12702260
	12405  -  MemoryUsage of job (MB)
	12701880  -  ResidentSetSize of job (KB)
...
006 (9813358.000.000) 05/15 06:12:56 Image size of job updated: 12757744
	12459  -  MemoryUsage of job (MB)
	12757368  -  ResidentSetSize of job (KB)
...
006 (9813358.000.000) 05/15 06:17:57 Image size of job updated: 12813620
	12513  -  MemoryUsage of job (MB)
	12813312  -  ResidentSetSize of job (KB)
...
006 (9813358.000.000) 05/15 06:22:57 Image size of job updated: 12887912
	12586  -  MemoryUsage of job (MB)
	12887664  -  ResidentSetSize of job (KB)
...
006 (9813358.000.000) 05/15 06:27:57 Image size of job updated: 12943152
	12640  -  MemoryUsage of job (MB)
	12942672  -  ResidentSetSize of job (KB)
...
006 (9813358.000.000) 05/15 06:32:58 Image size of job updated: 12999056
	12694  -  MemoryUsage of job (MB)
	12998052  -  ResidentSetSize of job (KB)
...
006 (9813358.000.000) 05/15 06:37:58 Image size of job updated: 13090764
	12783  -  MemoryUsage of job (MB)
	13089092  -  ResidentSetSize of job (KB)
...
006 (9813358.000.000) 05/15 06:42:58 Image size of job updated: 13131136
	12824  -  MemoryUsage of job (MB)
	13130884  -  ResidentSetSize of job (KB)
...
006 (9813358.000.000) 05/15 06:47:59 Image size of job updated: 13186196
	12877  -  MemoryUsage of job (MB)
	13185816  -  ResidentSetSize of job (KB)
...
006 (9813358.000.000) 05/15 06:53:00 Image size of job updated: 13277928
	12942  -  MemoryUsage of job (MB)
	13252144  -  ResidentSetSize of job (KB)
...
006 (9813358.000.000) 05/15 06:58:00 Image size of job updated: 13408244
	13094  -  MemoryUsage of job (MB)
	13407880  -  ResidentSetSize of job (KB)
...
006 (9813358.000.000) 05/15 07:03:01 Image size of job updated: 13484924
	13167  -  MemoryUsage of job (MB)
	13482744  -  ResidentSetSize of job (KB)
...
006 (9813358.000.000) 05/15 07:08:02 Image size of job updated: 13940748
	13430  -  MemoryUsage of job (MB)
	13751996  -  ResidentSetSize of job (KB)
...
006 (9813358.000.000) 05/15 07:13:02 Image size of job updated: 13940748
	13511  -  MemoryUsage of job (MB)
	13834380  -  ResidentSetSize of job (KB)
...
006 (9813358.000.000) 05/15 07:18:02 Image size of job updated: 13940748
	13585  -  MemoryUsage of job (MB)
	13910912  -  ResidentSetSize of job (KB)
...
006 (9813358.000.000) 05/15 07:23:03 Image size of job updated: 13966552
	13586  -  MemoryUsage of job (MB)
	13911752  -  ResidentSetSize of job (KB)
...
006 (9813358.000.000) 05/15 07:28:03 Image size of job updated: 13985940
	13658  -  MemoryUsage of job (MB)
	13984996  -  ResidentSetSize of job (KB)
...
006 (9813358.000.000) 05/15 07:33:03 Image size of job updated: 14058324
	13727  -  MemoryUsage of job (MB)
	14056200  -  ResidentSetSize of job (KB)
...
006 (9813358.000.000) 05/15 07:38:04 Image size of job updated: 14168356
	13835  -  MemoryUsage of job (MB)
	14166512  -  ResidentSetSize of job (KB)
...
006 (9813358.000.000) 05/15 07:43:05 Image size of job updated: 14212644
	13879  -  MemoryUsage of job (MB)
	14211364  -  ResidentSetSize of job (KB)
...
006 (9813358.000.000) 05/15 07:48:05 Image size of job updated: 14250852
	13917  -  MemoryUsage of job (MB)
	14250764  -  ResidentSetSize of job (KB)
...
006 (9813358.000.000) 05/15 07:53:06 Image size of job updated: 14332276
	13996  -  MemoryUsage of job (MB)
	14331816  -  ResidentSetSize of job (KB)
...
006 (9813358.000.000) 05/15 07:58:07 Image size of job updated: 14370856
	14034  -  MemoryUsage of job (MB)
	14370488  -  ResidentSetSize of job (KB)
...
006 (9813358.000.000) 05/15 08:03:07 Image size of job updated: 14411028
	14073  -  MemoryUsage of job (MB)
	14410732  -  ResidentSetSize of job (KB)
...
006 (9813358.000.000) 05/15 08:08:08 Image size of job updated: 14476472
	14137  -  MemoryUsage of job (MB)
	14476148  -  ResidentSetSize of job (KB)
...
006 (9813358.000.000) 05/15 08:13:09 Image size of job updated: 14557932
	14214  -  MemoryUsage of job (MB)
	14554304  -  ResidentSetSize of job (KB)
...
006 (9813358.000.000) 05/15 08:18:09 Image size of job updated: 14623768
	14281  -  MemoryUsage of job (MB)
	14623328  -  ResidentSetSize of job (KB)
...
006 (9813358.000.000) 05/15 08:23:09 Image size of job updated: 14681048
	14337  -  MemoryUsage of job (MB)
	14680796  -  ResidentSetSize of job (KB)
...
006 (9813358.000.000) 05/15 08:28:10 Image size of job updated: 14762696
	14417  -  MemoryUsage of job (MB)
	14762348  -  ResidentSetSize of job (KB)
...
006 (9813358.000.000) 05/15 08:33:10 Image size of job updated: 14806340
	14460  -  MemoryUsage of job (MB)
	14806116  -  ResidentSetSize of job (KB)
...
006 (9813358.000.000) 05/15 08:38:10 Image size of job updated: 14881748
	14531  -  MemoryUsage of job (MB)
	14879560  -  ResidentSetSize of job (KB)
...
006 (9813358.000.000) 05/15 08:43:11 Image size of job updated: 14920492
	14570  -  MemoryUsage of job (MB)
	14918720  -  ResidentSetSize of job (KB)
...
006 (9813358.000.000) 05/15 08:48:12 Image size of job updated: 14987192
	14635  -  MemoryUsage of job (MB)
	14985296  -  ResidentSetSize of job (KB)
...
006 (9813358.000.000) 05/15 08:53:12 Image size of job updated: 15062208
	14708  -  MemoryUsage of job (MB)
	15059976  -  ResidentSetSize of job (KB)
...
006 (9813358.000.000) 05/15 08:58:13 Image size of job updated: 15122332
	14767  -  MemoryUsage of job (MB)
	15120760  -  ResidentSetSize of job (KB)
...
006 (9813358.000.000) 05/15 09:03:14 Image size of job updated: 15166352
	14811  -  MemoryUsage of job (MB)
	15165912  -  ResidentSetSize of job (KB)
...
006 (9813358.000.000) 05/15 09:08:14 Image size of job updated: 15243864
	14887  -  MemoryUsage of job (MB)
	15243508  -  ResidentSetSize of job (KB)
...
006 (9813358.000.000) 05/15 09:13:14 Image size of job updated: 15298452
	14938  -  MemoryUsage of job (MB)
	15296128  -  ResidentSetSize of job (KB)
...
006 (9813358.000.000) 05/15 09:18:15 Image size of job updated: 15358672
	14997  -  MemoryUsage of job (MB)
	15356856  -  ResidentSetSize of job (KB)
...
006 (9813358.000.000) 05/15 09:23:15 Image size of job updated: 15432912
	15070  -  MemoryUsage of job (MB)
	15430936  -  ResidentSetSize of job (KB)
...
006 (9813358.000.000) 05/15 09:28:15 Image size of job updated: 15479576
	15116  -  MemoryUsage of job (MB)
	15478036  -  ResidentSetSize of job (KB)
...
006 (9813358.000.000) 05/15 09:33:16 Image size of job updated: 15519064
	15156  -  MemoryUsage of job (MB)
	15518816  -  ResidentSetSize of job (KB)
...
006 (9813358.000.000) 05/15 09:38:17 Image size of job updated: 15592988
	15226  -  MemoryUsage of job (MB)
	15591068  -  ResidentSetSize of job (KB)
...
006 (9813358.000.000) 05/15 09:43:17 Image size of job updated: 15649412
	15282  -  MemoryUsage of job (MB)
	15647968  -  ResidentSetSize of job (KB)
...
006 (9813358.000.000) 05/15 09:48:18 Image size of job updated: 15737672
	15369  -  MemoryUsage of job (MB)
	15737176  -  ResidentSetSize of job (KB)
...
006 (9813358.000.000) 05/15 09:53:19 Image size of job updated: 15776508
	15404  -  MemoryUsage of job (MB)
	15772992  -  ResidentSetSize of job (KB)
...
006 (9813358.000.000) 05/15 09:58:19 Image size of job updated: 15817620
	15435  -  MemoryUsage of job (MB)
	15804924  -  ResidentSetSize of job (KB)
...
006 (9813358.000.000) 05/15 10:03:19 Image size of job updated: 15870676
	15498  -  MemoryUsage of job (MB)
	15869112  -  ResidentSetSize of job (KB)
...
006 (9813358.000.000) 05/15 10:08:20 Image size of job updated: 15914276
	15539  -  MemoryUsage of job (MB)
	15911672  -  ResidentSetSize of job (KB)
...
006 (9813358.000.000) 05/15 10:13:20 Image size of job updated: 15963868
	15590  -  MemoryUsage of job (MB)
	15963520  -  ResidentSetSize of job (KB)
...
006 (9813358.000.000) 05/15 10:18:20 Image size of job updated: 16055256
	15678  -  MemoryUsage of job (MB)
	16053320  -  ResidentSetSize of job (KB)
...
006 (9813358.000.000) 05/15 10:23:22 Image size of job updated: 16128656
	15749  -  MemoryUsage of job (MB)
	16126964  -  ResidentSetSize of job (KB)
...
006 (9813358.000.000) 05/15 10:28:22 Image size of job updated: 16176684
	15796  -  MemoryUsage of job (MB)
	16174680  -  ResidentSetSize of job (KB)
...
006 (9813358.000.000) 05/15 10:33:22 Image size of job updated: 16286852
	15905  -  MemoryUsage of job (MB)
	16286008  -  ResidentSetSize of job (KB)
...
006 (9813358.000.000) 05/15 10:38:23 Image size of job updated: 16343836
	15961  -  MemoryUsage of job (MB)
	16343584  -  ResidentSetSize of job (KB)
...
006 (9813358.000.000) 05/15 10:43:24 Image size of job updated: 16437408
	16051  -  MemoryUsage of job (MB)
	16436052  -  ResidentSetSize of job (KB)
...
006 (9813358.000.000) 05/15 10:48:24 Image size of job updated: 16489748
	16101  -  MemoryUsage of job (MB)
	16486676  -  ResidentSetSize of job (KB)
...
006 (9813358.000.000) 05/15 10:53:25 Image size of job updated: 16531116
	16142  -  MemoryUsage of job (MB)
	16529180  -  ResidentSetSize of job (KB)
...
006 (9813358.000.000) 05/15 10:58:26 Image size of job updated: 16642816
	16253  -  MemoryUsage of job (MB)
	16642564  -  ResidentSetSize of job (KB)
...
006 (9813358.000.000) 05/15 11:03:26 Image size of job updated: 16688288
	16296  -  MemoryUsage of job (MB)
	16686648  -  ResidentSetSize of job (KB)
...
006 (9813358.000.000) 05/15 11:08:26 Image size of job updated: 16730520
	16337  -  MemoryUsage of job (MB)
	16728424  -  ResidentSetSize of job (KB)
...
006 (9813358.000.000) 05/15 11:13:27 Image size of job updated: 16800452
	16406  -  MemoryUsage of job (MB)
	16799600  -  ResidentSetSize of job (KB)
...
006 (9813358.000.000) 05/15 11:18:27 Image size of job updated: 16841952
	16446  -  MemoryUsage of job (MB)
	16839936  -  ResidentSetSize of job (KB)
...
006 (9813358.000.000) 05/15 11:23:27 Image size of job updated: 16894468
	16499  -  MemoryUsage of job (MB)
	16894008  -  ResidentSetSize of job (KB)
...
006 (9813358.000.000) 05/15 11:28:28 Image size of job updated: 17007624
	16609  -  MemoryUsage of job (MB)
	17007360  -  ResidentSetSize of job (KB)
...
006 (9813358.000.000) 05/15 11:33:28 Image size of job updated: 17049904
	16649  -  MemoryUsage of job (MB)
	17047604  -  ResidentSetSize of job (KB)
...
006 (9813358.000.000) 05/15 11:38:28 Image size of job updated: 17096060
	16695  -  MemoryUsage of job (MB)
	17095544  -  ResidentSetSize of job (KB)
...
006 (9813358.000.000) 05/15 11:43:29 Image size of job updated: 17155576
	16754  -  MemoryUsage of job (MB)
	17155124  -  ResidentSetSize of job (KB)
...
006 (9813358.000.000) 05/15 11:48:30 Image size of job updated: 17218068
	16813  -  MemoryUsage of job (MB)
	17215864  -  ResidentSetSize of job (KB)
...
006 (9813358.000.000) 05/15 11:53:30 Image size of job updated: 17300752
	16895  -  MemoryUsage of job (MB)
	17300388  -  ResidentSetSize of job (KB)
...
006 (9813358.000.000) 05/15 11:58:31 Image size of job updated: 17365944
	16958  -  MemoryUsage of job (MB)
	17364260  -  ResidentSetSize of job (KB)
...
006 (9813358.000.000) 05/15 12:03:32 Image size of job updated: 17410236
	17001  -  MemoryUsage of job (MB)
	17408120  -  ResidentSetSize of job (KB)
...
006 (9813358.000.000) 05/15 12:08:32 Image size of job updated: 17471712
	17062  -  MemoryUsage of job (MB)
	17471152  -  ResidentSetSize of job (KB)
...
006 (9813358.000.000) 05/15 12:13:33 Image size of job updated: 17532824
	17122  -  MemoryUsage of job (MB)
	17532324  -  ResidentSetSize of job (KB)
...
006 (9813358.000.000) 05/15 12:18:34 Image size of job updated: 17576144
	17163  -  MemoryUsage of job (MB)
	17574836  -  ResidentSetSize of job (KB)
...
006 (9813358.000.000) 05/15 12:23:34 Image size of job updated: 17640476
	17227  -  MemoryUsage of job (MB)
	17639996  -  ResidentSetSize of job (KB)
...
006 (9813358.000.000) 05/15 12:28:34 Image size of job updated: 17729280
	17314  -  MemoryUsage of job (MB)
	17729112  -  ResidentSetSize of job (KB)
...
006 (9813358.000.000) 05/15 12:33:35 Image size of job updated: 17769728
	17353  -  MemoryUsage of job (MB)
	17769232  -  ResidentSetSize of job (KB)
...
006 (9813358.000.000) 05/15 12:38:35 Image size of job updated: 17823648
	17406  -  MemoryUsage of job (MB)
	17823284  -  ResidentSetSize of job (KB)
...
006 (9813358.000.000) 05/15 12:43:35 Image size of job updated: 17899984
	17481  -  MemoryUsage of job (MB)
	17899596  -  ResidentSetSize of job (KB)
...
006 (9813358.000.000) 05/15 12:48:36 Image size of job updated: 17941188
	17519  -  MemoryUsage of job (MB)
	17938892  -  ResidentSetSize of job (KB)
...
006 (9813358.000.000) 05/15 12:53:37 Image size of job updated: 17980540
	17559  -  MemoryUsage of job (MB)
	17979568  -  ResidentSetSize of job (KB)
...
006 (9813358.000.000) 05/15 12:58:37 Image size of job updated: 18081784
	17658  -  MemoryUsage of job (MB)
	18081076  -  ResidentSetSize of job (KB)
...
006 (9813358.000.000) 05/15 13:03:38 Image size of job updated: 18155360
	17729  -  MemoryUsage of job (MB)
	18153696  -  ResidentSetSize of job (KB)
...
006 (9813358.000.000) 05/15 13:08:39 Image size of job updated: 18199708
	17773  -  MemoryUsage of job (MB)
	18199248  -  ResidentSetSize of job (KB)
...
006 (9813358.000.000) 05/15 13:13:39 Image size of job updated: 18240228
	17813  -  MemoryUsage of job (MB)
	18240020  -  ResidentSetSize of job (KB)
...
006 (9813358.000.000) 05/15 13:18:39 Image size of job updated: 18344376
	17915  -  MemoryUsage of job (MB)
	18344124  -  ResidentSetSize of job (KB)
...
006 (9813358.000.000) 05/15 13:23:40 Image size of job updated: 18351304
	17915  -  MemoryUsage of job (MB)
	18344124  -  ResidentSetSize of job (KB)
...
006 (9813358.000.000) 05/15 13:33:40 Image size of job updated: 18355556
	17926  -  MemoryUsage of job (MB)
	18355300  -  ResidentSetSize of job (KB)
...
006 (9813358.000.000) 05/15 13:38:41 Image size of job updated: 18395944
	17965  -  MemoryUsage of job (MB)
	18395560  -  ResidentSetSize of job (KB)
...
006 (9813358.000.000) 05/15 13:43:42 Image size of job updated: 18454912
	18021  -  MemoryUsage of job (MB)
	18453016  -  ResidentSetSize of job (KB)
...
006 (9813358.000.000) 05/15 13:48:42 Image size of job updated: 18521696
	18084  -  MemoryUsage of job (MB)
	18517348  -  ResidentSetSize of job (KB)
...
006 (9813358.000.000) 05/15 13:53:43 Image size of job updated: 18566068
	18130  -  MemoryUsage of job (MB)
	18564328  -  ResidentSetSize of job (KB)
...
006 (9813358.000.000) 05/15 13:58:44 Image size of job updated: 18626900
	18189  -  MemoryUsage of job (MB)
	18625180  -  ResidentSetSize of job (KB)
...
006 (9813358.000.000) 05/15 14:03:44 Image size of job updated: 18686696
	18248  -  MemoryUsage of job (MB)
	18685024  -  ResidentSetSize of job (KB)
...
006 (9813358.000.000) 05/15 14:08:44 Image size of job updated: 18690896
	18248  -  MemoryUsage of job (MB)
	18685280  -  ResidentSetSize of job (KB)
...
006 (9813358.000.000) 05/15 14:43:48 Image size of job updated: 18737496
	18298  -  MemoryUsage of job (MB)
	18736276  -  ResidentSetSize of job (KB)
...
006 (9813358.000.000) 05/15 14:48:49 Image size of job updated: 18793740
	18352  -  MemoryUsage of job (MB)
	18791464  -  ResidentSetSize of job (KB)
...
006 (9813358.000.000) 05/15 14:53:49 Image size of job updated: 18851408
	18408  -  MemoryUsage of job (MB)
	18848836  -  ResidentSetSize of job (KB)
...
006 (9813358.000.000) 05/15 14:58:50 Image size of job updated: 18915036
	18470  -  MemoryUsage of job (MB)
	18912728  -  ResidentSetSize of job (KB)
...
006 (9813358.000.000) 05/15 15:03:51 Image size of job updated: 18939376
	18496  -  MemoryUsage of job (MB)
	18938884  -  ResidentSetSize of job (KB)
...
006 (9813358.000.000) 05/15 15:08:51 Image size of job updated: 18991068
	18546  -  MemoryUsage of job (MB)
	18990732  -  ResidentSetSize of job (KB)
...
006 (9813358.000.000) 05/15 15:13:51 Image size of job updated: 19044800
	18598  -  MemoryUsage of job (MB)
	19043808  -  ResidentSetSize of job (KB)
...
006 (9813358.000.000) 05/15 15:18:53 Image size of job updated: 19084216
	18624  -  MemoryUsage of job (MB)
	19070928  -  ResidentSetSize of job (KB)
...
006 (9813358.000.000) 05/15 15:23:53 Image size of job updated: 19120252
	18672  -  MemoryUsage of job (MB)
	19119804  -  ResidentSetSize of job (KB)
...
006 (9813358.000.000) 05/15 15:28:53 Image size of job updated: 19209216
	18759  -  MemoryUsage of job (MB)
	19208796  -  ResidentSetSize of job (KB)
...
006 (9813358.000.000) 05/15 15:33:54 Image size of job updated: 19285276
	18832  -  MemoryUsage of job (MB)
	19283700  -  ResidentSetSize of job (KB)
...
006 (9813358.000.000) 05/15 15:38:55 Image size of job updated: 19347440
	18893  -  MemoryUsage of job (MB)
	19345500  -  ResidentSetSize of job (KB)
...
006 (9813358.000.000) 05/15 15:43:55 Image size of job updated: 19403432
	18947  -  MemoryUsage of job (MB)
	19401424  -  ResidentSetSize of job (KB)
...
006 (9813358.000.000) 05/15 15:48:56 Image size of job updated: 19490140
	19033  -  MemoryUsage of job (MB)
	19489440  -  ResidentSetSize of job (KB)
...
006 (9813358.000.000) 05/15 15:53:57 Image size of job updated: 19545016
	19085  -  MemoryUsage of job (MB)
	19542884  -  ResidentSetSize of job (KB)
...
006 (9813358.000.000) 05/15 15:58:57 Image size of job updated: 19600520
	19139  -  MemoryUsage of job (MB)
	19598320  -  ResidentSetSize of job (KB)
...
006 (9813358.000.000) 05/15 16:03:57 Image size of job updated: 19657712
	19195  -  MemoryUsage of job (MB)
	19655664  -  ResidentSetSize of job (KB)
...
006 (9813358.000.000) 05/15 16:08:58 Image size of job updated: 19744608
	19281  -  MemoryUsage of job (MB)
	19743104  -  ResidentSetSize of job (KB)
...
006 (9813358.000.000) 05/15 16:13:58 Image size of job updated: 19798752
	19333  -  MemoryUsage of job (MB)
	19796712  -  ResidentSetSize of job (KB)
...
006 (9813358.000.000) 05/15 16:18:58 Image size of job updated: 19858372
	19391  -  MemoryUsage of job (MB)
	19856140  -  ResidentSetSize of job (KB)
...
006 (9813358.000.000) 05/15 16:24:00 Image size of job updated: 19906564
	19440  -  MemoryUsage of job (MB)
	19906200  -  ResidentSetSize of job (KB)
...
006 (9813358.000.000) 05/15 16:29:00 Image size of job updated: 19962656
	19494  -  MemoryUsage of job (MB)
	19960988  -  ResidentSetSize of job (KB)
...
006 (9813358.000.000) 05/15 16:34:00 Image size of job updated: 20004968
	19535  -  MemoryUsage of job (MB)
	20002924  -  ResidentSetSize of job (KB)
...
006 (9813358.000.000) 05/15 16:39:01 Image size of job updated: 20074584
	19604  -  MemoryUsage of job (MB)
	20073548  -  ResidentSetSize of job (KB)
...
006 (9813358.000.000) 05/15 16:44:02 Image size of job updated: 20131260
	19659  -  MemoryUsage of job (MB)
	20129972  -  ResidentSetSize of job (KB)
...
006 (9813358.000.000) 05/15 16:49:02 Image size of job updated: 20188492
	19714  -  MemoryUsage of job (MB)
	20186420  -  ResidentSetSize of job (KB)
...
006 (9813358.000.000) 05/15 16:54:03 Image size of job updated: 20278896
	19803  -  MemoryUsage of job (MB)
	20278144  -  ResidentSetSize of job (KB)
...
006 (9813358.000.000) 05/15 16:59:04 Image size of job updated: 20333276
	19855  -  MemoryUsage of job (MB)
	20331496  -  ResidentSetSize of job (KB)
...
006 (9813358.000.000) 05/15 17:04:04 Image size of job updated: 20403024
	19924  -  MemoryUsage of job (MB)
	20401440  -  ResidentSetSize of job (KB)
...
006 (9813358.000.000) 05/15 17:09:04 Image size of job updated: 20489612
	20010  -  MemoryUsage of job (MB)
	20489356  -  ResidentSetSize of job (KB)
...
006 (9813358.000.000) 05/15 17:14:05 Image size of job updated: 20552480
	20070  -  MemoryUsage of job (MB)
	20550748  -  ResidentSetSize of job (KB)
...
006 (9813358.000.000) 05/15 17:19:05 Image size of job updated: 20605044
	20123  -  MemoryUsage of job (MB)
	20605044  -  ResidentSetSize of job (KB)
...
006 (9813358.000.000) 05/15 17:24:05 Image size of job updated: 20697212
	20212  -  MemoryUsage of job (MB)
	20696960  -  ResidentSetSize of job (KB)
...
006 (9813358.000.000) 05/15 17:29:06 Image size of job updated: 20786184
	20299  -  MemoryUsage of job (MB)
	20785696  -  ResidentSetSize of job (KB)
...
006 (9813358.000.000) 05/15 17:34:07 Image size of job updated: 20876684
	20388  -  MemoryUsage of job (MB)
	20876444  -  ResidentSetSize of job (KB)
...
006 (9813358.000.000) 05/15 17:39:07 Image size of job updated: 20983292
	20492  -  MemoryUsage of job (MB)
	20982936  -  ResidentSetSize of job (KB)
...
006 (9813358.000.000) 05/15 17:44:08 Image size of job updated: 21032500
	20538  -  MemoryUsage of job (MB)
	21030876  -  ResidentSetSize of job (KB)
...
006 (9813358.000.000) 05/15 17:49:09 Image size of job updated: 21061632
	20565  -  MemoryUsage of job (MB)
	21058328  -  ResidentSetSize of job (KB)
...
006 (9813358.000.000) 05/15 17:54:09 Image size of job updated: 21118512
	20624  -  MemoryUsage of job (MB)
	21118364  -  ResidentSetSize of job (KB)
...
006 (9813358.000.000) 05/15 17:59:10 Image size of job updated: 21174232
	20677  -  MemoryUsage of job (MB)
	21172780  -  ResidentSetSize of job (KB)
...
006 (9813358.000.000) 05/15 18:04:11 Image size of job updated: 21206548
	20709  -  MemoryUsage of job (MB)
	21205636  -  ResidentSetSize of job (KB)
...
006 (9813358.000.000) 05/15 18:09:11 Image size of job updated: 21327188
	20828  -  MemoryUsage of job (MB)
	21326936  -  ResidentSetSize of job (KB)
...
006 (9813358.000.000) 05/15 18:14:11 Image size of job updated: 21351288
	20828  -  MemoryUsage of job (MB)
	21326936  -  ResidentSetSize of job (KB)
...
006 (9813358.000.000) 05/15 18:19:12 Image size of job updated: 21387964
	20885  -  MemoryUsage of job (MB)
	21385804  -  ResidentSetSize of job (KB)
...
006 (9813358.000.000) 05/15 18:24:12 Image size of job updated: 21515368
	20885  -  MemoryUsage of job (MB)
	21385804  -  ResidentSetSize of job (KB)
...
006 (9813358.000.000) 05/15 18:34:13 Image size of job updated: 21557572
	21052  -  MemoryUsage of job (MB)
	21556540  -  ResidentSetSize of job (KB)
...
006 (9813358.000.000) 05/15 18:39:14 Image size of job updated: 21600448
	21094  -  MemoryUsage of job (MB)
	21599976  -  ResidentSetSize of job (KB)
...
006 (9813358.000.000) 05/15 18:44:14 Image size of job updated: 21633780
	21127  -  MemoryUsage of job (MB)
	21633128  -  ResidentSetSize of job (KB)
...
006 (9813358.000.000) 05/15 18:49:15 Image size of job updated: 22518444
	21600  -  MemoryUsage of job (MB)
	22118192  -  ResidentSetSize of job (KB)
...
006 (9813358.000.000) 05/15 18:54:16 Image size of job updated: 22518444
	21639  -  MemoryUsage of job (MB)
	22157360  -  ResidentSetSize of job (KB)
...
006 (9813358.000.000) 05/15 18:59:16 Image size of job updated: 22518444
	21680  -  MemoryUsage of job (MB)
	22199748  -  ResidentSetSize of job (KB)
...
006 (9813358.000.000) 05/15 19:04:16 Image size of job updated: 22518444
	21743  -  MemoryUsage of job (MB)
	22264812  -  ResidentSetSize of job (KB)
...
006 (9813358.000.000) 05/15 19:09:17 Image size of job updated: 22518444
	21812  -  MemoryUsage of job (MB)
	22335356  -  ResidentSetSize of job (KB)
...
006 (9813358.000.000) 05/15 19:14:17 Image size of job updated: 22518444
	21857  -  MemoryUsage of job (MB)
	22381212  -  ResidentSetSize of job (KB)
...
006 (9813358.000.000) 05/15 19:19:17 Image size of job updated: 22518444
	21931  -  MemoryUsage of job (MB)
	22456524  -  ResidentSetSize of job (KB)
...
006 (9813358.000.000) 05/15 19:24:18 Image size of job updated: 22518444
	21970  -  MemoryUsage of job (MB)
	22496284  -  ResidentSetSize of job (KB)
...
006 (9813358.000.000) 05/15 19:29:19 Image size of job updated: 22568100
	22039  -  MemoryUsage of job (MB)
	22567056  -  ResidentSetSize of job (KB)
...
006 (9813358.000.000) 05/15 19:34:19 Image size of job updated: 22609892
	22078  -  MemoryUsage of job (MB)
	22607664  -  ResidentSetSize of job (KB)
...
006 (9813358.000.000) 05/15 19:39:20 Image size of job updated: 22663132
	22132  -  MemoryUsage of job (MB)
	22662876  -  ResidentSetSize of job (KB)
...
006 (9813358.000.000) 05/15 19:44:20 Image size of job updated: 22717964
	22186  -  MemoryUsage of job (MB)
	22717912  -  ResidentSetSize of job (KB)
...
006 (9813358.000.000) 05/15 19:49:20 Image size of job updated: 22772512
	22239  -  MemoryUsage of job (MB)
	22772116  -  ResidentSetSize of job (KB)
...
006 (9813358.000.000) 05/15 19:54:21 Image size of job updated: 22844260
	22309  -  MemoryUsage of job (MB)
	22844004  -  ResidentSetSize of job (KB)
...
006 (9813358.000.000) 05/15 19:59:22 Image size of job updated: 22886360
	22349  -  MemoryUsage of job (MB)
	22884620  -  ResidentSetSize of job (KB)
...
006 (9813358.000.000) 05/15 20:04:22 Image size of job updated: 22946768
	22409  -  MemoryUsage of job (MB)
	22946404  -  ResidentSetSize of job (KB)
...
006 (9813358.000.000) 05/15 20:09:23 Image size of job updated: 23004304
	22465  -  MemoryUsage of job (MB)
	23004052  -  ResidentSetSize of job (KB)
...
006 (9813358.000.000) 05/15 20:14:24 Image size of job updated: 23058984
	22519  -  MemoryUsage of job (MB)
	23058728  -  ResidentSetSize of job (KB)
...
006 (9813358.000.000) 05/15 20:19:25 Image size of job updated: 23123216
	22580  -  MemoryUsage of job (MB)
	23120916  -  ResidentSetSize of job (KB)
...
006 (9813358.000.000) 05/15 20:24:25 Image size of job updated: 23158712
	22614  -  MemoryUsage of job (MB)
	23156608  -  ResidentSetSize of job (KB)
...
006 (9813358.000.000) 05/15 20:29:25 Image size of job updated: 23231804
	22688  -  MemoryUsage of job (MB)
	23231548  -  ResidentSetSize of job (KB)
...
006 (9813358.000.000) 05/15 20:34:26 Image size of job updated: 23271932
	22725  -  MemoryUsage of job (MB)
	23269540  -  ResidentSetSize of job (KB)
...
006 (9813358.000.000) 05/15 20:39:26 Image size of job updated: 23329028
	22781  -  MemoryUsage of job (MB)
	23327132  -  ResidentSetSize of job (KB)
...
006 (9813358.000.000) 05/15 20:44:26 Image size of job updated: 23391920
	22843  -  MemoryUsage of job (MB)
	23391216  -  ResidentSetSize of job (KB)
...
006 (9813358.000.000) 05/15 20:49:27 Image size of job updated: 23443392
	22894  -  MemoryUsage of job (MB)
	23442920  -  ResidentSetSize of job (KB)
...
006 (9813358.000.000) 05/15 20:54:28 Image size of job updated: 23480840
	22929  -  MemoryUsage of job (MB)
	23478832  -  ResidentSetSize of job (KB)
...
006 (9813358.000.000) 05/15 20:59:28 Image size of job updated: 23533872
	22982  -  MemoryUsage of job (MB)
	23532820  -  ResidentSetSize of job (KB)
...
006 (9813358.000.000) 05/15 21:04:29 Image size of job updated: 23585672
	23033  -  MemoryUsage of job (MB)
	23585180  -  ResidentSetSize of job (KB)
...
006 (9813358.000.000) 05/15 21:09:30 Image size of job updated: 23618604
	23065  -  MemoryUsage of job (MB)
	23618356  -  ResidentSetSize of job (KB)
...
006 (9813358.000.000) 05/15 21:14:30 Image size of job updated: 23680548
	23125  -  MemoryUsage of job (MB)
	23679248  -  ResidentSetSize of job (KB)
...
006 (9813358.000.000) 05/15 21:19:31 Image size of job updated: 23739216
	23183  -  MemoryUsage of job (MB)
	23738792  -  ResidentSetSize of job (KB)
...
006 (9813358.000.000) 05/15 21:24:32 Image size of job updated: 23792972
	23235  -  MemoryUsage of job (MB)
	23792504  -  ResidentSetSize of job (KB)
...
006 (9813358.000.000) 05/15 21:29:32 Image size of job updated: 23840648
	23279  -  MemoryUsage of job (MB)
	23837212  -  ResidentSetSize of job (KB)
...
006 (9813358.000.000) 05/15 21:34:32 Image size of job updated: 23890548
	23329  -  MemoryUsage of job (MB)
	23888552  -  ResidentSetSize of job (KB)
...
006 (9813358.000.000) 05/15 21:39:33 Image size of job updated: 23962400
	23401  -  MemoryUsage of job (MB)
	23962112  -  ResidentSetSize of job (KB)
...
006 (9813358.000.000) 05/15 21:44:33 Image size of job updated: 24007824
	23446  -  MemoryUsage of job (MB)
	24007824  -  ResidentSetSize of job (KB)
...
006 (9813358.000.000) 05/15 21:49:33 Image size of job updated: 24064524
	23498  -  MemoryUsage of job (MB)
	24061220  -  ResidentSetSize of job (KB)
...
006 (9813358.000.000) 05/15 21:54:34 Image size of job updated: 24108296
	23542  -  MemoryUsage of job (MB)
	24106092  -  ResidentSetSize of job (KB)
...
006 (9813358.000.000) 05/15 21:59:35 Image size of job updated: 24184628
	23617  -  MemoryUsage of job (MB)
	24182964  -  ResidentSetSize of job (KB)
...
006 (9813358.000.000) 05/15 22:04:35 Image size of job updated: 24222648
	23655  -  MemoryUsage of job (MB)
	24222396  -  ResidentSetSize of job (KB)
...
006 (9813358.000.000) 05/15 22:09:36 Image size of job updated: 24279900
	23709  -  MemoryUsage of job (MB)
	24277568  -  ResidentSetSize of job (KB)
...
006 (9813358.000.000) 05/15 22:14:37 Image size of job updated: 24328728
	23757  -  MemoryUsage of job (MB)
	24326544  -  ResidentSetSize of job (KB)
...
006 (9813358.000.000) 05/15 22:19:37 Image size of job updated: 24403316
	23831  -  MemoryUsage of job (MB)
	24402836  -  ResidentSetSize of job (KB)
...
006 (9813358.000.000) 05/15 22:24:38 Image size of job updated: 24448008
	23875  -  MemoryUsage of job (MB)
	24447652  -  ResidentSetSize of job (KB)
...
006 (9813358.000.000) 05/15 22:29:39 Image size of job updated: 24488192
	23914  -  MemoryUsage of job (MB)
	24487876  -  ResidentSetSize of job (KB)
...
006 (9813358.000.000) 05/15 22:34:39 Image size of job updated: 24547656
	23971  -  MemoryUsage of job (MB)
	24545628  -  ResidentSetSize of job (KB)
...
006 (9813358.000.000) 05/15 22:39:39 Image size of job updated: 24607084
	24031  -  MemoryUsage of job (MB)
	24606832  -  ResidentSetSize of job (KB)
...
006 (9813358.000.000) 05/15 22:44:40 Image size of job updated: 24647216
	24070  -  MemoryUsage of job (MB)
	24646964  -  ResidentSetSize of job (KB)
...
006 (9813358.000.000) 05/15 22:49:40 Image size of job updated: 24722552
	24143  -  MemoryUsage of job (MB)
	24722304  -  ResidentSetSize of job (KB)
...
006 (9813358.000.000) 05/15 22:54:40 Image size of job updated: 24840140
	24143  -  MemoryUsage of job (MB)
	24722304  -  ResidentSetSize of job (KB)
...
006 (9813358.000.000) 05/15 23:04:42 Image size of job updated: 24840140
	24152  -  MemoryUsage of job (MB)
	24731592  -  ResidentSetSize of job (KB)
...
006 (9813358.000.000) 05/15 23:09:42 Image size of job updated: 24840140
	24206  -  MemoryUsage of job (MB)
	24786264  -  ResidentSetSize of job (KB)
...
006 (9813358.000.000) 05/15 23:14:43 Image size of job updated: 24840140
	24244  -  MemoryUsage of job (MB)
	24825816  -  ResidentSetSize of job (KB)
...
006 (9813358.000.000) 05/15 23:19:44 Image size of job updated: 24881256
	24296  -  MemoryUsage of job (MB)
	24878164  -  ResidentSetSize of job (KB)
...
006 (9813358.000.000) 05/15 23:24:44 Image size of job updated: 24921204
	24338  -  MemoryUsage of job (MB)
	24921204  -  ResidentSetSize of job (KB)
...
006 (9813358.000.000) 05/15 23:29:45 Image size of job updated: 24983188
	24396  -  MemoryUsage of job (MB)
	24980792  -  ResidentSetSize of job (KB)
...
006 (9813358.000.000) 05/15 23:34:46 Image size of job updated: 25029404
	24443  -  MemoryUsage of job (MB)
	25029084  -  ResidentSetSize of job (KB)
...
006 (9813358.000.000) 05/15 23:39:46 Image size of job updated: 25100852
	24511  -  MemoryUsage of job (MB)
	25098492  -  ResidentSetSize of job (KB)
...
