000 (9810694.000.000) 05/14 14:20:37 Job submitted from host: <137.138.156.150:9618?addrs=137.138.156.150-9618+[2001-1458-d00-14--9a]-9618&alias=bigbird13.cern.ch&noUDP&sock=schedd_25162_9e1a>
...
040 (9810694.000.000) 05/14 15:01:11 Started transferring input files
	Transferring to host: <188.185.209.77:9618?addrs=188.185.209.77-9618+[2001-1458-303-11--100-4a]-9618&alias=b9p11p6601.cern.ch&noUDP&sock=slot1_32_11170_067f_70001>
...
040 (9810694.000.000) 05/14 15:01:11 Finished transferring input files
...
001 (9810694.000.000) 05/14 15:01:12 Job executing on host: <188.185.209.77:9618?addrs=188.185.209.77-9618+[2001-1458-303-11--100-4a]-9618&alias=b9p11p6601.cern.ch&noUDP&sock=startd_9807_5d61>
	SlotName: slot1_32@b9p11p6601.cern.ch
	CondorScratchDir = "/pool/condor/dir_1644999"
	Cpus = 1
	Disk = 2772381
	Memory = 2000
...
006 (9810694.000.000) 05/14 15:01:20 Image size of job updated: 96408
	95  -  MemoryUsage of job (MB)
	96292  -  ResidentSetSize of job (KB)
...
006 (9810694.000.000) 05/14 15:06:20 Image size of job updated: 339460
	332  -  MemoryUsage of job (MB)
	339272  -  ResidentSetSize of job (KB)
...
006 (9810694.000.000) 05/14 15:11:21 Image size of job updated: 1685044
	1646  -  MemoryUsage of job (MB)
	1684588  -  ResidentSetSize of job (KB)
...
006 (9810694.000.000) 05/14 15:16:22 Image size of job updated: 2386896
	2329  -  MemoryUsage of job (MB)
	2384448  -  ResidentSetSize of job (KB)
...
006 (9810694.000.000) 05/14 15:21:22 Image size of job updated: 2726708
	2475  -  MemoryUsage of job (MB)
	2533952  -  ResidentSetSize of job (KB)
...
006 (9810694.000.000) 05/14 15:22:57 Image size of job updated: 2726708
	2475  -  MemoryUsage of job (MB)
	2534208  -  ResidentSetSize of job (KB)
...
040 (9810694.000.000) 05/14 15:22:57 Started transferring output files
...
040 (9810694.000.000) 05/14 15:22:58 Finished transferring output files
...
005 (9810694.000.000) 05/14 15:22:58 Job terminated.
	(1) Normal termination (return value 0)
		Usr 0 00:19:53, Sys 0 00:04:37  -  Run Remote Usage
		Usr 0 00:00:00, Sys 0 00:00:00  -  Run Local Usage
		Usr 0 00:19:53, Sys 0 00:04:37  -  Total Remote Usage
		Usr 0 00:00:00, Sys 0 00:00:00  -  Total Local Usage
	3398563  -  Run Bytes Sent By Job
	210  -  Run Bytes Received By Job
	3398563  -  Total Bytes Sent By Job
	210  -  Total Bytes Received By Job
	Partitionable Resources :    Usage  Request Allocated 
	   Cpus                 :     2.49        1         1 
	   Disk (KB)            :  3340           1   2772381 
	   Memory (MB)          :  2475        2000      2000 

	Job terminated of its own accord at 2024-05-14T13:22:57Z with exit-code 0.
...
