000 (9782737.000.000) 05/10 17:26:34 Job submitted from host: <137.138.156.150:9618?addrs=137.138.156.150-9618+[2001-1458-d00-14--9a]-9618&alias=bigbird13.cern.ch&noUDP&sock=schedd_2138_1192>
...
040 (9782737.000.000) 05/10 17:42:51 Started transferring input files
	Transferring to host: <128.142.61.106:9618?addrs=128.142.61.106-9618+[2001-1458-301-23--100-69]-9618&alias=b9s06p4056.cern.ch&noUDP&sock=slot1_9_6018_f9ae_18669>
...
040 (9782737.000.000) 05/10 17:42:51 Finished transferring input files
...
001 (9782737.000.000) 05/10 17:42:52 Job executing on host: <128.142.61.106:9618?addrs=128.142.61.106-9618+[2001-1458-301-23--100-69]-9618&alias=b9s06p4056.cern.ch&noUDP&sock=startd_4846_880a>
...
006 (9782737.000.000) 05/10 17:43:00 Image size of job updated: 58752
	58  -  MemoryUsage of job (MB)
	58752  -  ResidentSetSize of job (KB)
...
006 (9782737.000.000) 05/10 17:48:00 Image size of job updated: 431436
	422  -  MemoryUsage of job (MB)
	431300  -  ResidentSetSize of job (KB)
...
006 (9782737.000.000) 05/10 17:53:01 Image size of job updated: 2051772
	1935  -  MemoryUsage of job (MB)
	1981336  -  ResidentSetSize of job (KB)
...
006 (9782737.000.000) 05/10 17:58:01 Image size of job updated: 2570608
	2474  -  MemoryUsage of job (MB)
	2532976  -  ResidentSetSize of job (KB)
...
006 (9782737.000.000) 05/10 18:03:01 Image size of job updated: 2711756
	2615  -  MemoryUsage of job (MB)
	2677168  -  ResidentSetSize of job (KB)
...
006 (9782737.000.000) 05/10 18:08:02 Image size of job updated: 2891344
	2788  -  MemoryUsage of job (MB)
	2854892  -  ResidentSetSize of job (KB)
...
006 (9782737.000.000) 05/10 18:13:03 Image size of job updated: 3016772
	2905  -  MemoryUsage of job (MB)
	2974552  -  ResidentSetSize of job (KB)
...
006 (9782737.000.000) 05/10 18:15:03 Image size of job updated: 3084992
	2905  -  MemoryUsage of job (MB)
	2974552  -  ResidentSetSize of job (KB)
...
040 (9782737.000.000) 05/10 18:15:03 Started transferring output files
...
040 (9782737.000.000) 05/10 18:15:10 Finished transferring output files
...
005 (9782737.000.000) 05/10 18:15:10 Job terminated.
	(1) Normal termination (return value 0)
		Usr 0 00:40:21, Sys 0 00:10:47  -  Run Remote Usage
		Usr 0 00:00:00, Sys 0 00:00:00  -  Run Local Usage
		Usr 0 00:40:21, Sys 0 00:10:47  -  Total Remote Usage
		Usr 0 00:00:00, Sys 0 00:00:00  -  Total Local Usage
	6678001  -  Run Bytes Sent By Job
	210  -  Run Bytes Received By Job
	6678001  -  Total Bytes Sent By Job
	210  -  Total Bytes Received By Job
	Partitionable Resources :    Usage  Request Allocated 
	   Cpus                 :     2.86        1         1 
	   Disk (KB)            :  6543           1   2862273 
	   Memory (MB)          :  2905        2000      2000 

	Job terminated of its own accord at 2024-05-10T16:15:03Z.
...
