000 (9782141.000.000) 05/10 14:36:03 Job submitted from host: <137.138.156.150:9618?addrs=137.138.156.150-9618+[2001-1458-d00-14--9a]-9618&alias=bigbird13.cern.ch&noUDP&sock=schedd_2138_1192>
...
040 (9782141.000.000) 05/10 14:37:22 Started transferring input files
	Transferring to host: <128.142.33.214:9618?addrs=128.142.33.214-9618+[2001-1458-301-39--100-13]-9618&alias=b9g24p7240.cern.ch&noUDP&sock=slot1_26_5572_ba5c_3153>
...
040 (9782141.000.000) 05/10 14:37:22 Finished transferring input files
...
001 (9782141.000.000) 05/10 14:37:23 Job executing on host: <128.142.33.214:9618?addrs=128.142.33.214-9618+[2001-1458-301-39--100-13]-9618&alias=b9g24p7240.cern.ch&noUDP&sock=startd_4453_f751>
...
006 (9782141.000.000) 05/10 14:37:32 Image size of job updated: 41604
	41  -  MemoryUsage of job (MB)
	41136  -  ResidentSetSize of job (KB)
...
006 (9782141.000.000) 05/10 14:42:33 Image size of job updated: 3031988
	2960  -  MemoryUsage of job (MB)
	3030980  -  ResidentSetSize of job (KB)
...
006 (9782141.000.000) 05/10 14:47:34 Image size of job updated: 7105064
	6937  -  MemoryUsage of job (MB)
	7103032  -  ResidentSetSize of job (KB)
...
006 (9782141.000.000) 05/10 14:52:34 Image size of job updated: 11163544
	10892  -  MemoryUsage of job (MB)
	11153144  -  ResidentSetSize of job (KB)
...
006 (9782141.000.000) 05/10 14:57:35 Image size of job updated: 14550304
	14209  -  MemoryUsage of job (MB)
	14549752  -  ResidentSetSize of job (KB)
...
006 (9782141.000.000) 05/10 15:02:36 Image size of job updated: 17824388
	17405  -  MemoryUsage of job (MB)
	17822516  -  ResidentSetSize of job (KB)
...
006 (9782141.000.000) 05/10 15:07:36 Image size of job updated: 21108636
	20613  -  MemoryUsage of job (MB)
	21107148  -  ResidentSetSize of job (KB)
...
006 (9782141.000.000) 05/10 15:12:36 Image size of job updated: 24305300
	23734  -  MemoryUsage of job (MB)
	24302872  -  ResidentSetSize of job (KB)
...
006 (9782141.000.000) 05/10 15:17:37 Image size of job updated: 26070492
	25155  -  MemoryUsage of job (MB)
	25757780  -  ResidentSetSize of job (KB)
...
006 (9782141.000.000) 05/10 15:22:37 Image size of job updated: 28346856
	27658  -  MemoryUsage of job (MB)
	28321264  -  ResidentSetSize of job (KB)
...
006 (9782141.000.000) 05/10 15:27:37 Image size of job updated: 30239200
	29529  -  MemoryUsage of job (MB)
	30237484  -  ResidentSetSize of job (KB)
...
006 (9782141.000.000) 05/10 15:32:38 Image size of job updated: 31988556
	31238  -  MemoryUsage of job (MB)
	31987040  -  ResidentSetSize of job (KB)
...
006 (9782141.000.000) 05/10 15:37:39 Image size of job updated: 33304680
	32506  -  MemoryUsage of job (MB)
	33285796  -  ResidentSetSize of job (KB)
...
006 (9782141.000.000) 05/10 15:42:39 Image size of job updated: 35097708
	34218  -  MemoryUsage of job (MB)
	35038436  -  ResidentSetSize of job (KB)
...
006 (9782141.000.000) 05/10 15:47:40 Image size of job updated: 38516044
	37613  -  MemoryUsage of job (MB)
	38514924  -  ResidentSetSize of job (KB)
...
006 (9782141.000.000) 05/10 15:52:41 Image size of job updated: 40435296
	38371  -  MemoryUsage of job (MB)
	39291152  -  ResidentSetSize of job (KB)
...
006 (9782141.000.000) 05/10 15:57:41 Image size of job updated: 40435296
	38372  -  MemoryUsage of job (MB)
	39291912  -  ResidentSetSize of job (KB)
...
006 (9782141.000.000) 05/10 17:17:50 Image size of job updated: 42108164
	41054  -  MemoryUsage of job (MB)
	42038888  -  ResidentSetSize of job (KB)
...
006 (9782141.000.000) 05/10 17:22:50 Image size of job updated: 42390408
	41055  -  MemoryUsage of job (MB)
	42039416  -  ResidentSetSize of job (KB)
...
006 (9782141.000.000) 05/10 17:47:53 Image size of job updated: 42741560
	41740  -  MemoryUsage of job (MB)
	42740804  -  ResidentSetSize of job (KB)
...
006 (9782141.000.000) 05/10 17:52:53 Image size of job updated: 46636436
	45543  -  MemoryUsage of job (MB)
	46635784  -  ResidentSetSize of job (KB)
...
006 (9782141.000.000) 05/10 17:57:54 Image size of job updated: 50805008
	49614  -  MemoryUsage of job (MB)
	50804068  -  ResidentSetSize of job (KB)
...
006 (9782141.000.000) 05/10 18:02:55 Image size of job updated: 54666736
	53386  -  MemoryUsage of job (MB)
	54666300  -  ResidentSetSize of job (KB)
...
006 (9782141.000.000) 05/10 18:07:55 Image size of job updated: 58651780
	57276  -  MemoryUsage of job (MB)
	58650188  -  ResidentSetSize of job (KB)
...
006 (9782141.000.000) 05/10 18:12:55 Image size of job updated: 58875568
	57276  -  MemoryUsage of job (MB)
	58650188  -  ResidentSetSize of job (KB)
...
040 (9782141.000.000) 05/10 19:28:38 Started transferring output files
...
040 (9782141.000.000) 05/10 19:28:38 Finished transferring output files
...
005 (9782141.000.000) 05/10 19:28:38 Job terminated.
	(1) Normal termination (return value 1)
		Usr 0 02:31:36, Sys 0 00:44:53  -  Run Remote Usage
		Usr 0 00:00:00, Sys 0 00:00:00  -  Run Local Usage
		Usr 0 02:31:36, Sys 0 00:44:53  -  Total Remote Usage
		Usr 0 00:00:00, Sys 0 00:00:00  -  Total Local Usage
	8080  -  Run Bytes Sent By Job
	217  -  Run Bytes Received By Job
	8080  -  Total Bytes Sent By Job
	217  -  Total Bytes Received By Job
	Partitionable Resources :    Usage  Request Allocated 
	   Cpus                 :     0.99        1         1 
	   Disk (KB)            :    29           1   3035320 
	   Memory (MB)          : 57276        2000      2000 

	Job terminated of its own accord at 2024-05-10T17:28:38Z.
...
