000 (9706255.000.000) 04/30 22:31:52 Job submitted from host: <137.138.156.150:9618?addrs=137.138.156.150-9618+[2001-1458-d00-14--9a]-9618&alias=bigbird13.cern.ch&noUDP&sock=schedd_2138_1192>
...
040 (9706255.000.000) 04/30 22:41:07 Started transferring input files
	Transferring to host: <188.184.160.83:9618?addrs=188.184.160.83-9618+[2001-1458-301-48--100-4d]-9618&alias=b9s09p2056.cern.ch&noUDP&sock=slot1_26_5976_61ec_108725>
...
040 (9706255.000.000) 04/30 22:41:07 Finished transferring input files
...
001 (9706255.000.000) 04/30 22:41:08 Job executing on host: <188.184.160.83:9618?addrs=188.184.160.83-9618+[2001-1458-301-48--100-4d]-9618&alias=b9s09p2056.cern.ch&noUDP&sock=startd_5932_6fe4>
...
006 (9706255.000.000) 04/30 22:41:16 Image size of job updated: 46072
	45  -  MemoryUsage of job (MB)
	45700  -  ResidentSetSize of job (KB)
...
006 (9706255.000.000) 04/30 22:46:16 Image size of job updated: 2824596
	2756  -  MemoryUsage of job (MB)
	2821960  -  ResidentSetSize of job (KB)
...
006 (9706255.000.000) 04/30 22:51:17 Image size of job updated: 6517168
	6363  -  MemoryUsage of job (MB)
	6514976  -  ResidentSetSize of job (KB)
...
006 (9706255.000.000) 04/30 22:56:17 Image size of job updated: 9686596
	9460  -  MemoryUsage of job (MB)
	9686468  -  ResidentSetSize of job (KB)
...
006 (9706255.000.000) 04/30 23:01:17 Image size of job updated: 12916544
	12613  -  MemoryUsage of job (MB)
	12915272  -  ResidentSetSize of job (KB)
...
006 (9706255.000.000) 04/30 23:06:18 Image size of job updated: 16164156
	15784  -  MemoryUsage of job (MB)
	16162440  -  ResidentSetSize of job (KB)
...
006 (9706255.000.000) 04/30 23:11:19 Image size of job updated: 19491288
	19034  -  MemoryUsage of job (MB)
	19490252  -  ResidentSetSize of job (KB)
...
006 (9706255.000.000) 04/30 23:16:19 Image size of job updated: 22740952
	22208  -  MemoryUsage of job (MB)
	22740260  -  ResidentSetSize of job (KB)
...
006 (9706255.000.000) 04/30 23:21:20 Image size of job updated: 25910876
	25297  -  MemoryUsage of job (MB)
	25903408  -  ResidentSetSize of job (KB)
...
006 (9706255.000.000) 04/30 23:26:21 Image size of job updated: 29101476
	28418  -  MemoryUsage of job (MB)
	29099936  -  ResidentSetSize of job (KB)
...
006 (9706255.000.000) 04/30 23:31:21 Image size of job updated: 29466428
	28418  -  MemoryUsage of job (MB)
	29099936  -  ResidentSetSize of job (KB)
...
006 (9706255.000.000) 05/01 00:01:24 Image size of job updated: 29801736
	28418  -  MemoryUsage of job (MB)
	29099936  -  ResidentSetSize of job (KB)
...
006 (9706255.000.000) 05/01 00:46:28 Image size of job updated: 29801736
	29002  -  MemoryUsage of job (MB)
	29697536  -  ResidentSetSize of job (KB)
...
006 (9706255.000.000) 05/01 00:51:29 Image size of job updated: 30515928
	29002  -  MemoryUsage of job (MB)
	29697668  -  ResidentSetSize of job (KB)
...
006 (9706255.000.000) 05/01 00:56:29 Image size of job updated: 30894332
	30157  -  MemoryUsage of job (MB)
	30880164  -  ResidentSetSize of job (KB)
...
006 (9706255.000.000) 05/01 01:01:30 Image size of job updated: 31942772
	31186  -  MemoryUsage of job (MB)
	31934024  -  ResidentSetSize of job (KB)
...
006 (9706255.000.000) 05/01 01:06:31 Image size of job updated: 33074728
	32295  -  MemoryUsage of job (MB)
	33069660  -  ResidentSetSize of job (KB)
...
006 (9706255.000.000) 05/01 01:11:31 Image size of job updated: 34474612
	33644  -  MemoryUsage of job (MB)
	34450872  -  ResidentSetSize of job (KB)
...
006 (9706255.000.000) 05/01 01:16:32 Image size of job updated: 35537464
	34677  -  MemoryUsage of job (MB)
	35508764  -  ResidentSetSize of job (KB)
...
006 (9706255.000.000) 05/01 01:21:33 Image size of job updated: 35776604
	34920  -  MemoryUsage of job (MB)
	35757956  -  ResidentSetSize of job (KB)
...
006 (9706255.000.000) 05/01 01:26:33 Image size of job updated: 36251504
	35401  -  MemoryUsage of job (MB)
	36250304  -  ResidentSetSize of job (KB)
...
006 (9706255.000.000) 05/01 01:31:33 Image size of job updated: 39343164
	38421  -  MemoryUsage of job (MB)
	39342140  -  ResidentSetSize of job (KB)
...
006 (9706255.000.000) 05/01 01:36:34 Image size of job updated: 42174776
	40939  -  MemoryUsage of job (MB)
	41920668  -  ResidentSetSize of job (KB)
...
006 (9706255.000.000) 05/01 01:41:34 Image size of job updated: 42396128
	41402  -  MemoryUsage of job (MB)
	42395336  -  ResidentSetSize of job (KB)
...
006 (9706255.000.000) 05/01 01:46:34 Image size of job updated: 45455608
	44390  -  MemoryUsage of job (MB)
	45455220  -  ResidentSetSize of job (KB)
...
006 (9706255.000.000) 05/01 01:51:35 Image size of job updated: 47592472
	46362  -  MemoryUsage of job (MB)
	47473844  -  ResidentSetSize of job (KB)
...
006 (9706255.000.000) 05/01 01:56:36 Image size of job updated: 48269728
	46362  -  MemoryUsage of job (MB)
	47473860  -  ResidentSetSize of job (KB)
...
006 (9706255.000.000) 05/01 02:41:41 Image size of job updated: 49006092
	47835  -  MemoryUsage of job (MB)
	48982632  -  ResidentSetSize of job (KB)
...
006 (9706255.000.000) 05/01 02:46:41 Image size of job updated: 49022540
	47837  -  MemoryUsage of job (MB)
	48984184  -  ResidentSetSize of job (KB)
...
040 (9706255.000.000) 05/01 04:46:27 Started transferring output files
...
040 (9706255.000.000) 05/01 04:46:27 Finished transferring output files
...
005 (9706255.000.000) 05/01 04:46:27 Job terminated.
	(1) Normal termination (return value 0)
		Usr 0 03:35:39, Sys 0 00:39:24  -  Run Remote Usage
		Usr 0 00:00:00, Sys 0 00:00:00  -  Run Local Usage
		Usr 0 03:35:39, Sys 0 00:39:24  -  Total Remote Usage
		Usr 0 00:00:00, Sys 0 00:00:00  -  Total Local Usage
	7791  -  Run Bytes Sent By Job
	215  -  Run Bytes Received By Job
	7791  -  Total Bytes Sent By Job
	215  -  Total Bytes Received By Job
	Partitionable Resources :    Usage  Request Allocated 
	   Cpus                 :     0.99        1         1 
	   Disk (KB)            :    29           1   2978442 
	   Memory (MB)          : 47837        2000      2000 

	Job terminated of its own accord at 2024-05-01T02:46:27Z.
...
