000 (9706286.000.000) 04/30 22:32:16 Job submitted from host: <137.138.156.150:9618?addrs=137.138.156.150-9618+[2001-1458-d00-14--9a]-9618&alias=bigbird13.cern.ch&noUDP&sock=schedd_2138_1192>
...
040 (9706286.000.000) 04/30 22:41:17 Started transferring input files
	Transferring to host: <188.184.162.16:9618?addrs=188.184.162.16-9618+[2001-1458-301-4a--100-a]-9618&alias=b9s11p2986.cern.ch&noUDP&sock=slot1_15_283130_72b2_81385>
...
040 (9706286.000.000) 04/30 22:41:17 Finished transferring input files
...
001 (9706286.000.000) 04/30 22:41:18 Job executing on host: <188.184.162.16:9618?addrs=188.184.162.16-9618+[2001-1458-301-4a--100-a]-9618&alias=b9s11p2986.cern.ch&noUDP&sock=startd_2100366_f41a>
...
006 (9706286.000.000) 04/30 22:41:27 Image size of job updated: 32328
	32  -  MemoryUsage of job (MB)
	32204  -  ResidentSetSize of job (KB)
...
006 (9706286.000.000) 04/30 22:46:28 Image size of job updated: 2797684
	2730  -  MemoryUsage of job (MB)
	2795112  -  ResidentSetSize of job (KB)
...
006 (9706286.000.000) 04/30 22:51:28 Image size of job updated: 6245580
	6098  -  MemoryUsage of job (MB)
	6243360  -  ResidentSetSize of job (KB)
...
006 (9706286.000.000) 04/30 22:56:28 Image size of job updated: 9595552
	9368  -  MemoryUsage of job (MB)
	9592672  -  ResidentSetSize of job (KB)
...
006 (9706286.000.000) 04/30 23:01:29 Image size of job updated: 13020860
	12714  -  MemoryUsage of job (MB)
	13018816  -  ResidentSetSize of job (KB)
...
006 (9706286.000.000) 04/30 23:06:30 Image size of job updated: 16418272
	16032  -  MemoryUsage of job (MB)
	16415988  -  ResidentSetSize of job (KB)
...
006 (9706286.000.000) 04/30 23:11:30 Image size of job updated: 19892884
	19426  -  MemoryUsage of job (MB)
	19891432  -  ResidentSetSize of job (KB)
...
006 (9706286.000.000) 04/30 23:16:31 Image size of job updated: 23241376
	22695  -  MemoryUsage of job (MB)
	23239064  -  ResidentSetSize of job (KB)
...
006 (9706286.000.000) 04/30 23:21:32 Image size of job updated: 26646016
	26021  -  MemoryUsage of job (MB)
	26645360  -  ResidentSetSize of job (KB)
...
006 (9706286.000.000) 04/30 23:26:32 Image size of job updated: 29148640
	26021  -  MemoryUsage of job (MB)
	26645360  -  ResidentSetSize of job (KB)
...
006 (9706286.000.000) 04/30 23:41:33 Image size of job updated: 29893436
	29191  -  MemoryUsage of job (MB)
	29891404  -  ResidentSetSize of job (KB)
...
006 (9706286.000.000) 04/30 23:46:33 Image size of job updated: 33445240
	32660  -  MemoryUsage of job (MB)
	33443696  -  ResidentSetSize of job (KB)
...
006 (9706286.000.000) 04/30 23:51:34 Image size of job updated: 36691004
	35829  -  MemoryUsage of job (MB)
	36687944  -  ResidentSetSize of job (KB)
...
006 (9706286.000.000) 04/30 23:56:35 Image size of job updated: 37453428
	35829  -  MemoryUsage of job (MB)
	36687944  -  ResidentSetSize of job (KB)
...
006 (9706286.000.000) 05/01 00:36:39 Image size of job updated: 37700152
	36478  -  MemoryUsage of job (MB)
	37353084  -  ResidentSetSize of job (KB)
...
006 (9706286.000.000) 05/01 00:41:40 Image size of job updated: 37982700
	36523  -  MemoryUsage of job (MB)
	37398848  -  ResidentSetSize of job (KB)
...
006 (9706286.000.000) 05/01 00:46:41 Image size of job updated: 39369212
	38148  -  MemoryUsage of job (MB)
	39063516  -  ResidentSetSize of job (KB)
...
006 (9706286.000.000) 05/01 00:51:41 Image size of job updated: 42380520
	41387  -  MemoryUsage of job (MB)
	42379664  -  ResidentSetSize of job (KB)
...
006 (9706286.000.000) 05/01 00:56:41 Image size of job updated: 45606892
	44536  -  MemoryUsage of job (MB)
	45604584  -  ResidentSetSize of job (KB)
...
006 (9706286.000.000) 05/01 01:01:42 Image size of job updated: 49082556
	47931  -  MemoryUsage of job (MB)
	49081224  -  ResidentSetSize of job (KB)
...
006 (9706286.000.000) 05/01 01:06:43 Image size of job updated: 52856300
	51527  -  MemoryUsage of job (MB)
	52763308  -  ResidentSetSize of job (KB)
...
006 (9706286.000.000) 05/01 01:11:43 Image size of job updated: 54255344
	52886  -  MemoryUsage of job (MB)
	54154636  -  ResidentSetSize of job (KB)
...
006 (9706286.000.000) 05/01 01:16:44 Image size of job updated: 55370248
	54071  -  MemoryUsage of job (MB)
	55368060  -  ResidentSetSize of job (KB)
...
006 (9706286.000.000) 05/01 01:21:45 Image size of job updated: 56667564
	55260  -  MemoryUsage of job (MB)
	56585348  -  ResidentSetSize of job (KB)
...
006 (9706286.000.000) 05/01 01:26:45 Image size of job updated: 58942744
	57561  -  MemoryUsage of job (MB)
	58942236  -  ResidentSetSize of job (KB)
...
006 (9706286.000.000) 05/01 01:31:45 Image size of job updated: 62528300
	61062  -  MemoryUsage of job (MB)
	62527144  -  ResidentSetSize of job (KB)
...
006 (9706286.000.000) 05/01 01:36:47 Image size of job updated: 65951916
	64406  -  MemoryUsage of job (MB)
	65950960  -  ResidentSetSize of job (KB)
...
006 (9706286.000.000) 05/01 01:41:47 Image size of job updated: 65994072
	64406  -  MemoryUsage of job (MB)
	65951468  -  ResidentSetSize of job (KB)
...
006 (9706286.000.000) 05/01 02:46:54 Image size of job updated: 66629224
	64890  -  MemoryUsage of job (MB)
	66446620  -  ResidentSetSize of job (KB)
...
040 (9706286.000.000) 05/01 03:31:47 Started transferring output files
...
040 (9706286.000.000) 05/01 03:31:47 Finished transferring output files
...
005 (9706286.000.000) 05/01 03:31:47 Job terminated.
	(1) Normal termination (return value 0)
		Usr 0 03:15:06, Sys 0 00:38:55  -  Run Remote Usage
		Usr 0 00:00:00, Sys 0 00:00:00  -  Run Local Usage
		Usr 0 03:15:06, Sys 0 00:38:55  -  Total Remote Usage
		Usr 0 00:00:00, Sys 0 00:00:00  -  Total Local Usage
	8608  -  Run Bytes Sent By Job
	215  -  Run Bytes Received By Job
	8608  -  Total Bytes Sent By Job
	215  -  Total Bytes Received By Job
	Partitionable Resources :    Usage  Request Allocated 
	   Cpus                 :     0.99        1         1 
	   Disk (KB)            :    30           1   2979433 
	   Memory (MB)          : 64890        2000      2000 

	Job terminated of its own accord at 2024-05-01T01:31:47Z.
...
