000 (9785431.000.000) 05/11 17:11:03 Job submitted from host: <137.138.156.150:9618?addrs=137.138.156.150-9618+[2001-1458-d00-14--9a]-9618&alias=bigbird13.cern.ch&noUDP&sock=schedd_2138_1192>
...
040 (9785431.000.000) 05/11 17:13:46 Started transferring input files
	Transferring to host: <188.185.207.16:9618?addrs=188.185.207.16-9618+[2001-1458-303-d--100-d]-9618&alias=b9p07p2769.cern.ch&noUDP&sock=slot1_6_6943_b8b3_64906>
...
040 (9785431.000.000) 05/11 17:13:46 Finished transferring input files
...
001 (9785431.000.000) 05/11 17:13:47 Job executing on host: <188.185.207.16:9618?addrs=188.185.207.16-9618+[2001-1458-303-d--100-d]-9618&alias=b9p07p2769.cern.ch&noUDP&sock=startd_5606_d404>
...
006 (9785431.000.000) 05/11 17:13:55 Image size of job updated: 46652
	46  -  MemoryUsage of job (MB)
	46272  -  ResidentSetSize of job (KB)
...
006 (9785431.000.000) 05/11 17:14:56 Image size of job updated: 224660
	87  -  MemoryUsage of job (MB)
	88636  -  ResidentSetSize of job (KB)
...
040 (9785431.000.000) 05/11 17:14:56 Started transferring output files
...
040 (9785431.000.000) 05/11 17:14:56 Finished transferring output files
...
005 (9785431.000.000) 05/11 17:14:56 Job terminated.
	(1) Normal termination (return value 1)
		Usr 0 00:00:02, Sys 0 00:00:01  -  Run Remote Usage
		Usr 0 00:00:00, Sys 0 00:00:00  -  Run Local Usage
		Usr 0 00:00:02, Sys 0 00:00:01  -  Total Remote Usage
		Usr 0 00:00:00, Sys 0 00:00:00  -  Total Local Usage
	10572  -  Run Bytes Sent By Job
	215  -  Run Bytes Received By Job
	10572  -  Total Bytes Sent By Job
	215  -  Total Bytes Received By Job
	Partitionable Resources :    Usage  Request Allocated 
	   Cpus                 :        0        1         1 
	   Disk (KB)            :       32        1   2728609 
	   Memory (MB)          :       87     2000      2000 

	Job terminated of its own accord at 2024-05-11T15:14:56Z.
...
