000 (9782150.000.000) 05/10 14:36:18 Job submitted from host: <137.138.156.150:9618?addrs=137.138.156.150-9618+[2001-1458-d00-14--9a]-9618&alias=bigbird13.cern.ch&noUDP&sock=schedd_2138_1192>
...
040 (9782150.000.000) 05/10 14:37:24 Started transferring input files
	Transferring to host: <128.142.196.38:9618?addrs=128.142.196.38-9618+[2001-1458-301-3c--100-24]-9618&alias=b9g32p1957.cern.ch&noUDP&sock=slot1_21_1132334_7d17_76511>
...
040 (9782150.000.000) 05/10 14:37:24 Finished transferring input files
...
001 (9782150.000.000) 05/10 14:37:25 Job executing on host: <128.142.196.38:9618?addrs=128.142.196.38-9618+[2001-1458-301-3c--100-24]-9618&alias=b9g32p1957.cern.ch&noUDP&sock=startd_2512_99fe>
...
006 (9782150.000.000) 05/10 14:37:34 Image size of job updated: 53892
	53  -  MemoryUsage of job (MB)
	53892  -  ResidentSetSize of job (KB)
...
006 (9782150.000.000) 05/10 14:42:35 Image size of job updated: 2861980
	2794  -  MemoryUsage of job (MB)
	2860468  -  ResidentSetSize of job (KB)
...
006 (9782150.000.000) 05/10 14:47:35 Image size of job updated: 5589584
	5458  -  MemoryUsage of job (MB)
	5588164  -  ResidentSetSize of job (KB)
...
006 (9782150.000.000) 05/10 14:52:35 Image size of job updated: 8492896
	8294  -  MemoryUsage of job (MB)
	8492896  -  ResidentSetSize of job (KB)
...
006 (9782150.000.000) 05/10 14:57:36 Image size of job updated: 9898444
	9666  -  MemoryUsage of job (MB)
	9897400  -  ResidentSetSize of job (KB)
...
006 (9782150.000.000) 05/10 15:02:36 Image size of job updated: 11984548
	11703  -  MemoryUsage of job (MB)
	11983540  -  ResidentSetSize of job (KB)
...
006 (9782150.000.000) 05/10 15:07:36 Image size of job updated: 13016676
	12710  -  MemoryUsage of job (MB)
	13014412  -  ResidentSetSize of job (KB)
...
006 (9782150.000.000) 05/10 15:12:37 Image size of job updated: 16737256
	16343  -  MemoryUsage of job (MB)
	16735172  -  ResidentSetSize of job (KB)
...
006 (9782150.000.000) 05/10 15:17:38 Image size of job updated: 20450604
	19971  -  MemoryUsage of job (MB)
	20450108  -  ResidentSetSize of job (KB)
...
006 (9782150.000.000) 05/10 15:22:38 Image size of job updated: 23191960
	22647  -  MemoryUsage of job (MB)
	23190248  -  ResidentSetSize of job (KB)
...
006 (9782150.000.000) 05/10 15:27:39 Image size of job updated: 26024752
	25414  -  MemoryUsage of job (MB)
	26023048  -  ResidentSetSize of job (KB)
...
006 (9782150.000.000) 05/10 15:32:40 Image size of job updated: 27171308
	26440  -  MemoryUsage of job (MB)
	27073896  -  ResidentSetSize of job (KB)
...
006 (9782150.000.000) 05/10 15:37:40 Image size of job updated: 27910684
	26562  -  MemoryUsage of job (MB)
	27198616  -  ResidentSetSize of job (KB)
...
006 (9782150.000.000) 05/10 15:42:40 Image size of job updated: 28293476
	27621  -  MemoryUsage of job (MB)
	28282924  -  ResidentSetSize of job (KB)
...
006 (9782150.000.000) 05/10 15:47:41 Image size of job updated: 28300652
	27622  -  MemoryUsage of job (MB)
	28284212  -  ResidentSetSize of job (KB)
...
006 (9782150.000.000) 05/10 15:52:41 Image size of job updated: 30429748
	29550  -  MemoryUsage of job (MB)
	30259044  -  ResidentSetSize of job (KB)
...
006 (9782150.000.000) 05/10 15:57:41 Image size of job updated: 32327732
	31570  -  MemoryUsage of job (MB)
	32327108  -  ResidentSetSize of job (KB)
...
006 (9782150.000.000) 05/10 16:02:42 Image size of job updated: 32414932
	31570  -  MemoryUsage of job (MB)
	32327108  -  ResidentSetSize of job (KB)
...
006 (9782150.000.000) 05/10 17:12:50 Image size of job updated: 33201380
	32422  -  MemoryUsage of job (MB)
	33199372  -  ResidentSetSize of job (KB)
...
006 (9782150.000.000) 05/10 17:17:50 Image size of job updated: 34451892
	33636  -  MemoryUsage of job (MB)
	34442820  -  ResidentSetSize of job (KB)
...
006 (9782150.000.000) 05/10 17:22:50 Image size of job updated: 36743988
	35883  -  MemoryUsage of job (MB)
	36743600  -  ResidentSetSize of job (KB)
...
006 (9782150.000.000) 05/10 17:27:52 Image size of job updated: 37566352
	35883  -  MemoryUsage of job (MB)
	36743604  -  ResidentSetSize of job (KB)
...
006 (9782150.000.000) 05/10 17:37:52 Image size of job updated: 37566352
	36018  -  MemoryUsage of job (MB)
	36881632  -  ResidentSetSize of job (KB)
...
006 (9782150.000.000) 05/10 17:52:54 Image size of job updated: 38111908
	37217  -  MemoryUsage of job (MB)
	38109768  -  ResidentSetSize of job (KB)
...
006 (9782150.000.000) 05/10 17:57:54 Image size of job updated: 39205272
	37217  -  MemoryUsage of job (MB)
	38109768  -  ResidentSetSize of job (KB)
...
006 (9782150.000.000) 05/10 18:02:55 Image size of job updated: 39476264
	37926  -  MemoryUsage of job (MB)
	38835232  -  ResidentSetSize of job (KB)
...
006 (9782150.000.000) 05/10 18:07:55 Image size of job updated: 41063888
	37926  -  MemoryUsage of job (MB)
	38836124  -  ResidentSetSize of job (KB)
...
040 (9782150.000.000) 05/10 19:35:08 Started transferring output files
...
040 (9782150.000.000) 05/10 19:35:08 Finished transferring output files
...
005 (9782150.000.000) 05/10 19:35:08 Job terminated.
	(1) Normal termination (return value 1)
		Usr 0 02:38:45, Sys 0 00:47:18  -  Run Remote Usage
		Usr 0 00:00:00, Sys 0 00:00:00  -  Run Local Usage
		Usr 0 02:38:45, Sys 0 00:47:18  -  Total Remote Usage
		Usr 0 00:00:00, Sys 0 00:00:00  -  Total Local Usage
	8700  -  Run Bytes Sent By Job
	215  -  Run Bytes Received By Job
	8700  -  Total Bytes Sent By Job
	215  -  Total Bytes Received By Job
	Partitionable Resources :    Usage  Request Allocated 
	   Cpus                 :     0.96        1         1 
	   Disk (KB)            :    29           1   2537489 
	   Memory (MB)          : 37926        2000      2000 

	Job terminated of its own accord at 2024-05-10T17:35:08Z.
...
