000 (9810704.000.000) 05/14 14:20:47 Job submitted from host: <137.138.156.150:9618?addrs=137.138.156.150-9618+[2001-1458-d00-14--9a]-9618&alias=bigbird13.cern.ch&noUDP&sock=schedd_25162_9e1a>
...
040 (9810704.000.000) 05/14 15:01:14 Started transferring input files
	Transferring to host: <188.185.205.39:9618?addrs=188.185.205.39-9618+[2001-1458-303-9--100-9b]-9618&alias=b9p03p7515.cern.ch&noUDP&sock=slot1_27_6969_0a74_79680>
...
040 (9810704.000.000) 05/14 15:01:14 Finished transferring input files
...
001 (9810704.000.000) 05/14 15:01:15 Job executing on host: <188.185.205.39:9618?addrs=188.185.205.39-9618+[2001-1458-303-9--100-9b]-9618&alias=b9p03p7515.cern.ch&noUDP&sock=startd_6864_b628>
	SlotName: slot1_27@b9p03p7515.cern.ch
	CondorScratchDir = "/pool/condor/dir_3406012"
	Cpus = 1
	Disk = 2667588
	Memory = 2000
...
006 (9810704.000.000) 05/14 15:01:24 Image size of job updated: 54232
	53  -  MemoryUsage of job (MB)
	54232  -  ResidentSetSize of job (KB)
...
006 (9810704.000.000) 05/14 15:06:25 Image size of job updated: 310084
	303  -  MemoryUsage of job (MB)
	310052  -  ResidentSetSize of job (KB)
...
006 (9810704.000.000) 05/14 15:11:26 Image size of job updated: 450488
	440  -  MemoryUsage of job (MB)
	450484  -  ResidentSetSize of job (KB)
...
006 (9810704.000.000) 05/14 15:16:26 Image size of job updated: 2279896
	2212  -  MemoryUsage of job (MB)
	2265016  -  ResidentSetSize of job (KB)
...
006 (9810704.000.000) 05/14 15:21:26 Image size of job updated: 2651164
	2412  -  MemoryUsage of job (MB)
	2469364  -  ResidentSetSize of job (KB)
...
006 (9810704.000.000) 05/14 15:24:03 Image size of job updated: 2667748
	2412  -  MemoryUsage of job (MB)
	2469364  -  ResidentSetSize of job (KB)
...
040 (9810704.000.000) 05/14 15:24:03 Started transferring output files
...
040 (9810704.000.000) 05/14 15:24:04 Finished transferring output files
...
005 (9810704.000.000) 05/14 15:24:04 Job terminated.
	(1) Normal termination (return value 0)
		Usr 0 00:21:27, Sys 0 00:05:07  -  Run Remote Usage
		Usr 0 00:00:00, Sys 0 00:00:00  -  Run Local Usage
		Usr 0 00:21:27, Sys 0 00:05:07  -  Total Remote Usage
		Usr 0 00:00:00, Sys 0 00:00:00  -  Total Local Usage
	3522851  -  Run Bytes Sent By Job
	210  -  Run Bytes Received By Job
	3522851  -  Total Bytes Sent By Job
	210  -  Total Bytes Received By Job
	Partitionable Resources :    Usage  Request Allocated 
	   Cpus                 :     2.04        1         1 
	   Disk (KB)            :  3461           1   2667588 
	   Memory (MB)          :  2412        2000      2000 

	Job terminated of its own accord at 2024-05-14T13:24:03Z with exit-code 0.
...
