000 (9782142.000.000) 05/10 14:36:04 Job submitted from host: <137.138.156.150:9618?addrs=137.138.156.150-9618+[2001-1458-d00-14--9a]-9618&alias=bigbird13.cern.ch&noUDP&sock=schedd_2138_1192>
...
040 (9782142.000.000) 05/10 14:37:23 Started transferring input files
	Transferring to host: <128.142.60.38:9618?addrs=128.142.60.38-9618+[2001-1458-301-22--100-25]-9618&alias=b9s05p5730.cern.ch&noUDP&sock=slot1_13_501973_2396_122767>
...
040 (9782142.000.000) 05/10 14:37:23 Finished transferring input files
...
001 (9782142.000.000) 05/10 14:37:24 Job executing on host: <128.142.60.38:9618?addrs=128.142.60.38-9618+[2001-1458-301-22--100-25]-9618&alias=b9s05p5730.cern.ch&noUDP&sock=startd_501933_de13>
...
006 (9782142.000.000) 05/10 14:37:32 Image size of job updated: 50816
	50  -  MemoryUsage of job (MB)
	50564  -  ResidentSetSize of job (KB)
...
006 (9782142.000.000) 05/10 14:42:32 Image size of job updated: 2919152
	2850  -  MemoryUsage of job (MB)
	2918380  -  ResidentSetSize of job (KB)
...
006 (9782142.000.000) 05/10 14:47:33 Image size of job updated: 6871508
	6709  -  MemoryUsage of job (MB)
	6869280  -  ResidentSetSize of job (KB)
...
006 (9782142.000.000) 05/10 14:52:33 Image size of job updated: 10634224
	10384  -  MemoryUsage of job (MB)
	10632484  -  ResidentSetSize of job (KB)
...
006 (9782142.000.000) 05/10 14:57:33 Image size of job updated: 13972212
	13624  -  MemoryUsage of job (MB)
	13950828  -  ResidentSetSize of job (KB)
...
006 (9782142.000.000) 05/10 15:02:34 Image size of job updated: 17200276
	16795  -  MemoryUsage of job (MB)
	17197388  -  ResidentSetSize of job (KB)
...
006 (9782142.000.000) 05/10 15:07:35 Image size of job updated: 20644392
	20160  -  MemoryUsage of job (MB)
	20642872  -  ResidentSetSize of job (KB)
...
006 (9782142.000.000) 05/10 15:12:35 Image size of job updated: 23973700
	23412  -  MemoryUsage of job (MB)
	23973248  -  ResidentSetSize of job (KB)
...
006 (9782142.000.000) 05/10 15:17:36 Image size of job updated: 25732628
	25123  -  MemoryUsage of job (MB)
	25725316  -  ResidentSetSize of job (KB)
...
006 (9782142.000.000) 05/10 15:22:37 Image size of job updated: 28261784
	27600  -  MemoryUsage of job (MB)
	28261692  -  ResidentSetSize of job (KB)
...
006 (9782142.000.000) 05/10 15:27:37 Image size of job updated: 30965484
	30239  -  MemoryUsage of job (MB)
	30964200  -  ResidentSetSize of job (KB)
...
006 (9782142.000.000) 05/10 15:32:37 Image size of job updated: 32970036
	32191  -  MemoryUsage of job (MB)
	32963432  -  ResidentSetSize of job (KB)
...
006 (9782142.000.000) 05/10 15:37:38 Image size of job updated: 35156880
	34321  -  MemoryUsage of job (MB)
	35143920  -  ResidentSetSize of job (KB)
...
006 (9782142.000.000) 05/10 15:42:38 Image size of job updated: 37346540
	34321  -  MemoryUsage of job (MB)
	35143920  -  ResidentSetSize of job (KB)
...
006 (9782142.000.000) 05/10 16:27:43 Image size of job updated: 37346540
	35540  -  MemoryUsage of job (MB)
	36392056  -  ResidentSetSize of job (KB)
...
006 (9782142.000.000) 05/10 16:52:45 Image size of job updated: 38684604
	37264  -  MemoryUsage of job (MB)
	38157736  -  ResidentSetSize of job (KB)
...
006 (9782142.000.000) 05/10 16:57:46 Image size of job updated: 40254300
	38903  -  MemoryUsage of job (MB)
	39836372  -  ResidentSetSize of job (KB)
...
006 (9782142.000.000) 05/10 17:02:47 Image size of job updated: 40329740
	38903  -  MemoryUsage of job (MB)
	39836640  -  ResidentSetSize of job (KB)
...
006 (9782142.000.000) 05/10 17:07:47 Image size of job updated: 41028492
	38976  -  MemoryUsage of job (MB)
	39910612  -  ResidentSetSize of job (KB)
...
006 (9782142.000.000) 05/10 17:27:48 Image size of job updated: 41028492
	39509  -  MemoryUsage of job (MB)
	40456744  -  ResidentSetSize of job (KB)
...
006 (9782142.000.000) 05/10 17:32:49 Image size of job updated: 42983568
	41969  -  MemoryUsage of job (MB)
	42976212  -  ResidentSetSize of job (KB)
...
006 (9782142.000.000) 05/10 17:37:50 Image size of job updated: 44020520
	42988  -  MemoryUsage of job (MB)
	44019368  -  ResidentSetSize of job (KB)
...
006 (9782142.000.000) 05/10 17:42:50 Image size of job updated: 45748616
	44676  -  MemoryUsage of job (MB)
	45747768  -  ResidentSetSize of job (KB)
...
006 (9782142.000.000) 05/10 17:47:50 Image size of job updated: 48511132
	47374  -  MemoryUsage of job (MB)
	48510776  -  ResidentSetSize of job (KB)
...
006 (9782142.000.000) 05/10 17:52:51 Image size of job updated: 50823040
	49632  -  MemoryUsage of job (MB)
	50822828  -  ResidentSetSize of job (KB)
...
006 (9782142.000.000) 05/10 17:57:51 Image size of job updated: 50824336
	49632  -  MemoryUsage of job (MB)
	50822828  -  ResidentSetSize of job (KB)
...
040 (9782142.000.000) 05/10 19:02:17 Started transferring output files
...
040 (9782142.000.000) 05/10 19:02:17 Finished transferring output files
...
005 (9782142.000.000) 05/10 19:02:17 Job terminated.
	(1) Normal termination (return value 1)
		Usr 0 02:19:42, Sys 0 00:45:48  -  Run Remote Usage
		Usr 0 00:00:00, Sys 0 00:00:00  -  Run Local Usage
		Usr 0 02:19:42, Sys 0 00:45:48  -  Total Remote Usage
		Usr 0 00:00:00, Sys 0 00:00:00  -  Total Local Usage
	8868  -  Run Bytes Sent By Job
	215  -  Run Bytes Received By Job
	8868  -  Total Bytes Sent By Job
	215  -  Total Bytes Received By Job
	Partitionable Resources :    Usage  Request Allocated 
	   Cpus                 :     0.99        1         1 
	   Disk (KB)            :    30           1   2991897 
	   Memory (MB)          : 49632        2000      2000 

	Job terminated of its own accord at 2024-05-10T17:02:17Z.
...
