000 (9810917.000.000) 05/14 14:40:15 Job submitted from host: <137.138.156.150:9618?addrs=137.138.156.150-9618+[2001-1458-d00-14--9a]-9618&alias=bigbird13.cern.ch&noUDP&sock=schedd_25162_9e1a>
...
040 (9810917.000.000) 05/14 15:16:50 Started transferring input files
	Transferring to host: <188.185.209.136:9618?addrs=188.185.209.136-9618+[2001-1458-303-12--100-5]-9618&alias=b9p12p6593.cern.ch&noUDP&sock=slot1_16_5541_e2ba_71068>
...
040 (9810917.000.000) 05/14 15:16:50 Finished transferring input files
...
001 (9810917.000.000) 05/14 15:16:51 Job executing on host: <188.185.209.136:9618?addrs=188.185.209.136-9618+[2001-1458-303-12--100-5]-9618&alias=b9p12p6593.cern.ch&noUDP&sock=startd_4584_d239>
	SlotName: slot1_16@b9p12p6593.cern.ch
	CondorScratchDir = "/pool/condor/dir_3351676"
	Cpus = 1
	Disk = 2533851
	Memory = 2000
...
006 (9810917.000.000) 05/14 15:17:00 Image size of job updated: 1317724
	1287  -  MemoryUsage of job (MB)
	1317536  -  ResidentSetSize of job (KB)
...
006 (9810917.000.000) 05/14 15:22:01 Image size of job updated: 2133824
	2079  -  MemoryUsage of job (MB)
	2128888  -  ResidentSetSize of job (KB)
...
006 (9810917.000.000) 05/14 15:27:01 Image size of job updated: 2381432
	2158  -  MemoryUsage of job (MB)
	2209100  -  ResidentSetSize of job (KB)
...
040 (9810917.000.000) 05/14 15:29:38 Entered queue to transfer output files
...
040 (9810917.000.000) 05/14 15:42:06 Started transferring output files
...
040 (9810917.000.000) 05/14 15:42:06 Finished transferring output files
...
005 (9810917.000.000) 05/14 15:42:06 Job terminated.
	(1) Normal termination (return value 0)
		Usr 0 00:21:00, Sys 0 00:05:07  -  Run Remote Usage
		Usr 0 00:00:00, Sys 0 00:00:00  -  Run Local Usage
		Usr 0 00:21:00, Sys 0 00:05:07  -  Total Remote Usage
		Usr 0 00:00:00, Sys 0 00:00:00  -  Total Local Usage
	3496859  -  Run Bytes Sent By Job
	210  -  Run Bytes Received By Job
	3496859  -  Total Bytes Sent By Job
	210  -  Total Bytes Received By Job
	Partitionable Resources :    Usage  Request Allocated 
	   Cpus                 :        0        1         1 
	   Disk (KB)            :     3438        1   2533851 
	   Memory (MB)          :     2158     2000      2000 

	Job terminated of its own accord at 2024-05-14T13:29:33Z with exit-code 0.
...
