000 (9810887.000.000) 05/14 14:40:01 Job submitted from host: <137.138.156.150:9618?addrs=137.138.156.150-9618+[2001-1458-d00-14--9a]-9618&alias=bigbird13.cern.ch&noUDP&sock=schedd_25162_9e1a>
...
040 (9810887.000.000) 05/14 15:03:46 Started transferring input files
	Transferring to host: <128.142.33.218:9618?addrs=128.142.33.218-9618+[2001-1458-301-39--100-17]-9618&alias=b9g24p9845.cern.ch&noUDP&sock=slot1_41_6281_4858_242221>
...
040 (9810887.000.000) 05/14 15:03:46 Finished transferring input files
...
001 (9810887.000.000) 05/14 15:03:47 Job executing on host: <128.142.33.218:9618?addrs=128.142.33.218-9618+[2001-1458-301-39--100-17]-9618&alias=b9g24p9845.cern.ch&noUDP&sock=startd_5977_4da7>
	SlotName: slot1_41@b9g24p9845.cern.ch
	CondorScratchDir = "/pool/condor/dir_1780590"
	Cpus = 1
	Disk = 1698884
	Memory = 2000
...
006 (9810887.000.000) 05/14 15:03:55 Image size of job updated: 9444
	10  -  MemoryUsage of job (MB)
	9444  -  ResidentSetSize of job (KB)
...
006 (9810887.000.000) 05/14 15:08:55 Image size of job updated: 180696
	177  -  MemoryUsage of job (MB)
	180696  -  ResidentSetSize of job (KB)
...
006 (9810887.000.000) 05/14 15:13:55 Image size of job updated: 456924
	447  -  MemoryUsage of job (MB)
	456924  -  ResidentSetSize of job (KB)
...
006 (9810887.000.000) 05/14 15:14:02 Image size of job updated: 456924
	447  -  MemoryUsage of job (MB)
	457072  -  ResidentSetSize of job (KB)
...
040 (9810887.000.000) 05/14 15:14:02 Started transferring output files
...
040 (9810887.000.000) 05/14 15:14:02 Finished transferring output files
...
005 (9810887.000.000) 05/14 15:14:02 Job terminated.
	(1) Normal termination (return value 1)
		Usr 0 00:00:06, Sys 0 00:00:04  -  Run Remote Usage
		Usr 0 00:00:00, Sys 0 00:00:00  -  Run Local Usage
		Usr 0 00:00:06, Sys 0 00:00:04  -  Total Remote Usage
		Usr 0 00:00:00, Sys 0 00:00:00  -  Total Local Usage
	8499  -  Run Bytes Sent By Job
	210  -  Run Bytes Received By Job
	8499  -  Total Bytes Sent By Job
	210  -  Total Bytes Received By Job
	Partitionable Resources :    Usage  Request Allocated 
	   Cpus                 :     0.00        1         1 
	   Disk (KB)            :    32           1   1698884 
	   Memory (MB)          :   447        2000      2000 

	Job terminated of its own accord at 2024-05-14T13:14:02Z with exit-code 1.
...
