000 (9782138.000.000) 05/10 14:36:01 Job submitted from host: <137.138.156.150:9618?addrs=137.138.156.150-9618+[2001-1458-d00-14--9a]-9618&alias=bigbird13.cern.ch&noUDP&sock=schedd_2138_1192>
...
040 (9782138.000.000) 05/10 14:37:21 Started transferring input files
	Transferring to host: <128.142.60.140:9618?addrs=128.142.60.140-9618+[2001-1458-301-22--100-8b]-9618&alias=b9s05p6480.cern.ch&noUDP&sock=slot1_6_38834_d0e4_19802>
...
040 (9782138.000.000) 05/10 14:37:21 Finished transferring input files
...
001 (9782138.000.000) 05/10 14:37:22 Job executing on host: <128.142.60.140:9618?addrs=128.142.60.140-9618+[2001-1458-301-22--100-8b]-9618&alias=b9s05p6480.cern.ch&noUDP&sock=startd_88620_8702>
...
006 (9782138.000.000) 05/10 14:37:31 Image size of job updated: 49912
	49  -  MemoryUsage of job (MB)
	49408  -  ResidentSetSize of job (KB)
...
006 (9782138.000.000) 05/10 14:42:32 Image size of job updated: 3045428
	2972  -  MemoryUsage of job (MB)
	3042868  -  ResidentSetSize of job (KB)
...
006 (9782138.000.000) 05/10 14:47:32 Image size of job updated: 7064068
	6898  -  MemoryUsage of job (MB)
	7063288  -  ResidentSetSize of job (KB)
...
006 (9782138.000.000) 05/10 14:52:33 Image size of job updated: 10506972
	10153  -  MemoryUsage of job (MB)
	10396304  -  ResidentSetSize of job (KB)
...
006 (9782138.000.000) 05/10 14:57:34 Image size of job updated: 14414792
	14075  -  MemoryUsage of job (MB)
	14412000  -  ResidentSetSize of job (KB)
...
006 (9782138.000.000) 05/10 15:02:34 Image size of job updated: 17903836
	17298  -  MemoryUsage of job (MB)
	17713044  -  ResidentSetSize of job (KB)
...
006 (9782138.000.000) 05/10 15:07:34 Image size of job updated: 21451556
	20941  -  MemoryUsage of job (MB)
	21442956  -  ResidentSetSize of job (KB)
...
006 (9782138.000.000) 05/10 15:12:35 Image size of job updated: 25408104
	24812  -  MemoryUsage of job (MB)
	25406876  -  ResidentSetSize of job (KB)
...
006 (9782138.000.000) 05/10 15:17:36 Image size of job updated: 29285232
	28599  -  MemoryUsage of job (MB)
	29284472  -  ResidentSetSize of job (KB)
...
006 (9782138.000.000) 05/10 15:22:36 Image size of job updated: 33227304
	32448  -  MemoryUsage of job (MB)
	33226272  -  ResidentSetSize of job (KB)
...
006 (9782138.000.000) 05/10 15:27:37 Image size of job updated: 37162884
	36292  -  MemoryUsage of job (MB)
	37162144  -  ResidentSetSize of job (KB)
...
006 (9782138.000.000) 05/10 15:32:38 Image size of job updated: 39955108
	39017  -  MemoryUsage of job (MB)
	39953032  -  ResidentSetSize of job (KB)
...
006 (9782138.000.000) 05/10 15:37:38 Image size of job updated: 42148860
	41161  -  MemoryUsage of job (MB)
	42148356  -  ResidentSetSize of job (KB)
...
006 (9782138.000.000) 05/10 15:42:38 Image size of job updated: 43709004
	41161  -  MemoryUsage of job (MB)
	42148356  -  ResidentSetSize of job (KB)
...
006 (9782138.000.000) 05/10 16:27:43 Image size of job updated: 43709004
	41313  -  MemoryUsage of job (MB)
	42303520  -  ResidentSetSize of job (KB)
...
006 (9782138.000.000) 05/10 16:32:43 Image size of job updated: 43709004
	42628  -  MemoryUsage of job (MB)
	43650080  -  ResidentSetSize of job (KB)
...
006 (9782138.000.000) 05/10 16:37:44 Image size of job updated: 44217192
	42829  -  MemoryUsage of job (MB)
	43855940  -  ResidentSetSize of job (KB)
...
006 (9782138.000.000) 05/10 16:42:45 Image size of job updated: 45454196
	44389  -  MemoryUsage of job (MB)
	45453648  -  ResidentSetSize of job (KB)
...
006 (9782138.000.000) 05/10 16:47:45 Image size of job updated: 46819112
	45694  -  MemoryUsage of job (MB)
	46790600  -  ResidentSetSize of job (KB)
...
006 (9782138.000.000) 05/10 16:52:46 Image size of job updated: 49895644
	48726  -  MemoryUsage of job (MB)
	49895124  -  ResidentSetSize of job (KB)
...
006 (9782138.000.000) 05/10 16:57:47 Image size of job updated: 53018720
	51518  -  MemoryUsage of job (MB)
	52754068  -  ResidentSetSize of job (KB)
...
006 (9782138.000.000) 05/10 17:02:47 Image size of job updated: 54578888
	52942  -  MemoryUsage of job (MB)
	54212292  -  ResidentSetSize of job (KB)
...
006 (9782138.000.000) 05/10 17:07:47 Image size of job updated: 55887956
	54437  -  MemoryUsage of job (MB)
	55743172  -  ResidentSetSize of job (KB)
...
006 (9782138.000.000) 05/10 17:12:48 Image size of job updated: 56705836
	55375  -  MemoryUsage of job (MB)
	56703336  -  ResidentSetSize of job (KB)
...
006 (9782138.000.000) 05/10 17:17:48 Image size of job updated: 60141004
	58730  -  MemoryUsage of job (MB)
	60139368  -  ResidentSetSize of job (KB)
...
006 (9782138.000.000) 05/10 17:22:48 Image size of job updated: 62002132
	60549  -  MemoryUsage of job (MB)
	62001640  -  ResidentSetSize of job (KB)
...
006 (9782138.000.000) 05/10 17:27:49 Image size of job updated: 63658984
	61524  -  MemoryUsage of job (MB)
	62999984  -  ResidentSetSize of job (KB)
...
006 (9782138.000.000) 05/10 17:32:50 Image size of job updated: 66096004
	64546  -  MemoryUsage of job (MB)
	66094520  -  ResidentSetSize of job (KB)
...
006 (9782138.000.000) 05/10 17:37:50 Image size of job updated: 69063148
	67443  -  MemoryUsage of job (MB)
	69061356  -  ResidentSetSize of job (KB)
...
006 (9782138.000.000) 05/10 17:42:50 Image size of job updated: 69314924
	67443  -  MemoryUsage of job (MB)
	69061356  -  ResidentSetSize of job (KB)
...
040 (9782138.000.000) 05/10 19:06:25 Started transferring output files
...
040 (9782138.000.000) 05/10 19:06:25 Finished transferring output files
...
005 (9782138.000.000) 05/10 19:06:25 Job terminated.
	(1) Normal termination (return value 1)
		Usr 0 02:33:04, Sys 0 00:45:30  -  Run Remote Usage
		Usr 0 00:00:00, Sys 0 00:00:00  -  Run Local Usage
		Usr 0 02:33:04, Sys 0 00:45:30  -  Total Remote Usage
		Usr 0 00:00:00, Sys 0 00:00:00  -  Total Local Usage
	8472  -  Run Bytes Sent By Job
	217  -  Run Bytes Received By Job
	8472  -  Total Bytes Sent By Job
	217  -  Total Bytes Received By Job
	Partitionable Resources :    Usage  Request Allocated 
	   Cpus                 :     0.99        1         1 
	   Disk (KB)            :    29           1   2865814 
	   Memory (MB)          : 67443        2000      2000 

	Job terminated of its own accord at 2024-05-10T17:06:25Z.
...
