000 (9810837.000.000) 05/14 14:39:35 Job submitted from host: <137.138.156.150:9618?addrs=137.138.156.150-9618+[2001-1458-d00-14--9a]-9618&alias=bigbird13.cern.ch&noUDP&sock=schedd_25162_9e1a>
...
040 (9810837.000.000) 05/14 15:02:25 Started transferring input files
	Transferring to host: <128.142.61.115:9618?addrs=128.142.61.115-9618+[2001-1458-301-23--100-72]-9618&alias=b9s06p6768.cern.ch&noUDP&sock=slot1_23_55413_38a6_126926>
...
040 (9810837.000.000) 05/14 15:02:25 Finished transferring input files
...
001 (9810837.000.000) 05/14 15:02:26 Job executing on host: <128.142.61.115:9618?addrs=128.142.61.115-9618+[2001-1458-301-23--100-72]-9618&alias=b9s06p6768.cern.ch&noUDP&sock=startd_55375_38fb>
	SlotName: slot1_23@b9s06p6768.cern.ch
	CondorScratchDir = "/pool/condor/dir_1560230"
	Cpus = 1
	Disk = 2893297
	Memory = 2000
...
006 (9810837.000.000) 05/14 15:02:34 Image size of job updated: 84300
	83  -  MemoryUsage of job (MB)
	84300  -  ResidentSetSize of job (KB)
...
006 (9810837.000.000) 05/14 15:07:34 Image size of job updated: 373900
	365  -  MemoryUsage of job (MB)
	373324  -  ResidentSetSize of job (KB)
...
006 (9810837.000.000) 05/14 15:12:35 Image size of job updated: 1355296
	1324  -  MemoryUsage of job (MB)
	1355296  -  ResidentSetSize of job (KB)
...
006 (9810837.000.000) 05/14 15:17:35 Image size of job updated: 2282180
	2228  -  MemoryUsage of job (MB)
	2280488  -  ResidentSetSize of job (KB)
...
006 (9810837.000.000) 05/14 15:22:35 Image size of job updated: 2714012
	2649  -  MemoryUsage of job (MB)
	2712168  -  ResidentSetSize of job (KB)
...
006 (9810837.000.000) 05/14 15:25:45 Image size of job updated: 2816588
	2649  -  MemoryUsage of job (MB)
	2712168  -  ResidentSetSize of job (KB)
...
040 (9810837.000.000) 05/14 15:25:45 Started transferring output files
...
040 (9810837.000.000) 05/14 15:25:46 Finished transferring output files
...
005 (9810837.000.000) 05/14 15:25:46 Job terminated.
	(1) Normal termination (return value 0)
		Usr 0 00:22:25, Sys 0 00:06:35  -  Run Remote Usage
		Usr 0 00:00:00, Sys 0 00:00:00  -  Run Local Usage
		Usr 0 00:22:25, Sys 0 00:06:35  -  Total Remote Usage
		Usr 0 00:00:00, Sys 0 00:00:00  -  Total Local Usage
	3818819  -  Run Bytes Sent By Job
	212  -  Run Bytes Received By Job
	3818819  -  Total Bytes Sent By Job
	212  -  Total Bytes Received By Job
	Partitionable Resources :    Usage  Request Allocated 
	   Cpus                 :     2.92        1         1 
	   Disk (KB)            :  3751           1   2893297 
	   Memory (MB)          :  2649        2000      2000 

	Job terminated of its own accord at 2024-05-14T13:25:45Z with exit-code 0.
...
