000 (9782178.000.000) 05/10 14:36:47 Job submitted from host: <137.138.156.150:9618?addrs=137.138.156.150-9618+[2001-1458-d00-14--9a]-9618&alias=bigbird13.cern.ch&noUDP&sock=schedd_2138_1192>
...
040 (9782178.000.000) 05/10 14:37:34 Started transferring input files
	Transferring to host: <128.142.62.171:9618?addrs=128.142.62.171-9618+[2001-1458-301-37--100-aa]-9618&alias=b9s07p1453.cern.ch&noUDP&sock=slot1_14_4353_d50a_94086>
...
040 (9782178.000.000) 05/10 14:37:34 Finished transferring input files
...
001 (9782178.000.000) 05/10 14:37:35 Job executing on host: <128.142.62.171:9618?addrs=128.142.62.171-9618+[2001-1458-301-37--100-aa]-9618&alias=b9s07p1453.cern.ch&noUDP&sock=startd_3627_6617>
...
006 (9782178.000.000) 05/10 14:37:44 Image size of job updated: 27220
	27  -  MemoryUsage of job (MB)
	27220  -  ResidentSetSize of job (KB)
...
006 (9782178.000.000) 05/10 14:42:45 Image size of job updated: 3273240
	3197  -  MemoryUsage of job (MB)
	3273240  -  ResidentSetSize of job (KB)
...
006 (9782178.000.000) 05/10 14:47:46 Image size of job updated: 7523020
	7346  -  MemoryUsage of job (MB)
	7522084  -  ResidentSetSize of job (KB)
...
006 (9782178.000.000) 05/10 14:52:46 Image size of job updated: 11820908
	11542  -  MemoryUsage of job (MB)
	11818832  -  ResidentSetSize of job (KB)
...
006 (9782178.000.000) 05/10 14:57:46 Image size of job updated: 15945888
	15564  -  MemoryUsage of job (MB)
	15937320  -  ResidentSetSize of job (KB)
...
006 (9782178.000.000) 05/10 15:02:47 Image size of job updated: 19999644
	19530  -  MemoryUsage of job (MB)
	19998372  -  ResidentSetSize of job (KB)
...
006 (9782178.000.000) 05/10 15:07:47 Image size of job updated: 24065444
	23499  -  MemoryUsage of job (MB)
	24062968  -  ResidentSetSize of job (KB)
...
006 (9782178.000.000) 05/10 15:12:47 Image size of job updated: 28274560
	27610  -  MemoryUsage of job (MB)
	28271968  -  ResidentSetSize of job (KB)
...
006 (9782178.000.000) 05/10 15:17:48 Image size of job updated: 32609852
	31838  -  MemoryUsage of job (MB)
	32601300  -  ResidentSetSize of job (KB)
...
006 (9782178.000.000) 05/10 15:22:49 Image size of job updated: 36786612
	35916  -  MemoryUsage of job (MB)
	36777916  -  ResidentSetSize of job (KB)
...
006 (9782178.000.000) 05/10 15:27:49 Image size of job updated: 41127160
	40162  -  MemoryUsage of job (MB)
	41125132  -  ResidentSetSize of job (KB)
...
006 (9782178.000.000) 05/10 15:32:50 Image size of job updated: 43121948
	41321  -  MemoryUsage of job (MB)
	42312240  -  ResidentSetSize of job (KB)
...
006 (9782178.000.000) 05/10 15:37:51 Image size of job updated: 44892276
	43065  -  MemoryUsage of job (MB)
	44098272  -  ResidentSetSize of job (KB)
...
006 (9782178.000.000) 05/10 16:57:58 Image size of job updated: 45411572
	44347  -  MemoryUsage of job (MB)
	45410468  -  ResidentSetSize of job (KB)
...
006 (9782178.000.000) 05/10 17:02:59 Image size of job updated: 46464888
	45260  -  MemoryUsage of job (MB)
	46345952  -  ResidentSetSize of job (KB)
...
006 (9782178.000.000) 05/10 17:07:59 Image size of job updated: 47787496
	45260  -  MemoryUsage of job (MB)
	46345952  -  ResidentSetSize of job (KB)
...
006 (9782178.000.000) 05/10 17:12:59 Image size of job updated: 47787496
	46147  -  MemoryUsage of job (MB)
	47253544  -  ResidentSetSize of job (KB)
...
006 (9782178.000.000) 05/10 17:18:00 Image size of job updated: 47797300
	46294  -  MemoryUsage of job (MB)
	47404852  -  ResidentSetSize of job (KB)
...
006 (9782178.000.000) 05/10 17:23:01 Image size of job updated: 48986020
	47497  -  MemoryUsage of job (MB)
	48636628  -  ResidentSetSize of job (KB)
...
006 (9782178.000.000) 05/10 17:28:01 Image size of job updated: 51548860
	50339  -  MemoryUsage of job (MB)
	51546812  -  ResidentSetSize of job (KB)
...
006 (9782178.000.000) 05/10 17:33:02 Image size of job updated: 54630380
	53350  -  MemoryUsage of job (MB)
	54629792  -  ResidentSetSize of job (KB)
...
006 (9782178.000.000) 05/10 17:38:03 Image size of job updated: 55381644
	53350  -  MemoryUsage of job (MB)
	54629792  -  ResidentSetSize of job (KB)
...
040 (9782178.000.000) 05/10 19:01:32 Started transferring output files
...
040 (9782178.000.000) 05/10 19:01:32 Finished transferring output files
...
005 (9782178.000.000) 05/10 19:01:32 Job terminated.
	(1) Normal termination (return value 1)
		Usr 0 02:27:55, Sys 0 00:43:15  -  Run Remote Usage
		Usr 0 00:00:00, Sys 0 00:00:00  -  Run Local Usage
		Usr 0 02:27:55, Sys 0 00:43:15  -  Total Remote Usage
		Usr 0 00:00:00, Sys 0 00:00:00  -  Total Local Usage
	10314  -  Run Bytes Sent By Job
	217  -  Run Bytes Received By Job
	10314  -  Total Bytes Sent By Job
	217  -  Total Bytes Received By Job
	Partitionable Resources :    Usage  Request Allocated 
	   Cpus                 :     0.99        1         1 
	   Disk (KB)            :    32           1   2994664 
	   Memory (MB)          : 53350        2000      2000 

	Job terminated of its own accord at 2024-05-10T17:01:32Z.
...
