000 (9785424.000.000) 05/11 17:10:58 Job submitted from host: <137.138.156.150:9618?addrs=137.138.156.150-9618+[2001-1458-d00-14--9a]-9618&alias=bigbird13.cern.ch&noUDP&sock=schedd_2138_1192>
...
040 (9785424.000.000) 05/11 17:13:43 Started transferring input files
	Transferring to host: <128.142.137.160:9618?addrs=128.142.137.160-9618+[2001-1458-301-5e--100-94]-9618&alias=b9g19p9694.cern.ch&noUDP&sock=slot1_45_949396_1e48_91525>
...
040 (9785424.000.000) 05/11 17:13:43 Finished transferring input files
...
001 (9785424.000.000) 05/11 17:13:44 Job executing on host: <128.142.137.160:9618?addrs=128.142.137.160-9618+[2001-1458-301-5e--100-94]-9618&alias=b9g19p9694.cern.ch&noUDP&sock=startd_138068_be12>
...
006 (9785424.000.000) 05/11 17:13:53 Image size of job updated: 45652
	45  -  MemoryUsage of job (MB)
	45652  -  ResidentSetSize of job (KB)
...
006 (9785424.000.000) 05/11 17:18:54 Image size of job updated: 918192
	897  -  MemoryUsage of job (MB)
	918192  -  ResidentSetSize of job (KB)
...
006 (9785424.000.000) 05/11 17:23:55 Image size of job updated: 1721064
	1681  -  MemoryUsage of job (MB)
	1721064  -  ResidentSetSize of job (KB)
...
006 (9785424.000.000) 05/11 17:28:55 Image size of job updated: 2466424
	2409  -  MemoryUsage of job (MB)
	2466424  -  ResidentSetSize of job (KB)
...
006 (9785424.000.000) 05/11 17:33:56 Image size of job updated: 3190372
	3116  -  MemoryUsage of job (MB)
	3190372  -  ResidentSetSize of job (KB)
...
006 (9785424.000.000) 05/11 17:38:57 Image size of job updated: 3994348
	3901  -  MemoryUsage of job (MB)
	3994348  -  ResidentSetSize of job (KB)
...
006 (9785424.000.000) 05/11 17:43:57 Image size of job updated: 4865212
	4752  -  MemoryUsage of job (MB)
	4865212  -  ResidentSetSize of job (KB)
...
006 (9785424.000.000) 05/11 17:48:57 Image size of job updated: 5655940
	5524  -  MemoryUsage of job (MB)
	5655940  -  ResidentSetSize of job (KB)
...
006 (9785424.000.000) 05/11 17:53:58 Image size of job updated: 6451812
	6301  -  MemoryUsage of job (MB)
	6451812  -  ResidentSetSize of job (KB)
...
006 (9785424.000.000) 05/11 17:58:58 Image size of job updated: 6451812
	6301  -  MemoryUsage of job (MB)
	6451816  -  ResidentSetSize of job (KB)
...
006 (9785424.000.000) 05/11 18:24:01 Image size of job updated: 6595940
	6442  -  MemoryUsage of job (MB)
	6595940  -  ResidentSetSize of job (KB)
...
006 (9785424.000.000) 05/11 18:29:02 Image size of job updated: 7416048
	7243  -  MemoryUsage of job (MB)
	7416048  -  ResidentSetSize of job (KB)
...
006 (9785424.000.000) 05/11 18:34:02 Image size of job updated: 8243836
	8051  -  MemoryUsage of job (MB)
	8243836  -  ResidentSetSize of job (KB)
...
006 (9785424.000.000) 05/11 18:39:03 Image size of job updated: 9089076
	8877  -  MemoryUsage of job (MB)
	9089076  -  ResidentSetSize of job (KB)
...
006 (9785424.000.000) 05/11 18:54:04 Image size of job updated: 9773688
	9545  -  MemoryUsage of job (MB)
	9773688  -  ResidentSetSize of job (KB)
...
006 (9785424.000.000) 05/11 18:59:05 Image size of job updated: 10651992
	10403  -  MemoryUsage of job (MB)
	10651992  -  ResidentSetSize of job (KB)
...
006 (9785424.000.000) 05/11 19:14:06 Image size of job updated: 11009056
	10752  -  MemoryUsage of job (MB)
	11009056  -  ResidentSetSize of job (KB)
...
006 (9785424.000.000) 05/11 19:19:07 Image size of job updated: 11928788
	11650  -  MemoryUsage of job (MB)
	11928788  -  ResidentSetSize of job (KB)
...
006 (9785424.000.000) 05/11 19:24:07 Image size of job updated: 12742560
	12444  -  MemoryUsage of job (MB)
	12742560  -  ResidentSetSize of job (KB)
...
006 (9785424.000.000) 05/11 19:29:08 Image size of job updated: 13632876
	13314  -  MemoryUsage of job (MB)
	13632876  -  ResidentSetSize of job (KB)
...
006 (9785424.000.000) 05/11 19:34:09 Image size of job updated: 14299140
	13965  -  MemoryUsage of job (MB)
	14299140  -  ResidentSetSize of job (KB)
...
006 (9785424.000.000) 05/11 20:24:14 Image size of job updated: 14453428
	14115  -  MemoryUsage of job (MB)
	14453428  -  ResidentSetSize of job (KB)
...
006 (9785424.000.000) 05/11 20:29:14 Image size of job updated: 14552616
	14212  -  MemoryUsage of job (MB)
	14552616  -  ResidentSetSize of job (KB)
...
006 (9785424.000.000) 05/11 20:34:15 Image size of job updated: 14773172
	14427  -  MemoryUsage of job (MB)
	14773172  -  ResidentSetSize of job (KB)
...
006 (9785424.000.000) 05/11 20:39:16 Image size of job updated: 15639496
	15273  -  MemoryUsage of job (MB)
	15639496  -  ResidentSetSize of job (KB)
...
006 (9785424.000.000) 05/11 20:54:17 Image size of job updated: 16401016
	16017  -  MemoryUsage of job (MB)
	16401016  -  ResidentSetSize of job (KB)
...
006 (9785424.000.000) 05/11 20:59:17 Image size of job updated: 16458844
	16074  -  MemoryUsage of job (MB)
	16458844  -  ResidentSetSize of job (KB)
...
006 (9785424.000.000) 05/11 21:19:19 Image size of job updated: 16820264
	16427  -  MemoryUsage of job (MB)
	16820264  -  ResidentSetSize of job (KB)
...
040 (9785424.000.000) 05/11 23:55:05 Entered queue to transfer output files
...
040 (9785424.000.000) 05/12 00:07:26 Started transferring output files
...
040 (9785424.000.000) 05/12 00:07:26 Finished transferring output files
...
005 (9785424.000.000) 05/12 00:07:26 Job terminated.
	(1) Normal termination (return value 0)
		Usr 0 03:40:13, Sys 0 00:18:17  -  Run Remote Usage
		Usr 0 00:00:00, Sys 0 00:00:00  -  Run Local Usage
		Usr 0 03:40:13, Sys 0 00:18:17  -  Total Remote Usage
		Usr 0 00:00:00, Sys 0 00:00:00  -  Total Local Usage
	771267  -  Run Bytes Sent By Job
	215  -  Run Bytes Received By Job
	771267  -  Total Bytes Sent By Job
	215  -  Total Bytes Received By Job
	Partitionable Resources :    Usage  Request Allocated 
	   Cpus                 :        0        1         1 
	   Disk (KB)            :      775        1   1738562 
	   Memory (MB)          :    16427     2000      2000 

	Job terminated of its own accord at 2024-05-11T21:55:00Z.
...
