000 (9782172.000.000) 05/10 14:36:43 Job submitted from host: <137.138.156.150:9618?addrs=137.138.156.150-9618+[2001-1458-d00-14--9a]-9618&alias=bigbird13.cern.ch&noUDP&sock=schedd_2138_1192>
...
040 (9782172.000.000) 05/10 14:37:31 Started transferring input files
	Transferring to host: <128.142.60.44:9618?addrs=128.142.60.44-9618+[2001-1458-301-22--100-2b]-9618&alias=b9s05p5888.cern.ch&noUDP&sock=slot1_20_4677_1e97_25507>
...
040 (9782172.000.000) 05/10 14:37:31 Finished transferring input files
...
001 (9782172.000.000) 05/10 14:37:32 Job executing on host: <128.142.60.44:9618?addrs=128.142.60.44-9618+[2001-1458-301-22--100-2b]-9618&alias=b9s05p5888.cern.ch&noUDP&sock=startd_3222_9a3c>
...
006 (9782172.000.000) 05/10 14:37:41 Image size of job updated: 45636
	45  -  MemoryUsage of job (MB)
	45488  -  ResidentSetSize of job (KB)
...
006 (9782172.000.000) 05/10 14:42:42 Image size of job updated: 3227984
	3151  -  MemoryUsage of job (MB)
	3226164  -  ResidentSetSize of job (KB)
...
006 (9782172.000.000) 05/10 14:47:43 Image size of job updated: 7477560
	7294  -  MemoryUsage of job (MB)
	7468832  -  ResidentSetSize of job (KB)
...
006 (9782172.000.000) 05/10 14:52:43 Image size of job updated: 11770216
	11494  -  MemoryUsage of job (MB)
	11769228  -  ResidentSetSize of job (KB)
...
006 (9782172.000.000) 05/10 14:57:44 Image size of job updated: 15928076
	15554  -  MemoryUsage of job (MB)
	15926664  -  ResidentSetSize of job (KB)
...
006 (9782172.000.000) 05/10 15:02:45 Image size of job updated: 20031872
	19560  -  MemoryUsage of job (MB)
	20028968  -  ResidentSetSize of job (KB)
...
006 (9782172.000.000) 05/10 15:07:45 Image size of job updated: 23991288
	23427  -  MemoryUsage of job (MB)
	23988476  -  ResidentSetSize of job (KB)
...
006 (9782172.000.000) 05/10 15:12:45 Image size of job updated: 28135416
	27475  -  MemoryUsage of job (MB)
	28134024  -  ResidentSetSize of job (KB)
...
006 (9782172.000.000) 05/10 15:17:47 Image size of job updated: 32419976
	31658  -  MemoryUsage of job (MB)
	32417660  -  ResidentSetSize of job (KB)
...
006 (9782172.000.000) 05/10 15:22:47 Image size of job updated: 36258644
	35408  -  MemoryUsage of job (MB)
	36256920  -  ResidentSetSize of job (KB)
...
006 (9782172.000.000) 05/10 15:27:47 Image size of job updated: 39531672
	38555  -  MemoryUsage of job (MB)
	39479948  -  ResidentSetSize of job (KB)
...
006 (9782172.000.000) 05/10 15:32:48 Image size of job updated: 41556656
	40342  -  MemoryUsage of job (MB)
	41309212  -  ResidentSetSize of job (KB)
...
006 (9782172.000.000) 05/10 15:37:48 Image size of job updated: 41961004
	40678  -  MemoryUsage of job (MB)
	41653812  -  ResidentSetSize of job (KB)
...
006 (9782172.000.000) 05/10 15:42:48 Image size of job updated: 44258372
	43221  -  MemoryUsage of job (MB)
	44257332  -  ResidentSetSize of job (KB)
...
006 (9782172.000.000) 05/10 15:47:49 Image size of job updated: 46130256
	45047  -  MemoryUsage of job (MB)
	46127944  -  ResidentSetSize of job (KB)
...
006 (9782172.000.000) 05/10 15:52:50 Image size of job updated: 47732440
	45047  -  MemoryUsage of job (MB)
	46127944  -  ResidentSetSize of job (KB)
...
006 (9782172.000.000) 05/10 16:37:53 Image size of job updated: 48196316
	46580  -  MemoryUsage of job (MB)
	47697704  -  ResidentSetSize of job (KB)
...
006 (9782172.000.000) 05/10 16:42:54 Image size of job updated: 48196316
	46580  -  MemoryUsage of job (MB)
	47697824  -  ResidentSetSize of job (KB)
...
006 (9782172.000.000) 05/10 16:47:54 Image size of job updated: 48196316
	46648  -  MemoryUsage of job (MB)
	47766808  -  ResidentSetSize of job (KB)
...
006 (9782172.000.000) 05/10 16:52:54 Image size of job updated: 51353936
	50150  -  MemoryUsage of job (MB)
	51353432  -  ResidentSetSize of job (KB)
...
006 (9782172.000.000) 05/10 16:57:55 Image size of job updated: 55133112
	53834  -  MemoryUsage of job (MB)
	55125300  -  ResidentSetSize of job (KB)
...
006 (9782172.000.000) 05/10 17:02:56 Image size of job updated: 57453448
	56106  -  MemoryUsage of job (MB)
	57451932  -  ResidentSetSize of job (KB)
...
006 (9782172.000.000) 05/10 17:07:56 Image size of job updated: 59122020
	57735  -  MemoryUsage of job (MB)
	59119964  -  ResidentSetSize of job (KB)
...
006 (9782172.000.000) 05/10 17:12:57 Image size of job updated: 61155876
	59194  -  MemoryUsage of job (MB)
	60613704  -  ResidentSetSize of job (KB)
...
006 (9782172.000.000) 05/10 17:17:58 Image size of job updated: 62479892
	60888  -  MemoryUsage of job (MB)
	62348708  -  ResidentSetSize of job (KB)
...
006 (9782172.000.000) 05/10 17:22:58 Image size of job updated: 64521184
	63006  -  MemoryUsage of job (MB)
	64518004  -  ResidentSetSize of job (KB)
...
006 (9782172.000.000) 05/10 17:27:58 Image size of job updated: 66085848
	64537  -  MemoryUsage of job (MB)
	66085304  -  ResidentSetSize of job (KB)
...
006 (9782172.000.000) 05/10 17:32:59 Image size of job updated: 68352088
	65759  -  MemoryUsage of job (MB)
	67337000  -  ResidentSetSize of job (KB)
...
006 (9782172.000.000) 05/10 17:38:00 Image size of job updated: 68882864
	67194  -  MemoryUsage of job (MB)
	68805844  -  ResidentSetSize of job (KB)
...
006 (9782172.000.000) 05/10 17:43:00 Image size of job updated: 68907212
	67194  -  MemoryUsage of job (MB)
	68805844  -  ResidentSetSize of job (KB)
...
040 (9782172.000.000) 05/10 18:49:50 Started transferring output files
...
040 (9782172.000.000) 05/10 18:49:50 Finished transferring output files
...
005 (9782172.000.000) 05/10 18:49:50 Job terminated.
	(1) Normal termination (return value 1)
		Usr 0 02:18:20, Sys 0 00:42:45  -  Run Remote Usage
		Usr 0 00:00:00, Sys 0 00:00:00  -  Run Local Usage
		Usr 0 02:18:20, Sys 0 00:42:45  -  Total Remote Usage
		Usr 0 00:00:00, Sys 0 00:00:00  -  Total Local Usage
	8668  -  Run Bytes Sent By Job
	215  -  Run Bytes Received By Job
	8668  -  Total Bytes Sent By Job
	215  -  Total Bytes Received By Job
	Partitionable Resources :    Usage  Request Allocated 
	   Cpus                 :     0.99        1         1 
	   Disk (KB)            :    30           1   2977381 
	   Memory (MB)          : 67194        2000      2000 

	Job terminated of its own accord at 2024-05-10T16:49:50Z.
...
