000 (9782135.000.000) 05/10 14:35:57 Job submitted from host: <137.138.156.150:9618?addrs=137.138.156.150-9618+[2001-1458-d00-14--9a]-9618&alias=bigbird13.cern.ch&noUDP&sock=schedd_2138_1192>
...
040 (9782135.000.000) 05/10 14:37:20 Started transferring input files
	Transferring to host: <128.142.248.175:9618?addrs=128.142.248.175-9618+[2001-1458-301-73--100-ae]-9618&alias=b9g23p9695.cern.ch&noUDP&sock=slot1_17_127585_ec9d_158548>
...
040 (9782135.000.000) 05/10 14:37:20 Finished transferring input files
...
001 (9782135.000.000) 05/10 14:37:21 Job executing on host: <128.142.248.175:9618?addrs=128.142.248.175-9618+[2001-1458-301-73--100-ae]-9618&alias=b9g23p9695.cern.ch&noUDP&sock=startd_118376_ab1b>
...
006 (9782135.000.000) 05/10 14:37:30 Image size of job updated: 50868
	50  -  MemoryUsage of job (MB)
	50520  -  ResidentSetSize of job (KB)
...
006 (9782135.000.000) 05/10 14:42:31 Image size of job updated: 933768
	911  -  MemoryUsage of job (MB)
	932620  -  ResidentSetSize of job (KB)
...
006 (9782135.000.000) 05/10 14:47:32 Image size of job updated: 2090008
	2037  -  MemoryUsage of job (MB)
	2085316  -  ResidentSetSize of job (KB)
...
006 (9782135.000.000) 05/10 14:52:32 Image size of job updated: 3229668
	3147  -  MemoryUsage of job (MB)
	3222404  -  ResidentSetSize of job (KB)
...
006 (9782135.000.000) 05/10 14:57:33 Image size of job updated: 4325416
	4223  -  MemoryUsage of job (MB)
	4323464  -  ResidentSetSize of job (KB)
...
006 (9782135.000.000) 05/10 15:02:34 Image size of job updated: 5333592
	5207  -  MemoryUsage of job (MB)
	5331312  -  ResidentSetSize of job (KB)
...
006 (9782135.000.000) 05/10 15:07:34 Image size of job updated: 6175220
	6024  -  MemoryUsage of job (MB)
	6168088  -  ResidentSetSize of job (KB)
...
006 (9782135.000.000) 05/10 15:12:34 Image size of job updated: 7124676
	6956  -  MemoryUsage of job (MB)
	7122632  -  ResidentSetSize of job (KB)
...
006 (9782135.000.000) 05/10 15:17:35 Image size of job updated: 7901392
	7711  -  MemoryUsage of job (MB)
	7895424  -  ResidentSetSize of job (KB)
...
006 (9782135.000.000) 05/10 15:22:35 Image size of job updated: 8447812
	8241  -  MemoryUsage of job (MB)
	8438704  -  ResidentSetSize of job (KB)
...
006 (9782135.000.000) 05/10 15:27:35 Image size of job updated: 9444204
	9223  -  MemoryUsage of job (MB)
	9443960  -  ResidentSetSize of job (KB)
...
006 (9782135.000.000) 05/10 15:32:36 Image size of job updated: 10202368
	9958  -  MemoryUsage of job (MB)
	10196616  -  ResidentSetSize of job (KB)
...
006 (9782135.000.000) 05/10 15:37:37 Image size of job updated: 11018344
	10760  -  MemoryUsage of job (MB)
	11017744  -  ResidentSetSize of job (KB)
...
006 (9782135.000.000) 05/10 15:42:37 Image size of job updated: 11642004
	11365  -  MemoryUsage of job (MB)
	11637080  -  ResidentSetSize of job (KB)
...
006 (9782135.000.000) 05/10 15:47:38 Image size of job updated: 12520008
	12222  -  MemoryUsage of job (MB)
	12514524  -  ResidentSetSize of job (KB)
...
006 (9782135.000.000) 05/10 15:52:39 Image size of job updated: 13158076
	12842  -  MemoryUsage of job (MB)
	13149920  -  ResidentSetSize of job (KB)
...
006 (9782135.000.000) 05/10 15:57:39 Image size of job updated: 14245460
	13909  -  MemoryUsage of job (MB)
	14242100  -  ResidentSetSize of job (KB)
...
006 (9782135.000.000) 05/10 16:02:39 Image size of job updated: 15266304
	14890  -  MemoryUsage of job (MB)
	15246556  -  ResidentSetSize of job (KB)
...
006 (9782135.000.000) 05/10 16:07:40 Image size of job updated: 16187812
	15800  -  MemoryUsage of job (MB)
	16178832  -  ResidentSetSize of job (KB)
...
006 (9782135.000.000) 05/10 16:12:40 Image size of job updated: 16312416
	15800  -  MemoryUsage of job (MB)
	16178832  -  ResidentSetSize of job (KB)
...
006 (9782135.000.000) 05/10 17:22:47 Image size of job updated: 16933080
	16477  -  MemoryUsage of job (MB)
	16872124  -  ResidentSetSize of job (KB)
...
006 (9782135.000.000) 05/10 17:27:48 Image size of job updated: 16972416
	16569  -  MemoryUsage of job (MB)
	16966212  -  ResidentSetSize of job (KB)
...
006 (9782135.000.000) 05/10 17:32:49 Image size of job updated: 17201736
	16771  -  MemoryUsage of job (MB)
	17172896  -  ResidentSetSize of job (KB)
...
006 (9782135.000.000) 05/10 17:37:49 Image size of job updated: 17401076
	16928  -  MemoryUsage of job (MB)
	17333704  -  ResidentSetSize of job (KB)
...
006 (9782135.000.000) 05/10 17:42:49 Image size of job updated: 17774092
	17339  -  MemoryUsage of job (MB)
	17754136  -  ResidentSetSize of job (KB)
...
006 (9782135.000.000) 05/10 17:47:50 Image size of job updated: 18051712
	17627  -  MemoryUsage of job (MB)
	18049456  -  ResidentSetSize of job (KB)
...
006 (9782135.000.000) 05/10 17:52:50 Image size of job updated: 18360292
	17925  -  MemoryUsage of job (MB)
	18354932  -  ResidentSetSize of job (KB)
...
006 (9782135.000.000) 05/10 17:57:50 Image size of job updated: 18431312
	17925  -  MemoryUsage of job (MB)
	18355184  -  ResidentSetSize of job (KB)
...
