000 (9810864.000.000) 05/14 14:39:46 Job submitted from host: <137.138.156.150:9618?addrs=137.138.156.150-9618+[2001-1458-d00-14--9a]-9618&alias=bigbird13.cern.ch&noUDP&sock=schedd_25162_9e1a>
...
040 (9810864.000.000) 05/14 15:02:32 Started transferring input files
	Transferring to host: <128.142.62.23:9618?addrs=128.142.62.23-9618+[2001-1458-301-37--100-16]-9618&alias=b9s07p9692.cern.ch&noUDP&sock=slot1_28_4249_8e06_5805>
...
040 (9810864.000.000) 05/14 15:02:32 Finished transferring input files
...
001 (9810864.000.000) 05/14 15:02:33 Job executing on host: <128.142.62.23:9618?addrs=128.142.62.23-9618+[2001-1458-301-37--100-16]-9618&alias=b9s07p9692.cern.ch&noUDP&sock=startd_3492_ccce>
	SlotName: slot1_28@b9s07p9692.cern.ch
	CondorScratchDir = "/pool/condor/dir_3740152"
	Cpus = 1
	Disk = 2875776
	Memory = 2000
...
006 (9810864.000.000) 05/14 15:02:42 Image size of job updated: 44632
	44  -  MemoryUsage of job (MB)
	44632  -  ResidentSetSize of job (KB)
...
006 (9810864.000.000) 05/14 15:07:43 Image size of job updated: 438392
	428  -  MemoryUsage of job (MB)
	438148  -  ResidentSetSize of job (KB)
...
006 (9810864.000.000) 05/14 15:12:44 Image size of job updated: 1911580
	1856  -  MemoryUsage of job (MB)
	1899824  -  ResidentSetSize of job (KB)
...
006 (9810864.000.000) 05/14 15:17:44 Image size of job updated: 2551828
	2490  -  MemoryUsage of job (MB)
	2549280  -  ResidentSetSize of job (KB)
...
006 (9810864.000.000) 05/14 15:22:44 Image size of job updated: 2919260
	2700  -  MemoryUsage of job (MB)
	2763968  -  ResidentSetSize of job (KB)
...
006 (9810864.000.000) 05/14 15:25:07 Image size of job updated: 3008024
	2700  -  MemoryUsage of job (MB)
	2764224  -  ResidentSetSize of job (KB)
...
040 (9810864.000.000) 05/14 15:25:07 Started transferring output files
...
040 (9810864.000.000) 05/14 15:25:07 Finished transferring output files
...
005 (9810864.000.000) 05/14 15:25:07 Job terminated.
	(1) Normal termination (return value 0)
		Usr 0 00:22:57, Sys 0 00:05:49  -  Run Remote Usage
		Usr 0 00:00:00, Sys 0 00:00:00  -  Run Local Usage
		Usr 0 00:22:57, Sys 0 00:05:49  -  Total Remote Usage
		Usr 0 00:00:00, Sys 0 00:00:00  -  Total Local Usage
	3675097  -  Run Bytes Sent By Job
	210  -  Run Bytes Received By Job
	3675097  -  Total Bytes Sent By Job
	210  -  Total Bytes Received By Job
	Partitionable Resources :    Usage  Request Allocated 
	   Cpus                 :     1.24        1         1 
	   Disk (KB)            :  3610           1   2875776 
	   Memory (MB)          :  2700        2000      2000 

	Job terminated of its own accord at 2024-05-14T13:25:07Z with exit-code 0.
...
