000 (9785474.000.000) 05/11 17:11:31 Job submitted from host: <137.138.156.150:9618?addrs=137.138.156.150-9618+[2001-1458-d00-14--9a]-9618&alias=bigbird13.cern.ch&noUDP&sock=schedd_2138_1192>
...
040 (9785474.000.000) 05/11 17:13:58 Started transferring input files
	Transferring to host: <128.142.196.45:9618?addrs=128.142.196.45-9618+[2001-1458-301-3c--100-2b]-9618&alias=b9g32p2185.cern.ch&noUDP&sock=slot1_48_2948_e1f1_14743>
...
040 (9785474.000.000) 05/11 17:13:58 Finished transferring input files
...
001 (9785474.000.000) 05/11 17:13:59 Job executing on host: <128.142.196.45:9618?addrs=128.142.196.45-9618+[2001-1458-301-3c--100-2b]-9618&alias=b9g32p2185.cern.ch&noUDP&sock=startd_2625_1c32>
...
006 (9785474.000.000) 05/11 17:14:08 Image size of job updated: 51324
	50  -  MemoryUsage of job (MB)
	51200  -  ResidentSetSize of job (KB)
...
006 (9785474.000.000) 05/11 17:19:09 Image size of job updated: 733332
	708  -  MemoryUsage of job (MB)
	724360  -  ResidentSetSize of job (KB)
...
006 (9785474.000.000) 05/11 17:24:09 Image size of job updated: 1295256
	1264  -  MemoryUsage of job (MB)
	1294240  -  ResidentSetSize of job (KB)
...
006 (9785474.000.000) 05/11 17:29:09 Image size of job updated: 1926096
	1881  -  MemoryUsage of job (MB)
	1925340  -  ResidentSetSize of job (KB)
...
006 (9785474.000.000) 05/11 17:34:10 Image size of job updated: 2558956
	2498  -  MemoryUsage of job (MB)
	2557444  -  ResidentSetSize of job (KB)
...
006 (9785474.000.000) 05/11 17:39:10 Image size of job updated: 3214424
	3136  -  MemoryUsage of job (MB)
	3210276  -  ResidentSetSize of job (KB)
...
006 (9785474.000.000) 05/11 17:44:10 Image size of job updated: 3879416
	3786  -  MemoryUsage of job (MB)
	3876120  -  ResidentSetSize of job (KB)
...
006 (9785474.000.000) 05/11 17:49:11 Image size of job updated: 4484012
	4378  -  MemoryUsage of job (MB)
	4482724  -  ResidentSetSize of job (KB)
...
006 (9785474.000.000) 05/11 17:54:12 Image size of job updated: 5043500
	4919  -  MemoryUsage of job (MB)
	5036624  -  ResidentSetSize of job (KB)
...
006 (9785474.000.000) 05/11 17:59:12 Image size of job updated: 5558268
	5427  -  MemoryUsage of job (MB)
	5556272  -  ResidentSetSize of job (KB)
...
006 (9785474.000.000) 05/11 18:04:13 Image size of job updated: 5884844
	5740  -  MemoryUsage of job (MB)
	5876920  -  ResidentSetSize of job (KB)
...
006 (9785474.000.000) 05/11 18:09:14 Image size of job updated: 6387048
	6235  -  MemoryUsage of job (MB)
	6384356  -  ResidentSetSize of job (KB)
...
006 (9785474.000.000) 05/11 18:14:14 Image size of job updated: 6922864
	6753  -  MemoryUsage of job (MB)
	6914244  -  ResidentSetSize of job (KB)
...
006 (9785474.000.000) 05/11 18:19:15 Image size of job updated: 7385356
	7212  -  MemoryUsage of job (MB)
	7384404  -  ResidentSetSize of job (KB)
...
006 (9785474.000.000) 05/11 18:24:16 Image size of job updated: 7976652
	7789  -  MemoryUsage of job (MB)
	7975492  -  ResidentSetSize of job (KB)
...
006 (9785474.000.000) 05/11 18:29:16 Image size of job updated: 8536160
	8329  -  MemoryUsage of job (MB)
	8528300  -  ResidentSetSize of job (KB)
...
006 (9785474.000.000) 05/11 18:34:16 Image size of job updated: 9093476
	8880  -  MemoryUsage of job (MB)
	9092684  -  ResidentSetSize of job (KB)
...
006 (9785474.000.000) 05/11 18:39:17 Image size of job updated: 9686304
	9452  -  MemoryUsage of job (MB)
	9678128  -  ResidentSetSize of job (KB)
...
006 (9785474.000.000) 05/11 18:44:17 Image size of job updated: 9912188
	9452  -  MemoryUsage of job (MB)
	9678128  -  ResidentSetSize of job (KB)
...
006 (9785474.000.000) 05/11 19:34:22 Image size of job updated: 10182324
	9937  -  MemoryUsage of job (MB)
	10175456  -  ResidentSetSize of job (KB)
...
006 (9785474.000.000) 05/11 19:39:22 Image size of job updated: 10829700
	10567  -  MemoryUsage of job (MB)
	10820564  -  ResidentSetSize of job (KB)
...
006 (9785474.000.000) 05/11 19:44:24 Image size of job updated: 11469696
	11200  -  MemoryUsage of job (MB)
	11468696  -  ResidentSetSize of job (KB)
...
006 (9785474.000.000) 05/11 19:49:24 Image size of job updated: 12020260
	11735  -  MemoryUsage of job (MB)
	12016376  -  ResidentSetSize of job (KB)
...
006 (9785474.000.000) 05/11 19:54:24 Image size of job updated: 12601236
	12305  -  MemoryUsage of job (MB)
	12600260  -  ResidentSetSize of job (KB)
...
006 (9785474.000.000) 05/11 19:59:25 Image size of job updated: 13181628
	12872  -  MemoryUsage of job (MB)
	13180456  -  ResidentSetSize of job (KB)
...
006 (9785474.000.000) 05/11 20:04:26 Image size of job updated: 13551892
	12872  -  MemoryUsage of job (MB)
	13180456  -  ResidentSetSize of job (KB)
...
006 (9785474.000.000) 05/11 20:09:26 Image size of job updated: 13558876
	13241  -  MemoryUsage of job (MB)
	13558160  -  ResidentSetSize of job (KB)
...
006 (9785474.000.000) 05/11 20:14:27 Image size of job updated: 13645660
	13241  -  MemoryUsage of job (MB)
	13558160  -  ResidentSetSize of job (KB)
...
006 (9785474.000.000) 05/11 21:14:33 Image size of job updated: 14162928
	13831  -  MemoryUsage of job (MB)
	14162136  -  ResidentSetSize of job (KB)
...
006 (9785474.000.000) 05/11 21:19:33 Image size of job updated: 14550080
	13831  -  MemoryUsage of job (MB)
	14162136  -  ResidentSetSize of job (KB)
...
006 (9785474.000.000) 05/11 21:24:34 Image size of job updated: 14636544
	14293  -  MemoryUsage of job (MB)
	14635780  -  ResidentSetSize of job (KB)
...
006 (9785474.000.000) 05/11 21:29:34 Image size of job updated: 15340792
	14973  -  MemoryUsage of job (MB)
	15332284  -  ResidentSetSize of job (KB)
...
006 (9785474.000.000) 05/11 21:34:34 Image size of job updated: 16047896
	15671  -  MemoryUsage of job (MB)
	16046488  -  ResidentSetSize of job (KB)
...
006 (9785474.000.000) 05/11 21:39:35 Image size of job updated: 16796548
	16402  -  MemoryUsage of job (MB)
	16795524  -  ResidentSetSize of job (KB)
...
006 (9785474.000.000) 05/11 21:44:36 Image size of job updated: 17560040
	17148  -  MemoryUsage of job (MB)
	17559028  -  ResidentSetSize of job (KB)
...
006 (9785474.000.000) 05/11 21:49:36 Image size of job updated: 18293352
	17864  -  MemoryUsage of job (MB)
	18292324  -  ResidentSetSize of job (KB)
...
006 (9785474.000.000) 05/11 21:54:37 Image size of job updated: 19028476
	18582  -  MemoryUsage of job (MB)
	19027240  -  ResidentSetSize of job (KB)
...
006 (9785474.000.000) 05/11 21:59:38 Image size of job updated: 19246772
	18795  -  MemoryUsage of job (MB)
	19245220  -  ResidentSetSize of job (KB)
...
006 (9785474.000.000) 05/11 22:04:38 Image size of job updated: 19403992
	18795  -  MemoryUsage of job (MB)
	19245220  -  ResidentSetSize of job (KB)
...
040 (9785474.000.000) 05/11 23:18:15 Started transferring output files
...
040 (9785474.000.000) 05/11 23:18:15 Finished transferring output files
...
005 (9785474.000.000) 05/11 23:18:15 Job terminated.
	(1) Normal termination (return value 0)
		Usr 0 02:24:49, Sys 0 00:25:00  -  Run Remote Usage
		Usr 0 00:00:00, Sys 0 00:00:00  -  Run Local Usage
		Usr 0 02:24:49, Sys 0 00:25:00  -  Total Remote Usage
		Usr 0 00:00:00, Sys 0 00:00:00  -  Total Local Usage
	432778  -  Run Bytes Sent By Job
	217  -  Run Bytes Received By Job
	432778  -  Total Bytes Sent By Job
	217  -  Total Bytes Received By Job
	Partitionable Resources :    Usage  Request Allocated 
	   Cpus                 :     0.99        1         1 
	   Disk (KB)            :   444           1   2952275 
	   Memory (MB)          : 18795        2000      2000 

	Job terminated of its own accord at 2024-05-11T21:18:15Z.
...
