000 (9782169.000.000) 05/10 14:36:41 Job submitted from host: <137.138.156.150:9618?addrs=137.138.156.150-9618+[2001-1458-d00-14--9a]-9618&alias=bigbird13.cern.ch&noUDP&sock=schedd_2138_1192>
...
040 (9782169.000.000) 05/10 14:37:30 Started transferring input files
	Transferring to host: <128.142.62.14:9618?addrs=128.142.62.14-9618+[2001-1458-301-37--100-d]-9618&alias=b9s07p1585.cern.ch&noUDP&sock=slot1_31_8835_ce80_95315>
...
040 (9782169.000.000) 05/10 14:37:30 Finished transferring input files
...
001 (9782169.000.000) 05/10 14:37:31 Job executing on host: <128.142.62.14:9618?addrs=128.142.62.14-9618+[2001-1458-301-37--100-d]-9618&alias=b9s07p1585.cern.ch&noUDP&sock=startd_7544_228e>
...
006 (9782169.000.000) 05/10 14:37:39 Image size of job updated: 51156
	50  -  MemoryUsage of job (MB)
	51156  -  ResidentSetSize of job (KB)
...
006 (9782169.000.000) 05/10 14:42:39 Image size of job updated: 3158224
	3082  -  MemoryUsage of job (MB)
	3155880  -  ResidentSetSize of job (KB)
...
006 (9782169.000.000) 05/10 14:47:40 Image size of job updated: 7368656
	7194  -  MemoryUsage of job (MB)
	7366328  -  ResidentSetSize of job (KB)
...
006 (9782169.000.000) 05/10 14:52:41 Image size of job updated: 11583600
	11304  -  MemoryUsage of job (MB)
	11574292  -  ResidentSetSize of job (KB)
...
006 (9782169.000.000) 05/10 14:57:41 Image size of job updated: 15363940
	15003  -  MemoryUsage of job (MB)
	15362176  -  ResidentSetSize of job (KB)
...
006 (9782169.000.000) 05/10 15:02:41 Image size of job updated: 19308344
	18854  -  MemoryUsage of job (MB)
	19306276  -  ResidentSetSize of job (KB)
...
006 (9782169.000.000) 05/10 15:07:42 Image size of job updated: 22693724
	22157  -  MemoryUsage of job (MB)
	22687776  -  ResidentSetSize of job (KB)
...
006 (9782169.000.000) 05/10 15:12:43 Image size of job updated: 24020752
	22157  -  MemoryUsage of job (MB)
	22687776  -  ResidentSetSize of job (KB)
...
006 (9782169.000.000) 05/10 15:22:44 Image size of job updated: 24623788
	24038  -  MemoryUsage of job (MB)
	24614140  -  ResidentSetSize of job (KB)
...
006 (9782169.000.000) 05/10 15:27:45 Image size of job updated: 26731416
	26105  -  MemoryUsage of job (MB)
	26731240  -  ResidentSetSize of job (KB)
...
006 (9782169.000.000) 05/10 15:32:45 Image size of job updated: 27167652
	26105  -  MemoryUsage of job (MB)
	26731240  -  ResidentSetSize of job (KB)
...
006 (9782169.000.000) 05/10 15:37:45 Image size of job updated: 27746596
	26182  -  MemoryUsage of job (MB)
	26809876  -  ResidentSetSize of job (KB)
...
006 (9782169.000.000) 05/10 15:42:46 Image size of job updated: 27746596
	26183  -  MemoryUsage of job (MB)
	26810624  -  ResidentSetSize of job (KB)
...
006 (9782169.000.000) 05/10 15:47:46 Image size of job updated: 28138920
	27479  -  MemoryUsage of job (MB)
	28137976  -  ResidentSetSize of job (KB)
...
006 (9782169.000.000) 05/10 15:52:46 Image size of job updated: 29625588
	27479  -  MemoryUsage of job (MB)
	28137976  -  ResidentSetSize of job (KB)
...
006 (9782169.000.000) 05/10 16:22:50 Image size of job updated: 29625588
	27996  -  MemoryUsage of job (MB)
	28667256  -  ResidentSetSize of job (KB)
...
006 (9782169.000.000) 05/10 16:27:50 Image size of job updated: 31010992
	29404  -  MemoryUsage of job (MB)
	30109396  -  ResidentSetSize of job (KB)
...
006 (9782169.000.000) 05/10 17:02:54 Image size of job updated: 31010992
	29533  -  MemoryUsage of job (MB)
	30241628  -  ResidentSetSize of job (KB)
...
006 (9782169.000.000) 05/10 17:07:55 Image size of job updated: 33194568
	32416  -  MemoryUsage of job (MB)
	33193148  -  ResidentSetSize of job (KB)
...
006 (9782169.000.000) 05/10 17:12:55 Image size of job updated: 34412108
	32764  -  MemoryUsage of job (MB)
	33549724  -  ResidentSetSize of job (KB)
...
006 (9782169.000.000) 05/10 17:17:55 Image size of job updated: 34412108
	33231  -  MemoryUsage of job (MB)
	34028224  -  ResidentSetSize of job (KB)
...
006 (9782169.000.000) 05/10 17:22:56 Image size of job updated: 36279308
	34599  -  MemoryUsage of job (MB)
	35428832  -  ResidentSetSize of job (KB)
...
006 (9782169.000.000) 05/10 17:32:57 Image size of job updated: 36279308
	34931  -  MemoryUsage of job (MB)
	35768324  -  ResidentSetSize of job (KB)
...
006 (9782169.000.000) 05/10 17:37:58 Image size of job updated: 38495676
	36130  -  MemoryUsage of job (MB)
	36996380  -  ResidentSetSize of job (KB)
...
006 (9782169.000.000) 05/10 17:42:59 Image size of job updated: 40602156
	39643  -  MemoryUsage of job (MB)
	40593504  -  ResidentSetSize of job (KB)
...
006 (9782169.000.000) 05/10 17:47:59 Image size of job updated: 41031168
	39643  -  MemoryUsage of job (MB)
	40593504  -  ResidentSetSize of job (KB)
...
006 (9782169.000.000) 05/10 17:52:59 Image size of job updated: 41398696
	40420  -  MemoryUsage of job (MB)
	41389936  -  ResidentSetSize of job (KB)
...
006 (9782169.000.000) 05/10 17:58:00 Image size of job updated: 45610752
	44536  -  MemoryUsage of job (MB)
	45604024  -  ResidentSetSize of job (KB)
...
006 (9782169.000.000) 05/10 18:03:00 Image size of job updated: 47465224
	45805  -  MemoryUsage of job (MB)
	46903388  -  ResidentSetSize of job (KB)
...
006 (9782169.000.000) 05/10 18:08:01 Image size of job updated: 50796084
	49604  -  MemoryUsage of job (MB)
	50794396  -  ResidentSetSize of job (KB)
...
006 (9782169.000.000) 05/10 18:13:02 Image size of job updated: 50797616
	49604  -  MemoryUsage of job (MB)
	50794396  -  ResidentSetSize of job (KB)
...
040 (9782169.000.000) 05/10 19:37:55 Started transferring output files
...
040 (9782169.000.000) 05/10 19:37:55 Finished transferring output files
...
005 (9782169.000.000) 05/10 19:37:55 Job terminated.
	(1) Normal termination (return value 1)
		Usr 0 02:43:47, Sys 0 00:47:24  -  Run Remote Usage
		Usr 0 00:00:00, Sys 0 00:00:00  -  Run Local Usage
		Usr 0 02:43:47, Sys 0 00:47:24  -  Total Remote Usage
		Usr 0 00:00:00, Sys 0 00:00:00  -  Total Local Usage
	9279  -  Run Bytes Sent By Job
	215  -  Run Bytes Received By Job
	9279  -  Total Bytes Sent By Job
	215  -  Total Bytes Received By Job
	Partitionable Resources :    Usage  Request Allocated 
	   Cpus                 :     0.98        1         1 
	   Disk (KB)            :    31           1   2950227 
	   Memory (MB)          : 49604        2000      2000 

	Job terminated of its own accord at 2024-05-10T17:37:55Z.
...
