000 (9782778.000.000) 05/10 17:27:08 Job submitted from host: <137.138.156.150:9618?addrs=137.138.156.150-9618+[2001-1458-d00-14--9a]-9618&alias=bigbird13.cern.ch&noUDP&sock=schedd_2138_1192>
...
040 (9782778.000.000) 05/10 17:43:04 Started transferring input files
	Transferring to host: <128.142.131.125:9618?addrs=128.142.131.125-9618+[2001-1458-301-59--100-71]-9618&alias=b9g11p9739.cern.ch&noUDP&sock=slot1_6_2936_6d70_35458>
...
040 (9782778.000.000) 05/10 17:43:04 Finished transferring input files
...
001 (9782778.000.000) 05/10 17:43:05 Job executing on host: <128.142.131.125:9618?addrs=128.142.131.125-9618+[2001-1458-301-59--100-71]-9618&alias=b9g11p9739.cern.ch&noUDP&sock=startd_2610_d246>
...
006 (9782778.000.000) 05/10 17:43:13 Image size of job updated: 25648
	26  -  MemoryUsage of job (MB)
	25648  -  ResidentSetSize of job (KB)
...
006 (9782778.000.000) 05/10 17:48:13 Image size of job updated: 413740
	405  -  MemoryUsage of job (MB)
	413740  -  ResidentSetSize of job (KB)
...
006 (9782778.000.000) 05/10 17:53:14 Image size of job updated: 1990060
	1944  -  MemoryUsage of job (MB)
	1990060  -  ResidentSetSize of job (KB)
...
006 (9782778.000.000) 05/10 17:58:14 Image size of job updated: 2481204
	2424  -  MemoryUsage of job (MB)
	2481204  -  ResidentSetSize of job (KB)
...
006 (9782778.000.000) 05/10 18:03:14 Image size of job updated: 2542536
	2483  -  MemoryUsage of job (MB)
	2542536  -  ResidentSetSize of job (KB)
...
006 (9782778.000.000) 05/10 18:08:15 Image size of job updated: 2667744
	2606  -  MemoryUsage of job (MB)
	2667744  -  ResidentSetSize of job (KB)
...
006 (9782778.000.000) 05/10 18:13:15 Image size of job updated: 2793296
	2728  -  MemoryUsage of job (MB)
	2793296  -  ResidentSetSize of job (KB)
...
006 (9782778.000.000) 05/10 18:18:15 Image size of job updated: 2869868
	2803  -  MemoryUsage of job (MB)
	2869868  -  ResidentSetSize of job (KB)
...
006 (9782778.000.000) 05/10 18:23:16 Image size of job updated: 2930008
	2862  -  MemoryUsage of job (MB)
	2930008  -  ResidentSetSize of job (KB)
...
040 (9782778.000.000) 05/10 18:26:27 Started transferring output files
...
040 (9782778.000.000) 05/10 18:26:32 Finished transferring output files
...
005 (9782778.000.000) 05/10 18:26:33 Job terminated.
	(1) Normal termination (return value 0)
		Usr 0 00:53:46, Sys 0 00:08:09  -  Run Remote Usage
		Usr 0 00:00:00, Sys 0 00:00:00  -  Run Local Usage
		Usr 0 00:53:46, Sys 0 00:08:09  -  Total Remote Usage
		Usr 0 00:00:00, Sys 0 00:00:00  -  Total Local Usage
	8964689  -  Run Bytes Sent By Job
	212  -  Run Bytes Received By Job
	8964689  -  Total Bytes Sent By Job
	212  -  Total Bytes Received By Job
	Partitionable Resources :    Usage  Request Allocated 
	   Cpus                 :     0.99        1         1 
	   Disk (KB)            :  8776           1   1742484 
	   Memory (MB)          :  2862        2000      2000 

	Job terminated of its own accord at 2024-05-10T16:26:27Z.
...
