000 (9785441.000.000) 05/11 17:11:09 Job submitted from host: <137.138.156.150:9618?addrs=137.138.156.150-9618+[2001-1458-d00-14--9a]-9618&alias=bigbird13.cern.ch&noUDP&sock=schedd_2138_1192>
...
040 (9785441.000.000) 05/11 17:13:48 Started transferring input files
	Transferring to host: <188.185.204.188:9618?addrs=188.185.204.188-9618+[2001-1458-303-8--100-b0]-9618&alias=b9p02p5267.cern.ch&noUDP&sock=slot1_33_6589_4be5_79360>
...
040 (9785441.000.000) 05/11 17:13:48 Finished transferring input files
...
001 (9785441.000.000) 05/11 17:13:49 Job executing on host: <188.185.204.188:9618?addrs=188.185.204.188-9618+[2001-1458-303-8--100-b0]-9618&alias=b9p02p5267.cern.ch&noUDP&sock=startd_6133_4e6d>
...
006 (9785441.000.000) 05/11 17:13:58 Image size of job updated: 59412
	58  -  MemoryUsage of job (MB)
	58964  -  ResidentSetSize of job (KB)
...
006 (9785441.000.000) 05/11 17:18:59 Image size of job updated: 1433472
	1392  -  MemoryUsage of job (MB)
	1425152  -  ResidentSetSize of job (KB)
...
006 (9785441.000.000) 05/11 17:24:00 Image size of job updated: 3017140
	2938  -  MemoryUsage of job (MB)
	3008416  -  ResidentSetSize of job (KB)
...
006 (9785441.000.000) 05/11 17:29:00 Image size of job updated: 4669272
	4559  -  MemoryUsage of job (MB)
	4668048  -  ResidentSetSize of job (KB)
...
006 (9785441.000.000) 05/11 17:34:01 Image size of job updated: 6358860
	6201  -  MemoryUsage of job (MB)
	6349472  -  ResidentSetSize of job (KB)
...
006 (9785441.000.000) 05/11 17:39:02 Image size of job updated: 7975524
	7787  -  MemoryUsage of job (MB)
	7973184  -  ResidentSetSize of job (KB)
...
006 (9785441.000.000) 05/11 17:44:02 Image size of job updated: 9529604
	9305  -  MemoryUsage of job (MB)
	9527968  -  ResidentSetSize of job (KB)
...
006 (9785441.000.000) 05/11 17:49:03 Image size of job updated: 10911844
	10655  -  MemoryUsage of job (MB)
	10910028  -  ResidentSetSize of job (KB)
...
006 (9785441.000.000) 05/11 17:54:04 Image size of job updated: 12331964
	12035  -  MemoryUsage of job (MB)
	12322864  -  ResidentSetSize of job (KB)
...
006 (9785441.000.000) 05/11 17:59:04 Image size of job updated: 14107856
	13777  -  MemoryUsage of job (MB)
	14107600  -  ResidentSetSize of job (KB)
...
006 (9785441.000.000) 05/11 18:04:04 Image size of job updated: 15599864
	15227  -  MemoryUsage of job (MB)
	15592292  -  ResidentSetSize of job (KB)
...
006 (9785441.000.000) 05/11 18:09:05 Image size of job updated: 17275784
	16866  -  MemoryUsage of job (MB)
	17270384  -  ResidentSetSize of job (KB)
...
006 (9785441.000.000) 05/11 18:14:05 Image size of job updated: 19060456
	18609  -  MemoryUsage of job (MB)
	19055212  -  ResidentSetSize of job (KB)
...
006 (9785441.000.000) 05/11 18:19:05 Image size of job updated: 20580140
	20093  -  MemoryUsage of job (MB)
	20574968  -  ResidentSetSize of job (KB)
...
006 (9785441.000.000) 05/11 18:24:06 Image size of job updated: 22090668
	21567  -  MemoryUsage of job (MB)
	22083824  -  ResidentSetSize of job (KB)
...
006 (9785441.000.000) 05/11 18:29:07 Image size of job updated: 23546480
	22988  -  MemoryUsage of job (MB)
	23539324  -  ResidentSetSize of job (KB)
...
006 (9785441.000.000) 05/11 18:34:07 Image size of job updated: 25096292
	24506  -  MemoryUsage of job (MB)
	25093964  -  ResidentSetSize of job (KB)
...
006 (9785441.000.000) 05/11 18:39:08 Image size of job updated: 27129684
	26492  -  MemoryUsage of job (MB)
	27127788  -  ResidentSetSize of job (KB)
...
006 (9785441.000.000) 05/11 18:44:08 Image size of job updated: 27891000
	26492  -  MemoryUsage of job (MB)
	27127788  -  ResidentSetSize of job (KB)
...
006 (9785441.000.000) 05/11 19:34:13 Image size of job updated: 28424884
	27759  -  MemoryUsage of job (MB)
	28424320  -  ResidentSetSize of job (KB)
...
006 (9785441.000.000) 05/11 19:39:13 Image size of job updated: 30512560
	29791  -  MemoryUsage of job (MB)
	30505608  -  ResidentSetSize of job (KB)
...
006 (9785441.000.000) 05/11 19:44:14 Image size of job updated: 32245984
	31490  -  MemoryUsage of job (MB)
	32245220  -  ResidentSetSize of job (KB)
...
006 (9785441.000.000) 05/11 19:49:15 Image size of job updated: 34092352
	33285  -  MemoryUsage of job (MB)
	34083132  -  ResidentSetSize of job (KB)
...
006 (9785441.000.000) 05/11 19:54:15 Image size of job updated: 35519016
	34685  -  MemoryUsage of job (MB)
	35516688  -  ResidentSetSize of job (KB)
...
006 (9785441.000.000) 05/11 19:59:16 Image size of job updated: 36932268
	36066  -  MemoryUsage of job (MB)
	36931476  -  ResidentSetSize of job (KB)
...
006 (9785441.000.000) 05/11 20:04:17 Image size of job updated: 38076620
	36982  -  MemoryUsage of job (MB)
	37868852  -  ResidentSetSize of job (KB)
...
006 (9785441.000.000) 05/11 20:09:17 Image size of job updated: 38699716
	37793  -  MemoryUsage of job (MB)
	38699540  -  ResidentSetSize of job (KB)
...
006 (9785441.000.000) 05/11 20:14:18 Image size of job updated: 39742208
	38603  -  MemoryUsage of job (MB)
	39528924  -  ResidentSetSize of job (KB)
...
006 (9785441.000.000) 05/11 20:19:19 Image size of job updated: 41164588
	40198  -  MemoryUsage of job (MB)
	41162224  -  ResidentSetSize of job (KB)
...
006 (9785441.000.000) 05/11 20:24:19 Image size of job updated: 42861384
	41857  -  MemoryUsage of job (MB)
	42860588  -  ResidentSetSize of job (KB)
...
006 (9785441.000.000) 05/11 20:29:19 Image size of job updated: 44571760
	43526  -  MemoryUsage of job (MB)
	44569732  -  ResidentSetSize of job (KB)
...
006 (9785441.000.000) 05/11 20:34:20 Image size of job updated: 45830200
	44748  -  MemoryUsage of job (MB)
	45821248  -  ResidentSetSize of job (KB)
...
006 (9785441.000.000) 05/11 20:39:20 Image size of job updated: 47218084
	46108  -  MemoryUsage of job (MB)
	47214040  -  ResidentSetSize of job (KB)
...
006 (9785441.000.000) 05/11 20:44:20 Image size of job updated: 48571156
	47427  -  MemoryUsage of job (MB)
	48565212  -  ResidentSetSize of job (KB)
...
006 (9785441.000.000) 05/11 20:49:21 Image size of job updated: 48999232
	47467  -  MemoryUsage of job (MB)
	48606188  -  ResidentSetSize of job (KB)
...
040 (9785441.000.000) 05/11 22:12:34 Started transferring output files
...
040 (9785441.000.000) 05/11 22:12:34 Finished transferring output files
...
005 (9785441.000.000) 05/11 22:12:34 Job terminated.
	(1) Normal termination (return value 0)
		Usr 0 02:43:32, Sys 0 00:43:32  -  Run Remote Usage
		Usr 0 00:00:00, Sys 0 00:00:00  -  Run Local Usage
		Usr 0 02:43:32, Sys 0 00:43:32  -  Total Remote Usage
		Usr 0 00:00:00, Sys 0 00:00:00  -  Total Local Usage
	7398  -  Run Bytes Sent By Job
	215  -  Run Bytes Received By Job
	7398  -  Total Bytes Sent By Job
	215  -  Total Bytes Received By Job
	Partitionable Resources :    Usage  Request Allocated 
	   Cpus                 :     0.99        1         1 
	   Disk (KB)            :    29           1   2795732 
	   Memory (MB)          : 47467        2000      2000 

	Job terminated of its own accord at 2024-05-11T20:12:34Z.
...
