000 (9782128.000.000) 05/10 14:35:45 Job submitted from host: <137.138.156.150:9618?addrs=137.138.156.150-9618+[2001-1458-d00-14--9a]-9618&alias=bigbird13.cern.ch&noUDP&sock=schedd_2138_1192>
...
040 (9782128.000.000) 05/10 14:37:34 Started transferring input files
	Transferring to host: <128.142.248.175:9618?addrs=128.142.248.175-9618+[2001-1458-301-73--100-ae]-9618&alias=b9g23p9695.cern.ch&noUDP&sock=slot1_38_127585_ec9d_158550>
...
040 (9782128.000.000) 05/10 14:37:34 Finished transferring input files
...
001 (9782128.000.000) 05/10 14:37:35 Job executing on host: <128.142.248.175:9618?addrs=128.142.248.175-9618+[2001-1458-301-73--100-ae]-9618&alias=b9g23p9695.cern.ch&noUDP&sock=startd_118376_ab1b>
...
006 (9782128.000.000) 05/10 14:37:43 Image size of job updated: 38872
	38  -  MemoryUsage of job (MB)
	38868  -  ResidentSetSize of job (KB)
...
006 (9782128.000.000) 05/10 14:42:43 Image size of job updated: 1045736
	1021  -  MemoryUsage of job (MB)
	1045048  -  ResidentSetSize of job (KB)
...
006 (9782128.000.000) 05/10 14:47:44 Image size of job updated: 2176760
	2125  -  MemoryUsage of job (MB)
	2175288  -  ResidentSetSize of job (KB)
...
006 (9782128.000.000) 05/10 14:52:45 Image size of job updated: 3227344
	3144  -  MemoryUsage of job (MB)
	3218436  -  ResidentSetSize of job (KB)
...
006 (9782128.000.000) 05/10 14:57:45 Image size of job updated: 4278740
	4175  -  MemoryUsage of job (MB)
	4274236  -  ResidentSetSize of job (KB)
...
006 (9782128.000.000) 05/10 15:02:46 Image size of job updated: 5252556
	5128  -  MemoryUsage of job (MB)
	5250768  -  ResidentSetSize of job (KB)
...
006 (9782128.000.000) 05/10 15:07:47 Image size of job updated: 6155144
	6009  -  MemoryUsage of job (MB)
	6152808  -  ResidentSetSize of job (KB)
...
006 (9782128.000.000) 05/10 15:12:47 Image size of job updated: 7078776
	6912  -  MemoryUsage of job (MB)
	7077536  -  ResidentSetSize of job (KB)
...
006 (9782128.000.000) 05/10 15:17:47 Image size of job updated: 7913852
	7722  -  MemoryUsage of job (MB)
	7907068  -  ResidentSetSize of job (KB)
...
006 (9782128.000.000) 05/10 15:22:48 Image size of job updated: 8439460
	8241  -  MemoryUsage of job (MB)
	8438696  -  ResidentSetSize of job (KB)
...
006 (9782128.000.000) 05/10 15:27:48 Image size of job updated: 9479364
	9195  -  MemoryUsage of job (MB)
	9415172  -  ResidentSetSize of job (KB)
...
006 (9782128.000.000) 05/10 15:32:48 Image size of job updated: 10426032
	10175  -  MemoryUsage of job (MB)
	10418672  -  ResidentSetSize of job (KB)
...
006 (9782128.000.000) 05/10 15:37:49 Image size of job updated: 11324444
	11051  -  MemoryUsage of job (MB)
	11315936  -  ResidentSetSize of job (KB)
...
006 (9782128.000.000) 05/10 15:42:49 Image size of job updated: 11960940
	11670  -  MemoryUsage of job (MB)
	11949936  -  ResidentSetSize of job (KB)
...
006 (9782128.000.000) 05/10 15:47:49 Image size of job updated: 12798188
	12496  -  MemoryUsage of job (MB)
	12795256  -  ResidentSetSize of job (KB)
...
006 (9782128.000.000) 05/10 15:52:50 Image size of job updated: 13432052
	13114  -  MemoryUsage of job (MB)
	13428456  -  ResidentSetSize of job (KB)
...
006 (9782128.000.000) 05/10 15:57:51 Image size of job updated: 14337728
	14001  -  MemoryUsage of job (MB)
	14337008  -  ResidentSetSize of job (KB)
...
006 (9782128.000.000) 05/10 16:02:51 Image size of job updated: 15291540
	14931  -  MemoryUsage of job (MB)
	15289268  -  ResidentSetSize of job (KB)
...
006 (9782128.000.000) 05/10 16:07:52 Image size of job updated: 16330656
	15947  -  MemoryUsage of job (MB)
	16329680  -  ResidentSetSize of job (KB)
...
006 (9782128.000.000) 05/10 16:12:53 Image size of job updated: 16416784
	15948  -  MemoryUsage of job (MB)
	16330196  -  ResidentSetSize of job (KB)
...
006 (9782128.000.000) 05/10 17:23:01 Image size of job updated: 16902776
	16461  -  MemoryUsage of job (MB)
	16855980  -  ResidentSetSize of job (KB)
...
006 (9782128.000.000) 05/10 17:28:01 Image size of job updated: 16923712
	16519  -  MemoryUsage of job (MB)
	16914756  -  ResidentSetSize of job (KB)
...
006 (9782128.000.000) 05/10 17:33:02 Image size of job updated: 17133812
	16698  -  MemoryUsage of job (MB)
	17097892  -  ResidentSetSize of job (KB)
...
006 (9782128.000.000) 05/10 17:38:03 Image size of job updated: 17292336
	16835  -  MemoryUsage of job (MB)
	17238404  -  ResidentSetSize of job (KB)
...
006 (9782128.000.000) 05/10 17:43:03 Image size of job updated: 17650624
	17229  -  MemoryUsage of job (MB)
	17641820  -  ResidentSetSize of job (KB)
...
