000 (9706261.000.000) 04/30 22:31:57 Job submitted from host: <137.138.156.150:9618?addrs=137.138.156.150-9618+[2001-1458-d00-14--9a]-9618&alias=bigbird13.cern.ch&noUDP&sock=schedd_2138_1192>
...
040 (9706261.000.000) 04/30 22:41:11 Started transferring input files
	Transferring to host: <188.184.160.77:9618?addrs=188.184.160.77-9618+[2001-1458-301-48--100-47]-9618&alias=b9s09p3280.cern.ch&noUDP&sock=slot1_8_363373_e692_114175>
...
040 (9706261.000.000) 04/30 22:41:11 Finished transferring input files
...
001 (9706261.000.000) 04/30 22:41:12 Job executing on host: <188.184.160.77:9618?addrs=188.184.160.77-9618+[2001-1458-301-48--100-47]-9618&alias=b9s09p3280.cern.ch&noUDP&sock=startd_363334_7b4d>
...
006 (9706261.000.000) 04/30 22:41:20 Image size of job updated: 42708
	42  -  MemoryUsage of job (MB)
	42708  -  ResidentSetSize of job (KB)
...
006 (9706261.000.000) 04/30 22:46:20 Image size of job updated: 2899652
	2831  -  MemoryUsage of job (MB)
	2898728  -  ResidentSetSize of job (KB)
...
006 (9706261.000.000) 04/30 22:51:21 Image size of job updated: 6309092
	6158  -  MemoryUsage of job (MB)
	6305732  -  ResidentSetSize of job (KB)
...
006 (9706261.000.000) 04/30 22:56:22 Image size of job updated: 9494724
	9264  -  MemoryUsage of job (MB)
	9485620  -  ResidentSetSize of job (KB)
...
006 (9706261.000.000) 04/30 23:01:22 Image size of job updated: 12878644
	12577  -  MemoryUsage of job (MB)
	12878136  -  ResidentSetSize of job (KB)
...
006 (9706261.000.000) 04/30 23:06:23 Image size of job updated: 15909036
	15537  -  MemoryUsage of job (MB)
	15909036  -  ResidentSetSize of job (KB)
...
006 (9706261.000.000) 04/30 23:11:24 Image size of job updated: 17595812
	17182  -  MemoryUsage of job (MB)
	17593840  -  ResidentSetSize of job (KB)
...
006 (9706261.000.000) 04/30 23:16:24 Image size of job updated: 20048692
	19226  -  MemoryUsage of job (MB)
	19686624  -  ResidentSetSize of job (KB)
...
006 (9706261.000.000) 04/30 23:21:24 Image size of job updated: 22058716
	21498  -  MemoryUsage of job (MB)
	22012960  -  ResidentSetSize of job (KB)
...
006 (9706261.000.000) 04/30 23:26:25 Image size of job updated: 23327548
	22781  -  MemoryUsage of job (MB)
	23326788  -  ResidentSetSize of job (KB)
...
006 (9706261.000.000) 04/30 23:31:25 Image size of job updated: 23417024
	22781  -  MemoryUsage of job (MB)
	23326788  -  ResidentSetSize of job (KB)
...
006 (9706261.000.000) 04/30 23:36:25 Image size of job updated: 23709940
	23154  -  MemoryUsage of job (MB)
	23709284  -  ResidentSetSize of job (KB)
...
006 (9706261.000.000) 04/30 23:41:26 Image size of job updated: 24471416
	23154  -  MemoryUsage of job (MB)
	23709284  -  ResidentSetSize of job (KB)
...
006 (9706261.000.000) 05/01 00:46:33 Image size of job updated: 24471416
	23422  -  MemoryUsage of job (MB)
	23983580  -  ResidentSetSize of job (KB)
...
006 (9706261.000.000) 05/01 00:51:34 Image size of job updated: 25870860
	25195  -  MemoryUsage of job (MB)
	25799672  -  ResidentSetSize of job (KB)
...
006 (9706261.000.000) 05/01 00:56:34 Image size of job updated: 26956516
	26213  -  MemoryUsage of job (MB)
	26841880  -  ResidentSetSize of job (KB)
...
006 (9706261.000.000) 05/01 01:01:35 Image size of job updated: 27169640
	26406  -  MemoryUsage of job (MB)
	27039108  -  ResidentSetSize of job (KB)
...
006 (9706261.000.000) 05/01 01:06:36 Image size of job updated: 27582904
	26406  -  MemoryUsage of job (MB)
	27039108  -  ResidentSetSize of job (KB)
...
006 (9706261.000.000) 05/01 01:11:36 Image size of job updated: 29417660
	28728  -  MemoryUsage of job (MB)
	29416464  -  ResidentSetSize of job (KB)
...
006 (9706261.000.000) 05/01 01:16:36 Image size of job updated: 30302532
	29190  -  MemoryUsage of job (MB)
	29889724  -  ResidentSetSize of job (KB)
...
006 (9706261.000.000) 05/01 01:21:37 Image size of job updated: 32198912
	31443  -  MemoryUsage of job (MB)
	32197576  -  ResidentSetSize of job (KB)
...
006 (9706261.000.000) 05/01 01:26:37 Image size of job updated: 33089308
	31443  -  MemoryUsage of job (MB)
	32197576  -  ResidentSetSize of job (KB)
...
006 (9706261.000.000) 05/01 01:31:37 Image size of job updated: 33334148
	31443  -  MemoryUsage of job (MB)
	32197576  -  ResidentSetSize of job (KB)
...
006 (9706261.000.000) 05/01 01:41:39 Image size of job updated: 33334148
	32529  -  MemoryUsage of job (MB)
	33309424  -  ResidentSetSize of job (KB)
...
006 (9706261.000.000) 05/01 01:46:39 Image size of job updated: 36348880
	35489  -  MemoryUsage of job (MB)
	36339868  -  ResidentSetSize of job (KB)
...
006 (9706261.000.000) 05/01 01:51:40 Image size of job updated: 36608088
	35489  -  MemoryUsage of job (MB)
	36339868  -  ResidentSetSize of job (KB)
...
006 (9706261.000.000) 05/01 01:56:41 Image size of job updated: 37440372
	36563  -  MemoryUsage of job (MB)
	37439588  -  ResidentSetSize of job (KB)
...
006 (9706261.000.000) 05/01 02:01:41 Image size of job updated: 38100344
	36908  -  MemoryUsage of job (MB)
	37793732  -  ResidentSetSize of job (KB)
...
006 (9706261.000.000) 05/01 02:06:41 Image size of job updated: 38425372
	37413  -  MemoryUsage of job (MB)
	38310084  -  ResidentSetSize of job (KB)
...
006 (9706261.000.000) 05/01 02:11:42 Image size of job updated: 39051772
	37413  -  MemoryUsage of job (MB)
	38310084  -  ResidentSetSize of job (KB)
...
006 (9706261.000.000) 05/01 02:16:42 Image size of job updated: 39051772
	37959  -  MemoryUsage of job (MB)
	38869356  -  ResidentSetSize of job (KB)
...
006 (9706261.000.000) 05/01 02:21:42 Image size of job updated: 41597732
	40623  -  MemoryUsage of job (MB)
	41597732  -  ResidentSetSize of job (KB)
...
006 (9706261.000.000) 05/01 02:26:43 Image size of job updated: 43152964
	42141  -  MemoryUsage of job (MB)
	43151864  -  ResidentSetSize of job (KB)
...
006 (9706261.000.000) 05/01 02:31:44 Image size of job updated: 44181084
	42141  -  MemoryUsage of job (MB)
	43151864  -  ResidentSetSize of job (KB)
...
040 (9706261.000.000) 05/01 04:40:31 Started transferring output files
...
040 (9706261.000.000) 05/01 04:40:31 Finished transferring output files
...
005 (9706261.000.000) 05/01 04:40:31 Job terminated.
	(1) Normal termination (return value 0)
		Usr 0 03:12:26, Sys 0 00:33:20  -  Run Remote Usage
		Usr 0 00:00:00, Sys 0 00:00:00  -  Run Local Usage
		Usr 0 03:12:26, Sys 0 00:33:20  -  Total Remote Usage
		Usr 0 00:00:00, Sys 0 00:00:00  -  Total Local Usage
	9773  -  Run Bytes Sent By Job
	215  -  Run Bytes Received By Job
	9773  -  Total Bytes Sent By Job
	215  -  Total Bytes Received By Job
	Partitionable Resources :    Usage  Request Allocated 
	   Cpus                 :     0.99        1         1 
	   Disk (KB)            :    31           1   2909662 
	   Memory (MB)          : 42141        2000      2000 

	Job terminated of its own accord at 2024-05-01T02:40:31Z.
...
