000 (9782771.000.000) 05/10 17:27:02 Job submitted from host: <137.138.156.150:9618?addrs=137.138.156.150-9618+[2001-1458-d00-14--9a]-9618&alias=bigbird13.cern.ch&noUDP&sock=schedd_2138_1192>
...
040 (9782771.000.000) 05/10 17:43:02 Started transferring input files
	Transferring to host: <128.142.137.96:9618?addrs=128.142.137.96-9618+[2001-1458-301-5e--100-54]-9618&alias=b9g19p7855.cern.ch&noUDP&sock=slot1_20_2766_a5aa_85781>
...
040 (9782771.000.000) 05/10 17:43:02 Finished transferring input files
...
001 (9782771.000.000) 05/10 17:43:03 Job executing on host: <128.142.137.96:9618?addrs=128.142.137.96-9618+[2001-1458-301-5e--100-54]-9618&alias=b9g19p7855.cern.ch&noUDP&sock=startd_2398_6832>
...
006 (9782771.000.000) 05/10 17:43:12 Image size of job updated: 28360
	28  -  MemoryUsage of job (MB)
	28360  -  ResidentSetSize of job (KB)
...
006 (9782771.000.000) 05/10 17:48:13 Image size of job updated: 403740
	395  -  MemoryUsage of job (MB)
	403740  -  ResidentSetSize of job (KB)
...
006 (9782771.000.000) 05/10 17:53:13 Image size of job updated: 1934888
	1890  -  MemoryUsage of job (MB)
	1934888  -  ResidentSetSize of job (KB)
...
006 (9782771.000.000) 05/10 17:58:13 Image size of job updated: 2430120
	2374  -  MemoryUsage of job (MB)
	2430120  -  ResidentSetSize of job (KB)
...
006 (9782771.000.000) 05/10 18:03:14 Image size of job updated: 2476428
	2419  -  MemoryUsage of job (MB)
	2476428  -  ResidentSetSize of job (KB)
...
006 (9782771.000.000) 05/10 18:08:14 Image size of job updated: 2498920
	2441  -  MemoryUsage of job (MB)
	2498920  -  ResidentSetSize of job (KB)
...
006 (9782771.000.000) 05/10 18:13:14 Image size of job updated: 2651072
	2589  -  MemoryUsage of job (MB)
	2651072  -  ResidentSetSize of job (KB)
...
006 (9782771.000.000) 05/10 18:18:15 Image size of job updated: 2724936
	2662  -  MemoryUsage of job (MB)
	2724936  -  ResidentSetSize of job (KB)
...
040 (9782771.000.000) 05/10 18:20:24 Started transferring output files
...
040 (9782771.000.000) 05/10 18:20:24 Finished transferring output files
...
005 (9782771.000.000) 05/10 18:20:24 Job terminated.
	(1) Normal termination (return value 0)
		Usr 0 00:42:41, Sys 0 00:05:08  -  Run Remote Usage
		Usr 0 00:00:00, Sys 0 00:00:00  -  Run Local Usage
		Usr 0 00:42:41, Sys 0 00:05:08  -  Total Remote Usage
		Usr 0 00:00:00, Sys 0 00:00:00  -  Total Local Usage
	6799487  -  Run Bytes Sent By Job
	212  -  Run Bytes Received By Job
	6799487  -  Total Bytes Sent By Job
	212  -  Total Bytes Received By Job
	Partitionable Resources :    Usage  Request Allocated 
	   Cpus                 :     2.39        1         1 
	   Disk (KB)            :  6662           1   1748787 
	   Memory (MB)          :  2662        2000      2000 

	Job terminated of its own accord at 2024-05-10T16:20:24Z.
...
