000 (9785464.000.000) 05/11 17:11:24 Job submitted from host: <137.138.156.150:9618?addrs=137.138.156.150-9618+[2001-1458-d00-14--9a]-9618&alias=bigbird13.cern.ch&noUDP&sock=schedd_2138_1192>
...
040 (9785464.000.000) 05/11 17:13:57 Started transferring input files
	Transferring to host: <188.185.205.123:9618?addrs=188.185.205.123-9618+[2001-1458-303-9--100-78]-9618&alias=b9p03p0351.cern.ch&noUDP&sock=slot1_45_7270_1f61_76389>
...
040 (9785464.000.000) 05/11 17:13:57 Finished transferring input files
...
001 (9785464.000.000) 05/11 17:13:58 Job executing on host: <188.185.205.123:9618?addrs=188.185.205.123-9618+[2001-1458-303-9--100-78]-9618&alias=b9p03p0351.cern.ch&noUDP&sock=startd_7202_8d2b>
...
006 (9785464.000.000) 05/11 17:14:06 Image size of job updated: 47864
	47  -  MemoryUsage of job (MB)
	47864  -  ResidentSetSize of job (KB)
...
006 (9785464.000.000) 05/11 17:19:06 Image size of job updated: 1885668
	1840  -  MemoryUsage of job (MB)
	1883388  -  ResidentSetSize of job (KB)
...
006 (9785464.000.000) 05/11 17:24:07 Image size of job updated: 3795996
	3706  -  MemoryUsage of job (MB)
	3794492  -  ResidentSetSize of job (KB)
...
006 (9785464.000.000) 05/11 17:29:07 Image size of job updated: 5636544
	5501  -  MemoryUsage of job (MB)
	5632760  -  ResidentSetSize of job (KB)
...
006 (9785464.000.000) 05/11 17:34:07 Image size of job updated: 7534060
	7354  -  MemoryUsage of job (MB)
	7530076  -  ResidentSetSize of job (KB)
...
006 (9785464.000.000) 05/11 17:39:08 Image size of job updated: 9238516
	9019  -  MemoryUsage of job (MB)
	9234492  -  ResidentSetSize of job (KB)
...
006 (9785464.000.000) 05/11 17:44:08 Image size of job updated: 10930104
	10673  -  MemoryUsage of job (MB)
	10928156  -  ResidentSetSize of job (KB)
...
006 (9785464.000.000) 05/11 17:49:08 Image size of job updated: 12691948
	12392  -  MemoryUsage of job (MB)
	12689144  -  ResidentSetSize of job (KB)
...
006 (9785464.000.000) 05/11 17:54:09 Image size of job updated: 14377388
	14040  -  MemoryUsage of job (MB)
	14376216  -  ResidentSetSize of job (KB)
...
006 (9785464.000.000) 05/11 17:59:10 Image size of job updated: 15802736
	15432  -  MemoryUsage of job (MB)
	15801476  -  ResidentSetSize of job (KB)
...
006 (9785464.000.000) 05/11 18:04:10 Image size of job updated: 17313708
	16908  -  MemoryUsage of job (MB)
	17313420  -  ResidentSetSize of job (KB)
...
006 (9785464.000.000) 05/11 18:09:11 Image size of job updated: 19109116
	18660  -  MemoryUsage of job (MB)
	19107800  -  ResidentSetSize of job (KB)
...
006 (9785464.000.000) 05/11 18:14:12 Image size of job updated: 21102008
	20607  -  MemoryUsage of job (MB)
	21101248  -  ResidentSetSize of job (KB)
...
006 (9785464.000.000) 05/11 18:19:12 Image size of job updated: 23078388
	22537  -  MemoryUsage of job (MB)
	23077856  -  ResidentSetSize of job (KB)
...
006 (9785464.000.000) 05/11 18:24:12 Image size of job updated: 24996544
	24404  -  MemoryUsage of job (MB)
	24988720  -  ResidentSetSize of job (KB)
...
006 (9785464.000.000) 05/11 18:29:13 Image size of job updated: 26973508
	26341  -  MemoryUsage of job (MB)
	26972220  -  ResidentSetSize of job (KB)
...
006 (9785464.000.000) 05/11 18:34:13 Image size of job updated: 28249260
	26341  -  MemoryUsage of job (MB)
	26972220  -  ResidentSetSize of job (KB)
...
006 (9785464.000.000) 05/11 19:24:18 Image size of job updated: 28249260
	27225  -  MemoryUsage of job (MB)
	27877564  -  ResidentSetSize of job (KB)
...
006 (9785464.000.000) 05/11 19:29:18 Image size of job updated: 29855084
	29150  -  MemoryUsage of job (MB)
	29849112  -  ResidentSetSize of job (KB)
...
006 (9785464.000.000) 05/11 19:34:19 Image size of job updated: 31817532
	31071  -  MemoryUsage of job (MB)
	31816344  -  ResidentSetSize of job (KB)
...
006 (9785464.000.000) 05/11 19:39:20 Image size of job updated: 33637616
	32849  -  MemoryUsage of job (MB)
	33637156  -  ResidentSetSize of job (KB)
...
006 (9785464.000.000) 05/11 19:44:20 Image size of job updated: 35419612
	34584  -  MemoryUsage of job (MB)
	35413708  -  ResidentSetSize of job (KB)
...
006 (9785464.000.000) 05/11 19:49:21 Image size of job updated: 37122608
	36244  -  MemoryUsage of job (MB)
	37113720  -  ResidentSetSize of job (KB)
...
006 (9785464.000.000) 05/11 19:54:22 Image size of job updated: 38663908
	37757  -  MemoryUsage of job (MB)
	38662452  -  ResidentSetSize of job (KB)
...
006 (9785464.000.000) 05/11 19:59:22 Image size of job updated: 39430244
	37757  -  MemoryUsage of job (MB)
	38662452  -  ResidentSetSize of job (KB)
...
006 (9785464.000.000) 05/11 20:04:22 Image size of job updated: 39430244
	38055  -  MemoryUsage of job (MB)
	38968032  -  ResidentSetSize of job (KB)
...
006 (9785464.000.000) 05/11 20:09:23 Image size of job updated: 40683620
	39722  -  MemoryUsage of job (MB)
	40675000  -  ResidentSetSize of job (KB)
...
006 (9785464.000.000) 05/11 20:14:23 Image size of job updated: 42548168
	41551  -  MemoryUsage of job (MB)
	42547920  -  ResidentSetSize of job (KB)
...
006 (9785464.000.000) 05/11 20:19:23 Image size of job updated: 44183572
	43147  -  MemoryUsage of job (MB)
	44182124  -  ResidentSetSize of job (KB)
...
006 (9785464.000.000) 05/11 20:24:24 Image size of job updated: 46089832
	45010  -  MemoryUsage of job (MB)
	46089260  -  ResidentSetSize of job (KB)
...
006 (9785464.000.000) 05/11 20:29:25 Image size of job updated: 48131820
	46995  -  MemoryUsage of job (MB)
	48122636  -  ResidentSetSize of job (KB)
...
006 (9785464.000.000) 05/11 20:34:25 Image size of job updated: 49411180
	48252  -  MemoryUsage of job (MB)
	49409452  -  ResidentSetSize of job (KB)
...
040 (9785464.000.000) 05/11 21:59:05 Started transferring output files
...
040 (9785464.000.000) 05/11 21:59:05 Finished transferring output files
...
005 (9785464.000.000) 05/11 21:59:05 Job terminated.
	(1) Normal termination (return value 0)
		Usr 0 02:41:51, Sys 0 00:38:45  -  Run Remote Usage
		Usr 0 00:00:00, Sys 0 00:00:00  -  Run Local Usage
		Usr 0 02:41:51, Sys 0 00:38:45  -  Total Remote Usage
		Usr 0 00:00:00, Sys 0 00:00:00  -  Total Local Usage
	8543  -  Run Bytes Sent By Job
	215  -  Run Bytes Received By Job
	8543  -  Total Bytes Sent By Job
	215  -  Total Bytes Received By Job
	Partitionable Resources :    Usage  Request Allocated 
	   Cpus                 :     0.99        1         1 
	   Disk (KB)            :    30           1   2781404 
	   Memory (MB)          : 48252        2000      2000 

	Job terminated of its own accord at 2024-05-11T19:59:04Z.
...
