000 (9782177.000.000) 05/10 14:36:47 Job submitted from host: <137.138.156.150:9618?addrs=137.138.156.150-9618+[2001-1458-d00-14--9a]-9618&alias=bigbird13.cern.ch&noUDP&sock=schedd_2138_1192>
...
040 (9782177.000.000) 05/10 14:37:34 Started transferring input files
	Transferring to host: <128.142.60.116:9618?addrs=128.142.60.116-9618+[2001-1458-301-22--100-73]-9618&alias=b9s05p6254.cern.ch&noUDP&sock=slot1_24_524600_e84e_122837>
...
040 (9782177.000.000) 05/10 14:37:34 Finished transferring input files
...
001 (9782177.000.000) 05/10 14:37:35 Job executing on host: <128.142.60.116:9618?addrs=128.142.60.116-9618+[2001-1458-301-22--100-73]-9618&alias=b9s05p6254.cern.ch&noUDP&sock=startd_524562_7ab2>
...
006 (9782177.000.000) 05/10 14:37:43 Image size of job updated: 27720
	28  -  MemoryUsage of job (MB)
	27720  -  ResidentSetSize of job (KB)
...
006 (9782177.000.000) 05/10 14:42:43 Image size of job updated: 3245632
	3170  -  MemoryUsage of job (MB)
	3245124  -  ResidentSetSize of job (KB)
...
006 (9782177.000.000) 05/10 14:47:44 Image size of job updated: 7494828
	7311  -  MemoryUsage of job (MB)
	7485600  -  ResidentSetSize of job (KB)
...
006 (9782177.000.000) 05/10 14:52:44 Image size of job updated: 10413076
	7411  -  MemoryUsage of job (MB)
	7588376  -  ResidentSetSize of job (KB)
...
006 (9782177.000.000) 05/10 14:57:44 Image size of job updated: 10413076
	9210  -  MemoryUsage of job (MB)
	9430948  -  ResidentSetSize of job (KB)
...
006 (9782177.000.000) 05/10 15:02:45 Image size of job updated: 13698428
	13372  -  MemoryUsage of job (MB)
	13692320  -  ResidentSetSize of job (KB)
...
006 (9782177.000.000) 05/10 15:07:46 Image size of job updated: 17779272
	17361  -  MemoryUsage of job (MB)
	17776836  -  ResidentSetSize of job (KB)
...
006 (9782177.000.000) 05/10 15:12:46 Image size of job updated: 22056576
	21538  -  MemoryUsage of job (MB)
	22054896  -  ResidentSetSize of job (KB)
...
006 (9782177.000.000) 05/10 15:17:47 Image size of job updated: 26338964
	25722  -  MemoryUsage of job (MB)
	26338408  -  ResidentSetSize of job (KB)
...
006 (9782177.000.000) 05/10 15:22:48 Image size of job updated: 30560176
	29844  -  MemoryUsage of job (MB)
	30559352  -  ResidentSetSize of job (KB)
...
006 (9782177.000.000) 05/10 15:27:48 Image size of job updated: 33563648
	32776  -  MemoryUsage of job (MB)
	33562520  -  ResidentSetSize of job (KB)
...
006 (9782177.000.000) 05/10 15:32:48 Image size of job updated: 35651308
	34703  -  MemoryUsage of job (MB)
	35535456  -  ResidentSetSize of job (KB)
...
006 (9782177.000.000) 05/10 15:37:49 Image size of job updated: 36659432
	34726  -  MemoryUsage of job (MB)
	35558772  -  ResidentSetSize of job (KB)
...
006 (9782177.000.000) 05/10 15:42:49 Image size of job updated: 36659432
	34994  -  MemoryUsage of job (MB)
	35833724  -  ResidentSetSize of job (KB)
...
006 (9782177.000.000) 05/10 16:12:52 Image size of job updated: 36659432
	35314  -  MemoryUsage of job (MB)
	36161200  -  ResidentSetSize of job (KB)
...
006 (9782177.000.000) 05/10 16:17:52 Image size of job updated: 39831096
	38897  -  MemoryUsage of job (MB)
	39829688  -  ResidentSetSize of job (KB)
...
006 (9782177.000.000) 05/10 16:22:52 Image size of job updated: 43130388
	42119  -  MemoryUsage of job (MB)
	43129596  -  ResidentSetSize of job (KB)
...
006 (9782177.000.000) 05/10 16:27:53 Image size of job updated: 46425368
	45336  -  MemoryUsage of job (MB)
	46423488  -  ResidentSetSize of job (KB)
...
006 (9782177.000.000) 05/10 16:32:54 Image size of job updated: 49757196
	48591  -  MemoryUsage of job (MB)
	49757184  -  ResidentSetSize of job (KB)
...
006 (9782177.000.000) 05/10 16:37:54 Image size of job updated: 53662176
	52402  -  MemoryUsage of job (MB)
	53659132  -  ResidentSetSize of job (KB)
...
006 (9782177.000.000) 05/10 16:42:55 Image size of job updated: 55005996
	53326  -  MemoryUsage of job (MB)
	54604836  -  ResidentSetSize of job (KB)
...
006 (9782177.000.000) 05/10 16:47:56 Image size of job updated: 55494576
	54191  -  MemoryUsage of job (MB)
	55491520  -  ResidentSetSize of job (KB)
...
006 (9782177.000.000) 05/10 16:52:56 Image size of job updated: 58337440
	56838  -  MemoryUsage of job (MB)
	58201184  -  ResidentSetSize of job (KB)
...
006 (9782177.000.000) 05/10 16:57:56 Image size of job updated: 59916096
	56838  -  MemoryUsage of job (MB)
	58201184  -  ResidentSetSize of job (KB)
...
006 (9782177.000.000) 05/10 17:02:57 Image size of job updated: 59916096
	57845  -  MemoryUsage of job (MB)
	59232424  -  ResidentSetSize of job (KB)
...
006 (9782177.000.000) 05/10 17:07:58 Image size of job updated: 60900788
	59470  -  MemoryUsage of job (MB)
	60896980  -  ResidentSetSize of job (KB)
...
006 (9782177.000.000) 05/10 17:12:58 Image size of job updated: 62349712
	60500  -  MemoryUsage of job (MB)
	61951956  -  ResidentSetSize of job (KB)
...
006 (9782177.000.000) 05/10 17:17:59 Image size of job updated: 62493188
	60500  -  MemoryUsage of job (MB)
	61951956  -  ResidentSetSize of job (KB)
...
006 (9782177.000.000) 05/10 17:23:00 Image size of job updated: 63973060
	62472  -  MemoryUsage of job (MB)
	63971016  -  ResidentSetSize of job (KB)
...
006 (9782177.000.000) 05/10 17:28:00 Image size of job updated: 67150628
	65576  -  MemoryUsage of job (MB)
	67148904  -  ResidentSetSize of job (KB)
...
006 (9782177.000.000) 05/10 17:33:00 Image size of job updated: 68696096
	65809  -  MemoryUsage of job (MB)
	67388376  -  ResidentSetSize of job (KB)
...
006 (9782177.000.000) 05/10 17:38:01 Image size of job updated: 69862192
	68032  -  MemoryUsage of job (MB)
	69664620  -  ResidentSetSize of job (KB)
...
006 (9782177.000.000) 05/10 17:43:01 Image size of job updated: 70830400
	69039  -  MemoryUsage of job (MB)
	70695532  -  ResidentSetSize of job (KB)
...
006 (9782177.000.000) 05/10 17:48:01 Image size of job updated: 70919804
	69156  -  MemoryUsage of job (MB)
	70815168  -  ResidentSetSize of job (KB)
...
006 (9782177.000.000) 05/10 17:53:03 Image size of job updated: 71037712
	69244  -  MemoryUsage of job (MB)
	70905384  -  ResidentSetSize of job (KB)
...
006 (9782177.000.000) 05/10 17:58:03 Image size of job updated: 71224824
	69368  -  MemoryUsage of job (MB)
	71032380  -  ResidentSetSize of job (KB)
...
006 (9782177.000.000) 05/10 18:03:03 Image size of job updated: 71224824
	69368  -  MemoryUsage of job (MB)
	71032652  -  ResidentSetSize of job (KB)
...
040 (9782177.000.000) 05/10 18:48:19 Started transferring output files
...
040 (9782177.000.000) 05/10 18:48:19 Finished transferring output files
...
005 (9782177.000.000) 05/10 18:48:19 Job terminated.
	(1) Normal termination (return value 1)
		Usr 0 02:16:06, Sys 0 00:42:14  -  Run Remote Usage
		Usr 0 00:00:00, Sys 0 00:00:00  -  Run Local Usage
		Usr 0 02:16:06, Sys 0 00:42:14  -  Total Remote Usage
		Usr 0 00:00:00, Sys 0 00:00:00  -  Total Local Usage
	8887  -  Run Bytes Sent By Job
	217  -  Run Bytes Received By Job
	8887  -  Total Bytes Sent By Job
	217  -  Total Bytes Received By Job
	Partitionable Resources :    Usage  Request Allocated 
	   Cpus                 :     0.99        1         1 
	   Disk (KB)            :    30           1   2938758 
	   Memory (MB)          : 69368        2000      2000 

	Job terminated of its own accord at 2024-05-10T16:48:19Z.
...
