000 (9782734.000.000) 05/10 17:26:31 Job submitted from host: <137.138.156.150:9618?addrs=137.138.156.150-9618+[2001-1458-d00-14--9a]-9618&alias=bigbird13.cern.ch&noUDP&sock=schedd_2138_1192>
...
040 (9782734.000.000) 05/10 17:42:50 Started transferring input files
	Transferring to host: <128.142.62.122:9618?addrs=128.142.62.122-9618+[2001-1458-301-37--100-79]-9618&alias=b9s07p4347.cern.ch&noUDP&sock=slot1_17_6265_0258_95096>
...
040 (9782734.000.000) 05/10 17:42:50 Finished transferring input files
...
001 (9782734.000.000) 05/10 17:42:51 Job executing on host: <128.142.62.122:9618?addrs=128.142.62.122-9618+[2001-1458-301-37--100-79]-9618&alias=b9s07p4347.cern.ch&noUDP&sock=startd_4922_a93c>
...
006 (9782734.000.000) 05/10 17:43:00 Image size of job updated: 59828
	59  -  MemoryUsage of job (MB)
	59824  -  ResidentSetSize of job (KB)
...
006 (9782734.000.000) 05/10 17:48:01 Image size of job updated: 430284
	421  -  MemoryUsage of job (MB)
	430280  -  ResidentSetSize of job (KB)
...
006 (9782734.000.000) 05/10 17:53:02 Image size of job updated: 2048192
	1939  -  MemoryUsage of job (MB)
	1984708  -  ResidentSetSize of job (KB)
...
006 (9782734.000.000) 05/10 17:58:02 Image size of job updated: 2583996
	2484  -  MemoryUsage of job (MB)
	2543176  -  ResidentSetSize of job (KB)
...
006 (9782734.000.000) 05/10 18:03:02 Image size of job updated: 2723924
	2620  -  MemoryUsage of job (MB)
	2682680  -  ResidentSetSize of job (KB)
...
006 (9782734.000.000) 05/10 18:08:03 Image size of job updated: 2909020
	2803  -  MemoryUsage of job (MB)
	2869432  -  ResidentSetSize of job (KB)
...
006 (9782734.000.000) 05/10 18:12:44 Image size of job updated: 3055832
	2803  -  MemoryUsage of job (MB)
	2869432  -  ResidentSetSize of job (KB)
...
040 (9782734.000.000) 05/10 18:12:44 Started transferring output files
...
040 (9782734.000.000) 05/10 18:12:44 Finished transferring output files
...
005 (9782734.000.000) 05/10 18:12:44 Job terminated.
	(1) Normal termination (return value 0)
		Usr 0 00:36:09, Sys 0 00:09:55  -  Run Remote Usage
		Usr 0 00:00:00, Sys 0 00:00:00  -  Run Local Usage
		Usr 0 00:36:09, Sys 0 00:09:55  -  Total Remote Usage
		Usr 0 00:00:00, Sys 0 00:00:00  -  Total Local Usage
	6072766  -  Run Bytes Sent By Job
	210  -  Run Bytes Received By Job
	6072766  -  Total Bytes Sent By Job
	210  -  Total Bytes Received By Job
	Partitionable Resources :    Usage  Request Allocated 
	   Cpus                 :     2.88        1         1 
	   Disk (KB)            :  5952           1   2898416 
	   Memory (MB)          :  2803        2000      2000 

	Job terminated of its own accord at 2024-05-10T16:12:44Z.
...
