000 (9782770.000.000) 05/10 17:27:02 Job submitted from host: <137.138.156.150:9618?addrs=137.138.156.150-9618+[2001-1458-d00-14--9a]-9618&alias=bigbird13.cern.ch&noUDP&sock=schedd_2138_1192>
...
040 (9782770.000.000) 05/10 17:43:01 Started transferring input files
	Transferring to host: <128.142.131.99:9618?addrs=128.142.131.99-9618+[2001-1458-301-59--100-57]-9618&alias=b9g11p4838.cern.ch&noUDP&sock=slot1_3_2994_4b33_35372>
...
040 (9782770.000.000) 05/10 17:43:01 Finished transferring input files
...
001 (9782770.000.000) 05/10 17:43:02 Job executing on host: <128.142.131.99:9618?addrs=128.142.131.99-9618+[2001-1458-301-59--100-57]-9618&alias=b9g11p4838.cern.ch&noUDP&sock=startd_2611_81de>
...
006 (9782770.000.000) 05/10 17:43:11 Image size of job updated: 25724
	26  -  MemoryUsage of job (MB)
	25724  -  ResidentSetSize of job (KB)
...
006 (9782770.000.000) 05/10 17:48:12 Image size of job updated: 416000
	407  -  MemoryUsage of job (MB)
	416000  -  ResidentSetSize of job (KB)
...
006 (9782770.000.000) 05/10 17:53:13 Image size of job updated: 1988544
	1942  -  MemoryUsage of job (MB)
	1988544  -  ResidentSetSize of job (KB)
...
006 (9782770.000.000) 05/10 17:58:13 Image size of job updated: 2467100
	2410  -  MemoryUsage of job (MB)
	2467100  -  ResidentSetSize of job (KB)
...
006 (9782770.000.000) 05/10 18:03:14 Image size of job updated: 2544336
	2485  -  MemoryUsage of job (MB)
	2544336  -  ResidentSetSize of job (KB)
...
006 (9782770.000.000) 05/10 18:08:15 Image size of job updated: 2641428
	2580  -  MemoryUsage of job (MB)
	2641428  -  ResidentSetSize of job (KB)
...
006 (9782770.000.000) 05/10 18:13:15 Image size of job updated: 2757324
	2693  -  MemoryUsage of job (MB)
	2757324  -  ResidentSetSize of job (KB)
...
006 (9782770.000.000) 05/10 18:18:15 Image size of job updated: 2834700
	2769  -  MemoryUsage of job (MB)
	2834700  -  ResidentSetSize of job (KB)
...
006 (9782770.000.000) 05/10 18:23:16 Image size of job updated: 2938456
	2870  -  MemoryUsage of job (MB)
	2938456  -  ResidentSetSize of job (KB)
...
006 (9782770.000.000) 05/10 18:28:16 Image size of job updated: 3039396
	2969  -  MemoryUsage of job (MB)
	3039396  -  ResidentSetSize of job (KB)
...
006 (9782770.000.000) 05/10 18:33:16 Image size of job updated: 3107872
	3036  -  MemoryUsage of job (MB)
	3107872  -  ResidentSetSize of job (KB)
...
040 (9782770.000.000) 05/10 18:34:48 Started transferring output files
...
040 (9782770.000.000) 05/10 18:34:49 Finished transferring output files
...
005 (9782770.000.000) 05/10 18:34:49 Job terminated.
	(1) Normal termination (return value 0)
		Usr 0 01:05:13, Sys 0 00:09:56  -  Run Remote Usage
		Usr 0 00:00:00, Sys 0 00:00:00  -  Run Local Usage
		Usr 0 01:05:13, Sys 0 00:09:56  -  Total Remote Usage
		Usr 0 00:00:00, Sys 0 00:00:00  -  Total Local Usage
	11382662  -  Run Bytes Sent By Job
	210  -  Run Bytes Received By Job
	11382662  -  Total Bytes Sent By Job
	210  -  Total Bytes Received By Job
	Partitionable Resources :    Usage  Request Allocated 
	   Cpus                 :     2.37        1         1 
	   Disk (KB)            : 11137           1   1651461 
	   Memory (MB)          :  3036        2000      2000 

	Job terminated of its own accord at 2024-05-10T16:34:48Z.
...
