000 (9785425.000.000) 05/11 17:10:58 Job submitted from host: <137.138.156.150:9618?addrs=137.138.156.150-9618+[2001-1458-d00-14--9a]-9618&alias=bigbird13.cern.ch&noUDP&sock=schedd_2138_1192>
...
040 (9785425.000.000) 05/11 17:13:43 Started transferring input files
	Transferring to host: <128.142.131.162:9618?addrs=128.142.131.162-9618+[2001-1458-301-59--100-96]-9618&alias=b9g11p1207.cern.ch&noUDP&sock=slot1_5_2928_ca70_13601>
...
040 (9785425.000.000) 05/11 17:13:43 Finished transferring input files
...
001 (9785425.000.000) 05/11 17:13:44 Job executing on host: <128.142.131.162:9618?addrs=128.142.131.162-9618+[2001-1458-301-59--100-96]-9618&alias=b9g11p1207.cern.ch&noUDP&sock=startd_2594_d8c2>
...
006 (9785425.000.000) 05/11 17:13:53 Image size of job updated: 50984
	50  -  MemoryUsage of job (MB)
	50984  -  ResidentSetSize of job (KB)
...
006 (9785425.000.000) 05/11 17:18:54 Image size of job updated: 1379200
	1347  -  MemoryUsage of job (MB)
	1379200  -  ResidentSetSize of job (KB)
...
006 (9785425.000.000) 05/11 17:23:55 Image size of job updated: 2745208
	2681  -  MemoryUsage of job (MB)
	2745208  -  ResidentSetSize of job (KB)
...
006 (9785425.000.000) 05/11 17:28:55 Image size of job updated: 4082856
	3988  -  MemoryUsage of job (MB)
	4082856  -  ResidentSetSize of job (KB)
...
006 (9785425.000.000) 05/11 17:33:55 Image size of job updated: 5503304
	5375  -  MemoryUsage of job (MB)
	5503304  -  ResidentSetSize of job (KB)
...
006 (9785425.000.000) 05/11 17:38:56 Image size of job updated: 6919764
	6758  -  MemoryUsage of job (MB)
	6919764  -  ResidentSetSize of job (KB)
...
006 (9785425.000.000) 05/11 17:43:56 Image size of job updated: 8292260
	8098  -  MemoryUsage of job (MB)
	8292260  -  ResidentSetSize of job (KB)
...
006 (9785425.000.000) 05/11 17:48:56 Image size of job updated: 9637832
	9412  -  MemoryUsage of job (MB)
	9637832  -  ResidentSetSize of job (KB)
...
006 (9785425.000.000) 05/11 17:53:57 Image size of job updated: 10863968
	10610  -  MemoryUsage of job (MB)
	10863968  -  ResidentSetSize of job (KB)
...
006 (9785425.000.000) 05/11 17:58:58 Image size of job updated: 12131896
	11848  -  MemoryUsage of job (MB)
	12131896  -  ResidentSetSize of job (KB)
...
006 (9785425.000.000) 05/11 18:03:58 Image size of job updated: 13266884
	12956  -  MemoryUsage of job (MB)
	13266884  -  ResidentSetSize of job (KB)
...
006 (9785425.000.000) 05/11 18:08:59 Image size of job updated: 14619680
	14278  -  MemoryUsage of job (MB)
	14619680  -  ResidentSetSize of job (KB)
...
006 (9785425.000.000) 05/11 18:14:00 Image size of job updated: 16023164
	15648  -  MemoryUsage of job (MB)
	16023164  -  ResidentSetSize of job (KB)
...
006 (9785425.000.000) 05/11 18:19:00 Image size of job updated: 17240900
	16837  -  MemoryUsage of job (MB)
	17240900  -  ResidentSetSize of job (KB)
...
006 (9785425.000.000) 05/11 18:24:00 Image size of job updated: 18554996
	18121  -  MemoryUsage of job (MB)
	18554996  -  ResidentSetSize of job (KB)
...
006 (9785425.000.000) 05/11 18:29:01 Image size of job updated: 19812864
	19349  -  MemoryUsage of job (MB)
	19812864  -  ResidentSetSize of job (KB)
...
006 (9785425.000.000) 05/11 18:34:01 Image size of job updated: 21186064
	20690  -  MemoryUsage of job (MB)
	21186064  -  ResidentSetSize of job (KB)
...
006 (9785425.000.000) 05/11 18:39:01 Image size of job updated: 22573096
	22045  -  MemoryUsage of job (MB)
	22573096  -  ResidentSetSize of job (KB)
...
006 (9785425.000.000) 05/11 18:44:02 Image size of job updated: 23691892
	23137  -  MemoryUsage of job (MB)
	23691892  -  ResidentSetSize of job (KB)
...
006 (9785425.000.000) 05/11 18:49:02 Image size of job updated: 24791116
	24211  -  MemoryUsage of job (MB)
	24791116  -  ResidentSetSize of job (KB)
...
006 (9785425.000.000) 05/11 18:54:02 Image size of job updated: 26134240
	25522  -  MemoryUsage of job (MB)
	26134240  -  ResidentSetSize of job (KB)
...
006 (9785425.000.000) 05/11 20:34:12 Image size of job updated: 26907040
	26277  -  MemoryUsage of job (MB)
	26907040  -  ResidentSetSize of job (KB)
...
006 (9785425.000.000) 05/11 20:39:13 Image size of job updated: 27283848
	26645  -  MemoryUsage of job (MB)
	27283848  -  ResidentSetSize of job (KB)
...
006 (9785425.000.000) 05/11 20:44:14 Image size of job updated: 28003232
	27347  -  MemoryUsage of job (MB)
	28003232  -  ResidentSetSize of job (KB)
...
006 (9785425.000.000) 05/11 20:59:16 Image size of job updated: 29427072
	28738  -  MemoryUsage of job (MB)
	29427072  -  ResidentSetSize of job (KB)
...
006 (9785425.000.000) 05/11 21:04:16 Image size of job updated: 30714596
	29995  -  MemoryUsage of job (MB)
	30714596  -  ResidentSetSize of job (KB)
...
006 (9785425.000.000) 05/11 21:09:17 Image size of job updated: 32097232
	31345  -  MemoryUsage of job (MB)
	32097232  -  ResidentSetSize of job (KB)
...
006 (9785425.000.000) 05/11 21:14:18 Image size of job updated: 33717368
	32928  -  MemoryUsage of job (MB)
	33717368  -  ResidentSetSize of job (KB)
...
006 (9785425.000.000) 05/11 21:19:18 Image size of job updated: 35345276
	34517  -  MemoryUsage of job (MB)
	35345276  -  ResidentSetSize of job (KB)
...
006 (9785425.000.000) 05/11 21:24:18 Image size of job updated: 36969268
	36103  -  MemoryUsage of job (MB)
	36969268  -  ResidentSetSize of job (KB)
...
006 (9785425.000.000) 05/11 21:29:19 Image size of job updated: 38673224
	37767  -  MemoryUsage of job (MB)
	38673224  -  ResidentSetSize of job (KB)
...
006 (9785425.000.000) 05/11 21:34:19 Image size of job updated: 39659024
	38730  -  MemoryUsage of job (MB)
	39659024  -  ResidentSetSize of job (KB)
...
040 (9785425.000.000) 05/12 00:13:19 Started transferring output files
...
040 (9785425.000.000) 05/12 00:13:19 Finished transferring output files
...
005 (9785425.000.000) 05/12 00:13:19 Job terminated.
	(1) Normal termination (return value 0)
		Usr 0 04:16:07, Sys 0 00:38:33  -  Run Remote Usage
		Usr 0 00:00:00, Sys 0 00:00:00  -  Run Local Usage
		Usr 0 04:16:07, Sys 0 00:38:33  -  Total Remote Usage
		Usr 0 00:00:00, Sys 0 00:00:00  -  Total Local Usage
	8448  -  Run Bytes Sent By Job
	217  -  Run Bytes Received By Job
	8448  -  Total Bytes Sent By Job
	217  -  Total Bytes Received By Job
	Partitionable Resources :    Usage  Request Allocated 
	   Cpus                 :     0.99        1         1 
	   Disk (KB)            :    29           1   1653064 
	   Memory (MB)          : 38730        2000      2000 

	Job terminated of its own accord at 2024-05-11T22:13:19Z.
...
