000 (9782754.000.000) 05/10 17:26:49 Job submitted from host: <137.138.156.150:9618?addrs=137.138.156.150-9618+[2001-1458-d00-14--9a]-9618&alias=bigbird13.cern.ch&noUDP&sock=schedd_2138_1192>
...
040 (9782754.000.000) 05/10 17:42:56 Started transferring input files
	Transferring to host: <128.142.62.118:9618?addrs=128.142.62.118-9618+[2001-1458-301-37--100-75]-9618&alias=b9s07p8580.cern.ch&noUDP&sock=slot1_33_5061_aea7_96041>
...
040 (9782754.000.000) 05/10 17:42:56 Finished transferring input files
...
001 (9782754.000.000) 05/10 17:42:57 Job executing on host: <128.142.62.118:9618?addrs=128.142.62.118-9618+[2001-1458-301-37--100-75]-9618&alias=b9s07p8580.cern.ch&noUDP&sock=startd_4049_db0e>
...
006 (9782754.000.000) 05/10 17:43:06 Image size of job updated: 45752
	45  -  MemoryUsage of job (MB)
	45500  -  ResidentSetSize of job (KB)
...
006 (9782754.000.000) 05/10 17:48:07 Image size of job updated: 435460
	426  -  MemoryUsage of job (MB)
	435268  -  ResidentSetSize of job (KB)
...
006 (9782754.000.000) 05/10 17:53:07 Image size of job updated: 2033284
	1932  -  MemoryUsage of job (MB)
	1977768  -  ResidentSetSize of job (KB)
...
006 (9782754.000.000) 05/10 17:58:08 Image size of job updated: 2578044
	2478  -  MemoryUsage of job (MB)
	2537232  -  ResidentSetSize of job (KB)
...
006 (9782754.000.000) 05/10 18:03:09 Image size of job updated: 2719676
	2624  -  MemoryUsage of job (MB)
	2686116  -  ResidentSetSize of job (KB)
...
006 (9782754.000.000) 05/10 18:08:09 Image size of job updated: 2891612
	2784  -  MemoryUsage of job (MB)
	2850244  -  ResidentSetSize of job (KB)
...
006 (9782754.000.000) 05/10 18:12:32 Image size of job updated: 3048472
	2784  -  MemoryUsage of job (MB)
	2850244  -  ResidentSetSize of job (KB)
...
040 (9782754.000.000) 05/10 18:12:32 Started transferring output files
...
040 (9782754.000.000) 05/10 18:12:35 Finished transferring output files
...
005 (9782754.000.000) 05/10 18:12:35 Job terminated.
	(1) Normal termination (return value 0)
		Usr 0 00:36:29, Sys 0 00:09:51  -  Run Remote Usage
		Usr 0 00:00:00, Sys 0 00:00:00  -  Run Local Usage
		Usr 0 00:36:29, Sys 0 00:09:51  -  Total Remote Usage
		Usr 0 00:00:00, Sys 0 00:00:00  -  Total Local Usage
	5927034  -  Run Bytes Sent By Job
	212  -  Run Bytes Received By Job
	5927034  -  Total Bytes Sent By Job
	212  -  Total Bytes Received By Job
	Partitionable Resources :    Usage  Request Allocated 
	   Cpus                 :     1.32        1         1 
	   Disk (KB)            :  5810           1   2762897 
	   Memory (MB)          :  2784        2000      2000 

	Job terminated of its own accord at 2024-05-10T16:12:32Z.
...
