000 (9782745.000.000) 05/10 17:26:42 Job submitted from host: <137.138.156.150:9618?addrs=137.138.156.150-9618+[2001-1458-d00-14--9a]-9618&alias=bigbird13.cern.ch&noUDP&sock=schedd_2138_1192>
...
040 (9782745.000.000) 05/10 17:42:53 Started transferring input files
	Transferring to host: <128.142.63.89:9618?addrs=128.142.63.89-9618+[2001-1458-301-38--100-56]-9618&alias=b9s08p3452.cern.ch&noUDP&sock=slot1_10_6474_44c0_3189>
...
040 (9782745.000.000) 05/10 17:42:53 Finished transferring input files
...
001 (9782745.000.000) 05/10 17:42:54 Job executing on host: <128.142.63.89:9618?addrs=128.142.63.89-9618+[2001-1458-301-38--100-56]-9618&alias=b9s08p3452.cern.ch&noUDP&sock=startd_5226_2e07>
...
006 (9782745.000.000) 05/10 17:43:03 Image size of job updated: 94848
	93  -  MemoryUsage of job (MB)
	94848  -  ResidentSetSize of job (KB)
...
006 (9782745.000.000) 05/10 17:48:04 Image size of job updated: 459112
	449  -  MemoryUsage of job (MB)
	459112  -  ResidentSetSize of job (KB)
...
006 (9782745.000.000) 05/10 17:53:05 Image size of job updated: 2067692
	1961  -  MemoryUsage of job (MB)
	2007848  -  ResidentSetSize of job (KB)
...
006 (9782745.000.000) 05/10 17:58:05 Image size of job updated: 2575492
	2476  -  MemoryUsage of job (MB)
	2535188  -  ResidentSetSize of job (KB)
...
006 (9782745.000.000) 05/10 18:03:05 Image size of job updated: 2755480
	2656  -  MemoryUsage of job (MB)
	2719316  -  ResidentSetSize of job (KB)
...
006 (9782745.000.000) 05/10 18:08:06 Image size of job updated: 2888620
	2781  -  MemoryUsage of job (MB)
	2847168  -  ResidentSetSize of job (KB)
...
006 (9782745.000.000) 05/10 18:13:06 Image size of job updated: 3081000
	2972  -  MemoryUsage of job (MB)
	3043180  -  ResidentSetSize of job (KB)
...
006 (9782745.000.000) 05/10 18:18:06 Image size of job updated: 3220732
	3106  -  MemoryUsage of job (MB)
	3180272  -  ResidentSetSize of job (KB)
...
006 (9782745.000.000) 05/10 18:23:07 Image size of job updated: 3351148
	3237  -  MemoryUsage of job (MB)
	3314512  -  ResidentSetSize of job (KB)
...
006 (9782745.000.000) 05/10 18:23:22 Image size of job updated: 3351928
	3237  -  MemoryUsage of job (MB)
	3314512  -  ResidentSetSize of job (KB)
...
040 (9782745.000.000) 05/10 18:23:22 Started transferring output files
...
040 (9782745.000.000) 05/10 18:23:53 Finished transferring output files
...
005 (9782745.000.000) 05/10 18:23:53 Job terminated.
	(1) Normal termination (return value 0)
		Usr 0 00:54:02, Sys 0 00:15:36  -  Run Remote Usage
		Usr 0 00:00:00, Sys 0 00:00:00  -  Run Local Usage
		Usr 0 00:54:02, Sys 0 00:15:36  -  Total Remote Usage
		Usr 0 00:00:00, Sys 0 00:00:00  -  Total Local Usage
	9229827  -  Run Bytes Sent By Job
	212  -  Run Bytes Received By Job
	9229827  -  Total Bytes Sent By Job
	212  -  Total Bytes Received By Job
	Partitionable Resources :    Usage  Request Allocated 
	   Cpus                 :     2.63        1         1 
	   Disk (KB)            :  9035           1   2956683 
	   Memory (MB)          :  3237        2000      2000 

	Job terminated of its own accord at 2024-05-10T16:23:22Z.
...
