000 (9810851.000.000) 05/14 14:39:41 Job submitted from host: <137.138.156.150:9618?addrs=137.138.156.150-9618+[2001-1458-d00-14--9a]-9618&alias=bigbird13.cern.ch&noUDP&sock=schedd_25162_9e1a>
...
040 (9810851.000.000) 05/14 15:02:27 Started transferring input files
	Transferring to host: <128.142.62.105:9618?addrs=128.142.62.105-9618+[2001-1458-301-37--100-68]-9618&alias=b9s07p6875.cern.ch&noUDP&sock=slot1_35_4637_ef96_98641>
...
040 (9810851.000.000) 05/14 15:02:27 Finished transferring input files
...
001 (9810851.000.000) 05/14 15:02:28 Job executing on host: <128.142.62.105:9618?addrs=128.142.62.105-9618+[2001-1458-301-37--100-68]-9618&alias=b9s07p6875.cern.ch&noUDP&sock=startd_3800_0ff9>
	SlotName: slot1_35@b9s07p6875.cern.ch
	CondorScratchDir = "/pool/condor/dir_1836915"
	Cpus = 1
	Disk = 2745740
	Memory = 2000
...
006 (9810851.000.000) 05/14 15:02:37 Image size of job updated: 17608
	18  -  MemoryUsage of job (MB)
	17608  -  ResidentSetSize of job (KB)
...
006 (9810851.000.000) 05/14 15:07:38 Image size of job updated: 362276
	354  -  MemoryUsage of job (MB)
	362036  -  ResidentSetSize of job (KB)
...
006 (9810851.000.000) 05/14 15:12:38 Image size of job updated: 735996
	719  -  MemoryUsage of job (MB)
	735744  -  ResidentSetSize of job (KB)
...
006 (9810851.000.000) 05/14 15:17:38 Image size of job updated: 2556564
	2496  -  MemoryUsage of job (MB)
	2554892  -  ResidentSetSize of job (KB)
...
006 (9810851.000.000) 05/14 15:22:39 Image size of job updated: 2868172
	2799  -  MemoryUsage of job (MB)
	2866140  -  ResidentSetSize of job (KB)
...
006 (9810851.000.000) 05/14 15:27:39 Image size of job updated: 3067236
	2995  -  MemoryUsage of job (MB)
	3066496  -  ResidentSetSize of job (KB)
...
006 (9810851.000.000) 05/14 15:27:50 Image size of job updated: 3088296
	2995  -  MemoryUsage of job (MB)
	3066496  -  ResidentSetSize of job (KB)
...
040 (9810851.000.000) 05/14 15:27:55 Entered queue to transfer output files
...
040 (9810851.000.000) 05/14 15:41:31 Started transferring output files
...
040 (9810851.000.000) 05/14 15:41:31 Finished transferring output files
...
005 (9810851.000.000) 05/14 15:41:32 Job terminated.
	(1) Normal termination (return value 0)
		Usr 0 00:24:39, Sys 0 00:06:58  -  Run Remote Usage
		Usr 0 00:00:00, Sys 0 00:00:00  -  Run Local Usage
		Usr 0 00:24:39, Sys 0 00:06:58  -  Total Remote Usage
		Usr 0 00:00:00, Sys 0 00:00:00  -  Total Local Usage
	4159238  -  Run Bytes Sent By Job
	212  -  Run Bytes Received By Job
	4159238  -  Total Bytes Sent By Job
	212  -  Total Bytes Received By Job
	Partitionable Resources :    Usage  Request Allocated 
	   Cpus                 :        0        1         1 
	   Disk (KB)            :     4083        1   2745740 
	   Memory (MB)          :     2995     2000      2000 

	Job terminated of its own accord at 2024-05-14T13:27:50Z with exit-code 0.
...
