000 (9426569.000.000) 03/14 08:29:28 Job submitted from host: <137.138.156.150:9618?addrs=137.138.156.150-9618+[2001-1458-d00-14--9a]-9618&alias=bigbird13.cern.ch&noUDP&sock=schedd_5144_ef43>
...
040 (9426569.000.000) 03/14 08:30:01 Started transferring input files
	Transferring to host: <128.142.58.31:9618?addrs=128.142.58.31-9618&alias=b7s03p5163.cern.ch&noUDP&sock=slot1_7_6932_f893_72914>
...
040 (9426569.000.000) 03/14 08:30:01 Finished transferring input files
...
001 (9426569.000.000) 03/14 08:30:02 Job executing on host: <128.142.58.31:9618?addrs=128.142.58.31-9618&alias=b7s03p5163.cern.ch&noUDP&sock=startd_6869_2421>
...
006 (9426569.000.000) 03/14 08:30:11 Image size of job updated: 1131648
	188  -  MemoryUsage of job (MB)
	192120  -  ResidentSetSize of job (KB)
...
006 (9426569.000.000) 03/14 08:30:15 Image size of job updated: 1131648
	188  -  MemoryUsage of job (MB)
	192132  -  ResidentSetSize of job (KB)
...
040 (9426569.000.000) 03/14 08:30:15 Started transferring output files
...
040 (9426569.000.000) 03/14 08:30:15 Finished transferring output files
...
005 (9426569.000.000) 03/14 08:30:15 Job terminated.
	(1) Normal termination (return value 0)
		Usr 0 00:00:04, Sys 0 00:00:01  -  Run Remote Usage
		Usr 0 00:00:00, Sys 0 00:00:00  -  Run Local Usage
		Usr 0 00:00:04, Sys 0 00:00:01  -  Total Remote Usage
		Usr 0 00:00:00, Sys 0 00:00:00  -  Total Local Usage
	24205  -  Run Bytes Sent By Job
	222  -  Run Bytes Received By Job
	24205  -  Total Bytes Sent By Job
	222  -  Total Bytes Received By Job
	Partitionable Resources :    Usage  Request Allocated 
	   Cpus                 :                 1         1 
	   Disk (KB)            :       37        1   1270771 
	   Memory (MB)          :      188     2000      2000 

	Job terminated of its own accord at 2024-03-14T07:30:15Z.
...
