000 (9426433.000.000) 03/14 00:02:16 Job submitted from host: <137.138.156.150:9618?addrs=137.138.156.150-9618+[2001-1458-d00-14--9a]-9618&alias=bigbird13.cern.ch&noUDP&sock=schedd_5144_ef43>
...
040 (9426433.000.000) 03/14 00:14:00 Started transferring input files
	Transferring to host: <128.142.56.95:9618?addrs=128.142.56.95-9618&alias=b7s01p2035.cern.ch&noUDP&sock=slot1_8_7503_4aca_72909>
...
040 (9426433.000.000) 03/14 00:14:00 Finished transferring input files
...
001 (9426433.000.000) 03/14 00:14:01 Job executing on host: <128.142.56.95:9618?addrs=128.142.56.95-9618&alias=b7s01p2035.cern.ch&noUDP&sock=startd_7434_af23>
...
006 (9426433.000.000) 03/14 00:14:09 Image size of job updated: 443612
	1  -  MemoryUsage of job (MB)
	496  -  ResidentSetSize of job (KB)
...
006 (9426433.000.000) 03/14 00:15:22 Image size of job updated: 1169780
	1  -  MemoryUsage of job (MB)
	496  -  ResidentSetSize of job (KB)
...
040 (9426433.000.000) 03/14 00:15:22 Started transferring output files
...
040 (9426433.000.000) 03/14 00:15:22 Finished transferring output files
...
005 (9426433.000.000) 03/14 00:15:22 Job terminated.
	(1) Normal termination (return value 0)
		Usr 0 00:00:04, Sys 0 00:00:02  -  Run Remote Usage
		Usr 0 00:00:00, Sys 0 00:00:00  -  Run Local Usage
		Usr 0 00:00:04, Sys 0 00:00:02  -  Total Remote Usage
		Usr 0 00:00:00, Sys 0 00:00:00  -  Total Local Usage
	24203  -  Run Bytes Sent By Job
	220  -  Run Bytes Received By Job
	24203  -  Total Bytes Sent By Job
	220  -  Total Bytes Received By Job
	Partitionable Resources :    Usage  Request Allocated 
	   Cpus                 :                 1         1 
	   Disk (KB)            :       37        1   1263559 
	   Memory (MB)          :        1     2000      2000 

	Job terminated of its own accord at 2024-03-13T23:15:22Z.
...
