000 (9634688.000.000) 04/14 15:05:45 Job submitted from host: <137.138.156.150:9618?addrs=137.138.156.150-9618+[2001-1458-d00-14--9a]-9618&alias=bigbird13.cern.ch&noUDP&sock=schedd_2138_1192>
...
040 (9634688.000.000) 04/14 15:12:39 Started transferring input files
	Transferring to host: <128.142.59.67:9618?addrs=128.142.59.67-9618&alias=b7s04p8867.cern.ch&noUDP&sock=slot1_10_6937_7e73_100770>
...
040 (9634688.000.000) 04/14 15:12:39 Finished transferring input files
...
001 (9634688.000.000) 04/14 15:12:40 Job executing on host: <128.142.59.67:9618?addrs=128.142.59.67-9618&alias=b7s04p8867.cern.ch&noUDP&sock=startd_6870_d3b9>
...
006 (9634688.000.000) 04/14 15:12:48 Image size of job updated: 395912
	29  -  MemoryUsage of job (MB)
	28904  -  ResidentSetSize of job (KB)
...
006 (9634688.000.000) 04/14 15:17:48 Image size of job updated: 1209952
	219  -  MemoryUsage of job (MB)
	224240  -  ResidentSetSize of job (KB)
...
006 (9634688.000.000) 04/14 15:22:49 Image size of job updated: 1210464
	220  -  MemoryUsage of job (MB)
	224800  -  ResidentSetSize of job (KB)
...
006 (9634688.000.000) 04/14 15:27:49 Image size of job updated: 1210976
	221  -  MemoryUsage of job (MB)
	225456  -  ResidentSetSize of job (KB)
...
006 (9634688.000.000) 04/14 15:32:49 Image size of job updated: 1211744
	221  -  MemoryUsage of job (MB)
	226104  -  ResidentSetSize of job (KB)
...
006 (9634688.000.000) 04/14 15:37:50 Image size of job updated: 15990448
	11505  -  MemoryUsage of job (MB)
	11780132  -  ResidentSetSize of job (KB)
...
006 (9634688.000.000) 04/14 15:42:51 Image size of job updated: 26314648
	20617  -  MemoryUsage of job (MB)
	21111604  -  ResidentSetSize of job (KB)
...
006 (9634688.000.000) 04/14 15:47:51 Image size of job updated: 26386584
	20673  -  MemoryUsage of job (MB)
	21168692  -  ResidentSetSize of job (KB)
...
006 (9634688.000.000) 04/14 15:52:52 Image size of job updated: 26435416
	20748  -  MemoryUsage of job (MB)
	21245080  -  ResidentSetSize of job (KB)
...
006 (9634688.000.000) 04/14 15:57:53 Image size of job updated: 26560300
	20820  -  MemoryUsage of job (MB)
	21318996  -  ResidentSetSize of job (KB)
...
006 (9634688.000.000) 04/14 16:02:53 Image size of job updated: 26614316
	20896  -  MemoryUsage of job (MB)
	21397104  -  ResidentSetSize of job (KB)
...
006 (9634688.000.000) 04/14 16:07:53 Image size of job updated: 26668596
	20974  -  MemoryUsage of job (MB)
	21476812  -  ResidentSetSize of job (KB)
...
006 (9634688.000.000) 04/14 16:12:54 Image size of job updated: 26875932
	21059  -  MemoryUsage of job (MB)
	21564368  -  ResidentSetSize of job (KB)
...
006 (9634688.000.000) 04/14 16:17:55 Image size of job updated: 26930896
	21137  -  MemoryUsage of job (MB)
	21643296  -  ResidentSetSize of job (KB)
...
006 (9634688.000.000) 04/14 16:22:55 Image size of job updated: 26980604
	21207  -  MemoryUsage of job (MB)
	21715832  -  ResidentSetSize of job (KB)
...
006 (9634688.000.000) 04/14 16:27:56 Image size of job updated: 27034884
	21285  -  MemoryUsage of job (MB)
	21795380  -  ResidentSetSize of job (KB)
...
006 (9634688.000.000) 04/14 16:32:57 Image size of job updated: 27084728
	21356  -  MemoryUsage of job (MB)
	21868028  -  ResidentSetSize of job (KB)
...
006 (9634688.000.000) 04/14 16:37:57 Image size of job updated: 27132112
	21423  -  MemoryUsage of job (MB)
	21936288  -  ResidentSetSize of job (KB)
...
006 (9634688.000.000) 04/14 16:42:57 Image size of job updated: 27476996
	21494  -  MemoryUsage of job (MB)
	22009724  -  ResidentSetSize of job (KB)
...
006 (9634688.000.000) 04/14 16:47:58 Image size of job updated: 27527616
	21567  -  MemoryUsage of job (MB)
	22083796  -  ResidentSetSize of job (KB)
...
006 (9634688.000.000) 04/14 16:52:58 Image size of job updated: 27577072
	21637  -  MemoryUsage of job (MB)
	22156108  -  ResidentSetSize of job (KB)
...
006 (9634688.000.000) 04/14 16:57:58 Image size of job updated: 27628876
	21708  -  MemoryUsage of job (MB)
	22228708  -  ResidentSetSize of job (KB)
...
006 (9634688.000.000) 04/14 17:02:59 Image size of job updated: 27684840
	21792  -  MemoryUsage of job (MB)
	22314836  -  ResidentSetSize of job (KB)
...
006 (9634688.000.000) 04/14 17:08:00 Image size of job updated: 27741712
	21873  -  MemoryUsage of job (MB)
	22397288  -  ResidentSetSize of job (KB)
...
006 (9634688.000.000) 04/14 17:13:00 Image size of job updated: 27799552
	21954  -  MemoryUsage of job (MB)
	22480820  -  ResidentSetSize of job (KB)
...
006 (9634688.000.000) 04/14 17:18:01 Image size of job updated: 27848456
	22026  -  MemoryUsage of job (MB)
	22554012  -  ResidentSetSize of job (KB)
...
006 (9634688.000.000) 04/14 17:23:02 Image size of job updated: 27900144
	22098  -  MemoryUsage of job (MB)
	22628172  -  ResidentSetSize of job (KB)
...
006 (9634688.000.000) 04/14 17:28:02 Image size of job updated: 27952740
	22172  -  MemoryUsage of job (MB)
	22704072  -  ResidentSetSize of job (KB)
...
006 (9634688.000.000) 04/14 17:33:02 Image size of job updated: 28002032
	22244  -  MemoryUsage of job (MB)
	22777784  -  ResidentSetSize of job (KB)
...
006 (9634688.000.000) 04/14 17:38:03 Image size of job updated: 28055404
	22318  -  MemoryUsage of job (MB)
	22853408  -  ResidentSetSize of job (KB)
...
006 (9634688.000.000) 04/14 17:43:03 Image size of job updated: 28693160
	22386  -  MemoryUsage of job (MB)
	22922568  -  ResidentSetSize of job (KB)
...
006 (9634688.000.000) 04/14 17:48:03 Image size of job updated: 28740252
	22454  -  MemoryUsage of job (MB)
	22992436  -  ResidentSetSize of job (KB)
...
006 (9634688.000.000) 04/14 17:53:04 Image size of job updated: 28788248
	22524  -  MemoryUsage of job (MB)
	23064032  -  ResidentSetSize of job (KB)
...
006 (9634688.000.000) 04/14 17:58:05 Image size of job updated: 28840068
	22597  -  MemoryUsage of job (MB)
	23138800  -  ResidentSetSize of job (KB)
...
006 (9634688.000.000) 04/14 18:03:05 Image size of job updated: 28891756
	22670  -  MemoryUsage of job (MB)
	23213228  -  ResidentSetSize of job (KB)
...
006 (9634688.000.000) 04/14 18:08:05 Image size of job updated: 28948108
	22751  -  MemoryUsage of job (MB)
	23296456  -  ResidentSetSize of job (KB)
...
006 (9634688.000.000) 04/14 18:13:06 Image size of job updated: 29008284
	22835  -  MemoryUsage of job (MB)
	23382180  -  ResidentSetSize of job (KB)
...
006 (9634688.000.000) 04/14 18:18:06 Image size of job updated: 29056148
	22904  -  MemoryUsage of job (MB)
	23453252  -  ResidentSetSize of job (KB)
...
006 (9634688.000.000) 04/14 18:23:06 Image size of job updated: 29104212
	22970  -  MemoryUsage of job (MB)
	23520828  -  ResidentSetSize of job (KB)
...
006 (9634688.000.000) 04/14 18:28:07 Image size of job updated: 29154284
	23044  -  MemoryUsage of job (MB)
	23596236  -  ResidentSetSize of job (KB)
...
006 (9634688.000.000) 04/14 18:33:08 Image size of job updated: 29205972
	23117  -  MemoryUsage of job (MB)
	23670884  -  ResidentSetSize of job (KB)
...
006 (9634688.000.000) 04/14 18:38:08 Image size of job updated: 29257272
	23188  -  MemoryUsage of job (MB)
	23744320  -  ResidentSetSize of job (KB)
...
006 (9634688.000.000) 04/14 18:43:08 Image size of job updated: 29305268
	23258  -  MemoryUsage of job (MB)
	23815364  -  ResidentSetSize of job (KB)
...
006 (9634688.000.000) 04/14 18:48:09 Image size of job updated: 29356036
	23328  -  MemoryUsage of job (MB)
	23887168  -  ResidentSetSize of job (KB)
...
006 (9634688.000.000) 04/14 18:53:09 Image size of job updated: 29400728
	23396  -  MemoryUsage of job (MB)
	23956584  -  ResidentSetSize of job (KB)
...
006 (9634688.000.000) 04/14 18:58:09 Image size of job updated: 29451640
	23464  -  MemoryUsage of job (MB)
	24026236  -  ResidentSetSize of job (KB)
...
006 (9634688.000.000) 04/14 19:03:11 Image size of job updated: 29499828
	23533  -  MemoryUsage of job (MB)
	24096784  -  ResidentSetSize of job (KB)
...
006 (9634688.000.000) 04/14 19:08:11 Image size of job updated: 29543616
	23598  -  MemoryUsage of job (MB)
	24164260  -  ResidentSetSize of job (KB)
...
006 (9634688.000.000) 04/14 19:13:11 Image size of job updated: 29593364
	23668  -  MemoryUsage of job (MB)
	24235500  -  ResidentSetSize of job (KB)
...
006 (9634688.000.000) 04/14 19:18:12 Image size of job updated: 29645828
	23741  -  MemoryUsage of job (MB)
	24310424  -  ResidentSetSize of job (KB)
...
006 (9634688.000.000) 04/14 19:23:13 Image size of job updated: 29690136
	23808  -  MemoryUsage of job (MB)
	24378888  -  ResidentSetSize of job (KB)
...
006 (9634688.000.000) 04/14 19:28:13 Image size of job updated: 29739232
	23875  -  MemoryUsage of job (MB)
	24447644  -  ResidentSetSize of job (KB)
...
006 (9634688.000.000) 04/14 19:33:13 Image size of job updated: 29789624
	23946  -  MemoryUsage of job (MB)
	24519896  -  ResidentSetSize of job (KB)
...
006 (9634688.000.000) 04/14 19:38:14 Image size of job updated: 29844036
	24024  -  MemoryUsage of job (MB)
	24599628  -  ResidentSetSize of job (KB)
...
006 (9634688.000.000) 04/14 19:43:14 Image size of job updated: 29900776
	24105  -  MemoryUsage of job (MB)
	24682976  -  ResidentSetSize of job (KB)
...
006 (9634688.000.000) 04/14 19:48:14 Image size of job updated: 29959720
	24191  -  MemoryUsage of job (MB)
	24771016  -  ResidentSetSize of job (KB)
...
006 (9634688.000.000) 04/14 19:53:15 Image size of job updated: 31205692
	24283  -  MemoryUsage of job (MB)
	24865676  -  ResidentSetSize of job (KB)
...
006 (9634688.000.000) 04/14 19:58:15 Image size of job updated: 31273056
	24377  -  MemoryUsage of job (MB)
	24961896  -  ResidentSetSize of job (KB)
...
006 (9634688.000.000) 04/14 20:03:15 Image size of job updated: 31340292
	24471  -  MemoryUsage of job (MB)
	25058292  -  ResidentSetSize of job (KB)
...
006 (9634688.000.000) 04/14 20:08:16 Image size of job updated: 31403512
	24565  -  MemoryUsage of job (MB)
	25154488  -  ResidentSetSize of job (KB)
...
006 (9634688.000.000) 04/14 20:13:17 Image size of job updated: 31470356
	24659  -  MemoryUsage of job (MB)
	25250024  -  ResidentSetSize of job (KB)
...
006 (9634688.000.000) 04/14 20:18:17 Image size of job updated: 31532280
	24750  -  MemoryUsage of job (MB)
	25343748  -  ResidentSetSize of job (KB)
...
006 (9634688.000.000) 04/14 20:23:17 Image size of job updated: 31598216
	24841  -  MemoryUsage of job (MB)
	25437100  -  ResidentSetSize of job (KB)
...
006 (9634688.000.000) 04/14 20:28:19 Image size of job updated: 31664544
	24933  -  MemoryUsage of job (MB)
	25531188  -  ResidentSetSize of job (KB)
...
006 (9634688.000.000) 04/14 20:33:19 Image size of job updated: 31726080
	25024  -  MemoryUsage of job (MB)
	25624104  -  ResidentSetSize of job (KB)
...
006 (9634688.000.000) 04/14 20:38:19 Image size of job updated: 31792016
	25116  -  MemoryUsage of job (MB)
	25718224  -  ResidentSetSize of job (KB)
...
006 (9634688.000.000) 04/14 20:43:20 Image size of job updated: 31852256
	25205  -  MemoryUsage of job (MB)
	25808928  -  ResidentSetSize of job (KB)
...
006 (9634688.000.000) 04/14 20:48:21 Image size of job updated: 31914828
	25290  -  MemoryUsage of job (MB)
	25895980  -  ResidentSetSize of job (KB)
...
006 (9634688.000.000) 04/14 20:53:21 Image size of job updated: 31972996
	25375  -  MemoryUsage of job (MB)
	25983332  -  ResidentSetSize of job (KB)
...
006 (9634688.000.000) 04/14 20:58:21 Image size of job updated: 32030256
	25458  -  MemoryUsage of job (MB)
	26068296  -  ResidentSetSize of job (KB)
...
006 (9634688.000.000) 04/14 21:03:23 Image size of job updated: 32092824
	25543  -  MemoryUsage of job (MB)
	26155868  -  ResidentSetSize of job (KB)
...
006 (9634688.000.000) 04/14 21:08:23 Image size of job updated: 32154616
	25634  -  MemoryUsage of job (MB)
	26249112  -  ResidentSetSize of job (KB)
...
006 (9634688.000.000) 04/14 21:13:23 Image size of job updated: 32211488
	25721  -  MemoryUsage of job (MB)
	26337840  -  ResidentSetSize of job (KB)
...
006 (9634688.000.000) 04/14 21:18:24 Image size of job updated: 32276516
	25721  -  MemoryUsage of job (MB)
	26337844  -  ResidentSetSize of job (KB)
...
006 (9634688.000.000) 04/14 21:23:25 Image size of job updated: 32333776
	25721  -  MemoryUsage of job (MB)
	26337844  -  ResidentSetSize of job (KB)
...
006 (9634688.000.000) 04/14 21:28:25 Image size of job updated: 32397776
	25721  -  MemoryUsage of job (MB)
	26337844  -  ResidentSetSize of job (KB)
...
006 (9634688.000.000) 04/14 21:33:26 Image size of job updated: 32452832
	25721  -  MemoryUsage of job (MB)
	26337844  -  ResidentSetSize of job (KB)
...
006 (9634688.000.000) 04/14 21:38:27 Image size of job updated: 32507500
	25721  -  MemoryUsage of job (MB)
	26337844  -  ResidentSetSize of job (KB)
...
006 (9634688.000.000) 04/14 21:43:27 Image size of job updated: 32562688
	25721  -  MemoryUsage of job (MB)
	26337844  -  ResidentSetSize of job (KB)
...
006 (9634688.000.000) 04/14 21:48:27 Image size of job updated: 32615152
	25721  -  MemoryUsage of job (MB)
	26337844  -  ResidentSetSize of job (KB)
...
006 (9634688.000.000) 04/14 21:53:29 Image size of job updated: 32669564
	25721  -  MemoryUsage of job (MB)
	26337844  -  ResidentSetSize of job (KB)
...
006 (9634688.000.000) 04/14 21:58:29 Image size of job updated: 32723324
	25721  -  MemoryUsage of job (MB)
	26337844  -  ResidentSetSize of job (KB)
...
006 (9634688.000.000) 04/14 22:03:29 Image size of job updated: 32778768
	25721  -  MemoryUsage of job (MB)
	26337844  -  ResidentSetSize of job (KB)
...
006 (9634688.000.000) 04/14 22:08:30 Image size of job updated: 32840644
	25721  -  MemoryUsage of job (MB)
	26337844  -  ResidentSetSize of job (KB)
...
006 (9634688.000.000) 04/14 22:13:31 Image size of job updated: 32901140
	25721  -  MemoryUsage of job (MB)
	26337844  -  ResidentSetSize of job (KB)
...
006 (9634688.000.000) 04/14 22:18:31 Image size of job updated: 32956460
	25721  -  MemoryUsage of job (MB)
	26337844  -  ResidentSetSize of job (KB)
...
006 (9634688.000.000) 04/14 22:23:32 Image size of job updated: 33022008
	25721  -  MemoryUsage of job (MB)
	26337844  -  ResidentSetSize of job (KB)
...
006 (9634688.000.000) 04/14 22:28:33 Image size of job updated: 33081076
	25721  -  MemoryUsage of job (MB)
	26337844  -  ResidentSetSize of job (KB)
...
006 (9634688.000.000) 04/14 22:33:33 Image size of job updated: 33130824
	25721  -  MemoryUsage of job (MB)
	26337844  -  ResidentSetSize of job (KB)
...
006 (9634688.000.000) 04/14 22:38:33 Image size of job updated: 33186268
	25721  -  MemoryUsage of job (MB)
	26337844  -  ResidentSetSize of job (KB)
...
006 (9634688.000.000) 04/14 22:43:34 Image size of job updated: 33233424
	25721  -  MemoryUsage of job (MB)
	26337844  -  ResidentSetSize of job (KB)
...
006 (9634688.000.000) 04/14 22:48:35 Image size of job updated: 33280712
	25721  -  MemoryUsage of job (MB)
	26337844  -  ResidentSetSize of job (KB)
...
006 (9634688.000.000) 04/14 22:53:35 Image size of job updated: 33333176
	25721  -  MemoryUsage of job (MB)
	26337844  -  ResidentSetSize of job (KB)
...
006 (9634688.000.000) 04/14 22:58:36 Image size of job updated: 33377220
	25721  -  MemoryUsage of job (MB)
	26337844  -  ResidentSetSize of job (KB)
...
006 (9634688.000.000) 04/14 23:03:37 Image size of job updated: 33422820
	25721  -  MemoryUsage of job (MB)
	26337844  -  ResidentSetSize of job (KB)
...
006 (9634688.000.000) 04/14 23:08:37 Image size of job updated: 33475288
	25721  -  MemoryUsage of job (MB)
	26337844  -  ResidentSetSize of job (KB)
...
006 (9634688.000.000) 04/14 23:13:37 Image size of job updated: 33519848
	25721  -  MemoryUsage of job (MB)
	26337844  -  ResidentSetSize of job (KB)
...
006 (9634688.000.000) 04/14 23:18:39 Image size of job updated: 33565320
	25721  -  MemoryUsage of job (MB)
	26337844  -  ResidentSetSize of job (KB)
...
006 (9634688.000.000) 04/14 23:23:39 Image size of job updated: 33619468
	25721  -  MemoryUsage of job (MB)
	26337844  -  ResidentSetSize of job (KB)
...
006 (9634688.000.000) 04/14 23:28:39 Image size of job updated: 33663388
	25721  -  MemoryUsage of job (MB)
	26337844  -  ResidentSetSize of job (KB)
...
006 (9634688.000.000) 04/14 23:33:40 Image size of job updated: 33710932
	25721  -  MemoryUsage of job (MB)
	26337844  -  ResidentSetSize of job (KB)
...
006 (9634688.000.000) 04/14 23:38:41 Image size of job updated: 36127356
	25721  -  MemoryUsage of job (MB)
	26337844  -  ResidentSetSize of job (KB)
...
006 (9634688.000.000) 04/14 23:43:41 Image size of job updated: 36174644
	25721  -  MemoryUsage of job (MB)
	26337844  -  ResidentSetSize of job (KB)
...
006 (9634688.000.000) 04/14 23:48:42 Image size of job updated: 36234876
	25721  -  MemoryUsage of job (MB)
	26337844  -  ResidentSetSize of job (KB)
...
006 (9634688.000.000) 04/14 23:53:43 Image size of job updated: 36296024
	25721  -  MemoryUsage of job (MB)
	26337844  -  ResidentSetSize of job (KB)
...
006 (9634688.000.000) 04/14 23:58:43 Image size of job updated: 36348232
	25721  -  MemoryUsage of job (MB)
	26337844  -  ResidentSetSize of job (KB)
...
006 (9634688.000.000) 04/15 00:03:43 Image size of job updated: 36413780
	25721  -  MemoryUsage of job (MB)
	26337844  -  ResidentSetSize of job (KB)
...
006 (9634688.000.000) 04/15 00:08:44 Image size of job updated: 36466376
	25721  -  MemoryUsage of job (MB)
	26337844  -  ResidentSetSize of job (KB)
...
006 (9634688.000.000) 04/15 00:13:44 Image size of job updated: 36529468
	25721  -  MemoryUsage of job (MB)
	26337844  -  ResidentSetSize of job (KB)
...
006 (9634688.000.000) 04/15 00:18:44 Image size of job updated: 36590740
	25721  -  MemoryUsage of job (MB)
	26337844  -  ResidentSetSize of job (KB)
...
006 (9634688.000.000) 04/15 00:23:46 Image size of job updated: 36653828
	25721  -  MemoryUsage of job (MB)
	26337844  -  ResidentSetSize of job (KB)
...
006 (9634688.000.000) 04/15 00:28:46 Image size of job updated: 36709924
	25721  -  MemoryUsage of job (MB)
	26337844  -  ResidentSetSize of job (KB)
...
006 (9634688.000.000) 04/15 00:33:46 Image size of job updated: 36776380
	25721  -  MemoryUsage of job (MB)
	26337844  -  ResidentSetSize of job (KB)
...
006 (9634688.000.000) 04/15 00:38:47 Image size of job updated: 36840636
	25721  -  MemoryUsage of job (MB)
	26337844  -  ResidentSetSize of job (KB)
...
006 (9634688.000.000) 04/15 00:43:48 Image size of job updated: 36905020
	25721  -  MemoryUsage of job (MB)
	26337844  -  ResidentSetSize of job (KB)
...
006 (9634688.000.000) 04/15 00:48:48 Image size of job updated: 36958136
	25721  -  MemoryUsage of job (MB)
	26337844  -  ResidentSetSize of job (KB)
...
006 (9634688.000.000) 04/15 00:53:48 Image size of job updated: 37022388
	25721  -  MemoryUsage of job (MB)
	26337844  -  ResidentSetSize of job (KB)
...
006 (9634688.000.000) 04/15 00:58:49 Image size of job updated: 37084956
	25721  -  MemoryUsage of job (MB)
	26337844  -  ResidentSetSize of job (KB)
...
006 (9634688.000.000) 04/15 01:03:49 Image size of job updated: 37133408
	25721  -  MemoryUsage of job (MB)
	26337844  -  ResidentSetSize of job (KB)
...
006 (9634688.000.000) 04/15 01:08:49 Image size of job updated: 37181084
	25721  -  MemoryUsage of job (MB)
	26337844  -  ResidentSetSize of job (KB)
...
006 (9634688.000.000) 04/15 01:13:50 Image size of job updated: 37240804
	25721  -  MemoryUsage of job (MB)
	26337844  -  ResidentSetSize of job (KB)
...
006 (9634688.000.000) 04/15 01:18:51 Image size of job updated: 37302852
	25721  -  MemoryUsage of job (MB)
	26337844  -  ResidentSetSize of job (KB)
...
006 (9634688.000.000) 04/15 01:23:51 Image size of job updated: 37358560
	25721  -  MemoryUsage of job (MB)
	26337844  -  ResidentSetSize of job (KB)
...
006 (9634688.000.000) 04/15 01:28:52 Image size of job updated: 37418148
	25721  -  MemoryUsage of job (MB)
	26337844  -  ResidentSetSize of job (KB)
...
006 (9634688.000.000) 04/15 01:33:53 Image size of job updated: 37483312
	25721  -  MemoryUsage of job (MB)
	26337844  -  ResidentSetSize of job (KB)
...
006 (9634688.000.000) 04/15 01:38:53 Image size of job updated: 37548860
	25721  -  MemoryUsage of job (MB)
	26337844  -  ResidentSetSize of job (KB)
...
006 (9634688.000.000) 04/15 01:43:53 Image size of job updated: 37597444
	25721  -  MemoryUsage of job (MB)
	26337844  -  ResidentSetSize of job (KB)
...
006 (9634688.000.000) 04/15 01:48:55 Image size of job updated: 37642524
	25721  -  MemoryUsage of job (MB)
	26337844  -  ResidentSetSize of job (KB)
...
006 (9634688.000.000) 04/15 01:53:55 Image size of job updated: 37696544
	25721  -  MemoryUsage of job (MB)
	26337844  -  ResidentSetSize of job (KB)
...
006 (9634688.000.000) 04/15 01:58:55 Image size of job updated: 37745124
	25721  -  MemoryUsage of job (MB)
	26337844  -  ResidentSetSize of job (KB)
...
006 (9634688.000.000) 04/15 02:03:56 Image size of job updated: 37799144
	25721  -  MemoryUsage of job (MB)
	26337844  -  ResidentSetSize of job (KB)
...
006 (9634688.000.000) 04/15 02:08:57 Image size of job updated: 37844612
	25721  -  MemoryUsage of job (MB)
	26337844  -  ResidentSetSize of job (KB)
...
006 (9634688.000.000) 04/15 02:13:57 Image size of job updated: 37892288
	25721  -  MemoryUsage of job (MB)
	26337844  -  ResidentSetSize of job (KB)
...
006 (9634688.000.000) 04/15 02:18:58 Image size of job updated: 37949028
	25721  -  MemoryUsage of job (MB)
	26337844  -  ResidentSetSize of job (KB)
...
006 (9634688.000.000) 04/15 02:23:59 Image size of job updated: 37997868
	25721  -  MemoryUsage of job (MB)
	26337844  -  ResidentSetSize of job (KB)
...
006 (9634688.000.000) 04/15 02:28:59 Image size of job updated: 38057068
	25721  -  MemoryUsage of job (MB)
	26337844  -  ResidentSetSize of job (KB)
...
006 (9634688.000.000) 04/15 02:33:59 Image size of job updated: 38105132
	25721  -  MemoryUsage of job (MB)
	26338044  -  ResidentSetSize of job (KB)
...
006 (9634688.000.000) 04/15 02:39:00 Image size of job updated: 38163812
	25816  -  MemoryUsage of job (MB)
	26435256  -  ResidentSetSize of job (KB)
...
006 (9634688.000.000) 04/15 02:44:01 Image size of job updated: 38215244
	25913  -  MemoryUsage of job (MB)
	26534572  -  ResidentSetSize of job (KB)
...
006 (9634688.000.000) 04/15 02:49:01 Image size of job updated: 38275740
	26011  -  MemoryUsage of job (MB)
	26635040  -  ResidentSetSize of job (KB)
...
006 (9634688.000.000) 04/15 02:54:02 Image size of job updated: 38323160
	26099  -  MemoryUsage of job (MB)
	26725000  -  ResidentSetSize of job (KB)
...
006 (9634688.000.000) 04/15 02:59:03 Image size of job updated: 38379248
	26187  -  MemoryUsage of job (MB)
	26815332  -  ResidentSetSize of job (KB)
...
006 (9634688.000.000) 04/15 03:04:03 Image size of job updated: 38426404
	26275  -  MemoryUsage of job (MB)
	26904688  -  ResidentSetSize of job (KB)
...
006 (9634688.000.000) 04/15 03:09:04 Image size of job updated: 38483664
	26367  -  MemoryUsage of job (MB)
	26998832  -  ResidentSetSize of job (KB)
...
006 (9634688.000.000) 04/15 03:14:05 Image size of job updated: 38539240
	26472  -  MemoryUsage of job (MB)
	27107144  -  ResidentSetSize of job (KB)
...
006 (9634688.000.000) 04/15 03:19:06 Image size of job updated: 38598828
	26569  -  MemoryUsage of job (MB)
	27206368  -  ResidentSetSize of job (KB)
...
006 (9634688.000.000) 04/15 03:24:06 Image size of job updated: 38659328
	26667  -  MemoryUsage of job (MB)
	27306540  -  ResidentSetSize of job (KB)
...
006 (9634688.000.000) 04/15 03:29:07 Image size of job updated: 38711664
	26766  -  MemoryUsage of job (MB)
	27408364  -  ResidentSetSize of job (KB)
...
006 (9634688.000.000) 04/15 03:34:08 Image size of job updated: 38772420
	26864  -  MemoryUsage of job (MB)
	27508204  -  ResidentSetSize of job (KB)
...
006 (9634688.000.000) 04/15 03:39:08 Image size of job updated: 38823980
	26961  -  MemoryUsage of job (MB)
	27607308  -  ResidentSetSize of job (KB)
...
006 (9634688.000.000) 04/15 03:44:08 Image size of job updated: 38886164
	27063  -  MemoryUsage of job (MB)
	27711512  -  ResidentSetSize of job (KB)
...
006 (9634688.000.000) 04/15 03:49:09 Image size of job updated: 38944200
	27155  -  MemoryUsage of job (MB)
	27806212  -  ResidentSetSize of job (KB)
...
006 (9634688.000.000) 04/15 03:54:09 Image size of job updated: 38991224
	27241  -  MemoryUsage of job (MB)
	27894356  -  ResidentSetSize of job (KB)
...
006 (9634688.000.000) 04/15 03:59:09 Image size of job updated: 39037212
	27330  -  MemoryUsage of job (MB)
	27985316  -  ResidentSetSize of job (KB)
...
006 (9634688.000.000) 04/15 04:04:10 Image size of job updated: 39095252
	27424  -  MemoryUsage of job (MB)
	28081256  -  ResidentSetSize of job (KB)
...
006 (9634688.000.000) 04/15 04:09:11 Image size of job updated: 39159892
	27531  -  MemoryUsage of job (MB)
	28191600  -  ResidentSetSize of job (KB)
...
006 (9634688.000.000) 04/15 04:14:11 Image size of job updated: 39218448
	27643  -  MemoryUsage of job (MB)
	28306384  -  ResidentSetSize of job (KB)
...
006 (9634688.000.000) 04/15 04:19:11 Image size of job updated: 39275188
	27732  -  MemoryUsage of job (MB)
	28397432  -  ResidentSetSize of job (KB)
...
006 (9634688.000.000) 04/15 04:24:12 Image size of job updated: 39320404
	27815  -  MemoryUsage of job (MB)
	28481964  -  ResidentSetSize of job (KB)
...
006 (9634688.000.000) 04/15 04:29:12 Image size of job updated: 39379992
	27912  -  MemoryUsage of job (MB)
	28581028  -  ResidentSetSize of job (KB)
...
006 (9634688.000.000) 04/15 04:34:12 Image size of job updated: 39433364
	28011  -  MemoryUsage of job (MB)
	28682548  -  ResidentSetSize of job (KB)
...
006 (9634688.000.000) 04/15 04:39:13 Image size of job updated: 39490104
	28102  -  MemoryUsage of job (MB)
	28775848  -  ResidentSetSize of job (KB)
...
006 (9634688.000.000) 04/15 04:44:14 Image size of job updated: 39551512
	28203  -  MemoryUsage of job (MB)
	28879340  -  ResidentSetSize of job (KB)
...
006 (9634688.000.000) 04/15 04:49:14 Image size of job updated: 39608900
	28312  -  MemoryUsage of job (MB)
	28990820  -  ResidentSetSize of job (KB)
...
006 (9634688.000.000) 04/15 04:54:14 Image size of job updated: 39676524
	28426  -  MemoryUsage of job (MB)
	29107256  -  ResidentSetSize of job (KB)
...
006 (9634688.000.000) 04/15 04:59:15 Image size of job updated: 39749876
	28534  -  MemoryUsage of job (MB)
	29218476  -  ResidentSetSize of job (KB)
...
006 (9634688.000.000) 04/15 05:04:15 Image size of job updated: 39812576
	28637  -  MemoryUsage of job (MB)
	29324112  -  ResidentSetSize of job (KB)
...
006 (9634688.000.000) 04/15 05:09:15 Image size of job updated: 39859084
	28746  -  MemoryUsage of job (MB)
	29435604  -  ResidentSetSize of job (KB)
...
006 (9634688.000.000) 04/15 05:14:16 Image size of job updated: 39927616
	28858  -  MemoryUsage of job (MB)
	29549644  -  ResidentSetSize of job (KB)
...
006 (9634688.000.000) 04/15 05:19:17 Image size of job updated: 39992000
	28970  -  MemoryUsage of job (MB)
	29664756  -  ResidentSetSize of job (KB)
...
006 (9634688.000.000) 04/15 05:24:17 Image size of job updated: 40053272
	29069  -  MemoryUsage of job (MB)
	29765640  -  ResidentSetSize of job (KB)
...
006 (9634688.000.000) 04/15 05:29:17 Image size of job updated: 40117008
	29174  -  MemoryUsage of job (MB)
	29874160  -  ResidentSetSize of job (KB)
...
006 (9634688.000.000) 04/15 05:34:18 Image size of job updated: 40178024
	29274  -  MemoryUsage of job (MB)
	29976444  -  ResidentSetSize of job (KB)
...
006 (9634688.000.000) 04/15 05:39:19 Image size of job updated: 40240592
	29377  -  MemoryUsage of job (MB)
	30081836  -  ResidentSetSize of job (KB)
...
006 (9634688.000.000) 04/15 05:44:19 Image size of job updated: 40283608
	29473  -  MemoryUsage of job (MB)
	30179508  -  ResidentSetSize of job (KB)
...
006 (9634688.000.000) 04/15 05:49:20 Image size of job updated: 40336720
	29555  -  MemoryUsage of job (MB)
	30264256  -  ResidentSetSize of job (KB)
...
006 (9634688.000.000) 04/15 05:54:21 Image size of job updated: 40398512
	29657  -  MemoryUsage of job (MB)
	30368372  -  ResidentSetSize of job (KB)
...
006 (9634688.000.000) 04/15 05:59:21 Image size of job updated: 40461988
	29762  -  MemoryUsage of job (MB)
	30475588  -  ResidentSetSize of job (KB)
...
006 (9634688.000.000) 04/15 06:04:21 Image size of job updated: 40503056
	29853  -  MemoryUsage of job (MB)
	30569192  -  ResidentSetSize of job (KB)
...
006 (9634688.000.000) 04/15 06:09:22 Image size of job updated: 40563944
	29953  -  MemoryUsage of job (MB)
	30671244  -  ResidentSetSize of job (KB)
...
006 (9634688.000.000) 04/15 06:14:23 Image size of job updated: 40624572
	30051  -  MemoryUsage of job (MB)
	30771548  -  ResidentSetSize of job (KB)
...
006 (9634688.000.000) 04/15 06:19:23 Image size of job updated: 40680272
	30138  -  MemoryUsage of job (MB)
	30861288  -  ResidentSetSize of job (KB)
...
006 (9634688.000.000) 04/15 06:24:24 Image size of job updated: 40717584
	30222  -  MemoryUsage of job (MB)
	30947292  -  ResidentSetSize of job (KB)
...
006 (9634688.000.000) 04/15 06:29:25 Image size of job updated: 40772644
	30308  -  MemoryUsage of job (MB)
	31035204  -  ResidentSetSize of job (KB)
...
006 (9634688.000.000) 04/15 06:34:25 Image size of job updated: 40826272
	30392  -  MemoryUsage of job (MB)
	31120480  -  ResidentSetSize of job (KB)
...
006 (9634688.000.000) 04/15 06:39:25 Image size of job updated: 40863196
	30474  -  MemoryUsage of job (MB)
	31204800  -  ResidentSetSize of job (KB)
...
006 (9634688.000.000) 04/15 06:44:27 Image size of job updated: 40921488
	30566  -  MemoryUsage of job (MB)
	31299304  -  ResidentSetSize of job (KB)
...
006 (9634688.000.000) 04/15 06:49:27 Image size of job updated: 40977324
	30656  -  MemoryUsage of job (MB)
	31391356  -  ResidentSetSize of job (KB)
...
006 (9634688.000.000) 04/15 06:54:27 Image size of job updated: 41031340
	30740  -  MemoryUsage of job (MB)
	31476976  -  ResidentSetSize of job (KB)
...
006 (9634688.000.000) 04/15 06:59:28 Image size of job updated: 41067100
	30820  -  MemoryUsage of job (MB)
	31558700  -  ResidentSetSize of job (KB)
...
006 (9634688.000.000) 04/15 07:04:29 Image size of job updated: 41124616
	30911  -  MemoryUsage of job (MB)
	31652672  -  ResidentSetSize of job (KB)
...
006 (9634688.000.000) 04/15 07:09:29 Image size of job updated: 41177728
	30993  -  MemoryUsage of job (MB)
	31736404  -  ResidentSetSize of job (KB)
...
006 (9634688.000.000) 04/15 07:14:30 Image size of job updated: 41219316
	31086  -  MemoryUsage of job (MB)
	31831960  -  ResidentSetSize of job (KB)
...
006 (9634688.000.000) 04/15 07:19:31 Image size of job updated: 46004752
	31199  -  MemoryUsage of job (MB)
	31947464  -  ResidentSetSize of job (KB)
...
006 (9634688.000.000) 04/15 07:24:31 Image size of job updated: 46067452
	31302  -  MemoryUsage of job (MB)
	32052964  -  ResidentSetSize of job (KB)
...
006 (9634688.000.000) 04/15 07:29:31 Image size of job updated: 46130544
	31406  -  MemoryUsage of job (MB)
	32159388  -  ResidentSetSize of job (KB)
...
006 (9634688.000.000) 04/15 07:34:32 Image size of job updated: 46193500
	31510  -  MemoryUsage of job (MB)
	32265644  -  ResidentSetSize of job (KB)
...
006 (9634688.000.000) 04/15 07:39:33 Image size of job updated: 46259048
	31620  -  MemoryUsage of job (MB)
	32377868  -  ResidentSetSize of job (KB)
...
006 (9634688.000.000) 04/15 07:44:33 Image size of job updated: 46322008
	31724  -  MemoryUsage of job (MB)
	32484632  -  ResidentSetSize of job (KB)
...
006 (9634688.000.000) 04/15 07:49:34 Image size of job updated: 46368260
	31827  -  MemoryUsage of job (MB)
	32590704  -  ResidentSetSize of job (KB)
...
006 (9634688.000.000) 04/15 07:54:35 Image size of job updated: 46429920
	31929  -  MemoryUsage of job (MB)
	32694308  -  ResidentSetSize of job (KB)
...
006 (9634688.000.000) 04/15 07:59:35 Image size of job updated: 46491324
	32029  -  MemoryUsage of job (MB)
	32797352  -  ResidentSetSize of job (KB)
...
006 (9634688.000.000) 04/15 08:04:35 Image size of job updated: 46550916
	32125  -  MemoryUsage of job (MB)
	32895108  -  ResidentSetSize of job (KB)
...
006 (9634688.000.000) 04/15 08:09:36 Image size of job updated: 46613616
	32229  -  MemoryUsage of job (MB)
	33002064  -  ResidentSetSize of job (KB)
...
006 (9634688.000.000) 04/15 08:14:36 Image size of job updated: 46673592
	32325  -  MemoryUsage of job (MB)
	33100704  -  ResidentSetSize of job (KB)
...
006 (9634688.000.000) 04/15 08:19:36 Image size of job updated: 46712720
	32413  -  MemoryUsage of job (MB)
	33190520  -  ResidentSetSize of job (KB)
...
006 (9634688.000.000) 04/15 08:24:37 Image size of job updated: 46772832
	32511  -  MemoryUsage of job (MB)
	33290800  -  ResidentSetSize of job (KB)
...
006 (9634688.000.000) 04/15 08:29:38 Image size of job updated: 46829696
	32605  -  MemoryUsage of job (MB)
	33387044  -  ResidentSetSize of job (KB)
...
006 (9634688.000.000) 04/15 08:34:38 Image size of job updated: 46888896
	32700  -  MemoryUsage of job (MB)
	33484312  -  ResidentSetSize of job (KB)
...
006 (9634688.000.000) 04/15 08:39:39 Image size of job updated: 46928412
	32790  -  MemoryUsage of job (MB)
	33576032  -  ResidentSetSize of job (KB)
...
006 (9634688.000.000) 04/15 08:44:40 Image size of job updated: 46987616
	32884  -  MemoryUsage of job (MB)
	33673180  -  ResidentSetSize of job (KB)
...
006 (9634688.000.000) 04/15 08:49:40 Image size of job updated: 47044744
	32975  -  MemoryUsage of job (MB)
	33765720  -  ResidentSetSize of job (KB)
...
006 (9634688.000.000) 04/15 08:54:40 Image size of job updated: 47082056
	33058  -  MemoryUsage of job (MB)
	33850772  -  ResidentSetSize of job (KB)
...
006 (9634688.000.000) 04/15 08:59:42 Image size of job updated: 47134908
	33140  -  MemoryUsage of job (MB)
	33934968  -  ResidentSetSize of job (KB)
...
006 (9634688.000.000) 04/15 09:04:42 Image size of job updated: 47187244
	33220  -  MemoryUsage of job (MB)
	34016372  -  ResidentSetSize of job (KB)
...
006 (9634688.000.000) 04/15 09:09:42 Image size of job updated: 47222872
	33299  -  MemoryUsage of job (MB)
	34098024  -  ResidentSetSize of job (KB)
...
006 (9634688.000.000) 04/15 09:14:43 Image size of job updated: 47274948
	33379  -  MemoryUsage of job (MB)
	34179892  -  ResidentSetSize of job (KB)
...
006 (9634688.000.000) 04/15 09:19:44 Image size of job updated: 47327412
	33460  -  MemoryUsage of job (MB)
	34262632  -  ResidentSetSize of job (KB)
...
006 (9634688.000.000) 04/15 09:24:44 Image size of job updated: 47362520
	33538  -  MemoryUsage of job (MB)
	34342260  -  ResidentSetSize of job (KB)
...
006 (9634688.000.000) 04/15 09:29:45 Image size of job updated: 47415764
	33621  -  MemoryUsage of job (MB)
	34427192  -  ResidentSetSize of job (KB)
...
006 (9634688.000.000) 04/15 09:34:45 Image size of job updated: 47471984
	33710  -  MemoryUsage of job (MB)
	34518428  -  ResidentSetSize of job (KB)
...
006 (9634688.000.000) 04/15 09:39:45 Image size of job updated: 47511500
	33798  -  MemoryUsage of job (MB)
	34608356  -  ResidentSetSize of job (KB)
...
006 (9634688.000.000) 04/15 09:44:46 Image size of job updated: 47567332
	33885  -  MemoryUsage of job (MB)
	34697928  -  ResidentSetSize of job (KB)
...
006 (9634688.000.000) 04/15 09:49:46 Image size of job updated: 47621096
	33969  -  MemoryUsage of job (MB)
	34783468  -  ResidentSetSize of job (KB)
...
006 (9634688.000.000) 04/15 09:54:48 Image size of job updated: 47657368
	34050  -  MemoryUsage of job (MB)
	34866212  -  ResidentSetSize of job (KB)
...
006 (9634688.000.000) 04/15 09:59:48 Image size of job updated: 47713200
	34137  -  MemoryUsage of job (MB)
	34955676  -  ResidentSetSize of job (KB)
...
006 (9634688.000.000) 04/15 10:04:48 Image size of job updated: 47770328
	34231  -  MemoryUsage of job (MB)
	35051992  -  ResidentSetSize of job (KB)
...
006 (9634688.000.000) 04/15 10:09:49 Image size of job updated: 47826684
	34320  -  MemoryUsage of job (MB)
	35143460  -  ResidentSetSize of job (KB)
...
006 (9634688.000.000) 04/15 10:14:50 Image size of job updated: 47866844
	34409  -  MemoryUsage of job (MB)
	35234292  -  ResidentSetSize of job (KB)
...
006 (9634688.000.000) 04/15 10:19:50 Image size of job updated: 47920084
	34491  -  MemoryUsage of job (MB)
	35318056  -  ResidentSetSize of job (KB)
...
006 (9634688.000.000) 04/15 10:24:51 Image size of job updated: 47972160
	34570  -  MemoryUsage of job (MB)
	35399416  -  ResidentSetSize of job (KB)
...
006 (9634688.000.000) 04/15 10:29:52 Image size of job updated: 48008696
	34652  -  MemoryUsage of job (MB)
	35482688  -  ResidentSetSize of job (KB)
...
006 (9634688.000.000) 04/15 10:34:52 Image size of job updated: 48059348
	34732  -  MemoryUsage of job (MB)
	35564884  -  ResidentSetSize of job (KB)
...
006 (9634688.000.000) 04/15 10:39:53 Image size of job updated: 48111292
	34811  -  MemoryUsage of job (MB)
	35645740  -  ResidentSetSize of job (KB)
...
006 (9634688.000.000) 04/15 10:44:54 Image size of job updated: 48145756
	34888  -  MemoryUsage of job (MB)
	35724784  -  ResidentSetSize of job (KB)
...
006 (9634688.000.000) 04/15 10:49:54 Image size of job updated: 48196404
	34965  -  MemoryUsage of job (MB)
	35803512  -  ResidentSetSize of job (KB)
...
006 (9634688.000.000) 04/15 10:54:55 Image size of job updated: 48250556
	35049  -  MemoryUsage of job (MB)
	35890100  -  ResidentSetSize of job (KB)
...
006 (9634688.000.000) 04/15 10:59:55 Image size of job updated: 48288256
	35130  -  MemoryUsage of job (MB)
	35972452  -  ResidentSetSize of job (KB)
...
006 (9634688.000.000) 04/15 11:04:55 Image size of job updated: 48336444
	35204  -  MemoryUsage of job (MB)
	36048780  -  ResidentSetSize of job (KB)
...
006 (9634688.000.000) 04/15 11:09:56 Image size of job updated: 48390592
	35290  -  MemoryUsage of job (MB)
	36136200  -  ResidentSetSize of job (KB)
...
006 (9634688.000.000) 04/15 11:14:57 Image size of job updated: 48435028
	35384  -  MemoryUsage of job (MB)
	36233012  -  ResidentSetSize of job (KB)
...
006 (9634688.000.000) 04/15 11:19:57 Image size of job updated: 48495140
	35486  -  MemoryUsage of job (MB)
	36337396  -  ResidentSetSize of job (KB)
...
006 (9634688.000.000) 04/15 11:24:59 Image size of job updated: 48550972
	35573  -  MemoryUsage of job (MB)
	36426336  -  ResidentSetSize of job (KB)
...
006 (9634688.000.000) 04/15 11:29:59 Image size of job updated: 48604600
	35657  -  MemoryUsage of job (MB)
	36512096  -  ResidentSetSize of job (KB)
...
006 (9634688.000.000) 04/15 11:34:59 Image size of job updated: 48653444
	35766  -  MemoryUsage of job (MB)
	36624340  -  ResidentSetSize of job (KB)
...
006 (9634688.000.000) 04/15 11:40:00 Image size of job updated: 48715628
	35868  -  MemoryUsage of job (MB)
	36728324  -  ResidentSetSize of job (KB)
...
006 (9634688.000.000) 04/15 11:45:00 Image size of job updated: 48776512
	35968  -  MemoryUsage of job (MB)
	36830600  -  ResidentSetSize of job (KB)
...
006 (9634688.000.000) 04/15 11:50:01 Image size of job updated: 48839600
	36071  -  MemoryUsage of job (MB)
	36936508  -  ResidentSetSize of job (KB)
...
006 (9634688.000.000) 04/15 11:55:01 Image size of job updated: 48898416
	36166  -  MemoryUsage of job (MB)
	37033012  -  ResidentSetSize of job (KB)
...
006 (9634688.000.000) 04/15 12:00:01 Image size of job updated: 48938964
	36255  -  MemoryUsage of job (MB)
	37124960  -  ResidentSetSize of job (KB)
...
006 (9634688.000.000) 04/15 12:05:02 Image size of job updated: 48992336
	36338  -  MemoryUsage of job (MB)
	37209312  -  ResidentSetSize of job (KB)
...
006 (9634688.000.000) 04/15 12:10:02 Image size of job updated: 49049076
	36428  -  MemoryUsage of job (MB)
	37301408  -  ResidentSetSize of job (KB)
...
006 (9634688.000.000) 04/15 12:15:02 Image size of job updated: 49106464
	36519  -  MemoryUsage of job (MB)
	37395148  -  ResidentSetSize of job (KB)
...
006 (9634688.000.000) 04/15 12:20:03 Image size of job updated: 49144552
	36604  -  MemoryUsage of job (MB)
	37481628  -  ResidentSetSize of job (KB)
...
006 (9634688.000.000) 04/15 12:25:04 Image size of job updated: 49196628
	36688  -  MemoryUsage of job (MB)
	37567748  -  ResidentSetSize of job (KB)
...
006 (9634688.000.000) 04/15 12:30:04 Image size of job updated: 49252072
	36774  -  MemoryUsage of job (MB)
	37656300  -  ResidentSetSize of job (KB)
...
006 (9634688.000.000) 04/15 12:35:05 Image size of job updated: 49286404
	36851  -  MemoryUsage of job (MB)
	37734924  -  ResidentSetSize of job (KB)
...
006 (9634688.000.000) 04/15 12:40:06 Image size of job updated: 49337576
	36928  -  MemoryUsage of job (MB)
	37813700  -  ResidentSetSize of job (KB)
...
006 (9634688.000.000) 04/15 12:45:06 Image size of job updated: 49371000
	37002  -  MemoryUsage of job (MB)
	37889476  -  ResidentSetSize of job (KB)
...
006 (9634688.000.000) 04/15 12:50:07 Image size of job updated: 49421392
	37079  -  MemoryUsage of job (MB)
	37967988  -  ResidentSetSize of job (KB)
...
006 (9634688.000.000) 04/15 12:55:08 Image size of job updated: 49472948
	37157  -  MemoryUsage of job (MB)
	38047920  -  ResidentSetSize of job (KB)
...
006 (9634688.000.000) 04/15 13:00:08 Image size of job updated: 49507280
	37233  -  MemoryUsage of job (MB)
	38125904  -  ResidentSetSize of job (KB)
...
006 (9634688.000.000) 04/15 13:05:08 Image size of job updated: 49557544
	37309  -  MemoryUsage of job (MB)
	38203580  -  ResidentSetSize of job (KB)
...
006 (9634688.000.000) 04/15 13:10:09 Image size of job updated: 49607028
	37382  -  MemoryUsage of job (MB)
	38279032  -  ResidentSetSize of job (KB)
...
006 (9634688.000.000) 04/15 13:15:09 Image size of job updated: 49640972
	37458  -  MemoryUsage of job (MB)
	38356440  -  ResidentSetSize of job (KB)
...
006 (9634688.000.000) 04/15 13:20:10 Image size of job updated: 49691620
	37534  -  MemoryUsage of job (MB)
	38434520  -  ResidentSetSize of job (KB)
...
006 (9634688.000.000) 04/15 13:25:10 Image size of job updated: 49727248
	37614  -  MemoryUsage of job (MB)
	38515752  -  ResidentSetSize of job (KB)
...
006 (9634688.000.000) 04/15 13:30:10 Image size of job updated: 49778940
	37692  -  MemoryUsage of job (MB)
	38595780  -  ResidentSetSize of job (KB)
...
006 (9634688.000.000) 04/15 13:35:11 Image size of job updated: 49830884
	37771  -  MemoryUsage of job (MB)
	38676828  -  ResidentSetSize of job (KB)
...
006 (9634688.000.000) 04/15 13:40:11 Image size of job updated: 49868064
	37858  -  MemoryUsage of job (MB)
	38765920  -  ResidentSetSize of job (KB)
...
006 (9634688.000.000) 04/15 13:45:11 Image size of job updated: 49921960
	37941  -  MemoryUsage of job (MB)
	38851324  -  ResidentSetSize of job (KB)
...
006 (9634688.000.000) 04/15 13:50:12 Image size of job updated: 49973904
	38020  -  MemoryUsage of job (MB)
	38932200  -  ResidentSetSize of job (KB)
...
006 (9634688.000.000) 04/15 13:55:13 Image size of job updated: 50009144
	38099  -  MemoryUsage of job (MB)
	39012784  -  ResidentSetSize of job (KB)
...
006 (9634688.000.000) 04/15 14:00:13 Image size of job updated: 50063548
	38184  -  MemoryUsage of job (MB)
	39099764  -  ResidentSetSize of job (KB)
...
006 (9634688.000.000) 04/15 14:05:14 Image size of job updated: 50116536
	38265  -  MemoryUsage of job (MB)
	39183040  -  ResidentSetSize of job (KB)
...
006 (9634688.000.000) 04/15 14:10:15 Image size of job updated: 50155532
	38352  -  MemoryUsage of job (MB)
	39272280  -  ResidentSetSize of job (KB)
...
006 (9634688.000.000) 04/15 14:15:15 Image size of job updated: 50209680
	38436  -  MemoryUsage of job (MB)
	39357960  -  ResidentSetSize of job (KB)
...
006 (9634688.000.000) 04/15 14:20:16 Image size of job updated: 50265380
	38524  -  MemoryUsage of job (MB)
	39448524  -  ResidentSetSize of job (KB)
...
006 (9634688.000.000) 04/15 14:25:17 Image size of job updated: 50323676
	38618  -  MemoryUsage of job (MB)
	39544452  -  ResidentSetSize of job (KB)
...
006 (9634688.000.000) 04/15 14:30:17 Image size of job updated: 50372132
	38726  -  MemoryUsage of job (MB)
	39655008  -  ResidentSetSize of job (KB)
...
006 (9634688.000.000) 04/15 14:35:17 Image size of job updated: 50437936
	38836  -  MemoryUsage of job (MB)
	39767664  -  ResidentSetSize of job (KB)
...
006 (9634688.000.000) 04/15 14:40:19 Image size of job updated: 50496880
	38931  -  MemoryUsage of job (MB)
	39864508  -  ResidentSetSize of job (KB)
...
006 (9634688.000.000) 04/15 14:45:19 Image size of job updated: 50554012
	39022  -  MemoryUsage of job (MB)
	39957712  -  ResidentSetSize of job (KB)
...
006 (9634688.000.000) 04/15 14:50:19 Image size of job updated: 50609324
	39107  -  MemoryUsage of job (MB)
	40045436  -  ResidentSetSize of job (KB)
...
006 (9634688.000.000) 04/15 14:55:20 Image size of job updated: 50646248
	39107  -  MemoryUsage of job (MB)
	40045440  -  ResidentSetSize of job (KB)
...
006 (9634688.000.000) 04/15 15:00:21 Image size of job updated: 50700784
	39107  -  MemoryUsage of job (MB)
	40045440  -  ResidentSetSize of job (KB)
...
006 (9634688.000.000) 04/15 15:05:21 Image size of job updated: 50762060
	39107  -  MemoryUsage of job (MB)
	40045440  -  ResidentSetSize of job (KB)
...
006 (9634688.000.000) 04/15 15:10:21 Image size of job updated: 50827220
	39107  -  MemoryUsage of job (MB)
	40045440  -  ResidentSetSize of job (KB)
...
006 (9634688.000.000) 04/15 15:15:23 Image size of job updated: 50875544
	39107  -  MemoryUsage of job (MB)
	40045440  -  ResidentSetSize of job (KB)
...
006 (9634688.000.000) 04/15 15:20:23 Image size of job updated: 50932152
	39107  -  MemoryUsage of job (MB)
	40045440  -  ResidentSetSize of job (KB)
...
006 (9634688.000.000) 04/15 15:25:23 Image size of job updated: 50986304
	39107  -  MemoryUsage of job (MB)
	40045440  -  ResidentSetSize of job (KB)
...
006 (9634688.000.000) 04/15 15:30:24 Image size of job updated: 51046892
	39107  -  MemoryUsage of job (MB)
	40045440  -  ResidentSetSize of job (KB)
...
006 (9634688.000.000) 04/15 15:35:25 Image size of job updated: 51090164
	39107  -  MemoryUsage of job (MB)
	40045440  -  ResidentSetSize of job (KB)
...
