000 (9426711.000.000) 03/14 10:22:17 Job submitted from host: <137.138.156.150:9618?addrs=137.138.156.150-9618+[2001-1458-d00-14--9a]-9618&alias=bigbird13.cern.ch&noUDP&sock=schedd_5144_ef43>
...
040 (9426711.000.000) 03/14 10:27:55 Started transferring input files
	Transferring to host: <128.142.56.36:9618?addrs=128.142.56.36-9618&alias=b7s01p5421.cern.ch&noUDP&sock=slot1_19_6927_72b3_70810>
...
040 (9426711.000.000) 03/14 10:27:55 Finished transferring input files
...
001 (9426711.000.000) 03/14 10:27:56 Job executing on host: <128.142.56.36:9618?addrs=128.142.56.36-9618&alias=b7s01p5421.cern.ch&noUDP&sock=startd_6862_56f7>
...
006 (9426711.000.000) 03/14 10:28:05 Image size of job updated: 1216880
	220  -  MemoryUsage of job (MB)
	224648  -  ResidentSetSize of job (KB)
...
006 (9426711.000.000) 03/14 10:33:06 Image size of job updated: 1217392
	220  -  MemoryUsage of job (MB)
	225220  -  ResidentSetSize of job (KB)
...
006 (9426711.000.000) 03/14 10:38:06 Image size of job updated: 1217904
	221  -  MemoryUsage of job (MB)
	225824  -  ResidentSetSize of job (KB)
...
006 (9426711.000.000) 03/14 10:43:06 Image size of job updated: 1218672
	222  -  MemoryUsage of job (MB)
	226632  -  ResidentSetSize of job (KB)
...
006 (9426711.000.000) 03/14 10:48:07 Image size of job updated: 1219440
	222  -  MemoryUsage of job (MB)
	227248  -  ResidentSetSize of job (KB)
...
006 (9426711.000.000) 03/14 10:49:28 Image size of job updated: 2007092
	222  -  MemoryUsage of job (MB)
	227248  -  ResidentSetSize of job (KB)
...
040 (9426711.000.000) 03/14 10:49:29 Started transferring output files
...
040 (9426711.000.000) 03/14 10:49:29 Finished transferring output files
...
005 (9426711.000.000) 03/14 10:49:29 Job terminated.
	(1) Normal termination (return value 0)
		Usr 0 00:00:46, Sys 0 00:00:04  -  Run Remote Usage
		Usr 0 00:00:00, Sys 0 00:00:00  -  Run Local Usage
		Usr 0 00:00:46, Sys 0 00:00:04  -  Total Remote Usage
		Usr 0 00:00:00, Sys 0 00:00:00  -  Total Local Usage
	22127  -  Run Bytes Sent By Job
	226  -  Run Bytes Received By Job
	22127  -  Total Bytes Sent By Job
	226  -  Total Bytes Received By Job
	Partitionable Resources :    Usage  Request Allocated 
	   Cpus                 :     0.01        1         1 
	   Disk (KB)            :    51           1   1301181 
	   Memory (MB)          :   222        2000      2000 

	Job terminated of its own accord at 2024-03-14T09:49:28Z.
...
