000 (9426663.000.000) 03/14 10:21:18 Job submitted from host: <137.138.156.150:9618?addrs=137.138.156.150-9618+[2001-1458-d00-14--9a]-9618&alias=bigbird13.cern.ch&noUDP&sock=schedd_5144_ef43>
...
040 (9426663.000.000) 03/14 10:21:37 Started transferring input files
	Transferring to host: <128.142.57.150:9618?addrs=128.142.57.150-9618+[2001-1458-301-7--100-95]-9618&alias=b7s02p4914.cern.ch&noUDP&sock=slot1_20_3866_b256_70792>
...
040 (9426663.000.000) 03/14 10:21:37 Finished transferring input files
...
001 (9426663.000.000) 03/14 10:21:38 Job executing on host: <128.142.57.150:9618?addrs=128.142.57.150-9618+[2001-1458-301-7--100-95]-9618&alias=b7s02p4914.cern.ch&noUDP&sock=startd_3827_9508>
...
006 (9426663.000.000) 03/14 10:21:47 Image size of job updated: 89848
	72  -  MemoryUsage of job (MB)
	73544  -  ResidentSetSize of job (KB)
...
006 (9426663.000.000) 03/14 10:26:48 Image size of job updated: 1217136
	220  -  MemoryUsage of job (MB)
	225040  -  ResidentSetSize of job (KB)
...
006 (9426663.000.000) 03/14 10:31:49 Image size of job updated: 1217648
	221  -  MemoryUsage of job (MB)
	225472  -  ResidentSetSize of job (KB)
...
006 (9426663.000.000) 03/14 10:36:49 Image size of job updated: 1218160
	221  -  MemoryUsage of job (MB)
	225940  -  ResidentSetSize of job (KB)
...
006 (9426663.000.000) 03/14 10:41:49 Image size of job updated: 1218672
	222  -  MemoryUsage of job (MB)
	226448  -  ResidentSetSize of job (KB)
...
006 (9426663.000.000) 03/14 10:46:50 Image size of job updated: 1219184
	222  -  MemoryUsage of job (MB)
	227068  -  ResidentSetSize of job (KB)
...
006 (9426663.000.000) 03/14 10:49:56 Image size of job updated: 1950372
	222  -  MemoryUsage of job (MB)
	227068  -  ResidentSetSize of job (KB)
...
040 (9426663.000.000) 03/14 10:49:56 Started transferring output files
...
040 (9426663.000.000) 03/14 10:49:56 Finished transferring output files
...
005 (9426663.000.000) 03/14 10:49:56 Job terminated.
	(1) Normal termination (return value 0)
		Usr 0 00:01:17, Sys 0 00:00:06  -  Run Remote Usage
		Usr 0 00:00:00, Sys 0 00:00:00  -  Run Local Usage
		Usr 0 00:01:17, Sys 0 00:00:06  -  Total Remote Usage
		Usr 0 00:00:00, Sys 0 00:00:00  -  Total Local Usage
	22533  -  Run Bytes Sent By Job
	226  -  Run Bytes Received By Job
	22533  -  Total Bytes Sent By Job
	226  -  Total Bytes Received By Job
	Partitionable Resources :    Usage  Request Allocated 
	   Cpus                 :     0.01        1         1 
	   Disk (KB)            :   332           1   1295365 
	   Memory (MB)          :   222        2000      2000 

	Job terminated of its own accord at 2024-03-14T09:49:56Z.
...
