000 (9426458.000.000) 03/14 00:02:40 Job submitted from host: <137.138.156.150:9618?addrs=137.138.156.150-9618+[2001-1458-d00-14--9a]-9618&alias=bigbird13.cern.ch&noUDP&sock=schedd_5144_ef43>
...
040 (9426458.000.000) 03/14 00:14:05 Started transferring input files
	Transferring to host: <128.142.56.93:9618?addrs=128.142.56.93-9618&alias=b7s01p9446.cern.ch&noUDP&sock=slot1_10_6922_ecd3_80253>
...
040 (9426458.000.000) 03/14 00:14:05 Finished transferring input files
...
001 (9426458.000.000) 03/14 00:14:06 Job executing on host: <128.142.56.93:9618?addrs=128.142.56.93-9618&alias=b7s01p9446.cern.ch&noUDP&sock=startd_6857_e8fe>
...
006 (9426458.000.000) 03/14 00:14:10 Image size of job updated: 36016
	0  -  MemoryUsage of job (MB)
	0  -  ResidentSetSize of job (KB)
...
040 (9426458.000.000) 03/14 00:14:10 Started transferring output files
...
040 (9426458.000.000) 03/14 00:14:10 Finished transferring output files
...
005 (9426458.000.000) 03/14 00:14:10 Job terminated.
	(1) Normal termination (return value 2)
		Usr 0 00:00:01, Sys 0 00:00:00  -  Run Remote Usage
		Usr 0 00:00:00, Sys 0 00:00:00  -  Run Local Usage
		Usr 0 00:00:01, Sys 0 00:00:00  -  Total Remote Usage
		Usr 0 00:00:00, Sys 0 00:00:00  -  Total Local Usage
	154  -  Run Bytes Sent By Job
	222  -  Run Bytes Received By Job
	154  -  Total Bytes Sent By Job
	222  -  Total Bytes Received By Job
	Partitionable Resources :    Usage  Request Allocated 
	   Cpus                 :                 1         1 
	   Disk (KB)            :       16        1   1306493 
	   Memory (MB)          :        0     2000      2000 

	Job terminated of its own accord at 2024-03-13T23:14:10Z.
...
