000 (9634697.000.000) 04/14 15:59:54 Job submitted from host: <137.138.156.150:9618?addrs=137.138.156.150-9618+[2001-1458-d00-14--9a]-9618&alias=bigbird13.cern.ch&noUDP&sock=schedd_2138_1192>
...
040 (9634697.000.000) 04/14 16:01:29 Started transferring input files
	Transferring to host: <128.142.58.141:9618?addrs=128.142.58.141-9618&alias=b7s03p6388.cern.ch&noUDP&sock=slot1_4_2922_9030_88340>
...
040 (9634697.000.000) 04/14 16:01:29 Finished transferring input files
...
001 (9634697.000.000) 04/14 16:01:30 Job executing on host: <128.142.58.141:9618?addrs=128.142.58.141-9618&alias=b7s03p6388.cern.ch&noUDP&sock=startd_2851_2099>
...
006 (9634697.000.000) 04/14 16:01:38 Image size of job updated: 87696
	38  -  MemoryUsage of job (MB)
	38252  -  ResidentSetSize of job (KB)
...
006 (9634697.000.000) 04/14 16:06:38 Image size of job updated: 1209976
	220  -  MemoryUsage of job (MB)
	224336  -  ResidentSetSize of job (KB)
...
006 (9634697.000.000) 04/14 16:11:39 Image size of job updated: 1210744
	220  -  MemoryUsage of job (MB)
	225016  -  ResidentSetSize of job (KB)
...
006 (9634697.000.000) 04/14 16:16:40 Image size of job updated: 1211256
	221  -  MemoryUsage of job (MB)
	225736  -  ResidentSetSize of job (KB)
...
006 (9634697.000.000) 04/14 16:21:40 Image size of job updated: 2449444
	1452  -  MemoryUsage of job (MB)
	1486456  -  ResidentSetSize of job (KB)
...
006 (9634697.000.000) 04/14 16:26:41 Image size of job updated: 26268056
	20586  -  MemoryUsage of job (MB)
	21079164  -  ResidentSetSize of job (KB)
...
006 (9634697.000.000) 04/14 16:31:42 Image size of job updated: 26378396
	20660  -  MemoryUsage of job (MB)
	21155028  -  ResidentSetSize of job (KB)
...
006 (9634697.000.000) 04/14 16:36:42 Image size of job updated: 26431300
	20742  -  MemoryUsage of job (MB)
	21239276  -  ResidentSetSize of job (KB)
...
006 (9634697.000.000) 04/14 16:41:42 Image size of job updated: 26560624
	20821  -  MemoryUsage of job (MB)
	21320660  -  ResidentSetSize of job (KB)
...
006 (9634697.000.000) 04/14 16:46:43 Image size of job updated: 26617240
	20901  -  MemoryUsage of job (MB)
	21402508  -  ResidentSetSize of job (KB)
...
006 (9634697.000.000) 04/14 16:51:44 Image size of job updated: 26674664
	20983  -  MemoryUsage of job (MB)
	21485716  -  ResidentSetSize of job (KB)
...
006 (9634697.000.000) 04/14 16:56:44 Image size of job updated: 26883980
	21070  -  MemoryUsage of job (MB)
	21575120  -  ResidentSetSize of job (KB)
...
006 (9634697.000.000) 04/14 17:01:45 Image size of job updated: 26942176
	21153  -  MemoryUsage of job (MB)
	21660072  -  ResidentSetSize of job (KB)
...
006 (9634697.000.000) 04/14 17:06:46 Image size of job updated: 27004812
	21242  -  MemoryUsage of job (MB)
	21751604  -  ResidentSetSize of job (KB)
...
006 (9634697.000.000) 04/14 17:11:46 Image size of job updated: 27060388
	21321  -  MemoryUsage of job (MB)
	21832400  -  ResidentSetSize of job (KB)
...
006 (9634697.000.000) 04/14 17:16:46 Image size of job updated: 27110616
	21397  -  MemoryUsage of job (MB)
	21909784  -  ResidentSetSize of job (KB)
...
006 (9634697.000.000) 04/14 17:21:47 Image size of job updated: 27461788
	21475  -  MemoryUsage of job (MB)
	21990276  -  ResidentSetSize of job (KB)
...
006 (9634697.000.000) 04/14 17:26:48 Image size of job updated: 27516068
	21553  -  MemoryUsage of job (MB)
	22069424  -  ResidentSetSize of job (KB)
...
006 (9634697.000.000) 04/14 17:31:48 Image size of job updated: 27569440
	21629  -  MemoryUsage of job (MB)
	22147428  -  ResidentSetSize of job (KB)
...
006 (9634697.000.000) 04/14 17:36:48 Image size of job updated: 27631252
	21716  -  MemoryUsage of job (MB)
	22236992  -  ResidentSetSize of job (KB)
...
006 (9634697.000.000) 04/14 17:41:49 Image size of job updated: 27695184
	21808  -  MemoryUsage of job (MB)
	22331268  -  ResidentSetSize of job (KB)
...
006 (9634697.000.000) 04/14 17:46:49 Image size of job updated: 27761120
	21899  -  MemoryUsage of job (MB)
	22424324  -  ResidentSetSize of job (KB)
...
006 (9634697.000.000) 04/14 17:51:49 Image size of job updated: 27825572
	21992  -  MemoryUsage of job (MB)
	22519032  -  ResidentSetSize of job (KB)
...
006 (9634697.000.000) 04/14 17:56:50 Image size of job updated: 27887688
	22079  -  MemoryUsage of job (MB)
	22608548  -  ResidentSetSize of job (KB)
...
006 (9634697.000.000) 04/14 18:01:51 Image size of job updated: 27937112
	22151  -  MemoryUsage of job (MB)
	22681992  -  ResidentSetSize of job (KB)
...
006 (9634697.000.000) 04/14 18:06:51 Image size of job updated: 27988280
	22222  -  MemoryUsage of job (MB)
	22754884  -  ResidentSetSize of job (KB)
...
006 (9634697.000.000) 04/14 18:11:52 Image size of job updated: 28035368
	22290  -  MemoryUsage of job (MB)
	22824936  -  ResidentSetSize of job (KB)
...
006 (9634697.000.000) 04/14 18:16:53 Image size of job updated: 28084208
	22358  -  MemoryUsage of job (MB)
	22893872  -  ResidentSetSize of job (KB)
...
006 (9634697.000.000) 04/14 18:21:53 Image size of job updated: 28719440
	22422  -  MemoryUsage of job (MB)
	22960044  -  ResidentSetSize of job (KB)
...
006 (9634697.000.000) 04/14 18:26:54 Image size of job updated: 28765752
	22489  -  MemoryUsage of job (MB)
	23028528  -  ResidentSetSize of job (KB)
...
006 (9634697.000.000) 04/14 18:31:55 Image size of job updated: 28817052
	22562  -  MemoryUsage of job (MB)
	23102716  -  ResidentSetSize of job (KB)
...
006 (9634697.000.000) 04/14 18:36:55 Image size of job updated: 28865440
	22631  -  MemoryUsage of job (MB)
	23173988  -  ResidentSetSize of job (KB)
...
006 (9634697.000.000) 04/14 18:41:55 Image size of job updated: 28917260
	22705  -  MemoryUsage of job (MB)
	23249132  -  ResidentSetSize of job (KB)
...
006 (9634697.000.000) 04/14 18:46:56 Image size of job updated: 28969724
	22778  -  MemoryUsage of job (MB)
	23324444  -  ResidentSetSize of job (KB)
...
006 (9634697.000.000) 04/14 18:51:56 Image size of job updated: 29016944
	22851  -  MemoryUsage of job (MB)
	23398472  -  ResidentSetSize of job (KB)
...
006 (9634697.000.000) 04/14 18:56:56 Image size of job updated: 29069796
	22925  -  MemoryUsage of job (MB)
	23475120  -  ResidentSetSize of job (KB)
...
006 (9634697.000.000) 04/14 19:01:57 Image size of job updated: 29126280
	23007  -  MemoryUsage of job (MB)
	23558588  -  ResidentSetSize of job (KB)
...
006 (9634697.000.000) 04/14 19:06:58 Image size of job updated: 29192216
	23097  -  MemoryUsage of job (MB)
	23650724  -  ResidentSetSize of job (KB)
...
006 (9634697.000.000) 04/14 19:11:58 Image size of job updated: 29256148
	23190  -  MemoryUsage of job (MB)
	23745572  -  ResidentSetSize of job (KB)
...
006 (9634697.000.000) 04/14 19:16:58 Image size of job updated: 29323432
	23284  -  MemoryUsage of job (MB)
	23841824  -  ResidentSetSize of job (KB)
...
006 (9634697.000.000) 04/14 19:21:59 Image size of job updated: 29391188
	23378  -  MemoryUsage of job (MB)
	23938788  -  ResidentSetSize of job (KB)
...
006 (9634697.000.000) 04/14 19:26:59 Image size of job updated: 29455704
	23473  -  MemoryUsage of job (MB)
	24036344  -  ResidentSetSize of job (KB)
...
006 (9634697.000.000) 04/14 19:31:59 Image size of job updated: 29523580
	23569  -  MemoryUsage of job (MB)
	24134128  -  ResidentSetSize of job (KB)
...
006 (9634697.000.000) 04/14 19:37:00 Image size of job updated: 29591852
	23665  -  MemoryUsage of job (MB)
	24232352  -  ResidentSetSize of job (KB)
...
006 (9634697.000.000) 04/14 19:42:01 Image size of job updated: 29659864
	23760  -  MemoryUsage of job (MB)
	24329352  -  ResidentSetSize of job (KB)
...
006 (9634697.000.000) 04/14 19:47:01 Image size of job updated: 29723216
	23854  -  MemoryUsage of job (MB)
	24425840  -  ResidentSetSize of job (KB)
...
006 (9634697.000.000) 04/14 19:52:01 Image size of job updated: 29790836
	23949  -  MemoryUsage of job (MB)
	24522876  -  ResidentSetSize of job (KB)
...
006 (9634697.000.000) 04/14 19:57:02 Image size of job updated: 29858844
	24043  -  MemoryUsage of job (MB)
	24620032  -  ResidentSetSize of job (KB)
...
006 (9634697.000.000) 04/14 20:02:02 Image size of job updated: 29919992
	24133  -  MemoryUsage of job (MB)
	24711912  -  ResidentSetSize of job (KB)
...
006 (9634697.000.000) 04/14 20:07:02 Image size of job updated: 31162212
	24219  -  MemoryUsage of job (MB)
	24799536  -  ResidentSetSize of job (KB)
...
006 (9634697.000.000) 04/14 20:12:03 Image size of job updated: 31221156
	24305  -  MemoryUsage of job (MB)
	24887756  -  ResidentSetSize of job (KB)
...
006 (9634697.000.000) 04/14 20:17:04 Image size of job updated: 31274528
	24380  -  MemoryUsage of job (MB)
	24964676  -  ResidentSetSize of job (KB)
...
006 (9634697.000.000) 04/14 20:22:04 Image size of job updated: 31327900
	24456  -  MemoryUsage of job (MB)
	25042180  -  ResidentSetSize of job (KB)
...
006 (9634697.000.000) 04/14 20:27:05 Image size of job updated: 31380628
	24531  -  MemoryUsage of job (MB)
	25119252  -  ResidentSetSize of job (KB)
...
006 (9634697.000.000) 04/14 20:32:06 Image size of job updated: 31433868
	24607  -  MemoryUsage of job (MB)
	25196768  -  ResidentSetSize of job (KB)
...
006 (9634697.000.000) 04/14 20:37:06 Image size of job updated: 31488148
	24684  -  MemoryUsage of job (MB)
	25275932  -  ResidentSetSize of job (KB)
...
006 (9634697.000.000) 04/14 20:42:06 Image size of job updated: 31544632
	24766  -  MemoryUsage of job (MB)
	25359824  -  ResidentSetSize of job (KB)
...
006 (9634697.000.000) 04/14 20:47:08 Image size of job updated: 31608884
	24855  -  MemoryUsage of job (MB)
	25450884  -  ResidentSetSize of job (KB)
...
006 (9634697.000.000) 04/14 20:52:08 Image size of job updated: 31670808
	24946  -  MemoryUsage of job (MB)
	25544356  -  ResidentSetSize of job (KB)
...
006 (9634697.000.000) 04/14 20:57:08 Image size of job updated: 31733764
	25036  -  MemoryUsage of job (MB)
	25636368  -  ResidentSetSize of job (KB)
...
006 (9634697.000.000) 04/14 21:02:09 Image size of job updated: 31796464
	25129  -  MemoryUsage of job (MB)
	25731916  -  ResidentSetSize of job (KB)
...
006 (9634697.000.000) 04/14 21:07:10 Image size of job updated: 31865128
	25226  -  MemoryUsage of job (MB)
	25830568  -  ResidentSetSize of job (KB)
...
006 (9634697.000.000) 04/14 21:12:10 Image size of job updated: 31934044
	25322  -  MemoryUsage of job (MB)
	25928720  -  ResidentSetSize of job (KB)
...
006 (9634697.000.000) 04/14 21:17:10 Image size of job updated: 32000892
	25415  -  MemoryUsage of job (MB)
	26024496  -  ResidentSetSize of job (KB)
...
006 (9634697.000.000) 04/14 21:22:11 Image size of job updated: 32064500
	25510  -  MemoryUsage of job (MB)
	26121972  -  ResidentSetSize of job (KB)
...
006 (9634697.000.000) 04/14 21:27:12 Image size of job updated: 32132120
	25604  -  MemoryUsage of job (MB)
	26218120  -  ResidentSetSize of job (KB)
...
006 (9634697.000.000) 04/14 21:32:12 Image size of job updated: 32198576
	25697  -  MemoryUsage of job (MB)
	26312900  -  ResidentSetSize of job (KB)
...
006 (9634697.000.000) 04/14 21:37:13 Image size of job updated: 32261276
	25790  -  MemoryUsage of job (MB)
	26408140  -  ResidentSetSize of job (KB)
...
006 (9634697.000.000) 04/14 21:42:14 Image size of job updated: 32328512
	25884  -  MemoryUsage of job (MB)
	26504620  -  ResidentSetSize of job (KB)
...
006 (9634697.000.000) 04/14 21:47:14 Image size of job updated: 32395876
	25978  -  MemoryUsage of job (MB)
	26600848  -  ResidentSetSize of job (KB)
...
006 (9634697.000.000) 04/14 21:52:14 Image size of job updated: 32458576
	26070  -  MemoryUsage of job (MB)
	26695368  -  ResidentSetSize of job (KB)
...
006 (9634697.000.000) 04/14 21:57:15 Image size of job updated: 32523736
	26161  -  MemoryUsage of job (MB)
	26788212  -  ResidentSetSize of job (KB)
...
006 (9634697.000.000) 04/14 22:02:16 Image size of job updated: 32590584
	26253  -  MemoryUsage of job (MB)
	26882768  -  ResidentSetSize of job (KB)
...
006 (9634697.000.000) 04/14 22:07:16 Image size of job updated: 32653284
	26346  -  MemoryUsage of job (MB)
	26977660  -  ResidentSetSize of job (KB)
...
006 (9634697.000.000) 04/14 22:12:17 Image size of job updated: 32720128
	26440  -  MemoryUsage of job (MB)
	27073724  -  ResidentSetSize of job (KB)
...
006 (9634697.000.000) 04/14 22:17:18 Image size of job updated: 32791588
	26534  -  MemoryUsage of job (MB)
	27170188  -  ResidentSetSize of job (KB)
...
006 (9634697.000.000) 04/14 22:22:18 Image size of job updated: 32851572
	26630  -  MemoryUsage of job (MB)
	27268424  -  ResidentSetSize of job (KB)
...
006 (9634697.000.000) 04/14 22:27:18 Image size of job updated: 32915692
	26717  -  MemoryUsage of job (MB)
	27358180  -  ResidentSetSize of job (KB)
...
006 (9634697.000.000) 04/14 22:32:19 Image size of job updated: 32983060
	26811  -  MemoryUsage of job (MB)
	27454220  -  ResidentSetSize of job (KB)
...
006 (9634697.000.000) 04/14 22:37:20 Image size of job updated: 33049384
	26903  -  MemoryUsage of job (MB)
	27548588  -  ResidentSetSize of job (KB)
...
006 (9634697.000.000) 04/14 22:42:20 Image size of job updated: 33117004
	26998  -  MemoryUsage of job (MB)
	27645160  -  ResidentSetSize of job (KB)
...
006 (9634697.000.000) 04/14 22:47:20 Image size of job updated: 33174916
	27089  -  MemoryUsage of job (MB)
	27738784  -  ResidentSetSize of job (KB)
...
006 (9634697.000.000) 04/14 22:52:21 Image size of job updated: 33240076
	27179  -  MemoryUsage of job (MB)
	27830832  -  ResidentSetSize of job (KB)
...
006 (9634697.000.000) 04/14 22:57:21 Image size of job updated: 33300576
	27261  -  MemoryUsage of job (MB)
	27914308  -  ResidentSetSize of job (KB)
...
006 (9634697.000.000) 04/14 23:02:21 Image size of job updated: 33349412
	27339  -  MemoryUsage of job (MB)
	27994388  -  ResidentSetSize of job (KB)
...
006 (9634697.000.000) 04/14 23:07:22 Image size of job updated: 33412372
	27421  -  MemoryUsage of job (MB)
	28078544  -  ResidentSetSize of job (KB)
...
006 (9634697.000.000) 04/14 23:12:23 Image size of job updated: 33472612
	27503  -  MemoryUsage of job (MB)
	28162128  -  ResidentSetSize of job (KB)
...
006 (9634697.000.000) 04/14 23:17:23 Image size of job updated: 33525208
	27584  -  MemoryUsage of job (MB)
	28246000  -  ResidentSetSize of job (KB)
...
006 (9634697.000.000) 04/14 23:22:24 Image size of job updated: 33580132
	27658  -  MemoryUsage of job (MB)
	28321612  -  ResidentSetSize of job (KB)
...
006 (9634697.000.000) 04/14 23:27:25 Image size of job updated: 33630012
	27736  -  MemoryUsage of job (MB)
	28401052  -  ResidentSetSize of job (KB)
...
006 (9634697.000.000) 04/14 23:32:25 Image size of job updated: 33689080
	27815  -  MemoryUsage of job (MB)
	28481936  -  ResidentSetSize of job (KB)
...
006 (9634697.000.000) 04/14 23:37:25 Image size of job updated: 36097348
	27889  -  MemoryUsage of job (MB)
	28558236  -  ResidentSetSize of job (KB)
...
006 (9634697.000.000) 04/14 23:42:26 Image size of job updated: 36153180
	27962  -  MemoryUsage of job (MB)
	28632776  -  ResidentSetSize of job (KB)
...
006 (9634697.000.000) 04/14 23:47:26 Image size of job updated: 36198652
	28031  -  MemoryUsage of job (MB)
	28703176  -  ResidentSetSize of job (KB)
...
006 (9634697.000.000) 04/14 23:52:26 Image size of job updated: 36245028
	28101  -  MemoryUsage of job (MB)
	28774972  -  ResidentSetSize of job (KB)
...
006 (9634697.000.000) 04/14 23:57:27 Image size of job updated: 36302936
	28178  -  MemoryUsage of job (MB)
	28853640  -  ResidentSetSize of job (KB)
...
006 (9634697.000.000) 04/15 00:02:28 Image size of job updated: 36353848
	28257  -  MemoryUsage of job (MB)
	28934304  -  ResidentSetSize of job (KB)
...
006 (9634697.000.000) 04/15 00:07:28 Image size of job updated: 36418232
	28345  -  MemoryUsage of job (MB)
	29024660  -  ResidentSetSize of job (KB)
...
006 (9634697.000.000) 04/15 00:12:28 Image size of job updated: 36483392
	28435  -  MemoryUsage of job (MB)
	29116724  -  ResidentSetSize of job (KB)
...
006 (9634697.000.000) 04/15 00:17:29 Image size of job updated: 36549332
	28526  -  MemoryUsage of job (MB)
	29209704  -  ResidentSetSize of job (KB)
...
006 (9634697.000.000) 04/15 00:22:29 Image size of job updated: 36616564
	28619  -  MemoryUsage of job (MB)
	29305476  -  ResidentSetSize of job (KB)
...
006 (9634697.000.000) 04/15 00:27:29 Image size of job updated: 36673956
	28619  -  MemoryUsage of job (MB)
	29305484  -  ResidentSetSize of job (KB)
...
006 (9634697.000.000) 04/15 00:32:30 Image size of job updated: 36740932
	28619  -  MemoryUsage of job (MB)
	29305484  -  ResidentSetSize of job (KB)
...
006 (9634697.000.000) 04/15 00:37:31 Image size of job updated: 36803756
	28619  -  MemoryUsage of job (MB)
	29305484  -  ResidentSetSize of job (KB)
...
006 (9634697.000.000) 04/15 00:42:31 Image size of job updated: 36850656
	28619  -  MemoryUsage of job (MB)
	29305484  -  ResidentSetSize of job (KB)
...
006 (9634697.000.000) 04/15 00:47:31 Image size of job updated: 36903896
	28619  -  MemoryUsage of job (MB)
	29305484  -  ResidentSetSize of job (KB)
...
006 (9634697.000.000) 04/15 00:52:33 Image size of job updated: 36949500
	28619  -  MemoryUsage of job (MB)
	29305484  -  ResidentSetSize of job (KB)
...
006 (9634697.000.000) 04/15 00:57:33 Image size of job updated: 36995360
	28619  -  MemoryUsage of job (MB)
	29305484  -  ResidentSetSize of job (KB)
...
006 (9634697.000.000) 04/15 01:02:33 Image size of job updated: 37048732
	28619  -  MemoryUsage of job (MB)
	29305484  -  ResidentSetSize of job (KB)
...
006 (9634697.000.000) 04/15 01:07:34 Image size of job updated: 37094204
	28619  -  MemoryUsage of job (MB)
	29305484  -  ResidentSetSize of job (KB)
...
006 (9634697.000.000) 04/15 01:12:35 Image size of job updated: 37137988
	28619  -  MemoryUsage of job (MB)
	29305484  -  ResidentSetSize of job (KB)
...
006 (9634697.000.000) 04/15 01:17:35 Image size of job updated: 37192396
	28619  -  MemoryUsage of job (MB)
	29305484  -  ResidentSetSize of job (KB)
...
006 (9634697.000.000) 04/15 01:22:36 Image size of job updated: 37237996
	28619  -  MemoryUsage of job (MB)
	29305484  -  ResidentSetSize of job (KB)
...
006 (9634697.000.000) 04/15 01:27:37 Image size of job updated: 37282692
	28619  -  MemoryUsage of job (MB)
	29305484  -  ResidentSetSize of job (KB)
...
006 (9634697.000.000) 04/15 01:32:37 Image size of job updated: 37335932
	28619  -  MemoryUsage of job (MB)
	29305484  -  ResidentSetSize of job (KB)
...
006 (9634697.000.000) 04/15 01:37:37 Image size of job updated: 37380108
	28619  -  MemoryUsage of job (MB)
	29305484  -  ResidentSetSize of job (KB)
...
006 (9634697.000.000) 04/15 01:42:38 Image size of job updated: 37424028
	28619  -  MemoryUsage of job (MB)
	29305484  -  ResidentSetSize of job (KB)
...
006 (9634697.000.000) 04/15 01:47:39 Image size of job updated: 37477268
	28619  -  MemoryUsage of job (MB)
	29305484  -  ResidentSetSize of job (KB)
...
006 (9634697.000.000) 04/15 01:52:39 Image size of job updated: 37527016
	28619  -  MemoryUsage of job (MB)
	29305484  -  ResidentSetSize of job (KB)
...
006 (9634697.000.000) 04/15 01:57:40 Image size of job updated: 37586216
	28619  -  MemoryUsage of job (MB)
	29305484  -  ResidentSetSize of job (KB)
...
006 (9634697.000.000) 04/15 02:02:41 Image size of job updated: 37634668
	28619  -  MemoryUsage of job (MB)
	29305484  -  ResidentSetSize of job (KB)
...
006 (9634697.000.000) 04/15 02:07:41 Image size of job updated: 37692704
	28619  -  MemoryUsage of job (MB)
	29305484  -  ResidentSetSize of job (KB)
...
006 (9634697.000.000) 04/15 02:12:41 Image size of job updated: 37745300
	28619  -  MemoryUsage of job (MB)
	29305484  -  ResidentSetSize of job (KB)
...
006 (9634697.000.000) 04/15 02:17:42 Image size of job updated: 37807092
	28619  -  MemoryUsage of job (MB)
	29305484  -  ResidentSetSize of job (KB)
...
006 (9634697.000.000) 04/15 02:22:42 Image size of job updated: 37870956
	28619  -  MemoryUsage of job (MB)
	29305484  -  ResidentSetSize of job (KB)
...
006 (9634697.000.000) 04/15 02:27:42 Image size of job updated: 37927960
	28619  -  MemoryUsage of job (MB)
	29305484  -  ResidentSetSize of job (KB)
...
006 (9634697.000.000) 04/15 02:32:43 Image size of job updated: 37990396
	28619  -  MemoryUsage of job (MB)
	29305484  -  ResidentSetSize of job (KB)
...
006 (9634697.000.000) 04/15 02:37:44 Image size of job updated: 38050120
	28619  -  MemoryUsage of job (MB)
	29305484  -  ResidentSetSize of job (KB)
...
006 (9634697.000.000) 04/15 02:42:44 Image size of job updated: 38098956
	28619  -  MemoryUsage of job (MB)
	29305484  -  ResidentSetSize of job (KB)
...
006 (9634697.000.000) 04/15 02:47:44 Image size of job updated: 38156476
	28619  -  MemoryUsage of job (MB)
	29305484  -  ResidentSetSize of job (KB)
...
006 (9634697.000.000) 04/15 02:52:45 Image size of job updated: 38203628
	28619  -  MemoryUsage of job (MB)
	29305484  -  ResidentSetSize of job (KB)
...
006 (9634697.000.000) 04/15 02:57:46 Image size of job updated: 38250528
	28619  -  MemoryUsage of job (MB)
	29305484  -  ResidentSetSize of job (KB)
...
006 (9634697.000.000) 04/15 03:02:46 Image size of job updated: 38302992
	28619  -  MemoryUsage of job (MB)
	29305484  -  ResidentSetSize of job (KB)
...
006 (9634697.000.000) 04/15 03:07:47 Image size of job updated: 38347036
	28619  -  MemoryUsage of job (MB)
	29305484  -  ResidentSetSize of job (KB)
...
006 (9634697.000.000) 04/15 03:12:48 Image size of job updated: 38391476
	28619  -  MemoryUsage of job (MB)
	29305484  -  ResidentSetSize of job (KB)
...
006 (9634697.000.000) 04/15 03:17:48 Image size of job updated: 38445492
	28619  -  MemoryUsage of job (MB)
	29305484  -  ResidentSetSize of job (KB)
...
006 (9634697.000.000) 04/15 03:22:48 Image size of job updated: 38492648
	28619  -  MemoryUsage of job (MB)
	29305484  -  ResidentSetSize of job (KB)
...
006 (9634697.000.000) 04/15 03:27:49 Image size of job updated: 38536432
	28619  -  MemoryUsage of job (MB)
	29305484  -  ResidentSetSize of job (KB)
...
006 (9634697.000.000) 04/15 03:32:49 Image size of job updated: 38591880
	28619  -  MemoryUsage of job (MB)
	29305484  -  ResidentSetSize of job (KB)
...
006 (9634697.000.000) 04/15 03:37:49 Image size of job updated: 38637348
	28619  -  MemoryUsage of job (MB)
	29305484  -  ResidentSetSize of job (KB)
...
006 (9634697.000.000) 04/15 03:42:50 Image size of job updated: 38693704
	28619  -  MemoryUsage of job (MB)
	29305484  -  ResidentSetSize of job (KB)
...
006 (9634697.000.000) 04/15 03:47:51 Image size of job updated: 38740856
	28619  -  MemoryUsage of job (MB)
	29305484  -  ResidentSetSize of job (KB)
...
006 (9634697.000.000) 04/15 03:52:51 Image size of job updated: 38788400
	28619  -  MemoryUsage of job (MB)
	29305484  -  ResidentSetSize of job (KB)
...
006 (9634697.000.000) 04/15 03:57:52 Image size of job updated: 38850712
	28619  -  MemoryUsage of job (MB)
	29305484  -  ResidentSetSize of job (KB)
...
006 (9634697.000.000) 04/15 04:02:53 Image size of job updated: 38917040
	28619  -  MemoryUsage of job (MB)
	29305484  -  ResidentSetSize of job (KB)
...
006 (9634697.000.000) 04/15 04:07:53 Image size of job updated: 38984272
	28619  -  MemoryUsage of job (MB)
	29305484  -  ResidentSetSize of job (KB)
...
006 (9634697.000.000) 04/15 04:12:53 Image size of job updated: 39050340
	28619  -  MemoryUsage of job (MB)
	29305484  -  ResidentSetSize of job (KB)
...
006 (9634697.000.000) 04/15 04:17:54 Image size of job updated: 39099568
	28619  -  MemoryUsage of job (MB)
	29305484  -  ResidentSetSize of job (KB)
...
006 (9634697.000.000) 04/15 04:22:54 Image size of job updated: 39164864
	28619  -  MemoryUsage of job (MB)
	29305484  -  ResidentSetSize of job (KB)
...
006 (9634697.000.000) 04/15 04:27:54 Image size of job updated: 39232484
	28619  -  MemoryUsage of job (MB)
	29305484  -  ResidentSetSize of job (KB)
...
006 (9634697.000.000) 04/15 04:32:55 Image size of job updated: 39300236
	28619  -  MemoryUsage of job (MB)
	29305484  -  ResidentSetSize of job (KB)
...
006 (9634697.000.000) 04/15 04:37:56 Image size of job updated: 39359180
	28619  -  MemoryUsage of job (MB)
	29305484  -  ResidentSetSize of job (KB)
...
006 (9634697.000.000) 04/15 04:42:56 Image size of job updated: 39413716
	28619  -  MemoryUsage of job (MB)
	29305484  -  ResidentSetSize of job (KB)
...
006 (9634697.000.000) 04/15 04:47:56 Image size of job updated: 39464372
	28619  -  MemoryUsage of job (MB)
	29305484  -  ResidentSetSize of job (KB)
...
006 (9634697.000.000) 04/15 04:52:57 Image size of job updated: 39526164
	28619  -  MemoryUsage of job (MB)
	29305484  -  ResidentSetSize of job (KB)
...
006 (9634697.000.000) 04/15 04:57:57 Image size of job updated: 39584592
	28619  -  MemoryUsage of job (MB)
	29305484  -  ResidentSetSize of job (KB)
...
006 (9634697.000.000) 04/15 05:02:57 Image size of job updated: 39631224
	28619  -  MemoryUsage of job (MB)
	29305484  -  ResidentSetSize of job (KB)
...
006 (9634697.000.000) 04/15 05:07:58 Image size of job updated: 39694572
	28619  -  MemoryUsage of job (MB)
	29305484  -  ResidentSetSize of job (KB)
...
006 (9634697.000.000) 04/15 05:12:59 Image size of job updated: 39761968
	28619  -  MemoryUsage of job (MB)
	29305484  -  ResidentSetSize of job (KB)
...
006 (9634697.000.000) 04/15 05:17:59 Image size of job updated: 39830500
	28619  -  MemoryUsage of job (MB)
	29305484  -  ResidentSetSize of job (KB)
...
006 (9634697.000.000) 04/15 05:22:59 Image size of job updated: 39898640
	28619  -  MemoryUsage of job (MB)
	29305484  -  ResidentSetSize of job (KB)
...
006 (9634697.000.000) 04/15 05:28:00 Image size of job updated: 39964188
	28619  -  MemoryUsage of job (MB)
	29305484  -  ResidentSetSize of job (KB)
...
006 (9634697.000.000) 04/15 05:33:01 Image size of job updated: 40025464
	28619  -  MemoryUsage of job (MB)
	29305484  -  ResidentSetSize of job (KB)
...
006 (9634697.000.000) 04/15 05:38:01 Image size of job updated: 40073788
	28619  -  MemoryUsage of job (MB)
	29305484  -  ResidentSetSize of job (KB)
...
006 (9634697.000.000) 04/15 05:43:02 Image size of job updated: 40141928
	28619  -  MemoryUsage of job (MB)
	29305484  -  ResidentSetSize of job (KB)
...
006 (9634697.000.000) 04/15 05:48:03 Image size of job updated: 40200608
	28619  -  MemoryUsage of job (MB)
	29305484  -  ResidentSetSize of job (KB)
...
006 (9634697.000.000) 04/15 05:53:03 Image size of job updated: 40256964
	28619  -  MemoryUsage of job (MB)
	29305484  -  ResidentSetSize of job (KB)
...
006 (9634697.000.000) 04/15 05:58:03 Image size of job updated: 40321348
	28619  -  MemoryUsage of job (MB)
	29305484  -  ResidentSetSize of job (KB)
...
006 (9634697.000.000) 04/15 06:03:04 Image size of job updated: 40388968
	28619  -  MemoryUsage of job (MB)
	29305484  -  ResidentSetSize of job (KB)
...
006 (9634697.000.000) 04/15 06:08:05 Image size of job updated: 40432108
	28619  -  MemoryUsage of job (MB)
	29305484  -  ResidentSetSize of job (KB)
...
006 (9634697.000.000) 04/15 06:13:05 Image size of job updated: 40490668
	28619  -  MemoryUsage of job (MB)
	29305484  -  ResidentSetSize of job (KB)
...
006 (9634697.000.000) 04/15 06:18:06 Image size of job updated: 40546756
	28619  -  MemoryUsage of job (MB)
	29305484  -  ResidentSetSize of job (KB)
...
006 (9634697.000.000) 04/15 06:23:07 Image size of job updated: 40605700
	28619  -  MemoryUsage of job (MB)
	29305484  -  ResidentSetSize of job (KB)
...
006 (9634697.000.000) 04/15 06:28:07 Image size of job updated: 40643400
	28619  -  MemoryUsage of job (MB)
	29305484  -  ResidentSetSize of job (KB)
...
006 (9634697.000.000) 04/15 06:33:07 Image size of job updated: 40700400
	28619  -  MemoryUsage of job (MB)
	29305484  -  ResidentSetSize of job (KB)
...
006 (9634697.000.000) 04/15 06:38:08 Image size of job updated: 40753252
	28619  -  MemoryUsage of job (MB)
	29305484  -  ResidentSetSize of job (KB)
...
006 (9634697.000.000) 04/15 06:43:08 Image size of job updated: 40788880
	28619  -  MemoryUsage of job (MB)
	29305484  -  ResidentSetSize of job (KB)
...
006 (9634697.000.000) 04/15 06:48:08 Image size of job updated: 40840956
	28619  -  MemoryUsage of job (MB)
	29305484  -  ResidentSetSize of job (KB)
...
006 (9634697.000.000) 04/15 06:53:09 Image size of job updated: 40893680
	28619  -  MemoryUsage of job (MB)
	29305484  -  ResidentSetSize of job (KB)
...
006 (9634697.000.000) 04/15 06:58:09 Image size of job updated: 40931512
	28619  -  MemoryUsage of job (MB)
	29305484  -  ResidentSetSize of job (KB)
...
006 (9634697.000.000) 04/15 07:03:09 Image size of job updated: 40985528
	28619  -  MemoryUsage of job (MB)
	29305484  -  ResidentSetSize of job (KB)
...
006 (9634697.000.000) 04/15 07:08:10 Image size of job updated: 41039156
	28619  -  MemoryUsage of job (MB)
	29305484  -  ResidentSetSize of job (KB)
...
006 (9634697.000.000) 04/15 07:13:11 Image size of job updated: 41074916
	28619  -  MemoryUsage of job (MB)
	29305484  -  ResidentSetSize of job (KB)
...
006 (9634697.000.000) 04/15 07:18:11 Image size of job updated: 41133344
	28619  -  MemoryUsage of job (MB)
	29305484  -  ResidentSetSize of job (KB)
...
006 (9634697.000.000) 04/15 07:23:11 Image size of job updated: 41190208
	28619  -  MemoryUsage of job (MB)
	29305484  -  ResidentSetSize of job (KB)
...
006 (9634697.000.000) 04/15 07:28:12 Image size of job updated: 45963856
	28619  -  MemoryUsage of job (MB)
	29305484  -  ResidentSetSize of job (KB)
...
006 (9634697.000.000) 04/15 07:33:12 Image size of job updated: 45999616
	28619  -  MemoryUsage of job (MB)
	29305484  -  ResidentSetSize of job (KB)
...
006 (9634697.000.000) 04/15 07:38:12 Image size of job updated: 46053636
	28619  -  MemoryUsage of job (MB)
	29305484  -  ResidentSetSize of job (KB)
...
006 (9634697.000.000) 04/15 07:43:13 Image size of job updated: 46109856
	28619  -  MemoryUsage of job (MB)
	29305484  -  ResidentSetSize of job (KB)
...
006 (9634697.000.000) 04/15 07:48:14 Image size of job updated: 46145616
	28619  -  MemoryUsage of job (MB)
	29305484  -  ResidentSetSize of job (KB)
...
006 (9634697.000.000) 04/15 07:53:14 Image size of job updated: 46203520
	28619  -  MemoryUsage of job (MB)
	29305484  -  ResidentSetSize of job (KB)
...
006 (9634697.000.000) 04/15 07:58:15 Image size of job updated: 46257152
	28619  -  MemoryUsage of job (MB)
	29305484  -  ResidentSetSize of job (KB)
...
006 (9634697.000.000) 04/15 08:03:16 Image size of job updated: 46294852
	28619  -  MemoryUsage of job (MB)
	29305484  -  ResidentSetSize of job (KB)
...
006 (9634697.000.000) 04/15 08:08:16 Image size of job updated: 46349388
	28619  -  MemoryUsage of job (MB)
	29305484  -  ResidentSetSize of job (KB)
...
006 (9634697.000.000) 04/15 08:13:16 Image size of job updated: 46403536
	28619  -  MemoryUsage of job (MB)
	29305484  -  ResidentSetSize of job (KB)
...
006 (9634697.000.000) 04/15 08:18:17 Image size of job updated: 46457556
	28619  -  MemoryUsage of job (MB)
	29305484  -  ResidentSetSize of job (KB)
...
006 (9634697.000.000) 04/15 08:23:17 Image size of job updated: 46498368
	28619  -  MemoryUsage of job (MB)
	29305484  -  ResidentSetSize of job (KB)
...
006 (9634697.000.000) 04/15 08:28:17 Image size of job updated: 46554588
	28619  -  MemoryUsage of job (MB)
	29305484  -  ResidentSetSize of job (KB)
...
006 (9634697.000.000) 04/15 08:33:18 Image size of job updated: 46612492
	28619  -  MemoryUsage of job (MB)
	29305484  -  ResidentSetSize of job (KB)
...
006 (9634697.000.000) 04/15 08:38:19 Image size of job updated: 46649028
	28619  -  MemoryUsage of job (MB)
	29305484  -  ResidentSetSize of job (KB)
...
006 (9634697.000.000) 04/15 08:43:19 Image size of job updated: 46702272
	28619  -  MemoryUsage of job (MB)
	29305484  -  ResidentSetSize of job (KB)
...
006 (9634697.000.000) 04/15 08:48:19 Image size of job updated: 46755900
	28619  -  MemoryUsage of job (MB)
	29305484  -  ResidentSetSize of job (KB)
...
006 (9634697.000.000) 04/15 08:53:20 Image size of job updated: 46792436
	28619  -  MemoryUsage of job (MB)
	29305484  -  ResidentSetSize of job (KB)
...
006 (9634697.000.000) 04/15 08:58:20 Image size of job updated: 46845288
	28619  -  MemoryUsage of job (MB)
	29305484  -  ResidentSetSize of job (KB)
...
006 (9634697.000.000) 04/15 09:03:20 Image size of job updated: 46896328
	28619  -  MemoryUsage of job (MB)
	29305484  -  ResidentSetSize of job (KB)
...
006 (9634697.000.000) 04/15 09:08:21 Image size of job updated: 46930660
	28619  -  MemoryUsage of job (MB)
	29305484  -  ResidentSetSize of job (KB)
...
006 (9634697.000.000) 04/15 09:13:21 Image size of job updated: 46982736
	28619  -  MemoryUsage of job (MB)
	29305484  -  ResidentSetSize of job (KB)
...
006 (9634697.000.000) 04/15 09:18:21 Image size of job updated: 47032608
	28619  -  MemoryUsage of job (MB)
	29305484  -  ResidentSetSize of job (KB)
...
006 (9634697.000.000) 04/15 09:23:22 Image size of job updated: 47066552
	28619  -  MemoryUsage of job (MB)
	29305484  -  ResidentSetSize of job (KB)
...
006 (9634697.000.000) 04/15 09:28:23 Image size of job updated: 47116560
	28619  -  MemoryUsage of job (MB)
	29305484  -  ResidentSetSize of job (KB)
...
006 (9634697.000.000) 04/15 09:33:23 Image size of job updated: 47149984
	28619  -  MemoryUsage of job (MB)
	29305484  -  ResidentSetSize of job (KB)
...
006 (9634697.000.000) 04/15 09:38:24 Image size of job updated: 47200764
	28619  -  MemoryUsage of job (MB)
	29305484  -  ResidentSetSize of job (KB)
...
006 (9634697.000.000) 04/15 09:43:25 Image size of job updated: 47252708
	28619  -  MemoryUsage of job (MB)
	29305484  -  ResidentSetSize of job (KB)
...
006 (9634697.000.000) 04/15 09:48:25 Image size of job updated: 47288724
	28619  -  MemoryUsage of job (MB)
	29305484  -  ResidentSetSize of job (KB)
...
006 (9634697.000.000) 04/15 09:53:25 Image size of job updated: 47340284
	28619  -  MemoryUsage of job (MB)
	29305484  -  ResidentSetSize of job (KB)
...
006 (9634697.000.000) 04/15 09:58:26 Image size of job updated: 47394044
	28619  -  MemoryUsage of job (MB)
	29305484  -  ResidentSetSize of job (KB)
...
006 (9634697.000.000) 04/15 10:03:26 Image size of job updated: 47430060
	28619  -  MemoryUsage of job (MB)
	29305484  -  ResidentSetSize of job (KB)
...
006 (9634697.000.000) 04/15 10:08:26 Image size of job updated: 47482912
	28619  -  MemoryUsage of job (MB)
	29305484  -  ResidentSetSize of job (KB)
...
006 (9634697.000.000) 04/15 10:13:27 Image size of job updated: 47533176
	28619  -  MemoryUsage of job (MB)
	29305484  -  ResidentSetSize of job (KB)
...
006 (9634697.000.000) 04/15 10:18:28 Image size of job updated: 47566988
	28619  -  MemoryUsage of job (MB)
	29305484  -  ResidentSetSize of job (KB)
...
006 (9634697.000.000) 04/15 10:23:28 Image size of job updated: 47620880
	28619  -  MemoryUsage of job (MB)
	29305484  -  ResidentSetSize of job (KB)
...
006 (9634697.000.000) 04/15 10:28:29 Image size of job updated: 47673732
	28619  -  MemoryUsage of job (MB)
	29305484  -  ResidentSetSize of job (KB)
...
006 (9634697.000.000) 04/15 10:33:30 Image size of job updated: 47710524
	28619  -  MemoryUsage of job (MB)
	29305484  -  ResidentSetSize of job (KB)
...
006 (9634697.000.000) 04/15 10:38:30 Image size of job updated: 47763248
	28619  -  MemoryUsage of job (MB)
	29305484  -  ResidentSetSize of job (KB)
...
006 (9634697.000.000) 04/15 10:43:31 Image size of job updated: 47815712
	28619  -  MemoryUsage of job (MB)
	29305484  -  ResidentSetSize of job (KB)
...
006 (9634697.000.000) 04/15 10:48:32 Image size of job updated: 47849788
	28619  -  MemoryUsage of job (MB)
	29305484  -  ResidentSetSize of job (KB)
...
006 (9634697.000.000) 04/15 10:53:32 Image size of job updated: 47900824
	28619  -  MemoryUsage of job (MB)
	29305484  -  ResidentSetSize of job (KB)
...
006 (9634697.000.000) 04/15 10:58:32 Image size of job updated: 47936452
	28619  -  MemoryUsage of job (MB)
	29305484  -  ResidentSetSize of job (KB)
...
006 (9634697.000.000) 04/15 11:03:33 Image size of job updated: 47986848
	28619  -  MemoryUsage of job (MB)
	29305484  -  ResidentSetSize of job (KB)
...
006 (9634697.000.000) 04/15 11:08:33 Image size of job updated: 48038272
	28619  -  MemoryUsage of job (MB)
	29305484  -  ResidentSetSize of job (KB)
...
006 (9634697.000.000) 04/15 11:13:33 Image size of job updated: 48074420
	28619  -  MemoryUsage of job (MB)
	29305484  -  ResidentSetSize of job (KB)
...
006 (9634697.000.000) 04/15 11:18:34 Image size of job updated: 48127792
	28619  -  MemoryUsage of job (MB)
	29305484  -  ResidentSetSize of job (KB)
...
006 (9634697.000.000) 04/15 11:23:35 Image size of job updated: 48182332
	28619  -  MemoryUsage of job (MB)
	29305484  -  ResidentSetSize of job (KB)
...
006 (9634697.000.000) 04/15 11:28:35 Image size of job updated: 48221328
	28619  -  MemoryUsage of job (MB)
	29305484  -  ResidentSetSize of job (KB)
...
006 (9634697.000.000) 04/15 11:33:36 Image size of job updated: 48275344
	28619  -  MemoryUsage of job (MB)
	29305484  -  ResidentSetSize of job (KB)
...
006 (9634697.000.000) 04/15 11:38:37 Image size of job updated: 48331044
	28619  -  MemoryUsage of job (MB)
	29305484  -  ResidentSetSize of job (KB)
...
006 (9634697.000.000) 04/15 11:43:37 Image size of job updated: 48369264
	28619  -  MemoryUsage of job (MB)
	29305484  -  ResidentSetSize of job (KB)
...
006 (9634697.000.000) 04/15 11:48:37 Image size of job updated: 48420436
	28619  -  MemoryUsage of job (MB)
	29305484  -  ResidentSetSize of job (KB)
...
006 (9634697.000.000) 04/15 11:53:39 Image size of job updated: 48477564
	28619  -  MemoryUsage of job (MB)
	29305484  -  ResidentSetSize of job (KB)
...
006 (9634697.000.000) 04/15 11:58:39 Image size of job updated: 48532488
	28619  -  MemoryUsage of job (MB)
	29305484  -  ResidentSetSize of job (KB)
...
006 (9634697.000.000) 04/15 12:03:39 Image size of job updated: 48574076
	28619  -  MemoryUsage of job (MB)
	29305484  -  ResidentSetSize of job (KB)
...
006 (9634697.000.000) 04/15 12:08:40 Image size of job updated: 48626544
	28619  -  MemoryUsage of job (MB)
	29305484  -  ResidentSetSize of job (KB)
...
006 (9634697.000.000) 04/15 12:13:41 Image size of job updated: 48686264
	28619  -  MemoryUsage of job (MB)
	29305484  -  ResidentSetSize of job (KB)
...
006 (9634697.000.000) 04/15 12:18:41 Image size of job updated: 48748312
	28619  -  MemoryUsage of job (MB)
	29305484  -  ResidentSetSize of job (KB)
...
006 (9634697.000.000) 04/15 12:23:42 Image size of job updated: 48793268
	28619  -  MemoryUsage of job (MB)
	29305484  -  ResidentSetSize of job (KB)
...
006 (9634697.000.000) 04/15 12:28:43 Image size of job updated: 48848196
	28619  -  MemoryUsage of job (MB)
	29305484  -  ResidentSetSize of job (KB)
...
006 (9634697.000.000) 04/15 12:33:43 Image size of job updated: 48910896
	28619  -  MemoryUsage of job (MB)
	29305484  -  ResidentSetSize of job (KB)
...
006 (9634697.000.000) 04/15 12:38:43 Image size of job updated: 48975536
	28619  -  MemoryUsage of job (MB)
	29305484  -  ResidentSetSize of job (KB)
...
006 (9634697.000.000) 04/15 12:43:44 Image size of job updated: 49037720
	28619  -  MemoryUsage of job (MB)
	29305484  -  ResidentSetSize of job (KB)
...
006 (9634697.000.000) 04/15 12:48:45 Image size of job updated: 49074124
	28619  -  MemoryUsage of job (MB)
	29305484  -  ResidentSetSize of job (KB)
...
006 (9634697.000.000) 04/15 12:53:45 Image size of job updated: 49130732
	28619  -  MemoryUsage of job (MB)
	29305484  -  ResidentSetSize of job (KB)
...
006 (9634697.000.000) 04/15 12:58:46 Image size of job updated: 49183196
	28619  -  MemoryUsage of job (MB)
	29305484  -  ResidentSetSize of job (KB)
...
006 (9634697.000.000) 04/15 13:03:47 Image size of job updated: 49218568
	28619  -  MemoryUsage of job (MB)
	29305484  -  ResidentSetSize of job (KB)
...
006 (9634697.000.000) 04/15 13:08:47 Image size of job updated: 49267924
	28619  -  MemoryUsage of job (MB)
	29305484  -  ResidentSetSize of job (KB)
...
006 (9634697.000.000) 04/15 13:13:47 Image size of job updated: 49318316
	28619  -  MemoryUsage of job (MB)
	29305484  -  ResidentSetSize of job (KB)
...
006 (9634697.000.000) 04/15 13:18:48 Image size of job updated: 49353812
	28619  -  MemoryUsage of job (MB)
	29305484  -  ResidentSetSize of job (KB)
...
006 (9634697.000.000) 04/15 13:23:48 Image size of job updated: 49404072
	28619  -  MemoryUsage of job (MB)
	29305484  -  ResidentSetSize of job (KB)
...
006 (9634697.000.000) 04/15 13:28:48 Image size of job updated: 49436720
	28619  -  MemoryUsage of job (MB)
	29305484  -  ResidentSetSize of job (KB)
...
006 (9634697.000.000) 04/15 13:33:49 Image size of job updated: 49490872
	28619  -  MemoryUsage of job (MB)
	29305484  -  ResidentSetSize of job (KB)
...
006 (9634697.000.000) 04/15 13:38:50 Image size of job updated: 49543724
	28619  -  MemoryUsage of job (MB)
	29305484  -  ResidentSetSize of job (KB)
...
006 (9634697.000.000) 04/15 13:43:50 Image size of job updated: 49584016
	28619  -  MemoryUsage of job (MB)
	29305484  -  ResidentSetSize of job (KB)
...
006 (9634697.000.000) 04/15 13:48:51 Image size of job updated: 49638164
	28619  -  MemoryUsage of job (MB)
	29305484  -  ResidentSetSize of job (KB)
...
006 (9634697.000.000) 04/15 13:53:52 Image size of job updated: 49694000
	28619  -  MemoryUsage of job (MB)
	29305484  -  ResidentSetSize of job (KB)
...
006 (9634697.000.000) 04/15 13:58:52 Image size of job updated: 49752036
	28619  -  MemoryUsage of job (MB)
	29305484  -  ResidentSetSize of job (KB)
...
006 (9634697.000.000) 04/15 14:03:52 Image size of job updated: 49791288
	28619  -  MemoryUsage of job (MB)
	29305484  -  ResidentSetSize of job (KB)
...
006 (9634697.000.000) 04/15 14:08:53 Image size of job updated: 49844144
	28619  -  MemoryUsage of job (MB)
	29305484  -  ResidentSetSize of job (KB)
...
006 (9634697.000.000) 04/15 14:13:53 Image size of job updated: 49901660
	28619  -  MemoryUsage of job (MB)
	29305484  -  ResidentSetSize of job (KB)
...
006 (9634697.000.000) 04/15 14:18:53 Image size of job updated: 49960992
	28619  -  MemoryUsage of job (MB)
	29305484  -  ResidentSetSize of job (KB)
...
006 (9634697.000.000) 04/15 14:23:54 Image size of job updated: 50013072
	28619  -  MemoryUsage of job (MB)
	29305484  -  ResidentSetSize of job (KB)
...
006 (9634697.000.000) 04/15 14:28:55 Image size of job updated: 50081216
	28619  -  MemoryUsage of job (MB)
	29305484  -  ResidentSetSize of job (KB)
...
006 (9634697.000.000) 04/15 14:33:55 Image size of job updated: 50147672
	28619  -  MemoryUsage of job (MB)
	29305484  -  ResidentSetSize of job (KB)
...
006 (9634697.000.000) 04/15 14:38:56 Image size of job updated: 50215292
	28751  -  MemoryUsage of job (MB)
	29440100  -  ResidentSetSize of job (KB)
...
006 (9634697.000.000) 04/15 14:43:57 Image size of job updated: 50282660
	28892  -  MemoryUsage of job (MB)
	29584760  -  ResidentSetSize of job (KB)
...
006 (9634697.000.000) 04/15 14:48:57 Image size of job updated: 50348984
	29030  -  MemoryUsage of job (MB)
	29726544  -  ResidentSetSize of job (KB)
...
006 (9634697.000.000) 04/15 14:53:57 Image size of job updated: 50416216
	29171  -  MemoryUsage of job (MB)
	29870672  -  ResidentSetSize of job (KB)
...
006 (9634697.000.000) 04/15 14:58:58 Image size of job updated: 50483972
	29314  -  MemoryUsage of job (MB)
	30016920  -  ResidentSetSize of job (KB)
...
006 (9634697.000.000) 04/15 15:03:59 Image size of job updated: 50551592
	29455  -  MemoryUsage of job (MB)
	30161204  -  ResidentSetSize of job (KB)
...
006 (9634697.000.000) 04/15 15:08:59 Image size of job updated: 50619600
	29599  -  MemoryUsage of job (MB)
	30308560  -  ResidentSetSize of job (KB)
...
006 (9634697.000.000) 04/15 15:14:00 Image size of job updated: 50687356
	29737  -  MemoryUsage of job (MB)
	30450072  -  ResidentSetSize of job (KB)
...
006 (9634697.000.000) 04/15 15:19:01 Image size of job updated: 50726484
	29737  -  MemoryUsage of job (MB)
	30450072  -  ResidentSetSize of job (KB)
...
006 (9634697.000.000) 04/15 15:24:01 Image size of job updated: 50783092
	29737  -  MemoryUsage of job (MB)
	30450072  -  ResidentSetSize of job (KB)
...
006 (9634697.000.000) 04/15 15:29:01 Image size of job updated: 50838148
	29737  -  MemoryUsage of job (MB)
	30450072  -  ResidentSetSize of job (KB)
...
006 (9634697.000.000) 04/15 15:34:03 Image size of job updated: 50894760
	29737  -  MemoryUsage of job (MB)
	30450072  -  ResidentSetSize of job (KB)
...
006 (9634697.000.000) 04/15 15:39:03 Image size of job updated: 50939584
	29737  -  MemoryUsage of job (MB)
	30450072  -  ResidentSetSize of job (KB)
...
006 (9634697.000.000) 04/15 15:44:03 Image size of job updated: 51000004
	29737  -  MemoryUsage of job (MB)
	30450072  -  ResidentSetSize of job (KB)
...
006 (9634697.000.000) 04/15 15:49:04 Image size of job updated: 51056004
	29737  -  MemoryUsage of job (MB)
	30450072  -  ResidentSetSize of job (KB)
...
006 (9634697.000.000) 04/15 15:54:05 Image size of job updated: 51122852
	29737  -  MemoryUsage of job (MB)
	30450072  -  ResidentSetSize of job (KB)
...
006 (9634697.000.000) 04/15 15:59:05 Image size of job updated: 51183736
	29737  -  MemoryUsage of job (MB)
	30450072  -  ResidentSetSize of job (KB)
...
006 (9634697.000.000) 04/15 16:04:05 Image size of job updated: 51231672
	29737  -  MemoryUsage of job (MB)
	30450072  -  ResidentSetSize of job (KB)
...
006 (9634697.000.000) 04/15 16:09:06 Image size of job updated: 51299292
	29737  -  MemoryUsage of job (MB)
	30450072  -  ResidentSetSize of job (KB)
...
006 (9634697.000.000) 04/15 16:14:07 Image size of job updated: 51364200
	29737  -  MemoryUsage of job (MB)
	30450072  -  ResidentSetSize of job (KB)
...
006 (9634697.000.000) 04/15 16:19:07 Image size of job updated: 51428452
	29737  -  MemoryUsage of job (MB)
	30450072  -  ResidentSetSize of job (KB)
...
006 (9634697.000.000) 04/15 16:24:08 Image size of job updated: 51486356
	29737  -  MemoryUsage of job (MB)
	30450072  -  ResidentSetSize of job (KB)
...
006 (9634697.000.000) 04/15 16:29:09 Image size of job updated: 51518228
	29737  -  MemoryUsage of job (MB)
	30450072  -  ResidentSetSize of job (KB)
...
006 (9634697.000.000) 04/15 16:34:09 Image size of job updated: 51567716
	29737  -  MemoryUsage of job (MB)
	30450072  -  ResidentSetSize of job (KB)
...
006 (9634697.000.000) 04/15 16:39:09 Image size of job updated: 51614088
	29737  -  MemoryUsage of job (MB)
	30450072  -  ResidentSetSize of job (KB)
...
006 (9634697.000.000) 04/15 16:44:10 Image size of job updated: 51645960
	29737  -  MemoryUsage of job (MB)
	30450072  -  ResidentSetSize of job (KB)
...
006 (9634697.000.000) 04/15 16:49:10 Image size of job updated: 51694924
	29737  -  MemoryUsage of job (MB)
	30450072  -  ResidentSetSize of job (KB)
...
006 (9634697.000.000) 04/15 16:54:10 Image size of job updated: 51727704
	29737  -  MemoryUsage of job (MB)
	30450072  -  ResidentSetSize of job (KB)
...
006 (9634697.000.000) 04/15 16:59:11 Image size of job updated: 51776284
	29737  -  MemoryUsage of job (MB)
	30450072  -  ResidentSetSize of job (KB)
...
006 (9634697.000.000) 04/15 17:04:11 Image size of job updated: 51829392
	29737  -  MemoryUsage of job (MB)
	30450072  -  ResidentSetSize of job (KB)
...
006 (9634697.000.000) 04/15 17:09:11 Image size of job updated: 51873704
	29737  -  MemoryUsage of job (MB)
	30450072  -  ResidentSetSize of job (KB)
...
006 (9634697.000.000) 04/15 17:14:12 Image size of job updated: 51931864
	29737  -  MemoryUsage of job (MB)
	30450072  -  ResidentSetSize of job (KB)
...
006 (9634697.000.000) 04/15 17:19:13 Image size of job updated: 51989516
	29737  -  MemoryUsage of job (MB)
	30450072  -  ResidentSetSize of job (KB)
...
006 (9634697.000.000) 04/15 17:24:13 Image size of job updated: 52047940
	29737  -  MemoryUsage of job (MB)
	30450072  -  ResidentSetSize of job (KB)
...
006 (9634697.000.000) 04/15 17:29:14 Image size of job updated: 52089008
	29737  -  MemoryUsage of job (MB)
	30450072  -  ResidentSetSize of job (KB)
...
006 (9634697.000.000) 04/15 17:34:15 Image size of job updated: 52145228
	29737  -  MemoryUsage of job (MB)
	30450072  -  ResidentSetSize of job (KB)
...
006 (9634697.000.000) 04/15 17:39:15 Image size of job updated: 52199768
	29737  -  MemoryUsage of job (MB)
	30450072  -  ResidentSetSize of job (KB)
...
006 (9634697.000.000) 04/15 17:44:15 Image size of job updated: 52256764
	29737  -  MemoryUsage of job (MB)
	30450072  -  ResidentSetSize of job (KB)
...
006 (9634697.000.000) 04/15 17:49:16 Image size of job updated: 52302108
	29737  -  MemoryUsage of job (MB)
	30450072  -  ResidentSetSize of job (KB)
...
006 (9634697.000.000) 04/15 17:54:17 Image size of job updated: 52359368
	29737  -  MemoryUsage of job (MB)
	30450072  -  ResidentSetSize of job (KB)
...
006 (9634697.000.000) 04/15 17:59:17 Image size of job updated: 52414552
	29737  -  MemoryUsage of job (MB)
	30450072  -  ResidentSetSize of job (KB)
...
006 (9634697.000.000) 04/15 18:04:18 Image size of job updated: 52472200
	29737  -  MemoryUsage of job (MB)
	30450072  -  ResidentSetSize of job (KB)
...
006 (9634697.000.000) 04/15 18:09:19 Image size of job updated: 52515472
	29737  -  MemoryUsage of job (MB)
	30450072  -  ResidentSetSize of job (KB)
...
006 (9634697.000.000) 04/15 18:14:19 Image size of job updated: 52575836
	29737  -  MemoryUsage of job (MB)
	30450072  -  ResidentSetSize of job (KB)
...
006 (9634697.000.000) 04/15 18:19:19 Image size of job updated: 52633876
	29737  -  MemoryUsage of job (MB)
	30450072  -  ResidentSetSize of job (KB)
...
006 (9634697.000.000) 04/15 18:24:20 Image size of job updated: 52691392
	29737  -  MemoryUsage of job (MB)
	30450072  -  ResidentSetSize of job (KB)
...
006 (9634697.000.000) 04/15 18:29:20 Image size of job updated: 52736216
	29737  -  MemoryUsage of job (MB)
	30450072  -  ResidentSetSize of job (KB)
...
006 (9634697.000.000) 04/15 18:34:20 Image size of job updated: 52793344
	29737  -  MemoryUsage of job (MB)
	30450072  -  ResidentSetSize of job (KB)
...
006 (9634697.000.000) 04/15 18:39:21 Image size of job updated: 52848792
	29737  -  MemoryUsage of job (MB)
	30450072  -  ResidentSetSize of job (KB)
...
006 (9634697.000.000) 04/15 18:44:22 Image size of job updated: 52905788
	29737  -  MemoryUsage of job (MB)
	30450072  -  ResidentSetSize of job (KB)
...
006 (9634697.000.000) 04/15 18:49:22 Image size of job updated: 52945304
	29737  -  MemoryUsage of job (MB)
	30450072  -  ResidentSetSize of job (KB)
...
006 (9634697.000.000) 04/15 18:54:23 Image size of job updated: 53004116
	29737  -  MemoryUsage of job (MB)
	30450072  -  ResidentSetSize of job (KB)
...
006 (9634697.000.000) 04/15 18:59:24 Image size of job updated: 53065004
	29737  -  MemoryUsage of job (MB)
	30450072  -  ResidentSetSize of job (KB)
...
006 (9634697.000.000) 04/15 19:04:24 Image size of job updated: 53126664
	29737  -  MemoryUsage of job (MB)
	30450072  -  ResidentSetSize of job (KB)
...
006 (9634697.000.000) 04/15 19:09:24 Image size of job updated: 53183404
	29737  -  MemoryUsage of job (MB)
	30450072  -  ResidentSetSize of job (KB)
...
006 (9634697.000.000) 04/15 19:14:25 Image size of job updated: 53217604
	29737  -  MemoryUsage of job (MB)
	30450072  -  ResidentSetSize of job (KB)
...
006 (9634697.000.000) 04/15 19:19:25 Image size of job updated: 53974732
	29737  -  MemoryUsage of job (MB)
	30450072  -  ResidentSetSize of job (KB)
...
006 (9634697.000.000) 04/15 20:24:32 Image size of job updated: 55308348
	29737  -  MemoryUsage of job (MB)
	30450072  -  ResidentSetSize of job (KB)
...
006 (9634697.000.000) 04/15 20:29:32 Image size of job updated: 56916756
	29737  -  MemoryUsage of job (MB)
	30450072  -  ResidentSetSize of job (KB)
...
006 (9634697.000.000) 04/15 20:34:32 Image size of job updated: 58260928
	29737  -  MemoryUsage of job (MB)
	30450072  -  ResidentSetSize of job (KB)
...
006 (9634697.000.000) 04/15 20:39:33 Image size of job updated: 59826872
	29737  -  MemoryUsage of job (MB)
	30450072  -  ResidentSetSize of job (KB)
...
006 (9634697.000.000) 04/15 20:44:33 Image size of job updated: 59829764
	29737  -  MemoryUsage of job (MB)
	30450072  -  ResidentSetSize of job (KB)
...
040 (9634697.000.000) 04/15 22:37:58 Started transferring output files
...
040 (9634697.000.000) 04/15 22:37:58 Finished transferring output files
...
005 (9634697.000.000) 04/15 22:37:58 Job terminated.
	(1) Normal termination (return value 1)
		Usr 1 05:07:09, Sys 0 00:33:22  -  Run Remote Usage
		Usr 0 00:00:00, Sys 0 00:00:00  -  Run Local Usage
		Usr 1 05:07:09, Sys 0 00:33:22  -  Total Remote Usage
		Usr 0 00:00:00, Sys 0 00:00:00  -  Total Local Usage
	21537  -  Run Bytes Sent By Job
	226  -  Run Bytes Received By Job
	21537  -  Total Bytes Sent By Job
	226  -  Total Bytes Received By Job
	Partitionable Resources :    Usage  Request Allocated 
	   Cpus                 :     1.00        1         1 
	   Disk (KB)            :  1376           1   1318735 
	   Memory (MB)          : 29737        2000      2000 

	Job terminated of its own accord at 2024-04-15T20:37:58Z.
...
