000 (9426640.000.000) 03/14 10:15:40 Job submitted from host: <137.138.156.150:9618?addrs=137.138.156.150-9618+[2001-1458-d00-14--9a]-9618&alias=bigbird13.cern.ch&noUDP&sock=schedd_5144_ef43>
...
040 (9426640.000.000) 03/14 10:19:03 Started transferring input files
	Transferring to host: <128.142.58.137:9618?addrs=128.142.58.137-9618&alias=b7s03p0871.cern.ch&noUDP&sock=slot1_1_6959_feb4_70180>
...
040 (9426640.000.000) 03/14 10:19:03 Finished transferring input files
...
001 (9426640.000.000) 03/14 10:19:04 Job executing on host: <128.142.58.137:9618?addrs=128.142.58.137-9618&alias=b7s03p0871.cern.ch&noUDP&sock=startd_6893_9a67>
...
006 (9426640.000.000) 03/14 10:19:13 Image size of job updated: 1179812
	192  -  MemoryUsage of job (MB)
	196600  -  ResidentSetSize of job (KB)
...
040 (9426640.000.000) 03/14 10:19:14 Started transferring output files
...
040 (9426640.000.000) 03/14 10:19:14 Finished transferring output files
...
004 (9426640.000.000) 03/14 10:19:14 Job was evicted.
	(0) CPU times
		Usr 0 00:00:03, Sys 0 00:00:01  -  Run Remote Usage
		Usr 0 00:00:00, Sys 0 00:00:00  -  Run Local Usage
	0  -  Run Bytes Sent By Job
	222  -  Run Bytes Received By Job
	Partitionable Resources :    Usage  Request Allocated 
	   Cpus                 :                 1         1 
	   Disk (KB)            :       16        1   1280629 
	   Memory (MB)          :      192     2000      2000 
...
009 (9426640.000.000) 03/14 10:19:14 Job was aborted.
	via condor_rm (by user tcritchl)
...
