000 (9426432.000.000) 03/14 00:02:16 Job submitted from host: <137.138.156.150:9618?addrs=137.138.156.150-9618+[2001-1458-d00-14--9a]-9618&alias=bigbird13.cern.ch&noUDP&sock=schedd_5144_ef43>
...
040 (9426432.000.000) 03/14 00:13:58 Started transferring input files
	Transferring to host: <128.142.57.123:9618?addrs=128.142.57.123-9618&alias=b7s02p6534.cern.ch&noUDP&sock=slot1_7_6899_b832_71892>
...
040 (9426432.000.000) 03/14 00:13:58 Finished transferring input files
...
001 (9426432.000.000) 03/14 00:13:59 Job executing on host: <128.142.57.123:9618?addrs=128.142.57.123-9618&alias=b7s02p6534.cern.ch&noUDP&sock=startd_6851_cb6d>
...
006 (9426432.000.000) 03/14 00:14:08 Image size of job updated: 69768
	32  -  MemoryUsage of job (MB)
	31820  -  ResidentSetSize of job (KB)
...
006 (9426432.000.000) 03/14 00:14:24 Image size of job updated: 708580
	32  -  MemoryUsage of job (MB)
	32088  -  ResidentSetSize of job (KB)
...
040 (9426432.000.000) 03/14 00:14:24 Started transferring output files
...
040 (9426432.000.000) 03/14 00:14:24 Finished transferring output files
...
005 (9426432.000.000) 03/14 00:14:25 Job terminated.
	(1) Normal termination (return value 0)
		Usr 0 00:00:03, Sys 0 00:00:01  -  Run Remote Usage
		Usr 0 00:00:00, Sys 0 00:00:00  -  Run Local Usage
		Usr 0 00:00:03, Sys 0 00:00:01  -  Total Remote Usage
		Usr 0 00:00:00, Sys 0 00:00:00  -  Total Local Usage
	24203  -  Run Bytes Sent By Job
	220  -  Run Bytes Received By Job
	24203  -  Total Bytes Sent By Job
	220  -  Total Bytes Received By Job
	Partitionable Resources :    Usage  Request Allocated 
	   Cpus                 :                 1         1 
	   Disk (KB)            :       37        1   1326074 
	   Memory (MB)          :       32     2000      2000 

	Job terminated of its own accord at 2024-03-13T23:14:24Z.
...
