000 (9426481.000.000) 03/14 00:03:04 Job submitted from host: <137.138.156.150:9618?addrs=137.138.156.150-9618+[2001-1458-d00-14--9a]-9618&alias=bigbird13.cern.ch&noUDP&sock=schedd_5144_ef43>
...
040 (9426481.000.000) 03/14 00:14:56 Started transferring input files
	Transferring to host: <128.142.58.152:9618?addrs=128.142.58.152-9618&alias=b7s03p4688.cern.ch&noUDP&sock=slot1_9_3007_7413_67841>
...
040 (9426481.000.000) 03/14 00:14:56 Finished transferring input files
...
001 (9426481.000.000) 03/14 00:14:57 Job executing on host: <128.142.58.152:9618?addrs=128.142.58.152-9618&alias=b7s03p4688.cern.ch&noUDP&sock=startd_2562_e5ba>
...
006 (9426481.000.000) 03/14 00:15:05 Image size of job updated: 1184528
	0  -  MemoryUsage of job (MB)
	0  -  ResidentSetSize of job (KB)
...
040 (9426481.000.000) 03/14 00:15:05 Started transferring output files
...
040 (9426481.000.000) 03/14 00:15:05 Finished transferring output files
...
005 (9426481.000.000) 03/14 00:15:05 Job terminated.
	(1) Normal termination (return value 0)
		Usr 0 00:00:04, Sys 0 00:00:01  -  Run Remote Usage
		Usr 0 00:00:00, Sys 0 00:00:00  -  Run Local Usage
		Usr 0 00:00:04, Sys 0 00:00:01  -  Total Remote Usage
		Usr 0 00:00:00, Sys 0 00:00:00  -  Total Local Usage
	24203  -  Run Bytes Sent By Job
	220  -  Run Bytes Received By Job
	24203  -  Total Bytes Sent By Job
	220  -  Total Bytes Received By Job
	Partitionable Resources :    Usage  Request Allocated 
	   Cpus                 :                 1         1 
	   Disk (KB)            :       38        1   1222177 
	   Memory (MB)          :        0     2000      2000 

	Job terminated of its own accord at 2024-03-13T23:15:05Z.
...
