000 (9693130.000.000) 04/28 19:24:32 Job submitted from host: <137.138.156.150:9618?addrs=137.138.156.150-9618+[2001-1458-d00-14--9a]-9618&alias=bigbird13.cern.ch&noUDP&sock=schedd_2138_1192>
...
040 (9693130.000.000) 04/28 19:37:43 Started transferring input files
	Transferring to host: <128.142.56.74:9618?addrs=128.142.56.74-9618&alias=b7s01p7693.cern.ch&noUDP&sock=slot1_14_7465_8489_120958>
...
040 (9693130.000.000) 04/28 19:37:43 Finished transferring input files
...
001 (9693130.000.000) 04/28 19:37:44 Job executing on host: <128.142.56.74:9618?addrs=128.142.56.74-9618&alias=b7s01p7693.cern.ch&noUDP&sock=startd_7400_5ceb>
...
006 (9693130.000.000) 04/28 19:37:53 Image size of job updated: 399468
	76  -  MemoryUsage of job (MB)
	77028  -  ResidentSetSize of job (KB)
...
006 (9693130.000.000) 04/28 19:42:54 Image size of job updated: 1210208
	220  -  MemoryUsage of job (MB)
	224492  -  ResidentSetSize of job (KB)
...
006 (9693130.000.000) 04/28 19:47:54 Image size of job updated: 1210976
	221  -  MemoryUsage of job (MB)
	225284  -  ResidentSetSize of job (KB)
...
006 (9693130.000.000) 04/28 19:52:54 Image size of job updated: 1211744
	221  -  MemoryUsage of job (MB)
	226008  -  ResidentSetSize of job (KB)
...
006 (9693130.000.000) 04/28 19:57:55 Image size of job updated: 12754380
	8498  -  MemoryUsage of job (MB)
	8701016  -  ResidentSetSize of job (KB)
...
006 (9693130.000.000) 04/28 20:02:56 Image size of job updated: 12780236
	8523  -  MemoryUsage of job (MB)
	8726836  -  ResidentSetSize of job (KB)
...
006 (9693130.000.000) 04/28 20:07:56 Image size of job updated: 12874372
	8600  -  MemoryUsage of job (MB)
	8805604  -  ResidentSetSize of job (KB)
...
006 (9693130.000.000) 04/28 20:12:56 Image size of job updated: 12993416
	8672  -  MemoryUsage of job (MB)
	8880124  -  ResidentSetSize of job (KB)
...
006 (9693130.000.000) 04/28 20:17:57 Image size of job updated: 13052708
	8761  -  MemoryUsage of job (MB)
	8970596  -  ResidentSetSize of job (KB)
...
006 (9693130.000.000) 04/28 20:22:57 Image size of job updated: 13118872
	8854  -  MemoryUsage of job (MB)
	9065672  -  ResidentSetSize of job (KB)
...
006 (9693130.000.000) 04/28 20:27:57 Image size of job updated: 13325048
	8937  -  MemoryUsage of job (MB)
	9151080  -  ResidentSetSize of job (KB)
...
006 (9693130.000.000) 04/28 20:32:58 Image size of job updated: 13387296
	9027  -  MemoryUsage of job (MB)
	9242776  -  ResidentSetSize of job (KB)
...
006 (9693130.000.000) 04/28 20:37:59 Image size of job updated: 13447856
	9111  -  MemoryUsage of job (MB)
	9328728  -  ResidentSetSize of job (KB)
...
006 (9693130.000.000) 04/28 20:42:59 Image size of job updated: 13506576
	9194  -  MemoryUsage of job (MB)
	9414648  -  ResidentSetSize of job (KB)
...
006 (9693130.000.000) 04/28 20:47:59 Image size of job updated: 13564384
	9276  -  MemoryUsage of job (MB)
	9498156  -  ResidentSetSize of job (KB)
...
006 (9693130.000.000) 04/28 20:53:00 Image size of job updated: 13912668
	9352  -  MemoryUsage of job (MB)
	9575584  -  ResidentSetSize of job (KB)
...
006 (9693130.000.000) 04/28 20:58:01 Image size of job updated: 13963288
	9424  -  MemoryUsage of job (MB)
	9649748  -  ResidentSetSize of job (KB)
...
006 (9693130.000.000) 04/28 21:03:01 Image size of job updated: 14010368
	9491  -  MemoryUsage of job (MB)
	9717984  -  ResidentSetSize of job (KB)
...
006 (9693130.000.000) 04/28 21:08:02 Image size of job updated: 14058256
	9556  -  MemoryUsage of job (MB)
	9785232  -  ResidentSetSize of job (KB)
...
006 (9693130.000.000) 04/28 21:13:03 Image size of job updated: 14099580
	9622  -  MemoryUsage of job (MB)
	9851928  -  ResidentSetSize of job (KB)
...
006 (9693130.000.000) 04/28 21:18:03 Image size of job updated: 14147644
	9687  -  MemoryUsage of job (MB)
	9919288  -  ResidentSetSize of job (KB)
...
006 (9693130.000.000) 04/28 21:23:03 Image size of job updated: 14195900
	9754  -  MemoryUsage of job (MB)
	9987356  -  ResidentSetSize of job (KB)
...
006 (9693130.000.000) 04/28 21:28:04 Image size of job updated: 14241304
	9822  -  MemoryUsage of job (MB)
	10057204  -  ResidentSetSize of job (KB)
...
006 (9693130.000.000) 04/28 21:33:04 Image size of job updated: 14293512
	9895  -  MemoryUsage of job (MB)
	10132276  -  ResidentSetSize of job (KB)
...
006 (9693130.000.000) 04/28 21:38:04 Image size of job updated: 14347660
	9973  -  MemoryUsage of job (MB)
	10211952  -  ResidentSetSize of job (KB)
...
006 (9693130.000.000) 04/28 21:43:05 Image size of job updated: 14399092
	10046  -  MemoryUsage of job (MB)
	10286096  -  ResidentSetSize of job (KB)
...
006 (9693130.000.000) 04/28 21:48:06 Image size of job updated: 14451168
	10119  -  MemoryUsage of job (MB)
	10361528  -  ResidentSetSize of job (KB)
...
006 (9693130.000.000) 04/28 21:53:06 Image size of job updated: 14500076
	10190  -  MemoryUsage of job (MB)
	10434304  -  ResidentSetSize of job (KB)
...
006 (9693130.000.000) 04/28 21:58:06 Image size of job updated: 15139516
	10259  -  MemoryUsage of job (MB)
	10504828  -  ResidentSetSize of job (KB)
...
006 (9693130.000.000) 04/28 22:03:07 Image size of job updated: 15186992
	10328  -  MemoryUsage of job (MB)
	10574868  -  ResidentSetSize of job (KB)
...
006 (9693130.000.000) 04/28 22:08:07 Image size of job updated: 15240108
	10403  -  MemoryUsage of job (MB)
	10651788  -  ResidentSetSize of job (KB)
...
006 (9693130.000.000) 04/28 22:13:07 Image size of job updated: 15287840
	10472  -  MemoryUsage of job (MB)
	10722420  -  ResidentSetSize of job (KB)
...
006 (9693130.000.000) 04/28 22:18:08 Image size of job updated: 15337456
	10541  -  MemoryUsage of job (MB)
	10793388  -  ResidentSetSize of job (KB)
...
006 (9693130.000.000) 04/28 22:23:09 Image size of job updated: 15385588
	10610  -  MemoryUsage of job (MB)
	10863836  -  ResidentSetSize of job (KB)
...
006 (9693130.000.000) 04/28 22:28:09 Image size of job updated: 15438572
	10685  -  MemoryUsage of job (MB)
	10941204  -  ResidentSetSize of job (KB)
...
006 (9693130.000.000) 04/28 22:33:10 Image size of job updated: 15491168
	10759  -  MemoryUsage of job (MB)
	11017160  -  ResidentSetSize of job (KB)
...
006 (9693130.000.000) 04/28 22:38:11 Image size of job updated: 15542468
	10831  -  MemoryUsage of job (MB)
	11090780  -  ResidentSetSize of job (KB)
...
006 (9693130.000.000) 04/28 22:43:11 Image size of job updated: 15591760
	10903  -  MemoryUsage of job (MB)
	11164152  -  ResidentSetSize of job (KB)
...
006 (9693130.000.000) 04/28 22:48:11 Image size of job updated: 15642152
	10973  -  MemoryUsage of job (MB)
	11235776  -  ResidentSetSize of job (KB)
...
006 (9693130.000.000) 04/28 22:53:12 Image size of job updated: 15687424
	11041  -  MemoryUsage of job (MB)
	11305004  -  ResidentSetSize of job (KB)
...
006 (9693130.000.000) 04/28 22:58:12 Image size of job updated: 15739248
	11111  -  MemoryUsage of job (MB)
	11377052  -  ResidentSetSize of job (KB)
...
006 (9693130.000.000) 04/28 23:03:12 Image size of job updated: 15790080
	11182  -  MemoryUsage of job (MB)
	11449652  -  ResidentSetSize of job (KB)
...
006 (9693130.000.000) 04/28 23:08:13 Image size of job updated: 15840216
	11252  -  MemoryUsage of job (MB)
	11521428  -  ResidentSetSize of job (KB)
...
006 (9693130.000.000) 04/28 23:13:14 Image size of job updated: 15883868
	11320  -  MemoryUsage of job (MB)
	11591076  -  ResidentSetSize of job (KB)
...
006 (9693130.000.000) 04/28 23:18:14 Image size of job updated: 15934912
	11392  -  MemoryUsage of job (MB)
	11664860  -  ResidentSetSize of job (KB)
...
006 (9693130.000.000) 04/28 23:23:15 Image size of job updated: 15985824
	11464  -  MemoryUsage of job (MB)
	11738704  -  ResidentSetSize of job (KB)
...
006 (9693130.000.000) 04/28 23:28:16 Image size of job updated: 16045932
	11552  -  MemoryUsage of job (MB)
	11828752  -  ResidentSetSize of job (KB)
...
006 (9693130.000.000) 04/28 23:33:16 Image size of job updated: 16100212
	11629  -  MemoryUsage of job (MB)
	11907384  -  ResidentSetSize of job (KB)
...
006 (9693130.000.000) 04/28 23:38:16 Image size of job updated: 16152288
	11702  -  MemoryUsage of job (MB)
	11982404  -  ResidentSetSize of job (KB)
...
006 (9693130.000.000) 04/28 23:43:17 Image size of job updated: 16204496
	11776  -  MemoryUsage of job (MB)
	12058312  -  ResidentSetSize of job (KB)
...
006 (9693130.000.000) 04/28 23:48:18 Image size of job updated: 16256704
	11850  -  MemoryUsage of job (MB)
	12133836  -  ResidentSetSize of job (KB)
...
006 (9693130.000.000) 04/28 23:53:18 Image size of job updated: 16309556
	11925  -  MemoryUsage of job (MB)
	12210668  -  ResidentSetSize of job (KB)
...
006 (9693130.000.000) 04/28 23:58:19 Image size of job updated: 16363836
	12002  -  MemoryUsage of job (MB)
	12289600  -  ResidentSetSize of job (KB)
...
006 (9693130.000.000) 04/29 00:03:20 Image size of job updated: 17597764
	12079  -  MemoryUsage of job (MB)
	12368448  -  ResidentSetSize of job (KB)
...
006 (9693130.000.000) 04/29 00:08:20 Image size of job updated: 17649452
	12152  -  MemoryUsage of job (MB)
	12443124  -  ResidentSetSize of job (KB)
...
006 (9693130.000.000) 04/29 00:13:20 Image size of job updated: 17700752
	12224  -  MemoryUsage of job (MB)
	12517004  -  ResidentSetSize of job (KB)
...
006 (9693130.000.000) 04/29 00:18:21 Image size of job updated: 17753348
	12299  -  MemoryUsage of job (MB)
	12593768  -  ResidentSetSize of job (KB)
...
006 (9693130.000.000) 04/29 00:23:21 Image size of job updated: 17800248
	12370  -  MemoryUsage of job (MB)
	12666452  -  ResidentSetSize of job (KB)
...
006 (9693130.000.000) 04/29 00:28:21 Image size of job updated: 17850508
	12440  -  MemoryUsage of job (MB)
	12737976  -  ResidentSetSize of job (KB)
...
006 (9693130.000.000) 04/29 00:33:22 Image size of job updated: 17900256
	12510  -  MemoryUsage of job (MB)
	12809384  -  ResidentSetSize of job (KB)
...
006 (9693130.000.000) 04/29 00:38:23 Image size of job updated: 17950128
	12578  -  MemoryUsage of job (MB)
	12879540  -  ResidentSetSize of job (KB)
...
006 (9693130.000.000) 04/29 00:43:23 Image size of job updated: 17995732
	12647  -  MemoryUsage of job (MB)
	12950184  -  ResidentSetSize of job (KB)
...
006 (9693130.000.000) 04/29 00:48:23 Image size of job updated: 18045348
	12717  -  MemoryUsage of job (MB)
	13021188  -  ResidentSetSize of job (KB)
...
006 (9693130.000.000) 04/29 00:53:24 Image size of job updated: 18095352
	12786  -  MemoryUsage of job (MB)
	13092628  -  ResidentSetSize of job (KB)
...
006 (9693130.000.000) 04/29 00:58:25 Image size of job updated: 18146132
	12856  -  MemoryUsage of job (MB)
	13164508  -  ResidentSetSize of job (KB)
...
006 (9693130.000.000) 04/29 01:03:25 Image size of job updated: 18191732
	12926  -  MemoryUsage of job (MB)
	13235240  -  ResidentSetSize of job (KB)
...
006 (9693130.000.000) 04/29 01:08:26 Image size of job updated: 18241736
	12996  -  MemoryUsage of job (MB)
	13307104  -  ResidentSetSize of job (KB)
...
006 (9693130.000.000) 04/29 01:13:27 Image size of job updated: 18292648
	13067  -  MemoryUsage of job (MB)
	13379912  -  ResidentSetSize of job (KB)
...
006 (9693130.000.000) 04/29 01:18:27 Image size of job updated: 18346796
	13144  -  MemoryUsage of job (MB)
	13459188  -  ResidentSetSize of job (KB)
...
006 (9693130.000.000) 04/29 01:23:27 Image size of job updated: 18400688
	13220  -  MemoryUsage of job (MB)
	13537168  -  ResidentSetSize of job (KB)
...
006 (9693130.000.000) 04/29 01:28:28 Image size of job updated: 18451992
	13293  -  MemoryUsage of job (MB)
	13611340  -  ResidentSetSize of job (KB)
...
006 (9693130.000.000) 04/29 01:33:28 Image size of job updated: 18502904
	13364  -  MemoryUsage of job (MB)
	13684368  -  ResidentSetSize of job (KB)
...
006 (9693130.000.000) 04/29 01:38:28 Image size of job updated: 18550188
	13436  -  MemoryUsage of job (MB)
	13758308  -  ResidentSetSize of job (KB)
...
006 (9693130.000.000) 04/29 01:43:29 Image size of job updated: 18600968
	13508  -  MemoryUsage of job (MB)
	13831436  -  ResidentSetSize of job (KB)
...
006 (9693130.000.000) 04/29 01:48:30 Image size of job updated: 18652656
	13580  -  MemoryUsage of job (MB)
	13905572  -  ResidentSetSize of job (KB)
...
006 (9693130.000.000) 04/29 01:53:30 Image size of job updated: 18703956
	13652  -  MemoryUsage of job (MB)
	13979628  -  ResidentSetSize of job (KB)
...
006 (9693130.000.000) 04/29 01:58:30 Image size of job updated: 18758756
	13731  -  MemoryUsage of job (MB)
	14060428  -  ResidentSetSize of job (KB)
...
006 (9693130.000.000) 04/29 02:03:31 Image size of job updated: 18814200
	13811  -  MemoryUsage of job (MB)
	14141964  -  ResidentSetSize of job (KB)
...
006 (9693130.000.000) 04/29 02:08:32 Image size of job updated: 18870032
	13892  -  MemoryUsage of job (MB)
	14224456  -  ResidentSetSize of job (KB)
...
006 (9693130.000.000) 04/29 02:13:32 Image size of job updated: 18931440
	13974  -  MemoryUsage of job (MB)
	14308520  -  ResidentSetSize of job (KB)
...
006 (9693130.000.000) 04/29 02:18:33 Image size of job updated: 18987404
	14055  -  MemoryUsage of job (MB)
	14392072  -  ResidentSetSize of job (KB)
...
006 (9693130.000.000) 04/29 02:23:34 Image size of job updated: 19044664
	14138  -  MemoryUsage of job (MB)
	14476928  -  ResidentSetSize of job (KB)
...
006 (9693130.000.000) 04/29 02:28:34 Image size of job updated: 19100628
	14219  -  MemoryUsage of job (MB)
	14559328  -  ResidentSetSize of job (KB)
...
006 (9693130.000.000) 04/29 02:33:34 Image size of job updated: 19156980
	14300  -  MemoryUsage of job (MB)
	14642316  -  ResidentSetSize of job (KB)
...
006 (9693130.000.000) 04/29 02:38:35 Image size of job updated: 19217864
	14382  -  MemoryUsage of job (MB)
	14726780  -  ResidentSetSize of job (KB)
...
006 (9693130.000.000) 04/29 02:43:36 Image size of job updated: 19278312
	14463  -  MemoryUsage of job (MB)
	14809824  -  ResidentSetSize of job (KB)
...
006 (9693130.000.000) 04/29 02:48:36 Image size of job updated: 19327416
	14543  -  MemoryUsage of job (MB)
	14891092  -  ResidentSetSize of job (KB)
...
006 (9693130.000.000) 04/29 02:53:37 Image size of job updated: 19391536
	14626  -  MemoryUsage of job (MB)
	14976580  -  ResidentSetSize of job (KB)
...
006 (9693130.000.000) 04/29 02:58:38 Image size of job updated: 19445172
	14710  -  MemoryUsage of job (MB)
	15062760  -  ResidentSetSize of job (KB)
...
006 (9693130.000.000) 04/29 03:03:38 Image size of job updated: 19503984
	14792  -  MemoryUsage of job (MB)
	15146328  -  ResidentSetSize of job (KB)
...
006 (9693130.000.000) 04/29 03:08:38 Image size of job updated: 19565256
	14875  -  MemoryUsage of job (MB)
	15231288  -  ResidentSetSize of job (KB)
...
006 (9693130.000.000) 04/29 03:13:39 Image size of job updated: 19619280
	14960  -  MemoryUsage of job (MB)
	15318368  -  ResidentSetSize of job (KB)
...
006 (9693130.000.000) 04/29 03:18:39 Image size of job updated: 19683400
	15048  -  MemoryUsage of job (MB)
	15408484  -  ResidentSetSize of job (KB)
...
006 (9693130.000.000) 04/29 03:23:39 Image size of job updated: 19750380
	15142  -  MemoryUsage of job (MB)
	15504396  -  ResidentSetSize of job (KB)
...
006 (9693130.000.000) 04/29 03:28:40 Image size of job updated: 19819296
	15238  -  MemoryUsage of job (MB)
	15603696  -  ResidentSetSize of job (KB)
...
006 (9693130.000.000) 04/29 03:33:41 Image size of job updated: 19886528
	15332  -  MemoryUsage of job (MB)
	15699748  -  ResidentSetSize of job (KB)
...
006 (9693130.000.000) 04/29 03:38:41 Image size of job updated: 19954672
	15427  -  MemoryUsage of job (MB)
	15796272  -  ResidentSetSize of job (KB)
...
006 (9693130.000.000) 04/29 03:43:42 Image size of job updated: 20012836
	15520  -  MemoryUsage of job (MB)
	15891636  -  ResidentSetSize of job (KB)
...
006 (9693130.000.000) 04/29 03:48:43 Image size of job updated: 20080204
	15613  -  MemoryUsage of job (MB)
	15987312  -  ResidentSetSize of job (KB)
...
006 (9693130.000.000) 04/29 03:53:43 Image size of job updated: 20148212
	15709  -  MemoryUsage of job (MB)
	16085020  -  ResidentSetSize of job (KB)
...
006 (9693130.000.000) 04/29 03:58:43 Image size of job updated: 22574872
	15802  -  MemoryUsage of job (MB)
	16181100  -  ResidentSetSize of job (KB)
...
006 (9693130.000.000) 04/29 04:03:44 Image size of job updated: 22639260
	15892  -  MemoryUsage of job (MB)
	16272436  -  ResidentSetSize of job (KB)
...
006 (9693130.000.000) 04/29 04:08:45 Image size of job updated: 22691464
	15973  -  MemoryUsage of job (MB)
	16355504  -  ResidentSetSize of job (KB)
...
006 (9693130.000.000) 04/29 04:13:45 Image size of job updated: 22755200
	16060  -  MemoryUsage of job (MB)
	16445152  -  ResidentSetSize of job (KB)
...
006 (9693130.000.000) 04/29 04:18:46 Image size of job updated: 22818032
	16146  -  MemoryUsage of job (MB)
	16533392  -  ResidentSetSize of job (KB)
...
006 (9693130.000.000) 04/29 04:23:47 Image size of job updated: 22869852
	16227  -  MemoryUsage of job (MB)
	16615676  -  ResidentSetSize of job (KB)
...
006 (9693130.000.000) 04/29 04:28:47 Image size of job updated: 22931124
	16310  -  MemoryUsage of job (MB)
	16700444  -  ResidentSetSize of job (KB)
...
006 (9693130.000.000) 04/29 04:33:47 Image size of job updated: 22983852
	16391  -  MemoryUsage of job (MB)
	16784312  -  ResidentSetSize of job (KB)
...
006 (9693130.000.000) 04/29 04:38:48 Image size of job updated: 23043440
	16471  -  MemoryUsage of job (MB)
	16866032  -  ResidentSetSize of job (KB)
...
006 (9693130.000.000) 04/29 04:43:49 Image size of job updated: 23103164
	16551  -  MemoryUsage of job (MB)
	16948048  -  ResidentSetSize of job (KB)
...
006 (9693130.000.000) 04/29 04:48:49 Image size of job updated: 23155368
	16631  -  MemoryUsage of job (MB)
	17029760  -  ResidentSetSize of job (KB)
...
006 (9693130.000.000) 04/29 04:53:50 Image size of job updated: 23214184
	16711  -  MemoryUsage of job (MB)
	17111688  -  ResidentSetSize of job (KB)
...
006 (9693130.000.000) 04/29 04:58:51 Image size of job updated: 23266000
	16791  -  MemoryUsage of job (MB)
	17193924  -  ResidentSetSize of job (KB)
...
006 (9693130.000.000) 04/29 05:03:51 Image size of job updated: 23325336
	16871  -  MemoryUsage of job (MB)
	17275116  -  ResidentSetSize of job (KB)
...
006 (9693130.000.000) 04/29 05:08:51 Image size of job updated: 23377020
	16950  -  MemoryUsage of job (MB)
	17356740  -  ResidentSetSize of job (KB)
...
006 (9693130.000.000) 04/29 05:13:52 Image size of job updated: 23436744
	17031  -  MemoryUsage of job (MB)
	17438920  -  ResidentSetSize of job (KB)
...
006 (9693130.000.000) 04/29 05:18:52 Image size of job updated: 23497240
	17112  -  MemoryUsage of job (MB)
	17522044  -  ResidentSetSize of job (KB)
...
006 (9693130.000.000) 04/29 05:27:46 Image size of job updated: 23554112
	17202  -  MemoryUsage of job (MB)
	17613868  -  ResidentSetSize of job (KB)
...
006 (9693130.000.000) 04/29 05:39:28 Image size of job updated: 23761904
	17496  -  MemoryUsage of job (MB)
	17914896  -  ResidentSetSize of job (KB)
...
006 (9693130.000.000) 04/29 05:48:49 Image size of job updated: 23888336
	17670  -  MemoryUsage of job (MB)
	18093340  -  ResidentSetSize of job (KB)
...
006 (9693130.000.000) 04/29 05:54:28 Image size of job updated: 23962828
	17775  -  MemoryUsage of job (MB)
	18200816  -  ResidentSetSize of job (KB)
...
006 (9693130.000.000) 04/29 05:59:28 Image size of job updated: 24013868
	17854  -  MemoryUsage of job (MB)
	18281512  -  ResidentSetSize of job (KB)
...
006 (9693130.000.000) 04/29 06:04:28 Image size of job updated: 24069572
	17929  -  MemoryUsage of job (MB)
	18358812  -  ResidentSetSize of job (KB)
...
006 (9693130.000.000) 04/29 06:09:29 Image size of job updated: 24116336
	18000  -  MemoryUsage of job (MB)
	18431928  -  ResidentSetSize of job (KB)
...
006 (9693130.000.000) 04/29 06:14:30 Image size of job updated: 24162328
	18070  -  MemoryUsage of job (MB)
	18503248  -  ResidentSetSize of job (KB)
...
006 (9693130.000.000) 04/29 06:19:30 Image size of job updated: 24222304
	18150  -  MemoryUsage of job (MB)
	18585480  -  ResidentSetSize of job (KB)
...
006 (9693130.000.000) 04/29 06:24:30 Image size of job updated: 24280864
	18227  -  MemoryUsage of job (MB)
	18663432  -  ResidentSetSize of job (KB)
...
006 (9693130.000.000) 04/29 06:29:31 Image size of job updated: 24330476
	18306  -  MemoryUsage of job (MB)
	18744328  -  ResidentSetSize of job (KB)
...
006 (9693130.000.000) 04/29 06:34:32 Image size of job updated: 24332936
	18306  -  MemoryUsage of job (MB)
	18744328  -  ResidentSetSize of job (KB)
...
006 (9693130.000.000) 04/29 06:44:33 Image size of job updated: 24332936
	18542  -  MemoryUsage of job (MB)
	18986324  -  ResidentSetSize of job (KB)
...
006 (9693130.000.000) 04/29 06:49:34 Image size of job updated: 24332936
	20359  -  MemoryUsage of job (MB)
	20846816  -  ResidentSetSize of job (KB)
...
006 (9693130.000.000) 04/29 06:54:34 Image size of job updated: 25760516
	22177  -  MemoryUsage of job (MB)
	22708240  -  ResidentSetSize of job (KB)
...
040 (9693130.000.000) 04/29 07:29:34 Started transferring output files
...
040 (9693130.000.000) 04/29 07:29:34 Finished transferring output files
...
005 (9693130.000.000) 04/29 07:29:34 Job terminated.
	(1) Normal termination (return value 0)
		Usr 0 11:26:27, Sys 0 00:07:42  -  Run Remote Usage
		Usr 0 00:00:00, Sys 0 00:00:00  -  Run Local Usage
		Usr 0 11:26:27, Sys 0 00:07:42  -  Total Remote Usage
		Usr 0 00:00:00, Sys 0 00:00:00  -  Total Local Usage
	10292  -  Run Bytes Sent By Job
	226  -  Run Bytes Received By Job
	10292  -  Total Bytes Sent By Job
	226  -  Total Bytes Received By Job
	Partitionable Resources :    Usage  Request Allocated 
	   Cpus                 :     1.00        1         1 
	   Disk (KB)            :   460           1   1366102 
	   Memory (MB)          : 22177        2000      2000 

	Job terminated of its own accord at 2024-04-29T05:29:34Z.
...
