000 (9426666.000.000) 03/14 10:21:25 Job submitted from host: <137.138.156.150:9618?addrs=137.138.156.150-9618+[2001-1458-d00-14--9a]-9618&alias=bigbird13.cern.ch&noUDP&sock=schedd_5144_ef43>
...
040 (9426666.000.000) 03/14 10:27:40 Started transferring input files
	Transferring to host: <128.142.56.104:9618?addrs=128.142.56.104-9618&alias=b7s01p2892.cern.ch&noUDP&sock=slot1_12_7490_21ea_71509>
...
040 (9426666.000.000) 03/14 10:27:40 Finished transferring input files
...
001 (9426666.000.000) 03/14 10:27:41 Job executing on host: <128.142.56.104:9618?addrs=128.142.56.104-9618&alias=b7s01p2892.cern.ch&noUDP&sock=startd_7438_6d84>
...
006 (9426666.000.000) 03/14 10:27:49 Image size of job updated: 96412
	44  -  MemoryUsage of job (MB)
	44612  -  ResidentSetSize of job (KB)
...
006 (9426666.000.000) 03/14 10:32:49 Image size of job updated: 1217384
	220  -  MemoryUsage of job (MB)
	225172  -  ResidentSetSize of job (KB)
...
006 (9426666.000.000) 03/14 10:37:50 Image size of job updated: 1217896
	221  -  MemoryUsage of job (MB)
	225776  -  ResidentSetSize of job (KB)
...
006 (9426666.000.000) 03/14 10:42:51 Image size of job updated: 1218664
	222  -  MemoryUsage of job (MB)
	226592  -  ResidentSetSize of job (KB)
...
006 (9426666.000.000) 03/14 10:47:51 Image size of job updated: 1219432
	222  -  MemoryUsage of job (MB)
	227204  -  ResidentSetSize of job (KB)
...
006 (9426666.000.000) 03/14 10:49:45 Image size of job updated: 2103388
	222  -  MemoryUsage of job (MB)
	227204  -  ResidentSetSize of job (KB)
...
040 (9426666.000.000) 03/14 10:49:45 Started transferring output files
...
040 (9426666.000.000) 03/14 10:49:45 Finished transferring output files
...
005 (9426666.000.000) 03/14 10:49:45 Job terminated.
	(1) Normal termination (return value 0)
		Usr 0 00:01:04, Sys 0 00:00:05  -  Run Remote Usage
		Usr 0 00:00:00, Sys 0 00:00:00  -  Run Local Usage
		Usr 0 00:01:04, Sys 0 00:00:05  -  Total Remote Usage
		Usr 0 00:00:00, Sys 0 00:00:00  -  Total Local Usage
	22113  -  Run Bytes Sent By Job
	228  -  Run Bytes Received By Job
	22113  -  Total Bytes Sent By Job
	228  -  Total Bytes Received By Job
	Partitionable Resources :    Usage  Request Allocated 
	   Cpus                 :     0.01        1         1 
	   Disk (KB)            :   336           1   2983166 
	   Memory (MB)          :   222        2000      2000 

	Job terminated of its own accord at 2024-03-14T09:49:45Z.
...
