000 (9426637.000.000) 03/14 10:15:38 Job submitted from host: <137.138.156.150:9618?addrs=137.138.156.150-9618+[2001-1458-d00-14--9a]-9618&alias=bigbird13.cern.ch&noUDP&sock=schedd_5144_ef43>
...
040 (9426637.000.000) 03/14 10:19:02 Started transferring input files
	Transferring to host: <128.142.58.155:9618?addrs=128.142.58.155-9618&alias=b7s03p4304.cern.ch&noUDP&sock=slot1_12_7029_50f7_71030>
...
040 (9426637.000.000) 03/14 10:19:02 Finished transferring input files
...
001 (9426637.000.000) 03/14 10:19:03 Job executing on host: <128.142.58.155:9618?addrs=128.142.58.155-9618&alias=b7s03p4304.cern.ch&noUDP&sock=startd_6943_e623>
...
006 (9426637.000.000) 03/14 10:19:12 Image size of job updated: 78228
	35  -  MemoryUsage of job (MB)
	35812  -  ResidentSetSize of job (KB)
...
006 (9426637.000.000) 03/14 10:19:14 Image size of job updated: 740948
	35  -  MemoryUsage of job (MB)
	35812  -  ResidentSetSize of job (KB)
...
040 (9426637.000.000) 03/14 10:19:14 Started transferring output files
...
040 (9426637.000.000) 03/14 10:19:14 Finished transferring output files
...
004 (9426637.000.000) 03/14 10:19:14 Job was evicted.
	(0) CPU times
		Usr 0 00:00:01, Sys 0 00:00:01  -  Run Remote Usage
		Usr 0 00:00:00, Sys 0 00:00:00  -  Run Local Usage
	0  -  Run Bytes Sent By Job
	222  -  Run Bytes Received By Job
	Partitionable Resources :    Usage  Request Allocated 
	   Cpus                 :                 1         1 
	   Disk (KB)            :       16        1   1309229 
	   Memory (MB)          :       35     2000      2000 
...
009 (9426637.000.000) 03/14 10:19:14 Job was aborted.
	via condor_rm (by user tcritchl)
...
