000 (9426672.000.000) 03/14 10:21:31 Job submitted from host: <137.138.156.150:9618?addrs=137.138.156.150-9618+[2001-1458-d00-14--9a]-9618&alias=bigbird13.cern.ch&noUDP&sock=schedd_5144_ef43>
...
040 (9426672.000.000) 03/14 10:27:42 Started transferring input files
	Transferring to host: <128.142.56.111:9618?addrs=128.142.56.111-9618&alias=b7s01p8175.cern.ch&noUDP&sock=slot1_15_6933_acf3_72205>
...
040 (9426672.000.000) 03/14 10:27:42 Finished transferring input files
...
001 (9426672.000.000) 03/14 10:27:43 Job executing on host: <128.142.56.111:9618?addrs=128.142.56.111-9618&alias=b7s01p8175.cern.ch&noUDP&sock=startd_6866_1558>
...
006 (9426672.000.000) 03/14 10:27:51 Image size of job updated: 82280
	38  -  MemoryUsage of job (MB)
	37896  -  ResidentSetSize of job (KB)
...
006 (9426672.000.000) 03/14 10:32:52 Image size of job updated: 1217388
	220  -  MemoryUsage of job (MB)
	225172  -  ResidentSetSize of job (KB)
...
006 (9426672.000.000) 03/14 10:37:53 Image size of job updated: 1217900
	221  -  MemoryUsage of job (MB)
	225776  -  ResidentSetSize of job (KB)
...
006 (9426672.000.000) 03/14 10:42:53 Image size of job updated: 1218668
	222  -  MemoryUsage of job (MB)
	226588  -  ResidentSetSize of job (KB)
...
006 (9426672.000.000) 03/14 10:47:53 Image size of job updated: 1219436
	222  -  MemoryUsage of job (MB)
	227204  -  ResidentSetSize of job (KB)
...
006 (9426672.000.000) 03/14 10:50:04 Image size of job updated: 2014104
	222  -  MemoryUsage of job (MB)
	227204  -  ResidentSetSize of job (KB)
...
040 (9426672.000.000) 03/14 10:50:04 Started transferring output files
...
040 (9426672.000.000) 03/14 10:50:04 Finished transferring output files
...
005 (9426672.000.000) 03/14 10:50:04 Job terminated.
	(1) Normal termination (return value 0)
		Usr 0 00:01:19, Sys 0 00:00:05  -  Run Remote Usage
		Usr 0 00:00:00, Sys 0 00:00:00  -  Run Local Usage
		Usr 0 00:01:19, Sys 0 00:00:05  -  Total Remote Usage
		Usr 0 00:00:00, Sys 0 00:00:00  -  Total Local Usage
	22095  -  Run Bytes Sent By Job
	226  -  Run Bytes Received By Job
	22095  -  Total Bytes Sent By Job
	226  -  Total Bytes Received By Job
	Partitionable Resources :    Usage  Request Allocated 
	   Cpus                 :     0.01        1         1 
	   Disk (KB)            :   672           1   1256586 
	   Memory (MB)          :   222        2000      2000 

	Job terminated of its own accord at 2024-03-14T09:50:04Z.
...
