000 (9426428.000.000) 03/14 00:02:13 Job submitted from host: <137.138.156.150:9618?addrs=137.138.156.150-9618+[2001-1458-d00-14--9a]-9618&alias=bigbird13.cern.ch&noUDP&sock=schedd_5144_ef43>
...
040 (9426428.000.000) 03/14 00:13:57 Started transferring input files
	Transferring to host: <128.142.56.148:9618?addrs=128.142.56.148-9618&alias=b7s01p4232.cern.ch&noUDP&sock=slot1_5_6929_db73_71418>
...
040 (9426428.000.000) 03/14 00:13:57 Finished transferring input files
...
001 (9426428.000.000) 03/14 00:13:58 Job executing on host: <128.142.56.148:9618?addrs=128.142.56.148-9618&alias=b7s01p4232.cern.ch&noUDP&sock=startd_6866_1558>
...
006 (9426428.000.000) 03/14 00:14:07 Image size of job updated: 409912
	28  -  MemoryUsage of job (MB)
	28252  -  ResidentSetSize of job (KB)
...
006 (9426428.000.000) 03/14 00:15:10 Image size of job updated: 1201660
	28  -  MemoryUsage of job (MB)
	28504  -  ResidentSetSize of job (KB)
...
040 (9426428.000.000) 03/14 00:15:10 Started transferring output files
...
040 (9426428.000.000) 03/14 00:15:10 Finished transferring output files
...
005 (9426428.000.000) 03/14 00:15:10 Job terminated.
	(1) Normal termination (return value 0)
		Usr 0 00:00:04, Sys 0 00:00:01  -  Run Remote Usage
		Usr 0 00:00:00, Sys 0 00:00:00  -  Run Local Usage
		Usr 0 00:00:04, Sys 0 00:00:01  -  Total Remote Usage
		Usr 0 00:00:00, Sys 0 00:00:00  -  Total Local Usage
	24205  -  Run Bytes Sent By Job
	222  -  Run Bytes Received By Job
	24205  -  Total Bytes Sent By Job
	222  -  Total Bytes Received By Job
	Partitionable Resources :    Usage  Request Allocated 
	   Cpus                 :                 1         1 
	   Disk (KB)            :       37        1   1284317 
	   Memory (MB)          :       28     2000      2000 

	Job terminated of its own accord at 2024-03-13T23:15:10Z.
...
