000 (9426468.000.000) 03/14 00:02:48 Job submitted from host: <137.138.156.150:9618?addrs=137.138.156.150-9618+[2001-1458-d00-14--9a]-9618&alias=bigbird13.cern.ch&noUDP&sock=schedd_5144_ef43>
...
040 (9426468.000.000) 03/14 00:14:09 Started transferring input files
	Transferring to host: <128.142.59.81:9618?addrs=128.142.59.81-9618+[2001-1458-301-21--100-50]-9618&alias=b7s04p1549.cern.ch&noUDP&sock=slot1_10_21096_ca53_69640>
...
040 (9426468.000.000) 03/14 00:14:10 Finished transferring input files
...
001 (9426468.000.000) 03/14 00:14:10 Job executing on host: <128.142.59.81:9618?addrs=128.142.59.81-9618+[2001-1458-301-21--100-50]-9618&alias=b7s04p1549.cern.ch&noUDP&sock=startd_21058_9d6d>
...
006 (9426468.000.000) 03/14 00:14:19 Image size of job updated: 143152
	22  -  MemoryUsage of job (MB)
	21852  -  ResidentSetSize of job (KB)
...
006 (9426468.000.000) 03/14 00:15:25 Image size of job updated: 1192040
	22  -  MemoryUsage of job (MB)
	21900  -  ResidentSetSize of job (KB)
...
040 (9426468.000.000) 03/14 00:15:25 Started transferring output files
...
040 (9426468.000.000) 03/14 00:15:25 Finished transferring output files
...
005 (9426468.000.000) 03/14 00:15:26 Job terminated.
	(1) Normal termination (return value 0)
		Usr 0 00:00:04, Sys 0 00:00:02  -  Run Remote Usage
		Usr 0 00:00:00, Sys 0 00:00:00  -  Run Local Usage
		Usr 0 00:00:04, Sys 0 00:00:02  -  Total Remote Usage
		Usr 0 00:00:00, Sys 0 00:00:00  -  Total Local Usage
	24203  -  Run Bytes Sent By Job
	220  -  Run Bytes Received By Job
	24203  -  Total Bytes Sent By Job
	220  -  Total Bytes Received By Job
	Partitionable Resources :    Usage  Request Allocated 
	   Cpus                 :     0.09        1         1 
	   Disk (KB)            :    44           1   1269069 
	   Memory (MB)          :    22        2000      2000 

	Job terminated of its own accord at 2024-03-13T23:15:25Z.
...
