000 (9426476.000.000) 03/14 00:02:59 Job submitted from host: <137.138.156.150:9618?addrs=137.138.156.150-9618+[2001-1458-d00-14--9a]-9618&alias=bigbird13.cern.ch&noUDP&sock=schedd_5144_ef43>
...
040 (9426476.000.000) 03/14 00:14:12 Started transferring input files
	Transferring to host: <128.142.57.85:9618?addrs=128.142.57.85-9618&alias=b7s02p2118.cern.ch&noUDP&sock=slot1_24_6963_d034_72271>
...
040 (9426476.000.000) 03/14 00:14:12 Finished transferring input files
...
001 (9426476.000.000) 03/14 00:14:13 Job executing on host: <128.142.57.85:9618?addrs=128.142.57.85-9618&alias=b7s02p2118.cern.ch&noUDP&sock=startd_6898_0860>
...
006 (9426476.000.000) 03/14 00:14:22 Image size of job updated: 405148
	39  -  MemoryUsage of job (MB)
	39520  -  ResidentSetSize of job (KB)
...
006 (9426476.000.000) 03/14 00:14:43 Image size of job updated: 1171860
	39  -  MemoryUsage of job (MB)
	39668  -  ResidentSetSize of job (KB)
...
040 (9426476.000.000) 03/14 00:14:43 Started transferring output files
...
040 (9426476.000.000) 03/14 00:14:43 Finished transferring output files
...
005 (9426476.000.000) 03/14 00:14:44 Job terminated.
	(1) Normal termination (return value 0)
		Usr 0 00:00:03, Sys 0 00:00:01  -  Run Remote Usage
		Usr 0 00:00:00, Sys 0 00:00:00  -  Run Local Usage
		Usr 0 00:00:03, Sys 0 00:00:01  -  Total Remote Usage
		Usr 0 00:00:00, Sys 0 00:00:00  -  Total Local Usage
	24205  -  Run Bytes Sent By Job
	222  -  Run Bytes Received By Job
	24205  -  Total Bytes Sent By Job
	222  -  Total Bytes Received By Job
	Partitionable Resources :    Usage  Request Allocated 
	   Cpus                 :                 1         1 
	   Disk (KB)            :       37        1   2915531 
	   Memory (MB)          :       39     2000      2000 

	Job terminated of its own accord at 2024-03-13T23:14:43Z.
...
