000 (9426579.000.000) 03/14 08:29:42 Job submitted from host: <137.138.156.150:9618?addrs=137.138.156.150-9618+[2001-1458-d00-14--9a]-9618&alias=bigbird13.cern.ch&noUDP&sock=schedd_5144_ef43>
...
040 (9426579.000.000) 03/14 08:30:04 Started transferring input files
	Transferring to host: <128.142.58.52:9618?addrs=128.142.58.52-9618&alias=b7s03p3195.cern.ch&noUDP&sock=slot1_13_6999_2db6_70817>
...
040 (9426579.000.000) 03/14 08:30:04 Finished transferring input files
...
001 (9426579.000.000) 03/14 08:30:05 Job executing on host: <128.142.58.52:9618?addrs=128.142.58.52-9618&alias=b7s03p3195.cern.ch&noUDP&sock=startd_6934_b9c9>
...
006 (9426579.000.000) 03/14 08:30:13 Image size of job updated: 1171868
	217  -  MemoryUsage of job (MB)
	222100  -  ResidentSetSize of job (KB)
...
040 (9426579.000.000) 03/14 08:30:13 Started transferring output files
...
040 (9426579.000.000) 03/14 08:30:13 Finished transferring output files
...
005 (9426579.000.000) 03/14 08:30:13 Job terminated.
	(1) Normal termination (return value 0)
		Usr 0 00:00:04, Sys 0 00:00:01  -  Run Remote Usage
		Usr 0 00:00:00, Sys 0 00:00:00  -  Run Local Usage
		Usr 0 00:00:04, Sys 0 00:00:01  -  Total Remote Usage
		Usr 0 00:00:00, Sys 0 00:00:00  -  Total Local Usage
	24203  -  Run Bytes Sent By Job
	220  -  Run Bytes Received By Job
	24203  -  Total Bytes Sent By Job
	220  -  Total Bytes Received By Job
	Partitionable Resources :    Usage  Request Allocated 
	   Cpus                 :                 1         1 
	   Disk (KB)            :       37        1   2956658 
	   Memory (MB)          :      217     2000      2000 

	Job terminated of its own accord at 2024-03-14T07:30:13Z.
...
