000 (9634687.000.000) 04/14 15:05:35 Job submitted from host: <137.138.156.150:9618?addrs=137.138.156.150-9618+[2001-1458-d00-14--9a]-9618&alias=bigbird13.cern.ch&noUDP&sock=schedd_2138_1192>
...
040 (9634687.000.000) 04/14 15:12:39 Started transferring input files
	Transferring to host: <128.142.59.17:9618?addrs=128.142.59.17-9618&alias=b7s04p7897.cern.ch&noUDP&sock=slot1_5_6927_72b3_100521>
...
040 (9634687.000.000) 04/14 15:12:39 Finished transferring input files
...
001 (9634687.000.000) 04/14 15:12:40 Job executing on host: <128.142.59.17:9618?addrs=128.142.59.17-9618&alias=b7s04p7897.cern.ch&noUDP&sock=startd_6864_b628>
...
006 (9634687.000.000) 04/14 15:12:48 Image size of job updated: 396236
	29  -  MemoryUsage of job (MB)
	28872  -  ResidentSetSize of job (KB)
...
006 (9634687.000.000) 04/14 15:17:48 Image size of job updated: 1209952
	219  -  MemoryUsage of job (MB)
	224236  -  ResidentSetSize of job (KB)
...
006 (9634687.000.000) 04/14 15:22:49 Image size of job updated: 1210464
	220  -  MemoryUsage of job (MB)
	224804  -  ResidentSetSize of job (KB)
...
006 (9634687.000.000) 04/14 15:27:50 Image size of job updated: 1210976
	221  -  MemoryUsage of job (MB)
	225452  -  ResidentSetSize of job (KB)
...
006 (9634687.000.000) 04/14 15:32:50 Image size of job updated: 1211744
	221  -  MemoryUsage of job (MB)
	226100  -  ResidentSetSize of job (KB)
...
006 (9634687.000.000) 04/14 15:37:50 Image size of job updated: 21513124
	14881  -  MemoryUsage of job (MB)
	15237820  -  ResidentSetSize of job (KB)
...
006 (9634687.000.000) 04/14 15:42:51 Image size of job updated: 26312688
	20616  -  MemoryUsage of job (MB)
	21110200  -  ResidentSetSize of job (KB)
...
006 (9634687.000.000) 04/14 15:47:52 Image size of job updated: 26382320
	20667  -  MemoryUsage of job (MB)
	21162176  -  ResidentSetSize of job (KB)
...
006 (9634687.000.000) 04/14 15:52:52 Image size of job updated: 26427748
	20738  -  MemoryUsage of job (MB)
	21234852  -  ResidentSetSize of job (KB)
...
006 (9634687.000.000) 04/14 15:57:52 Image size of job updated: 26552760
	20811  -  MemoryUsage of job (MB)
	21309936  -  ResidentSetSize of job (KB)
...
006 (9634687.000.000) 04/14 16:02:53 Image size of job updated: 26604024
	20884  -  MemoryUsage of job (MB)
	21384244  -  ResidentSetSize of job (KB)
...
006 (9634687.000.000) 04/14 16:07:53 Image size of job updated: 26653348
	20954  -  MemoryUsage of job (MB)
	21456156  -  ResidentSetSize of job (KB)
...
006 (9634687.000.000) 04/14 16:12:53 Image size of job updated: 26850776
	21025  -  MemoryUsage of job (MB)
	21529480  -  ResidentSetSize of job (KB)
...
006 (9634687.000.000) 04/14 16:17:55 Image size of job updated: 26902464
	21098  -  MemoryUsage of job (MB)
	21604132  -  ResidentSetSize of job (KB)
...
006 (9634687.000.000) 04/14 16:22:55 Image size of job updated: 26949036
	21165  -  MemoryUsage of job (MB)
	21672308  -  ResidentSetSize of job (KB)
...
006 (9634687.000.000) 04/14 16:27:55 Image size of job updated: 26996028
	21231  -  MemoryUsage of job (MB)
	21739560  -  ResidentSetSize of job (KB)
...
006 (9634687.000.000) 04/14 16:32:56 Image size of job updated: 27040660
	21294  -  MemoryUsage of job (MB)
	21804988  -  ResidentSetSize of job (KB)
...
006 (9634687.000.000) 04/14 16:37:57 Image size of job updated: 27088268
	21364  -  MemoryUsage of job (MB)
	21876000  -  ResidentSetSize of job (KB)
...
006 (9634687.000.000) 04/14 16:42:57 Image size of job updated: 27141120
	21438  -  MemoryUsage of job (MB)
	21952292  -  ResidentSetSize of job (KB)
...
006 (9634687.000.000) 04/14 16:47:58 Image size of job updated: 27481052
	21503  -  MemoryUsage of job (MB)
	22018660  -  ResidentSetSize of job (KB)
...
006 (9634687.000.000) 04/14 16:52:59 Image size of job updated: 27528044
	21569  -  MemoryUsage of job (MB)
	22086176  -  ResidentSetSize of job (KB)
...
006 (9634687.000.000) 04/14 16:57:59 Image size of job updated: 27574228
	21635  -  MemoryUsage of job (MB)
	22153388  -  ResidentSetSize of job (KB)
...
006 (9634687.000.000) 04/14 17:02:59 Image size of job updated: 27619360
	21697  -  MemoryUsage of job (MB)
	22217424  -  ResidentSetSize of job (KB)
...
006 (9634687.000.000) 04/14 17:08:00 Image size of job updated: 27662824
	21758  -  MemoryUsage of job (MB)
	22280140  -  ResidentSetSize of job (KB)
...
006 (9634687.000.000) 04/14 17:13:00 Image size of job updated: 27707324
	21822  -  MemoryUsage of job (MB)
	22345028  -  ResidentSetSize of job (KB)
...
006 (9634687.000.000) 04/14 17:18:00 Image size of job updated: 27752340
	21886  -  MemoryUsage of job (MB)
	22410576  -  ResidentSetSize of job (KB)
...
006 (9634687.000.000) 04/14 17:23:01 Image size of job updated: 27796968
	21949  -  MemoryUsage of job (MB)
	22475476  -  ResidentSetSize of job (KB)
...
006 (9634687.000.000) 04/14 17:28:02 Image size of job updated: 27843540
	22016  -  MemoryUsage of job (MB)
	22544268  -  ResidentSetSize of job (KB)
...
006 (9634687.000.000) 04/14 17:33:02 Image size of job updated: 27890372
	22084  -  MemoryUsage of job (MB)
	22613640  -  ResidentSetSize of job (KB)
...
006 (9634687.000.000) 04/14 17:38:02 Image size of job updated: 27940244
	22153  -  MemoryUsage of job (MB)
	22683796  -  ResidentSetSize of job (KB)
...
006 (9634687.000.000) 04/14 17:43:03 Image size of job updated: 27987852
	22222  -  MemoryUsage of job (MB)
	22755112  -  ResidentSetSize of job (KB)
...
006 (9634687.000.000) 04/14 17:48:03 Image size of job updated: 28039932
	22295  -  MemoryUsage of job (MB)
	22829744  -  ResidentSetSize of job (KB)
...
006 (9634687.000.000) 04/14 17:53:03 Image size of job updated: 28679048
	22367  -  MemoryUsage of job (MB)
	22902852  -  ResidentSetSize of job (KB)
...
006 (9634687.000.000) 04/14 17:58:04 Image size of job updated: 28727368
	22433  -  MemoryUsage of job (MB)
	22971136  -  ResidentSetSize of job (KB)
...
006 (9634687.000.000) 04/14 18:03:05 Image size of job updated: 28774200
	22501  -  MemoryUsage of job (MB)
	23040916  -  ResidentSetSize of job (KB)
...
006 (9634687.000.000) 04/14 18:08:05 Image size of job updated: 28821680
	22570  -  MemoryUsage of job (MB)
	23111260  -  ResidentSetSize of job (KB)
...
006 (9634687.000.000) 04/14 18:13:06 Image size of job updated: 28871296
	22639  -  MemoryUsage of job (MB)
	23181796  -  ResidentSetSize of job (KB)
...
006 (9634687.000.000) 04/14 18:18:07 Image size of job updated: 28914628
	22703  -  MemoryUsage of job (MB)
	23247060  -  ResidentSetSize of job (KB)
...
006 (9634687.000.000) 04/14 18:23:07 Image size of job updated: 28961328
	22770  -  MemoryUsage of job (MB)
	23315840  -  ResidentSetSize of job (KB)
...
006 (9634687.000.000) 04/14 18:28:08 Image size of job updated: 29008808
	22839  -  MemoryUsage of job (MB)
	23386596  -  ResidentSetSize of job (KB)
...
006 (9634687.000.000) 04/14 18:33:09 Image size of job updated: 29059200
	22909  -  MemoryUsage of job (MB)
	23457976  -  ResidentSetSize of job (KB)
...
006 (9634687.000.000) 04/14 18:38:09 Image size of job updated: 29105900
	22975  -  MemoryUsage of job (MB)
	23526376  -  ResidentSetSize of job (KB)
...
006 (9634687.000.000) 04/14 18:43:09 Image size of job updated: 29150528
	23039  -  MemoryUsage of job (MB)
	23591728  -  ResidentSetSize of job (KB)
...
006 (9634687.000.000) 04/14 18:48:10 Image size of job updated: 29193864
	23100  -  MemoryUsage of job (MB)
	23653880  -  ResidentSetSize of job (KB)
...
006 (9634687.000.000) 04/14 18:53:10 Image size of job updated: 29236808
	23160  -  MemoryUsage of job (MB)
	23715720  -  ResidentSetSize of job (KB)
...
006 (9634687.000.000) 04/14 18:58:10 Image size of job updated: 29278136
	23221  -  MemoryUsage of job (MB)
	23777972  -  ResidentSetSize of job (KB)
...
006 (9634687.000.000) 04/14 19:03:11 Image size of job updated: 29323396
	23282  -  MemoryUsage of job (MB)
	23840184  -  ResidentSetSize of job (KB)
...
006 (9634687.000.000) 04/14 19:08:11 Image size of job updated: 29363812
	23341  -  MemoryUsage of job (MB)
	23900444  -  ResidentSetSize of job (KB)
...
006 (9634687.000.000) 04/14 19:13:11 Image size of job updated: 29408764
	23401  -  MemoryUsage of job (MB)
	23962072  -  ResidentSetSize of job (KB)
...
006 (9634687.000.000) 04/14 19:18:12 Image size of job updated: 29449572
	23461  -  MemoryUsage of job (MB)
	24023680  -  ResidentSetSize of job (KB)
...
006 (9634687.000.000) 04/14 19:23:13 Image size of job updated: 29497636
	23528  -  MemoryUsage of job (MB)
	24091908  -  ResidentSetSize of job (KB)
...
006 (9634687.000.000) 04/14 19:28:13 Image size of job updated: 29545180
	23600  -  MemoryUsage of job (MB)
	24165996  -  ResidentSetSize of job (KB)
...
006 (9634687.000.000) 04/14 19:33:14 Image size of job updated: 29596868
	23673  -  MemoryUsage of job (MB)
	24240320  -  ResidentSetSize of job (KB)
...
006 (9634687.000.000) 04/14 19:38:15 Image size of job updated: 29646096
	23741  -  MemoryUsage of job (MB)
	24310168  -  ResidentSetSize of job (KB)
...
006 (9634687.000.000) 04/14 19:43:15 Image size of job updated: 29694804
	23811  -  MemoryUsage of job (MB)
	24382228  -  ResidentSetSize of job (KB)
...
006 (9634687.000.000) 04/14 19:48:15 Image size of job updated: 29741180
	23881  -  MemoryUsage of job (MB)
	24453496  -  ResidentSetSize of job (KB)
...
006 (9634687.000.000) 04/14 19:53:16 Image size of job updated: 29791184
	23951  -  MemoryUsage of job (MB)
	24525208  -  ResidentSetSize of job (KB)
...
006 (9634687.000.000) 04/14 19:58:16 Image size of job updated: 29843392
	24025  -  MemoryUsage of job (MB)
	24600952  -  ResidentSetSize of job (KB)
...
006 (9634687.000.000) 04/14 20:03:16 Image size of job updated: 29900000
	24106  -  MemoryUsage of job (MB)
	24684284  -  ResidentSetSize of job (KB)
...
006 (9634687.000.000) 04/14 20:08:17 Image size of job updated: 29957004
	24190  -  MemoryUsage of job (MB)
	24769928  -  ResidentSetSize of job (KB)
...
006 (9634687.000.000) 04/14 20:13:18 Image size of job updated: 31200388
	24276  -  MemoryUsage of job (MB)
	24858144  -  ResidentSetSize of job (KB)
...
006 (9634687.000.000) 04/14 20:18:18 Image size of job updated: 31258036
	24359  -  MemoryUsage of job (MB)
	24943296  -  ResidentSetSize of job (KB)
...
006 (9634687.000.000) 04/14 20:23:19 Image size of job updated: 31321512
	24446  -  MemoryUsage of job (MB)
	25032452  -  ResidentSetSize of job (KB)
...
006 (9634687.000.000) 04/14 20:28:20 Image size of job updated: 31377996
	24528  -  MemoryUsage of job (MB)
	25115836  -  ResidentSetSize of job (KB)
...
006 (9634687.000.000) 04/14 20:33:20 Image size of job updated: 31432664
	24605  -  MemoryUsage of job (MB)
	25194748  -  ResidentSetSize of job (KB)
...
006 (9634687.000.000) 04/14 20:38:20 Image size of job updated: 31488628
	24685  -  MemoryUsage of job (MB)
	25277128  -  ResidentSetSize of job (KB)
...
006 (9634687.000.000) 04/14 20:43:22 Image size of job updated: 31542000
	24761  -  MemoryUsage of job (MB)
	25354820  -  ResidentSetSize of job (KB)
...
006 (9634687.000.000) 04/14 20:48:22 Image size of job updated: 31594596
	24836  -  MemoryUsage of job (MB)
	25431092  -  ResidentSetSize of job (KB)
...
006 (9634687.000.000) 04/14 20:53:22 Image size of job updated: 31647192
	24910  -  MemoryUsage of job (MB)
	25507100  -  ResidentSetSize of job (KB)
...
006 (9634687.000.000) 04/14 20:58:23 Image size of job updated: 31703412
	24991  -  MemoryUsage of job (MB)
	25590420  -  ResidentSetSize of job (KB)
...
006 (9634687.000.000) 04/14 21:03:24 Image size of job updated: 31756528
	25066  -  MemoryUsage of job (MB)
	25667476  -  ResidentSetSize of job (KB)
...
006 (9634687.000.000) 04/14 21:08:24 Image size of job updated: 31810676
	25144  -  MemoryUsage of job (MB)
	25746712  -  ResidentSetSize of job (KB)
...
006 (9634687.000.000) 04/14 21:13:24 Image size of job updated: 31862496
	25220  -  MemoryUsage of job (MB)
	25824964  -  ResidentSetSize of job (KB)
...
006 (9634687.000.000) 04/14 21:18:25 Image size of job updated: 31922736
	25309  -  MemoryUsage of job (MB)
	25916092  -  ResidentSetSize of job (KB)
...
006 (9634687.000.000) 04/14 21:23:25 Image size of job updated: 31984012
	25391  -  MemoryUsage of job (MB)
	25999936  -  ResidentSetSize of job (KB)
...
006 (9634687.000.000) 04/14 21:28:25 Image size of job updated: 32037516
	25468  -  MemoryUsage of job (MB)
	26078284  -  ResidentSetSize of job (KB)
...
006 (9634687.000.000) 04/14 21:33:26 Image size of job updated: 32095552
	25553  -  MemoryUsage of job (MB)
	26165360  -  ResidentSetSize of job (KB)
...
006 (9634687.000.000) 04/14 21:38:27 Image size of job updated: 32161876
	25644  -  MemoryUsage of job (MB)
	26259140  -  ResidentSetSize of job (KB)
...
006 (9634687.000.000) 04/14 21:43:27 Image size of job updated: 32223412
	25735  -  MemoryUsage of job (MB)
	26352540  -  ResidentSetSize of job (KB)
...
006 (9634687.000.000) 04/14 21:48:28 Image size of job updated: 32290644
	25829  -  MemoryUsage of job (MB)
	26448684  -  ResidentSetSize of job (KB)
...
006 (9634687.000.000) 04/14 21:53:29 Image size of job updated: 32358012
	25923  -  MemoryUsage of job (MB)
	26544788  -  ResidentSetSize of job (KB)
...
006 (9634687.000.000) 04/14 21:58:29 Image size of job updated: 32420192
	26015  -  MemoryUsage of job (MB)
	26638660  -  ResidentSetSize of job (KB)
...
006 (9634687.000.000) 04/14 22:03:29 Image size of job updated: 32486260
	26106  -  MemoryUsage of job (MB)
	26732468  -  ResidentSetSize of job (KB)
...
006 (9634687.000.000) 04/14 22:08:30 Image size of job updated: 32548572
	26198  -  MemoryUsage of job (MB)
	26826604  -  ResidentSetSize of job (KB)
...
006 (9634687.000.000) 04/14 22:13:30 Image size of job updated: 32614120
	26290  -  MemoryUsage of job (MB)
	26920028  -  ResidentSetSize of job (KB)
...
006 (9634687.000.000) 04/14 22:18:30 Image size of job updated: 32668788
	26367  -  MemoryUsage of job (MB)
	26999372  -  ResidentSetSize of job (KB)
...
006 (9634687.000.000) 04/14 22:23:31 Image size of job updated: 32718792
	26437  -  MemoryUsage of job (MB)
	27070524  -  ResidentSetSize of job (KB)
...
006 (9634687.000.000) 04/14 22:28:32 Image size of job updated: 32769316
	26507  -  MemoryUsage of job (MB)
	27142620  -  ResidentSetSize of job (KB)
...
006 (9634687.000.000) 04/14 22:33:32 Image size of job updated: 32814352
	26575  -  MemoryUsage of job (MB)
	27212256  -  ResidentSetSize of job (KB)
...
006 (9634687.000.000) 04/14 22:38:33 Image size of job updated: 32867204
	26643  -  MemoryUsage of job (MB)
	27281700  -  ResidentSetSize of job (KB)
...
006 (9634687.000.000) 04/14 22:43:34 Image size of job updated: 32911900
	26710  -  MemoryUsage of job (MB)
	27350256  -  ResidentSetSize of job (KB)
...
006 (9634687.000.000) 04/14 22:48:34 Image size of job updated: 32953616
	26772  -  MemoryUsage of job (MB)
	27414132  -  ResidentSetSize of job (KB)
...
006 (9634687.000.000) 04/14 22:53:34 Image size of job updated: 33005172
	26837  -  MemoryUsage of job (MB)
	27480140  -  ResidentSetSize of job (KB)
...
006 (9634687.000.000) 04/14 22:58:35 Image size of job updated: 33048960
	26902  -  MemoryUsage of job (MB)
	27547284  -  ResidentSetSize of job (KB)
...
006 (9634687.000.000) 04/14 23:03:36 Image size of job updated: 33093652
	26970  -  MemoryUsage of job (MB)
	27616416  -  ResidentSetSize of job (KB)
...
006 (9634687.000.000) 04/14 23:08:36 Image size of job updated: 33148192
	27040  -  MemoryUsage of job (MB)
	27688244  -  ResidentSetSize of job (KB)
...
006 (9634687.000.000) 04/14 23:13:37 Image size of job updated: 33195212
	27111  -  MemoryUsage of job (MB)
	27761396  -  ResidentSetSize of job (KB)
...
006 (9634687.000.000) 04/14 23:18:38 Image size of job updated: 33240428
	27179  -  MemoryUsage of job (MB)
	27830776  -  ResidentSetSize of job (KB)
...
006 (9634687.000.000) 04/14 23:23:38 Image size of job updated: 33292504
	27246  -  MemoryUsage of job (MB)
	27898956  -  ResidentSetSize of job (KB)
...
006 (9634687.000.000) 04/14 23:28:38 Image size of job updated: 33338496
	27315  -  MemoryUsage of job (MB)
	27970264  -  ResidentSetSize of job (KB)
...
006 (9634687.000.000) 04/14 23:33:39 Image size of job updated: 33385652
	27390  -  MemoryUsage of job (MB)
	28047000  -  ResidentSetSize of job (KB)
...
006 (9634687.000.000) 04/14 23:38:39 Image size of job updated: 33443944
	27467  -  MemoryUsage of job (MB)
	28125960  -  ResidentSetSize of job (KB)
...
006 (9634687.000.000) 04/14 23:43:39 Image size of job updated: 33490580
	27539  -  MemoryUsage of job (MB)
	28198976  -  ResidentSetSize of job (KB)
...
006 (9634687.000.000) 04/14 23:48:40 Image size of job updated: 33544340
	27607  -  MemoryUsage of job (MB)
	28269304  -  ResidentSetSize of job (KB)
...
006 (9634687.000.000) 04/14 23:53:41 Image size of job updated: 33589424
	27676  -  MemoryUsage of job (MB)
	28339300  -  ResidentSetSize of job (KB)
...
006 (9634687.000.000) 04/14 23:58:41 Image size of job updated: 33638260
	27751  -  MemoryUsage of job (MB)
	28416416  -  ResidentSetSize of job (KB)
...
006 (9634687.000.000) 04/15 00:03:42 Image size of job updated: 33693452
	27823  -  MemoryUsage of job (MB)
	28489836  -  ResidentSetSize of job (KB)
...
006 (9634687.000.000) 04/15 00:08:43 Image size of job updated: 36098992
	27893  -  MemoryUsage of job (MB)
	28561416  -  ResidentSetSize of job (KB)
...
006 (9634687.000.000) 04/15 00:13:43 Image size of job updated: 36142260
	27956  -  MemoryUsage of job (MB)
	28626488  -  ResidentSetSize of job (KB)
...
006 (9634687.000.000) 04/15 00:18:43 Image size of job updated: 36193948
	28023  -  MemoryUsage of job (MB)
	28694604  -  ResidentSetSize of job (KB)
...
006 (9634687.000.000) 04/15 00:23:44 Image size of job updated: 36239032
	28091  -  MemoryUsage of job (MB)
	28765136  -  ResidentSetSize of job (KB)
...
006 (9634687.000.000) 04/15 00:28:45 Image size of job updated: 36294864
	28164  -  MemoryUsage of job (MB)
	28839152  -  ResidentSetSize of job (KB)
...
006 (9634687.000.000) 04/15 00:33:45 Image size of job updated: 36340468
	28232  -  MemoryUsage of job (MB)
	28908724  -  ResidentSetSize of job (KB)
...
006 (9634687.000.000) 04/15 00:38:46 Image size of job updated: 36384124
	28297  -  MemoryUsage of job (MB)
	28976028  -  ResidentSetSize of job (KB)
...
006 (9634687.000.000) 04/15 00:43:47 Image size of job updated: 36428296
	28363  -  MemoryUsage of job (MB)
	29043468  -  ResidentSetSize of job (KB)
...
006 (9634687.000.000) 04/15 00:48:47 Image size of job updated: 36482060
	28432  -  MemoryUsage of job (MB)
	29113856  -  ResidentSetSize of job (KB)
...
006 (9634687.000.000) 04/15 00:53:47 Image size of job updated: 36529600
	28505  -  MemoryUsage of job (MB)
	29188304  -  ResidentSetSize of job (KB)
...
006 (9634687.000.000) 04/15 00:58:48 Image size of job updated: 36583752
	28574  -  MemoryUsage of job (MB)
	29259268  -  ResidentSetSize of job (KB)
...
006 (9634687.000.000) 04/15 01:03:48 Image size of job updated: 36631944
	28648  -  MemoryUsage of job (MB)
	29335248  -  ResidentSetSize of job (KB)
...
006 (9634687.000.000) 04/15 01:08:48 Image size of job updated: 36677028
	28716  -  MemoryUsage of job (MB)
	29405004  -  ResidentSetSize of job (KB)
...
006 (9634687.000.000) 04/15 01:13:49 Image size of job updated: 36731820
	28787  -  MemoryUsage of job (MB)
	29477296  -  ResidentSetSize of job (KB)
...
006 (9634687.000.000) 04/15 01:18:50 Image size of job updated: 36779628
	28860  -  MemoryUsage of job (MB)
	29552316  -  ResidentSetSize of job (KB)
...
006 (9634687.000.000) 04/15 01:23:50 Image size of job updated: 36836624
	28934  -  MemoryUsage of job (MB)
	29628244  -  ResidentSetSize of job (KB)
...
006 (9634687.000.000) 04/15 01:28:51 Image size of job updated: 36886372
	29011  -  MemoryUsage of job (MB)
	29707200  -  ResidentSetSize of job (KB)
...
006 (9634687.000.000) 04/15 01:33:52 Image size of job updated: 36943500
	29090  -  MemoryUsage of job (MB)
	29787900  -  ResidentSetSize of job (KB)
...
006 (9634687.000.000) 04/15 01:38:52 Image size of job updated: 36995708
	29171  -  MemoryUsage of job (MB)
	29870924  -  ResidentSetSize of job (KB)
...
006 (9634687.000.000) 04/15 01:43:52 Image size of job updated: 37060480
	29261  -  MemoryUsage of job (MB)
	29962492  -  ResidentSetSize of job (KB)
...
006 (9634687.000.000) 04/15 01:48:53 Image size of job updated: 37126808
	29352  -  MemoryUsage of job (MB)
	30056024  -  ResidentSetSize of job (KB)
...
006 (9634687.000.000) 04/15 01:53:53 Image size of job updated: 37191580
	29441  -  MemoryUsage of job (MB)
	30146864  -  ResidentSetSize of job (KB)
...
006 (9634687.000.000) 04/15 01:58:53 Image size of job updated: 37245472
	29524  -  MemoryUsage of job (MB)
	30232536  -  ResidentSetSize of job (KB)
...
006 (9634687.000.000) 04/15 02:03:54 Image size of job updated: 37305192
	29604  -  MemoryUsage of job (MB)
	30314316  -  ResidentSetSize of job (KB)
...
006 (9634687.000.000) 04/15 02:08:55 Image size of job updated: 37354552
	29680  -  MemoryUsage of job (MB)
	30392256  -  ResidentSetSize of job (KB)
...
006 (9634687.000.000) 04/15 02:13:55 Image size of job updated: 37415048
	29762  -  MemoryUsage of job (MB)
	30476104  -  ResidentSetSize of job (KB)
...
006 (9634687.000.000) 04/15 02:18:55 Image size of job updated: 37474248
	29841  -  MemoryUsage of job (MB)
	30556176  -  ResidentSetSize of job (KB)
...
006 (9634687.000.000) 04/15 02:23:56 Image size of job updated: 37522312
	29914  -  MemoryUsage of job (MB)
	30631896  -  ResidentSetSize of job (KB)
...
006 (9634687.000.000) 04/15 02:28:57 Image size of job updated: 37566876
	29984  -  MemoryUsage of job (MB)
	30703280  -  ResidentSetSize of job (KB)
...
006 (9634687.000.000) 04/15 02:33:57 Image size of job updated: 37624392
	30061  -  MemoryUsage of job (MB)
	30781672  -  ResidentSetSize of job (KB)
...
006 (9634687.000.000) 04/15 02:38:58 Image size of job updated: 37674272
	30134  -  MemoryUsage of job (MB)
	30857056  -  ResidentSetSize of job (KB)
...
006 (9634687.000.000) 04/15 02:43:59 Image size of job updated: 37728288
	30203  -  MemoryUsage of job (MB)
	30927608  -  ResidentSetSize of job (KB)
...
006 (9634687.000.000) 04/15 02:48:59 Image size of job updated: 37772464
	30273  -  MemoryUsage of job (MB)
	30998944  -  ResidentSetSize of job (KB)
...
006 (9634687.000.000) 04/15 02:54:00 Image size of job updated: 37818452
	30339  -  MemoryUsage of job (MB)
	31066820  -  ResidentSetSize of job (KB)
...
006 (9634687.000.000) 04/15 02:59:01 Image size of job updated: 37870532
	30406  -  MemoryUsage of job (MB)
	31134832  -  ResidentSetSize of job (KB)
...
006 (9634687.000.000) 04/15 03:04:01 Image size of job updated: 37915612
	30477  -  MemoryUsage of job (MB)
	31207972  -  ResidentSetSize of job (KB)
...
006 (9634687.000.000) 04/15 03:09:02 Image size of job updated: 37962380
	30548  -  MemoryUsage of job (MB)
	31280876  -  ResidentSetSize of job (KB)
...
006 (9634687.000.000) 04/15 03:14:03 Image size of job updated: 38016008
	30616  -  MemoryUsage of job (MB)
	31350564  -  ResidentSetSize of job (KB)
...
006 (9634687.000.000) 04/15 03:19:03 Image size of job updated: 38064072
	30691  -  MemoryUsage of job (MB)
	31426652  -  ResidentSetSize of job (KB)
...
006 (9634687.000.000) 04/15 03:24:03 Image size of job updated: 38119772
	30762  -  MemoryUsage of job (MB)
	31499928  -  ResidentSetSize of job (KB)
...
006 (9634687.000.000) 04/15 03:29:04 Image size of job updated: 38165376
	30831  -  MemoryUsage of job (MB)
	31570384  -  ResidentSetSize of job (KB)
...
006 (9634687.000.000) 04/15 03:34:04 Image size of job updated: 38213440
	30904  -  MemoryUsage of job (MB)
	31645424  -  ResidentSetSize of job (KB)
...
006 (9634687.000.000) 04/15 03:39:04 Image size of job updated: 38267976
	30974  -  MemoryUsage of job (MB)
	31717356  -  ResidentSetSize of job (KB)
...
006 (9634687.000.000) 04/15 03:44:05 Image size of job updated: 38315264
	31047  -  MemoryUsage of job (MB)
	31791224  -  ResidentSetSize of job (KB)
...
006 (9634687.000.000) 04/15 03:49:06 Image size of job updated: 38372260
	31121  -  MemoryUsage of job (MB)
	31867708  -  ResidentSetSize of job (KB)
...
006 (9634687.000.000) 04/15 03:54:06 Image size of job updated: 38424600
	31202  -  MemoryUsage of job (MB)
	31950292  -  ResidentSetSize of job (KB)
...
006 (9634687.000.000) 04/15 03:59:07 Image size of job updated: 38475636
	31269  -  MemoryUsage of job (MB)
	32019072  -  ResidentSetSize of job (KB)
...
006 (9634687.000.000) 04/15 04:04:08 Image size of job updated: 38519424
	31335  -  MemoryUsage of job (MB)
	32086244  -  ResidentSetSize of job (KB)
...
006 (9634687.000.000) 04/15 04:09:08 Image size of job updated: 38562048
	31398  -  MemoryUsage of job (MB)
	32150968  -  ResidentSetSize of job (KB)
...
006 (9634687.000.000) 04/15 04:14:08 Image size of job updated: 38607648
	31467  -  MemoryUsage of job (MB)
	32221868  -  ResidentSetSize of job (KB)
...
006 (9634687.000.000) 04/15 04:19:10 Image size of job updated: 38661668
	31536  -  MemoryUsage of job (MB)
	32292864  -  ResidentSetSize of job (KB)
...
006 (9634687.000.000) 04/15 04:24:10 Image size of job updated: 38706360
	31604  -  MemoryUsage of job (MB)
	32362308  -  ResidentSetSize of job (KB)
...
006 (9634687.000.000) 04/15 04:29:10 Image size of job updated: 38749628
	31669  -  MemoryUsage of job (MB)
	32428076  -  ResidentSetSize of job (KB)
...
006 (9634687.000.000) 04/15 04:34:11 Image size of job updated: 38804296
	31739  -  MemoryUsage of job (MB)
	32500680  -  ResidentSetSize of job (KB)
...
006 (9634687.000.000) 04/15 04:39:12 Image size of job updated: 38852748
	31814  -  MemoryUsage of job (MB)
	32577308  -  ResidentSetSize of job (KB)
...
006 (9634687.000.000) 04/15 04:44:12 Image size of job updated: 38917388
	31903  -  MemoryUsage of job (MB)
	32668440  -  ResidentSetSize of job (KB)
...
006 (9634687.000.000) 04/15 04:49:12 Image size of job updated: 38983072
	31994  -  MemoryUsage of job (MB)
	32761032  -  ResidentSetSize of job (KB)
...
006 (9634687.000.000) 04/15 04:54:13 Image size of job updated: 39031000
	32066  -  MemoryUsage of job (MB)
	32835028  -  ResidentSetSize of job (KB)
...
006 (9634687.000.000) 04/15 04:59:13 Image size of job updated: 39074920
	32132  -  MemoryUsage of job (MB)
	32902996  -  ResidentSetSize of job (KB)
...
006 (9634687.000.000) 04/15 05:04:13 Image size of job updated: 39129844
	32204  -  MemoryUsage of job (MB)
	32975912  -  ResidentSetSize of job (KB)
...
006 (9634687.000.000) 04/15 05:09:14 Image size of job updated: 39177908
	32278  -  MemoryUsage of job (MB)
	33051652  -  ResidentSetSize of job (KB)
...
006 (9634687.000.000) 04/15 05:14:15 Image size of job updated: 39235036
	32353  -  MemoryUsage of job (MB)
	33128896  -  ResidentSetSize of job (KB)
...
006 (9634687.000.000) 04/15 05:19:15 Image size of job updated: 39288928
	32437  -  MemoryUsage of job (MB)
	33215160  -  ResidentSetSize of job (KB)
...
006 (9634687.000.000) 04/15 05:24:16 Image size of job updated: 39352404
	32524  -  MemoryUsage of job (MB)
	33304472  -  ResidentSetSize of job (KB)
...
006 (9634687.000.000) 04/15 05:29:17 Image size of job updated: 39418732
	32616  -  MemoryUsage of job (MB)
	33397924  -  ResidentSetSize of job (KB)
...
006 (9634687.000.000) 04/15 05:34:17 Image size of job updated: 39484932
	32708  -  MemoryUsage of job (MB)
	33492104  -  ResidentSetSize of job (KB)
...
006 (9634687.000.000) 04/15 05:39:17 Image size of job updated: 39552032
	32801  -  MemoryUsage of job (MB)
	33587944  -  ResidentSetSize of job (KB)
...
006 (9634687.000.000) 04/15 05:44:18 Image size of job updated: 39609036
	32890  -  MemoryUsage of job (MB)
	33679196  -  ResidentSetSize of job (KB)
...
006 (9634687.000.000) 04/15 05:49:19 Image size of job updated: 39674584
	32981  -  MemoryUsage of job (MB)
	33772468  -  ResidentSetSize of job (KB)
...
006 (9634687.000.000) 04/15 05:54:19 Image size of job updated: 39745092
	33066  -  MemoryUsage of job (MB)
	33859476  -  ResidentSetSize of job (KB)
...
006 (9634687.000.000) 04/15 05:59:20 Image size of job updated: 39809212
	33158  -  MemoryUsage of job (MB)
	33953792  -  ResidentSetSize of job (KB)
...
006 (9634687.000.000) 04/15 06:04:21 Image size of job updated: 39857148
	33246  -  MemoryUsage of job (MB)
	34043780  -  ResidentSetSize of job (KB)
...
006 (9634687.000.000) 04/15 06:09:21 Image size of job updated: 39916868
	33326  -  MemoryUsage of job (MB)
	34125436  -  ResidentSetSize of job (KB)
...
006 (9634687.000.000) 04/15 06:14:21 Image size of job updated: 39981124
	33415  -  MemoryUsage of job (MB)
	34216060  -  ResidentSetSize of job (KB)
...
006 (9634687.000.000) 04/15 06:19:22 Image size of job updated: 40042916
	33497  -  MemoryUsage of job (MB)
	34300896  -  ResidentSetSize of job (KB)
...
006 (9634687.000.000) 04/15 06:24:22 Image size of job updated: 40102892
	33578  -  MemoryUsage of job (MB)
	34383376  -  ResidentSetSize of job (KB)
...
006 (9634687.000.000) 04/15 06:29:22 Image size of job updated: 40145256
	33656  -  MemoryUsage of job (MB)
	34463072  -  ResidentSetSize of job (KB)
...
006 (9634687.000.000) 04/15 06:34:23 Image size of job updated: 40203684
	33734  -  MemoryUsage of job (MB)
	34542816  -  ResidentSetSize of job (KB)
...
006 (9634687.000.000) 04/15 06:39:24 Image size of job updated: 40256924
	33801  -  MemoryUsage of job (MB)
	34611608  -  ResidentSetSize of job (KB)
...
006 (9634687.000.000) 04/15 06:44:24 Image size of job updated: 40310940
	33871  -  MemoryUsage of job (MB)
	34683092  -  ResidentSetSize of job (KB)
...
006 (9634687.000.000) 04/15 06:49:25 Image size of job updated: 40350068
	33943  -  MemoryUsage of job (MB)
	34757528  -  ResidentSetSize of job (KB)
...
006 (9634687.000.000) 04/15 06:54:26 Image size of job updated: 40404740
	34014  -  MemoryUsage of job (MB)
	34829976  -  ResidentSetSize of job (KB)
...
006 (9634687.000.000) 04/15 06:59:26 Image size of job updated: 40468084
	34101  -  MemoryUsage of job (MB)
	34919016  -  ResidentSetSize of job (KB)
...
006 (9634687.000.000) 04/15 07:04:26 Image size of job updated: 40528060
	34181  -  MemoryUsage of job (MB)
	35000556  -  ResidentSetSize of job (KB)
...
006 (9634687.000.000) 04/15 07:09:28 Image size of job updated: 40566800
	34253  -  MemoryUsage of job (MB)
	35074296  -  ResidentSetSize of job (KB)
...
006 (9634687.000.000) 04/15 07:14:28 Image size of job updated: 40623800
	34327  -  MemoryUsage of job (MB)
	35150716  -  ResidentSetSize of job (KB)
...
006 (9634687.000.000) 04/15 07:19:28 Image size of job updated: 40682224
	34405  -  MemoryUsage of job (MB)
	35230128  -  ResidentSetSize of job (KB)
...
006 (9634687.000.000) 04/15 07:24:29 Image size of job updated: 40741292
	34484  -  MemoryUsage of job (MB)
	35311160  -  ResidentSetSize of job (KB)
...
006 (9634687.000.000) 04/15 07:29:30 Image size of job updated: 40781716
	34559  -  MemoryUsage of job (MB)
	35387656  -  ResidentSetSize of job (KB)
...
006 (9634687.000.000) 04/15 07:34:30 Image size of job updated: 40834440
	34625  -  MemoryUsage of job (MB)
	35455724  -  ResidentSetSize of job (KB)
...
006 (9634687.000.000) 04/15 07:39:31 Image size of job updated: 40885220
	34689  -  MemoryUsage of job (MB)
	35521352  -  ResidentSetSize of job (KB)
...
006 (9634687.000.000) 04/15 07:44:32 Image size of job updated: 40920460
	34754  -  MemoryUsage of job (MB)
	35587144  -  ResidentSetSize of job (KB)
...
006 (9634687.000.000) 04/15 07:49:32 Image size of job updated: 40971628
	34818  -  MemoryUsage of job (MB)
	35652768  -  ResidentSetSize of job (KB)
...
006 (9634687.000.000) 04/15 07:54:32 Image size of job updated: 41022800
	34882  -  MemoryUsage of job (MB)
	35718580  -  ResidentSetSize of job (KB)
...
006 (9634687.000.000) 04/15 07:59:33 Image size of job updated: 41059204
	34949  -  MemoryUsage of job (MB)
	35787048  -  ResidentSetSize of job (KB)
...
006 (9634687.000.000) 04/15 08:04:33 Image size of job updated: 41111148
	35015  -  MemoryUsage of job (MB)
	35854600  -  ResidentSetSize of job (KB)
...
006 (9634687.000.000) 04/15 08:09:33 Image size of job updated: 41146256
	35080  -  MemoryUsage of job (MB)
	35921048  -  ResidentSetSize of job (KB)
...
006 (9634687.000.000) 04/15 08:14:34 Image size of job updated: 41200404
	35150  -  MemoryUsage of job (MB)
	35992680  -  ResidentSetSize of job (KB)
...
006 (9634687.000.000) 04/15 08:19:35 Image size of job updated: 45970688
	35215  -  MemoryUsage of job (MB)
	36059264  -  ResidentSetSize of job (KB)
...
006 (9634687.000.000) 04/15 08:24:35 Image size of job updated: 46007612
	35282  -  MemoryUsage of job (MB)
	36128708  -  ResidentSetSize of job (KB)
...
006 (9634687.000.000) 04/15 08:29:36 Image size of job updated: 46064088
	35357  -  MemoryUsage of job (MB)
	36204668  -  ResidentSetSize of job (KB)
...
006 (9634687.000.000) 04/15 08:34:37 Image size of job updated: 46123032
	35436  -  MemoryUsage of job (MB)
	36285532  -  ResidentSetSize of job (KB)
...
006 (9634687.000.000) 04/15 08:39:37 Image size of job updated: 46181072
	35513  -  MemoryUsage of job (MB)
	36364388  -  ResidentSetSize of job (KB)
...
006 (9634687.000.000) 04/15 08:44:38 Image size of job updated: 46218384
	35581  -  MemoryUsage of job (MB)
	36434480  -  ResidentSetSize of job (KB)
...
006 (9634687.000.000) 04/15 08:49:39 Image size of job updated: 46272012
	35650  -  MemoryUsage of job (MB)
	36505196  -  ResidentSetSize of job (KB)
...
006 (9634687.000.000) 04/15 08:54:39 Image size of job updated: 46324864
	35721  -  MemoryUsage of job (MB)
	36577592  -  ResidentSetSize of job (KB)
...
006 (9634687.000.000) 04/15 08:59:39 Image size of job updated: 46363340
	35792  -  MemoryUsage of job (MB)
	36650172  -  ResidentSetSize of job (KB)
...
006 (9634687.000.000) 04/15 09:04:40 Image size of job updated: 46419952
	35866  -  MemoryUsage of job (MB)
	36726048  -  ResidentSetSize of job (KB)
...
006 (9634687.000.000) 04/15 09:09:40 Image size of job updated: 46477080
	35941  -  MemoryUsage of job (MB)
	36803168  -  ResidentSetSize of job (KB)
...
006 (9634687.000.000) 04/15 09:14:40 Image size of job updated: 46534728
	36017  -  MemoryUsage of job (MB)
	36881008  -  ResidentSetSize of job (KB)
...
006 (9634687.000.000) 04/15 09:19:41 Image size of job updated: 46576184
	36093  -  MemoryUsage of job (MB)
	36958864  -  ResidentSetSize of job (KB)
...
006 (9634687.000.000) 04/15 09:24:41 Image size of job updated: 46633316
	36168  -  MemoryUsage of job (MB)
	37035904  -  ResidentSetSize of job (KB)
...
006 (9634687.000.000) 04/15 09:29:41 Image size of job updated: 46690056
	36243  -  MemoryUsage of job (MB)
	37112064  -  ResidentSetSize of job (KB)
...
006 (9634687.000.000) 04/15 09:34:42 Image size of job updated: 46748216
	36319  -  MemoryUsage of job (MB)
	37189932  -  ResidentSetSize of job (KB)
...
006 (9634687.000.000) 04/15 09:39:42 Image size of job updated: 46789028
	36394  -  MemoryUsage of job (MB)
	37266816  -  ResidentSetSize of job (KB)
...
006 (9634687.000.000) 04/15 09:44:42 Image size of job updated: 46845772
	36468  -  MemoryUsage of job (MB)
	37343124  -  ResidentSetSize of job (KB)
...
006 (9634687.000.000) 04/15 09:49:43 Image size of job updated: 46903156
	36543  -  MemoryUsage of job (MB)
	37419836  -  ResidentSetSize of job (KB)
...
006 (9634687.000.000) 04/15 09:54:43 Image size of job updated: 46959376
	36617  -  MemoryUsage of job (MB)
	37495284  -  ResidentSetSize of job (KB)
...
006 (9634687.000.000) 04/15 09:59:43 Image size of job updated: 46999280
	36690  -  MemoryUsage of job (MB)
	37570520  -  ResidentSetSize of job (KB)
...
006 (9634687.000.000) 04/15 10:04:44 Image size of job updated: 47055116
	36764  -  MemoryUsage of job (MB)
	37645600  -  ResidentSetSize of job (KB)
...
006 (9634687.000.000) 04/15 10:09:45 Image size of job updated: 47109784
	36764  -  MemoryUsage of job (MB)
	37645600  -  ResidentSetSize of job (KB)
...
006 (9634687.000.000) 04/15 10:14:45 Image size of job updated: 47146964
	36764  -  MemoryUsage of job (MB)
	37645600  -  ResidentSetSize of job (KB)
...
006 (9634687.000.000) 04/15 10:19:46 Image size of job updated: 47203572
	36764  -  MemoryUsage of job (MB)
	37645600  -  ResidentSetSize of job (KB)
...
006 (9634687.000.000) 04/15 10:24:47 Image size of job updated: 47258244
	36764  -  MemoryUsage of job (MB)
	37645600  -  ResidentSetSize of job (KB)
...
006 (9634687.000.000) 04/15 10:29:47 Image size of job updated: 47297240
	36764  -  MemoryUsage of job (MB)
	37645600  -  ResidentSetSize of job (KB)
...
006 (9634687.000.000) 04/15 10:34:48 Image size of job updated: 47351388
	36764  -  MemoryUsage of job (MB)
	37645600  -  ResidentSetSize of job (KB)
...
006 (9634687.000.000) 04/15 10:39:49 Image size of job updated: 47406700
	36764  -  MemoryUsage of job (MB)
	37645600  -  ResidentSetSize of job (KB)
...
006 (9634687.000.000) 04/15 10:44:49 Image size of job updated: 47463832
	36764  -  MemoryUsage of job (MB)
	37645600  -  ResidentSetSize of job (KB)
...
006 (9634687.000.000) 04/15 10:49:49 Image size of job updated: 47504124
	36764  -  MemoryUsage of job (MB)
	37645600  -  ResidentSetSize of job (KB)
...
006 (9634687.000.000) 04/15 10:54:50 Image size of job updated: 47559048
	36764  -  MemoryUsage of job (MB)
	37645600  -  ResidentSetSize of job (KB)
...
006 (9634687.000.000) 04/15 10:59:50 Image size of job updated: 47612288
	36764  -  MemoryUsage of job (MB)
	37645600  -  ResidentSetSize of job (KB)
...
006 (9634687.000.000) 04/15 11:04:50 Image size of job updated: 47649600
	36764  -  MemoryUsage of job (MB)
	37645600  -  ResidentSetSize of job (KB)
...
006 (9634687.000.000) 04/15 11:09:51 Image size of job updated: 47704140
	36764  -  MemoryUsage of job (MB)
	37645600  -  ResidentSetSize of job (KB)
...
006 (9634687.000.000) 04/15 11:14:51 Image size of job updated: 47759972
	36764  -  MemoryUsage of job (MB)
	37645600  -  ResidentSetSize of job (KB)
...
006 (9634687.000.000) 04/15 11:19:51 Image size of job updated: 47798192
	36764  -  MemoryUsage of job (MB)
	37645600  -  ResidentSetSize of job (KB)
...
006 (9634687.000.000) 04/15 11:24:53 Image size of job updated: 47856096
	36764  -  MemoryUsage of job (MB)
	37645600  -  ResidentSetSize of job (KB)
...
006 (9634687.000.000) 04/15 11:29:53 Image size of job updated: 47917892
	36764  -  MemoryUsage of job (MB)
	37645600  -  ResidentSetSize of job (KB)
...
006 (9634687.000.000) 04/15 11:34:53 Image size of job updated: 47978388
	36764  -  MemoryUsage of job (MB)
	37645600  -  ResidentSetSize of job (KB)
...
006 (9634687.000.000) 04/15 11:39:55 Image size of job updated: 48040828
	36764  -  MemoryUsage of job (MB)
	37645600  -  ResidentSetSize of job (KB)
...
006 (9634687.000.000) 04/15 11:44:55 Image size of job updated: 48083712
	36764  -  MemoryUsage of job (MB)
	37645600  -  ResidentSetSize of job (KB)
...
006 (9634687.000.000) 04/15 11:49:55 Image size of job updated: 48141228
	36764  -  MemoryUsage of job (MB)
	37645600  -  ResidentSetSize of job (KB)
...
006 (9634687.000.000) 04/15 11:54:56 Image size of job updated: 48194080
	36764  -  MemoryUsage of job (MB)
	37645600  -  ResidentSetSize of job (KB)
...
006 (9634687.000.000) 04/15 11:59:57 Image size of job updated: 48252764
	36764  -  MemoryUsage of job (MB)
	37645600  -  ResidentSetSize of job (KB)
...
006 (9634687.000.000) 04/15 12:04:57 Image size of job updated: 48290208
	36764  -  MemoryUsage of job (MB)
	37645600  -  ResidentSetSize of job (KB)
...
006 (9634687.000.000) 04/15 12:09:58 Image size of job updated: 48343836
	36764  -  MemoryUsage of job (MB)
	37645600  -  ResidentSetSize of job (KB)
...
006 (9634687.000.000) 04/15 12:14:59 Image size of job updated: 48393320
	36764  -  MemoryUsage of job (MB)
	37645600  -  ResidentSetSize of job (KB)
...
006 (9634687.000.000) 04/15 12:19:59 Image size of job updated: 48426876
	36764  -  MemoryUsage of job (MB)
	37645600  -  ResidentSetSize of job (KB)
...
006 (9634687.000.000) 04/15 12:25:00 Image size of job updated: 48476232
	36764  -  MemoryUsage of job (MB)
	37645600  -  ResidentSetSize of job (KB)
...
006 (9634687.000.000) 04/15 12:30:01 Image size of job updated: 48507196
	36764  -  MemoryUsage of job (MB)
	37645600  -  ResidentSetSize of job (KB)
...
006 (9634687.000.000) 04/15 12:35:01 Image size of job updated: 48558752
	36764  -  MemoryUsage of job (MB)
	37645600  -  ResidentSetSize of job (KB)
...
006 (9634687.000.000) 04/15 12:40:03 Image size of job updated: 48620932
	36764  -  MemoryUsage of job (MB)
	37645600  -  ResidentSetSize of job (KB)
...
006 (9634687.000.000) 04/15 12:45:03 Image size of job updated: 48682340
	36764  -  MemoryUsage of job (MB)
	37645600  -  ResidentSetSize of job (KB)
...
006 (9634687.000.000) 04/15 12:50:03 Image size of job updated: 48720560
	36764  -  MemoryUsage of job (MB)
	37645600  -  ResidentSetSize of job (KB)
...
006 (9634687.000.000) 04/15 12:55:04 Image size of job updated: 48768748
	36764  -  MemoryUsage of job (MB)
	37645600  -  ResidentSetSize of job (KB)
...
006 (9634687.000.000) 04/15 13:00:05 Image size of job updated: 48822376
	36764  -  MemoryUsage of job (MB)
	37645600  -  ResidentSetSize of job (KB)
...
006 (9634687.000.000) 04/15 13:05:05 Image size of job updated: 48854248
	36764  -  MemoryUsage of job (MB)
	37645600  -  ResidentSetSize of job (KB)
...
006 (9634687.000.000) 04/15 13:10:06 Image size of job updated: 48902308
	36764  -  MemoryUsage of job (MB)
	37645600  -  ResidentSetSize of job (KB)
...
006 (9634687.000.000) 04/15 13:15:07 Image size of job updated: 48931976
	36764  -  MemoryUsage of job (MB)
	37645600  -  ResidentSetSize of job (KB)
...
006 (9634687.000.000) 04/15 13:20:07 Image size of job updated: 48979000
	36764  -  MemoryUsage of job (MB)
	37645600  -  ResidentSetSize of job (KB)
...
006 (9634687.000.000) 04/15 13:25:08 Image size of job updated: 49010352
	36764  -  MemoryUsage of job (MB)
	37645600  -  ResidentSetSize of job (KB)
...
006 (9634687.000.000) 04/15 13:30:08 Image size of job updated: 49057632
	36764  -  MemoryUsage of job (MB)
	37645600  -  ResidentSetSize of job (KB)
...
006 (9634687.000.000) 04/15 13:35:08 Image size of job updated: 49104528
	36764  -  MemoryUsage of job (MB)
	37645600  -  ResidentSetSize of job (KB)
...
006 (9634687.000.000) 04/15 13:40:09 Image size of job updated: 49136012
	36764  -  MemoryUsage of job (MB)
	37645600  -  ResidentSetSize of job (KB)
...
006 (9634687.000.000) 04/15 13:45:10 Image size of job updated: 49184068
	36764  -  MemoryUsage of job (MB)
	37645600  -  ResidentSetSize of job (KB)
...
006 (9634687.000.000) 04/15 13:50:10 Image size of job updated: 49215808
	36764  -  MemoryUsage of job (MB)
	37645600  -  ResidentSetSize of job (KB)
...
006 (9634687.000.000) 04/15 13:55:11 Image size of job updated: 49262312
	36764  -  MemoryUsage of job (MB)
	37645600  -  ResidentSetSize of job (KB)
...
006 (9634687.000.000) 04/15 14:00:12 Image size of job updated: 49291204
	36764  -  MemoryUsage of job (MB)
	37645600  -  ResidentSetSize of job (KB)
...
006 (9634687.000.000) 04/15 14:05:12 Image size of job updated: 49337324
	36764  -  MemoryUsage of job (MB)
	37645600  -  ResidentSetSize of job (KB)
...
006 (9634687.000.000) 04/15 14:10:13 Image size of job updated: 49368676
	36764  -  MemoryUsage of job (MB)
	37645600  -  ResidentSetSize of job (KB)
...
006 (9634687.000.000) 04/15 14:15:14 Image size of job updated: 49417252
	36764  -  MemoryUsage of job (MB)
	37645600  -  ResidentSetSize of job (KB)
...
006 (9634687.000.000) 04/15 14:20:14 Image size of job updated: 49467256
	36764  -  MemoryUsage of job (MB)
	37645600  -  ResidentSetSize of job (KB)
...
006 (9634687.000.000) 04/15 14:25:15 Image size of job updated: 49500548
	36764  -  MemoryUsage of job (MB)
	37645600  -  ResidentSetSize of job (KB)
...
