000 (9693136.000.000) 04/28 19:24:36 Job submitted from host: <137.138.156.150:9618?addrs=137.138.156.150-9618+[2001-1458-d00-14--9a]-9618&alias=bigbird13.cern.ch&noUDP&sock=schedd_2138_1192>
...
040 (9693136.000.000) 04/28 19:37:45 Started transferring input files
	Transferring to host: <128.142.56.45:9618?addrs=128.142.56.45-9618+[2001-1458-301-6--100-2c]-9618&alias=b7s01p0385.cern.ch&noUDP&sock=slot1_15_4209_5f04_21910>
...
040 (9693136.000.000) 04/28 19:37:45 Finished transferring input files
...
001 (9693136.000.000) 04/28 19:37:46 Job executing on host: <128.142.56.45:9618?addrs=128.142.56.45-9618+[2001-1458-301-6--100-2c]-9618&alias=b7s01p0385.cern.ch&noUDP&sock=startd_3621_4885>
...
006 (9693136.000.000) 04/28 19:37:55 Image size of job updated: 1046832
	198  -  MemoryUsage of job (MB)
	201996  -  ResidentSetSize of job (KB)
...
006 (9693136.000.000) 04/28 19:42:56 Image size of job updated: 1210212
	220  -  MemoryUsage of job (MB)
	224484  -  ResidentSetSize of job (KB)
...
006 (9693136.000.000) 04/28 19:47:57 Image size of job updated: 1210980
	220  -  MemoryUsage of job (MB)
	225280  -  ResidentSetSize of job (KB)
...
006 (9693136.000.000) 04/28 19:52:57 Image size of job updated: 1211748
	221  -  MemoryUsage of job (MB)
	226000  -  ResidentSetSize of job (KB)
...
006 (9693136.000.000) 04/28 19:57:58 Image size of job updated: 12705616
	8452  -  MemoryUsage of job (MB)
	8654296  -  ResidentSetSize of job (KB)
...
006 (9693136.000.000) 04/28 20:02:59 Image size of job updated: 12757588
	8499  -  MemoryUsage of job (MB)
	8702736  -  ResidentSetSize of job (KB)
...
006 (9693136.000.000) 04/28 20:07:59 Image size of job updated: 12827032
	8554  -  MemoryUsage of job (MB)
	8758388  -  ResidentSetSize of job (KB)
...
006 (9693136.000.000) 04/28 20:13:00 Image size of job updated: 12965352
	8638  -  MemoryUsage of job (MB)
	8844868  -  ResidentSetSize of job (KB)
...
006 (9693136.000.000) 04/28 20:18:01 Image size of job updated: 12998348
	8692  -  MemoryUsage of job (MB)
	8900460  -  ResidentSetSize of job (KB)
...
006 (9693136.000.000) 04/28 20:23:01 Image size of job updated: 13048192
	8763  -  MemoryUsage of job (MB)
	8973144  -  ResidentSetSize of job (KB)
...
006 (9693136.000.000) 04/28 20:28:01 Image size of job updated: 13098036
	8835  -  MemoryUsage of job (MB)
	9046352  -  ResidentSetSize of job (KB)
...
006 (9693136.000.000) 04/28 20:33:03 Image size of job updated: 13297312
	8909  -  MemoryUsage of job (MB)
	9121796  -  ResidentSetSize of job (KB)
...
006 (9693136.000.000) 04/28 20:38:03 Image size of job updated: 13349776
	8982  -  MemoryUsage of job (MB)
	9196684  -  ResidentSetSize of job (KB)
...
006 (9693136.000.000) 04/28 20:43:03 Image size of job updated: 13404188
	9059  -  MemoryUsage of job (MB)
	9276224  -  ResidentSetSize of job (KB)
...
006 (9693136.000.000) 04/28 20:48:04 Image size of job updated: 13459244
	9137  -  MemoryUsage of job (MB)
	9356128  -  ResidentSetSize of job (KB)
...
006 (9693136.000.000) 04/28 20:53:05 Image size of job updated: 13512228
	9213  -  MemoryUsage of job (MB)
	9433748  -  ResidentSetSize of job (KB)
...
006 (9693136.000.000) 04/28 20:58:05 Image size of job updated: 13567284
	9292  -  MemoryUsage of job (MB)
	9514724  -  ResidentSetSize of job (KB)
...
006 (9693136.000.000) 04/28 21:03:06 Image size of job updated: 13921984
	9376  -  MemoryUsage of job (MB)
	9600028  -  ResidentSetSize of job (KB)
...
006 (9693136.000.000) 04/28 21:08:07 Image size of job updated: 13979104
	9457  -  MemoryUsage of job (MB)
	9683740  -  ResidentSetSize of job (KB)
...
006 (9693136.000.000) 04/28 21:13:07 Image size of job updated: 14040692
	9543  -  MemoryUsage of job (MB)
	9771076  -  ResidentSetSize of job (KB)
...
006 (9693136.000.000) 04/28 21:18:07 Image size of job updated: 14107212
	9639  -  MemoryUsage of job (MB)
	9869636  -  ResidentSetSize of job (KB)
...
006 (9693136.000.000) 04/28 21:23:09 Image size of job updated: 14175612
	9735  -  MemoryUsage of job (MB)
	9968240  -  ResidentSetSize of job (KB)
...
006 (9693136.000.000) 04/28 21:28:09 Image size of job updated: 14245568
	9834  -  MemoryUsage of job (MB)
	10069692  -  ResidentSetSize of job (KB)
...
006 (9693136.000.000) 04/28 21:33:09 Image size of job updated: 14308980
	9924  -  MemoryUsage of job (MB)
	10161616  -  ResidentSetSize of job (KB)
...
006 (9693136.000.000) 04/28 21:38:09 Image size of job updated: 14356200
	9992  -  MemoryUsage of job (MB)
	10231484  -  ResidentSetSize of job (KB)
...
006 (9693136.000.000) 04/28 21:43:10 Image size of job updated: 14403676
	10064  -  MemoryUsage of job (MB)
	10305028  -  ResidentSetSize of job (KB)
...
006 (9693136.000.000) 04/28 21:48:10 Image size of job updated: 14456272
	10138  -  MemoryUsage of job (MB)
	10380676  -  ResidentSetSize of job (KB)
...
006 (9693136.000.000) 04/28 21:53:10 Image size of job updated: 14506796
	10209  -  MemoryUsage of job (MB)
	10453368  -  ResidentSetSize of job (KB)
...
006 (9693136.000.000) 04/28 21:58:12 Image size of job updated: 15149472
	10283  -  MemoryUsage of job (MB)
	10529732  -  ResidentSetSize of job (KB)
...
006 (9693136.000.000) 04/28 22:03:12 Image size of job updated: 15197216
	10352  -  MemoryUsage of job (MB)
	10600448  -  ResidentSetSize of job (KB)
...
006 (9693136.000.000) 04/28 22:08:12 Image size of job updated: 15247476
	10424  -  MemoryUsage of job (MB)
	10673196  -  ResidentSetSize of job (KB)
...
006 (9693136.000.000) 04/28 22:13:13 Image size of job updated: 15295084
	10492  -  MemoryUsage of job (MB)
	10743544  -  ResidentSetSize of job (KB)
...
006 (9693136.000.000) 04/28 22:18:14 Image size of job updated: 15344832
	10561  -  MemoryUsage of job (MB)
	10813640  -  ResidentSetSize of job (KB)
...
006 (9693136.000.000) 04/28 22:23:14 Image size of job updated: 15392180
	10629  -  MemoryUsage of job (MB)
	10883588  -  ResidentSetSize of job (KB)
...
006 (9693136.000.000) 04/28 22:28:15 Image size of job updated: 15438880
	10696  -  MemoryUsage of job (MB)
	10952196  -  ResidentSetSize of job (KB)
...
006 (9693136.000.000) 04/28 22:33:16 Image size of job updated: 15483640
	10760  -  MemoryUsage of job (MB)
	11017460  -  ResidentSetSize of job (KB)
...
006 (9693136.000.000) 04/28 22:38:16 Image size of job updated: 15529692
	10826  -  MemoryUsage of job (MB)
	11084976  -  ResidentSetSize of job (KB)
...
006 (9693136.000.000) 04/28 22:43:16 Image size of job updated: 15578144
	10892  -  MemoryUsage of job (MB)
	11152972  -  ResidentSetSize of job (KB)
...
006 (9693136.000.000) 04/28 22:48:17 Image size of job updated: 15624844
	10961  -  MemoryUsage of job (MB)
	11223136  -  ResidentSetSize of job (KB)
...
006 (9693136.000.000) 04/28 22:53:18 Image size of job updated: 15677440
	11034  -  MemoryUsage of job (MB)
	11298740  -  ResidentSetSize of job (KB)
...
006 (9693136.000.000) 04/28 22:58:18 Image size of job updated: 15734568
	11117  -  MemoryUsage of job (MB)
	11383016  -  ResidentSetSize of job (KB)
...
006 (9693136.000.000) 04/28 23:03:19 Image size of job updated: 15792336
	11197  -  MemoryUsage of job (MB)
	11465696  -  ResidentSetSize of job (KB)
...
006 (9693136.000.000) 04/28 23:08:20 Image size of job updated: 15848556
	11278  -  MemoryUsage of job (MB)
	11548252  -  ResidentSetSize of job (KB)
...
006 (9693136.000.000) 04/28 23:13:20 Image size of job updated: 15902448
	11354  -  MemoryUsage of job (MB)
	11626456  -  ResidentSetSize of job (KB)
...
006 (9693136.000.000) 04/28 23:18:20 Image size of job updated: 15955952
	11430  -  MemoryUsage of job (MB)
	11704112  -  ResidentSetSize of job (KB)
...
006 (9693136.000.000) 04/28 23:23:22 Image size of job updated: 16018520
	11517  -  MemoryUsage of job (MB)
	11792392  -  ResidentSetSize of job (KB)
...
006 (9693136.000.000) 04/28 23:28:22 Image size of job updated: 16070984
	11593  -  MemoryUsage of job (MB)
	11870756  -  ResidentSetSize of job (KB)
...
006 (9693136.000.000) 04/28 23:33:22 Image size of job updated: 16124876
	11670  -  MemoryUsage of job (MB)
	11949664  -  ResidentSetSize of job (KB)
...
006 (9693136.000.000) 04/28 23:38:23 Image size of job updated: 16172940
	11740  -  MemoryUsage of job (MB)
	12021516  -  ResidentSetSize of job (KB)
...
006 (9693136.000.000) 04/28 23:43:24 Image size of job updated: 16222168
	11811  -  MemoryUsage of job (MB)
	12093580  -  ResidentSetSize of job (KB)
...
006 (9693136.000.000) 04/28 23:48:24 Image size of job updated: 16272172
	11880  -  MemoryUsage of job (MB)
	12165020  -  ResidentSetSize of job (KB)
...
006 (9693136.000.000) 04/28 23:53:25 Image size of job updated: 16322952
	11949  -  MemoryUsage of job (MB)
	12235740  -  ResidentSetSize of job (KB)
...
006 (9693136.000.000) 04/28 23:58:26 Image size of job updated: 16366736
	12015  -  MemoryUsage of job (MB)
	12302784  -  ResidentSetSize of job (KB)
...
006 (9693136.000.000) 04/29 00:03:26 Image size of job updated: 17594836
	12084  -  MemoryUsage of job (MB)
	12373772  -  ResidentSetSize of job (KB)
...
006 (9693136.000.000) 04/29 00:08:26 Image size of job updated: 17645228
	12154  -  MemoryUsage of job (MB)
	12445064  -  ResidentSetSize of job (KB)
...
006 (9693136.000.000) 04/29 00:13:27 Image size of job updated: 17691608
	12224  -  MemoryUsage of job (MB)
	12516672  -  ResidentSetSize of job (KB)
...
006 (9693136.000.000) 04/29 00:18:27 Image size of job updated: 17741612
	12294  -  MemoryUsage of job (MB)
	12588412  -  ResidentSetSize of job (KB)
...
006 (9693136.000.000) 04/29 00:23:27 Image size of job updated: 17792780
	12365  -  MemoryUsage of job (MB)
	12661584  -  ResidentSetSize of job (KB)
...
006 (9693136.000.000) 04/29 00:28:29 Image size of job updated: 17844080
	12437  -  MemoryUsage of job (MB)
	12734588  -  ResidentSetSize of job (KB)
...
006 (9693136.000.000) 04/29 00:33:29 Image size of job updated: 17895900
	12510  -  MemoryUsage of job (MB)
	12809544  -  ResidentSetSize of job (KB)
...
006 (9693136.000.000) 04/29 00:38:29 Image size of job updated: 17943056
	12581  -  MemoryUsage of job (MB)
	12882824  -  ResidentSetSize of job (KB)
...
006 (9693136.000.000) 04/29 00:43:30 Image size of job updated: 18006920
	12669  -  MemoryUsage of job (MB)
	12972856  -  ResidentSetSize of job (KB)
...
006 (9693136.000.000) 04/29 00:48:31 Image size of job updated: 18062496
	12749  -  MemoryUsage of job (MB)
	13054508  -  ResidentSetSize of job (KB)
...
006 (9693136.000.000) 04/29 00:53:31 Image size of job updated: 18115224
	12824  -  MemoryUsage of job (MB)
	13130852  -  ResidentSetSize of job (KB)
...
006 (9693136.000.000) 04/29 00:58:31 Image size of job updated: 18167688
	12898  -  MemoryUsage of job (MB)
	13206688  -  ResidentSetSize of job (KB)
...
006 (9693136.000.000) 04/29 01:03:32 Image size of job updated: 18218988
	12973  -  MemoryUsage of job (MB)
	13284204  -  ResidentSetSize of job (KB)
...
006 (9693136.000.000) 04/29 01:08:32 Image size of job updated: 18270676
	13046  -  MemoryUsage of job (MB)
	13358236  -  ResidentSetSize of job (KB)
...
006 (9693136.000.000) 04/29 01:13:32 Image size of job updated: 18324180
	13121  -  MemoryUsage of job (MB)
	13435496  -  ResidentSetSize of job (KB)
...
006 (9693136.000.000) 04/29 01:18:33 Image size of job updated: 18377808
	13195  -  MemoryUsage of job (MB)
	13511284  -  ResidentSetSize of job (KB)
...
006 (9693136.000.000) 04/29 01:23:33 Image size of job updated: 18424320
	13268  -  MemoryUsage of job (MB)
	13586292  -  ResidentSetSize of job (KB)
...
006 (9693136.000.000) 04/29 01:28:33 Image size of job updated: 18476396
	13342  -  MemoryUsage of job (MB)
	13661432  -  ResidentSetSize of job (KB)
...
006 (9693136.000.000) 04/29 01:33:34 Image size of job updated: 18530288
	13417  -  MemoryUsage of job (MB)
	13738256  -  ResidentSetSize of job (KB)
...
006 (9693136.000.000) 04/29 01:38:35 Image size of job updated: 18582752
	13493  -  MemoryUsage of job (MB)
	13815840  -  ResidentSetSize of job (KB)
...
006 (9693136.000.000) 04/29 01:43:35 Image size of job updated: 18635868
	13568  -  MemoryUsage of job (MB)
	13893260  -  ResidentSetSize of job (KB)
...
006 (9693136.000.000) 04/29 01:48:36 Image size of job updated: 18690536
	13646  -  MemoryUsage of job (MB)
	13972660  -  ResidentSetSize of job (KB)
...
006 (9693136.000.000) 04/29 01:53:37 Image size of job updated: 18743908
	13722  -  MemoryUsage of job (MB)
	14050688  -  ResidentSetSize of job (KB)
...
006 (9693136.000.000) 04/29 01:58:37 Image size of job updated: 18797668
	13798  -  MemoryUsage of job (MB)
	14128540  -  ResidentSetSize of job (KB)
...
006 (9693136.000.000) 04/29 02:03:37 Image size of job updated: 18852468
	13876  -  MemoryUsage of job (MB)
	14208676  -  ResidentSetSize of job (KB)
...
006 (9693136.000.000) 04/29 02:08:38 Image size of job updated: 18906748
	13954  -  MemoryUsage of job (MB)
	14288888  -  ResidentSetSize of job (KB)
...
006 (9693136.000.000) 04/29 02:13:39 Image size of job updated: 18962324
	14033  -  MemoryUsage of job (MB)
	14369448  -  ResidentSetSize of job (KB)
...
006 (9693136.000.000) 04/29 02:18:39 Image size of job updated: 19014920
	14108  -  MemoryUsage of job (MB)
	14446164  -  ResidentSetSize of job (KB)
...
006 (9693136.000.000) 04/29 02:23:40 Image size of job updated: 19065700
	14179  -  MemoryUsage of job (MB)
	14518984  -  ResidentSetSize of job (KB)
...
006 (9693136.000.000) 04/29 02:28:41 Image size of job updated: 19116092
	14250  -  MemoryUsage of job (MB)
	14591228  -  ResidentSetSize of job (KB)
...
006 (9693136.000.000) 04/29 02:33:41 Image size of job updated: 19167780
	14322  -  MemoryUsage of job (MB)
	14665464  -  ResidentSetSize of job (KB)
...
006 (9693136.000.000) 04/29 02:38:41 Image size of job updated: 19222400
	14393  -  MemoryUsage of job (MB)
	14738052  -  ResidentSetSize of job (KB)
...
006 (9693136.000.000) 04/29 02:43:42 Image size of job updated: 19270852
	14467  -  MemoryUsage of job (MB)
	14814056  -  ResidentSetSize of job (KB)
...
006 (9693136.000.000) 04/29 02:48:43 Image size of job updated: 19319300
	14542  -  MemoryUsage of job (MB)
	14890224  -  ResidentSetSize of job (KB)
...
006 (9693136.000.000) 04/29 02:53:43 Image size of job updated: 19382912
	14629  -  MemoryUsage of job (MB)
	14979548  -  ResidentSetSize of job (KB)
...
006 (9693136.000.000) 04/29 02:58:44 Image size of job updated: 19451308
	14725  -  MemoryUsage of job (MB)
	15077688  -  ResidentSetSize of job (KB)
...
006 (9693136.000.000) 04/29 03:03:45 Image size of job updated: 19512324
	14807  -  MemoryUsage of job (MB)
	15161748  -  ResidentSetSize of job (KB)
...
006 (9693136.000.000) 04/29 03:08:45 Image size of job updated: 19565828
	14891  -  MemoryUsage of job (MB)
	15247388  -  ResidentSetSize of job (KB)
...
006 (9693136.000.000) 04/29 03:13:45 Image size of job updated: 19631376
	14982  -  MemoryUsage of job (MB)
	15340764  -  ResidentSetSize of job (KB)
...
006 (9693136.000.000) 04/29 03:18:46 Image size of job updated: 19696020
	15070  -  MemoryUsage of job (MB)
	15431516  -  ResidentSetSize of job (KB)
...
006 (9693136.000.000) 04/29 03:23:47 Image size of job updated: 19744080
	15144  -  MemoryUsage of job (MB)
	15507136  -  ResidentSetSize of job (KB)
...
006 (9693136.000.000) 04/29 03:28:47 Image size of job updated: 19800436
	15221  -  MemoryUsage of job (MB)
	15586192  -  ResidentSetSize of job (KB)
...
006 (9693136.000.000) 04/29 03:33:47 Image size of job updated: 19856008
	15305  -  MemoryUsage of job (MB)
	15671828  -  ResidentSetSize of job (KB)
...
006 (9693136.000.000) 04/29 03:38:48 Image size of job updated: 19916640
	15387  -  MemoryUsage of job (MB)
	15755748  -  ResidentSetSize of job (KB)
...
006 (9693136.000.000) 04/29 03:43:49 Image size of job updated: 19974412
	15467  -  MemoryUsage of job (MB)
	15837512  -  ResidentSetSize of job (KB)
...
006 (9693136.000.000) 04/29 03:48:49 Image size of job updated: 20029212
	15549  -  MemoryUsage of job (MB)
	15921884  -  ResidentSetSize of job (KB)
...
006 (9693136.000.000) 04/29 03:53:49 Image size of job updated: 20088932
	15634  -  MemoryUsage of job (MB)
	16008540  -  ResidentSetSize of job (KB)
...
006 (9693136.000.000) 04/29 03:58:51 Image size of job updated: 22519348
	15730  -  MemoryUsage of job (MB)
	16107476  -  ResidentSetSize of job (KB)
...
006 (9693136.000.000) 04/29 04:03:51 Image size of job updated: 22582828
	15817  -  MemoryUsage of job (MB)
	16196608  -  ResidentSetSize of job (KB)
...
006 (9693136.000.000) 04/29 04:08:51 Image size of job updated: 22640472
	15909  -  MemoryUsage of job (MB)
	16290312  -  ResidentSetSize of job (KB)
...
006 (9693136.000.000) 04/29 04:13:52 Image size of job updated: 22704728
	15997  -  MemoryUsage of job (MB)
	16380920  -  ResidentSetSize of job (KB)
...
006 (9693136.000.000) 04/29 04:18:53 Image size of job updated: 22767948
	16084  -  MemoryUsage of job (MB)
	16469120  -  ResidentSetSize of job (KB)
...
006 (9693136.000.000) 04/29 04:23:53 Image size of job updated: 22823136
	16174  -  MemoryUsage of job (MB)
	16562148  -  ResidentSetSize of job (KB)
...
006 (9693136.000.000) 04/29 04:28:53 Image size of job updated: 22889204
	16266  -  MemoryUsage of job (MB)
	16656088  -  ResidentSetSize of job (KB)
...
006 (9693136.000.000) 04/29 04:33:54 Image size of job updated: 22958512
	16361  -  MemoryUsage of job (MB)
	16753660  -  ResidentSetSize of job (KB)
...
006 (9693136.000.000) 04/29 04:38:55 Image size of job updated: 23025744
	16458  -  MemoryUsage of job (MB)
	16852408  -  ResidentSetSize of job (KB)
...
006 (9693136.000.000) 04/29 04:43:55 Image size of job updated: 23095568
	16556  -  MemoryUsage of job (MB)
	16952740  -  ResidentSetSize of job (KB)
...
006 (9693136.000.000) 04/29 04:48:56 Image size of job updated: 23164620
	16653  -  MemoryUsage of job (MB)
	17052580  -  ResidentSetSize of job (KB)
...
006 (9693136.000.000) 04/29 04:53:57 Image size of job updated: 23231852
	16747  -  MemoryUsage of job (MB)
	17148512  -  ResidentSetSize of job (KB)
...
006 (9693136.000.000) 04/29 04:58:57 Image size of job updated: 23301156
	16844  -  MemoryUsage of job (MB)
	17247896  -  ResidentSetSize of job (KB)
...
006 (9693136.000.000) 04/29 05:03:57 Image size of job updated: 23359456
	16937  -  MemoryUsage of job (MB)
	17342692  -  ResidentSetSize of job (KB)
...
006 (9693136.000.000) 04/29 05:08:58 Image size of job updated: 23423840
	17026  -  MemoryUsage of job (MB)
	17434044  -  ResidentSetSize of job (KB)
...
006 (9693136.000.000) 04/29 05:13:59 Image size of job updated: 23488484
	17114  -  MemoryUsage of job (MB)
	17524308  -  ResidentSetSize of job (KB)
...
006 (9693136.000.000) 04/29 05:18:59 Image size of job updated: 23555716
	17208  -  MemoryUsage of job (MB)
	17620556  -  ResidentSetSize of job (KB)
...
006 (9693136.000.000) 04/29 05:24:31 Image size of job updated: 23605076
	17282  -  MemoryUsage of job (MB)
	17696340  -  ResidentSetSize of job (KB)
...
006 (9693136.000.000) 04/29 05:29:00 Image size of job updated: 23657540
	17349  -  MemoryUsage of job (MB)
	17765132  -  ResidentSetSize of job (KB)
...
006 (9693136.000.000) 04/29 05:34:00 Image size of job updated: 23702492
	17417  -  MemoryUsage of job (MB)
	17834144  -  ResidentSetSize of job (KB)
...
006 (9693136.000.000) 04/29 05:39:00 Image size of job updated: 23747184
	17484  -  MemoryUsage of job (MB)
	17903552  -  ResidentSetSize of job (KB)
...
006 (9693136.000.000) 04/29 05:44:01 Image size of job updated: 23800428
	17552  -  MemoryUsage of job (MB)
	17972788  -  ResidentSetSize of job (KB)
...
006 (9693136.000.000) 04/29 05:49:01 Image size of job updated: 23842916
	17619  -  MemoryUsage of job (MB)
	18041052  -  ResidentSetSize of job (KB)
...
006 (9693136.000.000) 04/29 05:54:01 Image size of job updated: 23888132
	17688  -  MemoryUsage of job (MB)
	18111724  -  ResidentSetSize of job (KB)
...
006 (9693136.000.000) 04/29 05:59:02 Image size of job updated: 23941892
	17757  -  MemoryUsage of job (MB)
	18182368  -  ResidentSetSize of job (KB)
...
006 (9693136.000.000) 04/29 06:04:02 Image size of job updated: 23989048
	17828  -  MemoryUsage of job (MB)
	18255740  -  ResidentSetSize of job (KB)
...
006 (9693136.000.000) 04/29 06:09:02 Image size of job updated: 24048892
	17908  -  MemoryUsage of job (MB)
	18337664  -  ResidentSetSize of job (KB)
...
006 (9693136.000.000) 04/29 06:14:03 Image size of job updated: 24099548
	17987  -  MemoryUsage of job (MB)
	18418376  -  ResidentSetSize of job (KB)
...
006 (9693136.000.000) 04/29 06:19:04 Image size of job updated: 24160564
	18069  -  MemoryUsage of job (MB)
	18502292  -  ResidentSetSize of job (KB)
...
006 (9693136.000.000) 04/29 06:24:04 Image size of job updated: 24210180
	18146  -  MemoryUsage of job (MB)
	18580728  -  ResidentSetSize of job (KB)
...
006 (9693136.000.000) 04/29 06:29:05 Image size of job updated: 24268992
	18224  -  MemoryUsage of job (MB)
	18660672  -  ResidentSetSize of job (KB)
...
006 (9693136.000.000) 04/29 06:34:06 Image size of job updated: 24306952
	18224  -  MemoryUsage of job (MB)
	18660672  -  ResidentSetSize of job (KB)
...
006 (9693136.000.000) 04/29 06:49:07 Image size of job updated: 24306952
	19715  -  MemoryUsage of job (MB)
	20187580  -  ResidentSetSize of job (KB)
...
006 (9693136.000.000) 04/29 06:54:07 Image size of job updated: 25723340
	22284  -  MemoryUsage of job (MB)
	22817836  -  ResidentSetSize of job (KB)
...
006 (9693136.000.000) 04/29 06:59:07 Image size of job updated: 25745448
	22284  -  MemoryUsage of job (MB)
	22817836  -  ResidentSetSize of job (KB)
...
040 (9693136.000.000) 04/29 07:20:53 Started transferring output files
...
040 (9693136.000.000) 04/29 07:20:53 Finished transferring output files
...
005 (9693136.000.000) 04/29 07:20:53 Job terminated.
	(1) Normal termination (return value 0)
		Usr 0 11:17:12, Sys 0 00:08:05  -  Run Remote Usage
		Usr 0 00:00:00, Sys 0 00:00:00  -  Run Local Usage
		Usr 0 11:17:12, Sys 0 00:08:05  -  Total Remote Usage
		Usr 0 00:00:00, Sys 0 00:00:00  -  Total Local Usage
	10330  -  Run Bytes Sent By Job
	226  -  Run Bytes Received By Job
	10330  -  Total Bytes Sent By Job
	226  -  Total Bytes Received By Job
	Partitionable Resources :    Usage  Request Allocated 
	   Cpus                 :     1.00        1         1 
	   Disk (KB)            :   153           1   1206767 
	   Memory (MB)          : 22284        2000      2000 

	Job terminated of its own accord at 2024-04-29T05:20:53Z.
...
