000 (9426455.000.000) 03/14 00:02:37 Job submitted from host: <137.138.156.150:9618?addrs=137.138.156.150-9618+[2001-1458-d00-14--9a]-9618&alias=bigbird13.cern.ch&noUDP&sock=schedd_5144_ef43>
...
040 (9426455.000.000) 03/14 00:14:04 Started transferring input files
	Transferring to host: <128.142.59.142:9618?addrs=128.142.59.142-9618&alias=b7s04p6506.cern.ch&noUDP&sock=slot1_16_6933_acf3_72796>
...
040 (9426455.000.000) 03/14 00:14:04 Finished transferring input files
...
001 (9426455.000.000) 03/14 00:14:05 Job executing on host: <128.142.59.142:9618?addrs=128.142.59.142-9618&alias=b7s04p6506.cern.ch&noUDP&sock=startd_6868_7489>
...
006 (9426455.000.000) 03/14 00:14:14 Image size of job updated: 87164
	40  -  MemoryUsage of job (MB)
	40440  -  ResidentSetSize of job (KB)
...
006 (9426455.000.000) 03/14 00:19:14 Image size of job updated: 5153000
	2912  -  MemoryUsage of job (MB)
	2981000  -  ResidentSetSize of job (KB)
...
006 (9426455.000.000) 03/14 00:24:14 Image size of job updated: 5246228
	2996  -  MemoryUsage of job (MB)
	3067348  -  ResidentSetSize of job (KB)
...
006 (9426455.000.000) 03/14 00:29:15 Image size of job updated: 5413108
	3115  -  MemoryUsage of job (MB)
	3188792  -  ResidentSetSize of job (KB)
...
006 (9426455.000.000) 03/14 00:34:16 Image size of job updated: 5480644
	3209  -  MemoryUsage of job (MB)
	3285372  -  ResidentSetSize of job (KB)
...
006 (9426455.000.000) 03/14 00:39:16 Image size of job updated: 5559892
	3315  -  MemoryUsage of job (MB)
	3393788  -  ResidentSetSize of job (KB)
...
006 (9426455.000.000) 03/14 00:44:17 Image size of job updated: 5786604
	3421  -  MemoryUsage of job (MB)
	3502572  -  ResidentSetSize of job (KB)
...
006 (9426455.000.000) 03/14 00:49:18 Image size of job updated: 5866636
	3528  -  MemoryUsage of job (MB)
	3612448  -  ResidentSetSize of job (KB)
...
006 (9426455.000.000) 03/14 00:54:18 Image size of job updated: 5950252
	3638  -  MemoryUsage of job (MB)
	3725284  -  ResidentSetSize of job (KB)
...
006 (9426455.000.000) 03/14 00:59:18 Image size of job updated: 6030672
	3746  -  MemoryUsage of job (MB)
	3835220  -  ResidentSetSize of job (KB)
...
006 (9426455.000.000) 03/14 01:04:19 Image size of job updated: 6111444
	3852  -  MemoryUsage of job (MB)
	3944156  -  ResidentSetSize of job (KB)
...
006 (9426455.000.000) 03/14 01:09:20 Image size of job updated: 6485864
	3958  -  MemoryUsage of job (MB)
	4052364  -  ResidentSetSize of job (KB)
...
006 (9426455.000.000) 03/14 01:14:20 Image size of job updated: 6560236
	4057  -  MemoryUsage of job (MB)
	4154188  -  ResidentSetSize of job (KB)
...
006 (9426455.000.000) 03/14 01:19:20 Image size of job updated: 6638440
	4159  -  MemoryUsage of job (MB)
	4258532  -  ResidentSetSize of job (KB)
...
006 (9426455.000.000) 03/14 01:24:21 Image size of job updated: 6716656
	4263  -  MemoryUsage of job (MB)
	4364544  -  ResidentSetSize of job (KB)
...
006 (9426455.000.000) 03/14 01:29:21 Image size of job updated: 6794616
	4367  -  MemoryUsage of job (MB)
	4470900  -  ResidentSetSize of job (KB)
...
006 (9426455.000.000) 03/14 01:34:21 Image size of job updated: 6874256
	4473  -  MemoryUsage of job (MB)
	4579412  -  ResidentSetSize of job (KB)
...
006 (9426455.000.000) 03/14 01:39:22 Image size of job updated: 6954288
	4579  -  MemoryUsage of job (MB)
	4688412  -  ResidentSetSize of job (KB)
...
006 (9426455.000.000) 03/14 01:44:23 Image size of job updated: 7033540
	4685  -  MemoryUsage of job (MB)
	4797216  -  ResidentSetSize of job (KB)
...
006 (9426455.000.000) 03/14 01:49:23 Image size of job updated: 7113184
	4792  -  MemoryUsage of job (MB)
	4906340  -  ResidentSetSize of job (KB)
...
006 (9426455.000.000) 03/14 01:54:23 Image size of job updated: 7193216
	4898  -  MemoryUsage of job (MB)
	5015328  -  ResidentSetSize of job (KB)
...
006 (9426455.000.000) 03/14 01:59:24 Image size of job updated: 7859700
	5005  -  MemoryUsage of job (MB)
	5124872  -  ResidentSetSize of job (KB)
...
006 (9426455.000.000) 03/14 02:04:25 Image size of job updated: 7939864
	5112  -  MemoryUsage of job (MB)
	5234340  -  ResidentSetSize of job (KB)
...
006 (9426455.000.000) 03/14 02:09:25 Image size of job updated: 8020796
	5220  -  MemoryUsage of job (MB)
	5344292  -  ResidentSetSize of job (KB)
...
006 (9426455.000.000) 03/14 02:14:25 Image size of job updated: 8100308
	5325  -  MemoryUsage of job (MB)
	5452372  -  ResidentSetSize of job (KB)
...
006 (9426455.000.000) 03/14 02:19:26 Image size of job updated: 8182852
	5433  -  MemoryUsage of job (MB)
	5563064  -  ResidentSetSize of job (KB)
...
006 (9426455.000.000) 03/14 02:24:27 Image size of job updated: 8263400
	5541  -  MemoryUsage of job (MB)
	5673752  -  ResidentSetSize of job (KB)
...
006 (9426455.000.000) 03/14 02:29:27 Image size of job updated: 8344728
	5650  -  MemoryUsage of job (MB)
	5785476  -  ResidentSetSize of job (KB)
...
006 (9426455.000.000) 03/14 02:32:27 Image size of job updated: 8392736
	5650  -  MemoryUsage of job (MB)
	5785480  -  ResidentSetSize of job (KB)
...
040 (9426455.000.000) 03/14 02:32:27 Started transferring output files
...
040 (9426455.000.000) 03/14 02:32:27 Finished transferring output files
...
005 (9426455.000.000) 03/14 02:32:27 Job terminated.
	(1) Normal termination (return value 0)
		Usr 0 02:15:26, Sys 0 00:01:41  -  Run Remote Usage
		Usr 0 00:00:00, Sys 0 00:00:00  -  Run Local Usage
		Usr 0 02:15:26, Sys 0 00:01:41  -  Total Remote Usage
		Usr 0 00:00:00, Sys 0 00:00:00  -  Total Local Usage
	24260  -  Run Bytes Sent By Job
	222  -  Run Bytes Received By Job
	24260  -  Total Bytes Sent By Job
	222  -  Total Bytes Received By Job
	Partitionable Resources :    Usage  Request Allocated 
	   Cpus                 :     1.00        1         1 
	   Disk (KB)            :    44           1   1287546 
	   Memory (MB)          :  5650        2000      2000 

	Job terminated of its own accord at 2024-03-14T01:32:27Z.
...
