000 (9627190.000.000) 04/12 09:32:15 Job submitted from host: <137.138.156.150:9618?addrs=137.138.156.150-9618+[2001-1458-d00-14--9a]-9618&alias=bigbird13.cern.ch&noUDP&sock=schedd_2138_1192>
...
040 (9627190.000.000) 04/12 18:52:05 Started transferring input files
	Transferring to host: <128.142.59.38:9618?addrs=128.142.59.38-9618&alias=b7s04p0780.cern.ch&noUDP&sock=slot1_22_7553_858c_101806>
...
040 (9627190.000.000) 04/12 18:52:05 Finished transferring input files
...
001 (9627190.000.000) 04/12 18:52:06 Job executing on host: <128.142.59.38:9618?addrs=128.142.59.38-9618&alias=b7s04p0780.cern.ch&noUDP&sock=startd_7487_09a8>
...
006 (9627190.000.000) 04/12 18:52:15 Image size of job updated: 76672
	75  -  MemoryUsage of job (MB)
	76672  -  ResidentSetSize of job (KB)
...
006 (9627190.000.000) 04/12 18:57:16 Image size of job updated: 1209440
	219  -  MemoryUsage of job (MB)
	223844  -  ResidentSetSize of job (KB)
...
006 (9627190.000.000) 04/12 19:02:16 Image size of job updated: 1209696
	219  -  MemoryUsage of job (MB)
	224028  -  ResidentSetSize of job (KB)
...
006 (9627190.000.000) 04/12 19:07:16 Image size of job updated: 1209952
	219  -  MemoryUsage of job (MB)
	224216  -  ResidentSetSize of job (KB)
...
006 (9627190.000.000) 04/12 19:12:17 Image size of job updated: 1209952
	220  -  MemoryUsage of job (MB)
	224416  -  ResidentSetSize of job (KB)
...
006 (9627190.000.000) 04/12 19:17:18 Image size of job updated: 1210208
	220  -  MemoryUsage of job (MB)
	224612  -  ResidentSetSize of job (KB)
...
006 (9627190.000.000) 04/12 19:22:18 Image size of job updated: 1210464
	220  -  MemoryUsage of job (MB)
	224852  -  ResidentSetSize of job (KB)
...
006 (9627190.000.000) 04/12 19:27:18 Image size of job updated: 1210720
	220  -  MemoryUsage of job (MB)
	225132  -  ResidentSetSize of job (KB)
...
006 (9627190.000.000) 04/12 19:32:20 Image size of job updated: 1210976
	221  -  MemoryUsage of job (MB)
	225408  -  ResidentSetSize of job (KB)
...
006 (9627190.000.000) 04/12 19:37:20 Image size of job updated: 1211232
	221  -  MemoryUsage of job (MB)
	225704  -  ResidentSetSize of job (KB)
...
006 (9627190.000.000) 04/12 19:42:20 Image size of job updated: 1211744
	221  -  MemoryUsage of job (MB)
	225996  -  ResidentSetSize of job (KB)
...
006 (9627190.000.000) 04/12 19:47:20 Image size of job updated: 1212000
	222  -  MemoryUsage of job (MB)
	226332  -  ResidentSetSize of job (KB)
...
006 (9627190.000.000) 04/12 19:52:21 Image size of job updated: 26256328
	9466  -  MemoryUsage of job (MB)
	9692268  -  ResidentSetSize of job (KB)
...
006 (9627190.000.000) 04/12 19:57:21 Image size of job updated: 26323404
	9466  -  MemoryUsage of job (MB)
	9692268  -  ResidentSetSize of job (KB)
...
006 (9627190.000.000) 04/12 20:02:21 Image size of job updated: 26422332
	9466  -  MemoryUsage of job (MB)
	9692268  -  ResidentSetSize of job (KB)
...
006 (9627190.000.000) 04/12 20:07:22 Image size of job updated: 26568216
	9466  -  MemoryUsage of job (MB)
	9692268  -  ResidentSetSize of job (KB)
...
006 (9627190.000.000) 04/12 20:12:23 Image size of job updated: 26635540
	9466  -  MemoryUsage of job (MB)
	9692268  -  ResidentSetSize of job (KB)
...
006 (9627190.000.000) 04/12 20:17:23 Image size of job updated: 26850976
	9466  -  MemoryUsage of job (MB)
	9692268  -  ResidentSetSize of job (KB)
...
006 (9627190.000.000) 04/12 20:22:23 Image size of job updated: 26919344
	9466  -  MemoryUsage of job (MB)
	9692268  -  ResidentSetSize of job (KB)
...
006 (9627190.000.000) 04/12 20:27:24 Image size of job updated: 26989560
	9466  -  MemoryUsage of job (MB)
	9692268  -  ResidentSetSize of job (KB)
...
006 (9627190.000.000) 04/12 20:32:25 Image size of job updated: 27056632
	9466  -  MemoryUsage of job (MB)
	9692268  -  ResidentSetSize of job (KB)
...
006 (9627190.000.000) 04/12 20:37:25 Image size of job updated: 27124612
	9466  -  MemoryUsage of job (MB)
	9692268  -  ResidentSetSize of job (KB)
...
006 (9627190.000.000) 04/12 20:42:26 Image size of job updated: 27490256
	9466  -  MemoryUsage of job (MB)
	9692268  -  ResidentSetSize of job (KB)
...
006 (9627190.000.000) 04/12 20:47:27 Image size of job updated: 27560472
	9466  -  MemoryUsage of job (MB)
	9692268  -  ResidentSetSize of job (KB)
...
006 (9627190.000.000) 04/12 20:52:27 Image size of job updated: 27628180
	9466  -  MemoryUsage of job (MB)
	9692268  -  ResidentSetSize of job (KB)
...
006 (9627190.000.000) 04/12 20:57:27 Image size of job updated: 27685828
	9561  -  MemoryUsage of job (MB)
	9789944  -  ResidentSetSize of job (KB)
...
006 (9627190.000.000) 04/12 21:02:28 Image size of job updated: 27745480
	9685  -  MemoryUsage of job (MB)
	9916740  -  ResidentSetSize of job (KB)
...
006 (9627190.000.000) 04/12 21:07:29 Image size of job updated: 27800924
	9808  -  MemoryUsage of job (MB)
	10042788  -  ResidentSetSize of job (KB)
...
006 (9627190.000.000) 04/12 21:12:29 Image size of job updated: 27861876
	9933  -  MemoryUsage of job (MB)
	10170688  -  ResidentSetSize of job (KB)
...
006 (9627190.000.000) 04/12 21:17:30 Image size of job updated: 27927624
	10061  -  MemoryUsage of job (MB)
	10302096  -  ResidentSetSize of job (KB)
...
006 (9627190.000.000) 04/12 21:22:31 Image size of job updated: 27987664
	10186  -  MemoryUsage of job (MB)
	10429528  -  ResidentSetSize of job (KB)
...
006 (9627190.000.000) 04/12 21:27:31 Image size of job updated: 28052248
	10313  -  MemoryUsage of job (MB)
	10560236  -  ResidentSetSize of job (KB)
...
006 (9627190.000.000) 04/12 21:32:31 Image size of job updated: 28709952
	10452  -  MemoryUsage of job (MB)
	10702720  -  ResidentSetSize of job (KB)
...
006 (9627190.000.000) 04/12 21:37:33 Image size of job updated: 28768896
	10575  -  MemoryUsage of job (MB)
	10828388  -  ResidentSetSize of job (KB)
...
006 (9627190.000.000) 04/12 21:42:33 Image size of job updated: 28830884
	10701  -  MemoryUsage of job (MB)
	10957508  -  ResidentSetSize of job (KB)
...
006 (9627190.000.000) 04/12 21:47:33 Image size of job updated: 28899416
	10838  -  MemoryUsage of job (MB)
	11097348  -  ResidentSetSize of job (KB)
...
006 (9627190.000.000) 04/12 21:52:34 Image size of job updated: 28952788
	10946  -  MemoryUsage of job (MB)
	11208336  -  ResidentSetSize of job (KB)
...
006 (9627190.000.000) 04/12 21:57:35 Image size of job updated: 29000396
	11045  -  MemoryUsage of job (MB)
	11309656  -  ResidentSetSize of job (KB)
...
006 (9627190.000.000) 04/12 22:02:35 Image size of job updated: 29049104
	11140  -  MemoryUsage of job (MB)
	11407252  -  ResidentSetSize of job (KB)
...
006 (9627190.000.000) 04/12 22:07:35 Image size of job updated: 29095284
	11140  -  MemoryUsage of job (MB)
	11407260  -  ResidentSetSize of job (KB)
...
006 (9627190.000.000) 04/12 22:12:36 Image size of job updated: 29141600
	11140  -  MemoryUsage of job (MB)
	11407260  -  ResidentSetSize of job (KB)
...
006 (9627190.000.000) 04/12 22:17:37 Image size of job updated: 29188688
	11140  -  MemoryUsage of job (MB)
	11407260  -  ResidentSetSize of job (KB)
...
006 (9627190.000.000) 04/12 22:22:37 Image size of job updated: 29237916
	11140  -  MemoryUsage of job (MB)
	11407260  -  ResidentSetSize of job (KB)
...
006 (9627190.000.000) 04/12 22:27:38 Image size of job updated: 29284616
	11140  -  MemoryUsage of job (MB)
	11407260  -  ResidentSetSize of job (KB)
...
006 (9627190.000.000) 04/12 22:32:39 Image size of job updated: 29340956
	11140  -  MemoryUsage of job (MB)
	11407260  -  ResidentSetSize of job (KB)
...
006 (9627190.000.000) 04/12 22:37:39 Image size of job updated: 29393552
	11140  -  MemoryUsage of job (MB)
	11407260  -  ResidentSetSize of job (KB)
...
006 (9627190.000.000) 04/12 22:42:39 Image size of job updated: 29438248
	11140  -  MemoryUsage of job (MB)
	11407260  -  ResidentSetSize of job (KB)
...
006 (9627190.000.000) 04/12 22:47:40 Image size of job updated: 29488640
	11140  -  MemoryUsage of job (MB)
	11407260  -  ResidentSetSize of job (KB)
...
006 (9627190.000.000) 04/12 22:52:41 Image size of job updated: 29539420
	11140  -  MemoryUsage of job (MB)
	11407260  -  ResidentSetSize of job (KB)
...
006 (9627190.000.000) 04/12 22:57:41 Image size of job updated: 29588648
	11140  -  MemoryUsage of job (MB)
	11407260  -  ResidentSetSize of job (KB)
...
006 (9627190.000.000) 04/12 23:02:42 Image size of job updated: 29635544
	11140  -  MemoryUsage of job (MB)
	11407260  -  ResidentSetSize of job (KB)
...
006 (9627190.000.000) 04/12 23:07:43 Image size of job updated: 29684640
	11140  -  MemoryUsage of job (MB)
	11407260  -  ResidentSetSize of job (KB)
...
006 (9627190.000.000) 04/12 23:12:43 Image size of job updated: 29736716
	11140  -  MemoryUsage of job (MB)
	11407260  -  ResidentSetSize of job (KB)
...
006 (9627190.000.000) 04/12 23:17:43 Image size of job updated: 29792292
	11140  -  MemoryUsage of job (MB)
	11407260  -  ResidentSetSize of job (KB)
...
006 (9627190.000.000) 04/12 23:22:44 Image size of job updated: 29858232
	11140  -  MemoryUsage of job (MB)
	11407260  -  ResidentSetSize of job (KB)
...
006 (9627190.000.000) 04/12 23:27:45 Image size of job updated: 29918860
	11140  -  MemoryUsage of job (MB)
	11407260  -  ResidentSetSize of job (KB)
...
006 (9627190.000.000) 04/12 23:32:45 Image size of job updated: 31162116
	11140  -  MemoryUsage of job (MB)
	11407260  -  ResidentSetSize of job (KB)
...
006 (9627190.000.000) 04/12 23:37:46 Image size of job updated: 31223908
	11140  -  MemoryUsage of job (MB)
	11407260  -  ResidentSetSize of job (KB)
...
006 (9627190.000.000) 04/12 23:42:47 Image size of job updated: 31287772
	11140  -  MemoryUsage of job (MB)
	11407260  -  ResidentSetSize of job (KB)
...
006 (9627190.000.000) 04/12 23:47:47 Image size of job updated: 31347884
	11140  -  MemoryUsage of job (MB)
	11407260  -  ResidentSetSize of job (KB)
...
006 (9627190.000.000) 04/12 23:52:47 Image size of job updated: 31411492
	11140  -  MemoryUsage of job (MB)
	11407260  -  ResidentSetSize of job (KB)
...
006 (9627190.000.000) 04/12 23:57:48 Image size of job updated: 31471732
	11140  -  MemoryUsage of job (MB)
	11407260  -  ResidentSetSize of job (KB)
...
006 (9627190.000.000) 04/13 00:02:49 Image size of job updated: 31535596
	11140  -  MemoryUsage of job (MB)
	11407260  -  ResidentSetSize of job (KB)
...
006 (9627190.000.000) 04/13 00:07:49 Image size of job updated: 31594796
	11140  -  MemoryUsage of job (MB)
	11407260  -  ResidentSetSize of job (KB)
...
006 (9627190.000.000) 04/13 00:12:49 Image size of job updated: 31654516
	11140  -  MemoryUsage of job (MB)
	11407260  -  ResidentSetSize of job (KB)
...
006 (9627190.000.000) 04/13 00:17:50 Image size of job updated: 31718384
	11140  -  MemoryUsage of job (MB)
	11407260  -  ResidentSetSize of job (KB)
...
006 (9627190.000.000) 04/13 00:22:50 Image size of job updated: 31777460
	11140  -  MemoryUsage of job (MB)
	11407260  -  ResidentSetSize of job (KB)
...
006 (9627190.000.000) 04/13 00:27:50 Image size of job updated: 31842488
	11140  -  MemoryUsage of job (MB)
	11407260  -  ResidentSetSize of job (KB)
...
006 (9627190.000.000) 04/13 00:32:51 Image size of job updated: 31903248
	11140  -  MemoryUsage of job (MB)
	11407260  -  ResidentSetSize of job (KB)
...
006 (9627190.000.000) 04/13 00:37:52 Image size of job updated: 31969184
	11140  -  MemoryUsage of job (MB)
	11407260  -  ResidentSetSize of job (KB)
...
006 (9627190.000.000) 04/13 00:42:52 Image size of job updated: 32023464
	11140  -  MemoryUsage of job (MB)
	11407260  -  ResidentSetSize of job (KB)
...
006 (9627190.000.000) 04/13 00:47:53 Image size of job updated: 32072172
	11140  -  MemoryUsage of job (MB)
	11407260  -  ResidentSetSize of job (KB)
...
006 (9627190.000.000) 04/13 00:52:54 Image size of job updated: 32126064
	11140  -  MemoryUsage of job (MB)
	11407260  -  ResidentSetSize of job (KB)
...
006 (9627190.000.000) 04/13 00:57:54 Image size of job updated: 32182028
	11140  -  MemoryUsage of job (MB)
	11407260  -  ResidentSetSize of job (KB)
...
006 (9627190.000.000) 04/13 01:02:54 Image size of job updated: 32236696
	11140  -  MemoryUsage of job (MB)
	11407260  -  ResidentSetSize of job (KB)
...
006 (9627190.000.000) 04/13 01:07:55 Image size of job updated: 32288384
	11140  -  MemoryUsage of job (MB)
	11407260  -  ResidentSetSize of job (KB)
...
006 (9627190.000.000) 04/13 01:12:56 Image size of job updated: 32340460
	11140  -  MemoryUsage of job (MB)
	11407260  -  ResidentSetSize of job (KB)
...
006 (9627190.000.000) 04/13 01:17:56 Image size of job updated: 32386972
	11140  -  MemoryUsage of job (MB)
	11407260  -  ResidentSetSize of job (KB)
...
006 (9627190.000.000) 04/13 01:22:57 Image size of job updated: 32437884
	11140  -  MemoryUsage of job (MB)
	11407260  -  ResidentSetSize of job (KB)
...
006 (9627190.000.000) 04/13 01:27:58 Image size of job updated: 32488276
	11140  -  MemoryUsage of job (MB)
	11407260  -  ResidentSetSize of job (KB)
...
006 (9627190.000.000) 04/13 01:32:58 Image size of job updated: 32532064
	11140  -  MemoryUsage of job (MB)
	11407260  -  ResidentSetSize of job (KB)
...
006 (9627190.000.000) 04/13 01:37:58 Image size of job updated: 32583364
	11140  -  MemoryUsage of job (MB)
	11407260  -  ResidentSetSize of job (KB)
...
006 (9627190.000.000) 04/13 01:42:59 Image size of job updated: 32634664
	11140  -  MemoryUsage of job (MB)
	11407260  -  ResidentSetSize of job (KB)
...
006 (9627190.000.000) 04/13 01:47:59 Image size of job updated: 32686484
	11140  -  MemoryUsage of job (MB)
	11407260  -  ResidentSetSize of job (KB)
...
006 (9627190.000.000) 04/13 01:52:59 Image size of job updated: 32738172
	11140  -  MemoryUsage of job (MB)
	11407260  -  ResidentSetSize of job (KB)
...
006 (9627190.000.000) 04/13 01:58:01 Image size of job updated: 32794212
	11140  -  MemoryUsage of job (MB)
	11407260  -  ResidentSetSize of job (KB)
...
006 (9627190.000.000) 04/13 02:03:01 Image size of job updated: 32840724
	11140  -  MemoryUsage of job (MB)
	11407260  -  ResidentSetSize of job (KB)
...
006 (9627190.000.000) 04/13 02:08:01 Image size of job updated: 32887876
	11140  -  MemoryUsage of job (MB)
	11407260  -  ResidentSetSize of job (KB)
...
006 (9627190.000.000) 04/13 02:13:02 Image size of job updated: 32952520
	11140  -  MemoryUsage of job (MB)
	11407260  -  ResidentSetSize of job (KB)
...
006 (9627190.000.000) 04/13 02:18:03 Image size of job updated: 33015476
	11140  -  MemoryUsage of job (MB)
	11407260  -  ResidentSetSize of job (KB)
...
006 (9627190.000.000) 04/13 02:23:03 Image size of job updated: 33064580
	11140  -  MemoryUsage of job (MB)
	11407260  -  ResidentSetSize of job (KB)
...
006 (9627190.000.000) 04/13 02:28:03 Image size of job updated: 33119760
	11140  -  MemoryUsage of job (MB)
	11407260  -  ResidentSetSize of job (KB)
...
006 (9627190.000.000) 04/13 02:33:04 Image size of job updated: 33174304
	11140  -  MemoryUsage of job (MB)
	11407260  -  ResidentSetSize of job (KB)
...
006 (9627190.000.000) 04/13 02:38:05 Image size of job updated: 33231044
	11140  -  MemoryUsage of job (MB)
	11407260  -  ResidentSetSize of job (KB)
...
006 (9627190.000.000) 04/13 02:43:05 Image size of job updated: 33277812
	11140  -  MemoryUsage of job (MB)
	11407260  -  ResidentSetSize of job (KB)
...
006 (9627190.000.000) 04/13 02:48:06 Image size of job updated: 33333512
	11140  -  MemoryUsage of job (MB)
	11407260  -  ResidentSetSize of job (KB)
...
006 (9627190.000.000) 04/13 02:53:07 Image size of job updated: 33379116
	11140  -  MemoryUsage of job (MB)
	11407260  -  ResidentSetSize of job (KB)
...
006 (9627190.000.000) 04/13 02:58:07 Image size of job updated: 33425880
	11140  -  MemoryUsage of job (MB)
	11407260  -  ResidentSetSize of job (KB)
...
006 (9627190.000.000) 04/13 03:03:07 Image size of job updated: 33481196
	11140  -  MemoryUsage of job (MB)
	11407260  -  ResidentSetSize of job (KB)
...
006 (9627190.000.000) 04/13 03:08:09 Image size of job updated: 33528348
	11140  -  MemoryUsage of job (MB)
	11407260  -  ResidentSetSize of job (KB)
...
006 (9627190.000.000) 04/13 03:13:09 Image size of job updated: 33584704
	11140  -  MemoryUsage of job (MB)
	11407260  -  ResidentSetSize of job (KB)
...
006 (9627190.000.000) 04/13 03:18:09 Image size of job updated: 33636132
	11140  -  MemoryUsage of job (MB)
	11407260  -  ResidentSetSize of job (KB)
...
006 (9627190.000.000) 04/13 03:23:10 Image size of job updated: 33698704
	11140  -  MemoryUsage of job (MB)
	11407260  -  ResidentSetSize of job (KB)
...
006 (9627190.000.000) 04/13 03:28:11 Image size of job updated: 36116424
	11140  -  MemoryUsage of job (MB)
	11407260  -  ResidentSetSize of job (KB)
...
006 (9627190.000.000) 04/13 03:33:11 Image size of job updated: 36169020
	11140  -  MemoryUsage of job (MB)
	11407260  -  ResidentSetSize of job (KB)
...
006 (9627190.000.000) 04/13 03:38:12 Image size of job updated: 36228740
	11140  -  MemoryUsage of job (MB)
	11407260  -  ResidentSetSize of job (KB)
...
006 (9627190.000.000) 04/13 03:43:13 Image size of job updated: 36279396
	11140  -  MemoryUsage of job (MB)
	11407260  -  ResidentSetSize of job (KB)
...
006 (9627190.000.000) 04/13 03:48:13 Image size of job updated: 36337168
	11140  -  MemoryUsage of job (MB)
	11407260  -  ResidentSetSize of job (KB)
...
006 (9627190.000.000) 04/13 03:53:13 Image size of job updated: 36384456
	11140  -  MemoryUsage of job (MB)
	11407260  -  ResidentSetSize of job (KB)
...
006 (9627190.000.000) 04/13 03:58:15 Image size of job updated: 36438472
	11140  -  MemoryUsage of job (MB)
	11407260  -  ResidentSetSize of job (KB)
...
006 (9627190.000.000) 04/13 04:03:15 Image size of job updated: 36484464
	11140  -  MemoryUsage of job (MB)
	11407260  -  ResidentSetSize of job (KB)
...
006 (9627190.000.000) 04/13 04:08:15 Image size of job updated: 36530972
	11140  -  MemoryUsage of job (MB)
	11407260  -  ResidentSetSize of job (KB)
...
006 (9627190.000.000) 04/13 04:13:16 Image size of job updated: 36584604
	11140  -  MemoryUsage of job (MB)
	11407260  -  ResidentSetSize of job (KB)
...
006 (9627190.000.000) 04/13 04:18:17 Image size of job updated: 36631368
	11140  -  MemoryUsage of job (MB)
	11407260  -  ResidentSetSize of job (KB)
...
006 (9627190.000.000) 04/13 04:23:17 Image size of job updated: 36679432
	11140  -  MemoryUsage of job (MB)
	11407260  -  ResidentSetSize of job (KB)
...
006 (9627190.000.000) 04/13 04:28:17 Image size of job updated: 36734744
	11140  -  MemoryUsage of job (MB)
	11407260  -  ResidentSetSize of job (KB)
...
006 (9627190.000.000) 04/13 04:33:18 Image size of job updated: 36784492
	11140  -  MemoryUsage of job (MB)
	11407260  -  ResidentSetSize of job (KB)
...
006 (9627190.000.000) 04/13 04:38:18 Image size of job updated: 36843692
	11140  -  MemoryUsage of job (MB)
	11407260  -  ResidentSetSize of job (KB)
...
006 (9627190.000.000) 04/13 04:43:18 Image size of job updated: 36893440
	11140  -  MemoryUsage of job (MB)
	11407260  -  ResidentSetSize of job (KB)
...
006 (9627190.000.000) 04/13 04:48:19 Image size of job updated: 36952120
	11140  -  MemoryUsage of job (MB)
	11407260  -  ResidentSetSize of job (KB)
...
006 (9627190.000.000) 04/13 04:53:20 Image size of job updated: 37011324
	11140  -  MemoryUsage of job (MB)
	11407260  -  ResidentSetSize of job (KB)
...
006 (9627190.000.000) 04/13 04:58:20 Image size of job updated: 37061200
	11140  -  MemoryUsage of job (MB)
	11407260  -  ResidentSetSize of job (KB)
...
006 (9627190.000.000) 04/13 05:03:21 Image size of job updated: 37120404
	11140  -  MemoryUsage of job (MB)
	11407260  -  ResidentSetSize of job (KB)
...
006 (9627190.000.000) 04/13 05:08:22 Image size of job updated: 37170668
	11140  -  MemoryUsage of job (MB)
	11407260  -  ResidentSetSize of job (KB)
...
006 (9627190.000.000) 04/13 05:13:22 Image size of job updated: 37226760
	11140  -  MemoryUsage of job (MB)
	11407260  -  ResidentSetSize of job (KB)
...
006 (9627190.000.000) 04/13 05:18:22 Image size of job updated: 37279872
	11140  -  MemoryUsage of job (MB)
	11407260  -  ResidentSetSize of job (KB)
...
006 (9627190.000.000) 04/13 05:23:23 Image size of job updated: 37338432
	11140  -  MemoryUsage of job (MB)
	11407260  -  ResidentSetSize of job (KB)
...
006 (9627190.000.000) 04/13 05:28:23 Image size of job updated: 37391412
	11140  -  MemoryUsage of job (MB)
	11407260  -  ResidentSetSize of job (KB)
...
006 (9627190.000.000) 04/13 05:33:23 Image size of job updated: 37448544
	11140  -  MemoryUsage of job (MB)
	11407260  -  ResidentSetSize of job (KB)
...
006 (9627190.000.000) 04/13 05:38:24 Image size of job updated: 37511500
	11140  -  MemoryUsage of job (MB)
	11407260  -  ResidentSetSize of job (KB)
...
006 (9627190.000.000) 04/13 05:43:25 Image size of job updated: 37561248
	11140  -  MemoryUsage of job (MB)
	11407260  -  ResidentSetSize of job (KB)
...
006 (9627190.000.000) 04/13 05:48:25 Image size of job updated: 37620836
	11140  -  MemoryUsage of job (MB)
	11407260  -  ResidentSetSize of job (KB)
...
006 (9627190.000.000) 04/13 05:53:26 Image size of job updated: 37670716
	11140  -  MemoryUsage of job (MB)
	11407260  -  ResidentSetSize of job (KB)
...
006 (9627190.000.000) 04/13 05:58:27 Image size of job updated: 37730824
	11140  -  MemoryUsage of job (MB)
	11407260  -  ResidentSetSize of job (KB)
...
006 (9627190.000.000) 04/13 06:03:27 Image size of job updated: 37780440
	11140  -  MemoryUsage of job (MB)
	11407260  -  ResidentSetSize of job (KB)
...
006 (9627190.000.000) 04/13 06:08:27 Image size of job updated: 37841456
	11140  -  MemoryUsage of job (MB)
	11407260  -  ResidentSetSize of job (KB)
...
006 (9627190.000.000) 04/13 06:13:28 Image size of job updated: 37904412
	11140  -  MemoryUsage of job (MB)
	11407260  -  ResidentSetSize of job (KB)
...
006 (9627190.000.000) 04/13 06:18:28 Image size of job updated: 37953772
	11140  -  MemoryUsage of job (MB)
	11407260  -  ResidentSetSize of job (KB)
...
006 (9627190.000.000) 04/13 06:23:28 Image size of job updated: 38018024
	11140  -  MemoryUsage of job (MB)
	11407260  -  ResidentSetSize of job (KB)
...
006 (9627190.000.000) 04/13 06:28:30 Image size of job updated: 38071916
	11140  -  MemoryUsage of job (MB)
	11407260  -  ResidentSetSize of job (KB)
...
006 (9627190.000.000) 04/13 06:33:30 Image size of job updated: 38135524
	11140  -  MemoryUsage of job (MB)
	11407260  -  ResidentSetSize of job (KB)
...
006 (9627190.000.000) 04/13 06:38:30 Image size of job updated: 38196412
	11140  -  MemoryUsage of job (MB)
	11407260  -  ResidentSetSize of job (KB)
...
006 (9627190.000.000) 04/13 06:43:31 Image size of job updated: 38264552
	11140  -  MemoryUsage of job (MB)
	11407260  -  ResidentSetSize of job (KB)
...
006 (9627190.000.000) 04/13 06:48:32 Image size of job updated: 38315464
	11140  -  MemoryUsage of job (MB)
	11407260  -  ResidentSetSize of job (KB)
...
006 (9627190.000.000) 04/13 06:53:32 Image size of job updated: 38378552
	11140  -  MemoryUsage of job (MB)
	11407260  -  ResidentSetSize of job (KB)
...
006 (9627190.000.000) 04/13 06:58:32 Image size of job updated: 38442420
	11140  -  MemoryUsage of job (MB)
	11407260  -  ResidentSetSize of job (KB)
...
006 (9627190.000.000) 04/13 07:03:33 Image size of job updated: 38501104
	11140  -  MemoryUsage of job (MB)
	11407260  -  ResidentSetSize of job (KB)
...
006 (9627190.000.000) 04/13 07:08:34 Image size of job updated: 38569116
	11140  -  MemoryUsage of job (MB)
	11407260  -  ResidentSetSize of job (KB)
...
006 (9627190.000.000) 04/13 07:13:34 Image size of job updated: 38635184
	11140  -  MemoryUsage of job (MB)
	11407260  -  ResidentSetSize of job (KB)
...
006 (9627190.000.000) 04/13 07:18:34 Image size of job updated: 38699048
	11140  -  MemoryUsage of job (MB)
	11407260  -  ResidentSetSize of job (KB)
...
006 (9627190.000.000) 04/13 07:23:35 Image size of job updated: 38752164
	11140  -  MemoryUsage of job (MB)
	11407260  -  ResidentSetSize of job (KB)
...
006 (9627190.000.000) 04/13 07:28:36 Image size of job updated: 38814344
	11140  -  MemoryUsage of job (MB)
	11407260  -  ResidentSetSize of job (KB)
...
006 (9627190.000.000) 04/13 07:33:36 Image size of job updated: 38874456
	11140  -  MemoryUsage of job (MB)
	11407260  -  ResidentSetSize of job (KB)
...
006 (9627190.000.000) 04/13 07:38:36 Image size of job updated: 38925496
	11140  -  MemoryUsage of job (MB)
	11407260  -  ResidentSetSize of job (KB)
...
006 (9627190.000.000) 04/13 07:43:37 Image size of job updated: 38984048
	11140  -  MemoryUsage of job (MB)
	11407260  -  ResidentSetSize of job (KB)
...
006 (9627190.000.000) 04/13 07:48:37 Image size of job updated: 39031464
	11140  -  MemoryUsage of job (MB)
	11407260  -  ResidentSetSize of job (KB)
...
006 (9627190.000.000) 04/13 07:53:37 Image size of job updated: 39090016
	11140  -  MemoryUsage of job (MB)
	11407260  -  ResidentSetSize of job (KB)
...
006 (9627190.000.000) 04/13 07:58:38 Image size of job updated: 39140280
	11140  -  MemoryUsage of job (MB)
	11407260  -  ResidentSetSize of job (KB)
...
006 (9627190.000.000) 04/13 08:03:39 Image size of job updated: 39199616
	11140  -  MemoryUsage of job (MB)
	11407260  -  ResidentSetSize of job (KB)
...
006 (9627190.000.000) 04/13 08:08:39 Image size of job updated: 39250656
	11140  -  MemoryUsage of job (MB)
	11407260  -  ResidentSetSize of job (KB)
...
006 (9627190.000.000) 04/13 08:13:39 Image size of job updated: 39310636
	11140  -  MemoryUsage of job (MB)
	11407260  -  ResidentSetSize of job (KB)
...
006 (9627190.000.000) 04/13 08:18:40 Image size of job updated: 39360768
	11140  -  MemoryUsage of job (MB)
	11407260  -  ResidentSetSize of job (KB)
...
006 (9627190.000.000) 04/13 08:23:40 Image size of job updated: 39421136
	11140  -  MemoryUsage of job (MB)
	11407260  -  ResidentSetSize of job (KB)
...
006 (9627190.000.000) 04/13 08:28:40 Image size of job updated: 39484224
	11140  -  MemoryUsage of job (MB)
	11407260  -  ResidentSetSize of job (KB)
...
006 (9627190.000.000) 04/13 08:33:41 Image size of job updated: 39537728
	11140  -  MemoryUsage of job (MB)
	11407260  -  ResidentSetSize of job (KB)
...
006 (9627190.000.000) 04/13 08:38:42 Image size of job updated: 39592396
	11140  -  MemoryUsage of job (MB)
	11407260  -  ResidentSetSize of job (KB)
...
006 (9627190.000.000) 04/13 08:43:42 Image size of job updated: 39636052
	11140  -  MemoryUsage of job (MB)
	11407260  -  ResidentSetSize of job (KB)
...
006 (9627190.000.000) 04/13 08:48:42 Image size of job updated: 39681652
	11140  -  MemoryUsage of job (MB)
	11407260  -  ResidentSetSize of job (KB)
...
006 (9627190.000.000) 04/13 08:53:43 Image size of job updated: 39743608
	11140  -  MemoryUsage of job (MB)
	11407260  -  ResidentSetSize of job (KB)
...
006 (9627190.000.000) 04/13 08:58:43 Image size of job updated: 39782604
	11140  -  MemoryUsage of job (MB)
	11407260  -  ResidentSetSize of job (KB)
...
006 (9627190.000.000) 04/13 09:03:43 Image size of job updated: 39837140
	11140  -  MemoryUsage of job (MB)
	11407260  -  ResidentSetSize of job (KB)
...
006 (9627190.000.000) 04/13 09:08:44 Image size of job updated: 39889084
	11140  -  MemoryUsage of job (MB)
	11407260  -  ResidentSetSize of job (KB)
...
006 (9627190.000.000) 04/13 09:13:45 Image size of job updated: 39926916
	11140  -  MemoryUsage of job (MB)
	11407260  -  ResidentSetSize of job (KB)
...
006 (9627190.000.000) 04/13 09:18:45 Image size of job updated: 39981456
	11140  -  MemoryUsage of job (MB)
	11407260  -  ResidentSetSize of job (KB)
...
006 (9627190.000.000) 04/13 09:23:46 Image size of job updated: 40035860
	11140  -  MemoryUsage of job (MB)
	11407260  -  ResidentSetSize of job (KB)
...
006 (9627190.000.000) 04/13 09:28:47 Image size of job updated: 40070324
	11140  -  MemoryUsage of job (MB)
	11407260  -  ResidentSetSize of job (KB)
...
006 (9627190.000.000) 04/13 09:33:47 Image size of job updated: 40122268
	11140  -  MemoryUsage of job (MB)
	11407260  -  ResidentSetSize of job (KB)
...
006 (9627190.000.000) 04/13 09:38:47 Image size of job updated: 40176808
	11140  -  MemoryUsage of job (MB)
	11407260  -  ResidentSetSize of job (KB)
...
006 (9627190.000.000) 04/13 09:43:48 Image size of job updated: 40212956
	11140  -  MemoryUsage of job (MB)
	11407260  -  ResidentSetSize of job (KB)
...
006 (9627190.000.000) 04/13 09:48:49 Image size of job updated: 40263604
	11140  -  MemoryUsage of job (MB)
	11407260  -  ResidentSetSize of job (KB)
...
006 (9627190.000.000) 04/13 09:53:49 Image size of job updated: 40318916
	11140  -  MemoryUsage of job (MB)
	11407260  -  ResidentSetSize of job (KB)
...
006 (9627190.000.000) 04/13 09:58:50 Image size of job updated: 40358044
	11140  -  MemoryUsage of job (MB)
	11407260  -  ResidentSetSize of job (KB)
...
006 (9627190.000.000) 04/13 10:03:51 Image size of job updated: 40417116
	11140  -  MemoryUsage of job (MB)
	11407260  -  ResidentSetSize of job (KB)
...
006 (9627190.000.000) 04/13 10:08:51 Image size of job updated: 40470876
	11140  -  MemoryUsage of job (MB)
	11407260  -  ResidentSetSize of job (KB)
...
006 (9627190.000.000) 04/13 10:13:51 Image size of job updated: 40528004
	11140  -  MemoryUsage of job (MB)
	11407260  -  ResidentSetSize of job (KB)
...
006 (9627190.000.000) 04/13 10:18:52 Image size of job updated: 40569980
	11140  -  MemoryUsage of job (MB)
	11407260  -  ResidentSetSize of job (KB)
...
006 (9627190.000.000) 04/13 10:25:21 Image size of job updated: 40628276
	11140  -  MemoryUsage of job (MB)
	11407260  -  ResidentSetSize of job (KB)
...
006 (9627190.000.000) 04/13 10:29:47 Image size of job updated: 40689680
	11140  -  MemoryUsage of job (MB)
	11407260  -  ResidentSetSize of job (KB)
...
006 (9627190.000.000) 04/13 10:34:48 Image size of job updated: 40745124
	11140  -  MemoryUsage of job (MB)
	11407260  -  ResidentSetSize of job (KB)
...
006 (9627190.000.000) 04/13 10:39:48 Image size of job updated: 40786580
	11140  -  MemoryUsage of job (MB)
	11407260  -  ResidentSetSize of job (KB)
...
006 (9627190.000.000) 04/13 10:44:48 Image size of job updated: 40842028
	11140  -  MemoryUsage of job (MB)
	11407260  -  ResidentSetSize of job (KB)
...
006 (9627190.000.000) 04/13 10:49:49 Image size of job updated: 40897340
	11140  -  MemoryUsage of job (MB)
	11407260  -  ResidentSetSize of job (KB)
...
006 (9627190.000.000) 04/13 10:54:49 Image size of job updated: 40954856
	11140  -  MemoryUsage of job (MB)
	11407260  -  ResidentSetSize of job (KB)
...
006 (9627190.000.000) 04/13 10:59:49 Image size of job updated: 41003700
	11140  -  MemoryUsage of job (MB)
	11407260  -  ResidentSetSize of job (KB)
...
006 (9627190.000.000) 04/13 11:04:50 Image size of job updated: 41067048
	11248  -  MemoryUsage of job (MB)
	11517888  -  ResidentSetSize of job (KB)
...
006 (9627190.000.000) 04/13 11:09:51 Image size of job updated: 41128840
	11388  -  MemoryUsage of job (MB)
	11660504  -  ResidentSetSize of job (KB)
...
006 (9627190.000.000) 04/13 11:14:51 Image size of job updated: 41191928
	11531  -  MemoryUsage of job (MB)
	11807348  -  ResidentSetSize of job (KB)
...
006 (9627190.000.000) 04/13 11:19:51 Image size of job updated: 45971796
	11668  -  MemoryUsage of job (MB)
	11947456  -  ResidentSetSize of job (KB)
...
006 (9627190.000.000) 04/13 11:24:53 Image size of job updated: 46033976
	11808  -  MemoryUsage of job (MB)
	12091124  -  ResidentSetSize of job (KB)
...
006 (9627190.000.000) 04/13 11:29:53 Image size of job updated: 46079320
	11947  -  MemoryUsage of job (MB)
	12233412  -  ResidentSetSize of job (KB)
...
006 (9627190.000.000) 04/13 11:34:53 Image size of job updated: 46142664
	12091  -  MemoryUsage of job (MB)
	12380628  -  ResidentSetSize of job (KB)
...
006 (9627190.000.000) 04/13 11:39:54 Image size of job updated: 46209124
	12245  -  MemoryUsage of job (MB)
	12537860  -  ResidentSetSize of job (KB)
...
006 (9627190.000.000) 04/13 11:44:55 Image size of job updated: 46274804
	12404  -  MemoryUsage of job (MB)
	12700696  -  ResidentSetSize of job (KB)
...
006 (9627190.000.000) 04/13 11:49:55 Image size of job updated: 46344108
	12564  -  MemoryUsage of job (MB)
	12865368  -  ResidentSetSize of job (KB)
...
006 (9627190.000.000) 04/13 11:54:55 Image size of job updated: 46412772
	12726  -  MemoryUsage of job (MB)
	13030448  -  ResidentSetSize of job (KB)
...
006 (9627190.000.000) 04/13 11:59:57 Image size of job updated: 46480780
	12885  -  MemoryUsage of job (MB)
	13193380  -  ResidentSetSize of job (KB)
...
006 (9627190.000.000) 04/13 12:04:57 Image size of job updated: 46548400
	13038  -  MemoryUsage of job (MB)
	13349916  -  ResidentSetSize of job (KB)
...
006 (9627190.000.000) 04/13 12:09:57 Image size of job updated: 46615380
	13195  -  MemoryUsage of job (MB)
	13511660  -  ResidentSetSize of job (KB)
...
006 (9627190.000.000) 04/13 12:14:58 Image size of job updated: 46683908
	13354  -  MemoryUsage of job (MB)
	13674408  -  ResidentSetSize of job (KB)
...
006 (9627190.000.000) 04/13 12:19:59 Image size of job updated: 46752436
	13514  -  MemoryUsage of job (MB)
	13838292  -  ResidentSetSize of job (KB)
...
006 (9627190.000.000) 04/13 12:24:59 Image size of job updated: 46821356
	13675  -  MemoryUsage of job (MB)
	14002708  -  ResidentSetSize of job (KB)
...
006 (9627190.000.000) 04/13 12:29:59 Image size of job updated: 46890404
	13837  -  MemoryUsage of job (MB)
	14168592  -  ResidentSetSize of job (KB)
...
006 (9627190.000.000) 04/13 12:35:00 Image size of job updated: 46959320
	13998  -  MemoryUsage of job (MB)
	14333868  -  ResidentSetSize of job (KB)
...
006 (9627190.000.000) 04/13 12:40:01 Image size of job updated: 47011144
	14156  -  MemoryUsage of job (MB)
	14495464  -  ResidentSetSize of job (KB)
...
006 (9627190.000.000) 04/13 12:45:02 Image size of job updated: 47079932
	14316  -  MemoryUsage of job (MB)
	14659076  -  ResidentSetSize of job (KB)
...
006 (9627190.000.000) 04/13 12:50:02 Image size of job updated: 47147684
	14472  -  MemoryUsage of job (MB)
	14818632  -  ResidentSetSize of job (KB)
...
006 (9627190.000.000) 04/13 12:55:02 Image size of job updated: 47214528
	14626  -  MemoryUsage of job (MB)
	14976596  -  ResidentSetSize of job (KB)
...
006 (9627190.000.000) 04/13 13:00:03 Image size of job updated: 47282672
	14784  -  MemoryUsage of job (MB)
	15138724  -  ResidentSetSize of job (KB)
...
006 (9627190.000.000) 04/13 13:05:04 Image size of job updated: 47351068
	14944  -  MemoryUsage of job (MB)
	15301872  -  ResidentSetSize of job (KB)
...
006 (9627190.000.000) 04/13 13:10:04 Image size of job updated: 47418820
	15101  -  MemoryUsage of job (MB)
	15462856  -  ResidentSetSize of job (KB)
...
006 (9627190.000.000) 04/13 13:15:05 Image size of job updated: 47487352
	15260  -  MemoryUsage of job (MB)
	15626052  -  ResidentSetSize of job (KB)
...
006 (9627190.000.000) 04/13 13:20:06 Image size of job updated: 47555624
	15419  -  MemoryUsage of job (MB)
	15788724  -  ResidentSetSize of job (KB)
...
006 (9627190.000.000) 04/13 13:25:06 Image size of job updated: 47621428
	15578  -  MemoryUsage of job (MB)
	15950860  -  ResidentSetSize of job (KB)
...
006 (9627190.000.000) 04/13 13:30:06 Image size of job updated: 47690348
	15733  -  MemoryUsage of job (MB)
	16109960  -  ResidentSetSize of job (KB)
...
006 (9627190.000.000) 04/13 13:35:07 Image size of job updated: 47757324
	15894  -  MemoryUsage of job (MB)
	16274636  -  ResidentSetSize of job (KB)
...
006 (9627190.000.000) 04/13 13:40:08 Image size of job updated: 47827152
	16051  -  MemoryUsage of job (MB)
	16435516  -  ResidentSetSize of job (KB)
...
006 (9627190.000.000) 04/13 13:45:09 Image size of job updated: 47893476
	16208  -  MemoryUsage of job (MB)
	16596168  -  ResidentSetSize of job (KB)
...
006 (9627190.000.000) 04/13 13:50:09 Image size of job updated: 47961228
	16364  -  MemoryUsage of job (MB)
	16756608  -  ResidentSetSize of job (KB)
...
006 (9627190.000.000) 04/13 13:55:10 Image size of job updated: 48009940
	16513  -  MemoryUsage of job (MB)
	16908472  -  ResidentSetSize of job (KB)
...
006 (9627190.000.000) 04/13 14:00:11 Image size of job updated: 48071348
	16513  -  MemoryUsage of job (MB)
	16908472  -  ResidentSetSize of job (KB)
...
006 (9627190.000.000) 04/13 14:05:11 Image size of job updated: 48133396
	16513  -  MemoryUsage of job (MB)
	16908472  -  ResidentSetSize of job (KB)
...
006 (9627190.000.000) 04/13 14:10:11 Image size of job updated: 48197392
	16513  -  MemoryUsage of job (MB)
	16908472  -  ResidentSetSize of job (KB)
...
006 (9627190.000.000) 04/13 14:15:12 Image size of job updated: 48259576
	16513  -  MemoryUsage of job (MB)
	16908472  -  ResidentSetSize of job (KB)
...
006 (9627190.000.000) 04/13 14:20:13 Image size of job updated: 48316572
	16513  -  MemoryUsage of job (MB)
	16908472  -  ResidentSetSize of job (KB)
...
006 (9627190.000.000) 04/13 14:25:13 Image size of job updated: 48357252
	16513  -  MemoryUsage of job (MB)
	16908472  -  ResidentSetSize of job (KB)
...
006 (9627190.000.000) 04/13 14:30:14 Image size of job updated: 48411920
	16513  -  MemoryUsage of job (MB)
	16908472  -  ResidentSetSize of job (KB)
...
006 (9627190.000.000) 04/13 14:35:15 Image size of job updated: 48468012
	16513  -  MemoryUsage of job (MB)
	16908472  -  ResidentSetSize of job (KB)
...
006 (9627190.000.000) 04/13 14:40:15 Image size of job updated: 48507528
	16513  -  MemoryUsage of job (MB)
	16908472  -  ResidentSetSize of job (KB)
...
006 (9627190.000.000) 04/13 14:45:15 Image size of job updated: 48562840
	16513  -  MemoryUsage of job (MB)
	16908472  -  ResidentSetSize of job (KB)
...
006 (9627190.000.000) 04/13 14:50:16 Image size of job updated: 48619580
	16513  -  MemoryUsage of job (MB)
	16908472  -  ResidentSetSize of job (KB)
...
006 (9627190.000.000) 04/13 14:55:17 Image size of job updated: 48674120
	16513  -  MemoryUsage of job (MB)
	16908472  -  ResidentSetSize of job (KB)
...
006 (9627190.000.000) 04/13 15:00:17 Image size of job updated: 48714412
	16513  -  MemoryUsage of job (MB)
	16908472  -  ResidentSetSize of job (KB)
...
006 (9627190.000.000) 04/13 15:05:17 Image size of job updated: 48772316
	16513  -  MemoryUsage of job (MB)
	16908472  -  ResidentSetSize of job (KB)
...
006 (9627190.000.000) 04/13 15:10:18 Image size of job updated: 48830352
	16513  -  MemoryUsage of job (MB)
	16908472  -  ResidentSetSize of job (KB)
...
006 (9627190.000.000) 04/13 15:15:18 Image size of job updated: 48871032
	16513  -  MemoryUsage of job (MB)
	16908472  -  ResidentSetSize of job (KB)
...
006 (9627190.000.000) 04/13 15:20:18 Image size of job updated: 48928032
	16513  -  MemoryUsage of job (MB)
	16908472  -  ResidentSetSize of job (KB)
...
006 (9627190.000.000) 04/13 15:25:19 Image size of job updated: 48985160
	16513  -  MemoryUsage of job (MB)
	16908472  -  ResidentSetSize of job (KB)
...
006 (9627190.000.000) 04/13 15:30:20 Image size of job updated: 49040084
	16513  -  MemoryUsage of job (MB)
	16908472  -  ResidentSetSize of job (KB)
...
006 (9627190.000.000) 04/13 15:35:20 Image size of job updated: 49084264
	16513  -  MemoryUsage of job (MB)
	16908472  -  ResidentSetSize of job (KB)
...
006 (9627190.000.000) 04/13 15:40:21 Image size of job updated: 49140100
	16513  -  MemoryUsage of job (MB)
	16908472  -  ResidentSetSize of job (KB)
...
006 (9627190.000.000) 04/13 15:45:22 Image size of job updated: 49194504
	16513  -  MemoryUsage of job (MB)
	16908472  -  ResidentSetSize of job (KB)
...
006 (9627190.000.000) 04/13 15:50:22 Image size of job updated: 49249560
	16513  -  MemoryUsage of job (MB)
	16908472  -  ResidentSetSize of job (KB)
...
006 (9627190.000.000) 04/13 15:55:22 Image size of job updated: 49286352
	16513  -  MemoryUsage of job (MB)
	16908472  -  ResidentSetSize of job (KB)
...
006 (9627190.000.000) 04/13 16:00:23 Image size of job updated: 49342576
	16513  -  MemoryUsage of job (MB)
	16908472  -  ResidentSetSize of job (KB)
...
006 (9627190.000.000) 04/13 16:05:23 Image size of job updated: 49398152
	16513  -  MemoryUsage of job (MB)
	16908472  -  ResidentSetSize of job (KB)
...
006 (9627190.000.000) 04/13 16:10:23 Image size of job updated: 49438312
	16513  -  MemoryUsage of job (MB)
	16908472  -  ResidentSetSize of job (KB)
...
006 (9627190.000.000) 04/13 16:15:24 Image size of job updated: 49492460
	16513  -  MemoryUsage of job (MB)
	16908472  -  ResidentSetSize of job (KB)
...
006 (9627190.000.000) 04/13 16:20:25 Image size of job updated: 49549980
	16513  -  MemoryUsage of job (MB)
	16908472  -  ResidentSetSize of job (KB)
...
006 (9627190.000.000) 04/13 16:25:25 Image size of job updated: 49613976
	16513  -  MemoryUsage of job (MB)
	16908472  -  ResidentSetSize of job (KB)
...
006 (9627190.000.000) 04/13 16:30:26 Image size of job updated: 49658024
	16513  -  MemoryUsage of job (MB)
	16908472  -  ResidentSetSize of job (KB)
...
006 (9627190.000.000) 04/13 16:35:27 Image size of job updated: 49714632
	16513  -  MemoryUsage of job (MB)
	16908472  -  ResidentSetSize of job (KB)
...
006 (9627190.000.000) 04/13 16:40:27 Image size of job updated: 49772928
	16513  -  MemoryUsage of job (MB)
	16908472  -  ResidentSetSize of job (KB)
...
006 (9627190.000.000) 04/13 16:45:27 Image size of job updated: 49830444
	16513  -  MemoryUsage of job (MB)
	16908472  -  ResidentSetSize of job (KB)
...
006 (9627190.000.000) 04/13 16:50:28 Image size of job updated: 49868276
	16513  -  MemoryUsage of job (MB)
	16908472  -  ResidentSetSize of job (KB)
...
006 (9627190.000.000) 04/13 16:55:28 Image size of job updated: 49923976
	16513  -  MemoryUsage of job (MB)
	16908472  -  ResidentSetSize of job (KB)
...
006 (9627190.000.000) 04/13 17:00:28 Image size of job updated: 49980200
	16513  -  MemoryUsage of job (MB)
	16908472  -  ResidentSetSize of job (KB)
...
006 (9627190.000.000) 04/13 17:05:29 Image size of job updated: 50036940
	16513  -  MemoryUsage of job (MB)
	16908472  -  ResidentSetSize of job (KB)
...
006 (9627190.000.000) 04/13 17:10:30 Image size of job updated: 50078140
	16513  -  MemoryUsage of job (MB)
	16908472  -  ResidentSetSize of job (KB)
...
006 (9627190.000.000) 04/13 17:15:30 Image size of job updated: 50134228
	16513  -  MemoryUsage of job (MB)
	16908472  -  ResidentSetSize of job (KB)
...
006 (9627190.000.000) 04/13 17:20:31 Image size of job updated: 50190972
	16513  -  MemoryUsage of job (MB)
	16908472  -  ResidentSetSize of job (KB)
...
006 (9627190.000.000) 04/13 17:25:32 Image size of job updated: 50230488
	16513  -  MemoryUsage of job (MB)
	16908472  -  ResidentSetSize of job (KB)
...
006 (9627190.000.000) 04/13 17:30:32 Image size of job updated: 50285280
	16513  -  MemoryUsage of job (MB)
	16908472  -  ResidentSetSize of job (KB)
...
006 (9627190.000.000) 04/13 17:35:32 Image size of job updated: 50342408
	16513  -  MemoryUsage of job (MB)
	16908472  -  ResidentSetSize of job (KB)
...
006 (9627190.000.000) 04/13 17:40:34 Image size of job updated: 50405888
	16513  -  MemoryUsage of job (MB)
	16908472  -  ResidentSetSize of job (KB)
...
006 (9627190.000.000) 04/13 17:45:34 Image size of job updated: 50465476
	16513  -  MemoryUsage of job (MB)
	16908472  -  ResidentSetSize of job (KB)
...
006 (9627190.000.000) 04/13 17:50:34 Image size of job updated: 50506288
	16513  -  MemoryUsage of job (MB)
	16908472  -  ResidentSetSize of job (KB)
...
006 (9627190.000.000) 04/13 17:55:35 Image size of job updated: 50562896
	16513  -  MemoryUsage of job (MB)
	16908472  -  ResidentSetSize of job (KB)
...
006 (9627190.000.000) 04/13 18:00:36 Image size of job updated: 50619252
	16513  -  MemoryUsage of job (MB)
	16908472  -  ResidentSetSize of job (KB)
...
006 (9627190.000.000) 04/13 18:05:36 Image size of job updated: 50659800
	16513  -  MemoryUsage of job (MB)
	16908472  -  ResidentSetSize of job (KB)
...
006 (9627190.000.000) 04/13 18:10:36 Image size of job updated: 50716020
	16513  -  MemoryUsage of job (MB)
	16908472  -  ResidentSetSize of job (KB)
...
006 (9627190.000.000) 04/13 18:15:37 Image size of job updated: 50772760
	16513  -  MemoryUsage of job (MB)
	16908472  -  ResidentSetSize of job (KB)
...
006 (9627190.000.000) 04/13 18:20:37 Image size of job updated: 50830800
	16513  -  MemoryUsage of job (MB)
	16908472  -  ResidentSetSize of job (KB)
...
006 (9627190.000.000) 04/13 18:25:37 Image size of job updated: 50873164
	16513  -  MemoryUsage of job (MB)
	16908472  -  ResidentSetSize of job (KB)
...
006 (9627190.000.000) 04/13 18:30:38 Image size of job updated: 50936508
	16513  -  MemoryUsage of job (MB)
	16908472  -  ResidentSetSize of job (KB)
...
006 (9627190.000.000) 04/13 18:35:38 Image size of job updated: 51000868
	16513  -  MemoryUsage of job (MB)
	16908472  -  ResidentSetSize of job (KB)
...
006 (9627190.000.000) 04/13 18:40:38 Image size of job updated: 51060188
	16513  -  MemoryUsage of job (MB)
	16908472  -  ResidentSetSize of job (KB)
...
006 (9627190.000.000) 04/13 18:45:39 Image size of job updated: 51119776
	16513  -  MemoryUsage of job (MB)
	16908472  -  ResidentSetSize of job (KB)
...
006 (9627190.000.000) 04/13 18:50:40 Image size of job updated: 51183252
	16513  -  MemoryUsage of job (MB)
	16908472  -  ResidentSetSize of job (KB)
...
006 (9627190.000.000) 04/13 18:55:40 Image size of job updated: 51227688
	16513  -  MemoryUsage of job (MB)
	16908472  -  ResidentSetSize of job (KB)
...
006 (9627190.000.000) 04/13 19:00:41 Image size of job updated: 51285728
	16513  -  MemoryUsage of job (MB)
	16908472  -  ResidentSetSize of job (KB)
...
006 (9627190.000.000) 04/13 19:05:42 Image size of job updated: 51347908
	16513  -  MemoryUsage of job (MB)
	16908472  -  ResidentSetSize of job (KB)
...
006 (9627190.000.000) 04/13 19:10:42 Image size of job updated: 51407108
	16513  -  MemoryUsage of job (MB)
	16908472  -  ResidentSetSize of job (KB)
...
006 (9627190.000.000) 04/13 19:15:42 Image size of job updated: 51449084
	16513  -  MemoryUsage of job (MB)
	16908472  -  ResidentSetSize of job (KB)
...
006 (9627190.000.000) 04/13 19:20:43 Image size of job updated: 51510360
	16513  -  MemoryUsage of job (MB)
	16908472  -  ResidentSetSize of job (KB)
...
006 (9627190.000.000) 04/13 19:25:44 Image size of job updated: 51576296
	16513  -  MemoryUsage of job (MB)
	16908472  -  ResidentSetSize of job (KB)
...
006 (9627190.000.000) 04/13 19:30:44 Image size of job updated: 51641068
	16513  -  MemoryUsage of job (MB)
	16908472  -  ResidentSetSize of job (KB)
...
006 (9627190.000.000) 04/13 19:35:45 Image size of job updated: 51705844
	16513  -  MemoryUsage of job (MB)
	16908472  -  ResidentSetSize of job (KB)
...
006 (9627190.000.000) 04/13 19:40:46 Image size of job updated: 51770096
	16513  -  MemoryUsage of job (MB)
	16908472  -  ResidentSetSize of job (KB)
...
006 (9627190.000.000) 04/13 19:45:46 Image size of job updated: 51835644
	16513  -  MemoryUsage of job (MB)
	16908472  -  ResidentSetSize of job (KB)
...
006 (9627190.000.000) 04/13 19:50:46 Image size of job updated: 51899124
	16513  -  MemoryUsage of job (MB)
	16908472  -  ResidentSetSize of job (KB)
...
006 (9627190.000.000) 04/13 19:55:47 Image size of job updated: 51949132
	16513  -  MemoryUsage of job (MB)
	16908472  -  ResidentSetSize of job (KB)
...
006 (9627190.000.000) 04/13 20:00:47 Image size of job updated: 52014680
	16513  -  MemoryUsage of job (MB)
	16908472  -  ResidentSetSize of job (KB)
...
006 (9627190.000.000) 04/13 20:05:47 Image size of job updated: 52080228
	16513  -  MemoryUsage of job (MB)
	16908472  -  ResidentSetSize of job (KB)
...
006 (9627190.000.000) 04/13 20:10:48 Image size of job updated: 52145392
	16513  -  MemoryUsage of job (MB)
	16908472  -  ResidentSetSize of job (KB)
...
006 (9627190.000.000) 04/13 20:15:49 Image size of job updated: 52211072
	16513  -  MemoryUsage of job (MB)
	16908472  -  ResidentSetSize of job (KB)
...
006 (9627190.000.000) 04/13 20:20:49 Image size of job updated: 52272864
	16513  -  MemoryUsage of job (MB)
	16908472  -  ResidentSetSize of job (KB)
...
006 (9627190.000.000) 04/13 20:25:50 Image size of job updated: 52307452
	16513  -  MemoryUsage of job (MB)
	16908472  -  ResidentSetSize of job (KB)
...
006 (9627190.000.000) 04/13 20:30:51 Image size of job updated: 52357328
	16513  -  MemoryUsage of job (MB)
	16908472  -  ResidentSetSize of job (KB)
...
006 (9627190.000.000) 04/13 20:35:51 Image size of job updated: 52405648
	16513  -  MemoryUsage of job (MB)
	16908472  -  ResidentSetSize of job (KB)
...
006 (9627190.000.000) 04/13 20:40:51 Image size of job updated: 52439072
	16513  -  MemoryUsage of job (MB)
	16908472  -  ResidentSetSize of job (KB)
...
006 (9627190.000.000) 04/13 20:45:52 Image size of job updated: 52488168
	16513  -  MemoryUsage of job (MB)
	16908472  -  ResidentSetSize of job (KB)
...
006 (9627190.000.000) 04/13 20:50:52 Image size of job updated: 52521204
	16513  -  MemoryUsage of job (MB)
	16908472  -  ResidentSetSize of job (KB)
...
006 (9627190.000.000) 04/13 20:55:52 Image size of job updated: 52571080
	16513  -  MemoryUsage of job (MB)
	16908472  -  ResidentSetSize of job (KB)
...
006 (9627190.000.000) 04/13 21:00:53 Image size of job updated: 52620952
	16513  -  MemoryUsage of job (MB)
	16908472  -  ResidentSetSize of job (KB)
...
006 (9627190.000.000) 04/13 21:05:53 Image size of job updated: 52656580
	16513  -  MemoryUsage of job (MB)
	16908472  -  ResidentSetSize of job (KB)
...
006 (9627190.000.000) 04/13 21:10:53 Image size of job updated: 52708524
	16513  -  MemoryUsage of job (MB)
	16908472  -  ResidentSetSize of job (KB)
...
006 (9627190.000.000) 04/13 21:15:54 Image size of job updated: 52765268
	16513  -  MemoryUsage of job (MB)
	16908472  -  ResidentSetSize of job (KB)
...
006 (9627190.000.000) 04/13 21:20:55 Image size of job updated: 52804264
	16513  -  MemoryUsage of job (MB)
	16908472  -  ResidentSetSize of job (KB)
...
006 (9627190.000.000) 04/13 21:25:55 Image size of job updated: 52857116
	16513  -  MemoryUsage of job (MB)
	16908472  -  ResidentSetSize of job (KB)
...
006 (9627190.000.000) 04/13 21:30:56 Image size of job updated: 52913724
	16513  -  MemoryUsage of job (MB)
	16908472  -  ResidentSetSize of job (KB)
...
006 (9627190.000.000) 04/13 21:35:57 Image size of job updated: 52968264
	16513  -  MemoryUsage of job (MB)
	16908472  -  ResidentSetSize of job (KB)
...
006 (9627190.000.000) 04/13 21:40:57 Image size of job updated: 53008944
	16513  -  MemoryUsage of job (MB)
	16908472  -  ResidentSetSize of job (KB)
...
006 (9627190.000.000) 04/13 21:45:57 Image size of job updated: 53070736
	16513  -  MemoryUsage of job (MB)
	16908472  -  ResidentSetSize of job (KB)
...
006 (9627190.000.000) 04/13 21:50:58 Image size of job updated: 53126048
	16513  -  MemoryUsage of job (MB)
	16908472  -  ResidentSetSize of job (KB)
...
006 (9627190.000.000) 04/13 21:55:58 Image size of job updated: 53165176
	16513  -  MemoryUsage of job (MB)
	16908472  -  ResidentSetSize of job (KB)
...
006 (9627190.000.000) 04/13 22:00:58 Image size of job updated: 53223472
	16513  -  MemoryUsage of job (MB)
	16908472  -  ResidentSetSize of job (KB)
...
006 (9627190.000.000) 04/13 22:05:59 Image size of job updated: 53435792
	24517  -  MemoryUsage of job (MB)
	25105256  -  ResidentSetSize of job (KB)
...
006 (9627190.000.000) 04/13 22:07:23 Image size of job updated: 53435792
	24518  -  MemoryUsage of job (MB)
	25105712  -  ResidentSetSize of job (KB)
...
040 (9627190.000.000) 04/13 22:07:23 Started transferring output files
...
040 (9627190.000.000) 04/13 22:07:23 Finished transferring output files
...
005 (9627190.000.000) 04/13 22:07:23 Job terminated.
	(1) Normal termination (return value 0)
		Usr 1 01:57:33, Sys 0 00:11:07  -  Run Remote Usage
		Usr 0 00:00:00, Sys 0 00:00:00  -  Run Local Usage
		Usr 1 01:57:33, Sys 0 00:11:07  -  Total Remote Usage
		Usr 0 00:00:00, Sys 0 00:00:00  -  Total Local Usage
	15994  -  Run Bytes Sent By Job
	228  -  Run Bytes Received By Job
	15994  -  Total Bytes Sent By Job
	228  -  Total Bytes Received By Job
	Partitionable Resources :    Usage  Request Allocated 
	   Cpus                 :     0.79        1         1 
	   Disk (KB)            :    36           1   1353741 
	   Memory (MB)          : 24518        2000      2000 

	Job terminated of its own accord at 2024-04-13T20:07:23Z.
...
