000 (9634719.000.000) 04/14 16:02:06 Job submitted from host: <137.138.156.150:9618?addrs=137.138.156.150-9618+[2001-1458-d00-14--9a]-9618&alias=bigbird13.cern.ch&noUDP&sock=schedd_2138_1192>
...
040 (9634719.000.000) 04/14 16:03:17 Started transferring input files
	Transferring to host: <128.142.57.106:9618?addrs=128.142.57.106-9618+[2001-1458-301-7--100-69]-9618&alias=b7s02p8011.cern.ch&noUDP&sock=slot1_12_7017_dc76_102788>
...
040 (9634719.000.000) 04/14 16:03:17 Finished transferring input files
...
001 (9634719.000.000) 04/14 16:03:18 Job executing on host: <128.142.57.106:9618?addrs=128.142.57.106-9618+[2001-1458-301-7--100-69]-9618&alias=b7s02p8011.cern.ch&noUDP&sock=startd_6965_fd39>
...
006 (9634719.000.000) 04/14 16:03:27 Image size of job updated: 269256
	99  -  MemoryUsage of job (MB)
	100916  -  ResidentSetSize of job (KB)
...
006 (9634719.000.000) 04/14 16:08:28 Image size of job updated: 1210224
	220  -  MemoryUsage of job (MB)
	224556  -  ResidentSetSize of job (KB)
...
006 (9634719.000.000) 04/14 16:13:28 Image size of job updated: 1210992
	220  -  MemoryUsage of job (MB)
	225276  -  ResidentSetSize of job (KB)
...
006 (9634719.000.000) 04/14 16:18:28 Image size of job updated: 1211504
	221  -  MemoryUsage of job (MB)
	225992  -  ResidentSetSize of job (KB)
...
006 (9634719.000.000) 04/14 16:23:29 Image size of job updated: 14578044
	9853  -  MemoryUsage of job (MB)
	10089064  -  ResidentSetSize of job (KB)
...
006 (9634719.000.000) 04/14 16:28:30 Image size of job updated: 26318216
	19298  -  MemoryUsage of job (MB)
	19760556  -  ResidentSetSize of job (KB)
...
006 (9634719.000.000) 04/14 16:33:30 Image size of job updated: 26400084
	19370  -  MemoryUsage of job (MB)
	19834056  -  ResidentSetSize of job (KB)
...
006 (9634719.000.000) 04/14 16:38:31 Image size of job updated: 26543008
	19463  -  MemoryUsage of job (MB)
	19930000  -  ResidentSetSize of job (KB)
...
006 (9634719.000.000) 04/14 16:43:32 Image size of job updated: 26588500
	19535  -  MemoryUsage of job (MB)
	20002972  -  ResidentSetSize of job (KB)
...
006 (9634719.000.000) 04/14 16:48:32 Image size of job updated: 26639252
	19607  -  MemoryUsage of job (MB)
	20077420  -  ResidentSetSize of job (KB)
...
006 (9634719.000.000) 04/14 16:53:32 Image size of job updated: 26839692
	19682  -  MemoryUsage of job (MB)
	20154292  -  ResidentSetSize of job (KB)
...
006 (9634719.000.000) 04/14 16:58:33 Image size of job updated: 26893584
	19763  -  MemoryUsage of job (MB)
	20236788  -  ResidentSetSize of job (KB)
...
006 (9634719.000.000) 04/14 17:03:34 Image size of job updated: 26945792
	19830  -  MemoryUsage of job (MB)
	20305256  -  ResidentSetSize of job (KB)
...
006 (9634719.000.000) 04/14 17:08:34 Image size of job updated: 27003992
	19917  -  MemoryUsage of job (MB)
	20394556  -  ResidentSetSize of job (KB)
...
006 (9634719.000.000) 04/14 17:13:34 Image size of job updated: 27060636
	20000  -  MemoryUsage of job (MB)
	20479504  -  ResidentSetSize of job (KB)
...
006 (9634719.000.000) 04/14 17:18:35 Image size of job updated: 27111644
	20078  -  MemoryUsage of job (MB)
	20558900  -  ResidentSetSize of job (KB)
...
006 (9634719.000.000) 04/14 17:23:35 Image size of job updated: 27465660
	20150  -  MemoryUsage of job (MB)
	20633420  -  ResidentSetSize of job (KB)
...
006 (9634719.000.000) 04/14 17:28:35 Image size of job updated: 27517348
	20150  -  MemoryUsage of job (MB)
	20633420  -  ResidentSetSize of job (KB)
...
006 (9634719.000.000) 04/14 17:33:36 Image size of job updated: 27574772
	20150  -  MemoryUsage of job (MB)
	20633420  -  ResidentSetSize of job (KB)
...
006 (9634719.000.000) 04/14 17:38:37 Image size of job updated: 27634352
	20150  -  MemoryUsage of job (MB)
	20633420  -  ResidentSetSize of job (KB)
...
006 (9634719.000.000) 04/14 17:43:37 Image size of job updated: 27686948
	20150  -  MemoryUsage of job (MB)
	20633420  -  ResidentSetSize of job (KB)
...
006 (9634719.000.000) 04/14 17:48:37 Image size of job updated: 27739412
	20150  -  MemoryUsage of job (MB)
	20633420  -  ResidentSetSize of job (KB)
...
006 (9634719.000.000) 04/14 17:53:38 Image size of job updated: 27796284
	20150  -  MemoryUsage of job (MB)
	20633420  -  ResidentSetSize of job (KB)
...
006 (9634719.000.000) 04/14 17:58:39 Image size of job updated: 27855028
	20150  -  MemoryUsage of job (MB)
	20633420  -  ResidentSetSize of job (KB)
...
006 (9634719.000.000) 04/14 18:03:39 Image size of job updated: 27913196
	20150  -  MemoryUsage of job (MB)
	20633420  -  ResidentSetSize of job (KB)
...
006 (9634719.000.000) 04/14 18:08:40 Image size of job updated: 27972464
	20150  -  MemoryUsage of job (MB)
	20633420  -  ResidentSetSize of job (KB)
...
006 (9634719.000.000) 04/14 18:13:41 Image size of job updated: 28032120
	20150  -  MemoryUsage of job (MB)
	20633420  -  ResidentSetSize of job (KB)
...
006 (9634719.000.000) 04/14 18:18:41 Image size of job updated: 28082188
	20150  -  MemoryUsage of job (MB)
	20633420  -  ResidentSetSize of job (KB)
...
006 (9634719.000.000) 04/14 18:23:41 Image size of job updated: 28731800
	20150  -  MemoryUsage of job (MB)
	20633420  -  ResidentSetSize of job (KB)
...
006 (9634719.000.000) 04/14 18:28:42 Image size of job updated: 28787764
	20150  -  MemoryUsage of job (MB)
	20633420  -  ResidentSetSize of job (KB)
...
006 (9634719.000.000) 04/14 18:33:42 Image size of job updated: 28847032
	20150  -  MemoryUsage of job (MB)
	20633420  -  ResidentSetSize of job (KB)
...
006 (9634719.000.000) 04/14 18:38:42 Image size of job updated: 28904680
	20150  -  MemoryUsage of job (MB)
	20633420  -  ResidentSetSize of job (KB)
...
006 (9634719.000.000) 04/14 18:43:43 Image size of job updated: 28962260
	20150  -  MemoryUsage of job (MB)
	20633420  -  ResidentSetSize of job (KB)
...
006 (9634719.000.000) 04/14 18:48:44 Image size of job updated: 29019132
	20150  -  MemoryUsage of job (MB)
	20633420  -  ResidentSetSize of job (KB)
...
006 (9634719.000.000) 04/14 18:53:44 Image size of job updated: 29071596
	20150  -  MemoryUsage of job (MB)
	20633420  -  ResidentSetSize of job (KB)
...
006 (9634719.000.000) 04/14 18:58:44 Image size of job updated: 29127948
	20150  -  MemoryUsage of job (MB)
	20633420  -  ResidentSetSize of job (KB)
...
006 (9634719.000.000) 04/14 19:03:45 Image size of job updated: 29181840
	20150  -  MemoryUsage of job (MB)
	20633420  -  ResidentSetSize of job (KB)
...
006 (9634719.000.000) 04/14 19:08:45 Image size of job updated: 29233140
	20150  -  MemoryUsage of job (MB)
	20633420  -  ResidentSetSize of job (KB)
...
006 (9634719.000.000) 04/14 19:13:45 Image size of job updated: 29293316
	20150  -  MemoryUsage of job (MB)
	20633420  -  ResidentSetSize of job (KB)
...
006 (9634719.000.000) 04/14 19:18:46 Image size of job updated: 29347128
	20150  -  MemoryUsage of job (MB)
	20633420  -  ResidentSetSize of job (KB)
...
006 (9634719.000.000) 04/14 19:23:47 Image size of job updated: 29405684
	20150  -  MemoryUsage of job (MB)
	20633420  -  ResidentSetSize of job (KB)
...
006 (9634719.000.000) 04/14 19:28:47 Image size of job updated: 29471232
	20150  -  MemoryUsage of job (MB)
	20633420  -  ResidentSetSize of job (KB)
...
006 (9634719.000.000) 04/14 19:33:48 Image size of job updated: 29538468
	20150  -  MemoryUsage of job (MB)
	20633420  -  ResidentSetSize of job (KB)
...
006 (9634719.000.000) 04/14 19:38:49 Image size of job updated: 29602464
	20150  -  MemoryUsage of job (MB)
	20633420  -  ResidentSetSize of job (KB)
...
006 (9634719.000.000) 04/14 19:43:49 Image size of job updated: 29670216
	20150  -  MemoryUsage of job (MB)
	20633420  -  ResidentSetSize of job (KB)
...
006 (9634719.000.000) 04/14 19:48:49 Image size of job updated: 29736284
	20150  -  MemoryUsage of job (MB)
	20633420  -  ResidentSetSize of job (KB)
...
006 (9634719.000.000) 04/14 19:53:50 Image size of job updated: 29797168
	20150  -  MemoryUsage of job (MB)
	20633420  -  ResidentSetSize of job (KB)
...
006 (9634719.000.000) 04/14 19:58:51 Image size of job updated: 29863240
	20150  -  MemoryUsage of job (MB)
	20633420  -  ResidentSetSize of job (KB)
...
006 (9634719.000.000) 04/14 20:03:51 Image size of job updated: 29930860
	20150  -  MemoryUsage of job (MB)
	20633420  -  ResidentSetSize of job (KB)
...
006 (9634719.000.000) 04/14 20:08:51 Image size of job updated: 31175412
	20150  -  MemoryUsage of job (MB)
	20633420  -  ResidentSetSize of job (KB)
...
006 (9634719.000.000) 04/14 20:13:52 Image size of job updated: 31244716
	20150  -  MemoryUsage of job (MB)
	20633420  -  ResidentSetSize of job (KB)
...
006 (9634719.000.000) 04/14 20:18:53 Image size of job updated: 31310788
	20150  -  MemoryUsage of job (MB)
	20633420  -  ResidentSetSize of job (KB)
...
006 (9634719.000.000) 04/14 20:23:53 Image size of job updated: 31371028
	20150  -  MemoryUsage of job (MB)
	20633420  -  ResidentSetSize of job (KB)
...
006 (9634719.000.000) 04/14 20:28:54 Image size of job updated: 31436964
	20150  -  MemoryUsage of job (MB)
	20633420  -  ResidentSetSize of job (KB)
...
006 (9634719.000.000) 04/14 20:33:55 Image size of job updated: 31492540
	20150  -  MemoryUsage of job (MB)
	20633420  -  ResidentSetSize of job (KB)
...
006 (9634719.000.000) 04/14 20:38:55 Image size of job updated: 31551096
	20150  -  MemoryUsage of job (MB)
	20633420  -  ResidentSetSize of job (KB)
...
006 (9634719.000.000) 04/14 20:43:55 Image size of job updated: 31614572
	20150  -  MemoryUsage of job (MB)
	20633420  -  ResidentSetSize of job (KB)
...
006 (9634719.000.000) 04/14 20:48:56 Image size of job updated: 31672476
	20150  -  MemoryUsage of job (MB)
	20633420  -  ResidentSetSize of job (KB)
...
006 (9634719.000.000) 04/14 20:53:57 Image size of job updated: 31726368
	20150  -  MemoryUsage of job (MB)
	20633420  -  ResidentSetSize of job (KB)
...
006 (9634719.000.000) 04/14 20:58:57 Image size of job updated: 31782332
	20150  -  MemoryUsage of job (MB)
	20633420  -  ResidentSetSize of job (KB)
...
006 (9634719.000.000) 04/14 21:03:58 Image size of job updated: 31843608
	20150  -  MemoryUsage of job (MB)
	20633420  -  ResidentSetSize of job (KB)
...
006 (9634719.000.000) 04/14 21:08:59 Image size of job updated: 31900480
	20150  -  MemoryUsage of job (MB)
	20633420  -  ResidentSetSize of job (KB)
...
006 (9634719.000.000) 04/14 21:13:59 Image size of job updated: 31949708
	20150  -  MemoryUsage of job (MB)
	20633420  -  ResidentSetSize of job (KB)
...
006 (9634719.000.000) 04/14 21:18:59 Image size of job updated: 32003988
	20150  -  MemoryUsage of job (MB)
	20633420  -  ResidentSetSize of job (KB)
...
006 (9634719.000.000) 04/14 21:24:00 Image size of job updated: 32058656
	20150  -  MemoryUsage of job (MB)
	20633420  -  ResidentSetSize of job (KB)
...
006 (9634719.000.000) 04/14 21:29:01 Image size of job updated: 32112416
	20150  -  MemoryUsage of job (MB)
	20633420  -  ResidentSetSize of job (KB)
...
006 (9634719.000.000) 04/14 21:34:01 Image size of job updated: 32168900
	20150  -  MemoryUsage of job (MB)
	20633420  -  ResidentSetSize of job (KB)
...
006 (9634719.000.000) 04/14 21:39:02 Image size of job updated: 32228620
	20150  -  MemoryUsage of job (MB)
	20633420  -  ResidentSetSize of job (KB)
...
006 (9634719.000.000) 04/14 21:44:03 Image size of job updated: 32291188
	20150  -  MemoryUsage of job (MB)
	20633420  -  ResidentSetSize of job (KB)
...
006 (9634719.000.000) 04/14 21:49:03 Image size of job updated: 32350908
	20150  -  MemoryUsage of job (MB)
	20633420  -  ResidentSetSize of job (KB)
...
006 (9634719.000.000) 04/14 21:54:03 Image size of job updated: 32415684
	20150  -  MemoryUsage of job (MB)
	20633420  -  ResidentSetSize of job (KB)
...
006 (9634719.000.000) 04/14 21:59:04 Image size of job updated: 32471260
	20150  -  MemoryUsage of job (MB)
	20633420  -  ResidentSetSize of job (KB)
...
006 (9634719.000.000) 04/14 22:04:05 Image size of job updated: 32521652
	20150  -  MemoryUsage of job (MB)
	20633420  -  ResidentSetSize of job (KB)
...
006 (9634719.000.000) 04/14 22:09:05 Image size of job updated: 32567640
	20150  -  MemoryUsage of job (MB)
	20633420  -  ResidentSetSize of job (KB)
...
006 (9634719.000.000) 04/14 22:14:06 Image size of job updated: 32617644
	20150  -  MemoryUsage of job (MB)
	20633420  -  ResidentSetSize of job (KB)
...
006 (9634719.000.000) 04/14 22:19:07 Image size of job updated: 32666872
	20150  -  MemoryUsage of job (MB)
	20633420  -  ResidentSetSize of job (KB)
...
006 (9634719.000.000) 04/14 22:24:07 Image size of job updated: 32711180
	20150  -  MemoryUsage of job (MB)
	20633420  -  ResidentSetSize of job (KB)
...
006 (9634719.000.000) 04/14 22:29:07 Image size of job updated: 32762348
	20150  -  MemoryUsage of job (MB)
	20633420  -  ResidentSetSize of job (KB)
...
006 (9634719.000.000) 04/14 22:34:08 Image size of job updated: 32817488
	20150  -  MemoryUsage of job (MB)
	20633420  -  ResidentSetSize of job (KB)
...
006 (9634719.000.000) 04/14 22:39:08 Image size of job updated: 32877852
	20150  -  MemoryUsage of job (MB)
	20633420  -  ResidentSetSize of job (KB)
...
006 (9634719.000.000) 04/14 22:44:08 Image size of job updated: 32936796
	20150  -  MemoryUsage of job (MB)
	20633420  -  ResidentSetSize of job (KB)
...
006 (9634719.000.000) 04/14 22:49:09 Image size of job updated: 32983176
	20150  -  MemoryUsage of job (MB)
	20633420  -  ResidentSetSize of job (KB)
...
006 (9634719.000.000) 04/14 22:54:10 Image size of job updated: 33029424
	20150  -  MemoryUsage of job (MB)
	20633420  -  ResidentSetSize of job (KB)
...
006 (9634719.000.000) 04/14 22:59:10 Image size of job updated: 33084092
	20150  -  MemoryUsage of job (MB)
	20633420  -  ResidentSetSize of job (KB)
...
006 (9634719.000.000) 04/14 23:04:11 Image size of job updated: 33127880
	20150  -  MemoryUsage of job (MB)
	20633420  -  ResidentSetSize of job (KB)
...
006 (9634719.000.000) 04/14 23:09:12 Image size of job updated: 33176716
	20150  -  MemoryUsage of job (MB)
	20633420  -  ResidentSetSize of job (KB)
...
006 (9634719.000.000) 04/14 23:14:12 Image size of job updated: 33230736
	20150  -  MemoryUsage of job (MB)
	20633420  -  ResidentSetSize of job (KB)
...
006 (9634719.000.000) 04/14 23:19:12 Image size of job updated: 33279704
	20150  -  MemoryUsage of job (MB)
	20633420  -  ResidentSetSize of job (KB)
...
006 (9634719.000.000) 04/14 23:24:13 Image size of job updated: 33336316
	20150  -  MemoryUsage of job (MB)
	20633420  -  ResidentSetSize of job (KB)
...
006 (9634719.000.000) 04/14 23:29:13 Image size of job updated: 33386448
	20150  -  MemoryUsage of job (MB)
	20633420  -  ResidentSetSize of job (KB)
...
006 (9634719.000.000) 04/14 23:34:13 Image size of job updated: 33441896
	20150  -  MemoryUsage of job (MB)
	20633420  -  ResidentSetSize of job (KB)
...
006 (9634719.000.000) 04/14 23:39:14 Image size of job updated: 33487364
	20150  -  MemoryUsage of job (MB)
	20633420  -  ResidentSetSize of job (KB)
...
006 (9634719.000.000) 04/14 23:44:15 Image size of job updated: 33535428
	20150  -  MemoryUsage of job (MB)
	20633420  -  ResidentSetSize of job (KB)
...
006 (9634719.000.000) 04/14 23:49:15 Image size of job updated: 33591780
	20150  -  MemoryUsage of job (MB)
	20633420  -  ResidentSetSize of job (KB)
...
006 (9634719.000.000) 04/14 23:54:16 Image size of job updated: 33637640
	20150  -  MemoryUsage of job (MB)
	20633420  -  ResidentSetSize of job (KB)
...
006 (9634719.000.000) 04/14 23:59:17 Image size of job updated: 33692176
	20150  -  MemoryUsage of job (MB)
	20633420  -  ResidentSetSize of job (KB)
...
006 (9634719.000.000) 04/15 00:04:17 Image size of job updated: 36095260
	20150  -  MemoryUsage of job (MB)
	20633420  -  ResidentSetSize of job (KB)
...
006 (9634719.000.000) 04/15 00:09:17 Image size of job updated: 36140344
	20156  -  MemoryUsage of job (MB)
	20639496  -  ResidentSetSize of job (KB)
...
006 (9634719.000.000) 04/15 00:14:18 Image size of job updated: 36194492
	20248  -  MemoryUsage of job (MB)
	20733844  -  ResidentSetSize of job (KB)
...
006 (9634719.000.000) 04/15 00:19:19 Image size of job updated: 36240352
	20335  -  MemoryUsage of job (MB)
	20822404  -  ResidentSetSize of job (KB)
...
006 (9634719.000.000) 04/15 00:24:19 Image size of job updated: 36282844
	20423  -  MemoryUsage of job (MB)
	20912916  -  ResidentSetSize of job (KB)
...
006 (9634719.000.000) 04/15 00:29:20 Image size of job updated: 36335440
	20513  -  MemoryUsage of job (MB)
	21004972  -  ResidentSetSize of job (KB)
...
006 (9634719.000.000) 04/15 00:34:21 Image size of job updated: 36380912
	20605  -  MemoryUsage of job (MB)
	21098756  -  ResidentSetSize of job (KB)
...
006 (9634719.000.000) 04/15 00:39:21 Image size of job updated: 36424828
	20693  -  MemoryUsage of job (MB)
	21188908  -  ResidentSetSize of job (KB)
...
006 (9634719.000.000) 04/15 00:44:21 Image size of job updated: 36476388
	20779  -  MemoryUsage of job (MB)
	21277084  -  ResidentSetSize of job (KB)
...
006 (9634719.000.000) 04/15 00:49:22 Image size of job updated: 36521336
	20870  -  MemoryUsage of job (MB)
	21370292  -  ResidentSetSize of job (KB)
...
006 (9634719.000.000) 04/15 00:54:22 Image size of job updated: 36565256
	20958  -  MemoryUsage of job (MB)
	21460292  -  ResidentSetSize of job (KB)
...
006 (9634719.000.000) 04/15 00:59:22 Image size of job updated: 36610208
	21049  -  MemoryUsage of job (MB)
	21553328  -  ResidentSetSize of job (KB)
...
006 (9634719.000.000) 04/15 01:04:23 Image size of job updated: 36662284
	21137  -  MemoryUsage of job (MB)
	21643924  -  ResidentSetSize of job (KB)
...
006 (9634719.000.000) 04/15 01:09:24 Image size of job updated: 36709828
	21234  -  MemoryUsage of job (MB)
	21742600  -  ResidentSetSize of job (KB)
...
006 (9634719.000.000) 04/15 01:14:24 Image size of job updated: 36766956
	21335  -  MemoryUsage of job (MB)
	21846336  -  ResidentSetSize of job (KB)
...
006 (9634719.000.000) 04/15 01:19:24 Image size of job updated: 36819296
	21445  -  MemoryUsage of job (MB)
	21958744  -  ResidentSetSize of job (KB)
...
006 (9634719.000.000) 04/15 01:24:25 Image size of job updated: 36885364
	21567  -  MemoryUsage of job (MB)
	22084564  -  ResidentSetSize of job (KB)
...
006 (9634719.000.000) 04/15 01:29:25 Image size of job updated: 36953240
	21695  -  MemoryUsage of job (MB)
	22214808  -  ResidentSetSize of job (KB)
...
006 (9634719.000.000) 04/15 01:34:25 Image size of job updated: 37020220
	21820  -  MemoryUsage of job (MB)
	22343236  -  ResidentSetSize of job (KB)
...
006 (9634719.000.000) 04/15 01:39:26 Image size of job updated: 37075016
	21935  -  MemoryUsage of job (MB)
	22460608  -  ResidentSetSize of job (KB)
...
006 (9634719.000.000) 04/15 01:44:27 Image size of job updated: 37140568
	22056  -  MemoryUsage of job (MB)
	22584572  -  ResidentSetSize of job (KB)
...
006 (9634719.000.000) 04/15 01:49:27 Image size of job updated: 37206116
	22177  -  MemoryUsage of job (MB)
	22708988  -  ResidentSetSize of job (KB)
...
006 (9634719.000.000) 04/15 01:54:28 Image size of job updated: 37269204
	22293  -  MemoryUsage of job (MB)
	22827904  -  ResidentSetSize of job (KB)
...
006 (9634719.000.000) 04/15 01:59:29 Image size of job updated: 37319860
	22397  -  MemoryUsage of job (MB)
	22934244  -  ResidentSetSize of job (KB)
...
006 (9634719.000.000) 04/15 02:04:29 Image size of job updated: 37380224
	22505  -  MemoryUsage of job (MB)
	23044848  -  ResidentSetSize of job (KB)
...
006 (9634719.000.000) 04/15 02:09:29 Image size of job updated: 37425308
	22596  -  MemoryUsage of job (MB)
	23138156  -  ResidentSetSize of job (KB)
...
006 (9634719.000.000) 04/15 02:14:30 Image size of job updated: 37467932
	22686  -  MemoryUsage of job (MB)
	23230216  -  ResidentSetSize of job (KB)
...
006 (9634719.000.000) 04/15 02:19:31 Image size of job updated: 37520396
	22775  -  MemoryUsage of job (MB)
	23321356  -  ResidentSetSize of job (KB)
...
006 (9634719.000.000) 04/15 02:24:31 Image size of job updated: 37565348
	22866  -  MemoryUsage of job (MB)
	23413800  -  ResidentSetSize of job (KB)
...
006 (9634719.000.000) 04/15 02:29:32 Image size of job updated: 37610428
	22958  -  MemoryUsage of job (MB)
	23508240  -  ResidentSetSize of job (KB)
...
006 (9634719.000.000) 04/15 02:34:33 Image size of job updated: 37665488
	23054  -  MemoryUsage of job (MB)
	23606592  -  ResidentSetSize of job (KB)
...
006 (9634719.000.000) 04/15 02:39:33 Image size of job updated: 37710568
	23145  -  MemoryUsage of job (MB)
	23699900  -  ResidentSetSize of job (KB)
...
006 (9634719.000.000) 04/15 02:44:33 Image size of job updated: 37763424
	23235  -  MemoryUsage of job (MB)
	23792452  -  ResidentSetSize of job (KB)
...
006 (9634719.000.000) 04/15 02:49:34 Image size of job updated: 37808760
	23327  -  MemoryUsage of job (MB)
	23886368  -  ResidentSetSize of job (KB)
...
006 (9634719.000.000) 04/15 02:54:34 Image size of job updated: 37870556
	23438  -  MemoryUsage of job (MB)
	24000156  -  ResidentSetSize of job (KB)
...
006 (9634719.000.000) 04/15 02:59:34 Image size of job updated: 37927944
	23558  -  MemoryUsage of job (MB)
	24122484  -  ResidentSetSize of job (KB)
...
006 (9634719.000.000) 04/15 03:04:35 Image size of job updated: 37993240
	23678  -  MemoryUsage of job (MB)
	24245868  -  ResidentSetSize of job (KB)
...
006 (9634719.000.000) 04/15 03:09:36 Image size of job updated: 38056716
	23794  -  MemoryUsage of job (MB)
	24364732  -  ResidentSetSize of job (KB)
...
006 (9634719.000.000) 04/15 03:14:36 Image size of job updated: 38122908
	23916  -  MemoryUsage of job (MB)
	24489656  -  ResidentSetSize of job (KB)
...
006 (9634719.000.000) 04/15 03:19:37 Image size of job updated: 38181076
	24041  -  MemoryUsage of job (MB)
	24616968  -  ResidentSetSize of job (KB)
...
006 (9634719.000.000) 04/15 03:24:38 Image size of job updated: 38239244
	24142  -  MemoryUsage of job (MB)
	24721220  -  ResidentSetSize of job (KB)
...
006 (9634719.000.000) 04/15 03:29:38 Image size of job updated: 38285880
	24241  -  MemoryUsage of job (MB)
	24822076  -  ResidentSetSize of job (KB)
...
006 (9634719.000.000) 04/15 03:34:38 Image size of job updated: 38341324
	24337  -  MemoryUsage of job (MB)
	24920312  -  ResidentSetSize of job (KB)
...
006 (9634719.000.000) 04/15 03:39:39 Image size of job updated: 38389388
	24435  -  MemoryUsage of job (MB)
	25020880  -  ResidentSetSize of job (KB)
...
006 (9634719.000.000) 04/15 03:44:39 Image size of job updated: 38445476
	24533  -  MemoryUsage of job (MB)
	25120824  -  ResidentSetSize of job (KB)
...
006 (9634719.000.000) 04/15 03:49:39 Image size of job updated: 38492764
	24629  -  MemoryUsage of job (MB)
	25219408  -  ResidentSetSize of job (KB)
...
006 (9634719.000.000) 04/15 03:54:40 Image size of job updated: 38539532
	24724  -  MemoryUsage of job (MB)
	25317012  -  ResidentSetSize of job (KB)
...
006 (9634719.000.000) 04/15 03:59:41 Image size of job updated: 38595752
	24822  -  MemoryUsage of job (MB)
	25416984  -  ResidentSetSize of job (KB)
...
006 (9634719.000.000) 04/15 04:04:41 Image size of job updated: 38644336
	24921  -  MemoryUsage of job (MB)
	25518620  -  ResidentSetSize of job (KB)
...
006 (9634719.000.000) 04/15 04:09:42 Image size of job updated: 38698484
	25015  -  MemoryUsage of job (MB)
	25614552  -  ResidentSetSize of job (KB)
...
006 (9634719.000.000) 04/15 04:14:43 Image size of job updated: 38749396
	25120  -  MemoryUsage of job (MB)
	25722616  -  ResidentSetSize of job (KB)
...
006 (9634719.000.000) 04/15 04:19:43 Image size of job updated: 38806912
	25222  -  MemoryUsage of job (MB)
	25827136  -  ResidentSetSize of job (KB)
...
006 (9634719.000.000) 04/15 04:24:43 Image size of job updated: 38855752
	25326  -  MemoryUsage of job (MB)
	25933260  -  ResidentSetSize of job (KB)
...
006 (9634719.000.000) 04/15 04:29:44 Image size of job updated: 38916248
	25437  -  MemoryUsage of job (MB)
	26046728  -  ResidentSetSize of job (KB)
...
006 (9634719.000.000) 04/15 04:34:44 Image size of job updated: 38983612
	25563  -  MemoryUsage of job (MB)
	26176324  -  ResidentSetSize of job (KB)
...
006 (9634719.000.000) 04/15 04:39:44 Image size of job updated: 39041260
	25685  -  MemoryUsage of job (MB)
	26300820  -  ResidentSetSize of job (KB)
...
006 (9634719.000.000) 04/15 04:44:45 Image size of job updated: 39109012
	25813  -  MemoryUsage of job (MB)
	26431768  -  ResidentSetSize of job (KB)
...
006 (9634719.000.000) 04/15 04:49:47 Image size of job updated: 39177156
	25940  -  MemoryUsage of job (MB)
	26562540  -  ResidentSetSize of job (KB)
...
006 (9634719.000.000) 04/15 04:54:47 Image size of job updated: 39244908
	26067  -  MemoryUsage of job (MB)
	26691824  -  ResidentSetSize of job (KB)
...
006 (9634719.000.000) 04/15 04:59:47 Image size of job updated: 39313048
	26195  -  MemoryUsage of job (MB)
	26822896  -  ResidentSetSize of job (KB)
...
006 (9634719.000.000) 04/15 05:04:48 Image size of job updated: 39381192
	26321  -  MemoryUsage of job (MB)
	26952116  -  ResidentSetSize of job (KB)
...
006 (9634719.000.000) 04/15 05:09:49 Image size of job updated: 39444924
	26438  -  MemoryUsage of job (MB)
	27072420  -  ResidentSetSize of job (KB)
...
006 (9634719.000.000) 04/15 05:14:49 Image size of job updated: 39502316
	26560  -  MemoryUsage of job (MB)
	27196992  -  ResidentSetSize of job (KB)
...
006 (9634719.000.000) 04/15 05:19:49 Image size of job updated: 39569548
	26685  -  MemoryUsage of job (MB)
	27325312  -  ResidentSetSize of job (KB)
...
006 (9634719.000.000) 04/15 05:24:50 Image size of job updated: 39636008
	26809  -  MemoryUsage of job (MB)
	27451524  -  ResidentSetSize of job (KB)
...
006 (9634719.000.000) 04/15 05:29:51 Image size of job updated: 39702984
	26934  -  MemoryUsage of job (MB)
	27579944  -  ResidentSetSize of job (KB)
...
006 (9634719.000.000) 04/15 05:34:51 Image size of job updated: 39768956
	27057  -  MemoryUsage of job (MB)
	27705536  -  ResidentSetSize of job (KB)
...
006 (9634719.000.000) 04/15 05:39:52 Image size of job updated: 39832300
	27173  -  MemoryUsage of job (MB)
	27824820  -  ResidentSetSize of job (KB)
...
006 (9634719.000.000) 04/15 05:44:53 Image size of job updated: 39896164
	27290  -  MemoryUsage of job (MB)
	27944064  -  ResidentSetSize of job (KB)
...
006 (9634719.000.000) 04/15 05:49:53 Image size of job updated: 39955368
	27396  -  MemoryUsage of job (MB)
	28052796  -  ResidentSetSize of job (KB)
...
006 (9634719.000.000) 04/15 05:54:53 Image size of job updated: 39998640
	27503  -  MemoryUsage of job (MB)
	28162160  -  ResidentSetSize of job (KB)
...
006 (9634719.000.000) 04/15 05:59:54 Image size of job updated: 40059912
	27614  -  MemoryUsage of job (MB)
	28275748  -  ResidentSetSize of job (KB)
...
006 (9634719.000.000) 04/15 06:04:54 Image size of job updated: 40122224
	27727  -  MemoryUsage of job (MB)
	28391888  -  ResidentSetSize of job (KB)
...
006 (9634719.000.000) 04/15 06:09:54 Image size of job updated: 40178316
	27825  -  MemoryUsage of job (MB)
	28492244  -  ResidentSetSize of job (KB)
...
006 (9634719.000.000) 04/15 06:14:55 Image size of job updated: 40218220
	27923  -  MemoryUsage of job (MB)
	28592928  -  ResidentSetSize of job (KB)
...
006 (9634719.000.000) 04/15 06:19:56 Image size of job updated: 40270296
	28016  -  MemoryUsage of job (MB)
	28687960  -  ResidentSetSize of job (KB)
...
006 (9634719.000.000) 04/15 06:24:56 Image size of job updated: 40325740
	28113  -  MemoryUsage of job (MB)
	28787460  -  ResidentSetSize of job (KB)
...
006 (9634719.000.000) 04/15 06:29:56 Image size of job updated: 40385588
	28221  -  MemoryUsage of job (MB)
	28897504  -  ResidentSetSize of job (KB)
...
006 (9634719.000.000) 04/15 06:34:57 Image size of job updated: 40432228
	28336  -  MemoryUsage of job (MB)
	29015352  -  ResidentSetSize of job (KB)
...
006 (9634719.000.000) 04/15 06:39:57 Image size of job updated: 40494152
	28449  -  MemoryUsage of job (MB)
	29130956  -  ResidentSetSize of job (KB)
...
006 (9634719.000.000) 04/15 06:44:57 Image size of job updated: 40556720
	28564  -  MemoryUsage of job (MB)
	29248824  -  ResidentSetSize of job (KB)
...
006 (9634719.000.000) 04/15 06:49:58 Image size of job updated: 40620068
	28679  -  MemoryUsage of job (MB)
	29366928  -  ResidentSetSize of job (KB)
...
006 (9634719.000.000) 04/15 06:54:59 Image size of job updated: 40681472
	28791  -  MemoryUsage of job (MB)
	29481020  -  ResidentSetSize of job (KB)
...
006 (9634719.000.000) 04/15 06:59:59 Image size of job updated: 40742488
	28900  -  MemoryUsage of job (MB)
	29593248  -  ResidentSetSize of job (KB)
...
006 (9634719.000.000) 04/15 07:04:59 Image size of job updated: 40789128
	29016  -  MemoryUsage of job (MB)
	29712076  -  ResidentSetSize of job (KB)
...
006 (9634719.000.000) 04/15 07:10:00 Image size of job updated: 40854028
	29135  -  MemoryUsage of job (MB)
	29833964  -  ResidentSetSize of job (KB)
...
006 (9634719.000.000) 04/15 07:15:00 Image size of job updated: 40921912
	29262  -  MemoryUsage of job (MB)
	29963656  -  ResidentSetSize of job (KB)
...
006 (9634719.000.000) 04/15 07:20:00 Image size of job updated: 40990828
	29392  -  MemoryUsage of job (MB)
	30097160  -  ResidentSetSize of job (KB)
...
006 (9634719.000.000) 04/15 07:25:01 Image size of job updated: 41060136
	29523  -  MemoryUsage of job (MB)
	30231472  -  ResidentSetSize of job (KB)
...
006 (9634719.000.000) 04/15 07:30:02 Image size of job updated: 41129572
	29654  -  MemoryUsage of job (MB)
	30365452  -  ResidentSetSize of job (KB)
...
006 (9634719.000.000) 04/15 07:35:02 Image size of job updated: 41198876
	29785  -  MemoryUsage of job (MB)
	30498996  -  ResidentSetSize of job (KB)
...
006 (9634719.000.000) 04/15 07:40:03 Image size of job updated: 45985612
	29913  -  MemoryUsage of job (MB)
	30630812  -  ResidentSetSize of job (KB)
...
006 (9634719.000.000) 04/15 07:45:04 Image size of job updated: 46053232
	30040  -  MemoryUsage of job (MB)
	30760536  -  ResidentSetSize of job (KB)
...
006 (9634719.000.000) 04/15 07:50:04 Image size of job updated: 46119300
	30163  -  MemoryUsage of job (MB)
	30886400  -  ResidentSetSize of job (KB)
...
006 (9634719.000.000) 04/15 07:55:04 Image size of job updated: 46184984
	30285  -  MemoryUsage of job (MB)
	31011428  -  ResidentSetSize of job (KB)
...
006 (9634719.000.000) 04/15 08:00:05 Image size of job updated: 46249236
	30404  -  MemoryUsage of job (MB)
	31132696  -  ResidentSetSize of job (KB)
...
006 (9634719.000.000) 04/15 08:05:06 Image size of job updated: 46292764
	30509  -  MemoryUsage of job (MB)
	31241204  -  ResidentSetSize of job (KB)
...
006 (9634719.000.000) 04/15 08:10:06 Image size of job updated: 46355076
	30623  -  MemoryUsage of job (MB)
	31357604  -  ResidentSetSize of job (KB)
...
006 (9634719.000.000) 04/15 08:15:07 Image size of job updated: 46416352
	30735  -  MemoryUsage of job (MB)
	31472316  -  ResidentSetSize of job (KB)
...
006 (9634719.000.000) 04/15 08:20:08 Image size of job updated: 46480216
	30857  -  MemoryUsage of job (MB)
	31597108  -  ResidentSetSize of job (KB)
...
006 (9634719.000.000) 04/15 08:25:08 Image size of job updated: 46546152
	30979  -  MemoryUsage of job (MB)
	31721604  -  ResidentSetSize of job (KB)
...
006 (9634719.000.000) 04/15 08:30:09 Image size of job updated: 46610928
	31097  -  MemoryUsage of job (MB)
	31842968  -  ResidentSetSize of job (KB)
...
006 (9634719.000.000) 04/15 08:35:10 Image size of job updated: 46650056
	31192  -  MemoryUsage of job (MB)
	31940464  -  ResidentSetSize of job (KB)
...
006 (9634719.000.000) 04/15 08:40:10 Image size of job updated: 46705756
	31290  -  MemoryUsage of job (MB)
	32040188  -  ResidentSetSize of job (KB)
...
006 (9634719.000.000) 04/15 08:45:10 Image size of job updated: 46760292
	31383  -  MemoryUsage of job (MB)
	32135760  -  ResidentSetSize of job (KB)
...
006 (9634719.000.000) 04/15 08:50:11 Image size of job updated: 46798900
	31479  -  MemoryUsage of job (MB)
	32234088  -  ResidentSetSize of job (KB)
...
006 (9634719.000.000) 04/15 08:55:11 Image size of job updated: 46854736
	31574  -  MemoryUsage of job (MB)
	32331460  -  ResidentSetSize of job (KB)
...
006 (9634719.000.000) 04/15 09:00:11 Image size of job updated: 46908884
	31665  -  MemoryUsage of job (MB)
	32424924  -  ResidentSetSize of job (KB)
...
006 (9634719.000.000) 04/15 09:05:12 Image size of job updated: 46964584
	31761  -  MemoryUsage of job (MB)
	32523220  -  ResidentSetSize of job (KB)
...
006 (9634719.000.000) 04/15 09:10:13 Image size of job updated: 47007988
	31866  -  MemoryUsage of job (MB)
	32630544  -  ResidentSetSize of job (KB)
...
006 (9634719.000.000) 04/15 09:15:13 Image size of job updated: 47065764
	31967  -  MemoryUsage of job (MB)
	32733608  -  ResidentSetSize of job (KB)
...
006 (9634719.000.000) 04/15 09:20:14 Image size of job updated: 47123280
	32068  -  MemoryUsage of job (MB)
	32837300  -  ResidentSetSize of job (KB)
...
006 (9634719.000.000) 04/15 09:25:15 Image size of job updated: 47185072
	32179  -  MemoryUsage of job (MB)
	32950560  -  ResidentSetSize of job (KB)
...
006 (9634719.000.000) 04/15 09:30:15 Image size of job updated: 47226272
	32279  -  MemoryUsage of job (MB)
	33053092  -  ResidentSetSize of job (KB)
...
006 (9634719.000.000) 04/15 09:35:15 Image size of job updated: 47286640
	32385  -  MemoryUsage of job (MB)
	33162132  -  ResidentSetSize of job (KB)
...
006 (9634719.000.000) 04/15 09:40:16 Image size of job updated: 47353484
	32510  -  MemoryUsage of job (MB)
	33289596  -  ResidentSetSize of job (KB)
...
006 (9634719.000.000) 04/15 09:45:16 Image size of job updated: 47415276
	32623  -  MemoryUsage of job (MB)
	33405272  -  ResidentSetSize of job (KB)
...
006 (9634719.000.000) 04/15 09:50:16 Image size of job updated: 47478368
	32738  -  MemoryUsage of job (MB)
	33523072  -  ResidentSetSize of job (KB)
...
006 (9634719.000.000) 04/15 09:55:17 Image size of job updated: 47538732
	32852  -  MemoryUsage of job (MB)
	33639800  -  ResidentSetSize of job (KB)
...
006 (9634719.000.000) 04/15 10:00:18 Image size of job updated: 47604800
	32852  -  MemoryUsage of job (MB)
	33639800  -  ResidentSetSize of job (KB)
...
006 (9634719.000.000) 04/15 10:05:18 Image size of job updated: 47655196
	32852  -  MemoryUsage of job (MB)
	33639800  -  ResidentSetSize of job (KB)
...
006 (9634719.000.000) 04/15 10:10:19 Image size of job updated: 47719584
	32852  -  MemoryUsage of job (MB)
	33639800  -  ResidentSetSize of job (KB)
...
006 (9634719.000.000) 04/15 10:15:21 Image size of job updated: 47783836
	32852  -  MemoryUsage of job (MB)
	33639800  -  ResidentSetSize of job (KB)
...
006 (9634719.000.000) 04/15 10:20:21 Image size of job updated: 47846924
	32852  -  MemoryUsage of job (MB)
	33639800  -  ResidentSetSize of job (KB)
...
006 (9634719.000.000) 04/15 10:25:21 Image size of job updated: 47904832
	32852  -  MemoryUsage of job (MB)
	33639800  -  ResidentSetSize of job (KB)
...
006 (9634719.000.000) 04/15 10:30:21 Image size of job updated: 47940328
	32852  -  MemoryUsage of job (MB)
	33639800  -  ResidentSetSize of job (KB)
...
006 (9634719.000.000) 04/15 10:35:22 Image size of job updated: 47991884
	32852  -  MemoryUsage of job (MB)
	33639800  -  ResidentSetSize of job (KB)
...
006 (9634719.000.000) 04/15 10:40:22 Image size of job updated: 48043572
	32852  -  MemoryUsage of job (MB)
	33639800  -  ResidentSetSize of job (KB)
...
006 (9634719.000.000) 04/15 10:45:22 Image size of job updated: 48079200
	32852  -  MemoryUsage of job (MB)
	33639800  -  ResidentSetSize of job (KB)
...
006 (9634719.000.000) 04/15 10:50:23 Image size of job updated: 48129464
	32852  -  MemoryUsage of job (MB)
	33639800  -  ResidentSetSize of job (KB)
...
006 (9634719.000.000) 04/15 10:55:24 Image size of job updated: 48179336
	32852  -  MemoryUsage of job (MB)
	33639800  -  ResidentSetSize of job (KB)
...
006 (9634719.000.000) 04/15 11:00:24 Image size of job updated: 48214964
	32852  -  MemoryUsage of job (MB)
	33639800  -  ResidentSetSize of job (KB)
...
006 (9634719.000.000) 04/15 11:05:25 Image size of job updated: 48265356
	32852  -  MemoryUsage of job (MB)
	33639800  -  ResidentSetSize of job (KB)
...
006 (9634719.000.000) 04/15 11:10:26 Image size of job updated: 48301760
	32852  -  MemoryUsage of job (MB)
	33639800  -  ResidentSetSize of job (KB)
...
006 (9634719.000.000) 04/15 11:15:26 Image size of job updated: 48354616
	32852  -  MemoryUsage of job (MB)
	33639800  -  ResidentSetSize of job (KB)
...
006 (9634719.000.000) 04/15 11:20:26 Image size of job updated: 48406172
	32852  -  MemoryUsage of job (MB)
	33639800  -  ResidentSetSize of job (KB)
...
006 (9634719.000.000) 04/15 11:25:28 Image size of job updated: 48461228
	32852  -  MemoryUsage of job (MB)
	33639800  -  ResidentSetSize of job (KB)
...
006 (9634719.000.000) 04/15 11:30:28 Image size of job updated: 48503460
	32852  -  MemoryUsage of job (MB)
	33639800  -  ResidentSetSize of job (KB)
...
006 (9634719.000.000) 04/15 11:35:28 Image size of job updated: 48560980
	32852  -  MemoryUsage of job (MB)
	33639800  -  ResidentSetSize of job (KB)
...
006 (9634719.000.000) 04/15 11:40:29 Image size of job updated: 48621220
	32852  -  MemoryUsage of job (MB)
	33639800  -  ResidentSetSize of job (KB)
...
006 (9634719.000.000) 04/15 11:45:30 Image size of job updated: 48684564
	32852  -  MemoryUsage of job (MB)
	33639800  -  ResidentSetSize of job (KB)
...
006 (9634719.000.000) 04/15 11:50:30 Image size of job updated: 48724856
	32852  -  MemoryUsage of job (MB)
	33639800  -  ResidentSetSize of job (KB)
...
006 (9634719.000.000) 04/15 11:55:30 Image size of job updated: 48775640
	32852  -  MemoryUsage of job (MB)
	33639800  -  ResidentSetSize of job (KB)
...
006 (9634719.000.000) 04/15 12:00:31 Image size of job updated: 48833156
	32852  -  MemoryUsage of job (MB)
	33639800  -  ResidentSetSize of job (KB)
...
006 (9634719.000.000) 04/15 12:05:32 Image size of job updated: 48869172
	32852  -  MemoryUsage of job (MB)
	33639800  -  ResidentSetSize of job (KB)
...
006 (9634719.000.000) 04/15 12:10:32 Image size of job updated: 48923708
	32852  -  MemoryUsage of job (MB)
	33639800  -  ResidentSetSize of job (KB)
...
006 (9634719.000.000) 04/15 12:15:33 Image size of job updated: 48977340
	32852  -  MemoryUsage of job (MB)
	33639800  -  ResidentSetSize of job (KB)
...
006 (9634719.000.000) 04/15 12:20:34 Image size of job updated: 49013744
	32852  -  MemoryUsage of job (MB)
	33639800  -  ResidentSetSize of job (KB)
...
006 (9634719.000.000) 04/15 12:25:34 Image size of job updated: 49065820
	32852  -  MemoryUsage of job (MB)
	33639800  -  ResidentSetSize of job (KB)
...
006 (9634719.000.000) 04/15 12:30:34 Image size of job updated: 49116080
	32852  -  MemoryUsage of job (MB)
	33639800  -  ResidentSetSize of job (KB)
...
006 (9634719.000.000) 04/15 12:35:36 Image size of job updated: 49154300
	32852  -  MemoryUsage of job (MB)
	33639800  -  ResidentSetSize of job (KB)
...
006 (9634719.000.000) 04/15 12:40:36 Image size of job updated: 49203268
	32852  -  MemoryUsage of job (MB)
	33639800  -  ResidentSetSize of job (KB)
...
006 (9634719.000.000) 04/15 12:45:36 Image size of job updated: 49253528
	32852  -  MemoryUsage of job (MB)
	33639800  -  ResidentSetSize of job (KB)
...
006 (9634719.000.000) 04/15 12:50:37 Image size of job updated: 49290196
	32852  -  MemoryUsage of job (MB)
	33639800  -  ResidentSetSize of job (KB)
...
006 (9634719.000.000) 04/15 12:55:38 Image size of job updated: 49341752
	32852  -  MemoryUsage of job (MB)
	33639800  -  ResidentSetSize of job (KB)
...
006 (9634719.000.000) 04/15 13:00:38 Image size of job updated: 49394088
	32852  -  MemoryUsage of job (MB)
	33639800  -  ResidentSetSize of job (KB)
...
006 (9634719.000.000) 04/15 13:05:39 Image size of job updated: 49430104
	32852  -  MemoryUsage of job (MB)
	33639800  -  ResidentSetSize of job (KB)
...
006 (9634719.000.000) 04/15 13:10:40 Image size of job updated: 49483344
	32852  -  MemoryUsage of job (MB)
	33639800  -  ResidentSetSize of job (KB)
...
006 (9634719.000.000) 04/15 13:15:41 Image size of job updated: 49535420
	32852  -  MemoryUsage of job (MB)
	33639800  -  ResidentSetSize of job (KB)
...
006 (9634719.000.000) 04/15 13:20:41 Image size of job updated: 49569232
	32852  -  MemoryUsage of job (MB)
	33639800  -  ResidentSetSize of job (KB)
...
006 (9634719.000.000) 04/15 13:25:41 Image size of job updated: 49618720
	32852  -  MemoryUsage of job (MB)
	33639800  -  ResidentSetSize of job (KB)
...
006 (9634719.000.000) 04/15 13:30:42 Image size of job updated: 49649684
	32852  -  MemoryUsage of job (MB)
	33639800  -  ResidentSetSize of job (KB)
...
006 (9634719.000.000) 04/15 13:35:42 Image size of job updated: 49697872
	32852  -  MemoryUsage of job (MB)
	33639800  -  ResidentSetSize of job (KB)
...
006 (9634719.000.000) 04/15 13:40:42 Image size of job updated: 49730652
	32852  -  MemoryUsage of job (MB)
	33639800  -  ResidentSetSize of job (KB)
...
006 (9634719.000.000) 04/15 13:45:43 Image size of job updated: 49779096
	32852  -  MemoryUsage of job (MB)
	33639800  -  ResidentSetSize of job (KB)
...
006 (9634719.000.000) 04/15 13:50:43 Image size of job updated: 49826124
	32852  -  MemoryUsage of job (MB)
	33639800  -  ResidentSetSize of job (KB)
...
006 (9634719.000.000) 04/15 13:55:43 Image size of job updated: 49857476
	32852  -  MemoryUsage of job (MB)
	33639800  -  ResidentSetSize of job (KB)
...
006 (9634719.000.000) 04/15 14:00:44 Image size of job updated: 49906960
	32852  -  MemoryUsage of job (MB)
	33639800  -  ResidentSetSize of job (KB)
...
006 (9634719.000.000) 04/15 14:05:44 Image size of job updated: 49939088
	32852  -  MemoryUsage of job (MB)
	33639800  -  ResidentSetSize of job (KB)
...
