000 (9634704.000.000) 04/14 16:00:38 Job submitted from host: <137.138.156.150:9618?addrs=137.138.156.150-9618+[2001-1458-d00-14--9a]-9618&alias=bigbird13.cern.ch&noUDP&sock=schedd_2138_1192>
...
040 (9634704.000.000) 04/14 16:01:32 Started transferring input files
	Transferring to host: <128.142.58.78:9618?addrs=128.142.58.78-9618&alias=b7s03p4846.cern.ch&noUDP&sock=slot1_9_7442_4fe8_101430>
...
040 (9634704.000.000) 04/14 16:01:32 Finished transferring input files
...
001 (9634704.000.000) 04/14 16:01:33 Job executing on host: <128.142.58.78:9618?addrs=128.142.58.78-9618&alias=b7s03p4846.cern.ch&noUDP&sock=startd_7377_963e>
...
006 (9634704.000.000) 04/14 16:01:42 Image size of job updated: 143152
	59  -  MemoryUsage of job (MB)
	59600  -  ResidentSetSize of job (KB)
...
006 (9634704.000.000) 04/14 16:06:43 Image size of job updated: 1209976
	220  -  MemoryUsage of job (MB)
	224336  -  ResidentSetSize of job (KB)
...
006 (9634704.000.000) 04/14 16:11:43 Image size of job updated: 1210744
	220  -  MemoryUsage of job (MB)
	225008  -  ResidentSetSize of job (KB)
...
006 (9634704.000.000) 04/14 16:16:44 Image size of job updated: 1211256
	221  -  MemoryUsage of job (MB)
	225728  -  ResidentSetSize of job (KB)
...
006 (9634704.000.000) 04/14 16:21:45 Image size of job updated: 3407664
	1393  -  MemoryUsage of job (MB)
	1426312  -  ResidentSetSize of job (KB)
...
006 (9634704.000.000) 04/14 16:26:45 Image size of job updated: 26262944
	9738  -  MemoryUsage of job (MB)
	9971204  -  ResidentSetSize of job (KB)
...
006 (9634704.000.000) 04/14 16:31:45 Image size of job updated: 26321828
	9843  -  MemoryUsage of job (MB)
	10078460  -  ResidentSetSize of job (KB)
...
006 (9634704.000.000) 04/14 16:36:46 Image size of job updated: 26394436
	9925  -  MemoryUsage of job (MB)
	10162664  -  ResidentSetSize of job (KB)
...
006 (9634704.000.000) 04/14 16:41:47 Image size of job updated: 26535404
	10035  -  MemoryUsage of job (MB)
	10275688  -  ResidentSetSize of job (KB)
...
006 (9634704.000.000) 04/14 16:46:47 Image size of job updated: 26570584
	10118  -  MemoryUsage of job (MB)
	10359876  -  ResidentSetSize of job (KB)
...
006 (9634704.000.000) 04/14 16:51:48 Image size of job updated: 26616376
	10203  -  MemoryUsage of job (MB)
	10447680  -  ResidentSetSize of job (KB)
...
006 (9634704.000.000) 04/14 16:56:49 Image size of job updated: 26663760
	10291  -  MemoryUsage of job (MB)
	10537624  -  ResidentSetSize of job (KB)
...
006 (9634704.000.000) 04/14 17:01:49 Image size of job updated: 26857140
	10378  -  MemoryUsage of job (MB)
	10626296  -  ResidentSetSize of job (KB)
...
006 (9634704.000.000) 04/14 17:06:49 Image size of job updated: 26908696
	10473  -  MemoryUsage of job (MB)
	10723644  -  ResidentSetSize of job (KB)
...
006 (9634704.000.000) 04/14 17:11:51 Image size of job updated: 26964272
	10578  -  MemoryUsage of job (MB)
	10831376  -  ResidentSetSize of job (KB)
...
006 (9634704.000.000) 04/14 17:16:51 Image size of job updated: 27022216
	10687  -  MemoryUsage of job (MB)
	10942520  -  ResidentSetSize of job (KB)
...
006 (9634704.000.000) 04/14 17:21:51 Image size of job updated: 27074812
	10785  -  MemoryUsage of job (MB)
	11043312  -  ResidentSetSize of job (KB)
...
006 (9634704.000.000) 04/14 17:26:52 Image size of job updated: 27141496
	10911  -  MemoryUsage of job (MB)
	11172260  -  ResidentSetSize of job (KB)
...
006 (9634704.000.000) 04/14 17:31:53 Image size of job updated: 27504256
	11042  -  MemoryUsage of job (MB)
	11306880  -  ResidentSetSize of job (KB)
...
006 (9634704.000.000) 04/14 17:36:53 Image size of job updated: 27571716
	11173  -  MemoryUsage of job (MB)
	11440236  -  ResidentSetSize of job (KB)
...
006 (9634704.000.000) 04/14 17:41:53 Image size of job updated: 27638648
	11299  -  MemoryUsage of job (MB)
	11570176  -  ResidentSetSize of job (KB)
...
006 (9634704.000.000) 04/14 17:46:55 Image size of job updated: 27704652
	11427  -  MemoryUsage of job (MB)
	11700256  -  ResidentSetSize of job (KB)
...
006 (9634704.000.000) 04/14 17:51:55 Image size of job updated: 27772404
	11553  -  MemoryUsage of job (MB)
	11829908  -  ResidentSetSize of job (KB)
...
006 (9634704.000.000) 04/14 17:56:55 Image size of job updated: 27829664
	11663  -  MemoryUsage of job (MB)
	11942900  -  ResidentSetSize of job (KB)
...
006 (9634704.000.000) 04/14 18:01:56 Image size of job updated: 27889188
	11779  -  MemoryUsage of job (MB)
	12060680  -  ResidentSetSize of job (KB)
...
006 (9634704.000.000) 04/14 18:06:57 Image size of job updated: 27936796
	11874  -  MemoryUsage of job (MB)
	12158024  -  ResidentSetSize of job (KB)
...
006 (9634704.000.000) 04/14 18:11:57 Image size of job updated: 27983884
	11965  -  MemoryUsage of job (MB)
	12251968  -  ResidentSetSize of job (KB)
...
006 (9634704.000.000) 04/14 18:16:58 Image size of job updated: 28032204
	12054  -  MemoryUsage of job (MB)
	12342468  -  ResidentSetSize of job (KB)
...
006 (9634704.000.000) 04/14 18:21:59 Image size of job updated: 28077744
	12140  -  MemoryUsage of job (MB)
	12431228  -  ResidentSetSize of job (KB)
...
006 (9634704.000.000) 04/14 18:26:59 Image size of job updated: 28712064
	12225  -  MemoryUsage of job (MB)
	12517704  -  ResidentSetSize of job (KB)
...
006 (9634704.000.000) 04/14 18:31:59 Image size of job updated: 28759672
	12318  -  MemoryUsage of job (MB)
	12612940  -  ResidentSetSize of job (KB)
...
006 (9634704.000.000) 04/14 18:37:00 Image size of job updated: 28805468
	12405  -  MemoryUsage of job (MB)
	12702068  -  ResidentSetSize of job (KB)
...
006 (9634704.000.000) 04/14 18:42:00 Image size of job updated: 28850228
	12492  -  MemoryUsage of job (MB)
	12791100  -  ResidentSetSize of job (KB)
...
006 (9634704.000.000) 04/14 18:47:00 Image size of job updated: 28898416
	12584  -  MemoryUsage of job (MB)
	12885096  -  ResidentSetSize of job (KB)
...
006 (9634704.000.000) 04/14 18:52:01 Image size of job updated: 28946412
	12679  -  MemoryUsage of job (MB)
	12982552  -  ResidentSetSize of job (KB)
...
006 (9634704.000.000) 04/14 18:57:02 Image size of job updated: 28993116
	12770  -  MemoryUsage of job (MB)
	13076384  -  ResidentSetSize of job (KB)
...
006 (9634704.000.000) 04/14 19:02:02 Image size of job updated: 29042344
	12863  -  MemoryUsage of job (MB)
	13171196  -  ResidentSetSize of job (KB)
...
006 (9634704.000.000) 04/14 19:07:03 Image size of job updated: 29090728
	12959  -  MemoryUsage of job (MB)
	13269560  -  ResidentSetSize of job (KB)
...
006 (9634704.000.000) 04/14 19:12:04 Image size of job updated: 29140344
	13057  -  MemoryUsage of job (MB)
	13369572  -  ResidentSetSize of job (KB)
...
006 (9634704.000.000) 04/14 19:17:04 Image size of job updated: 29189896
	13153  -  MemoryUsage of job (MB)
	13468624  -  ResidentSetSize of job (KB)
...
006 (9634704.000.000) 04/14 19:22:04 Image size of job updated: 29244176
	13257  -  MemoryUsage of job (MB)
	13574772  -  ResidentSetSize of job (KB)
...
006 (9634704.000.000) 04/14 19:27:05 Image size of job updated: 29300980
	13361  -  MemoryUsage of job (MB)
	13680876  -  ResidentSetSize of job (KB)
...
006 (9634704.000.000) 04/14 19:32:05 Image size of job updated: 29356932
	13464  -  MemoryUsage of job (MB)
	13786340  -  ResidentSetSize of job (KB)
...
006 (9634704.000.000) 04/14 19:37:05 Image size of job updated: 29414060
	13572  -  MemoryUsage of job (MB)
	13897104  -  ResidentSetSize of job (KB)
...
006 (9634704.000.000) 04/14 19:42:06 Image size of job updated: 29484016
	13701  -  MemoryUsage of job (MB)
	14029816  -  ResidentSetSize of job (KB)
...
006 (9634704.000.000) 04/14 19:47:07 Image size of job updated: 29554096
	13834  -  MemoryUsage of job (MB)
	14165160  -  ResidentSetSize of job (KB)
...
006 (9634704.000.000) 04/14 19:52:07 Image size of job updated: 29618616
	13963  -  MemoryUsage of job (MB)
	14297288  -  ResidentSetSize of job (KB)
...
006 (9634704.000.000) 04/14 19:57:07 Image size of job updated: 29688052
	14095  -  MemoryUsage of job (MB)
	14432304  -  ResidentSetSize of job (KB)
...
006 (9634704.000.000) 04/14 20:02:08 Image size of job updated: 29757356
	14228  -  MemoryUsage of job (MB)
	14569296  -  ResidentSetSize of job (KB)
...
006 (9634704.000.000) 04/14 20:07:08 Image size of job updated: 29824592
	14355  -  MemoryUsage of job (MB)
	14699440  -  ResidentSetSize of job (KB)
...
006 (9634704.000.000) 04/14 20:12:08 Image size of job updated: 29886904
	14478  -  MemoryUsage of job (MB)
	14824912  -  ResidentSetSize of job (KB)
...
006 (9634704.000.000) 04/14 20:17:09 Image size of job updated: 29951544
	14597  -  MemoryUsage of job (MB)
	14946708  -  ResidentSetSize of job (KB)
...
006 (9634704.000.000) 04/14 20:22:10 Image size of job updated: 31190656
	14713  -  MemoryUsage of job (MB)
	15065284  -  ResidentSetSize of job (KB)
...
006 (9634704.000.000) 04/14 20:27:10 Image size of job updated: 31255816
	14834  -  MemoryUsage of job (MB)
	15189516  -  ResidentSetSize of job (KB)
...
006 (9634704.000.000) 04/14 20:32:10 Image size of job updated: 31317220
	14956  -  MemoryUsage of job (MB)
	15314284  -  ResidentSetSize of job (KB)
...
006 (9634704.000.000) 04/14 20:37:11 Image size of job updated: 31384976
	15084  -  MemoryUsage of job (MB)
	15445972  -  ResidentSetSize of job (KB)
...
006 (9634704.000.000) 04/14 20:42:11 Image size of job updated: 31451820
	15212  -  MemoryUsage of job (MB)
	15576696  -  ResidentSetSize of job (KB)
...
006 (9634704.000.000) 04/14 20:47:11 Image size of job updated: 31519572
	15340  -  MemoryUsage of job (MB)
	15707572  -  ResidentSetSize of job (KB)
...
006 (9634704.000.000) 04/14 20:52:12 Image size of job updated: 31583824
	15471  -  MemoryUsage of job (MB)
	15841704  -  ResidentSetSize of job (KB)
...
006 (9634704.000.000) 04/14 20:57:13 Image size of job updated: 31653264
	15605  -  MemoryUsage of job (MB)
	15978856  -  ResidentSetSize of job (KB)
...
006 (9634704.000.000) 04/14 21:02:13 Image size of job updated: 31721404
	15736  -  MemoryUsage of job (MB)
	16112776  -  ResidentSetSize of job (KB)
...
006 (9634704.000.000) 04/14 21:07:14 Image size of job updated: 31789544
	15866  -  MemoryUsage of job (MB)
	16246236  -  ResidentSetSize of job (KB)
...
006 (9634704.000.000) 04/14 21:12:15 Image size of job updated: 31858852
	16000  -  MemoryUsage of job (MB)
	16383088  -  ResidentSetSize of job (KB)
...
006 (9634704.000.000) 04/14 21:17:15 Image size of job updated: 31923756
	16133  -  MemoryUsage of job (MB)
	16519732  -  ResidentSetSize of job (KB)
...
006 (9634704.000.000) 04/14 21:22:15 Image size of job updated: 31990988
	16261  -  MemoryUsage of job (MB)
	16650852  -  ResidentSetSize of job (KB)
...
006 (9634704.000.000) 04/14 21:27:16 Image size of job updated: 32057832
	16389  -  MemoryUsage of job (MB)
	16782312  -  ResidentSetSize of job (KB)
...
006 (9634704.000.000) 04/14 21:32:17 Image size of job updated: 32119368
	16389  -  MemoryUsage of job (MB)
	16782312  -  ResidentSetSize of job (KB)
...
006 (9634704.000.000) 04/14 21:37:17 Image size of job updated: 32185440
	16389  -  MemoryUsage of job (MB)
	16782312  -  ResidentSetSize of job (KB)
...
006 (9634704.000.000) 04/14 21:42:17 Image size of job updated: 32253060
	16389  -  MemoryUsage of job (MB)
	16782312  -  ResidentSetSize of job (KB)
...
006 (9634704.000.000) 04/14 21:47:18 Image size of job updated: 32313688
	16389  -  MemoryUsage of job (MB)
	16782312  -  ResidentSetSize of job (KB)
...
006 (9634704.000.000) 04/14 21:52:18 Image size of job updated: 32379624
	16389  -  MemoryUsage of job (MB)
	16782312  -  ResidentSetSize of job (KB)
...
006 (9634704.000.000) 04/14 21:57:18 Image size of job updated: 32441552
	16389  -  MemoryUsage of job (MB)
	16782312  -  ResidentSetSize of job (KB)
...
006 (9634704.000.000) 04/14 22:02:19 Image size of job updated: 32497128
	16389  -  MemoryUsage of job (MB)
	16782312  -  ResidentSetSize of job (KB)
...
006 (9634704.000.000) 04/14 22:07:20 Image size of job updated: 32557104
	16389  -  MemoryUsage of job (MB)
	16782312  -  ResidentSetSize of job (KB)
...
006 (9634704.000.000) 04/14 22:12:20 Image size of job updated: 32613200
	16389  -  MemoryUsage of job (MB)
	16782312  -  ResidentSetSize of job (KB)
...
006 (9634704.000.000) 04/14 22:17:20 Image size of job updated: 32671236
	16389  -  MemoryUsage of job (MB)
	16782312  -  ResidentSetSize of job (KB)
...
006 (9634704.000.000) 04/14 22:22:21 Image size of job updated: 32726812
	16389  -  MemoryUsage of job (MB)
	16782312  -  ResidentSetSize of job (KB)
...
006 (9634704.000.000) 04/14 22:27:21 Image size of job updated: 32783940
	16389  -  MemoryUsage of job (MB)
	16782312  -  ResidentSetSize of job (KB)
...
006 (9634704.000.000) 04/14 22:32:21 Image size of job updated: 32845296
	16389  -  MemoryUsage of job (MB)
	16782312  -  ResidentSetSize of job (KB)
...
006 (9634704.000.000) 04/14 22:37:22 Image size of job updated: 32904364
	16389  -  MemoryUsage of job (MB)
	16782312  -  ResidentSetSize of job (KB)
...
006 (9634704.000.000) 04/14 22:42:23 Image size of job updated: 32957224
	16389  -  MemoryUsage of job (MB)
	16782312  -  ResidentSetSize of job (KB)
...
006 (9634704.000.000) 04/14 22:47:23 Image size of job updated: 33012280
	16389  -  MemoryUsage of job (MB)
	16782312  -  ResidentSetSize of job (KB)
...
006 (9634704.000.000) 04/14 22:52:24 Image size of job updated: 33060600
	16389  -  MemoryUsage of job (MB)
	16782312  -  ResidentSetSize of job (KB)
...
006 (9634704.000.000) 04/14 22:57:25 Image size of job updated: 33119544
	16389  -  MemoryUsage of job (MB)
	16782312  -  ResidentSetSize of job (KB)
...
006 (9634704.000.000) 04/14 23:02:25 Image size of job updated: 33165660
	16389  -  MemoryUsage of job (MB)
	16782312  -  ResidentSetSize of job (KB)
...
006 (9634704.000.000) 04/14 23:07:25 Image size of job updated: 33210876
	16389  -  MemoryUsage of job (MB)
	16782312  -  ResidentSetSize of job (KB)
...
006 (9634704.000.000) 04/14 23:12:26 Image size of job updated: 33265800
	16389  -  MemoryUsage of job (MB)
	16782312  -  ResidentSetSize of job (KB)
...
006 (9634704.000.000) 04/14 23:17:26 Image size of job updated: 33312180
	16389  -  MemoryUsage of job (MB)
	16782312  -  ResidentSetSize of job (KB)
...
006 (9634704.000.000) 04/14 23:22:26 Image size of job updated: 33367104
	16389  -  MemoryUsage of job (MB)
	16782312  -  ResidentSetSize of job (KB)
...
006 (9634704.000.000) 04/14 23:27:27 Image size of job updated: 33415168
	16389  -  MemoryUsage of job (MB)
	16782312  -  ResidentSetSize of job (KB)
...
006 (9634704.000.000) 04/14 23:32:28 Image size of job updated: 33471908
	16389  -  MemoryUsage of job (MB)
	16782312  -  ResidentSetSize of job (KB)
...
006 (9634704.000.000) 04/14 23:37:28 Image size of job updated: 33520228
	16389  -  MemoryUsage of job (MB)
	16782312  -  ResidentSetSize of job (KB)
...
006 (9634704.000.000) 04/14 23:42:29 Image size of job updated: 33568808
	16389  -  MemoryUsage of job (MB)
	16782312  -  ResidentSetSize of job (KB)
...
006 (9634704.000.000) 04/14 23:47:30 Image size of job updated: 33628400
	16389  -  MemoryUsage of job (MB)
	16782312  -  ResidentSetSize of job (KB)
...
006 (9634704.000.000) 04/14 23:52:30 Image size of job updated: 33687212
	16389  -  MemoryUsage of job (MB)
	16782312  -  ResidentSetSize of job (KB)
...
006 (9634704.000.000) 04/14 23:57:30 Image size of job updated: 36095348
	16389  -  MemoryUsage of job (MB)
	16782312  -  ResidentSetSize of job (KB)
...
006 (9634704.000.000) 04/15 00:02:31 Image size of job updated: 36159212
	16389  -  MemoryUsage of job (MB)
	16782312  -  ResidentSetSize of job (KB)
...
006 (9634704.000.000) 04/15 00:07:31 Image size of job updated: 36214144
	16389  -  MemoryUsage of job (MB)
	16782312  -  ResidentSetSize of job (KB)
...
006 (9634704.000.000) 04/15 00:12:31 Image size of job updated: 36272956
	16389  -  MemoryUsage of job (MB)
	16782312  -  ResidentSetSize of job (KB)
...
006 (9634704.000.000) 04/15 00:17:32 Image size of job updated: 36337076
	16389  -  MemoryUsage of job (MB)
	16782312  -  ResidentSetSize of job (KB)
...
006 (9634704.000.000) 04/15 00:22:33 Image size of job updated: 36392140
	16389  -  MemoryUsage of job (MB)
	16782312  -  ResidentSetSize of job (KB)
...
006 (9634704.000.000) 04/15 00:27:33 Image size of job updated: 36457168
	16389  -  MemoryUsage of job (MB)
	16782312  -  ResidentSetSize of job (KB)
...
006 (9634704.000.000) 04/15 00:32:34 Image size of job updated: 36527516
	16389  -  MemoryUsage of job (MB)
	16782312  -  ResidentSetSize of job (KB)
...
006 (9634704.000.000) 04/15 00:37:35 Image size of job updated: 36590472
	16389  -  MemoryUsage of job (MB)
	16782312  -  ResidentSetSize of job (KB)
...
006 (9634704.000.000) 04/15 00:42:35 Image size of job updated: 36655244
	16389  -  MemoryUsage of job (MB)
	16782312  -  ResidentSetSize of job (KB)
...
006 (9634704.000.000) 04/15 00:47:36 Image size of job updated: 36714188
	16389  -  MemoryUsage of job (MB)
	16782312  -  ResidentSetSize of job (KB)
...
006 (9634704.000.000) 04/15 00:52:37 Image size of job updated: 36782328
	16389  -  MemoryUsage of job (MB)
	16782312  -  ResidentSetSize of job (KB)
...
006 (9634704.000.000) 04/15 00:57:37 Image size of job updated: 36849564
	16389  -  MemoryUsage of job (MB)
	16782312  -  ResidentSetSize of job (KB)
...
006 (9634704.000.000) 04/15 01:02:37 Image size of job updated: 36912520
	16389  -  MemoryUsage of job (MB)
	16782312  -  ResidentSetSize of job (KB)
...
006 (9634704.000.000) 04/15 01:07:39 Image size of job updated: 36976904
	16389  -  MemoryUsage of job (MB)
	16782312  -  ResidentSetSize of job (KB)
...
006 (9634704.000.000) 04/15 01:12:39 Image size of job updated: 37035980
	16389  -  MemoryUsage of job (MB)
	16782312  -  ResidentSetSize of job (KB)
...
006 (9634704.000.000) 04/15 01:17:39 Image size of job updated: 37102824
	16389  -  MemoryUsage of job (MB)
	16782312  -  ResidentSetSize of job (KB)
...
006 (9634704.000.000) 04/15 01:22:40 Image size of job updated: 37170192
	16389  -  MemoryUsage of job (MB)
	16782312  -  ResidentSetSize of job (KB)
...
006 (9634704.000.000) 04/15 01:27:41 Image size of job updated: 37237292
	16389  -  MemoryUsage of job (MB)
	16782312  -  ResidentSetSize of job (KB)
...
006 (9634704.000.000) 04/15 01:32:41 Image size of job updated: 37304136
	16389  -  MemoryUsage of job (MB)
	16782312  -  ResidentSetSize of job (KB)
...
006 (9634704.000.000) 04/15 01:37:41 Image size of job updated: 37357384
	16389  -  MemoryUsage of job (MB)
	16782312  -  ResidentSetSize of job (KB)
...
006 (9634704.000.000) 04/15 01:42:42 Image size of job updated: 37420864
	16389  -  MemoryUsage of job (MB)
	16782312  -  ResidentSetSize of job (KB)
...
006 (9634704.000.000) 04/15 01:47:42 Image size of job updated: 37488872
	16389  -  MemoryUsage of job (MB)
	16782312  -  ResidentSetSize of job (KB)
...
006 (9634704.000.000) 04/15 01:52:42 Image size of job updated: 37556492
	16389  -  MemoryUsage of job (MB)
	16782312  -  ResidentSetSize of job (KB)
...
006 (9634704.000.000) 04/15 01:57:43 Image size of job updated: 37622564
	16389  -  MemoryUsage of job (MB)
	16782312  -  ResidentSetSize of job (KB)
...
006 (9634704.000.000) 04/15 02:02:44 Image size of job updated: 37682412
	16389  -  MemoryUsage of job (MB)
	16782312  -  ResidentSetSize of job (KB)
...
006 (9634704.000.000) 04/15 02:07:44 Image size of job updated: 37750556
	16389  -  MemoryUsage of job (MB)
	16782312  -  ResidentSetSize of job (KB)
...
006 (9634704.000.000) 04/15 02:12:45 Image size of job updated: 37817788
	16389  -  MemoryUsage of job (MB)
	16782312  -  ResidentSetSize of job (KB)
...
006 (9634704.000.000) 04/15 02:17:46 Image size of job updated: 37887224
	16389  -  MemoryUsage of job (MB)
	16782312  -  ResidentSetSize of job (KB)
...
006 (9634704.000.000) 04/15 02:22:46 Image size of job updated: 37953164
	16389  -  MemoryUsage of job (MB)
	16782312  -  ResidentSetSize of job (KB)
...
006 (9634704.000.000) 04/15 02:27:46 Image size of job updated: 38021304
	16389  -  MemoryUsage of job (MB)
	16782312  -  ResidentSetSize of job (KB)
...
006 (9634704.000.000) 04/15 02:32:47 Image size of job updated: 38088536
	16389  -  MemoryUsage of job (MB)
	16782312  -  ResidentSetSize of job (KB)
...
006 (9634704.000.000) 04/15 02:37:48 Image size of job updated: 38147224
	16389  -  MemoryUsage of job (MB)
	16782312  -  ResidentSetSize of job (KB)
...
006 (9634704.000.000) 04/15 02:42:48 Image size of job updated: 38211608
	16389  -  MemoryUsage of job (MB)
	16782312  -  ResidentSetSize of job (KB)
...
006 (9634704.000.000) 04/15 02:47:48 Image size of job updated: 38274700
	16389  -  MemoryUsage of job (MB)
	16782312  -  ResidentSetSize of job (KB)
...
006 (9634704.000.000) 04/15 02:52:49 Image size of job updated: 38338952
	16389  -  MemoryUsage of job (MB)
	16782312  -  ResidentSetSize of job (KB)
...
006 (9634704.000.000) 04/15 02:57:49 Image size of job updated: 38397120
	16389  -  MemoryUsage of job (MB)
	16782312  -  ResidentSetSize of job (KB)
...
006 (9634704.000.000) 04/15 03:02:49 Image size of job updated: 38459688
	16389  -  MemoryUsage of job (MB)
	16782312  -  ResidentSetSize of job (KB)
...
006 (9634704.000.000) 04/15 03:07:50 Image size of job updated: 38520572
	16389  -  MemoryUsage of job (MB)
	16782312  -  ResidentSetSize of job (KB)
...
006 (9634704.000.000) 04/15 03:12:51 Image size of job updated: 38572004
	16389  -  MemoryUsage of job (MB)
	16782312  -  ResidentSetSize of job (KB)
...
006 (9634704.000.000) 04/15 03:17:51 Image size of job updated: 38628356
	16389  -  MemoryUsage of job (MB)
	16782312  -  ResidentSetSize of job (KB)
...
006 (9634704.000.000) 04/15 03:22:52 Image size of job updated: 38673440
	16389  -  MemoryUsage of job (MB)
	16782312  -  ResidentSetSize of job (KB)
...
006 (9634704.000.000) 04/15 03:27:53 Image size of job updated: 38717228
	16389  -  MemoryUsage of job (MB)
	16782312  -  ResidentSetSize of job (KB)
...
006 (9634704.000.000) 04/15 03:32:53 Image size of job updated: 38769560
	16389  -  MemoryUsage of job (MB)
	16782312  -  ResidentSetSize of job (KB)
...
006 (9634704.000.000) 04/15 03:37:53 Image size of job updated: 38811664
	16389  -  MemoryUsage of job (MB)
	16782312  -  ResidentSetSize of job (KB)
...
006 (9634704.000.000) 04/15 03:42:54 Image size of job updated: 38853896
	16389  -  MemoryUsage of job (MB)
	16782312  -  ResidentSetSize of job (KB)
...
006 (9634704.000.000) 04/15 03:47:54 Image size of job updated: 38896388
	16389  -  MemoryUsage of job (MB)
	16782312  -  ResidentSetSize of job (KB)
...
006 (9634704.000.000) 04/15 03:52:54 Image size of job updated: 38947944
	16389  -  MemoryUsage of job (MB)
	16782312  -  ResidentSetSize of job (KB)
...
006 (9634704.000.000) 04/15 03:57:55 Image size of job updated: 38993416
	16389  -  MemoryUsage of job (MB)
	16782312  -  ResidentSetSize of job (KB)
...
006 (9634704.000.000) 04/15 04:02:56 Image size of job updated: 39052228
	16389  -  MemoryUsage of job (MB)
	16782312  -  ResidentSetSize of job (KB)
...
006 (9634704.000.000) 04/15 04:07:56 Image size of job updated: 39109232
	16389  -  MemoryUsage of job (MB)
	16782312  -  ResidentSetSize of job (KB)
...
006 (9634704.000.000) 04/15 04:12:57 Image size of job updated: 39164544
	16389  -  MemoryUsage of job (MB)
	16782312  -  ResidentSetSize of job (KB)
...
006 (9634704.000.000) 04/15 04:17:58 Image size of job updated: 39213516
	16389  -  MemoryUsage of job (MB)
	16782312  -  ResidentSetSize of job (KB)
...
006 (9634704.000.000) 04/15 04:22:58 Image size of job updated: 39278156
	16389  -  MemoryUsage of job (MB)
	16782312  -  ResidentSetSize of job (KB)
...
006 (9634704.000.000) 04/15 04:27:58 Image size of job updated: 39342544
	16389  -  MemoryUsage of job (MB)
	16782312  -  ResidentSetSize of job (KB)
...
006 (9634704.000.000) 04/15 04:32:59 Image size of job updated: 39390604
	16389  -  MemoryUsage of job (MB)
	16782312  -  ResidentSetSize of job (KB)
...
006 (9634704.000.000) 04/15 04:37:59 Image size of job updated: 39446052
	16389  -  MemoryUsage of job (MB)
	16782312  -  ResidentSetSize of job (KB)
...
006 (9634704.000.000) 04/15 04:42:59 Image size of job updated: 39493072
	16389  -  MemoryUsage of job (MB)
	16782312  -  ResidentSetSize of job (KB)
...
006 (9634704.000.000) 04/15 04:48:00 Image size of job updated: 39550204
	16389  -  MemoryUsage of job (MB)
	16782312  -  ResidentSetSize of job (KB)
...
006 (9634704.000.000) 04/15 04:53:01 Image size of job updated: 39596580
	16389  -  MemoryUsage of job (MB)
	16782312  -  ResidentSetSize of job (KB)
...
006 (9634704.000.000) 04/15 04:58:01 Image size of job updated: 39641664
	16389  -  MemoryUsage of job (MB)
	16782312  -  ResidentSetSize of job (KB)
...
006 (9634704.000.000) 04/15 05:03:01 Image size of job updated: 39695812
	16389  -  MemoryUsage of job (MB)
	16782312  -  ResidentSetSize of job (KB)
...
006 (9634704.000.000) 04/15 05:08:02 Image size of job updated: 39760100
	16389  -  MemoryUsage of job (MB)
	16782312  -  ResidentSetSize of job (KB)
...
006 (9634704.000.000) 04/15 05:13:03 Image size of job updated: 39814636
	16389  -  MemoryUsage of job (MB)
	16782312  -  ResidentSetSize of job (KB)
...
006 (9634704.000.000) 04/15 05:18:03 Image size of job updated: 39853632
	16389  -  MemoryUsage of job (MB)
	16782312  -  ResidentSetSize of job (KB)
...
006 (9634704.000.000) 04/15 05:23:04 Image size of job updated: 39908948
	16389  -  MemoryUsage of job (MB)
	16782312  -  ResidentSetSize of job (KB)
...
006 (9634704.000.000) 04/15 05:28:05 Image size of job updated: 39963616
	16389  -  MemoryUsage of job (MB)
	16782312  -  ResidentSetSize of job (KB)
...
006 (9634704.000.000) 04/15 05:33:05 Image size of job updated: 40002092
	16389  -  MemoryUsage of job (MB)
	16782312  -  ResidentSetSize of job (KB)
...
006 (9634704.000.000) 04/15 05:38:05 Image size of job updated: 40056240
	16389  -  MemoryUsage of job (MB)
	16782312  -  ResidentSetSize of job (KB)
...
006 (9634704.000.000) 04/15 05:43:06 Image size of job updated: 40109096
	16389  -  MemoryUsage of job (MB)
	16782312  -  ResidentSetSize of job (KB)
...
006 (9634704.000.000) 04/15 05:48:06 Image size of job updated: 40146796
	16389  -  MemoryUsage of job (MB)
	16782312  -  ResidentSetSize of job (KB)
...
006 (9634704.000.000) 04/15 05:53:06 Image size of job updated: 40201720
	16389  -  MemoryUsage of job (MB)
	16782312  -  ResidentSetSize of job (KB)
...
006 (9634704.000.000) 04/15 05:58:07 Image size of job updated: 40256256
	16389  -  MemoryUsage of job (MB)
	16782312  -  ResidentSetSize of job (KB)
...
006 (9634704.000.000) 04/15 06:03:08 Image size of job updated: 40310928
	16389  -  MemoryUsage of job (MB)
	16782312  -  ResidentSetSize of job (KB)
...
006 (9634704.000.000) 04/15 06:08:08 Image size of job updated: 40352904
	16389  -  MemoryUsage of job (MB)
	16782312  -  ResidentSetSize of job (KB)
...
006 (9634704.000.000) 04/15 06:13:09 Image size of job updated: 40408992
	16389  -  MemoryUsage of job (MB)
	16782312  -  ResidentSetSize of job (KB)
...
006 (9634704.000.000) 04/15 06:18:10 Image size of job updated: 40467936
	16389  -  MemoryUsage of job (MB)
	16782312  -  ResidentSetSize of job (KB)
...
006 (9634704.000.000) 04/15 06:23:10 Image size of job updated: 40528436
	16389  -  MemoryUsage of job (MB)
	16782312  -  ResidentSetSize of job (KB)
...
006 (9634704.000.000) 04/15 06:28:10 Image size of job updated: 40570024
	16389  -  MemoryUsage of job (MB)
	16782312  -  ResidentSetSize of job (KB)
...
006 (9634704.000.000) 04/15 06:33:11 Image size of job updated: 40624428
	16389  -  MemoryUsage of job (MB)
	16782312  -  ResidentSetSize of job (KB)
...
006 (9634704.000.000) 04/15 06:38:11 Image size of job updated: 40679352
	16389  -  MemoryUsage of job (MB)
	16782312  -  ResidentSetSize of job (KB)
...
006 (9634704.000.000) 04/15 06:43:11 Image size of job updated: 40717184
	16389  -  MemoryUsage of job (MB)
	16782312  -  ResidentSetSize of job (KB)
...
006 (9634704.000.000) 04/15 06:48:12 Image size of job updated: 40770428
	16389  -  MemoryUsage of job (MB)
	16782312  -  ResidentSetSize of job (KB)
...
006 (9634704.000.000) 04/15 06:53:13 Image size of job updated: 40822504
	16389  -  MemoryUsage of job (MB)
	16782312  -  ResidentSetSize of job (KB)
...
006 (9634704.000.000) 04/15 06:58:13 Image size of job updated: 40858908
	16389  -  MemoryUsage of job (MB)
	16782312  -  ResidentSetSize of job (KB)
...
006 (9634704.000.000) 04/15 07:03:14 Image size of job updated: 40911764
	16389  -  MemoryUsage of job (MB)
	16782312  -  ResidentSetSize of job (KB)
...
006 (9634704.000.000) 04/15 07:08:15 Image size of job updated: 40965004
	16389  -  MemoryUsage of job (MB)
	16782312  -  ResidentSetSize of job (KB)
...
006 (9634704.000.000) 04/15 07:13:15 Image size of job updated: 41002448
	16389  -  MemoryUsage of job (MB)
	16782312  -  ResidentSetSize of job (KB)
...
006 (9634704.000.000) 04/15 07:18:15 Image size of job updated: 41055300
	16389  -  MemoryUsage of job (MB)
	16782312  -  ResidentSetSize of job (KB)
...
006 (9634704.000.000) 04/15 07:23:16 Image size of job updated: 41108024
	16389  -  MemoryUsage of job (MB)
	16782312  -  ResidentSetSize of job (KB)
...
006 (9634704.000.000) 04/15 07:28:16 Image size of job updated: 41141836
	16389  -  MemoryUsage of job (MB)
	16782312  -  ResidentSetSize of job (KB)
...
006 (9634704.000.000) 04/15 07:33:16 Image size of job updated: 41195340
	16389  -  MemoryUsage of job (MB)
	16782312  -  ResidentSetSize of job (KB)
...
006 (9634704.000.000) 04/15 07:38:17 Image size of job updated: 45968724
	16389  -  MemoryUsage of job (MB)
	16782312  -  ResidentSetSize of job (KB)
...
006 (9634704.000.000) 04/15 07:43:18 Image size of job updated: 46007076
	16389  -  MemoryUsage of job (MB)
	16782312  -  ResidentSetSize of job (KB)
...
006 (9634704.000.000) 04/15 07:48:18 Image size of job updated: 46061872
	16389  -  MemoryUsage of job (MB)
	16782312  -  ResidentSetSize of job (KB)
...
006 (9634704.000.000) 04/15 07:53:18 Image size of job updated: 46117836
	16389  -  MemoryUsage of job (MB)
	16782312  -  ResidentSetSize of job (KB)
...
006 (9634704.000.000) 04/15 07:58:19 Image size of job updated: 46174832
	16389  -  MemoryUsage of job (MB)
	16782312  -  ResidentSetSize of job (KB)
...
006 (9634704.000.000) 04/15 08:03:19 Image size of job updated: 46212664
	16389  -  MemoryUsage of job (MB)
	16782312  -  ResidentSetSize of job (KB)
...
006 (9634704.000.000) 04/15 08:08:19 Image size of job updated: 46270184
	16389  -  MemoryUsage of job (MB)
	16782312  -  ResidentSetSize of job (KB)
...
006 (9634704.000.000) 04/15 08:13:20 Image size of job updated: 46326272
	16389  -  MemoryUsage of job (MB)
	16782312  -  ResidentSetSize of job (KB)
...
006 (9634704.000.000) 04/15 08:18:21 Image size of job updated: 46365656
	16389  -  MemoryUsage of job (MB)
	16782312  -  ResidentSetSize of job (KB)
...
006 (9634704.000.000) 04/15 08:23:21 Image size of job updated: 46420712
	16389  -  MemoryUsage of job (MB)
	16782312  -  ResidentSetSize of job (KB)
...
006 (9634704.000.000) 04/15 08:28:22 Image size of job updated: 46475252
	16389  -  MemoryUsage of job (MB)
	16782312  -  ResidentSetSize of job (KB)
...
006 (9634704.000.000) 04/15 08:33:23 Image size of job updated: 46531084
	16389  -  MemoryUsage of job (MB)
	16782312  -  ResidentSetSize of job (KB)
...
006 (9634704.000.000) 04/15 08:38:23 Image size of job updated: 46570988
	16389  -  MemoryUsage of job (MB)
	16782312  -  ResidentSetSize of job (KB)
...
006 (9634704.000.000) 04/15 08:43:23 Image size of job updated: 46633556
	16389  -  MemoryUsage of job (MB)
	16782312  -  ResidentSetSize of job (KB)
...
006 (9634704.000.000) 04/15 08:48:25 Image size of job updated: 46692372
	16389  -  MemoryUsage of job (MB)
	16782312  -  ResidentSetSize of job (KB)
...
006 (9634704.000.000) 04/15 08:53:25 Image size of job updated: 46745612
	16389  -  MemoryUsage of job (MB)
	16782312  -  ResidentSetSize of job (KB)
...
006 (9634704.000.000) 04/15 08:58:25 Image size of job updated: 46777872
	16389  -  MemoryUsage of job (MB)
	16782312  -  ResidentSetSize of job (KB)
...
006 (9634704.000.000) 04/15 09:03:26 Image size of job updated: 46828132
	16389  -  MemoryUsage of job (MB)
	16782312  -  ResidentSetSize of job (KB)
...
006 (9634704.000.000) 04/15 09:08:27 Image size of job updated: 46861556
	16389  -  MemoryUsage of job (MB)
	16782312  -  ResidentSetSize of job (KB)
...
006 (9634704.000.000) 04/15 09:13:27 Image size of job updated: 46911952
	16389  -  MemoryUsage of job (MB)
	16782312  -  ResidentSetSize of job (KB)
...
006 (9634704.000.000) 04/15 09:18:28 Image size of job updated: 46961824
	16389  -  MemoryUsage of job (MB)
	16782312  -  ResidentSetSize of job (KB)
...
006 (9634704.000.000) 04/15 09:23:29 Image size of job updated: 46995248
	16389  -  MemoryUsage of job (MB)
	16782312  -  ResidentSetSize of job (KB)
...
006 (9634704.000.000) 04/15 09:28:29 Image size of job updated: 47045508
	16389  -  MemoryUsage of job (MB)
	16782312  -  ResidentSetSize of job (KB)
...
006 (9634704.000.000) 04/15 09:33:30 Image size of job updated: 47079064
	16389  -  MemoryUsage of job (MB)
	16782312  -  ResidentSetSize of job (KB)
...
006 (9634704.000.000) 04/15 09:38:31 Image size of job updated: 47129716
	16389  -  MemoryUsage of job (MB)
	16782312  -  ResidentSetSize of job (KB)
...
006 (9634704.000.000) 04/15 09:43:31 Image size of job updated: 47180108
	16389  -  MemoryUsage of job (MB)
	16782312  -  ResidentSetSize of job (KB)
...
006 (9634704.000.000) 04/15 09:48:32 Image size of job updated: 47215348
	16389  -  MemoryUsage of job (MB)
	16782312  -  ResidentSetSize of job (KB)
...
006 (9634704.000.000) 04/15 09:53:33 Image size of job updated: 47265996
	16389  -  MemoryUsage of job (MB)
	16782312  -  ResidentSetSize of job (KB)
...
006 (9634704.000.000) 04/15 09:58:33 Image size of job updated: 47299552
	16389  -  MemoryUsage of job (MB)
	16782312  -  ResidentSetSize of job (KB)
...
006 (9634704.000.000) 04/15 10:03:34 Image size of job updated: 47350204
	16389  -  MemoryUsage of job (MB)
	16782312  -  ResidentSetSize of job (KB)
...
006 (9634704.000.000) 04/15 10:08:35 Image size of job updated: 47401372
	16389  -  MemoryUsage of job (MB)
	16782312  -  ResidentSetSize of job (KB)
...
006 (9634704.000.000) 04/15 10:13:35 Image size of job updated: 47435704
	16389  -  MemoryUsage of job (MB)
	16782312  -  ResidentSetSize of job (KB)
...
006 (9634704.000.000) 04/15 10:18:35 Image size of job updated: 47487004
	16389  -  MemoryUsage of job (MB)
	16782312  -  ResidentSetSize of job (KB)
...
006 (9634704.000.000) 04/15 10:23:36 Image size of job updated: 47538564
	16389  -  MemoryUsage of job (MB)
	16782312  -  ResidentSetSize of job (KB)
...
006 (9634704.000.000) 04/15 10:28:36 Image size of job updated: 47573672
	16389  -  MemoryUsage of job (MB)
	16782312  -  ResidentSetSize of job (KB)
...
006 (9634704.000.000) 04/15 10:33:36 Image size of job updated: 47624452
	16389  -  MemoryUsage of job (MB)
	16782312  -  ResidentSetSize of job (KB)
...
006 (9634704.000.000) 04/15 10:38:37 Image size of job updated: 47674712
	16389  -  MemoryUsage of job (MB)
	16782312  -  ResidentSetSize of job (KB)
...
006 (9634704.000.000) 04/15 10:43:37 Image size of job updated: 47708268
	16389  -  MemoryUsage of job (MB)
	16782312  -  ResidentSetSize of job (KB)
...
006 (9634704.000.000) 04/15 10:48:37 Image size of job updated: 47758532
	16389  -  MemoryUsage of job (MB)
	16782312  -  ResidentSetSize of job (KB)
...
006 (9634704.000.000) 04/15 10:53:38 Image size of job updated: 47790792
	16389  -  MemoryUsage of job (MB)
	16782312  -  ResidentSetSize of job (KB)
...
006 (9634704.000.000) 04/15 10:58:38 Image size of job updated: 47840920
	16389  -  MemoryUsage of job (MB)
	16782312  -  ResidentSetSize of job (KB)
...
006 (9634704.000.000) 04/15 11:03:38 Image size of job updated: 47891312
	16389  -  MemoryUsage of job (MB)
	16782312  -  ResidentSetSize of job (KB)
...
006 (9634704.000.000) 04/15 11:08:39 Image size of job updated: 47925388
	16389  -  MemoryUsage of job (MB)
	16782312  -  ResidentSetSize of job (KB)
...
006 (9634704.000.000) 04/15 11:13:39 Image size of job updated: 47976296
	16389  -  MemoryUsage of job (MB)
	16782312  -  ResidentSetSize of job (KB)
...
006 (9634704.000.000) 04/15 11:18:39 Image size of job updated: 48009984
	16389  -  MemoryUsage of job (MB)
	16782312  -  ResidentSetSize of job (KB)
...
006 (9634704.000.000) 04/15 11:23:40 Image size of job updated: 48060632
	16389  -  MemoryUsage of job (MB)
	16782312  -  ResidentSetSize of job (KB)
...
006 (9634704.000.000) 04/15 11:28:40 Image size of job updated: 48110636
	16389  -  MemoryUsage of job (MB)
	16782312  -  ResidentSetSize of job (KB)
...
006 (9634704.000.000) 04/15 11:33:40 Image size of job updated: 48142764
	16389  -  MemoryUsage of job (MB)
	16782312  -  ResidentSetSize of job (KB)
...
006 (9634704.000.000) 04/15 11:38:41 Image size of job updated: 48192640
	16389  -  MemoryUsage of job (MB)
	16782312  -  ResidentSetSize of job (KB)
...
006 (9634704.000.000) 04/15 11:43:41 Image size of job updated: 48226584
	16389  -  MemoryUsage of job (MB)
	16782312  -  ResidentSetSize of job (KB)
...
006 (9634704.000.000) 04/15 11:48:41 Image size of job updated: 48278008
	16389  -  MemoryUsage of job (MB)
	16782312  -  ResidentSetSize of job (KB)
...
006 (9634704.000.000) 04/15 11:53:42 Image size of job updated: 48329696
	16389  -  MemoryUsage of job (MB)
	16782312  -  ResidentSetSize of job (KB)
...
006 (9634704.000.000) 04/15 11:58:42 Image size of job updated: 48364028
	16389  -  MemoryUsage of job (MB)
	16782312  -  ResidentSetSize of job (KB)
...
006 (9634704.000.000) 04/15 12:03:43 Image size of job updated: 48415588
	16389  -  MemoryUsage of job (MB)
	16782312  -  ResidentSetSize of job (KB)
...
006 (9634704.000.000) 04/15 12:08:44 Image size of job updated: 48468440
	16389  -  MemoryUsage of job (MB)
	16782312  -  ResidentSetSize of job (KB)
...
006 (9634704.000.000) 04/15 12:13:44 Image size of job updated: 48504976
	16389  -  MemoryUsage of job (MB)
	16782312  -  ResidentSetSize of job (KB)
...
006 (9634704.000.000) 04/15 12:18:45 Image size of job updated: 48559900
	16389  -  MemoryUsage of job (MB)
	16782312  -  ResidentSetSize of job (KB)
...
006 (9634704.000.000) 04/15 12:23:46 Image size of job updated: 48613664
	16389  -  MemoryUsage of job (MB)
	16782312  -  ResidentSetSize of job (KB)
...
006 (9634704.000.000) 04/15 12:28:46 Image size of job updated: 48649160
	16389  -  MemoryUsage of job (MB)
	16782312  -  ResidentSetSize of job (KB)
...
006 (9634704.000.000) 04/15 12:33:47 Image size of job updated: 48700716
	16389  -  MemoryUsage of job (MB)
	16782312  -  ResidentSetSize of job (KB)
...
006 (9634704.000.000) 04/15 12:38:48 Image size of job updated: 48751884
	16389  -  MemoryUsage of job (MB)
	16782312  -  ResidentSetSize of job (KB)
...
006 (9634704.000.000) 04/15 12:43:48 Image size of job updated: 48785440
	16389  -  MemoryUsage of job (MB)
	16782312  -  ResidentSetSize of job (KB)
...
006 (9634704.000.000) 04/15 12:48:49 Image size of job updated: 48835704
	16389  -  MemoryUsage of job (MB)
	16782312  -  ResidentSetSize of job (KB)
...
006 (9634704.000.000) 04/15 12:53:50 Image size of job updated: 48869260
	16389  -  MemoryUsage of job (MB)
	16782312  -  ResidentSetSize of job (KB)
...
006 (9634704.000.000) 04/15 12:58:50 Image size of job updated: 48919520
	16389  -  MemoryUsage of job (MB)
	16782312  -  ResidentSetSize of job (KB)
...
006 (9634704.000.000) 04/15 13:03:52 Image size of job updated: 48969004
	16389  -  MemoryUsage of job (MB)
	16782312  -  ResidentSetSize of job (KB)
...
006 (9634704.000.000) 04/15 13:08:52 Image size of job updated: 49001652
	16389  -  MemoryUsage of job (MB)
	16782312  -  ResidentSetSize of job (KB)
...
006 (9634704.000.000) 04/15 13:13:52 Image size of job updated: 49051528
	16389  -  MemoryUsage of job (MB)
	16782312  -  ResidentSetSize of job (KB)
...
006 (9634704.000.000) 04/15 13:18:53 Image size of job updated: 49085472
	16389  -  MemoryUsage of job (MB)
	16782312  -  ResidentSetSize of job (KB)
...
006 (9634704.000.000) 04/15 13:23:53 Image size of job updated: 49137028
	16389  -  MemoryUsage of job (MB)
	16782312  -  ResidentSetSize of job (KB)
...
006 (9634704.000.000) 04/15 13:28:53 Image size of job updated: 49188972
	16389  -  MemoryUsage of job (MB)
	16782312  -  ResidentSetSize of job (KB)
...
006 (9634704.000.000) 04/15 13:33:54 Image size of job updated: 49223304
	16389  -  MemoryUsage of job (MB)
	16782312  -  ResidentSetSize of job (KB)
...
006 (9634704.000.000) 04/15 13:38:54 Image size of job updated: 49275384
	16389  -  MemoryUsage of job (MB)
	16782312  -  ResidentSetSize of job (KB)
...
006 (9634704.000.000) 04/15 13:43:54 Image size of job updated: 49330696
	16389  -  MemoryUsage of job (MB)
	16782312  -  ResidentSetSize of job (KB)
...
006 (9634704.000.000) 04/15 13:48:55 Image size of job updated: 49367752
	16389  -  MemoryUsage of job (MB)
	16782312  -  ResidentSetSize of job (KB)
...
006 (9634704.000.000) 04/15 13:53:55 Image size of job updated: 49419696
	16389  -  MemoryUsage of job (MB)
	16782312  -  ResidentSetSize of job (KB)
...
006 (9634704.000.000) 04/15 13:58:55 Image size of job updated: 49472808
	16389  -  MemoryUsage of job (MB)
	16782312  -  ResidentSetSize of job (KB)
...
006 (9634704.000.000) 04/15 14:03:56 Image size of job updated: 49509476
	16389  -  MemoryUsage of job (MB)
	16782312  -  ResidentSetSize of job (KB)
...
006 (9634704.000.000) 04/15 14:08:56 Image size of job updated: 49562328
	16389  -  MemoryUsage of job (MB)
	16782312  -  ResidentSetSize of job (KB)
...
006 (9634704.000.000) 04/15 14:13:57 Image size of job updated: 49614660
	16389  -  MemoryUsage of job (MB)
	16782312  -  ResidentSetSize of job (KB)
...
006 (9634704.000.000) 04/15 14:18:58 Image size of job updated: 49650676
	16389  -  MemoryUsage of job (MB)
	16782312  -  ResidentSetSize of job (KB)
...
006 (9634704.000.000) 04/15 14:23:58 Image size of job updated: 49700552
	16389  -  MemoryUsage of job (MB)
	16782312  -  ResidentSetSize of job (KB)
...
006 (9634704.000.000) 04/15 14:28:59 Image size of job updated: 49748608
	16389  -  MemoryUsage of job (MB)
	16782312  -  ResidentSetSize of job (KB)
...
006 (9634704.000.000) 04/15 14:33:59 Image size of job updated: 49779316
	16389  -  MemoryUsage of job (MB)
	16782312  -  ResidentSetSize of job (KB)
...
006 (9634704.000.000) 04/15 14:38:59 Image size of job updated: 49827504
	16389  -  MemoryUsage of job (MB)
	16782312  -  ResidentSetSize of job (KB)
...
006 (9634704.000.000) 04/15 14:44:00 Image size of job updated: 49859632
	16389  -  MemoryUsage of job (MB)
	16782312  -  ResidentSetSize of job (KB)
...
006 (9634704.000.000) 04/15 14:49:00 Image size of job updated: 49907568
	16389  -  MemoryUsage of job (MB)
	16782312  -  ResidentSetSize of job (KB)
...
006 (9634704.000.000) 04/15 14:54:01 Image size of job updated: 49939176
	16389  -  MemoryUsage of job (MB)
	16782312  -  ResidentSetSize of job (KB)
...
006 (9634704.000.000) 04/15 14:59:02 Image size of job updated: 49986976
	16389  -  MemoryUsage of job (MB)
	16782312  -  ResidentSetSize of job (KB)
...
006 (9634704.000.000) 04/15 15:04:02 Image size of job updated: 50016644
	16389  -  MemoryUsage of job (MB)
	16782312  -  ResidentSetSize of job (KB)
...
006 (9634704.000.000) 04/15 15:09:03 Image size of job updated: 50065352
	16389  -  MemoryUsage of job (MB)
	16782312  -  ResidentSetSize of job (KB)
...
006 (9634704.000.000) 04/15 15:14:03 Image size of job updated: 50114320
	16389  -  MemoryUsage of job (MB)
	16782312  -  ResidentSetSize of job (KB)
...
006 (9634704.000.000) 04/15 15:19:03 Image size of job updated: 50146192
	16389  -  MemoryUsage of job (MB)
	16782312  -  ResidentSetSize of job (KB)
...
006 (9634704.000.000) 04/15 15:24:04 Image size of job updated: 50195156
	16389  -  MemoryUsage of job (MB)
	16782312  -  ResidentSetSize of job (KB)
...
006 (9634704.000.000) 04/15 15:29:04 Image size of job updated: 50226120
	16389  -  MemoryUsage of job (MB)
	16782312  -  ResidentSetSize of job (KB)
...
006 (9634704.000.000) 04/15 15:34:05 Image size of job updated: 50274696
	16389  -  MemoryUsage of job (MB)
	16782312  -  ResidentSetSize of job (KB)
...
006 (9634704.000.000) 04/15 15:39:06 Image size of job updated: 50322112
	16389  -  MemoryUsage of job (MB)
	16782312  -  ResidentSetSize of job (KB)
...
006 (9634704.000.000) 04/15 15:44:06 Image size of job updated: 50354760
	16389  -  MemoryUsage of job (MB)
	16782312  -  ResidentSetSize of job (KB)
...
006 (9634704.000.000) 04/15 15:49:07 Image size of job updated: 50402560
	16389  -  MemoryUsage of job (MB)
	16782312  -  ResidentSetSize of job (KB)
...
006 (9634704.000.000) 04/15 15:54:07 Image size of job updated: 50433392
	16389  -  MemoryUsage of job (MB)
	16782312  -  ResidentSetSize of job (KB)
...
006 (9634704.000.000) 04/15 15:59:07 Image size of job updated: 50482100
	16389  -  MemoryUsage of job (MB)
	16782312  -  ResidentSetSize of job (KB)
...
006 (9634704.000.000) 04/15 16:04:08 Image size of job updated: 50515004
	16389  -  MemoryUsage of job (MB)
	16782312  -  ResidentSetSize of job (KB)
...
006 (9634704.000.000) 04/15 16:09:08 Image size of job updated: 50563716
	16389  -  MemoryUsage of job (MB)
	16782312  -  ResidentSetSize of job (KB)
...
006 (9634704.000.000) 04/15 16:14:09 Image size of job updated: 50614884
	16389  -  MemoryUsage of job (MB)
	16782312  -  ResidentSetSize of job (KB)
...
006 (9634704.000.000) 04/15 16:19:10 Image size of job updated: 50650900
	16389  -  MemoryUsage of job (MB)
	16782312  -  ResidentSetSize of job (KB)
...
006 (9634704.000.000) 04/15 16:24:10 Image size of job updated: 50705304
	16389  -  MemoryUsage of job (MB)
	16782312  -  ResidentSetSize of job (KB)
...
006 (9634704.000.000) 04/15 16:29:11 Image size of job updated: 50754536
	16389  -  MemoryUsage of job (MB)
	16782312  -  ResidentSetSize of job (KB)
...
006 (9634704.000.000) 04/15 16:34:12 Image size of job updated: 50787052
	16389  -  MemoryUsage of job (MB)
	16782312  -  ResidentSetSize of job (KB)
...
006 (9634704.000.000) 04/15 16:39:12 Image size of job updated: 50836016
	16389  -  MemoryUsage of job (MB)
	16782312  -  ResidentSetSize of job (KB)
...
006 (9634704.000.000) 04/15 16:44:13 Image size of job updated: 50867112
	16389  -  MemoryUsage of job (MB)
	16782312  -  ResidentSetSize of job (KB)
...
006 (9634704.000.000) 04/15 16:49:13 Image size of job updated: 50915300
	16389  -  MemoryUsage of job (MB)
	16782312  -  ResidentSetSize of job (KB)
...
006 (9634704.000.000) 04/15 16:54:13 Image size of job updated: 50947428
	16389  -  MemoryUsage of job (MB)
	16782312  -  ResidentSetSize of job (KB)
...
006 (9634704.000.000) 04/15 16:59:14 Image size of job updated: 51000812
	16389  -  MemoryUsage of job (MB)
	16782312  -  ResidentSetSize of job (KB)
...
006 (9634704.000.000) 04/15 17:04:14 Image size of job updated: 51048564
	16389  -  MemoryUsage of job (MB)
	16782312  -  ResidentSetSize of job (KB)
...
006 (9634704.000.000) 04/15 17:09:15 Image size of job updated: 51080048
	16389  -  MemoryUsage of job (MB)
	16782312  -  ResidentSetSize of job (KB)
...
006 (9634704.000.000) 04/15 17:14:16 Image size of job updated: 51127848
	16389  -  MemoryUsage of job (MB)
	16782312  -  ResidentSetSize of job (KB)
...
006 (9634704.000.000) 04/15 17:19:16 Image size of job updated: 51160496
	16389  -  MemoryUsage of job (MB)
	16782312  -  ResidentSetSize of job (KB)
...
006 (9634704.000.000) 04/15 17:24:17 Image size of job updated: 51208944
	16389  -  MemoryUsage of job (MB)
	16782312  -  ResidentSetSize of job (KB)
...
006 (9634704.000.000) 04/15 17:29:17 Image size of job updated: 51261408
	16389  -  MemoryUsage of job (MB)
	16782312  -  ResidentSetSize of job (KB)
...
006 (9634704.000.000) 04/15 17:34:17 Image size of job updated: 51297424
	16389  -  MemoryUsage of job (MB)
	16782312  -  ResidentSetSize of job (KB)
...
006 (9634704.000.000) 04/15 17:39:18 Image size of job updated: 51349500
	16389  -  MemoryUsage of job (MB)
	16782312  -  ResidentSetSize of job (KB)
...
006 (9634704.000.000) 04/15 17:44:18 Image size of job updated: 51402356
	16389  -  MemoryUsage of job (MB)
	16782312  -  ResidentSetSize of job (KB)
...
006 (9634704.000.000) 04/15 17:49:18 Image size of job updated: 51439668
	16389  -  MemoryUsage of job (MB)
	16782312  -  ResidentSetSize of job (KB)
...
006 (9634704.000.000) 04/15 17:54:19 Image size of job updated: 51492000
	16389  -  MemoryUsage of job (MB)
	16782312  -  ResidentSetSize of job (KB)
...
006 (9634704.000.000) 04/15 17:59:19 Image size of job updated: 51546148
	16389  -  MemoryUsage of job (MB)
	16782312  -  ResidentSetSize of job (KB)
...
006 (9634704.000.000) 04/15 18:04:19 Image size of job updated: 51583204
	16389  -  MemoryUsage of job (MB)
	16782312  -  ResidentSetSize of job (KB)
...
006 (9634704.000.000) 04/15 18:09:20 Image size of job updated: 51635152
	16389  -  MemoryUsage of job (MB)
	16782312  -  ResidentSetSize of job (KB)
...
006 (9634704.000.000) 04/15 18:14:20 Image size of job updated: 51687484
	16389  -  MemoryUsage of job (MB)
	16782312  -  ResidentSetSize of job (KB)
...
006 (9634704.000.000) 04/15 18:19:20 Image size of job updated: 51727000
	16389  -  MemoryUsage of job (MB)
	16782312  -  ResidentSetSize of job (KB)
...
006 (9634704.000.000) 04/15 18:24:21 Image size of job updated: 51781536
	16389  -  MemoryUsage of job (MB)
	16782312  -  ResidentSetSize of job (KB)
...
006 (9634704.000.000) 04/15 18:29:21 Image size of job updated: 51836076
	16389  -  MemoryUsage of job (MB)
	16782312  -  ResidentSetSize of job (KB)
...
006 (9634704.000.000) 04/15 18:34:21 Image size of job updated: 51873256
	16389  -  MemoryUsage of job (MB)
	16782312  -  ResidentSetSize of job (KB)
...
006 (9634704.000.000) 04/15 18:39:22 Image size of job updated: 51926496
	16389  -  MemoryUsage of job (MB)
	16782312  -  ResidentSetSize of job (KB)
...
006 (9634704.000.000) 04/15 18:44:22 Image size of job updated: 51979480
	16389  -  MemoryUsage of job (MB)
	16782312  -  ResidentSetSize of job (KB)
...
006 (9634704.000.000) 04/15 18:49:22 Image size of job updated: 52016404
	16389  -  MemoryUsage of job (MB)
	16782312  -  ResidentSetSize of job (KB)
...
006 (9634704.000.000) 04/15 18:54:23 Image size of job updated: 52067964
	16389  -  MemoryUsage of job (MB)
	16782312  -  ResidentSetSize of job (KB)
...
006 (9634704.000.000) 04/15 18:59:23 Image size of job updated: 52124184
	16389  -  MemoryUsage of job (MB)
	16782312  -  ResidentSetSize of job (KB)
...
006 (9634704.000.000) 04/15 19:04:24 Image size of job updated: 52161884
	16389  -  MemoryUsage of job (MB)
	16782312  -  ResidentSetSize of job (KB)
...
006 (9634704.000.000) 04/15 19:09:25 Image size of job updated: 52215512
	16389  -  MemoryUsage of job (MB)
	16782312  -  ResidentSetSize of job (KB)
...
006 (9634704.000.000) 04/15 19:14:25 Image size of job updated: 52266816
	16389  -  MemoryUsage of job (MB)
	16782312  -  ResidentSetSize of job (KB)
...
006 (9634704.000.000) 04/15 19:19:26 Image size of job updated: 52304904
	16389  -  MemoryUsage of job (MB)
	16782312  -  ResidentSetSize of job (KB)
...
006 (9634704.000.000) 04/15 19:24:27 Image size of job updated: 52357368
	16389  -  MemoryUsage of job (MB)
	16782312  -  ResidentSetSize of job (KB)
...
006 (9634704.000.000) 04/15 19:29:27 Image size of job updated: 52410220
	16389  -  MemoryUsage of job (MB)
	16782312  -  ResidentSetSize of job (KB)
...
006 (9634704.000.000) 04/15 19:34:28 Image size of job updated: 52449216
	16389  -  MemoryUsage of job (MB)
	16782312  -  ResidentSetSize of job (KB)
...
006 (9634704.000.000) 04/15 19:39:29 Image size of job updated: 52502328
	16389  -  MemoryUsage of job (MB)
	16782312  -  ResidentSetSize of job (KB)
...
006 (9634704.000.000) 04/15 19:44:29 Image size of job updated: 52556608
	16389  -  MemoryUsage of job (MB)
	16782312  -  ResidentSetSize of job (KB)
...
006 (9634704.000.000) 04/15 19:49:30 Image size of job updated: 52613992
	16389  -  MemoryUsage of job (MB)
	16782312  -  ResidentSetSize of job (KB)
...
006 (9634704.000.000) 04/15 19:54:31 Image size of job updated: 52654416
	16389  -  MemoryUsage of job (MB)
	16782312  -  ResidentSetSize of job (KB)
...
006 (9634704.000.000) 04/15 19:59:31 Image size of job updated: 52708180
	16389  -  MemoryUsage of job (MB)
	16782312  -  ResidentSetSize of job (KB)
...
006 (9634704.000.000) 04/15 20:04:32 Image size of job updated: 52761032
	16389  -  MemoryUsage of job (MB)
	16782312  -  ResidentSetSize of job (KB)
...
006 (9634704.000.000) 04/15 20:09:33 Image size of job updated: 52792772
	16389  -  MemoryUsage of job (MB)
	16782312  -  ResidentSetSize of job (KB)
...
006 (9634704.000.000) 04/15 20:14:33 Image size of job updated: 52845880
	16389  -  MemoryUsage of job (MB)
	16782312  -  ResidentSetSize of job (KB)
...
006 (9634704.000.000) 04/15 20:19:34 Image size of job updated: 52881120
	16389  -  MemoryUsage of job (MB)
	16782312  -  ResidentSetSize of job (KB)
...
006 (9634704.000.000) 04/15 20:24:35 Image size of job updated: 52934884
	16389  -  MemoryUsage of job (MB)
	16782312  -  ResidentSetSize of job (KB)
...
006 (9634704.000.000) 04/15 20:29:35 Image size of job updated: 52993308
	16389  -  MemoryUsage of job (MB)
	16782312  -  ResidentSetSize of job (KB)
...
006 (9634704.000.000) 04/15 20:34:36 Image size of job updated: 53052508
	16389  -  MemoryUsage of job (MB)
	16782312  -  ResidentSetSize of job (KB)
...
006 (9634704.000.000) 04/15 20:39:37 Image size of job updated: 53093188
	16389  -  MemoryUsage of job (MB)
	16782312  -  ResidentSetSize of job (KB)
...
006 (9634704.000.000) 04/15 20:44:37 Image size of job updated: 53143840
	16389  -  MemoryUsage of job (MB)
	16782312  -  ResidentSetSize of job (KB)
...
006 (9634704.000.000) 04/15 20:49:38 Image size of job updated: 53196304
	16389  -  MemoryUsage of job (MB)
	16782312  -  ResidentSetSize of job (KB)
...
006 (9634704.000.000) 04/15 20:54:39 Image size of job updated: 53235300
	16389  -  MemoryUsage of job (MB)
	16782312  -  ResidentSetSize of job (KB)
...
006 (9634704.000.000) 04/15 20:59:39 Image size of job updated: 53978664
	16389  -  MemoryUsage of job (MB)
	16782312  -  ResidentSetSize of job (KB)
...
006 (9634704.000.000) 04/15 21:04:41 Image size of job updated: 53978664
	17540  -  MemoryUsage of job (MB)
	17960472  -  ResidentSetSize of job (KB)
...
006 (9634704.000.000) 04/15 21:09:41 Image size of job updated: 53978664
	17541  -  MemoryUsage of job (MB)
	17961936  -  ResidentSetSize of job (KB)
...
006 (9634704.000.000) 04/15 21:14:41 Image size of job updated: 53978664
	17838  -  MemoryUsage of job (MB)
	18265684  -  ResidentSetSize of job (KB)
...
006 (9634704.000.000) 04/15 21:19:43 Image size of job updated: 53978664
	17844  -  MemoryUsage of job (MB)
	18271932  -  ResidentSetSize of job (KB)
...
006 (9634704.000.000) 04/15 22:24:47 Image size of job updated: 55129444
	17844  -  MemoryUsage of job (MB)
	18271932  -  ResidentSetSize of job (KB)
...
006 (9634704.000.000) 04/15 22:29:47 Image size of job updated: 56870492
	17844  -  MemoryUsage of job (MB)
	18271932  -  ResidentSetSize of job (KB)
...
006 (9634704.000.000) 04/15 22:39:48 Image size of job updated: 58444464
	17844  -  MemoryUsage of job (MB)
	18271932  -  ResidentSetSize of job (KB)
...
006 (9634704.000.000) 04/15 22:44:48 Image size of job updated: 60059736
	17844  -  MemoryUsage of job (MB)
	18271932  -  ResidentSetSize of job (KB)
...
006 (9634704.000.000) 04/15 22:49:49 Image size of job updated: 60507936
	17844  -  MemoryUsage of job (MB)
	18271932  -  ResidentSetSize of job (KB)
...
006 (9634704.000.000) 04/15 23:04:50 Image size of job updated: 60507936
	21026  -  MemoryUsage of job (MB)
	21529824  -  ResidentSetSize of job (KB)
...
006 (9634704.000.000) 04/15 23:09:50 Image size of job updated: 60507936
	21026  -  MemoryUsage of job (MB)
	21529892  -  ResidentSetSize of job (KB)
...
006 (9634704.000.000) 04/15 23:29:53 Image size of job updated: 60507936
	22126  -  MemoryUsage of job (MB)
	22656696  -  ResidentSetSize of job (KB)
...
040 (9634704.000.000) 04/16 01:01:41 Started transferring output files
...
040 (9634704.000.000) 04/16 01:01:42 Finished transferring output files
...
005 (9634704.000.000) 04/16 01:01:42 Job terminated.
	(1) Normal termination (return value 1)
		Usr 1 07:11:39, Sys 0 00:30:46  -  Run Remote Usage
		Usr 0 00:00:00, Sys 0 00:00:00  -  Run Local Usage
		Usr 1 07:11:39, Sys 0 00:30:46  -  Total Remote Usage
		Usr 0 00:00:00, Sys 0 00:00:00  -  Total Local Usage
	21559  -  Run Bytes Sent By Job
	228  -  Run Bytes Received By Job
	21559  -  Total Bytes Sent By Job
	228  -  Total Bytes Received By Job
	Partitionable Resources :    Usage  Request Allocated 
	   Cpus                 :     1.00        1         1 
	   Disk (KB)            :  1594           1   1284370 
	   Memory (MB)          : 22126        2000      2000 

	Job terminated of its own accord at 2024-04-15T23:01:41Z.
...
