000 (9426469.000.000) 03/14 00:02:49 Job submitted from host: <137.138.156.150:9618?addrs=137.138.156.150-9618+[2001-1458-d00-14--9a]-9618&alias=bigbird13.cern.ch&noUDP&sock=schedd_5144_ef43>
...
040 (9426469.000.000) 03/14 00:14:15 Started transferring input files
	Transferring to host: <128.142.57.149:9618?addrs=128.142.57.149-9618&alias=b7s02p3502.cern.ch&noUDP&sock=slot1_10_7027_e837_70785>
...
040 (9426469.000.000) 03/14 00:14:15 Finished transferring input files
...
001 (9426469.000.000) 03/14 00:14:16 Job executing on host: <128.142.57.149:9618?addrs=128.142.57.149-9618&alias=b7s02p3502.cern.ch&noUDP&sock=startd_6959_dfa7>
...
006 (9426469.000.000) 03/14 00:14:24 Image size of job updated: 74932
	34  -  MemoryUsage of job (MB)
	34120  -  ResidentSetSize of job (KB)
...
006 (9426469.000.000) 03/14 00:14:39 Image size of job updated: 807356
	35  -  MemoryUsage of job (MB)
	35144  -  ResidentSetSize of job (KB)
...
040 (9426469.000.000) 03/14 00:14:39 Started transferring output files
...
040 (9426469.000.000) 03/14 00:14:39 Finished transferring output files
...
005 (9426469.000.000) 03/14 00:14:39 Job terminated.
	(1) Normal termination (return value 0)
		Usr 0 00:00:04, Sys 0 00:00:01  -  Run Remote Usage
		Usr 0 00:00:00, Sys 0 00:00:00  -  Run Local Usage
		Usr 0 00:00:04, Sys 0 00:00:01  -  Total Remote Usage
		Usr 0 00:00:00, Sys 0 00:00:00  -  Total Local Usage
	24205  -  Run Bytes Sent By Job
	222  -  Run Bytes Received By Job
	24205  -  Total Bytes Sent By Job
	222  -  Total Bytes Received By Job
	Partitionable Resources :    Usage  Request Allocated 
	   Cpus                 :                 1         1 
	   Disk (KB)            :       37        1   2919907 
	   Memory (MB)          :       35     2000      2000 

	Job terminated of its own accord at 2024-03-13T23:14:39Z.
...
