000 (9426693.000.000) 03/14 10:21:59 Job submitted from host: <137.138.156.150:9618?addrs=137.138.156.150-9618+[2001-1458-d00-14--9a]-9618&alias=bigbird13.cern.ch&noUDP&sock=schedd_5144_ef43>
...
040 (9426693.000.000) 03/14 10:27:50 Started transferring input files
	Transferring to host: <128.142.59.77:9618?addrs=128.142.59.77-9618&alias=b7s04p3457.cern.ch&noUDP&sock=slot1_3_7437_ca08_69512>
...
040 (9426693.000.000) 03/14 10:27:50 Finished transferring input files
...
001 (9426693.000.000) 03/14 10:27:51 Job executing on host: <128.142.59.77:9618?addrs=128.142.59.77-9618&alias=b7s04p3457.cern.ch&noUDP&sock=startd_7367_ba4b>
...
006 (9426693.000.000) 03/14 10:27:59 Image size of job updated: 395520
	41  -  MemoryUsage of job (MB)
	41024  -  ResidentSetSize of job (KB)
...
006 (9426693.000.000) 03/14 10:32:59 Image size of job updated: 1217388
	220  -  MemoryUsage of job (MB)
	225200  -  ResidentSetSize of job (KB)
...
006 (9426693.000.000) 03/14 10:38:00 Image size of job updated: 1217900
	221  -  MemoryUsage of job (MB)
	225800  -  ResidentSetSize of job (KB)
...
006 (9426693.000.000) 03/14 10:43:01 Image size of job updated: 1218668
	222  -  MemoryUsage of job (MB)
	226612  -  ResidentSetSize of job (KB)
...
006 (9426693.000.000) 03/14 10:48:01 Image size of job updated: 1219436
	222  -  MemoryUsage of job (MB)
	227228  -  ResidentSetSize of job (KB)
...
006 (9426693.000.000) 03/14 10:49:47 Image size of job updated: 1948680
	222  -  MemoryUsage of job (MB)
	227228  -  ResidentSetSize of job (KB)
...
040 (9426693.000.000) 03/14 10:49:48 Started transferring output files
...
040 (9426693.000.000) 03/14 10:49:48 Finished transferring output files
...
005 (9426693.000.000) 03/14 10:49:48 Job terminated.
	(1) Normal termination (return value 0)
		Usr 0 00:01:05, Sys 0 00:00:04  -  Run Remote Usage
		Usr 0 00:00:00, Sys 0 00:00:00  -  Run Local Usage
		Usr 0 00:01:05, Sys 0 00:00:04  -  Total Remote Usage
		Usr 0 00:00:00, Sys 0 00:00:00  -  Total Local Usage
	22091  -  Run Bytes Sent By Job
	226  -  Run Bytes Received By Job
	22091  -  Total Bytes Sent By Job
	226  -  Total Bytes Received By Job
	Partitionable Resources :    Usage  Request Allocated 
	   Cpus                 :     0.01        1         1 
	   Disk (KB)            :   279           1   1312268 
	   Memory (MB)          :   222        2000      2000 

	Job terminated of its own accord at 2024-03-14T09:49:47Z.
...
