000 (9432606.000.000) 03/17 14:00:21 Job submitted from host: <137.138.156.150:9618?addrs=137.138.156.150-9618+[2001-1458-d00-14--9a]-9618&alias=bigbird13.cern.ch&noUDP&sock=schedd_5144_ef43>
...
040 (9432606.000.000) 03/17 14:02:37 Started transferring input files
	Transferring to host: <128.142.58.34:9618?addrs=128.142.58.34-9618+[2001-1458-301-16--100-21]-9618&alias=b7s03p5798.cern.ch&noUDP&sock=slot1_19_2132_efd0_76186>
...
040 (9432606.000.000) 03/17 14:02:37 Finished transferring input files
...
001 (9432606.000.000) 03/17 14:02:38 Job executing on host: <128.142.58.34:9618?addrs=128.142.58.34-9618+[2001-1458-301-16--100-21]-9618&alias=b7s03p5798.cern.ch&noUDP&sock=startd_2092_8437>
...
006 (9432606.000.000) 03/17 14:02:47 Image size of job updated: 376320
	176  -  MemoryUsage of job (MB)
	179892  -  ResidentSetSize of job (KB)
...
006 (9432606.000.000) 03/17 14:07:48 Image size of job updated: 1199268
	218  -  MemoryUsage of job (MB)
	222304  -  ResidentSetSize of job (KB)
...
006 (9432606.000.000) 03/17 14:12:49 Image size of job updated: 1199780
	218  -  MemoryUsage of job (MB)
	222800  -  ResidentSetSize of job (KB)
...
006 (9432606.000.000) 03/17 14:17:49 Image size of job updated: 1200548
	219  -  MemoryUsage of job (MB)
	223416  -  ResidentSetSize of job (KB)
...
006 (9432606.000.000) 03/17 14:22:50 Image size of job updated: 1201060
	219  -  MemoryUsage of job (MB)
	224104  -  ResidentSetSize of job (KB)
...
006 (9432606.000.000) 03/17 14:26:47 Image size of job updated: 1934332
	219  -  MemoryUsage of job (MB)
	224104  -  ResidentSetSize of job (KB)
...
040 (9432606.000.000) 03/17 14:26:47 Started transferring output files
...
040 (9432606.000.000) 03/17 14:26:47 Finished transferring output files
...
005 (9432606.000.000) 03/17 14:26:47 Job terminated.
	(1) Normal termination (return value 0)
		Usr 0 00:01:13, Sys 0 00:00:05  -  Run Remote Usage
		Usr 0 00:00:00, Sys 0 00:00:00  -  Run Local Usage
		Usr 0 00:01:13, Sys 0 00:00:05  -  Total Remote Usage
		Usr 0 00:00:00, Sys 0 00:00:00  -  Total Local Usage
	22111  -  Run Bytes Sent By Job
	226  -  Run Bytes Received By Job
	22111  -  Total Bytes Sent By Job
	226  -  Total Bytes Received By Job
	Partitionable Resources :    Usage  Request Allocated 
	   Cpus                 :     0.01        1         1 
	   Disk (KB)            :   308           1   1244950 
	   Memory (MB)          :   219        2000      2000 

	Job terminated of its own accord at 2024-03-17T13:26:47Z.
...
