000 (9426698.000.000) 03/14 10:22:05 Job submitted from host: <137.138.156.150:9618?addrs=137.138.156.150-9618+[2001-1458-d00-14--9a]-9618&alias=bigbird13.cern.ch&noUDP&sock=schedd_5144_ef43>
...
040 (9426698.000.000) 03/14 10:27:50 Started transferring input files
	Transferring to host: <128.142.58.167:9618?addrs=128.142.58.167-9618&alias=b7s03p9212.cern.ch&noUDP&sock=slot1_10_6897_4f72_71855>
...
040 (9426698.000.000) 03/14 10:27:50 Finished transferring input files
...
001 (9426698.000.000) 03/14 10:27:51 Job executing on host: <128.142.58.167:9618?addrs=128.142.58.167-9618&alias=b7s03p9212.cern.ch&noUDP&sock=startd_6830_63f0>
...
006 (9426698.000.000) 03/14 10:27:59 Image size of job updated: 1123504
	164  -  MemoryUsage of job (MB)
	167060  -  ResidentSetSize of job (KB)
...
006 (9426698.000.000) 03/14 10:32:59 Image size of job updated: 1217392
	220  -  MemoryUsage of job (MB)
	225196  -  ResidentSetSize of job (KB)
...
006 (9426698.000.000) 03/14 10:38:00 Image size of job updated: 1217904
	221  -  MemoryUsage of job (MB)
	225796  -  ResidentSetSize of job (KB)
...
006 (9426698.000.000) 03/14 10:43:01 Image size of job updated: 1218672
	222  -  MemoryUsage of job (MB)
	226608  -  ResidentSetSize of job (KB)
...
006 (9426698.000.000) 03/14 10:48:01 Image size of job updated: 1219440
	222  -  MemoryUsage of job (MB)
	227224  -  ResidentSetSize of job (KB)
...
006 (9426698.000.000) 03/14 10:49:49 Image size of job updated: 2129356
	222  -  MemoryUsage of job (MB)
	227224  -  ResidentSetSize of job (KB)
...
040 (9426698.000.000) 03/14 10:49:49 Started transferring output files
...
040 (9426698.000.000) 03/14 10:49:49 Finished transferring output files
...
005 (9426698.000.000) 03/14 10:49:49 Job terminated.
	(1) Normal termination (return value 0)
		Usr 0 00:01:09, Sys 0 00:00:05  -  Run Remote Usage
		Usr 0 00:00:00, Sys 0 00:00:00  -  Run Local Usage
		Usr 0 00:01:09, Sys 0 00:00:05  -  Total Remote Usage
		Usr 0 00:00:00, Sys 0 00:00:00  -  Total Local Usage
	22081  -  Run Bytes Sent By Job
	226  -  Run Bytes Received By Job
	22081  -  Total Bytes Sent By Job
	226  -  Total Bytes Received By Job
	Partitionable Resources :    Usage  Request Allocated 
	   Cpus                 :     0.01        1         1 
	   Disk (KB)            :   159           1   1292682 
	   Memory (MB)          :   222        2000      2000 

	Job terminated of its own accord at 2024-03-14T09:49:49Z.
...
