000 (9426681.000.000) 03/14 10:21:40 Job submitted from host: <137.138.156.150:9618?addrs=137.138.156.150-9618+[2001-1458-d00-14--9a]-9618&alias=bigbird13.cern.ch&noUDP&sock=schedd_5144_ef43>
...
040 (9426681.000.000) 03/14 10:27:44 Started transferring input files
	Transferring to host: <128.142.56.167:9618?addrs=128.142.56.167-9618+[2001-1458-301-6--100-a6]-9618&alias=b7s01p1926.cern.ch&noUDP&sock=slot1_1_2939_8a91_82014>
...
040 (9426681.000.000) 03/14 10:27:44 Finished transferring input files
...
001 (9426681.000.000) 03/14 10:27:45 Job executing on host: <128.142.56.167:9618?addrs=128.142.56.167-9618+[2001-1458-301-6--100-a6]-9618&alias=b7s01p1926.cern.ch&noUDP&sock=startd_2744_bbf7>
...
006 (9426681.000.000) 03/14 10:27:54 Image size of job updated: 453924
	220  -  MemoryUsage of job (MB)
	224624  -  ResidentSetSize of job (KB)
...
006 (9426681.000.000) 03/14 10:32:55 Image size of job updated: 1217388
	220  -  MemoryUsage of job (MB)
	225176  -  ResidentSetSize of job (KB)
...
006 (9426681.000.000) 03/14 10:37:55 Image size of job updated: 1217900
	221  -  MemoryUsage of job (MB)
	225784  -  ResidentSetSize of job (KB)
...
006 (9426681.000.000) 03/14 10:42:55 Image size of job updated: 1218668
	222  -  MemoryUsage of job (MB)
	226592  -  ResidentSetSize of job (KB)
...
006 (9426681.000.000) 03/14 10:47:56 Image size of job updated: 1219436
	222  -  MemoryUsage of job (MB)
	227204  -  ResidentSetSize of job (KB)
...
006 (9426681.000.000) 03/14 10:49:47 Image size of job updated: 2014440
	222  -  MemoryUsage of job (MB)
	227204  -  ResidentSetSize of job (KB)
...
040 (9426681.000.000) 03/14 10:49:47 Started transferring output files
...
040 (9426681.000.000) 03/14 10:49:47 Finished transferring output files
...
005 (9426681.000.000) 03/14 10:49:47 Job terminated.
	(1) Normal termination (return value 0)
		Usr 0 00:01:04, Sys 0 00:00:04  -  Run Remote Usage
		Usr 0 00:00:00, Sys 0 00:00:00  -  Run Local Usage
		Usr 0 00:01:04, Sys 0 00:00:04  -  Total Remote Usage
		Usr 0 00:00:00, Sys 0 00:00:00  -  Total Local Usage
	22088  -  Run Bytes Sent By Job
	228  -  Run Bytes Received By Job
	22088  -  Total Bytes Sent By Job
	228  -  Total Bytes Received By Job
	Partitionable Resources :    Usage  Request Allocated 
	   Cpus                 :     0.00        1         1 
	   Disk (KB)            :   154           1   1350604 
	   Memory (MB)          :   222        2000      2000 

	Job terminated of its own accord at 2024-03-14T09:49:47Z.
...
