000 (9426550.000.000) 03/14 08:28:59 Job submitted from host: <137.138.156.150:9618?addrs=137.138.156.150-9618+[2001-1458-d00-14--9a]-9618&alias=bigbird13.cern.ch&noUDP&sock=schedd_5144_ef43>
...
040 (9426550.000.000) 03/14 08:29:54 Started transferring input files
	Transferring to host: <128.142.58.145:9618?addrs=128.142.58.145-9618&alias=b7s03p1993.cern.ch&noUDP&sock=slot1_14_6919_cfb2_71674>
...
040 (9426550.000.000) 03/14 08:29:54 Finished transferring input files
...
001 (9426550.000.000) 03/14 08:29:55 Job executing on host: <128.142.58.145:9618?addrs=128.142.58.145-9618&alias=b7s03p1993.cern.ch&noUDP&sock=startd_6854_da35>
...
006 (9426550.000.000) 03/14 08:30:03 Image size of job updated: 202172
	151  -  MemoryUsage of job (MB)
	153916  -  ResidentSetSize of job (KB)
...
006 (9426550.000.000) 03/14 08:30:11 Image size of job updated: 1202692
	151  -  MemoryUsage of job (MB)
	153964  -  ResidentSetSize of job (KB)
...
040 (9426550.000.000) 03/14 08:30:11 Started transferring output files
...
040 (9426550.000.000) 03/14 08:30:11 Finished transferring output files
...
005 (9426550.000.000) 03/14 08:30:11 Job terminated.
	(1) Normal termination (return value 0)
		Usr 0 00:00:04, Sys 0 00:00:01  -  Run Remote Usage
		Usr 0 00:00:00, Sys 0 00:00:00  -  Run Local Usage
		Usr 0 00:00:04, Sys 0 00:00:01  -  Total Remote Usage
		Usr 0 00:00:00, Sys 0 00:00:00  -  Total Local Usage
	24203  -  Run Bytes Sent By Job
	220  -  Run Bytes Received By Job
	24203  -  Total Bytes Sent By Job
	220  -  Total Bytes Received By Job
	Partitionable Resources :    Usage  Request Allocated 
	   Cpus                 :                 1         1 
	   Disk (KB)            :       37        1   1299879 
	   Memory (MB)          :      151     2000      2000 

	Job terminated of its own accord at 2024-03-14T07:30:11Z.
...
