000 (9426657.000.000) 03/14 10:21:07 Job submitted from host: <137.138.156.150:9618?addrs=137.138.156.150-9618+[2001-1458-d00-14--9a]-9618&alias=bigbird13.cern.ch&noUDP&sock=schedd_5144_ef43>
...
040 (9426657.000.000) 03/14 10:21:37 Started transferring input files
	Transferring to host: <128.142.57.150:9618?addrs=128.142.57.150-9618+[2001-1458-301-7--100-95]-9618&alias=b7s02p4914.cern.ch&noUDP&sock=slot1_12_3866_b256_70786>
...
040 (9426657.000.000) 03/14 10:21:37 Finished transferring input files
...
001 (9426657.000.000) 03/14 10:21:38 Job executing on host: <128.142.57.150:9618?addrs=128.142.57.150-9618+[2001-1458-301-7--100-95]-9618&alias=b7s02p4914.cern.ch&noUDP&sock=startd_3827_9508>
...
006 (9426657.000.000) 03/14 10:21:46 Image size of job updated: 126248
	46  -  MemoryUsage of job (MB)
	46928  -  ResidentSetSize of job (KB)
...
006 (9426657.000.000) 03/14 10:26:46 Image size of job updated: 1217136
	220  -  MemoryUsage of job (MB)
	225024  -  ResidentSetSize of job (KB)
...
006 (9426657.000.000) 03/14 10:31:47 Image size of job updated: 1217648
	221  -  MemoryUsage of job (MB)
	225460  -  ResidentSetSize of job (KB)
...
006 (9426657.000.000) 03/14 10:36:48 Image size of job updated: 1218160
	221  -  MemoryUsage of job (MB)
	225924  -  ResidentSetSize of job (KB)
...
006 (9426657.000.000) 03/14 10:41:48 Image size of job updated: 1218672
	222  -  MemoryUsage of job (MB)
	226436  -  ResidentSetSize of job (KB)
...
006 (9426657.000.000) 03/14 10:46:49 Image size of job updated: 1219184
	222  -  MemoryUsage of job (MB)
	227056  -  ResidentSetSize of job (KB)
...
006 (9426657.000.000) 03/14 10:49:50 Image size of job updated: 2073352
	222  -  MemoryUsage of job (MB)
	227056  -  ResidentSetSize of job (KB)
...
040 (9426657.000.000) 03/14 10:49:50 Started transferring output files
...
040 (9426657.000.000) 03/14 10:49:50 Finished transferring output files
...
005 (9426657.000.000) 03/14 10:49:50 Job terminated.
	(1) Normal termination (return value 0)
		Usr 0 00:01:10, Sys 0 00:00:06  -  Run Remote Usage
		Usr 0 00:00:00, Sys 0 00:00:00  -  Run Local Usage
		Usr 0 00:01:10, Sys 0 00:00:06  -  Total Remote Usage
		Usr 0 00:00:00, Sys 0 00:00:00  -  Total Local Usage
	22062  -  Run Bytes Sent By Job
	226  -  Run Bytes Received By Job
	22062  -  Total Bytes Sent By Job
	226  -  Total Bytes Received By Job
	Partitionable Resources :    Usage  Request Allocated 
	   Cpus                 :     0.01        1         1 
	   Disk (KB)            :   415           1   1295370 
	   Memory (MB)          :   222        2000      2000 

	Job terminated of its own accord at 2024-03-14T09:49:50Z.
...
