000 (9426692.000.000) 03/14 10:21:58 Job submitted from host: <137.138.156.150:9618?addrs=137.138.156.150-9618+[2001-1458-d00-14--9a]-9618&alias=bigbird13.cern.ch&noUDP&sock=schedd_5144_ef43>
...
040 (9426692.000.000) 03/14 10:27:50 Started transferring input files
	Transferring to host: <128.142.57.36:9618?addrs=128.142.57.36-9618&alias=b7s02p9794.cern.ch&noUDP&sock=slot1_5_7536_8b2c_68580>
...
040 (9426692.000.000) 03/14 10:27:50 Finished transferring input files
...
001 (9426692.000.000) 03/14 10:27:51 Job executing on host: <128.142.57.36:9618?addrs=128.142.57.36-9618&alias=b7s02p9794.cern.ch&noUDP&sock=startd_7450_a8a7>
...
006 (9426692.000.000) 03/14 10:28:00 Image size of job updated: 452248
	104  -  MemoryUsage of job (MB)
	106012  -  ResidentSetSize of job (KB)
...
006 (9426692.000.000) 03/14 10:33:01 Image size of job updated: 1217388
	220  -  MemoryUsage of job (MB)
	225196  -  ResidentSetSize of job (KB)
...
006 (9426692.000.000) 03/14 10:38:02 Image size of job updated: 1217900
	221  -  MemoryUsage of job (MB)
	225804  -  ResidentSetSize of job (KB)
...
006 (9426692.000.000) 03/14 10:43:02 Image size of job updated: 1218668
	222  -  MemoryUsage of job (MB)
	226608  -  ResidentSetSize of job (KB)
...
006 (9426692.000.000) 03/14 10:48:02 Image size of job updated: 1219436
	222  -  MemoryUsage of job (MB)
	227224  -  ResidentSetSize of job (KB)
...
006 (9426692.000.000) 03/14 10:49:50 Image size of job updated: 1948612
	222  -  MemoryUsage of job (MB)
	227224  -  ResidentSetSize of job (KB)
...
040 (9426692.000.000) 03/14 10:49:50 Started transferring output files
...
040 (9426692.000.000) 03/14 10:49:50 Finished transferring output files
...
005 (9426692.000.000) 03/14 10:49:50 Job terminated.
	(1) Normal termination (return value 0)
		Usr 0 00:01:06, Sys 0 00:00:05  -  Run Remote Usage
		Usr 0 00:00:00, Sys 0 00:00:00  -  Run Local Usage
		Usr 0 00:01:06, Sys 0 00:00:05  -  Total Remote Usage
		Usr 0 00:00:00, Sys 0 00:00:00  -  Total Local Usage
	22129  -  Run Bytes Sent By Job
	228  -  Run Bytes Received By Job
	22129  -  Total Bytes Sent By Job
	228  -  Total Bytes Received By Job
	Partitionable Resources :    Usage  Request Allocated 
	   Cpus                 :     1.00        1         1 
	   Disk (KB)            :   390           1   1302666 
	   Memory (MB)          :   222        2000      2000 

	Job terminated of its own accord at 2024-03-14T09:49:50Z.
...
