000 (9693134.000.000) 04/28 19:24:35 Job submitted from host: <137.138.156.150:9618?addrs=137.138.156.150-9618+[2001-1458-d00-14--9a]-9618&alias=bigbird13.cern.ch&noUDP&sock=schedd_2138_1192>
...
040 (9693134.000.000) 04/28 19:37:44 Started transferring input files
	Transferring to host: <128.142.56.73:9618?addrs=128.142.56.73-9618&alias=b7s01p3383.cern.ch&noUDP&sock=slot1_3_6919_cfb2_116675>
...
040 (9693134.000.000) 04/28 19:37:44 Finished transferring input files
...
001 (9693134.000.000) 04/28 19:37:45 Job executing on host: <128.142.56.73:9618?addrs=128.142.56.73-9618&alias=b7s01p3383.cern.ch&noUDP&sock=startd_6855_89ce>
...
006 (9693134.000.000) 04/28 19:37:53 Image size of job updated: 88396
	38  -  MemoryUsage of job (MB)
	38552  -  ResidentSetSize of job (KB)
...
006 (9693134.000.000) 04/28 19:42:53 Image size of job updated: 1209948
	220  -  MemoryUsage of job (MB)
	224304  -  ResidentSetSize of job (KB)
...
006 (9693134.000.000) 04/28 19:47:54 Image size of job updated: 1210972
	221  -  MemoryUsage of job (MB)
	225288  -  ResidentSetSize of job (KB)
...
006 (9693134.000.000) 04/28 19:52:55 Image size of job updated: 1211740
	221  -  MemoryUsage of job (MB)
	226008  -  ResidentSetSize of job (KB)
...
006 (9693134.000.000) 04/28 19:57:55 Image size of job updated: 12770392
	8483  -  MemoryUsage of job (MB)
	8685616  -  ResidentSetSize of job (KB)
...
006 (9693134.000.000) 04/28 20:02:55 Image size of job updated: 12794712
	8506  -  MemoryUsage of job (MB)
	8709792  -  ResidentSetSize of job (KB)
...
006 (9693134.000.000) 04/28 20:07:56 Image size of job updated: 12874844
	8571  -  MemoryUsage of job (MB)
	8775704  -  ResidentSetSize of job (KB)
...
006 (9693134.000.000) 04/28 20:12:56 Image size of job updated: 12990560
	8630  -  MemoryUsage of job (MB)
	8836440  -  ResidentSetSize of job (KB)
...
006 (9693134.000.000) 04/28 20:17:56 Image size of job updated: 13028520
	8691  -  MemoryUsage of job (MB)
	8899144  -  ResidentSetSize of job (KB)
...
006 (9693134.000.000) 04/28 20:22:57 Image size of job updated: 13085940
	8773  -  MemoryUsage of job (MB)
	8982536  -  ResidentSetSize of job (KB)
...
006 (9693134.000.000) 04/28 20:27:58 Image size of job updated: 13288064
	8851  -  MemoryUsage of job (MB)
	9062668  -  ResidentSetSize of job (KB)
...
006 (9693134.000.000) 04/28 20:32:58 Image size of job updated: 13333856
	8916  -  MemoryUsage of job (MB)
	9129904  -  ResidentSetSize of job (KB)
...
006 (9693134.000.000) 04/28 20:37:59 Image size of job updated: 13378876
	8981  -  MemoryUsage of job (MB)
	9195556  -  ResidentSetSize of job (KB)
...
006 (9693134.000.000) 04/28 20:43:00 Image size of job updated: 13424024
	9046  -  MemoryUsage of job (MB)
	9262444  -  ResidentSetSize of job (KB)
...
006 (9693134.000.000) 04/28 20:48:00 Image size of job updated: 13467228
	9108  -  MemoryUsage of job (MB)
	9326556  -  ResidentSetSize of job (KB)
...
006 (9693134.000.000) 04/28 20:53:00 Image size of job updated: 13511856
	9172  -  MemoryUsage of job (MB)
	9391280  -  ResidentSetSize of job (KB)
...
006 (9693134.000.000) 04/28 20:58:01 Image size of job updated: 13558168
	9238  -  MemoryUsage of job (MB)
	9459364  -  ResidentSetSize of job (KB)
...
006 (9693134.000.000) 04/28 21:03:01 Image size of job updated: 13903992
	9308  -  MemoryUsage of job (MB)
	9530408  -  ResidentSetSize of job (KB)
...
006 (9693134.000.000) 04/28 21:08:01 Image size of job updated: 13951084
	9376  -  MemoryUsage of job (MB)
	9600688  -  ResidentSetSize of job (KB)
...
006 (9693134.000.000) 04/28 21:13:02 Image size of job updated: 13998712
	9443  -  MemoryUsage of job (MB)
	9669444  -  ResidentSetSize of job (KB)
...
006 (9693134.000.000) 04/28 21:18:03 Image size of job updated: 14045760
	9511  -  MemoryUsage of job (MB)
	9738392  -  ResidentSetSize of job (KB)
...
006 (9693134.000.000) 04/28 21:23:03 Image size of job updated: 14093436
	9575  -  MemoryUsage of job (MB)
	9804744  -  ResidentSetSize of job (KB)
...
006 (9693134.000.000) 04/28 21:28:03 Image size of job updated: 14140004
	9642  -  MemoryUsage of job (MB)
	9872876  -  ResidentSetSize of job (KB)
...
006 (9693134.000.000) 04/28 21:33:04 Image size of job updated: 14187612
	9711  -  MemoryUsage of job (MB)
	9943872  -  ResidentSetSize of job (KB)
...
006 (9693134.000.000) 04/28 21:38:04 Image size of job updated: 14237096
	9784  -  MemoryUsage of job (MB)
	10017848  -  ResidentSetSize of job (KB)
...
006 (9693134.000.000) 04/28 21:43:04 Image size of job updated: 14292672
	9784  -  MemoryUsage of job (MB)
	10017848  -  ResidentSetSize of job (KB)
...
006 (9693134.000.000) 04/28 21:48:05 Image size of job updated: 14349024
	9784  -  MemoryUsage of job (MB)
	10017848  -  ResidentSetSize of job (KB)
...
006 (9693134.000.000) 04/28 21:53:06 Image size of job updated: 14398120
	9784  -  MemoryUsage of job (MB)
	10017848  -  ResidentSetSize of job (KB)
...
006 (9693134.000.000) 04/28 21:58:06 Image size of job updated: 14442752
	9784  -  MemoryUsage of job (MB)
	10017848  -  ResidentSetSize of job (KB)
...
006 (9693134.000.000) 04/28 22:03:06 Image size of job updated: 14487900
	9784  -  MemoryUsage of job (MB)
	10017848  -  ResidentSetSize of job (KB)
...
006 (9693134.000.000) 04/28 22:08:07 Image size of job updated: 15124424
	9784  -  MemoryUsage of job (MB)
	10017848  -  ResidentSetSize of job (KB)
...
006 (9693134.000.000) 04/28 22:13:07 Image size of job updated: 15175204
	9784  -  MemoryUsage of job (MB)
	10017848  -  ResidentSetSize of job (KB)
...
006 (9693134.000.000) 04/28 22:18:07 Image size of job updated: 15217052
	9784  -  MemoryUsage of job (MB)
	10017848  -  ResidentSetSize of job (KB)
...
006 (9693134.000.000) 04/28 22:23:08 Image size of job updated: 15261028
	9784  -  MemoryUsage of job (MB)
	10017848  -  ResidentSetSize of job (KB)
...
006 (9693134.000.000) 04/28 22:28:09 Image size of job updated: 15303200
	9784  -  MemoryUsage of job (MB)
	10017848  -  ResidentSetSize of job (KB)
...
006 (9693134.000.000) 04/28 22:33:09 Image size of job updated: 15342188
	9784  -  MemoryUsage of job (MB)
	10017848  -  ResidentSetSize of job (KB)
...
006 (9693134.000.000) 04/28 22:38:10 Image size of job updated: 15382156
	9784  -  MemoryUsage of job (MB)
	10017848  -  ResidentSetSize of job (KB)
...
006 (9693134.000.000) 04/28 22:43:11 Image size of job updated: 15421280
	9784  -  MemoryUsage of job (MB)
	10017848  -  ResidentSetSize of job (KB)
...
006 (9693134.000.000) 04/28 22:48:11 Image size of job updated: 15462540
	9784  -  MemoryUsage of job (MB)
	10017848  -  ResidentSetSize of job (KB)
...
006 (9693134.000.000) 04/28 22:53:11 Image size of job updated: 15501664
	9784  -  MemoryUsage of job (MB)
	10017848  -  ResidentSetSize of job (KB)
...
006 (9693134.000.000) 04/28 22:58:12 Image size of job updated: 15543312
	9784  -  MemoryUsage of job (MB)
	10017848  -  ResidentSetSize of job (KB)
...
006 (9693134.000.000) 04/28 23:03:12 Image size of job updated: 15582304
	9784  -  MemoryUsage of job (MB)
	10017848  -  ResidentSetSize of job (KB)
...
006 (9693134.000.000) 04/28 23:08:12 Image size of job updated: 15623696
	9784  -  MemoryUsage of job (MB)
	10017848  -  ResidentSetSize of job (KB)
...
006 (9693134.000.000) 04/28 23:13:13 Image size of job updated: 15664372
	9784  -  MemoryUsage of job (MB)
	10017848  -  ResidentSetSize of job (KB)
...
006 (9693134.000.000) 04/28 23:18:13 Image size of job updated: 15706928
	9784  -  MemoryUsage of job (MB)
	10017848  -  ResidentSetSize of job (KB)
...
006 (9693134.000.000) 04/28 23:23:13 Image size of job updated: 15750260
	9784  -  MemoryUsage of job (MB)
	10017848  -  ResidentSetSize of job (KB)
...
006 (9693134.000.000) 04/28 23:28:14 Image size of job updated: 15793648
	9784  -  MemoryUsage of job (MB)
	10017848  -  ResidentSetSize of job (KB)
...
006 (9693134.000.000) 04/28 23:33:14 Image size of job updated: 15833544
	9784  -  MemoryUsage of job (MB)
	10017848  -  ResidentSetSize of job (KB)
...
006 (9693134.000.000) 04/28 23:38:14 Image size of job updated: 15876424
	9784  -  MemoryUsage of job (MB)
	10017848  -  ResidentSetSize of job (KB)
...
006 (9693134.000.000) 04/28 23:43:15 Image size of job updated: 15918528
	9784  -  MemoryUsage of job (MB)
	10017848  -  ResidentSetSize of job (KB)
...
006 (9693134.000.000) 04/28 23:48:16 Image size of job updated: 15965552
	9784  -  MemoryUsage of job (MB)
	10017848  -  ResidentSetSize of job (KB)
...
006 (9693134.000.000) 04/28 23:53:16 Image size of job updated: 16008564
	9784  -  MemoryUsage of job (MB)
	10017848  -  ResidentSetSize of job (KB)
...
006 (9693134.000.000) 04/28 23:58:17 Image size of job updated: 16055068
	9784  -  MemoryUsage of job (MB)
	10017848  -  ResidentSetSize of job (KB)
...
006 (9693134.000.000) 04/29 00:03:18 Image size of job updated: 16098464
	9784  -  MemoryUsage of job (MB)
	10017848  -  ResidentSetSize of job (KB)
...
006 (9693134.000.000) 04/29 00:08:18 Image size of job updated: 16144844
	9784  -  MemoryUsage of job (MB)
	10017848  -  ResidentSetSize of job (KB)
...
006 (9693134.000.000) 04/29 00:13:19 Image size of job updated: 16187724
	9784  -  MemoryUsage of job (MB)
	10017848  -  ResidentSetSize of job (KB)
...
006 (9693134.000.000) 04/29 00:18:20 Image size of job updated: 16233972
	9784  -  MemoryUsage of job (MB)
	10017848  -  ResidentSetSize of job (KB)
...
006 (9693134.000.000) 04/29 00:23:20 Image size of job updated: 16275556
	9784  -  MemoryUsage of job (MB)
	10017848  -  ResidentSetSize of job (KB)
...
006 (9693134.000.000) 04/29 00:28:20 Image size of job updated: 16322192
	9784  -  MemoryUsage of job (MB)
	10017848  -  ResidentSetSize of job (KB)
...
006 (9693134.000.000) 04/29 00:33:21 Image size of job updated: 16364292
	9784  -  MemoryUsage of job (MB)
	10017848  -  ResidentSetSize of job (KB)
...
006 (9693134.000.000) 04/29 00:38:21 Image size of job updated: 16405232
	9784  -  MemoryUsage of job (MB)
	10017848  -  ResidentSetSize of job (KB)
...
006 (9693134.000.000) 04/29 00:43:21 Image size of job updated: 17630220
	9784  -  MemoryUsage of job (MB)
	10017848  -  ResidentSetSize of job (KB)
...
006 (9693134.000.000) 04/29 00:48:22 Image size of job updated: 17673100
	9784  -  MemoryUsage of job (MB)
	10017848  -  ResidentSetSize of job (KB)
...
006 (9693134.000.000) 04/29 00:53:22 Image size of job updated: 17718960
	9784  -  MemoryUsage of job (MB)
	10017848  -  ResidentSetSize of job (KB)
...
006 (9693134.000.000) 04/29 00:58:22 Image size of job updated: 17761968
	9784  -  MemoryUsage of job (MB)
	10017848  -  ResidentSetSize of job (KB)
...
006 (9693134.000.000) 04/29 01:03:23 Image size of job updated: 17807696
	9784  -  MemoryUsage of job (MB)
	10017848  -  ResidentSetSize of job (KB)
...
006 (9693134.000.000) 04/29 01:08:24 Image size of job updated: 17852004
	9784  -  MemoryUsage of job (MB)
	10017848  -  ResidentSetSize of job (KB)
...
006 (9693134.000.000) 04/29 01:13:24 Image size of job updated: 17898896
	9784  -  MemoryUsage of job (MB)
	10017848  -  ResidentSetSize of job (KB)
...
006 (9693134.000.000) 04/29 01:18:25 Image size of job updated: 17941776
	9784  -  MemoryUsage of job (MB)
	10017848  -  ResidentSetSize of job (KB)
...
006 (9693134.000.000) 04/29 01:23:26 Image size of job updated: 17988932
	9784  -  MemoryUsage of job (MB)
	10017848  -  ResidentSetSize of job (KB)
...
006 (9693134.000.000) 04/29 01:28:26 Image size of job updated: 18031808
	9784  -  MemoryUsage of job (MB)
	10017848  -  ResidentSetSize of job (KB)
...
006 (9693134.000.000) 04/29 01:33:26 Image size of job updated: 18078444
	9784  -  MemoryUsage of job (MB)
	10017848  -  ResidentSetSize of job (KB)
...
006 (9693134.000.000) 04/29 01:38:27 Image size of job updated: 18120680
	9784  -  MemoryUsage of job (MB)
	10017848  -  ResidentSetSize of job (KB)
...
006 (9693134.000.000) 04/29 01:43:27 Image size of job updated: 18167184
	9784  -  MemoryUsage of job (MB)
	10017848  -  ResidentSetSize of job (KB)
...
006 (9693134.000.000) 04/29 01:48:27 Image size of job updated: 18209420
	9784  -  MemoryUsage of job (MB)
	10017848  -  ResidentSetSize of job (KB)
...
006 (9693134.000.000) 04/29 01:53:28 Image size of job updated: 18256964
	9784  -  MemoryUsage of job (MB)
	10017848  -  ResidentSetSize of job (KB)
...
006 (9693134.000.000) 04/29 01:58:29 Image size of job updated: 18306060
	9784  -  MemoryUsage of job (MB)
	10017848  -  ResidentSetSize of job (KB)
...
006 (9693134.000.000) 04/29 02:03:29 Image size of job updated: 18353212
	9784  -  MemoryUsage of job (MB)
	10017848  -  ResidentSetSize of job (KB)
...
006 (9693134.000.000) 04/29 02:08:30 Image size of job updated: 18404900
	9784  -  MemoryUsage of job (MB)
	10017848  -  ResidentSetSize of job (KB)
...
006 (9693134.000.000) 04/29 02:13:31 Image size of job updated: 18456592
	9784  -  MemoryUsage of job (MB)
	10017848  -  ResidentSetSize of job (KB)
...
006 (9693134.000.000) 04/29 02:18:31 Image size of job updated: 18508024
	9784  -  MemoryUsage of job (MB)
	10017848  -  ResidentSetSize of job (KB)
...
006 (9693134.000.000) 04/29 02:23:31 Image size of job updated: 18559844
	9784  -  MemoryUsage of job (MB)
	10017848  -  ResidentSetSize of job (KB)
...
006 (9693134.000.000) 04/29 02:28:32 Image size of job updated: 18616064
	9784  -  MemoryUsage of job (MB)
	10017848  -  ResidentSetSize of job (KB)
...
006 (9693134.000.000) 04/29 02:33:32 Image size of job updated: 18664516
	9784  -  MemoryUsage of job (MB)
	10017848  -  ResidentSetSize of job (KB)
...
006 (9693134.000.000) 04/29 02:38:32 Image size of job updated: 18709596
	9784  -  MemoryUsage of job (MB)
	10017848  -  ResidentSetSize of job (KB)
...
006 (9693134.000.000) 04/29 02:43:33 Image size of job updated: 18759212
	9784  -  MemoryUsage of job (MB)
	10017848  -  ResidentSetSize of job (KB)
...
006 (9693134.000.000) 04/29 02:48:34 Image size of job updated: 18809992
	9813  -  MemoryUsage of job (MB)
	10048036  -  ResidentSetSize of job (KB)
...
006 (9693134.000.000) 04/29 02:53:34 Image size of job updated: 18860904
	9919  -  MemoryUsage of job (MB)
	10156524  -  ResidentSetSize of job (KB)
...
006 (9693134.000.000) 04/29 02:58:35 Image size of job updated: 18913888
	10025  -  MemoryUsage of job (MB)
	10264916  -  ResidentSetSize of job (KB)
...
006 (9693134.000.000) 04/29 03:03:36 Image size of job updated: 18959748
	10128  -  MemoryUsage of job (MB)
	10370236  -  ResidentSetSize of job (KB)
...
006 (9693134.000.000) 04/29 03:08:36 Image size of job updated: 19012344
	10242  -  MemoryUsage of job (MB)
	10487232  -  ResidentSetSize of job (KB)
...
006 (9693134.000.000) 04/29 03:13:36 Image size of job updated: 19075044
	10365  -  MemoryUsage of job (MB)
	10613104  -  ResidentSetSize of job (KB)
...
006 (9693134.000.000) 04/29 03:18:37 Image size of job updated: 19130356
	10484  -  MemoryUsage of job (MB)
	10735464  -  ResidentSetSize of job (KB)
...
006 (9693134.000.000) 04/29 03:23:38 Image size of job updated: 19183472
	10596  -  MemoryUsage of job (MB)
	10849412  -  ResidentSetSize of job (KB)
...
006 (9693134.000.000) 04/29 03:28:38 Image size of job updated: 19242236
	10707  -  MemoryUsage of job (MB)
	10963836  -  ResidentSetSize of job (KB)
...
006 (9693134.000.000) 04/29 03:33:38 Image size of job updated: 19291208
	10820  -  MemoryUsage of job (MB)
	11079664  -  ResidentSetSize of job (KB)
...
006 (9693134.000.000) 04/29 03:38:39 Image size of job updated: 19348592
	10932  -  MemoryUsage of job (MB)
	11193652  -  ResidentSetSize of job (KB)
...
006 (9693134.000.000) 04/29 03:43:40 Image size of job updated: 19398340
	11044  -  MemoryUsage of job (MB)
	11308308  -  ResidentSetSize of job (KB)
...
006 (9693134.000.000) 04/29 03:48:40 Image size of job updated: 19454560
	11157  -  MemoryUsage of job (MB)
	11423788  -  ResidentSetSize of job (KB)
...
006 (9693134.000.000) 04/29 03:53:41 Image size of job updated: 19505604
	11269  -  MemoryUsage of job (MB)
	11538976  -  ResidentSetSize of job (KB)
...
006 (9693134.000.000) 04/29 03:58:42 Image size of job updated: 19564028
	11383  -  MemoryUsage of job (MB)
	11655728  -  ResidentSetSize of job (KB)
...
006 (9693134.000.000) 04/29 04:03:42 Image size of job updated: 19614164
	11497  -  MemoryUsage of job (MB)
	11772928  -  ResidentSetSize of job (KB)
...
006 (9693134.000.000) 04/29 04:08:42 Image size of job updated: 19672456
	11617  -  MemoryUsage of job (MB)
	11895484  -  ResidentSetSize of job (KB)
...
006 (9693134.000.000) 04/29 04:13:43 Image size of job updated: 19729980
	11753  -  MemoryUsage of job (MB)
	12034736  -  ResidentSetSize of job (KB)
...
006 (9693134.000.000) 04/29 04:18:44 Image size of job updated: 19795916
	11885  -  MemoryUsage of job (MB)
	12169776  -  ResidentSetSize of job (KB)
...
006 (9693134.000.000) 04/29 04:23:44 Image size of job updated: 19853436
	11997  -  MemoryUsage of job (MB)
	12284668  -  ResidentSetSize of job (KB)
...
006 (9693134.000.000) 04/29 04:28:45 Image size of job updated: 19904476
	12114  -  MemoryUsage of job (MB)
	12404684  -  ResidentSetSize of job (KB)
...
006 (9693134.000.000) 04/29 04:33:46 Image size of job updated: 19965496
	12236  -  MemoryUsage of job (MB)
	12529016  -  ResidentSetSize of job (KB)
...
006 (9693134.000.000) 04/29 04:38:46 Image size of job updated: 20029228
	12364  -  MemoryUsage of job (MB)
	12660608  -  ResidentSetSize of job (KB)
...
006 (9693134.000.000) 04/29 04:43:46 Image size of job updated: 20084028
	12491  -  MemoryUsage of job (MB)
	12790124  -  ResidentSetSize of job (KB)
...
006 (9693134.000.000) 04/29 04:48:47 Image size of job updated: 20145044
	12613  -  MemoryUsage of job (MB)
	12914940  -  ResidentSetSize of job (KB)
...
006 (9693134.000.000) 04/29 04:53:48 Image size of job updated: 22551884
	12718  -  MemoryUsage of job (MB)
	13022752  -  ResidentSetSize of job (KB)
...
006 (9693134.000.000) 04/29 04:58:48 Image size of job updated: 22606420
	12822  -  MemoryUsage of job (MB)
	13129432  -  ResidentSetSize of job (KB)
...
006 (9693134.000.000) 04/29 05:03:49 Image size of job updated: 22653964
	12930  -  MemoryUsage of job (MB)
	13239536  -  ResidentSetSize of job (KB)
...
006 (9693134.000.000) 04/29 05:08:50 Image size of job updated: 22706948
	13029  -  MemoryUsage of job (MB)
	13340988  -  ResidentSetSize of job (KB)
...
006 (9693134.000.000) 04/29 05:13:50 Image size of job updated: 22752940
	13132  -  MemoryUsage of job (MB)
	13446644  -  ResidentSetSize of job (KB)
...
006 (9693134.000.000) 04/29 05:18:50 Image size of job updated: 22798408
	13232  -  MemoryUsage of job (MB)
	13549416  -  ResidentSetSize of job (KB)
...
006 (9693134.000.000) 04/29 05:24:32 Image size of job updated: 22852040
	13335  -  MemoryUsage of job (MB)
	13654032  -  ResidentSetSize of job (KB)
...
006 (9693134.000.000) 04/29 05:28:51 Image size of job updated: 22896600
	13436  -  MemoryUsage of job (MB)
	13757880  -  ResidentSetSize of job (KB)
...
006 (9693134.000.000) 04/29 05:33:52 Image size of job updated: 22946348
	13548  -  MemoryUsage of job (MB)
	13873100  -  ResidentSetSize of job (KB)
...
006 (9693134.000.000) 04/29 05:38:53 Image size of job updated: 23005164
	13664  -  MemoryUsage of job (MB)
	13991052  -  ResidentSetSize of job (KB)
...
006 (9693134.000.000) 04/29 05:43:53 Image size of job updated: 23051152
	13766  -  MemoryUsage of job (MB)
	14095968  -  ResidentSetSize of job (KB)
...
006 (9693134.000.000) 04/29 05:48:54 Image size of job updated: 23105304
	13869  -  MemoryUsage of job (MB)
	14200972  -  ResidentSetSize of job (KB)
...
006 (9693134.000.000) 04/29 05:53:55 Image size of job updated: 23155048
	13982  -  MemoryUsage of job (MB)
	14316592  -  ResidentSetSize of job (KB)
...
006 (9693134.000.000) 04/29 05:58:55 Image size of job updated: 23210752
	14093  -  MemoryUsage of job (MB)
	14430576  -  ResidentSetSize of job (KB)
...
006 (9693134.000.000) 04/29 06:03:55 Image size of job updated: 23259332
	14204  -  MemoryUsage of job (MB)
	14544068  -  ResidentSetSize of job (KB)
...
006 (9693134.000.000) 04/29 06:08:56 Image size of job updated: 23316852
	14315  -  MemoryUsage of job (MB)
	14657992  -  ResidentSetSize of job (KB)
...
006 (9693134.000.000) 04/29 06:13:56 Image size of job updated: 23364004
	14417  -  MemoryUsage of job (MB)
	14762592  -  ResidentSetSize of job (KB)
...
006 (9693134.000.000) 04/29 06:18:56 Image size of job updated: 23407792
	14516  -  MemoryUsage of job (MB)
	14863972  -  ResidentSetSize of job (KB)
...
006 (9693134.000.000) 04/29 06:23:58 Image size of job updated: 23459736
	14613  -  MemoryUsage of job (MB)
	14963520  -  ResidentSetSize of job (KB)
...
006 (9693134.000.000) 04/29 06:28:58 Image size of job updated: 23501584
	14705  -  MemoryUsage of job (MB)
	15057304  -  ResidentSetSize of job (KB)
...
006 (9693134.000.000) 04/29 06:33:58 Image size of job updated: 23543556
	14796  -  MemoryUsage of job (MB)
	15151104  -  ResidentSetSize of job (KB)
...
006 (9693134.000.000) 04/29 06:38:59 Image size of job updated: 23585268
	14796  -  MemoryUsage of job (MB)
	15151104  -  ResidentSetSize of job (KB)
...
006 (9693134.000.000) 04/29 06:44:00 Image size of job updated: 23627760
	14796  -  MemoryUsage of job (MB)
	15151104  -  ResidentSetSize of job (KB)
...
006 (9693134.000.000) 04/29 06:49:00 Image size of job updated: 23678152
	14796  -  MemoryUsage of job (MB)
	15151104  -  ResidentSetSize of job (KB)
...
006 (9693134.000.000) 04/29 06:54:01 Image size of job updated: 23719736
	14796  -  MemoryUsage of job (MB)
	15151104  -  ResidentSetSize of job (KB)
...
006 (9693134.000.000) 04/29 06:59:02 Image size of job updated: 23763656
	14796  -  MemoryUsage of job (MB)
	15151104  -  ResidentSetSize of job (KB)
...
006 (9693134.000.000) 04/29 07:04:02 Image size of job updated: 23817284
	14796  -  MemoryUsage of job (MB)
	15151104  -  ResidentSetSize of job (KB)
...
006 (9693134.000.000) 04/29 07:09:02 Image size of job updated: 23862368
	14796  -  MemoryUsage of job (MB)
	15151104  -  ResidentSetSize of job (KB)
...
006 (9693134.000.000) 04/29 07:14:03 Image size of job updated: 23907060
	14796  -  MemoryUsage of job (MB)
	15151104  -  ResidentSetSize of job (KB)
...
006 (9693134.000.000) 04/29 07:19:03 Image size of job updated: 23949552
	14796  -  MemoryUsage of job (MB)
	15151104  -  ResidentSetSize of job (KB)
...
006 (9693134.000.000) 04/29 07:24:03 Image size of job updated: 24003180
	14796  -  MemoryUsage of job (MB)
	15151104  -  ResidentSetSize of job (KB)
...
006 (9693134.000.000) 04/29 07:29:04 Image size of job updated: 24046324
	14796  -  MemoryUsage of job (MB)
	15151104  -  ResidentSetSize of job (KB)
...
006 (9693134.000.000) 04/29 07:34:05 Image size of job updated: 24089592
	14796  -  MemoryUsage of job (MB)
	15151104  -  ResidentSetSize of job (KB)
...
006 (9693134.000.000) 04/29 07:39:05 Image size of job updated: 24143352
	14796  -  MemoryUsage of job (MB)
	15151104  -  ResidentSetSize of job (KB)
...
006 (9693134.000.000) 04/29 07:44:06 Image size of job updated: 24191284
	14796  -  MemoryUsage of job (MB)
	15151104  -  ResidentSetSize of job (KB)
...
006 (9693134.000.000) 04/29 07:49:07 Image size of job updated: 24245044
	14796  -  MemoryUsage of job (MB)
	15151104  -  ResidentSetSize of job (KB)
...
006 (9693134.000.000) 04/29 07:54:07 Image size of job updated: 24290648
	14796  -  MemoryUsage of job (MB)
	15151104  -  ResidentSetSize of job (KB)
...
006 (9693134.000.000) 04/29 07:59:07 Image size of job updated: 24334300
	14796  -  MemoryUsage of job (MB)
	15151104  -  ResidentSetSize of job (KB)
...
006 (9693134.000.000) 04/29 08:04:08 Image size of job updated: 24627408
	14796  -  MemoryUsage of job (MB)
	15151104  -  ResidentSetSize of job (KB)
...
006 (9693134.000.000) 04/29 08:09:08 Image size of job updated: 24627408
	15347  -  MemoryUsage of job (MB)
	15714444  -  ResidentSetSize of job (KB)
...
006 (9693134.000.000) 04/29 08:14:08 Image size of job updated: 24627408
	15549  -  MemoryUsage of job (MB)
	15921592  -  ResidentSetSize of job (KB)
...
006 (9693134.000.000) 04/29 08:29:10 Image size of job updated: 25896396
	15549  -  MemoryUsage of job (MB)
	15921592  -  ResidentSetSize of job (KB)
...
040 (9693134.000.000) 04/29 09:10:49 Started transferring output files
...
040 (9693134.000.000) 04/29 09:10:49 Finished transferring output files
...
005 (9693134.000.000) 04/29 09:10:49 Job terminated.
	(1) Normal termination (return value 0)
		Usr 0 13:00:40, Sys 0 00:08:07  -  Run Remote Usage
		Usr 0 00:00:00, Sys 0 00:00:00  -  Run Local Usage
		Usr 0 13:00:40, Sys 0 00:08:07  -  Total Remote Usage
		Usr 0 00:00:00, Sys 0 00:00:00  -  Total Local Usage
	10287  -  Run Bytes Sent By Job
	228  -  Run Bytes Received By Job
	10287  -  Total Bytes Sent By Job
	228  -  Total Bytes Received By Job
	Partitionable Resources :    Usage  Request Allocated 
	   Cpus                 :     1.00        1         1 
	   Disk (KB)            :  2020           1   1297780 
	   Memory (MB)          : 15549        2000      2000 

	Job terminated of its own accord at 2024-04-29T07:10:48Z.
...
