000 (9426546.000.000) 03/14 08:28:54 Job submitted from host: <137.138.156.150:9618?addrs=137.138.156.150-9618+[2001-1458-d00-14--9a]-9618&alias=bigbird13.cern.ch&noUDP&sock=schedd_5144_ef43>
...
040 (9426546.000.000) 03/14 08:29:54 Started transferring input files
	Transferring to host: <128.142.56.56:9618?addrs=128.142.56.56-9618&alias=b7s01p0304.cern.ch&noUDP&sock=slot1_1_6945_2173_73092>
...
040 (9426546.000.000) 03/14 08:29:54 Finished transferring input files
...
001 (9426546.000.000) 03/14 08:29:55 Job executing on host: <128.142.56.56:9618?addrs=128.142.56.56-9618&alias=b7s01p0304.cern.ch&noUDP&sock=startd_6875_41b3>
...
006 (9426546.000.000) 03/14 08:30:04 Image size of job updated: 673296
	87  -  MemoryUsage of job (MB)
	88788  -  ResidentSetSize of job (KB)
...
006 (9426546.000.000) 03/14 08:30:13 Image size of job updated: 1234428
	90  -  MemoryUsage of job (MB)
	91432  -  ResidentSetSize of job (KB)
...
040 (9426546.000.000) 03/14 08:30:13 Started transferring output files
...
040 (9426546.000.000) 03/14 08:30:13 Finished transferring output files
...
005 (9426546.000.000) 03/14 08:30:13 Job terminated.
	(1) Normal termination (return value 0)
		Usr 0 00:00:04, Sys 0 00:00:01  -  Run Remote Usage
		Usr 0 00:00:00, Sys 0 00:00:00  -  Run Local Usage
		Usr 0 00:00:04, Sys 0 00:00:01  -  Total Remote Usage
		Usr 0 00:00:00, Sys 0 00:00:00  -  Total Local Usage
	24205  -  Run Bytes Sent By Job
	222  -  Run Bytes Received By Job
	24205  -  Total Bytes Sent By Job
	222  -  Total Bytes Received By Job
	Partitionable Resources :    Usage  Request Allocated 
	   Cpus                 :                 1         1 
	   Disk (KB)            :       37        1   1259087 
	   Memory (MB)          :       90     2000      2000 

	Job terminated of its own accord at 2024-03-14T07:30:13Z.
...
