000 (9634743.000.000) 04/14 16:04:21 Job submitted from host: <137.138.156.150:9618?addrs=137.138.156.150-9618+[2001-1458-d00-14--9a]-9618&alias=bigbird13.cern.ch&noUDP&sock=schedd_2138_1192>
...
040 (9634743.000.000) 04/14 16:05:01 Started transferring input files
	Transferring to host: <128.142.56.115:9618?addrs=128.142.56.115-9618&alias=b7s01p7942.cern.ch&noUDP&sock=slot1_13_7649_2990_99844>
...
040 (9634743.000.000) 04/14 16:05:01 Finished transferring input files
...
001 (9634743.000.000) 04/14 16:05:02 Job executing on host: <128.142.56.115:9618?addrs=128.142.56.115-9618&alias=b7s01p7942.cern.ch&noUDP&sock=startd_7580_d3f7>
...
006 (9634743.000.000) 04/14 16:05:11 Image size of job updated: 525440
	54  -  MemoryUsage of job (MB)
	54372  -  ResidentSetSize of job (KB)
...
006 (9634743.000.000) 04/14 16:10:12 Image size of job updated: 1209980
	220  -  MemoryUsage of job (MB)
	224440  -  ResidentSetSize of job (KB)
...
006 (9634743.000.000) 04/14 16:15:12 Image size of job updated: 1211004
	221  -  MemoryUsage of job (MB)
	225340  -  ResidentSetSize of job (KB)
...
006 (9634743.000.000) 04/14 16:20:13 Image size of job updated: 1211772
	221  -  MemoryUsage of job (MB)
	226240  -  ResidentSetSize of job (KB)
...
006 (9634743.000.000) 04/14 16:25:14 Image size of job updated: 26251964
	14490  -  MemoryUsage of job (MB)
	14836940  -  ResidentSetSize of job (KB)
...
006 (9634743.000.000) 04/14 16:30:14 Image size of job updated: 26317528
	14607  -  MemoryUsage of job (MB)
	14956688  -  ResidentSetSize of job (KB)
...
006 (9634743.000.000) 04/14 16:35:14 Image size of job updated: 26406808
	14607  -  MemoryUsage of job (MB)
	14956688  -  ResidentSetSize of job (KB)
...
006 (9634743.000.000) 04/14 16:40:15 Image size of job updated: 26546968
	14607  -  MemoryUsage of job (MB)
	14956688  -  ResidentSetSize of job (KB)
...
006 (9634743.000.000) 04/14 16:45:16 Image size of job updated: 26601492
	14607  -  MemoryUsage of job (MB)
	14956688  -  ResidentSetSize of job (KB)
...
006 (9634743.000.000) 04/14 16:50:16 Image size of job updated: 26653540
	14607  -  MemoryUsage of job (MB)
	14956688  -  ResidentSetSize of job (KB)
...
006 (9634743.000.000) 04/14 16:55:17 Image size of job updated: 26858416
	14607  -  MemoryUsage of job (MB)
	14956688  -  ResidentSetSize of job (KB)
...
006 (9634743.000.000) 04/14 17:00:18 Image size of job updated: 26918980
	14607  -  MemoryUsage of job (MB)
	14956688  -  ResidentSetSize of job (KB)
...
006 (9634743.000.000) 04/14 17:05:18 Image size of job updated: 26973648
	14607  -  MemoryUsage of job (MB)
	14956688  -  ResidentSetSize of job (KB)
...
006 (9634743.000.000) 04/14 17:10:18 Image size of job updated: 27027928
	14607  -  MemoryUsage of job (MB)
	14956688  -  ResidentSetSize of job (KB)
...
006 (9634743.000.000) 04/14 17:15:20 Image size of job updated: 27081300
	14607  -  MemoryUsage of job (MB)
	14956688  -  ResidentSetSize of job (KB)
...
006 (9634743.000.000) 04/14 17:20:20 Image size of job updated: 27131140
	14607  -  MemoryUsage of job (MB)
	14956688  -  ResidentSetSize of job (KB)
...
006 (9634743.000.000) 04/14 17:25:20 Image size of job updated: 27486616
	14607  -  MemoryUsage of job (MB)
	14956688  -  ResidentSetSize of job (KB)
...
006 (9634743.000.000) 04/14 17:30:21 Image size of job updated: 27545204
	14607  -  MemoryUsage of job (MB)
	14956688  -  ResidentSetSize of job (KB)
...
006 (9634743.000.000) 04/14 17:35:22 Image size of job updated: 27601160
	14607  -  MemoryUsage of job (MB)
	14956688  -  ResidentSetSize of job (KB)
...
006 (9634743.000.000) 04/14 17:40:22 Image size of job updated: 27658156
	14607  -  MemoryUsage of job (MB)
	14956688  -  ResidentSetSize of job (KB)
...
006 (9634743.000.000) 04/14 17:45:22 Image size of job updated: 27716776
	14607  -  MemoryUsage of job (MB)
	14956688  -  ResidentSetSize of job (KB)
...
006 (9634743.000.000) 04/14 17:50:23 Image size of job updated: 27770536
	14607  -  MemoryUsage of job (MB)
	14956688  -  ResidentSetSize of job (KB)
...
006 (9634743.000.000) 04/14 17:55:23 Image size of job updated: 27824428
	14607  -  MemoryUsage of job (MB)
	14956688  -  ResidentSetSize of job (KB)
...
006 (9634743.000.000) 04/14 18:00:23 Image size of job updated: 27877024
	14607  -  MemoryUsage of job (MB)
	14956688  -  ResidentSetSize of job (KB)
...
006 (9634743.000.000) 04/14 18:05:24 Image size of job updated: 27933764
	14607  -  MemoryUsage of job (MB)
	14956688  -  ResidentSetSize of job (KB)
...
006 (9634743.000.000) 04/14 18:10:25 Image size of job updated: 27987524
	14607  -  MemoryUsage of job (MB)
	14956688  -  ResidentSetSize of job (KB)
...
006 (9634743.000.000) 04/14 18:15:25 Image size of job updated: 28039212
	14607  -  MemoryUsage of job (MB)
	14956688  -  ResidentSetSize of job (KB)
...
006 (9634743.000.000) 04/14 18:20:25 Image size of job updated: 28683708
	14607  -  MemoryUsage of job (MB)
	14956688  -  ResidentSetSize of job (KB)
...
006 (9634743.000.000) 04/14 18:25:26 Image size of job updated: 28739804
	14607  -  MemoryUsage of job (MB)
	14956688  -  ResidentSetSize of job (KB)
...
006 (9634743.000.000) 04/14 18:30:26 Image size of job updated: 28802436
	14607  -  MemoryUsage of job (MB)
	14956688  -  ResidentSetSize of job (KB)
...
006 (9634743.000.000) 04/14 18:35:26 Image size of job updated: 28860540
	14607  -  MemoryUsage of job (MB)
	14956688  -  ResidentSetSize of job (KB)
...
006 (9634743.000.000) 04/14 18:40:27 Image size of job updated: 28915076
	14607  -  MemoryUsage of job (MB)
	14956688  -  ResidentSetSize of job (KB)
...
006 (9634743.000.000) 04/14 18:45:28 Image size of job updated: 28971560
	14607  -  MemoryUsage of job (MB)
	14956688  -  ResidentSetSize of job (KB)
...
006 (9634743.000.000) 04/14 18:50:28 Image size of job updated: 29030052
	14607  -  MemoryUsage of job (MB)
	14956688  -  ResidentSetSize of job (KB)
...
006 (9634743.000.000) 04/14 18:55:29 Image size of job updated: 29093072
	14607  -  MemoryUsage of job (MB)
	14956688  -  ResidentSetSize of job (KB)
...
006 (9634743.000.000) 04/14 19:00:30 Image size of job updated: 29154544
	14607  -  MemoryUsage of job (MB)
	14956688  -  ResidentSetSize of job (KB)
...
006 (9634743.000.000) 04/14 19:05:30 Image size of job updated: 29218344
	14607  -  MemoryUsage of job (MB)
	14956688  -  ResidentSetSize of job (KB)
...
006 (9634743.000.000) 04/14 19:10:30 Image size of job updated: 29270684
	14607  -  MemoryUsage of job (MB)
	14956688  -  ResidentSetSize of job (KB)
...
006 (9634743.000.000) 04/14 19:15:31 Image size of job updated: 29320608
	14607  -  MemoryUsage of job (MB)
	14956688  -  ResidentSetSize of job (KB)
...
006 (9634743.000.000) 04/14 19:20:32 Image size of job updated: 29366464
	14607  -  MemoryUsage of job (MB)
	14956688  -  ResidentSetSize of job (KB)
...
006 (9634743.000.000) 04/14 19:25:32 Image size of job updated: 29414008
	14607  -  MemoryUsage of job (MB)
	14956688  -  ResidentSetSize of job (KB)
...
006 (9634743.000.000) 04/14 19:30:33 Image size of job updated: 29463104
	14607  -  MemoryUsage of job (MB)
	14956688  -  ResidentSetSize of job (KB)
...
006 (9634743.000.000) 04/14 19:35:34 Image size of job updated: 29509096
	14607  -  MemoryUsage of job (MB)
	14956688  -  ResidentSetSize of job (KB)
...
006 (9634743.000.000) 04/14 19:40:34 Image size of job updated: 29558712
	14607  -  MemoryUsage of job (MB)
	14956688  -  ResidentSetSize of job (KB)
...
006 (9634743.000.000) 04/14 19:45:34 Image size of job updated: 29608328
	14607  -  MemoryUsage of job (MB)
	14956688  -  ResidentSetSize of job (KB)
...
006 (9634743.000.000) 04/14 19:50:35 Image size of job updated: 29657556
	14607  -  MemoryUsage of job (MB)
	14956688  -  ResidentSetSize of job (KB)
...
006 (9634743.000.000) 04/14 19:55:36 Image size of job updated: 29703804
	14607  -  MemoryUsage of job (MB)
	14956688  -  ResidentSetSize of job (KB)
...
006 (9634743.000.000) 04/14 20:00:36 Image size of job updated: 29756400
	14607  -  MemoryUsage of job (MB)
	14956688  -  ResidentSetSize of job (KB)
...
006 (9634743.000.000) 04/14 20:05:37 Image size of job updated: 29810160
	14607  -  MemoryUsage of job (MB)
	14956688  -  ResidentSetSize of job (KB)
...
006 (9634743.000.000) 04/14 20:10:38 Image size of job updated: 29866644
	14607  -  MemoryUsage of job (MB)
	14956688  -  ResidentSetSize of job (KB)
...
006 (9634743.000.000) 04/14 20:15:38 Image size of job updated: 29927008
	14607  -  MemoryUsage of job (MB)
	14956688  -  ResidentSetSize of job (KB)
...
006 (9634743.000.000) 04/14 20:20:38 Image size of job updated: 31171304
	14607  -  MemoryUsage of job (MB)
	14956688  -  ResidentSetSize of job (KB)
...
006 (9634743.000.000) 04/14 20:25:39 Image size of job updated: 31233220
	14607  -  MemoryUsage of job (MB)
	14956688  -  ResidentSetSize of job (KB)
...
006 (9634743.000.000) 04/14 20:30:40 Image size of job updated: 31293204
	14621  -  MemoryUsage of job (MB)
	14971752  -  ResidentSetSize of job (KB)
...
006 (9634743.000.000) 04/14 20:35:40 Image size of job updated: 31358756
	14739  -  MemoryUsage of job (MB)
	15092328  -  ResidentSetSize of job (KB)
...
006 (9634743.000.000) 04/14 20:40:41 Image size of job updated: 31421844
	14860  -  MemoryUsage of job (MB)
	15216608  -  ResidentSetSize of job (KB)
...
006 (9634743.000.000) 04/14 20:45:42 Image size of job updated: 31488688
	14981  -  MemoryUsage of job (MB)
	15340000  -  ResidentSetSize of job (KB)
...
006 (9634743.000.000) 04/14 20:50:42 Image size of job updated: 31552552
	15096  -  MemoryUsage of job (MB)
	15457444  -  ResidentSetSize of job (KB)
...
006 (9634743.000.000) 04/14 20:55:42 Image size of job updated: 31612924
	15216  -  MemoryUsage of job (MB)
	15580696  -  ResidentSetSize of job (KB)
...
006 (9634743.000.000) 04/14 21:00:43 Image size of job updated: 31677436
	15336  -  MemoryUsage of job (MB)
	15703068  -  ResidentSetSize of job (KB)
...
006 (9634743.000.000) 04/14 21:05:43 Image size of job updated: 31732236
	15443  -  MemoryUsage of job (MB)
	15812760  -  ResidentSetSize of job (KB)
...
006 (9634743.000.000) 04/14 21:10:43 Image size of job updated: 31796620
	15575  -  MemoryUsage of job (MB)
	15948656  -  ResidentSetSize of job (KB)
...
006 (9634743.000.000) 04/14 21:15:44 Image size of job updated: 31862688
	15703  -  MemoryUsage of job (MB)
	16079636  -  ResidentSetSize of job (KB)
...
006 (9634743.000.000) 04/14 21:20:45 Image size of job updated: 31931084
	15836  -  MemoryUsage of job (MB)
	16215944  -  ResidentSetSize of job (KB)
...
006 (9634743.000.000) 04/14 21:25:45 Image size of job updated: 31993920
	15965  -  MemoryUsage of job (MB)
	16347964  -  ResidentSetSize of job (KB)
...
006 (9634743.000.000) 04/14 21:30:45 Image size of job updated: 32056488
	16089  -  MemoryUsage of job (MB)
	16474904  -  ResidentSetSize of job (KB)
...
006 (9634743.000.000) 04/14 21:35:46 Image size of job updated: 32125924
	16216  -  MemoryUsage of job (MB)
	16604468  -  ResidentSetSize of job (KB)
...
006 (9634743.000.000) 04/14 21:40:46 Image size of job updated: 32183960
	16333  -  MemoryUsage of job (MB)
	16724036  -  ResidentSetSize of job (KB)
...
006 (9634743.000.000) 04/14 21:45:46 Image size of job updated: 32239536
	16449  -  MemoryUsage of job (MB)
	16842996  -  ResidentSetSize of job (KB)
...
006 (9634743.000.000) 04/14 21:50:47 Image size of job updated: 32305088
	16569  -  MemoryUsage of job (MB)
	16966064  -  ResidentSetSize of job (KB)
...
006 (9634743.000.000) 04/14 21:55:48 Image size of job updated: 32364552
	16690  -  MemoryUsage of job (MB)
	17089808  -  ResidentSetSize of job (KB)
...
006 (9634743.000.000) 04/14 22:00:48 Image size of job updated: 32427896
	16811  -  MemoryUsage of job (MB)
	17213656  -  ResidentSetSize of job (KB)
...
006 (9634743.000.000) 04/14 22:05:48 Image size of job updated: 32484768
	16930  -  MemoryUsage of job (MB)
	17335660  -  ResidentSetSize of job (KB)
...
006 (9634743.000.000) 04/14 22:10:50 Image size of job updated: 32545396
	17052  -  MemoryUsage of job (MB)
	17460780  -  ResidentSetSize of job (KB)
...
006 (9634743.000.000) 04/14 22:15:50 Image size of job updated: 32610036
	17174  -  MemoryUsage of job (MB)
	17585756  -  ResidentSetSize of job (KB)
...
006 (9634743.000.000) 04/14 22:20:50 Image size of job updated: 32666908
	17286  -  MemoryUsage of job (MB)
	17700660  -  ResidentSetSize of job (KB)
...
006 (9634743.000.000) 04/14 22:25:51 Image size of job updated: 32720280
	17390  -  MemoryUsage of job (MB)
	17807248  -  ResidentSetSize of job (KB)
...
006 (9634743.000.000) 04/14 22:30:52 Image size of job updated: 32771192
	17488  -  MemoryUsage of job (MB)
	17907316  -  ResidentSetSize of job (KB)
...
006 (9634743.000.000) 04/14 22:35:52 Image size of job updated: 32828140
	17591  -  MemoryUsage of job (MB)
	18012416  -  ResidentSetSize of job (KB)
...
006 (9634743.000.000) 04/14 22:40:52 Image size of job updated: 32877112
	17693  -  MemoryUsage of job (MB)
	18117188  -  ResidentSetSize of job (KB)
...
006 (9634743.000.000) 04/14 22:45:53 Image size of job updated: 32937608
	17803  -  MemoryUsage of job (MB)
	18229860  -  ResidentSetSize of job (KB)
...
006 (9634743.000.000) 04/14 22:50:53 Image size of job updated: 32988652
	17909  -  MemoryUsage of job (MB)
	18338776  -  ResidentSetSize of job (KB)
...
006 (9634743.000.000) 04/14 22:55:53 Image size of job updated: 33044872
	18008  -  MemoryUsage of job (MB)
	18439608  -  ResidentSetSize of job (KB)
...
006 (9634743.000.000) 04/14 23:00:55 Image size of job updated: 33093192
	18110  -  MemoryUsage of job (MB)
	18544276  -  ResidentSetSize of job (KB)
...
006 (9634743.000.000) 04/14 23:05:55 Image size of job updated: 33149544
	18211  -  MemoryUsage of job (MB)
	18647960  -  ResidentSetSize of job (KB)
...
006 (9634743.000.000) 04/14 23:10:55 Image size of job updated: 33197740
	18313  -  MemoryUsage of job (MB)
	18752092  -  ResidentSetSize of job (KB)
...
006 (9634743.000.000) 04/14 23:15:56 Image size of job updated: 33245152
	18411  -  MemoryUsage of job (MB)
	18852212  -  ResidentSetSize of job (KB)
...
006 (9634743.000.000) 04/14 23:20:57 Image size of job updated: 33301372
	18512  -  MemoryUsage of job (MB)
	18955392  -  ResidentSetSize of job (KB)
...
006 (9634743.000.000) 04/14 23:25:57 Image size of job updated: 33348272
	18609  -  MemoryUsage of job (MB)
	19055600  -  ResidentSetSize of job (KB)
...
006 (9634743.000.000) 04/14 23:30:57 Image size of job updated: 33411228
	18727  -  MemoryUsage of job (MB)
	19176344  -  ResidentSetSize of job (KB)
...
006 (9634743.000.000) 04/14 23:35:58 Image size of job updated: 33476388
	18851  -  MemoryUsage of job (MB)
	19302456  -  ResidentSetSize of job (KB)
...
006 (9634743.000.000) 04/14 23:40:58 Image size of job updated: 33529504
	18964  -  MemoryUsage of job (MB)
	19419084  -  ResidentSetSize of job (KB)
...
006 (9634743.000.000) 04/14 23:45:58 Image size of job updated: 33587020
	19068  -  MemoryUsage of job (MB)
	19525544  -  ResidentSetSize of job (KB)
...
006 (9634743.000.000) 04/14 23:50:59 Image size of job updated: 33648296
	19184  -  MemoryUsage of job (MB)
	19643840  -  ResidentSetSize of job (KB)
...
006 (9634743.000.000) 04/14 23:56:00 Image size of job updated: 33704000
	19304  -  MemoryUsage of job (MB)
	19767180  -  ResidentSetSize of job (KB)
...
006 (9634743.000.000) 04/15 00:01:00 Image size of job updated: 36125224
	19419  -  MemoryUsage of job (MB)
	19884736  -  ResidentSetSize of job (KB)
...
006 (9634743.000.000) 04/15 00:06:00 Image size of job updated: 36192712
	19548  -  MemoryUsage of job (MB)
	20016788  -  ResidentSetSize of job (KB)
...
006 (9634743.000.000) 04/15 00:11:02 Image size of job updated: 36259168
	19677  -  MemoryUsage of job (MB)
	20148868  -  ResidentSetSize of job (KB)
...
006 (9634743.000.000) 04/15 00:16:02 Image size of job updated: 36319540
	19810  -  MemoryUsage of job (MB)
	20285072  -  ResidentSetSize of job (KB)
...
006 (9634743.000.000) 04/15 00:21:02 Image size of job updated: 36387684
	19942  -  MemoryUsage of job (MB)
	20420480  -  ResidentSetSize of job (KB)
...
006 (9634743.000.000) 04/15 00:26:03 Image size of job updated: 36455824
	20073  -  MemoryUsage of job (MB)
	20554188  -  ResidentSetSize of job (KB)
...
006 (9634743.000.000) 04/15 00:31:04 Image size of job updated: 36524872
	20206  -  MemoryUsage of job (MB)
	20690564  -  ResidentSetSize of job (KB)
...
006 (9634743.000.000) 04/15 00:36:04 Image size of job updated: 36589516
	20327  -  MemoryUsage of job (MB)
	20814568  -  ResidentSetSize of job (KB)
...
006 (9634743.000.000) 04/15 00:41:04 Image size of job updated: 36651176
	20444  -  MemoryUsage of job (MB)
	20934208  -  ResidentSetSize of job (KB)
...
006 (9634743.000.000) 04/15 00:46:05 Image size of job updated: 36697556
	20543  -  MemoryUsage of job (MB)
	21035012  -  ResidentSetSize of job (KB)
...
006 (9634743.000.000) 04/15 00:51:06 Image size of job updated: 36748596
	20650  -  MemoryUsage of job (MB)
	21145520  -  ResidentSetSize of job (KB)
...
006 (9634743.000.000) 04/15 00:56:06 Image size of job updated: 36807800
	20758  -  MemoryUsage of job (MB)
	21255708  -  ResidentSetSize of job (KB)
...
006 (9634743.000.000) 04/15 01:01:07 Image size of job updated: 36868164
	20868  -  MemoryUsage of job (MB)
	21368764  -  ResidentSetSize of job (KB)
...
006 (9634743.000.000) 04/15 01:06:08 Image size of job updated: 36916360
	20970  -  MemoryUsage of job (MB)
	21472888  -  ResidentSetSize of job (KB)
...
006 (9634743.000.000) 04/15 01:11:08 Image size of job updated: 36973876
	21075  -  MemoryUsage of job (MB)
	21580388  -  ResidentSetSize of job (KB)
...
006 (9634743.000.000) 04/15 01:16:08 Image size of job updated: 37029064
	21191  -  MemoryUsage of job (MB)
	21699144  -  ResidentSetSize of job (KB)
...
006 (9634743.000.000) 04/15 01:21:09 Image size of job updated: 37086060
	21299  -  MemoryUsage of job (MB)
	21809688  -  ResidentSetSize of job (KB)
...
006 (9634743.000.000) 04/15 01:26:10 Image size of job updated: 37136848
	21405  -  MemoryUsage of job (MB)
	21918660  -  ResidentSetSize of job (KB)
...
006 (9634743.000.000) 04/15 01:31:10 Image size of job updated: 37191384
	21502  -  MemoryUsage of job (MB)
	22017964  -  ResidentSetSize of job (KB)
...
006 (9634743.000.000) 04/15 01:36:11 Image size of job updated: 37240612
	21607  -  MemoryUsage of job (MB)
	22125200  -  ResidentSetSize of job (KB)
...
006 (9634743.000.000) 04/15 01:41:12 Image size of job updated: 37306160
	21732  -  MemoryUsage of job (MB)
	22252572  -  ResidentSetSize of job (KB)
...
006 (9634743.000.000) 04/15 01:46:12 Image size of job updated: 37371320
	21854  -  MemoryUsage of job (MB)
	22377856  -  ResidentSetSize of job (KB)
...
006 (9634743.000.000) 04/15 01:51:13 Image size of job updated: 37438944
	21983  -  MemoryUsage of job (MB)
	22510276  -  ResidentSetSize of job (KB)
...
006 (9634743.000.000) 04/15 01:56:14 Image size of job updated: 37499444
	22117  -  MemoryUsage of job (MB)
	22646800  -  ResidentSetSize of job (KB)
...
006 (9634743.000.000) 04/15 02:01:14 Image size of job updated: 37567844
	22247  -  MemoryUsage of job (MB)
	22780452  -  ResidentSetSize of job (KB)
...
006 (9634743.000.000) 04/15 02:06:14 Image size of job updated: 37635596
	22376  -  MemoryUsage of job (MB)
	22912012  -  ResidentSetSize of job (KB)
...
006 (9634743.000.000) 04/15 02:11:15 Image size of job updated: 37702052
	22502  -  MemoryUsage of job (MB)
	23041840  -  ResidentSetSize of job (KB)
...
006 (9634743.000.000) 04/15 02:16:16 Image size of job updated: 37761124
	22608  -  MemoryUsage of job (MB)
	23150212  -  ResidentSetSize of job (KB)
...
006 (9634743.000.000) 04/15 02:21:16 Image size of job updated: 37806336
	22702  -  MemoryUsage of job (MB)
	23246672  -  ResidentSetSize of job (KB)
...
006 (9634743.000.000) 04/15 02:26:17 Image size of job updated: 37853492
	22805  -  MemoryUsage of job (MB)
	23351500  -  ResidentSetSize of job (KB)
...
006 (9634743.000.000) 04/15 02:31:18 Image size of job updated: 37909324
	22912  -  MemoryUsage of job (MB)
	23461076  -  ResidentSetSize of job (KB)
...
006 (9634743.000.000) 04/15 02:36:18 Image size of job updated: 37957388
	23014  -  MemoryUsage of job (MB)
	23565692  -  ResidentSetSize of job (KB)
...
006 (9634743.000.000) 04/15 02:41:18 Image size of job updated: 38013740
	23116  -  MemoryUsage of job (MB)
	23670688  -  ResidentSetSize of job (KB)
...
006 (9634743.000.000) 04/15 02:46:19 Image size of job updated: 38062448
	23218  -  MemoryUsage of job (MB)
	23774516  -  ResidentSetSize of job (KB)
...
006 (9634743.000.000) 04/15 02:51:20 Image size of job updated: 38122036
	23322  -  MemoryUsage of job (MB)
	23881212  -  ResidentSetSize of job (KB)
...
006 (9634743.000.000) 04/15 02:56:20 Image size of job updated: 38171916
	23425  -  MemoryUsage of job (MB)
	23986508  -  ResidentSetSize of job (KB)
...
006 (9634743.000.000) 04/15 03:01:21 Image size of job updated: 38229820
	23530  -  MemoryUsage of job (MB)
	24094456  -  ResidentSetSize of job (KB)
...
006 (9634743.000.000) 04/15 03:06:22 Image size of job updated: 38285528
	23652  -  MemoryUsage of job (MB)
	24219136  -  ResidentSetSize of job (KB)
...
006 (9634743.000.000) 04/15 03:11:22 Image size of job updated: 38342656
	23754  -  MemoryUsage of job (MB)
	24323796  -  ResidentSetSize of job (KB)
...
006 (9634743.000.000) 04/15 03:16:22 Image size of job updated: 38391496
	23858  -  MemoryUsage of job (MB)
	24430404  -  ResidentSetSize of job (KB)
...
006 (9634743.000.000) 04/15 03:21:24 Image size of job updated: 38449012
	23962  -  MemoryUsage of job (MB)
	24536440  -  ResidentSetSize of job (KB)
...
006 (9634743.000.000) 04/15 03:26:24 Image size of job updated: 38500444
	24069  -  MemoryUsage of job (MB)
	24646452  -  ResidentSetSize of job (KB)
...
006 (9634743.000.000) 04/15 03:31:24 Image size of job updated: 38560164
	24178  -  MemoryUsage of job (MB)
	24757432  -  ResidentSetSize of job (KB)
...
006 (9634743.000.000) 04/15 03:36:25 Image size of job updated: 38624808
	24298  -  MemoryUsage of job (MB)
	24880220  -  ResidentSetSize of job (KB)
...
006 (9634743.000.000) 04/15 03:41:26 Image size of job updated: 38678696
	24415  -  MemoryUsage of job (MB)
	25000164  -  ResidentSetSize of job (KB)
...
006 (9634743.000.000) 04/15 03:46:26 Image size of job updated: 38740104
	24529  -  MemoryUsage of job (MB)
	25117396  -  ResidentSetSize of job (KB)
...
006 (9634743.000.000) 04/15 03:51:26 Image size of job updated: 38806040
	24654  -  MemoryUsage of job (MB)
	25245492  -  ResidentSetSize of job (KB)
...
006 (9634743.000.000) 04/15 03:56:27 Image size of job updated: 38871588
	24784  -  MemoryUsage of job (MB)
	25377860  -  ResidentSetSize of job (KB)
...
006 (9634743.000.000) 04/15 04:01:28 Image size of job updated: 38928980
	24906  -  MemoryUsage of job (MB)
	25503584  -  ResidentSetSize of job (KB)
...
006 (9634743.000.000) 04/15 04:06:28 Image size of job updated: 38994140
	25032  -  MemoryUsage of job (MB)
	25631996  -  ResidentSetSize of job (KB)
...
006 (9634743.000.000) 04/15 04:11:29 Image size of job updated: 39063060
	25165  -  MemoryUsage of job (MB)
	25768240  -  ResidentSetSize of job (KB)
...
006 (9634743.000.000) 04/15 04:16:30 Image size of job updated: 39127056
	25284  -  MemoryUsage of job (MB)
	25890580  -  ResidentSetSize of job (KB)
...
006 (9634743.000.000) 04/15 04:21:30 Image size of job updated: 39175508
	25388  -  MemoryUsage of job (MB)
	25997056  -  ResidentSetSize of job (KB)
...
006 (9634743.000.000) 04/15 04:26:30 Image size of job updated: 39233544
	25494  -  MemoryUsage of job (MB)
	26104876  -  ResidentSetSize of job (KB)
...
006 (9634743.000.000) 04/15 04:31:31 Image size of job updated: 39299868
	25620  -  MemoryUsage of job (MB)
	26234676  -  ResidentSetSize of job (KB)
...
006 (9634743.000.000) 04/15 04:36:32 Image size of job updated: 39359852
	25753  -  MemoryUsage of job (MB)
	26370912  -  ResidentSetSize of job (KB)
...
006 (9634743.000.000) 04/15 04:41:32 Image size of job updated: 39427860
	25887  -  MemoryUsage of job (MB)
	26507348  -  ResidentSetSize of job (KB)
...
006 (9634743.000.000) 04/15 04:46:33 Image size of job updated: 39488360
	25998  -  MemoryUsage of job (MB)
	26621612  -  ResidentSetSize of job (KB)
...
006 (9634743.000.000) 04/15 04:51:34 Image size of job updated: 39537972
	26103  -  MemoryUsage of job (MB)
	26728696  -  ResidentSetSize of job (KB)
...
006 (9634743.000.000) 04/15 04:56:34 Image size of job updated: 39604044
	26229  -  MemoryUsage of job (MB)
	26858240  -  ResidentSetSize of job (KB)
...
006 (9634743.000.000) 04/15 05:01:34 Image size of job updated: 39666224
	26343  -  MemoryUsage of job (MB)
	26974540  -  ResidentSetSize of job (KB)
...
006 (9634743.000.000) 04/15 05:06:35 Image size of job updated: 39734528
	26455  -  MemoryUsage of job (MB)
	27089664  -  ResidentSetSize of job (KB)
...
006 (9634743.000.000) 04/15 05:11:36 Image size of job updated: 39781556
	26576  -  MemoryUsage of job (MB)
	27213140  -  ResidentSetSize of job (KB)
...
006 (9634743.000.000) 04/15 05:16:36 Image size of job updated: 39845420
	26695  -  MemoryUsage of job (MB)
	27335164  -  ResidentSetSize of job (KB)
...
006 (9634743.000.000) 04/15 05:21:36 Image size of job updated: 39909284
	26811  -  MemoryUsage of job (MB)
	27453932  -  ResidentSetSize of job (KB)
...
006 (9634743.000.000) 04/15 05:26:38 Image size of job updated: 39967712
	26914  -  MemoryUsage of job (MB)
	27559256  -  ResidentSetSize of job (KB)
...
006 (9634743.000.000) 04/15 05:31:38 Image size of job updated: 40028076
	27025  -  MemoryUsage of job (MB)
	27672988  -  ResidentSetSize of job (KB)
...
006 (9634743.000.000) 04/15 05:36:38 Image size of job updated: 40094144
	27144  -  MemoryUsage of job (MB)
	27794448  -  ResidentSetSize of job (KB)
...
006 (9634743.000.000) 04/15 05:41:39 Image size of job updated: 40137804
	27258  -  MemoryUsage of job (MB)
	27911712  -  ResidentSetSize of job (KB)
...
006 (9634743.000.000) 04/15 05:46:40 Image size of job updated: 40197396
	27366  -  MemoryUsage of job (MB)
	28021972  -  ResidentSetSize of job (KB)
...
006 (9634743.000.000) 04/15 05:51:40 Image size of job updated: 40257504
	27475  -  MemoryUsage of job (MB)
	28134400  -  ResidentSetSize of job (KB)
...
006 (9634743.000.000) 04/15 05:56:41 Image size of job updated: 40315928
	27580  -  MemoryUsage of job (MB)
	28241368  -  ResidentSetSize of job (KB)
...
006 (9634743.000.000) 04/15 06:01:42 Image size of job updated: 40359456
	27687  -  MemoryUsage of job (MB)
	28350484  -  ResidentSetSize of job (KB)
...
006 (9634743.000.000) 04/15 06:06:42 Image size of job updated: 40414128
	27780  -  MemoryUsage of job (MB)
	28445900  -  ResidentSetSize of job (KB)
...
006 (9634743.000.000) 04/15 06:11:42 Image size of job updated: 40469052
	27874  -  MemoryUsage of job (MB)
	28542912  -  ResidentSetSize of job (KB)
...
006 (9634743.000.000) 04/15 06:16:43 Image size of job updated: 40523976
	27967  -  MemoryUsage of job (MB)
	28637924  -  ResidentSetSize of job (KB)
...
006 (9634743.000.000) 04/15 06:21:43 Image size of job updated: 40562196
	28062  -  MemoryUsage of job (MB)
	28734752  -  ResidentSetSize of job (KB)
...
006 (9634743.000.000) 04/15 06:26:43 Image size of job updated: 40620104
	28166  -  MemoryUsage of job (MB)
	28841496  -  ResidentSetSize of job (KB)
...
006 (9634743.000.000) 04/15 06:31:44 Image size of job updated: 40676844
	28267  -  MemoryUsage of job (MB)
	28944880  -  ResidentSetSize of job (KB)
...
006 (9634743.000.000) 04/15 06:36:45 Image size of job updated: 40717136
	28365  -  MemoryUsage of job (MB)
	29044752  -  ResidentSetSize of job (KB)
...
006 (9634743.000.000) 04/15 06:41:45 Image size of job updated: 40772448
	28460  -  MemoryUsage of job (MB)
	29142172  -  ResidentSetSize of job (KB)
...
006 (9634743.000.000) 04/15 06:46:46 Image size of job updated: 40824784
	28550  -  MemoryUsage of job (MB)
	29234316  -  ResidentSetSize of job (KB)
...
006 (9634743.000.000) 04/15 06:51:47 Image size of job updated: 40879320
	28641  -  MemoryUsage of job (MB)
	29328124  -  ResidentSetSize of job (KB)
...
006 (9634743.000.000) 04/15 06:56:47 Image size of job updated: 40918448
	28735  -  MemoryUsage of job (MB)
	29424108  -  ResidentSetSize of job (KB)
...
006 (9634743.000.000) 04/15 07:01:47 Image size of job updated: 40977128
	28838  -  MemoryUsage of job (MB)
	29529152  -  ResidentSetSize of job (KB)
...
006 (9634743.000.000) 04/15 07:06:48 Image size of job updated: 41038148
	28948  -  MemoryUsage of job (MB)
	29641764  -  ResidentSetSize of job (KB)
...
006 (9634743.000.000) 04/15 07:11:49 Image size of job updated: 41101624
	29062  -  MemoryUsage of job (MB)
	29758552  -  ResidentSetSize of job (KB)
...
006 (9634743.000.000) 04/15 07:16:49 Image size of job updated: 41165488
	29178  -  MemoryUsage of job (MB)
	29877888  -  ResidentSetSize of job (KB)
...
006 (9634743.000.000) 04/15 07:21:49 Image size of job updated: 41213292
	29294  -  MemoryUsage of job (MB)
	29997000  -  ResidentSetSize of job (KB)
...
006 (9634743.000.000) 04/15 07:26:50 Image size of job updated: 45997048
	29415  -  MemoryUsage of job (MB)
	30119944  -  ResidentSetSize of job (KB)
...
006 (9634743.000.000) 04/15 07:31:50 Image size of job updated: 46066096
	29547  -  MemoryUsage of job (MB)
	30255280  -  ResidentSetSize of job (KB)
...
006 (9634743.000.000) 04/15 07:36:50 Image size of job updated: 46135012
	29681  -  MemoryUsage of job (MB)
	30393276  -  ResidentSetSize of job (KB)
...
006 (9634743.000.000) 04/15 07:41:51 Image size of job updated: 46199656
	29804  -  MemoryUsage of job (MB)
	30518680  -  ResidentSetSize of job (KB)
...
006 (9634743.000.000) 04/15 07:46:52 Image size of job updated: 46261836
	29920  -  MemoryUsage of job (MB)
	30637948  -  ResidentSetSize of job (KB)
...
006 (9634743.000.000) 04/15 07:51:52 Image size of job updated: 46320260
	30024  -  MemoryUsage of job (MB)
	30744140  -  ResidentSetSize of job (KB)
...
006 (9634743.000.000) 04/15 07:56:52 Image size of job updated: 46361328
	30128  -  MemoryUsage of job (MB)
	30850916  -  ResidentSetSize of job (KB)
...
006 (9634743.000.000) 04/15 08:01:53 Image size of job updated: 46417552
	30229  -  MemoryUsage of job (MB)
	30954492  -  ResidentSetSize of job (KB)
...
006 (9634743.000.000) 04/15 08:06:54 Image size of job updated: 46475200
	30335  -  MemoryUsage of job (MB)
	31062360  -  ResidentSetSize of job (KB)
...
006 (9634743.000.000) 04/15 08:11:54 Image size of job updated: 46530644
	30434  -  MemoryUsage of job (MB)
	31163580  -  ResidentSetSize of job (KB)
...
006 (9634743.000.000) 04/15 08:16:55 Image size of job updated: 46571712
	30538  -  MemoryUsage of job (MB)
	31270080  -  ResidentSetSize of job (KB)
...
006 (9634743.000.000) 04/15 08:21:56 Image size of job updated: 46627936
	30639  -  MemoryUsage of job (MB)
	31373436  -  ResidentSetSize of job (KB)
...
006 (9634743.000.000) 04/15 08:26:56 Image size of job updated: 46685452
	30744  -  MemoryUsage of job (MB)
	31481016  -  ResidentSetSize of job (KB)
...
006 (9634743.000.000) 04/15 08:31:56 Image size of job updated: 46745172
	30854  -  MemoryUsage of job (MB)
	31594240  -  ResidentSetSize of job (KB)
...
006 (9634743.000.000) 04/15 08:36:57 Image size of job updated: 46790384
	30969  -  MemoryUsage of job (MB)
	31712208  -  ResidentSetSize of job (KB)
...
006 (9634743.000.000) 04/15 08:41:58 Image size of job updated: 46846740
	31071  -  MemoryUsage of job (MB)
	31816152  -  ResidentSetSize of job (KB)
...
006 (9634743.000.000) 04/15 08:46:58 Image size of job updated: 46903868
	31172  -  MemoryUsage of job (MB)
	31920108  -  ResidentSetSize of job (KB)
...
006 (9634743.000.000) 04/15 08:51:59 Image size of job updated: 46957108
	31262  -  MemoryUsage of job (MB)
	32011624  -  ResidentSetSize of job (KB)
...
006 (9634743.000.000) 04/15 08:57:00 Image size of job updated: 46993900
	31354  -  MemoryUsage of job (MB)
	32105624  -  ResidentSetSize of job (KB)
...
006 (9634743.000.000) 04/15 09:02:00 Image size of job updated: 47046756
	31449  -  MemoryUsage of job (MB)
	32203224  -  ResidentSetSize of job (KB)
...
006 (9634743.000.000) 04/15 09:07:00 Image size of job updated: 47081996
	31537  -  MemoryUsage of job (MB)
	32293536  -  ResidentSetSize of job (KB)
...
006 (9634743.000.000) 04/15 09:12:01 Image size of job updated: 47131868
	31621  -  MemoryUsage of job (MB)
	32379756  -  ResidentSetSize of job (KB)
...
006 (9634743.000.000) 04/15 09:17:01 Image size of job updated: 47183292
	31708  -  MemoryUsage of job (MB)
	32468852  -  ResidentSetSize of job (KB)
...
006 (9634743.000.000) 04/15 09:22:01 Image size of job updated: 47216980
	31793  -  MemoryUsage of job (MB)
	32555584  -  ResidentSetSize of job (KB)
...
006 (9634743.000.000) 04/15 09:27:02 Image size of job updated: 47267632
	31879  -  MemoryUsage of job (MB)
	32643464  -  ResidentSetSize of job (KB)
...
006 (9634743.000.000) 04/15 09:32:02 Image size of job updated: 47320096
	31969  -  MemoryUsage of job (MB)
	32735396  -  ResidentSetSize of job (KB)
...
006 (9634743.000.000) 04/15 09:37:02 Image size of job updated: 47355204
	32056  -  MemoryUsage of job (MB)
	32824356  -  ResidentSetSize of job (KB)
...
006 (9634743.000.000) 04/15 09:42:03 Image size of job updated: 47407668
	32147  -  MemoryUsage of job (MB)
	32918220  -  ResidentSetSize of job (KB)
...
006 (9634743.000.000) 04/15 09:47:04 Image size of job updated: 47461300
	32239  -  MemoryUsage of job (MB)
	33012388  -  ResidentSetSize of job (KB)
...
006 (9634743.000.000) 04/15 09:52:04 Image size of job updated: 47494856
	32324  -  MemoryUsage of job (MB)
	33099032  -  ResidentSetSize of job (KB)
...
006 (9634743.000.000) 04/15 09:57:06 Image size of job updated: 47546412
	32413  -  MemoryUsage of job (MB)
	33190492  -  ResidentSetSize of job (KB)
...
006 (9634743.000.000) 04/15 10:02:06 Image size of job updated: 47581652
	32498  -  MemoryUsage of job (MB)
	33277392  -  ResidentSetSize of job (KB)
...
006 (9634743.000.000) 04/15 10:07:06 Image size of job updated: 47633596
	32583  -  MemoryUsage of job (MB)
	33364808  -  ResidentSetSize of job (KB)
...
