000 (9457133.000.000) 03/26 10:02:57 Job submitted from host: <137.138.156.150:9618?addrs=137.138.156.150-9618+[2001-1458-d00-14--9a]-9618&alias=bigbird13.cern.ch&noUDP&sock=schedd_5144_ef43>
...
040 (9457133.000.000) 03/26 14:06:34 Started transferring input files
	Transferring to host: <128.142.58.152:9618?addrs=128.142.58.152-9618+[2001-1458-301-16--100-97]-9618&alias=b7s03p4688.cern.ch&noUDP&sock=slot1_9_3277_b15e_4630>
...
040 (9457133.000.000) 03/26 14:06:34 Finished transferring input files
...
001 (9457133.000.000) 03/26 14:06:35 Job executing on host: <128.142.58.152:9618?addrs=128.142.58.152-9618+[2001-1458-301-16--100-97]-9618&alias=b7s03p4688.cern.ch&noUDP&sock=startd_2735_8f9c>
...
006 (9457133.000.000) 03/26 14:06:44 Image size of job updated: 458780
	49  -  MemoryUsage of job (MB)
	49332  -  ResidentSetSize of job (KB)
...
006 (9457133.000.000) 03/26 14:06:57 Image size of job updated: 583860
	49  -  MemoryUsage of job (MB)
	49332  -  ResidentSetSize of job (KB)
...
040 (9457133.000.000) 03/26 14:06:57 Started transferring output files
...
040 (9457133.000.000) 03/26 14:06:57 Finished transferring output files
...
005 (9457133.000.000) 03/26 14:06:57 Job terminated.
	(1) Normal termination (return value 1)
		Usr 0 00:00:01, Sys 0 00:00:00  -  Run Remote Usage
		Usr 0 00:00:00, Sys 0 00:00:00  -  Run Local Usage
		Usr 0 00:00:01, Sys 0 00:00:00  -  Total Remote Usage
		Usr 0 00:00:00, Sys 0 00:00:00  -  Total Local Usage
	7918  -  Run Bytes Sent By Job
	198  -  Run Bytes Received By Job
	7918  -  Total Bytes Sent By Job
	198  -  Total Bytes Received By Job
	Partitionable Resources :    Usage  Request Allocated 
	   Cpus                 :                 1         1 
	   Disk (KB)            :       21        1   1284562 
	   Memory (MB)          :       49     2000      2000 

	Job terminated of its own accord at 2024-03-26T13:06:57Z.
...
