000 (9457149.000.000) 03/26 10:03:24 Job submitted from host: <137.138.156.150:9618?addrs=137.138.156.150-9618+[2001-1458-d00-14--9a]-9618&alias=bigbird13.cern.ch&noUDP&sock=schedd_5144_ef43>
...
040 (9457149.000.000) 03/26 14:06:39 Started transferring input files
	Transferring to host: <128.142.56.80:9618?addrs=128.142.56.80-9618&alias=b7s01p0882.cern.ch&noUDP&sock=slot1_17_7565_fa0d_81031>
...
040 (9457149.000.000) 03/26 14:06:39 Finished transferring input files
...
001 (9457149.000.000) 03/26 14:06:40 Job executing on host: <128.142.56.80:9618?addrs=128.142.56.80-9618&alias=b7s01p0882.cern.ch&noUDP&sock=startd_7497_e59b>
...
006 (9457149.000.000) 03/26 14:06:49 Image size of job updated: 353016
	345  -  MemoryUsage of job (MB)
	353016  -  ResidentSetSize of job (KB)
...
006 (9457149.000.000) 03/26 14:11:50 Image size of job updated: 14558708
	11594  -  MemoryUsage of job (MB)
	11871912  -  ResidentSetSize of job (KB)
...
006 (9457149.000.000) 03/26 14:16:51 Image size of job updated: 21590412
	18519  -  MemoryUsage of job (MB)
	18963232  -  ResidentSetSize of job (KB)
...
006 (9457149.000.000) 03/26 14:21:51 Image size of job updated: 22011512
	19359  -  MemoryUsage of job (MB)
	19822704  -  ResidentSetSize of job (KB)
...
006 (9457149.000.000) 03/26 14:26:52 Image size of job updated: 22011512
	19448  -  MemoryUsage of job (MB)
	19914556  -  ResidentSetSize of job (KB)
...
006 (9457149.000.000) 03/26 14:31:53 Image size of job updated: 22052472
	19448  -  MemoryUsage of job (MB)
	19914556  -  ResidentSetSize of job (KB)
...
006 (9457149.000.000) 03/26 15:26:58 Image size of job updated: 23974520
	19448  -  MemoryUsage of job (MB)
	19914556  -  ResidentSetSize of job (KB)
...
006 (9457149.000.000) 03/26 15:31:59 Image size of job updated: 24102520
	19448  -  MemoryUsage of job (MB)
	19914556  -  ResidentSetSize of job (KB)
...
006 (9457149.000.000) 03/26 16:02:01 Image size of job updated: 25592440
	19448  -  MemoryUsage of job (MB)
	19914556  -  ResidentSetSize of job (KB)
...
006 (9457149.000.000) 03/26 16:07:02 Image size of job updated: 26107512
	19448  -  MemoryUsage of job (MB)
	19914556  -  ResidentSetSize of job (KB)
...
006 (9457149.000.000) 03/26 16:32:05 Image size of job updated: 26301048
	19448  -  MemoryUsage of job (MB)
	19914556  -  ResidentSetSize of job (KB)
...
006 (9457149.000.000) 03/26 16:37:05 Image size of job updated: 28024440
	19448  -  MemoryUsage of job (MB)
	19914556  -  ResidentSetSize of job (KB)
...
006 (9457149.000.000) 03/26 17:02:08 Image size of job updated: 29299320
	19448  -  MemoryUsage of job (MB)
	19914556  -  ResidentSetSize of job (KB)
...
006 (9457149.000.000) 03/26 17:07:08 Image size of job updated: 29771384
	19448  -  MemoryUsage of job (MB)
	19914556  -  ResidentSetSize of job (KB)
...
006 (9457149.000.000) 03/26 17:22:10 Image size of job updated: 31318648
	19448  -  MemoryUsage of job (MB)
	19914556  -  ResidentSetSize of job (KB)
...
006 (9457149.000.000) 03/26 17:27:10 Image size of job updated: 31490680
	19448  -  MemoryUsage of job (MB)
	19914556  -  ResidentSetSize of job (KB)
...
006 (9457149.000.000) 03/26 17:42:11 Image size of job updated: 33148536
	19448  -  MemoryUsage of job (MB)
	19914556  -  ResidentSetSize of job (KB)
...
006 (9457149.000.000) 03/26 17:47:12 Image size of job updated: 33432184
	19448  -  MemoryUsage of job (MB)
	19914556  -  ResidentSetSize of job (KB)
...
006 (9457149.000.000) 03/26 18:02:14 Image size of job updated: 35070584
	19448  -  MemoryUsage of job (MB)
	19914556  -  ResidentSetSize of job (KB)
...
006 (9457149.000.000) 03/26 18:07:15 Image size of job updated: 35190392
	19448  -  MemoryUsage of job (MB)
	19914556  -  ResidentSetSize of job (KB)
...
006 (9457149.000.000) 03/26 18:12:15 Image size of job updated: 35355256
	19448  -  MemoryUsage of job (MB)
	19914556  -  ResidentSetSize of job (KB)
...
006 (9457149.000.000) 03/26 18:17:15 Image size of job updated: 36868728
	19448  -  MemoryUsage of job (MB)
	19914556  -  ResidentSetSize of job (KB)
...
006 (9457149.000.000) 03/26 18:22:16 Image size of job updated: 36921976
	19448  -  MemoryUsage of job (MB)
	19914556  -  ResidentSetSize of job (KB)
...
040 (9457149.000.000) 03/26 18:41:33 Started transferring output files
...
040 (9457149.000.000) 03/26 18:41:33 Finished transferring output files
...
005 (9457149.000.000) 03/26 18:41:33 Job terminated.
	(1) Normal termination (return value 1)
		Usr 0 00:20:08, Sys 0 00:07:50  -  Run Remote Usage
		Usr 0 00:00:00, Sys 0 00:00:00  -  Run Local Usage
		Usr 0 00:20:08, Sys 0 00:07:50  -  Total Remote Usage
		Usr 0 00:00:00, Sys 0 00:00:00  -  Total Local Usage
	11288  -  Run Bytes Sent By Job
	200  -  Run Bytes Received By Job
	11288  -  Total Bytes Sent By Job
	200  -  Total Bytes Received By Job
	Partitionable Resources :    Usage  Request Allocated 
	   Cpus                 :     0.03        1         1 
	   Disk (KB)            :    31           1   1220101 
	   Memory (MB)          : 19448        2000      2000 

	Job terminated of its own accord at 2024-03-26T17:41:33Z.
...
