000 (9457136.000.000) 03/26 10:03:07 Job submitted from host: <137.138.156.150:9618?addrs=137.138.156.150-9618+[2001-1458-d00-14--9a]-9618&alias=bigbird13.cern.ch&noUDP&sock=schedd_5144_ef43>
...
040 (9457136.000.000) 03/26 14:06:36 Started transferring input files
	Transferring to host: <128.142.56.156:9618?addrs=128.142.56.156-9618&alias=b7s01p3504.cern.ch&noUDP&sock=slot1_19_6918_1b52_83648>
...
040 (9457136.000.000) 03/26 14:06:36 Finished transferring input files
...
001 (9457136.000.000) 03/26 14:06:37 Job executing on host: <128.142.56.156:9618?addrs=128.142.56.156-9618&alias=b7s01p3504.cern.ch&noUDP&sock=startd_6853_2a9d>
...
006 (9457136.000.000) 03/26 14:06:45 Image size of job updated: 496076
	50  -  MemoryUsage of job (MB)
	50820  -  ResidentSetSize of job (KB)
...
006 (9457136.000.000) 03/26 14:11:45 Image size of job updated: 15374552
	12408  -  MemoryUsage of job (MB)
	12705444  -  ResidentSetSize of job (KB)
...
006 (9457136.000.000) 03/26 14:16:46 Image size of job updated: 21805848
	18752  -  MemoryUsage of job (MB)
	19201052  -  ResidentSetSize of job (KB)
...
006 (9457136.000.000) 03/26 14:21:47 Image size of job updated: 22028016
	18752  -  MemoryUsage of job (MB)
	19201084  -  ResidentSetSize of job (KB)
...
006 (9457136.000.000) 03/26 14:26:47 Image size of job updated: 23441664
	18752  -  MemoryUsage of job (MB)
	19201084  -  ResidentSetSize of job (KB)
...
006 (9457136.000.000) 03/26 14:31:48 Image size of job updated: 28959060
	20882  -  MemoryUsage of job (MB)
	21382216  -  ResidentSetSize of job (KB)
...
006 (9457136.000.000) 03/26 14:36:48 Image size of job updated: 33667284
	23373  -  MemoryUsage of job (MB)
	23933764  -  ResidentSetSize of job (KB)
...
006 (9457136.000.000) 03/26 15:01:50 Image size of job updated: 34898132
	23373  -  MemoryUsage of job (MB)
	23933764  -  ResidentSetSize of job (KB)
...
006 (9457136.000.000) 03/26 15:06:50 Image size of job updated: 35749076
	23373  -  MemoryUsage of job (MB)
	23933764  -  ResidentSetSize of job (KB)
...
006 (9457136.000.000) 03/26 15:26:52 Image size of job updated: 37829844
	23373  -  MemoryUsage of job (MB)
	23933764  -  ResidentSetSize of job (KB)
...
006 (9457136.000.000) 03/26 15:51:55 Image size of job updated: 39864532
	23373  -  MemoryUsage of job (MB)
	23933764  -  ResidentSetSize of job (KB)
...
006 (9457136.000.000) 03/26 16:32:00 Image size of job updated: 40367316
	23373  -  MemoryUsage of job (MB)
	23933764  -  ResidentSetSize of job (KB)
...
006 (9457136.000.000) 03/26 16:37:00 Image size of job updated: 41798868
	23373  -  MemoryUsage of job (MB)
	23933764  -  ResidentSetSize of job (KB)
...
006 (9457136.000.000) 03/26 17:12:03 Image size of job updated: 42347732
	23373  -  MemoryUsage of job (MB)
	23933764  -  ResidentSetSize of job (KB)
...
006 (9457136.000.000) 03/26 17:17:04 Image size of job updated: 43622612
	23373  -  MemoryUsage of job (MB)
	23933764  -  ResidentSetSize of job (KB)
...
006 (9457136.000.000) 03/26 17:52:08 Image size of job updated: 44025044
	23373  -  MemoryUsage of job (MB)
	23933764  -  ResidentSetSize of job (KB)
...
006 (9457136.000.000) 03/26 17:57:09 Image size of job updated: 45382868
	23373  -  MemoryUsage of job (MB)
	23933764  -  ResidentSetSize of job (KB)
...
006 (9457136.000.000) 03/26 18:02:09 Image size of job updated: 45578452
	23373  -  MemoryUsage of job (MB)
	23933764  -  ResidentSetSize of job (KB)
...
006 (9457136.000.000) 03/26 18:12:11 Image size of job updated: 45607124
	23373  -  MemoryUsage of job (MB)
	23933764  -  ResidentSetSize of job (KB)
...
006 (9457136.000.000) 03/26 18:17:11 Image size of job updated: 45795540
	23373  -  MemoryUsage of job (MB)
	23933764  -  ResidentSetSize of job (KB)
...
006 (9457136.000.000) 03/26 18:22:11 Image size of job updated: 46442708
	23373  -  MemoryUsage of job (MB)
	23933764  -  ResidentSetSize of job (KB)
...
006 (9457136.000.000) 03/26 18:27:12 Image size of job updated: 47565012
	23373  -  MemoryUsage of job (MB)
	23933764  -  ResidentSetSize of job (KB)
...
006 (9457136.000.000) 03/26 18:42:14 Image size of job updated: 48336084
	23373  -  MemoryUsage of job (MB)
	23933764  -  ResidentSetSize of job (KB)
...
006 (9457136.000.000) 03/26 18:47:15 Image size of job updated: 49354964
	23373  -  MemoryUsage of job (MB)
	23933764  -  ResidentSetSize of job (KB)
...
006 (9457136.000.000) 03/26 18:52:15 Image size of job updated: 49471700
	23373  -  MemoryUsage of job (MB)
	23933764  -  ResidentSetSize of job (KB)
...
006 (9457136.000.000) 03/26 19:02:16 Image size of job updated: 49709268
	23373  -  MemoryUsage of job (MB)
	23933764  -  ResidentSetSize of job (KB)
...
006 (9457136.000.000) 03/26 19:07:17 Image size of job updated: 50859220
	23373  -  MemoryUsage of job (MB)
	23933764  -  ResidentSetSize of job (KB)
...
006 (9457136.000.000) 03/26 19:12:17 Image size of job updated: 51424468
	23373  -  MemoryUsage of job (MB)
	23933764  -  ResidentSetSize of job (KB)
...
006 (9457136.000.000) 03/26 19:17:18 Image size of job updated: 51424468
	24745  -  MemoryUsage of job (MB)
	25338848  -  ResidentSetSize of job (KB)
...
006 (9457136.000.000) 03/26 19:22:19 Image size of job updated: 51424468
	24748  -  MemoryUsage of job (MB)
	25341404  -  ResidentSetSize of job (KB)
...
040 (9457136.000.000) 03/27 00:40:51 Started transferring output files
...
040 (9457136.000.000) 03/27 00:40:51 Finished transferring output files
...
005 (9457136.000.000) 03/27 00:40:51 Job terminated.
	(1) Normal termination (return value 1)
		Usr 0 00:30:34, Sys 0 00:18:08  -  Run Remote Usage
		Usr 0 00:00:00, Sys 0 00:00:00  -  Run Local Usage
		Usr 0 00:30:34, Sys 0 00:18:08  -  Total Remote Usage
		Usr 0 00:00:00, Sys 0 00:00:00  -  Total Local Usage
	11300  -  Run Bytes Sent By Job
	198  -  Run Bytes Received By Job
	11300  -  Total Bytes Sent By Job
	198  -  Total Bytes Received By Job
	Partitionable Resources :    Usage  Request Allocated 
	   Cpus                 :     0.10        1         1 
	   Disk (KB)            :    31           1   1351725 
	   Memory (MB)          : 24748        2000      2000 

	Job terminated of its own accord at 2024-03-26T23:40:50Z.
...
