000 (9457141.000.000) 03/26 10:03:18 Job submitted from host: <137.138.156.150:9618?addrs=137.138.156.150-9618+[2001-1458-d00-14--9a]-9618&alias=bigbird13.cern.ch&noUDP&sock=schedd_5144_ef43>
...
040 (9457141.000.000) 03/26 14:06:36 Started transferring input files
	Transferring to host: <128.142.58.48:9618?addrs=128.142.58.48-9618+[2001-1458-301-16--100-2f]-9618&alias=b7s03p3272.cern.ch&noUDP&sock=slot1_17_6451_101f_81982>
...
040 (9457141.000.000) 03/26 14:06:36 Finished transferring input files
...
001 (9457141.000.000) 03/26 14:06:37 Job executing on host: <128.142.58.48:9618?addrs=128.142.58.48-9618+[2001-1458-301-16--100-2f]-9618&alias=b7s03p3272.cern.ch&noUDP&sock=startd_6387_877b>
...
006 (9457141.000.000) 03/26 14:06:45 Image size of job updated: 2854120
	345  -  MemoryUsage of job (MB)
	352348  -  ResidentSetSize of job (KB)
...
006 (9457141.000.000) 03/26 14:11:45 Image size of job updated: 17238444
	14152  -  MemoryUsage of job (MB)
	14491232  -  ResidentSetSize of job (KB)
...
006 (9457141.000.000) 03/26 14:16:46 Image size of job updated: 23336252
	14567  -  MemoryUsage of job (MB)
	14915888  -  ResidentSetSize of job (KB)
...
006 (9457141.000.000) 03/26 14:21:47 Image size of job updated: 24322364
	17798  -  MemoryUsage of job (MB)
	18225116  -  ResidentSetSize of job (KB)
...
006 (9457141.000.000) 03/26 14:26:47 Image size of job updated: 28224828
	17798  -  MemoryUsage of job (MB)
	18225116  -  ResidentSetSize of job (KB)
...
006 (9457141.000.000) 03/26 14:31:47 Image size of job updated: 28224828
	21129  -  MemoryUsage of job (MB)
	21636080  -  ResidentSetSize of job (KB)
...
006 (9457141.000.000) 03/26 14:36:48 Image size of job updated: 34186424
	24564  -  MemoryUsage of job (MB)
	25153464  -  ResidentSetSize of job (KB)
...
006 (9457141.000.000) 03/26 14:41:48 Image size of job updated: 34635044
	27128  -  MemoryUsage of job (MB)
	27778440  -  ResidentSetSize of job (KB)
...
006 (9457141.000.000) 03/26 14:46:48 Image size of job updated: 38129956
	27149  -  MemoryUsage of job (MB)
	27800060  -  ResidentSetSize of job (KB)
...
006 (9457141.000.000) 03/26 14:51:49 Image size of job updated: 38714660
	27149  -  MemoryUsage of job (MB)
	27800148  -  ResidentSetSize of job (KB)
...
006 (9457141.000.000) 03/26 14:56:49 Image size of job updated: 38876452
	27149  -  MemoryUsage of job (MB)
	27800148  -  ResidentSetSize of job (KB)
...
006 (9457141.000.000) 03/26 15:01:49 Image size of job updated: 40074532
	27149  -  MemoryUsage of job (MB)
	27800148  -  ResidentSetSize of job (KB)
...
006 (9457141.000.000) 03/26 15:06:50 Image size of job updated: 40681764
	27149  -  MemoryUsage of job (MB)
	27800148  -  ResidentSetSize of job (KB)
...
006 (9457141.000.000) 03/26 15:11:51 Image size of job updated: 41064740
	27149  -  MemoryUsage of job (MB)
	27800148  -  ResidentSetSize of job (KB)
...
006 (9457141.000.000) 03/26 15:16:51 Image size of job updated: 41653540
	27149  -  MemoryUsage of job (MB)
	27800148  -  ResidentSetSize of job (KB)
...
006 (9457141.000.000) 03/26 15:21:52 Image size of job updated: 42193188
	27149  -  MemoryUsage of job (MB)
	27800148  -  ResidentSetSize of job (KB)
...
006 (9457141.000.000) 03/26 15:26:53 Image size of job updated: 42382628
	27149  -  MemoryUsage of job (MB)
	27800148  -  ResidentSetSize of job (KB)
...
006 (9457141.000.000) 03/26 15:31:53 Image size of job updated: 42421540
	27149  -  MemoryUsage of job (MB)
	27800148  -  ResidentSetSize of job (KB)
...
006 (9457141.000.000) 03/26 15:41:55 Image size of job updated: 42692900
	27149  -  MemoryUsage of job (MB)
	27800148  -  ResidentSetSize of job (KB)
...
006 (9457141.000.000) 03/26 15:46:55 Image size of job updated: 43136292
	27149  -  MemoryUsage of job (MB)
	27800148  -  ResidentSetSize of job (KB)
...
006 (9457141.000.000) 03/26 15:51:55 Image size of job updated: 43787556
	27149  -  MemoryUsage of job (MB)
	27800148  -  ResidentSetSize of job (KB)
...
006 (9457141.000.000) 03/26 15:56:56 Image size of job updated: 44070180
	27149  -  MemoryUsage of job (MB)
	27800148  -  ResidentSetSize of job (KB)
...
006 (9457141.000.000) 03/26 16:01:56 Image size of job updated: 44117284
	27149  -  MemoryUsage of job (MB)
	27800148  -  ResidentSetSize of job (KB)
...
006 (9457141.000.000) 03/26 16:06:56 Image size of job updated: 44387620
	27149  -  MemoryUsage of job (MB)
	27800148  -  ResidentSetSize of job (KB)
...
006 (9457141.000.000) 03/26 16:11:58 Image size of job updated: 45592868
	27149  -  MemoryUsage of job (MB)
	27800148  -  ResidentSetSize of job (KB)
...
006 (9457141.000.000) 03/26 16:16:58 Image size of job updated: 45937956
	27149  -  MemoryUsage of job (MB)
	27800148  -  ResidentSetSize of job (KB)
...
006 (9457141.000.000) 03/26 16:21:58 Image size of job updated: 46103844
	27149  -  MemoryUsage of job (MB)
	27800148  -  ResidentSetSize of job (KB)
...
006 (9457141.000.000) 03/26 16:26:59 Image size of job updated: 46422308
	27149  -  MemoryUsage of job (MB)
	27800148  -  ResidentSetSize of job (KB)
...
006 (9457141.000.000) 03/26 16:32:00 Image size of job updated: 47062308
	27149  -  MemoryUsage of job (MB)
	27800148  -  ResidentSetSize of job (KB)
...
006 (9457141.000.000) 03/26 16:37:00 Image size of job updated: 47699236
	27149  -  MemoryUsage of job (MB)
	27800148  -  ResidentSetSize of job (KB)
...
006 (9457141.000.000) 03/26 16:42:01 Image size of job updated: 48082212
	27149  -  MemoryUsage of job (MB)
	27800148  -  ResidentSetSize of job (KB)
...
006 (9457141.000.000) 03/26 16:47:02 Image size of job updated: 48122148
	27149  -  MemoryUsage of job (MB)
	27800148  -  ResidentSetSize of job (KB)
...
006 (9457141.000.000) 03/26 16:52:02 Image size of job updated: 49127716
	27149  -  MemoryUsage of job (MB)
	27800148  -  ResidentSetSize of job (KB)
...
006 (9457141.000.000) 03/26 16:57:02 Image size of job updated: 49747236
	27149  -  MemoryUsage of job (MB)
	27800148  -  ResidentSetSize of job (KB)
...
006 (9457141.000.000) 03/26 17:02:03 Image size of job updated: 50068772
	27149  -  MemoryUsage of job (MB)
	27800148  -  ResidentSetSize of job (KB)
...
006 (9457141.000.000) 03/26 17:12:03 Image size of job updated: 50423076
	27149  -  MemoryUsage of job (MB)
	27800148  -  ResidentSetSize of job (KB)
...
006 (9457141.000.000) 03/26 17:17:04 Image size of job updated: 51173668
	27149  -  MemoryUsage of job (MB)
	27800148  -  ResidentSetSize of job (KB)
...
006 (9457141.000.000) 03/26 17:22:04 Image size of job updated: 51677476
	27149  -  MemoryUsage of job (MB)
	27800148  -  ResidentSetSize of job (KB)
...
006 (9457141.000.000) 03/26 17:27:04 Image size of job updated: 51988772
	27149  -  MemoryUsage of job (MB)
	27800148  -  ResidentSetSize of job (KB)
...
006 (9457141.000.000) 03/26 17:32:05 Image size of job updated: 52049188
	27149  -  MemoryUsage of job (MB)
	27800148  -  ResidentSetSize of job (KB)
...
006 (9457141.000.000) 03/26 17:37:06 Image size of job updated: 52086052
	27149  -  MemoryUsage of job (MB)
	27800148  -  ResidentSetSize of job (KB)
...
006 (9457141.000.000) 03/26 17:42:06 Image size of job updated: 52520228
	27149  -  MemoryUsage of job (MB)
	27800148  -  ResidentSetSize of job (KB)
...
006 (9457141.000.000) 03/26 17:47:07 Image size of job updated: 53159204
	27149  -  MemoryUsage of job (MB)
	27800148  -  ResidentSetSize of job (KB)
...
006 (9457141.000.000) 03/26 17:52:08 Image size of job updated: 53475620
	27149  -  MemoryUsage of job (MB)
	27800148  -  ResidentSetSize of job (KB)
...
006 (9457141.000.000) 03/26 17:57:08 Image size of job updated: 53789988
	27149  -  MemoryUsage of job (MB)
	27800148  -  ResidentSetSize of job (KB)
...
006 (9457141.000.000) 03/26 18:02:08 Image size of job updated: 54028580
	27149  -  MemoryUsage of job (MB)
	27800148  -  ResidentSetSize of job (KB)
...
006 (9457141.000.000) 03/26 18:07:09 Image size of job updated: 54066468
	27149  -  MemoryUsage of job (MB)
	27800148  -  ResidentSetSize of job (KB)
...
006 (9457141.000.000) 03/26 18:12:09 Image size of job updated: 55065892
	27149  -  MemoryUsage of job (MB)
	27800148  -  ResidentSetSize of job (KB)
...
006 (9457141.000.000) 03/26 18:17:09 Image size of job updated: 55696676
	27149  -  MemoryUsage of job (MB)
	27800148  -  ResidentSetSize of job (KB)
...
006 (9457141.000.000) 03/26 18:22:10 Image size of job updated: 56012068
	27149  -  MemoryUsage of job (MB)
	27800148  -  ResidentSetSize of job (KB)
...
006 (9457141.000.000) 03/26 18:27:11 Image size of job updated: 56358256
	27149  -  MemoryUsage of job (MB)
	27800148  -  ResidentSetSize of job (KB)
...
006 (9457141.000.000) 03/26 18:32:11 Image size of job updated: 57067888
	27149  -  MemoryUsage of job (MB)
	27800148  -  ResidentSetSize of job (KB)
...
006 (9457141.000.000) 03/26 18:37:12 Image size of job updated: 57194864
	27149  -  MemoryUsage of job (MB)
	27800148  -  ResidentSetSize of job (KB)
...
006 (9457141.000.000) 03/26 18:42:13 Image size of job updated: 57385328
	27149  -  MemoryUsage of job (MB)
	27800148  -  ResidentSetSize of job (KB)
...
006 (9457141.000.000) 03/26 18:47:13 Image size of job updated: 57515376
	27149  -  MemoryUsage of job (MB)
	27800148  -  ResidentSetSize of job (KB)
...
006 (9457141.000.000) 03/26 18:52:14 Image size of job updated: 57646448
	27149  -  MemoryUsage of job (MB)
	27800148  -  ResidentSetSize of job (KB)
...
006 (9457141.000.000) 03/26 19:02:15 Image size of job updated: 57881560
	27149  -  MemoryUsage of job (MB)
	27800148  -  ResidentSetSize of job (KB)
...
006 (9457141.000.000) 03/26 19:07:15 Image size of job updated: 58353388
	27149  -  MemoryUsage of job (MB)
	27800148  -  ResidentSetSize of job (KB)
...
006 (9457141.000.000) 03/26 19:12:16 Image size of job updated: 58645580
	27149  -  MemoryUsage of job (MB)
	27800148  -  ResidentSetSize of job (KB)
...
006 (9457141.000.000) 03/26 19:22:16 Image size of job updated: 59531340
	27149  -  MemoryUsage of job (MB)
	27800148  -  ResidentSetSize of job (KB)
...
006 (9457141.000.000) 03/26 19:27:17 Image size of job updated: 61413100
	27149  -  MemoryUsage of job (MB)
	27800148  -  ResidentSetSize of job (KB)
...
006 (9457141.000.000) 03/26 19:37:18 Image size of job updated: 61445868
	27149  -  MemoryUsage of job (MB)
	27800148  -  ResidentSetSize of job (KB)
...
006 (9457141.000.000) 03/26 19:42:19 Image size of job updated: 61755116
	27149  -  MemoryUsage of job (MB)
	27800148  -  ResidentSetSize of job (KB)
...
006 (9457141.000.000) 03/26 19:47:20 Image size of job updated: 65089580
	27149  -  MemoryUsage of job (MB)
	27800148  -  ResidentSetSize of job (KB)
...
006 (9457141.000.000) 03/26 22:17:34 Image size of job updated: 66743564
	27149  -  MemoryUsage of job (MB)
	27800148  -  ResidentSetSize of job (KB)
...
006 (9457141.000.000) 03/26 22:22:35 Image size of job updated: 67181360
	27149  -  MemoryUsage of job (MB)
	27800148  -  ResidentSetSize of job (KB)
...
006 (9457141.000.000) 03/26 23:37:43 Image size of job updated: 67864664
	27149  -  MemoryUsage of job (MB)
	27800148  -  ResidentSetSize of job (KB)
...
006 (9457141.000.000) 03/27 00:02:47 Image size of job updated: 67929724
	27149  -  MemoryUsage of job (MB)
	27800148  -  ResidentSetSize of job (KB)
...
006 (9457141.000.000) 03/27 00:07:47 Image size of job updated: 68868380
	27149  -  MemoryUsage of job (MB)
	27800148  -  ResidentSetSize of job (KB)
...
006 (9457141.000.000) 03/27 00:57:53 Image size of job updated: 72171612
	27149  -  MemoryUsage of job (MB)
	27800148  -  ResidentSetSize of job (KB)
...
006 (9457141.000.000) 03/27 01:57:58 Image size of job updated: 73890960
	27149  -  MemoryUsage of job (MB)
	27800148  -  ResidentSetSize of job (KB)
...
006 (9457141.000.000) 03/27 02:33:02 Image size of job updated: 93806736
	36131  -  MemoryUsage of job (MB)
	36997656  -  ResidentSetSize of job (KB)
...
006 (9457141.000.000) 03/27 02:38:03 Image size of job updated: 117799240
	46334  -  MemoryUsage of job (MB)
	47445728  -  ResidentSetSize of job (KB)
...
040 (9457141.000.000) 03/27 02:44:10 Started transferring output files
...
040 (9457141.000.000) 03/27 02:44:10 Finished transferring output files
...
005 (9457141.000.000) 03/27 02:44:10 Job terminated.
	(1) Normal termination (return value 0)
		Usr 0 00:45:23, Sys 0 00:25:36  -  Run Remote Usage
		Usr 0 00:00:00, Sys 0 00:00:00  -  Run Local Usage
		Usr 0 00:45:23, Sys 0 00:25:36  -  Total Remote Usage
		Usr 0 00:00:00, Sys 0 00:00:00  -  Total Local Usage
	11755  -  Run Bytes Sent By Job
	200  -  Run Bytes Received By Job
	11755  -  Total Bytes Sent By Job
	200  -  Total Bytes Received By Job
	Partitionable Resources :    Usage  Request Allocated 
	   Cpus                 :     0.85        1         1 
	   Disk (KB)            :    32           1   1330442 
	   Memory (MB)          : 46334        2000      2000 

	Job terminated of its own accord at 2024-03-27T01:44:10Z.
...
