000 (9432622.000.000) 03/17 14:02:04 Job submitted from host: <137.138.156.150:9618?addrs=137.138.156.150-9618+[2001-1458-d00-14--9a]-9618&alias=bigbird13.cern.ch&noUDP&sock=schedd_5144_ef43>
...
040 (9432622.000.000) 03/17 14:02:42 Started transferring input files
	Transferring to host: <128.142.56.101:9618?addrs=128.142.56.101-9618&alias=b7s01p7623.cern.ch&noUDP&sock=slot1_11_6923_a133_71638>
...
040 (9432622.000.000) 03/17 14:02:42 Finished transferring input files
...
001 (9432622.000.000) 03/17 14:02:43 Job executing on host: <128.142.56.101:9618?addrs=128.142.56.101-9618&alias=b7s01p7623.cern.ch&noUDP&sock=startd_6859_482f>
...
006 (9432622.000.000) 03/17 14:02:52 Image size of job updated: 111980
	44  -  MemoryUsage of job (MB)
	44164  -  ResidentSetSize of job (KB)
...
006 (9432622.000.000) 03/17 14:07:53 Image size of job updated: 1199268
	218  -  MemoryUsage of job (MB)
	222316  -  ResidentSetSize of job (KB)
...
006 (9432622.000.000) 03/17 14:12:53 Image size of job updated: 1199780
	218  -  MemoryUsage of job (MB)
	222816  -  ResidentSetSize of job (KB)
...
006 (9432622.000.000) 03/17 14:17:53 Image size of job updated: 1200548
	219  -  MemoryUsage of job (MB)
	223440  -  ResidentSetSize of job (KB)
...
006 (9432622.000.000) 03/17 14:22:54 Image size of job updated: 1201316
	219  -  MemoryUsage of job (MB)
	224124  -  ResidentSetSize of job (KB)
...
006 (9432622.000.000) 03/17 14:26:47 Image size of job updated: 2139788
	219  -  MemoryUsage of job (MB)
	224124  -  ResidentSetSize of job (KB)
...
040 (9432622.000.000) 03/17 14:26:47 Started transferring output files
...
040 (9432622.000.000) 03/17 14:26:47 Finished transferring output files
...
005 (9432622.000.000) 03/17 14:26:47 Job terminated.
	(1) Normal termination (return value 0)
		Usr 0 00:01:14, Sys 0 00:00:05  -  Run Remote Usage
		Usr 0 00:00:00, Sys 0 00:00:00  -  Run Local Usage
		Usr 0 00:01:14, Sys 0 00:00:05  -  Total Remote Usage
		Usr 0 00:00:00, Sys 0 00:00:00  -  Total Local Usage
	22116  -  Run Bytes Sent By Job
	228  -  Run Bytes Received By Job
	22116  -  Total Bytes Sent By Job
	228  -  Total Bytes Received By Job
	Partitionable Resources :    Usage  Request Allocated 
	   Cpus                 :     0.01        1         1 
	   Disk (KB)            :   367           1   1247792 
	   Memory (MB)          :   219        2000      2000 

	Job terminated of its own accord at 2024-03-17T13:26:47Z.
...
