000 (9432607.000.000) 03/17 14:00:35 Job submitted from host: <137.138.156.150:9618?addrs=137.138.156.150-9618+[2001-1458-d00-14--9a]-9618&alias=bigbird13.cern.ch&noUDP&sock=schedd_5144_ef43>
...
040 (9432607.000.000) 03/17 14:02:37 Started transferring input files
	Transferring to host: <128.142.58.122:9618?addrs=128.142.58.122-9618&alias=b7s03p5500.cern.ch&noUDP&sock=slot1_11_7028_9c97_81731>
...
040 (9432607.000.000) 03/17 14:02:37 Finished transferring input files
...
001 (9432607.000.000) 03/17 14:02:38 Job executing on host: <128.142.58.122:9618?addrs=128.142.58.122-9618&alias=b7s03p5500.cern.ch&noUDP&sock=startd_6962_ee70>
...
006 (9432607.000.000) 03/17 14:02:42 Image size of job updated: 492
	0  -  MemoryUsage of job (MB)
	0  -  ResidentSetSize of job (KB)
...
040 (9432607.000.000) 03/17 14:02:42 Started transferring output files
...
040 (9432607.000.000) 03/17 14:02:42 Finished transferring output files
...
005 (9432607.000.000) 03/17 14:02:42 Job terminated.
	(1) Normal termination (return value 2)
		Usr 0 00:00:01, Sys 0 00:00:00  -  Run Remote Usage
		Usr 0 00:00:00, Sys 0 00:00:00  -  Run Local Usage
		Usr 0 00:00:01, Sys 0 00:00:00  -  Total Remote Usage
		Usr 0 00:00:00, Sys 0 00:00:00  -  Total Local Usage
	160  -  Run Bytes Sent By Job
	226  -  Run Bytes Received By Job
	160  -  Total Bytes Sent By Job
	226  -  Total Bytes Received By Job
	Partitionable Resources :    Usage  Request Allocated 
	   Cpus                 :                 1         1 
	   Disk (KB)            :       16        1   2870306 
	   Memory (MB)          :        0     2000      2000 

	Job terminated of its own accord at 2024-03-17T13:02:42Z.
...
