TFile::Init:0: RuntimeWarning: file /eos/user/t/tcritchl/xgBOOST/fullstats/withvertex/p8_ee_Zcc_ecm91/chunk_0.root probably not closed, trying to recover
TFile::Init:0: RuntimeWarning: no keys recovered, file has been made a Zombie
using mass: 10GeV, coupling 1e-2
using mass: 10GeV, coupling 1e-2p5
using mass: 10GeV, coupling 1e-3
using mass: 10GeV, coupling 1e-3p5
using mass: 10GeV, coupling 1e-4
using mass: 10GeV, coupling 1e-4p5
using mass: 10GeV, coupling 1e-5
using mass: 20GeV, coupling 1e-2
using mass: 20GeV, coupling 1e-2p5
using mass: 20GeV, coupling 1e-3
using mass: 20GeV, coupling 1e-3p5
using mass: 20GeV, coupling 1e-4
using mass: 20GeV, coupling 1e-4p5
using mass: 20GeV, coupling 1e-5
using mass: 30GeV, coupling 1e-2
using mass: 30GeV, coupling 1e-2p5
using mass: 30GeV, coupling 1e-3
using mass: 30GeV, coupling 1e-3p5
using mass: 30GeV, coupling 1e-4
using mass: 30GeV, coupling 1e-4p5
using mass: 30GeV, coupling 1e-5
file /eos/user/t/tcritchl/new_variables_HNL_test_March24/HNL_Dirac_ejj_30GeV_1e-5Ve.root does not exist, moving to next file
using mass: 40GeV, coupling 1e-2
using mass: 40GeV, coupling 1e-2p5
using mass: 40GeV, coupling 1e-3
using mass: 40GeV, coupling 1e-3p5
using mass: 40GeV, coupling 1e-4
using mass: 40GeV, coupling 1e-4p5
using mass: 40GeV, coupling 1e-5
using mass: 50GeV, coupling 1e-2
using mass: 50GeV, coupling 1e-2p5
using mass: 50GeV, coupling 1e-3
using mass: 50GeV, coupling 1e-3p5
using mass: 50GeV, coupling 1e-4
using mass: 50GeV, coupling 1e-4p5
using mass: 50GeV, coupling 1e-5
using mass: 60GeV, coupling 1e-2
using mass: 60GeV, coupling 1e-2p5
using mass: 60GeV, coupling 1e-3
using mass: 60GeV, coupling 1e-3p5
using mass: 60GeV, coupling 1e-4
using mass: 60GeV, coupling 1e-4p5
using mass: 60GeV, coupling 1e-5
using mass: 70GeV, coupling 1e-2
using mass: 70GeV, coupling 1e-2p5
using mass: 70GeV, coupling 1e-3
using mass: 70GeV, coupling 1e-3p5
using mass: 70GeV, coupling 1e-4
using mass: 70GeV, coupling 1e-4p5
using mass: 70GeV, coupling 1e-5
using mass: 80GeV, coupling 1e-2
using mass: 80GeV, coupling 1e-2p5
using mass: 80GeV, coupling 1e-3
using mass: 80GeV, coupling 1e-3p5
using mass: 80GeV, coupling 1e-4
using mass: 80GeV, coupling 1e-4p5
using mass: 80GeV, coupling 1e-5
[['/eos/user/t/tcritchl/new_variables_HNL_test_March24/HNL_Dirac_ejj_10GeV_1e-2Ve.root', 'signal_10GeV_1e-2'], ['/eos/user/t/tcritchl/new_variables_HNL_test_March24/HNL_Dirac_ejj_10GeV_1e-2p5Ve.root', 'signal_10GeV_1e-2p5'], ['/eos/user/t/tcritchl/new_variables_HNL_test_March24/HNL_Dirac_ejj_10GeV_1e-3Ve.root', 'signal_10GeV_1e-3'], ['/eos/user/t/tcritchl/new_variables_HNL_test_March24/HNL_Dirac_ejj_10GeV_1e-3p5Ve.root', 'signal_10GeV_1e-3p5'], ['/eos/user/t/tcritchl/new_variables_HNL_test_March24/HNL_Dirac_ejj_10GeV_1e-4Ve.root', 'signal_10GeV_1e-4'], ['/eos/user/t/tcritchl/new_variables_HNL_test_March24/HNL_Dirac_ejj_10GeV_1e-4p5Ve.root', 'signal_10GeV_1e-4p5'], ['/eos/user/t/tcritchl/new_variables_HNL_test_March24/HNL_Dirac_ejj_10GeV_1e-5Ve.root', 'signal_10GeV_1e-5'], ['/eos/user/t/tcritchl/new_variables_HNL_test_March24/HNL_Dirac_ejj_20GeV_1e-2Ve.root', 'signal_20GeV_1e-2'], ['/eos/user/t/tcritchl/new_variables_HNL_test_March24/HNL_Dirac_ejj_20GeV_1e-2p5Ve.root', 'signal_20GeV_1e-2p5'], ['/eos/user/t/tcritchl/new_variables_HNL_test_March24/HNL_Dirac_ejj_20GeV_1e-3Ve.root', 'signal_20GeV_1e-3'], ['/eos/user/t/tcritchl/new_variables_HNL_test_March24/HNL_Dirac_ejj_20GeV_1e-3p5Ve.root', 'signal_20GeV_1e-3p5'], ['/eos/user/t/tcritchl/new_variables_HNL_test_March24/HNL_Dirac_ejj_20GeV_1e-4Ve.root', 'signal_20GeV_1e-4'], ['/eos/user/t/tcritchl/new_variables_HNL_test_March24/HNL_Dirac_ejj_20GeV_1e-4p5Ve.root', 'signal_20GeV_1e-4p5'], ['/eos/user/t/tcritchl/new_variables_HNL_test_March24/HNL_Dirac_ejj_20GeV_1e-5Ve.root', 'signal_20GeV_1e-5'], ['/eos/user/t/tcritchl/new_variables_HNL_test_March24/HNL_Dirac_ejj_30GeV_1e-2Ve.root', 'signal_30GeV_1e-2'], ['/eos/user/t/tcritchl/new_variables_HNL_test_March24/HNL_Dirac_ejj_30GeV_1e-2p5Ve.root', 'signal_30GeV_1e-2p5'], ['/eos/user/t/tcritchl/new_variables_HNL_test_March24/HNL_Dirac_ejj_30GeV_1e-3Ve.root', 'signal_30GeV_1e-3'], ['/eos/user/t/tcritchl/new_variables_HNL_test_March24/HNL_Dirac_ejj_30GeV_1e-3p5Ve.root', 'signal_30GeV_1e-3p5'], ['/eos/user/t/tcritchl/new_variables_HNL_test_March24/HNL_Dirac_ejj_30GeV_1e-4Ve.root', 'signal_30GeV_1e-4'], ['/eos/user/t/tcritchl/new_variables_HNL_test_March24/HNL_Dirac_ejj_30GeV_1e-4p5Ve.root', 'signal_30GeV_1e-4p5'], ['/eos/user/t/tcritchl/new_variables_HNL_test_March24/HNL_Dirac_ejj_40GeV_1e-2Ve.root', 'signal_40GeV_1e-2'], ['/eos/user/t/tcritchl/new_variables_HNL_test_March24/HNL_Dirac_ejj_40GeV_1e-2p5Ve.root', 'signal_40GeV_1e-2p5'], ['/eos/user/t/tcritchl/new_variables_HNL_test_March24/HNL_Dirac_ejj_40GeV_1e-3Ve.root', 'signal_40GeV_1e-3'], ['/eos/user/t/tcritchl/new_variables_HNL_test_March24/HNL_Dirac_ejj_40GeV_1e-3p5Ve.root', 'signal_40GeV_1e-3p5'], ['/eos/user/t/tcritchl/new_variables_HNL_test_March24/HNL_Dirac_ejj_40GeV_1e-4Ve.root', 'signal_40GeV_1e-4'], ['/eos/user/t/tcritchl/new_variables_HNL_test_March24/HNL_Dirac_ejj_40GeV_1e-4p5Ve.root', 'signal_40GeV_1e-4p5'], ['/eos/user/t/tcritchl/new_variables_HNL_test_March24/HNL_Dirac_ejj_40GeV_1e-5Ve.root', 'signal_40GeV_1e-5'], ['/eos/user/t/tcritchl/new_variables_HNL_test_March24/HNL_Dirac_ejj_50GeV_1e-2Ve.root', 'signal_50GeV_1e-2'], ['/eos/user/t/tcritchl/new_variables_HNL_test_March24/HNL_Dirac_ejj_50GeV_1e-2p5Ve.root', 'signal_50GeV_1e-2p5'], ['/eos/user/t/tcritchl/new_variables_HNL_test_March24/HNL_Dirac_ejj_50GeV_1e-3Ve.root', 'signal_50GeV_1e-3'], ['/eos/user/t/tcritchl/new_variables_HNL_test_March24/HNL_Dirac_ejj_50GeV_1e-3p5Ve.root', 'signal_50GeV_1e-3p5'], ['/eos/user/t/tcritchl/new_variables_HNL_test_March24/HNL_Dirac_ejj_50GeV_1e-4Ve.root', 'signal_50GeV_1e-4'], ['/eos/user/t/tcritchl/new_variables_HNL_test_March24/HNL_Dirac_ejj_50GeV_1e-4p5Ve.root', 'signal_50GeV_1e-4p5'], ['/eos/user/t/tcritchl/new_variables_HNL_test_March24/HNL_Dirac_ejj_50GeV_1e-5Ve.root', 'signal_50GeV_1e-5'], ['/eos/user/t/tcritchl/new_variables_HNL_test_March24/HNL_Dirac_ejj_60GeV_1e-2Ve.root', 'signal_60GeV_1e-2'], ['/eos/user/t/tcritchl/new_variables_HNL_test_March24/HNL_Dirac_ejj_60GeV_1e-2p5Ve.root', 'signal_60GeV_1e-2p5'], ['/eos/user/t/tcritchl/new_variables_HNL_test_March24/HNL_Dirac_ejj_60GeV_1e-3Ve.root', 'signal_60GeV_1e-3'], ['/eos/user/t/tcritchl/new_variables_HNL_test_March24/HNL_Dirac_ejj_60GeV_1e-3p5Ve.root', 'signal_60GeV_1e-3p5'], ['/eos/user/t/tcritchl/new_variables_HNL_test_March24/HNL_Dirac_ejj_60GeV_1e-4Ve.root', 'signal_60GeV_1e-4'], ['/eos/user/t/tcritchl/new_variables_HNL_test_March24/HNL_Dirac_ejj_60GeV_1e-4p5Ve.root', 'signal_60GeV_1e-4p5'], ['/eos/user/t/tcritchl/new_variables_HNL_test_March24/HNL_Dirac_ejj_60GeV_1e-5Ve.root', 'signal_60GeV_1e-5'], ['/eos/user/t/tcritchl/new_variables_HNL_test_March24/HNL_Dirac_ejj_70GeV_1e-2Ve.root', 'signal_70GeV_1e-2'], ['/eos/user/t/tcritchl/new_variables_HNL_test_March24/HNL_Dirac_ejj_70GeV_1e-2p5Ve.root', 'signal_70GeV_1e-2p5'], ['/eos/user/t/tcritchl/new_variables_HNL_test_March24/HNL_Dirac_ejj_70GeV_1e-3Ve.root', 'signal_70GeV_1e-3'], ['/eos/user/t/tcritchl/new_variables_HNL_test_March24/HNL_Dirac_ejj_70GeV_1e-3p5Ve.root', 'signal_70GeV_1e-3p5'], ['/eos/user/t/tcritchl/new_variables_HNL_test_March24/HNL_Dirac_ejj_70GeV_1e-4Ve.root', 'signal_70GeV_1e-4'], ['/eos/user/t/tcritchl/new_variables_HNL_test_March24/HNL_Dirac_ejj_70GeV_1e-4p5Ve.root', 'signal_70GeV_1e-4p5'], ['/eos/user/t/tcritchl/new_variables_HNL_test_March24/HNL_Dirac_ejj_70GeV_1e-5Ve.root', 'signal_70GeV_1e-5'], ['/eos/user/t/tcritchl/new_variables_HNL_test_March24/HNL_Dirac_ejj_80GeV_1e-2Ve.root', 'signal_80GeV_1e-2'], ['/eos/user/t/tcritchl/new_variables_HNL_test_March24/HNL_Dirac_ejj_80GeV_1e-2p5Ve.root', 'signal_80GeV_1e-2p5'], ['/eos/user/t/tcritchl/new_variables_HNL_test_March24/HNL_Dirac_ejj_80GeV_1e-3Ve.root', 'signal_80GeV_1e-3'], ['/eos/user/t/tcritchl/new_variables_HNL_test_March24/HNL_Dirac_ejj_80GeV_1e-3p5Ve.root', 'signal_80GeV_1e-3p5'], ['/eos/user/t/tcritchl/new_variables_HNL_test_March24/HNL_Dirac_ejj_80GeV_1e-4Ve.root', 'signal_80GeV_1e-4'], ['/eos/user/t/tcritchl/new_variables_HNL_test_March24/HNL_Dirac_ejj_80GeV_1e-4p5Ve.root', 'signal_80GeV_1e-4p5'], ['/eos/user/t/tcritchl/new_variables_HNL_test_March24/HNL_Dirac_ejj_80GeV_1e-5Ve.root', 'signal_80GeV_1e-5']]
TFile::Init:0: RuntimeWarning: file /eos/user/t/tcritchl/xgBOOST/fullstats/withvertex/p8_ee_Zcc_ecm91/chunk_10.root probably not closed, trying to recover
TFile::Init:0: RuntimeWarning: no keys recovered, file has been made a Zombie
TFile::Init:0: RuntimeWarning: file /eos/user/t/tcritchl/xgBOOST/fullstats/withvertex/p8_ee_Zcc_ecm91/chunk_12.root probably not closed, trying to recover
TFile::Init:0: RuntimeWarning: no keys recovered, file has been made a Zombie
TFile::Init:0: RuntimeWarning: file /eos/user/t/tcritchl/xgBOOST/fullstats/withvertex/p8_ee_Zcc_ecm91/chunk_14.root probably not closed, trying to recover
TFile::Init:0: RuntimeWarning: no keys recovered, file has been made a Zombie
TFile::Init:0: RuntimeWarning: file /eos/user/t/tcritchl/xgBOOST/fullstats/withvertex/p8_ee_Zcc_ecm91/chunk_16.root probably not closed, trying to recover
TFile::Init:0: RuntimeWarning: no keys recovered, file has been made a Zombie
TFile::Init:0: RuntimeWarning: file /eos/user/t/tcritchl/xgBOOST/fullstats/withvertex/p8_ee_Zcc_ecm91/chunk_3921.root probably not closed, trying to recover
TFile::Init:0: RuntimeWarning: no keys recovered, file has been made a Zombie
TFile::Init:0: RuntimeWarning: file /eos/user/t/tcritchl/xgBOOST/fullstats/withvertex/p8_ee_Zcc_ecm91/chunk_5.root probably not closed, trying to recover
TFile::Init:0: RuntimeWarning: no keys recovered, file has been made a Zombie
TFile::Init:0: RuntimeWarning: file /eos/user/t/tcritchl/xgBOOST/fullstats/withvertex/p8_ee_Zcc_ecm91/chunk_7.root probably not closed, trying to recover
TFile::Init:0: RuntimeWarning: no keys recovered, file has been made a Zombie
TFile::Init:0: RuntimeWarning: file /eos/user/t/tcritchl/xgBOOST/fullstats/withvertex/p8_ee_Zcc_ecm91/chunk_8.root probably not closed, trying to recover
TFile::Init:0: RuntimeWarning: no keys recovered, file has been made a Zombie
Exactly one electron final state with lead electron energy E > 35 GeV: pass=14178      all=936730572  -- eff=0.00 % cumulative eff=0.00 %
Exactly one electron final state with lead electron energy E > 35 GeV: pass=6884       all=100000     -- eff=6.88 % cumulative eff=6.88 %
Exactly one electron final state with lead electron energy E > 35 GeV: pass=6879       all=100000     -- eff=6.88 % cumulative eff=6.88 %
Exactly one electron final state with lead electron energy E > 35 GeV: pass=6900       all=100000     -- eff=6.90 % cumulative eff=6.90 %
Exactly one electron final state with lead electron energy E > 35 GeV: pass=2592       all=38667      -- eff=6.70 % cumulative eff=6.70 %
Exactly one electron final state with lead electron energy E > 35 GeV: pass=3143       all=100000     -- eff=3.14 % cumulative eff=3.14 %
Exactly one electron final state with lead electron energy E > 35 GeV: pass=420        all=100000     -- eff=0.42 % cumulative eff=0.42 %
Exactly one electron final state with lead electron energy E > 35 GeV: pass=50         all=100000     -- eff=0.05 % cumulative eff=0.05 %
Exactly one electron final state with lead electron energy E > 35 GeV: pass=7647       all=100000     -- eff=7.65 % cumulative eff=7.65 %
Exactly one electron final state with lead electron energy E > 35 GeV: pass=7750       all=100000     -- eff=7.75 % cumulative eff=7.75 %
Exactly one electron final state with lead electron energy E > 35 GeV: pass=7720       all=100000     -- eff=7.72 % cumulative eff=7.72 %
Exactly one electron final state with lead electron energy E > 35 GeV: pass=7635       all=100000     -- eff=7.64 % cumulative eff=7.64 %
Exactly one electron final state with lead electron energy E > 35 GeV: pass=5793       all=76400      -- eff=7.58 % cumulative eff=7.58 %
Exactly one electron final state with lead electron energy E > 35 GeV: pass=744        all=9707       -- eff=7.66 % cumulative eff=7.66 %
Exactly one electron final state with lead electron energy E > 35 GeV: pass=1289       all=45948      -- eff=2.81 % cumulative eff=2.81 %
Exactly one electron final state with lead electron energy E > 35 GeV: pass=7861       all=100000     -- eff=7.86 % cumulative eff=7.86 %
Exactly one electron final state with lead electron energy E > 35 GeV: pass=7958       all=100000     -- eff=7.96 % cumulative eff=7.96 %
Exactly one electron final state with lead electron energy E > 35 GeV: pass=7800       all=100000     -- eff=7.80 % cumulative eff=7.80 %
Exactly one electron final state with lead electron energy E > 35 GeV: pass=7960       all=100000     -- eff=7.96 % cumulative eff=7.96 %
Exactly one electron final state with lead electron energy E > 35 GeV: pass=7872       all=100000     -- eff=7.87 % cumulative eff=7.87 %
Exactly one electron final state with lead electron energy E > 35 GeV: pass=7873       all=100000     -- eff=7.87 % cumulative eff=7.87 %
Exactly one electron final state with lead electron energy E > 35 GeV: pass=7985       all=100000     -- eff=7.99 % cumulative eff=7.99 %
Exactly one electron final state with lead electron energy E > 35 GeV: pass=7984       all=100000     -- eff=7.98 % cumulative eff=7.98 %
Error processing file /eos/user/t/tcritchl/xgBOOST/fullstats/withvertex/p8_ee_Zcc_ecm91/chunk_0.root: Failed to open file /eos/user/t/tcritchl/xgBOOST/fullstats/withvertex/p8_ee_Zcc_ecm91/chunk_0.root
Skipping problematic file /eos/user/t/tcritchl/xgBOOST/fullstats/withvertex/p8_ee_Zcc_ecm91/chunk_0.root
Error processing file /eos/user/t/tcritchl/xgBOOST/fullstats/withvertex/p8_ee_Zcc_ecm91/chunk_10.root: Failed to open file /eos/user/t/tcritchl/xgBOOST/fullstats/withvertex/p8_ee_Zcc_ecm91/chunk_10.root
Skipping problematic file /eos/user/t/tcritchl/xgBOOST/fullstats/withvertex/p8_ee_Zcc_ecm91/chunk_10.root
Error processing file /eos/user/t/tcritchl/xgBOOST/fullstats/withvertex/p8_ee_Zcc_ecm91/chunk_12.root: Failed to open file /eos/user/t/tcritchl/xgBOOST/fullstats/withvertex/p8_ee_Zcc_ecm91/chunk_12.root
Skipping problematic file /eos/user/t/tcritchl/xgBOOST/fullstats/withvertex/p8_ee_Zcc_ecm91/chunk_12.root
Error processing file /eos/user/t/tcritchl/xgBOOST/fullstats/withvertex/p8_ee_Zcc_ecm91/chunk_14.root: Failed to open file /eos/user/t/tcritchl/xgBOOST/fullstats/withvertex/p8_ee_Zcc_ecm91/chunk_14.root
Skipping problematic file /eos/user/t/tcritchl/xgBOOST/fullstats/withvertex/p8_ee_Zcc_ecm91/chunk_14.root
Error processing file /eos/user/t/tcritchl/xgBOOST/fullstats/withvertex/p8_ee_Zcc_ecm91/chunk_16.root: Failed to open file /eos/user/t/tcritchl/xgBOOST/fullstats/withvertex/p8_ee_Zcc_ecm91/chunk_16.root
Skipping problematic file /eos/user/t/tcritchl/xgBOOST/fullstats/withvertex/p8_ee_Zcc_ecm91/chunk_16.root
Error processing file /eos/user/t/tcritchl/xgBOOST/fullstats/withvertex/p8_ee_Zcc_ecm91/chunk_3921.root: Failed to open file /eos/user/t/tcritchl/xgBOOST/fullstats/withvertex/p8_ee_Zcc_ecm91/chunk_3921.root
Skipping problematic file /eos/user/t/tcritchl/xgBOOST/fullstats/withvertex/p8_ee_Zcc_ecm91/chunk_3921.root
Error processing file /eos/user/t/tcritchl/xgBOOST/fullstats/withvertex/p8_ee_Zcc_ecm91/chunk_5.root: Failed to open file /eos/user/t/tcritchl/xgBOOST/fullstats/withvertex/p8_ee_Zcc_ecm91/chunk_5.root
Skipping problematic file /eos/user/t/tcritchl/xgBOOST/fullstats/withvertex/p8_ee_Zcc_ecm91/chunk_5.root
Error processing file /eos/user/t/tcritchl/xgBOOST/fullstats/withvertex/p8_ee_Zcc_ecm91/chunk_7.root: Failed to open file /eos/user/t/tcritchl/xgBOOST/fullstats/withvertex/p8_ee_Zcc_ecm91/chunk_7.root
Skipping problematic file /eos/user/t/tcritchl/xgBOOST/fullstats/withvertex/p8_ee_Zcc_ecm91/chunk_7.root
Error processing file /eos/user/t/tcritchl/xgBOOST/fullstats/withvertex/p8_ee_Zcc_ecm91/chunk_8.root: Failed to open file /eos/user/t/tcritchl/xgBOOST/fullstats/withvertex/p8_ee_Zcc_ecm91/chunk_8.root
Skipping problematic file /eos/user/t/tcritchl/xgBOOST/fullstats/withvertex/p8_ee_Zcc_ecm91/chunk_8.root
>>> Extract the training and testing events for background_total from the bkg_placeholder_name dataset.
background loop for label background_total
generating a combined dataframe object ...
finished generating dataframe!
filtering events..
defining index....
compiling report...
>>> Extract the training and testing events for signal_10GeV_1e-2 from the /eos/user/t/tcritchl/new_variables_HNL_test_March24/HNL_Dirac_ejj_10GeV_1e-2Ve.root dataset.
filtering events..
defining index....
compiling report...
>>> Extract the training and testing events for signal_10GeV_1e-2p5 from the /eos/user/t/tcritchl/new_variables_HNL_test_March24/HNL_Dirac_ejj_10GeV_1e-2p5Ve.root dataset.
filtering events..
defining index....
compiling report...
>>> Extract the training and testing events for signal_10GeV_1e-3 from the /eos/user/t/tcritchl/new_variables_HNL_test_March24/HNL_Dirac_ejj_10GeV_1e-3Ve.root dataset.
filtering events..
defining index....
compiling report...
>>> Extract the training and testing events for signal_10GeV_1e-3p5 from the /eos/user/t/tcritchl/new_variables_HNL_test_March24/HNL_Dirac_ejj_10GeV_1e-3p5Ve.root dataset.
filtering events..
defining index....
compiling report...
>>> Extract the training and testing events for signal_10GeV_1e-4 from the /eos/user/t/tcritchl/new_variables_HNL_test_March24/HNL_Dirac_ejj_10GeV_1e-4Ve.root dataset.
filtering events..
defining index....
compiling report...
>>> Extract the training and testing events for signal_10GeV_1e-4p5 from the /eos/user/t/tcritchl/new_variables_HNL_test_March24/HNL_Dirac_ejj_10GeV_1e-4p5Ve.root dataset.
filtering events..
defining index....
compiling report...
>>> Extract the training and testing events for signal_10GeV_1e-5 from the /eos/user/t/tcritchl/new_variables_HNL_test_March24/HNL_Dirac_ejj_10GeV_1e-5Ve.root dataset.
filtering events..
defining index....
compiling report...
>>> Extract the training and testing events for signal_20GeV_1e-2 from the /eos/user/t/tcritchl/new_variables_HNL_test_March24/HNL_Dirac_ejj_20GeV_1e-2Ve.root dataset.
filtering events..
defining index....
compiling report...
>>> Extract the training and testing events for signal_20GeV_1e-2p5 from the /eos/user/t/tcritchl/new_variables_HNL_test_March24/HNL_Dirac_ejj_20GeV_1e-2p5Ve.root dataset.
filtering events..
defining index....
compiling report...
>>> Extract the training and testing events for signal_20GeV_1e-3 from the /eos/user/t/tcritchl/new_variables_HNL_test_March24/HNL_Dirac_ejj_20GeV_1e-3Ve.root dataset.
filtering events..
defining index....
compiling report...
>>> Extract the training and testing events for signal_20GeV_1e-3p5 from the /eos/user/t/tcritchl/new_variables_HNL_test_March24/HNL_Dirac_ejj_20GeV_1e-3p5Ve.root dataset.
filtering events..
defining index....
compiling report...
>>> Extract the training and testing events for signal_20GeV_1e-4 from the /eos/user/t/tcritchl/new_variables_HNL_test_March24/HNL_Dirac_ejj_20GeV_1e-4Ve.root dataset.
filtering events..
defining index....
compiling report...
>>> Extract the training and testing events for signal_20GeV_1e-4p5 from the /eos/user/t/tcritchl/new_variables_HNL_test_March24/HNL_Dirac_ejj_20GeV_1e-4p5Ve.root dataset.
filtering events..
defining index....
compiling report...
>>> Extract the training and testing events for signal_20GeV_1e-5 from the /eos/user/t/tcritchl/new_variables_HNL_test_March24/HNL_Dirac_ejj_20GeV_1e-5Ve.root dataset.
filtering events..
defining index....
compiling report...
>>> Extract the training and testing events for signal_30GeV_1e-2 from the /eos/user/t/tcritchl/new_variables_HNL_test_March24/HNL_Dirac_ejj_30GeV_1e-2Ve.root dataset.
filtering events..
defining index....
compiling report...
>>> Extract the training and testing events for signal_30GeV_1e-2p5 from the /eos/user/t/tcritchl/new_variables_HNL_test_March24/HNL_Dirac_ejj_30GeV_1e-2p5Ve.root dataset.
filtering events..
defining index....
compiling report...
>>> Extract the training and testing events for signal_30GeV_1e-3 from the /eos/user/t/tcritchl/new_variables_HNL_test_March24/HNL_Dirac_ejj_30GeV_1e-3Ve.root dataset.
filtering events..
defining index....
compiling report...
>>> Extract the training and testing events for signal_30GeV_1e-3p5 from the /eos/user/t/tcritchl/new_variables_HNL_test_March24/HNL_Dirac_ejj_30GeV_1e-3p5Ve.root dataset.
filtering events..
defining index....
compiling report...
>>> Extract the training and testing events for signal_30GeV_1e-4 from the /eos/user/t/tcritchl/new_variables_HNL_test_March24/HNL_Dirac_ejj_30GeV_1e-4Ve.root dataset.
filtering events..
defining index....
compiling report...
>>> Extract the training and testing events for signal_30GeV_1e-4p5 from the /eos/user/t/tcritchl/new_variables_HNL_test_March24/HNL_Dirac_ejj_30GeV_1e-4p5Ve.root dataset.
filtering events..
defining index....
compiling report...
>>> Extract the training and testing events for signal_40GeV_1e-2 from the /eos/user/t/tcritchl/new_variables_HNL_test_March24/HNL_Dirac_ejj_40GeV_1e-2Ve.root dataset.
filtering events..
defining index....
compiling report...
>>> Extract the training and testing events for signal_40GeV_1e-2p5 from the /eos/user/t/tcritchl/new_variables_HNL_test_March24/HNL_Dirac_ejj_40GeV_1e-2p5Ve.root dataset.
filtering events..
defining index....
compiling report...
Exactly one electron final state with lead electron energy E > 35 GeV: pass=7983       all=100000     -- eff=7.98 % cumulative eff=7.98 %
Exactly one electron final state with lead electron energy E > 35 GeV: pass=7958       all=100000     -- eff=7.96 % cumulative eff=7.96 %
Exactly one electron final state with lead electron energy E > 35 GeV: pass=7979       all=100000     -- eff=7.98 % cumulative eff=7.98 %
Exactly one electron final state with lead electron energy E > 35 GeV: pass=7984       all=100000     -- eff=7.98 % cumulative eff=7.98 %
Exactly one electron final state with lead electron energy E > 35 GeV: pass=588        all=7196       -- eff=8.17 % cumulative eff=8.17 %
Exactly one electron final state with lead electron energy E > 35 GeV: pass=7836       all=100000     -- eff=7.84 % cumulative eff=7.84 %
Exactly one electron final state with lead electron energy E > 35 GeV: pass=7914       all=100000     -- eff=7.91 % cumulative eff=7.91 %
Exactly one electron final state with lead electron energy E > 35 GeV: pass=7857       all=100000     -- eff=7.86 % cumulative eff=7.86 %
Exactly one electron final state with lead electron energy E > 35 GeV: pass=7825       all=100000     -- eff=7.82 % cumulative eff=7.82 %
Exactly one electron final state with lead electron energy E > 35 GeV: pass=7889       all=100000     -- eff=7.89 % cumulative eff=7.89 %
Exactly one electron final state with lead electron energy E > 35 GeV: pass=7847       all=100000     -- eff=7.85 % cumulative eff=7.85 %
Exactly one electron final state with lead electron energy E > 35 GeV: pass=7845       all=100000     -- eff=7.85 % cumulative eff=7.84 %
Exactly one electron final state with lead electron energy E > 35 GeV: pass=8233       all=100000     -- eff=8.23 % cumulative eff=8.23 %
Exactly one electron final state with lead electron energy E > 35 GeV: pass=8233       all=100000     -- eff=8.23 % cumulative eff=8.23 %
Exactly one electron final state with lead electron energy E > 35 GeV: pass=8232       all=100000     -- eff=8.23 % cumulative eff=8.23 %
Exactly one electron final state with lead electron energy E > 35 GeV: pass=8238       all=100000     -- eff=8.24 % cumulative eff=8.24 %
Exactly one electron final state with lead electron energy E > 35 GeV: pass=8217       all=100000     -- eff=8.22 % cumulative eff=8.22 %
Exactly one electron final state with lead electron energy E > 35 GeV: pass=8233       all=100000     -- eff=8.23 % cumulative eff=8.23 %
Exactly one electron final state with lead electron energy E > 35 GeV: pass=8220       all=100000     -- eff=8.22 % cumulative eff=8.22 %
Exactly one electron final state with lead electron energy E > 35 GeV: pass=8116       all=100000     -- eff=8.12 % cumulative eff=8.12 %
Exactly one electron final state with lead electron energy E > 35 GeV: pass=8116       all=100000     -- eff=8.12 % cumulative eff=8.12 %
Exactly one electron final state with lead electron energy E > 35 GeV: pass=8116       all=100000     -- eff=8.12 % cumulative eff=8.12 %
Exactly one electron final state with lead electron energy E > 35 GeV: pass=8115       all=100000     -- eff=8.12 % cumulative eff=8.11 %
Exactly one electron final state with lead electron energy E > 35 GeV: pass=8118       all=100000     -- eff=8.12 % cumulative eff=8.12 %
Exactly one electron final state with lead electron energy E > 35 GeV: pass=8118       all=100000     -- eff=8.12 % cumulative eff=8.12 %
Exactly one electron final state with lead electron energy E > 35 GeV: pass=8114       all=100000     -- eff=8.11 % cumulative eff=8.11 %
Exactly one electron final state with lead electron energy E > 35 GeV: pass=7174       all=100000     -- eff=7.17 % cumulative eff=7.17 %
Exactly one electron final state with lead electron energy E > 35 GeV: pass=7172       all=100000     -- eff=7.17 % cumulative eff=7.17 %
Exactly one electron final state with lead electron energy E > 35 GeV: pass=7174       all=100000     -- eff=7.17 % cumulative eff=7.17 %
Exactly one electron final state with lead electron energy E > 35 GeV: pass=7170       all=100000     -- eff=7.17 % cumulative eff=7.17 %
Exactly one electron final state with lead electron energy E > 35 GeV: pass=7172       all=100000     -- eff=7.17 % cumulative eff=7.17 %
Exactly one electron final state with lead electron energy E > 35 GeV: pass=7199       all=100000     -- eff=7.20 % cumulative eff=7.20 %
Exactly one electron final state with lead electron energy E > 35 GeV: pass=7192       all=100000     -- eff=7.19 % cumulative eff=7.19 %
>>> Extract the training and testing events for signal_40GeV_1e-3 from the /eos/user/t/tcritchl/new_variables_HNL_test_March24/HNL_Dirac_ejj_40GeV_1e-3Ve.root dataset.
filtering events..
defining index....
compiling report...
>>> Extract the training and testing events for signal_40GeV_1e-3p5 from the /eos/user/t/tcritchl/new_variables_HNL_test_March24/HNL_Dirac_ejj_40GeV_1e-3p5Ve.root dataset.
filtering events..
defining index....
compiling report...
>>> Extract the training and testing events for signal_40GeV_1e-4 from the /eos/user/t/tcritchl/new_variables_HNL_test_March24/HNL_Dirac_ejj_40GeV_1e-4Ve.root dataset.
filtering events..
defining index....
compiling report...
>>> Extract the training and testing events for signal_40GeV_1e-4p5 from the /eos/user/t/tcritchl/new_variables_HNL_test_March24/HNL_Dirac_ejj_40GeV_1e-4p5Ve.root dataset.
filtering events..
defining index....
compiling report...
>>> Extract the training and testing events for signal_40GeV_1e-5 from the /eos/user/t/tcritchl/new_variables_HNL_test_March24/HNL_Dirac_ejj_40GeV_1e-5Ve.root dataset.
filtering events..
defining index....
compiling report...
>>> Extract the training and testing events for signal_50GeV_1e-2 from the /eos/user/t/tcritchl/new_variables_HNL_test_March24/HNL_Dirac_ejj_50GeV_1e-2Ve.root dataset.
filtering events..
defining index....
compiling report...
>>> Extract the training and testing events for signal_50GeV_1e-2p5 from the /eos/user/t/tcritchl/new_variables_HNL_test_March24/HNL_Dirac_ejj_50GeV_1e-2p5Ve.root dataset.
filtering events..
defining index....
compiling report...
>>> Extract the training and testing events for signal_50GeV_1e-3 from the /eos/user/t/tcritchl/new_variables_HNL_test_March24/HNL_Dirac_ejj_50GeV_1e-3Ve.root dataset.
filtering events..
defining index....
compiling report...
>>> Extract the training and testing events for signal_50GeV_1e-3p5 from the /eos/user/t/tcritchl/new_variables_HNL_test_March24/HNL_Dirac_ejj_50GeV_1e-3p5Ve.root dataset.
filtering events..
defining index....
compiling report...
>>> Extract the training and testing events for signal_50GeV_1e-4 from the /eos/user/t/tcritchl/new_variables_HNL_test_March24/HNL_Dirac_ejj_50GeV_1e-4Ve.root dataset.
filtering events..
defining index....
compiling report...
>>> Extract the training and testing events for signal_50GeV_1e-4p5 from the /eos/user/t/tcritchl/new_variables_HNL_test_March24/HNL_Dirac_ejj_50GeV_1e-4p5Ve.root dataset.
filtering events..
defining index....
compiling report...
>>> Extract the training and testing events for signal_50GeV_1e-5 from the /eos/user/t/tcritchl/new_variables_HNL_test_March24/HNL_Dirac_ejj_50GeV_1e-5Ve.root dataset.
filtering events..
defining index....
compiling report...
>>> Extract the training and testing events for signal_60GeV_1e-2 from the /eos/user/t/tcritchl/new_variables_HNL_test_March24/HNL_Dirac_ejj_60GeV_1e-2Ve.root dataset.
filtering events..
defining index....
compiling report...
>>> Extract the training and testing events for signal_60GeV_1e-2p5 from the /eos/user/t/tcritchl/new_variables_HNL_test_March24/HNL_Dirac_ejj_60GeV_1e-2p5Ve.root dataset.
filtering events..
defining index....
compiling report...
>>> Extract the training and testing events for signal_60GeV_1e-3 from the /eos/user/t/tcritchl/new_variables_HNL_test_March24/HNL_Dirac_ejj_60GeV_1e-3Ve.root dataset.
filtering events..
defining index....
compiling report...
>>> Extract the training and testing events for signal_60GeV_1e-3p5 from the /eos/user/t/tcritchl/new_variables_HNL_test_March24/HNL_Dirac_ejj_60GeV_1e-3p5Ve.root dataset.
filtering events..
defining index....
compiling report...
>>> Extract the training and testing events for signal_60GeV_1e-4 from the /eos/user/t/tcritchl/new_variables_HNL_test_March24/HNL_Dirac_ejj_60GeV_1e-4Ve.root dataset.
filtering events..
defining index....
compiling report...
>>> Extract the training and testing events for signal_60GeV_1e-4p5 from the /eos/user/t/tcritchl/new_variables_HNL_test_March24/HNL_Dirac_ejj_60GeV_1e-4p5Ve.root dataset.
filtering events..
defining index....
compiling report...
>>> Extract the training and testing events for signal_60GeV_1e-5 from the /eos/user/t/tcritchl/new_variables_HNL_test_March24/HNL_Dirac_ejj_60GeV_1e-5Ve.root dataset.
filtering events..
defining index....
compiling report...
>>> Extract the training and testing events for signal_70GeV_1e-2 from the /eos/user/t/tcritchl/new_variables_HNL_test_March24/HNL_Dirac_ejj_70GeV_1e-2Ve.root dataset.
filtering events..
defining index....
compiling report...
>>> Extract the training and testing events for signal_70GeV_1e-2p5 from the /eos/user/t/tcritchl/new_variables_HNL_test_March24/HNL_Dirac_ejj_70GeV_1e-2p5Ve.root dataset.
filtering events..
defining index....
compiling report...
>>> Extract the training and testing events for signal_70GeV_1e-3 from the /eos/user/t/tcritchl/new_variables_HNL_test_March24/HNL_Dirac_ejj_70GeV_1e-3Ve.root dataset.
filtering events..
defining index....
compiling report...
>>> Extract the training and testing events for signal_70GeV_1e-3p5 from the /eos/user/t/tcritchl/new_variables_HNL_test_March24/HNL_Dirac_ejj_70GeV_1e-3p5Ve.root dataset.
filtering events..
defining index....
compiling report...
>>> Extract the training and testing events for signal_70GeV_1e-4 from the /eos/user/t/tcritchl/new_variables_HNL_test_March24/HNL_Dirac_ejj_70GeV_1e-4Ve.root dataset.
filtering events..
defining index....
compiling report...
>>> Extract the training and testing events for signal_70GeV_1e-4p5 from the /eos/user/t/tcritchl/new_variables_HNL_test_March24/HNL_Dirac_ejj_70GeV_1e-4p5Ve.root dataset.
filtering events..
defining index....
compiling report...
>>> Extract the training and testing events for signal_70GeV_1e-5 from the /eos/user/t/tcritchl/new_variables_HNL_test_March24/HNL_Dirac_ejj_70GeV_1e-5Ve.root dataset.
filtering events..
defining index....
compiling report...
>>> Extract the training and testing events for signal_80GeV_1e-2 from the /eos/user/t/tcritchl/new_variables_HNL_test_March24/HNL_Dirac_ejj_80GeV_1e-2Ve.root dataset.
filtering events..
defining index....
compiling report...
>>> Extract the training and testing events for signal_80GeV_1e-2p5 from the /eos/user/t/tcritchl/new_variables_HNL_test_March24/HNL_Dirac_ejj_80GeV_1e-2p5Ve.root dataset.
filtering events..
defining index....
compiling report...
>>> Extract the training and testing events for signal_80GeV_1e-3 from the /eos/user/t/tcritchl/new_variables_HNL_test_March24/HNL_Dirac_ejj_80GeV_1e-3Ve.root dataset.
filtering events..
defining index....
compiling report...
>>> Extract the training and testing events for signal_80GeV_1e-3p5 from the /eos/user/t/tcritchl/new_variables_HNL_test_March24/HNL_Dirac_ejj_80GeV_1e-3p5Ve.root dataset.
filtering events..
defining index....
compiling report...
>>> Extract the training and testing events for signal_80GeV_1e-4 from the /eos/user/t/tcritchl/new_variables_HNL_test_March24/HNL_Dirac_ejj_80GeV_1e-4Ve.root dataset.
filtering events..
defining index....
compiling report...
>>> Extract the training and testing events for signal_80GeV_1e-4p5 from the /eos/user/t/tcritchl/new_variables_HNL_test_March24/HNL_Dirac_ejj_80GeV_1e-4p5Ve.root dataset.
filtering events..
defining index....
compiling report...
>>> Extract the training and testing events for signal_80GeV_1e-5 from the /eos/user/t/tcritchl/new_variables_HNL_test_March24/HNL_Dirac_ejj_80GeV_1e-5Ve.root dataset.
filtering events..
defining index....
compiling report...
PrimaryTracks: ROOT::VecOps::RVec<edm4hep::TrackState>
PrimaryTracks.D0: ROOT::VecOps::RVec<Float_t>
PrimaryTracks.Z0: ROOT::VecOps::RVec<Float_t>
Traceback (most recent call last):
  File "/afs/cern.ch/work/t/tcritchl/FCCAnalyses_local/xgboost/new_variables_training/DataPreparation_macro.py", line 226, in <module>
    column_type = df.GetColumnType(column_name)
cppyy.gbl.std.runtime_error: string ROOT::RDF::RInterfaceBase::GetColumnType(basic_string_view<char,char_traits<char> > column) =>
    runtime_error: TTree leaf PrimaryTracks.covMatrix[21] has both a leaf count and a static length. This is not supported.
